  1        1   (0)      1 :  0.0532 0.0155 0.9313 
  2        2   (0)      1 :  0.0000 0.0000 1.0000 
  3        3   (0)      1 :  0.0000 0.0000 1.0000 
  4        4   (0)      1 :  0.0686 0.0000 0.9314 
  5        5   (0)      1 :  0.0643 0.0111 0.9247 
  6        6   (0)      1 :  0.0482 0.0164 0.9354 
  7        7   (0)      1 :  0.0000 0.0000 1.0000 
  8        8   (0)      1 :  0.0000 0.0000 1.0000 
  9        9   (0)      1 :  0.0315 0.0297 0.9388 
 10       10   (0)      1 :  0.0000 0.0000 1.0000 
 11       11   (0)      1 :  0.0513 0.0000 0.9487 
 12       12   (0)      1 :  0.0154 0.0243 0.9603 
 13       13   (0)      1 :  0.0462 0.0125 0.9412 
 14       14   (0)      1 :  0.0691 0.0039 0.9270 
 15       15   (0)      1 :  0.0606 0.0147 0.9247 
 16       16   (0)      1 :  0.0538 0.0188 0.9274 
 17       17   (0)      1 :  0.0612 0.0125 0.9263 
 18       18   (0)      1 :  0.0521 0.0049 0.9429 
 19       19   (0)      1 :  0.0524 0.0232 0.9244 
 20       20   (0)      1 :  0.0301 0.0126 0.9573 
 21       21   (0)      1 :  0.0603 0.0004 0.9393 
 22       22   (0)      1 :  0.0000 0.0000 1.0000 
 23       23   (0)      1 :  0.0632 0.0000 0.9368 
 24       24   (0)      1 :  0.0529 0.0006 0.9464 
 25       25   (0)      1 :  0.0573 0.0000 0.9427 
 26       26   (0)      1 :  0.0483 0.0040 0.9476 
 27       27   (0)      1 :  0.1064 0.8574 0.0362 
 28       28   (0)      1 :  0.1222 0.8292 0.0486 
 29       29   (0)      1 :  0.0708 0.0000 0.9292 
 30       30   (0)      1 :  0.0572 0.0149 0.9279 
 31       31   (0)      1 :  0.0545 0.0000 0.9455 
 32       32   (0)      1 :  0.0000 0.0000 1.0000 
 33       33   (0)      1 :  0.0209 0.3685 0.6106 
 34       34   (0)      1 :  0.0392 0.0093 0.9515 
 35       35   (0)      1 :  1.0000 0.0000 0.0000 
 36       36   (0)      1 :  1.0000 0.0000 0.0000 
 37       37   (0)      1 :  1.0000 0.0000 0.0000 
 38       38   (0)      1 :  0.1228 0.8170 0.0602 
 39       39   (0)      1 :  0.1156 0.8444 0.0400 
 40       40   (0)      1 :  0.0505 0.0176 0.9319 
 41       41   (0)      1 :  0.0000 0.0000 1.0000 
 42       42   (0)      1 :  0.1133 0.8445 0.0422 
 43       43   (0)      1 :  0.0671 0.0145 0.9184 
 44       44   (0)      1 :  0.0000 0.0000 1.0000 
 45       45   (0)      1 :  0.1212 0.8232 0.0556 
 46       46   (0)      1 :  0.0505 0.0343 0.9152 
 47       47   (0)      1 :  0.1021 0.8610 0.0369 
 48       48   (0)      1 :  0.0000 0.0000 1.0000 
 49       49   (0)      1 :  0.0000 0.0000 1.0000 
 50       50   (0)      1 :  0.1452 0.8089 0.0459 
 51       51   (0)      1 :  0.1234 0.8393 0.0373 
 52       52   (0)      1 :  0.0000 0.0000 1.0000 
 53       53   (0)      1 :  0.0000 0.0000 1.0000 
 54       54   (0)      1 :  0.0000 0.0000 1.0000 
 55       55   (0)      1 :  0.1174 0.8367 0.0459 
 56       56   (0)      2 :  0.0630 0.0060 0.9310 
 57       57   (0)      2 :  0.0778 0.0188 0.9034 
 58       58   (0)      2 :  0.0553 0.0000 0.9447 
 59       59   (0)      2 :  0.0403 0.0141 0.9456 
 60       60   (0)      2 :  0.0000 0.0000 1.0000 
 61       61   (0)      2 :  0.0600 0.0206 0.9195 
 62       62   (0)      2 :  1.0000 0.0000 0.0000 
 63       63   (0)      2 :  0.0671 0.0000 0.9329 
 64       64   (0)      2 :  1.0000 0.0000 0.0000 
 65       65   (0)      2 :  0.0499 0.0007 0.9494 
 66       66   (0)      2 :  1.0000 0.0000 0.0000 
 67       67   (0)      2 :  0.0651 0.0131 0.9218 
 68       68   (0)      2 :  0.0614 0.0088 0.9297 
 69       69   (0)      2 :  0.0002 0.0000 0.9998 
 70       70   (0)      2 :  0.0467 0.0152 0.9381 
 71       71   (0)      2 :  1.0000 0.0000 0.0000 
 72       72   (0)      2 :  1.0000 0.0000 0.0000 
 73       73   (0)      2 :  0.0441 0.0230 0.9329 
 74       74   (0)      2 :  0.0053 0.0000 0.9947 
 75       75   (0)      2 :  0.1127 0.8380 0.0493 
 76       76   (0)      2 :  0.0003 0.0000 0.9997 
 77       77   (0)      2 :  0.0574 0.0138 0.9288 
 78       78   (0)      2 :  1.0000 0.0000 0.0000 
 79       79   (0)      2 :  0.1247 0.8338 0.0415 
 80       80   (0)      2 :  1.0000 0.0000 0.0000 
 81       81   (0)      2 :  0.0694 0.0227 0.9079 
 82       82   (0)      2 :  0.0100 0.0000 0.9900 
 83       83   (0)      2 :  0.0000 0.0000 1.0000 
 84       84   (0)      2 :  0.0287 0.0000 0.9713 
 85       85   (0)      2 :  0.0580 0.0080 0.9340 
 86       86   (0)      2 :  0.0432 0.0000 0.9568 
 87       87   (0)      2 :  0.0613 0.0000 0.9387 
 88       88   (0)      2 :  0.0485 0.0124 0.9390 
 89       89   (0)      2 :  0.0593 0.0107 0.9300 
 90       90   (0)      2 :  0.0633 0.0087 0.9280 
 91       91   (0)      2 :  0.0505 0.0000 0.9495 
 92       92   (0)      2 :  0.0498 0.0048 0.9454 
 93       93   (0)      2 :  0.0000 0.0000 1.0000 
 94       94   (0)      2 :  0.0050 0.0000 0.9950 
 95       95   (0)      2 :  1.0000 0.0000 0.0000 
 96       96   (0)      2 :  0.0000 0.0000 1.0000 
 97       97   (0)      2 :  0.0000 0.0000 1.0000 
 98       98   (0)      2 :  0.0355 0.0263 0.9382 
 99       99   (0)      2 :  1.0000 0.0000 0.0000 
100      100   (0)      2 :  0.0550 0.0015 0.9435 
101      101   (0)      3 :  0.0608 0.0000 0.9392 
102      102   (0)      3 :  0.0736 0.0000 0.9264 
103      103   (0)      3 :  0.0581 0.0027 0.9392 
104      104   (0)      3 :  0.0470 0.0099 0.9431 
105      105   (0)      3 :  0.0636 0.0000 0.9364 
106      106   (0)      3 :  0.0485 0.0011 0.9504 
107      107   (0)      3 :  0.0438 0.0169 0.9393 
108      108   (0)      3 :  0.0509 0.0350 0.9141 
109      109   (0)      3 :  0.0569 0.0000 0.9431 
110      110   (0)      3 :  0.0590 0.0029 0.9382 
111      111   (0)      3 :  0.0695 0.0219 0.9086 
112      112   (0)      3 :  0.0592 0.0132 0.9276 
113      113   (0)      3 :  0.0578 0.0221 0.9201 
114      114   (0)      3 :  0.0564 0.0000 0.9436 
115      115   (0)      3 :  0.0319 0.0098 0.9582 
116      116   (0)      3 :  0.0649 0.0144 0.9208 
117      117   (0)      3 :  0.0574 0.0041 0.9385 
118      118   (0)      3 :  0.0473 0.0000 0.9527 
119      119   (0)      3 :  0.0574 0.0063 0.9363 
120      120   (0)      3 :  0.1349 0.0000 0.8651 
121      121   (0)      3 :  0.0511 0.0000 0.9489 
122      122   (0)      3 :  0.0510 0.0175 0.9315 
123      123   (0)      3 :  0.0460 0.0045 0.9495 
124      124   (0)      3 :  0.0570 0.0000 0.9430 
125      125   (0)      3 :  0.0750 0.0000 0.9250 
126      126   (0)      3 :  0.0699 0.0017 0.9284 
127      127   (0)      3 :  0.0552 0.0006 0.9442 
128      128   (0)      3 :  0.0363 0.0226 0.9411 
129      129   (0)      3 :  0.0403 0.0015 0.9582 
130      130   (0)      3 :  0.0000 0.0000 1.0000 
131      131   (0)      3 :  0.0088 0.0000 0.9912 
132      132   (0)      3 :  1.0000 0.0000 0.0000 
133      133   (0)      3 :  0.1331 0.8430 0.0239 
134      134   (0)      3 :  0.0077 0.0240 0.9684 
135      135   (0)      3 :  0.0865 0.0000 0.9135 
136      136   (0)      3 :  0.0369 0.0000 0.9631 
137      137   (0)      3 :  0.0018 0.0000 0.9982 
138      138   (0)      3 :  0.0422 0.0141 0.9437 
139      139   (0)      3 :  0.0439 0.0230 0.9331 
140      140   (0)      3 :  0.0537 0.0000 0.9463 
141      141   (0)      3 :  1.0000 0.0000 0.0000 
142      142   (0)      3 :  1.0000 0.0000 0.0000 
143      143   (0)      3 :  1.0000 0.0000 0.0000 
144      144   (0)      3 :  1.0000 0.0000 0.0000 
145      145   (0)      3 :  1.0000 0.0000 0.0000 
146      146   (0)      3 :  0.0000 0.0000 1.0000 
147      147   (0)      3 :  0.0658 0.0080 0.9262 
148      148   (0)      3 :  1.0000 0.0000 0.0000 
149      149   (0)      3 :  1.0000 0.0000 0.0000 
150      150   (0)      3 :  0.1758 0.8006 0.0235 
151      151   (0)      3 :  0.1226 0.8417 0.0356 
152      152   (0)      3 :  0.0289 0.0245 0.9465 
153      153   (0)      3 :  1.0000 0.0000 0.0000 
154      154   (0)      3 :  0.0690 0.0000 0.9310 
155      155   (0)      3 :  0.0631 0.0001 0.9368 
156      156   (0)      3 :  0.0007 0.0000 0.9993 
157      157   (0)      3 :  0.0349 0.0147 0.9504 
158      158   (0)      3 :  0.0000 0.0000 1.0000 
159      159   (0)      3 :  0.0415 0.0189 0.9396 
160      160   (0)      3 :  0.0000 0.0000 1.0000 
161      161   (0)      4 :  0.0449 0.0102 0.9449 
162      162   (0)      4 :  0.0589 0.0040 0.9371 
163      163   (0)      4 :  1.0000 0.0000 0.0000 
164      164   (0)      4 :  0.0000 0.0000 1.0000 
165      165   (0)      4 :  1.0000 0.0000 0.0000 
166      166   (0)      4 :  1.0000 0.0000 0.0000 
167      167   (0)      4 :  0.0530 0.0000 0.9470 
168      168   (0)      4 :  0.0586 0.0000 0.9414 
169      169   (0)      4 :  0.0536 0.0178 0.9287 
170      170   (0)      4 :  0.0420 0.0152 0.9427 
171      171   (0)      4 :  0.0296 0.0232 0.9472 
172      172   (0)      4 :  0.0373 0.0115 0.9511 
173      173   (0)      4 :  0.0395 0.0000 0.9605 
174      174   (0)      4 :  0.0003 0.0000 0.9997 
175      175   (0)      4 :  0.0507 0.0128 0.9365 
176      176   (0)      4 :  1.0000 0.0000 0.0000 
177      177   (0)      4 :  0.0514 0.0001 0.9485 
178      178   (0)      4 :  1.0000 0.0000 0.0000 
179      179   (0)      4 :  1.0000 0.0000 0.0000 
180      180   (0)      4 :  0.0671 0.0097 0.9232 
181      181   (0)      4 :  0.0503 0.0026 0.9472 
182      182   (0)      4 :  0.0342 0.0000 0.9658 
183      183   (0)      4 :  0.0000 0.0000 1.0000 
184      184   (0)      4 :  0.0000 0.0000 1.0000 
185      185   (0)      4 :  1.0000 0.0000 0.0000 
186      186   (0)      4 :  0.0583 0.0000 0.9417 
187      187   (0)      4 :  0.0454 0.0001 0.9545 
188      188   (0)      4 :  1.0000 0.0000 0.0000 
189      189   (0)      4 :  0.0451 0.0098 0.9452 
190      190   (0)      4 :  0.0000 0.0000 1.0000 
191      191   (0)      4 :  0.1932 0.0574 0.7495 
192      192   (0)      4 :  0.0556 0.0111 0.9333 
193      193   (0)      4 :  0.0582 0.0079 0.9339 
194      194   (0)      4 :  0.0646 0.0126 0.9228 
195      195   (0)      4 :  0.0443 0.0121 0.9437 
196      196   (0)      4 :  0.0468 0.0166 0.9366 
197      197   (0)      4 :  0.0639 0.0000 0.9361 
198      198   (0)      4 :  0.0390 0.0222 0.9388 
199      199   (0)      4 :  0.0553 0.0148 0.9299 
200      200   (0)      4 :  0.0005 0.0000 0.9995 
201      201   (0)      4 :  0.0262 0.0337 0.9402 
202      202   (0)      4 :  0.0622 0.0116 0.9262 
203      203   (0)      4 :  0.0575 0.0054 0.9371 
204      204   (0)      4 :  0.0714 0.0084 0.9203 
205      205   (0)      4 :  0.0518 0.0089 0.9393 
206      206   (0)      4 :  0.0603 0.0155 0.9242 
207      207   (0)      4 :  0.0478 0.0000 0.9521 
208      208   (0)      4 :  0.0000 0.0000 1.0000 
209      209   (0)      4 :  0.0438 0.0199 0.9363 
210      210   (0)      4 :  0.0547 0.0248 0.9205 
211      211   (0)      4 :  0.0531 0.0071 0.9398 
212      212   (0)      4 :  0.0000 0.0000 1.0000 
213      213   (0)      4 :  0.0559 0.0246 0.9195 
214      214   (0)      4 :  0.0689 0.0199 0.9112 
215      215   (0)      4 :  0.0317 0.0000 0.9683 
216      216   (0)      4 :  0.0500 0.0000 0.9500 
217      217   (0)      4 :  1.0000 0.0000 0.0000 
218      218   (0)      4 :  0.0619 0.0005 0.9376 
219      219   (0)      4 :  0.0538 0.0003 0.9459 
220      220   (0)      5 :  0.0075 0.9925 0.0000 
221      221   (0)      5 :  0.0000 1.0000 0.0000 
222      222   (0)      6 :  0.0000 1.0000 0.0000 
223      223   (0)      6 :  0.0000 1.0000 0.0000 
224      224   (0)      6 :  0.0000 1.0000 0.0000 
225      225   (0)      6 :  0.0000 1.0000 0.0000 
226      226   (0)      6 :  0.0000 1.0000 0.0000 
227      227   (0)      6 :  0.0000 1.0000 0.0000 
228      228   (0)      6 :  0.0000 1.0000 0.0000 
229      229   (0)      6 :  0.0000 1.0000 0.0000 
230      230   (0)      6 :  0.0000 1.0000 0.0000 
231      231   (0)      6 :  0.0000 1.0000 0.0000 
232      232   (0)      6 :  0.0011 0.9989 0.0000 
233      233   (0)      6 :  0.0000 1.0000 0.0000 
234      234   (0)      6 :  0.0000 1.0000 0.0000 
235      235   (0)      6 :  0.0130 0.9870 0.0000 
236      236   (0)      6 :  0.0000 1.0000 0.0000 
237      237   (0)      6 :  0.0000 1.0000 0.0000 
238      238   (0)      6 :  0.0068 0.9932 0.0000 
239      239   (0)      6 :  0.0065 0.9935 0.0000 
240      240   (0)      6 :  0.0058 0.9942 0.0000 
241      241   (0)      6 :  0.0000 1.0000 0.0000 
242      242   (0)      6 :  0.0000 1.0000 0.0000 
243      243   (0)      6 :  0.0000 1.0000 0.0000 
244      244   (0)      6 :  0.0000 1.0000 0.0000 
245      245   (0)      6 :  0.0000 1.0000 0.0000 
246      246   (0)      6 :  0.0000 1.0000 0.0000 
247      247   (0)      6 :  0.0000 1.0000 0.0000 
248      248   (0)      6 :  0.0000 1.0000 0.0000 
249      249   (0)      7 :  0.0000 1.0000 0.0000 
250      250   (0)      7 :  0.0000 1.0000 0.0000 
251      251   (0)      7 :  0.0000 1.0000 0.0000 
252      252   (0)      7 :  0.0002 0.9998 0.0000 
253      253   (0)      7 :  0.0000 1.0000 0.0000 
254      254   (0)      7 :  0.0000 1.0000 0.0000 
255      255   (0)      7 :  0.0000 1.0000 0.0000 
256      256   (0)      7 :  0.0000 1.0000 0.0000 
257      257   (0)      7 :  0.0000 1.0000 0.0000 
258      258   (0)      7 :  0.0033 0.9967 0.0000 
259      259   (0)      7 :  0.0000 1.0000 0.0000 
260      260   (0)      7 :  0.0000 1.0000 0.0000 
261      261   (0)      7 :  0.0000 1.0000 0.0000 
262      262   (0)      7 :  0.0000 1.0000 0.0000 
263      263   (0)      7 :  0.0000 1.0000 0.0000 
264      264   (0)      7 :  0.0001 0.9999 0.0000 
265      265   (0)      7 :  0.0019 0.9981 0.0000 
266      266   (0)      7 :  0.0000 1.0000 0.0000 
267      267   (0)      7 :  0.0100 0.9900 0.0000 
268      268   (0)      7 :  0.0000 1.0000 0.0000 
269      269   (0)      7 :  0.0002 0.9998 0.0000 
270      270   (0)      7 :  0.0070 0.9930 0.0000 
271      271   (0)      7 :  0.0000 1.0000 0.0000 
272      272   (0)      7 :  0.0000 1.0000 0.0000 
273      273   (0)      7 :  0.0000 1.0000 0.0000 
274      274   (0)      7 :  0.0008 0.9992 0.0000 
275      275   (0)      7 :  0.0144 0.9856 0.0000 
276      276   (0)      7 :  0.0000 1.0000 0.0000 
277      277   (0)      7 :  0.0000 1.0000 0.0000 
278      278   (0)      7 :  0.0000 1.0000 0.0000 
279      279   (0)      8 :  0.0000 1.0000 0.0000 
280      280   (0)      8 :  0.0000 1.0000 0.0000 
281      281   (0)      8 :  0.0000 1.0000 0.0000 
282      282   (0)      8 :  0.0001 0.9999 0.0000 
283      283   (0)      8 :  0.0121 0.9879 0.0000 
284      284   (0)      8 :  0.0000 1.0000 0.0000 
285      285   (0)      8 :  0.0000 1.0000 0.0000 
286      286   (0)      8 :  0.0000 1.0000 0.0000 
287      287   (0)      8 :  0.0000 1.0000 0.0000 
288      288   (0)      8 :  0.0000 1.0000 0.0000 
289      289   (0)      8 :  0.0162 0.9838 0.0000 
290      290   (0)      5 :  0.0047 0.9953 0.0000 
291      291   (0)      5 :  0.0000 1.0000 0.0000 
292      292   (0)      5 :  0.0000 1.0000 0.0000 
293      293   (0)      5 :  0.0000 1.0000 0.0000 
294      294   (0)      5 :  0.0000 1.0000 0.0000 
295      295   (0)      5 :  0.0002 0.9998 0.0000 
296      296   (0)      5 :  0.0147 0.9853 0.0000 
297      297   (0)      5 :  0.0241 0.9759 0.0000 
298      298   (0)      5 :  0.0000 1.0000 0.0000 
299      299   (0)      5 :  0.0000 1.0000 0.0000 
300      300   (0)      5 :  0.0000 1.0000 0.0000 
301      301   (0)      5 :  0.0000 1.0000 0.0000 
302      302   (0)      5 :  0.0000 1.0000 0.0000 
303      303   (0)      5 :  0.0000 1.0000 0.0000 
304      304   (0)      5 :  0.0000 1.0000 0.0000 
305      305   (0)      5 :  0.0063 0.9937 0.0000 
306      306   (0)      5 :  0.0000 1.0000 0.0000 
307      307   (0)      5 :  0.0000 1.0000 0.0000 
308      308   (0)      5 :  0.0011 0.9989 0.0000 
309      309   (0)      5 :  0.0000 1.0000 0.0000 
310      310   (0)      5 :  0.0000 1.0000 0.0000 
311      311   (0)      5 :  0.0000 1.0000 0.0000 
312      312   (0)      5 :  0.0018 0.9982 0.0000 
313      313   (0)      5 :  0.0009 0.9991 0.0000 
314      314   (0)      5 :  0.0000 1.0000 0.0000 
315      315   (0)      5 :  0.0000 1.0000 0.0000 
316      316   (0)      5 :  0.0000 1.0000 0.0000 
317      317   (0)      5 :  0.0000 1.0000 0.0000 
318      318   (0)      8 :  0.0017 0.9983 0.0000 
319      319   (0)      8 :  0.0000 1.0000 0.0000 
320      320   (0)      9 :  0.0000 1.0000 0.0000 
321      321   (0)      9 :  0.0193 0.9807 0.0000 
322      322   (0)      9 :  0.0000 1.0000 0.0000 
323      323   (0)      9 :  0.0000 1.0000 0.0000 
324      324   (0)      9 :  0.0000 1.0000 0.0000 
325      325   (0)      8 :  0.0001 0.9999 0.0000 
326      326   (0)      8 :  0.0000 1.0000 0.0000 
327      327   (0)      8 :  0.0000 1.0000 0.0000 
328      328   (0)      8 :  0.0000 1.0000 0.0000 
329      329   (0)      8 :  0.0000 1.0000 0.0000 
330      330   (0)      9 :  0.0000 1.0000 0.0000 
331      331   (0)      9 :  0.0000 1.0000 0.0000 
332      332   (0)      9 :  0.0000 1.0000 0.0000 
333      333   (0)      9 :  0.0000 1.0000 0.0000 
334      334   (0)      9 :  0.0000 1.0000 0.0000 
335      335   (0)      9 :  0.0000 1.0000 0.0000 
336      336   (0)      8 :  0.0000 1.0000 0.0000 
337      337   (0)      8 :  0.0000 1.0000 0.0000 
338      338   (0)      8 :  0.0005 0.9995 0.0000 
339      339   (0)      8 :  0.0000 1.0000 0.0000 
340      340   (0)      8 :  0.0000 1.0000 0.0000 
341      341   (0)      8 :  0.0062 0.9938 0.0000 
342      342   (0)      8 :  0.0000 1.0000 0.0000 
343      343   (0)      9 :  0.0000 1.0000 0.0000 
344      344   (0)      9 :  0.0000 1.0000 0.0000 
345      345   (0)      9 :  0.0000 1.0000 0.0000 
346      346   (0)      9 :  0.0000 1.0000 0.0000 
347      347   (0)      9 :  0.0000 1.0000 0.0000 
348      348   (0)      9 :  0.0000 1.0000 0.0000 
349      349   (0)      9 :  0.0004 0.9919 0.0077 
350      350   (0)      9 :  0.0000 1.0000 0.0000 
351      351   (0)      9 :  0.0000 1.0000 0.0000 
352      352   (0)      9 :  0.0000 1.0000 0.0000 
353      353   (0)      9 :  0.0000 1.0000 0.0000 
354      354   (0)      9 :  0.0000 1.0000 0.0000 
355      355   (0)      9 :  0.0000 1.0000 0.0000 
356      356   (0)      9 :  0.0001 0.9999 0.0000 
357      357   (0)      9 :  0.0001 0.9999 0.0000 
358      358   (0)      9 :  0.0003 0.9997 0.0000 
359      359   (0)      9 :  0.0000 1.0000 0.0000 
360      360   (0)      9 :  0.0000 1.0000 0.0000 
361      361   (0)      9 :  0.0000 1.0000 0.0000 
362      362   (0)     10 :  0.0000 1.0000 0.0000 
363      363   (0)     10 :  0.0000 1.0000 0.0000 
364      364   (0)     10 :  0.0000 1.0000 0.0000 
365      365   (0)     10 :  0.0106 0.9894 0.0000 
366      366   (0)     10 :  0.0018 0.9982 0.0000 
367      367   (0)     10 :  0.0000 1.0000 0.0000 
368      368   (0)     10 :  0.0000 1.0000 0.0000 
369      369   (0)     10 :  0.0000 1.0000 0.0000 
370      370   (0)     10 :  0.0089 0.9911 0.0000 
371      371   (0)     10 :  0.0000 1.0000 0.0000 
372      372   (0)     10 :  0.0000 1.0000 0.0000 
373      373   (0)     10 :  0.0000 1.0000 0.0000 
374      374   (0)     10 :  0.0000 1.0000 0.0000 
375      375   (0)     10 :  0.0000 1.0000 0.0000 
376      376   (0)     10 :  0.0000 1.0000 0.0000 
377      377   (0)     10 :  0.0000 1.0000 0.0000 
378      378   (0)     10 :  0.0002 0.9973 0.0024 
379      379   (0)     10 :  0.0068 0.9932 0.0000 
380      380   (0)     10 :  0.0000 1.0000 0.0000 
381      381   (0)     10 :  0.0000 1.0000 0.0000 
382      382   (0)     10 :  0.0000 1.0000 0.0000 
383      383   (0)     10 :  0.0152 0.9848 0.0000 
384      384   (0)     10 :  0.0029 0.9971 0.0000 
385      385   (0)     10 :  0.0000 1.0000 0.0000 
386      386   (0)     10 :  0.0000 1.0000 0.0000 
387      387   (0)     10 :  0.0128 0.9872 0.0000 
388      388   (0)     10 :  0.0000 1.0000 0.0000 
389      389   (0)     10 :  0.0000 1.0000 0.0000 
390      390   (0)      8 :  0.0000 1.0000 0.0000 
391      391   (0)      8 :  0.0081 0.9919 0.0000 
392      392   (0)      8 :  0.0000 1.0000 0.0000 
393      393   (0)     11 :  0.0003 0.9997 0.0000 
394      394   (0)     11 :  0.0000 1.0000 0.0000 
395      395   (0)     11 :  0.0004 0.9738 0.0257 
396      396   (0)     11 :  0.0000 0.9529 0.0471 
397      397   (0)     11 :  0.0109 0.9891 0.0000 
398      398   (0)     11 :  0.0000 1.0000 0.0000 
399      399   (0)     11 :  0.0000 1.0000 0.0000 
400      400   (0)     11 :  0.0077 0.9923 0.0000 
401      401   (0)     11 :  0.0000 0.9845 0.0155 
402      402   (0)     11 :  0.0000 1.0000 0.0000 
403      403   (0)     11 :  0.0000 1.0000 0.0000 
404      404   (0)     11 :  0.0001 0.9999 0.0000 
405      405   (0)     11 :  0.0058 0.9813 0.0129 
406      406   (0)     11 :  0.0000 0.9998 0.0002 
407      407   (0)     11 :  0.0000 1.0000 0.0000 
408      408   (0)     11 :  0.0000 1.0000 0.0000 
409      409   (0)     11 :  0.0119 0.9792 0.0089 
410      410   (0)     11 :  0.0000 1.0000 0.0000 
411      411   (0)     11 :  0.0000 1.0000 0.0000 
412      412   (0)     11 :  0.0000 1.0000 0.0000 
413      413   (0)     11 :  0.0076 0.9924 0.0000 
414      414   (0)     11 :  0.0000 1.0000 0.0000 
415      415   (0)     11 :  0.0000 1.0000 0.0000 
416      416   (0)     11 :  0.0000 1.0000 0.0000 
417      417   (0)     11 :  0.0000 1.0000 0.0000 
418      418   (0)     11 :  0.0000 0.9831 0.0169 
419      419   (0)     11 :  0.0000 1.0000 0.0000 
420      420   (0)     11 :  0.0000 1.0000 0.0000 
421      421   (0)     11 :  0.0054 0.9946 0.0000 
422      422   (0)     11 :  0.0000 1.0000 0.0000 
423      423   (0)     12 :  0.0000 0.0000 1.0000 
424      424   (0)     12 :  0.1266 0.8259 0.0475 
425      425   (0)     12 :  0.0000 0.0000 1.0000 
426      426   (0)     12 :  0.1601 0.7715 0.0683 
427      427   (0)     12 :  0.0000 0.0000 1.0000 
428      428   (0)     12 :  0.0001 0.0164 0.9835 
429      429   (0)     12 :  0.3676 0.5809 0.0515 
430      430   (0)     12 :  0.0000 0.0000 1.0000 
431      431   (0)     12 :  0.0009 0.0000 0.9991 
432      432   (0)     12 :  0.1580 0.8140 0.0280 
433      433   (0)     12 :  0.0000 0.0000 1.0000 
434      434   (0)     12 :  0.0000 0.0000 1.0000 
435      435   (0)     12 :  0.0163 0.0036 0.9801 
436      436   (0)     12 :  0.0077 0.0000 0.9923 
437      437   (0)     12 :  0.0140 0.0102 0.9758 
438      438   (0)     12 :  0.0000 0.0000 1.0000 
439      439   (0)     12 :  0.1173 0.8428 0.0399 
440      440   (0)     12 :  0.1538 0.8110 0.0352 
441      441   (0)     12 :  0.0000 0.0000 1.0000 
442      442   (0)     12 :  0.2774 0.7045 0.0181 
443      443   (0)     12 :  0.0000 0.0000 1.0000 
444      444   (0)     12 :  0.0000 0.0000 1.0000 
445      445   (0)     12 :  0.0000 0.0000 1.0000 
446      446   (0)     12 :  0.0000 0.0000 1.0000 
447      447   (0)     12 :  0.0000 0.0000 1.0000 
448      448   (0)     12 :  0.0000 0.0000 1.0000 
449      449   (0)     12 :  0.0000 0.0000 1.0000 
450      450   (0)     12 :  0.0000 0.0000 1.0000 
451      451   (0)     12 :  0.0000 0.0023 0.9977 
452      452   (0)     12 :  0.0001 0.0000 0.9999 
453      453   (0)     13 :  0.0000 0.0000 1.0000 
454      454   (0)     13 :  0.0059 0.0000 0.9941 
455      455   (0)     13 :  0.0000 0.0000 1.0000 
456      456   (0)     13 :  0.1207 0.8454 0.0338 
457      457   (0)     13 :  0.0001 0.0001 0.9998 
458      458   (0)     13 :  0.0000 0.0000 1.0000 
459      459   (0)     13 :  0.0000 0.0000 1.0000 
460      460   (0)     13 :  0.0000 0.0000 1.0000 
461      461   (0)     13 :  0.0000 0.0000 1.0000 
462      462   (0)     13 :  0.0000 0.0000 1.0000 
463      463   (0)     13 :  0.0005 0.0000 0.9995 
464      464   (0)     13 :  0.0715 0.0009 0.9276 
465      465   (0)     13 :  0.0071 0.0000 0.9929 
466      466   (0)     13 :  0.0004 0.0000 0.9996 
467      467   (0)     13 :  0.0002 0.0000 0.9998 
468      468   (0)     13 :  0.0361 0.0258 0.9382 
469      469   (0)     13 :  0.0487 0.0188 0.9325 
470      470   (0)     13 :  0.0000 0.0000 1.0000 
471      471   (0)     13 :  0.0001 0.0233 0.9766 
472      472   (0)     13 :  0.0000 0.0000 1.0000 
473      473   (0)     13 :  0.0810 0.8128 0.1063 
474      474   (0)     13 :  0.0000 0.0000 1.0000 
475      475   (0)     13 :  0.0000 0.0000 1.0000 
476      476   (0)     13 :  0.1419 0.8167 0.0414 
477      477   (0)     13 :  0.0000 0.0012 0.9988 
478      478   (0)     13 :  0.0095 0.0000 0.9905 
479      479   (0)     13 :  0.0000 0.0000 1.0000 
480      480   (0)     13 :  0.1467 0.8032 0.0501 
481      481   (0)     13 :  0.0690 0.0089 0.9221 
482      482   (0)     13 :  0.0000 0.0000 1.0000 
483      483   (0)     14 :  0.0000 0.0000 1.0000 
484      484   (0)     14 :  0.0000 0.0000 1.0000 
485      485   (0)     15 :  0.0000 0.0000 1.0000 
486      486   (0)     15 :  0.0000 0.0000 1.0000 
487      487   (0)     15 :  0.0005 0.0000 0.9995 
488      488   (0)     15 :  0.0099 0.0000 0.9901 
489      489   (0)     15 :  0.1173 0.8428 0.0400 
490      490   (0)     15 :  0.1611 0.7923 0.0466 
491      491   (0)     15 :  0.0000 0.0000 1.0000 
492      492   (0)     15 :  0.1366 0.7888 0.0745 
493      493   (0)     15 :  0.0156 0.0000 0.9844 
494      494   (0)     15 :  0.0000 0.0000 1.0000 
495      495   (0)     15 :  0.0035 0.0000 0.9965 
496      496   (0)     15 :  0.0005 0.0000 0.9995 
497      497   (0)     15 :  0.0000 0.0000 1.0000 
498      498   (0)     15 :  0.0000 0.0000 1.0000 
499      499   (0)     15 :  0.0000 0.0000 1.0000 
500      500   (0)     15 :  0.0000 0.0000 1.0000 
501      501   (0)     15 :  0.0149 0.0000 0.9851 
502      502   (0)     15 :  0.0004 0.0000 0.9996 
503      503   (0)     15 :  0.0000 0.0000 1.0000 
504      504   (0)     15 :  0.0000 0.0000 1.0000 
505      505   (0)     15 :  0.0000 0.0000 1.0000 
506      506   (0)     15 :  0.0000 0.0000 1.0000 
507      507   (0)     15 :  0.0000 0.0000 1.0000 
508      508   (0)     15 :  0.0001 0.0000 0.9999 
509      509   (0)     15 :  0.1453 0.8050 0.0497 
510      510   (0)     15 :  0.1625 0.7977 0.0398 
511      511   (0)     15 :  0.0089 0.0229 0.9682 
512      512   (0)     15 :  0.0000 0.0000 1.0000 
513      513   (0)     15 :  0.0000 0.0000 1.0000 
514      514   (0)     15 :  0.0000 0.0000 1.0000 
515      515   (0)     16 :  0.0532 0.0000 0.9468 
516      516   (0)     16 :  0.0047 0.0000 0.9953 
517      517   (0)     16 :  0.1648 0.8128 0.0224 
518      518   (0)     16 :  0.0163 0.0007 0.9829 
519      519   (0)     16 :  0.0000 0.0000 1.0000 
520      520   (0)     16 :  0.0002 0.0000 0.9998 
521      521   (0)     16 :  0.0000 0.0000 1.0000 
522      522   (0)     16 :  0.3433 0.6042 0.0525 
523      523   (0)     16 :  0.0000 0.0000 1.0000 
524      524   (0)     16 :  0.1381 0.8174 0.0445 
525      525   (0)     16 :  0.0000 0.0000 1.0000 
526      526   (0)     16 :  0.0001 0.0000 0.9999 
527      527   (0)     16 :  0.1443 0.8150 0.0407 
528      528   (0)     16 :  0.0000 0.0000 1.0000 
529      529   (0)     16 :  0.0000 0.0000 1.0000 
530      530   (0)     16 :  0.0000 0.0000 1.0000 
531      531   (0)     16 :  0.0000 0.0000 1.0000 
532      532   (0)     16 :  0.3404 0.5902 0.0695 
533      533   (0)     16 :  0.3418 0.6169 0.0412 
534      534   (0)     16 :  0.0000 0.0000 1.0000 
535      535   (0)     16 :  0.0000 0.0000 1.0000 
536      536   (0)     16 :  0.0000 0.0000 1.0000 
537      537   (0)     16 :  0.0000 0.0000 1.0000 
538      538   (0)     16 :  0.0000 0.0000 1.0000 
539      539   (0)     16 :  0.0000 0.0000 1.0000 
540      540   (0)     16 :  0.0000 0.0000 1.0000 
541      541   (0)     16 :  1.0000 0.0000 0.0000 
542      542   (0)     16 :  0.0000 0.0000 1.0000 
543      543   (0)     16 :  0.0000 0.0000 1.0000 
544      544   (0)     16 :  0.0000 0.0000 1.0000 
