1 2e-04 
2 5e-04
3 6e-04
4 2e-04
5 4e-04
6 3e-04
7 0.0036
8 3e-04
9 4e-04
10 3e-04
11 3e-04
12 3e-04
13 4e-04
14 4e-04
15 3e-04
16 5e-04
17 2e-04
18 3e-04
19 2e-04
20 3e-04
21 2e-04
22 3e-04
23 3e-04
24 2e-04
25 4e-04
26 3e-04
27 2e-04
28 4e-04
29 4e-04
30 4e-04
31 3e-04
32 4e-04
33 7e-04
34 3e-04
35 5e-04
36 4e-04
37 4e-04
38 6e-04
39 7e-04
40 3e-04
41 3e-04
42 3e-04
43 7e-04
44 5e-04
45 4e-04
46 4e-04
47 3e-04
48 1e-04
49 3e-04
50 3e-04
51 4e-04
52 3e-04
53 5e-04
54 3e-04
55 4e-04
56 3e-04
57 3e-04
58 5e-04
59 5e-04
60 7e-04
61 4e-04
62 2e-04
63 4e-04
64 6e-04
65 2e-04
66 2e-04
67 4e-04
68 3e-04
69 3e-04
70 2e-04
71 2e-04
72 2e-04
73 3e-04
74 3e-04
75 3e-04
76 3e-04
77 4e-04
78 4e-04
79 2e-04
80 3e-04
81 3e-04
82 3e-04
83 2e-04
84 5e-04
85 3e-04
86 2e-04
87 4e-04
88 3e-04
89 5e-04
90 2e-04
91 2e-04
92 3e-04
93 4e-04
94 2e-04
95 2e-04
96 4e-04
97 3e-04
98 4e-04
99 5e-04
100 7e-04
101 2e-04
102 0.0012
103 3e-04
104 2e-04
105 2e-04
106 3e-04
107 2e-04
108 3e-04
109 5e-04
110 3e-04
111 4e-04
112 3e-04
113 3e-04
114 4e-04
115 2e-04
116 6e-04
117 7e-04
118 2e-04
119 3e-04
120 3e-04
121 2e-04
122 5e-04
123 4e-04
124 3e-04
125 4e-04
126 4e-04
127 3e-04
128 3e-04
129 3e-04
130 2e-04
131 4e-04
132 2e-04
133 4e-04
134 5e-04
135 5e-04
136 2e-04
137 2e-04
138 2e-04
139 2e-04
140 3e-04
141 2e-04
142 5e-04
143 2e-04
144 4e-04
145 4e-04
146 3e-04
147 3e-04
148 2e-04
149 3e-04
150 6e-04
151 4e-04
152 2e-04
153 2e-04
154 3e-04
155 2e-04
156 5e-04
157 3e-04
158 3e-04
159 2e-04
160 6e-04
161 2e-04
162 2e-04
163 2e-04
164 2e-04
165 2e-04
166 3e-04
167 2e-04
168 3e-04
169 3e-04
170 3e-04
171 3e-04
172 3e-04
173 2e-04
174 3e-04
175 2e-04
176 6e-04
177 2e-04
178 2e-04
179 2e-04
180 3e-04
181 2e-04
182 2e-04
183 3e-04
184 3e-04
185 2e-04
186 3e-04
187 3e-04
188 5e-04
189 3e-04
190 2e-04
191 3e-04
192 2e-04
193 5e-04
194 2e-04
195 3e-04
196 3e-04
197 2e-04
198 3e-04
199 3e-04
200 3e-04
201 3e-04
202 3e-04
203 3e-04
204 4e-04
205 2e-04
206 8e-04
207 2e-04
208 3e-04
209 2e-04
210 2e-04
211 2e-04
212 2e-04
213 3e-04
214 6e-04
215 2e-04
216 3e-04
217 5e-04
218 2e-04
219 3e-04
220 3e-04
221 3e-04
222 4e-04
223 3e-04
224 2e-04
225 2e-04
226 2e-04
227 2e-04
228 3e-04
229 2e-04
230 4e-04
231 3e-04
232 3e-04
233 2e-04
234 2e-04
235 2e-04
236 4e-04
237 2e-04
238 2e-04
239 3e-04
240 3e-04
241 2e-04
242 2e-04
243 2e-04
244 3e-04
245 3e-04
246 2e-04
247 2e-04
248 3e-04
249 3e-04
250 3e-04
251 1e-04
252 2e-04
253 1e-04
254 3e-04
255 3e-04
256 2e-04
257 0
258 2e-04
259 3e-04
260 2e-04
261 2e-04
262 2e-04
263 2e-04
264 3e-04
265 1e-04
266 2e-04
267 1e-04
268 2e-04
269 2e-04
270 4e-04
271 4e-04
272 3e-04
273 3e-04
274 2e-04
275 3e-04
276 4e-04
277 2e-04
278 1e-04
279 2e-04
280 2e-04
281 2e-04
282 3e-04
283 2e-04
284 2e-04
285 1e-04
286 2e-04
287 2e-04
288 3e-04
289 2e-04
290 2e-04
291 2e-04
292 2e-04
293 1e-04
294 4e-04
295 2e-04
296 2e-04
297 3e-04
298 2e-04
299 2e-04
300 1e-04
301 2e-04
302 3e-04
303 1e-04
304 3e-04
305 3e-04
306 3e-04
307 3e-04
308 2e-04
309 1e-04
310 1e-04
311 2e-04
312 1e-04
313 1e-04
314 2e-04
315 3e-04
316 4e-04
317 2e-04
318 2e-04
319 1e-04
320 3e-04
321 4e-04
322 2e-04
323 1e-04
324 2e-04
325 3e-04
326 1e-04
327 2e-04
328 2e-04
329 0
330 2e-04
331 2e-04
332 3e-04
333 3e-04
334 4e-04
335 1e-04
336 1e-04
337 3e-04
338 2e-04
339 3e-04
340 4e-04
341 1e-04
342 3e-04
343 4e-04
344 1e-04
345 3e-04
346 3e-04
347 3e-04
348 3e-04
349 2e-04
350 1e-04
351 2e-04
352 2e-04
353 2e-04
354 2e-04
355 2e-04
356 5e-04
357 1e-04
358 1e-04
359 1e-04
360 2e-04
361 4e-04
362 4e-04
363 3e-04
364 2e-04
365 2e-04
366 2e-04
367 1e-04
368 1e-04
369 2e-04
370 2e-04
371 2e-04
372 3e-04
373 4e-04
374 3e-04
375 3e-04
376 2e-04
377 4e-04
378 2e-04
379 2e-04
380 2e-04
381 2e-04
382 3e-04
383 2e-04
384 2e-04
385 2e-04
386 3e-04
387 3e-04
388 2e-04
389 3e-04
390 2e-04
391 1e-04
392 3e-04
393 1e-04
394 2e-04
395 2e-04
396 2e-04
397 1e-04
398 2e-04
399 1e-04
400 1e-04
401 2e-04
402 2e-04
403 2e-04
404 2e-04
405 2e-04
406 1e-04
407 1e-04
408 1e-04
409 2e-04
410 1e-04
411 3e-04
412 1e-04
413 1e-04
414 2e-04
415 1e-04
416 1e-04
417 2e-04
418 2e-04
419 2e-04
420 2e-04
421 2e-04
422 3e-04
423 2e-04
424 2e-04
425 4e-04
426 2e-04
427 2e-04
428 1e-04
429 2e-04
430 2e-04
431 3e-04
432 1e-04
433 1e-04
434 1e-04
435 1e-04
436 2e-04
437 3e-04
438 1e-04
439 2e-04
440 2e-04
441 1e-04
442 2e-04
443 2e-04
444 2e-04
445 3e-04
446 1e-04
447 2e-04
448 2e-04
449 2e-04
450 1e-04
451 2e-04
452 3e-04
453 3e-04
454 5e-04
455 3e-04
456 5e-04
457 3e-04
458 3e-04
459 4e-04
460 3e-04
461 3e-04
462 3e-04
463 4e-04
464 3e-04
465 5e-04
466 5e-04
467 3e-04
468 3e-04
469 6e-04
470 4e-04
471 3e-04
472 2e-04
473 2e-04
474 3e-04
475 3e-04
476 5e-04
477 2e-04
478 3e-04
479 3e-04
480 4e-04
481 5e-04
482 0.0015
483 0.0013
484 0.0011
485 7e-04
486 0.0015
487 0.0011
488 3e-04
489 4e-04
490 0.0014
491 0.0014
492 3e-04
493 2e-04
494 0.0014
495 0.0015
496 8e-04
497 3e-04
498 8e-04
499 6e-04
500 5e-04
501 3e-04
502 6e-04
503 9e-04
504 4e-04
505 6e-04
506 2e-04
507 0.001
508 2e-04
509 4e-04
510 2e-04
511 2e-04
512 2e-04
513 2e-04
514 3e-04
515 2e-04
516 3e-04
517 2e-04
518 3e-04
519 5e-04
520 3e-04
521 3e-04
522 2e-04
523 4e-04
524 2e-04
525 2e-04
526 2e-04
527 2e-04
528 2e-04
529 2e-04
530 2e-04
531 1e-04
532 2e-04
533 3e-04
534 2e-04
535 3e-04
536 3e-04
537 2e-04
538 8e-04
539 2e-04
