1        1   (0)      1  : 0.0000 0.0000 0.0000 0.0000 0.0000 0.0000 0.0000 0.0000 0.0000 0.0000 0.0000 0.0000 0.0000 0.0000 0.0000 0.0000 0.0000 1.0000 0.0000
2        2   (0)      1  : 0.0000 0.0000 0.0000 0.0000 0.0000 0.0000 0.0000 0.0000 0.0000 0.0000 0.0000 0.0000 0.0000 0.0000 0.0000 1.0000 0.0000 0.0000 0.0000
3        3   (0)      1  : 0.5752 0.0000 0.0000 0.4087 0.0000 0.0000 0.0000 0.0000 0.0000 0.0000 0.0000 0.0000 0.0000 0.0000 0.0000 0.0000 0.0161 0.0000 0.0000
4        4   (0)      1  : 0.0000 0.0000 0.0081 0.0000 0.0000 0.0000 0.4522 0.0000 0.0000 0.0000 0.0390 0.0000 0.0000 0.0000 0.0000 0.0000 0.0000 0.2822 0.2184
5        5   (0)      1  : 0.0000 0.0000 0.0000 0.0060 0.0000 0.0000 0.5816 0.0000 0.0000 0.0000 0.0000 0.0000 0.0000 0.0000 0.0003 0.0000 0.0000 0.0000 0.4122
6        6   (0)      1  : 0.0277 0.0000 0.0000 0.0000 0.0000 0.0000 0.2477 0.0000 0.0087 0.0000 0.0000 0.0000 0.0000 0.0000 0.5103 0.0000 0.0000 0.2057 0.0000
7        7   (0)      1  : 0.0000 0.0000 0.0000 0.7053 0.0000 0.0000 0.0000 0.0000 0.0000 0.0000 0.2947 0.0000 0.0000 0.0000 0.0000 0.0000 0.0000 0.0000 0.0000
8        8   (0)      1  : 0.0000 0.0000 0.0000 0.4351 0.0000 0.0000 0.0000 0.0000 0.0000 0.0010 0.0000 0.0000 0.0000 0.0000 0.0000 0.5639 0.0000 0.0000 0.0000
9        9   (0)      1  : 0.0000 0.0000 0.0000 0.0000 0.0000 0.0000 0.0000 0.0000 0.0000 0.0000 0.0000 0.0000 0.0000 0.0000 0.0000 0.0000 0.0000 0.4805 0.5195
10       10   (0)      1  : 0.0000 0.0000 0.0000 0.0000 0.0000 0.0000 0.0000 0.0000 0.0000 0.0000 0.0000 0.0000 0.0000 0.0000 0.0000 1.0000 0.0000 0.0000 0.0000
11       11   (0)      1  : 0.0307 0.0000 0.0000 0.0000 0.0000 0.0000 0.6280 0.0000 0.0000 0.0000 0.0000 0.0000 0.0000 0.0000 0.0000 0.0000 0.0000 0.0000 0.3413
12       12   (0)      1  : 0.0068 0.0000 0.0000 0.0000 0.0000 0.0000 0.2691 0.0000 0.0000 0.0000 0.0000 0.0000 0.0000 0.0000 0.5348 0.0000 0.0000 0.1893 0.0000
13       13   (0)      1  : 0.0000 0.0000 0.0000 0.0000 0.0000 0.0000 0.1828 0.0000 0.0000 0.0000 0.0000 0.0000 0.0000 0.0000 0.2290 0.0000 0.0043 0.4282 0.1557
14       14   (0)      1  : 0.0000 0.0000 0.0000 0.0000 0.0000 0.0000 0.0000 0.0000 0.0000 0.0000 0.0000 0.0000 0.0000 0.0000 1.0000 0.0000 0.0000 0.0000 0.0000
15       15   (0)      1  : 0.0000 0.0000 0.0000 0.0000 0.0000 0.0000 1.0000 0.0000 0.0000 0.0000 0.0000 0.0000 0.0000 0.0000 0.0000 0.0000 0.0000 0.0000 0.0000
16       16   (0)      1  : 0.0000 0.0000 0.0000 0.0756 0.0000 0.0000 0.3400 0.0000 0.0075 0.0000 0.0000 0.0000 0.0000 0.0000 0.0523 0.0000 0.0006 0.3569 0.1671
17       17   (0)      1  : 0.0000 0.0000 0.0000 0.0000 0.0000 0.0000 0.0000 0.0000 0.0000 0.0000 0.0000 0.0000 0.0000 0.0000 0.0000 0.0000 0.0000 1.0000 0.0000
18       18   (0)      1  : 0.0000 0.0000 0.0000 0.0000 0.0000 0.0000 0.0000 0.0000 0.0000 0.0000 0.0000 0.0000 0.0000 0.0000 0.0000 0.0000 0.0000 0.0000 1.0000
19       19   (0)      1  : 0.0000 0.0000 0.0000 0.0000 0.0000 0.0000 0.7177 0.0000 0.0000 0.0136 0.0000 0.0000 0.0000 0.0000 0.0000 0.0000 0.0000 0.0696 0.1992
20       20   (0)      1  : 0.0000 0.0000 0.0000 0.0000 0.0000 0.0000 0.8521 0.0000 0.0000 0.0000 0.0000 0.0000 0.0000 0.0000 0.0000 0.0000 0.0000 0.0000 0.1479
21       21   (0)      1  : 0.0000 0.0000 0.0000 0.0000 0.0000 0.0000 1.0000 0.0000 0.0000 0.0000 0.0000 0.0000 0.0000 0.0000 0.0000 0.0000 0.0000 0.0000 0.0000
22       22   (0)      1  : 0.0017 0.0000 0.0000 0.0000 0.0000 0.0000 0.0000 0.0000 0.0000 0.2505 0.3112 0.0000 0.0000 0.0000 0.0000 0.4365 0.0000 0.0000 0.0000
23       23   (0)      1  : 0.0000 0.0000 0.0000 0.0000 0.0000 0.0000 0.0000 0.0000 0.0000 0.0000 0.0000 0.0000 0.0000 0.0000 1.0000 0.0000 0.0000 0.0000 0.0000
24       24   (0)      1  : 0.0000 0.0000 0.0000 0.0000 0.0000 0.0000 0.0000 0.0000 0.0000 0.0000 0.0000 0.0000 0.0000 0.0000 0.0000 0.0000 0.0000 0.0000 1.0000
25       25   (0)      1  : 0.0000 0.0000 0.0000 0.0381 0.0000 0.0000 0.3189 0.0000 0.0000 0.0000 0.0000 0.0000 0.0000 0.0000 0.2001 0.0000 0.3728 0.0701 0.0000
26       26   (0)      1  : 0.0000 0.0000 0.0000 0.0000 0.0000 0.0000 0.0000 0.0000 0.0000 0.0000 0.0000 0.0000 0.0000 0.0000 0.5214 0.0000 0.0000 0.4786 0.0000
27       27   (0)      1  : 0.0000 0.0000 0.0000 0.0000 0.9138 0.0000 0.0000 0.0000 0.0000 0.0000 0.0000 0.0862 0.0000 0.0000 0.0000 0.0000 0.0000 0.0000 0.0000
28       28   (0)      1  : 0.0000 0.0000 0.0000 0.0000 1.0000 0.0000 0.0000 0.0000 0.0000 0.0000 0.0000 0.0000 0.0000 0.0000 0.0000 0.0000 0.0000 0.0000 0.0000
29       29   (0)      1  : 0.0000 0.0000 0.0000 0.0000 0.0000 0.0000 0.0000 0.0000 0.0000 0.0000 0.0000 0.0000 0.0000 0.0000 0.0000 0.0000 0.2512 0.4194 0.3294
30       30   (0)      1  : 0.0000 0.0000 0.0000 0.0000 0.0000 0.0000 0.0000 0.0000 0.0000 0.0000 0.0000 0.0000 0.0000 0.0000 0.0000 0.0000 0.0000 0.0000 1.0000
31       31   (0)      1  : 0.0000 0.0000 0.0000 0.0000 0.0000 0.0000 0.9744 0.0000 0.0000 0.0256 0.0000 0.0000 0.0000 0.0000 0.0000 0.0000 0.0000 0.0000 0.0000
32       32   (0)      1  : 0.0000 0.0000 0.0000 0.0000 0.0000 0.0000 0.0000 0.0000 0.0000 0.0000 0.0000 0.0000 0.0000 0.0000 0.0000 1.0000 0.0000 0.0000 0.0000
33       33   (0)      1  : 0.0000 0.0000 0.0000 0.0000 0.3999 0.0000 0.0000 0.0000 0.0000 0.0000 0.0000 0.0000 0.0000 0.0000 0.0000 0.1728 0.0000 0.0000 0.4273
34       34   (0)      1  : 0.0000 0.0000 0.0000 0.0000 0.0000 0.0000 0.0000 0.0000 0.0000 0.0000 0.0000 0.0000 0.0000 0.0000 0.7216 0.0000 0.0104 0.0000 0.2679
35       35   (0)      1  : 0.0000 0.0000 1.0000 0.0000 0.0000 0.0000 0.0000 0.0000 0.0000 0.0000 0.0000 0.0000 0.0000 0.0000 0.0000 0.0000 0.0000 0.0000 0.0000
36       36   (0)      1  : 0.0000 0.0000 1.0000 0.0000 0.0000 0.0000 0.0000 0.0000 0.0000 0.0000 0.0000 0.0000 0.0000 0.0000 0.0000 0.0000 0.0000 0.0000 0.0000
37       37   (0)      1  : 0.0000 0.0000 1.0000 0.0000 0.0000 0.0000 0.0000 0.0000 0.0000 0.0000 0.0000 0.0000 0.0000 0.0000 0.0000 0.0000 0.0000 0.0000 0.0000
38       38   (0)      1  : 0.0000 0.0000 0.0000 0.0000 1.0000 0.0000 0.0000 0.0000 0.0000 0.0000 0.0000 0.0000 0.0000 0.0000 0.0000 0.0000 0.0000 0.0000 0.0000
39       39   (0)      1  : 0.0000 0.0000 0.0000 0.0000 0.9732 0.0000 0.0000 0.0000 0.0000 0.0000 0.0000 0.0000 0.0000 0.0268 0.0000 0.0000 0.0000 0.0000 0.0000
40       40   (0)      1  : 0.0000 0.0000 0.0000 0.0000 0.0000 0.0000 1.0000 0.0000 0.0000 0.0000 0.0000 0.0000 0.0000 0.0000 0.0000 0.0000 0.0000 0.0000 0.0000
41       41   (0)      1  : 0.0000 0.0000 0.0000 0.0000 0.0000 0.0000 0.0000 0.0000 0.0000 1.0000 0.0000 0.0000 0.0000 0.0000 0.0000 0.0000 0.0000 0.0000 0.0000
42       42   (0)      1  : 0.0000 0.0000 0.0000 0.0000 1.0000 0.0000 0.0000 0.0000 0.0000 0.0000 0.0000 0.0000 0.0000 0.0000 0.0000 0.0000 0.0000 0.0000 0.0000
43       43   (0)      1  : 0.0000 0.0000 0.0000 0.0000 0.0000 0.0000 0.0000 0.0000 0.0000 0.0000 0.0000 0.0000 0.0000 0.0000 0.7417 0.0000 0.2583 0.0000 0.0000
44       44   (0)      1  : 0.0000 0.0000 0.0000 0.3599 0.0000 0.0000 0.0000 0.0000 0.0000 0.0000 0.3701 0.0000 0.0000 0.0000 0.0000 0.2700 0.0000 0.0000 0.0000
45       45   (0)      1  : 0.0000 0.0000 0.0000 0.0000 1.0000 0.0000 0.0000 0.0000 0.0000 0.0000 0.0000 0.0000 0.0000 0.0000 0.0000 0.0000 0.0000 0.0000 0.0000
46       46   (0)      1  : 0.0000 0.0000 0.0000 0.0000 0.0000 0.0000 0.3456 0.0000 0.0000 0.0000 0.0000 0.0000 0.0000 0.0000 0.0000 0.0000 0.0000 0.5029 0.1515
47       47   (0)      1  : 0.0000 0.0000 0.0000 0.0000 0.9519 0.0000 0.0000 0.0000 0.0000 0.0000 0.0000 0.0481 0.0000 0.0000 0.0000 0.0000 0.0000 0.0000 0.0000
48       48   (0)      1  : 0.0874 0.0000 0.0000 0.3041 0.0000 0.0000 0.0000 0.0000 0.0000 0.3157 0.2927 0.0000 0.0000 0.0000 0.0000 0.0000 0.0000 0.0000 0.0000
49       49   (0)      1  : 0.0000 0.0000 0.0000 0.5117 0.0000 0.0000 0.0000 0.0000 0.0000 0.1911 0.2972 0.0000 0.0000 0.0000 0.0000 0.0000 0.0000 0.0000 0.0000
50       50   (0)      1  : 0.0000 0.0000 0.0000 0.0000 1.0000 0.0000 0.0000 0.0000 0.0000 0.0000 0.0000 0.0000 0.0000 0.0000 0.0000 0.0000 0.0000 0.0000 0.0000
51       51   (0)      1  : 0.0000 0.0000 0.0000 0.0000 1.0000 0.0000 0.0000 0.0000 0.0000 0.0000 0.0000 0.0000 0.0000 0.0000 0.0000 0.0000 0.0000 0.0000 0.0000
52       52   (0)      1  : 0.0000 0.0000 0.0000 0.9468 0.0000 0.0000 0.0000 0.0000 0.0000 0.0000 0.0000 0.0000 0.0000 0.0000 0.0532 0.0000 0.0000 0.0000 0.0000
53       53   (0)      1  : 0.0000 0.0000 0.0000 0.0000 0.0000 0.0000 0.0000 0.0000 0.0000 1.0000 0.0000 0.0000 0.0000 0.0000 0.0000 0.0000 0.0000 0.0000 0.0000
54       54   (0)      1  : 0.4931 0.0000 0.0000 0.4590 0.0000 0.0000 0.0000 0.0000 0.0000 0.0000 0.0014 0.0000 0.0000 0.0000 0.0000 0.0000 0.0000 0.0000 0.0465
55       55   (0)      1  : 0.0000 0.0000 0.0000 0.0000 0.9426 0.0000 0.0000 0.0574 0.0000 0.0000 0.0000 0.0000 0.0000 0.0000 0.0000 0.0000 0.0000 0.0000 0.0000
56       56   (0)      2  : 0.0000 0.0000 0.0000 0.0000 0.0000 0.0000 0.6345 0.0000 0.0000 0.0000 0.0192 0.0000 0.0000 0.0000 0.1705 0.0000 0.0000 0.0000 0.1758
57       57   (0)      2  : 0.0000 0.0000 0.0162 0.0000 0.0000 0.0000 0.9838 0.0000 0.0000 0.0000 0.0000 0.0000 0.0000 0.0000 0.0000 0.0000 0.0000 0.0000 0.0000
58       58   (0)      2  : 0.0000 0.0000 0.0000 0.0000 0.0000 0.0000 0.6324 0.0000 0.0000 0.0000 0.0000 0.0000 0.0000 0.0000 0.0000 0.0000 0.0000 0.0000 0.3676
59       59   (0)      2  : 0.0000 0.0000 0.0000 0.0000 0.0000 0.0000 0.0000 0.0000 0.0000 0.0000 0.0000 0.0000 0.0000 0.0000 0.0000 0.0000 0.0000 0.5874 0.4126
60       60   (0)      2  : 0.2332 0.0000 0.0000 0.0000 0.0000 0.0000 0.0000 0.0000 0.0000 0.0000 0.0000 0.0000 0.0000 0.0000 0.0000 0.7195 0.0000 0.0000 0.0473
61       61   (0)      2  : 0.0000 0.0000 0.0000 0.0000 0.0000 0.0000 0.1849 0.0000 0.0000 0.0000 0.0000 0.0000 0.0000 0.0000 0.2074 0.0000 0.0000 0.2529 0.3549
62       62   (0)      2  : 0.0000 0.0000 1.0000 0.0000 0.0000 0.0000 0.0000 0.0000 0.0000 0.0000 0.0000 0.0000 0.0000 0.0000 0.0000 0.0000 0.0000 0.0000 0.0000
63       63   (0)      2  : 0.0000 0.0000 0.0000 0.0289 0.0000 0.0000 0.5699 0.0000 0.0000 0.0000 0.0000 0.0000 0.0000 0.0000 0.0000 0.0000 0.0000 0.3069 0.0943
64       64   (0)      2  : 0.0000 0.0000 1.0000 0.0000 0.0000 0.0000 0.0000 0.0000 0.0000 0.0000 0.0000 0.0000 0.0000 0.0000 0.0000 0.0000 0.0000 0.0000 0.0000
65       65   (0)      2  : 0.0453 0.0000 0.0000 0.0000 0.0000 0.0000 0.3250 0.0000 0.0000 0.0000 0.0000 0.0000 0.0000 0.0000 0.4083 0.0000 0.0000 0.0736 0.1478
66       66   (0)      2  : 0.0000 0.0000 1.0000 0.0000 0.0000 0.0000 0.0000 0.0000 0.0000 0.0000 0.0000 0.0000 0.0000 0.0000 0.0000 0.0000 0.0000 0.0000 0.0000
67       67   (0)      2  : 0.0000 0.0000 0.0000 0.0000 0.0000 0.0000 0.0000 0.0000 0.0000 0.0000 0.0000 0.0000 0.0000 0.0000 0.3627 0.0000 0.2049 0.2159 0.2165
68       68   (0)      2  : 0.0000 0.0000 0.0000 0.0000 0.0000 0.0000 0.0000 0.0000 0.0000 0.0000 0.0000 0.0000 0.0000 0.0000 1.0000 0.0000 0.0000 0.0000 0.0000
69       69   (0)      2  : 0.0000 0.0000 0.0000 0.2133 0.0000 0.0000 0.0000 0.0000 0.0000 0.0000 0.3234 0.0000 0.0000 0.0000 0.0000 0.4634 0.0000 0.0000 0.0000
70       70   (0)      2  : 0.0000 0.0000 0.0000 0.0000 0.0000 0.0000 0.5902 0.0000 0.0000 0.0000 0.0000 0.0000 0.0000 0.0000 0.0000 0.0000 0.4098 0.0000 0.0000
71       71   (0)      2  : 0.0000 0.0000 1.0000 0.0000 0.0000 0.0000 0.0000 0.0000 0.0000 0.0000 0.0000 0.0000 0.0000 0.0000 0.0000 0.0000 0.0000 0.0000 0.0000
72       72   (0)      2  : 0.0000 0.0000 1.0000 0.0000 0.0000 0.0000 0.0000 0.0000 0.0000 0.0000 0.0000 0.0000 0.0000 0.0000 0.0000 0.0000 0.0000 0.0000 0.0000
73       73   (0)      2  : 0.0000 0.0000 0.0000 0.0000 0.0000 0.0000 0.4505 0.0000 0.0000 0.0000 0.1053 0.0000 0.0000 0.0000 0.0851 0.0000 0.2672 0.0000 0.0920
74       74   (0)      2  : 0.0000 0.0000 0.0000 0.4467 0.0000 0.0000 0.0000 0.0000 0.0000 0.0000 0.0000 0.0000 0.0000 0.0000 0.0000 0.5533 0.0000 0.0000 0.0000
75       75   (0)      2  : 0.0000 0.0000 0.0000 0.0000 0.9761 0.0239 0.0000 0.0000 0.0000 0.0000 0.0000 0.0000 0.0000 0.0000 0.0000 0.0000 0.0000 0.0000 0.0000
76       76   (0)      2  : 0.0000 0.0000 0.0000 1.0000 0.0000 0.0000 0.0000 0.0000 0.0000 0.0000 0.0000 0.0000 0.0000 0.0000 0.0000 0.0000 0.0000 0.0000 0.0000
77       77   (0)      2  : 0.0000 0.0000 0.0000 0.0000 0.0000 0.0000 0.2340 0.0000 0.0000 0.0000 0.0000 0.0000 0.0000 0.0000 0.0005 0.0733 0.0038 0.6009 0.0874
78       78   (0)      2  : 0.0000 0.0000 1.0000 0.0000 0.0000 0.0000 0.0000 0.0000 0.0000 0.0000 0.0000 0.0000 0.0000 0.0000 0.0000 0.0000 0.0000 0.0000 0.0000
79       79   (0)      2  : 0.0000 0.0000 0.0000 0.0000 1.0000 0.0000 0.0000 0.0000 0.0000 0.0000 0.0000 0.0000 0.0000 0.0000 0.0000 0.0000 0.0000 0.0000 0.0000
80       80   (0)      2  : 0.0000 0.0000 1.0000 0.0000 0.0000 0.0000 0.0000 0.0000 0.0000 0.0000 0.0000 0.0000 0.0000 0.0000 0.0000 0.0000 0.0000 0.0000 0.0000
81       81   (0)      2  : 0.0000 0.0000 0.0000 0.0000 0.0000 0.0000 0.0000 0.0000 0.0000 0.0000 0.0000 0.0000 0.0000 0.0000 0.0000 0.0000 1.0000 0.0000 0.0000
82       82   (0)      2  : 0.0000 0.0000 0.0000 1.0000 0.0000 0.0000 0.0000 0.0000 0.0000 0.0000 0.0000 0.0000 0.0000 0.0000 0.0000 0.0000 0.0000 0.0000 0.0000
83       83   (0)      2  : 0.0734 0.0000 0.0000 0.1605 0.0000 0.0000 0.0000 0.0000 0.0000 0.2955 0.1277 0.0000 0.0000 0.0000 0.0000 0.3429 0.0000 0.0000 0.0000
84       84   (0)      2  : 0.0000 0.0000 0.0000 0.0000 0.0000 0.0000 0.0000 0.0000 0.0000 0.0000 0.2075 0.0000 0.0000 0.0000 0.0000 0.0000 0.0000 0.4780 0.3144
85       85   (0)      2  : 0.0000 0.0000 0.0000 0.0000 0.0000 0.0000 0.3064 0.0000 0.0000 0.0000 0.0528 0.0000 0.0000 0.0000 0.0451 0.0000 0.2905 0.0000 0.3053
86       86   (0)      2  : 0.0000 0.0000 0.0000 0.0000 0.0000 0.0000 0.0000 0.0000 0.0000 0.0000 0.0000 0.0000 0.0000 0.0000 0.7582 0.0000 0.0000 0.0000 0.2418
87       87   (0)      2  : 0.0000 0.0000 0.0000 0.0000 0.0000 0.0000 0.0000 0.0000 0.0000 0.0000 0.0000 0.0000 0.0000 0.0000 0.0000 0.0000 1.0000 0.0000 0.0000
88       88   (0)      2  : 0.0218 0.0000 0.0000 0.0000 0.0000 0.0000 0.6716 0.0000 0.0000 0.0000 0.0000 0.0000 0.0000 0.0000 0.3066 0.0000 0.0000 0.0000 0.0000
89       89   (0)      2  : 0.0000 0.0000 0.0000 0.0000 0.0000 0.0000 0.2151 0.0000 0.0000 0.0000 0.0000 0.0000 0.0000 0.0000 0.3747 0.0000 0.0000 0.0000 0.4101
90       90   (0)      2  : 0.0000 0.0000 0.0000 0.0000 0.0000 0.0000 0.4078 0.0000 0.0000 0.0376 0.0000 0.0000 0.0000 0.0000 0.5544 0.0000 0.0000 0.0000 0.0002
91       91   (0)      2  : 0.0000 0.0000 0.0000 0.0000 0.0000 0.0000 0.0000 0.0000 0.0000 0.0000 0.0000 0.0000 0.0000 0.0000 0.5712 0.0000 0.1978 0.0000 0.2310
92       92   (0)      2  : 0.0000 0.0000 0.0000 0.0000 0.0000 0.0000 0.9265 0.0000 0.0000 0.0735 0.0000 0.0000 0.0000 0.0000 0.0000 0.0000 0.0000 0.0000 0.0000
93       93   (0)      2  : 0.5546 0.0000 0.0000 0.4454 0.0000 0.0000 0.0000 0.0000 0.0000 0.0000 0.0000 0.0000 0.0000 0.0000 0.0000 0.0000 0.0000 0.0000 0.0000
94       94   (0)      2  : 0.0000 0.0000 0.0000 0.0000 0.0000 0.0000 0.0000 0.0000 0.0000 0.0000 0.0000 0.0000 0.0000 0.0000 0.0000 1.0000 0.0000 0.0000 0.0000
95       95   (0)      2  : 0.0000 0.0000 1.0000 0.0000 0.0000 0.0000 0.0000 0.0000 0.0000 0.0000 0.0000 0.0000 0.0000 0.0000 0.0000 0.0000 0.0000 0.0000 0.0000
96       96   (0)      2  : 0.4621 0.0000 0.0000 0.2215 0.0000 0.0000 0.0003 0.0000 0.0000 0.0000 0.3088 0.0000 0.0000 0.0000 0.0000 0.0073 0.0000 0.0000 0.0000
97       97   (0)      2  : 0.0000 0.0000 0.0000 0.0000 0.0000 0.0000 0.0000 0.0000 0.0000 0.0000 1.0000 0.0000 0.0000 0.0000 0.0000 0.0000 0.0000 0.0000 0.0000
98       98   (0)      2  : 0.0564 0.0000 0.0000 0.0000 0.0000 0.0000 0.6288 0.0000 0.0000 0.0000 0.0000 0.0000 0.0000 0.0000 0.0813 0.0000 0.0000 0.0000 0.2335
99       99   (0)      2  : 0.0000 0.0000 1.0000 0.0000 0.0000 0.0000 0.0000 0.0000 0.0000 0.0000 0.0000 0.0000 0.0000 0.0000 0.0000 0.0000 0.0000 0.0000 0.0000
100      100   (0)      2  : 0.0000 0.0000 0.0000 0.0000 0.0000 0.0000 1.0000 0.0000 0.0000 0.0000 0.0000 0.0000 0.0000 0.0000 0.0000 0.0000 0.0000 0.0000 0.0000
101      101   (0)      3  : 0.0000 0.0000 0.0000 0.0000 0.0000 0.0000 0.6177 0.0000 0.0000 0.0000 0.0000 0.0000 0.0000 0.0000 0.0000 0.0000 0.3823 0.0000 0.0000
102      102   (0)      3  : 0.0000 0.0000 0.0040 0.0000 0.0000 0.0000 0.3363 0.0000 0.0000 0.0000 0.0000 0.0000 0.0000 0.0000 0.1922 0.0000 0.3175 0.0000 0.1499
103      103   (0)      3  : 0.0000 0.0000 0.0000 0.0000 0.0000 0.0000 0.4810 0.0000 0.0000 0.0639 0.0000 0.0000 0.0000 0.0000 0.1217 0.0000 0.2376 0.0958 0.0000
104      104   (0)      3  : 0.0000 0.0000 0.0000 0.0000 0.0000 0.0000 0.7353 0.0000 0.0000 0.0009 0.0000 0.0000 0.0000 0.0000 0.0000 0.0266 0.0000 0.0997 0.1375
105      105   (0)      3  : 0.0430 0.0000 0.0061 0.0000 0.0000 0.0000 0.4289 0.0000 0.0000 0.0000 0.0000 0.0000 0.0000 0.0000 0.0000 0.0000 0.2655 0.2565 0.0000
106      106   (0)      3  : 0.0013 0.0000 0.0000 0.0012 0.0000 0.0000 0.2775 0.0000 0.0000 0.0000 0.0000 0.0000 0.0000 0.0000 0.2006 0.0386 0.1289 0.3518 0.0000
107      107   (0)      3  : 0.0000 0.0000 0.0000 0.0000 0.0000 0.0000 0.4324 0.0000 0.0000 0.0000 0.0000 0.0000 0.0000 0.0000 0.2959 0.0000 0.0000 0.0000 0.2717
108      108   (0)      3  : 0.0000 0.0000 0.0000 0.0000 0.0000 0.0000 0.5901 0.0000 0.0000 0.0000 0.0000 0.0000 0.0000 0.0000 0.0000 0.0000 0.4099 0.0000 0.0000
109      109   (0)      3  : 0.0000 0.0000 0.0000 0.0000 0.0000 0.0000 0.6322 0.0000 0.0000 0.0000 0.0000 0.0000 0.0000 0.0000 0.0000 0.0000 0.0000 0.0000 0.3678
110      110   (0)      3  : 0.0000 0.0000 0.0000 0.0000 0.0000 0.0000 0.0000 0.0000 0.0000 0.0000 0.0000 0.0000 0.0000 0.0000 0.0000 0.0000 0.0000 1.0000 0.0000
111      111   (0)      3  : 0.0000 0.0000 0.0000 0.0000 0.0000 0.0000 0.0000 0.0000 0.0000 0.0000 0.0000 0.0000 0.0000 0.0000 1.0000 0.0000 0.0000 0.0000 0.0000
112      112   (0)      3  : 0.0000 0.0000 0.0000 0.0000 0.0000 0.0000 0.8353 0.0000 0.0000 0.0000 0.0000 0.0000 0.0000 0.0000 0.0000 0.0000 0.1647 0.0000 0.0000
113      113   (0)      3  : 0.0000 0.0000 0.0000 0.0000 0.0000 0.0000 0.0000 0.0000 0.0000 0.0000 0.0000 0.0000 0.0000 0.0000 0.5790 0.0000 0.0000 0.1727 0.2483
114      114   (0)      3  : 0.0000 0.0000 0.0000 0.0000 0.0000 0.0000 0.3547 0.0000 0.0096 0.0300 0.0000 0.0000 0.0000 0.0000 0.4399 0.0000 0.0000 0.0000 0.1657
115      115   (0)      3  : 0.0000 0.0000 0.0000 0.0000 0.0000 0.0000 0.0000 0.0000 0.0000 0.0000 0.0000 0.0000 0.0000 0.0000 0.0000 0.0000 0.0000 0.0000 1.0000
116      116   (0)      3  : 0.0358 0.0000 0.0000 0.0000 0.0000 0.0000 0.4489 0.0000 0.0000 0.0000 0.0000 0.0000 0.0000 0.0000 0.0000 0.0000 0.0000 0.5154 0.0000
117      117   (0)      3  : 0.0000 0.0000 0.0000 0.0000 0.0000 0.0000 0.1974 0.0000 0.0000 0.0521 0.0000 0.0000 0.0000 0.0000 0.2161 0.0000 0.0000 0.3949 0.1395
118      118   (0)      3  : 0.0000 0.0000 0.0000 0.0000 0.0000 0.0000 0.0000 0.0000 0.0000 0.0000 0.0000 0.0000 0.0000 0.0000 0.0000 0.0000 0.0000 1.0000 0.0000
119      119   (0)      3  : 0.0000 0.0000 0.0000 0.0000 0.0000 0.0000 0.0000 0.0000 0.0000 0.0000 0.0000 0.0000 0.0000 0.0000 1.0000 0.0000 0.0000 0.0000 0.0000
120      120   (0)      3  : 0.0000 0.0000 0.0824 0.0000 0.0000 0.0000 0.3508 0.0000 0.0000 0.0000 0.0675 0.0000 0.0000 0.0000 0.3770 0.0000 0.1224 0.0000 0.0000
121      121   (0)      3  : 0.0000 0.0000 0.0000 0.0000 0.0000 0.0000 0.0000 0.0000 0.0000 0.0000 0.0000 0.0000 0.0000 0.0000 0.0000 0.0000 0.5989 0.4011 0.0000
122      122   (0)      3  : 0.0000 0.0000 0.0000 0.0000 0.0000 0.0000 0.0000 0.0000 0.0000 0.0000 0.0000 0.0000 0.0000 0.0000 0.7896 0.0000 0.0000 0.0000 0.2104
123      123   (0)      3  : 0.0000 0.0000 0.0000 0.0000 0.0000 0.0000 0.0000 0.0000 0.0000 0.0000 0.0000 0.0000 0.0000 0.0000 1.0000 0.0000 0.0000 0.0000 0.0000
124      124   (0)      3  : 0.0000 0.0000 0.0000 0.0000 0.0000 0.0000 0.0000 0.0000 0.0000 0.0000 0.0000 0.0000 0.0000 0.0000 1.0000 0.0000 0.0000 0.0000 0.0000
125      125   (0)      3  : 0.0000 0.0000 0.0000 0.0000 0.0000 0.0000 0.0000 0.0000 0.0000 0.0000 0.0000 0.0000 0.0000 0.0000 0.8239 0.0000 0.0000 0.0000 0.1761
126      126   (0)      3  : 0.0000 0.0000 0.0000 0.0000 0.0000 0.0000 0.0000 0.0000 0.0000 0.0000 0.0000 0.0000 0.0000 0.0000 0.0000 0.0112 0.3425 0.3997 0.2465
127      127   (0)      3  : 0.0000 0.0000 0.0000 0.0000 0.0000 0.0000 0.5583 0.0000 0.0000 0.0404 0.0148 0.0000 0.0000 0.0000 0.1815 0.0000 0.0003 0.0000 0.2048
128      128   (0)      3  : 0.0000 0.0000 0.0000 0.0000 0.0000 0.0000 0.0000 0.0000 0.0000 0.0000 0.0000 0.0000 0.0000 0.0000 0.0000 0.0000 0.4376 0.5620 0.0004
129      129   (0)      3  : 0.0000 0.0000 0.0000 0.0000 0.0000 0.0000 0.2868 0.0000 0.0000 0.0587 0.0000 0.0000 0.0000 0.0000 0.5177 0.0000 0.1368 0.0000 0.0000
130      130   (0)      3  : 0.1437 0.0000 0.0000 0.2291 0.0000 0.0000 0.0000 0.0000 0.0000 0.3450 0.0000 0.0000 0.0000 0.0000 0.0000 0.2822 0.0000 0.0000 0.0000
131      131   (0)      3  : 0.2091 0.0000 0.0000 0.0918 0.0000 0.0000 0.0000 0.0000 0.0000 0.0130 0.3965 0.0000 0.0000 0.0000 0.0616 0.2279 0.0000 0.0000 0.0000
132      132   (0)      3  : 0.0000 0.0000 1.0000 0.0000 0.0000 0.0000 0.0000 0.0000 0.0000 0.0000 0.0000 0.0000 0.0000 0.0000 0.0000 0.0000 0.0000 0.0000 0.0000
133      133   (0)      3  : 0.0000 0.0000 0.0000 0.0000 0.8580 0.0000 0.0000 0.0515 0.0904 0.0000 0.0000 0.0000 0.0000 0.0000 0.0000 0.0000 0.0000 0.0000 0.0000
134      134   (0)      3  : 0.0000 0.0000 0.0000 0.3758 0.0000 0.0000 0.0000 0.0000 0.0000 0.0000 0.5266 0.0000 0.0000 0.0000 0.0000 0.0000 0.0000 0.0000 0.0976
135      135   (0)      3  : 0.0000 0.0000 0.0047 0.0000 0.0000 0.0000 0.0000 0.0000 0.0000 0.0000 0.0000 0.0000 0.0000 0.0000 0.0000 0.0000 0.0000 0.4952 0.5002
136      136   (0)      3  : 0.0000 0.0000 0.0000 0.0000 0.0000 0.0000 0.6603 0.0000 0.0000 0.0000 0.0000 0.0000 0.0000 0.0000 0.3031 0.0366 0.0000 0.0000 0.0000
137      137   (0)      3  : 0.0000 0.0000 0.0000 0.0039 0.0000 0.0000 0.0000 0.0000 0.0000 0.3220 0.6741 0.0000 0.0000 0.0000 0.0000 0.0000 0.0000 0.0000 0.0000
138      138   (0)      3  : 0.0348 0.0000 0.0000 0.0000 0.0000 0.0000 0.4408 0.0000 0.0000 0.0000 0.0000 0.0000 0.0000 0.0000 0.5193 0.0000 0.0051 0.0000 0.0000
139      139   (0)      3  : 0.0000 0.0000 0.0000 0.0000 0.0000 0.0000 0.4432 0.0000 0.0154 0.0000 0.0000 0.0000 0.0000 0.0000 0.1808 0.0000 0.0006 0.2426 0.1173
140      140   (0)      3  : 0.0000 0.0000 0.0000 0.0000 0.0000 0.0000 0.1251 0.0000 0.0000 0.0000 0.0000 0.0000 0.0000 0.0000 0.2601 0.0000 0.2614 0.2657 0.0876
141      141   (0)      3  : 0.0000 0.0000 1.0000 0.0000 0.0000 0.0000 0.0000 0.0000 0.0000 0.0000 0.0000 0.0000 0.0000 0.0000 0.0000 0.0000 0.0000 0.0000 0.0000
142      142   (0)      3  : 0.0000 0.0000 1.0000 0.0000 0.0000 0.0000 0.0000 0.0000 0.0000 0.0000 0.0000 0.0000 0.0000 0.0000 0.0000 0.0000 0.0000 0.0000 0.0000
143      143   (0)      3  : 0.0000 0.0000 1.0000 0.0000 0.0000 0.0000 0.0000 0.0000 0.0000 0.0000 0.0000 0.0000 0.0000 0.0000 0.0000 0.0000 0.0000 0.0000 0.0000
144      144   (0)      3  : 0.0000 0.0000 1.0000 0.0000 0.0000 0.0000 0.0000 0.0000 0.0000 0.0000 0.0000 0.0000 0.0000 0.0000 0.0000 0.0000 0.0000 0.0000 0.0000
145      145   (0)      3  : 0.0000 0.0000 1.0000 0.0000 0.0000 0.0000 0.0000 0.0000 0.0000 0.0000 0.0000 0.0000 0.0000 0.0000 0.0000 0.0000 0.0000 0.0000 0.0000
146      146   (0)      3  : 0.0000 0.0000 0.0000 0.5554 0.0000 0.0000 0.0136 0.0000 0.0000 0.0000 0.0000 0.0000 0.0000 0.0000 0.0006 0.4303 0.0000 0.0000 0.0000
147      147   (0)      3  : 0.0000 0.0000 0.0000 0.0000 0.0000 0.0000 0.0000 0.0000 0.0000 0.0000 0.0000 0.0000 0.0000 0.0000 0.0000 0.0000 1.0000 0.0000 0.0000
148      148   (0)      3  : 0.0000 0.0000 1.0000 0.0000 0.0000 0.0000 0.0000 0.0000 0.0000 0.0000 0.0000 0.0000 0.0000 0.0000 0.0000 0.0000 0.0000 0.0000 0.0000
149      149   (0)      3  : 0.0000 0.0000 1.0000 0.0000 0.0000 0.0000 0.0000 0.0000 0.0000 0.0000 0.0000 0.0000 0.0000 0.0000 0.0000 0.0000 0.0000 0.0000 0.0000
150      150   (0)      3  : 0.0000 0.0000 0.0000 0.0000 0.7991 0.0632 0.0000 0.0000 0.1377 0.0000 0.0000 0.0000 0.0000 0.0000 0.0000 0.0000 0.0000 0.0000 0.0000
151      151   (0)      3  : 0.0000 0.0000 0.0000 0.0000 1.0000 0.0000 0.0000 0.0000 0.0000 0.0000 0.0000 0.0000 0.0000 0.0000 0.0000 0.0000 0.0000 0.0000 0.0000
152      152   (0)      3  : 0.0000 0.0000 0.0000 0.0000 0.0000 0.0000 0.0000 0.0000 0.0000 0.0000 0.0000 0.0000 0.0000 0.0000 0.0000 0.0000 0.0000 1.0000 0.0000
153      153   (0)      3  : 0.0000 0.0000 1.0000 0.0000 0.0000 0.0000 0.0000 0.0000 0.0000 0.0000 0.0000 0.0000 0.0000 0.0000 0.0000 0.0000 0.0000 0.0000 0.0000
154      154   (0)      3  : 0.0000 0.0000 0.0000 0.0000 0.0000 0.0000 0.5697 0.0000 0.0000 0.0000 0.0000 0.0000 0.0000 0.0000 0.0000 0.0000 0.0000 0.0000 0.4303
155      155   (0)      3  : 0.0000 0.0000 0.0000 0.0000 0.0000 0.0000 1.0000 0.0000 0.0000 0.0000 0.0000 0.0000 0.0000 0.0000 0.0000 0.0000 0.0000 0.0000 0.0000
156      156   (0)      3  : 0.0000 0.0000 0.0000 0.0000 0.0000 0.0000 0.0000 0.0000 0.0000 0.0000 0.0000 0.0000 0.0000 0.0000 0.0000 1.0000 0.0000 0.0000 0.0000
157      157   (0)      3  : 0.0000 0.0000 0.0000 0.0000 0.0000 0.0000 0.0000 0.0000 0.0000 0.0000 0.0000 0.0000 0.0000 0.0000 0.0000 0.0000 0.0000 0.0000 1.0000
158      158   (0)      3  : 0.0000 0.0000 0.0000 0.3157 0.0000 0.0000 0.0000 0.0000 0.0000 0.0000 0.0000 0.0000 0.0000 0.0000 0.0000 0.6843 0.0000 0.0000 0.0000
159      159   (0)      3  : 0.0174 0.0000 0.0000 0.0000 0.0000 0.0000 0.9826 0.0000 0.0000 0.0000 0.0000 0.0000 0.0000 0.0000 0.0000 0.0000 0.0000 0.0000 0.0000
160      160   (0)      3  : 0.0000 0.0000 0.0000 0.3033 0.0000 0.0000 0.0000 0.0000 0.0000 0.0000 0.6967 0.0000 0.0000 0.0000 0.0000 0.0000 0.0000 0.0000 0.0000
161      161   (0)      4  : 0.0000 0.0000 0.0000 0.0000 0.0000 0.0000 0.0000 0.0000 0.0000 0.0000 0.0000 0.0000 0.0000 0.0000 0.0000 0.0000 0.0000 1.0000 0.0000
162      162   (0)      4  : 0.0000 0.0000 0.0000 0.0000 0.0000 0.0000 0.3826 0.0000 0.0000 0.0000 0.0000 0.0000 0.0000 0.0000 0.2161 0.0000 0.0000 0.1522 0.2491
163      163   (0)      4  : 0.0000 0.0000 1.0000 0.0000 0.0000 0.0000 0.0000 0.0000 0.0000 0.0000 0.0000 0.0000 0.0000 0.0000 0.0000 0.0000 0.0000 0.0000 0.0000
164      164   (0)      4  : 0.0000 0.0000 0.0000 0.2882 0.0000 0.0000 0.0000 0.0000 0.0000 0.3026 0.4092 0.0000 0.0000 0.0000 0.0000 0.0000 0.0000 0.0000 0.0000
165      165   (0)      4  : 0.0000 0.0000 1.0000 0.0000 0.0000 0.0000 0.0000 0.0000 0.0000 0.0000 0.0000 0.0000 0.0000 0.0000 0.0000 0.0000 0.0000 0.0000 0.0000
166      166   (0)      4  : 0.0000 0.0000 1.0000 0.0000 0.0000 0.0000 0.0000 0.0000 0.0000 0.0000 0.0000 0.0000 0.0000 0.0000 0.0000 0.0000 0.0000 0.0000 0.0000
167      167   (0)      4  : 0.0000 0.0000 0.0000 0.0000 0.0000 0.0000 0.0000 0.0000 0.0000 0.0000 0.0000 0.0000 0.0000 0.0000 0.0000 0.0000 0.0000 1.0000 0.0000
168      168   (0)      4  : 0.0000 0.0000 0.0000 0.0000 0.0000 0.0000 0.0000 0.0000 0.0000 0.0000 0.0000 0.0000 0.0000 0.0000 0.0000 0.0000 1.0000 0.0000 0.0000
169      169   (0)      4  : 0.0000 0.0000 0.0000 0.0000 0.0000 0.0000 0.9776 0.0000 0.0000 0.0224 0.0000 0.0000 0.0000 0.0000 0.0000 0.0000 0.0000 0.0000 0.0000
170      170   (0)      4  : 0.0000 0.0000 0.0000 0.0000 0.0000 0.0000 0.0000 0.0000 0.0000 0.0000 0.0000 0.0000 0.0000 0.0000 1.0000 0.0000 0.0000 0.0000 0.0000
171      171   (0)      4  : 0.0000 0.0000 0.0000 0.0000 0.0000 0.0000 0.7080 0.0000 0.0000 0.0000 0.0248 0.0000 0.0000 0.0000 0.0000 0.0000 0.0000 0.2672 0.0000
172      172   (0)      4  : 0.0000 0.0000 0.0000 0.0000 0.0000 0.0000 0.6702 0.0000 0.0000 0.0000 0.0000 0.0000 0.0000 0.0000 0.0000 0.0082 0.0000 0.0992 0.2224
173      173   (0)      4  : 0.0000 0.0000 0.0000 0.0000 0.0000 0.0000 1.0000 0.0000 0.0000 0.0000 0.0000 0.0000 0.0000 0.0000 0.0000 0.0000 0.0000 0.0000 0.0000
174      174   (0)      4  : 0.0000 0.0000 0.0000 1.0000 0.0000 0.0000 0.0000 0.0000 0.0000 0.0000 0.0000 0.0000 0.0000 0.0000 0.0000 0.0000 0.0000 0.0000 0.0000
175      175   (0)      4  : 0.0000 0.0000 0.0000 0.0000 0.0000 0.0000 0.2785 0.0000 0.0000 0.0000 0.0000 0.0000 0.0000 0.0000 0.1888 0.0000 0.5173 0.0154 0.0000
176      176   (0)      4  : 0.0000 0.0000 1.0000 0.0000 0.0000 0.0000 0.0000 0.0000 0.0000 0.0000 0.0000 0.0000 0.0000 0.0000 0.0000 0.0000 0.0000 0.0000 0.0000
177      177   (0)      4  : 0.0000 0.0000 0.0000 0.0039 0.0000 0.0000 0.7295 0.0000 0.0000 0.0000 0.0304 0.0000 0.0000 0.0000 0.0000 0.0000 0.0000 0.2362 0.0000
178      178   (0)      4  : 0.0000 0.0000 1.0000 0.0000 0.0000 0.0000 0.0000 0.0000 0.0000 0.0000 0.0000 0.0000 0.0000 0.0000 0.0000 0.0000 0.0000 0.0000 0.0000
179      179   (0)      4  : 0.0000 0.0000 1.0000 0.0000 0.0000 0.0000 0.0000 0.0000 0.0000 0.0000 0.0000 0.0000 0.0000 0.0000 0.0000 0.0000 0.0000 0.0000 0.0000
180      180   (0)      4  : 0.0213 0.0000 0.0117 0.0000 0.0000 0.0000 0.4590 0.0000 0.0000 0.0000 0.0000 0.0000 0.0000 0.0000 0.0000 0.0000 0.0000 0.2312 0.2768
181      181   (0)      4  : 0.0000 0.0000 0.0000 0.0000 0.0000 0.0000 0.0000 0.0000 0.0000 0.0000 0.0000 0.0000 0.0000 0.0000 1.0000 0.0000 0.0000 0.0000 0.0000
182      182   (0)      4  : 0.0000 0.0000 0.0000 0.0000 0.0000 0.0000 0.0000 0.0000 0.0000 0.0000 0.0000 0.0000 0.0000 0.0000 0.3538 0.0000 0.0000 0.6462 0.0000
183      183   (0)      4  : 0.0000 0.0000 0.0000 0.6575 0.0000 0.0000 0.0000 0.0000 0.0000 0.0000 0.3423 0.0000 0.0000 0.0000 0.0000 0.0002 0.0000 0.0000 0.0000
184      184   (0)      4  : 0.0088 0.0000 0.0000 0.3829 0.0000 0.0000 0.0000 0.0000 0.0000 0.2576 0.0924 0.0000 0.0000 0.0000 0.0000 0.2372 0.0000 0.0000 0.0211
185      185   (0)      4  : 0.0000 0.0000 1.0000 0.0000 0.0000 0.0000 0.0000 0.0000 0.0000 0.0000 0.0000 0.0000 0.0000 0.0000 0.0000 0.0000 0.0000 0.0000 0.0000
186      186   (0)      4  : 0.0000 0.0000 0.0000 0.0000 0.0000 0.0000 0.0000 0.0000 0.0000 0.0000 0.0000 0.0000 0.0000 0.0000 0.0000 0.0000 0.0000 1.0000 0.0000
187      187   (0)      4  : 0.0000 0.0000 0.0000 0.0000 0.0000 0.0000 0.0000 0.0000 0.0000 0.0000 0.0000 0.0000 0.0000 0.0000 0.0000 0.0000 0.0000 1.0000 0.0000
188      188   (0)      4  : 0.0000 0.0000 1.0000 0.0000 0.0000 0.0000 0.0000 0.0000 0.0000 0.0000 0.0000 0.0000 0.0000 0.0000 0.0000 0.0000 0.0000 0.0000 0.0000
189      189   (0)      4  : 0.0000 0.0000 0.0000 0.0000 0.0000 0.0000 0.0000 0.0000 0.0000 0.0000 0.0000 0.0000 0.0000 0.0000 0.6823 0.0000 0.0000 0.0000 0.3177
190      190   (0)      4  : 0.2388 0.0000 0.0000 0.4006 0.0000 0.0000 0.0000 0.0000 0.0000 0.1476 0.0000 0.0000 0.0000 0.0000 0.0000 0.2130 0.0000 0.0000 0.0000
191      191   (0)      4  : 0.0000 0.0000 0.1136 0.0000 0.0000 0.0000 0.0000 0.0000 0.0006 0.0000 0.0000 0.0000 0.0000 0.0000 0.0000 0.0000 0.8858 0.0000 0.0000
192      192   (0)      4  : 0.0000 0.0000 0.0000 0.0000 0.0000 0.0000 0.0924 0.0000 0.0000 0.0000 0.0000 0.0000 0.0000 0.0000 0.6050 0.0000 0.0000 0.3026 0.0000
193      193   (0)      4  : 0.0000 0.0000 0.0000 0.0000 0.0000 0.0000 0.0000 0.0000 0.0000 0.0000 0.0225 0.0000 0.0000 0.0000 0.4351 0.0000 0.4032 0.0000 0.1391
194      194   (0)      4  : 0.0000 0.0000 0.0000 0.0000 0.0000 0.0000 0.0000 0.0000 0.0000 0.0000 0.0000 0.0000 0.0000 0.0000 0.5949 0.0000 0.4051 0.0000 0.0000
195      195   (0)      4  : 0.0000 0.0000 0.0000 0.0000 0.0000 0.0000 0.0000 0.0000 0.0000 0.0000 0.0000 0.0000 0.0000 0.0000 0.4855 0.0000 0.0000 0.5145 0.0000
196      196   (0)      4  : 0.0000 0.0000 0.0000 0.0000 0.0000 0.0000 0.4577 0.0000 0.0000 0.0000 0.0000 0.0000 0.0000 0.0000 0.0000 0.0000 0.4463 0.0000 0.0961
197      197   (0)      4  : 0.0000 0.0000 0.0000 0.0000 0.0000 0.0000 0.0000 0.0000 0.0000 0.0000 0.0000 0.0000 0.0000 0.0000 1.0000 0.0000 0.0000 0.0000 0.0000
198      198   (0)      4  : 0.0000 0.0000 0.0000 0.0000 0.0000 0.0000 0.7094 0.0000 0.0000 0.0000 0.0000 0.0000 0.0000 0.0000 0.0000 0.0000 0.0000 0.0000 0.2906
199      199   (0)      4  : 0.0000 0.0000 0.0000 0.0000 0.0000 0.0000 0.0000 0.0000 0.0000 0.0000 0.0000 0.0000 0.0000 0.0000 0.0000 0.0000 1.0000 0.0000 0.0000
200      200   (0)      4  : 0.0000 0.0000 0.0000 0.0000 0.0000 0.0000 0.0000 0.0000 0.0000 1.0000 0.0000 0.0000 0.0000 0.0000 0.0000 0.0000 0.0000 0.0000 0.0000
201      201   (0)      4  : 0.0000 0.0000 0.0000 0.0000 0.0000 0.0000 0.0000 0.0000 0.0000 0.0000 0.0000 0.0000 0.0000 0.0000 0.0000 0.0000 1.0000 0.0000 0.0000
202      202   (0)      4  : 0.0000 0.0000 0.0000 0.0000 0.0000 0.0000 1.0000 0.0000 0.0000 0.0000 0.0000 0.0000 0.0000 0.0000 0.0000 0.0000 0.0000 0.0000 0.0000
203      203   (0)      4  : 0.0483 0.0000 0.0066 0.0000 0.0000 0.0000 0.2751 0.0000 0.0000 0.0000 0.0000 0.0000 0.0000 0.0000 0.2251 0.0000 0.0000 0.2801 0.1647
204      204   (0)      4  : 0.0000 0.0000 0.0168 0.0000 0.0000 0.0000 0.4724 0.0000 0.0000 0.0000 0.0004 0.0000 0.0000 0.0000 0.5104 0.0000 0.0000 0.0000 0.0000
205      205   (0)      4  : 0.0000 0.0000 0.0000 0.0000 0.0000 0.0000 0.9997 0.0000 0.0000 0.0000 0.0000 0.0000 0.0000 0.0000 0.0000 0.0003 0.0000 0.0000 0.0000
206      206   (0)      4  : 0.0000 0.0000 0.0000 0.0000 0.0000 0.0000 0.3270 0.0000 0.0000 0.0000 0.0000 0.0000 0.0000 0.0000 0.2686 0.0000 0.0000 0.1620 0.2424
207      207   (0)      4  : 0.0000 0.0000 0.0000 0.0000 0.0000 0.0000 0.3171 0.0000 0.0000 0.0000 0.0067 0.0000 0.0000 0.0000 0.0000 0.0000 0.2820 0.0000 0.3942
208      208   (0)      4  : 0.0000 0.0000 0.0000 0.9992 0.0000 0.0000 0.0000 0.0000 0.0000 0.0000 0.0000 0.0000 0.0000 0.0000 0.0000 0.0000 0.0000 0.0000 0.0008
209      209   (0)      4  : 0.0000 0.0000 0.0000 0.0000 0.0000 0.0000 0.0000 0.0000 0.0000 0.0000 0.0000 0.0000 0.0000 0.0000 0.0000 0.0000 0.0000 1.0000 0.0000
210      210   (0)      4  : 0.0000 0.0000 0.0000 0.0000 0.0000 0.0000 0.0000 0.0000 0.0000 0.0000 0.0000 0.0000 0.0000 0.0000 0.0000 0.0000 0.3367 0.6633 0.0000
211      211   (0)      4  : 0.0214 0.0000 0.0000 0.0000 0.0000 0.0000 0.2121 0.0000 0.0000 0.0000 0.0000 0.0000 0.0000 0.0000 0.3603 0.0000 0.0000 0.4062 0.0000
212      212   (0)      4  : 0.0000 0.0000 0.0000 0.0000 0.0000 0.0000 0.0000 0.0000 0.0000 0.3052 0.6948 0.0000 0.0000 0.0000 0.0000 0.0000 0.0000 0.0000 0.0000
213      213   (0)      4  : 0.0000 0.0000 0.0000 0.0000 0.0000 0.0000 0.6708 0.0000 0.0000 0.0000 0.0417 0.0000 0.0000 0.0000 0.1865 0.0000 0.0001 0.0000 0.1010
214      214   (0)      4  : 0.0000 0.0000 0.0075 0.0000 0.0000 0.0000 0.4044 0.0000 0.0000 0.0000 0.0000 0.0000 0.0000 0.0000 0.0000 0.0000 0.0000 0.4177 0.1703
215      215   (0)      4  : 0.0000 0.0000 0.0021 0.3845 0.0000 0.0000 0.2864 0.0000 0.0000 0.1262 0.0000 0.0000 0.0000 0.0000 0.0000 0.0000 0.0000 0.0000 0.2008
216      216   (0)      4  : 0.0000 0.0000 0.0000 0.0000 0.0000 0.0000 0.0000 0.0000 0.0000 0.0000 0.0000 0.0000 0.0000 0.0000 1.0000 0.0000 0.0000 0.0000 0.0000
217      217   (0)      4  : 0.0000 0.0000 1.0000 0.0000 0.0000 0.0000 0.0000 0.0000 0.0000 0.0000 0.0000 0.0000 0.0000 0.0000 0.0000 0.0000 0.0000 0.0000 0.0000
218      218   (0)      4  : 0.0000 0.0000 0.0000 0.0000 0.0000 0.0000 0.9669 0.0000 0.0000 0.0000 0.0000 0.0000 0.0000 0.0000 0.0000 0.0331 0.0000 0.0000 0.0000
219      219   (0)      4  : 0.0450 0.0000 0.0000 0.0000 0.0000 0.0000 0.3087 0.0000 0.0000 0.0000 0.0000 0.0000 0.0000 0.0000 0.0800 0.0000 0.0000 0.3419 0.2244
220      220   (0)      5  : 0.0000 0.1804 0.0000 0.0000 0.0000 0.0000 0.0000 0.0000 0.0000 0.0000 0.0000 0.0000 0.5465 0.2731 0.0000 0.0000 0.0000 0.0000 0.0000
221      221   (0)      5  : 0.0000 0.3650 0.0000 0.0000 0.0000 0.0000 0.0000 0.0001 0.0000 0.0000 0.0000 0.6345 0.0000 0.0005 0.0000 0.0000 0.0000 0.0000 0.0000
222      222   (0)      6  : 0.0000 0.0000 0.0000 0.0000 0.0000 0.0000 0.0000 0.0000 0.0000 0.0000 0.0000 1.0000 0.0000 0.0000 0.0000 0.0000 0.0000 0.0000 0.0000
223      223   (0)      6  : 0.0000 0.0764 0.0000 0.0000 0.0000 0.0000 0.0000 0.2386 0.0000 0.0000 0.0000 0.3240 0.0000 0.3610 0.0000 0.0000 0.0000 0.0000 0.0000
224      224   (0)      6  : 0.0000 0.0000 0.0000 0.0000 0.0000 0.0000 0.0000 0.4044 0.0000 0.0000 0.0000 0.2293 0.2946 0.0716 0.0000 0.0000 0.0000 0.0000 0.0000
225      225   (0)      6  : 0.0000 0.4634 0.0000 0.0000 0.0137 0.0000 0.0000 0.0000 0.0000 0.0000 0.0000 0.0000 0.0000 0.5229 0.0000 0.0000 0.0000 0.0000 0.0000
226      226   (0)      6  : 0.0000 0.0000 0.0000 0.0000 0.0000 0.1387 0.0000 0.0000 0.0105 0.0000 0.0000 0.4221 0.4287 0.0000 0.0000 0.0000 0.0000 0.0000 0.0000
227      227   (0)      6  : 0.0000 0.2583 0.0000 0.0000 0.0000 0.0000 0.0000 0.0000 0.0000 0.0000 0.0000 0.0011 0.7405 0.0000 0.0000 0.0000 0.0000 0.0000 0.0000
228      228   (0)      6  : 0.0000 0.0000 0.0000 0.0000 0.0000 0.9856 0.0000 0.0000 0.0144 0.0000 0.0000 0.0000 0.0000 0.0000 0.0000 0.0000 0.0000 0.0000 0.0000
229      229   (0)      6  : 0.0000 0.3073 0.0000 0.0000 0.0000 0.0000 0.0000 0.0007 0.0000 0.0000 0.0000 0.3020 0.2159 0.1741 0.0000 0.0000 0.0000 0.0000 0.0000
230      230   (0)      6  : 0.0000 0.0000 0.0000 0.0000 0.0000 0.0000 0.0000 0.5597 0.0000 0.0000 0.0000 0.0000 0.4403 0.0000 0.0000 0.0000 0.0000 0.0000 0.0000
231      231   (0)      6  : 0.0000 0.6088 0.0000 0.0000 0.0483 0.0000 0.0000 0.1538 0.0000 0.0000 0.0000 0.0000 0.0000 0.1890 0.0000 0.0000 0.0000 0.0000 0.0000
232      232   (0)      6  : 0.0000 0.0000 0.0000 0.0000 0.0000 1.0000 0.0000 0.0000 0.0000 0.0000 0.0000 0.0000 0.0000 0.0000 0.0000 0.0000 0.0000 0.0000 0.0000
233      233   (0)      6  : 0.0000 0.0092 0.0000 0.0000 0.0000 0.0000 0.0000 0.2980 0.0166 0.0000 0.0000 0.0000 0.6761 0.0000 0.0000 0.0000 0.0000 0.0000 0.0000
234      234   (0)      6  : 0.0000 0.0000 0.0000 0.0000 0.0000 0.3998 0.0000 0.2749 0.0000 0.0000 0.0000 0.1484 0.0000 0.1769 0.0000 0.0000 0.0000 0.0000 0.0000
235      235   (0)      6  : 0.0000 0.0000 0.0000 0.0000 0.0000 0.0000 0.0000 0.0000 0.0000 0.0000 0.0000 0.3297 0.2163 0.4540 0.0000 0.0000 0.0000 0.0000 0.0000
236      236   (0)      6  : 0.0000 0.4159 0.0000 0.0000 0.0000 0.0000 0.0000 0.0000 0.0000 0.0000 0.0000 0.4723 0.0000 0.1117 0.0000 0.0000 0.0000 0.0000 0.0000
237      237   (0)      6  : 0.0000 0.0000 0.0000 0.0000 0.0000 0.0000 0.0000 0.0000 0.0000 0.0000 0.0000 0.0000 1.0000 0.0000 0.0000 0.0000 0.0000 0.0000 0.0000
238      238   (0)      6  : 0.0000 0.0000 0.0000 0.0000 0.0000 0.0000 0.0000 0.0000 0.0000 0.0000 0.0000 0.4163 0.5779 0.0058 0.0000 0.0000 0.0000 0.0000 0.0000
239      239   (0)      6  : 0.0000 0.0000 0.0000 0.0000 0.0000 0.0000 0.0000 0.2680 0.0000 0.0000 0.0000 0.0000 0.4894 0.2426 0.0000 0.0000 0.0000 0.0000 0.0000
240      240   (0)      6  : 0.0000 0.0001 0.0000 0.0000 0.0000 0.2731 0.0000 0.0000 0.0000 0.0000 0.0000 0.5383 0.1885 0.0000 0.0000 0.0000 0.0000 0.0000 0.0000
241      241   (0)      6  : 0.0000 0.0000 0.0000 0.0000 0.0000 0.6505 0.0000 0.3128 0.0000 0.0000 0.0000 0.0000 0.0000 0.0367 0.0000 0.0000 0.0000 0.0000 0.0000
242      242   (0)      6  : 0.0000 0.0000 0.0000 0.0000 0.0000 0.4921 0.0000 0.0000 0.0000 0.0000 0.0000 0.0882 0.0000 0.4197 0.0000 0.0000 0.0000 0.0000 0.0000
243      243   (0)      6  : 0.0000 0.1812 0.0000 0.0000 0.0334 0.5932 0.0000 0.1922 0.0000 0.0000 0.0000 0.0000 0.0000 0.0000 0.0000 0.0000 0.0000 0.0000 0.0000
244      244   (0)      6  : 0.0000 0.2800 0.0000 0.0000 0.0000 0.0000 0.0000 0.3877 0.0000 0.0000 0.0000 0.3323 0.0000 0.0000 0.0000 0.0000 0.0000 0.0000 0.0000
245      245   (0)      6  : 0.0000 0.0519 0.0000 0.0000 0.0000 0.0563 0.0000 0.1582 0.0000 0.0000 0.0000 0.0000 0.5431 0.1906 0.0000 0.0000 0.0000 0.0000 0.0000
246      246   (0)      6  : 0.0000 0.0000 0.0000 0.0000 0.0000 0.0000 0.0000 0.2951 0.0000 0.0000 0.0000 0.2499 0.2188 0.2363 0.0000 0.0000 0.0000 0.0000 0.0000
247      247   (0)      6  : 0.0000 0.4046 0.0000 0.0000 0.0000 0.4185 0.0000 0.1769 0.0000 0.0000 0.0000 0.0000 0.0000 0.0000 0.0000 0.0000 0.0000 0.0000 0.0000
248      248   (0)      6  : 0.0000 0.0000 0.0000 0.0000 0.0000 0.3566 0.0000 0.0000 0.0000 0.0000 0.0000 0.0000 0.6434 0.0000 0.0000 0.0000 0.0000 0.0000 0.0000
249      249   (0)      7  : 0.0000 0.0000 0.0000 0.0000 0.0000 0.0000 0.0000 1.0000 0.0000 0.0000 0.0000 0.0000 0.0000 0.0000 0.0000 0.0000 0.0000 0.0000 0.0000
250      250   (0)      7  : 0.0000 0.2770 0.0000 0.0000 0.0000 0.0004 0.0000 0.4699 0.0000 0.0000 0.0000 0.0000 0.2528 0.0000 0.0000 0.0000 0.0000 0.0000 0.0000
251      251   (0)      7  : 0.0000 0.1979 0.0000 0.0000 0.0000 0.0000 0.0000 0.0324 0.0000 0.0000 0.0000 0.3956 0.3742 0.0000 0.0000 0.0000 0.0000 0.0000 0.0000
252      252   (0)      7  : 0.0000 0.4921 0.0000 0.0000 0.0000 0.0000 0.0000 0.0157 0.0000 0.0000 0.0000 0.4921 0.0000 0.0000 0.0000 0.0000 0.0000 0.0000 0.0000
253      253   (0)      7  : 0.0000 0.0000 0.0000 0.0000 0.0000 0.6186 0.0000 0.0000 0.0000 0.0000 0.0000 0.3783 0.0000 0.0032 0.0000 0.0000 0.0000 0.0000 0.0000
254      254   (0)      7  : 0.0000 0.0000 0.0000 0.0000 0.0000 1.0000 0.0000 0.0000 0.0000 0.0000 0.0000 0.0000 0.0000 0.0000 0.0000 0.0000 0.0000 0.0000 0.0000
255      255   (0)      7  : 0.0000 0.3902 0.0000 0.0000 0.0000 0.0000 0.0000 0.0000 0.0000 0.0000 0.0000 0.0000 0.6098 0.0000 0.0000 0.0000 0.0000 0.0000 0.0000
256      256   (0)      7  : 0.0000 0.2901 0.0000 0.0000 0.0000 0.5475 0.0000 0.0150 0.0000 0.0000 0.0000 0.0000 0.0000 0.1474 0.0000 0.0000 0.0000 0.0000 0.0000
257      257   (0)      7  : 0.0000 0.0000 0.0000 0.0000 0.0000 0.0000 0.0000 0.4612 0.0000 0.0000 0.0000 0.0000 0.0000 0.5388 0.0000 0.0000 0.0000 0.0000 0.0000
258      258   (0)      7  : 0.0000 0.2378 0.0000 0.0000 0.0000 0.0000 0.0000 0.1674 0.0000 0.0000 0.0000 0.0000 0.3906 0.2042 0.0000 0.0000 0.0000 0.0000 0.0000
259      259   (0)      7  : 0.0000 0.0000 0.0000 0.0000 0.0000 0.0000 0.0000 0.4102 0.0000 0.0000 0.0000 0.3371 0.0000 0.2527 0.0000 0.0000 0.0000 0.0000 0.0000
260      260   (0)      7  : 0.0000 0.0000 0.0000 0.0000 0.0000 1.0000 0.0000 0.0000 0.0000 0.0000 0.0000 0.0000 0.0000 0.0000 0.0000 0.0000 0.0000 0.0000 0.0000
261      261   (0)      7  : 0.0000 0.0000 0.0000 0.0000 0.0000 0.0000 0.0000 0.5529 0.0000 0.0000 0.0000 0.0000 0.0000 0.4471 0.0000 0.0000 0.0000 0.0000 0.0000
262      262   (0)      7  : 0.0000 0.0000 0.0000 0.0000 0.0000 0.0000 0.0000 0.0000 0.0000 0.0000 0.0000 0.0000 0.0000 1.0000 0.0000 0.0000 0.0000 0.0000 0.0000
263      263   (0)      7  : 0.0000 0.0000 0.0000 0.0000 0.0000 0.4025 0.0000 0.0000 0.0000 0.0000 0.0000 0.0000 0.2777 0.3197 0.0000 0.0000 0.0000 0.0000 0.0000
264      264   (0)      7  : 0.0000 0.6941 0.0000 0.0000 0.0000 0.0000 0.0000 0.0000 0.0000 0.0000 0.0000 0.0000 0.0000 0.3059 0.0000 0.0000 0.0000 0.0000 0.0000
265      265   (0)      7  : 0.0000 0.0000 0.0000 0.0000 0.0000 0.4334 0.0000 0.1779 0.0000 0.0000 0.0000 0.0000 0.1011 0.2876 0.0000 0.0000 0.0000 0.0000 0.0000
266      266   (0)      7  : 0.0000 0.0000 0.0000 0.0000 0.0000 0.0000 0.0000 0.0000 0.0128 0.0000 0.0000 0.5336 0.4536 0.0000 0.0000 0.0000 0.0000 0.0000 0.0000
267      267   (0)      7  : 0.0000 0.0000 0.0000 0.0000 0.0000 0.0000 0.0000 0.0000 0.0000 0.0000 0.0000 1.0000 0.0000 0.0000 0.0000 0.0000 0.0000 0.0000 0.0000
268      268   (0)      7  : 0.0000 0.2070 0.0000 0.0000 0.0000 0.0000 0.0000 0.4031 0.0000 0.0000 0.0000 0.1717 0.2181 0.0000 0.0000 0.0000 0.0000 0.0000 0.0000
269      269   (0)      7  : 0.0000 0.0000 0.0000 0.0000 0.0000 0.4569 0.0000 0.0000 0.0000 0.0000 0.0000 0.0000 0.0000 0.5431 0.0000 0.0000 0.0000 0.0000 0.0000
270      270   (0)      7  : 0.0000 0.0000 0.0000 0.0000 0.0000 0.0000 0.0000 0.0000 0.0000 0.0000 0.0000 0.0000 1.0000 0.0000 0.0000 0.0000 0.0000 0.0000 0.0000
271      271   (0)      7  : 0.0000 0.1228 0.0000 0.0000 0.0000 0.3033 0.0000 0.1309 0.0000 0.0000 0.0000 0.0000 0.0000 0.4430 0.0000 0.0000 0.0000 0.0000 0.0000
272      272   (0)      7  : 0.0000 0.0000 0.0000 0.0000 0.0000 0.0000 0.0000 0.0000 0.0000 0.0000 0.0000 0.5475 0.0005 0.4520 0.0000 0.0000 0.0000 0.0000 0.0000
273      273   (0)      7  : 0.0000 0.1068 0.0000 0.0000 0.0000 0.0006 0.0000 0.1283 0.0000 0.0000 0.0000 0.2368 0.1113 0.4161 0.0000 0.0000 0.0000 0.0000 0.0000
274      274   (0)      7  : 0.0000 0.0000 0.0000 0.0000 0.0000 1.0000 0.0000 0.0000 0.0000 0.0000 0.0000 0.0000 0.0000 0.0000 0.0000 0.0000 0.0000 0.0000 0.0000
275      275   (0)      7  : 0.0000 0.0000 0.0000 0.0000 0.0000 0.0000 0.0000 0.0000 0.0000 0.0000 0.0000 0.0000 1.0000 0.0000 0.0000 0.0000 0.0000 0.0000 0.0000
276      276   (0)      7  : 0.0000 0.0000 0.0000 0.0000 0.0000 0.0000 0.0000 1.0000 0.0000 0.0000 0.0000 0.0000 0.0000 0.0000 0.0000 0.0000 0.0000 0.0000 0.0000
277      277   (0)      7  : 0.0000 0.5151 0.0000 0.0000 0.0000 0.0000 0.0000 0.4795 0.0000 0.0000 0.0000 0.0055 0.0000 0.0000 0.0000 0.0000 0.0000 0.0000 0.0000
278      278   (0)      7  : 0.0000 0.0000 0.0000 0.0000 0.0000 0.0000 0.0000 1.0000 0.0000 0.0000 0.0000 0.0000 0.0000 0.0000 0.0000 0.0000 0.0000 0.0000 0.0000
279      279   (0)      8  : 0.0000 0.6010 0.0000 0.0000 0.0000 0.0000 0.0000 0.0000 0.0000 0.0000 0.0000 0.2262 0.0000 0.1729 0.0000 0.0000 0.0000 0.0000 0.0000
280      280   (0)      8  : 0.0000 0.0000 0.0000 0.0000 0.0000 0.0000 0.0000 0.0000 0.0000 0.0000 0.0000 0.0000 0.0000 1.0000 0.0000 0.0000 0.0000 0.0000 0.0000
281      281   (0)      8  : 0.0000 0.0000 0.0000 0.0000 0.0000 0.0031 0.0000 0.5144 0.0000 0.0000 0.0000 0.4825 0.0000 0.0000 0.0000 0.0000 0.0000 0.0000 0.0000
282      282   (0)      8  : 0.0000 0.3524 0.0000 0.0000 0.0000 0.3342 0.0000 0.2938 0.0028 0.0000 0.0000 0.0000 0.0000 0.0168 0.0000 0.0000 0.0000 0.0000 0.0000
283      283   (0)      8  : 0.0000 0.0000 0.0000 0.0000 0.0000 0.0000 0.0000 0.2259 0.0149 0.0000 0.0000 0.0000 0.7592 0.0000 0.0000 0.0000 0.0000 0.0000 0.0000
284      284   (0)      8  : 0.0000 0.0916 0.0000 0.0000 0.0000 0.0000 0.0000 0.2895 0.0000 0.0000 0.0000 0.4140 0.0000 0.2049 0.0000 0.0000 0.0000 0.0000 0.0000
285      285   (0)      8  : 0.0000 0.2991 0.0000 0.0000 0.0000 0.0000 0.0000 0.4805 0.0000 0.0000 0.0000 0.0000 0.2204 0.0000 0.0000 0.0000 0.0000 0.0000 0.0000
286      286   (0)      8  : 0.0000 0.0000 0.0000 0.0000 0.0000 0.0000 0.0000 0.1716 0.0000 0.0000 0.0000 0.1235 0.3435 0.3614 0.0000 0.0000 0.0000 0.0000 0.0000
287      287   (0)      8  : 0.0000 0.3746 0.0000 0.0000 0.0000 0.1549 0.0000 0.0117 0.0000 0.0000 0.0000 0.0000 0.1947 0.2641 0.0000 0.0000 0.0000 0.0000 0.0000
288      288   (0)      8  : 0.0000 1.0000 0.0000 0.0000 0.0000 0.0000 0.0000 0.0000 0.0000 0.0000 0.0000 0.0000 0.0000 0.0000 0.0000 0.0000 0.0000 0.0000 0.0000
289      289   (0)      8  : 0.0000 0.0000 0.0000 0.0000 0.0000 1.0000 0.0000 0.0000 0.0000 0.0000 0.0000 0.0000 0.0000 0.0000 0.0000 0.0000 0.0000 0.0000 0.0000
290      290   (0)      5  : 0.0000 0.0000 0.0000 0.0000 0.0000 0.2701 0.0000 0.0000 0.0000 0.0000 0.0000 0.4547 0.2751 0.0000 0.0000 0.0000 0.0000 0.0000 0.0000
291      291   (0)      5  : 0.0000 0.2368 0.0000 0.0000 0.0000 0.0000 0.0000 0.1831 0.0000 0.0000 0.0000 0.0000 0.0000 0.5801 0.0000 0.0000 0.0000 0.0000 0.0000
292      292   (0)      5  : 0.0000 0.0000 0.0000 0.0000 0.0000 1.0000 0.0000 0.0000 0.0000 0.0000 0.0000 0.0000 0.0000 0.0000 0.0000 0.0000 0.0000 0.0000 0.0000
293      293   (0)      5  : 0.0000 0.0000 0.0000 0.0000 0.0000 0.0000 0.0000 0.0000 0.0000 0.0000 0.0000 0.7257 0.0000 0.2743 0.0000 0.0000 0.0000 0.0000 0.0000
294      294   (0)      5  : 0.0000 0.1952 0.0000 0.0000 0.0000 0.0000 0.0000 0.0000 0.0000 0.0000 0.0000 0.0000 0.3694 0.4354 0.0000 0.0000 0.0000 0.0000 0.0000
295      295   (0)      5  : 0.0000 0.3648 0.0000 0.0000 0.0000 0.0989 0.0000 0.0000 0.0000 0.0000 0.0000 0.3798 0.0000 0.1565 0.0000 0.0000 0.0000 0.0000 0.0000
296      296   (0)      5  : 0.0000 0.2095 0.0088 0.0000 0.0240 0.0000 0.0000 0.4150 0.0100 0.0000 0.0000 0.1237 0.0000 0.2089 0.0000 0.0000 0.0000 0.0000 0.0000
297      297   (0)      5  : 0.0000 1.0000 0.0000 0.0000 0.0000 0.0000 0.0000 0.0000 0.0000 0.0000 0.0000 0.0000 0.0000 0.0000 0.0000 0.0000 0.0000 0.0000 0.0000
298      298   (0)      5  : 0.0000 0.0000 0.0000 0.0000 0.0000 0.2944 0.0000 0.7056 0.0000 0.0000 0.0000 0.0000 0.0000 0.0000 0.0000 0.0000 0.0000 0.0000 0.0000
299      299   (0)      5  : 0.0000 0.0000 0.0000 0.0000 0.0000 0.0000 0.0000 0.0000 0.0000 0.0000 0.0000 0.0000 1.0000 0.0000 0.0000 0.0000 0.0000 0.0000 0.0000
300      300   (0)      5  : 0.0000 0.0000 0.0000 0.0000 0.0000 0.6630 0.0000 0.0000 0.0000 0.0000 0.0000 0.0000 0.0000 0.3370 0.0000 0.0000 0.0000 0.0000 0.0000
301      301   (0)      5  : 0.0000 0.1677 0.0000 0.0000 0.0000 0.0000 0.0000 0.1933 0.0000 0.0000 0.0000 0.1911 0.1617 0.2862 0.0000 0.0000 0.0000 0.0000 0.0000
302      302   (0)      5  : 0.0000 0.3100 0.0000 0.0000 0.0000 0.4546 0.0000 0.1092 0.0000 0.0000 0.0000 0.0000 0.0000 0.1261 0.0000 0.0000 0.0000 0.0000 0.0000
303      303   (0)      5  : 0.0000 0.3344 0.0000 0.0000 0.0000 0.0000 0.0000 0.0000 0.0000 0.0000 0.0000 0.0000 0.6656 0.0000 0.0000 0.0000 0.0000 0.0000 0.0000
304      304   (0)      5  : 0.0000 0.0000 0.0000 0.0000 0.0000 0.3283 0.0000 0.0425 0.0000 0.0000 0.0000 0.0000 0.4156 0.2137 0.0000 0.0000 0.0000 0.0000 0.0000
305      305   (0)      5  : 0.0000 0.3838 0.0000 0.0000 0.0000 0.0000 0.0000 0.6114 0.0048 0.0000 0.0000 0.0000 0.0000 0.0000 0.0000 0.0000 0.0000 0.0000 0.0000
306      306   (0)      5  : 0.0000 0.1190 0.0000 0.0000 0.0000 0.3270 0.0000 0.5540 0.0000 0.0000 0.0000 0.0000 0.0000 0.0000 0.0000 0.0000 0.0000 0.0000 0.0000
307      307   (0)      5  : 0.0000 0.1755 0.0000 0.0000 0.0050 0.6543 0.0000 0.1117 0.0000 0.0000 0.0000 0.0535 0.0000 0.0000 0.0000 0.0000 0.0000 0.0000 0.0000
308      308   (0)      5  : 0.0000 0.0000 0.0000 0.0000 0.0000 0.0000 0.0000 0.0000 0.0133 0.0000 0.0000 0.0000 0.4673 0.5194 0.0000 0.0000 0.0000 0.0000 0.0000
309      309   (0)      5  : 0.0000 0.0000 0.0000 0.0000 0.0000 0.0000 0.0000 0.0000 0.0000 0.0000 0.0000 0.0000 0.0000 1.0000 0.0000 0.0000 0.0000 0.0000 0.0000
310      310   (0)      5  : 0.0000 1.0000 0.0000 0.0000 0.0000 0.0000 0.0000 0.0000 0.0000 0.0000 0.0000 0.0000 0.0000 0.0000 0.0000 0.0000 0.0000 0.0000 0.0000
311      311   (0)      5  : 0.0000 0.0000 0.0000 0.0000 0.0000 0.7052 0.0000 0.2948 0.0000 0.0000 0.0000 0.0000 0.0000 0.0000 0.0000 0.0000 0.0000 0.0000 0.0000
312      312   (0)      5  : 0.0000 0.0000 0.0000 0.0000 0.0000 0.0000 0.0000 0.0000 0.0000 0.0000 0.0000 0.0000 0.0000 1.0000 0.0000 0.0000 0.0000 0.0000 0.0000
313      313   (0)      5  : 0.0000 0.0000 0.0000 0.0000 0.0000 0.0000 0.0000 0.0000 0.0000 0.0000 0.0000 0.6532 0.3468 0.0000 0.0000 0.0000 0.0000 0.0000 0.0000
314      314   (0)      5  : 0.0000 0.0000 0.0000 0.0000 0.0000 0.0000 0.0000 0.0000 0.0000 0.0000 0.0000 0.6003 0.3997 0.0000 0.0000 0.0000 0.0000 0.0000 0.0000
315      315   (0)      5  : 0.0000 0.0916 0.0000 0.0000 0.0000 0.3505 0.0000 0.2613 0.0000 0.0000 0.0000 0.2618 0.0347 0.0000 0.0000 0.0000 0.0000 0.0000 0.0000
316      316   (0)      5  : 0.0000 0.0000 0.0000 0.0000 0.0000 0.0000 0.0000 0.0000 0.0000 0.0000 0.0000 0.0000 0.0000 1.0000 0.0000 0.0000 0.0000 0.0000 0.0000
317      317   (0)      5  : 0.0000 0.0000 0.0000 0.0000 0.0000 0.0000 0.0000 0.0000 0.0000 0.0000 0.0000 1.0000 0.0000 0.0000 0.0000 0.0000 0.0000 0.0000 0.0000
318      318   (0)      8  : 0.0000 0.0000 0.0000 0.0000 0.0000 0.0000 0.0000 0.0000 0.0000 0.0000 0.0000 0.0000 1.0000 0.0000 0.0000 0.0000 0.0000 0.0000 0.0000
319      319   (0)      8  : 0.0000 0.0000 0.0000 0.0000 0.0000 0.0000 0.0000 0.0000 0.0000 0.0000 0.0000 0.0000 0.0000 1.0000 0.0000 0.0000 0.0000 0.0000 0.0000
320      320   (0)      9  : 0.0000 0.0000 0.0000 0.0000 0.0000 0.0000 0.0000 0.3808 0.0000 0.0000 0.0000 0.2932 0.0000 0.3260 0.0000 0.0000 0.0000 0.0000 0.0000
321      321   (0)      9  : 0.0000 0.3513 0.0023 0.0000 0.0000 0.0000 0.0000 0.4007 0.0188 0.0000 0.0000 0.0000 0.0000 0.2269 0.0000 0.0000 0.0000 0.0000 0.0000
322      322   (0)      9  : 0.0000 0.0610 0.0000 0.0000 0.0000 0.0000 0.0000 0.0233 0.0000 0.0000 0.0000 0.2319 0.4405 0.2432 0.0000 0.0000 0.0000 0.0000 0.0000
323      323   (0)      9  : 0.0000 0.5087 0.0000 0.0000 0.0000 0.0000 0.0000 0.0000 0.0000 0.0000 0.0000 0.0000 0.1867 0.3045 0.0000 0.0000 0.0000 0.0000 0.0000
324      324   (0)      9  : 0.0000 0.5251 0.0000 0.0000 0.0000 0.0000 0.0000 0.0000 0.0000 0.0000 0.0000 0.2033 0.2716 0.0000 0.0000 0.0000 0.0000 0.0000 0.0000
325      325   (0)      8  : 0.0000 0.2869 0.0000 0.0000 0.0000 0.3664 0.0000 0.0724 0.0000 0.0000 0.0000 0.0000 0.2743 0.0000 0.0000 0.0000 0.0000 0.0000 0.0000
326      326   (0)      8  : 0.0000 0.2080 0.0000 0.0000 0.0000 0.2049 0.0000 0.0000 0.0000 0.0000 0.0000 0.4877 0.0000 0.0994 0.0000 0.0000 0.0000 0.0000 0.0000
327      327   (0)      8  : 0.0000 0.0000 0.0000 0.0000 0.0000 0.0000 0.0000 0.0000 0.0000 0.0000 0.0000 0.0000 0.0000 1.0000 0.0000 0.0000 0.0000 0.0000 0.0000
328      328   (0)      8  : 0.0000 0.0000 0.0000 0.0000 0.0000 0.0000 0.0000 0.0000 0.0000 0.0000 0.0000 0.3938 0.0000 0.6062 0.0000 0.0000 0.0000 0.0000 0.0000
329      329   (0)      8  : 0.0000 0.1719 0.0000 0.0000 0.0000 0.0158 0.0000 0.5229 0.0000 0.0000 0.0000 0.0000 0.0942 0.1952 0.0000 0.0000 0.0000 0.0000 0.0000
330      330   (0)      9  : 0.0000 0.0000 0.0000 0.0000 0.0000 0.0000 0.0000 1.0000 0.0000 0.0000 0.0000 0.0000 0.0000 0.0000 0.0000 0.0000 0.0000 0.0000 0.0000
331      331   (0)      9  : 0.0000 0.0008 0.0000 0.0000 0.0000 0.0000 0.0000 0.4235 0.0000 0.0000 0.0000 0.5756 0.0000 0.0000 0.0000 0.0000 0.0000 0.0000 0.0000
332      332   (0)      9  : 0.0000 0.2333 0.0000 0.0000 0.0000 0.0000 0.0000 0.2801 0.0000 0.0000 0.0000 0.0000 0.0000 0.4865 0.0000 0.0000 0.0000 0.0000 0.0000
333      333   (0)      9  : 0.0000 0.0000 0.0000 0.0000 0.0000 0.5423 0.0000 0.0000 0.0000 0.0000 0.0000 0.4577 0.0000 0.0000 0.0000 0.0000 0.0000 0.0000 0.0000
334      334   (0)      9  : 0.0000 0.0000 0.0000 0.0000 0.0000 0.0000 0.0000 0.3003 0.0000 0.0000 0.0000 0.0000 0.0000 0.6997 0.0000 0.0000 0.0000 0.0000 0.0000
335      335   (0)      9  : 0.0000 0.4093 0.0000 0.0000 0.0000 0.4384 0.0000 0.0000 0.0000 0.0000 0.0000 0.1523 0.0000 0.0000 0.0000 0.0000 0.0000 0.0000 0.0000
336      336   (0)      8  : 0.0000 1.0000 0.0000 0.0000 0.0000 0.0000 0.0000 0.0000 0.0000 0.0000 0.0000 0.0000 0.0000 0.0000 0.0000 0.0000 0.0000 0.0000 0.0000
337      337   (0)      8  : 0.0000 0.2672 0.0000 0.0000 0.0000 0.0000 0.0000 0.4153 0.0133 0.0000 0.0000 0.0000 0.0000 0.3042 0.0000 0.0000 0.0000 0.0000 0.0000
338      338   (0)      8  : 0.0000 0.0000 0.0000 0.0000 0.0000 0.5906 0.0000 0.0000 0.0000 0.0000 0.0000 0.0000 0.4094 0.0000 0.0000 0.0000 0.0000 0.0000 0.0000
339      339   (0)      8  : 0.0000 0.6207 0.0000 0.0000 0.0000 0.0000 0.0000 0.0000 0.0000 0.0000 0.0000 0.0000 0.3793 0.0000 0.0000 0.0000 0.0000 0.0000 0.0000
340      340   (0)      8  : 0.0000 0.0000 0.0000 0.0000 0.0000 0.0000 0.0000 1.0000 0.0000 0.0000 0.0000 0.0000 0.0000 0.0000 0.0000 0.0000 0.0000 0.0000 0.0000
341      341   (0)      8  : 0.0000 0.0000 0.0000 0.0000 0.0328 0.0000 0.0000 0.6573 0.0000 0.0000 0.0000 0.0020 0.0216 0.2863 0.0000 0.0000 0.0000 0.0000 0.0000
342      342   (0)      8  : 0.0000 0.6079 0.0000 0.0000 0.0000 0.3921 0.0000 0.0000 0.0000 0.0000 0.0000 0.0000 0.0000 0.0000 0.0000 0.0000 0.0000 0.0000 0.0000
343      343   (0)      9  : 0.0000 0.0000 0.0000 0.0000 0.0000 0.7950 0.0000 0.0000 0.0000 0.0000 0.0000 0.0000 0.0000 0.2050 0.0000 0.0000 0.0000 0.0000 0.0000
344      344   (0)      9  : 0.0000 0.0000 0.0000 0.0000 0.0000 0.3583 0.0000 0.3204 0.0000 0.0000 0.0000 0.2400 0.0000 0.0812 0.0000 0.0000 0.0000 0.0000 0.0000
345      345   (0)      9  : 0.0000 0.4573 0.0000 0.0000 0.0000 0.0000 0.0000 0.0000 0.0000 0.0000 0.0000 0.5427 0.0000 0.0000 0.0000 0.0000 0.0000 0.0000 0.0000
346      346   (0)      9  : 0.0000 0.0928 0.0000 0.0000 0.0192 0.0000 0.0000 0.6461 0.0000 0.0000 0.0000 0.0000 0.1877 0.0542 0.0000 0.0000 0.0000 0.0000 0.0000
347      347   (0)      9  : 0.0000 0.0000 0.0000 0.0000 0.0000 0.0000 0.0000 0.4632 0.0000 0.0000 0.0000 0.0000 0.2229 0.3139 0.0000 0.0000 0.0000 0.0000 0.0000
348      348   (0)      9  : 0.0000 0.0000 0.0000 0.0000 0.0000 0.0000 0.0000 0.0000 0.0072 0.0000 0.0000 0.3434 0.0000 0.6495 0.0000 0.0000 0.0000 0.0000 0.0000
349      349   (0)      9  : 0.0000 0.0995 0.0000 0.0000 0.0241 0.0606 0.0000 0.1766 0.0214 0.0000 0.0000 0.0000 0.4595 0.1583 0.0000 0.0000 0.0000 0.0000 0.0000
350      350   (0)      9  : 0.0000 0.4463 0.0000 0.0000 0.0000 0.5421 0.0000 0.0000 0.0000 0.0000 0.0000 0.0116 0.0000 0.0000 0.0000 0.0000 0.0000 0.0000 0.0000
351      351   (0)      9  : 0.0000 0.0000 0.0000 0.0000 0.0000 0.0000 0.0000 0.0966 0.0000 0.0000 0.0000 0.5566 0.3468 0.0000 0.0000 0.0000 0.0000 0.0000 0.0000
352      352   (0)      9  : 0.0000 0.0000 0.0000 0.0000 0.0000 0.0000 0.0000 0.0000 0.0000 0.0000 0.0000 0.0000 1.0000 0.0000 0.0000 0.0000 0.0000 0.0000 0.0000
353      353   (0)      9  : 0.0000 0.0000 0.0000 0.0000 0.0069 0.5049 0.0000 0.2951 0.0000 0.0000 0.0000 0.0000 0.0000 0.1931 0.0000 0.0000 0.0000 0.0000 0.0000
354      354   (0)      9  : 0.0000 0.9994 0.0000 0.0000 0.0000 0.0000 0.0000 0.0006 0.0000 0.0000 0.0000 0.0000 0.0000 0.0000 0.0000 0.0000 0.0000 0.0000 0.0000
355      355   (0)      9  : 0.0000 0.2508 0.0000 0.0000 0.0000 0.0508 0.0000 0.0000 0.0062 0.0000 0.0000 0.2476 0.0000 0.4445 0.0000 0.0000 0.0000 0.0000 0.0000
356      356   (0)      9  : 0.0000 0.0121 0.0000 0.0000 0.0000 0.7347 0.0000 0.0000 0.0000 0.0000 0.0000 0.0000 0.0000 0.2532 0.0000 0.0000 0.0000 0.0000 0.0000
357      357   (0)      9  : 0.0000 0.2974 0.0000 0.0000 0.0000 0.0000 0.0000 0.2578 0.0000 0.0000 0.0000 0.4447 0.0000 0.0000 0.0000 0.0000 0.0000 0.0000 0.0000
358      358   (0)      9  : 0.0000 0.0276 0.0000 0.0000 0.0037 0.0000 0.0000 0.5419 0.0000 0.0000 0.0000 0.0000 0.0000 0.4267 0.0000 0.0000 0.0000 0.0000 0.0000
359      359   (0)      9  : 0.0000 0.0712 0.0000 0.0000 0.0000 0.0000 0.0000 0.0000 0.0000 0.0000 0.0000 0.0000 0.6355 0.2933 0.0000 0.0000 0.0000 0.0000 0.0000
360      360   (0)      9  : 0.0000 0.0000 0.0000 0.0000 0.0000 0.0000 0.0000 0.0000 0.0000 0.0000 0.0000 0.0000 1.0000 0.0000 0.0000 0.0000 0.0000 0.0000 0.0000
361      361   (0)      9  : 0.0000 1.0000 0.0000 0.0000 0.0000 0.0000 0.0000 0.0000 0.0000 0.0000 0.0000 0.0000 0.0000 0.0000 0.0000 0.0000 0.0000 0.0000 0.0000
362      362   (0)     10  : 0.0000 0.3009 0.0000 0.0000 0.0000 0.0000 0.0000 0.3242 0.0000 0.0000 0.0000 0.3750 0.0000 0.0000 0.0000 0.0000 0.0000 0.0000 0.0000
363      363   (0)     10  : 0.0000 0.0000 0.0000 0.0000 0.0000 0.0000 0.0000 0.4834 0.0000 0.0000 0.0000 0.0000 0.5166 0.0000 0.0000 0.0000 0.0000 0.0000 0.0000
364      364   (0)     10  : 0.0000 0.1210 0.0000 0.0000 0.0000 0.1861 0.0000 0.4530 0.0000 0.0000 0.0000 0.2291 0.0000 0.0108 0.0000 0.0000 0.0000 0.0000 0.0000
365      365   (0)     10  : 0.0000 0.0000 0.0000 0.0000 0.0000 0.0000 0.0000 0.0000 0.0000 0.0000 0.0000 0.0000 0.0000 1.0000 0.0000 0.0000 0.0000 0.0000 0.0000
366      366   (0)     10  : 0.0000 0.0000 0.0000 0.0000 0.0000 0.0000 0.0000 0.0000 0.0000 0.0000 0.0000 0.0000 1.0000 0.0000 0.0000 0.0000 0.0000 0.0000 0.0000
367      367   (0)     10  : 0.0000 0.0000 0.0000 0.0000 0.0192 0.1592 0.0000 0.2496 0.0000 0.0000 0.0000 0.3782 0.0000 0.1938 0.0000 0.0000 0.0000 0.0000 0.0000
368      368   (0)     10  : 0.0000 0.0000 0.0000 0.0000 0.0000 0.1831 0.0000 0.4714 0.0000 0.0000 0.0000 0.0000 0.2017 0.1438 0.0000 0.0000 0.0000 0.0000 0.0000
369      369   (0)     10  : 0.0000 0.0000 0.0000 0.0000 0.0000 0.2481 0.0000 0.0000 0.0000 0.0000 0.0000 0.0000 0.4351 0.3168 0.0000 0.0000 0.0000 0.0000 0.0000
370      370   (0)     10  : 0.0000 0.2795 0.0000 0.0000 0.0203 0.5230 0.0000 0.0000 0.0000 0.0000 0.0000 0.1772 0.0000 0.0000 0.0000 0.0000 0.0000 0.0000 0.0000
371      371   (0)     10  : 0.0000 0.3477 0.0000 0.0000 0.0017 0.0000 0.0000 0.0001 0.0000 0.0000 0.0000 0.2418 0.4087 0.0000 0.0000 0.0000 0.0000 0.0000 0.0000
372      372   (0)     10  : 0.0000 0.3147 0.0000 0.0000 0.0000 0.1954 0.0000 0.0000 0.0000 0.0000 0.0000 0.4899 0.0000 0.0000 0.0000 0.0000 0.0000 0.0000 0.0000
373      373   (0)     10  : 0.0000 0.3646 0.0000 0.0000 0.0000 0.0000 0.0000 0.3918 0.0000 0.0000 0.0000 0.0000 0.0000 0.2436 0.0000 0.0000 0.0000 0.0000 0.0000
374      374   (0)     10  : 0.0000 0.2965 0.0000 0.0000 0.0000 0.0000 0.0000 0.7035 0.0000 0.0000 0.0000 0.0000 0.0000 0.0000 0.0000 0.0000 0.0000 0.0000 0.0000
375      375   (0)     10  : 0.0000 0.0000 0.0000 0.0000 0.0000 0.0000 0.0000 0.1054 0.0000 0.0000 0.0000 0.8897 0.0000 0.0048 0.0000 0.0000 0.0000 0.0000 0.0000
376      376   (0)     10  : 0.0000 0.0000 0.0000 0.0000 0.0000 0.0000 0.0000 0.0000 0.0106 0.0000 0.0000 0.6517 0.0000 0.3377 0.0000 0.0000 0.0000 0.0000 0.0000
377      377   (0)     10  : 0.0000 0.0504 0.0000 0.0000 0.0000 0.0002 0.0000 0.5748 0.0041 0.0000 0.0000 0.0000 0.0118 0.3587 0.0000 0.0000 0.0000 0.0000 0.0000
378      378   (0)     10  : 0.0000 0.0000 0.0000 0.0000 0.0000 0.0000 0.0000 1.0000 0.0000 0.0000 0.0000 0.0000 0.0000 0.0000 0.0000 0.0000 0.0000 0.0000 0.0000
379      379   (0)     10  : 0.0000 0.2790 0.0025 0.0000 0.0549 0.0000 0.0000 0.0879 0.0000 0.0000 0.0000 0.3797 0.1354 0.0607 0.0000 0.0000 0.0000 0.0000 0.0000
380      380   (0)     10  : 0.0000 0.4607 0.0000 0.0000 0.0000 0.0000 0.0000 0.0000 0.0000 0.0000 0.0000 0.0000 0.5331 0.0062 0.0000 0.0000 0.0000 0.0000 0.0000
381      381   (0)     10  : 0.0000 0.0000 0.0000 0.0000 0.0000 0.0000 0.0000 0.7870 0.0000 0.0000 0.0000 0.0000 0.0000 0.2130 0.0000 0.0000 0.0000 0.0000 0.0000
382      382   (0)     10  : 0.0000 0.4087 0.0000 0.0000 0.0000 0.0000 0.0000 0.0000 0.0000 0.0000 0.0000 0.2734 0.3179 0.0000 0.0000 0.0000 0.0000 0.0000 0.0000
383      383   (0)     10  : 0.0000 0.0864 0.0000 0.0000 0.0294 0.2346 0.0000 0.1250 0.0103 0.0000 0.0000 0.0000 0.2266 0.2877 0.0000 0.0000 0.0000 0.0000 0.0000
384      384   (0)     10  : 0.0000 0.0000 0.0000 0.0000 0.0000 0.0000 0.0000 0.2401 0.0000 0.0000 0.0000 0.4344 0.3254 0.0000 0.0000 0.0000 0.0000 0.0000 0.0000
385      385   (0)     10  : 0.0000 0.5421 0.0000 0.0000 0.0000 0.0000 0.0000 0.4579 0.0000 0.0000 0.0000 0.0000 0.0000 0.0000 0.0000 0.0000 0.0000 0.0000 0.0000
386      386   (0)     10  : 0.0000 0.0000 0.0000 0.0000 0.0000 0.0000 0.0000 1.0000 0.0000 0.0000 0.0000 0.0000 0.0000 0.0000 0.0000 0.0000 0.0000 0.0000 0.0000
387      387   (0)     10  : 0.0000 0.2208 0.0000 0.0000 0.0000 0.0000 0.0000 0.7792 0.0000 0.0000 0.0000 0.0000 0.0000 0.0000 0.0000 0.0000 0.0000 0.0000 0.0000
388      388   (0)     10  : 0.0000 0.0000 0.0000 0.0000 0.0000 0.0000 0.0000 1.0000 0.0000 0.0000 0.0000 0.0000 0.0000 0.0000 0.0000 0.0000 0.0000 0.0000 0.0000
389      389   (0)     10  : 0.0000 0.1457 0.0000 0.0000 0.0000 0.0000 0.0000 0.3598 0.0000 0.0000 0.0000 0.3753 0.1161 0.0031 0.0000 0.0000 0.0000 0.0000 0.0000
390      390   (0)      8  : 0.0000 0.0000 0.0000 0.0000 0.0000 0.0000 0.0000 0.0000 0.0000 0.0000 0.0000 1.0000 0.0000 0.0000 0.0000 0.0000 0.0000 0.0000 0.0000
391      391   (0)      8  : 0.0000 1.0000 0.0000 0.0000 0.0000 0.0000 0.0000 0.0000 0.0000 0.0000 0.0000 0.0000 0.0000 0.0000 0.0000 0.0000 0.0000 0.0000 0.0000
392      392   (0)      8  : 0.0000 0.0000 0.0000 0.0000 0.0000 1.0000 0.0000 0.0000 0.0000 0.0000 0.0000 0.0000 0.0000 0.0000 0.0000 0.0000 0.0000 0.0000 0.0000
393      393   (0)     11  : 0.0000 0.0000 0.0000 0.0000 0.0000 0.5460 0.0000 0.0000 0.0000 0.0000 0.0000 0.0000 0.4540 0.0000 0.0000 0.0000 0.0000 0.0000 0.0000
394      394   (0)     11  : 0.0000 1.0000 0.0000 0.0000 0.0000 0.0000 0.0000 0.0000 0.0000 0.0000 0.0000 0.0000 0.0000 0.0000 0.0000 0.0000 0.0000 0.0000 0.0000
395      395   (0)     11  : 0.0000 0.7323 0.0000 0.0000 0.0000 0.0000 0.0000 0.0000 0.0083 0.0025 0.0059 0.0000 0.0000 0.2511 0.0000 0.0000 0.0000 0.0000 0.0000
396      396   (0)     11  : 0.0000 0.1108 0.0000 0.0431 0.0057 0.4066 0.0000 0.0000 0.0000 0.0000 0.0000 0.0000 0.2926 0.1411 0.0000 0.0000 0.0000 0.0000 0.0000
397      397   (0)     11  : 0.0000 0.0000 0.0000 0.0000 0.0000 0.0000 0.0000 0.6328 0.0000 0.0000 0.0000 0.0000 0.0000 0.3672 0.0000 0.0000 0.0000 0.0000 0.0000
398      398   (0)     11  : 0.0000 0.0000 0.0000 0.0000 0.0000 0.0000 0.0000 0.0000 0.0000 0.0000 0.0000 1.0000 0.0000 0.0000 0.0000 0.0000 0.0000 0.0000 0.0000
399      399   (0)     11  : 0.0000 0.3182 0.0000 0.0000 0.0000 0.0000 0.0000 0.2720 0.0000 0.0000 0.0000 0.0000 0.4097 0.0000 0.0000 0.0000 0.0000 0.0000 0.0000
400      400   (0)     11  : 0.0000 0.0000 0.0000 0.0000 0.0000 0.1362 0.0000 0.0635 0.0000 0.0000 0.0000 0.4812 0.3192 0.0000 0.0000 0.0000 0.0000 0.0000 0.0000
401      401   (0)     11  : 0.0000 0.3291 0.0000 0.0000 0.0000 0.0000 0.0000 0.0000 0.0000 0.0000 0.0000 0.0000 0.6709 0.0000 0.0000 0.0000 0.0000 0.0000 0.0000
402      402   (0)     11  : 0.0000 0.3339 0.0000 0.0000 0.0000 0.1154 0.0000 0.3092 0.0000 0.0000 0.0000 0.0000 0.2072 0.0343 0.0000 0.0000 0.0000 0.0000 0.0000
403      403   (0)     11  : 0.0000 0.3477 0.0000 0.0000 0.0000 0.0000 0.0000 0.1602 0.0028 0.0000 0.0000 0.0164 0.4729 0.0000 0.0000 0.0000 0.0000 0.0000 0.0000
404      404   (0)     11  : 0.0000 0.0000 0.0000 0.0000 0.0000 0.0000 0.0000 0.0000 0.0000 0.0000 0.0000 1.0000 0.0000 0.0000 0.0000 0.0000 0.0000 0.0000 0.0000
405      405   (0)     11  : 0.0000 0.3835 0.0000 0.0000 0.0809 0.0640 0.0000 0.0000 0.0110 0.0000 0.0000 0.0629 0.3978 0.0000 0.0000 0.0000 0.0000 0.0000 0.0000
406      406   (0)     11  : 0.0000 0.0000 0.0000 0.0000 0.0000 0.0000 0.0000 0.0000 0.0000 0.0000 0.0000 0.3587 0.0000 0.6413 0.0000 0.0000 0.0000 0.0000 0.0000
407      407   (0)     11  : 0.0000 0.5178 0.0000 0.0000 0.0000 0.0000 0.0000 0.0000 0.0000 0.0000 0.0000 0.0000 0.4822 0.0000 0.0000 0.0000 0.0000 0.0000 0.0000
408      408   (0)     11  : 0.0000 0.4992 0.0000 0.0000 0.0000 0.2730 0.0000 0.0000 0.0000 0.0000 0.0000 0.2278 0.0000 0.0000 0.0000 0.0000 0.0000 0.0000 0.0000
409      409   (0)     11  : 0.0000 0.0000 0.0000 0.0000 0.0000 0.0000 0.0000 1.0000 0.0000 0.0000 0.0000 0.0000 0.0000 0.0000 0.0000 0.0000 0.0000 0.0000 0.0000
410      410   (0)     11  : 0.0000 0.4581 0.0000 0.0000 0.0000 0.2231 0.0000 0.3187 0.0000 0.0000 0.0000 0.0002 0.0000 0.0000 0.0000 0.0000 0.0000 0.0000 0.0000
411      411   (0)     11  : 0.0000 0.0000 0.0000 0.0000 0.0000 0.0000 0.0000 1.0000 0.0000 0.0000 0.0000 0.0000 0.0000 0.0000 0.0000 0.0000 0.0000 0.0000 0.0000
412      412   (0)     11  : 0.0000 0.2661 0.0000 0.0000 0.0000 0.0000 0.0000 0.0000 0.0021 0.0000 0.0000 0.4030 0.3288 0.0000 0.0000 0.0000 0.0000 0.0000 0.0000
413      413   (0)     11  : 0.0000 0.0000 0.0000 0.0000 0.0439 0.0000 0.0000 0.3118 0.0000 0.0000 0.0000 0.3916 0.0000 0.2527 0.0000 0.0000 0.0000 0.0000 0.0000
414      414   (0)     11  : 0.0000 0.4947 0.0000 0.0000 0.0000 0.1403 0.0000 0.1637 0.0000 0.0000 0.0000 0.0067 0.0000 0.1947 0.0000 0.0000 0.0000 0.0000 0.0000
415      415   (0)     11  : 0.0000 0.3129 0.0000 0.0000 0.0000 0.3750 0.0000 0.0000 0.0035 0.0000 0.0000 0.3086 0.0000 0.0000 0.0000 0.0000 0.0000 0.0000 0.0000
416      416   (0)     11  : 0.0000 0.1483 0.0000 0.0000 0.0000 0.0000 0.0000 0.0000 0.0179 0.0000 0.0000 0.4477 0.2037 0.1823 0.0000 0.0000 0.0000 0.0000 0.0000
417      417   (0)     11  : 0.0000 0.7505 0.0000 0.0000 0.0000 0.0000 0.0000 0.0000 0.0000 0.0000 0.0000 0.0000 0.0000 0.2495 0.0000 0.0000 0.0000 0.0000 0.0000
418      418   (0)     11  : 0.0117 0.0955 0.0000 0.0000 0.0246 0.1001 0.0000 0.1550 0.0000 0.0000 0.0000 0.0000 0.2061 0.4070 0.0000 0.0000 0.0000 0.0000 0.0000
419      419   (0)     11  : 0.0000 0.5859 0.0000 0.0000 0.0001 0.0000 0.0000 0.0000 0.0000 0.0000 0.0000 0.0003 0.4137 0.0000 0.0000 0.0000 0.0000 0.0000 0.0000
420      420   (0)     11  : 0.0000 1.0000 0.0000 0.0000 0.0000 0.0000 0.0000 0.0000 0.0000 0.0000 0.0000 0.0000 0.0000 0.0000 0.0000 0.0000 0.0000 0.0000 0.0000
421      421   (0)     11  : 0.0000 1.0000 0.0000 0.0000 0.0000 0.0000 0.0000 0.0000 0.0000 0.0000 0.0000 0.0000 0.0000 0.0000 0.0000 0.0000 0.0000 0.0000 0.0000
422      422   (0)     11  : 0.0000 0.5157 0.0000 0.0000 0.0000 0.4842 0.0000 0.0000 0.0000 0.0000 0.0000 0.0001 0.0000 0.0000 0.0000 0.0000 0.0000 0.0000 0.0000
423      423   (0)     12  : 0.0000 0.0000 0.0000 0.4306 0.0000 0.0000 0.0000 0.0000 0.0000 0.4117 0.1576 0.0000 0.0000 0.0000 0.0000 0.0000 0.0000 0.0000 0.0000
424      424   (0)     12  : 0.0000 0.0000 0.0000 0.0000 0.7566 0.0000 0.0000 0.0000 0.0864 0.0000 0.0000 0.1570 0.0000 0.0000 0.0000 0.0000 0.0000 0.0000 0.0000
425      425   (0)     12  : 0.1772 0.0000 0.0000 0.2456 0.0000 0.0000 0.0000 0.0000 0.0000 0.2326 0.0000 0.0000 0.0000 0.0000 0.0000 0.3445 0.0000 0.0000 0.0000
426      426   (0)     12  : 0.0000 0.0000 0.0000 0.0000 0.4695 0.0000 0.0000 0.0000 0.4311 0.0000 0.0000 0.0994 0.0000 0.0000 0.0000 0.0000 0.0000 0.0000 0.0000
427      427   (0)     12  : 0.2454 0.0000 0.0000 0.6849 0.0000 0.0000 0.0000 0.0000 0.0000 0.0098 0.0000 0.0000 0.0000 0.0000 0.0000 0.0599 0.0000 0.0000 0.0000
428      428   (0)     12  : 0.0000 0.0000 0.0000 0.0000 0.0000 0.0000 0.0000 0.0000 0.0000 0.0000 0.0000 0.0000 0.0000 0.0000 0.0000 1.0000 0.0000 0.0000 0.0000
429      429   (0)     12  : 0.0000 0.0000 0.0000 0.0000 0.0000 0.0000 0.0000 0.0000 1.0000 0.0000 0.0000 0.0000 0.0000 0.0000 0.0000 0.0000 0.0000 0.0000 0.0000
430      430   (0)     12  : 1.0000 0.0000 0.0000 0.0000 0.0000 0.0000 0.0000 0.0000 0.0000 0.0000 0.0000 0.0000 0.0000 0.0000 0.0000 0.0000 0.0000 0.0000 0.0000
431      431   (0)     12  : 0.6789 0.0000 0.0000 0.0000 0.0000 0.0000 0.0000 0.0000 0.0000 0.3211 0.0000 0.0000 0.0000 0.0000 0.0000 0.0000 0.0000 0.0000 0.0000
432      432   (0)     12  : 0.0000 0.0000 0.0000 0.0000 0.9106 0.0000 0.0000 0.0515 0.0379 0.0000 0.0000 0.0000 0.0000 0.0000 0.0000 0.0000 0.0000 0.0000 0.0000
433      433   (0)     12  : 0.0000 0.0000 0.0000 0.0000 0.0000 0.0000 0.0000 0.0000 0.0000 0.2992 0.7008 0.0000 0.0000 0.0000 0.0000 0.0000 0.0000 0.0000 0.0000
434      434   (0)     12  : 0.3345 0.0000 0.0000 0.0069 0.0000 0.0000 0.0000 0.0000 0.0000 0.3933 0.2652 0.0000 0.0000 0.0000 0.0000 0.0000 0.0000 0.0000 0.0000
435      435   (0)     12  : 0.9063 0.0000 0.0000 0.0000 0.0000 0.0000 0.0000 0.0000 0.0000 0.0000 0.0000 0.0000 0.0000 0.0000 0.0000 0.0000 0.0000 0.0000 0.0937
436      436   (0)     12  : 0.5987 0.0000 0.0000 0.1643 0.0000 0.0000 0.0000 0.0000 0.0000 0.2370 0.0000 0.0000 0.0000 0.0000 0.0000 0.0000 0.0000 0.0000 0.0000
437      437   (0)     12  : 0.5158 0.0000 0.0000 0.0000 0.0000 0.0000 0.0000 0.0000 0.0251 0.1655 0.2936 0.0000 0.0000 0.0000 0.0000 0.0000 0.0000 0.0000 0.0000
438      438   (0)     12  : 0.3236 0.0000 0.0000 0.0000 0.0000 0.0000 0.0000 0.0000 0.0000 0.1951 0.4814 0.0000 0.0000 0.0000 0.0000 0.0000 0.0000 0.0000 0.0000
439      439   (0)     12  : 0.0000 0.0000 0.0000 0.0000 1.0000 0.0000 0.0000 0.0000 0.0000 0.0000 0.0000 0.0000 0.0000 0.0000 0.0000 0.0000 0.0000 0.0000 0.0000
440      440   (0)     12  : 0.0000 0.0000 0.0000 0.0000 0.9793 0.0000 0.0000 0.0000 0.0207 0.0000 0.0000 0.0000 0.0000 0.0000 0.0000 0.0000 0.0000 0.0000 0.0000
441      441   (0)     12  : 1.0000 0.0000 0.0000 0.0000 0.0000 0.0000 0.0000 0.0000 0.0000 0.0000 0.0000 0.0000 0.0000 0.0000 0.0000 0.0000 0.0000 0.0000 0.0000
442      442   (0)     12  : 0.0000 0.0000 0.0000 0.0000 0.4649 0.0000 0.0000 0.0000 0.5351 0.0000 0.0000 0.0000 0.0000 0.0000 0.0000 0.0000 0.0000 0.0000 0.0000
443      443   (0)     12  : 0.0000 0.0000 0.0000 1.0000 0.0000 0.0000 0.0000 0.0000 0.0000 0.0000 0.0000 0.0000 0.0000 0.0000 0.0000 0.0000 0.0000 0.0000 0.0000
444      444   (0)     12  : 1.0000 0.0000 0.0000 0.0000 0.0000 0.0000 0.0000 0.0000 0.0000 0.0000 0.0000 0.0000 0.0000 0.0000 0.0000 0.0000 0.0000 0.0000 0.0000
445      445   (0)     12  : 0.0000 0.0000 0.0000 0.5482 0.0000 0.0000 0.0000 0.0000 0.0000 0.0009 0.4510 0.0000 0.0000 0.0000 0.0000 0.0000 0.0000 0.0000 0.0000
446      446   (0)     12  : 0.0000 0.0000 0.0000 0.4545 0.0000 0.0000 0.0000 0.0000 0.0000 0.0300 0.2588 0.0000 0.0000 0.0000 0.0000 0.2567 0.0000 0.0000 0.0000
447      447   (0)     12  : 0.5486 0.0000 0.0000 0.2353 0.0000 0.0000 0.0000 0.0000 0.0000 0.0000 0.2161 0.0000 0.0000 0.0000 0.0000 0.0000 0.0000 0.0000 0.0000
448      448   (0)     12  : 0.3407 0.0000 0.0000 0.2104 0.0000 0.0000 0.0000 0.0000 0.0000 0.2366 0.2123 0.0000 0.0000 0.0000 0.0000 0.0000 0.0000 0.0000 0.0000
449      449   (0)     12  : 0.0000 0.0000 0.0000 0.0000 0.0000 0.0000 0.0000 0.0000 0.0000 0.0000 1.0000 0.0000 0.0000 0.0000 0.0000 0.0000 0.0000 0.0000 0.0000
450      450   (0)     12  : 0.3592 0.0000 0.0000 0.3662 0.0000 0.0000 0.0000 0.0000 0.0000 0.0000 0.2746 0.0000 0.0000 0.0000 0.0000 0.0000 0.0000 0.0000 0.0000
451      451   (0)     12  : 0.0000 0.0000 0.0000 0.9991 0.0000 0.0000 0.0000 0.0000 0.0000 0.0000 0.0000 0.0000 0.0000 0.0000 0.0009 0.0000 0.0000 0.0000 0.0000
452      452   (0)     12  : 0.0458 0.0000 0.0000 0.2649 0.0000 0.0000 0.0000 0.0000 0.0000 0.5185 0.1707 0.0000 0.0000 0.0000 0.0000 0.0000 0.0000 0.0000 0.0000
453      453   (0)     13  : 0.0000 0.0000 0.0000 0.0000 0.0000 0.0000 0.0000 0.0000 0.0000 0.0000 1.0000 0.0000 0.0000 0.0000 0.0000 0.0000 0.0000 0.0000 0.0000
454      454   (0)     13  : 0.0000 0.0000 0.0000 0.0000 0.0000 0.0000 0.0000 0.0000 0.0000 0.0000 1.0000 0.0000 0.0000 0.0000 0.0000 0.0000 0.0000 0.0000 0.0000
455      455   (0)     13  : 0.1281 0.0000 0.0000 0.4397 0.0000 0.0000 0.0000 0.0000 0.0000 0.0000 0.4322 0.0000 0.0000 0.0000 0.0000 0.0000 0.0000 0.0000 0.0000
456      456   (0)     13  : 0.0000 0.0000 0.0000 0.0000 0.9483 0.0000 0.0000 0.0000 0.0517 0.0000 0.0000 0.0000 0.0000 0.0000 0.0000 0.0000 0.0000 0.0000 0.0000
457      457   (0)     13  : 0.2927 0.0000 0.0000 0.0000 0.0000 0.0000 0.0000 0.0000 0.0000 0.0000 0.1879 0.0000 0.0000 0.0000 0.0000 0.4628 0.0566 0.0000 0.0000
458      458   (0)     13  : 0.6319 0.0000 0.0000 0.0000 0.0000 0.0000 0.0000 0.0000 0.0000 0.0000 0.3681 0.0000 0.0000 0.0000 0.0000 0.0000 0.0000 0.0000 0.0000
459      459   (0)     13  : 0.0000 0.0000 0.0000 0.0000 0.0000 0.0000 0.0000 0.0000 0.0000 0.0000 1.0000 0.0000 0.0000 0.0000 0.0000 0.0000 0.0000 0.0000 0.0000
460      460   (0)     13  : 0.0000 0.0000 0.0000 0.6747 0.0000 0.0000 0.0000 0.0000 0.0000 0.0000 0.3253 0.0000 0.0000 0.0000 0.0000 0.0000 0.0000 0.0000 0.0000
461      461   (0)     13  : 0.0000 0.0000 0.0000 0.3282 0.0000 0.0000 0.0000 0.0000 0.0000 0.0000 0.0000 0.0000 0.0000 0.0000 0.0000 0.6718 0.0000 0.0000 0.0000
462      462   (0)     13  : 0.2738 0.0000 0.0000 0.3661 0.0000 0.0000 0.0000 0.0000 0.0000 0.0000 0.0000 0.0000 0.0000 0.0000 0.0000 0.3601 0.0000 0.0000 0.0000
463      463   (0)     13  : 0.2206 0.0000 0.0000 0.1648 0.0000 0.0000 0.0000 0.0000 0.0000 0.0000 0.0819 0.0000 0.0000 0.0000 0.0000 0.5064 0.0000 0.0263 0.0000
464      464   (0)     13  : 0.0000 0.0000 0.0000 0.0000 0.0000 0.0000 0.0000 0.0000 0.0000 0.0000 0.0000 0.0000 0.0000 0.0000 1.0000 0.0000 0.0000 0.0000 0.0000
465      465   (0)     13  : 0.0000 0.0000 0.0000 0.0000 0.0000 0.0000 0.0000 0.0000 0.0000 0.0000 0.0000 0.0000 0.0000 0.0000 0.0000 1.0000 0.0000 0.0000 0.0000
466      466   (0)     13  : 0.0000 0.0000 0.0000 1.0000 0.0000 0.0000 0.0000 0.0000 0.0000 0.0000 0.0000 0.0000 0.0000 0.0000 0.0000 0.0000 0.0000 0.0000 0.0000
467      467   (0)     13  : 0.0000 0.0000 0.0000 1.0000 0.0000 0.0000 0.0000 0.0000 0.0000 0.0000 0.0000 0.0000 0.0000 0.0000 0.0000 0.0000 0.0000 0.0000 0.0000
468      468   (0)     13  : 0.0517 0.0000 0.0000 0.0000 0.0000 0.0000 0.0000 0.0000 0.0000 0.0145 0.0000 0.0000 0.0000 0.0000 0.5440 0.0000 0.0000 0.2429 0.1468
469      469   (0)     13  : 0.0000 0.0000 0.0000 0.0000 0.0000 0.0000 0.4202 0.0000 0.0000 0.0000 0.0000 0.0000 0.0000 0.0000 0.0000 0.0000 0.3611 0.2187 0.0000
470      470   (0)     13  : 0.6326 0.0000 0.0000 0.3346 0.0000 0.0000 0.0000 0.0000 0.0000 0.0000 0.0000 0.0000 0.0000 0.0000 0.0000 0.0000 0.0328 0.0000 0.0000
471      471   (0)     13  : 0.4582 0.0000 0.0000 0.0199 0.0000 0.0000 0.0000 0.0000 0.0180 0.0000 0.0000 0.0000 0.0000 0.0000 0.0000 0.5039 0.0000 0.0000 0.0000
472      472   (0)     13  : 0.5451 0.0000 0.0000 0.1631 0.0000 0.0000 0.0000 0.0000 0.0000 0.1505 0.0224 0.0000 0.0000 0.0000 0.0000 0.1190 0.0000 0.0000 0.0000
473      473   (0)     13  : 0.0584 0.0000 0.0000 0.0000 0.7918 0.0000 0.0000 0.0000 0.0208 0.0000 0.0000 0.0000 0.1291 0.0000 0.0000 0.0000 0.0000 0.0000 0.0000
474      474   (0)     13  : 0.0000 0.0000 0.0000 0.5216 0.0000 0.0000 0.0000 0.0000 0.0000 0.2289 0.1635 0.0000 0.0000 0.0000 0.0000 0.0860 0.0000 0.0000 0.0000
475      475   (0)     13  : 0.3665 0.0000 0.0000 0.0000 0.0000 0.0000 0.0000 0.0000 0.0000 0.0000 0.6335 0.0000 0.0000 0.0000 0.0000 0.0000 0.0000 0.0000 0.0000
476      476   (0)     13  : 0.0000 0.0000 0.0000 0.0000 0.9498 0.0000 0.0000 0.0000 0.0502 0.0000 0.0000 0.0000 0.0000 0.0000 0.0000 0.0000 0.0000 0.0000 0.0000
477      477   (0)     13  : 0.0000 0.0000 0.0000 0.0000 0.0000 0.0000 0.0000 0.0000 0.0000 0.0000 1.0000 0.0000 0.0000 0.0000 0.0000 0.0000 0.0000 0.0000 0.0000
478      478   (0)     13  : 0.0000 0.0000 0.0000 0.0000 0.0000 0.0000 0.0000 0.0000 0.0000 0.3980 0.0000 0.0000 0.0000 0.0000 0.0000 0.6020 0.0000 0.0000 0.0000
479      479   (0)     13  : 0.2927 0.0000 0.0000 0.3806 0.0000 0.0000 0.0000 0.0000 0.0000 0.2283 0.0000 0.0000 0.0000 0.0000 0.0000 0.0984 0.0000 0.0000 0.0000
480      480   (0)     13  : 0.0000 0.0000 0.0000 0.0000 0.8900 0.0000 0.0000 0.0000 0.1100 0.0000 0.0000 0.0000 0.0000 0.0000 0.0000 0.0000 0.0000 0.0000 0.0000
481      481   (0)     13  : 0.1069 0.0000 0.0107 0.0000 0.0000 0.0000 0.2924 0.0000 0.0106 0.0275 0.0000 0.0000 0.0000 0.0000 0.1962 0.0000 0.0000 0.1651 0.1906
482      482   (0)     13  : 0.3338 0.0000 0.0000 0.3637 0.0000 0.0000 0.0000 0.0000 0.0000 0.2709 0.0004 0.0000 0.0000 0.0000 0.0000 0.0000 0.0000 0.0312 0.0000
483      483   (0)     14  : 0.4757 0.0000 0.0000 0.4230 0.0000 0.0000 0.0000 0.0000 0.0000 0.0000 0.1012 0.0000 0.0000 0.0000 0.0000 0.0000 0.0000 0.0000 0.0000
484      484   (0)     14  : 0.3273 0.0000 0.0000 0.3087 0.0000 0.0000 0.0000 0.0000 0.0000 0.0108 0.2930 0.0000 0.0000 0.0000 0.0000 0.0602 0.0000 0.0000 0.0000
485      485   (0)     15  : 0.2464 0.0000 0.0000 0.3958 0.0000 0.0000 0.0000 0.0000 0.0000 0.0001 0.3577 0.0000 0.0000 0.0000 0.0000 0.0000 0.0000 0.0000 0.0000
486      486   (0)     15  : 1.0000 0.0000 0.0000 0.0000 0.0000 0.0000 0.0000 0.0000 0.0000 0.0000 0.0000 0.0000 0.0000 0.0000 0.0000 0.0000 0.0000 0.0000 0.0000
487      487   (0)     15  : 1.0000 0.0000 0.0000 0.0000 0.0000 0.0000 0.0000 0.0000 0.0000 0.0000 0.0000 0.0000 0.0000 0.0000 0.0000 0.0000 0.0000 0.0000 0.0000
488      488   (0)     15  : 0.0000 0.0000 0.0000 0.0000 0.0000 0.0000 0.0000 0.0000 0.0000 0.0000 1.0000 0.0000 0.0000 0.0000 0.0000 0.0000 0.0000 0.0000 0.0000
489      489   (0)     15  : 0.0000 0.0000 0.0000 0.0000 0.9285 0.0715 0.0000 0.0000 0.0000 0.0000 0.0000 0.0000 0.0000 0.0000 0.0000 0.0000 0.0000 0.0000 0.0000
490      490   (0)     15  : 0.0000 0.0000 0.0000 0.0000 0.9617 0.0000 0.0000 0.0000 0.0383 0.0000 0.0000 0.0000 0.0000 0.0000 0.0000 0.0000 0.0000 0.0000 0.0000
491      491   (0)     15  : 0.0000 0.0000 0.0000 0.0000 0.0000 0.0000 0.0000 0.0000 0.0000 0.4159 0.2326 0.0000 0.0000 0.0000 0.0000 0.3515 0.0000 0.0000 0.0000
492      492   (0)     15  : 0.0000 0.0000 0.0000 0.0000 1.0000 0.0000 0.0000 0.0000 0.0000 0.0000 0.0000 0.0000 0.0000 0.0000 0.0000 0.0000 0.0000 0.0000 0.0000
493      493   (0)     15  : 0.0000 0.0000 0.0048 0.0000 0.0000 0.0000 0.0000 0.0000 0.0000 0.3476 0.4279 0.0000 0.0000 0.0000 0.0233 0.1963 0.0000 0.0000 0.0000
494      494   (0)     15  : 0.5230 0.0000 0.0000 0.2773 0.0000 0.0000 0.0000 0.0000 0.0000 0.1997 0.0000 0.0000 0.0000 0.0000 0.0000 0.0000 0.0000 0.0000 0.0000
495      495   (0)     15  : 0.0305 0.0000 0.0000 0.0000 0.0000 0.0000 0.0000 0.0000 0.0000 0.1430 0.2181 0.0000 0.0000 0.0000 0.0000 0.6084 0.0000 0.0000 0.0000
496      496   (0)     15  : 0.4993 0.0000 0.0000 0.5007 0.0000 0.0000 0.0000 0.0000 0.0000 0.0000 0.0000 0.0000 0.0000 0.0000 0.0000 0.0000 0.0000 0.0000 0.0000
497      497   (0)     15  : 0.0000 0.0000 0.0000 0.0000 0.0000 0.0000 0.0000 0.0000 0.0000 0.0000 0.0000 0.0000 0.0000 0.0000 0.0000 1.0000 0.0000 0.0000 0.0000
498      498   (0)     15  : 0.6016 0.0000 0.0000 0.0000 0.0000 0.0000 0.0000 0.0000 0.0000 0.0000 0.3984 0.0000 0.0000 0.0000 0.0000 0.0000 0.0000 0.0000 0.0000
499      499   (0)     15  : 0.2222 0.0000 0.0000 0.4062 0.0000 0.0000 0.0000 0.0000 0.0000 0.0000 0.3716 0.0000 0.0000 0.0000 0.0000 0.0000 0.0000 0.0000 0.0000
500      500   (0)     15  : 1.0000 0.0000 0.0000 0.0000 0.0000 0.0000 0.0000 0.0000 0.0000 0.0000 0.0000 0.0000 0.0000 0.0000 0.0000 0.0000 0.0000 0.0000 0.0000
501      501   (0)     15  : 1.0000 0.0000 0.0000 0.0000 0.0000 0.0000 0.0000 0.0000 0.0000 0.0000 0.0000 0.0000 0.0000 0.0000 0.0000 0.0000 0.0000 0.0000 0.0000
502      502   (0)     15  : 0.0000 0.0000 0.0000 0.0000 0.0000 0.0000 0.0000 0.0000 0.0000 0.0000 1.0000 0.0000 0.0000 0.0000 0.0000 0.0000 0.0000 0.0000 0.0000
503      503   (0)     15  : 0.2546 0.0000 0.0000 0.7454 0.0000 0.0000 0.0000 0.0000 0.0000 0.0000 0.0000 0.0000 0.0000 0.0000 0.0000 0.0000 0.0000 0.0000 0.0000
504      504   (0)     15  : 0.7442 0.0000 0.0000 0.0000 0.0000 0.0000 0.0000 0.0000 0.0000 0.0000 0.2558 0.0000 0.0000 0.0000 0.0000 0.0000 0.0000 0.0000 0.0000
505      505   (0)     15  : 1.0000 0.0000 0.0000 0.0000 0.0000 0.0000 0.0000 0.0000 0.0000 0.0000 0.0000 0.0000 0.0000 0.0000 0.0000 0.0000 0.0000 0.0000 0.0000
506      506   (0)     15  : 0.0000 0.0000 0.0000 0.0000 0.0000 0.0000 0.0000 0.0000 0.0000 0.0000 1.0000 0.0000 0.0000 0.0000 0.0000 0.0000 0.0000 0.0000 0.0000
507      507   (0)     15  : 0.1678 0.0000 0.0000 0.2394 0.0000 0.0000 0.0000 0.0000 0.0000 0.0000 0.1967 0.0000 0.0000 0.0000 0.0000 0.3957 0.0000 0.0000 0.0002
508      508   (0)     15  : 0.0000 0.0000 0.0000 0.0000 0.0000 0.0000 0.0000 0.0000 0.0000 0.0000 0.0000 0.0000 0.0000 0.0000 0.0000 1.0000 0.0000 0.0000 0.0000
509      509   (0)     15  : 0.0000 0.0000 0.0000 0.0000 1.0000 0.0000 0.0000 0.0000 0.0000 0.0000 0.0000 0.0000 0.0000 0.0000 0.0000 0.0000 0.0000 0.0000 0.0000
510      510   (0)     15  : 0.0000 0.0000 0.0000 0.0000 1.0000 0.0000 0.0000 0.0000 0.0000 0.0000 0.0000 0.0000 0.0000 0.0000 0.0000 0.0000 0.0000 0.0000 0.0000
511      511   (0)     15  : 1.0000 0.0000 0.0000 0.0000 0.0000 0.0000 0.0000 0.0000 0.0000 0.0000 0.0000 0.0000 0.0000 0.0000 0.0000 0.0000 0.0000 0.0000 0.0000
512      512   (0)     15  : 0.0000 0.0000 0.0000 0.2465 0.0000 0.0000 0.0000 0.0000 0.0000 0.3473 0.4062 0.0000 0.0000 0.0000 0.0000 0.0000 0.0000 0.0000 0.0000
513      513   (0)     15  : 0.3771 0.0000 0.0000 0.6032 0.0000 0.0000 0.0000 0.0000 0.0000 0.0000 0.0000 0.0000 0.0000 0.0000 0.0000 0.0000 0.0000 0.0197 0.0000
514      514   (0)     15  : 1.0000 0.0000 0.0000 0.0000 0.0000 0.0000 0.0000 0.0000 0.0000 0.0000 0.0000 0.0000 0.0000 0.0000 0.0000 0.0000 0.0000 0.0000 0.0000
515      515   (0)     16  : 0.0000 0.0000 0.0000 0.0000 0.0000 0.0000 0.0000 0.0000 0.0000 0.0000 0.0000 0.0000 0.0000 0.0000 1.0000 0.0000 0.0000 0.0000 0.0000
516      516   (0)     16  : 0.2548 0.0000 0.0000 0.0000 0.0000 0.0000 0.0000 0.0000 0.0000 0.0000 0.0083 0.0000 0.0000 0.0000 0.0000 0.7369 0.0000 0.0000 0.0000
517      517   (0)     16  : 0.0000 0.0000 0.0000 0.0000 0.8108 0.0000 0.0000 0.0000 0.1039 0.0000 0.0000 0.0000 0.0000 0.0853 0.0000 0.0000 0.0000 0.0000 0.0000
518      518   (0)     16  : 0.4271 0.0000 0.0082 0.2538 0.0000 0.0000 0.0000 0.0000 0.0000 0.2979 0.0000 0.0000 0.0000 0.0000 0.0000 0.0000 0.0000 0.0130 0.0000
519      519   (0)     16  : 0.0000 0.0000 0.0000 1.0000 0.0000 0.0000 0.0000 0.0000 0.0000 0.0000 0.0000 0.0000 0.0000 0.0000 0.0000 0.0000 0.0000 0.0000 0.0000
520      520   (0)     16  : 0.0000 0.0000 0.0000 0.0000 0.0000 0.0000 0.0000 0.0000 0.0000 1.0000 0.0000 0.0000 0.0000 0.0000 0.0000 0.0000 0.0000 0.0000 0.0000
521      521   (0)     16  : 0.0000 0.0000 0.0000 0.0000 0.0000 0.0000 0.0000 0.0000 0.0000 0.0000 0.0000 0.0000 0.0000 0.0000 0.0000 1.0000 0.0000 0.0000 0.0000
522      522   (0)     16  : 0.0000 0.0000 0.0000 0.0000 0.0000 0.0000 0.0000 0.0000 1.0000 0.0000 0.0000 0.0000 0.0000 0.0000 0.0000 0.0000 0.0000 0.0000 0.0000
523      523   (0)     16  : 0.0000 0.0000 0.0000 0.0000 0.0000 0.0000 0.0000 0.0000 0.0000 0.3178 0.6822 0.0000 0.0000 0.0000 0.0000 0.0000 0.0000 0.0000 0.0000
524      524   (0)     16  : 0.0000 0.0000 0.0000 0.0000 0.8180 0.0000 0.0000 0.0000 0.0996 0.0000 0.0000 0.0824 0.0000 0.0000 0.0000 0.0000 0.0000 0.0000 0.0000
525      525   (0)     16  : 0.0000 0.0000 0.0000 1.0000 0.0000 0.0000 0.0000 0.0000 0.0000 0.0000 0.0000 0.0000 0.0000 0.0000 0.0000 0.0000 0.0000 0.0000 0.0000
526      526   (0)     16  : 0.0000 0.0000 0.0000 0.5280 0.0000 0.0000 0.0000 0.0000 0.0000 0.4720 0.0000 0.0000 0.0000 0.0000 0.0000 0.0000 0.0000 0.0000 0.0000
527      527   (0)     16  : 0.0000 0.0000 0.0000 0.0000 0.8785 0.0000 0.0000 0.0000 0.1067 0.0000 0.0000 0.0000 0.0148 0.0000 0.0000 0.0000 0.0000 0.0000 0.0000
528      528   (0)     16  : 0.4655 0.0000 0.0000 0.0000 0.0000 0.0000 0.0000 0.0000 0.0000 0.5345 0.0000 0.0000 0.0000 0.0000 0.0000 0.0000 0.0000 0.0000 0.0000
529      529   (0)     16  : 0.0000 0.0000 0.0000 1.0000 0.0000 0.0000 0.0000 0.0000 0.0000 0.0000 0.0000 0.0000 0.0000 0.0000 0.0000 0.0000 0.0000 0.0000 0.0000
530      530   (0)     16  : 0.0000 0.0000 0.0000 0.0000 0.0000 0.0000 0.0000 0.0000 0.0000 1.0000 0.0000 0.0000 0.0000 0.0000 0.0000 0.0000 0.0000 0.0000 0.0000
531      531   (0)     16  : 0.0000 0.0000 0.0000 0.3421 0.0000 0.0000 0.0000 0.0000 0.0000 0.4178 0.2401 0.0000 0.0000 0.0000 0.0000 0.0000 0.0000 0.0000 0.0000
532      532   (0)     16  : 0.0000 0.0000 0.0000 0.0000 0.0000 0.0000 0.0000 0.0000 1.0000 0.0000 0.0000 0.0000 0.0000 0.0000 0.0000 0.0000 0.0000 0.0000 0.0000
533      533   (0)     16  : 0.0000 0.0000 0.0000 0.0000 0.0000 0.0000 0.0000 0.0000 1.0000 0.0000 0.0000 0.0000 0.0000 0.0000 0.0000 0.0000 0.0000 0.0000 0.0000
534      534   (0)     16  : 0.0000 0.0000 0.0000 0.0000 0.0000 0.0000 0.0000 0.0000 0.0000 1.0000 0.0000 0.0000 0.0000 0.0000 0.0000 0.0000 0.0000 0.0000 0.0000
535      535   (0)     16  : 0.0000 0.0000 0.0000 0.0000 0.0000 0.0000 0.0000 0.0000 0.0000 1.0000 0.0000 0.0000 0.0000 0.0000 0.0000 0.0000 0.0000 0.0000 0.0000
536      536   (0)     16  : 0.0000 0.0000 0.0000 0.0000 0.0000 0.0000 0.0000 0.0000 0.0000 1.0000 0.0000 0.0000 0.0000 0.0000 0.0000 0.0000 0.0000 0.0000 0.0000
537      537   (0)     16  : 0.0000 0.0000 0.0000 0.4859 0.0000 0.0000 0.0000 0.0000 0.0000 0.5141 0.0000 0.0000 0.0000 0.0000 0.0000 0.0000 0.0000 0.0000 0.0000
538      538   (0)     16  : 0.3882 0.0000 0.0000 0.4160 0.0000 0.0000 0.0000 0.0000 0.0000 0.1958 0.0000 0.0000 0.0000 0.0000 0.0000 0.0000 0.0000 0.0000 0.0000
539      539   (0)     16  : 0.0542 0.0000 0.0000 0.4002 0.0000 0.0000 0.0000 0.0000 0.0000 0.3502 0.0000 0.0000 0.0000 0.0000 0.0000 0.1758 0.0196 0.0000 0.0000
540      540   (0)     16  : 0.0000 0.0000 0.0000 0.0000 0.0000 0.0000 0.0000 0.0000 0.0000 0.0000 1.0000 0.0000 0.0000 0.0000 0.0000 0.0000 0.0000 0.0000 0.0000
541      541   (0)     16  : 0.0000 0.0000 1.0000 0.0000 0.0000 0.0000 0.0000 0.0000 0.0000 0.0000 0.0000 0.0000 0.0000 0.0000 0.0000 0.0000 0.0000 0.0000 0.0000
542      542   (0)     16  : 0.0000 0.0000 0.0000 0.3539 0.0000 0.0000 0.0000 0.0000 0.0000 0.0000 0.6461 0.0000 0.0000 0.0000 0.0000 0.0000 0.0000 0.0000 0.0000
543      543   (0)     16  : 0.0000 0.0000 0.0000 0.5625 0.0000 0.0000 0.0000 0.0000 0.0000 0.0000 0.0000 0.0000 0.0000 0.0000 0.0000 0.4375 0.0000 0.0000 0.0000
544      544   (0)     16  : 0.0000 0.0000 0.0000 0.3871 0.0000 0.0000 0.0000 0.0000 0.0000 0.1667 0.0000 0.0000 0.0000 0.0000 0.0000 0.4461 0.0000 0.0000 0.0000
