1        1   (0)      1  : 0.0192 0.0319 0.0000 0.0000 0.0002 0.0000 0.4638 0.0000 0.3847 0.0011 0.0000 0.0000 0.0007 0.0022 0.0012 0.0949
2        2   (0)      1  : 0.2439 0.0000 0.0462 0.0453 0.0000 0.0000 0.0488 0.0022 0.3721 0.0000 0.0000 0.0207 0.0046 0.0468 0.0395 0.1300
3        3   (0)      1  : 0.0000 0.0000 0.0007 0.0094 0.1614 0.0000 0.0005 0.0000 0.0000 0.5496 0.0740 0.0000 0.0000 0.0009 0.2034 0.0000
4        4   (0)      1  : 0.1450 0.0000 0.0079 0.0019 0.0000 0.0000 0.1842 0.0000 0.5747 0.0000 0.0000 0.0781 0.0000 0.0042 0.0000 0.0039
5        5   (0)      1  : 0.0307 0.0000 0.0126 0.0478 0.0026 0.0000 0.0000 0.0000 0.7279 0.0000 0.0000 0.0100 0.0002 0.0455 0.1121 0.0107
6        6   (0)      1  : 0.1506 0.0265 0.0092 0.0039 0.0000 0.0000 0.3530 0.0106 0.0128 0.2526 0.0000 0.0000 0.0000 0.0000 0.0487 0.1321
7        7   (0)      1  : 0.0000 0.0000 0.0245 0.0249 0.6541 0.0000 0.0000 0.0000 0.0546 0.0000 0.0613 0.0106 0.0043 0.0668 0.0809 0.0181
8        8   (0)      2  : 0.1008 0.0000 0.0000 0.0000 0.0000 0.0000 0.0000 0.0000 0.7855 0.0000 0.0000 0.0185 0.0000 0.0392 0.0000 0.0561
9        9   (0)      1  : 0.2880 0.0000 0.0000 0.0000 0.0122 0.0000 0.0000 0.0007 0.5817 0.0000 0.0000 0.0055 0.0045 0.0023 0.0011 0.1040
10       10   (0)      3  : 0.0052 0.0000 0.0243 0.4382 0.0000 0.0000 0.2349 0.0000 0.0000 0.0000 0.0000 0.1995 0.0000 0.0000 0.0096 0.0884
11       11   (0)      4  : 0.0000 0.0000 0.0000 0.0567 0.0000 0.0000 0.0000 0.0000 0.0000 0.0000 0.0000 0.0692 0.0000 0.0000 0.8742 0.0000
12       12   (0)      4  : 0.1193 0.0000 0.0057 0.1395 0.0003 0.0000 0.0433 0.0000 0.0170 0.0000 0.0029 0.1421 0.0103 0.0097 0.0000 0.5098
13       13   (0)      4  : 0.0000 0.0000 0.0181 0.1889 0.0000 0.0000 0.2682 0.0000 0.0770 0.0508 0.0000 0.2034 0.0015 0.0694 0.0874 0.0354
14       14   (0)      4  : 0.0000 0.0000 0.0000 0.0588 0.0000 0.0000 0.0000 0.0000 0.0000 0.0000 0.0000 0.0000 0.0000 0.0000 0.9412 0.0000
15       15   (0)      4  : 0.0430 0.0011 0.0354 0.4864 0.0000 0.0000 0.0000 0.0010 0.1942 0.0000 0.0021 0.0000 0.0081 0.0128 0.0199 0.1961
16       16   (0)      4  : 0.0000 0.0000 0.0000 0.0000 0.0619 0.0000 0.2693 0.0000 0.0000 0.6455 0.0000 0.0000 0.0000 0.0000 0.0000 0.0233
17       17   (0)      5  : 0.0162 0.0000 0.0026 0.1017 0.0000 0.0000 0.1726 0.0000 0.1485 0.0000 0.0000 0.1127 0.0000 0.0095 0.0000 0.4363
18       18   (0)      4  : 0.0000 0.0000 0.0038 0.3314 0.0000 0.0000 0.3963 0.0000 0.0142 0.0055 0.0000 0.0623 0.0000 0.0140 0.0567 0.1159
19       19   (0)      5  : 0.0600 0.0000 0.0389 0.3431 0.0000 0.0000 0.0291 0.0000 0.2472 0.0000 0.0000 0.0220 0.0000 0.0022 0.0130 0.2444
20       20   (0)      5  : 0.0743 0.0000 0.0273 0.4976 0.0000 0.0000 0.0000 0.0000 0.0017 0.0000 0.0000 0.1169 0.0000 0.0403 0.0000 0.2418
21       21   (0)      5  : 0.0000 0.0000 0.0000 0.6034 0.0000 0.0000 0.1958 0.0000 0.0000 0.0000 0.0000 0.1311 0.0000 0.0124 0.0000 0.0574
22       22   (0)      5  : 0.1178 0.0000 0.0318 0.6142 0.0000 0.0000 0.0000 0.0000 0.0000 0.0000 0.0000 0.0089 0.0000 0.0001 0.0073 0.2198
23       23   (0)      5  : 0.0000 0.0000 0.0042 0.2949 0.0000 0.0000 0.6093 0.0000 0.0000 0.0000 0.0000 0.0128 0.0000 0.0262 0.0303 0.0224
24       24   (0)      5  : 0.0000 0.0000 0.0000 0.5988 0.0000 0.0000 0.2764 0.0000 0.0000 0.0000 0.0000 0.0588 0.0000 0.0000 0.0075 0.0585
25       25   (0)      5  : 0.0289 0.0000 0.0167 0.2576 0.0043 0.0000 0.1479 0.0000 0.0019 0.0023 0.0000 0.0550 0.0000 0.0661 0.0474 0.3720
26       26   (0)      5  : 0.0000 0.0000 0.0000 0.5522 0.0043 0.0002 0.3229 0.0000 0.0000 0.0076 0.0000 0.0553 0.0000 0.0044 0.0037 0.0494
27       27   (0)      5  : 0.0000 0.0000 0.0164 0.4479 0.0000 0.0140 0.0000 0.0000 0.0413 0.0000 0.0000 0.2123 0.0000 0.0263 0.0000 0.2419
28       28   (0)      5  : 0.0000 0.0000 0.0044 0.3767 0.0000 0.0000 0.5005 0.0000 0.0000 0.0000 0.0000 0.0070 0.0000 0.0337 0.0333 0.0444
29       29   (0)      5  : 0.0000 0.0000 0.0020 0.7612 0.0000 0.0000 0.0000 0.0000 0.0000 0.0000 0.0000 0.0068 0.0000 0.0265 0.0677 0.1357
30       30   (0)      5  : 0.2081 0.0000 0.0093 0.2404 0.0000 0.0000 0.0000 0.0000 0.0000 0.0000 0.0000 0.0091 0.0000 0.0025 0.0000 0.5307
31       31   (0)      5  : 0.0134 0.0000 0.0098 0.2010 0.0000 0.0000 0.1601 0.0000 0.0222 0.0000 0.0000 0.0973 0.0000 0.0063 0.0639 0.4260
32       32   (0)      5  : 0.0000 0.0000 0.0203 0.4137 0.0014 0.0000 0.1075 0.0000 0.0000 0.0000 0.0000 0.1011 0.0000 0.0945 0.0482 0.2133
33       33   (0)      5  : 0.0104 0.0000 0.0060 0.0534 0.0000 0.0000 0.5107 0.0000 0.0000 0.0000 0.0000 0.0012 0.0024 0.0042 0.0071 0.4047
34       34   (0)      5  : 0.0189 0.0000 0.0206 0.2954 0.0000 0.0000 0.4072 0.0000 0.0000 0.0000 0.0000 0.0227 0.0000 0.0003 0.0000 0.2349
35       35   (0)      5  : 0.1107 0.0000 0.0057 0.1854 0.0000 0.0000 0.0736 0.0000 0.0020 0.0000 0.0000 0.0472 0.0000 0.0000 0.0000 0.5752
36       36   (0)      5  : 0.0216 0.0000 0.0437 0.6149 0.0000 0.0000 0.0000 0.0000 0.0000 0.0000 0.0000 0.0051 0.0000 0.0000 0.0828 0.2318
37       37   (0)      5  : 0.0793 0.0000 0.0625 0.4760 0.0000 0.0000 0.0933 0.0000 0.0000 0.0000 0.0000 0.0029 0.0000 0.0393 0.0004 0.2464
38       38   (0)      5  : 0.0000 0.0000 0.0145 0.6162 0.0000 0.0000 0.2335 0.0000 0.0000 0.0000 0.0000 0.0025 0.0000 0.0037 0.0044 0.1252
39       39   (0)      5  : 0.0030 0.0000 0.0000 0.4298 0.0000 0.0000 0.0836 0.0000 0.0000 0.0000 0.0000 0.0000 0.0000 0.0000 0.2690 0.2146
40       40   (0)      5  : 0.1457 0.0000 0.0459 0.4030 0.0000 0.0000 0.0489 0.0000 0.0000 0.0000 0.0000 0.0096 0.0000 0.0478 0.0478 0.2512
41       41   (0)      5  : 0.0000 0.0000 0.0061 0.4320 0.0000 0.0000 0.4377 0.0000 0.0000 0.0000 0.0000 0.0086 0.0000 0.0404 0.0255 0.0497
42       42   (0)      5  : 0.1837 0.0000 0.0241 0.2833 0.0000 0.0000 0.0000 0.0000 0.0000 0.0000 0.0000 0.0656 0.0000 0.0000 0.0000 0.4434
43       43   (0)      5  : 0.0000 0.0000 0.0000 0.0000 0.0000 0.0002 0.0000 0.0000 0.0000 0.9990 0.0000 0.0008 0.0000 0.0000 0.0000 0.0000
44       44   (0)      5  : 0.0117 0.0000 0.0271 0.3317 0.0000 0.0000 0.4162 0.0000 0.0012 0.0000 0.0000 0.0149 0.0000 0.0528 0.0745 0.0698
45       45   (0)      4  : 0.0000 0.0000 0.0000 0.3569 0.0000 0.0000 0.0000 0.0000 0.0000 0.0000 0.0000 0.0000 0.0000 0.0135 0.6116 0.0180
46       46   (0)      4  : 0.0782 0.0000 0.0346 0.1084 0.0170 0.0000 0.1666 0.0010 0.0811 0.0010 0.0000 0.0242 0.0000 0.0831 0.0821 0.3227
47       47   (0)      4  : 0.0000 0.0000 0.0015 0.2462 0.0000 0.0000 0.6123 0.0000 0.0000 0.0000 0.0000 0.0101 0.0000 0.0084 0.0000 0.1214
48       48   (0)      4  : 0.2174 0.0000 0.0203 0.1750 0.0000 0.0000 0.0000 0.0000 0.0014 0.0000 0.0000 0.0343 0.0000 0.0000 0.1876 0.3640
49       49   (0)      5  : 0.0328 0.0000 0.0183 0.1405 0.0033 0.0000 0.2653 0.0011 0.0070 0.0001 0.0011 0.0102 0.0193 0.0499 0.0835 0.3675
50       50   (0)      4  : 0.0000 0.0000 0.0000 0.2475 0.0000 0.0000 0.3295 0.0000 0.0134 0.0000 0.0000 0.3791 0.0000 0.0068 0.0000 0.0237
51       51   (0)      4  : 0.0018 0.0000 0.0000 0.0000 0.0000 0.0000 0.1105 0.0000 0.0000 0.7075 0.0000 0.0932 0.0000 0.0000 0.0000 0.0870
52       52   (0)      4  : 0.0460 0.0123 0.0143 0.2095 0.0173 0.0000 0.0171 0.0033 0.0500 0.0006 0.0000 0.0362 0.0244 0.0557 0.0019 0.5113
53       53   (0)      4  : 0.0000 0.0000 0.0000 0.0000 0.0718 0.0000 0.0157 0.0000 0.0000 0.7455 0.0000 0.1586 0.0000 0.0084 0.0000 0.0000
54       54   (0)      4  : 0.0474 0.0000 0.0261 0.3687 0.0000 0.0000 0.0000 0.0000 0.0186 0.0000 0.0000 0.0642 0.0067 0.0143 0.1350 0.3190
55       55   (0)      4  : 0.0000 0.0000 0.0000 0.0000 0.0000 0.0000 0.0022 0.0000 0.0000 0.9358 0.0000 0.0000 0.0000 0.0000 0.0000 0.0621
56       56   (0)      4  : 0.0335 0.0000 0.0198 0.0857 0.0000 0.0000 0.0013 0.0000 0.0000 0.7963 0.0000 0.0000 0.0000 0.0000 0.0084 0.0550
57       57   (0)      4  : 0.0000 0.0000 0.0070 0.5194 0.0000 0.0000 0.0004 0.0000 0.0288 0.0000 0.0000 0.0000 0.0000 0.0012 0.2360 0.2073
58       58   (0)      5  : 0.0496 0.0000 0.0288 0.1452 0.0244 0.0000 0.1279 0.0000 0.0219 0.0000 0.0000 0.0155 0.0001 0.0738 0.0819 0.4309
59       59   (0)      4  : 0.0123 0.0000 0.0000 0.0039 0.1035 0.0000 0.2569 0.0312 0.0000 0.3824 0.0011 0.0007 0.0000 0.0000 0.0000 0.2079
60       60   (0)      4  : 0.0000 0.0000 0.0009 0.0063 0.0000 0.0000 0.0371 0.0000 0.0000 0.7690 0.0000 0.0743 0.0000 0.0071 0.1045 0.0007
61       61   (0)      4  : 0.0256 0.0000 0.0000 0.0958 0.0000 0.0000 0.1540 0.0000 0.1003 0.0000 0.0000 0.0086 0.0000 0.0014 0.0807 0.5337
62       62   (0)      5  : 0.0000 0.0000 0.0063 0.2207 0.0000 0.0000 0.2584 0.0010 0.0779 0.0000 0.0000 0.0764 0.0000 0.0017 0.0810 0.2766
63       63   (0)      6  : 0.0000 0.0000 0.0034 0.1021 0.0000 0.0070 0.1337 0.0010 0.0435 0.5216 0.0000 0.0000 0.0000 0.0308 0.0839 0.0729
64       64   (0)      6  : 0.0000 0.0050 0.0000 0.0001 0.1505 0.0000 0.1145 0.0001 0.0000 0.6547 0.0000 0.0000 0.0000 0.0270 0.0000 0.0481
65       65   (0)      6  : 0.0000 0.0000 0.0327 0.0060 0.0000 0.0000 0.0000 0.0000 0.8175 0.0000 0.0000 0.0055 0.0261 0.0000 0.0000 0.1121
66       66   (0)      6  : 0.0307 0.0000 0.0100 0.1802 0.0000 0.0000 0.2709 0.0000 0.1763 0.0000 0.0000 0.0554 0.0000 0.0412 0.0000 0.2353
67       67   (0)      6  : 0.0000 0.0000 0.0000 0.0552 0.0000 0.0000 0.0000 0.0000 0.0108 0.0000 0.0000 0.0000 0.0000 0.0015 0.9325 0.0000
68       68   (0)      6  : 0.0000 0.0000 0.0154 0.0000 0.0000 0.0000 0.2734 0.0000 0.5845 0.0000 0.0000 0.1256 0.0011 0.0000 0.0000 0.0000
69       69   (0)      6  : 0.0237 0.0000 0.0000 0.0199 0.0000 0.0000 0.3628 0.0000 0.3465 0.0000 0.0000 0.0032 0.0000 0.0000 0.0000 0.2439
70       70   (0)      6  : 0.0000 0.0135 0.0000 0.0309 0.0054 0.0000 0.3964 0.0032 0.1964 0.0404 0.0000 0.0000 0.0178 0.0000 0.0000 0.2959
71       71   (0)      6  : 0.0000 0.0000 0.0168 0.1109 0.0000 0.0000 0.8041 0.0028 0.0000 0.0000 0.0000 0.0263 0.0094 0.0097 0.0068 0.0132
72       72   (0)      6  : 0.0027 0.0000 0.0031 0.1434 0.0000 0.0000 0.3773 0.0000 0.3314 0.0000 0.0000 0.0000 0.0000 0.0000 0.0000 0.1420
73       73   (0)      7  : 0.1242 0.0000 0.0333 0.3399 0.0000 0.0031 0.0000 0.0000 0.0019 0.0000 0.0000 0.0000 0.0014 0.0089 0.0019 0.4853
74       74   (0)      7  : 0.1597 0.0000 0.0155 0.0966 0.0000 0.0000 0.0119 0.0000 0.0721 0.0135 0.0000 0.0001 0.0644 0.0066 0.0014 0.5580
75       75   (0)      7  : 0.0000 0.0000 0.0123 0.1100 0.0009 0.0000 0.0918 0.0000 0.1956 0.0000 0.0000 0.0769 0.0057 0.0461 0.0514 0.4092
76       76   (0)      7  : 0.1467 0.0000 0.0000 0.2075 0.0056 0.0000 0.0000 0.0030 0.1274 0.0003 0.0000 0.0089 0.0000 0.0609 0.0181 0.4217
77       77   (0)      7  : 0.0523 0.0000 0.0092 0.5323 0.0000 0.0000 0.0000 0.0000 0.0055 0.0000 0.0000 0.1169 0.0000 0.0965 0.0104 0.1770
78       78   (0)      7  : 0.0113 0.0000 0.0217 0.1977 0.0058 0.0000 0.0695 0.0000 0.1864 0.0000 0.0000 0.0300 0.0107 0.0797 0.1012 0.2858
79       79   (0)      7  : 0.1317 0.0000 0.0113 0.3169 0.0000 0.0000 0.0000 0.0004 0.0141 0.0030 0.0000 0.0251 0.0013 0.0868 0.0000 0.4094
80       80   (0)      7  : 0.2959 0.0000 0.0078 0.0795 0.0000 0.0000 0.0000 0.0000 0.1218 0.0000 0.0000 0.0312 0.0119 0.0076 0.0000 0.4443
81       81   (0)      7  : 0.0364 0.0000 0.0000 0.3366 0.0000 0.0000 0.0208 0.0000 0.1186 0.0000 0.0000 0.0315 0.0000 0.0083 0.0000 0.4479
82       82   (0)      7  : 0.0262 0.0000 0.0000 0.6269 0.0000 0.0000 0.0000 0.0000 0.0491 0.0000 0.0000 0.0084 0.0000 0.0348 0.0334 0.2211
83       83   (0)      7  : 0.2511 0.0032 0.0438 0.0688 0.0405 0.0000 0.0538 0.0000 0.0318 0.0371 0.0000 0.0085 0.0000 0.0448 0.0357 0.3809
84       84   (0)      7  : 0.0477 0.0000 0.0064 0.0000 0.0593 0.0000 0.0000 0.0000 0.0124 0.7296 0.0000 0.0000 0.0000 0.0013 0.0031 0.1403
85       85   (0)      7  : 0.1047 0.0000 0.0056 0.2838 0.0000 0.0000 0.0000 0.0035 0.0354 0.0000 0.0000 0.0000 0.0278 0.0103 0.0375 0.4915
86       86   (0)      7  : 0.0343 0.0000 0.0005 0.5527 0.0000 0.0000 0.0000 0.0000 0.1853 0.0000 0.0000 0.0110 0.0000 0.0474 0.0252 0.1435
87       87   (0)      7  : 0.0356 0.0000 0.0016 0.0000 0.0000 0.0000 0.0822 0.0000 0.0000 0.7396 0.0000 0.0000 0.0000 0.0000 0.0000 0.1410
88       88   (0)      7  : 0.0000 0.0000 0.0047 0.1263 0.0000 0.0000 0.5365 0.0000 0.0381 0.0000 0.0000 0.0000 0.0000 0.0053 0.0000 0.2890
89       89   (0)      7  : 0.0000 0.0000 0.0000 0.0000 0.0000 0.0000 0.0714 0.0000 0.0000 0.8701 0.0000 0.0000 0.0000 0.0000 0.0526 0.0059
90       90   (0)      7  : 0.0340 0.0021 0.0050 0.3128 0.0000 0.0000 0.0044 0.0000 0.0076 0.0017 0.0000 0.0089 0.0010 0.0356 0.1109 0.4760
91       91   (0)      7  : 0.0392 0.0000 0.0047 0.0874 0.0000 0.0028 0.2371 0.0000 0.0293 0.0040 0.0000 0.0329 0.0000 0.0092 0.0000 0.5536
92       92   (0)      7  : 0.1039 0.0000 0.0440 0.3078 0.0000 0.0000 0.0011 0.0000 0.0189 0.0019 0.0000 0.0466 0.0077 0.0004 0.0139 0.4539
93       93   (0)      7  : 0.0435 0.0000 0.0482 0.3990 0.0203 0.0000 0.0000 0.0000 0.1049 0.0093 0.0000 0.0190 0.0000 0.1112 0.0931 0.1516
94       94   (0)      7  : 0.0734 0.0000 0.0389 0.2647 0.0000 0.0000 0.2072 0.0000 0.1453 0.0000 0.0000 0.0000 0.0000 0.0006 0.0039 0.2660
95       95   (0)      7  : 0.0001 0.0000 0.0000 0.5045 0.0000 0.0000 0.0000 0.0000 0.1530 0.0000 0.0000 0.0000 0.0000 0.0280 0.1198 0.1946
96       96   (0)      7  : 0.0000 0.0000 0.0239 0.2881 0.0313 0.0000 0.1750 0.0083 0.0144 0.0059 0.0004 0.0215 0.0000 0.0814 0.0718 0.2779
97       97   (0)      7  : 0.0000 0.0000 0.0156 0.6460 0.0000 0.0000 0.0000 0.0000 0.0425 0.0000 0.0000 0.0151 0.0000 0.0936 0.0541 0.1331
98       98   (0)      7  : 0.0000 0.0000 0.0316 0.5144 0.0000 0.0000 0.0000 0.0013 0.0492 0.0000 0.0000 0.0363 0.0000 0.1431 0.1081 0.1160
99       99   (0)      7  : 0.0000 0.0000 0.0057 0.6400 0.0000 0.0000 0.0000 0.0000 0.0004 0.0161 0.0000 0.0266 0.0000 0.0738 0.1708 0.0666
100      100   (0)      7  : 0.0000 0.0000 0.0000 0.0337 0.0000 0.0000 0.0000 0.0000 0.2223 0.7406 0.0000 0.0000 0.0000 0.0000 0.0000 0.0034
101      101   (0)      6  : 0.1170 0.0000 0.0197 0.0634 0.0000 0.0000 0.0000 0.0000 0.5573 0.0000 0.0000 0.0045 0.0000 0.0000 0.0000 0.2381
102      102   (0)      6  : 0.0000 0.0000 0.0411 0.1316 0.0000 0.0000 0.0916 0.0216 0.4800 0.0000 0.0000 0.0688 0.0468 0.0174 0.0213 0.0797
103      103   (0)      6  : 0.0000 0.0000 0.0000 0.0007 0.0000 0.0000 0.6050 0.0009 0.2169 0.0000 0.0000 0.0000 0.0079 0.0012 0.0149 0.1526
104      104   (0)      6  : 0.2183 0.0000 0.0240 0.0077 0.0000 0.0000 0.0000 0.0000 0.4875 0.0000 0.0000 0.0035 0.0000 0.0000 0.0000 0.2591
105      105   (0)      6  : 0.0000 0.0000 0.0000 0.0023 0.0000 0.0000 0.6323 0.0000 0.2990 0.0000 0.0000 0.0000 0.0000 0.0000 0.0037 0.0626
106      106   (0)      6  : 0.0200 0.0000 0.0212 0.0824 0.0000 0.0000 0.1173 0.0000 0.5459 0.0031 0.0000 0.0512 0.0000 0.0259 0.0827 0.0504
107      107   (0)      6  : 0.1013 0.0000 0.0362 0.0172 0.0000 0.0000 0.2237 0.0032 0.4263 0.0158 0.0000 0.0070 0.0067 0.0061 0.0042 0.1523
108      108   (0)      6  : 0.0451 0.0000 0.0303 0.0169 0.0121 0.0000 0.3117 0.0000 0.4143 0.0000 0.0000 0.0527 0.0000 0.0202 0.0001 0.0965
109      109   (0)      6  : 0.0333 0.0000 0.0000 0.0000 0.0000 0.0000 0.0051 0.0000 0.0000 0.9616 0.0000 0.0000 0.0000 0.0000 0.0000 0.0000
110      110   (0)      7  : 0.0073 0.0000 0.0000 0.1632 0.0000 0.0000 0.2711 0.0000 0.1355 0.0169 0.0000 0.0406 0.0000 0.0000 0.0024 0.3628
111      111   (0)      7  : 0.0000 0.0000 0.0000 0.0475 0.0000 0.0000 0.0000 0.0000 0.0398 0.0109 0.0005 0.0000 0.0000 0.0000 0.8369 0.0644
112      112   (0)      6  : 0.0000 0.0000 0.0000 0.0086 0.0000 0.0000 0.0165 0.0000 0.6945 0.0072 0.0005 0.0000 0.0000 0.0012 0.1626 0.1089
113      113   (0)      6  : 0.0000 0.0000 0.0000 0.0000 0.0000 0.0000 0.0000 0.0059 0.8855 0.0000 0.0000 0.0000 0.0957 0.0098 0.0032 0.0000
114      114   (0)      6  : 0.0000 0.0000 0.0000 0.0000 0.0000 0.0114 0.0000 0.0000 0.0944 0.8190 0.0151 0.0000 0.0000 0.0000 0.0601 0.0000
115      115   (0)      6  : 0.0341 0.0000 0.0018 0.2562 0.0000 0.0000 0.0000 0.0030 0.5436 0.0000 0.0000 0.0174 0.0543 0.0075 0.0047 0.0773
116      116   (0)      6  : 0.0000 0.0000 0.0052 0.0103 0.1431 0.0036 0.0000 0.0000 0.1893 0.3736 0.0904 0.0000 0.0000 0.0049 0.1790 0.0006
117      117   (0)      6  : 0.0447 0.0007 0.0106 0.1515 0.0000 0.0000 0.1311 0.0000 0.4586 0.0576 0.0254 0.0078 0.0003 0.0188 0.0530 0.0398
118      118   (0)      6  : 0.0000 0.0000 0.0000 0.0000 0.0000 0.0000 0.1527 0.0000 0.6799 0.0000 0.0000 0.1624 0.0044 0.0000 0.0006 0.0000
119      119   (0)      6  : 0.0016 0.0000 0.0022 0.0000 0.0000 0.0000 0.1751 0.0000 0.7624 0.0000 0.0000 0.0000 0.0000 0.0000 0.0000 0.0587
120      120   (0)      6  : 0.0000 0.0000 0.0012 0.0813 0.0000 0.0000 0.0000 0.0000 0.8360 0.0000 0.0000 0.0034 0.0000 0.0064 0.0000 0.0718
121      121   (0)      6  : 0.0000 0.0000 0.0000 0.0008 0.0000 0.0000 0.0000 0.0006 0.8181 0.0000 0.0000 0.0000 0.0086 0.0067 0.0000 0.1651
122      122   (0)      6  : 0.0000 0.0000 0.0000 0.0000 0.0727 0.0115 0.0000 0.0000 0.2099 0.6724 0.0233 0.0000 0.0057 0.0022 0.0024 0.0000
123      123   (0)      8  : 0.0077 0.0000 0.0388 0.1365 0.0473 0.0000 0.4292 0.0000 0.0855 0.0000 0.0000 0.0108 0.0000 0.0760 0.1042 0.0642
124      124   (0)      8  : 0.1124 0.0000 0.0538 0.1545 0.0004 0.0003 0.4036 0.0000 0.0000 0.0300 0.0004 0.0000 0.0015 0.0000 0.0678 0.1753
125      125   (0)      8  : 0.0000 0.0000 0.0231 0.0778 0.0281 0.0000 0.6894 0.0000 0.0000 0.0000 0.0000 0.0204 0.0000 0.0699 0.0739 0.0174
126      126   (0)      8  : 0.2403 0.0000 0.0679 0.2793 0.0000 0.0000 0.0128 0.0000 0.0000 0.0142 0.0000 0.0010 0.0022 0.0000 0.0463 0.3360
127      127   (0)      8  : 0.2161 0.0000 0.0566 0.3375 0.0000 0.0066 0.0000 0.0000 0.0000 0.0000 0.0000 0.0000 0.0000 0.0011 0.1709 0.2111
128      128   (0)      8  : 0.0000 0.0000 0.0000 0.3801 0.0000 0.0000 0.3530 0.0000 0.0000 0.0000 0.0000 0.1605 0.0000 0.0082 0.0527 0.0455
129      129   (0)      8  : 0.0729 0.0000 0.0373 0.1989 0.0117 0.0000 0.4746 0.0011 0.0006 0.0000 0.0000 0.0086 0.0046 0.0328 0.0454 0.1114
130      130   (0)      8  : 0.0000 0.0000 0.0335 0.1116 0.0286 0.0000 0.5705 0.0000 0.0751 0.0000 0.0000 0.0416 0.0008 0.0171 0.0905 0.0308
131      131   (0)      8  : 0.1446 0.0000 0.0633 0.1289 0.0000 0.0000 0.0380 0.0003 0.0407 0.0000 0.0000 0.1141 0.0000 0.0698 0.2267 0.1735
132      132   (0)      8  : 0.0997 0.0000 0.0605 0.2792 0.0000 0.0000 0.3769 0.0000 0.0000 0.0000 0.0000 0.0057 0.0000 0.0195 0.0000 0.1586
133      133   (0)      8  : 0.2225 0.0000 0.0471 0.1142 0.0089 0.0000 0.3881 0.0000 0.0000 0.0000 0.0000 0.0059 0.0000 0.0428 0.0372 0.1334
134      134   (0)      8  : 0.0211 0.0000 0.0079 0.3525 0.0014 0.0000 0.1916 0.0023 0.0000 0.0073 0.0000 0.0312 0.0000 0.0415 0.0432 0.3000
135      135   (0)      8  : 0.0011 0.0000 0.0000 0.0860 0.0000 0.0000 0.0000 0.0000 0.0000 0.0000 0.0000 0.0000 0.0000 0.0000 0.9051 0.0078
136      136   (0)      8  : 0.0069 0.0000 0.0128 0.0433 0.0000 0.0000 0.8768 0.0000 0.0002 0.0000 0.0000 0.0206 0.0000 0.0000 0.0012 0.0381
137      137   (0)      8  : 0.2158 0.0000 0.0396 0.2143 0.0272 0.0000 0.0000 0.0005 0.0548 0.0000 0.0000 0.0760 0.0054 0.0455 0.1049 0.2158
138      138   (0)      8  : 0.3546 0.0000 0.0867 0.2816 0.0000 0.0000 0.0245 0.0000 0.0000 0.0000 0.0000 0.0057 0.0000 0.0006 0.0242 0.2221
139      139   (0)      8  : 0.3432 0.0000 0.0726 0.2123 0.0000 0.0000 0.0221 0.0000 0.0000 0.0179 0.0000 0.0237 0.0000 0.0082 0.0040 0.2961
140      140   (0)      8  : 0.3647 0.0000 0.0856 0.2425 0.0000 0.0000 0.0000 0.0000 0.0027 0.0000 0.0000 0.0000 0.0000 0.0000 0.0001 0.3045
141      141   (0)      8  : 0.1956 0.0000 0.0704 0.2027 0.0000 0.0000 0.3134 0.0000 0.0000 0.0000 0.0000 0.0038 0.0000 0.0000 0.0558 0.1582
142      142   (0)      8  : 0.0034 0.0000 0.0252 0.4391 0.0000 0.0000 0.2078 0.0000 0.0000 0.0000 0.0000 0.2425 0.0000 0.0144 0.0000 0.0677
143      143   (0)      8  : 0.3258 0.0000 0.0752 0.1560 0.0000 0.0000 0.0864 0.0000 0.0034 0.0000 0.0000 0.0174 0.0000 0.0170 0.0000 0.3188
144      144   (0)      8  : 0.0111 0.0000 0.0000 0.0578 0.0000 0.0000 0.0000 0.0000 0.0000 0.0000 0.0000 0.0000 0.0000 0.0000 0.9297 0.0015
145      145   (0)      8  : 0.2114 0.0000 0.0405 0.1312 0.0000 0.0037 0.0126 0.0005 0.0009 0.0007 0.0000 0.1622 0.0021 0.0455 0.0587 0.3299
146      146   (0)      3  : 0.0335 0.0000 0.0268 0.2660 0.0000 0.0000 0.5081 0.0000 0.0000 0.0000 0.0000 0.0170 0.0001 0.0378 0.0483 0.0624
147      147   (0)      3  : 0.0508 0.0000 0.0156 0.0266 0.1130 0.0000 0.2405 0.0000 0.0000 0.4981 0.0000 0.0000 0.0000 0.0000 0.0000 0.0553
148      148   (0)      3  : 0.0273 0.0000 0.0082 0.0010 0.0000 0.0000 0.8046 0.0000 0.0000 0.0000 0.0000 0.1090 0.0000 0.0047 0.0000 0.0452
149      149   (0)      3  : 0.2445 0.0000 0.0723 0.2978 0.0003 0.0000 0.0830 0.0000 0.0000 0.0173 0.0000 0.0000 0.0000 0.0068 0.0091 0.2688
150      150   (0)      3  : 0.1574 0.0000 0.0587 0.1805 0.0001 0.0000 0.3680 0.0000 0.0000 0.0000 0.0000 0.0841 0.0005 0.0337 0.0000 0.1169
151      151   (0)      3  : 0.0007 0.0000 0.0501 0.1740 0.0000 0.0000 0.4275 0.0000 0.0000 0.0572 0.0000 0.1268 0.0000 0.0000 0.0950 0.0689
152      152   (0)      3  : 0.2645 0.0000 0.0921 0.3388 0.0000 0.0000 0.0000 0.0000 0.0000 0.0000 0.0000 0.0000 0.0000 0.0000 0.0441 0.2606
153      153   (0)      3  : 0.1788 0.0000 0.0642 0.3597 0.0000 0.0000 0.1331 0.0000 0.0000 0.0000 0.0000 0.0021 0.0000 0.0000 0.0555 0.2066
154      154   (0)      3  : 0.1242 0.0000 0.0321 0.4761 0.0013 0.0000 0.2084 0.0000 0.0000 0.0000 0.0000 0.0277 0.0000 0.0064 0.0000 0.1238
155      155   (0)      3  : 0.1486 0.0000 0.0448 0.4288 0.0000 0.0000 0.0642 0.0000 0.0000 0.0000 0.0000 0.0045 0.0000 0.0003 0.0616 0.2472
156      156   (0)      3  : 0.1157 0.0000 0.0533 0.4301 0.0333 0.0030 0.0000 0.0000 0.0000 0.0061 0.0000 0.0000 0.0000 0.0032 0.1804 0.1750
157      157   (0)      3  : 0.1729 0.0000 0.0694 0.2858 0.0909 0.0000 0.0268 0.0000 0.0000 0.0000 0.0000 0.0048 0.0000 0.0432 0.0287 0.2775
158      158   (0)      3  : 0.2966 0.0000 0.0823 0.2398 0.0005 0.0000 0.0212 0.0000 0.0000 0.0000 0.0000 0.0051 0.0000 0.0289 0.0577 0.2679
159      159   (0)      3  : 0.2387 0.0000 0.0885 0.3032 0.0002 0.0000 0.0190 0.0008 0.0365 0.0000 0.0000 0.0016 0.0000 0.0218 0.0054 0.2841
160      160   (0)      3  : 0.1047 0.0000 0.0229 0.0075 0.1549 0.0000 0.0000 0.0000 0.0000 0.5481 0.0000 0.0000 0.0000 0.0000 0.0000 0.1618
161      161   (0)      3  : 0.1714 0.0000 0.0883 0.1564 0.0000 0.0000 0.0623 0.0000 0.0698 0.0000 0.0000 0.2276 0.0016 0.0000 0.0510 0.1717
162      162   (0)      3  : 0.0459 0.0000 0.0303 0.1791 0.0000 0.0000 0.6164 0.0000 0.0000 0.0000 0.0000 0.0049 0.0000 0.0000 0.0448 0.0787
163      163   (0)      3  : 0.3826 0.0000 0.0660 0.2876 0.0000 0.0000 0.0007 0.0000 0.0000 0.0000 0.0000 0.0198 0.0000 0.0024 0.0053 0.2356
164      164   (0)      3  : 0.1158 0.0000 0.0278 0.3318 0.0000 0.0000 0.1321 0.0000 0.0000 0.0000 0.0000 0.1673 0.0000 0.0046 0.0000 0.2206
165      165   (0)      3  : 0.2633 0.0000 0.0969 0.3722 0.0000 0.0000 0.0005 0.0000 0.0000 0.0000 0.0000 0.0000 0.0000 0.0059 0.0233 0.2378
166      166   (0)      3  : 0.0000 0.0000 0.0168 0.1729 0.0082 0.0000 0.6401 0.0000 0.0007 0.0000 0.0000 0.0228 0.0000 0.0000 0.1083 0.0302
167      167   (0)      3  : 0.1911 0.0000 0.0550 0.4019 0.0000 0.0000 0.0050 0.0000 0.0000 0.0000 0.0000 0.1025 0.0000 0.0358 0.0000 0.2087
168      168   (0)      3  : 0.2292 0.0000 0.0481 0.1220 0.0000 0.0000 0.2843 0.0037 0.0072 0.0000 0.0000 0.0000 0.0000 0.0000 0.0224 0.2832
169      169   (0)      3  : 0.2139 0.0000 0.0713 0.2979 0.0032 0.0000 0.0112 0.0000 0.0034 0.0000 0.0000 0.0080 0.0000 0.0435 0.1128 0.2349
170      170   (0)      3  : 0.2063 0.0000 0.0360 0.3550 0.0000 0.0000 0.0000 0.0000 0.0021 0.0000 0.0000 0.0738 0.0000 0.0000 0.0559 0.2709
171      171   (0)      3  : 0.3771 0.0000 0.0679 0.1835 0.0000 0.0000 0.0009 0.0000 0.0000 0.0121 0.0000 0.0017 0.0000 0.0098 0.0117 0.3353
172      172   (0)      3  : 0.3213 0.0000 0.0531 0.4041 0.0000 0.0000 0.0067 0.0000 0.0000 0.0000 0.0000 0.0182 0.0002 0.0183 0.0073 0.1709
173      173   (0)      3  : 0.2644 0.0000 0.0703 0.3063 0.0000 0.0000 0.0005 0.0000 0.0332 0.0000 0.0000 0.0137 0.0000 0.0000 0.0830 0.2286
174      174   (0)      3  : 0.1372 0.0000 0.0383 0.3061 0.0001 0.0000 0.1972 0.0000 0.0000 0.0000 0.0000 0.1767 0.0000 0.0053 0.0012 0.1379
175      175   (0)      8  : 0.0094 0.0000 0.0289 0.3933 0.0000 0.0000 0.3249 0.0000 0.0000 0.0000 0.0000 0.1558 0.0000 0.0056 0.0000 0.0821
176      176   (0)      8  : 0.0000 0.0000 0.0097 0.0709 0.0000 0.0000 0.0000 0.0000 0.0022 0.0000 0.0000 0.0074 0.0000 0.0399 0.8607 0.0092
177      177   (0)      8  : 0.1790 0.0000 0.0512 0.1645 0.0000 0.0000 0.3310 0.0000 0.0000 0.0000 0.0000 0.0014 0.0000 0.0102 0.0202 0.2424
178      178   (0)      8  : 0.1785 0.0000 0.0536 0.1200 0.0000 0.0000 0.0000 0.0000 0.1627 0.0000 0.0000 0.1994 0.0000 0.0000 0.1250 0.1607
179      179   (0)      8  : 0.1373 0.0000 0.0348 0.2027 0.0000 0.0000 0.3973 0.0006 0.0007 0.0000 0.0000 0.0066 0.0015 0.0066 0.0133 0.1987
180      180   (0)      8  : 0.0936 0.0000 0.0524 0.3078 0.0303 0.0000 0.3080 0.0000 0.0139 0.0000 0.0000 0.0278 0.0003 0.0059 0.0203 0.1395
181      181   (0)      8  : 0.1238 0.0000 0.0381 0.3048 0.0000 0.0061 0.2530 0.0000 0.0000 0.0000 0.0000 0.0088 0.0000 0.0274 0.0228 0.2152
182      182   (0)      1  : 0.5460 0.0000 0.0433 0.0212 0.0000 0.0000 0.0000 0.0000 0.1181 0.0000 0.0000 0.0152 0.0000 0.0000 0.0013 0.2548
183      183   (0)      1  : 0.2259 0.0000 0.0031 0.0000 0.0000 0.0000 0.3452 0.0000 0.2931 0.0000 0.0000 0.0477 0.0000 0.0126 0.0000 0.0725
184      184   (0)      1  : 0.4304 0.0000 0.0554 0.0008 0.0000 0.0000 0.0000 0.0000 0.3227 0.0000 0.0000 0.1078 0.0000 0.0000 0.0082 0.0747
185      185   (0)      1  : 0.1967 0.0000 0.0000 0.0000 0.0000 0.0000 0.3891 0.0000 0.3115 0.0526 0.0000 0.0196 0.0000 0.0000 0.0000 0.0306
186      186   (0)      1  : 0.4733 0.0000 0.0447 0.0017 0.0000 0.0000 0.0142 0.0000 0.3509 0.0000 0.0000 0.0153 0.0000 0.0031 0.0000 0.0967
187      187   (0)      1  : 0.1359 0.0165 0.0553 0.1272 0.0429 0.0000 0.1864 0.0001 0.2541 0.0000 0.0000 0.0000 0.0080 0.0299 0.0480 0.0958
188      188   (0)      1  : 0.5439 0.0000 0.0398 0.0019 0.0000 0.0000 0.0075 0.0000 0.2161 0.0000 0.0000 0.0324 0.0000 0.0000 0.0000 0.1585
189      189   (0)      1  : 0.5475 0.0000 0.0438 0.0012 0.0000 0.0000 0.1087 0.0000 0.1161 0.0000 0.0000 0.0143 0.0000 0.0005 0.0000 0.1679
190      190   (0)      2  : 0.0000 0.0000 0.0012 0.0000 0.0000 0.0000 0.5781 0.0000 0.1172 0.0000 0.0000 0.2941 0.0000 0.0087 0.0000 0.0007
191      191   (0)      2  : 0.3026 0.0000 0.0410 0.2315 0.0000 0.0001 0.0043 0.0000 0.0534 0.0000 0.0000 0.0005 0.0000 0.0061 0.0000 0.3604
192      192   (0)      2  : 0.3833 0.0000 0.0420 0.1643 0.0000 0.0000 0.1048 0.0002 0.0918 0.0015 0.0000 0.0104 0.0000 0.0001 0.0103 0.1913
193      193   (0)      2  : 0.0000 0.0000 0.0000 0.3011 0.0000 0.0151 0.5832 0.0000 0.0000 0.0000 0.0000 0.0209 0.0000 0.0511 0.0000 0.0285
194      194   (0)      2  : 0.2344 0.0000 0.0190 0.0148 0.0000 0.0000 0.1471 0.0000 0.0176 0.0000 0.0000 0.0000 0.0005 0.0000 0.0088 0.5577
195      195   (0)      2  : 0.0000 0.0000 0.0029 0.1302 0.0000 0.0000 0.8393 0.0000 0.0000 0.0000 0.0000 0.0078 0.0000 0.0000 0.0000 0.0199
196      196   (0)      2  : 0.1157 0.0000 0.0079 0.0000 0.0000 0.0000 0.0491 0.0000 0.4150 0.0000 0.0000 0.2570 0.0000 0.0000 0.0000 0.1553
197      197   (0)      2  : 0.0000 0.0000 0.0000 0.0975 0.0000 0.0000 0.0586 0.0000 0.1835 0.0000 0.0000 0.5343 0.0000 0.0000 0.0000 0.1260
198      198   (0)      1  : 0.1807 0.0000 0.0315 0.0392 0.0000 0.0000 0.4938 0.0000 0.1447 0.0000 0.0000 0.0553 0.0000 0.0150 0.0000 0.0398
199      199   (0)      1  : 0.3245 0.0000 0.0220 0.0164 0.0000 0.0000 0.0000 0.0000 0.4852 0.0000 0.0000 0.0057 0.0000 0.0153 0.0056 0.1252
200      200   (0)      1  : 0.0425 0.0000 0.0197 0.0937 0.0000 0.0000 0.3732 0.0000 0.3687 0.0000 0.0000 0.0507 0.0016 0.0000 0.0371 0.0129
201      201   (0)      1  : 0.0105 0.0000 0.0112 0.0008 0.0239 0.0000 0.1314 0.0000 0.7539 0.0000 0.0000 0.0276 0.0300 0.0000 0.0000 0.0107
202      202   (0)      1  : 0.0000 0.0000 0.0000 0.0000 0.0000 0.0000 0.2630 0.0000 0.5835 0.0115 0.0000 0.1420 0.0000 0.0000 0.0000 0.0000
203      203   (0)      1  : 0.0352 0.0000 0.0000 0.0000 0.0000 0.0000 0.0000 0.0000 0.9033 0.0000 0.0000 0.0615 0.0000 0.0000 0.0000 0.0000
204      204   (0)      2  : 0.0000 0.0000 0.0065 0.0677 0.0000 0.0000 0.2235 0.0000 0.0152 0.4747 0.0000 0.0956 0.0000 0.0000 0.0933 0.0234
205      205   (0)      2  : 0.0105 0.0000 0.0040 0.0035 0.0000 0.0000 0.3716 0.0000 0.3466 0.0000 0.0000 0.1978 0.0004 0.0000 0.0032 0.0625
206      206   (0)      2  : 0.0000 0.0000 0.0000 0.1065 0.0447 0.0000 0.0749 0.0000 0.0000 0.7562 0.0000 0.0000 0.0000 0.0000 0.0047 0.0130
207      207   (0)      2  : 0.3801 0.0000 0.0142 0.0775 0.0000 0.0000 0.0021 0.0020 0.0740 0.0000 0.0000 0.0366 0.0106 0.0044 0.0047 0.3938
208      208   (0)      2  : 0.0000 0.0000 0.0005 0.0003 0.0000 0.0000 0.9321 0.0000 0.0000 0.0000 0.0000 0.0672 0.0000 0.0000 0.0000 0.0000
209      209   (0)      2  : 0.3983 0.0000 0.0257 0.0221 0.0000 0.0000 0.0034 0.0000 0.0000 0.0185 0.0000 0.0693 0.0000 0.0000 0.0000 0.4627
210      210   (0)      2  : 0.0000 0.0000 0.0008 0.0367 0.0000 0.0000 0.4505 0.0000 0.0131 0.0000 0.0000 0.4718 0.0000 0.0157 0.0000 0.0114
211      211   (0)      1  : 0.0287 0.0000 0.0123 0.0000 0.0000 0.0000 0.5709 0.0003 0.1634 0.0000 0.0000 0.2226 0.0005 0.0008 0.0004 0.0000
212      212   (0)      1  : 0.1580 0.0000 0.0270 0.1047 0.0000 0.0000 0.0000 0.0000 0.5017 0.0000 0.0000 0.0174 0.0013 0.0067 0.1436 0.0395
213      213   (0)      1  : 0.2338 0.0000 0.0119 0.1107 0.0000 0.0021 0.1934 0.0000 0.3129 0.0000 0.0007 0.0631 0.0000 0.0473 0.0082 0.0159
214      214   (0)      1  : 0.2826 0.0000 0.0015 0.0063 0.0006 0.0000 0.0000 0.0000 0.4538 0.0000 0.0000 0.0417 0.0301 0.0002 0.0000 0.1830
215      215   (0)      1  : 0.0306 0.0000 0.0000 0.0000 0.0000 0.0000 0.7651 0.0000 0.1635 0.0000 0.0000 0.0407 0.0002 0.0000 0.0000 0.0000
216      216   (0)      1  : 0.2697 0.0000 0.0364 0.0008 0.0000 0.0000 0.0000 0.0000 0.5539 0.0000 0.0000 0.0484 0.0000 0.0000 0.0000 0.0908
217      217   (0)      1  : 0.3247 0.0000 0.0150 0.0015 0.0000 0.0000 0.0097 0.0000 0.5613 0.0000 0.0000 0.0473 0.0112 0.0009 0.0009 0.0274
218      218   (0)      1  : 0.0000 0.0000 0.0004 0.0468 0.0000 0.0000 0.4198 0.0000 0.5129 0.0000 0.0000 0.0022 0.0078 0.0000 0.0040 0.0061
219      219   (0)      2  : 0.2231 0.0000 0.0175 0.0000 0.0000 0.0000 0.4198 0.0000 0.1572 0.0000 0.0000 0.0239 0.0000 0.0000 0.0000 0.1585
220      220   (0)      2  : 0.0000 0.0000 0.0117 0.1296 0.0000 0.0000 0.4785 0.0000 0.1270 0.0000 0.0000 0.1469 0.0000 0.0075 0.0718 0.0269
221      221   (0)      2  : 0.3371 0.0000 0.0369 0.0152 0.0000 0.0000 0.0000 0.0104 0.2373 0.0000 0.0005 0.0769 0.0000 0.0014 0.0028 0.2816
222      222   (0)      2  : 0.2856 0.0000 0.0434 0.1556 0.0000 0.0000 0.1390 0.0000 0.2253 0.0000 0.0027 0.0050 0.0000 0.0326 0.0000 0.1107
223      223   (0)      2  : 0.2363 0.0000 0.0392 0.0167 0.0000 0.0000 0.0000 0.0000 0.4376 0.0000 0.0000 0.0072 0.0000 0.0000 0.0394 0.2237
224      224   (0)      2  : 0.0433 0.0000 0.0082 0.0061 0.0000 0.0000 0.8432 0.0000 0.0000 0.0261 0.0000 0.0315 0.0000 0.0000 0.0000 0.0416
225      225   (0)      2  : 0.0679 0.0000 0.0115 0.0135 0.0000 0.0000 0.3919 0.0000 0.1165 0.0000 0.0000 0.3569 0.0000 0.0097 0.0000 0.0320
226      226   (0)      2  : 0.4945 0.0017 0.0722 0.0335 0.0000 0.0000 0.0000 0.0000 0.1487 0.0000 0.0000 0.0302 0.0171 0.0162 0.0014 0.1844
227      227   (0)      2  : 0.5822 0.0000 0.0446 0.0039 0.0000 0.0000 0.1392 0.0000 0.0718 0.0000 0.0000 0.0337 0.0000 0.0000 0.0000 0.1246
228      228   (0)      2  : 0.4985 0.0003 0.0545 0.0188 0.0000 0.0000 0.1385 0.0000 0.0607 0.0000 0.0000 0.0057 0.0000 0.0056 0.0000 0.2174
229      229   (0)      2  : 0.5538 0.0000 0.0542 0.0000 0.0000 0.0000 0.0462 0.0000 0.0000 0.0000 0.0000 0.0000 0.0000 0.0000 0.0000 0.3457
230      230   (0)      2  : 0.0399 0.0000 0.0110 0.0000 0.0000 0.0000 0.2446 0.0009 0.0000 0.6660 0.0000 0.0000 0.0000 0.0000 0.0000 0.0376
231      231   (0)      2  : 0.3204 0.0000 0.0415 0.1809 0.0000 0.0000 0.1596 0.0000 0.0488 0.0000 0.0000 0.0080 0.0000 0.0534 0.0662 0.1212
232      232   (0)      2  : 0.1894 0.0000 0.0087 0.0189 0.0000 0.0000 0.3738 0.0000 0.0599 0.0000 0.0000 0.0189 0.0010 0.0082 0.0029 0.3182
233      233   (0)      9  : 0.0000 0.0000 0.8263 0.0000 0.0000 0.0000 0.0000 0.0000 0.0000 0.0000 0.0000 0.0000 0.1712 0.0000 0.0000 0.0025
234      234   (0)      9  : 0.0000 0.0000 0.0029 0.0000 0.0465 0.5115 0.0000 0.0511 0.0000 0.0000 0.0464 0.0000 0.0000 0.3415 0.0000 0.0000
235      235   (0)      9  : 0.0000 0.0000 0.8235 0.0000 0.0000 0.0000 0.0000 0.0000 0.0000 0.0000 0.0000 0.0000 0.1765 0.0000 0.0000 0.0000
236      236   (0)      9  : 0.0000 0.0000 0.0113 0.0358 0.0359 0.5030 0.0000 0.0486 0.0000 0.0000 0.1142 0.0051 0.0000 0.2290 0.0000 0.0171
237      237   (0)      9  : 0.0000 0.0000 0.8260 0.0000 0.0000 0.0000 0.0000 0.0000 0.0000 0.0000 0.0000 0.0000 0.1721 0.0000 0.0000 0.0019
238      238   (0)      9  : 0.0035 0.0000 0.7341 0.0000 0.0000 0.0000 0.0000 0.0006 0.0000 0.0000 0.0000 0.0000 0.2618 0.0000 0.0000 0.0000
239      239   (0)      9  : 0.0000 0.0929 0.0000 0.0000 0.0027 0.6616 0.0042 0.0000 0.0000 0.0000 0.0294 0.0034 0.0000 0.2059 0.0000 0.0000
240      240   (0)      9  : 0.0000 0.0000 0.0000 0.0000 0.0034 0.7619 0.0000 0.0014 0.0000 0.0000 0.0828 0.0000 0.0000 0.1504 0.0000 0.0000
241      241   (0)     10  : 0.0000 0.0011 0.0000 0.0000 0.0000 0.5179 0.0000 0.0000 0.0000 0.0000 0.0000 0.0000 0.0000 0.4810 0.0000 0.0000
242      242   (0)     10  : 0.0000 0.0000 0.0000 0.0000 0.0000 0.9434 0.0000 0.0056 0.0000 0.0000 0.0000 0.0000 0.0000 0.0495 0.0015 0.0000
243      243   (0)     10  : 0.0042 0.0000 0.0000 0.0174 0.0000 0.4689 0.0000 0.0000 0.0000 0.0000 0.0000 0.0019 0.0000 0.5036 0.0000 0.0039
244      244   (0)     11  : 0.0000 0.0000 0.0420 0.0000 0.0031 0.0000 0.0000 0.0158 0.0000 0.0000 0.0122 0.0000 0.9269 0.0000 0.0000 0.0000
245      245   (0)     11  : 0.0000 0.0008 0.1157 0.0000 0.0000 0.0000 0.0000 0.0114 0.0000 0.0000 0.0109 0.0000 0.8144 0.0447 0.0000 0.0020
246      246   (0)     11  : 0.0000 0.0000 0.0971 0.0000 0.0000 0.0001 0.0000 0.0020 0.0000 0.0000 0.0000 0.0327 0.8665 0.0000 0.0000 0.0016
247      247   (0)     11  : 0.0000 0.0000 0.4055 0.0000 0.0000 0.0000 0.0000 0.0092 0.0000 0.0000 0.0002 0.0000 0.5489 0.0282 0.0077 0.0003
248      248   (0)     11  : 0.0000 0.0000 0.0495 0.0000 0.0000 0.0000 0.0000 0.0140 0.0084 0.0000 0.0000 0.0000 0.9281 0.0000 0.0000 0.0000
249      249   (0)     11  : 0.0000 0.0052 0.0000 0.0000 0.0000 0.3937 0.0000 0.0308 0.0016 0.0000 0.3555 0.0000 0.0331 0.1801 0.0000 0.0000
250      250   (0)     11  : 0.0000 0.1717 0.0095 0.0028 0.0028 0.2003 0.0000 0.0499 0.0000 0.0000 0.2842 0.0010 0.0008 0.2544 0.0199 0.0025
251      251   (0)     10  : 0.0001 0.0000 0.0716 0.0037 0.0000 0.4533 0.0000 0.0033 0.0349 0.0000 0.0000 0.0000 0.0085 0.4160 0.0054 0.0032
252      252   (0)     10  : 0.0000 0.0000 0.0000 0.0000 0.0143 0.6958 0.0000 0.0000 0.0000 0.0078 0.0000 0.0000 0.0000 0.2821 0.0000 0.0000
253      253   (0)     10  : 0.0000 0.0000 0.0000 0.0000 0.0000 0.9873 0.0000 0.0000 0.0000 0.0000 0.0000 0.0000 0.0000 0.0127 0.0000 0.0000
254      254   (0)     10  : 0.0000 0.0000 0.0000 0.0000 0.0000 0.8313 0.0000 0.0370 0.0095 0.0000 0.0000 0.0000 0.0000 0.1157 0.0000 0.0066
255      255   (0)     10  : 0.0000 0.0000 0.0000 0.0000 0.0000 0.4281 0.1188 0.0014 0.0000 0.0000 0.0916 0.0071 0.0000 0.3530 0.0000 0.0000
256      256   (0)     10  : 0.0000 0.0001 0.0033 0.0044 0.0097 0.4498 0.0000 0.0010 0.0022 0.0000 0.0830 0.0000 0.0319 0.3851 0.0266 0.0030
257      257   (0)     10  : 0.0000 0.0000 0.0116 0.0000 0.0106 0.6071 0.0000 0.0000 0.0000 0.0278 0.0861 0.0000 0.0001 0.2566 0.0000 0.0000
258      258   (0)     10  : 0.0000 0.0000 0.0000 0.0000 0.0000 0.7496 0.0000 0.0000 0.0000 0.0000 0.0414 0.0000 0.0000 0.2090 0.0000 0.0000
259      259   (0)     10  : 0.0000 0.0000 0.0101 0.0000 0.0321 0.4613 0.0000 0.0000 0.0000 0.0000 0.0000 0.0000 0.0065 0.4900 0.0000 0.0000
260      260   (0)     10  : 0.0000 0.0000 0.0000 0.0089 0.0000 0.4870 0.0000 0.1131 0.0000 0.0000 0.0461 0.0000 0.0000 0.3426 0.0000 0.0024
261      261   (0)     10  : 0.0039 0.0000 0.1974 0.0000 0.0000 0.1928 0.0000 0.0220 0.0000 0.0000 0.0034 0.0000 0.0496 0.5308 0.0000 0.0000
262      262   (0)     10  : 0.0000 0.0206 0.0000 0.0132 0.0050 0.2351 0.0000 0.0090 0.0000 0.0000 0.0112 0.0000 0.0304 0.6737 0.0017 0.0000
263      263   (0)     10  : 0.0000 0.0000 0.0000 0.0000 0.0191 0.5900 0.0000 0.0023 0.0000 0.0000 0.0000 0.0000 0.0000 0.3886 0.0000 0.0000
264      264   (0)     10  : 0.0000 0.0005 0.0000 0.0000 0.0000 0.3889 0.0000 0.0000 0.0000 0.0000 0.0000 0.0000 0.0000 0.6106 0.0000 0.0000
265      265   (0)     10  : 0.0000 0.0000 0.0000 0.0000 0.0000 0.4642 0.0000 0.0000 0.0000 0.0000 0.1328 0.0000 0.0000 0.4030 0.0000 0.0000
266      266   (0)     10  : 0.0000 0.0000 0.0000 0.0000 0.0101 0.8942 0.0000 0.0728 0.0000 0.0000 0.0015 0.0000 0.0000 0.0214 0.0000 0.0000
267      267   (0)     10  : 0.0000 0.0000 0.5337 0.0000 0.0000 0.0433 0.0277 0.0126 0.0000 0.0000 0.0000 0.0280 0.3338 0.0153 0.0057 0.0000
268      268   (0)     10  : 0.0000 0.0035 0.0000 0.0145 0.0000 0.5346 0.0000 0.0501 0.0000 0.0000 0.0000 0.0000 0.0000 0.3902 0.0035 0.0037
269      269   (0)     10  : 0.0000 0.0028 0.0051 0.0095 0.0000 0.3234 0.0000 0.0000 0.0000 0.0000 0.0000 0.0000 0.0006 0.6561 0.0000 0.0025
270      270   (0)     10  : 0.0000 0.0000 0.0000 0.0000 0.0000 0.6638 0.0000 0.0000 0.0292 0.0000 0.0000 0.0000 0.0030 0.3040 0.0000 0.0000
271      271   (0)     10  : 0.0000 0.0000 0.0000 0.0000 0.0000 0.6566 0.0000 0.0010 0.0000 0.0000 0.0013 0.0000 0.0000 0.3184 0.0228 0.0000
272      272   (0)     10  : 0.0000 0.0000 0.0000 0.0000 0.0000 0.9885 0.0000 0.0000 0.0000 0.0000 0.0000 0.0000 0.0000 0.0115 0.0000 0.0000
273      273   (0)     12  : 0.0000 0.8931 0.0000 0.0000 0.0000 0.0000 0.0000 0.0000 0.0000 0.0000 0.1069 0.0000 0.0000 0.0000 0.0000 0.0000
274      274   (0)     12  : 0.0000 0.9993 0.0000 0.0000 0.0000 0.0000 0.0000 0.0000 0.0000 0.0000 0.0000 0.0000 0.0000 0.0004 0.0003 0.0000
275      275   (0)     12  : 0.0000 1.0000 0.0000 0.0000 0.0000 0.0000 0.0000 0.0000 0.0000 0.0000 0.0000 0.0000 0.0000 0.0000 0.0000 0.0000
276      276   (0)     12  : 0.0000 0.8579 0.0000 0.0000 0.0000 0.0000 0.0000 0.1207 0.0000 0.0000 0.0214 0.0000 0.0000 0.0000 0.0000 0.0000
277      277   (0)     12  : 0.0000 0.9702 0.0221 0.0010 0.0000 0.0001 0.0000 0.0000 0.0000 0.0000 0.0000 0.0000 0.0026 0.0039 0.0000 0.0000
278      278   (0)     12  : 0.0000 0.2384 0.0000 0.0000 0.0000 0.0000 0.0000 0.0311 0.0000 0.0000 0.0000 0.0000 0.6198 0.0853 0.0254 0.0000
279      279   (0)     12  : 0.0000 0.0743 0.0000 0.0000 0.0000 0.0000 0.0000 0.0321 0.0000 0.0000 0.0000 0.0000 0.7803 0.0856 0.0278 0.0000
280      280   (0)     12  : 0.0000 1.0000 0.0000 0.0000 0.0000 0.0000 0.0000 0.0000 0.0000 0.0000 0.0000 0.0000 0.0000 0.0000 0.0000 0.0000
281      281   (0)     12  : 0.0000 0.8697 0.0000 0.0000 0.0000 0.0000 0.0000 0.0000 0.0000 0.0000 0.1303 0.0000 0.0000 0.0000 0.0000 0.0000
282      282   (0)     12  : 0.0000 0.7913 0.0000 0.0000 0.0000 0.0267 0.0000 0.0385 0.0000 0.0000 0.0000 0.0000 0.0559 0.0820 0.0053 0.0004
283      283   (0)     12  : 0.0000 0.9929 0.0000 0.0000 0.0000 0.0000 0.0000 0.0016 0.0000 0.0000 0.0000 0.0000 0.0000 0.0043 0.0012 0.0000
284      284   (0)     12  : 0.0000 0.0406 0.0000 0.0000 0.0000 0.0000 0.0000 0.0371 0.0000 0.0000 0.0000 0.0000 0.8191 0.0692 0.0340 0.0000
285      285   (0)     12  : 0.0000 0.1155 0.0008 0.0000 0.0000 0.0000 0.0000 0.0228 0.0000 0.0000 0.0000 0.0000 0.7789 0.0548 0.0273 0.0000
286      286   (0)     12  : 0.0000 0.2294 0.0013 0.0005 0.0000 0.0000 0.0000 0.0172 0.0000 0.0000 0.0000 0.0000 0.7099 0.0283 0.0131 0.0003
287      287   (0)     12  : 0.0000 1.0000 0.0000 0.0000 0.0000 0.0000 0.0000 0.0000 0.0000 0.0000 0.0000 0.0000 0.0000 0.0000 0.0000 0.0000
288      288   (0)     12  : 0.0000 1.0000 0.0000 0.0000 0.0000 0.0000 0.0000 0.0000 0.0000 0.0000 0.0000 0.0000 0.0000 0.0000 0.0000 0.0000
289      289   (0)     12  : 0.0000 1.0000 0.0000 0.0000 0.0000 0.0000 0.0000 0.0000 0.0000 0.0000 0.0000 0.0000 0.0000 0.0000 0.0000 0.0000
290      290   (0)     12  : 0.0000 1.0000 0.0000 0.0000 0.0000 0.0000 0.0000 0.0000 0.0000 0.0000 0.0000 0.0000 0.0000 0.0000 0.0000 0.0000
291      291   (0)     12  : 0.0000 1.0000 0.0000 0.0000 0.0000 0.0000 0.0000 0.0000 0.0000 0.0000 0.0000 0.0000 0.0000 0.0000 0.0000 0.0000
292      292   (0)     12  : 0.0000 1.0000 0.0000 0.0000 0.0000 0.0000 0.0000 0.0000 0.0000 0.0000 0.0000 0.0000 0.0000 0.0000 0.0000 0.0000
293      293   (0)     12  : 0.0000 1.0000 0.0000 0.0000 0.0000 0.0000 0.0000 0.0000 0.0000 0.0000 0.0000 0.0000 0.0000 0.0000 0.0000 0.0000
294      294   (0)     12  : 0.0000 0.9845 0.0000 0.0000 0.0000 0.0000 0.0000 0.0155 0.0000 0.0000 0.0000 0.0000 0.0000 0.0000 0.0000 0.0000
295      295   (0)     12  : 0.0000 0.0144 0.0000 0.0000 0.0000 0.0000 0.0000 0.0362 0.0000 0.0000 0.0000 0.0000 0.8478 0.0683 0.0333 0.0000
296      296   (0)     12  : 0.0000 0.9860 0.0000 0.0000 0.0000 0.0000 0.0000 0.0000 0.0000 0.0000 0.0140 0.0000 0.0000 0.0000 0.0000 0.0000
297      297   (0)     12  : 0.0000 0.8809 0.0000 0.0000 0.0000 0.0000 0.0000 0.0600 0.0000 0.0000 0.0591 0.0000 0.0000 0.0000 0.0000 0.0000
298      298   (0)     12  : 0.0000 0.1124 0.0000 0.0006 0.0000 0.0000 0.0000 0.0404 0.0000 0.0000 0.0000 0.0000 0.7026 0.1154 0.0285 0.0000
299      299   (0)     12  : 0.0000 1.0000 0.0000 0.0000 0.0000 0.0000 0.0000 0.0000 0.0000 0.0000 0.0000 0.0000 0.0000 0.0000 0.0000 0.0000
300      300   (0)     12  : 0.0000 0.0702 0.0000 0.0000 0.0000 0.0000 0.0000 0.0347 0.0082 0.0000 0.0000 0.0000 0.8036 0.0560 0.0273 0.0000
301      301   (0)     13  : 0.0000 0.0056 0.0000 0.0000 0.0000 0.0029 0.0000 0.0000 0.0000 0.0000 0.8984 0.0000 0.0893 0.0038 0.0000 0.0000
302      302   (0)     13  : 0.0000 0.0060 0.0000 0.0000 0.0000 0.0048 0.0000 0.0000 0.0000 0.0000 0.9892 0.0000 0.0000 0.0000 0.0000 0.0000
303      303   (0)     13  : 0.0000 0.0000 0.0000 0.0000 0.0009 0.0070 0.0000 0.0000 0.0000 0.0000 0.9921 0.0000 0.0000 0.0000 0.0000 0.0000
304      304   (0)     13  : 0.0000 0.0941 0.0562 0.0000 0.0000 0.1053 0.0000 0.2001 0.0000 0.0000 0.5102 0.0000 0.0080 0.0261 0.0000 0.0000
305      305   (0)     13  : 0.0000 0.0000 0.0000 0.0000 0.0000 0.0000 0.0000 0.0000 0.0000 0.0000 1.0000 0.0000 0.0000 0.0000 0.0000 0.0000
306      306   (0)     13  : 0.0000 0.0114 0.0000 0.0000 0.0000 0.0000 0.0000 0.0000 0.0026 0.0000 0.9845 0.0000 0.0003 0.0012 0.0000 0.0000
307      307   (0)     13  : 0.0000 0.0000 0.0000 0.0000 0.0120 0.0913 0.0000 0.0000 0.0000 0.0000 0.8967 0.0000 0.0000 0.0000 0.0000 0.0000
308      308   (0)     13  : 0.0000 0.0000 0.3454 0.0000 0.0000 0.0000 0.0000 0.0032 0.0106 0.0000 0.2637 0.0000 0.3569 0.0140 0.0062 0.0000
309      309   (0)     13  : 0.0020 0.0059 0.0381 0.0000 0.0000 0.0000 0.0000 0.0000 0.0000 0.0000 0.5420 0.0000 0.3323 0.0798 0.0000 0.0000
310      310   (0)     13  : 0.0000 0.1599 0.0000 0.0000 0.0000 0.0000 0.0000 0.0000 0.0000 0.0000 0.8401 0.0000 0.0000 0.0000 0.0000 0.0000
311      311   (0)     13  : 0.0000 0.0000 0.0000 0.0000 0.0000 0.0050 0.0000 0.0000 0.0000 0.0000 0.9950 0.0000 0.0000 0.0000 0.0000 0.0000
312      312   (0)     13  : 0.0000 0.0000 0.0024 0.0000 0.0061 0.0000 0.0000 0.0000 0.0000 0.0000 0.9821 0.0000 0.0000 0.0056 0.0039 0.0000
313      313   (0)     13  : 0.0000 0.0000 0.0000 0.0000 0.0000 0.0000 0.0000 0.0000 0.0000 0.0000 1.0000 0.0000 0.0000 0.0000 0.0000 0.0000
314      314   (0)     13  : 0.0000 0.0000 0.0000 0.0000 0.0000 0.0000 0.0000 0.0000 0.0000 0.0000 1.0000 0.0000 0.0000 0.0000 0.0000 0.0000
315      315   (0)     13  : 0.0000 0.0052 0.0000 0.0000 0.0000 0.0007 0.0000 0.0000 0.0000 0.0000 0.9940 0.0000 0.0000 0.0000 0.0000 0.0000
316      316   (0)     13  : 0.0000 0.0000 0.0000 0.0000 0.0000 0.1395 0.0000 0.0000 0.0000 0.0000 0.8211 0.0000 0.0318 0.0067 0.0009 0.0000
317      317   (0)     13  : 0.0000 0.0000 0.0000 0.0000 0.0000 0.0000 0.0000 0.0000 0.0000 0.0000 0.9282 0.0000 0.0000 0.0718 0.0000 0.0000
318      318   (0)     13  : 0.0000 0.0000 0.0000 0.0000 0.0032 0.0000 0.0000 0.0000 0.0000 0.0000 0.9968 0.0000 0.0000 0.0000 0.0000 0.0000
319      319   (0)     13  : 0.0000 0.0000 0.0000 0.0000 0.0000 0.0111 0.0000 0.0000 0.0000 0.0000 0.9889 0.0000 0.0000 0.0000 0.0000 0.0000
320      320   (0)     13  : 0.0000 0.0167 0.1270 0.0000 0.0000 0.0000 0.0000 0.0065 0.0000 0.0000 0.2123 0.0000 0.5732 0.0587 0.0056 0.0000
321      321   (0)     13  : 0.0000 0.0043 0.0000 0.0000 0.0000 0.0037 0.0000 0.0000 0.0000 0.0000 0.9920 0.0000 0.0000 0.0000 0.0000 0.0000
322      322   (0)     13  : 0.0000 0.0102 0.0000 0.0000 0.0000 0.0080 0.0000 0.0044 0.0000 0.0000 0.9254 0.0000 0.0317 0.0136 0.0068 0.0000
323      323   (0)     13  : 0.0000 0.0025 0.0000 0.0000 0.0000 0.0000 0.0000 0.0942 0.0000 0.0000 0.9032 0.0000 0.0000 0.0000 0.0000 0.0000
324      324   (0)     13  : 0.0000 0.0016 0.0000 0.0000 0.0000 0.0014 0.0000 0.2317 0.0000 0.0000 0.7652 0.0000 0.0000 0.0000 0.0000 0.0000
325      325   (0)     14  : 0.0000 0.0000 0.0000 0.0000 0.0000 0.3053 0.0000 0.0000 0.0000 0.0000 0.6742 0.0000 0.0000 0.0205 0.0000 0.0000
326      326   (0)     14  : 0.0000 0.0000 0.0000 0.0000 0.0000 0.9781 0.0000 0.0000 0.0000 0.0000 0.0219 0.0000 0.0000 0.0000 0.0000 0.0000
327      327   (0)     14  : 0.0000 0.0000 0.8235 0.0000 0.0000 0.0000 0.0000 0.0000 0.0000 0.0000 0.0000 0.0000 0.1765 0.0000 0.0000 0.0000
328      328   (0)     14  : 0.0000 0.2398 0.0000 0.0000 0.0000 0.5484 0.0000 0.0038 0.0000 0.0000 0.2064 0.0000 0.0000 0.0016 0.0000 0.0000
329      329   (0)     14  : 0.0000 0.0000 0.2138 0.0000 0.0000 0.0000 0.0000 0.0053 0.0000 0.0000 0.0000 0.0000 0.7809 0.0000 0.0000 0.0000
330      330   (0)     14  : 0.0011 0.0000 0.8098 0.0000 0.0000 0.0020 0.0000 0.0000 0.0014 0.0009 0.0012 0.0000 0.1603 0.0233 0.0000 0.0000
331      331   (0)     14  : 0.0004 0.0000 0.4514 0.0000 0.0000 0.0000 0.0000 0.0041 0.0000 0.0000 0.0108 0.0000 0.5027 0.0061 0.0245 0.0000
332      332   (0)     14  : 0.0000 0.1143 0.0692 0.0000 0.0000 0.1514 0.0000 0.0504 0.0000 0.0000 0.2649 0.0000 0.0098 0.3399 0.0000 0.0000
333      333   (0)     14  : 0.0000 0.0000 0.6880 0.0000 0.0000 0.0000 0.0000 0.0057 0.0000 0.0000 0.0000 0.0000 0.2805 0.0169 0.0089 0.0000
334      334   (0)     14  : 0.0005 0.0005 0.0000 0.0000 0.0000 0.8131 0.0000 0.0000 0.0000 0.0000 0.1701 0.0007 0.0096 0.0056 0.0000 0.0000
335      335   (0)     14  : 0.0000 0.0147 0.0592 0.0000 0.0000 0.2072 0.0000 0.0333 0.0004 0.0000 0.3394 0.0000 0.0107 0.3351 0.0000 0.0000
336      336   (0)     11  : 0.0000 0.0000 0.3416 0.0000 0.0000 0.0023 0.0000 0.0000 0.0002 0.0000 0.0291 0.0000 0.6268 0.0000 0.0000 0.0000
337      337   (0)     11  : 0.0000 0.0892 0.0023 0.0000 0.0275 0.4676 0.0000 0.0000 0.0000 0.0000 0.4057 0.0010 0.0000 0.0047 0.0000 0.0020
338      338   (0)     11  : 0.0000 0.0046 0.1416 0.0000 0.0000 0.0035 0.0000 0.0040 0.0195 0.0000 0.0049 0.0000 0.8219 0.0000 0.0000 0.0000
339      339   (0)     10  : 0.0000 0.0000 0.0000 0.0000 0.0000 1.0000 0.0000 0.0000 0.0000 0.0000 0.0000 0.0000 0.0000 0.0000 0.0000 0.0000
340      340   (0)     10  : 0.0000 0.0000 0.5056 0.1204 0.0071 0.0000 0.0000 0.0000 0.0000 0.0000 0.0000 0.0186 0.2160 0.0804 0.0000 0.0519
341      341   (0)     11  : 0.0222 0.0072 0.2192 0.0000 0.0000 0.0070 0.0000 0.0000 0.0000 0.0000 0.0033 0.0006 0.6337 0.1058 0.0000 0.0011
342      342   (0)     11  : 0.0000 0.0000 0.0985 0.0000 0.0000 0.0000 0.0000 0.0000 0.0000 0.0000 0.0000 0.0000 0.9015 0.0000 0.0000 0.0000
343      343   (0)     11  : 0.0000 0.0000 0.5552 0.0000 0.0000 0.0000 0.0000 0.0000 0.0000 0.0000 0.0000 0.0000 0.4448 0.0000 0.0000 0.0000
344      344   (0)     11  : 0.0060 0.0000 0.1307 0.0000 0.0000 0.0171 0.0000 0.0077 0.0000 0.0000 0.0001 0.0014 0.7331 0.0973 0.0000 0.0065
345      345   (0)     11  : 0.0000 0.0000 0.0809 0.0000 0.0000 0.0088 0.0000 0.0006 0.0000 0.0000 0.0151 0.0000 0.8911 0.0000 0.0035 0.0000
346      346   (0)     11  : 0.0000 0.0000 0.2352 0.0000 0.0000 0.0000 0.0000 0.0048 0.0000 0.0000 0.0000 0.0000 0.7600 0.0000 0.0000 0.0000
347      347   (0)     11  : 0.0000 0.0336 0.0000 0.0000 0.0000 0.4356 0.0000 0.0008 0.0000 0.0000 0.4933 0.0000 0.0064 0.0292 0.0011 0.0000
348      348   (0)     11  : 0.0000 0.0000 0.2580 0.0000 0.0000 0.0000 0.0000 0.0028 0.0000 0.0000 0.0000 0.0000 0.7258 0.0134 0.0000 0.0000
349      349   (0)     11  : 0.0000 0.0000 0.2969 0.0000 0.0000 0.0057 0.0000 0.0051 0.0000 0.0000 0.0000 0.0000 0.6707 0.0215 0.0000 0.0000
350      350   (0)     11  : 0.0000 0.0000 0.0801 0.0000 0.0000 0.0251 0.0000 0.0197 0.0000 0.0000 0.0008 0.0000 0.6802 0.1886 0.0055 0.0000
351      351   (0)     11  : 0.0000 0.0024 0.0725 0.0000 0.0000 0.0000 0.0000 0.0000 0.0000 0.0000 0.0012 0.0000 0.9240 0.0000 0.0000 0.0000
352      352   (0)     11  : 0.0000 0.1476 0.0042 0.0000 0.0000 0.5213 0.0000 0.0447 0.0000 0.0000 0.0972 0.0000 0.0173 0.1676 0.0000 0.0000
353      353   (0)     11  : 0.0000 0.0000 0.1212 0.0000 0.0000 0.0000 0.0000 0.0050 0.0000 0.0000 0.0000 0.0000 0.8732 0.0006 0.0000 0.0000
354      354   (0)     11  : 0.0000 0.0330 0.0000 0.0000 0.0000 0.7018 0.0000 0.0000 0.0000 0.0000 0.2209 0.0000 0.0000 0.0443 0.0000 0.0000
355      355   (0)     11  : 0.0000 0.0000 0.1131 0.0000 0.0000 0.0000 0.0000 0.0000 0.0000 0.0000 0.0000 0.0000 0.8869 0.0000 0.0000 0.0000
356      356   (0)     14  : 0.0000 0.0000 0.5852 0.0033 0.0000 0.0000 0.0000 0.0962 0.0000 0.0000 0.0034 0.0015 0.2981 0.0077 0.0000 0.0047
357      357   (0)     14  : 0.0000 0.0935 0.0000 0.0000 0.0000 0.6186 0.0000 0.0049 0.0000 0.0000 0.2830 0.0000 0.0000 0.0000 0.0000 0.0000
358      358   (0)     14  : 0.0000 0.0000 0.4023 0.0000 0.0000 0.0000 0.0000 0.0084 0.0000 0.0000 0.0000 0.0000 0.5652 0.0160 0.0081 0.0000
359      359   (0)     14  : 0.0000 0.0094 0.0237 0.0000 0.0000 0.5869 0.0000 0.1451 0.0000 0.0000 0.2220 0.0000 0.0028 0.0101 0.0000 0.0000
360      360   (0)     14  : 0.0000 0.0000 0.8235 0.0000 0.0000 0.0000 0.0000 0.0000 0.0000 0.0000 0.0000 0.0000 0.1765 0.0000 0.0000 0.0000
361      361   (0)     14  : 0.0000 0.0000 0.6545 0.0000 0.0000 0.0016 0.0000 0.0000 0.0000 0.0000 0.0306 0.0000 0.2757 0.0377 0.0000 0.0000
362      362   (0)     14  : 0.0000 0.0000 0.6091 0.0000 0.0000 0.0000 0.0000 0.0000 0.0000 0.0000 0.0010 0.0000 0.3682 0.0216 0.0000 0.0000
363      363   (0)     14  : 0.0075 0.0000 0.5044 0.0000 0.0000 0.0000 0.0000 0.0012 0.0000 0.0000 0.0000 0.0010 0.4860 0.0000 0.0000 0.0000
364      364   (0)     14  : 0.0000 0.0000 0.5152 0.0000 0.0000 0.0000 0.0000 0.0000 0.0000 0.0000 0.0000 0.0016 0.4735 0.0057 0.0000 0.0040
365      365   (0)     14  : 0.0000 0.0000 0.4706 0.0000 0.0000 0.0000 0.0000 0.0005 0.0000 0.0000 0.1171 0.0000 0.3582 0.0535 0.0000 0.0000
366      366   (0)     14  : 0.0000 0.0001 0.0100 0.0000 0.0000 0.5289 0.0000 0.1079 0.0000 0.0000 0.2080 0.0000 0.0342 0.1109 0.0000 0.0000
367      367   (0)      9  : 0.0000 0.0000 0.0124 0.0000 0.0000 0.8797 0.0000 0.0820 0.0000 0.0000 0.0259 0.0000 0.0000 0.0000 0.0000 0.0000
368      368   (0)      9  : 0.0000 0.0000 0.6517 0.0242 0.0000 0.1103 0.0000 0.0000 0.0005 0.0000 0.0000 0.0030 0.1872 0.0173 0.0000 0.0057
369      369   (0)      9  : 0.0000 0.0000 0.0000 0.0000 0.0000 0.9043 0.0000 0.0000 0.0000 0.0000 0.0838 0.0000 0.0011 0.0108 0.0000 0.0000
370      370   (0)      9  : 0.0000 0.0000 0.0000 0.0000 0.0000 0.7514 0.0000 0.0107 0.0000 0.0000 0.0000 0.0000 0.0656 0.1674 0.0049 0.0000
371      371   (0)      9  : 0.0000 0.0000 0.0000 0.0000 0.0000 0.8729 0.0000 0.0000 0.0000 0.0000 0.0198 0.0000 0.0000 0.1073 0.0000 0.0000
372      372   (0)      9  : 0.0000 0.0000 0.8235 0.0000 0.0000 0.0000 0.0000 0.0019 0.0000 0.0000 0.0000 0.0000 0.1746 0.0000 0.0000 0.0000
373      373   (0)     14  : 0.0000 0.0000 0.4608 0.0000 0.0000 0.0000 0.0000 0.0000 0.0000 0.0000 0.0000 0.0000 0.5392 0.0000 0.0000 0.0000
374      374   (0)     14  : 0.0000 0.0000 0.0005 0.0000 0.0000 0.8363 0.0000 0.0000 0.0000 0.0000 0.1260 0.0000 0.0372 0.0000 0.0000 0.0000
375      375   (0)     14  : 0.0000 0.0186 0.7646 0.0000 0.0000 0.0027 0.0000 0.0014 0.0000 0.0000 0.0000 0.0000 0.1604 0.0503 0.0020 0.0000
376      376   (0)     14  : 0.0007 0.0000 0.8253 0.0000 0.0000 0.0000 0.0000 0.0000 0.0000 0.0000 0.0000 0.0000 0.1740 0.0000 0.0000 0.0000
377      377   (0)     14  : 0.0000 0.0000 0.0000 0.0000 0.0035 0.7958 0.0000 0.0000 0.0000 0.0000 0.2007 0.0000 0.0000 0.0000 0.0000 0.0000
378      378   (0)      9  : 0.0000 0.0013 0.0000 0.0000 0.0000 0.9926 0.0000 0.0005 0.0000 0.0000 0.0000 0.0000 0.0000 0.0056 0.0000 0.0000
379      379   (0)      9  : 0.0096 0.0000 0.8174 0.0000 0.0000 0.0000 0.0000 0.0028 0.0000 0.0000 0.0000 0.0000 0.1614 0.0000 0.0000 0.0088
380      380   (0)      9  : 0.0196 0.0000 0.8220 0.0000 0.0000 0.0000 0.0000 0.0000 0.0000 0.0000 0.0000 0.0000 0.1534 0.0050 0.0000 0.0000
381      381   (0)      9  : 0.0000 0.0000 0.7682 0.0000 0.0000 0.0000 0.0741 0.0000 0.0000 0.0000 0.0000 0.0035 0.1542 0.0000 0.0000 0.0000
382      382   (0)      9  : 0.0000 0.0000 0.0328 0.0000 0.0000 0.7667 0.0000 0.0000 0.0000 0.0000 0.0227 0.0000 0.0004 0.1774 0.0000 0.0000
383      383   (0)      9  : 0.0000 0.0000 0.0000 0.0000 0.0000 1.0000 0.0000 0.0000 0.0000 0.0000 0.0000 0.0000 0.0000 0.0000 0.0000 0.0000
384      384   (0)      9  : 0.0000 0.0000 0.0000 0.0000 0.0000 0.8241 0.0000 0.0000 0.0000 0.0000 0.0000 0.0000 0.0000 0.1759 0.0000 0.0000
385      385   (0)      9  : 0.0000 0.0000 0.7343 0.0000 0.0000 0.0000 0.0904 0.0000 0.0000 0.0000 0.0000 0.0259 0.1494 0.0000 0.0000 0.0000
386      386   (0)      9  : 0.0000 0.0074 0.0000 0.0000 0.0000 0.7129 0.0000 0.0000 0.0000 0.0000 0.0282 0.0000 0.0000 0.2514 0.0000 0.0000
387      387   (0)      9  : 0.0000 0.0000 0.0064 0.0000 0.0301 0.8459 0.0000 0.0005 0.0000 0.0000 0.0000 0.0000 0.0004 0.1168 0.0000 0.0000
388      388   (0)      9  : 0.0000 0.0000 0.8235 0.0000 0.0000 0.0000 0.0003 0.0000 0.0000 0.0000 0.0000 0.0000 0.1762 0.0000 0.0000 0.0000
389      389   (0)      9  : 0.0000 0.0000 0.8235 0.0000 0.0000 0.0000 0.0000 0.0000 0.0000 0.0000 0.0000 0.0000 0.1703 0.0007 0.0000 0.0054
390      390   (0)      9  : 0.0000 0.0000 0.0162 0.0000 0.0943 0.3757 0.0000 0.0000 0.0000 0.0000 0.0002 0.0000 0.0000 0.4827 0.0193 0.0115
391      391   (0)      9  : 0.0000 0.0000 0.7119 0.0000 0.0000 0.0000 0.1199 0.0000 0.0000 0.0000 0.0000 0.0250 0.1431 0.0000 0.0000 0.0000
392      392   (0)     15  : 0.0000 0.0000 0.0000 0.0000 0.0000 0.2945 0.0000 0.5932 0.0000 0.0000 0.1122 0.0000 0.0000 0.0000 0.0000 0.0000
393      393   (0)     15  : 0.0000 0.0000 0.0000 0.0000 0.0000 0.0000 0.0000 0.7873 0.0000 0.0000 0.2127 0.0000 0.0000 0.0000 0.0000 0.0000
394      394   (0)     15  : 0.0000 0.0000 0.0005 0.0000 0.0000 0.0000 0.0000 0.9465 0.0000 0.0000 0.0302 0.0000 0.0000 0.0152 0.0076 0.0000
395      395   (0)     15  : 0.0000 0.0000 0.0000 0.0000 0.0000 0.0000 0.0836 0.7834 0.0000 0.0000 0.0613 0.0081 0.0384 0.0169 0.0083 0.0000
396      396   (0)     15  : 0.0000 0.0000 0.0000 0.0000 0.0000 0.0000 0.0000 0.9278 0.0000 0.0000 0.0722 0.0000 0.0000 0.0000 0.0000 0.0000
397      397   (0)     15  : 0.0000 0.0000 0.0000 0.0000 0.0000 0.0000 0.0000 0.9615 0.0000 0.0000 0.0385 0.0000 0.0000 0.0000 0.0000 0.0000
398      398   (0)     15  : 0.0000 0.0000 0.0000 0.0000 0.0000 0.0000 0.0000 0.9587 0.0000 0.0000 0.0413 0.0000 0.0000 0.0000 0.0000 0.0000
399      399   (0)     15  : 0.0000 0.0000 0.0465 0.0000 0.0000 0.0000 0.0000 0.1924 0.0000 0.0000 0.0000 0.0000 0.5822 0.1202 0.0588 0.0000
400      400   (0)     15  : 0.0000 0.0000 0.0000 0.0000 0.0000 0.0000 0.0017 0.9526 0.0000 0.0000 0.0457 0.0000 0.0000 0.0000 0.0000 0.0000
401      401   (0)     15  : 0.0000 0.0000 0.0000 0.0000 0.0000 0.0000 0.0000 0.9567 0.0000 0.0000 0.0433 0.0000 0.0000 0.0000 0.0000 0.0000
402      402   (0)     15  : 0.0000 0.0000 0.0000 0.0000 0.0000 0.0000 0.0000 0.2195 0.0000 0.0000 0.0000 0.0000 0.6040 0.1176 0.0588 0.0000
403      403   (0)     15  : 0.0000 0.0000 0.1731 0.0000 0.0000 0.0000 0.0000 0.0419 0.0000 0.0000 0.0000 0.0000 0.6354 0.0996 0.0501 0.0000
404      404   (0)     15  : 0.0000 0.0000 0.0000 0.0000 0.0000 0.0000 0.0000 0.9600 0.0000 0.0000 0.0396 0.0000 0.0003 0.0000 0.0000 0.0000
405      405   (0)     15  : 0.0000 0.0000 0.0000 0.0000 0.0000 0.0058 0.0000 0.9505 0.0000 0.0000 0.0436 0.0000 0.0000 0.0000 0.0000 0.0000
406      406   (0)     15  : 0.0000 0.0000 0.0000 0.0000 0.0000 0.0007 0.0000 0.7392 0.0000 0.0000 0.2601 0.0000 0.0000 0.0000 0.0000 0.0000
407      407   (0)     15  : 0.0000 0.0000 0.0000 0.0000 0.0000 0.0131 0.0000 0.8064 0.0000 0.0000 0.0194 0.0000 0.0952 0.0457 0.0201 0.0000
408      408   (0)     15  : 0.0000 0.0000 0.0000 0.0000 0.0000 0.0000 0.0000 0.1450 0.0000 0.0000 0.0000 0.0000 0.6785 0.1176 0.0588 0.0000
409      409   (0)     15  : 0.0000 0.0000 0.0000 0.0000 0.0000 0.0000 0.0000 0.9483 0.0000 0.0000 0.0318 0.0000 0.0029 0.0114 0.0057 0.0000
410      410   (0)     15  : 0.0000 0.0000 0.0000 0.0000 0.0000 0.0000 0.0000 0.2155 0.0000 0.0000 0.0000 0.0000 0.6080 0.1176 0.0588 0.0000
411      411   (0)     15  : 0.0000 0.0000 0.0000 0.0000 0.0000 0.0000 0.0000 0.8555 0.0000 0.0000 0.1445 0.0000 0.0000 0.0000 0.0000 0.0000
412      412   (0)     15  : 0.0000 0.0000 0.0000 0.0000 0.0000 0.0000 0.0000 0.8267 0.0000 0.0000 0.0216 0.0000 0.0975 0.0362 0.0181 0.0000
413      413   (0)     15  : 0.0000 0.0000 0.0000 0.0000 0.0000 0.0000 0.0000 0.8408 0.0000 0.0000 0.1592 0.0000 0.0000 0.0000 0.0000 0.0000
414      414   (0)     15  : 0.0000 0.1027 0.0039 0.0042 0.0072 0.0049 0.0000 0.7149 0.0000 0.0000 0.1119 0.0021 0.0000 0.0236 0.0216 0.0030
415      415   (0)     15  : 0.0000 0.0721 0.0000 0.0011 0.0000 0.0281 0.0000 0.7192 0.0211 0.0000 0.0189 0.0000 0.0823 0.0392 0.0180 0.0000
416      416   (0)     15  : 0.0000 0.0000 0.0000 0.0000 0.0000 0.0000 0.0000 0.9598 0.0000 0.0000 0.0402 0.0000 0.0000 0.0000 0.0000 0.0000
417      417   (0)     15  : 0.0000 0.0000 0.0000 0.0000 0.0000 0.0000 0.0000 0.1305 0.0000 0.0000 0.0000 0.0000 0.6930 0.1176 0.0588 0.0000
418      418   (0)     15  : 0.0000 0.0000 0.0000 0.0000 0.0000 0.0000 0.0000 0.8738 0.0000 0.0000 0.1262 0.0000 0.0000 0.0000 0.0000 0.0000
419      419   (0)     15  : 0.0000 0.0000 0.0000 0.0000 0.0000 0.0000 0.0000 0.1400 0.0008 0.0000 0.0000 0.0000 0.6827 0.1176 0.0588 0.0000
420      420   (0)     15  : 0.0000 0.0000 0.0000 0.0000 0.0000 0.0000 0.0000 0.1093 0.0000 0.0000 0.0000 0.0000 0.7142 0.1176 0.0588 0.0000
421      421   (0)     16  : 0.4187 0.0000 0.0195 0.0000 0.0000 0.0000 0.4092 0.0000 0.0000 0.0253 0.0000 0.0980 0.0000 0.0000 0.0000 0.0293
422      422   (0)     16  : 0.1697 0.0000 0.0034 0.0437 0.0000 0.0000 0.6153 0.0000 0.0000 0.0000 0.0000 0.0510 0.0000 0.0000 0.1032 0.0138
423      423   (0)     16  : 0.5084 0.0000 0.0257 0.0209 0.0000 0.0000 0.0000 0.0041 0.0959 0.0000 0.0000 0.1108 0.0309 0.0207 0.1015 0.0812
424      424   (0)     16  : 0.3538 0.0000 0.0733 0.0373 0.0000 0.0000 0.2389 0.0000 0.0017 0.0000 0.0000 0.1973 0.0086 0.0083 0.0628 0.0181
425      425   (0)     16  : 0.0386 0.0000 0.0128 0.0095 0.0000 0.0000 0.4526 0.0000 0.0048 0.0000 0.0000 0.3119 0.0000 0.0000 0.1654 0.0044
426      426   (0)     16  : 0.4165 0.0000 0.0350 0.0522 0.0000 0.0000 0.0000 0.0000 0.1379 0.0000 0.0000 0.1910 0.0000 0.0000 0.0645 0.1029
427      427   (0)     16  : 0.3009 0.0000 0.0000 0.0000 0.0000 0.0000 0.4667 0.0000 0.0000 0.0000 0.0016 0.2222 0.0000 0.0001 0.0000 0.0084
428      428   (0)     16  : 0.9130 0.0000 0.0187 0.0000 0.0000 0.0000 0.0000 0.0000 0.0000 0.0000 0.0000 0.0576 0.0000 0.0037 0.0000 0.0069
429      429   (0)     16  : 0.2066 0.0000 0.0000 0.0206 0.0000 0.0000 0.0810 0.0000 0.0000 0.0000 0.0000 0.6406 0.0000 0.0366 0.0000 0.0146
430      430   (0)     16  : 0.6722 0.0000 0.0336 0.0059 0.0082 0.0000 0.0000 0.0000 0.0155 0.0000 0.0000 0.0298 0.0000 0.0071 0.0209 0.2069
431      431   (0)     16  : 0.0823 0.0000 0.0102 0.2432 0.0000 0.0000 0.2805 0.0000 0.0000 0.0000 0.0000 0.2510 0.0000 0.0550 0.0491 0.0289
432      432   (0)     16  : 0.6655 0.0000 0.0357 0.0000 0.0000 0.0000 0.0016 0.0000 0.0244 0.0000 0.0000 0.1350 0.0041 0.0000 0.0000 0.1337
433      433   (0)     16  : 0.1853 0.0000 0.0000 0.0000 0.0000 0.0000 0.7402 0.0000 0.0000 0.0000 0.0000 0.0697 0.0000 0.0048 0.0000 0.0000
434      434   (0)     16  : 0.4620 0.0000 0.0176 0.0210 0.0000 0.0000 0.2369 0.0076 0.0008 0.0000 0.0000 0.0432 0.0020 0.0018 0.0010 0.2060
435      435   (0)     16  : 0.4275 0.0000 0.0253 0.0000 0.0000 0.0000 0.4317 0.0000 0.0000 0.0000 0.0000 0.0478 0.0000 0.0000 0.0000 0.0676
436      436   (0)     16  : 0.0408 0.0000 0.0067 0.0079 0.0278 0.0000 0.7489 0.0000 0.0000 0.0000 0.0000 0.1261 0.0000 0.0276 0.0000 0.0142
437      437   (0)     16  : 0.6598 0.0000 0.0070 0.0651 0.0000 0.0000 0.0000 0.0000 0.0000 0.0000 0.0000 0.0646 0.0000 0.0008 0.0028 0.1999
438      438   (0)     16  : 0.6845 0.0000 0.0536 0.0259 0.0000 0.0000 0.0020 0.0000 0.0000 0.0000 0.0000 0.0160 0.0000 0.0000 0.0046 0.2134
439      439   (0)     16  : 0.6137 0.0000 0.0353 0.0244 0.0000 0.0002 0.0000 0.0017 0.0000 0.0000 0.0000 0.1184 0.0011 0.0066 0.0032 0.1954
440      440   (0)     16  : 0.4565 0.0000 0.0000 0.0000 0.0000 0.0000 0.0000 0.0036 0.1017 0.0000 0.0000 0.4066 0.0175 0.0078 0.0062 0.0000
441      441   (0)     16  : 0.4551 0.0135 0.0155 0.0000 0.0000 0.0000 0.3205 0.0000 0.0000 0.0000 0.0037 0.0639 0.0276 0.0000 0.0000 0.1002
442      442   (0)     16  : 0.7915 0.0000 0.0303 0.0495 0.0000 0.0000 0.0136 0.0000 0.0000 0.0000 0.0000 0.0270 0.0000 0.0000 0.0000 0.0882
443      443   (0)     16  : 0.5501 0.0000 0.0146 0.0000 0.0000 0.0000 0.0008 0.0000 0.1419 0.0000 0.0000 0.2139 0.0591 0.0000 0.0000 0.0197
444      444   (0)     16  : 0.7646 0.0000 0.0089 0.0037 0.0000 0.0000 0.0000 0.0000 0.0047 0.0000 0.0000 0.0861 0.0105 0.0000 0.0000 0.1216
445      445   (0)     16  : 0.0000 0.0000 0.0000 0.0000 0.0000 0.0000 0.0000 0.0000 0.0000 1.0000 0.0000 0.0000 0.0000 0.0000 0.0000 0.0000
446      446   (0)     16  : 0.5721 0.0000 0.0036 0.0000 0.0000 0.0000 0.3871 0.0000 0.0000 0.0000 0.0000 0.0372 0.0000 0.0000 0.0000 0.0000
447      447   (0)     16  : 0.5438 0.0000 0.0089 0.0000 0.0000 0.0000 0.0104 0.0000 0.0054 0.0046 0.0000 0.3892 0.0083 0.0000 0.0000 0.0296
448      448   (0)     16  : 0.7016 0.0000 0.0000 0.0000 0.0000 0.0000 0.0025 0.0000 0.0000 0.0000 0.0000 0.2064 0.0000 0.0000 0.0000 0.0895
449      449   (0)     16  : 0.5148 0.0000 0.0364 0.0012 0.0000 0.0000 0.2822 0.0000 0.0000 0.0000 0.0000 0.0442 0.0000 0.0118 0.0000 0.1093
450      450   (0)     16  : 0.6581 0.0000 0.0000 0.0374 0.0000 0.0000 0.0149 0.0000 0.0066 0.0000 0.0000 0.0445 0.0000 0.0000 0.0035 0.2351
451      451   (0)     17  : 0.4410 0.0035 0.0351 0.0893 0.0009 0.0014 0.1187 0.0011 0.0430 0.0000 0.0000 0.0272 0.0307 0.0959 0.0552 0.0570
452      452   (0)     17  : 0.6343 0.0000 0.0345 0.0010 0.0000 0.0000 0.0341 0.0000 0.0215 0.0000 0.0000 0.0716 0.0223 0.0002 0.0000 0.1806
453      453   (0)     17  : 0.7035 0.0000 0.0343 0.0000 0.0000 0.0000 0.0000 0.0000 0.0000 0.0000 0.0000 0.0234 0.0000 0.0000 0.0000 0.2389
454      454   (0)     17  : 0.0446 0.0000 0.0000 0.0000 0.0000 0.0001 0.0000 0.0020 0.0000 0.8813 0.0519 0.0120 0.0043 0.0021 0.0018 0.0000
455      455   (0)     17  : 0.1600 0.0000 0.0000 0.0000 0.0000 0.0000 0.7435 0.0000 0.0000 0.0002 0.0000 0.0963 0.0000 0.0000 0.0000 0.0000
456      456   (0)     17  : 0.0004 0.0000 0.0000 0.0000 0.0000 0.0006 0.0000 0.0000 0.0000 0.9990 0.0000 0.0000 0.0000 0.0000 0.0000 0.0000
457      457   (0)     17  : 0.1878 0.0000 0.0000 0.0000 0.0000 0.0000 0.7450 0.0000 0.0000 0.0000 0.0000 0.0672 0.0000 0.0000 0.0000 0.0000
458      458   (0)     17  : 0.6437 0.0000 0.0175 0.0187 0.0000 0.0000 0.0407 0.0000 0.0000 0.0000 0.0000 0.0520 0.0034 0.0000 0.0000 0.2240
459      459   (0)     17  : 0.9177 0.0000 0.0320 0.0000 0.0000 0.0000 0.0012 0.0000 0.0000 0.0000 0.0000 0.0365 0.0000 0.0000 0.0000 0.0126
460      460   (0)     17  : 0.0335 0.0000 0.0000 0.0000 0.0000 0.0000 0.1270 0.0000 0.3157 0.0000 0.0000 0.5237 0.0000 0.0000 0.0000 0.0000
461      461   (0)     17  : 0.5030 0.0000 0.0093 0.0000 0.0000 0.0000 0.1512 0.0000 0.0087 0.0000 0.0000 0.2778 0.0266 0.0000 0.0011 0.0223
462      462   (0)     17  : 0.1952 0.0260 0.0478 0.1881 0.0363 0.0000 0.0000 0.0000 0.0000 0.0000 0.0013 0.0653 0.0000 0.2165 0.0759 0.1475
463      463   (0)     17  : 0.0505 0.0347 0.0017 0.0000 0.0941 0.0330 0.1335 0.0015 0.0000 0.5930 0.0144 0.0379 0.0000 0.0058 0.0000 0.0000
464      464   (0)     17  : 0.6926 0.0000 0.0110 0.0191 0.0005 0.0000 0.0249 0.0000 0.0009 0.0047 0.0000 0.1122 0.0171 0.0022 0.0584 0.0565
465      465   (0)     17  : 0.4190 0.0008 0.0738 0.0715 0.1322 0.0000 0.0000 0.0000 0.0000 0.0000 0.0000 0.0320 0.0002 0.1016 0.0328 0.1361
466      466   (0)     17  : 0.4947 0.0000 0.0187 0.0196 0.0281 0.0000 0.0000 0.0000 0.1889 0.0000 0.0000 0.0766 0.0397 0.0133 0.0115 0.1088
467      467   (0)     17  : 0.2677 0.0000 0.0361 0.1020 0.0082 0.0000 0.2384 0.0023 0.1793 0.0013 0.0000 0.0109 0.0049 0.0327 0.0097 0.1066
468      468   (0)     17  : 0.1024 0.0000 0.0002 0.0000 0.0000 0.0000 0.0000 0.0000 0.6221 0.0000 0.0000 0.2372 0.0380 0.0000 0.0000 0.0000
469      469   (0)     17  : 0.3822 0.0000 0.0878 0.0331 0.0032 0.0009 0.2594 0.0000 0.0139 0.0090 0.0000 0.0341 0.0078 0.0281 0.1147 0.0259
470      470   (0)     17  : 0.6256 0.0029 0.0154 0.0029 0.0000 0.0075 0.0000 0.0000 0.0000 0.0000 0.0000 0.0773 0.0386 0.0908 0.0000 0.1388
471      471   (0)     17  : 0.4269 0.0000 0.0000 0.0000 0.0000 0.0000 0.3192 0.0117 0.0719 0.0000 0.0000 0.1348 0.0244 0.0070 0.0041 0.0000
472      472   (0)     17  : 0.1288 0.0000 0.0000 0.1554 0.0000 0.0000 0.0000 0.0015 0.3991 0.0000 0.0000 0.1500 0.0000 0.0078 0.0165 0.1409
473      473   (0)     17  : 0.1903 0.0000 0.0000 0.0354 0.0000 0.0000 0.0000 0.0035 0.3605 0.0000 0.0000 0.1762 0.0165 0.0247 0.0453 0.1476
474      474   (0)     17  : 0.0965 0.0000 0.0009 0.0504 0.0006 0.0000 0.6725 0.0002 0.0133 0.0000 0.0000 0.1335 0.0210 0.0011 0.0001 0.0097
475      475   (0)     17  : 0.4736 0.0000 0.0129 0.0611 0.0008 0.0000 0.0390 0.0000 0.0995 0.0000 0.0000 0.1978 0.0023 0.0370 0.0000 0.0760
476      476   (0)     17  : 0.2395 0.0000 0.0071 0.0181 0.0058 0.0024 0.5445 0.0000 0.0002 0.0000 0.0000 0.0659 0.0049 0.0648 0.0250 0.0218
477      477   (0)     17  : 0.6803 0.0000 0.0280 0.0117 0.0001 0.0000 0.0000 0.0000 0.0010 0.0000 0.0000 0.1296 0.0000 0.0066 0.0127 0.1299
478      478   (0)     17  : 0.0661 0.0000 0.0000 0.0000 0.0000 0.0000 0.7074 0.0000 0.0132 0.0000 0.0000 0.1938 0.0000 0.0196 0.0000 0.0000
479      479   (0)     17  : 0.5097 0.0000 0.0011 0.0039 0.0000 0.0000 0.0033 0.0000 0.0299 0.0311 0.0000 0.0237 0.0000 0.0379 0.0000 0.3594
480      480   (0)     17  : 0.0515 0.0000 0.0000 0.0210 0.0000 0.0000 0.0000 0.0035 0.2719 0.0129 0.0000 0.2133 0.0637 0.0087 0.2014 0.1521
481      481   (0)     18  : 0.0000 0.0000 0.0305 0.2542 0.0618 0.0000 0.0000 0.0000 0.0000 0.0000 0.0000 0.3188 0.0000 0.1932 0.0477 0.0938
482      482   (0)     18  : 0.0000 0.0000 0.0000 0.0000 1.0000 0.0000 0.0000 0.0000 0.0000 0.0000 0.0000 0.0000 0.0000 0.0000 0.0000 0.0000
483      483   (0)     18  : 0.0000 0.0000 0.0000 0.0000 1.0000 0.0000 0.0000 0.0000 0.0000 0.0000 0.0000 0.0000 0.0000 0.0000 0.0000 0.0000
484      484   (0)     18  : 0.0000 0.0000 0.0000 0.0000 1.0000 0.0000 0.0000 0.0000 0.0000 0.0000 0.0000 0.0000 0.0000 0.0000 0.0000 0.0000
485      485   (0)     18  : 0.0163 0.0000 0.0004 0.0000 0.7798 0.0000 0.0000 0.0000 0.0000 0.1991 0.0000 0.0000 0.0000 0.0000 0.0000 0.0043
486      486   (0)     18  : 0.0000 0.0000 0.0073 0.0000 0.9671 0.0000 0.0000 0.0000 0.0000 0.0000 0.0000 0.0000 0.0000 0.0206 0.0000 0.0050
487      487   (0)     18  : 0.0000 0.0000 0.0000 0.0000 1.0000 0.0000 0.0000 0.0000 0.0000 0.0000 0.0000 0.0000 0.0000 0.0000 0.0000 0.0000
488      488   (0)     18  : 0.1202 0.0000 0.0003 0.0147 0.0078 0.0000 0.0000 0.0000 0.0000 0.0000 0.0000 0.6703 0.0000 0.0480 0.0000 0.1388
489      489   (0)     18  : 0.0000 0.0000 0.0008 0.3493 0.0009 0.0000 0.0000 0.0000 0.0000 0.0000 0.0008 0.3507 0.0000 0.1670 0.0378 0.0928
490      490   (0)     18  : 0.0000 0.0000 0.0000 0.0000 1.0000 0.0000 0.0000 0.0000 0.0000 0.0000 0.0000 0.0000 0.0000 0.0000 0.0000 0.0000
491      491   (0)     18  : 0.0400 0.0000 0.0009 0.0000 0.9017 0.0000 0.0000 0.0000 0.0000 0.0000 0.0000 0.0273 0.0054 0.0000 0.0000 0.0246
492      492   (0)     18  : 0.1961 0.0000 0.0144 0.0058 0.0559 0.0000 0.0000 0.0000 0.0000 0.4683 0.0000 0.0429 0.0000 0.0000 0.0000 0.2165
493      493   (0)     18  : 0.0000 0.0000 0.0000 0.2168 0.0160 0.0000 0.3548 0.0000 0.0000 0.0000 0.0000 0.2579 0.0000 0.0907 0.0027 0.0611
494      494   (0)     18  : 0.0000 0.0000 0.0000 0.0424 0.9373 0.0000 0.0000 0.0000 0.0000 0.0000 0.0000 0.0000 0.0000 0.0131 0.0000 0.0072
495      495   (0)     18  : 0.0000 0.0000 0.0000 0.0000 1.0000 0.0000 0.0000 0.0000 0.0000 0.0000 0.0000 0.0000 0.0000 0.0000 0.0000 0.0000
496      496   (0)     18  : 0.0021 0.0000 0.0000 0.0000 0.5600 0.0000 0.0000 0.0000 0.0000 0.4037 0.0000 0.0026 0.0000 0.0000 0.0000 0.0316
497      497   (0)     18  : 0.0000 0.0000 0.0000 0.2233 0.0000 0.0000 0.0306 0.0000 0.0000 0.0000 0.0000 0.5984 0.0000 0.0847 0.0151 0.0479
498      498   (0)     18  : 0.0576 0.0000 0.0045 0.0000 0.8186 0.0000 0.0000 0.0000 0.0000 0.0609 0.0000 0.0000 0.0000 0.0000 0.0000 0.0584
499      499   (0)     18  : 0.0351 0.0000 0.0044 0.0338 0.4659 0.0000 0.1478 0.0000 0.0000 0.2447 0.0000 0.0000 0.0000 0.0000 0.0000 0.0683
500      500   (0)     18  : 0.0000 0.0000 0.0258 0.1203 0.0204 0.0000 0.0000 0.0000 0.0000 0.0000 0.0000 0.4795 0.0000 0.1795 0.1094 0.0651
501      501   (0)     18  : 0.0962 0.0000 0.0047 0.3393 0.0165 0.0000 0.0000 0.0000 0.0000 0.0000 0.0000 0.3238 0.0003 0.0812 0.0000 0.1380
502      502   (0)     18  : 0.0438 0.0000 0.0000 0.0000 0.3577 0.0004 0.1094 0.0000 0.0000 0.3208 0.0001 0.0000 0.0000 0.0052 0.0000 0.1626
503      503   (0)     18  : 0.0000 0.0000 0.0000 0.0000 1.0000 0.0000 0.0000 0.0000 0.0000 0.0000 0.0000 0.0000 0.0000 0.0000 0.0000 0.0000
504      504   (0)     18  : 0.0298 0.0000 0.0000 0.0000 0.3915 0.0000 0.0000 0.0000 0.0000 0.4529 0.0000 0.1257 0.0000 0.0000 0.0000 0.0000
505      505   (0)     18  : 0.0445 0.0000 0.0516 0.0000 0.3374 0.0012 0.0000 0.0000 0.0000 0.5450 0.0000 0.0133 0.0071 0.0000 0.0000 0.0000
506      506   (0)     18  : 0.0000 0.0000 0.0000 0.0178 0.0000 0.0000 0.0502 0.0000 0.0000 0.0000 0.0000 0.8346 0.0000 0.0644 0.0000 0.0329
507      507   (0)     18  : 0.0703 0.0000 0.0128 0.0502 0.6192 0.0000 0.0000 0.0000 0.0000 0.0812 0.0000 0.0333 0.0000 0.0000 0.0000 0.1331
508      508   (0)     18  : 0.0056 0.0000 0.0000 0.2390 0.0000 0.0000 0.0374 0.0000 0.0000 0.0000 0.0000 0.6176 0.0000 0.0600 0.0000 0.0403
509      509   (0)     18  : 0.0000 0.0000 0.0000 0.0000 0.2327 0.0000 0.0000 0.0000 0.0000 0.7668 0.0000 0.0005 0.0000 0.0000 0.0000 0.0000
510      510   (0)     19  : 0.4909 0.0000 0.0490 0.0405 0.0019 0.0000 0.1859 0.0000 0.0000 0.0000 0.0000 0.0656 0.0000 0.0249 0.0000 0.1413
511      511   (0)     19  : 0.1678 0.0000 0.0421 0.0502 0.0020 0.0000 0.4138 0.0000 0.0000 0.0000 0.0000 0.1791 0.0000 0.0316 0.0000 0.1133
512      512   (0)     19  : 0.4377 0.0000 0.0000 0.0000 0.0000 0.0000 0.4593 0.0000 0.0000 0.0000 0.0000 0.0812 0.0000 0.0000 0.0000 0.0217
513      513   (0)     19  : 0.0123 0.0000 0.0000 0.0000 0.0000 0.0000 0.9269 0.0000 0.0000 0.0000 0.0000 0.0608 0.0000 0.0000 0.0000 0.0000
514      514   (0)     19  : 0.4194 0.0000 0.0360 0.0000 0.0000 0.0000 0.0000 0.0000 0.1751 0.0000 0.0000 0.3642 0.0029 0.0000 0.0000 0.0024
515      515   (0)     19  : 0.3056 0.0000 0.0424 0.0147 0.0000 0.0000 0.4719 0.0000 0.0000 0.0000 0.0000 0.0838 0.0007 0.0092 0.0000 0.0717
516      516   (0)     19  : 0.2425 0.0000 0.0000 0.0000 0.0000 0.0000 0.7575 0.0000 0.0000 0.0000 0.0000 0.0000 0.0000 0.0000 0.0000 0.0000
517      517   (0)     19  : 0.7543 0.0000 0.0452 0.0375 0.0000 0.0000 0.0000 0.0000 0.0000 0.0000 0.0000 0.0318 0.0007 0.0000 0.0149 0.1156
518      518   (0)     19  : 0.4322 0.0000 0.0062 0.0004 0.0000 0.0000 0.4448 0.0000 0.0334 0.0000 0.0000 0.0735 0.0000 0.0038 0.0013 0.0043
519      519   (0)     19  : 0.0000 0.0000 0.0000 0.0588 0.0000 0.0000 0.0000 0.0000 0.0000 0.0000 0.0000 0.0000 0.0000 0.0000 0.9412 0.0000
520      520   (0)     19  : 0.5113 0.0000 0.0383 0.0086 0.0000 0.0000 0.0838 0.0000 0.0000 0.0000 0.0000 0.0380 0.0005 0.0066 0.0026 0.3104
521      521   (0)     19  : 0.0000 0.0000 0.0000 0.1824 0.0000 0.0000 0.7538 0.0000 0.0000 0.0000 0.0000 0.0199 0.0000 0.0006 0.0166 0.0267
522      522   (0)     19  : 0.1390 0.0000 0.0000 0.0000 0.0000 0.0000 0.6561 0.0000 0.0000 0.0000 0.0000 0.2048 0.0000 0.0000 0.0000 0.0000
523      523   (0)     19  : 0.0000 0.0000 0.0000 0.0067 0.0000 0.0000 0.1489 0.0000 0.0049 0.0000 0.0000 0.8395 0.0000 0.0000 0.0000 0.0000
524      524   (0)     19  : 0.6020 0.0000 0.0145 0.0010 0.0000 0.0000 0.2510 0.0000 0.0000 0.0000 0.0000 0.0809 0.0000 0.0000 0.0000 0.0506
525      525   (0)     19  : 0.5336 0.0000 0.0113 0.0000 0.0000 0.0001 0.2785 0.0062 0.0000 0.0182 0.0000 0.1327 0.0000 0.0027 0.0006 0.0160
526      526   (0)     19  : 0.6464 0.0000 0.0103 0.0000 0.0000 0.0000 0.0174 0.0042 0.0096 0.0000 0.0000 0.1140 0.0000 0.0033 0.0029 0.1920
527      527   (0)     19  : 0.1964 0.0000 0.0511 0.0851 0.0000 0.0000 0.0361 0.0000 0.0191 0.0000 0.0000 0.4774 0.0000 0.0238 0.0000 0.1108
528      528   (0)     19  : 0.5635 0.0000 0.0239 0.1475 0.0014 0.0000 0.0229 0.0000 0.0057 0.0000 0.0000 0.1409 0.0000 0.0077 0.0006 0.0859
529      529   (0)     19  : 0.6806 0.0000 0.0128 0.0000 0.0000 0.0000 0.0000 0.0000 0.0298 0.0000 0.0000 0.1066 0.0000 0.0000 0.0000 0.1702
530      530   (0)     19  : 0.3374 0.0000 0.0001 0.0000 0.0000 0.0000 0.3066 0.0000 0.0052 0.0000 0.0000 0.3506 0.0000 0.0000 0.0000 0.0001
531      531   (0)     19  : 0.3177 0.0000 0.0000 0.0000 0.0000 0.0000 0.2761 0.0036 0.0834 0.0000 0.0000 0.2660 0.0294 0.0064 0.0035 0.0139
532      532   (0)     19  : 0.3136 0.0131 0.0000 0.0000 0.0000 0.0054 0.4675 0.0048 0.0002 0.0000 0.0003 0.1692 0.0121 0.0112 0.0026 0.0000
533      533   (0)     19  : 0.2697 0.0000 0.0083 0.0000 0.0050 0.0000 0.0000 0.0000 0.0000 0.6370 0.0103 0.0132 0.0039 0.0197 0.0000 0.0329
534      534   (0)     19  : 0.3229 0.0000 0.0000 0.0384 0.0000 0.0000 0.0024 0.0000 0.0000 0.0000 0.0000 0.3481 0.0000 0.0000 0.0000 0.2882
535      535   (0)     19  : 0.2193 0.0000 0.0000 0.0222 0.0000 0.0000 0.5858 0.0000 0.0000 0.0000 0.0000 0.1020 0.0000 0.0000 0.0000 0.0706
536      536   (0)     19  : 0.1747 0.0113 0.0000 0.0013 0.0076 0.0000 0.5919 0.0000 0.0000 0.0000 0.0001 0.1590 0.0000 0.0000 0.0364 0.0178
537      537   (0)     19  : 0.2937 0.0000 0.0126 0.1079 0.0000 0.0000 0.3222 0.0000 0.0000 0.0000 0.0000 0.0126 0.0456 0.0132 0.0618 0.1302
538      538   (0)     19  : 0.0936 0.0000 0.0065 0.0243 0.3914 0.0000 0.0425 0.0000 0.0000 0.4233 0.0000 0.0000 0.0000 0.0000 0.0050 0.0135
539      539   (0)     19  : 0.0191 0.0000 0.0000 0.0000 0.0213 0.0000 0.8948 0.0002 0.0002 0.0000 0.0000 0.0600 0.0044 0.0000 0.0000 0.0000
