  1        1   (0)      1 :  0.0000 0.0000 0.3031 0.0161 0.0000 0.0087 0.0225 0.3745 0.0000 0.0000 0.0000 0.0000 0.1000 0.0100 0.0000 0.1650 
  2        2   (0)      1 :  0.0000 0.0000 0.0129 0.0011 0.0000 0.7326 0.0772 0.0048 0.0000 0.0000 0.0000 0.0000 0.0039 0.1655 0.0000 0.0020 
  3        3   (0)      1 :  0.0000 0.0000 0.0021 0.0044 0.0000 0.4949 0.0677 0.0088 0.0000 0.0000 0.0000 0.0000 0.0039 0.4117 0.0000 0.0065 
  4        4   (0)      1 :  0.0084 0.0300 0.1325 0.2198 0.0000 0.0089 0.0286 0.4419 0.0000 0.0000 0.0000 0.0000 0.0642 0.0102 0.0000 0.0556 
  5        5   (0)      1 :  0.0007 0.0229 0.3097 0.1246 0.0000 0.0104 0.0318 0.3433 0.0000 0.0000 0.0000 0.0000 0.0381 0.0015 0.0000 0.1171 
  6        6   (0)      1 :  0.0000 0.0000 0.4854 0.1239 0.0194 0.0009 0.0015 0.2368 0.0058 0.0000 0.0000 0.0000 0.0375 0.0082 0.0000 0.0806 
  7        7   (0)      1 :  0.0000 0.0000 0.0000 0.0015 0.0000 0.6765 0.1272 0.0021 0.0000 0.0000 0.0000 0.0000 0.0022 0.1905 0.0000 0.0000 
  8        8   (0)      1 :  0.0000 0.0004 0.0055 0.0021 0.0000 0.6087 0.1062 0.0003 0.0000 0.0000 0.0000 0.0000 0.0036 0.2732 0.0000 0.0000 
  9        9   (0)      1 :  0.0000 0.0477 0.2406 0.1855 0.0000 0.0104 0.0971 0.3344 0.0000 0.0000 0.0000 0.0000 0.0272 0.0009 0.0000 0.0561 
 10       10   (0)      1 :  0.0000 0.0037 0.0004 0.0106 0.0036 0.4688 0.1719 0.0036 0.0000 0.0000 0.0000 0.0000 0.0001 0.3373 0.0000 0.0000 
 11       11   (0)      1 :  0.0000 0.0011 0.0409 0.1884 0.0000 0.0041 0.0784 0.4737 0.0000 0.0000 0.0000 0.0000 0.0989 0.0036 0.0000 0.1110 
 12       12   (0)      1 :  0.0000 0.0375 0.3075 0.1186 0.0408 0.0036 0.0157 0.3557 0.0000 0.0000 0.0000 0.0000 0.0411 0.0000 0.0000 0.0796 
 13       13   (0)      1 :  0.0000 0.0095 0.0994 0.0969 0.0000 0.0009 0.0274 0.6455 0.0000 0.0000 0.0000 0.0000 0.0000 0.0030 0.0000 0.1174 
 14       14   (0)      1 :  0.0031 0.0176 0.2719 0.3060 0.0503 0.0019 0.0013 0.2448 0.0001 0.0000 0.0002 0.0000 0.0114 0.0015 0.0000 0.0900 
 15       15   (0)      1 :  0.0004 0.0000 0.2568 0.0413 0.0500 0.0017 0.0520 0.3570 0.0000 0.0000 0.0000 0.0000 0.1500 0.0005 0.0000 0.0904 
 16       16   (0)      1 :  0.0000 0.0419 0.2140 0.1420 0.0000 0.0527 0.0473 0.3515 0.0050 0.0000 0.0000 0.0000 0.0243 0.0053 0.0000 0.1160 
 17       17   (0)      1 :  0.0000 0.0087 0.4100 0.1065 0.0000 0.0000 0.0547 0.4070 0.0000 0.0000 0.0000 0.0000 0.0000 0.0029 0.0000 0.0102 
 18       18   (0)      1 :  0.0000 0.0000 0.0995 0.1217 0.0000 0.0000 0.1000 0.4981 0.0000 0.0000 0.0000 0.0000 0.0767 0.0000 0.0000 0.1041 
 19       19   (0)      1 :  0.0006 0.0144 0.3509 0.1458 0.0000 0.0012 0.1104 0.2807 0.0000 0.0000 0.0006 0.0000 0.0325 0.0005 0.0000 0.0623 
 20       20   (0)      1 :  0.0000 0.0134 0.2922 0.0888 0.0000 0.0020 0.1378 0.4357 0.0000 0.0000 0.0000 0.0000 0.0000 0.0000 0.0000 0.0302 
 21       21   (0)      1 :  0.0006 0.0001 0.1999 0.0733 0.0000 0.0004 0.0000 0.4364 0.0000 0.0000 0.0000 0.0000 0.0837 0.0004 0.0000 0.2053 
 22       22   (0)      1 :  0.0000 0.0044 0.0131 0.0138 0.0000 0.3941 0.0693 0.0074 0.0000 0.0000 0.0000 0.0000 0.0500 0.4479 0.0000 0.0000 
 23       23   (0)      1 :  0.0000 0.0235 0.1178 0.0225 0.0000 0.0000 0.0782 0.6707 0.0000 0.0000 0.0000 0.0000 0.0651 0.0029 0.0000 0.0193 
 24       24   (0)      1 :  0.0000 0.4000 0.1000 0.1000 0.0000 0.0013 0.0026 0.3942 0.0000 0.0000 0.0000 0.0000 0.0000 0.0020 0.0000 0.0000 
 25       25   (0)      1 :  0.0000 0.0060 0.1835 0.0445 0.0000 0.0084 0.0311 0.5427 0.0006 0.0000 0.0000 0.0000 0.0908 0.0013 0.0000 0.0910 
 26       26   (0)      1 :  0.0000 0.0000 0.2401 0.1208 0.0076 0.0000 0.0306 0.4712 0.0000 0.0000 0.0000 0.0000 0.0662 0.0000 0.0000 0.0635 
 27       27   (0)      1 :  0.0000 0.0044 0.0000 0.0000 0.0026 0.0000 0.0000 0.0000 0.0000 0.0000 0.9360 0.0168 0.0250 0.0000 0.0152 0.0000 
 28       28   (0)      1 :  0.0000 0.1450 0.0000 0.0000 0.0000 0.0000 0.0000 0.0000 0.0000 0.0000 0.8550 0.0000 0.0000 0.0000 0.0000 0.0000 
 29       29   (0)      1 :  0.0026 0.0427 0.2273 0.1905 0.0609 0.0051 0.0647 0.3094 0.0000 0.0000 0.0000 0.0000 0.0214 0.0035 0.0000 0.0719 
 30       30   (0)      1 :  0.0000 0.0000 0.2876 0.2176 0.0500 0.0000 0.0303 0.3096 0.0000 0.0000 0.0000 0.0000 0.0000 0.0000 0.0000 0.1049 
 31       31   (0)      1 :  0.0000 0.0346 0.1235 0.4319 0.0000 0.0152 0.0336 0.2079 0.0000 0.0000 0.0000 0.0000 0.0500 0.0082 0.0000 0.0951 
 32       32   (0)      1 :  0.0000 0.0825 0.0039 0.0064 0.0000 0.4494 0.2120 0.0099 0.0000 0.0000 0.0000 0.0000 0.0000 0.2359 0.0000 0.0000 
 33       33   (0)      1 :  0.0000 0.3200 0.0417 0.0400 0.0000 0.0615 0.0394 0.1484 0.0000 0.0000 0.3178 0.0000 0.0000 0.0312 0.0000 0.0000 
 34       34   (0)      1 :  0.0000 0.0000 0.1153 0.1333 0.0500 0.0000 0.1332 0.3060 0.0000 0.0000 0.0000 0.0000 0.0000 0.0042 0.0000 0.2580 
 35       35   (0)      1 :  0.9193 0.0307 0.0000 0.0500 0.0000 0.0000 0.0000 0.0000 0.0000 0.0000 0.0000 0.0000 0.0000 0.0000 0.0000 0.0000 
 36       36   (0)      1 :  0.9337 0.0000 0.0000 0.0319 0.0000 0.0000 0.0000 0.0000 0.0000 0.0000 0.0000 0.0000 0.0344 0.0000 0.0000 0.0000 
 37       37   (0)      1 :  0.8835 0.0165 0.0000 0.0500 0.0000 0.0000 0.0000 0.0000 0.0000 0.0000 0.0000 0.0000 0.0500 0.0000 0.0000 0.0000 
 38       38   (0)      1 :  0.0000 0.0000 0.0000 0.0500 0.0000 0.0000 0.0000 0.0000 0.0000 0.0000 0.9500 0.0000 0.0000 0.0000 0.0000 0.0000 
 39       39   (0)      1 :  0.0000 0.0000 0.0000 0.0500 0.0032 0.0000 0.0000 0.0000 0.0000 0.0001 0.9404 0.0029 0.0024 0.0000 0.0009 0.0000 
 40       40   (0)      1 :  0.0003 0.0000 0.0771 0.4071 0.0000 0.0014 0.0378 0.3329 0.0000 0.0000 0.0000 0.0000 0.0946 0.0000 0.0000 0.0489 
 41       41   (0)      1 :  0.0000 0.0000 0.0024 0.0000 0.0000 0.5330 0.1811 0.0093 0.0000 0.0000 0.0000 0.0000 0.0106 0.2598 0.0000 0.0038 
 42       42   (0)      1 :  0.0000 0.0000 0.0000 0.0500 0.0000 0.0000 0.0000 0.0000 0.0000 0.0000 0.9500 0.0000 0.0000 0.0000 0.0000 0.0000 
 43       43   (0)      1 :  0.0064 0.0131 0.1704 0.0274 0.0000 0.0050 0.1862 0.5256 0.0000 0.0000 0.0000 0.0000 0.0136 0.0097 0.0000 0.0426 
 44       44   (0)      1 :  0.0000 0.0000 0.0001 0.0002 0.0031 0.5300 0.0937 0.0012 0.0000 0.0000 0.0000 0.0000 0.0000 0.3622 0.0000 0.0095 
 45       45   (0)      1 :  0.0000 0.0000 0.0000 0.0000 0.0000 0.0000 0.0000 0.0000 0.0000 0.0000 0.9500 0.0000 0.0000 0.0000 0.0000 0.0500 
 46       46   (0)      1 :  0.0000 0.0034 0.2307 0.1748 0.0005 0.0009 0.1000 0.3882 0.0003 0.0010 0.0000 0.0000 0.0277 0.0000 0.0006 0.0718 
 47       47   (0)      1 :  0.0000 0.0016 0.0000 0.0500 0.0003 0.0000 0.0000 0.0000 0.0000 0.0000 0.9480 0.0000 0.0001 0.0000 0.0000 0.0000 
 48       48   (0)      1 :  0.0000 0.0000 0.0005 0.0047 0.0000 0.2777 0.1631 0.0062 0.0007 0.0000 0.0000 0.0000 0.0500 0.4930 0.0000 0.0041 
 49       49   (0)      1 :  0.0000 0.0000 0.0000 0.0012 0.0000 0.5815 0.1857 0.0000 0.0000 0.0000 0.0000 0.0000 0.0069 0.2248 0.0000 0.0000 
 50       50   (0)      1 :  0.0000 0.0000 0.0000 0.0000 0.0000 0.0000 0.0000 0.0000 0.0000 0.0000 1.0000 0.0000 0.0000 0.0000 0.0000 0.0000 
 51       51   (0)      1 :  0.0000 0.0000 0.0000 0.0000 0.0000 0.0000 0.0000 0.0000 0.0004 0.0000 0.9996 0.0000 0.0000 0.0000 0.0000 0.0000 
 52       52   (0)      1 :  0.0000 0.0067 0.0289 0.0191 0.0000 0.6119 0.1242 0.0060 0.0000 0.0000 0.0000 0.0000 0.0078 0.1932 0.0000 0.0023 
 53       53   (0)      1 :  0.0000 0.0040 0.0034 0.0032 0.0000 0.5436 0.2059 0.0048 0.0008 0.0000 0.0000 0.0000 0.0351 0.1978 0.0000 0.0013 
 54       54   (0)      1 :  0.0000 0.0032 0.0014 0.0033 0.0000 0.4072 0.1874 0.0048 0.0000 0.0000 0.0000 0.0000 0.0000 0.3747 0.0000 0.0180 
 55       55   (0)      1 :  0.0000 0.0035 0.0000 0.0000 0.0035 0.0000 0.0000 0.0000 0.0006 0.0000 0.9407 0.0180 0.0023 0.0000 0.0000 0.0314 
 56       56   (0)      2 :  0.0000 0.0650 0.1684 0.3819 0.0000 0.0094 0.0069 0.3444 0.0000 0.0000 0.0000 0.0000 0.0198 0.0036 0.0000 0.0008 
 57       57   (0)      2 :  0.0074 0.0133 0.2602 0.0129 0.0000 0.0000 0.0299 0.4115 0.0000 0.0000 0.0000 0.0000 0.0257 0.0016 0.0000 0.2375 
 58       58   (0)      2 :  0.0000 0.0000 0.0127 0.3045 0.0000 0.0045 0.1025 0.2759 0.0000 0.0000 0.0000 0.0000 0.0500 0.0000 0.0000 0.2500 
 59       59   (0)      2 :  0.0000 0.0539 0.1535 0.2158 0.0000 0.0024 0.0018 0.4903 0.0000 0.0000 0.0000 0.0000 0.0166 0.0008 0.0000 0.0648 
 60       60   (0)      2 :  0.0000 0.0069 0.0001 0.0000 0.0000 0.4821 0.1650 0.0073 0.0000 0.0000 0.0000 0.0000 0.0208 0.3075 0.0000 0.0104 
 61       61   (0)      2 :  0.0015 0.0003 0.4199 0.0963 0.0000 0.0000 0.0416 0.3722 0.0003 0.0000 0.0000 0.0000 0.0000 0.0000 0.0000 0.0679 
 62       62   (0)      2 :  0.7707 0.0293 0.0000 0.1000 0.0500 0.0000 0.0000 0.0000 0.0000 0.0000 0.0000 0.0000 0.0500 0.0000 0.0000 0.0000 
 63       63   (0)      2 :  0.0000 0.0178 0.3966 0.0890 0.0000 0.0093 0.0048 0.3250 0.0000 0.0000 0.0000 0.0000 0.0174 0.0000 0.0000 0.1400 
 64       64   (0)      2 :  0.9500 0.0500 0.0000 0.0000 0.0000 0.0000 0.0000 0.0000 0.0000 0.0000 0.0000 0.0000 0.0000 0.0000 0.0000 0.0000 
 65       65   (0)      2 :  0.0000 0.0396 0.4049 0.0706 0.0188 0.0040 0.0775 0.2607 0.0000 0.0000 0.0000 0.0000 0.0118 0.0353 0.0000 0.0769 
 66       66   (0)      2 :  0.7653 0.0500 0.0000 0.0847 0.0500 0.0000 0.0000 0.0000 0.0000 0.0000 0.0000 0.0000 0.0500 0.0000 0.0000 0.0000 
 67       67   (0)      2 :  0.0014 0.0329 0.4504 0.0680 0.0048 0.0000 0.0766 0.2458 0.0000 0.0000 0.0000 0.0000 0.0193 0.0000 0.0000 0.1008 
 68       68   (0)      2 :  0.0007 0.0580 0.2959 0.1174 0.0000 0.0098 0.0056 0.2979 0.0000 0.0000 0.0000 0.0000 0.0000 0.0014 0.0000 0.2132 
 69       69   (0)      2 :  0.0000 0.0050 0.0002 0.0035 0.0000 0.4757 0.1115 0.0039 0.0000 0.0000 0.0000 0.0000 0.0000 0.4002 0.0000 0.0000 
 70       70   (0)      2 :  0.0000 0.0000 0.3045 0.2532 0.0000 0.0000 0.0007 0.1946 0.0000 0.0000 0.0000 0.0000 0.0021 0.0010 0.0000 0.2440 
 71       71   (0)      2 :  0.9465 0.0000 0.0000 0.0309 0.0000 0.0000 0.0000 0.0000 0.0000 0.0000 0.0000 0.0000 0.0225 0.0000 0.0000 0.0000 
 72       72   (0)      2 :  0.8000 0.0000 0.0000 0.1000 0.0500 0.0000 0.0000 0.0000 0.0000 0.0000 0.0000 0.0000 0.0500 0.0000 0.0000 0.0000 
 73       73   (0)      2 :  0.0000 0.0323 0.0167 0.4933 0.0372 0.0327 0.0099 0.2692 0.0007 0.0003 0.0000 0.0000 0.0000 0.0297 0.0000 0.0780 
 74       74   (0)      2 :  0.0000 0.0026 0.0003 0.0026 0.0000 0.7868 0.1015 0.0008 0.0000 0.0000 0.0000 0.0000 0.0000 0.1031 0.0000 0.0022 
 75       75   (0)      2 :  0.0000 0.0046 0.0000 0.0034 0.0005 0.0000 0.0000 0.0000 0.0000 0.0100 0.9776 0.0000 0.0031 0.0000 0.0009 0.0000 
 76       76   (0)      2 :  0.0000 0.0055 0.0000 0.0009 0.0000 0.6852 0.1285 0.0056 0.0000 0.0000 0.0000 0.0000 0.0000 0.1743 0.0000 0.0000 
 77       77   (0)      2 :  0.0000 0.0311 0.1937 0.0735 0.0000 0.0195 0.0611 0.4811 0.0000 0.0000 0.0000 0.0000 0.0090 0.0216 0.0000 0.1092 
 78       78   (0)      2 :  0.8909 0.0317 0.0000 0.0500 0.0274 0.0000 0.0000 0.0000 0.0000 0.0000 0.0000 0.0000 0.0000 0.0000 0.0000 0.0000 
 79       79   (0)      2 :  0.0000 0.0000 0.0000 0.0000 0.0000 0.0000 0.0000 0.0000 0.0000 0.0000 1.0000 0.0000 0.0000 0.0000 0.0000 0.0000 
 80       80   (0)      2 :  0.9000 0.0000 0.0000 0.0500 0.0000 0.0000 0.0000 0.0000 0.0000 0.0000 0.0000 0.0000 0.0500 0.0000 0.0000 0.0000 
 81       81   (0)      2 :  0.0020 0.0821 0.2350 0.0952 0.0000 0.0028 0.0026 0.3339 0.0000 0.0000 0.0000 0.0000 0.0500 0.0022 0.0000 0.1941 
 82       82   (0)      2 :  0.0009 0.0000 0.0001 0.0000 0.0000 0.6941 0.1467 0.0000 0.0000 0.0000 0.0000 0.0000 0.0024 0.1559 0.0000 0.0000 
 83       83   (0)      2 :  0.0000 0.0000 0.0000 0.0000 0.0000 0.3200 0.2365 0.0000 0.0000 0.0000 0.0000 0.0000 0.0249 0.4186 0.0000 0.0000 
 84       84   (0)      2 :  0.0000 0.0829 0.2003 0.0832 0.0000 0.0825 0.0360 0.3400 0.0000 0.0000 0.0000 0.0000 0.0000 0.1013 0.0000 0.0739 
 85       85   (0)      2 :  0.0000 0.0694 0.3105 0.0856 0.0117 0.0068 0.0081 0.2969 0.0000 0.0000 0.0000 0.0000 0.0370 0.0019 0.0000 0.1721 
 86       86   (0)      2 :  0.0000 0.0216 0.3043 0.0249 0.0000 0.0107 0.1068 0.4618 0.0000 0.0000 0.0000 0.0000 0.0693 0.0006 0.0000 0.0000 
 87       87   (0)      2 :  0.0000 0.0110 0.2634 0.1159 0.0000 0.0095 0.0175 0.2275 0.0000 0.0000 0.0000 0.0000 0.0000 0.0024 0.0000 0.3528 
 88       88   (0)      2 :  0.0000 0.0069 0.1378 0.3948 0.0252 0.0000 0.0126 0.3435 0.0000 0.0000 0.0000 0.0000 0.0558 0.0008 0.0000 0.0226 
 89       89   (0)      2 :  0.0000 0.0029 0.3757 0.1430 0.0240 0.0000 0.0105 0.3919 0.0000 0.0000 0.0000 0.0000 0.0000 0.0005 0.0000 0.0516 
 90       90   (0)      2 :  0.0045 0.0005 0.1143 0.2349 0.0000 0.0145 0.0566 0.3772 0.0000 0.0000 0.0000 0.0000 0.0536 0.0014 0.0000 0.1425 
 91       91   (0)      2 :  0.0000 0.0801 0.1352 0.0590 0.0064 0.0040 0.0540 0.5063 0.0000 0.0000 0.0000 0.0000 0.0167 0.0000 0.0000 0.1384 
 92       92   (0)      2 :  0.0000 0.0000 0.2353 0.1309 0.0000 0.0065 0.0125 0.5196 0.0000 0.0000 0.0000 0.0000 0.0245 0.0177 0.0000 0.0531 
 93       93   (0)      2 :  0.0000 0.0000 0.0000 0.0000 0.0000 0.4655 0.0417 0.0000 0.0000 0.0000 0.0000 0.0000 0.0000 0.4924 0.0000 0.0003 
 94       94   (0)      2 :  0.0012 0.0052 0.0041 0.0023 0.0031 0.4504 0.1857 0.0022 0.0000 0.0000 0.0000 0.0000 0.0054 0.3362 0.0000 0.0042 
 95       95   (0)      2 :  0.8000 0.0000 0.0000 0.1000 0.0500 0.0000 0.0000 0.0000 0.0000 0.0000 0.0000 0.0000 0.0500 0.0000 0.0000 0.0000 
 96       96   (0)      2 :  0.0000 0.0000 0.0065 0.0078 0.0000 0.3321 0.1544 0.0054 0.0000 0.0000 0.0000 0.0000 0.0036 0.4902 0.0000 0.0000 
 97       97   (0)      2 :  0.0000 0.0035 0.0031 0.0006 0.0000 0.2252 0.1557 0.0094 0.0000 0.0000 0.0000 0.0000 0.0000 0.5995 0.0000 0.0028 
 98       98   (0)      2 :  0.0000 0.0012 0.1227 0.2696 0.0000 0.0121 0.0519 0.1887 0.0014 0.0000 0.0000 0.0000 0.0000 0.0022 0.0000 0.3502 
 99       99   (0)      2 :  0.8209 0.0500 0.0000 0.0500 0.0291 0.0000 0.0000 0.0000 0.0000 0.0000 0.0000 0.0000 0.0500 0.0000 0.0000 0.0000 
100      100   (0)      2 :  0.0000 0.0425 0.0350 0.4050 0.0500 0.0014 0.0185 0.3591 0.0000 0.0000 0.0000 0.0000 0.0607 0.0000 0.0000 0.0279 
101      101   (0)      3 :  0.0000 0.0062 0.1743 0.2510 0.0293 0.0024 0.0169 0.3145 0.0000 0.0000 0.0000 0.0000 0.0443 0.0014 0.0000 0.1598 
102      102   (0)      3 :  0.0013 0.0124 0.2364 0.1597 0.0182 0.0016 0.0694 0.3206 0.0000 0.0000 0.0000 0.0000 0.0410 0.0000 0.0000 0.1395 
103      103   (0)      3 :  0.0001 0.0282 0.1411 0.1149 0.0000 0.0014 0.1601 0.4408 0.0000 0.0000 0.0000 0.0000 0.0037 0.0111 0.0000 0.0985 
104      104   (0)      3 :  0.0009 0.0312 0.0877 0.4504 0.0242 0.0000 0.0187 0.2899 0.0000 0.0000 0.0000 0.0000 0.0315 0.0034 0.0000 0.0621 
105      105   (0)      3 :  0.0033 0.0009 0.2933 0.0020 0.0000 0.0074 0.0072 0.4583 0.0000 0.0000 0.0000 0.0000 0.1164 0.0128 0.0000 0.0985 
106      106   (0)      3 :  0.0010 0.0646 0.5231 0.0372 0.0088 0.0065 0.0840 0.2357 0.0000 0.0000 0.0000 0.0000 0.0087 0.0030 0.0000 0.0274 
107      107   (0)      3 :  0.0000 0.0069 0.3954 0.0568 0.0000 0.0001 0.0858 0.2984 0.0000 0.0000 0.0007 0.0000 0.0201 0.0004 0.0000 0.1354 
108      108   (0)      3 :  0.0000 0.0000 0.4217 0.1279 0.0011 0.0000 0.0126 0.1845 0.0000 0.0000 0.0015 0.0000 0.0000 0.0042 0.0000 0.2465 
109      109   (0)      3 :  0.0000 0.0406 0.0892 0.5719 0.0000 0.0000 0.0212 0.2331 0.0000 0.0000 0.0000 0.0000 0.0128 0.0000 0.0000 0.0311 
110      110   (0)      3 :  0.0000 0.0000 0.4377 0.0778 0.0000 0.0032 0.0103 0.3673 0.0000 0.0000 0.0000 0.0000 0.0004 0.0011 0.0000 0.1022 
111      111   (0)      3 :  0.0045 0.1712 0.1121 0.0956 0.0000 0.0025 0.0895 0.5212 0.0000 0.0000 0.0000 0.0000 0.0000 0.0033 0.0000 0.0000 
112      112   (0)      3 :  0.0000 0.0000 0.1663 0.2731 0.0000 0.0007 0.1181 0.1971 0.0000 0.0000 0.0000 0.0000 0.0010 0.0000 0.0000 0.2437 
113      113   (0)      3 :  0.0009 0.0850 0.0951 0.5263 0.0162 0.0010 0.0013 0.2718 0.0000 0.0000 0.0000 0.0000 0.0025 0.0000 0.0000 0.0000 
114      114   (0)      3 :  0.0001 0.0590 0.1673 0.3528 0.0000 0.0050 0.0079 0.2721 0.0018 0.0000 0.0000 0.0000 0.0527 0.0019 0.0000 0.0794 
115      115   (0)      3 :  0.0000 0.0690 0.1052 0.2378 0.0000 0.0268 0.0430 0.2997 0.0000 0.0000 0.0000 0.0000 0.0211 0.0048 0.0000 0.1926 
116      116   (0)      3 :  0.0003 0.0000 0.6043 0.0500 0.0233 0.0014 0.0008 0.1598 0.0010 0.0000 0.0000 0.0000 0.0000 0.0037 0.0000 0.1554 
117      117   (0)      3 :  0.0000 0.0388 0.3151 0.1603 0.0636 0.0356 0.0061 0.3419 0.0000 0.0000 0.0000 0.0000 0.0000 0.0023 0.0000 0.0364 
118      118   (0)      3 :  0.0000 0.0256 0.2667 0.2211 0.0000 0.0023 0.0013 0.3955 0.0000 0.0000 0.0000 0.0000 0.0000 0.0022 0.0000 0.0854 
119      119   (0)      3 :  0.0000 0.0109 0.3679 0.1155 0.0000 0.0110 0.0774 0.2633 0.0006 0.0000 0.0000 0.0000 0.0452 0.0098 0.0000 0.0983 
120      120   (0)      3 :  0.0725 0.0387 0.2524 0.2683 0.0000 0.0086 0.0117 0.2098 0.0000 0.0000 0.0000 0.0000 0.0814 0.0195 0.0000 0.0370 
121      121   (0)      3 :  0.0001 0.0181 0.5259 0.0139 0.0000 0.0007 0.0187 0.3006 0.0000 0.0000 0.0000 0.0000 0.0500 0.0021 0.0000 0.0700 
122      122   (0)      3 :  0.0009 0.0099 0.1147 0.3203 0.0000 0.0022 0.0559 0.3469 0.0000 0.0000 0.0000 0.0000 0.1354 0.0000 0.0000 0.0138 
123      123   (0)      3 :  0.0000 0.0058 0.2034 0.0790 0.0000 0.0012 0.0793 0.5179 0.0000 0.0000 0.0000 0.0000 0.0230 0.0001 0.0000 0.0904 
124      124   (0)      3 :  0.0000 0.0434 0.1085 0.1614 0.0000 0.0011 0.0840 0.5710 0.0000 0.0000 0.0000 0.0000 0.0307 0.0000 0.0000 0.0000 
125      125   (0)      3 :  0.0059 0.0202 0.3209 0.0460 0.0255 0.0000 0.0674 0.4038 0.0000 0.0000 0.0000 0.0000 0.0348 0.0000 0.0000 0.0753 
126      126   (0)      3 :  0.0000 0.0423 0.1743 0.0675 0.0000 0.0081 0.0163 0.5673 0.0000 0.0000 0.0000 0.0000 0.0401 0.0004 0.0000 0.0837 
127      127   (0)      3 :  0.0000 0.0172 0.0742 0.1951 0.0011 0.0178 0.0603 0.3961 0.0000 0.0000 0.0000 0.0000 0.0516 0.0188 0.0000 0.1678 
128      128   (0)      3 :  0.0000 0.0273 0.4211 0.1593 0.0000 0.0005 0.0305 0.2589 0.0000 0.0000 0.0000 0.0000 0.0000 0.0000 0.0000 0.1025 
129      129   (0)      3 :  0.0000 0.0200 0.1469 0.2685 0.0937 0.0089 0.0150 0.3420 0.0000 0.0000 0.0000 0.0000 0.0356 0.0065 0.0000 0.0628 
130      130   (0)      3 :  0.0000 0.0000 0.0023 0.0093 0.0000 0.4363 0.1291 0.0075 0.0000 0.0000 0.0000 0.0000 0.0136 0.4010 0.0000 0.0009 
131      131   (0)      3 :  0.0000 0.0021 0.0317 0.0168 0.0044 0.3749 0.1576 0.0103 0.0000 0.0000 0.0000 0.0000 0.0032 0.3989 0.0000 0.0000 
132      132   (0)      3 :  0.8147 0.0500 0.0000 0.0500 0.0353 0.0000 0.0000 0.0000 0.0000 0.0000 0.0000 0.0000 0.0500 0.0000 0.0000 0.0000 
133      133   (0)      3 :  0.0000 0.0030 0.0000 0.0500 0.0013 0.0000 0.0000 0.0000 0.0843 0.0000 0.8300 0.0139 0.0165 0.0000 0.0010 0.0000 
134      134   (0)      3 :  0.0008 0.0113 0.0092 0.0272 0.0006 0.4013 0.1978 0.0395 0.0012 0.0000 0.0130 0.0022 0.0135 0.2644 0.0003 0.0177 
135      135   (0)      3 :  0.0093 0.0007 0.2318 0.1928 0.0000 0.0000 0.0336 0.1641 0.0000 0.0000 0.0000 0.0000 0.0016 0.0002 0.0000 0.3660 
136      136   (0)      3 :  0.0000 0.0000 0.4988 0.1127 0.1000 0.0055 0.0551 0.1440 0.0000 0.0000 0.0000 0.0000 0.0500 0.0015 0.0000 0.0324 
137      137   (0)      3 :  0.0001 0.0000 0.0000 0.0002 0.0019 0.1765 0.1374 0.0000 0.0000 0.0000 0.0003 0.0000 0.0502 0.6332 0.0000 0.0002 
138      138   (0)      3 :  0.0000 0.0003 0.2500 0.2903 0.0722 0.0018 0.0017 0.2916 0.0000 0.0000 0.0000 0.0000 0.0146 0.0103 0.0000 0.0671 
139      139   (0)      3 :  0.0000 0.0188 0.1010 0.4003 0.0178 0.0000 0.0148 0.3272 0.0025 0.0000 0.0000 0.0000 0.0061 0.0024 0.0000 0.1091 
140      140   (0)      3 :  0.0000 0.0775 0.4569 0.0401 0.0000 0.0000 0.0337 0.2574 0.0000 0.0000 0.0000 0.0000 0.0000 0.0044 0.0000 0.1300 
141      141   (0)      3 :  0.7500 0.0500 0.0000 0.1000 0.0500 0.0000 0.0000 0.0000 0.0000 0.0000 0.0000 0.0000 0.0500 0.0000 0.0000 0.0000 
142      142   (0)      3 :  0.8180 0.0000 0.0000 0.0820 0.0500 0.0000 0.0000 0.0000 0.0000 0.0000 0.0000 0.0000 0.0500 0.0000 0.0000 0.0000 
143      143   (0)      3 :  0.7500 0.0500 0.0000 0.1000 0.0500 0.0000 0.0000 0.0000 0.0000 0.0000 0.0000 0.0000 0.0500 0.0000 0.0000 0.0000 
144      144   (0)      3 :  0.9500 0.0500 0.0000 0.0000 0.0000 0.0000 0.0000 0.0000 0.0000 0.0000 0.0000 0.0000 0.0000 0.0000 0.0000 0.0000 
145      145   (0)      3 :  0.9334 0.0500 0.0000 0.0166 0.0000 0.0000 0.0000 0.0000 0.0000 0.0000 0.0000 0.0000 0.0000 0.0000 0.0000 0.0000 
146      146   (0)      3 :  0.0000 0.0006 0.0187 0.0040 0.0000 0.4417 0.1550 0.0048 0.0000 0.0000 0.0000 0.0000 0.0039 0.3593 0.0000 0.0120 
147      147   (0)      3 :  0.0000 0.0025 0.1342 0.0905 0.0000 0.0000 0.0511 0.4664 0.0000 0.0000 0.0000 0.0000 0.0220 0.0019 0.0000 0.2314 
148      148   (0)      3 :  0.9500 0.0500 0.0000 0.0000 0.0000 0.0000 0.0000 0.0000 0.0000 0.0000 0.0000 0.0000 0.0000 0.0000 0.0000 0.0000 
149      149   (0)      3 :  0.9538 0.0183 0.0000 0.0000 0.0279 0.0000 0.0000 0.0000 0.0000 0.0000 0.0000 0.0000 0.0000 0.0000 0.0000 0.0000 
150      150   (0)      3 :  0.0003 0.0064 0.0000 0.0502 0.0056 0.0000 0.0000 0.0000 0.1269 0.0105 0.7750 0.0068 0.0160 0.0000 0.0024 0.0000 
151      151   (0)      3 :  0.0000 0.0500 0.0000 0.0000 0.0000 0.0000 0.0000 0.0000 0.0000 0.0000 0.9500 0.0000 0.0000 0.0000 0.0000 0.0000 
152      152   (0)      3 :  0.0000 0.0528 0.2725 0.0016 0.0000 0.0000 0.0401 0.5513 0.0003 0.0000 0.0000 0.0000 0.0000 0.0028 0.0000 0.0785 
153      153   (0)      3 :  0.8262 0.0000 0.0000 0.0738 0.0500 0.0000 0.0000 0.0000 0.0000 0.0000 0.0000 0.0000 0.0500 0.0000 0.0000 0.0000 
154      154   (0)      3 :  0.0015 0.0346 0.0418 0.5169 0.0000 0.0023 0.0233 0.2607 0.0000 0.0000 0.0000 0.0000 0.0421 0.0007 0.0000 0.0760 
155      155   (0)      3 :  0.0000 0.0000 0.6879 0.0342 0.0000 0.0000 0.0283 0.1774 0.0000 0.0000 0.0000 0.0000 0.0000 0.0000 0.0000 0.0721 
156      156   (0)      3 :  0.0000 0.0156 0.0218 0.0000 0.0000 0.6318 0.1328 0.0244 0.0002 0.0000 0.0000 0.0000 0.0216 0.1482 0.0000 0.0036 
157      157   (0)      3 :  0.0000 0.0264 0.0839 0.1551 0.0000 0.0008 0.0417 0.5026 0.0000 0.0000 0.0000 0.0000 0.0444 0.0030 0.0000 0.1421 
158      158   (0)      3 :  0.0000 0.0000 0.0000 0.0018 0.0000 0.3602 0.1929 0.0000 0.0000 0.0000 0.0000 0.0000 0.0241 0.4187 0.0000 0.0024 
159      159   (0)      3 :  0.0000 0.0151 0.1776 0.3248 0.0000 0.0003 0.0799 0.3370 0.0026 0.0000 0.0010 0.0000 0.0000 0.0030 0.0000 0.0586 
160      160   (0)      3 :  0.0000 0.0036 0.0008 0.0002 0.0001 0.3258 0.2054 0.0084 0.0000 0.0000 0.0000 0.0000 0.0117 0.4398 0.0000 0.0042 
161      161   (0)      4 :  0.0000 0.0303 0.1083 0.1807 0.0000 0.0009 0.0237 0.4916 0.0000 0.0000 0.0000 0.0000 0.0500 0.0142 0.0000 0.1003 
162      162   (0)      4 :  0.0000 0.0000 0.4315 0.0664 0.0000 0.0000 0.0289 0.3687 0.0000 0.0000 0.0000 0.0000 0.0000 0.0000 0.0000 0.1045 
163      163   (0)      4 :  0.9834 0.0000 0.0000 0.0000 0.0166 0.0000 0.0000 0.0000 0.0000 0.0000 0.0000 0.0000 0.0000 0.0000 0.0000 0.0000 
164      164   (0)      4 :  0.0000 0.0000 0.0013 0.0012 0.0000 0.2532 0.1403 0.0000 0.0000 0.0000 0.0000 0.0000 0.0500 0.5539 0.0000 0.0000 
165      165   (0)      4 :  0.8320 0.0000 0.0000 0.0680 0.0500 0.0000 0.0000 0.0000 0.0000 0.0000 0.0000 0.0000 0.0500 0.0000 0.0000 0.0000 
166      166   (0)      4 :  0.9698 0.0000 0.0000 0.0302 0.0000 0.0000 0.0000 0.0000 0.0000 0.0000 0.0000 0.0000 0.0000 0.0000 0.0000 0.0000 
167      167   (0)      4 :  0.0000 0.0229 0.2669 0.0648 0.0000 0.0032 0.0117 0.4184 0.0000 0.0000 0.0000 0.0000 0.0000 0.0007 0.0000 0.2115 
168      168   (0)      4 :  0.0000 0.0125 0.5128 0.0156 0.0003 0.0008 0.0139 0.3356 0.0000 0.0000 0.0000 0.0000 0.0000 0.0008 0.0000 0.1078 
169      169   (0)      4 :  0.0000 0.0000 0.2751 0.0782 0.0000 0.0057 0.0042 0.2435 0.0000 0.0000 0.0000 0.0000 0.0195 0.0091 0.0000 0.3647 
170      170   (0)      4 :  0.0000 0.0464 0.1210 0.2808 0.0000 0.0012 0.0750 0.3220 0.0029 0.0000 0.0000 0.0000 0.0293 0.0008 0.0000 0.1206 
171      171   (0)      4 :  0.0000 0.0229 0.3643 0.1707 0.0221 0.0020 0.0186 0.2839 0.0004 0.0000 0.0003 0.0000 0.0326 0.0016 0.0000 0.0807 
172      172   (0)      4 :  0.0000 0.0089 0.2239 0.1688 0.0000 0.0064 0.0850 0.4479 0.0000 0.0000 0.0000 0.0000 0.0000 0.0013 0.0000 0.0579 
173      173   (0)      4 :  0.0000 0.0000 0.2459 0.1139 0.0000 0.0033 0.0275 0.5270 0.0000 0.0000 0.0000 0.0000 0.0826 0.0000 0.0000 0.0000 
174      174   (0)      4 :  0.0000 0.0058 0.0019 0.0009 0.0039 0.7177 0.1338 0.0000 0.0000 0.0000 0.0000 0.0000 0.0092 0.1218 0.0000 0.0050 
175      175   (0)      4 :  0.0000 0.0116 0.3946 0.0845 0.0084 0.0000 0.0037 0.2417 0.0000 0.0000 0.0000 0.0000 0.0533 0.0011 0.0000 0.2011 
176      176   (0)      4 :  0.7844 0.0500 0.0000 0.0656 0.0500 0.0000 0.0000 0.0000 0.0000 0.0000 0.0000 0.0000 0.0500 0.0000 0.0000 0.0000 
177      177   (0)      4 :  0.0000 0.0000 0.2245 0.0876 0.0500 0.0051 0.0736 0.5477 0.0000 0.0000 0.0000 0.0000 0.0000 0.0109 0.0000 0.0004 
178      178   (0)      4 :  0.8000 0.0500 0.0000 0.1000 0.0500 0.0000 0.0000 0.0000 0.0000 0.0000 0.0000 0.0000 0.0000 0.0000 0.0000 0.0000 
179      179   (0)      4 :  0.9719 0.0000 0.0000 0.0281 0.0000 0.0000 0.0000 0.0000 0.0000 0.0000 0.0000 0.0000 0.0000 0.0000 0.0000 0.0000 
180      180   (0)      4 :  0.0048 0.0000 0.4295 0.0698 0.0147 0.0006 0.0158 0.3055 0.0000 0.0000 0.0000 0.0000 0.0458 0.0014 0.0000 0.1122 
181      181   (0)      4 :  0.0000 0.0500 0.2608 0.0530 0.0500 0.0000 0.0104 0.4670 0.0000 0.0000 0.0000 0.0000 0.0850 0.0007 0.0000 0.0232 
182      182   (0)      4 :  0.0000 0.0500 0.2944 0.2837 0.0000 0.0005 0.0003 0.3264 0.0000 0.0000 0.0000 0.0000 0.0145 0.0001 0.0000 0.0301 
183      183   (0)      4 :  0.0000 0.0030 0.0000 0.0017 0.0000 0.5403 0.1583 0.0000 0.0000 0.0000 0.0000 0.0000 0.0000 0.2960 0.0000 0.0007 
184      184   (0)      4 :  0.0000 0.0151 0.0020 0.0038 0.0000 0.4966 0.1659 0.0006 0.0000 0.0000 0.0000 0.0000 0.0025 0.3136 0.0000 0.0000 
185      185   (0)      4 :  1.0000 0.0000 0.0000 0.0000 0.0000 0.0000 0.0000 0.0000 0.0000 0.0000 0.0000 0.0000 0.0000 0.0000 0.0000 0.0000 
186      186   (0)      4 :  0.0000 0.0000 0.4418 0.1862 0.0000 0.0000 0.0670 0.1837 0.0000 0.0000 0.0000 0.0000 0.0000 0.0000 0.0000 0.1213 
187      187   (0)      4 :  0.0000 0.0829 0.2079 0.1049 0.0000 0.0061 0.0490 0.4492 0.0000 0.0000 0.0000 0.0000 0.0050 0.0204 0.0000 0.0746 
188      188   (0)      4 :  0.8886 0.0268 0.0000 0.0500 0.0000 0.0000 0.0000 0.0000 0.0000 0.0000 0.0000 0.0000 0.0346 0.0000 0.0000 0.0000 
189      189   (0)      4 :  0.0000 0.1620 0.1115 0.2404 0.0101 0.0000 0.0226 0.4044 0.0000 0.0000 0.0000 0.0000 0.0277 0.0025 0.0000 0.0188 
190      190   (0)      4 :  0.0000 0.0000 0.0000 0.0000 0.0000 0.5168 0.0742 0.0012 0.0000 0.0000 0.0000 0.0000 0.0010 0.4067 0.0000 0.0000 
191      191   (0)      4 :  0.1028 0.0492 0.1239 0.0304 0.0000 0.0197 0.1296 0.0642 0.0644 0.0000 0.0000 0.0000 0.0095 0.0802 0.0000 0.3262 
192      192   (0)      4 :  0.0000 0.0264 0.2047 0.3341 0.0000 0.0000 0.0314 0.2888 0.0000 0.0000 0.0000 0.0000 0.0501 0.0012 0.0000 0.0633 
193      193   (0)      4 :  0.0026 0.0000 0.5608 0.1205 0.0500 0.0113 0.0027 0.1832 0.0000 0.0000 0.0000 0.0000 0.0182 0.0100 0.0000 0.0407 
194      194   (0)      4 :  0.0066 0.0000 0.1514 0.1738 0.0000 0.0040 0.0685 0.4315 0.0000 0.0000 0.0000 0.0000 0.0019 0.0072 0.0000 0.1550 
195      195   (0)      4 :  0.0000 0.0154 0.3291 0.0192 0.0000 0.0029 0.0025 0.4147 0.0000 0.0000 0.0000 0.0000 0.1143 0.0000 0.0000 0.1020 
196      196   (0)      4 :  0.0000 0.0119 0.1019 0.2094 0.0137 0.0004 0.0787 0.4833 0.0000 0.0000 0.0000 0.0000 0.0261 0.0000 0.0000 0.0747 
197      197   (0)      4 :  0.0000 0.0291 0.0620 0.3042 0.0133 0.0001 0.0303 0.4314 0.0000 0.0000 0.0000 0.0000 0.1192 0.0013 0.0000 0.0090 
198      198   (0)      4 :  0.0000 0.0079 0.0923 0.3059 0.0243 0.0000 0.0526 0.3308 0.0000 0.0000 0.0000 0.0000 0.0022 0.0000 0.0000 0.1840 
199      199   (0)      4 :  0.0005 0.0000 0.2553 0.1090 0.0000 0.0000 0.0175 0.2951 0.0000 0.0000 0.0000 0.0000 0.0344 0.0040 0.0000 0.2841 
200      200   (0)      4 :  0.0000 0.0000 0.0126 0.0080 0.0000 0.6377 0.1639 0.0008 0.0000 0.0000 0.0000 0.0000 0.0041 0.1658 0.0000 0.0072 
201      201   (0)      4 :  0.0000 0.0220 0.0963 0.1126 0.0500 0.0000 0.0515 0.5777 0.0072 0.0000 0.0000 0.0000 0.0519 0.0007 0.0000 0.0301 
202      202   (0)      4 :  0.0011 0.0106 0.3062 0.2477 0.0000 0.0000 0.0409 0.3869 0.0000 0.0000 0.0000 0.0000 0.0000 0.0000 0.0000 0.0066 
203      203   (0)      4 :  0.0026 0.0322 0.4629 0.0753 0.0004 0.0012 0.0461 0.3235 0.0000 0.0000 0.0000 0.0000 0.0015 0.0156 0.0000 0.0388 
204      204   (0)      4 :  0.0060 0.0000 0.4136 0.1739 0.0304 0.0020 0.0223 0.2110 0.0000 0.0000 0.0000 0.0000 0.0000 0.0000 0.0000 0.1408 
205      205   (0)      4 :  0.0000 0.0000 0.4376 0.2036 0.0500 0.0086 0.0000 0.1301 0.0002 0.0000 0.0007 0.0000 0.0500 0.0000 0.0000 0.1192 
206      206   (0)      4 :  0.0000 0.0500 0.1209 0.1808 0.0000 0.0000 0.0133 0.3429 0.0000 0.0000 0.0000 0.0000 0.0092 0.0003 0.0000 0.2826 
207      207   (0)      4 :  0.0000 0.0386 0.0953 0.2618 0.0120 0.0000 0.0129 0.3371 0.0000 0.0000 0.0000 0.0000 0.0425 0.0014 0.0000 0.1983 
208      208   (0)      4 :  0.0000 0.0032 0.0122 0.0161 0.0000 0.7810 0.1308 0.0094 0.0000 0.0000 0.0000 0.0000 0.0000 0.0355 0.0000 0.0118 
209      209   (0)      4 :  0.0000 0.0500 0.1598 0.1500 0.0000 0.0031 0.0003 0.4187 0.0011 0.0000 0.0000 0.0000 0.0000 0.0014 0.0000 0.2155 
210      210   (0)      4 :  0.0003 0.0000 0.3352 0.1193 0.0126 0.0000 0.0005 0.3540 0.0000 0.0000 0.0000 0.0000 0.0425 0.0000 0.0000 0.1357 
211      211   (0)      4 :  0.0001 0.0066 0.3008 0.2690 0.0000 0.0016 0.0497 0.2456 0.0000 0.0000 0.0000 0.0000 0.1017 0.0021 0.0000 0.0227 
212      212   (0)      4 :  0.0000 0.0000 0.0013 0.0000 0.0000 0.3571 0.1613 0.0061 0.0000 0.0000 0.0000 0.0000 0.0206 0.4494 0.0000 0.0042 
213      213   (0)      4 :  0.0005 0.0039 0.2109 0.3471 0.0500 0.0026 0.0154 0.2619 0.0000 0.0000 0.0000 0.0000 0.0592 0.0040 0.0000 0.0445 
214      214   (0)      4 :  0.0071 0.0770 0.1000 0.1991 0.0000 0.0025 0.0228 0.4725 0.0013 0.0000 0.0000 0.0000 0.0000 0.0015 0.0000 0.1160 
215      215   (0)      4 :  0.0009 0.0114 0.0122 0.1229 0.0050 0.3328 0.0807 0.2176 0.0000 0.0000 0.0000 0.0000 0.0434 0.1007 0.0000 0.0724 
216      216   (0)      4 :  0.0000 0.0051 0.3424 0.3715 0.0500 0.0001 0.0013 0.1670 0.0000 0.0000 0.0000 0.0000 0.0082 0.0044 0.0000 0.0500 
217      217   (0)      4 :  0.8855 0.0000 0.0000 0.0300 0.0500 0.0000 0.0000 0.0000 0.0000 0.0000 0.0000 0.0000 0.0345 0.0000 0.0000 0.0000 
218      218   (0)      4 :  0.0005 0.0000 0.1038 0.2166 0.0500 0.0076 0.0912 0.3496 0.0002 0.0000 0.0000 0.0000 0.1000 0.0064 0.0000 0.0741 
219      219   (0)      4 :  0.0000 0.0510 0.3509 0.1750 0.0119 0.0014 0.0074 0.3079 0.0000 0.0000 0.0000 0.0000 0.0020 0.0121 0.0000 0.0804 
220      220   (0)      5 :  0.0003 0.1067 0.0000 0.0022 0.0988 0.0000 0.0340 0.0000 0.0004 0.0849 0.0002 0.3293 0.2424 0.0000 0.1009 0.0000 
221      221   (0)      5 :  0.0000 0.1200 0.0000 0.0000 0.2890 0.0000 0.0160 0.0000 0.0000 0.0619 0.0000 0.1590 0.0730 0.0000 0.2423 0.0389 
222      222   (0)      6 :  0.0000 0.0744 0.0000 0.0000 0.3982 0.0000 0.0000 0.0000 0.0000 0.0849 0.0000 0.0295 0.0207 0.0000 0.3003 0.0919 
223      223   (0)      6 :  0.0000 0.0348 0.0000 0.0000 0.1152 0.0000 0.0639 0.0000 0.0000 0.1976 0.0000 0.2211 0.0576 0.0000 0.2874 0.0224 
224      224   (0)      6 :  0.0000 0.0551 0.0000 0.0000 0.0914 0.0000 0.0080 0.0000 0.0012 0.1582 0.0017 0.3535 0.1444 0.0000 0.1866 0.0000 
225      225   (0)      6 :  0.0000 0.0140 0.0000 0.0000 0.1893 0.0000 0.0550 0.0000 0.0000 0.0441 0.0106 0.3668 0.0394 0.0000 0.1620 0.1189 
226      226   (0)      6 :  0.0000 0.0795 0.0000 0.0000 0.0287 0.0000 0.0059 0.0000 0.0115 0.1221 0.0029 0.2474 0.1806 0.0000 0.3215 0.0000 
227      227   (0)      6 :  0.0000 0.1014 0.0000 0.0247 0.1615 0.0000 0.0225 0.0000 0.0000 0.2403 0.0002 0.1835 0.0935 0.0000 0.1515 0.0210 
228      228   (0)      6 :  0.0000 0.0007 0.0000 0.0041 0.0610 0.0000 0.0000 0.0000 0.0151 0.1406 0.0021 0.3035 0.2301 0.0000 0.1665 0.0763 
229      229   (0)      6 :  0.0000 0.0876 0.0000 0.0253 0.1333 0.0000 0.1000 0.0000 0.0000 0.3823 0.0000 0.0578 0.0793 0.0000 0.0666 0.0679 
230      230   (0)      6 :  0.0000 0.0632 0.0000 0.0250 0.1765 0.0000 0.0254 0.0000 0.0007 0.3357 0.0019 0.1273 0.0197 0.0000 0.2067 0.0178 
231      231   (0)      6 :  0.0000 0.0441 0.0000 0.0275 0.0231 0.0000 0.0499 0.0000 0.0000 0.4375 0.0290 0.2342 0.0563 0.0000 0.0840 0.0143 
232      232   (0)      6 :  0.0000 0.0782 0.0000 0.0000 0.1416 0.0000 0.0090 0.0000 0.0000 0.1535 0.0041 0.1379 0.2364 0.0000 0.2181 0.0211 
233      233   (0)      6 :  0.0000 0.0000 0.0000 0.0000 0.0469 0.0000 0.0250 0.0000 0.0032 0.2205 0.0000 0.5363 0.1193 0.0000 0.0443 0.0044 
234      234   (0)      6 :  0.0000 0.0329 0.0000 0.0000 0.2640 0.0000 0.0451 0.0000 0.0000 0.2330 0.0057 0.1941 0.0639 0.0000 0.1567 0.0047 
235      235   (0)      6 :  0.0018 0.0453 0.0000 0.0000 0.1526 0.0000 0.0000 0.0000 0.0000 0.0453 0.0065 0.3668 0.1839 0.0000 0.1966 0.0011 
236      236   (0)      6 :  0.0000 0.0811 0.0000 0.0028 0.1898 0.0000 0.0297 0.0000 0.0000 0.0067 0.0000 0.1462 0.1594 0.0000 0.2998 0.0843 
237      237   (0)      6 :  0.0000 0.0251 0.0000 0.0000 0.0964 0.0000 0.0000 0.0000 0.0004 0.1998 0.0000 0.2290 0.1610 0.0000 0.2884 0.0000 
238      238   (0)      6 :  0.0000 0.1355 0.0000 0.0500 0.0922 0.0000 0.0199 0.0000 0.0000 0.3270 0.0000 0.1324 0.1124 0.0000 0.1305 0.0000 
239      239   (0)      6 :  0.0000 0.0410 0.0000 0.0018 0.1497 0.0000 0.1500 0.0000 0.0000 0.0881 0.0006 0.3838 0.1484 0.0000 0.0009 0.0357 
240      240   (0)      6 :  0.0000 0.1070 0.0000 0.0230 0.0844 0.0000 0.0000 0.0000 0.0000 0.2145 0.0082 0.1085 0.0647 0.0000 0.3802 0.0095 
241      241   (0)      6 :  0.0000 0.1372 0.0000 0.0000 0.0331 0.0000 0.0190 0.0000 0.0000 0.3973 0.0020 0.2276 0.0353 0.0000 0.1278 0.0209 
242      242   (0)      6 :  0.0000 0.0702 0.0000 0.0000 0.3118 0.0000 0.0239 0.0000 0.0046 0.0668 0.0000 0.1573 0.0612 0.0000 0.2190 0.0852 
243      243   (0)      6 :  0.0000 0.0174 0.0000 0.0000 0.1434 0.0000 0.0819 0.0000 0.0008 0.3015 0.0352 0.2693 0.0904 0.0000 0.0414 0.0188 
244      244   (0)      6 :  0.0000 0.0244 0.0000 0.0000 0.1471 0.0000 0.0266 0.0000 0.0000 0.0267 0.0001 0.4830 0.1155 0.0000 0.1001 0.0765 
245      245   (0)      6 :  0.0000 0.0750 0.0000 0.0000 0.0711 0.0000 0.0186 0.0000 0.0005 0.4855 0.0000 0.1253 0.0853 0.0000 0.1387 0.0001 
246      246   (0)      6 :  0.0000 0.0784 0.0000 0.0000 0.2812 0.0000 0.0000 0.0000 0.0000 0.0500 0.0000 0.0736 0.0281 0.0000 0.4693 0.0194 
247      247   (0)      6 :  0.0000 0.1592 0.0000 0.0000 0.0817 0.0000 0.0000 0.0000 0.0001 0.2056 0.0000 0.1870 0.1347 0.0000 0.2318 0.0000 
248      248   (0)      6 :  0.0000 0.0391 0.0000 0.0000 0.1372 0.0000 0.0230 0.0000 0.0041 0.5013 0.0000 0.0969 0.0434 0.0000 0.1551 0.0000 
249      249   (0)      7 :  0.0000 0.0500 0.0000 0.0000 0.0774 0.0000 0.0310 0.0000 0.0000 0.3821 0.0000 0.3399 0.0123 0.0000 0.1073 0.0000 
250      250   (0)      7 :  0.0000 0.0535 0.0000 0.0000 0.2361 0.0000 0.0502 0.0000 0.0000 0.0395 0.0000 0.2842 0.1491 0.0000 0.1729 0.0146 
251      251   (0)      7 :  0.0000 0.0633 0.0000 0.0155 0.1748 0.0000 0.0280 0.0000 0.0000 0.0558 0.0000 0.3523 0.1388 0.0000 0.1254 0.0460 
252      252   (0)      7 :  0.0000 0.0810 0.0000 0.0000 0.0931 0.0000 0.0000 0.0000 0.0000 0.3177 0.0000 0.0850 0.0987 0.0000 0.3153 0.0091 
253      253   (0)      7 :  0.0000 0.1127 0.0000 0.0000 0.3305 0.0000 0.0271 0.0000 0.0000 0.0498 0.0008 0.1341 0.0243 0.0000 0.2471 0.0737 
254      254   (0)      7 :  0.0000 0.0787 0.0000 0.0047 0.2233 0.0000 0.0310 0.0000 0.0011 0.3747 0.0016 0.0783 0.0056 0.0000 0.1898 0.0113 
255      255   (0)      7 :  0.0000 0.0169 0.0000 0.0000 0.0180 0.0000 0.0565 0.0000 0.0000 0.3699 0.0000 0.0633 0.1000 0.0000 0.3179 0.0574 
256      256   (0)      7 :  0.0000 0.0633 0.0000 0.0299 0.1073 0.0000 0.0277 0.0000 0.0000 0.3011 0.0000 0.1144 0.0907 0.0000 0.2606 0.0049 
257      257   (0)      7 :  0.0000 0.1014 0.0000 0.0000 0.0386 0.0000 0.1101 0.0000 0.0000 0.0718 0.0000 0.4102 0.0680 0.0000 0.1914 0.0084 
258      258   (0)      7 :  0.0000 0.0697 0.0000 0.0000 0.0984 0.0000 0.0104 0.0000 0.0000 0.1902 0.0000 0.2992 0.2113 0.0000 0.1092 0.0116 
259      259   (0)      7 :  0.0000 0.0647 0.0000 0.0000 0.1121 0.0000 0.0236 0.0000 0.0000 0.0216 0.0000 0.4957 0.1525 0.0000 0.0863 0.0435 
260      260   (0)      7 :  0.0000 0.0515 0.0000 0.0000 0.0422 0.0000 0.0123 0.0000 0.0000 0.5528 0.0000 0.1829 0.0688 0.0000 0.0894 0.0000 
261      261   (0)      7 :  0.0000 0.0453 0.0000 0.0000 0.1343 0.0000 0.0000 0.0000 0.0004 0.0226 0.0000 0.1423 0.0183 0.0000 0.5776 0.0593 
262      262   (0)      7 :  0.0000 0.0421 0.0000 0.0000 0.2035 0.0000 0.0195 0.0000 0.0000 0.2989 0.0000 0.0841 0.0524 0.0000 0.2833 0.0163 
263      263   (0)      7 :  0.0000 0.0446 0.0000 0.0014 0.1095 0.0000 0.0052 0.0000 0.0000 0.2502 0.0021 0.0633 0.1909 0.0000 0.3329 0.0000 
264      264   (0)      7 :  0.0000 0.0543 0.0000 0.0000 0.0010 0.0000 0.0215 0.0000 0.0000 0.2775 0.0026 0.0873 0.0939 0.0000 0.4511 0.0108 
265      265   (0)      7 :  0.0000 0.0746 0.0000 0.0000 0.3861 0.0000 0.0419 0.0000 0.0000 0.0666 0.0000 0.1342 0.0559 0.0000 0.1539 0.0867 
266      266   (0)      7 :  0.0000 0.0419 0.0000 0.0092 0.2042 0.0000 0.0000 0.0000 0.0098 0.0197 0.0000 0.1480 0.0855 0.0000 0.4681 0.0135 
267      267   (0)      7 :  0.0005 0.1731 0.0000 0.0000 0.3912 0.0000 0.0000 0.0000 0.0000 0.0831 0.0102 0.0885 0.0000 0.0000 0.1536 0.1000 
268      268   (0)      7 :  0.0000 0.0490 0.0000 0.0000 0.1284 0.0000 0.0797 0.0000 0.0000 0.1717 0.0000 0.2301 0.0190 0.0000 0.2715 0.0506 
269      269   (0)      7 :  0.0000 0.1081 0.0000 0.0000 0.3694 0.0000 0.0650 0.0000 0.0003 0.0955 0.0051 0.1166 0.0304 0.0000 0.1892 0.0204 
270      270   (0)      7 :  0.0000 0.0558 0.0000 0.0000 0.0368 0.0000 0.0229 0.0000 0.0000 0.1020 0.0025 0.1775 0.0997 0.0000 0.4555 0.0472 
271      271   (0)      7 :  0.0000 0.0720 0.0000 0.0000 0.3330 0.0000 0.0313 0.0000 0.0000 0.0795 0.0009 0.1317 0.0708 0.0000 0.1553 0.1255 
272      272   (0)      7 :  0.0000 0.1151 0.0000 0.0000 0.3805 0.0000 0.0000 0.0000 0.0000 0.0905 0.0000 0.0289 0.0021 0.0000 0.3671 0.0158 
273      273   (0)      7 :  0.0000 0.0907 0.0000 0.0000 0.0599 0.0000 0.0000 0.0000 0.0022 0.0962 0.0000 0.4468 0.1703 0.0000 0.1330 0.0008 
274      274   (0)      7 :  0.0000 0.0500 0.0000 0.0000 0.0988 0.0000 0.0000 0.0000 0.0033 0.3110 0.0044 0.2484 0.2029 0.0000 0.0606 0.0205 
275      275   (0)      7 :  0.0028 0.1435 0.0000 0.0000 0.2483 0.0000 0.0000 0.0000 0.0000 0.1775 0.0011 0.2086 0.0449 0.0000 0.1496 0.0238 
276      276   (0)      7 :  0.0000 0.0554 0.0000 0.0000 0.2180 0.0000 0.0000 0.0000 0.0000 0.0618 0.0000 0.2674 0.0280 0.0000 0.3694 0.0000 
277      277   (0)      7 :  0.0000 0.0121 0.0000 0.0000 0.1807 0.0000 0.0740 0.0000 0.0021 0.1620 0.0000 0.2175 0.0006 0.0000 0.3329 0.0182 
278      278   (0)      7 :  0.0000 0.0139 0.0000 0.0000 0.2224 0.0000 0.0176 0.0000 0.0000 0.0725 0.0012 0.3657 0.0245 0.0000 0.2700 0.0122 
279      279   (0)      8 :  0.0000 0.0334 0.0000 0.0180 0.2176 0.0000 0.1153 0.0000 0.0000 0.0823 0.0000 0.0384 0.0277 0.0000 0.3176 0.1497 
280      280   (0)      8 :  0.0000 0.0487 0.0000 0.0027 0.2594 0.0000 0.0000 0.0000 0.0004 0.0413 0.0000 0.1198 0.0910 0.0000 0.3123 0.1244 
281      281   (0)      8 :  0.0000 0.1238 0.0000 0.0000 0.1932 0.0000 0.0305 0.0000 0.0039 0.0974 0.0000 0.3261 0.0000 0.0000 0.1843 0.0408 
282      282   (0)      8 :  0.0000 0.0957 0.0000 0.0000 0.0802 0.0000 0.0714 0.0000 0.0030 0.2129 0.0000 0.1203 0.0745 0.0000 0.2228 0.1192 
283      283   (0)      8 :  0.0006 0.0752 0.0000 0.0034 0.0678 0.0000 0.0000 0.0000 0.0081 0.1546 0.0006 0.3751 0.1332 0.0000 0.1537 0.0275 
284      284   (0)      8 :  0.0000 0.0267 0.0000 0.0000 0.2242 0.0000 0.0066 0.0000 0.0000 0.1074 0.0000 0.1120 0.0849 0.0000 0.4242 0.0140 
285      285   (0)      8 :  0.0000 0.0878 0.0000 0.0152 0.1066 0.0000 0.0319 0.0000 0.0009 0.1521 0.0000 0.2219 0.0786 0.0000 0.3051 0.0000 
286      286   (0)      8 :  0.0000 0.0878 0.0000 0.0016 0.0953 0.0000 0.0000 0.0000 0.0000 0.0267 0.0000 0.2758 0.1531 0.0000 0.2601 0.0996 
287      287   (0)      8 :  0.0000 0.0508 0.0000 0.0030 0.0059 0.0000 0.0604 0.0000 0.0000 0.3843 0.0000 0.1411 0.0495 0.0000 0.2890 0.0159 
288      288   (0)      8 :  0.0000 0.0378 0.0000 0.0000 0.1783 0.0000 0.0598 0.0000 0.0000 0.2928 0.0154 0.0620 0.1291 0.0000 0.1719 0.0529 
289      289   (0)      8 :  0.0004 0.0000 0.0000 0.0000 0.0297 0.0000 0.0000 0.0000 0.0014 0.7845 0.0025 0.0482 0.0705 0.0000 0.0627 0.0000 
290      290   (0)      5 :  0.0001 0.0584 0.0000 0.0090 0.2005 0.0000 0.0000 0.0000 0.0000 0.0593 0.0000 0.1499 0.2036 0.0000 0.3006 0.0186 
291      291   (0)      5 :  0.0000 0.0856 0.0000 0.0000 0.0254 0.0000 0.0561 0.0000 0.0000 0.1397 0.0000 0.2617 0.0673 0.0000 0.3414 0.0227 
292      292   (0)      5 :  0.0000 0.0729 0.0000 0.0000 0.4656 0.0000 0.0000 0.0000 0.0016 0.1272 0.0006 0.1068 0.0107 0.0000 0.1919 0.0227 
293      293   (0)      5 :  0.0000 0.0640 0.0000 0.0000 0.3196 0.0000 0.1000 0.0000 0.0023 0.0807 0.0000 0.1000 0.0637 0.0000 0.2197 0.0500 
294      294   (0)      5 :  0.0000 0.0578 0.0000 0.0000 0.2082 0.0000 0.0162 0.0000 0.0000 0.2399 0.0036 0.0109 0.0244 0.0000 0.3766 0.0623 
295      295   (0)      5 :  0.0000 0.0254 0.0000 0.0000 0.2162 0.0000 0.0500 0.0000 0.0000 0.1192 0.0000 0.1666 0.1021 0.0000 0.3021 0.0184 
296      296   (0)      5 :  0.0022 0.0066 0.0000 0.0030 0.1649 0.0000 0.1000 0.0000 0.0023 0.1576 0.0079 0.2111 0.0169 0.0000 0.1527 0.1748 
297      297   (0)      5 :  0.0017 0.0309 0.0000 0.0500 0.0396 0.0000 0.1067 0.0000 0.0043 0.4488 0.0094 0.0512 0.0191 0.0000 0.1808 0.0575 
298      298   (0)      5 :  0.0000 0.0244 0.0000 0.0000 0.1637 0.0000 0.0000 0.0000 0.0000 0.1294 0.0000 0.2023 0.0429 0.0000 0.4057 0.0315 
299      299   (0)      5 :  0.0000 0.0884 0.0000 0.0011 0.0761 0.0000 0.0214 0.0000 0.0000 0.1291 0.0004 0.2324 0.2419 0.0000 0.1592 0.0500 
300      300   (0)      5 :  0.0000 0.0619 0.0000 0.0000 0.2893 0.0000 0.0100 0.0000 0.0000 0.2131 0.0000 0.2572 0.0570 0.0000 0.1013 0.0101 
301      301   (0)      5 :  0.0000 0.1368 0.0000 0.0000 0.1277 0.0000 0.1000 0.0000 0.0000 0.0173 0.0013 0.1928 0.0670 0.0000 0.2144 0.1427 
302      302   (0)      5 :  0.0000 0.0162 0.0000 0.0000 0.1706 0.0000 0.0000 0.0000 0.0000 0.1628 0.0000 0.2002 0.0379 0.0000 0.3945 0.0177 
303      303   (0)      5 :  0.0000 0.0507 0.0000 0.0000 0.1615 0.0000 0.0000 0.0000 0.0000 0.1659 0.0000 0.1111 0.1064 0.0000 0.4044 0.0000 
304      304   (0)      5 :  0.0000 0.1046 0.0000 0.0000 0.1186 0.0000 0.0148 0.0000 0.0000 0.3481 0.0000 0.0946 0.1188 0.0000 0.1639 0.0365 
305      305   (0)      5 :  0.0000 0.0488 0.0000 0.0082 0.0522 0.0000 0.0659 0.0000 0.0072 0.3100 0.0031 0.1933 0.0071 0.0000 0.2336 0.0706 
306      306   (0)      5 :  0.0000 0.0451 0.0000 0.0000 0.0162 0.0000 0.0000 0.0000 0.0000 0.0398 0.0000 0.6211 0.1953 0.0000 0.0825 0.0000 
307      307   (0)      5 :  0.0000 0.0215 0.0000 0.0500 0.1309 0.0000 0.0533 0.0000 0.0008 0.2616 0.0356 0.2106 0.0593 0.0000 0.0790 0.0975 
308      308   (0)      5 :  0.0000 0.0253 0.0000 0.0000 0.1361 0.0000 0.0708 0.0000 0.0091 0.0716 0.0061 0.3817 0.0747 0.0000 0.1416 0.0831 
309      309   (0)      5 :  0.0000 0.1014 0.0000 0.0000 0.2872 0.0000 0.0242 0.0000 0.0024 0.1531 0.0015 0.0995 0.0904 0.0000 0.2138 0.0265 
310      310   (0)      5 :  0.0000 0.0000 0.0000 0.0261 0.2254 0.0000 0.1000 0.0000 0.0000 0.0670 0.0012 0.1556 0.0466 0.0000 0.2109 0.1673 
311      311   (0)      5 :  0.0000 0.0493 0.0000 0.0034 0.2202 0.0000 0.0202 0.0000 0.0041 0.1921 0.0000 0.4055 0.0896 0.0000 0.0145 0.0010 
312      312   (0)      5 :  0.0000 0.0210 0.0000 0.0237 0.1153 0.0000 0.0204 0.0000 0.0097 0.0681 0.0007 0.4205 0.1139 0.0000 0.1948 0.0118 
313      313   (0)      5 :  0.0000 0.1247 0.0000 0.0000 0.1433 0.0000 0.0000 0.0000 0.0000 0.1595 0.0000 0.2237 0.2094 0.0000 0.1394 0.0000 
314      314   (0)      5 :  0.0000 0.1193 0.0000 0.0031 0.0832 0.0000 0.0000 0.0000 0.0000 0.0667 0.0003 0.3179 0.1866 0.0000 0.1575 0.0654 
315      315   (0)      5 :  0.0000 0.0862 0.0000 0.0016 0.1145 0.0000 0.0000 0.0000 0.0036 0.1050 0.0000 0.1883 0.1070 0.0000 0.3438 0.0500 
316      316   (0)      5 :  0.0000 0.0579 0.0000 0.0296 0.0973 0.0000 0.0124 0.0000 0.0000 0.3865 0.0000 0.0887 0.1059 0.0000 0.1972 0.0246 
317      317   (0)      5 :  0.0000 0.0929 0.0000 0.0000 0.3692 0.0000 0.0137 0.0000 0.0000 0.0397 0.0000 0.0308 0.0348 0.0000 0.3080 0.1110 
318      318   (0)      8 :  0.0000 0.1912 0.0000 0.0007 0.1832 0.0000 0.0000 0.0000 0.0000 0.0757 0.0000 0.1075 0.0963 0.0000 0.2311 0.1144 
319      319   (0)      8 :  0.0000 0.1156 0.0000 0.0230 0.2281 0.0000 0.0269 0.0000 0.0000 0.0680 0.0000 0.0558 0.0725 0.0000 0.3637 0.0463 
320      320   (0)      9 :  0.0000 0.0348 0.0000 0.0000 0.2681 0.0000 0.0000 0.0000 0.0000 0.0297 0.0000 0.1992 0.0184 0.0000 0.3381 0.1116 
321      321   (0)      9 :  0.0046 0.0592 0.0000 0.0000 0.4518 0.0000 0.0398 0.0000 0.0033 0.0602 0.0000 0.1197 0.0335 0.0000 0.1502 0.0778 
322      322   (0)      9 :  0.0000 0.1124 0.0000 0.0000 0.0774 0.0000 0.0213 0.0000 0.0000 0.1852 0.0000 0.1375 0.0655 0.0000 0.3701 0.0306 
323      323   (0)      9 :  0.0000 0.0495 0.0000 0.0500 0.0830 0.0000 0.0231 0.0000 0.0000 0.2445 0.0000 0.0963 0.0773 0.0000 0.3584 0.0178 
324      324   (0)      9 :  0.0000 0.0146 0.0000 0.0000 0.0900 0.0000 0.0675 0.0000 0.0000 0.2205 0.0000 0.0671 0.0433 0.0000 0.3555 0.1415 
325      325   (0)      8 :  0.0000 0.0110 0.0000 0.0000 0.1491 0.0000 0.0000 0.0000 0.0000 0.5826 0.0000 0.1031 0.0867 0.0000 0.0174 0.0500 
326      326   (0)      8 :  0.0000 0.0681 0.0000 0.0000 0.2247 0.0000 0.0000 0.0000 0.0000 0.0358 0.0000 0.1423 0.0778 0.0000 0.3523 0.0991 
327      327   (0)      8 :  0.0000 0.0290 0.0000 0.0096 0.3027 0.0000 0.0469 0.0000 0.0000 0.1567 0.0000 0.1450 0.0343 0.0000 0.2732 0.0027 
328      328   (0)      8 :  0.0000 0.0634 0.0000 0.0000 0.1933 0.0000 0.0000 0.0000 0.0000 0.1600 0.0000 0.0634 0.0257 0.0000 0.4415 0.0527 
329      329   (0)      8 :  0.0000 0.0286 0.0000 0.0000 0.0893 0.0000 0.0300 0.0000 0.0000 0.3227 0.0000 0.2433 0.0098 0.0000 0.2761 0.0000 
330      330   (0)      9 :  0.0000 0.0034 0.0000 0.0000 0.1540 0.0000 0.0169 0.0000 0.0003 0.0385 0.0008 0.5137 0.0926 0.0000 0.1373 0.0425 
331      331   (0)      9 :  0.0000 0.0599 0.0000 0.0000 0.1660 0.0000 0.0132 0.0000 0.0000 0.0638 0.0000 0.0864 0.0794 0.0000 0.5237 0.0075 
332      332   (0)      9 :  0.0000 0.0477 0.0000 0.0000 0.1390 0.0000 0.0000 0.0000 0.0008 0.0405 0.0000 0.3818 0.0981 0.0000 0.2221 0.0699 
333      333   (0)      9 :  0.0000 0.1093 0.0000 0.0000 0.2269 0.0000 0.0000 0.0000 0.0000 0.4465 0.0000 0.0315 0.0380 0.0000 0.1479 0.0000 
334      334   (0)      9 :  0.0000 0.1182 0.0000 0.0000 0.0999 0.0000 0.0500 0.0000 0.0004 0.2195 0.0000 0.2501 0.1277 0.0000 0.1323 0.0018 
335      335   (0)      9 :  0.0000 0.1241 0.0000 0.0000 0.1502 0.0000 0.0049 0.0000 0.0000 0.3786 0.0000 0.0884 0.1037 0.0000 0.1287 0.0214 
336      336   (0)      8 :  0.0000 0.0500 0.0000 0.0000 0.0318 0.0000 0.0000 0.0000 0.0005 0.1286 0.0000 0.0815 0.1619 0.0000 0.4958 0.0500 
337      337   (0)      8 :  0.0000 0.0000 0.0000 0.0000 0.0796 0.0000 0.0346 0.0000 0.0036 0.0379 0.0000 0.6463 0.0737 0.0000 0.0851 0.0392 
338      338   (0)      8 :  0.0000 0.0143 0.0000 0.0000 0.0206 0.0000 0.0000 0.0000 0.0000 0.2797 0.0000 0.2229 0.2752 0.0000 0.1874 0.0000 
339      339   (0)      8 :  0.0000 0.0602 0.0000 0.0300 0.1533 0.0000 0.0718 0.0000 0.0022 0.2339 0.0000 0.1744 0.0641 0.0000 0.1137 0.0965 
340      340   (0)      8 :  0.0000 0.0000 0.0000 0.0000 0.1355 0.0000 0.0855 0.0000 0.0000 0.0248 0.0020 0.4456 0.0271 0.0000 0.1892 0.0904 
341      341   (0)      8 :  0.0000 0.0371 0.0000 0.0000 0.0506 0.0000 0.0339 0.0000 0.0064 0.0972 0.0182 0.3218 0.1096 0.0000 0.2544 0.0710 
342      342   (0)      8 :  0.0000 0.0403 0.0000 0.0000 0.1381 0.0000 0.0683 0.0000 0.0000 0.1348 0.0000 0.2029 0.1119 0.0000 0.2393 0.0643 
343      343   (0)      9 :  0.0000 0.0356 0.0000 0.0000 0.0000 0.0000 0.0096 0.0000 0.0008 0.5290 0.0000 0.2198 0.0982 0.0000 0.0997 0.0073 
344      344   (0)      9 :  0.0000 0.0830 0.0000 0.0000 0.0407 0.0000 0.0196 0.0000 0.0000 0.4490 0.0000 0.2432 0.0147 0.0000 0.1497 0.0000 
345      345   (0)      9 :  0.0000 0.0000 0.0000 0.0000 0.2960 0.0000 0.0344 0.0000 0.0000 0.0647 0.0000 0.1410 0.0368 0.0000 0.3957 0.0314 
346      346   (0)      9 :  0.0000 0.0315 0.0000 0.0042 0.0852 0.0000 0.0174 0.0000 0.0000 0.1940 0.0101 0.3597 0.0985 0.0000 0.1862 0.0132 
347      347   (0)      9 :  0.0000 0.1047 0.0000 0.0000 0.0848 0.0000 0.0023 0.0000 0.0000 0.3827 0.0011 0.2114 0.0180 0.0000 0.1738 0.0211 
348      348   (0)      9 :  0.0000 0.0165 0.0000 0.0025 0.1713 0.0000 0.0000 0.0000 0.0083 0.0194 0.0014 0.4312 0.1600 0.0000 0.1527 0.0367 
349      349   (0)      9 :  0.0000 0.1297 0.0002 0.0500 0.1516 0.0000 0.0175 0.0000 0.0201 0.1288 0.0195 0.1064 0.0820 0.0000 0.2199 0.0743 
350      350   (0)      9 :  0.0000 0.0650 0.0000 0.0000 0.1359 0.0000 0.0218 0.0000 0.0000 0.3373 0.0001 0.1427 0.1065 0.0000 0.1262 0.0647 
351      351   (0)      9 :  0.0000 0.0724 0.0000 0.0135 0.1156 0.0000 0.0293 0.0000 0.0000 0.1517 0.0163 0.3465 0.0768 0.0000 0.1690 0.0088 
352      352   (0)      9 :  0.0000 0.0658 0.0000 0.0000 0.0902 0.0000 0.0203 0.0000 0.0004 0.2377 0.0035 0.2434 0.2220 0.0000 0.1167 0.0000 
353      353   (0)      9 :  0.0000 0.0769 0.0000 0.0000 0.1332 0.0000 0.0500 0.0000 0.0000 0.1743 0.0069 0.4052 0.1014 0.0000 0.0521 0.0000 
354      354   (0)      9 :  0.0000 0.0000 0.0000 0.0000 0.1429 0.0000 0.0497 0.0000 0.0000 0.2677 0.0000 0.2714 0.0234 0.0000 0.2449 0.0000 
355      355   (0)      9 :  0.0000 0.0628 0.0000 0.0388 0.1660 0.0000 0.0100 0.0000 0.0074 0.1608 0.0019 0.0003 0.0141 0.0000 0.4951 0.0427 
356      356   (0)      9 :  0.0000 0.0872 0.0000 0.0265 0.2407 0.0000 0.0202 0.0000 0.0000 0.2974 0.0026 0.1234 0.0483 0.0000 0.1194 0.0344 
357      357   (0)      9 :  0.0000 0.1553 0.0000 0.0024 0.1519 0.0000 0.0382 0.0000 0.0000 0.1646 0.0000 0.2462 0.0747 0.0000 0.1393 0.0274 
358      358   (0)      9 :  0.0000 0.0044 0.0000 0.0500 0.1890 0.0000 0.0365 0.0000 0.0000 0.0445 0.0057 0.4881 0.0350 0.0000 0.1020 0.0447 
359      359   (0)      9 :  0.0000 0.0697 0.0000 0.0000 0.0652 0.0000 0.0497 0.0000 0.0000 0.2684 0.0032 0.1900 0.1887 0.0000 0.1494 0.0158 
360      360   (0)      9 :  0.0000 0.0000 0.0000 0.0000 0.0385 0.0000 0.0378 0.0000 0.0002 0.2082 0.0000 0.4944 0.1054 0.0000 0.1155 0.0000 
361      361   (0)      9 :  0.0000 0.0298 0.0000 0.0000 0.1955 0.0000 0.0506 0.0000 0.0000 0.2587 0.0000 0.1233 0.1064 0.0000 0.1905 0.0451 
362      362   (0)     10 :  0.0000 0.0234 0.0000 0.0000 0.2136 0.0000 0.0212 0.0000 0.0000 0.0335 0.0000 0.3436 0.0135 0.0000 0.3120 0.0391 
363      363   (0)     10 :  0.0000 0.0038 0.0000 0.0000 0.2327 0.0000 0.0419 0.0000 0.0000 0.1453 0.0000 0.2223 0.0299 0.0000 0.3125 0.0117 
364      364   (0)     10 :  0.0003 0.0048 0.0000 0.0000 0.1804 0.0000 0.0359 0.0000 0.0000 0.1740 0.0000 0.1377 0.0216 0.0000 0.4205 0.0248 
365      365   (0)     10 :  0.0034 0.0285 0.0000 0.0000 0.2543 0.0000 0.0000 0.0000 0.0000 0.1354 0.0000 0.1391 0.0095 0.0000 0.4193 0.0104 
366      366   (0)     10 :  0.0000 0.0644 0.0000 0.0000 0.1566 0.0000 0.0488 0.0000 0.0000 0.4069 0.0000 0.0548 0.0170 0.0000 0.2516 0.0000 
367      367   (0)     10 :  0.0000 0.1005 0.0000 0.0000 0.0676 0.0000 0.0001 0.0000 0.0000 0.1068 0.0111 0.1782 0.1123 0.0000 0.3734 0.0500 
368      368   (0)     10 :  0.0000 0.0957 0.0000 0.0000 0.0791 0.0000 0.0500 0.0000 0.0000 0.3582 0.0000 0.2594 0.0815 0.0000 0.0626 0.0134 
369      369   (0)     10 :  0.0000 0.0717 0.0000 0.0000 0.0408 0.0000 0.0000 0.0000 0.0000 0.2900 0.0000 0.1004 0.1938 0.0000 0.3033 0.0000 
370      370   (0)     10 :  0.0000 0.1180 0.0000 0.0000 0.1222 0.0000 0.0097 0.0000 0.0000 0.0707 0.0234 0.0881 0.1931 0.0000 0.3747 0.0000 
371      371   (0)     10 :  0.0000 0.0577 0.0000 0.0155 0.1823 0.0000 0.0500 0.0000 0.0000 0.4489 0.0019 0.1277 0.0303 0.0000 0.0857 0.0000 
372      372   (0)     10 :  0.0000 0.0895 0.0000 0.0000 0.1258 0.0000 0.0066 0.0000 0.0000 0.1152 0.0032 0.1888 0.1552 0.0000 0.2941 0.0216 
373      373   (0)     10 :  0.0000 0.0000 0.0000 0.0000 0.3539 0.0000 0.0560 0.0000 0.0000 0.0501 0.0000 0.2465 0.0000 0.0000 0.2563 0.0373 
374      374   (0)     10 :  0.0000 0.0189 0.0000 0.0000 0.0912 0.0000 0.0285 0.0000 0.0000 0.2093 0.0000 0.2818 0.0293 0.0000 0.3410 0.0000 
375      375   (0)     10 :  0.0000 0.0620 0.0000 0.0000 0.1542 0.0000 0.0108 0.0000 0.0000 0.1183 0.0000 0.1356 0.0576 0.0000 0.3744 0.0871 
376      376   (0)     10 :  0.0000 0.0715 0.0000 0.0000 0.2382 0.0000 0.0262 0.0000 0.0161 0.0162 0.0000 0.1457 0.0137 0.0000 0.4016 0.0710 
377      377   (0)     10 :  0.0000 0.0587 0.0000 0.0000 0.1663 0.0000 0.0117 0.0000 0.0261 0.1069 0.0000 0.1354 0.0849 0.0000 0.3841 0.0259 
378      378   (0)     10 :  0.0000 0.0604 0.0000 0.0000 0.1393 0.0000 0.0000 0.0000 0.0000 0.1134 0.0000 0.3845 0.1689 0.0000 0.1334 0.0000 
379      379   (0)     10 :  0.0002 0.1205 0.0000 0.0141 0.1956 0.0000 0.0192 0.0000 0.0000 0.1320 0.0351 0.1161 0.1003 0.0000 0.2059 0.0611 
380      380   (0)     10 :  0.0000 0.0522 0.0000 0.0000 0.0201 0.0000 0.0022 0.0000 0.0000 0.6854 0.0000 0.0596 0.0697 0.0000 0.1108 0.0000 
381      381   (0)     10 :  0.0000 0.0234 0.0000 0.0017 0.0887 0.0000 0.0000 0.0000 0.0000 0.0309 0.0009 0.7038 0.0749 0.0000 0.0757 0.0000 
382      382   (0)     10 :  0.0000 0.0710 0.0000 0.0000 0.2002 0.0000 0.0222 0.0000 0.0000 0.3432 0.0000 0.0951 0.0331 0.0000 0.2165 0.0188 
383      383   (0)     10 :  0.0000 0.0344 0.0000 0.0000 0.0560 0.0000 0.0140 0.0000 0.0061 0.1030 0.0252 0.3833 0.2286 0.0000 0.1143 0.0350 
384      384   (0)     10 :  0.0008 0.0883 0.0000 0.0000 0.1578 0.0000 0.0000 0.0000 0.0000 0.0665 0.0000 0.1322 0.1195 0.0000 0.4075 0.0275 
385      385   (0)     10 :  0.0000 0.0518 0.0000 0.0000 0.1330 0.0000 0.0000 0.0000 0.0000 0.1011 0.0000 0.4853 0.1387 0.0000 0.0778 0.0123 
386      386   (0)     10 :  0.0000 0.1317 0.0000 0.0000 0.2989 0.0000 0.0230 0.0000 0.0007 0.0985 0.0026 0.1775 0.0634 0.0000 0.1535 0.0501 
387      387   (0)     10 :  0.0011 0.0000 0.0000 0.0007 0.2053 0.0000 0.0192 0.0000 0.0000 0.0127 0.0000 0.3545 0.0503 0.0000 0.2088 0.1475 
388      388   (0)     10 :  0.0000 0.0502 0.0000 0.0000 0.0273 0.0000 0.0500 0.0000 0.0000 0.1745 0.0030 0.5339 0.0470 0.0000 0.1141 0.0000 
389      389   (0)     10 :  0.0000 0.0432 0.0000 0.0061 0.1984 0.0000 0.0558 0.0000 0.0000 0.0710 0.0005 0.2394 0.1078 0.0000 0.2247 0.0531 
390      390   (0)      8 :  0.0000 0.1700 0.0000 0.0000 0.1221 0.0000 0.0209 0.0000 0.0000 0.1484 0.0170 0.2974 0.0635 0.0000 0.1501 0.0107 
391      391   (0)      8 :  0.0002 0.0846 0.0000 0.0000 0.1595 0.0000 0.0472 0.0000 0.0000 0.2419 0.0000 0.0003 0.0378 0.0000 0.3812 0.0474 
392      392   (0)      8 :  0.0000 0.0000 0.0000 0.0093 0.0097 0.0000 0.0000 0.0000 0.0017 0.4408 0.0004 0.0694 0.1972 0.0000 0.2617 0.0096 
393      393   (0)     11 :  0.0000 0.0101 0.0000 0.0274 0.0534 0.0000 0.0000 0.0000 0.0000 0.5686 0.0001 0.0378 0.1037 0.0000 0.1989 0.0000 
394      394   (0)     11 :  0.0000 0.0000 0.0000 0.0068 0.1750 0.0000 0.0456 0.0000 0.0000 0.1165 0.0000 0.1481 0.1311 0.0000 0.2392 0.1376 
395      395   (0)     11 :  0.0000 0.0000 0.0000 0.0006 0.0971 0.0012 0.0513 0.0000 0.0119 0.4861 0.0000 0.0128 0.0910 0.0073 0.1248 0.1160 
396      396   (0)     11 :  0.0000 0.0603 0.0000 0.0500 0.0456 0.0030 0.0025 0.0000 0.0001 0.5186 0.0190 0.0130 0.0779 0.0203 0.1618 0.0280 
397      397   (0)     11 :  0.0005 0.0374 0.0000 0.0000 0.0488 0.0000 0.0377 0.0000 0.0000 0.0143 0.0000 0.3453 0.1448 0.0000 0.3025 0.0687 
398      398   (0)     11 :  0.0000 0.1563 0.0000 0.0000 0.2452 0.0000 0.0189 0.0000 0.0000 0.2329 0.0000 0.0872 0.0157 0.0000 0.2322 0.0118 
399      399   (0)     11 :  0.0000 0.0256 0.0000 0.0000 0.1099 0.0000 0.0500 0.0000 0.0000 0.4453 0.0000 0.2199 0.0333 0.0000 0.0786 0.0374 
400      400   (0)     11 :  0.0008 0.0005 0.0000 0.0020 0.0800 0.0000 0.0273 0.0000 0.0000 0.0802 0.0000 0.5259 0.1314 0.0000 0.1252 0.0266 
401      401   (0)     11 :  0.0000 0.0321 0.0000 0.0000 0.1463 0.0022 0.0121 0.0000 0.0000 0.2447 0.0000 0.0500 0.2323 0.0008 0.2389 0.0406 
402      402   (0)     11 :  0.0000 0.0232 0.0000 0.0000 0.2053 0.0000 0.0103 0.0000 0.0000 0.2420 0.0000 0.1362 0.1170 0.0000 0.2514 0.0146 
403      403   (0)     11 :  0.0000 0.0438 0.0000 0.0000 0.0486 0.0000 0.0115 0.0000 0.0007 0.0267 0.0000 0.4789 0.1965 0.0000 0.1549 0.0382 
404      404   (0)     11 :  0.0000 0.0927 0.0000 0.0534 0.0792 0.0000 0.1000 0.0000 0.0000 0.3126 0.0025 0.0911 0.0476 0.0000 0.1840 0.0370 
405      405   (0)     11 :  0.0000 0.0560 0.0000 0.0000 0.0318 0.0000 0.0214 0.0000 0.0120 0.4179 0.0531 0.0740 0.1402 0.0000 0.1781 0.0155 
406      406   (0)     11 :  0.0000 0.1375 0.0000 0.0000 0.2469 0.0000 0.0208 0.0000 0.0000 0.2403 0.0000 0.0921 0.0466 0.0000 0.1824 0.0334 
407      407   (0)     11 :  0.0000 0.1029 0.0000 0.0119 0.0701 0.0000 0.0093 0.0000 0.0010 0.2020 0.0000 0.0589 0.1164 0.0000 0.4177 0.0100 
408      408   (0)     11 :  0.0000 0.0801 0.0000 0.0000 0.0640 0.0000 0.0260 0.0000 0.0000 0.3183 0.0003 0.0932 0.1124 0.0000 0.3036 0.0022 
409      409   (0)     11 :  0.0014 0.0161 0.0000 0.0003 0.0391 0.0005 0.0220 0.0000 0.0079 0.3559 0.0032 0.3953 0.0906 0.0004 0.0664 0.0009 
410      410   (0)     11 :  0.0000 0.0230 0.0000 0.0000 0.1809 0.0000 0.0234 0.0000 0.0003 0.2848 0.0000 0.0479 0.0089 0.0000 0.4204 0.0105 
411      411   (0)     11 :  0.0000 0.0680 0.0000 0.0000 0.2037 0.0000 0.0170 0.0000 0.0000 0.1386 0.0000 0.1113 0.0269 0.0000 0.3566 0.0779 
412      412   (0)     11 :  0.0000 0.0351 0.0000 0.0000 0.1474 0.0000 0.0404 0.0000 0.0017 0.0460 0.0011 0.1948 0.1650 0.0000 0.2946 0.0738 
413      413   (0)     11 :  0.0000 0.0000 0.0000 0.0000 0.4032 0.0000 0.0000 0.0000 0.0000 0.0000 0.0181 0.1691 0.0563 0.0000 0.2477 0.1057 
414      414   (0)     11 :  0.0000 0.0301 0.0000 0.0000 0.0373 0.0000 0.0553 0.0000 0.0000 0.2639 0.0000 0.0503 0.0720 0.0000 0.3595 0.1317 
415      415   (0)     11 :  0.0000 0.0577 0.0000 0.0000 0.2028 0.0000 0.0350 0.0000 0.0043 0.2037 0.0005 0.0769 0.0387 0.0000 0.3298 0.0507 
416      416   (0)     11 :  0.0000 0.0900 0.0000 0.0187 0.2438 0.0000 0.0071 0.0000 0.0184 0.0757 0.0000 0.1610 0.1015 0.0000 0.2629 0.0209 
417      417   (0)     11 :  0.0000 0.0331 0.0000 0.0000 0.0773 0.0000 0.0695 0.0000 0.0000 0.2079 0.0000 0.1432 0.0651 0.0000 0.3473 0.0565 
418      418   (0)     11 :  0.0000 0.0510 0.0000 0.0027 0.1049 0.0064 0.0008 0.0000 0.0000 0.2190 0.0146 0.2119 0.1651 0.0053 0.1462 0.0721 
419      419   (0)     11 :  0.0000 0.0989 0.0000 0.0000 0.0000 0.0000 0.0000 0.0000 0.0000 0.3111 0.0006 0.0581 0.2506 0.0000 0.2807 0.0000 
420      420   (0)     11 :  0.0000 0.0826 0.0000 0.0269 0.0287 0.0000 0.0250 0.0000 0.0002 0.3560 0.0000 0.0194 0.0992 0.0000 0.3370 0.0250 
421      421   (0)     11 :  0.0000 0.0501 0.0000 0.0183 0.0511 0.0000 0.0000 0.0000 0.0010 0.2809 0.0000 0.0328 0.2903 0.0000 0.2700 0.0055 
422      422   (0)     11 :  0.0000 0.0166 0.0000 0.0000 0.1867 0.0000 0.0788 0.0000 0.0000 0.0373 0.0004 0.3296 0.1744 0.0000 0.1190 0.0572 
423      423   (0)     12 :  0.0000 0.0000 0.0011 0.0000 0.0000 0.3911 0.1662 0.0000 0.0000 0.0000 0.0000 0.0000 0.0009 0.4407 0.0000 0.0000 
424      424   (0)     12 :  0.0000 0.0175 0.0000 0.0000 0.0335 0.0000 0.0000 0.0000 0.0920 0.0080 0.7633 0.0210 0.0000 0.0000 0.0432 0.0216 
425      425   (0)     12 :  0.0000 0.0020 0.0010 0.0000 0.0000 0.4740 0.1440 0.0000 0.0000 0.0000 0.0000 0.0000 0.0192 0.3587 0.0000 0.0011 
426      426   (0)     12 :  0.0000 0.0061 0.0000 0.0000 0.0104 0.0000 0.0000 0.0000 0.4329 0.0000 0.4876 0.0090 0.0153 0.0000 0.0217 0.0170 
427      427   (0)     12 :  0.0000 0.0000 0.0099 0.0019 0.0016 0.4831 0.1799 0.0002 0.0000 0.0000 0.0000 0.0000 0.0167 0.3068 0.0000 0.0000 
428      428   (0)     12 :  0.0004 0.0000 0.0062 0.0050 0.0000 0.3894 0.1974 0.0166 0.0005 0.0000 0.0061 0.0000 0.0005 0.3508 0.0000 0.0272 
429      429   (0)     12 :  0.0000 0.0000 0.0000 0.0000 0.0000 0.0000 0.0000 0.0000 1.0000 0.0000 0.0000 0.0000 0.0000 0.0000 0.0000 0.0000 
430      430   (0)     12 :  0.0000 0.0000 0.0003 0.0070 0.0000 0.2822 0.1135 0.0041 0.0004 0.0000 0.0000 0.0000 0.0235 0.5639 0.0000 0.0053 
431      431   (0)     12 :  0.0031 0.0039 0.0118 0.0043 0.0000 0.2943 0.0386 0.0008 0.0000 0.0000 0.0000 0.0000 0.0026 0.6362 0.0000 0.0043 
432      432   (0)     12 :  0.0000 0.0000 0.0000 0.0000 0.0000 0.0000 0.0029 0.0000 0.0373 0.0160 0.9116 0.0282 0.0039 0.0000 0.0000 0.0000 
433      433   (0)     12 :  0.0000 0.0000 0.0000 0.0020 0.0000 0.1746 0.2282 0.0000 0.0088 0.0000 0.0000 0.0000 0.0312 0.5553 0.0000 0.0000 
434      434   (0)     12 :  0.0000 0.0000 0.0000 0.0017 0.0000 0.1738 0.1318 0.0000 0.0000 0.0000 0.0000 0.0000 0.0254 0.6673 0.0000 0.0000 
435      435   (0)     12 :  0.0007 0.0357 0.0057 0.0077 0.0003 0.1271 0.1182 0.0048 0.0025 0.0000 0.0001 0.0000 0.0000 0.6933 0.0000 0.0039 
436      436   (0)     12 :  0.0005 0.0030 0.0027 0.0007 0.0000 0.3466 0.0661 0.0080 0.0000 0.0000 0.0000 0.0000 0.0318 0.5393 0.0000 0.0013 
437      437   (0)     12 :  0.0000 0.0019 0.0000 0.0000 0.0000 0.0506 0.1729 0.0000 0.0244 0.0000 0.0000 0.0000 0.0180 0.7322 0.0000 0.0000 
438      438   (0)     12 :  0.0000 0.0000 0.0000 0.0000 0.0000 0.1759 0.1240 0.0002 0.0000 0.0000 0.0000 0.0000 0.0121 0.6855 0.0000 0.0022 
439      439   (0)     12 :  0.0000 0.0000 0.0000 0.0500 0.0000 0.0000 0.0000 0.0000 0.0000 0.0000 0.9500 0.0000 0.0000 0.0000 0.0000 0.0000 
440      440   (0)     12 :  0.0000 0.0000 0.0000 0.0000 0.0000 0.0000 0.0000 0.0000 0.0215 0.0000 0.9785 0.0000 0.0000 0.0000 0.0000 0.0000 
441      441   (0)     12 :  0.0000 0.0038 0.0000 0.0000 0.0000 0.0852 0.0882 0.0000 0.0000 0.0000 0.0000 0.0000 0.0167 0.8061 0.0000 0.0000 
442      442   (0)     12 :  0.0000 0.0000 0.0000 0.0000 0.0000 0.0000 0.0000 0.0000 0.5370 0.0000 0.4402 0.0000 0.0000 0.0000 0.0000 0.0227 
443      443   (0)     12 :  0.0000 0.0000 0.0057 0.0066 0.0044 0.6206 0.1314 0.0000 0.0000 0.0000 0.0000 0.0000 0.0048 0.2265 0.0000 0.0000 
444      444   (0)     12 :  0.0000 0.0024 0.0018 0.0000 0.0000 0.2720 0.1113 0.0000 0.0000 0.0000 0.0000 0.0000 0.0000 0.6092 0.0000 0.0033 
445      445   (0)     12 :  0.0000 0.0029 0.0035 0.0002 0.0000 0.7035 0.0961 0.0046 0.0000 0.0000 0.0000 0.0000 0.0048 0.1811 0.0000 0.0035 
446      446   (0)     12 :  0.0000 0.0000 0.0000 0.0015 0.0000 0.5780 0.1832 0.0006 0.0000 0.0000 0.0000 0.0000 0.0312 0.2054 0.0000 0.0000 
447      447   (0)     12 :  0.0000 0.0052 0.0000 0.0025 0.0000 0.2195 0.1513 0.0022 0.0000 0.0000 0.0000 0.0000 0.0034 0.6147 0.0000 0.0013 
448      448   (0)     12 :  0.0000 0.0028 0.0000 0.0000 0.0000 0.2044 0.0880 0.0000 0.0000 0.0000 0.0000 0.0000 0.0000 0.7048 0.0000 0.0000 
449      449   (0)     12 :  0.0000 0.0000 0.0000 0.0000 0.0022 0.1177 0.1957 0.0000 0.0000 0.0000 0.0000 0.0000 0.0241 0.6603 0.0000 0.0000 
450      450   (0)     12 :  0.0000 0.0000 0.0000 0.0016 0.0000 0.1460 0.1765 0.0000 0.0000 0.0000 0.0000 0.0000 0.0235 0.6503 0.0000 0.0022 
451      451   (0)     12 :  0.0000 0.0106 0.0012 0.0186 0.0000 0.4073 0.1209 0.0116 0.0000 0.0000 0.0000 0.0000 0.0000 0.4225 0.0000 0.0072 
452      452   (0)     12 :  0.0000 0.0015 0.0000 0.0046 0.0000 0.4613 0.1658 0.0054 0.0000 0.0000 0.0001 0.0000 0.0200 0.3390 0.0000 0.0022 
453      453   (0)     13 :  0.0000 0.0024 0.0000 0.0009 0.0000 0.3273 0.0798 0.0019 0.0000 0.0000 0.0000 0.0000 0.0140 0.5736 0.0000 0.0000 
454      454   (0)     13 :  0.0011 0.0000 0.0025 0.0035 0.0000 0.2660 0.0774 0.0000 0.0000 0.0000 0.0000 0.0000 0.0219 0.6259 0.0000 0.0017 
455      455   (0)     13 :  0.0000 0.0006 0.0000 0.0000 0.0000 0.3713 0.1164 0.0000 0.0000 0.0000 0.0000 0.0000 0.0000 0.5118 0.0000 0.0000 
456      456   (0)     13 :  0.0000 0.0000 0.0000 0.0000 0.0012 0.0000 0.0000 0.0000 0.0514 0.0000 0.9419 0.0000 0.0054 0.0000 0.0000 0.0000 
457      457   (0)     13 :  0.0000 0.0018 0.0084 0.0041 0.0057 0.3088 0.1093 0.0239 0.0000 0.0000 0.0000 0.0000 0.0198 0.5131 0.0000 0.0051 
458      458   (0)     13 :  0.0000 0.0000 0.0007 0.0000 0.0017 0.1409 0.0814 0.0000 0.0000 0.0000 0.0000 0.0000 0.0080 0.7673 0.0000 0.0000 
459      459   (0)     13 :  0.0000 0.0000 0.0000 0.0004 0.0000 0.2667 0.1011 0.0000 0.0000 0.0000 0.0000 0.0000 0.0000 0.6308 0.0000 0.0009 
460      460   (0)     13 :  0.0000 0.0014 0.0000 0.0000 0.0041 0.4919 0.1440 0.0000 0.0000 0.0000 0.0000 0.0000 0.0001 0.3585 0.0000 0.0000 
461      461   (0)     13 :  0.0000 0.0000 0.0000 0.0000 0.0000 0.3649 0.1213 0.0000 0.0000 0.0000 0.0000 0.0000 0.0203 0.4936 0.0000 0.0000 
462      462   (0)     13 :  0.0000 0.0004 0.0044 0.0000 0.0000 0.6269 0.0809 0.0182 0.0000 0.0000 0.0000 0.0000 0.0046 0.2623 0.0000 0.0023 
463      463   (0)     13 :  0.0000 0.0028 0.0073 0.0040 0.0000 0.3265 0.2320 0.0007 0.0000 0.0000 0.0000 0.0000 0.0145 0.4039 0.0000 0.0082 
464      464   (0)     13 :  0.0013 0.0548 0.2381 0.2131 0.0500 0.0000 0.0766 0.2843 0.0000 0.0000 0.0000 0.0000 0.0000 0.0117 0.0000 0.0701 
465      465   (0)     13 :  0.0002 0.0000 0.0000 0.0014 0.0029 0.0750 0.2638 0.0000 0.0000 0.0000 0.0000 0.0000 0.0010 0.6558 0.0000 0.0000 
466      466   (0)     13 :  0.0003 0.0023 0.0000 0.0000 0.0014 0.6565 0.0746 0.0011 0.0000 0.0000 0.0000 0.0000 0.0018 0.2620 0.0000 0.0000 
467      467   (0)     13 :  0.0000 0.0000 0.0030 0.0050 0.0000 0.5546 0.0709 0.0074 0.0000 0.0000 0.0000 0.0000 0.0034 0.3447 0.0000 0.0110 
468      468   (0)     13 :  0.0000 0.0921 0.2680 0.0488 0.0000 0.0259 0.0474 0.4470 0.0002 0.0000 0.0000 0.0004 0.0123 0.0142 0.0000 0.0437 
469      469   (0)     13 :  0.0000 0.0000 0.4167 0.0259 0.0101 0.0000 0.0237 0.3983 0.0038 0.0000 0.0000 0.0000 0.0606 0.0002 0.0000 0.0606 
470      470   (0)     13 :  0.0000 0.0070 0.0012 0.0000 0.0000 0.1843 0.1441 0.0041 0.0000 0.0000 0.0000 0.0000 0.0000 0.6574 0.0000 0.0020 
471      471   (0)     13 :  0.0000 0.0052 0.0005 0.0000 0.0016 0.4128 0.1025 0.0000 0.0155 0.0000 0.0000 0.0095 0.0053 0.4409 0.0030 0.0031 
472      472   (0)     13 :  0.0000 0.0000 0.0032 0.0002 0.0000 0.3391 0.1052 0.0013 0.0000 0.0000 0.0000 0.0000 0.0095 0.5380 0.0000 0.0035 
473      473   (0)     13 :  0.0000 0.0500 0.0000 0.0000 0.0000 0.0044 0.0025 0.0000 0.0154 0.0447 0.7865 0.0135 0.0317 0.0430 0.0083 0.0000 
474      474   (0)     13 :  0.0000 0.0031 0.0016 0.0000 0.0000 0.5325 0.1245 0.0033 0.0000 0.0000 0.0000 0.0000 0.0023 0.3314 0.0000 0.0013 
475      475   (0)     13 :  0.0000 0.0000 0.0019 0.0021 0.0000 0.3889 0.1286 0.0000 0.0000 0.0000 0.0000 0.0000 0.0000 0.4770 0.0000 0.0015 
476      476   (0)     13 :  0.0000 0.0000 0.0000 0.0000 0.0000 0.0000 0.0000 0.0000 0.0486 0.0000 0.9014 0.0000 0.0000 0.0000 0.0000 0.0500 
477      477   (0)     13 :  0.0000 0.0035 0.0063 0.0000 0.0000 0.2105 0.1049 0.0184 0.0103 0.0000 0.0000 0.0000 0.0067 0.6356 0.0000 0.0039 
478      478   (0)     13 :  0.0115 0.0060 0.0001 0.0021 0.0000 0.5868 0.0445 0.0000 0.0049 0.0000 0.0000 0.0000 0.0005 0.3436 0.0000 0.0000 
479      479   (0)     13 :  0.0000 0.0016 0.0000 0.0037 0.0000 0.2971 0.2138 0.0014 0.0004 0.0000 0.0000 0.0000 0.0125 0.4674 0.0000 0.0022 
480      480   (0)     13 :  0.0000 0.0003 0.0000 0.0484 0.0000 0.0000 0.0040 0.0000 0.1075 0.0000 0.8320 0.0000 0.0028 0.0000 0.0002 0.0047 
481      481   (0)     13 :  0.0088 0.0160 0.0310 0.3617 0.0000 0.0050 0.1212 0.2051 0.0051 0.0000 0.0000 0.0000 0.0431 0.0486 0.0000 0.1544 
482      482   (0)     13 :  0.0000 0.0000 0.0078 0.0030 0.0000 0.4526 0.0684 0.0090 0.0000 0.0000 0.0000 0.0000 0.0244 0.4315 0.0000 0.0033 
483      483   (0)     14 :  0.0000 0.0000 0.0000 0.0000 0.0000 0.2459 0.1093 0.0002 0.0000 0.0000 0.0000 0.0000 0.0025 0.6419 0.0000 0.0001 
484      484   (0)     14 :  0.0000 0.0000 0.0000 0.0000 0.0000 0.2790 0.1446 0.0000 0.0000 0.0000 0.0000 0.0000 0.0177 0.5572 0.0000 0.0015 
485      485   (0)     15 :  0.0000 0.0016 0.0040 0.0007 0.0000 0.2510 0.1884 0.0000 0.0000 0.0000 0.0000 0.0000 0.0098 0.5444 0.0000 0.0000 
486      486   (0)     15 :  0.0000 0.0000 0.0000 0.0000 0.0000 0.1082 0.1096 0.0000 0.0000 0.0000 0.0000 0.0000 0.0027 0.7775 0.0000 0.0021 
487      487   (0)     15 :  0.0000 0.0000 0.0000 0.0000 0.0000 0.0683 0.1256 0.0021 0.0000 0.0000 0.0000 0.0000 0.0083 0.7953 0.0000 0.0004 
488      488   (0)     15 :  0.0003 0.0010 0.0000 0.0000 0.0000 0.2526 0.1169 0.0000 0.0000 0.0000 0.0000 0.0000 0.0089 0.6203 0.0000 0.0000 
489      489   (0)     15 :  0.0000 0.0000 0.0000 0.0000 0.0004 0.0000 0.0000 0.0000 0.0000 0.0132 0.9806 0.0000 0.0015 0.0000 0.0043 0.0000 
490      490   (0)     15 :  0.0000 0.0000 0.0000 0.0500 0.0000 0.0000 0.0000 0.0000 0.0362 0.0000 0.9138 0.0000 0.0000 0.0000 0.0000 0.0000 
491      491   (0)     15 :  0.0000 0.0043 0.0000 0.0015 0.0000 0.3743 0.1862 0.0019 0.0000 0.0000 0.0000 0.0000 0.0159 0.4157 0.0000 0.0002 
492      492   (0)     15 :  0.0000 0.0000 0.0000 0.0000 0.0000 0.0000 0.0000 0.0000 0.0000 0.0000 1.0000 0.0000 0.0000 0.0000 0.0000 0.0000 
493      493   (0)     15 :  0.0120 0.0052 0.0037 0.0072 0.0000 0.5198 0.0931 0.0043 0.0000 0.0000 0.0000 0.0000 0.0000 0.3547 0.0000 0.0000 
494      494   (0)     15 :  0.0000 0.0000 0.0013 0.0022 0.0016 0.2982 0.0510 0.0000 0.0000 0.0000 0.0000 0.0000 0.0036 0.6363 0.0000 0.0058 
495      495   (0)     15 :  0.0000 0.0020 0.0038 0.0000 0.0000 0.3541 0.1776 0.0000 0.0000 0.0000 0.0000 0.0000 0.0231 0.4391 0.0000 0.0004 
496      496   (0)     15 :  0.0014 0.0000 0.0001 0.0002 0.0020 0.3434 0.0870 0.0035 0.0000 0.0000 0.0000 0.0000 0.0022 0.5582 0.0000 0.0019 
497      497   (0)     15 :  0.0000 0.0141 0.0000 0.0010 0.0000 0.5613 0.1260 0.0036 0.0000 0.0000 0.0000 0.0000 0.0011 0.2920 0.0000 0.0010 
498      498   (0)     15 :  0.0000 0.0052 0.0038 0.0118 0.0000 0.0894 0.1080 0.0069 0.0000 0.0000 0.0000 0.0000 0.0106 0.7575 0.0000 0.0067 
499      499   (0)     15 :  0.0000 0.0040 0.0031 0.0000 0.0000 0.2713 0.1622 0.0128 0.0000 0.0000 0.0000 0.0000 0.0025 0.5435 0.0000 0.0004 
500      500   (0)     15 :  0.0000 0.0026 0.0010 0.0072 0.0000 0.2530 0.1268 0.0000 0.0000 0.0000 0.0000 0.0000 0.0000 0.6066 0.0000 0.0027 
501      501   (0)     15 :  0.0000 0.0041 0.0010 0.0031 0.0000 0.3260 0.0741 0.0016 0.0124 0.0000 0.0000 0.0000 0.0014 0.5713 0.0000 0.0049 
502      502   (0)     15 :  0.0000 0.0028 0.0000 0.0037 0.0000 0.0713 0.0757 0.0019 0.0000 0.0000 0.0000 0.0000 0.0031 0.8391 0.0000 0.0023 
503      503   (0)     15 :  0.0000 0.0000 0.0009 0.0008 0.0000 0.5861 0.0847 0.0000 0.0000 0.0000 0.0000 0.0000 0.0064 0.3196 0.0000 0.0016 
504      504   (0)     15 :  0.0000 0.0000 0.0000 0.0000 0.0015 0.1571 0.1698 0.0000 0.0000 0.0000 0.0000 0.0000 0.0000 0.6716 0.0000 0.0000 
505      505   (0)     15 :  0.0000 0.0000 0.0020 0.0054 0.0000 0.3455 0.2179 0.0044 0.0000 0.0000 0.0000 0.0000 0.0000 0.4183 0.0000 0.0066 
506      506   (0)     15 :  0.0000 0.0009 0.0005 0.0028 0.0000 0.5756 0.1321 0.0002 0.0000 0.0000 0.0000 0.0000 0.0033 0.2835 0.0000 0.0011 
507      507   (0)     15 :  0.0000 0.0000 0.0067 0.0023 0.0000 0.3756 0.1680 0.0006 0.0000 0.0000 0.0000 0.0000 0.0106 0.4362 0.0000 0.0000 
508      508   (0)     15 :  0.0000 0.0038 0.0020 0.0018 0.0046 0.3119 0.1800 0.0063 0.0000 0.0000 0.0000 0.0000 0.0000 0.4871 0.0000 0.0025 
509      509   (0)     15 :  0.0000 0.0000 0.0000 0.0000 0.0000 0.0000 0.0000 0.0000 0.0000 0.0000 0.9500 0.0000 0.0000 0.0000 0.0000 0.0500 
510      510   (0)     15 :  0.0001 0.0000 0.0000 0.0002 0.0001 0.0000 0.0000 0.0000 0.0000 0.0000 0.9495 0.0000 0.0002 0.0000 0.0000 0.0500 
511      511   (0)     15 :  0.0025 0.0028 0.0060 0.0015 0.0018 0.0941 0.2040 0.0041 0.0001 0.0031 0.0006 0.0038 0.0298 0.6414 0.0022 0.0021 
512      512   (0)     15 :  0.0000 0.0000 0.0000 0.0000 0.0000 0.5205 0.1456 0.0001 0.0000 0.0000 0.0000 0.0000 0.0234 0.3088 0.0000 0.0016 
513      513   (0)     15 :  0.0000 0.0040 0.0050 0.0000 0.0000 0.4843 0.2238 0.0003 0.0000 0.0000 0.0000 0.0000 0.0040 0.2713 0.0000 0.0072 
514      514   (0)     15 :  0.0000 0.0136 0.0020 0.0084 0.0003 0.3674 0.0885 0.0061 0.0000 0.0000 0.0000 0.0000 0.0017 0.5121 0.0000 0.0000 
515      515   (0)     16 :  0.0000 0.0790 0.3940 0.1492 0.0312 0.0089 0.0015 0.1770 0.0000 0.0000 0.0000 0.0000 0.0314 0.0067 0.0000 0.1212 
516      516   (0)     16 :  0.0003 0.0025 0.0012 0.0060 0.0000 0.3409 0.1686 0.0047 0.0000 0.0000 0.0000 0.0000 0.0035 0.4723 0.0000 0.0000 
517      517   (0)     16 :  0.0000 0.0027 0.0000 0.0000 0.0143 0.0000 0.0000 0.0000 0.0959 0.0174 0.7980 0.0096 0.0000 0.0000 0.0121 0.0500 
518      518   (0)     16 :  0.0122 0.0073 0.0081 0.0056 0.0000 0.3701 0.1624 0.0011 0.0000 0.0000 0.0000 0.0000 0.0061 0.4243 0.0000 0.0029 
519      519   (0)     16 :  0.0000 0.0006 0.0045 0.0020 0.0000 0.6370 0.1192 0.0000 0.0000 0.0000 0.0000 0.0000 0.0084 0.2280 0.0000 0.0002 
520      520   (0)     16 :  0.0000 0.0013 0.0003 0.0050 0.0047 0.6407 0.1204 0.0057 0.0000 0.0000 0.0000 0.0000 0.0026 0.2112 0.0000 0.0082 
521      521   (0)     16 :  0.0000 0.0110 0.0030 0.0023 0.0000 0.7489 0.0928 0.0017 0.0000 0.0000 0.0000 0.0000 0.0001 0.1366 0.0000 0.0037 
522      522   (0)     16 :  0.0000 0.0000 0.0000 0.0000 0.0000 0.0000 0.0000 0.0000 1.0000 0.0000 0.0000 0.0000 0.0000 0.0000 0.0000 0.0000 
523      523   (0)     16 :  0.0000 0.0000 0.0099 0.0000 0.0000 0.4610 0.1154 0.0005 0.0000 0.0000 0.0000 0.0000 0.0000 0.4132 0.0000 0.0000 
524      524   (0)     16 :  0.0000 0.0660 0.0000 0.0000 0.0108 0.0000 0.0000 0.0000 0.0932 0.0048 0.7911 0.0049 0.0000 0.0000 0.0263 0.0029 
525      525   (0)     16 :  0.0000 0.0000 0.0003 0.0012 0.0013 0.4981 0.1683 0.0053 0.0000 0.0000 0.0000 0.0000 0.0031 0.3187 0.0000 0.0037 
526      526   (0)     16 :  0.0000 0.0000 0.0017 0.0000 0.0000 0.8366 0.0794 0.0000 0.0000 0.0000 0.0000 0.0000 0.0000 0.0760 0.0000 0.0063 
527      527   (0)     16 :  0.0000 0.0038 0.0000 0.0510 0.0014 0.0000 0.0014 0.0000 0.1030 0.0000 0.8362 0.0015 0.0000 0.0000 0.0017 0.0000 
528      528   (0)     16 :  0.0000 0.0000 0.0072 0.0133 0.0032 0.3179 0.2622 0.0037 0.0000 0.0000 0.0000 0.0000 0.0025 0.3873 0.0000 0.0028 
529      529   (0)     16 :  0.0000 0.0000 0.0007 0.0007 0.0034 0.6877 0.0826 0.0064 0.0000 0.0000 0.0000 0.0000 0.0500 0.1607 0.0000 0.0079 
530      530   (0)     16 :  0.0000 0.0023 0.0104 0.0172 0.0000 0.4782 0.2710 0.0013 0.0000 0.0000 0.0000 0.0000 0.0500 0.1641 0.0000 0.0055 
531      531   (0)     16 :  0.0000 0.0000 0.0000 0.0000 0.0000 0.6157 0.1494 0.0000 0.0000 0.0000 0.0000 0.0000 0.0246 0.2103 0.0000 0.0000 
532      532   (0)     16 :  0.0000 0.0000 0.0000 0.0000 0.0000 0.0000 0.0000 0.0000 1.0000 0.0000 0.0000 0.0000 0.0000 0.0000 0.0000 0.0000 
533      533   (0)     16 :  0.0000 0.0000 0.0000 0.0000 0.0000 0.0000 0.0000 0.0000 1.0000 0.0000 0.0000 0.0000 0.0000 0.0000 0.0000 0.0000 
534      534   (0)     16 :  0.0000 0.0084 0.0015 0.0000 0.0000 0.5706 0.1219 0.0024 0.0000 0.0000 0.0000 0.0000 0.0009 0.2944 0.0000 0.0000 
535      535   (0)     16 :  0.0000 0.0000 0.0004 0.0046 0.0000 0.5210 0.2636 0.0000 0.0000 0.0000 0.0000 0.0000 0.0500 0.1604 0.0000 0.0000 
536      536   (0)     16 :  0.0000 0.0035 0.0003 0.0000 0.0000 0.4194 0.2328 0.0005 0.0000 0.0000 0.0000 0.0000 0.0500 0.2892 0.0000 0.0042 
537      537   (0)     16 :  0.0000 0.0000 0.0000 0.0025 0.0000 0.7765 0.0893 0.0023 0.0000 0.0000 0.0000 0.0000 0.0027 0.1267 0.0000 0.0001 
538      538   (0)     16 :  0.0000 0.0000 0.0000 0.0000 0.0000 0.6265 0.1403 0.0000 0.0000 0.0000 0.0000 0.0000 0.0078 0.2254 0.0000 0.0000 
539      539   (0)     16 :  0.0000 0.0000 0.0020 0.0021 0.0000 0.7437 0.1451 0.0033 0.0000 0.0000 0.0000 0.0000 0.0049 0.0976 0.0000 0.0012 
540      540   (0)     16 :  0.0000 0.0000 0.0000 0.0080 0.0000 0.4412 0.0922 0.0014 0.0000 0.0000 0.0000 0.0000 0.0553 0.3994 0.0000 0.0024 
541      541   (0)     16 :  0.9500 0.0000 0.0000 0.0500 0.0000 0.0000 0.0000 0.0000 0.0000 0.0000 0.0000 0.0000 0.0000 0.0000 0.0000 0.0000 
542      542   (0)     16 :  0.0000 0.0000 0.0052 0.0024 0.0000 0.6573 0.0920 0.0053 0.0000 0.0000 0.0000 0.0000 0.0073 0.2274 0.0000 0.0032 
543      543   (0)     16 :  0.0000 0.0000 0.0000 0.0000 0.0000 0.7207 0.0287 0.0000 0.0000 0.0000 0.0000 0.0000 0.0008 0.2499 0.0000 0.0000 
544      544   (0)     16 :  0.0000 0.0031 0.0000 0.0000 0.0000 0.5964 0.1947 0.0000 0.0000 0.0000 0.0000 0.0000 0.0073 0.1982 0.0000 0.0003 
