  1        1   (0)      1 :  0.0000 0.5872 0.0341 0.0000 0.0613 0.0002 0.0500 0.1835 0.0668 0.0169 
  2        2   (0)      1 :  0.0000 0.0134 0.0032 0.0000 0.1648 0.0000 0.0000 0.0029 0.0038 0.8120 
  3        3   (0)      1 :  0.0000 0.0077 0.0074 0.0000 0.0921 0.0000 0.0000 0.0232 0.0500 0.8196 
  4        4   (0)      1 :  0.0000 0.6631 0.0294 0.0000 0.0707 0.0140 0.0162 0.1776 0.0190 0.0099 
  5        5   (0)      1 :  0.0000 0.6378 0.0143 0.0000 0.0633 0.0026 0.0000 0.1977 0.0687 0.0156 
  6        6   (0)      1 :  0.0000 0.7544 0.0222 0.0000 0.0656 0.0000 0.0237 0.0535 0.0735 0.0070 
  7        7   (0)      1 :  0.0000 0.0000 0.0017 0.0000 0.1501 0.0000 0.0000 0.0085 0.0013 0.8384 
  8        8   (0)      1 :  0.0000 0.0088 0.0000 0.0000 0.1276 0.0000 0.0000 0.0025 0.0018 0.8594 
  9        9   (0)      1 :  0.0000 0.5288 0.0096 0.0000 0.0629 0.0000 0.0644 0.2679 0.0590 0.0075 
 10       10   (0)      1 :  0.0000 0.0064 0.0039 0.0000 0.2022 0.0000 0.0035 0.0069 0.0000 0.7771 
 11       11   (0)      1 :  0.0000 0.4756 0.0178 0.0000 0.0578 0.0021 0.0041 0.3982 0.0416 0.0027 
 12       12   (0)      1 :  0.0000 0.7324 0.0636 0.0030 0.0536 0.0000 0.0226 0.0665 0.0574 0.0009 
 13       13   (0)      1 :  0.0000 0.3998 0.0000 0.0000 0.0591 0.0000 0.0461 0.4311 0.0615 0.0024 
 14       14   (0)      1 :  0.0000 0.5218 0.0215 0.0032 0.1280 0.0047 0.0194 0.2252 0.0753 0.0010 
 15       15   (0)      1 :  0.0000 0.5504 0.0000 0.0000 0.1180 0.0019 0.0000 0.2001 0.1278 0.0017 
 16       16   (0)      1 :  0.0000 0.5714 0.0400 0.0037 0.0386 0.0000 0.0088 0.2346 0.0512 0.0517 
 17       17   (0)      1 :  0.0000 0.6959 0.0167 0.0000 0.0038 0.0000 0.0194 0.1164 0.1458 0.0020 
 18       18   (0)      1 :  0.0000 0.4737 0.0324 0.0000 0.0195 0.0000 0.0171 0.3343 0.1231 0.0000 
 19       19   (0)      1 :  0.0000 0.6646 0.0489 0.0076 0.0176 0.0002 0.0150 0.1838 0.0618 0.0004 
 20       20   (0)      1 :  0.0000 0.7142 0.0698 0.0000 0.0018 0.0000 0.0000 0.1542 0.0588 0.0011 
 21       21   (0)      1 :  0.0000 0.4444 0.0578 0.0000 0.1224 0.0007 0.0329 0.2857 0.0560 0.0001 
 22       22   (0)      1 :  0.0000 0.0299 0.0106 0.0000 0.1437 0.0000 0.0000 0.0000 0.0336 0.7821 
 23       23   (0)      1 :  0.0000 0.5487 0.0726 0.0000 0.0712 0.0000 0.0144 0.2500 0.0419 0.0012 
 24       24   (0)      1 :  0.0000 0.8335 0.0000 0.0000 0.0071 0.0001 0.0000 0.1018 0.0500 0.0075 
 25       25   (0)      1 :  0.0000 0.6562 0.0522 0.0000 0.0870 0.0000 0.0000 0.1726 0.0225 0.0095 
 26       26   (0)      1 :  0.0000 0.5234 0.0000 0.0000 0.0709 0.0000 0.0441 0.2450 0.1166 0.0000 
 27       27   (0)      1 :  0.0300 0.0000 0.0128 0.8813 0.0415 0.0000 0.0181 0.0000 0.0163 0.0000 
 28       28   (0)      1 :  0.0226 0.0000 0.0000 0.9001 0.0000 0.0000 0.0000 0.0500 0.0273 0.0000 
 29       29   (0)      1 :  0.0000 0.5318 0.0116 0.0000 0.0530 0.0059 0.0670 0.2537 0.0690 0.0080 
 30       30   (0)      1 :  0.0000 0.5198 0.0000 0.0000 0.1665 0.0002 0.1000 0.1582 0.0552 0.0000 
 31       31   (0)      1 :  0.0000 0.6777 0.0290 0.0000 0.0725 0.0000 0.0000 0.1915 0.0000 0.0294 
 32       32   (0)      1 :  0.0000 0.0494 0.0007 0.0000 0.2283 0.0000 0.0000 0.0069 0.0129 0.7018 
 33       33   (0)      1 :  0.0040 0.3168 0.0000 0.3812 0.0575 0.0000 0.0000 0.0653 0.0415 0.1337 
 34       34   (0)      1 :  0.0000 0.4193 0.0414 0.0000 0.1029 0.0000 0.0241 0.2347 0.1709 0.0068 
 35       35   (0)      1 :  0.0000 0.0000 0.0000 0.0000 0.0000 0.9661 0.0000 0.0339 0.0000 0.0000 
 36       36   (0)      1 :  0.0000 0.0000 0.0000 0.0000 0.0000 1.0000 0.0000 0.0000 0.0000 0.0000 
 37       37   (0)      1 :  0.0000 0.0000 0.0000 0.0000 0.0000 0.9731 0.0000 0.0269 0.0000 0.0000 
 38       38   (0)      1 :  0.0142 0.0000 0.0000 0.9279 0.0000 0.0000 0.0102 0.0150 0.0328 0.0000 
 39       39   (0)      1 :  0.0405 0.0000 0.0098 0.9101 0.0000 0.0000 0.0072 0.0135 0.0188 0.0000 
 40       40   (0)      1 :  0.0000 0.5760 0.0360 0.0000 0.0819 0.0010 0.0123 0.2298 0.0629 0.0000 
 41       41   (0)      1 :  0.0000 0.0017 0.0030 0.0000 0.0888 0.0000 0.0021 0.0175 0.0035 0.8834 
 42       42   (0)      1 :  0.0072 0.0000 0.0068 0.9330 0.0000 0.0000 0.0011 0.0159 0.0359 0.0000 
 43       43   (0)      1 :  0.0000 0.4564 0.0751 0.0000 0.0840 0.0094 0.0000 0.3619 0.0051 0.0080 
 44       44   (0)      1 :  0.0000 0.0000 0.0014 0.0000 0.1445 0.0000 0.0026 0.0027 0.0025 0.8463 
 45       45   (0)      1 :  0.0291 0.0000 0.0088 0.9423 0.0000 0.0000 0.0136 0.0000 0.0063 0.0000 
 46       46   (0)      1 :  0.0036 0.6727 0.0010 0.0000 0.0006 0.0000 0.0000 0.3214 0.0007 0.0000 
 47       47   (0)      1 :  0.0556 0.0000 0.0102 0.9151 0.0000 0.0000 0.0091 0.0100 0.0000 0.0000 
 48       48   (0)      1 :  0.0000 0.0086 0.0099 0.0000 0.0897 0.0000 0.0000 0.0014 0.0552 0.8353 
 49       49   (0)      1 :  0.0000 0.0008 0.0022 0.0000 0.1247 0.0000 0.0000 0.0019 0.0138 0.8565 
 50       50   (0)      1 :  0.0160 0.0000 0.0000 0.9354 0.0000 0.0000 0.0203 0.0000 0.0282 0.0000 
 51       51   (0)      1 :  0.0123 0.0000 0.0332 0.9302 0.0000 0.0000 0.0087 0.0000 0.0156 0.0000 
 52       52   (0)      1 :  0.0000 0.0518 0.0000 0.0000 0.1376 0.0000 0.0000 0.0107 0.0557 0.7442 
 53       53   (0)      1 :  0.0000 0.0032 0.0113 0.0000 0.1383 0.0000 0.0000 0.0112 0.0328 0.8032 
 54       54   (0)      1 :  0.0000 0.0058 0.0043 0.0000 0.1801 0.0000 0.0005 0.0261 0.0008 0.7824 
 55       55   (0)      1 :  0.0309 0.0000 0.0000 0.9359 0.0014 0.0000 0.0073 0.0000 0.0246 0.0000 
 56       56   (0)      2 :  0.0000 0.7365 0.0236 0.0016 0.0729 0.0000 0.0155 0.0666 0.0693 0.0142 
 57       57   (0)      2 :  0.0000 0.4997 0.0373 0.0000 0.0565 0.0201 0.0000 0.3062 0.0802 0.0000 
 58       58   (0)      2 :  0.0000 0.4520 0.0703 0.0000 0.0910 0.0000 0.0000 0.3061 0.0751 0.0055 
 59       59   (0)      2 :  0.0000 0.7263 0.0003 0.0000 0.0350 0.0000 0.0149 0.2118 0.0093 0.0025 
 60       60   (0)      2 :  0.0000 0.0058 0.0000 0.0000 0.2390 0.0000 0.0000 0.0126 0.0307 0.7118 
 61       61   (0)      2 :  0.0000 0.5569 0.0012 0.0000 0.0490 0.0036 0.0525 0.2367 0.1000 0.0000 
 62       62   (0)      2 :  0.0000 0.0000 0.0000 0.0000 0.0000 0.9500 0.0000 0.0500 0.0000 0.0000 
 63       63   (0)      2 :  0.0000 0.5820 0.0253 0.0000 0.0068 0.0000 0.0214 0.2720 0.0777 0.0149 
 64       64   (0)      2 :  0.0000 0.0000 0.0000 0.0000 0.0000 1.0000 0.0000 0.0000 0.0000 0.0000 
 65       65   (0)      2 :  0.0000 0.5932 0.0384 0.0000 0.0649 0.0000 0.0463 0.1305 0.0911 0.0356 
 66       66   (0)      2 :  0.0000 0.0000 0.0000 0.0000 0.0000 0.9500 0.0000 0.0500 0.0000 0.0000 
 67       67   (0)      2 :  0.0000 0.5157 0.0305 0.0000 0.0521 0.0035 0.0514 0.2576 0.0891 0.0000 
 68       68   (0)      2 :  0.0000 0.6246 0.0551 0.0000 0.0692 0.0029 0.0272 0.1693 0.0395 0.0123 
 69       69   (0)      2 :  0.0000 0.0129 0.0022 0.0000 0.1527 0.0000 0.0011 0.0000 0.0013 0.8297 
 70       70   (0)      2 :  0.0000 0.6148 0.0752 0.0000 0.0826 0.0000 0.0000 0.1737 0.0501 0.0036 
 71       71   (0)      2 :  0.0000 0.0000 0.0000 0.0000 0.0000 0.9871 0.0000 0.0129 0.0000 0.0000 
 72       72   (0)      2 :  0.0000 0.0000 0.0000 0.0000 0.0000 0.9500 0.0000 0.0500 0.0000 0.0000 
 73       73   (0)      2 :  0.0000 0.4415 0.0701 0.0033 0.1505 0.0000 0.0009 0.2526 0.0500 0.0312 
 74       74   (0)      2 :  0.0000 0.0000 0.0000 0.0000 0.1855 0.0038 0.0000 0.0115 0.0187 0.7806 
 75       75   (0)      2 :  0.0191 0.0000 0.0065 0.9041 0.0000 0.0000 0.0463 0.0132 0.0108 0.0000 
 76       76   (0)      2 :  0.0000 0.0138 0.0000 0.0000 0.1557 0.0000 0.0000 0.0028 0.0022 0.8255 
 77       77   (0)      2 :  0.0000 0.4501 0.0263 0.0000 0.0533 0.0000 0.0488 0.3354 0.0555 0.0306 
 78       78   (0)      2 :  0.0000 0.0000 0.0000 0.0000 0.0000 0.9830 0.0000 0.0170 0.0000 0.0000 
 79       79   (0)      2 :  0.0345 0.0000 0.0000 0.9490 0.0000 0.0000 0.0000 0.0056 0.0110 0.0000 
 80       80   (0)      2 :  0.0000 0.0000 0.0000 0.0000 0.0000 1.0000 0.0000 0.0000 0.0000 0.0000 
 81       81   (0)      2 :  0.0000 0.7009 0.0019 0.0020 0.0688 0.0062 0.0000 0.1758 0.0372 0.0072 
 82       82   (0)      2 :  0.0000 0.0000 0.0000 0.0000 0.1721 0.0042 0.0000 0.0022 0.0036 0.8179 
 83       83   (0)      2 :  0.0000 0.0000 0.0000 0.0000 0.1884 0.0000 0.0000 0.0000 0.0022 0.8094 
 84       84   (0)      2 :  0.0000 0.3011 0.0006 0.0000 0.0928 0.0000 0.0676 0.3223 0.0162 0.1994 
 85       85   (0)      2 :  0.0000 0.5218 0.0144 0.0000 0.1346 0.0000 0.0396 0.2460 0.0321 0.0114 
 86       86   (0)      2 :  0.0000 0.7191 0.0178 0.0000 0.0490 0.0000 0.0000 0.1092 0.0909 0.0140 
 87       87   (0)      2 :  0.0000 0.6914 0.0454 0.0000 0.0430 0.0000 0.0000 0.1475 0.0481 0.0247 
 88       88   (0)      2 :  0.0000 0.7605 0.0001 0.0000 0.1337 0.0000 0.0197 0.0670 0.0159 0.0032 
 89       89   (0)      2 :  0.0000 0.4694 0.0313 0.0000 0.1110 0.0000 0.0765 0.2811 0.0306 0.0000 
 90       90   (0)      2 :  0.0000 0.6269 0.0500 0.0000 0.0600 0.0089 0.0000 0.1818 0.0524 0.0200 
 91       91   (0)      2 :  0.0000 0.4848 0.0072 0.0000 0.0853 0.0000 0.0244 0.3424 0.0526 0.0032 
 92       92   (0)      2 :  0.0000 0.6469 0.0023 0.0000 0.0410 0.0000 0.0148 0.2355 0.0369 0.0225 
 93       93   (0)      2 :  0.0000 0.0000 0.0000 0.0000 0.1146 0.0000 0.0000 0.0000 0.0359 0.8495 
 94       94   (0)      2 :  0.0000 0.0065 0.0031 0.0000 0.2508 0.0048 0.0000 0.0071 0.0029 0.7248 
 95       95   (0)      2 :  0.0000 0.0000 0.0000 0.0000 0.0000 0.9500 0.0000 0.0500 0.0000 0.0000 
 96       96   (0)      2 :  0.0000 0.0212 0.0000 0.0000 0.2091 0.0000 0.0001 0.0031 0.0015 0.7650 
 97       97   (0)      2 :  0.0000 0.0135 0.0071 0.0000 0.2293 0.0000 0.0000 0.0048 0.0044 0.7409 
 98       98   (0)      2 :  0.0000 0.4041 0.0791 0.0012 0.0387 0.0000 0.0070 0.3976 0.0500 0.0223 
 99       99   (0)      2 :  0.0000 0.0000 0.0000 0.0000 0.0000 1.0000 0.0000 0.0000 0.0000 0.0000 
100      100   (0)      2 :  0.0000 0.6332 0.0227 0.0000 0.1113 0.0001 0.0000 0.2004 0.0318 0.0005 
101      101   (0)      3 :  0.0000 0.5516 0.0335 0.0000 0.0787 0.0001 0.0147 0.3025 0.0069 0.0120 
102      102   (0)      3 :  0.0000 0.6611 0.0430 0.0000 0.0281 0.0056 0.0000 0.1304 0.1275 0.0044 
103      103   (0)      3 :  0.0000 0.4908 0.1280 0.0000 0.0163 0.0003 0.0115 0.2348 0.1088 0.0095 
104      104   (0)      3 :  0.0000 0.6663 0.0013 0.0000 0.1256 0.0034 0.0000 0.1687 0.0317 0.0030 
105      105   (0)      3 :  0.0000 0.3753 0.0176 0.0000 0.1422 0.0115 0.0589 0.3133 0.0630 0.0181 
106      106   (0)      3 :  0.0000 0.8453 0.0001 0.0000 0.0077 0.0056 0.0000 0.0587 0.0712 0.0115 
107      107   (0)      3 :  0.0000 0.4929 0.0572 0.0006 0.0657 0.0000 0.0186 0.2849 0.0801 0.0000 
108      108   (0)      3 :  0.0000 0.5534 0.0707 0.0037 0.0567 0.0000 0.0140 0.2696 0.0273 0.0047 
109      109   (0)      3 :  0.0000 0.6809 0.0000 0.0000 0.0701 0.0000 0.0006 0.2332 0.0152 0.0000 
110      110   (0)      3 :  0.0000 0.7282 0.0000 0.0000 0.0666 0.0002 0.0723 0.0816 0.0490 0.0022 
111      111   (0)      3 :  0.0000 0.6599 0.0562 0.0000 0.0643 0.0088 0.0000 0.1589 0.0374 0.0146 
112      112   (0)      3 :  0.0000 0.4422 0.0243 0.0000 0.0689 0.0005 0.0000 0.3121 0.1500 0.0020 
113      113   (0)      3 :  0.0000 0.5590 0.0278 0.0000 0.1082 0.0002 0.0652 0.1787 0.0585 0.0024 
114      114   (0)      3 :  0.0000 0.6687 0.0043 0.0000 0.1198 0.0010 0.0131 0.1747 0.0024 0.0162 
115      115   (0)      3 :  0.0000 0.3793 0.0248 0.0000 0.1432 0.0000 0.0332 0.3937 0.0059 0.0200 
116      116   (0)      3 :  0.0000 0.6278 0.0018 0.0009 0.1282 0.0010 0.1000 0.1012 0.0334 0.0057 
117      117   (0)      3 :  0.0000 0.6519 0.0204 0.0000 0.0676 0.0001 0.0426 0.1296 0.0511 0.0367 
118      118   (0)      3 :  0.0000 0.4725 0.0078 0.0000 0.0713 0.0001 0.0624 0.2882 0.0936 0.0042 
119      119   (0)      3 :  0.0000 0.6549 0.0052 0.0000 0.0823 0.0000 0.0214 0.1246 0.0870 0.0246 
120      120   (0)      3 :  0.0000 0.7142 0.0000 0.0000 0.0831 0.0776 0.0000 0.0734 0.0155 0.0361 
121      121   (0)      3 :  0.0000 0.6636 0.0106 0.0000 0.1290 0.0010 0.0519 0.1120 0.0297 0.0022 
122      122   (0)      3 :  0.0000 0.5402 0.0000 0.0000 0.0837 0.0020 0.0000 0.3489 0.0159 0.0094 
123      123   (0)      3 :  0.0000 0.6324 0.0278 0.0000 0.0451 0.0000 0.0175 0.1781 0.0972 0.0018 
124      124   (0)      3 :  0.0000 0.6922 0.0757 0.0000 0.0311 0.0000 0.0120 0.1362 0.0527 0.0000 
125      125   (0)      3 :  0.0000 0.6175 0.0046 0.0000 0.0846 0.0082 0.0165 0.1672 0.1015 0.0000 
126      126   (0)      3 :  0.0000 0.4015 0.0326 0.0000 0.1053 0.0000 0.0423 0.3788 0.0283 0.0112 
127      127   (0)      3 :  0.0000 0.3931 0.0125 0.0000 0.0618 0.0000 0.0193 0.4509 0.0278 0.0346 
128      128   (0)      3 :  0.0000 0.6391 0.0315 0.0000 0.0911 0.0000 0.0217 0.1832 0.0334 0.0000 
129      129   (0)      3 :  0.0000 0.5290 0.0206 0.0000 0.1730 0.0000 0.0368 0.1836 0.0263 0.0306 
130      130   (0)      3 :  0.0000 0.0125 0.0058 0.0000 0.1120 0.0000 0.0000 0.0033 0.0231 0.8432 
131      131   (0)      3 :  0.0000 0.0601 0.0050 0.0000 0.1802 0.0000 0.0000 0.0000 0.0139 0.7408 
132      132   (0)      3 :  0.0000 0.0000 0.0000 0.0000 0.0000 1.0000 0.0000 0.0000 0.0000 0.0000 
133      133   (0)      3 :  0.0186 0.0000 0.0507 0.8739 0.0279 0.0000 0.0000 0.0091 0.0199 0.0000 
134      134   (0)      3 :  0.0023 0.0840 0.0007 0.0208 0.1113 0.0000 0.0015 0.0193 0.0039 0.7562 
135      135   (0)      3 :  0.0000 0.3552 0.0934 0.0000 0.0252 0.0122 0.0498 0.4291 0.0338 0.0013 
136      136   (0)      3 :  0.0000 0.5301 0.0500 0.0000 0.1845 0.0000 0.0500 0.1252 0.0500 0.0102 
137      137   (0)      3 :  0.0000 0.0022 0.0026 0.0046 0.1809 0.0001 0.0031 0.0018 0.0258 0.7790 
138      138   (0)      3 :  0.0000 0.4982 0.0425 0.0000 0.1359 0.0000 0.0334 0.2159 0.0637 0.0104 
139      139   (0)      3 :  0.0000 0.3332 0.0555 0.0000 0.0964 0.0000 0.0500 0.3991 0.0653 0.0004 
140      140   (0)      3 :  0.0000 0.5653 0.0234 0.0000 0.1254 0.0000 0.1000 0.1430 0.0380 0.0049 
141      141   (0)      3 :  0.0000 0.0000 0.0000 0.0000 0.0000 0.9500 0.0000 0.0500 0.0000 0.0000 
142      142   (0)      3 :  0.0000 0.0000 0.0000 0.0000 0.0000 0.9844 0.0000 0.0156 0.0000 0.0000 
143      143   (0)      3 :  0.0000 0.0000 0.0000 0.0000 0.0000 0.9500 0.0000 0.0500 0.0000 0.0000 
144      144   (0)      3 :  0.0000 0.0000 0.0000 0.0000 0.0000 1.0000 0.0000 0.0000 0.0000 0.0000 
145      145   (0)      3 :  0.0000 0.0000 0.0000 0.0000 0.0000 1.0000 0.0000 0.0000 0.0000 0.0000 
146      146   (0)      3 :  0.0000 0.0198 0.0000 0.0000 0.1746 0.0000 0.0000 0.0034 0.0311 0.7711 
147      147   (0)      3 :  0.0000 0.3207 0.0624 0.0000 0.1183 0.0000 0.0000 0.4893 0.0070 0.0023 
148      148   (0)      3 :  0.0000 0.0000 0.0000 0.0000 0.0000 1.0000 0.0000 0.0000 0.0000 0.0000 
149      149   (0)      3 :  0.0000 0.0000 0.0000 0.0000 0.0000 1.0000 0.0000 0.0000 0.0000 0.0000 
150      150   (0)      3 :  0.0125 0.0000 0.1090 0.8556 0.0000 0.0008 0.0221 0.0000 0.0000 0.0000 
151      151   (0)      3 :  0.0258 0.0000 0.0000 0.9279 0.0000 0.0000 0.0000 0.0149 0.0315 0.0000 
152      152   (0)      3 :  0.0000 0.5537 0.0006 0.0000 0.0734 0.0000 0.1000 0.2180 0.0443 0.0100 
153      153   (0)      3 :  0.0000 0.0000 0.0000 0.0000 0.0000 0.9500 0.0000 0.0500 0.0000 0.0000 
154      154   (0)      3 :  0.0000 0.4168 0.0257 0.0000 0.0743 0.0041 0.0139 0.4630 0.0000 0.0022 
155      155   (0)      3 :  0.0000 0.6066 0.0087 0.0000 0.0630 0.0000 0.0581 0.1524 0.1113 0.0000 
156      156   (0)      3 :  0.0000 0.0246 0.0005 0.0000 0.1996 0.0000 0.0057 0.0226 0.0113 0.7356 
157      157   (0)      3 :  0.0000 0.4218 0.0171 0.0000 0.0509 0.0000 0.0316 0.4679 0.0062 0.0046 
158      158   (0)      3 :  0.0000 0.0000 0.0006 0.0000 0.1694 0.0000 0.0000 0.0000 0.0083 0.8217 
159      159   (0)      3 :  0.0000 0.6724 0.0690 0.0042 0.0883 0.0000 0.0000 0.0583 0.1020 0.0058 
160      160   (0)      3 :  0.0000 0.0018 0.0024 0.0000 0.1386 0.0000 0.0027 0.0095 0.0184 0.8266 
161      161   (0)      4 :  0.0000 0.2718 0.0507 0.0000 0.1033 0.0000 0.0253 0.5129 0.0265 0.0096 
162      162   (0)      4 :  0.0000 0.7229 0.0002 0.0000 0.0289 0.0002 0.0298 0.1222 0.0958 0.0000 
163      163   (0)      4 :  0.0000 0.0000 0.0000 0.0000 0.0000 1.0000 0.0000 0.0000 0.0000 0.0000 
164      164   (0)      4 :  0.0000 0.0000 0.0027 0.0000 0.0852 0.0000 0.0000 0.0000 0.0182 0.8939 
165      165   (0)      4 :  0.0000 0.0000 0.0000 0.0000 0.0000 0.9656 0.0000 0.0344 0.0000 0.0000 
166      166   (0)      4 :  0.0000 0.0000 0.0000 0.0000 0.0000 0.9848 0.0000 0.0152 0.0000 0.0000 
167      167   (0)      4 :  0.0000 0.5393 0.0000 0.0000 0.0715 0.0000 0.0737 0.2351 0.0719 0.0086 
168      168   (0)      4 :  0.0000 0.7159 0.0000 0.0000 0.1168 0.0000 0.0294 0.1020 0.0304 0.0054 
169      169   (0)      4 :  0.0000 0.3696 0.0201 0.0000 0.1364 0.0000 0.0545 0.3181 0.0955 0.0058 
170      170   (0)      4 :  0.0000 0.6116 0.0129 0.0000 0.1204 0.0000 0.0151 0.2039 0.0360 0.0000 
171      171   (0)      4 :  0.0000 0.7142 0.0446 0.0000 0.0419 0.0000 0.0149 0.1257 0.0492 0.0094 
172      172   (0)      4 :  0.0000 0.5885 0.0614 0.0000 0.0861 0.0000 0.0098 0.2270 0.0225 0.0048 
173      173   (0)      4 :  0.0000 0.7279 0.0098 0.0000 0.1138 0.0001 0.0000 0.1394 0.0066 0.0024 
174      174   (0)      4 :  0.0000 0.0001 0.0028 0.0000 0.1955 0.0000 0.0044 0.0118 0.0122 0.7733 
175      175   (0)      4 :  0.0000 0.6168 0.0131 0.0000 0.1238 0.0000 0.0359 0.1842 0.0244 0.0017 
176      176   (0)      4 :  0.0000 0.0000 0.0000 0.0000 0.0000 0.9500 0.0000 0.0500 0.0000 0.0000 
177      177   (0)      4 :  0.0000 0.5672 0.0540 0.0000 0.0538 0.0007 0.0062 0.2197 0.0804 0.0181 
178      178   (0)      4 :  0.0000 0.0000 0.0000 0.0000 0.0000 0.9500 0.0000 0.0500 0.0000 0.0000 
179      179   (0)      4 :  0.0000 0.0000 0.0000 0.0000 0.0000 1.0000 0.0000 0.0000 0.0000 0.0000 
180      180   (0)      4 :  0.0000 0.5560 0.0156 0.0000 0.0454 0.0156 0.0368 0.2318 0.0959 0.0029 
181      181   (0)      4 :  0.0000 0.5393 0.0319 0.0000 0.1190 0.0005 0.0426 0.2050 0.0608 0.0009 
182      182   (0)      4 :  0.0000 0.8362 0.0000 0.0000 0.0415 0.0000 0.0385 0.0743 0.0092 0.0004 
183      183   (0)      4 :  0.0000 0.0036 0.0016 0.0000 0.1754 0.0000 0.0000 0.0000 0.0023 0.8172 
184      184   (0)      4 :  0.0000 0.0143 0.0000 0.0000 0.1846 0.0000 0.0000 0.0035 0.0121 0.7855 
185      185   (0)      4 :  0.0000 0.0000 0.0000 0.0000 0.0000 1.0000 0.0000 0.0000 0.0000 0.0000 
186      186   (0)      4 :  0.0000 0.5301 0.0000 0.0000 0.1904 0.0000 0.1000 0.1763 0.0000 0.0031 
187      187   (0)      4 :  0.0000 0.6455 0.0653 0.0000 0.0080 0.0000 0.0491 0.1508 0.0445 0.0368 
188      188   (0)      4 :  0.0000 0.0000 0.0000 0.0000 0.0000 1.0000 0.0000 0.0000 0.0000 0.0000 
189      189   (0)      4 :  0.0000 0.6429 0.0090 0.0000 0.0804 0.0000 0.0031 0.1952 0.0647 0.0045 
190      190   (0)      4 :  0.0000 0.0000 0.0032 0.0000 0.1501 0.0000 0.0000 0.0007 0.0233 0.8227 
191      191   (0)      4 :  0.0000 0.0883 0.1619 0.0185 0.0608 0.1106 0.0000 0.4056 0.0544 0.1001 
192      192   (0)      4 :  0.0000 0.3896 0.0104 0.0000 0.0926 0.0000 0.1000 0.3824 0.0239 0.0011 
193      193   (0)      4 :  0.0000 0.5621 0.0089 0.0000 0.1457 0.0103 0.0789 0.1016 0.0660 0.0266 
194      194   (0)      4 :  0.0000 0.4404 0.0180 0.0000 0.0567 0.0101 0.0571 0.3050 0.1012 0.0115 
195      195   (0)      4 :  0.0000 0.4963 0.0293 0.0000 0.0810 0.0000 0.0184 0.2995 0.0745 0.0010 
196      196   (0)      4 :  0.0000 0.5236 0.0946 0.0000 0.0589 0.0000 0.0000 0.2773 0.0456 0.0000 
197      197   (0)      4 :  0.0000 0.6730 0.0000 0.0000 0.1495 0.0000 0.0000 0.1746 0.0000 0.0028 
198      198   (0)      4 :  0.0000 0.3377 0.0763 0.0000 0.0514 0.0000 0.0113 0.4677 0.0541 0.0016 
199      199   (0)      4 :  0.0000 0.5473 0.0696 0.0000 0.0320 0.0037 0.0250 0.2732 0.0390 0.0103 
200      200   (0)      4 :  0.0000 0.0080 0.0000 0.0000 0.1367 0.0000 0.0012 0.0177 0.0233 0.8132 
201      201   (0)      4 :  0.0000 0.4474 0.0935 0.0000 0.0888 0.0000 0.0000 0.3144 0.0554 0.0004 
202      202   (0)      4 :  0.0000 0.7616 0.0296 0.0000 0.0660 0.0038 0.0000 0.1043 0.0348 0.0000 
203      203   (0)      4 :  0.0000 0.7673 0.0012 0.0000 0.0578 0.0057 0.0338 0.0621 0.0600 0.0120 
204      204   (0)      4 :  0.0000 0.6524 0.1000 0.0000 0.0223 0.0144 0.0000 0.1286 0.0792 0.0033 
205      205   (0)      4 :  0.0000 0.5888 0.0000 0.0039 0.1882 0.0000 0.0599 0.0861 0.0590 0.0141 
206      206   (0)      4 :  0.0000 0.3206 0.0547 0.0000 0.0366 0.0000 0.0203 0.5624 0.0055 0.0000 
207      207   (0)      4 :  0.0000 0.6121 0.0229 0.0000 0.1073 0.0000 0.0000 0.2019 0.0558 0.0000 
208      208   (0)      4 :  0.0000 0.0565 0.0000 0.0000 0.1569 0.0000 0.0000 0.0106 0.0118 0.7643 
209      209   (0)      4 :  0.0000 0.2627 0.0042 0.0000 0.1508 0.0000 0.1000 0.4277 0.0500 0.0045 
210      210   (0)      4 :  0.0000 0.4487 0.0606 0.0000 0.0603 0.0001 0.0500 0.2852 0.0946 0.0005 
211      211   (0)      4 :  0.0000 0.6470 0.0018 0.0000 0.1145 0.0013 0.0592 0.1269 0.0429 0.0064 
212      212   (0)      4 :  0.0000 0.0081 0.0057 0.0000 0.2139 0.0000 0.0000 0.0050 0.0000 0.7672 
213      213   (0)      4 :  0.0000 0.6034 0.0182 0.0000 0.1429 0.0000 0.0028 0.1808 0.0424 0.0095 
214      214   (0)      4 :  0.0000 0.6084 0.0122 0.0009 0.0229 0.0119 0.0171 0.3148 0.0099 0.0019 
215      215   (0)      4 :  0.0000 0.2550 0.0162 0.0000 0.1132 0.0042 0.0000 0.1904 0.0361 0.3849 
216      216   (0)      4 :  0.0000 0.7363 0.0000 0.0000 0.1003 0.0000 0.0363 0.0388 0.0854 0.0030 
217      217   (0)      4 :  0.0000 0.0000 0.0000 0.0000 0.0000 0.9615 0.0000 0.0385 0.0000 0.0000 
218      218   (0)      4 :  0.0000 0.2934 0.0515 0.0002 0.1719 0.0023 0.0042 0.4213 0.0500 0.0053 
219      219   (0)      4 :  0.0000 0.6675 0.0133 0.0000 0.0845 0.0000 0.0216 0.1143 0.0811 0.0176 
220      220   (0)      5 :  0.1429 0.0000 0.0227 0.0097 0.0100 0.0014 0.5091 0.0500 0.2542 0.0000 
221      221   (0)      5 :  0.6629 0.0000 0.1113 0.0000 0.0013 0.0000 0.0405 0.0288 0.1552 0.0000 
222      222   (0)      6 :  0.7795 0.0000 0.0312 0.0000 0.0403 0.0000 0.0554 0.0000 0.0935 0.0000 
223      223   (0)      6 :  0.4811 0.0000 0.1187 0.0000 0.0002 0.0000 0.1850 0.0271 0.1880 0.0000 
224      224   (0)      6 :  0.5615 0.0000 0.0217 0.0000 0.0928 0.0000 0.1693 0.0174 0.1372 0.0000 
225      225   (0)      6 :  0.1854 0.0000 0.0000 0.0201 0.0000 0.0000 0.2868 0.0044 0.5033 0.0000 
226      226   (0)      6 :  0.2632 0.0000 0.0180 0.0050 0.1032 0.0000 0.3763 0.0000 0.2344 0.0000 
227      227   (0)      6 :  0.4627 0.0000 0.0054 0.0000 0.0724 0.0000 0.3062 0.0102 0.1430 0.0000 
228      228   (0)      6 :  0.1846 0.0000 0.1851 0.0222 0.0000 0.0000 0.3496 0.0029 0.2555 0.0000 
229      229   (0)      6 :  0.2898 0.0000 0.0604 0.0000 0.0000 0.0000 0.5289 0.0366 0.0843 0.0000 
230      230   (0)      6 :  0.4653 0.0000 0.0023 0.0000 0.0000 0.0000 0.3587 0.0145 0.1591 0.0000 
231      231   (0)      6 :  0.2141 0.0000 0.0000 0.0337 0.0557 0.0000 0.5126 0.0250 0.1589 0.0000 
232      232   (0)      6 :  0.4540 0.0000 0.0120 0.0126 0.1500 0.0000 0.2285 0.0000 0.1429 0.0000 
233      233   (0)      6 :  0.2309 0.0000 0.0093 0.0006 0.1500 0.0000 0.3074 0.0219 0.2799 0.0000 
234      234   (0)      6 :  0.5326 0.0000 0.0207 0.0113 0.0000 0.0000 0.2960 0.0025 0.1368 0.0000 
235      235   (0)      6 :  0.4930 0.0000 0.0112 0.0181 0.1065 0.0047 0.1578 0.0316 0.1770 0.0000 
236      236   (0)      6 :  0.3612 0.0000 0.1053 0.0044 0.0000 0.0000 0.2414 0.0000 0.2877 0.0000 
237      237   (0)      6 :  0.3988 0.0000 0.0776 0.0000 0.0000 0.0000 0.4051 0.0129 0.1056 0.0000 
238      238   (0)      6 :  0.4340 0.0000 0.1002 0.0000 0.0000 0.0014 0.3025 0.0511 0.1107 0.0000 
239      239   (0)      6 :  0.3407 0.0000 0.1401 0.0048 0.0000 0.0026 0.2390 0.0500 0.2228 0.0000 
240      240   (0)      6 :  0.3099 0.0000 0.0218 0.0154 0.0510 0.0018 0.4220 0.0002 0.1778 0.0000 
241      241   (0)      6 :  0.4064 0.0000 0.0213 0.0015 0.0000 0.0000 0.3512 0.0009 0.2187 0.0000 
242      242   (0)      6 :  0.5561 0.0000 0.0063 0.0001 0.0000 0.0000 0.1171 0.0144 0.3060 0.0000 
243      243   (0)      6 :  0.2886 0.0000 0.0679 0.0620 0.0371 0.0000 0.3911 0.0075 0.1457 0.0000 
244      244   (0)      6 :  0.2929 0.0000 0.0121 0.0020 0.0332 0.0000 0.1969 0.0134 0.4496 0.0000 
245      245   (0)      6 :  0.3521 0.0000 0.0082 0.0039 0.0000 0.0000 0.5809 0.0172 0.0378 0.0000 
246      246   (0)      6 :  0.9307 0.0000 0.0000 0.0000 0.0000 0.0000 0.0000 0.0000 0.0693 0.0000 
247      247   (0)      6 :  0.2708 0.0000 0.0189 0.0000 0.1500 0.0000 0.3910 0.0000 0.1693 0.0000 
248      248   (0)      6 :  0.4999 0.0000 0.0080 0.0000 0.0000 0.0000 0.4616 0.0000 0.0304 0.0000 
249      249   (0)      7 :  0.5180 0.0000 0.0290 0.0000 0.0000 0.0000 0.3376 0.0019 0.1135 0.0000 
250      250   (0)      7 :  0.3640 0.0000 0.0009 0.0000 0.0623 0.0000 0.1965 0.0000 0.3763 0.0000 
251      251   (0)      7 :  0.4066 0.0000 0.0904 0.0000 0.0000 0.0000 0.1893 0.0306 0.2831 0.0000 
252      252   (0)      7 :  0.5390 0.0000 0.0000 0.0000 0.0012 0.0000 0.4114 0.0015 0.0469 0.0000 
253      253   (0)      7 :  0.6944 0.0000 0.0500 0.0000 0.0000 0.0000 0.0643 0.0000 0.1913 0.0000 
254      254   (0)      7 :  0.5081 0.0000 0.0540 0.0089 0.0000 0.0000 0.3047 0.0000 0.1243 0.0000 
255      255   (0)      7 :  0.2359 0.0000 0.0000 0.0012 0.1043 0.0000 0.5014 0.0044 0.1527 0.0000 
256      256   (0)      7 :  0.3183 0.0000 0.0000 0.0000 0.0162 0.0000 0.4046 0.0000 0.2610 0.0000 
257      257   (0)      7 :  0.2410 0.0000 0.0000 0.0000 0.0000 0.0000 0.3161 0.0000 0.4429 0.0000 
258      258   (0)      7 :  0.1745 0.0000 0.0017 0.0000 0.0934 0.0000 0.4100 0.0501 0.2702 0.0000 
259      259   (0)      7 :  0.3846 0.0000 0.0216 0.0000 0.0510 0.0000 0.1905 0.0176 0.3347 0.0000 
260      260   (0)      7 :  0.2690 0.0000 0.0219 0.0000 0.0555 0.0000 0.5494 0.0000 0.1043 0.0000 
261      261   (0)      7 :  0.7089 0.0000 0.0004 0.0023 0.0000 0.0000 0.0481 0.0026 0.2377 0.0000 
262      262   (0)      7 :  0.5606 0.0000 0.0000 0.0000 0.0000 0.0000 0.3247 0.0278 0.0869 0.0000 
263      263   (0)      7 :  0.4463 0.0000 0.0414 0.0059 0.0003 0.0000 0.4478 0.0017 0.0565 0.0000 
264      264   (0)      7 :  0.3011 0.0000 0.0000 0.0066 0.0376 0.0000 0.5401 0.0000 0.1145 0.0000 
265      265   (0)      7 :  0.6873 0.0000 0.0333 0.0000 0.0000 0.0002 0.0733 0.0168 0.1891 0.0000 
266      266   (0)      7 :  0.6572 0.0000 0.0442 0.0092 0.0694 0.0000 0.0484 0.0000 0.1716 0.0000 
267      267   (0)      7 :  0.8056 0.0000 0.0500 0.0177 0.0000 0.0028 0.0076 0.0530 0.0634 0.0000 
268      268   (0)      7 :  0.5408 0.0000 0.0171 0.0000 0.0000 0.0000 0.1424 0.0022 0.2975 0.0000 
269      269   (0)      7 :  0.6219 0.0000 0.1303 0.0112 0.0000 0.0000 0.1252 0.0159 0.0955 0.0000 
270      270   (0)      7 :  0.4165 0.0000 0.0000 0.0156 0.0000 0.0000 0.2496 0.0020 0.3163 0.0000 
271      271   (0)      7 :  0.4830 0.0000 0.0068 0.0000 0.0000 0.0000 0.2403 0.0265 0.2433 0.0000 
272      272   (0)      7 :  0.8586 0.0000 0.0000 0.0000 0.0000 0.0000 0.0358 0.0230 0.0826 0.0000 
273      273   (0)      7 :  0.4004 0.0000 0.0615 0.0000 0.0667 0.0000 0.2506 0.0321 0.1887 0.0000 
274      274   (0)      7 :  0.4159 0.0000 0.0554 0.0038 0.1500 0.0000 0.2585 0.0003 0.1162 0.0000 
275      275   (0)      7 :  0.6605 0.0000 0.0500 0.0008 0.0000 0.0066 0.1614 0.0422 0.0784 0.0000 
276      276   (0)      7 :  0.5630 0.0000 0.0028 0.0013 0.0612 0.0000 0.1408 0.0000 0.2308 0.0000 
277      277   (0)      7 :  0.4385 0.0000 0.0021 0.0000 0.0479 0.0000 0.2454 0.0000 0.2661 0.0000 
278      278   (0)      7 :  0.7171 0.0000 0.0000 0.0041 0.0488 0.0000 0.1156 0.0000 0.1144 0.0000 
279      279   (0)      8 :  0.4008 0.0000 0.0479 0.0000 0.0000 0.0000 0.2073 0.0000 0.3440 0.0000 
280      280   (0)      8 :  0.6150 0.0000 0.0136 0.0000 0.0000 0.0000 0.1573 0.0017 0.2124 0.0000 
281      281   (0)      8 :  0.6323 0.0000 0.1680 0.0000 0.0000 0.0000 0.0528 0.0000 0.1468 0.0000 
282      282   (0)      8 :  0.2839 0.0000 0.0599 0.0000 0.0368 0.0000 0.3849 0.0000 0.2345 0.0000 
283      283   (0)      8 :  0.3815 0.0000 0.0106 0.0100 0.0253 0.0047 0.3011 0.0211 0.2458 0.0000 
284      284   (0)      8 :  0.7088 0.0000 0.0085 0.0000 0.1005 0.0000 0.0531 0.0000 0.1292 0.0000 
285      285   (0)      8 :  0.4520 0.0000 0.0251 0.0000 0.0874 0.0000 0.2541 0.0000 0.1815 0.0000 
286      286   (0)      8 :  0.5109 0.0000 0.0000 0.0037 0.0236 0.0000 0.1337 0.0000 0.3282 0.0000 
287      287   (0)      8 :  0.3760 0.0000 0.0602 0.0000 0.0224 0.0000 0.4042 0.0026 0.1347 0.0000 
288      288   (0)      8 :  0.3865 0.0000 0.1500 0.0338 0.0000 0.0000 0.2596 0.0000 0.1702 0.0000 
289      289   (0)      8 :  0.3121 0.0000 0.0041 0.0069 0.0000 0.0045 0.5713 0.0000 0.1012 0.0000 
290      290   (0)      5 :  0.5435 0.0000 0.1568 0.0029 0.0000 0.0013 0.1516 0.0000 0.1439 0.0000 
291      291   (0)      5 :  0.2633 0.0000 0.0000 0.0000 0.0000 0.0000 0.3752 0.0000 0.3615 0.0000 
292      292   (0)      5 :  0.6675 0.0000 0.0539 0.0007 0.0657 0.0000 0.0995 0.0000 0.1127 0.0000 
293      293   (0)      5 :  0.7044 0.0000 0.0615 0.0005 0.0203 0.0000 0.0986 0.0162 0.0985 0.0000 
294      294   (0)      5 :  0.5592 0.0000 0.0974 0.0067 0.0000 0.0000 0.2635 0.0087 0.0645 0.0000 
295      295   (0)      5 :  0.3792 0.0000 0.0085 0.0000 0.0353 0.0000 0.3092 0.0389 0.2287 0.0000 
296      296   (0)      5 :  0.4477 0.0000 0.0349 0.0247 0.0000 0.0066 0.2031 0.0009 0.2822 0.0000 
297      297   (0)      5 :  0.1794 0.0000 0.0114 0.0264 0.0000 0.0108 0.5859 0.0042 0.1819 0.0000 
298      298   (0)      5 :  0.4779 0.0000 0.0000 0.0000 0.0795 0.0000 0.1913 0.0000 0.2513 0.0000 
299      299   (0)      5 :  0.3973 0.0000 0.0000 0.0047 0.0000 0.0000 0.2603 0.0000 0.3376 0.0000 
300      300   (0)      5 :  0.4840 0.0000 0.0492 0.0005 0.0000 0.0000 0.2526 0.0194 0.1942 0.0000 
301      301   (0)      5 :  0.1959 0.0000 0.0097 0.0032 0.0000 0.0000 0.2626 0.0000 0.5286 0.0000 
302      302   (0)      5 :  0.5533 0.0000 0.0174 0.0000 0.0367 0.0000 0.2402 0.0000 0.1524 0.0000 
303      303   (0)      5 :  0.3687 0.0000 0.0324 0.0000 0.0000 0.0000 0.4481 0.0000 0.1509 0.0000 
304      304   (0)      5 :  0.4925 0.0000 0.0136 0.0008 0.0037 0.0000 0.4168 0.0241 0.0485 0.0000 
305      305   (0)      5 :  0.4023 0.0000 0.0966 0.0010 0.0000 0.0011 0.3167 0.0001 0.1821 0.0000 
306      306   (0)      5 :  0.2467 0.0000 0.0089 0.0000 0.1500 0.0000 0.3053 0.0000 0.2890 0.0000 
307      307   (0)      5 :  0.2388 0.0000 0.0060 0.0496 0.0705 0.0000 0.3685 0.0000 0.2665 0.0000 
308      308   (0)      5 :  0.3635 0.0000 0.0772 0.0132 0.0000 0.0000 0.2691 0.0228 0.2542 0.0000 
309      309   (0)      5 :  0.7356 0.0000 0.0036 0.0017 0.0233 0.0000 0.1640 0.0333 0.0386 0.0000 
310      310   (0)      5 :  0.1565 0.0000 0.0000 0.0059 0.0000 0.0000 0.3456 0.0000 0.4919 0.0000 
311      311   (0)      5 :  0.3266 0.0000 0.1085 0.0022 0.0000 0.0000 0.3238 0.0227 0.2162 0.0000 
312      312   (0)      5 :  0.4450 0.0000 0.0229 0.0086 0.0369 0.0000 0.1868 0.0236 0.2761 0.0000 
313      313   (0)      5 :  0.4216 0.0000 0.0956 0.0032 0.0044 0.0000 0.3782 0.0424 0.0545 0.0000 
314      314   (0)      5 :  0.4439 0.0000 0.0000 0.0067 0.0000 0.0000 0.1908 0.0133 0.3453 0.0000 
315      315   (0)      5 :  0.4148 0.0000 0.0544 0.0005 0.0564 0.0000 0.1955 0.0026 0.2757 0.0000 
316      316   (0)      5 :  0.4118 0.0000 0.0084 0.0000 0.0000 0.0000 0.4410 0.0500 0.0887 0.0000 
317      317   (0)      5 :  0.7483 0.0000 0.0180 0.0000 0.0001 0.0000 0.0435 0.0149 0.1752 0.0000 
318      318   (0)      8 :  0.6414 0.0000 0.0100 0.0000 0.0000 0.0009 0.0882 0.0169 0.2427 0.0000 
319      319   (0)      8 :  0.6100 0.0000 0.0311 0.0000 0.0000 0.0000 0.1045 0.0012 0.2532 0.0000 
320      320   (0)      9 :  0.5664 0.0000 0.0012 0.0000 0.0000 0.0000 0.1018 0.0000 0.3306 0.0000 
321      321   (0)      9 :  0.4963 0.0000 0.0063 0.0000 0.0279 0.0142 0.1561 0.0067 0.2926 0.0000 
322      322   (0)      9 :  0.5772 0.0000 0.0339 0.0000 0.0000 0.0000 0.2192 0.0319 0.1378 0.0000 
323      323   (0)      9 :  0.4577 0.0000 0.0661 0.0036 0.0000 0.0000 0.3495 0.0182 0.1048 0.0000 
324      324   (0)      9 :  0.3856 0.0000 0.0000 0.0000 0.0000 0.0000 0.2904 0.0002 0.3239 0.0000 
325      325   (0)      8 :  0.3658 0.0000 0.0000 0.0000 0.0000 0.0000 0.6011 0.0000 0.0331 0.0000 
326      326   (0)      8 :  0.4918 0.0000 0.0000 0.0000 0.0858 0.0000 0.1457 0.0011 0.2757 0.0000 
327      327   (0)      8 :  0.5665 0.0000 0.0000 0.0000 0.0000 0.0000 0.2468 0.0035 0.1833 0.0000 
328      328   (0)      8 :  0.7688 0.0000 0.0000 0.0000 0.0000 0.0000 0.1179 0.0000 0.1133 0.0000 
329      329   (0)      8 :  0.5035 0.0000 0.0000 0.0000 0.0000 0.0000 0.3348 0.0000 0.1617 0.0000 
330      330   (0)      9 :  0.4580 0.0000 0.0008 0.0070 0.0000 0.0000 0.1606 0.0038 0.3698 0.0000 
331      331   (0)      9 :  0.6961 0.0000 0.0496 0.0000 0.0243 0.0000 0.0535 0.0000 0.1765 0.0000 
332      332   (0)      9 :  0.3159 0.0000 0.0035 0.0000 0.0474 0.0000 0.2148 0.0078 0.4107 0.0000 
333      333   (0)      9 :  0.5451 0.0000 0.0251 0.0000 0.0000 0.0000 0.3621 0.0000 0.0677 0.0000 
334      334   (0)      9 :  0.6184 0.0000 0.0284 0.0000 0.0000 0.0000 0.2338 0.0500 0.0693 0.0000 
335      335   (0)      9 :  0.3039 0.0000 0.0945 0.0000 0.0004 0.0000 0.5293 0.0000 0.0719 0.0000 
336      336   (0)      8 :  0.3749 0.0000 0.0042 0.0000 0.0724 0.0000 0.2842 0.0000 0.2644 0.0000 
337      337   (0)      8 :  0.3027 0.0000 0.0317 0.0000 0.0000 0.0000 0.2651 0.0000 0.4005 0.0000 
338      338   (0)      8 :  0.2204 0.0000 0.0258 0.0001 0.0667 0.0000 0.4808 0.0074 0.1988 0.0000 
339      339   (0)      8 :  0.2653 0.0000 0.0219 0.0000 0.0200 0.0000 0.4089 0.0125 0.2713 0.0000 
340      340   (0)      8 :  0.4028 0.0000 0.0828 0.0000 0.0000 0.0000 0.1449 0.0000 0.3695 0.0000 
341      341   (0)      8 :  0.4143 0.0000 0.0014 0.0501 0.0343 0.0001 0.1857 0.0018 0.3122 0.0000 
342      342   (0)      8 :  0.2236 0.0000 0.0643 0.0000 0.0000 0.0000 0.3547 0.0074 0.3501 0.0000 
343      343   (0)      9 :  0.2273 0.0000 0.0108 0.0000 0.0529 0.0000 0.5996 0.0002 0.1091 0.0000 
344      344   (0)      9 :  0.4487 0.0000 0.0202 0.0000 0.0336 0.0000 0.3401 0.0000 0.1574 0.0000 
345      345   (0)      9 :  0.5214 0.0000 0.0000 0.0000 0.0000 0.0000 0.1592 0.0000 0.3194 0.0000 
346      346   (0)      9 :  0.4144 0.0000 0.0000 0.0104 0.0777 0.0000 0.2684 0.0032 0.2259 0.0000 
347      347   (0)      9 :  0.6851 0.0000 0.0127 0.0097 0.0000 0.0000 0.2126 0.0000 0.0799 0.0000 
348      348   (0)      9 :  0.4686 0.0000 0.0136 0.0059 0.1500 0.0000 0.1316 0.0168 0.2134 0.0000 
349      349   (0)      9 :  0.2725 0.0001 0.0160 0.0424 0.0884 0.0000 0.3335 0.0000 0.2471 0.0000 
350      350   (0)      9 :  0.3392 0.0000 0.0184 0.0016 0.1500 0.0000 0.3710 0.0151 0.1046 0.0000 
351      351   (0)      9 :  0.4636 0.0000 0.0963 0.0256 0.0000 0.0000 0.2198 0.0244 0.1703 0.0000 
352      352   (0)      9 :  0.2977 0.0000 0.0165 0.0135 0.0000 0.0000 0.5024 0.0314 0.1385 0.0000 
353      353   (0)      9 :  0.3667 0.0000 0.0645 0.0203 0.0619 0.0000 0.2552 0.0176 0.2137 0.0000 
354      354   (0)      9 :  0.3864 0.0000 0.0000 0.0000 0.0000 0.0000 0.3908 0.0074 0.2154 0.0000 
355      355   (0)      9 :  0.5658 0.0000 0.0055 0.0000 0.0000 0.0000 0.2367 0.0010 0.1911 0.0000 
356      356   (0)      9 :  0.2710 0.0000 0.0016 0.0067 0.0000 0.0000 0.4946 0.0030 0.2232 0.0000 
357      357   (0)      9 :  0.3967 0.0000 0.0077 0.0000 0.0000 0.0004 0.2683 0.0261 0.3008 0.0000 
358      358   (0)      9 :  0.3180 0.0000 0.0000 0.0193 0.0000 0.0000 0.2375 0.0239 0.4013 0.0000 
359      359   (0)      9 :  0.2389 0.0000 0.0483 0.0071 0.0000 0.0000 0.4674 0.0500 0.1882 0.0000 
360      360   (0)      9 :  0.3396 0.0000 0.0602 0.0000 0.0268 0.0000 0.3339 0.0113 0.2282 0.0000 
361      361   (0)      9 :  0.2327 0.0000 0.0120 0.0000 0.0566 0.0000 0.4835 0.0520 0.1632 0.0000 
362      362   (0)     10 :  0.4808 0.0000 0.0009 0.0000 0.0000 0.0000 0.1555 0.0000 0.3627 0.0000 
363      363   (0)     10 :  0.6518 0.0000 0.0019 0.0000 0.0703 0.0000 0.1404 0.0017 0.1339 0.0000 
364      364   (0)     10 :  0.5849 0.0000 0.0147 0.0000 0.0503 0.0000 0.1511 0.0031 0.1958 0.0000 
365      365   (0)     10 :  0.8672 0.0000 0.0066 0.0000 0.0000 0.0056 0.0618 0.0264 0.0323 0.0000 
366      366   (0)     10 :  0.4337 0.0000 0.0000 0.0000 0.0001 0.0010 0.4712 0.0500 0.0440 0.0000 
367      367   (0)     10 :  0.6234 0.0000 0.0000 0.0156 0.0000 0.0000 0.1160 0.0027 0.2423 0.0000 
368      368   (0)     10 :  0.4550 0.0000 0.0331 0.0000 0.0000 0.0000 0.4186 0.0500 0.0433 0.0000 
369      369   (0)     10 :  0.3126 0.0000 0.0000 0.0000 0.1013 0.0000 0.5120 0.0186 0.0556 0.0000 
370      370   (0)     10 :  0.2976 0.0000 0.1722 0.0397 0.0000 0.0007 0.3450 0.0000 0.1448 0.0000 
371      371   (0)     10 :  0.4575 0.0000 0.0000 0.0078 0.0000 0.0000 0.4692 0.0138 0.0518 0.0000 
372      372   (0)     10 :  0.4652 0.0000 0.0144 0.0022 0.1135 0.0000 0.2472 0.0079 0.1496 0.0000 
373      373   (0)     10 :  0.4790 0.0000 0.0110 0.0000 0.0000 0.0000 0.1695 0.0003 0.3402 0.0000 
374      374   (0)     10 :  0.4261 0.0000 0.0000 0.0004 0.0000 0.0000 0.2455 0.0004 0.3277 0.0000 
375      375   (0)     10 :  0.6261 0.0000 0.0000 0.0000 0.0000 0.0000 0.1654 0.0021 0.2065 0.0000 
376      376   (0)     10 :  0.5224 0.0000 0.0138 0.0000 0.0000 0.0000 0.1063 0.0000 0.3575 0.0000 
377      377   (0)     10 :  0.5023 0.0000 0.0464 0.0091 0.0562 0.0000 0.1928 0.0000 0.1932 0.0000 
378      378   (0)     10 :  0.3557 0.0015 0.0000 0.0000 0.1506 0.0000 0.2711 0.0000 0.2210 0.0000 
379      379   (0)     10 :  0.4693 0.0000 0.0481 0.0433 0.0000 0.0011 0.2271 0.0234 0.1876 0.0000 
380      380   (0)     10 :  0.2464 0.0000 0.0000 0.0014 0.0000 0.0000 0.6685 0.0500 0.0338 0.0000 
381      381   (0)     10 :  0.5045 0.0000 0.0000 0.0033 0.0543 0.0000 0.1154 0.0076 0.3149 0.0000 
382      382   (0)     10 :  0.4061 0.0000 0.0000 0.0000 0.0000 0.0000 0.3631 0.0286 0.2022 0.0000 
383      383   (0)     10 :  0.1396 0.0000 0.0466 0.0359 0.0000 0.0000 0.4570 0.0169 0.3040 0.0000 
384      384   (0)     10 :  0.6269 0.0000 0.0000 0.0000 0.1500 0.0022 0.0826 0.0000 0.1383 0.0000 
385      385   (0)     10 :  0.2226 0.0000 0.0000 0.0000 0.0677 0.0000 0.3089 0.0003 0.4005 0.0000 
386      386   (0)     10 :  0.6448 0.0000 0.1895 0.0086 0.0000 0.0000 0.1048 0.0000 0.0522 0.0000 
387      387   (0)     10 :  0.2982 0.0000 0.0000 0.0000 0.0000 0.0048 0.1858 0.0000 0.5111 0.0000 
388      388   (0)     10 :  0.5945 0.0000 0.0264 0.0040 0.0000 0.0000 0.1606 0.0160 0.1985 0.0000 
389      389   (0)     10 :  0.4534 0.0000 0.0184 0.0000 0.0553 0.0000 0.2419 0.0113 0.2198 0.0000 
390      390   (0)      8 :  0.6239 0.0000 0.0580 0.0287 0.0000 0.0000 0.1156 0.0436 0.1303 0.0000 
391      391   (0)      8 :  0.4407 0.0000 0.0994 0.0000 0.0000 0.0025 0.2771 0.0000 0.1802 0.0000 
392      392   (0)      8 :  0.1928 0.0000 0.0449 0.0074 0.0600 0.0000 0.6193 0.0011 0.0746 0.0000 
393      393   (0)     11 :  0.2908 0.0000 0.0002 0.0021 0.0000 0.0000 0.6694 0.0000 0.0376 0.0000 
394      394   (0)     11 :  0.2023 0.0000 0.0005 0.0000 0.0000 0.0000 0.4770 0.0017 0.3184 0.0000 
395      395   (0)     11 :  0.3176 0.0000 0.0935 0.0034 0.0064 0.0000 0.4913 0.0264 0.0532 0.0082 
396      396   (0)     11 :  0.2628 0.0000 0.0000 0.0229 0.0135 0.0000 0.5537 0.0036 0.1150 0.0285 
397      397   (0)     11 :  0.3172 0.0000 0.0284 0.0000 0.0608 0.0033 0.2288 0.0028 0.3586 0.0000 
398      398   (0)     11 :  0.7827 0.0000 0.0744 0.0000 0.0000 0.0000 0.0945 0.0323 0.0160 0.0000 
399      399   (0)     11 :  0.5082 0.0000 0.0142 0.0000 0.0003 0.0000 0.3635 0.0000 0.1139 0.0000 
400      400   (0)     11 :  0.2826 0.0000 0.0301 0.0011 0.0596 0.0035 0.2522 0.0247 0.3462 0.0000 
401      401   (0)     11 :  0.2359 0.0000 0.0000 0.0000 0.0000 0.0000 0.5937 0.0297 0.1346 0.0062 
402      402   (0)     11 :  0.3701 0.0000 0.0000 0.0000 0.0467 0.0000 0.4204 0.0068 0.1560 0.0000 
403      403   (0)     11 :  0.2639 0.0000 0.0911 0.0000 0.0616 0.0000 0.3130 0.0187 0.2516 0.0000 
404      404   (0)     11 :  0.4431 0.0000 0.0005 0.0092 0.0000 0.0000 0.3302 0.0212 0.1957 0.0000 
405      405   (0)     11 :  0.2580 0.0000 0.1576 0.0702 0.0015 0.0000 0.3641 0.0338 0.1125 0.0022 
406      406   (0)     11 :  0.6810 0.0000 0.0098 0.0000 0.0000 0.0000 0.1561 0.0500 0.1029 0.0003 
407      407   (0)     11 :  0.2948 0.0000 0.0660 0.0000 0.0702 0.0000 0.4489 0.0000 0.1201 0.0000 
408      408   (0)     11 :  0.4433 0.0000 0.1701 0.0040 0.0000 0.0000 0.3009 0.0000 0.0816 0.0000 
409      409   (0)     11 :  0.3502 0.0005 0.0291 0.0070 0.0002 0.0043 0.4526 0.0166 0.1393 0.0001 
410      410   (0)     11 :  0.5004 0.0002 0.0349 0.0000 0.0000 0.0000 0.3391 0.0027 0.1227 0.0000 
411      411   (0)     11 :  0.6810 0.0000 0.0911 0.0000 0.0000 0.0000 0.0640 0.0000 0.1639 0.0000 
412      412   (0)     11 :  0.3369 0.0000 0.0746 0.0000 0.0089 0.0000 0.2474 0.0158 0.3163 0.0000 
413      413   (0)     11 :  0.5726 0.0000 0.0121 0.0317 0.0013 0.0000 0.0771 0.0044 0.3008 0.0000 
414      414   (0)     11 :  0.3790 0.0000 0.0052 0.0000 0.0000 0.0000 0.4071 0.0000 0.2087 0.0000 
415      415   (0)     11 :  0.5050 0.0000 0.1259 0.0000 0.0000 0.0000 0.2330 0.0000 0.1361 0.0000 
416      416   (0)     11 :  0.6520 0.0000 0.0300 0.0090 0.0280 0.0000 0.1544 0.0300 0.0965 0.0000 
417      417   (0)     11 :  0.2672 0.0000 0.0623 0.0000 0.0000 0.0000 0.3140 0.0011 0.3554 0.0000 
418      418   (0)     11 :  0.2856 0.0000 0.0000 0.0236 0.0190 0.0000 0.4773 0.0082 0.1781 0.0082 
419      419   (0)     11 :  0.2110 0.0000 0.0649 0.0049 0.0851 0.0000 0.5841 0.0000 0.0500 0.0000 
420      420   (0)     11 :  0.2703 0.0000 0.0759 0.0000 0.0000 0.0000 0.5724 0.0000 0.0814 0.0000 
421      421   (0)     11 :  0.2006 0.0000 0.0976 0.0000 0.0578 0.0012 0.5810 0.0000 0.0618 0.0000 
422      422   (0)     11 :  0.2066 0.0000 0.0000 0.0046 0.0779 0.0000 0.2656 0.0035 0.4417 0.0000 
423      423   (0)     12 :  0.0000 0.0008 0.0010 0.0000 0.0404 0.0000 0.0000 0.0034 0.0011 0.9532 
424      424   (0)     12 :  0.1014 0.0000 0.0665 0.7848 0.0368 0.0000 0.0000 0.0052 0.0052 0.0000 
425      425   (0)     12 :  0.0000 0.0050 0.0008 0.0000 0.1380 0.0000 0.0000 0.0000 0.0018 0.8545 
426      426   (0)     12 :  0.0140 0.0000 0.2600 0.6879 0.0000 0.0000 0.0047 0.0000 0.0333 0.0000 
427      427   (0)     12 :  0.0000 0.0127 0.0000 0.0000 0.1350 0.0000 0.0028 0.0028 0.0254 0.8213 
428      428   (0)     12 :  0.0000 0.0069 0.0064 0.0168 0.2478 0.0000 0.0000 0.0471 0.0077 0.6674 
429      429   (0)     12 :  0.0000 0.0000 0.6000 0.3638 0.0000 0.0362 0.0000 0.0000 0.0000 0.0000 
430      430   (0)     12 :  0.0000 0.0053 0.0042 0.0000 0.2216 0.0000 0.0000 0.0141 0.0026 0.7522 
431      431   (0)     12 :  0.0000 0.0072 0.0052 0.0000 0.1465 0.0040 0.0002 0.0049 0.0319 0.8002 
432      432   (0)     12 :  0.0074 0.0000 0.0259 0.9038 0.0000 0.0000 0.0458 0.0129 0.0042 0.0000 
433      433   (0)     12 :  0.0000 0.0000 0.0081 0.0065 0.2593 0.0000 0.0000 0.0006 0.0000 0.7255 
434      434   (0)     12 :  0.0000 0.0000 0.0000 0.0000 0.1913 0.0000 0.0014 0.0010 0.0007 0.8056 
435      435   (0)     12 :  0.0000 0.0075 0.0033 0.0053 0.2474 0.0021 0.0000 0.0269 0.0073 0.7002 
436      436   (0)     12 :  0.0000 0.0025 0.0063 0.0000 0.1881 0.0023 0.0034 0.0104 0.0304 0.7567 
437      437   (0)     12 :  0.0000 0.0009 0.0147 0.0131 0.2836 0.0000 0.0000 0.0000 0.0000 0.6877 
438      438   (0)     12 :  0.0000 0.0000 0.0044 0.0000 0.2321 0.0000 0.0000 0.0038 0.0005 0.7593 
439      439   (0)     12 :  0.0387 0.0000 0.0001 0.9390 0.0000 0.0000 0.0062 0.0000 0.0161 0.0000 
440      440   (0)     12 :  0.0110 0.0000 0.0471 0.9274 0.0000 0.0000 0.0145 0.0000 0.0000 0.0000 
441      441   (0)     12 :  0.0000 0.0036 0.0017 0.0000 0.2691 0.0000 0.0000 0.0013 0.0000 0.7244 
442      442   (0)     12 :  0.0000 0.0000 0.3212 0.6645 0.0000 0.0143 0.0000 0.0000 0.0000 0.0000 
443      443   (0)     12 :  0.0000 0.0109 0.0000 0.0000 0.1463 0.0000 0.0000 0.0067 0.0046 0.8315 
444      444   (0)     12 :  0.0000 0.0066 0.0052 0.0000 0.2535 0.0000 0.0000 0.0000 0.0042 0.7305 
445      445   (0)     12 :  0.0000 0.0207 0.0081 0.0000 0.1097 0.0000 0.0000 0.0018 0.0135 0.8462 
446      446   (0)     12 :  0.0000 0.0003 0.0011 0.0000 0.1462 0.0000 0.0000 0.0002 0.0260 0.8261 
447      447   (0)     12 :  0.0000 0.0000 0.0081 0.0000 0.2774 0.0000 0.0000 0.0095 0.0073 0.6977 
448      448   (0)     12 :  0.0000 0.0008 0.0012 0.0000 0.1440 0.0000 0.0000 0.0000 0.0116 0.8424 
449      449   (0)     12 :  0.0000 0.0000 0.0010 0.0000 0.2926 0.0000 0.0000 0.0014 0.0041 0.7009 
450      450   (0)     12 :  0.0000 0.0002 0.0035 0.0000 0.1982 0.0000 0.0000 0.0035 0.0239 0.7707 
451      451   (0)     12 :  0.0000 0.0084 0.0043 0.0000 0.1638 0.0000 0.0030 0.0408 0.0000 0.7798 
452      452   (0)     12 :  0.0000 0.0002 0.0063 0.0002 0.1133 0.0000 0.0000 0.0218 0.0207 0.8373 
453      453   (0)     13 :  0.0000 0.0000 0.0000 0.0000 0.1651 0.0000 0.0000 0.0041 0.0067 0.8241 
454      454   (0)     13 :  0.0000 0.0014 0.0012 0.0000 0.2302 0.0062 0.0000 0.0016 0.0001 0.7592 
455      455   (0)     13 :  0.0000 0.0006 0.0000 0.0000 0.1898 0.0000 0.0000 0.0000 0.0000 0.8096 
456      456   (0)     13 :  0.0437 0.0000 0.0394 0.9088 0.0000 0.0000 0.0000 0.0000 0.0082 0.0000 
457      457   (0)     13 :  0.0000 0.0137 0.0068 0.0008 0.2321 0.0000 0.0000 0.0203 0.0349 0.6913 
458      458   (0)     13 :  0.0000 0.0000 0.0000 0.0000 0.2507 0.0000 0.0000 0.0032 0.0027 0.7434 
459      459   (0)     13 :  0.0000 0.0000 0.0013 0.0000 0.2980 0.0000 0.0000 0.0016 0.0005 0.6986 
460      460   (0)     13 :  0.0000 0.0008 0.0000 0.0000 0.1308 0.0000 0.0000 0.0000 0.0208 0.8476 
461      461   (0)     13 :  0.0000 0.0000 0.0000 0.0000 0.1484 0.0000 0.0009 0.0007 0.0511 0.7989 
462      462   (0)     13 :  0.0000 0.0158 0.0000 0.0000 0.1784 0.0005 0.0000 0.0139 0.0102 0.7812 
463      463   (0)     13 :  0.0000 0.0122 0.0050 0.0000 0.2633 0.0000 0.0015 0.0039 0.0272 0.6869 
464      464   (0)     13 :  0.0000 0.7607 0.0000 0.0000 0.0554 0.0071 0.0000 0.0517 0.1192 0.0060 
465      465   (0)     13 :  0.0000 0.0000 0.0023 0.0060 0.3110 0.0016 0.0000 0.0036 0.0033 0.6722 
466      466   (0)     13 :  0.0000 0.0000 0.0014 0.0000 0.1681 0.0028 0.0019 0.0020 0.0187 0.8051 
467      467   (0)     13 :  0.0000 0.0090 0.0032 0.0000 0.1256 0.0012 0.0000 0.0151 0.0350 0.8109 
468      468   (0)     13 :  0.0007 0.5022 0.0104 0.0000 0.0738 0.0000 0.0515 0.2729 0.0417 0.0468 
469      469   (0)     13 :  0.0000 0.6616 0.0049 0.0000 0.1144 0.0000 0.0703 0.1396 0.0093 0.0000 
470      470   (0)     13 :  0.0000 0.0057 0.0066 0.0000 0.2354 0.0000 0.0000 0.0104 0.0044 0.7374 
471      471   (0)     13 :  0.0020 0.0020 0.0121 0.0000 0.2232 0.0000 0.0102 0.0053 0.0188 0.7265 
472      472   (0)     13 :  0.0000 0.0000 0.0080 0.0000 0.2596 0.0002 0.0000 0.0043 0.0017 0.7263 
473      473   (0)     13 :  0.0236 0.0000 0.0467 0.7862 0.0146 0.0000 0.0676 0.0078 0.0166 0.0368 
474      474   (0)     13 :  0.0000 0.0068 0.0000 0.0000 0.1338 0.0000 0.0000 0.0002 0.0028 0.8564 
475      475   (0)     13 :  0.0000 0.0000 0.0000 0.0000 0.1747 0.0000 0.0000 0.0067 0.0035 0.8151 
476      476   (0)     13 :  0.0227 0.0000 0.0383 0.9244 0.0000 0.0000 0.0000 0.0060 0.0086 0.0000 
477      477   (0)     13 :  0.0000 0.0165 0.0101 0.0091 0.2535 0.0000 0.0000 0.0026 0.0118 0.6964 
478      478   (0)     13 :  0.0000 0.0048 0.0076 0.0039 0.1501 0.0165 0.0000 0.0008 0.0021 0.8142 
479      479   (0)     13 :  0.0000 0.0071 0.0011 0.0000 0.2510 0.0000 0.0000 0.0078 0.0022 0.7308 
480      480   (0)     13 :  0.0087 0.0000 0.0658 0.8886 0.0188 0.0000 0.0079 0.0000 0.0102 0.0000 
481      481   (0)     13 :  0.0000 0.3182 0.1057 0.0000 0.0872 0.0096 0.0106 0.3778 0.0368 0.0541 
482      482   (0)     13 :  0.0000 0.0039 0.0000 0.0000 0.1198 0.0000 0.0024 0.0244 0.0518 0.7977 
483      483   (0)     14 :  0.0000 0.0000 0.0019 0.0000 0.2343 0.0000 0.0017 0.0002 0.0015 0.7605 
484      484   (0)     14 :  0.0000 0.0013 0.0051 0.0000 0.2351 0.0000 0.0016 0.0083 0.0008 0.7479 
485      485   (0)     15 :  0.0000 0.0046 0.0000 0.0000 0.2113 0.0000 0.0032 0.0005 0.0104 0.7701 
486      486   (0)     15 :  0.0000 0.0000 0.0020 0.0000 0.2916 0.0000 0.0000 0.0057 0.0038 0.6969 
487      487   (0)     15 :  0.0000 0.0000 0.0033 0.0000 0.2752 0.0011 0.0000 0.0092 0.0050 0.7061 
488      488   (0)     15 :  0.0000 0.0000 0.0043 0.0000 0.1015 0.0011 0.0000 0.0013 0.0265 0.8652 
489      489   (0)     15 :  0.0277 0.0000 0.0002 0.9185 0.0000 0.0000 0.0536 0.0000 0.0000 0.0000 
490      490   (0)     15 :  0.0135 0.0000 0.0542 0.9267 0.0000 0.0000 0.0000 0.0000 0.0055 0.0000 
491      491   (0)     15 :  0.0000 0.0049 0.0015 0.0000 0.1861 0.0000 0.0000 0.0053 0.0202 0.7819 
492      492   (0)     15 :  0.0288 0.0000 0.0054 0.9576 0.0000 0.0000 0.0033 0.0000 0.0049 0.0000 
493      493   (0)     15 :  0.0000 0.0147 0.0002 0.0000 0.1907 0.0147 0.0000 0.0009 0.0000 0.7789 
494      494   (0)     15 :  0.0000 0.0002 0.0030 0.0000 0.1864 0.0000 0.0000 0.0094 0.0057 0.7953 
495      495   (0)     15 :  0.0000 0.0002 0.0059 0.0000 0.3249 0.0014 0.0000 0.0026 0.0020 0.6630 
496      496   (0)     15 :  0.0000 0.0033 0.0000 0.0000 0.1594 0.0037 0.0000 0.0000 0.0047 0.8290 
497      497   (0)     15 :  0.0000 0.0061 0.0000 0.0000 0.2332 0.0000 0.0000 0.0053 0.0262 0.7293 
498      498   (0)     15 :  0.0000 0.0032 0.0108 0.0000 0.2603 0.0000 0.0000 0.0224 0.0046 0.6987 
499      499   (0)     15 :  0.0000 0.0106 0.0026 0.0000 0.2150 0.0000 0.0024 0.0076 0.0000 0.7618 
500      500   (0)     15 :  0.0000 0.0002 0.0000 0.0000 0.2777 0.0000 0.0028 0.0045 0.0131 0.7018 
501      501   (0)     15 :  0.0000 0.0052 0.0067 0.0051 0.2465 0.0008 0.0030 0.0080 0.0199 0.7049 
502      502   (0)     15 :  0.0000 0.0026 0.0031 0.0000 0.2923 0.0000 0.0000 0.0051 0.0022 0.6946 
503      503   (0)     15 :  0.0000 0.0000 0.0010 0.0000 0.1939 0.0000 0.0000 0.0052 0.0535 0.7464 
504      504   (0)     15 :  0.0000 0.0006 0.0009 0.0000 0.3006 0.0000 0.0015 0.0022 0.0009 0.6933 
505      505   (0)     15 :  0.0000 0.0052 0.0050 0.0000 0.3340 0.0002 0.0000 0.0132 0.0046 0.6378 
506      506   (0)     15 :  0.0000 0.0066 0.0021 0.0000 0.1852 0.0000 0.0000 0.0000 0.0000 0.8061 
507      507   (0)     15 :  0.0000 0.0065 0.0000 0.0000 0.2850 0.0000 0.0000 0.0047 0.0144 0.6894 
508      508   (0)     15 :  0.0000 0.0010 0.0039 0.0003 0.3400 0.0000 0.0000 0.0142 0.0033 0.6372 
509      509   (0)     15 :  0.0084 0.0000 0.0252 0.9454 0.0000 0.0000 0.0132 0.0000 0.0078 0.0000 
510      510   (0)     15 :  0.0061 0.0000 0.0281 0.9354 0.0000 0.0000 0.0068 0.0000 0.0238 0.0000 
511      511   (0)     15 :  0.0092 0.0037 0.0072 0.0058 0.2914 0.0074 0.0065 0.0019 0.0012 0.6656 
512      512   (0)     15 :  0.0000 0.0000 0.0064 0.0000 0.0818 0.0000 0.0000 0.0043 0.0201 0.8874 
513      513   (0)     15 :  0.0000 0.0051 0.0068 0.0000 0.2739 0.0000 0.0008 0.0102 0.0025 0.7008 
514      514   (0)     15 :  0.0000 0.0069 0.0065 0.0003 0.1621 0.0000 0.0000 0.0199 0.0346 0.7696 
515      515   (0)     16 :  0.0000 0.5463 0.0008 0.0000 0.1746 0.0008 0.1000 0.1078 0.0541 0.0155 
516      516   (0)     16 :  0.0000 0.0096 0.0041 0.0000 0.2575 0.0040 0.0000 0.0040 0.0028 0.7179 
517      517   (0)     16 :  0.0404 0.0000 0.0596 0.8559 0.0000 0.0000 0.0232 0.0027 0.0183 0.0000 
518      518   (0)     16 :  0.0008 0.0112 0.0000 0.0001 0.1985 0.0158 0.0008 0.0060 0.0073 0.7596 
519      519   (0)     16 :  0.0000 0.0154 0.0000 0.0000 0.1461 0.0000 0.0000 0.0000 0.0050 0.8336 
520      520   (0)     16 :  0.0000 0.0083 0.0001 0.0000 0.1576 0.0000 0.0021 0.0254 0.0079 0.7987 
521      521   (0)     16 :  0.0000 0.0100 0.0071 0.0000 0.2035 0.0000 0.0000 0.0014 0.0097 0.7684 
522      522   (0)     16 :  0.0000 0.0000 0.6000 0.3822 0.0000 0.0178 0.0000 0.0000 0.0000 0.0000 
523      523   (0)     16 :  0.0000 0.0076 0.0034 0.0000 0.0843 0.0000 0.0000 0.0031 0.0025 0.8990 
524      524   (0)     16 :  0.0940 0.0000 0.0574 0.8320 0.0000 0.0000 0.0000 0.0134 0.0031 0.0000 
525      525   (0)     16 :  0.0000 0.0007 0.0013 0.0000 0.1550 0.0000 0.0000 0.0004 0.0092 0.8334 
526      526   (0)     16 :  0.0000 0.0181 0.0038 0.0000 0.1500 0.0006 0.0000 0.0000 0.0047 0.8227 
527      527   (0)     16 :  0.0367 0.0000 0.0699 0.8311 0.0000 0.0000 0.0048 0.0514 0.0061 0.0000 
528      528   (0)     16 :  0.0000 0.0286 0.0000 0.0000 0.0737 0.0000 0.0000 0.0135 0.0598 0.8244 
529      529   (0)     16 :  0.0000 0.0047 0.0102 0.0000 0.1191 0.0000 0.0000 0.0053 0.0541 0.8066 
530      530   (0)     16 :  0.0000 0.0360 0.0109 0.0000 0.1446 0.0000 0.0000 0.0098 0.0572 0.7416 
531      531   (0)     16 :  0.0000 0.0000 0.0000 0.0000 0.1255 0.0000 0.0000 0.0000 0.0249 0.8496 
532      532   (0)     16 :  0.0000 0.0000 0.6000 0.3805 0.0000 0.0195 0.0000 0.0000 0.0000 0.0000 
533      533   (0)     16 :  0.0000 0.0000 0.6000 0.3719 0.0000 0.0281 0.0000 0.0000 0.0000 0.0000 
534      534   (0)     16 :  0.0000 0.0105 0.0057 0.0000 0.0982 0.0000 0.0000 0.0005 0.0021 0.8831 
535      535   (0)     16 :  0.0000 0.0078 0.0000 0.0000 0.1645 0.0000 0.0000 0.0037 0.0004 0.8236 
536      536   (0)     16 :  0.0000 0.0101 0.0064 0.0000 0.1042 0.0000 0.0000 0.0032 0.0447 0.8314 
537      537   (0)     16 :  0.0000 0.0152 0.0000 0.0010 0.1387 0.0000 0.0000 0.0051 0.0005 0.8396 
538      538   (0)     16 :  0.0000 0.0032 0.0000 0.0000 0.1190 0.0000 0.0000 0.0013 0.0035 0.8731 
539      539   (0)     16 :  0.0000 0.0085 0.0074 0.0000 0.1616 0.0000 0.0000 0.0120 0.0000 0.8105 
540      540   (0)     16 :  0.0000 0.0038 0.0020 0.0000 0.1365 0.0000 0.0000 0.0073 0.0500 0.8004 
541      541   (0)     16 :  0.0000 0.0000 0.0000 0.0000 0.0000 0.9632 0.0000 0.0368 0.0000 0.0000 
542      542   (0)     16 :  0.0000 0.0166 0.0087 0.0000 0.1110 0.0000 0.0000 0.0062 0.0039 0.8535 
543      543   (0)     16 :  0.0000 0.0000 0.0000 0.0000 0.1288 0.0000 0.0000 0.0000 0.0169 0.8543 
544      544   (0)     16 :  0.0000 0.0002 0.0000 0.0000 0.1586 0.0000 0.0007 0.0000 0.0189 0.8216 
