  1        1   (0)      1 :  0.0208 0.0000 0.0000 0.7184 0.0202 0.0000 0.0817 0.0798 0.0000 0.0040 0.0282 0.0000 0.0408 0.0000 0.0061 
  2        2   (0)      1 :  0.0000 0.0000 0.0000 0.0026 0.0054 0.0000 0.0071 0.0083 0.0000 0.1000 0.0613 0.0000 0.0035 0.0000 0.8118 
  3        3   (0)      1 :  0.0000 0.0000 0.0000 0.0063 0.0168 0.0000 0.0087 0.0114 0.0000 0.2416 0.1138 0.0000 0.0043 0.0000 0.5971 
  4        4   (0)      1 :  0.0184 0.0000 0.0000 0.3013 0.0499 0.0000 0.3612 0.1421 0.0000 0.0040 0.0422 0.0002 0.0615 0.0078 0.0112 
  5        5   (0)      1 :  0.0345 0.0000 0.0000 0.3488 0.0341 0.0000 0.1932 0.2791 0.0000 0.0142 0.0466 0.0109 0.0280 0.0006 0.0100 
  6        6   (0)      1 :  0.0413 0.0000 0.0000 0.5524 0.0481 0.0000 0.1683 0.0963 0.0000 0.0180 0.0132 0.0022 0.0601 0.0000 0.0001 
  7        7   (0)      1 :  0.0000 0.0000 0.0000 0.0011 0.0010 0.0000 0.0000 0.0016 0.0000 0.0463 0.0842 0.0000 0.0048 0.0000 0.8610 
  8        8   (0)      1 :  0.0000 0.0000 0.0000 0.0071 0.0023 0.0000 0.0000 0.0000 0.0000 0.1357 0.0910 0.0000 0.0031 0.0000 0.7607 
  9        9   (0)      1 :  0.0500 0.0000 0.0000 0.3386 0.0497 0.0000 0.2436 0.2906 0.0000 0.0000 0.0037 0.0150 0.0000 0.0000 0.0087 
 10       10   (0)      1 :  0.0011 0.0000 0.0000 0.0002 0.0027 0.0000 0.0107 0.0106 0.0000 0.2432 0.1321 0.0000 0.0033 0.0000 0.5961 
 11       11   (0)      1 :  0.1000 0.0000 0.0000 0.1942 0.1467 0.0000 0.2648 0.1923 0.0000 0.0040 0.0607 0.0000 0.0351 0.0014 0.0007 
 12       12   (0)      1 :  0.0283 0.0000 0.0000 0.5891 0.0994 0.0000 0.1329 0.0134 0.0000 0.0002 0.0255 0.0000 0.1103 0.0000 0.0008 
 13       13   (0)      1 :  0.0000 0.0000 0.0000 0.1154 0.1180 0.0000 0.1886 0.4470 0.0000 0.0000 0.0363 0.0036 0.0911 0.0000 0.0000 
 14       14   (0)      1 :  0.0701 0.0000 0.0000 0.3612 0.0904 0.0000 0.2073 0.1030 0.0000 0.0500 0.0310 0.0072 0.0795 0.0003 0.0000 
 15       15   (0)      1 :  0.0800 0.0000 0.0000 0.5665 0.0502 0.0000 0.2264 0.0000 0.0000 0.0005 0.0500 0.0000 0.0263 0.0001 0.0000 
 16       16   (0)      1 :  0.0285 0.0007 0.0000 0.3528 0.1009 0.0000 0.2362 0.0946 0.0000 0.0170 0.0616 0.0052 0.0559 0.0000 0.0467 
 17       17   (0)      1 :  0.0770 0.0000 0.0000 0.5663 0.1657 0.0000 0.0397 0.0643 0.0000 0.0003 0.0779 0.0089 0.0000 0.0000 0.0000 
 18       18   (0)      1 :  0.0333 0.0000 0.0000 0.4279 0.0500 0.0000 0.2001 0.1588 0.0000 0.0263 0.0814 0.0000 0.0224 0.0000 0.0000 
 19       19   (0)      1 :  0.0119 0.0000 0.0000 0.3858 0.0101 0.0000 0.3711 0.1053 0.0000 0.0294 0.0420 0.0000 0.0443 0.0000 0.0000 
 20       20   (0)      1 :  0.0395 0.0000 0.0000 0.3512 0.0665 0.0000 0.3242 0.1385 0.0000 0.0000 0.0660 0.0000 0.0131 0.0000 0.0011 
 21       21   (0)      1 :  0.0637 0.0000 0.0000 0.1654 0.0000 0.0000 0.3268 0.2722 0.0000 0.0000 0.0402 0.0000 0.1314 0.0003 0.0000 
 22       22   (0)      1 :  0.0000 0.0000 0.0000 0.0116 0.0566 0.0000 0.0251 0.0000 0.0000 0.3801 0.0700 0.0000 0.0033 0.0000 0.4533 
 23       23   (0)      1 :  0.0500 0.0000 0.0000 0.2991 0.1440 0.0000 0.1316 0.2510 0.0000 0.0290 0.0395 0.0085 0.0474 0.0000 0.0000 
 24       24   (0)      1 :  0.0000 0.0000 0.0000 0.1500 0.4000 0.0000 0.2500 0.0500 0.0000 0.0000 0.0500 0.1000 0.0000 0.0000 0.0000 
 25       25   (0)      1 :  0.0688 0.0000 0.0000 0.4645 0.0208 0.0000 0.1143 0.1335 0.0000 0.0411 0.0689 0.0003 0.0844 0.0000 0.0034 
 26       26   (0)      1 :  0.0211 0.0000 0.0000 0.4951 0.0528 0.0000 0.1562 0.1469 0.0000 0.0000 0.0000 0.0000 0.1280 0.0000 0.0000 
 27       27   (0)      1 :  0.0000 0.9076 0.0616 0.0000 0.0000 0.0158 0.0000 0.0000 0.0150 0.0000 0.0000 0.0000 0.0000 0.0000 0.0000 
 28       28   (0)      1 :  0.0000 0.7614 0.0000 0.0000 0.1390 0.0000 0.0000 0.0000 0.0141 0.0000 0.0500 0.0355 0.0000 0.0000 0.0000 
 29       29   (0)      1 :  0.0500 0.0000 0.0000 0.1419 0.1088 0.0000 0.3100 0.2882 0.0000 0.0025 0.0503 0.0000 0.0442 0.0014 0.0026 
 30       30   (0)      1 :  0.0000 0.0000 0.0000 0.0869 0.0161 0.0000 0.0986 0.6876 0.0000 0.0000 0.0500 0.0108 0.0500 0.0000 0.0000 
 31       31   (0)      1 :  0.0257 0.0000 0.0000 0.1318 0.0665 0.0000 0.6427 0.0380 0.0000 0.0065 0.0478 0.0000 0.0284 0.0000 0.0127 
 32       32   (0)      1 :  0.0000 0.0000 0.0000 0.0043 0.0641 0.0000 0.0130 0.0027 0.0000 0.3372 0.0505 0.0197 0.0000 0.0000 0.5086 
 33       33   (0)      1 :  0.0000 0.2813 0.0000 0.0575 0.3050 0.0000 0.1030 0.0207 0.0031 0.0521 0.0504 0.0802 0.0000 0.0000 0.0467 
 34       34   (0)      1 :  0.1500 0.0000 0.0000 0.1235 0.0000 0.0000 0.1437 0.3659 0.0000 0.0500 0.1107 0.0000 0.0554 0.0000 0.0008 
 35       35   (0)      1 :  0.0000 0.0000 0.0000 0.0000 0.0500 0.0000 0.0000 0.0000 0.0000 0.0000 0.0000 0.0000 0.0000 0.9500 0.0000 
 36       36   (0)      1 :  0.0000 0.0000 0.0000 0.0000 0.0500 0.0000 0.0000 0.0000 0.0000 0.0000 0.0000 0.0000 0.0000 0.9500 0.0000 
 37       37   (0)      1 :  0.0000 0.0000 0.0000 0.0000 0.0000 0.0000 0.0000 0.0000 0.0000 0.0000 0.0500 0.0000 0.0000 0.9500 0.0000 
 38       38   (0)      1 :  0.0000 0.9268 0.0063 0.0000 0.0000 0.0081 0.0000 0.0000 0.0000 0.0000 0.0500 0.0000 0.0088 0.0000 0.0000 
 39       39   (0)      1 :  0.0001 0.9527 0.0165 0.0000 0.0000 0.0201 0.0000 0.0000 0.0022 0.0000 0.0084 0.0000 0.0000 0.0000 0.0000 
 40       40   (0)      1 :  0.0767 0.0000 0.0000 0.2368 0.0164 0.0000 0.4210 0.1945 0.0000 0.0000 0.0265 0.0000 0.0281 0.0000 0.0000 
 41       41   (0)      1 :  0.0000 0.0000 0.0000 0.0002 0.0030 0.0000 0.0040 0.0139 0.0000 0.1752 0.1177 0.0000 0.0071 0.0000 0.6790 
 42       42   (0)      1 :  0.0000 0.9520 0.0063 0.0000 0.0000 0.0160 0.0000 0.0000 0.0000 0.0000 0.0257 0.0000 0.0000 0.0000 0.0000 
 43       43   (0)      1 :  0.1000 0.0000 0.0000 0.5362 0.0583 0.0000 0.0612 0.0411 0.0000 0.0178 0.0162 0.0000 0.1658 0.0035 0.0000 
 44       44   (0)      1 :  0.0018 0.0000 0.0000 0.0011 0.0025 0.0000 0.0010 0.0058 0.0000 0.2513 0.0504 0.0000 0.0000 0.0000 0.6861 
 45       45   (0)      1 :  0.0000 0.9765 0.0067 0.0000 0.0096 0.0000 0.0000 0.0000 0.0073 0.0000 0.0000 0.0000 0.0000 0.0000 0.0000 
 46       46   (0)      1 :  0.0000 0.0000 0.0000 0.6141 0.0125 0.0000 0.0743 0.2204 0.0000 0.0000 0.0132 0.0000 0.0655 0.0000 0.0000 
 47       47   (0)      1 :  0.0000 0.9502 0.0094 0.0000 0.0112 0.0082 0.0000 0.0000 0.0000 0.0000 0.0210 0.0000 0.0000 0.0000 0.0000 
 48       48   (0)      1 :  0.0000 0.0000 0.0000 0.0035 0.0000 0.0000 0.0013 0.0029 0.0000 0.4381 0.1491 0.0009 0.0058 0.0000 0.3985 
 49       49   (0)      1 :  0.0000 0.0000 0.0000 0.0000 0.0000 0.0000 0.0018 0.0000 0.0000 0.2124 0.1051 0.0000 0.0008 0.0000 0.6798 
 50       50   (0)      1 :  0.0067 0.9747 0.0077 0.0000 0.0000 0.0079 0.0000 0.0000 0.0000 0.0000 0.0000 0.0000 0.0029 0.0000 0.0000 
 51       51   (0)      1 :  0.0000 0.9741 0.0084 0.0000 0.0000 0.0175 0.0000 0.0000 0.0000 0.0000 0.0000 0.0000 0.0000 0.0000 0.0000 
 52       52   (0)      1 :  0.0029 0.0000 0.0000 0.0219 0.0153 0.0000 0.0090 0.0146 0.0000 0.1039 0.1147 0.0000 0.0062 0.0000 0.7114 
 53       53   (0)      1 :  0.0000 0.0000 0.0000 0.0073 0.0089 0.0000 0.0000 0.0000 0.0000 0.1318 0.1663 0.0003 0.0139 0.0000 0.6715 
 54       54   (0)      1 :  0.0000 0.0000 0.0000 0.0006 0.0000 0.0000 0.0097 0.0257 0.0000 0.3638 0.1022 0.0000 0.0013 0.0000 0.4966 
 55       55   (0)      1 :  0.0000 0.9544 0.0120 0.0000 0.0000 0.0243 0.0000 0.0000 0.0025 0.0000 0.0067 0.0002 0.0000 0.0000 0.0000 
 56       56   (0)      2 :  0.0276 0.0000 0.0000 0.2634 0.1226 0.0000 0.3611 0.1295 0.0000 0.0163 0.0539 0.0225 0.0000 0.0000 0.0032 
 57       57   (0)      2 :  0.0622 0.0000 0.0000 0.2578 0.0418 0.0000 0.4126 0.0850 0.0000 0.0000 0.1346 0.0000 0.0000 0.0060 0.0000 
 58       58   (0)      2 :  0.0500 0.0000 0.0000 0.1265 0.1237 0.0000 0.5731 0.0263 0.0000 0.0000 0.1000 0.0000 0.0000 0.0000 0.0004 
 59       59   (0)      2 :  0.0000 0.0000 0.0000 0.1904 0.0831 0.0000 0.4388 0.2223 0.0000 0.0000 0.0156 0.0000 0.0498 0.0000 0.0000 
 60       60   (0)      2 :  0.0071 0.0000 0.0000 0.0106 0.0085 0.0000 0.0000 0.0130 0.0000 0.3507 0.1341 0.0000 0.0000 0.0000 0.4761 
 61       61   (0)      2 :  0.0000 0.0000 0.0000 0.1153 0.0378 0.0000 0.1444 0.6661 0.0000 0.0000 0.0309 0.0000 0.0050 0.0005 0.0000 
 62       62   (0)      2 :  0.0000 0.0000 0.0000 0.0000 0.0500 0.0000 0.0000 0.0000 0.0000 0.0000 0.0500 0.0000 0.0000 0.9000 0.0000 
 63       63   (0)      2 :  0.0000 0.0000 0.0000 0.2404 0.0599 0.0000 0.3358 0.1542 0.0000 0.0370 0.1409 0.0000 0.0219 0.0000 0.0099 
 64       64   (0)      2 :  0.0000 0.0000 0.0000 0.0000 0.0276 0.0000 0.0000 0.0000 0.0000 0.0000 0.0000 0.0000 0.0000 0.9724 0.0000 
 65       65   (0)      2 :  0.0000 0.0000 0.0000 0.4521 0.0495 0.0000 0.1079 0.2325 0.0000 0.0304 0.0202 0.0000 0.1006 0.0000 0.0068 
 66       66   (0)      2 :  0.0000 0.0000 0.0000 0.0000 0.0000 0.0000 0.0000 0.0000 0.0000 0.0000 0.0000 0.0000 0.0000 1.0000 0.0000 
 67       67   (0)      2 :  0.0000 0.0000 0.0000 0.2577 0.1006 0.0000 0.0866 0.4271 0.0000 0.0000 0.0179 0.0000 0.1092 0.0009 0.0000 
 68       68   (0)      2 :  0.0108 0.0000 0.0000 0.3236 0.2691 0.0000 0.0852 0.1854 0.0000 0.0076 0.0590 0.0072 0.0464 0.0008 0.0049 
 69       69   (0)      2 :  0.0000 0.0000 0.0000 0.0107 0.0035 0.0000 0.0064 0.0021 0.0000 0.2617 0.0578 0.0028 0.0000 0.0000 0.6550 
 70       70   (0)      2 :  0.0114 0.0000 0.0000 0.3150 0.0783 0.0000 0.2857 0.0996 0.0000 0.0587 0.0681 0.0055 0.0776 0.0000 0.0000 
 71       71   (0)      2 :  0.0000 0.0000 0.0000 0.0000 0.0293 0.0000 0.0000 0.0000 0.0000 0.0000 0.0000 0.0000 0.0000 0.9707 0.0000 
 72       72   (0)      2 :  0.0000 0.0000 0.0000 0.0000 0.0000 0.0000 0.0000 0.0000 0.0000 0.0000 0.0500 0.0000 0.0000 0.9500 0.0000 
 73       73   (0)      2 :  0.0500 0.0002 0.0000 0.0755 0.0392 0.0000 0.5082 0.1202 0.0000 0.0152 0.0544 0.0001 0.1022 0.0000 0.0348 
 74       74   (0)      2 :  0.0000 0.0000 0.0000 0.0039 0.0022 0.0000 0.0028 0.0000 0.0000 0.0875 0.0506 0.0000 0.0002 0.0008 0.8520 
 75       75   (0)      2 :  0.0040 0.9304 0.0244 0.0000 0.0058 0.0000 0.0000 0.0000 0.0097 0.0000 0.0257 0.0000 0.0000 0.0000 0.0000 
 76       76   (0)      2 :  0.0000 0.0000 0.0000 0.0000 0.0035 0.0000 0.0035 0.0000 0.0000 0.1629 0.0509 0.0000 0.0000 0.0000 0.7792 
 77       77   (0)      2 :  0.0268 0.0000 0.0000 0.2324 0.0433 0.0000 0.1779 0.2959 0.0000 0.0233 0.0213 0.0000 0.1504 0.0000 0.0287 
 78       78   (0)      2 :  0.0000 0.0000 0.0000 0.0000 0.0500 0.0000 0.0000 0.0000 0.0000 0.0000 0.0000 0.0000 0.0000 0.9500 0.0000 
 79       79   (0)      2 :  0.0000 0.9725 0.0047 0.0000 0.0000 0.0000 0.0000 0.0000 0.0049 0.0000 0.0109 0.0000 0.0069 0.0000 0.0000 
 80       80   (0)      2 :  0.0000 0.0000 0.0000 0.0000 0.0233 0.0000 0.0000 0.0000 0.0000 0.0000 0.0500 0.0000 0.0000 0.9267 0.0000 
 81       81   (0)      2 :  0.1061 0.0000 0.0000 0.1064 0.0878 0.0000 0.4717 0.0940 0.0000 0.0010 0.0533 0.0000 0.0789 0.0009 0.0000 
 82       82   (0)      2 :  0.0009 0.0000 0.0000 0.0054 0.0000 0.0000 0.0000 0.0000 0.0000 0.0000 0.1500 0.0000 0.0026 0.0012 0.8399 
 83       83   (0)      2 :  0.0000 0.0000 0.0000 0.0000 0.0000 0.0000 0.0000 0.0000 0.0000 0.4568 0.0318 0.0000 0.0005 0.0000 0.5109 
 84       84   (0)      2 :  0.0000 0.0000 0.0000 0.1147 0.0396 0.0000 0.0888 0.4417 0.0000 0.0664 0.0310 0.0142 0.0781 0.0000 0.1255 
 85       85   (0)      2 :  0.0004 0.0000 0.0000 0.1282 0.0703 0.0000 0.2074 0.3766 0.0000 0.0603 0.0667 0.0001 0.0843 0.0000 0.0056 
 86       86   (0)      2 :  0.1122 0.0000 0.0000 0.6888 0.0390 0.0000 0.0147 0.0543 0.0000 0.0162 0.0446 0.0066 0.0196 0.0000 0.0040 
 87       87   (0)      2 :  0.0662 0.0000 0.0000 0.1427 0.1496 0.0000 0.4359 0.0661 0.0000 0.0176 0.0600 0.0000 0.0522 0.0000 0.0097 
 88       88   (0)      2 :  0.0659 0.0000 0.0000 0.1673 0.0169 0.0000 0.4303 0.2483 0.0000 0.0244 0.0357 0.0000 0.0113 0.0000 0.0000 
 89       89   (0)      2 :  0.0550 0.0000 0.0000 0.2215 0.0455 0.0000 0.1617 0.4045 0.0000 0.0000 0.0256 0.0000 0.0861 0.0000 0.0000 
 90       90   (0)      2 :  0.0000 0.0000 0.0000 0.3596 0.1265 0.0000 0.2964 0.1032 0.0000 0.0051 0.0777 0.0000 0.0150 0.0015 0.0150 
 91       91   (0)      2 :  0.0500 0.0000 0.0000 0.1196 0.2061 0.0000 0.1902 0.2921 0.0000 0.0000 0.0714 0.0000 0.0690 0.0000 0.0014 
 92       92   (0)      2 :  0.0515 0.0000 0.0000 0.4479 0.0275 0.0000 0.1891 0.1069 0.0000 0.0574 0.0253 0.0000 0.0856 0.0000 0.0087 
 93       93   (0)      2 :  0.0000 0.0000 0.0000 0.0000 0.0000 0.0000 0.0008 0.0000 0.0000 0.3793 0.1000 0.0000 0.0000 0.0000 0.5200 
 94       94   (0)      2 :  0.0000 0.0000 0.0000 0.0087 0.0055 0.0000 0.0020 0.0026 0.0000 0.3453 0.0792 0.0000 0.0079 0.0022 0.5467 
 95       95   (0)      2 :  0.0000 0.0000 0.0000 0.0000 0.0341 0.0000 0.0000 0.0000 0.0000 0.0000 0.0500 0.0000 0.0000 0.9159 0.0000 
 96       96   (0)      2 :  0.0027 0.0000 0.0000 0.0144 0.0386 0.0000 0.0065 0.0080 0.0000 0.4571 0.0586 0.0000 0.0000 0.0000 0.4142 
 97       97   (0)      2 :  0.0000 0.0000 0.0000 0.0045 0.0339 0.0000 0.0024 0.0019 0.0000 0.6054 0.0016 0.0015 0.0034 0.0000 0.3455 
 98       98   (0)      2 :  0.1000 0.0000 0.0000 0.1868 0.0500 0.0000 0.1112 0.3412 0.0000 0.0500 0.0500 0.0019 0.1000 0.0000 0.0089 
 99       99   (0)      2 :  0.0000 0.0000 0.0000 0.0000 0.0000 0.0000 0.0000 0.0000 0.0000 0.0000 0.0500 0.0000 0.0000 0.9500 0.0000 
100      100   (0)      2 :  0.0464 0.0000 0.0000 0.3068 0.0144 0.0000 0.5353 0.0296 0.0000 0.0240 0.0000 0.0040 0.0393 0.0000 0.0003 
101      101   (0)      3 :  0.0408 0.0000 0.0000 0.2147 0.0409 0.0000 0.4541 0.1797 0.0000 0.0141 0.0225 0.0000 0.0291 0.0000 0.0041 
102      102   (0)      3 :  0.0156 0.0000 0.0000 0.3783 0.0967 0.0000 0.2276 0.0871 0.0000 0.0412 0.0877 0.0084 0.0553 0.0008 0.0015 
103      103   (0)      3 :  0.0901 0.0000 0.0000 0.1381 0.1262 0.0000 0.3697 0.0836 0.0000 0.0510 0.0789 0.0070 0.0530 0.0000 0.0023 
104      104   (0)      3 :  0.1320 0.0000 0.0000 0.3810 0.0572 0.0000 0.2649 0.0206 0.0000 0.0500 0.0200 0.0129 0.0595 0.0001 0.0019 
105      105   (0)      3 :  0.0166 0.0000 0.0000 0.4337 0.0373 0.0000 0.1116 0.1540 0.0000 0.0043 0.0041 0.0000 0.2337 0.0021 0.0025 
106      106   (0)      3 :  0.0284 0.0000 0.0000 0.4213 0.1286 0.0000 0.2108 0.0712 0.0000 0.0550 0.0505 0.0067 0.0190 0.0016 0.0068 
107      107   (0)      3 :  0.0245 0.0000 0.0000 0.3046 0.0500 0.0000 0.1389 0.3211 0.0000 0.0466 0.0642 0.0000 0.0500 0.0000 0.0000 
108      108   (0)      3 :  0.0000 0.0001 0.0000 0.3701 0.0632 0.0000 0.3265 0.1180 0.0000 0.0005 0.0234 0.0000 0.0983 0.0000 0.0000 
109      109   (0)      3 :  0.0500 0.0000 0.0000 0.1553 0.0633 0.0000 0.6807 0.0500 0.0000 0.0000 0.0000 0.0000 0.0007 0.0000 0.0000 
110      110   (0)      3 :  0.0818 0.0000 0.0000 0.5467 0.0314 0.0000 0.0668 0.2196 0.0000 0.0000 0.0074 0.0000 0.0450 0.0000 0.0013 
111      111   (0)      3 :  0.0500 0.0000 0.0000 0.3529 0.3076 0.0000 0.0704 0.0626 0.0000 0.0548 0.0477 0.0170 0.0330 0.0023 0.0018 
112      112   (0)      3 :  0.0147 0.0000 0.0000 0.2548 0.0705 0.0000 0.1560 0.3090 0.0000 0.0530 0.1234 0.0000 0.0186 0.0000 0.0000 
113      113   (0)      3 :  0.0000 0.0000 0.0000 0.1738 0.1199 0.0000 0.4031 0.2096 0.0000 0.0000 0.0322 0.0500 0.0115 0.0000 0.0000 
114      114   (0)      3 :  0.0000 0.0000 0.0000 0.1259 0.1369 0.0000 0.5138 0.1725 0.0000 0.0077 0.0264 0.0120 0.0000 0.0000 0.0047 
115      115   (0)      3 :  0.0500 0.0000 0.0000 0.1077 0.0771 0.0000 0.3805 0.2629 0.0000 0.0013 0.0568 0.0220 0.0158 0.0000 0.0259 
116      116   (0)      3 :  0.1110 0.0000 0.0000 0.3484 0.0608 0.0000 0.1798 0.1929 0.0000 0.0042 0.0000 0.0017 0.1008 0.0000 0.0003 
117      117   (0)      3 :  0.0532 0.0000 0.0000 0.2062 0.1822 0.0000 0.2418 0.1304 0.0000 0.0000 0.0650 0.0000 0.0943 0.0000 0.0268 
118      118   (0)      3 :  0.0092 0.0000 0.0000 0.1632 0.1024 0.0000 0.2526 0.3683 0.0000 0.0014 0.0092 0.0118 0.0820 0.0000 0.0000 
119      119   (0)      3 :  0.0102 0.0000 0.0000 0.5625 0.0505 0.0000 0.1135 0.0859 0.0000 0.0052 0.0161 0.0012 0.1431 0.0000 0.0117 
120      120   (0)      3 :  0.0781 0.0000 0.0000 0.2177 0.0675 0.0000 0.3788 0.0656 0.0000 0.0668 0.0323 0.0003 0.0103 0.0743 0.0083 
121      121   (0)      3 :  0.0449 0.0000 0.0000 0.4847 0.0614 0.0000 0.1165 0.1826 0.0000 0.0000 0.0383 0.0103 0.0613 0.0000 0.0000 
122      122   (0)      3 :  0.0000 0.0000 0.0000 0.5341 0.0209 0.0000 0.2081 0.1111 0.0000 0.0001 0.0017 0.0000 0.1240 0.0000 0.0000 
123      123   (0)      3 :  0.0000 0.0000 0.0000 0.5321 0.0989 0.0000 0.0218 0.1927 0.0000 0.0312 0.0446 0.0000 0.0782 0.0000 0.0004 
124      124   (0)      3 :  0.0730 0.0000 0.0000 0.3072 0.1210 0.0000 0.2383 0.1527 0.0000 0.0192 0.0533 0.0000 0.0351 0.0000 0.0000 
125      125   (0)      3 :  0.0124 0.0000 0.0000 0.3378 0.1199 0.0000 0.0914 0.3164 0.0000 0.0152 0.0592 0.0117 0.0307 0.0053 0.0000 
126      126   (0)      3 :  0.0000 0.0000 0.0000 0.1836 0.0127 0.0000 0.2237 0.2222 0.0000 0.0084 0.0334 0.0085 0.3000 0.0000 0.0076 
127      127   (0)      3 :  0.0529 0.0000 0.0000 0.3289 0.0704 0.0000 0.1759 0.2388 0.0000 0.0248 0.0208 0.0008 0.0698 0.0000 0.0169 
128      128   (0)      3 :  0.0000 0.0000 0.0000 0.2899 0.0999 0.0000 0.2972 0.2288 0.0000 0.0000 0.0495 0.0167 0.0178 0.0000 0.0002 
129      129   (0)      3 :  0.1028 0.0000 0.0000 0.0995 0.0586 0.0000 0.2439 0.3699 0.0000 0.0696 0.0271 0.0047 0.0138 0.0000 0.0102 
130      130   (0)      3 :  0.0000 0.0000 0.0000 0.0131 0.0000 0.0000 0.0017 0.0058 0.0000 0.4185 0.1080 0.0000 0.0130 0.0000 0.4397 
131      131   (0)      3 :  0.0000 0.0000 0.0000 0.0272 0.0639 0.0000 0.0164 0.0101 0.0000 0.3617 0.0597 0.0000 0.0045 0.0000 0.4566 
132      132   (0)      3 :  0.0000 0.0000 0.0000 0.0000 0.0000 0.0000 0.0000 0.0000 0.0000 0.0000 0.0500 0.0000 0.0000 0.9500 0.0000 
133      133   (0)      3 :  0.0000 0.8580 0.0177 0.0000 0.0000 0.0159 0.0000 0.0000 0.0078 0.0000 0.0235 0.0742 0.0030 0.0000 0.0000 
134      134   (0)      3 :  0.0035 0.0156 0.0000 0.0103 0.0278 0.0018 0.0644 0.0046 0.0004 0.2140 0.0727 0.0027 0.0000 0.0004 0.5816 
135      135   (0)      3 :  0.0000 0.0000 0.0000 0.1429 0.0511 0.0000 0.2837 0.3564 0.0000 0.0501 0.1009 0.0000 0.0096 0.0054 0.0000 
136      136   (0)      3 :  0.0500 0.0000 0.0000 0.2300 0.0195 0.0000 0.1504 0.4681 0.0000 0.0097 0.0223 0.0000 0.0501 0.0000 0.0000 
137      137   (0)      3 :  0.0000 0.0006 0.0000 0.0000 0.0228 0.0000 0.0000 0.0042 0.0000 0.6033 0.0682 0.0000 0.0021 0.0002 0.2985 
138      138   (0)      3 :  0.0427 0.0000 0.0000 0.1280 0.0343 0.0000 0.3730 0.2943 0.0000 0.0078 0.0421 0.0036 0.0725 0.0000 0.0017 
139      139   (0)      3 :  0.0500 0.0000 0.0000 0.1313 0.0109 0.0000 0.4336 0.2724 0.0000 0.0000 0.0221 0.0029 0.0769 0.0000 0.0000 
140      140   (0)      3 :  0.0000 0.0000 0.0000 0.5356 0.0604 0.0000 0.0520 0.1917 0.0000 0.0141 0.0224 0.0000 0.1237 0.0000 0.0000 
141      141   (0)      3 :  0.0000 0.0000 0.0000 0.0000 0.0000 0.0000 0.0000 0.0000 0.0000 0.0000 0.0500 0.0000 0.0000 0.9500 0.0000 
142      142   (0)      3 :  0.0000 0.0000 0.0000 0.0000 0.0314 0.0000 0.0000 0.0000 0.0000 0.0000 0.0500 0.0000 0.0000 0.9186 0.0000 
143      143   (0)      3 :  0.0000 0.0000 0.0000 0.0000 0.0000 0.0000 0.0000 0.0000 0.0000 0.0000 0.0500 0.0000 0.0000 0.9500 0.0000 
144      144   (0)      3 :  0.0000 0.0000 0.0000 0.0000 0.0121 0.0000 0.0000 0.0000 0.0000 0.0000 0.0271 0.0000 0.0000 0.9608 0.0000 
145      145   (0)      3 :  0.0000 0.0000 0.0000 0.0000 0.0000 0.0000 0.0000 0.0000 0.0000 0.0000 0.0261 0.0000 0.0000 0.9739 0.0000 
146      146   (0)      3 :  0.0026 0.0000 0.0000 0.0205 0.0092 0.0000 0.0007 0.0169 0.0000 0.2440 0.1183 0.0000 0.0041 0.0000 0.5838 
147      147   (0)      3 :  0.0000 0.0000 0.0000 0.1726 0.0261 0.0000 0.3676 0.1645 0.0000 0.0006 0.0131 0.0000 0.2555 0.0000 0.0000 
148      148   (0)      3 :  0.0000 0.0000 0.0000 0.0000 0.0124 0.0000 0.0000 0.0000 0.0000 0.0000 0.0499 0.0000 0.0000 0.9376 0.0000 
149      149   (0)      3 :  0.0000 0.0000 0.0000 0.0000 0.0000 0.0000 0.0000 0.0000 0.0000 0.0000 0.0000 0.0000 0.0000 1.0000 0.0000 
150      150   (0)      3 :  0.0069 0.8052 0.0140 0.0000 0.0088 0.0030 0.0000 0.0000 0.0145 0.0000 0.0274 0.1135 0.0063 0.0002 0.0000 
151      151   (0)      3 :  0.0000 0.9554 0.0065 0.0000 0.0000 0.0073 0.0000 0.0000 0.0000 0.0000 0.0217 0.0000 0.0090 0.0000 0.0000 
152      152   (0)      3 :  0.0000 0.0000 0.0000 0.3005 0.1678 0.0000 0.0588 0.3221 0.0000 0.0507 0.0500 0.0000 0.0501 0.0000 0.0000 
153      153   (0)      3 :  0.0000 0.0000 0.0000 0.0000 0.0286 0.0000 0.0000 0.0000 0.0000 0.0000 0.0500 0.0000 0.0000 0.9214 0.0000 
154      154   (0)      3 :  0.0280 0.0000 0.0000 0.1289 0.0626 0.0000 0.6954 0.0837 0.0000 0.0000 0.0000 0.0000 0.0000 0.0012 0.0001 
155      155   (0)      3 :  0.0000 0.0000 0.0000 0.5656 0.0740 0.0000 0.0907 0.2197 0.0000 0.0000 0.0000 0.0000 0.0500 0.0000 0.0000 
156      156   (0)      3 :  0.0115 0.0000 0.0000 0.0112 0.0189 0.0000 0.0068 0.0301 0.0000 0.2089 0.0717 0.0010 0.0105 0.0000 0.6294 
157      157   (0)      3 :  0.0000 0.0000 0.0000 0.0670 0.0011 0.0000 0.3675 0.4962 0.0000 0.0007 0.0000 0.0000 0.0675 0.0000 0.0000 
158      158   (0)      3 :  0.0000 0.0000 0.0000 0.0012 0.0000 0.0000 0.0009 0.0000 0.0000 0.3395 0.0755 0.0000 0.0000 0.0000 0.5828 
159      159   (0)      3 :  0.0390 0.0000 0.0000 0.2746 0.0509 0.0000 0.2248 0.1582 0.0000 0.0683 0.1174 0.0156 0.0505 0.0000 0.0007 
160      160   (0)      3 :  0.0000 0.0000 0.0000 0.0038 0.0030 0.0000 0.0037 0.0033 0.0000 0.3526 0.0658 0.0018 0.0021 0.0000 0.5640 
161      161   (0)      4 :  0.0277 0.0000 0.0000 0.1673 0.0144 0.0000 0.3450 0.1428 0.0000 0.0012 0.0000 0.0000 0.3000 0.0000 0.0017 
162      162   (0)      4 :  0.0273 0.0000 0.0000 0.3726 0.0000 0.0000 0.0814 0.4336 0.0000 0.0000 0.0267 0.0000 0.0584 0.0000 0.0000 
163      163   (0)      4 :  0.0000 0.0000 0.0000 0.0000 0.0000 0.0000 0.0000 0.0000 0.0000 0.0000 0.0000 0.0000 0.0000 1.0000 0.0000 
164      164   (0)      4 :  0.0000 0.0000 0.0000 0.0016 0.0000 0.0000 0.0000 0.0015 0.0000 0.4818 0.0668 0.0016 0.0000 0.0000 0.4466 
165      165   (0)      4 :  0.0000 0.0000 0.0000 0.0000 0.0314 0.0000 0.0000 0.0000 0.0000 0.0000 0.0311 0.0000 0.0000 0.9375 0.0000 
166      166   (0)      4 :  0.0000 0.0000 0.0000 0.0000 0.0500 0.0000 0.0000 0.0000 0.0000 0.0000 0.0000 0.0000 0.0000 0.9500 0.0000 
167      167   (0)      4 :  0.0001 0.0000 0.0000 0.3626 0.2059 0.0000 0.1469 0.1530 0.0000 0.0000 0.0009 0.0081 0.1213 0.0000 0.0012 
168      168   (0)      4 :  0.0284 0.0000 0.0000 0.2963 0.0607 0.0000 0.1857 0.2819 0.0000 0.0013 0.0313 0.0109 0.1012 0.0000 0.0024 
169      169   (0)      4 :  0.0000 0.0000 0.0000 0.1488 0.0216 0.0000 0.2448 0.4388 0.0000 0.0296 0.0830 0.0000 0.0277 0.0000 0.0056 
170      170   (0)      4 :  0.1175 0.0000 0.0000 0.3228 0.1613 0.0000 0.1790 0.0597 0.0000 0.0345 0.0252 0.0123 0.0877 0.0000 0.0000 
171      171   (0)      4 :  0.0000 0.0000 0.0000 0.4164 0.1292 0.0000 0.1952 0.0824 0.0000 0.0598 0.0611 0.0002 0.0557 0.0000 0.0000 
172      172   (0)      4 :  0.0000 0.0000 0.0000 0.3585 0.0764 0.0000 0.2950 0.0758 0.0000 0.0216 0.0947 0.0000 0.0756 0.0000 0.0025 
173      173   (0)      4 :  0.0268 0.0000 0.0000 0.7332 0.0005 0.0000 0.0986 0.1151 0.0000 0.0000 0.0256 0.0000 0.0002 0.0000 0.0000 
174      174   (0)      4 :  0.0000 0.0000 0.0000 0.0000 0.0001 0.0000 0.0084 0.0090 0.0000 0.1371 0.0908 0.0004 0.0046 0.0000 0.7496 
175      175   (0)      4 :  0.0545 0.0000 0.0000 0.2462 0.0315 0.0000 0.1831 0.2274 0.0000 0.0151 0.0691 0.0000 0.1731 0.0000 0.0000 
176      176   (0)      4 :  0.0000 0.0000 0.0000 0.0000 0.0000 0.0000 0.0000 0.0000 0.0000 0.0000 0.0000 0.0000 0.0000 1.0000 0.0000 
177      177   (0)      4 :  0.0000 0.0000 0.0000 0.3288 0.1198 0.0000 0.2311 0.1402 0.0000 0.0387 0.0367 0.0000 0.0995 0.0003 0.0049 
178      178   (0)      4 :  0.0000 0.0000 0.0000 0.0000 0.0269 0.0000 0.0000 0.0000 0.0000 0.0000 0.0000 0.0000 0.0000 0.9731 0.0000 
179      179   (0)      4 :  0.0000 0.0000 0.0000 0.0000 0.0500 0.0000 0.0000 0.0000 0.0000 0.0000 0.0000 0.0000 0.0000 0.9500 0.0000 
180      180   (0)      4 :  0.0669 0.0000 0.0000 0.1919 0.0808 0.0000 0.2620 0.2971 0.0000 0.0072 0.0666 0.0045 0.0171 0.0059 0.0000 
181      181   (0)      4 :  0.0525 0.0000 0.0000 0.5167 0.0989 0.0000 0.0817 0.1864 0.0000 0.0136 0.0308 0.0000 0.0194 0.0000 0.0000 
182      182   (0)      4 :  0.0152 0.0000 0.0000 0.5889 0.0501 0.0000 0.1594 0.0986 0.0000 0.0136 0.0272 0.0086 0.0386 0.0000 0.0000 
183      183   (0)      4 :  0.0000 0.0000 0.0000 0.0000 0.0058 0.0000 0.0003 0.0000 0.0000 0.3172 0.0628 0.0000 0.0000 0.0000 0.6138 
184      184   (0)      4 :  0.0000 0.0000 0.0000 0.0061 0.0190 0.0000 0.0030 0.0012 0.0000 0.3067 0.0909 0.0034 0.0000 0.0000 0.5697 
185      185   (0)      4 :  0.0000 0.0000 0.0000 0.0000 0.0500 0.0000 0.0000 0.0000 0.0000 0.0000 0.0000 0.0000 0.0000 0.9500 0.0000 
186      186   (0)      4 :  0.0500 0.0000 0.0000 0.2954 0.0134 0.0000 0.1013 0.4925 0.0000 0.0255 0.0218 0.0000 0.0000 0.0000 0.0001 
187      187   (0)      4 :  0.0284 0.0000 0.0000 0.3402 0.2134 0.0000 0.0796 0.1070 0.0000 0.0507 0.0423 0.0027 0.1189 0.0000 0.0168 
188      188   (0)      4 :  0.0000 0.0000 0.0000 0.0000 0.0000 0.0000 0.0000 0.0000 0.0000 0.0000 0.0000 0.0000 0.0000 1.0000 0.0000 
189      189   (0)      4 :  0.0281 0.0000 0.0000 0.2611 0.2312 0.0000 0.2772 0.0774 0.0000 0.0006 0.0510 0.0500 0.0234 0.0000 0.0000 
190      190   (0)      4 :  0.0000 0.0000 0.0000 0.0023 0.0143 0.0000 0.0000 0.0000 0.0000 0.2085 0.1283 0.0000 0.0029 0.0000 0.6436 
191      191   (0)      4 :  0.0000 0.0027 0.0000 0.0116 0.0330 0.0014 0.0866 0.2105 0.0000 0.0802 0.0084 0.0541 0.3718 0.1066 0.0330 
192      192   (0)      4 :  0.0433 0.0000 0.0000 0.1201 0.0125 0.0000 0.2611 0.4936 0.0000 0.0000 0.0506 0.0000 0.0180 0.0002 0.0006 
193      193   (0)      4 :  0.0123 0.0000 0.0000 0.0805 0.0322 0.0000 0.1745 0.5994 0.0000 0.0087 0.0192 0.0000 0.0668 0.0020 0.0042 
194      194   (0)      4 :  0.0005 0.0000 0.0000 0.1649 0.0251 0.0000 0.0982 0.5916 0.0000 0.0195 0.0659 0.0000 0.0286 0.0017 0.0042 
195      195   (0)      4 :  0.0000 0.0000 0.0000 0.6596 0.0364 0.0000 0.0987 0.0047 0.0000 0.0000 0.0304 0.0000 0.1702 0.0000 0.0000 
196      196   (0)      4 :  0.0000 0.0000 0.0000 0.2331 0.0675 0.0000 0.2989 0.1808 0.0000 0.0500 0.0629 0.0000 0.1068 0.0000 0.0000 
197      197   (0)      4 :  0.0269 0.0000 0.0000 0.6167 0.0237 0.0000 0.2393 0.0468 0.0000 0.0003 0.0183 0.0000 0.0277 0.0000 0.0003 
198      198   (0)      4 :  0.0118 0.0000 0.0000 0.1029 0.0894 0.0000 0.4327 0.1422 0.0000 0.0500 0.0899 0.0000 0.0812 0.0000 0.0000 
199      199   (0)      4 :  0.0279 0.0000 0.0000 0.3989 0.0901 0.0000 0.1881 0.1012 0.0000 0.0028 0.0380 0.0000 0.1520 0.0001 0.0008 
200      200   (0)      4 :  0.0037 0.0000 0.0000 0.0093 0.0000 0.0000 0.0064 0.0083 0.0000 0.1001 0.1112 0.0000 0.0122 0.0000 0.7489 
201      201   (0)      4 :  0.0000 0.0000 0.0000 0.1737 0.1673 0.0000 0.3673 0.0660 0.0000 0.0000 0.1088 0.0020 0.1149 0.0000 0.0000 
202      202   (0)      4 :  0.0000 0.0000 0.0000 0.1017 0.0729 0.0000 0.5520 0.2268 0.0000 0.0000 0.0463 0.0000 0.0000 0.0004 0.0000 
203      203   (0)      4 :  0.0000 0.0000 0.0000 0.4312 0.1163 0.0000 0.0636 0.2104 0.0000 0.0533 0.0653 0.0050 0.0510 0.0012 0.0026 
204      204   (0)      4 :  0.0507 0.0000 0.0000 0.2404 0.1331 0.0000 0.2691 0.2314 0.0000 0.0006 0.0699 0.0000 0.0000 0.0047 0.0000 
205      205   (0)      4 :  0.0752 0.0000 0.0000 0.1898 0.0103 0.0000 0.2023 0.4517 0.0000 0.0000 0.0206 0.0003 0.0450 0.0000 0.0047 
206      206   (0)      4 :  0.0000 0.0000 0.0000 0.1199 0.0198 0.0000 0.3771 0.3082 0.0000 0.0500 0.0908 0.0000 0.0342 0.0000 0.0000 
207      207   (0)      4 :  0.0935 0.0000 0.0000 0.2769 0.0739 0.0000 0.3075 0.1578 0.0000 0.0177 0.0467 0.0161 0.0100 0.0000 0.0000 
208      208   (0)      4 :  0.0000 0.0000 0.0000 0.0044 0.0067 0.0000 0.0118 0.0355 0.0000 0.0453 0.0975 0.0000 0.0000 0.0000 0.7987 
209      209   (0)      4 :  0.0000 0.0000 0.0000 0.1016 0.0453 0.0000 0.0975 0.5665 0.0000 0.0000 0.0231 0.0000 0.1659 0.0000 0.0000 
210      210   (0)      4 :  0.0393 0.0000 0.0000 0.2492 0.0402 0.0000 0.2436 0.2855 0.0000 0.0070 0.0157 0.0000 0.1196 0.0000 0.0000 
211      211   (0)      4 :  0.0409 0.0000 0.0000 0.3483 0.0340 0.0000 0.1824 0.3307 0.0000 0.0081 0.0248 0.0000 0.0308 0.0000 0.0000 
212      212   (0)      4 :  0.0000 0.0000 0.0000 0.0049 0.0168 0.0000 0.0065 0.0024 0.0000 0.4475 0.0921 0.0000 0.0055 0.0000 0.4244 
213      213   (0)      4 :  0.0502 0.0000 0.0000 0.3548 0.0320 0.0000 0.2827 0.0962 0.0000 0.0216 0.0753 0.0000 0.0861 0.0001 0.0010 
214      214   (0)      4 :  0.0000 0.0000 0.0000 0.1475 0.1145 0.0000 0.4289 0.1680 0.0000 0.0000 0.0332 0.0065 0.0931 0.0071 0.0011 
215      215   (0)      4 :  0.0176 0.0000 0.0000 0.0755 0.0515 0.0000 0.2702 0.0213 0.0000 0.0655 0.1302 0.0000 0.0272 0.0015 0.3393 
216      216   (0)      4 :  0.1000 0.0000 0.0000 0.1276 0.0665 0.0000 0.3510 0.3043 0.0000 0.0003 0.0500 0.0000 0.0003 0.0000 0.0000 
217      217   (0)      4 :  0.0000 0.0000 0.0000 0.0000 0.0500 0.0000 0.0000 0.0000 0.0000 0.0000 0.0000 0.0000 0.0000 0.9500 0.0000 
218      218   (0)      4 :  0.0798 0.0000 0.0000 0.3264 0.1027 0.0000 0.2227 0.0000 0.0000 0.0081 0.0283 0.0000 0.2272 0.0010 0.0038 
219      219   (0)      4 :  0.0599 0.0000 0.0000 0.1683 0.1511 0.0000 0.3299 0.2019 0.0000 0.0105 0.0363 0.0202 0.0218 0.0000 0.0000 
220      220   (0)      5 :  0.0409 0.0012 0.1330 0.0000 0.0000 0.6315 0.0000 0.0000 0.1374 0.0000 0.0449 0.0002 0.0106 0.0002 0.0000 
221      221   (0)      5 :  0.0682 0.0000 0.4334 0.0000 0.0014 0.0896 0.0000 0.0000 0.2415 0.0000 0.0638 0.0000 0.1020 0.0000 0.0000 
222      222   (0)      6 :  0.1250 0.0000 0.3315 0.0000 0.0000 0.0464 0.0000 0.0000 0.2788 0.0000 0.1691 0.0180 0.0313 0.0000 0.0000 
223      223   (0)      6 :  0.0912 0.0000 0.5539 0.0000 0.0000 0.1902 0.0000 0.0000 0.0777 0.0000 0.0223 0.0000 0.0647 0.0000 0.0000 
224      224   (0)      6 :  0.1633 0.0002 0.3032 0.0000 0.0187 0.1523 0.0000 0.0000 0.3005 0.0000 0.0185 0.0003 0.0430 0.0000 0.0000 
225      225   (0)      6 :  0.0300 0.0078 0.0498 0.0000 0.0000 0.5153 0.0000 0.0000 0.1354 0.0000 0.1096 0.0000 0.1521 0.0000 0.0000 
226      226   (0)      6 :  0.2373 0.0027 0.0906 0.0000 0.0371 0.1947 0.0000 0.0000 0.3348 0.0000 0.0227 0.0109 0.0692 0.0000 0.0000 
227      227   (0)      6 :  0.1611 0.0000 0.1908 0.0000 0.0078 0.1211 0.0000 0.0000 0.2866 0.0000 0.1594 0.0118 0.0615 0.0000 0.0000 
228      228   (0)      6 :  0.0167 0.0113 0.0978 0.0000 0.0000 0.7053 0.0000 0.0000 0.0616 0.0000 0.0994 0.0079 0.0000 0.0000 0.0000 
229      229   (0)      6 :  0.2715 0.0000 0.2411 0.0000 0.0159 0.2933 0.0000 0.0000 0.0324 0.0000 0.0284 0.0165 0.1009 0.0000 0.0000 
230      230   (0)      6 :  0.2594 0.0000 0.1755 0.0000 0.0000 0.1440 0.0000 0.0000 0.3398 0.0000 0.0546 0.0002 0.0265 0.0000 0.0000 
231      231   (0)      6 :  0.1902 0.0244 0.1948 0.0000 0.0000 0.3198 0.0000 0.0000 0.0981 0.0000 0.0496 0.0000 0.1230 0.0000 0.0000 
232      232   (0)      6 :  0.1805 0.0043 0.2731 0.0000 0.0500 0.0583 0.0000 0.0000 0.3529 0.0000 0.0657 0.0000 0.0153 0.0000 0.0000 
233      233   (0)      6 :  0.0600 0.0015 0.0957 0.0000 0.0000 0.3587 0.0000 0.0000 0.2990 0.0000 0.1000 0.0209 0.0643 0.0000 0.0000 
234      234   (0)      6 :  0.2946 0.0025 0.1554 0.0000 0.0185 0.0536 0.0000 0.0000 0.4200 0.0000 0.0168 0.0000 0.0387 0.0000 0.0000 
235      235   (0)      6 :  0.0559 0.0142 0.3279 0.0000 0.0000 0.2584 0.0000 0.0000 0.2944 0.0000 0.0422 0.0004 0.0030 0.0037 0.0000 
236      236   (0)      6 :  0.0898 0.0000 0.4325 0.0000 0.0000 0.1001 0.0000 0.0000 0.2198 0.0000 0.0574 0.0081 0.0921 0.0000 0.0000 
237      237   (0)      6 :  0.1138 0.0009 0.3244 0.0000 0.0000 0.3785 0.0000 0.0000 0.0272 0.0000 0.1283 0.0269 0.0000 0.0000 0.0000 
238      238   (0)      6 :  0.1953 0.0000 0.4069 0.0000 0.0000 0.2469 0.0000 0.0000 0.0682 0.0000 0.0568 0.0155 0.0101 0.0004 0.0000 
239      239   (0)      6 :  0.0000 0.0007 0.1087 0.0000 0.0000 0.5480 0.0000 0.0000 0.1015 0.0000 0.0825 0.0500 0.1077 0.0009 0.0000 
240      240   (0)      6 :  0.1981 0.0137 0.1512 0.0000 0.1000 0.1968 0.0000 0.0000 0.2538 0.0000 0.0315 0.0000 0.0548 0.0000 0.0000 
241      241   (0)      6 :  0.3456 0.0000 0.1550 0.0000 0.0000 0.2757 0.0000 0.0000 0.2137 0.0000 0.0000 0.0000 0.0101 0.0000 0.0000 
242      242   (0)      6 :  0.0488 0.0000 0.3653 0.0000 0.0089 0.1255 0.0000 0.0000 0.2808 0.0000 0.1102 0.0030 0.0575 0.0000 0.0000 
243      243   (0)      6 :  0.1354 0.0381 0.1226 0.0000 0.0266 0.1102 0.0000 0.0000 0.2904 0.0000 0.1612 0.0160 0.0996 0.0000 0.0000 
244      244   (0)      6 :  0.0001 0.0000 0.2131 0.0000 0.0000 0.3613 0.0000 0.0000 0.3522 0.0000 0.0533 0.0000 0.0201 0.0000 0.0000 
245      245   (0)      6 :  0.4621 0.0000 0.1531 0.0000 0.0195 0.1496 0.0000 0.0000 0.1766 0.0000 0.0159 0.0035 0.0198 0.0000 0.0000 
246      246   (0)      6 :  0.0455 0.0000 0.4596 0.0000 0.0259 0.0336 0.0000 0.0000 0.3633 0.0000 0.0489 0.0000 0.0231 0.0000 0.0000 
247      247   (0)      6 :  0.1980 0.0000 0.2066 0.0000 0.0191 0.1517 0.0000 0.0000 0.2837 0.0000 0.0053 0.0104 0.1253 0.0000 0.0000 
248      248   (0)      6 :  0.3627 0.0000 0.1815 0.0000 0.0500 0.0221 0.0000 0.0000 0.2990 0.0000 0.0652 0.0049 0.0145 0.0000 0.0000 
249      249   (0)      7 :  0.3571 0.0000 0.0983 0.0000 0.0061 0.3034 0.0000 0.0000 0.1764 0.0000 0.0054 0.0000 0.0532 0.0000 0.0000 
250      250   (0)      7 :  0.0216 0.0000 0.0587 0.0000 0.0000 0.1236 0.0000 0.0000 0.6034 0.0000 0.1000 0.0000 0.0928 0.0000 0.0000 
251      251   (0)      7 :  0.0327 0.0000 0.4094 0.0000 0.0325 0.2136 0.0000 0.0000 0.2501 0.0000 0.0611 0.0000 0.0006 0.0000 0.0000 
252      252   (0)      7 :  0.2492 0.0000 0.3009 0.0000 0.0039 0.0992 0.0000 0.0000 0.2173 0.0000 0.0107 0.0012 0.1177 0.0000 0.0000 
253      253   (0)      7 :  0.0833 0.0000 0.4000 0.0000 0.0000 0.1026 0.0000 0.0000 0.2760 0.0000 0.0712 0.0051 0.0617 0.0000 0.0000 
254      254   (0)      7 :  0.2338 0.0038 0.3850 0.0000 0.0000 0.1132 0.0000 0.0000 0.1537 0.0000 0.0360 0.0089 0.0655 0.0000 0.0000 
255      255   (0)      7 :  0.3452 0.0000 0.1123 0.0000 0.0000 0.1774 0.0000 0.0000 0.3077 0.0000 0.0035 0.0003 0.0536 0.0000 0.0000 
256      256   (0)      7 :  0.2369 0.0000 0.2111 0.0000 0.0020 0.2091 0.0000 0.0000 0.2075 0.0000 0.0231 0.0000 0.1104 0.0000 0.0000 
257      257   (0)      7 :  0.0161 0.0000 0.0270 0.0000 0.0000 0.8315 0.0000 0.0000 0.0154 0.0000 0.0135 0.0000 0.0964 0.0000 0.0000 
258      258   (0)      7 :  0.1049 0.0000 0.1781 0.0000 0.0000 0.3861 0.0000 0.0000 0.1895 0.0000 0.1284 0.0000 0.0129 0.0000 0.0000 
259      259   (0)      7 :  0.0171 0.0000 0.0558 0.0000 0.0000 0.4361 0.0000 0.0000 0.4232 0.0000 0.0177 0.0000 0.0500 0.0000 0.0000 
260      260   (0)      7 :  0.3853 0.0000 0.1948 0.0000 0.0000 0.1933 0.0000 0.0000 0.1445 0.0000 0.0484 0.0163 0.0175 0.0000 0.0000 
261      261   (0)      7 :  0.0383 0.0000 0.1975 0.0000 0.1167 0.1690 0.0000 0.0000 0.3862 0.0000 0.0000 0.0000 0.0923 0.0000 0.0000 
262      262   (0)      7 :  0.1280 0.0000 0.3788 0.0000 0.0088 0.1281 0.0000 0.0000 0.2450 0.0000 0.0780 0.0000 0.0333 0.0000 0.0000 
263      263   (0)      7 :  0.2965 0.0033 0.2520 0.0000 0.0138 0.1379 0.0000 0.0000 0.1722 0.0000 0.1100 0.0000 0.0142 0.0000 0.0000 
264      264   (0)      7 :  0.3930 0.0009 0.1510 0.0000 0.0000 0.0661 0.0000 0.0000 0.2735 0.0000 0.0231 0.0000 0.0924 0.0000 0.0000 
265      265   (0)      7 :  0.0391 0.0000 0.4566 0.0000 0.0000 0.1988 0.0000 0.0000 0.1385 0.0000 0.0930 0.0217 0.0523 0.0000 0.0000 
266      266   (0)      7 :  0.0473 0.0037 0.3121 0.0000 0.0000 0.0597 0.0000 0.0000 0.3709 0.0000 0.1052 0.0314 0.0699 0.0000 0.0000 
267      267   (0)      7 :  0.0516 0.0077 0.7117 0.0000 0.0000 0.1194 0.0000 0.0000 0.0379 0.0000 0.0541 0.0000 0.0158 0.0017 0.0000 
268      268   (0)      7 :  0.0856 0.0000 0.1035 0.0000 0.0203 0.1684 0.0000 0.0000 0.4448 0.0000 0.0415 0.0000 0.1359 0.0000 0.0000 
269      269   (0)      7 :  0.1382 0.0083 0.3061 0.0000 0.0049 0.1141 0.0000 0.0000 0.2028 0.0000 0.1035 0.0149 0.1072 0.0000 0.0000 
270      270   (0)      7 :  0.1114 0.0064 0.0761 0.0000 0.0223 0.1624 0.0000 0.0000 0.5478 0.0000 0.0002 0.0000 0.0734 0.0000 0.0000 
271      271   (0)      7 :  0.0700 0.0000 0.2177 0.0000 0.0263 0.0649 0.0000 0.0000 0.3817 0.0000 0.0884 0.0000 0.1509 0.0000 0.0000 
272      272   (0)      7 :  0.0771 0.0000 0.6271 0.0000 0.0000 0.0167 0.0000 0.0000 0.2288 0.0000 0.0500 0.0000 0.0004 0.0000 0.0000 
273      273   (0)      7 :  0.0590 0.0000 0.1729 0.0000 0.0001 0.5048 0.0000 0.0000 0.1002 0.0000 0.0834 0.0084 0.0714 0.0000 0.0000 
274      274   (0)      7 :  0.2425 0.0050 0.2939 0.0000 0.0000 0.1828 0.0000 0.0000 0.0567 0.0000 0.0347 0.0520 0.1324 0.0000 0.0000 
275      275   (0)      7 :  0.0561 0.0005 0.6178 0.0000 0.0201 0.1332 0.0000 0.0000 0.1492 0.0000 0.0208 0.0000 0.0007 0.0016 0.0000 
276      276   (0)      7 :  0.0922 0.0002 0.1981 0.0000 0.0190 0.1797 0.0000 0.0000 0.4410 0.0000 0.0081 0.0000 0.0617 0.0000 0.0000 
277      277   (0)      7 :  0.0678 0.0000 0.1172 0.0000 0.0000 0.0463 0.0000 0.0000 0.5976 0.0000 0.0489 0.0009 0.1213 0.0000 0.0000 
278      278   (0)      7 :  0.0539 0.0005 0.1195 0.0000 0.0102 0.1158 0.0000 0.0000 0.5210 0.0000 0.1306 0.0195 0.0289 0.0000 0.0000 
279      279   (0)      8 :  0.0740 0.0000 0.2594 0.0000 0.0000 0.1692 0.0000 0.0000 0.1352 0.0000 0.0663 0.0153 0.2805 0.0000 0.0000 
280      280   (0)      8 :  0.0434 0.0001 0.3294 0.0000 0.0000 0.1473 0.0000 0.0000 0.2399 0.0000 0.0222 0.0009 0.2168 0.0000 0.0000 
281      281   (0)      8 :  0.0655 0.0000 0.4172 0.0000 0.0000 0.3042 0.0000 0.0000 0.1292 0.0000 0.0000 0.0023 0.0816 0.0000 0.0000 
282      282   (0)      8 :  0.1140 0.0000 0.0754 0.0000 0.0123 0.5103 0.0000 0.0000 0.1405 0.0000 0.0000 0.0021 0.1453 0.0000 0.0000 
283      283   (0)      8 :  0.1023 0.0020 0.2669 0.0000 0.0573 0.2605 0.0000 0.0000 0.2492 0.0000 0.0256 0.0112 0.0237 0.0015 0.0000 
284      284   (0)      8 :  0.1151 0.0000 0.2105 0.0000 0.0093 0.0441 0.0000 0.0000 0.5074 0.0000 0.0657 0.0016 0.0462 0.0000 0.0000 
285      285   (0)      8 :  0.2146 0.0000 0.1942 0.0000 0.0059 0.1473 0.0000 0.0000 0.3611 0.0000 0.0571 0.0053 0.0145 0.0000 0.0000 
286      286   (0)      8 :  0.0334 0.0013 0.2330 0.0000 0.0496 0.2754 0.0000 0.0000 0.3043 0.0000 0.0075 0.0000 0.0955 0.0000 0.0000 
287      287   (0)      8 :  0.2258 0.0000 0.1489 0.0000 0.0000 0.2932 0.0000 0.0000 0.1673 0.0000 0.0239 0.0000 0.1409 0.0000 0.0000 
288      288   (0)      8 :  0.0755 0.0145 0.4795 0.0000 0.0000 0.1262 0.0000 0.0000 0.0923 0.0000 0.0657 0.0000 0.1463 0.0000 0.0000 
289      289   (0)      8 :  0.3513 0.0012 0.3549 0.0000 0.0000 0.1711 0.0000 0.0000 0.0678 0.0000 0.0500 0.0017 0.0000 0.0021 0.0000 
290      290   (0)      5 :  0.1083 0.0000 0.2418 0.0000 0.0000 0.0965 0.0000 0.0000 0.3327 0.0000 0.1777 0.0189 0.0239 0.0002 0.0000 
291      291   (0)      5 :  0.0843 0.0000 0.0909 0.0000 0.0000 0.6247 0.0000 0.0000 0.1046 0.0000 0.0094 0.0000 0.0861 0.0000 0.0000 
292      292   (0)      5 :  0.0552 0.0010 0.5507 0.0000 0.0000 0.0903 0.0000 0.0000 0.2521 0.0000 0.0500 0.0007 0.0000 0.0000 0.0000 
293      293   (0)      5 :  0.1131 0.0000 0.3235 0.0000 0.0002 0.1635 0.0000 0.0000 0.0846 0.0000 0.1202 0.0553 0.1397 0.0000 0.0000 
294      294   (0)      5 :  0.1639 0.0036 0.4291 0.0000 0.0001 0.1427 0.0000 0.0000 0.1759 0.0000 0.0218 0.0000 0.0628 0.0000 0.0000 
295      295   (0)      5 :  0.0729 0.0000 0.3146 0.0000 0.0000 0.2518 0.0000 0.0000 0.2125 0.0000 0.1066 0.0108 0.0308 0.0000 0.0000 
296      296   (0)      5 :  0.0965 0.0066 0.1141 0.0000 0.0526 0.4164 0.0000 0.0000 0.0199 0.0000 0.0317 0.0279 0.2332 0.0012 0.0000 
297      297   (0)      5 :  0.2605 0.0119 0.1855 0.0000 0.1004 0.2062 0.0000 0.0000 0.0476 0.0000 0.0639 0.0008 0.1206 0.0025 0.0000 
298      298   (0)      5 :  0.1127 0.0000 0.1259 0.0000 0.0000 0.0546 0.0000 0.0000 0.6177 0.0000 0.0474 0.0000 0.0418 0.0000 0.0000 
299      299   (0)      5 :  0.0773 0.0006 0.3361 0.0000 0.0120 0.1781 0.0000 0.0000 0.2961 0.0000 0.0416 0.0000 0.0581 0.0000 0.0000 
300      300   (0)      5 :  0.1104 0.0000 0.3679 0.0000 0.0000 0.1618 0.0000 0.0000 0.2389 0.0000 0.0494 0.0000 0.0716 0.0000 0.0000 
301      301   (0)      5 :  0.0500 0.0000 0.2262 0.0000 0.0287 0.3630 0.0000 0.0000 0.1678 0.0000 0.0499 0.0000 0.1143 0.0000 0.0000 
302      302   (0)      5 :  0.1148 0.0000 0.1943 0.0000 0.0000 0.1511 0.0000 0.0000 0.3292 0.0000 0.0519 0.0141 0.1445 0.0000 0.0000 
303      303   (0)      5 :  0.1610 0.0000 0.3464 0.0000 0.0000 0.1081 0.0000 0.0000 0.2066 0.0000 0.1070 0.0120 0.0588 0.0000 0.0000 
304      304   (0)      5 :  0.3267 0.0000 0.3358 0.0000 0.0156 0.1503 0.0000 0.0000 0.0981 0.0000 0.0641 0.0015 0.0080 0.0000 0.0000 
305      305   (0)      5 :  0.2023 0.0001 0.2383 0.0000 0.0115 0.2781 0.0000 0.0000 0.1280 0.0000 0.0019 0.0072 0.1320 0.0004 0.0000 
306      306   (0)      5 :  0.0738 0.0000 0.1124 0.0000 0.0000 0.4425 0.0000 0.0000 0.2580 0.0000 0.1003 0.0000 0.0130 0.0000 0.0000 
307      307   (0)      5 :  0.2255 0.0419 0.1146 0.0000 0.0092 0.1765 0.0000 0.0000 0.2552 0.0000 0.0599 0.0080 0.1091 0.0000 0.0000 
308      308   (0)      5 :  0.1182 0.0030 0.1213 0.0000 0.0000 0.5423 0.0000 0.0000 0.0720 0.0000 0.0646 0.0277 0.0509 0.0000 0.0000 
309      309   (0)      5 :  0.0258 0.0013 0.4856 0.0000 0.0199 0.1111 0.0000 0.0000 0.1954 0.0000 0.0789 0.0010 0.0810 0.0000 0.0000 
310      310   (0)      5 :  0.0413 0.0010 0.0952 0.0000 0.0000 0.1912 0.0000 0.0000 0.4358 0.0000 0.0648 0.0000 0.1708 0.0000 0.0000 
311      311   (0)      5 :  0.1277 0.0011 0.1044 0.0000 0.0500 0.3367 0.0000 0.0000 0.2886 0.0000 0.0186 0.0088 0.0640 0.0000 0.0000 
312      312   (0)      5 :  0.0354 0.0030 0.1426 0.0000 0.0155 0.3772 0.0000 0.0000 0.2989 0.0000 0.0681 0.0189 0.0403 0.0000 0.0000 
313      313   (0)      5 :  0.1872 0.0000 0.3573 0.0000 0.0127 0.2886 0.0000 0.0000 0.0510 0.0000 0.0882 0.0151 0.0000 0.0000 0.0000 
314      314   (0)      5 :  0.0888 0.0002 0.2267 0.0000 0.0597 0.2718 0.0000 0.0000 0.3266 0.0000 0.0063 0.0000 0.0200 0.0000 0.0000 
315      315   (0)      5 :  0.1262 0.0000 0.1656 0.0000 0.0321 0.0942 0.0000 0.0000 0.4865 0.0000 0.0075 0.0030 0.0850 0.0000 0.0000 
316      316   (0)      5 :  0.1470 0.0000 0.3708 0.0000 0.0546 0.2811 0.0000 0.0000 0.0297 0.0000 0.0735 0.0009 0.0423 0.0000 0.0000 
317      317   (0)      5 :  0.0723 0.0000 0.3779 0.0000 0.0000 0.0188 0.0000 0.0000 0.3844 0.0000 0.0832 0.0000 0.0634 0.0000 0.0000 
318      318   (0)      8 :  0.0216 0.0000 0.5155 0.0000 0.1000 0.1107 0.0000 0.0000 0.2254 0.0000 0.0268 0.0000 0.0000 0.0001 0.0000 
319      319   (0)      8 :  0.0717 0.0000 0.3406 0.0000 0.0323 0.1983 0.0000 0.0000 0.1907 0.0000 0.1131 0.0000 0.0534 0.0000 0.0000 
320      320   (0)      9 :  0.1119 0.0000 0.0445 0.0000 0.0284 0.2680 0.0000 0.0000 0.3854 0.0000 0.0721 0.0001 0.0895 0.0000 0.0000 
321      321   (0)      9 :  0.0524 0.0000 0.1627 0.0000 0.0000 0.1190 0.0000 0.0000 0.4575 0.0000 0.0969 0.0044 0.0988 0.0082 0.0000 
322      322   (0)      9 :  0.0885 0.0000 0.3380 0.0000 0.0596 0.2000 0.0000 0.0000 0.2137 0.0000 0.0468 0.0003 0.0532 0.0000 0.0000 
323      323   (0)      9 :  0.1833 0.0007 0.3329 0.0000 0.0213 0.0955 0.0000 0.0000 0.1971 0.0000 0.0965 0.0000 0.0727 0.0000 0.0000 
324      324   (0)      9 :  0.1111 0.0000 0.2876 0.0000 0.0000 0.1966 0.0000 0.0000 0.1910 0.0000 0.0000 0.0000 0.2137 0.0000 0.0000 
325      325   (0)      8 :  0.2577 0.0000 0.2246 0.0000 0.0000 0.1010 0.0000 0.0000 0.2021 0.0000 0.1394 0.0252 0.0500 0.0000 0.0000 
326      326   (0)      8 :  0.0751 0.0000 0.2351 0.0000 0.0000 0.1369 0.0000 0.0000 0.4065 0.0000 0.0644 0.0000 0.0820 0.0000 0.0000 
327      327   (0)      8 :  0.1788 0.0000 0.1847 0.0000 0.0000 0.2689 0.0000 0.0000 0.1408 0.0000 0.0576 0.0257 0.1435 0.0000 0.0000 
328      328   (0)      8 :  0.0774 0.0000 0.5338 0.0000 0.0177 0.0878 0.0000 0.0000 0.1729 0.0000 0.0222 0.0036 0.0847 0.0000 0.0000 
329      329   (0)      8 :  0.2616 0.0000 0.2011 0.0000 0.0120 0.0647 0.0000 0.0000 0.3998 0.0000 0.0311 0.0000 0.0298 0.0000 0.0000 
330      330   (0)      9 :  0.0315 0.0010 0.1243 0.0000 0.0000 0.2214 0.0000 0.0000 0.5212 0.0000 0.0675 0.0015 0.0316 0.0000 0.0000 
331      331   (0)      9 :  0.0718 0.0000 0.1846 0.0000 0.0059 0.0861 0.0000 0.0000 0.5251 0.0000 0.0681 0.0000 0.0584 0.0000 0.0000 
332      332   (0)      9 :  0.0136 0.0000 0.0492 0.0000 0.0000 0.4678 0.0000 0.0000 0.4329 0.0000 0.0000 0.0006 0.0360 0.0000 0.0000 
333      333   (0)      9 :  0.2237 0.0000 0.3595 0.0000 0.1000 0.0383 0.0000 0.0000 0.2170 0.0000 0.0333 0.0000 0.0282 0.0000 0.0000 
334      334   (0)      9 :  0.0665 0.0000 0.2514 0.0000 0.0134 0.3609 0.0000 0.0000 0.1959 0.0000 0.0729 0.0059 0.0330 0.0000 0.0000 
335      335   (0)      9 :  0.1750 0.0000 0.4199 0.0000 0.0000 0.1439 0.0000 0.0000 0.1446 0.0000 0.0000 0.0000 0.1167 0.0000 0.0000 
336      336   (0)      8 :  0.1474 0.0000 0.1623 0.0000 0.0000 0.2179 0.0000 0.0000 0.3015 0.0000 0.0000 0.0002 0.1706 0.0000 0.0000 
337      337   (0)      8 :  0.0324 0.0000 0.0607 0.0000 0.0000 0.6551 0.0000 0.0000 0.1344 0.0000 0.0000 0.0048 0.1127 0.0000 0.0000 
338      338   (0)      8 :  0.1579 0.0000 0.0980 0.0000 0.0003 0.5440 0.0000 0.0000 0.0960 0.0000 0.0605 0.0076 0.0356 0.0000 0.0000 
339      339   (0)      8 :  0.1502 0.0000 0.1822 0.0000 0.0000 0.2800 0.0000 0.0000 0.2182 0.0000 0.0594 0.0143 0.0956 0.0000 0.0000 
340      340   (0)      8 :  0.0826 0.0000 0.1534 0.0000 0.0000 0.4235 0.0000 0.0000 0.2024 0.0000 0.0018 0.0183 0.1180 0.0000 0.0000 
341      341   (0)      8 :  0.0795 0.0189 0.1078 0.0000 0.0344 0.3555 0.0000 0.0000 0.1748 0.0000 0.0825 0.0204 0.1261 0.0000 0.0000 
342      342   (0)      8 :  0.0896 0.0000 0.1417 0.0000 0.0180 0.3872 0.0000 0.0000 0.2067 0.0000 0.0152 0.0000 0.1417 0.0000 0.0000 
343      343   (0)      9 :  0.3389 0.0000 0.1464 0.0000 0.0500 0.2397 0.0000 0.0000 0.1874 0.0000 0.0119 0.0025 0.0233 0.0000 0.0000 
344      344   (0)      9 :  0.2521 0.0000 0.1651 0.0000 0.0000 0.2510 0.0000 0.0000 0.2595 0.0000 0.0355 0.0000 0.0368 0.0000 0.0000 
345      345   (0)      9 :  0.0810 0.0000 0.0885 0.0000 0.0000 0.1050 0.0000 0.0000 0.5049 0.0000 0.0573 0.0000 0.1632 0.0000 0.0000 
346      346   (0)      9 :  0.1583 0.0060 0.1104 0.0000 0.0000 0.2299 0.0000 0.0000 0.3868 0.0000 0.0302 0.0184 0.0599 0.0000 0.0000 
347      347   (0)      9 :  0.4178 0.0030 0.1003 0.0000 0.0500 0.0522 0.0000 0.0000 0.3335 0.0000 0.0431 0.0000 0.0000 0.0000 0.0000 
348      348   (0)      9 :  0.0236 0.0029 0.2105 0.0000 0.0000 0.3182 0.0000 0.0000 0.3408 0.0000 0.0231 0.0116 0.0692 0.0000 0.0000 
349      349   (0)      9 :  0.2751 0.0254 0.1445 0.0000 0.0003 0.2110 0.0000 0.0000 0.2183 0.0000 0.1000 0.0132 0.0121 0.0000 0.0000 
350      350   (0)      9 :  0.1799 0.0000 0.2161 0.0000 0.0117 0.1830 0.0000 0.0000 0.1610 0.0000 0.1343 0.0032 0.1108 0.0000 0.0000 
351      351   (0)      9 :  0.0527 0.0180 0.3227 0.0000 0.0157 0.2336 0.0000 0.0000 0.2217 0.0000 0.1294 0.0000 0.0062 0.0000 0.0000 
352      352   (0)      9 :  0.2262 0.0038 0.1667 0.0000 0.0005 0.4524 0.0000 0.0000 0.0660 0.0000 0.0819 0.0002 0.0025 0.0000 0.0000 
353      353   (0)      9 :  0.0724 0.0121 0.1482 0.0000 0.0034 0.3937 0.0000 0.0000 0.2671 0.0000 0.0869 0.0005 0.0156 0.0000 0.0000 
354      354   (0)      9 :  0.1121 0.0000 0.1597 0.0000 0.0000 0.1115 0.0000 0.0000 0.4298 0.0000 0.1050 0.0000 0.0820 0.0000 0.0000 
355      355   (0)      9 :  0.1840 0.0000 0.2297 0.0000 0.0900 0.0426 0.0000 0.0000 0.3506 0.0000 0.0141 0.0078 0.0812 0.0000 0.0000 
356      356   (0)      9 :  0.2306 0.0055 0.1625 0.0000 0.0325 0.0727 0.0000 0.0000 0.3758 0.0000 0.0761 0.0000 0.0444 0.0000 0.0000 
357      357   (0)      9 :  0.1042 0.0000 0.3094 0.0000 0.1145 0.1561 0.0000 0.0000 0.2616 0.0000 0.0020 0.0000 0.0522 0.0000 0.0000 
358      358   (0)      9 :  0.0764 0.0095 0.1409 0.0000 0.0000 0.2007 0.0000 0.0000 0.4243 0.0000 0.1029 0.0000 0.0453 0.0000 0.0000 
359      359   (0)      9 :  0.1019 0.0033 0.2400 0.0000 0.0000 0.3886 0.0000 0.0000 0.1390 0.0000 0.0785 0.0000 0.0487 0.0000 0.0000 
360      360   (0)      9 :  0.0226 0.0000 0.1734 0.0000 0.0123 0.4866 0.0000 0.0000 0.1973 0.0000 0.0712 0.0000 0.0367 0.0000 0.0000 
361      361   (0)      9 :  0.0973 0.0000 0.2787 0.0000 0.0081 0.1583 0.0000 0.0000 0.2578 0.0000 0.0932 0.0000 0.1066 0.0000 0.0000 
362      362   (0)     10 :  0.0540 0.0000 0.1198 0.0000 0.0006 0.1418 0.0000 0.0000 0.5013 0.0000 0.0682 0.0000 0.1142 0.0000 0.0000 
363      363   (0)     10 :  0.0288 0.0000 0.1136 0.0000 0.0000 0.0278 0.0000 0.0000 0.6813 0.0000 0.1014 0.0000 0.0471 0.0000 0.0000 
364      364   (0)     10 :  0.1055 0.0000 0.2103 0.0000 0.0001 0.0472 0.0000 0.0000 0.4936 0.0000 0.0257 0.0000 0.1173 0.0003 0.0000 
365      365   (0)     10 :  0.0934 0.0000 0.3058 0.0000 0.0110 0.1670 0.0000 0.0000 0.2853 0.0000 0.0578 0.0000 0.0755 0.0041 0.0000 
366      366   (0)     10 :  0.3068 0.0000 0.5119 0.0000 0.0000 0.0740 0.0000 0.0000 0.0861 0.0000 0.0000 0.0000 0.0212 0.0000 0.0000 
367      367   (0)     10 :  0.0991 0.0134 0.1673 0.0000 0.0626 0.1038 0.0000 0.0000 0.4611 0.0000 0.0125 0.0000 0.0805 0.0000 0.0000 
368      368   (0)     10 :  0.2121 0.0000 0.1805 0.0000 0.0000 0.3790 0.0000 0.0000 0.0570 0.0000 0.1213 0.0500 0.0001 0.0000 0.0000 
369      369   (0)     10 :  0.2822 0.0000 0.3007 0.0000 0.0000 0.2706 0.0000 0.0000 0.0398 0.0000 0.0886 0.0181 0.0000 0.0000 0.0000 
370      370   (0)     10 :  0.1563 0.0318 0.2730 0.0000 0.0247 0.1970 0.0000 0.0000 0.1647 0.0000 0.0115 0.0000 0.1411 0.0000 0.0000 
371      371   (0)     10 :  0.3778 0.0007 0.2597 0.0000 0.0435 0.0058 0.0000 0.0000 0.2674 0.0000 0.0448 0.0000 0.0003 0.0000 0.0000 
372      372   (0)     10 :  0.1610 0.0000 0.2360 0.0000 0.0000 0.1975 0.0000 0.0000 0.2187 0.0000 0.0286 0.0166 0.1417 0.0000 0.0000 
373      373   (0)     10 :  0.0529 0.0000 0.0948 0.0000 0.0000 0.1918 0.0000 0.0000 0.5073 0.0000 0.0648 0.0000 0.0885 0.0000 0.0000 
374      374   (0)     10 :  0.3342 0.0000 0.0717 0.0000 0.0000 0.1195 0.0000 0.0000 0.3921 0.0000 0.0000 0.0000 0.0824 0.0000 0.0000 
375      375   (0)     10 :  0.1216 0.0000 0.2885 0.0000 0.0064 0.1013 0.0000 0.0000 0.3873 0.0000 0.0452 0.0000 0.0496 0.0000 0.0000 
376      376   (0)     10 :  0.0987 0.0000 0.3415 0.0000 0.0000 0.1520 0.0000 0.0000 0.2504 0.0000 0.0629 0.0116 0.0830 0.0000 0.0000 
377      377   (0)     10 :  0.1296 0.0039 0.2428 0.0000 0.0000 0.1697 0.0000 0.0000 0.2839 0.0000 0.0399 0.0339 0.0963 0.0000 0.0000 
378      378   (0)     10 :  0.1085 0.0000 0.0523 0.0000 0.0000 0.1640 0.0000 0.0000 0.6473 0.0000 0.0272 0.0000 0.0006 0.0000 0.0000 
379      379   (0)     10 :  0.1001 0.0386 0.2774 0.0000 0.1005 0.1461 0.0000 0.0000 0.2081 0.0000 0.0864 0.0073 0.0353 0.0002 0.0000 
380      380   (0)     10 :  0.3174 0.0000 0.3347 0.0000 0.0000 0.2559 0.0000 0.0000 0.0234 0.0000 0.0666 0.0000 0.0020 0.0000 0.0000 
381      381   (0)     10 :  0.0056 0.0000 0.0216 0.0000 0.0131 0.4308 0.0000 0.0000 0.3987 0.0000 0.0294 0.0000 0.1007 0.0000 0.0000 
382      382   (0)     10 :  0.1483 0.0000 0.3964 0.0000 0.0404 0.0823 0.0000 0.0000 0.2792 0.0000 0.0254 0.0000 0.0279 0.0000 0.0000 
383      383   (0)     10 :  0.0957 0.0300 0.0813 0.0000 0.0569 0.4315 0.0000 0.0000 0.2274 0.0000 0.0266 0.0067 0.0438 0.0000 0.0000 
384      384   (0)     10 :  0.0409 0.0000 0.4400 0.0000 0.0505 0.0316 0.0000 0.0000 0.4073 0.0000 0.0277 0.0000 0.0001 0.0018 0.0000 
385      385   (0)     10 :  0.0574 0.0000 0.2051 0.0000 0.0000 0.2684 0.0000 0.0000 0.3634 0.0000 0.0124 0.0000 0.0934 0.0000 0.0000 
386      386   (0)     10 :  0.1222 0.0029 0.4023 0.0000 0.0000 0.1805 0.0000 0.0000 0.1530 0.0000 0.0820 0.0504 0.0067 0.0000 0.0000 
387      387   (0)     10 :  0.0737 0.0000 0.0426 0.0000 0.0000 0.2643 0.0000 0.0000 0.4995 0.0000 0.0523 0.0000 0.0659 0.0016 0.0000 
388      388   (0)     10 :  0.1739 0.0003 0.0612 0.0000 0.0500 0.2646 0.0000 0.0000 0.4092 0.0000 0.0150 0.0000 0.0258 0.0000 0.0000 
389      389   (0)     10 :  0.1114 0.0000 0.2543 0.0000 0.0000 0.2748 0.0000 0.0000 0.2066 0.0000 0.0716 0.0210 0.0602 0.0000 0.0000 
390      390   (0)      8 :  0.0400 0.0210 0.3855 0.0000 0.0683 0.2668 0.0000 0.0000 0.1553 0.0000 0.0440 0.0095 0.0096 0.0000 0.0000 
391      391   (0)      8 :  0.1007 0.0000 0.4003 0.0000 0.0484 0.1029 0.0000 0.0000 0.1596 0.0000 0.0490 0.0207 0.1182 0.0003 0.0000 
392      392   (0)      8 :  0.2748 0.0011 0.2718 0.0000 0.0000 0.3476 0.0000 0.0000 0.0386 0.0000 0.0655 0.0006 0.0000 0.0000 0.0000 
393      393   (0)     11 :  0.4815 0.0000 0.1622 0.0000 0.0000 0.1010 0.0000 0.0000 0.2142 0.0000 0.0411 0.0001 0.0000 0.0000 0.0000 
394      394   (0)     11 :  0.0559 0.0000 0.0810 0.0000 0.0000 0.3411 0.0000 0.0000 0.3915 0.0000 0.0127 0.0003 0.1175 0.0000 0.0000 
395      395   (0)     11 :  0.1322 0.0028 0.3296 0.0000 0.0489 0.2302 0.0003 0.0000 0.1197 0.0114 0.0038 0.0128 0.1083 0.0000 0.0000 
396      396   (0)     11 :  0.4575 0.0142 0.1687 0.0000 0.0422 0.1363 0.0000 0.0000 0.0802 0.0229 0.0189 0.0000 0.0513 0.0000 0.0077 
397      397   (0)     11 :  0.0591 0.0000 0.1340 0.0000 0.1000 0.2926 0.0000 0.0000 0.2968 0.0000 0.0001 0.0003 0.1160 0.0011 0.0000 
398      398   (0)     11 :  0.0738 0.0000 0.5952 0.0000 0.0000 0.1037 0.0000 0.0000 0.1503 0.0000 0.0252 0.0183 0.0334 0.0000 0.0000 
399      399   (0)     11 :  0.2981 0.0000 0.2095 0.0000 0.0000 0.1389 0.0000 0.0000 0.2495 0.0000 0.0063 0.0000 0.0976 0.0000 0.0000 
400      400   (0)     11 :  0.0643 0.0000 0.1890 0.0000 0.0000 0.3237 0.0000 0.0000 0.3565 0.0000 0.0405 0.0000 0.0245 0.0015 0.0000 
401      401   (0)     11 :  0.2913 0.0000 0.2498 0.0000 0.0000 0.1528 0.0000 0.0000 0.2292 0.0000 0.0025 0.0000 0.0717 0.0000 0.0028 
402      402   (0)     11 :  0.1846 0.0000 0.0985 0.0000 0.0116 0.1301 0.0000 0.0000 0.4666 0.0000 0.0636 0.0051 0.0398 0.0000 0.0000 
403      403   (0)     11 :  0.0361 0.0000 0.2650 0.0000 0.0000 0.3349 0.0000 0.0000 0.2581 0.0000 0.0600 0.0009 0.0451 0.0000 0.0000 
404      404   (0)     11 :  0.1346 0.0034 0.4174 0.0000 0.0803 0.1693 0.0000 0.0000 0.1304 0.0000 0.0199 0.0000 0.0447 0.0000 0.0000 
405      405   (0)     11 :  0.0850 0.0629 0.4250 0.0000 0.0000 0.2476 0.0000 0.0000 0.0434 0.0012 0.0348 0.0120 0.0881 0.0000 0.0000 
406      406   (0)     11 :  0.1113 0.0000 0.5167 0.0000 0.0000 0.1512 0.0000 0.0000 0.1323 0.0000 0.0881 0.0002 0.0000 0.0000 0.0003 
407      407   (0)     11 :  0.2659 0.0000 0.3158 0.0000 0.0145 0.1170 0.0000 0.0000 0.1678 0.0000 0.0383 0.0011 0.0797 0.0000 0.0000 
408      408   (0)     11 :  0.0917 0.0008 0.3893 0.0000 0.0000 0.2466 0.0000 0.0000 0.0613 0.0000 0.0275 0.0115 0.1714 0.0000 0.0000 
409      409   (0)     11 :  0.2727 0.0019 0.1108 0.0000 0.0686 0.1848 0.0008 0.0003 0.2993 0.0000 0.0288 0.0108 0.0188 0.0025 0.0000 
410      410   (0)     11 :  0.2598 0.0000 0.1145 0.0000 0.0302 0.0940 0.0000 0.0000 0.3505 0.0000 0.0395 0.0010 0.1105 0.0000 0.0000 
411      411   (0)     11 :  0.1296 0.0000 0.2316 0.0000 0.0644 0.1497 0.0000 0.0000 0.2753 0.0000 0.0462 0.0196 0.0835 0.0000 0.0000 
412      412   (0)     11 :  0.0525 0.0000 0.2749 0.0000 0.0000 0.3032 0.0000 0.0000 0.2396 0.0000 0.0474 0.0013 0.0810 0.0000 0.0000 
413      413   (0)     11 :  0.1618 0.0144 0.1498 0.0000 0.0000 0.2336 0.0000 0.0000 0.2044 0.0000 0.0197 0.0278 0.1885 0.0000 0.0000 
414      414   (0)     11 :  0.1281 0.0000 0.1488 0.0000 0.0650 0.2796 0.0000 0.0000 0.1917 0.0000 0.0000 0.0000 0.1867 0.0000 0.0000 
415      415   (0)     11 :  0.1990 0.0000 0.2806 0.0000 0.0220 0.1536 0.0000 0.0000 0.1935 0.0000 0.0584 0.0052 0.0876 0.0000 0.0000 
416      416   (0)     11 :  0.1039 0.0014 0.3688 0.0000 0.1000 0.0809 0.0000 0.0000 0.2063 0.0000 0.0738 0.0296 0.0354 0.0000 0.0000 
417      417   (0)     11 :  0.1158 0.0000 0.1762 0.0000 0.0000 0.1942 0.0000 0.0000 0.2599 0.0000 0.0500 0.0000 0.2038 0.0000 0.0000 
418      418   (0)     11 :  0.2473 0.0192 0.0910 0.0000 0.0760 0.2861 0.0000 0.0000 0.2031 0.0025 0.0171 0.0000 0.0501 0.0000 0.0076 
419      419   (0)     11 :  0.2541 0.0004 0.2389 0.0000 0.0000 0.3232 0.0000 0.0000 0.0196 0.0000 0.0624 0.0164 0.0849 0.0000 0.0000 
420      420   (0)     11 :  0.4376 0.0000 0.1713 0.0000 0.0000 0.0709 0.0000 0.0000 0.2342 0.0000 0.0000 0.0005 0.0856 0.0000 0.0000 
421      421   (0)     11 :  0.2221 0.0005 0.2068 0.0000 0.0000 0.1959 0.0000 0.0000 0.0599 0.0000 0.1255 0.0517 0.1372 0.0003 0.0000 
422      422   (0)     11 :  0.0886 0.0004 0.1535 0.0000 0.0000 0.2140 0.0000 0.0000 0.3028 0.0000 0.0859 0.0000 0.1549 0.0000 0.0000 
423      423   (0)     12 :  0.0000 0.0000 0.0000 0.0000 0.0000 0.0000 0.0000 0.0000 0.0000 0.2963 0.1237 0.0000 0.0012 0.0000 0.5789 
424      424   (0)     12 :  0.0059 0.7799 0.0416 0.0000 0.0004 0.0081 0.0000 0.0000 0.0709 0.0000 0.0080 0.0792 0.0061 0.0000 0.0000 
425      425   (0)     12 :  0.0000 0.0000 0.0000 0.0000 0.0024 0.0000 0.0000 0.0000 0.0000 0.3978 0.1254 0.0000 0.0000 0.0000 0.4744 
426      426   (0)     12 :  0.0031 0.5740 0.0227 0.0000 0.0000 0.0201 0.0000 0.0000 0.0127 0.0000 0.0000 0.3674 0.0000 0.0000 0.0000 
427      427   (0)     12 :  0.0000 0.0000 0.0000 0.0042 0.0059 0.0000 0.0032 0.0012 0.0000 0.2550 0.1453 0.0000 0.0026 0.0000 0.5825 
428      428   (0)     12 :  0.0041 0.0095 0.0004 0.0070 0.0040 0.0000 0.0129 0.0143 0.0000 0.2993 0.0943 0.0000 0.0277 0.0000 0.5266 
429      429   (0)     12 :  0.0000 0.1366 0.0000 0.0000 0.0000 0.0000 0.0000 0.0000 0.0000 0.0000 0.0000 0.8500 0.0000 0.0134 0.0000 
430      430   (0)     12 :  0.0000 0.0000 0.0000 0.0136 0.0232 0.0000 0.0040 0.0015 0.0000 0.6197 0.0890 0.0005 0.0046 0.0000 0.2440 
431      431   (0)     12 :  0.0000 0.0000 0.0000 0.0059 0.0020 0.0000 0.0135 0.0047 0.0000 0.5481 0.0558 0.0028 0.0114 0.0009 0.3548 
432      432   (0)     12 :  0.0170 0.8887 0.0067 0.0000 0.0000 0.0287 0.0000 0.0000 0.0024 0.0000 0.0267 0.0298 0.0000 0.0000 0.0000 
433      433   (0)     12 :  0.0000 0.0000 0.0000 0.0000 0.0169 0.0000 0.0000 0.0000 0.0000 0.7377 0.0346 0.0094 0.0004 0.0000 0.2010 
434      434   (0)     12 :  0.0000 0.0000 0.0000 0.0000 0.0015 0.0000 0.0000 0.0000 0.0000 0.5671 0.0945 0.0002 0.0022 0.0000 0.3345 
435      435   (0)     12 :  0.0000 0.0000 0.0000 0.0055 0.0264 0.0000 0.0101 0.0089 0.0000 0.5755 0.0814 0.0127 0.0115 0.0006 0.2674 
436      436   (0)     12 :  0.0021 0.0000 0.0000 0.0018 0.0239 0.0000 0.0021 0.0079 0.0000 0.5189 0.0948 0.0000 0.0087 0.0003 0.3395 
437      437   (0)     12 :  0.0000 0.0000 0.0000 0.0000 0.0177 0.0000 0.0009 0.0021 0.0000 0.7989 0.0135 0.0240 0.0000 0.0000 0.1429 
438      438   (0)     12 :  0.0000 0.0000 0.0000 0.0024 0.0208 0.0000 0.0000 0.0000 0.0000 0.5739 0.1090 0.0000 0.0019 0.0000 0.2920 
439      439   (0)     12 :  0.0000 0.9248 0.0156 0.0000 0.0000 0.0000 0.0000 0.0000 0.0000 0.0000 0.0500 0.0096 0.0000 0.0000 0.0000 
440      440   (0)     12 :  0.0000 0.9589 0.0000 0.0000 0.0089 0.0000 0.0000 0.0000 0.0142 0.0000 0.0000 0.0180 0.0000 0.0000 0.0000 
441      441   (0)     12 :  0.0000 0.0000 0.0000 0.0003 0.0046 0.0000 0.0000 0.0000 0.0000 0.7077 0.0822 0.0000 0.0000 0.0000 0.2052 
442      442   (0)     12 :  0.0000 0.5395 0.0000 0.0000 0.0000 0.0000 0.0000 0.0000 0.0000 0.0000 0.0000 0.4553 0.0000 0.0052 0.0000 
443      443   (0)     12 :  0.0018 0.0000 0.0000 0.0038 0.0038 0.0000 0.0116 0.0037 0.0000 0.2692 0.0541 0.0000 0.0040 0.0000 0.6479 
444      444   (0)     12 :  0.0019 0.0000 0.0000 0.0000 0.0359 0.0000 0.0037 0.0000 0.0000 0.6799 0.0399 0.0000 0.0000 0.0000 0.2387 
445      445   (0)     12 :  0.0000 0.0000 0.0000 0.0118 0.0095 0.0000 0.0033 0.0013 0.0000 0.1420 0.0758 0.0000 0.0002 0.0000 0.7561 
446      446   (0)     12 :  0.0000 0.0000 0.0000 0.0000 0.0000 0.0000 0.0032 0.0000 0.0000 0.2939 0.1075 0.0000 0.0000 0.0000 0.5954 
447      447   (0)     12 :  0.0000 0.0000 0.0000 0.0001 0.0315 0.0000 0.0036 0.0006 0.0000 0.6834 0.0173 0.0000 0.0032 0.0000 0.2603 
448      448   (0)     12 :  0.0000 0.0000 0.0000 0.0000 0.0151 0.0000 0.0000 0.0000 0.0000 0.5864 0.0537 0.0000 0.0000 0.0000 0.3449 
449      449   (0)     12 :  0.0000 0.0000 0.0000 0.0000 0.0288 0.0000 0.0000 0.0027 0.0000 0.7350 0.0350 0.0000 0.0015 0.0000 0.1970 
450      450   (0)     12 :  0.0000 0.0000 0.0000 0.0023 0.0009 0.0000 0.0004 0.0000 0.0000 0.5928 0.0407 0.0000 0.0000 0.0000 0.3629 
451      451   (0)     12 :  0.0000 0.0000 0.0000 0.0004 0.0110 0.0000 0.0190 0.0233 0.0000 0.3107 0.0876 0.0043 0.0071 0.0000 0.5366 
452      452   (0)     12 :  0.0041 0.0003 0.0000 0.0017 0.0033 0.0000 0.0057 0.0027 0.0000 0.1909 0.1497 0.0000 0.0129 0.0000 0.6287 
453      453   (0)     13 :  0.0000 0.0000 0.0000 0.0000 0.0291 0.0000 0.0039 0.0000 0.0000 0.4410 0.0501 0.0000 0.0012 0.0000 0.4748 
454      454   (0)     13 :  0.0002 0.0000 0.0000 0.0000 0.0529 0.0000 0.0038 0.0009 0.0000 0.5600 0.0976 0.0000 0.0000 0.0023 0.2822 
455      455   (0)     13 :  0.0000 0.0000 0.0000 0.0006 0.0023 0.0000 0.0002 0.0000 0.0000 0.4514 0.0951 0.0000 0.0000 0.0000 0.4504 
456      456   (0)     13 :  0.0004 0.9276 0.0202 0.0000 0.0000 0.0000 0.0000 0.0000 0.0069 0.0000 0.0015 0.0433 0.0000 0.0000 0.0000 
457      457   (0)     13 :  0.0001 0.0000 0.0000 0.0028 0.0648 0.0000 0.0056 0.0136 0.0000 0.5831 0.0731 0.0000 0.0233 0.0000 0.2337 
458      458   (0)     13 :  0.0000 0.0000 0.0000 0.0022 0.0030 0.0000 0.0000 0.0000 0.0000 0.6460 0.0633 0.0000 0.0000 0.0000 0.2854 
459      459   (0)     13 :  0.0000 0.0000 0.0000 0.0014 0.0500 0.0000 0.0000 0.0000 0.0000 0.5502 0.0617 0.0000 0.0000 0.0000 0.3366 
460      460   (0)     13 :  0.0000 0.0000 0.0000 0.0000 0.0017 0.0000 0.0002 0.0000 0.0000 0.3039 0.0656 0.0000 0.0009 0.0000 0.6279 
461      461   (0)     13 :  0.0000 0.0000 0.0000 0.0010 0.0000 0.0000 0.0000 0.0013 0.0000 0.3851 0.1341 0.0000 0.0008 0.0000 0.4776 
462      462   (0)     13 :  0.0000 0.0000 0.0000 0.0091 0.0068 0.0000 0.0021 0.0094 0.0000 0.1463 0.0752 0.0000 0.0059 0.0000 0.7452 
463      463   (0)     13 :  0.0010 0.0000 0.0000 0.0141 0.0000 0.0000 0.0010 0.0154 0.0000 0.5843 0.0651 0.0000 0.0072 0.0000 0.3119 
464      464   (0)     13 :  0.1280 0.0000 0.0000 0.1362 0.1592 0.0000 0.2607 0.1765 0.0000 0.0277 0.0886 0.0220 0.0000 0.0011 0.0000 
465      465   (0)     13 :  0.0000 0.0006 0.0000 0.0000 0.0019 0.0000 0.0000 0.0024 0.0000 0.7734 0.0221 0.0000 0.0017 0.0014 0.1966 
466      466   (0)     13 :  0.0000 0.0000 0.0000 0.0000 0.0175 0.0000 0.0000 0.0022 0.0000 0.1873 0.0707 0.0000 0.0013 0.0007 0.7203 
467      467   (0)     13 :  0.0035 0.0000 0.0000 0.0052 0.0000 0.0000 0.0140 0.0042 0.0000 0.2072 0.0721 0.0000 0.0000 0.0000 0.6938 
468      468   (0)     13 :  0.0187 0.0000 0.0000 0.2229 0.1092 0.0000 0.0858 0.4328 0.0000 0.0269 0.0168 0.0135 0.0513 0.0000 0.0220 
469      469   (0)     13 :  0.0300 0.0000 0.0000 0.4693 0.0205 0.0000 0.1394 0.2522 0.0000 0.0000 0.0500 0.0016 0.0370 0.0000 0.0000 
470      470   (0)     13 :  0.0000 0.0000 0.0000 0.0000 0.0286 0.0000 0.0001 0.0045 0.0000 0.6666 0.0007 0.0024 0.0110 0.0000 0.2861 
471      471   (0)     13 :  0.0024 0.0000 0.0010 0.0000 0.0215 0.0102 0.0000 0.0000 0.0054 0.4250 0.0349 0.0131 0.0044 0.0000 0.4820 
472      472   (0)     13 :  0.0027 0.0000 0.0000 0.0012 0.0278 0.0000 0.0012 0.0038 0.0000 0.3471 0.0987 0.0000 0.0058 0.0000 0.5116 
473      473   (0)     13 :  0.0144 0.7962 0.0275 0.0000 0.0028 0.0464 0.0000 0.0000 0.0109 0.0359 0.0302 0.0123 0.0139 0.0000 0.0095 
474      474   (0)     13 :  0.0001 0.0000 0.0000 0.0023 0.0000 0.0000 0.0024 0.0055 0.0000 0.2414 0.0733 0.0000 0.0000 0.0000 0.6751 
475      475   (0)     13 :  0.0000 0.0000 0.0000 0.0015 0.0000 0.0000 0.0000 0.0063 0.0000 0.4503 0.0221 0.0000 0.0011 0.0000 0.5186 
476      476   (0)     13 :  0.0000 0.9322 0.0072 0.0000 0.0068 0.0000 0.0000 0.0000 0.0000 0.0000 0.0104 0.0435 0.0000 0.0000 0.0000 
477      477   (0)     13 :  0.0027 0.0004 0.0000 0.0082 0.0413 0.0000 0.0000 0.0099 0.0000 0.5965 0.0266 0.0110 0.0000 0.0000 0.3034 
478      478   (0)     13 :  0.0017 0.0010 0.0000 0.0000 0.0133 0.0000 0.0000 0.0000 0.0000 0.2579 0.0673 0.0052 0.0025 0.0130 0.6381 
479      479   (0)     13 :  0.0000 0.0000 0.0000 0.0001 0.0029 0.0000 0.0115 0.0000 0.0000 0.6190 0.0806 0.0008 0.0028 0.0000 0.2823 
480      480   (0)     13 :  0.0000 0.8540 0.0116 0.0000 0.0000 0.0068 0.0000 0.0000 0.0000 0.0000 0.0223 0.1051 0.0001 0.0000 0.0000 
481      481   (0)     13 :  0.0438 0.0000 0.0000 0.0745 0.1279 0.0000 0.4762 0.0659 0.0000 0.0728 0.0301 0.0039 0.0862 0.0069 0.0117 
482      482   (0)     13 :  0.0000 0.0000 0.0000 0.0130 0.0006 0.0000 0.0018 0.0091 0.0000 0.2787 0.1320 0.0000 0.0050 0.0000 0.5597 
483      483   (0)     14 :  0.0000 0.0000 0.0000 0.0001 0.0000 0.0000 0.0018 0.0038 0.0000 0.6047 0.0785 0.0000 0.0000 0.0000 0.3111 
484      484   (0)     14 :  0.0000 0.0000 0.0000 0.0009 0.0000 0.0000 0.0012 0.0002 0.0000 0.6210 0.0869 0.0000 0.0040 0.0000 0.2858 
485      485   (0)     15 :  0.0018 0.0000 0.0000 0.0034 0.0031 0.0000 0.0000 0.0015 0.0000 0.6046 0.0750 0.0011 0.0010 0.0000 0.3083 
486      486   (0)     15 :  0.0000 0.0000 0.0000 0.0000 0.0114 0.0000 0.0000 0.0000 0.0000 0.7463 0.0357 0.0000 0.0046 0.0000 0.2020 
487      487   (0)     15 :  0.0000 0.0000 0.0000 0.0040 0.0500 0.0000 0.0000 0.0003 0.0000 0.7033 0.0287 0.0000 0.0059 0.0000 0.2079 
488      488   (0)     15 :  0.0003 0.0000 0.0000 0.0001 0.0011 0.0000 0.0000 0.0000 0.0000 0.5030 0.1034 0.0000 0.0055 0.0000 0.3866 
489      489   (0)     15 :  0.0050 0.9578 0.0212 0.0000 0.0123 0.0000 0.0000 0.0000 0.0023 0.0000 0.0014 0.0000 0.0000 0.0000 0.0000 
490      490   (0)     15 :  0.0000 0.9488 0.0094 0.0000 0.0000 0.0019 0.0000 0.0000 0.0000 0.0000 0.0000 0.0398 0.0000 0.0000 0.0000 
491      491   (0)     15 :  0.0008 0.0000 0.0000 0.0004 0.0055 0.0000 0.0039 0.0019 0.0000 0.4329 0.0943 0.0000 0.0002 0.0000 0.4601 
492      492   (0)     15 :  0.0000 0.9821 0.0107 0.0000 0.0000 0.0072 0.0000 0.0000 0.0000 0.0000 0.0000 0.0000 0.0000 0.0000 0.0000 
493      493   (0)     15 :  0.0000 0.0000 0.0000 0.0073 0.0034 0.0000 0.0023 0.0049 0.0000 0.2676 0.1077 0.0000 0.0000 0.0146 0.5922 
494      494   (0)     15 :  0.0008 0.0000 0.0000 0.0058 0.0000 0.0000 0.0001 0.0053 0.0000 0.5182 0.0525 0.0000 0.0043 0.0000 0.4130 
495      495   (0)     15 :  0.0000 0.0000 0.0000 0.0000 0.0026 0.0000 0.0000 0.0000 0.0000 0.5496 0.0353 0.0000 0.0018 0.0003 0.4104 
496      496   (0)     15 :  0.0000 0.0000 0.0000 0.0025 0.0001 0.0000 0.0001 0.0000 0.0000 0.3957 0.0731 0.0019 0.0024 0.0028 0.5214 
497      497   (0)     15 :  0.0017 0.0000 0.0000 0.0000 0.0166 0.0000 0.0034 0.0026 0.0000 0.1729 0.0543 0.0010 0.0026 0.0000 0.7450 
498      498   (0)     15 :  0.0022 0.0000 0.0000 0.0086 0.0056 0.0000 0.0038 0.0009 0.0000 0.6422 0.0762 0.0027 0.0155 0.0000 0.2424 
499      499   (0)     15 :  0.0000 0.0000 0.0000 0.0097 0.0230 0.0000 0.0008 0.0118 0.0000 0.5574 0.0531 0.0000 0.0010 0.0000 0.3431 
500      500   (0)     15 :  0.0000 0.0000 0.0000 0.0006 0.0510 0.0000 0.0000 0.0112 0.0000 0.6882 0.0356 0.0000 0.0039 0.0000 0.2095 
501      501   (0)     15 :  0.0000 0.0000 0.0000 0.0091 0.0204 0.0000 0.0015 0.0053 0.0000 0.5572 0.0873 0.0108 0.0038 0.0001 0.3045 
502      502   (0)     15 :  0.0000 0.0000 0.0000 0.0004 0.0500 0.0000 0.0069 0.0042 0.0000 0.6956 0.0256 0.0000 0.0019 0.0000 0.2153 
503      503   (0)     15 :  0.0000 0.0000 0.0000 0.0000 0.0515 0.0000 0.0016 0.0077 0.0000 0.3182 0.0928 0.0000 0.0040 0.0000 0.5243 
504      504   (0)     15 :  0.0000 0.0000 0.0000 0.0000 0.0500 0.0000 0.0020 0.0000 0.0000 0.7678 0.0134 0.0000 0.0000 0.0000 0.1668 
505      505   (0)     15 :  0.0049 0.0000 0.0000 0.0056 0.0323 0.0000 0.0028 0.0109 0.0000 0.5001 0.0024 0.0000 0.0231 0.0000 0.4180 
506      506   (0)     15 :  0.0000 0.0000 0.0000 0.0015 0.0045 0.0000 0.0019 0.0009 0.0000 0.2049 0.0757 0.0000 0.0011 0.0000 0.7095 
507      507   (0)     15 :  0.0017 0.0000 0.0000 0.0128 0.0500 0.0000 0.0001 0.0047 0.0000 0.4726 0.0391 0.0000 0.0014 0.0000 0.4176 
508      508   (0)     15 :  0.0000 0.0005 0.0000 0.0025 0.0546 0.0000 0.0047 0.0098 0.0000 0.5947 0.0223 0.0000 0.0001 0.0000 0.3108 
509      509   (0)     15 :  0.0079 0.9793 0.0000 0.0000 0.0001 0.0127 0.0000 0.0000 0.0000 0.0000 0.0000 0.0000 0.0000 0.0000 0.0000 
510      510   (0)     15 :  0.0000 0.9747 0.0003 0.0000 0.0000 0.0181 0.0000 0.0000 0.0068 0.0000 0.0000 0.0000 0.0000 0.0000 0.0000 
511      511   (0)     15 :  0.0000 0.0020 0.0026 0.0089 0.0144 0.0029 0.0021 0.0124 0.0066 0.6986 0.0510 0.0001 0.0055 0.0054 0.1875 
512      512   (0)     15 :  0.0000 0.0000 0.0000 0.0000 0.0029 0.0000 0.0005 0.0019 0.0000 0.1501 0.1141 0.0000 0.0000 0.0000 0.7305 
513      513   (0)     15 :  0.0000 0.0000 0.0000 0.0055 0.0079 0.0000 0.0039 0.0053 0.0000 0.4408 0.0813 0.0000 0.0130 0.0000 0.4423 
514      514   (0)     15 :  0.0020 0.0001 0.0000 0.0000 0.0200 0.0000 0.0045 0.0085 0.0000 0.4198 0.1114 0.0037 0.0002 0.0000 0.4297 
515      515   (0)     16 :  0.0220 0.0000 0.0000 0.2202 0.1145 0.0000 0.2234 0.2809 0.0000 0.0081 0.0024 0.0143 0.1117 0.0000 0.0025 
516      516   (0)     16 :  0.0004 0.0000 0.0000 0.0021 0.0326 0.0000 0.0110 0.0049 0.0000 0.4729 0.0276 0.0000 0.0000 0.0016 0.4469 
517      517   (0)     16 :  0.0000 0.8383 0.0296 0.0000 0.0000 0.0266 0.0000 0.0000 0.0053 0.0000 0.0083 0.0859 0.0061 0.0000 0.0000 
518      518   (0)     16 :  0.0027 0.0000 0.0000 0.0099 0.0046 0.0000 0.0034 0.0053 0.0000 0.4165 0.0637 0.0027 0.0025 0.0150 0.4736 
519      519   (0)     16 :  0.0001 0.0000 0.0000 0.0084 0.0042 0.0000 0.0010 0.0018 0.0000 0.0923 0.1342 0.0000 0.0049 0.0000 0.7533 
520      520   (0)     16 :  0.0006 0.0000 0.0000 0.0050 0.0014 0.0000 0.0072 0.0156 0.0000 0.2352 0.1856 0.0000 0.0103 0.0000 0.5391 
521      521   (0)     16 :  0.0000 0.0000 0.0000 0.0000 0.0124 0.0000 0.0046 0.0000 0.0000 0.0552 0.0671 0.0047 0.0000 0.0000 0.8561 
522      522   (0)     16 :  0.0000 0.1438 0.0000 0.0000 0.0000 0.0000 0.0000 0.0000 0.0000 0.0000 0.0000 0.8500 0.0000 0.0062 0.0000 
523      523   (0)     16 :  0.0000 0.0000 0.0000 0.0061 0.0020 0.0000 0.0000 0.0023 0.0000 0.2149 0.1099 0.0000 0.0065 0.0000 0.6583 
524      524   (0)     16 :  0.0026 0.8315 0.0442 0.0000 0.0000 0.0000 0.0000 0.0000 0.0211 0.0000 0.0165 0.0839 0.0000 0.0000 0.0000 
525      525   (0)     16 :  0.0000 0.0000 0.0000 0.0082 0.0015 0.0000 0.0005 0.0072 0.0000 0.3567 0.0919 0.0000 0.0000 0.0000 0.5340 
526      526   (0)     16 :  0.0000 0.0000 0.0000 0.0070 0.0003 0.0000 0.0000 0.0040 0.0000 0.0000 0.0707 0.0000 0.0034 0.0007 0.9139 
527      527   (0)     16 :  0.0000 0.8353 0.0009 0.0000 0.0117 0.0152 0.0000 0.0000 0.0000 0.0000 0.0500 0.0867 0.0003 0.0000 0.0000 
528      528   (0)     16 :  0.0000 0.0000 0.0000 0.0030 0.0083 0.0000 0.0026 0.0237 0.0000 0.3453 0.1685 0.0000 0.0061 0.0000 0.4425 
529      529   (0)     16 :  0.0000 0.0000 0.0000 0.0000 0.0000 0.0000 0.0042 0.0086 0.0000 0.1881 0.1327 0.0000 0.0000 0.0000 0.6664 
530      530   (0)     16 :  0.0077 0.0000 0.0000 0.0049 0.0144 0.0000 0.0123 0.0035 0.0000 0.3279 0.0594 0.0006 0.0000 0.0000 0.5695 
531      531   (0)     16 :  0.0000 0.0000 0.0000 0.0000 0.0000 0.0000 0.0007 0.0000 0.0000 0.2632 0.0728 0.0000 0.0000 0.0000 0.6632 
532      532   (0)     16 :  0.0000 0.1431 0.0000 0.0000 0.0000 0.0000 0.0000 0.0000 0.0000 0.0000 0.0000 0.8500 0.0000 0.0069 0.0000 
533      533   (0)     16 :  0.0000 0.1397 0.0000 0.0000 0.0000 0.0000 0.0000 0.0000 0.0000 0.0000 0.0000 0.8500 0.0000 0.0103 0.0000 
534      534   (0)     16 :  0.0010 0.0000 0.0000 0.0001 0.0081 0.0000 0.0000 0.0039 0.0000 0.1869 0.1009 0.0000 0.0038 0.0000 0.6953 
535      535   (0)     16 :  0.0011 0.0000 0.0000 0.0000 0.0019 0.0000 0.0081 0.0000 0.0000 0.2723 0.1036 0.0000 0.0001 0.0000 0.6129 
536      536   (0)     16 :  0.0025 0.0000 0.0000 0.0000 0.0114 0.0000 0.0057 0.0069 0.0000 0.3373 0.1694 0.0000 0.0040 0.0000 0.4627 
537      537   (0)     16 :  0.0000 0.0003 0.0000 0.0036 0.0047 0.0000 0.0000 0.0000 0.0000 0.0146 0.1048 0.0001 0.0055 0.0000 0.8665 
538      538   (0)     16 :  0.0000 0.0000 0.0000 0.0032 0.0026 0.0000 0.0000 0.0000 0.0000 0.1031 0.1616 0.0000 0.0000 0.0000 0.7295 
539      539   (0)     16 :  0.0000 0.0000 0.0000 0.0039 0.0000 0.0000 0.0129 0.0000 0.0000 0.0392 0.0787 0.0000 0.0070 0.0000 0.8583 
540      540   (0)     16 :  0.0023 0.0000 0.0000 0.0022 0.0199 0.0000 0.0061 0.0015 0.0000 0.1456 0.1090 0.0000 0.0000 0.0000 0.7134 
541      541   (0)     16 :  0.0000 0.0000 0.0000 0.0000 0.0500 0.0000 0.0000 0.0000 0.0000 0.0000 0.0000 0.0000 0.0000 0.9500 0.0000 
542      542   (0)     16 :  0.0000 0.0000 0.0000 0.0088 0.0152 0.0000 0.0083 0.0092 0.0000 0.0838 0.1590 0.0000 0.0000 0.0000 0.7157 
543      543   (0)     16 :  0.0000 0.0000 0.0000 0.0000 0.0000 0.0000 0.0000 0.0000 0.0000 0.1402 0.0776 0.0000 0.0000 0.0000 0.7823 
544      544   (0)     16 :  0.0000 0.0000 0.0000 0.0000 0.0017 0.0000 0.0000 0.0016 0.0000 0.2628 0.0882 0.0000 0.0000 0.0000 0.6458 
