1        1   (0)      1  : 0.0000 0.0000 0.0000 0.9427 0.0000 0.0000 0.0573
2        2   (0)      1  : 0.4680 0.0000 0.0000 0.0084 0.0000 0.0000 0.5236
3        3   (0)      1  : 0.0000 0.0000 0.0000 0.0000 0.0000 0.0000 1.0000
4        4   (0)      1  : 0.0000 0.0000 0.0159 0.9378 0.0000 0.0000 0.0463
5        5   (0)      1  : 0.0000 0.0000 0.0081 0.9452 0.0000 0.0000 0.0466
6        6   (0)      1  : 0.0000 0.0000 0.0000 0.9605 0.0000 0.0000 0.0395
7        7   (0)      1  : 1.0000 0.0000 0.0000 0.0000 0.0000 0.0000 0.0000
8        8   (0)      1  : 0.0000 0.0000 0.0000 0.0000 0.0000 0.0000 1.0000
9        9   (0)      1  : 0.0362 0.0000 0.0000 0.9638 0.0000 0.0000 0.0000
10       10   (0)      1  : 0.3907 0.0000 0.0000 0.0000 0.0000 0.0000 0.6093
11       11   (0)      1  : 0.0000 0.0000 0.0041 0.9711 0.0000 0.0000 0.0249
12       12   (0)      1  : 0.0000 0.0000 0.0000 0.9617 0.0092 0.0000 0.0291
13       13   (0)      1  : 0.0166 0.0000 0.0000 0.9834 0.0000 0.0000 0.0000
14       14   (0)      1  : 0.0148 0.0000 0.0046 0.9688 0.0118 0.0000 0.0000
15       15   (0)      1  : 0.0000 0.0000 0.0068 0.9722 0.0000 0.0000 0.0210
16       16   (0)      1  : 0.0000 0.0000 0.0000 0.9006 0.0150 0.0000 0.0844
17       17   (0)      1  : 0.0000 0.0000 0.0000 0.9727 0.0000 0.0000 0.0273
18       18   (0)      1  : 0.0000 0.0000 0.0000 1.0000 0.0000 0.0000 0.0000
19       19   (0)      1  : 0.0032 0.0000 0.0000 0.9803 0.0164 0.0000 0.0000
20       20   (0)      1  : 0.0000 0.0000 0.0000 0.9878 0.0000 0.0000 0.0122
21       21   (0)      1  : 0.0138 0.0000 0.0030 0.9833 0.0000 0.0000 0.0000
22       22   (0)      1  : 0.4992 0.0000 0.0000 0.0167 0.0000 0.0000 0.4841
23       23   (0)      1  : 0.0000 0.0000 0.0000 0.9847 0.0000 0.0000 0.0153
24       24   (0)      1  : 0.0489 0.0000 0.0000 0.9511 0.0000 0.0000 0.0000
25       25   (0)      1  : 0.0387 0.0000 0.0000 0.9613 0.0000 0.0000 0.0000
26       26   (0)      1  : 0.0000 0.0000 0.0000 1.0000 0.0000 0.0000 0.0000
27       27   (0)      1  : 0.0000 0.0000 0.0000 0.0000 0.7746 0.2254 0.0000
28       28   (0)      1  : 0.0000 0.1070 0.0000 0.0000 0.8930 0.0000 0.0000
29       29   (0)      1  : 0.0378 0.0000 0.0121 0.9501 0.0000 0.0000 0.0000
30       30   (0)      1  : 0.0000 0.0000 0.0046 0.9954 0.0000 0.0000 0.0000
31       31   (0)      1  : 0.0098 0.0000 0.0000 0.9451 0.0000 0.0000 0.0452
32       32   (0)      1  : 0.9880 0.0000 0.0000 0.0120 0.0000 0.0000 0.0000
33       33   (0)      1  : 0.2382 0.0344 0.0000 0.3396 0.3877 0.0000 0.0000
34       34   (0)      1  : 0.0000 0.0000 0.0000 0.9658 0.0000 0.0000 0.0342
35       35   (0)      1  : 0.0000 0.0000 1.0000 0.0000 0.0000 0.0000 0.0000
36       36   (0)      1  : 0.0000 0.0000 1.0000 0.0000 0.0000 0.0000 0.0000
37       37   (0)      1  : 0.0000 0.0000 1.0000 0.0000 0.0000 0.0000 0.0000
38       38   (0)      1  : 0.0000 0.1188 0.0000 0.0000 0.8812 0.0000 0.0000
39       39   (0)      1  : 0.0000 0.0000 0.0000 0.0000 0.8406 0.1594 0.0000
40       40   (0)      1  : 0.0000 0.0000 0.0023 0.9977 0.0000 0.0000 0.0000
41       41   (0)      1  : 0.8907 0.0000 0.0000 0.0000 0.0000 0.0000 0.1093
42       42   (0)      1  : 0.0000 0.1008 0.0000 0.0000 0.8992 0.0000 0.0000
43       43   (0)      1  : 0.0461 0.0000 0.0208 0.9332 0.0000 0.0000 0.0000
44       44   (0)      1  : 0.9999 0.0000 0.0000 0.0000 0.0000 0.0000 0.0001
45       45   (0)      1  : 0.0000 0.1181 0.0000 0.0000 0.8818 0.0001 0.0000
46       46   (0)      1  : 0.0000 0.0196 0.0000 0.9727 0.0000 0.0000 0.0078
47       47   (0)      1  : 0.0000 0.1657 0.0000 0.0000 0.8343 0.0000 0.0000
48       48   (0)      1  : 1.0000 0.0000 0.0000 0.0000 0.0000 0.0000 0.0000
49       49   (0)      1  : 1.0000 0.0000 0.0000 0.0000 0.0000 0.0000 0.0000
50       50   (0)      1  : 0.0000 0.0000 0.0000 0.0000 0.8583 0.1417 0.0000
51       51   (0)      1  : 0.0000 0.0000 0.0000 0.0000 0.8607 0.1393 0.0000
52       52   (0)      1  : 0.0000 0.0000 0.0000 0.0546 0.0000 0.0000 0.9454
53       53   (0)      1  : 1.0000 0.0000 0.0000 0.0000 0.0000 0.0000 0.0000
54       54   (0)      1  : 0.6641 0.0000 0.0000 0.0183 0.0000 0.0000 0.3176
55       55   (0)      1  : 0.0000 0.1386 0.0000 0.0000 0.8614 0.0000 0.0000
56       56   (0)      2  : 0.0101 0.0000 0.0000 0.9523 0.0111 0.0000 0.0266
57       57   (0)      2  : 0.0000 0.0000 0.0309 0.9614 0.0000 0.0000 0.0077
58       58   (0)      2  : 0.0000 0.0000 0.0000 0.9662 0.0000 0.0000 0.0338
59       59   (0)      2  : 0.0197 0.0000 0.0000 0.9799 0.0000 0.0000 0.0005
60       60   (0)      2  : 0.6216 0.0000 0.0000 0.0127 0.0000 0.0000 0.3656
61       61   (0)      2  : 0.0000 0.0000 0.0081 0.9892 0.0026 0.0000 0.0000
62       62   (0)      2  : 0.0000 0.0000 1.0000 0.0000 0.0000 0.0000 0.0000
63       63   (0)      2  : 0.0479 0.0000 0.0000 0.9521 0.0000 0.0000 0.0000
64       64   (0)      2  : 0.0000 0.0000 1.0000 0.0000 0.0000 0.0000 0.0000
65       65   (0)      2  : 0.0000 0.0000 0.0000 0.9298 0.0000 0.0000 0.0702
66       66   (0)      2  : 0.0000 0.0000 1.0000 0.0000 0.0000 0.0000 0.0000
67       67   (0)      2  : 0.0020 0.0000 0.0094 0.9886 0.0000 0.0000 0.0000
68       68   (0)      2  : 0.0449 0.0000 0.0064 0.9487 0.0000 0.0000 0.0000
69       69   (0)      2  : 0.3892 0.0000 0.0000 0.0000 0.0000 0.0000 0.6108
70       70   (0)      2  : 0.0187 0.0000 0.0000 0.9813 0.0000 0.0000 0.0000
71       71   (0)      2  : 0.0000 0.0000 1.0000 0.0000 0.0000 0.0000 0.0000
72       72   (0)      2  : 0.0000 0.0000 1.0000 0.0000 0.0000 0.0000 0.0000
73       73   (0)      2  : 0.0000 0.0000 0.0000 0.8670 0.0199 0.0000 0.1132
74       74   (0)      2  : 0.7295 0.0000 0.0007 0.0000 0.0000 0.0000 0.2697
75       75   (0)      2  : 0.0000 0.0000 0.0000 0.0000 0.8092 0.1908 0.0000
76       76   (0)      2  : 0.4435 0.0000 0.0000 0.0000 0.0000 0.0000 0.5565
77       77   (0)      2  : 0.0000 0.0000 0.0000 0.9249 0.0000 0.0000 0.0751
78       78   (0)      2  : 0.0000 0.0000 1.0000 0.0000 0.0000 0.0000 0.0000
79       79   (0)      2  : 0.0000 0.0854 0.0000 0.0000 0.9146 0.0000 0.0000
80       80   (0)      2  : 0.0000 0.0000 1.0000 0.0000 0.0000 0.0000 0.0000
81       81   (0)      2  : 0.0340 0.0000 0.0145 0.9446 0.0069 0.0000 0.0000
82       82   (0)      2  : 1.0000 0.0000 0.0000 0.0000 0.0000 0.0000 0.0000
83       83   (0)      2  : 1.0000 0.0000 0.0000 0.0000 0.0000 0.0000 0.0000
84       84   (0)      2  : 0.0000 0.0000 0.0000 0.7652 0.0000 0.0000 0.2348
85       85   (0)      2  : 0.0000 0.0000 0.0000 0.9576 0.0000 0.0000 0.0424
86       86   (0)      2  : 0.0000 0.0000 0.0000 0.9514 0.0000 0.0000 0.0486
87       87   (0)      2  : 0.0491 0.0000 0.0000 0.9509 0.0000 0.0000 0.0000
88       88   (0)      2  : 0.0000 0.0000 0.0000 0.9771 0.0000 0.0000 0.0229
89       89   (0)      2  : 0.0000 0.0000 0.0000 1.0000 0.0000 0.0000 0.0000
90       90   (0)      2  : 0.0542 0.0000 0.0180 0.9278 0.0000 0.0000 0.0000
91       91   (0)      2  : 0.0000 0.0000 0.0000 0.9710 0.0000 0.0000 0.0290
92       92   (0)      2  : 0.0000 0.0000 0.0000 0.9461 0.0000 0.0000 0.0539
93       93   (0)      2  : 0.0000 0.0000 0.0000 0.0000 0.0000 0.0000 1.0000
94       94   (0)      2  : 0.7428 0.0000 0.0000 0.0000 0.0000 0.0000 0.2572
95       95   (0)      2  : 0.0000 0.0000 1.0000 0.0000 0.0000 0.0000 0.0000
96       96   (0)      2  : 0.0000 0.0000 0.0000 0.0000 0.0000 0.0000 1.0000
97       97   (0)      2  : 0.2429 0.0000 0.0000 0.0028 0.0000 0.0000 0.7543
98       98   (0)      2  : 0.0634 0.0000 0.0000 0.9265 0.0100 0.0000 0.0000
99       99   (0)      2  : 0.0000 0.0000 1.0000 0.0000 0.0000 0.0000 0.0000
100      100   (0)      2  : 0.0184 0.0000 0.0000 0.9816 0.0000 0.0000 0.0000
101      101   (0)      3  : 0.0058 0.0000 0.0000 0.9682 0.0000 0.0000 0.0260
102      102   (0)      3  : 0.0215 0.0000 0.0117 0.9667 0.0000 0.0000 0.0000
103      103   (0)      3  : 0.0408 0.0000 0.0000 0.9592 0.0000 0.0000 0.0000
104      104   (0)      3  : 0.0000 0.0000 0.0085 0.9549 0.0000 0.0000 0.0365
105      105   (0)      3  : 0.0624 0.0000 0.0212 0.9164 0.0000 0.0000 0.0000
106      106   (0)      3  : 0.0000 0.0000 0.0154 0.9346 0.0000 0.0000 0.0500
107      107   (0)      3  : 0.0001 0.0000 0.0000 0.9906 0.0093 0.0000 0.0000
108      108   (0)      3  : 0.0329 0.0000 0.0000 0.9494 0.0177 0.0000 0.0000
109      109   (0)      3  : 0.0000 0.0000 0.0000 0.9983 0.0000 0.0000 0.0017
110      110   (0)      3  : 0.0000 0.0000 0.0004 0.9822 0.0000 0.0000 0.0174
111      111   (0)      3  : 0.0000 0.0000 0.0160 0.9291 0.0000 0.0053 0.0496
112      112   (0)      3  : 0.0141 0.0000 0.0000 0.9859 0.0000 0.0000 0.0000
113      113   (0)      3  : 0.0273 0.0000 0.0032 0.9619 0.0076 0.0000 0.0000
114      114   (0)      3  : 0.0477 0.0000 0.0098 0.9425 0.0000 0.0000 0.0000
115      115   (0)      3  : 0.0782 0.0000 0.0000 0.9218 0.0000 0.0000 0.0000
116      116   (0)      3  : 0.0000 0.0000 0.0014 0.9596 0.0092 0.0000 0.0298
117      117   (0)      3  : 0.0320 0.0000 0.0001 0.9365 0.0000 0.0000 0.0314
118      118   (0)      3  : 0.0001 0.0000 0.0000 0.9811 0.0000 0.0000 0.0188
119      119   (0)      3  : 0.0572 0.0000 0.0000 0.9428 0.0000 0.0000 0.0000
120      120   (0)      3  : 0.0000 0.0000 0.0844 0.8389 0.0000 0.0000 0.0768
121      121   (0)      3  : 0.0000 0.0000 0.0032 0.9739 0.0000 0.0000 0.0229
122      122   (0)      3  : 0.0387 0.0000 0.0090 0.9523 0.0000 0.0000 0.0000
123      123   (0)      3  : 0.0000 0.0000 0.0000 0.9845 0.0000 0.0000 0.0155
124      124   (0)      3  : 0.0000 0.0000 0.0000 0.9976 0.0000 0.0000 0.0024
125      125   (0)      3  : 0.0000 0.0000 0.0156 0.9844 0.0000 0.0000 0.0000
126      126   (0)      3  : 0.0630 0.0000 0.0000 0.9370 0.0000 0.0000 0.0000
127      127   (0)      3  : 0.0728 0.0000 0.0000 0.9271 0.0000 0.0000 0.0001
128      128   (0)      3  : 0.0139 0.0000 0.0000 0.9861 0.0000 0.0000 0.0000
129      129   (0)      3  : 0.0790 0.0000 0.0000 0.9210 0.0000 0.0000 0.0000
130      130   (0)      3  : 0.6388 0.0000 0.0000 0.0007 0.0000 0.0000 0.3605
131      131   (0)      3  : 0.0000 0.0000 0.0000 0.0520 0.0000 0.0000 0.9480
132      132   (0)      3  : 0.0000 0.0000 1.0000 0.0000 0.0000 0.0000 0.0000
133      133   (0)      3  : 0.0000 0.1402 0.0000 0.0000 0.8598 0.0000 0.0000
134      134   (0)      3  : 0.8950 0.0000 0.0000 0.0750 0.0300 0.0000 0.0000
135      135   (0)      3  : 0.0000 0.0000 0.0257 0.9535 0.0000 0.0000 0.0209
136      136   (0)      3  : 0.0000 0.0000 0.0000 0.9433 0.0000 0.0000 0.0567
137      137   (0)      3  : 0.4113 0.0000 0.0000 0.0000 0.0000 0.0000 0.5887
138      138   (0)      3  : 0.0000 0.0000 0.0000 0.9555 0.0000 0.0000 0.0445
139      139   (0)      3  : 0.0003 0.0000 0.0000 0.9821 0.0176 0.0000 0.0000
140      140   (0)      3  : 0.0000 0.0000 0.0000 0.9751 0.0000 0.0000 0.0249
141      141   (0)      3  : 0.0000 0.0000 1.0000 0.0000 0.0000 0.0000 0.0000
142      142   (0)      3  : 0.0000 0.0000 1.0000 0.0000 0.0000 0.0000 0.0000
143      143   (0)      3  : 0.0000 0.0000 1.0000 0.0000 0.0000 0.0000 0.0000
144      144   (0)      3  : 0.0000 0.0000 1.0000 0.0000 0.0000 0.0000 0.0000
145      145   (0)      3  : 0.0000 0.0000 1.0000 0.0000 0.0000 0.0000 0.0000
146      146   (0)      3  : 0.3828 0.0000 0.0000 0.0231 0.0000 0.0000 0.5941
147      147   (0)      3  : 0.0000 0.0000 0.0014 0.9818 0.0000 0.0000 0.0167
148      148   (0)      3  : 0.0000 0.0000 1.0000 0.0000 0.0000 0.0000 0.0000
149      149   (0)      3  : 0.0000 0.0000 1.0000 0.0000 0.0000 0.0000 0.0000
150      150   (0)      3  : 0.0000 0.0000 0.0000 0.0000 0.8849 0.1151 0.0000
151      151   (0)      3  : 0.0000 0.1315 0.0000 0.0000 0.8685 0.0000 0.0000
152      152   (0)      3  : 0.0000 0.0000 0.0000 0.9691 0.0000 0.0000 0.0309
153      153   (0)      3  : 0.0000 0.0000 1.0000 0.0000 0.0000 0.0000 0.0000
154      154   (0)      3  : 0.0028 0.0000 0.0156 0.9781 0.0000 0.0000 0.0035
155      155   (0)      3  : 0.0000 0.0000 0.0000 1.0000 0.0000 0.0000 0.0000
156      156   (0)      3  : 0.6397 0.0000 0.0000 0.0517 0.0000 0.0000 0.3086
157      157   (0)      3  : 0.0000 0.0000 0.0000 0.9686 0.0000 0.0000 0.0314
158      158   (0)      3  : 1.0000 0.0000 0.0000 0.0000 0.0000 0.0000 0.0000
159      159   (0)      3  : 0.0000 0.0000 0.0000 0.9430 0.0173 0.0000 0.0397
160      160   (0)      3  : 0.6261 0.0000 0.0000 0.0000 0.0000 0.0000 0.3739
161      161   (0)      4  : 0.0000 0.0000 0.0000 0.9451 0.0036 0.0000 0.0513
162      162   (0)      4  : 0.0000 0.0000 0.0000 1.0000 0.0000 0.0000 0.0000
163      163   (0)      4  : 0.0000 0.0000 1.0000 0.0000 0.0000 0.0000 0.0000
164      164   (0)      4  : 0.5659 0.0000 0.0000 0.0000 0.0000 0.0000 0.4341
165      165   (0)      4  : 0.0000 0.0000 1.0000 0.0000 0.0000 0.0000 0.0000
166      166   (0)      4  : 0.0000 0.0000 1.0000 0.0000 0.0000 0.0000 0.0000
167      167   (0)      4  : 0.0336 0.0000 0.0000 0.9664 0.0000 0.0000 0.0000
168      168   (0)      4  : 0.0424 0.0000 0.0000 0.9576 0.0000 0.0000 0.0000
169      169   (0)      4  : 0.0516 0.0000 0.0000 0.9484 0.0000 0.0000 0.0000
170      170   (0)      4  : 0.0161 0.0000 0.0002 0.9816 0.0022 0.0000 0.0000
171      171   (0)      4  : 0.0000 0.0000 0.0000 0.9584 0.0000 0.0000 0.0416
172      172   (0)      4  : 0.0000 0.0000 0.0000 0.9701 0.0000 0.0000 0.0299
173      173   (0)      4  : 0.0000 0.0000 0.0000 0.9787 0.0000 0.0000 0.0213
174      174   (0)      4  : 0.7237 0.0000 0.0019 0.0000 0.0000 0.0000 0.2744
175      175   (0)      4  : 0.0000 0.0000 0.0000 0.9753 0.0000 0.0000 0.0247
176      176   (0)      4  : 0.0000 0.0000 1.0000 0.0000 0.0000 0.0000 0.0000
177      177   (0)      4  : 0.0607 0.0000 0.0009 0.9384 0.0000 0.0000 0.0000
178      178   (0)      4  : 0.0000 0.0000 1.0000 0.0000 0.0000 0.0000 0.0000
179      179   (0)      4  : 0.0000 0.0000 1.0000 0.0000 0.0000 0.0000 0.0000
180      180   (0)      4  : 0.0038 0.0000 0.0186 0.9674 0.0000 0.0000 0.0102
181      181   (0)      4  : 0.0000 0.0000 0.0005 0.9853 0.0000 0.0000 0.0142
182      182   (0)      4  : 0.0009 0.0000 0.0000 0.9991 0.0000 0.0000 0.0000
183      183   (0)      4  : 0.5663 0.0000 0.0000 0.0000 0.0000 0.0000 0.4337
184      184   (0)      4  : 0.5002 0.0000 0.0000 0.0000 0.0000 0.0000 0.4998
185      185   (0)      4  : 0.0000 0.0000 1.0000 0.0000 0.0000 0.0000 0.0000
186      186   (0)      4  : 0.0177 0.0000 0.0000 0.9823 0.0000 0.0000 0.0000
187      187   (0)      4  : 0.0000 0.0000 0.0000 0.9326 0.0000 0.0000 0.0674
188      188   (0)      4  : 0.0000 0.0000 1.0000 0.0000 0.0000 0.0000 0.0000
189      189   (0)      4  : 0.0000 0.0000 0.0000 0.9632 0.0000 0.0000 0.0368
190      190   (0)      4  : 0.1990 0.0000 0.0000 0.0000 0.0000 0.0000 0.8010
191      191   (0)      4  : 0.1607 0.0000 0.1292 0.5954 0.0707 0.0099 0.0342
192      192   (0)      4  : 0.0000 0.0000 0.0004 0.9772 0.0000 0.0000 0.0223
193      193   (0)      4  : 0.0459 0.0000 0.0180 0.9240 0.0000 0.0000 0.0121
194      194   (0)      4  : 0.0000 0.0000 0.0165 0.9396 0.0000 0.0000 0.0439
195      195   (0)      4  : 0.0226 0.0000 0.0000 0.9774 0.0000 0.0000 0.0000
196      196   (0)      4  : 0.0000 0.0000 0.0000 0.9988 0.0000 0.0000 0.0012
197      197   (0)      4  : 0.0241 0.0000 0.0000 0.9759 0.0000 0.0000 0.0000
198      198   (0)      4  : 0.0180 0.0000 0.0000 0.9820 0.0000 0.0000 0.0000
199      199   (0)      4  : 0.0382 0.0000 0.0086 0.9533 0.0000 0.0000 0.0000
200      200   (0)      4  : 0.8744 0.0000 0.0000 0.0062 0.0000 0.0000 0.1195
201      201   (0)      4  : 0.0000 0.0000 0.0000 0.9756 0.0203 0.0000 0.0041
202      202   (0)      4  : 0.0000 0.0000 0.0111 0.9889 0.0000 0.0000 0.0000
203      203   (0)      4  : 0.0000 0.0000 0.0140 0.9384 0.0000 0.0000 0.0476
204      204   (0)      4  : 0.0000 0.0000 0.0236 0.9543 0.0000 0.0000 0.0221
205      205   (0)      4  : 0.0000 0.0000 0.0000 0.9516 0.0094 0.0000 0.0390
206      206   (0)      4  : 0.0000 0.0000 0.0000 1.0000 0.0000 0.0000 0.0000
207      207   (0)      4  : 0.0000 0.0000 0.0000 0.9982 0.0000 0.0000 0.0018
208      208   (0)      4  : 0.7508 0.0000 0.0000 0.0542 0.0000 0.0000 0.1950
209      209   (0)      4  : 0.0041 0.0000 0.0000 0.9776 0.0000 0.0000 0.0183
210      210   (0)      4  : 0.0000 0.0000 0.0000 0.9906 0.0000 0.0000 0.0094
211      211   (0)      4  : 0.0275 0.0000 0.0031 0.9693 0.0000 0.0000 0.0000
212      212   (0)      4  : 0.4819 0.0000 0.0000 0.0000 0.0000 0.0000 0.5181
213      213   (0)      4  : 0.0403 0.0000 0.0000 0.9446 0.0028 0.0123 0.0000
214      214   (0)      4  : 0.0000 0.0000 0.0183 0.9564 0.0147 0.0000 0.0106
215      215   (0)      4  : 0.5093 0.0000 0.0074 0.4833 0.0000 0.0000 0.0000
216      216   (0)      4  : 0.0000 0.0000 0.0000 0.9621 0.0000 0.0000 0.0379
217      217   (0)      4  : 0.0000 0.0000 1.0000 0.0000 0.0000 0.0000 0.0000
218      218   (0)      4  : 0.0557 0.0000 0.0102 0.9305 0.0036 0.0000 0.0000
219      219   (0)      4  : 0.0498 0.0000 0.0000 0.9502 0.0000 0.0000 0.0000
220      220   (0)      5  : 0.0000 0.2244 0.0028 0.0000 0.0060 0.7667 0.0000
221      221   (0)      5  : 0.0000 0.7797 0.0000 0.0000 0.0000 0.2203 0.0000
222      222   (0)      6  : 0.0000 0.6464 0.0000 0.0000 0.0000 0.3536 0.0000
223      223   (0)      6  : 0.0000 0.4432 0.0000 0.0000 0.0000 0.5568 0.0000
224      224   (0)      6  : 0.0000 0.6176 0.0000 0.0000 0.0000 0.3824 0.0000
225      225   (0)      6  : 0.0000 0.7158 0.0000 0.0000 0.0317 0.2524 0.0000
226      226   (0)      6  : 0.0000 0.6465 0.0000 0.0000 0.0249 0.3287 0.0000
227      227   (0)      6  : 0.0000 0.4762 0.0000 0.0000 0.0000 0.5238 0.0000
228      228   (0)      6  : 0.0000 0.1389 0.0000 0.0000 0.0605 0.8006 0.0000
229      229   (0)      6  : 0.0000 0.0000 0.0000 0.0000 0.0000 1.0000 0.0000
230      230   (0)      6  : 0.0000 0.4452 0.0000 0.0000 0.0000 0.5548 0.0000
231      231   (0)      6  : 0.0000 0.1778 0.0000 0.0000 0.0391 0.7831 0.0000
232      232   (0)      6  : 0.0000 0.6396 0.0000 0.0000 0.0176 0.3427 0.0000
233      233   (0)      6  : 0.0000 0.5661 0.0000 0.0000 0.0298 0.4040 0.0000
234      234   (0)      6  : 0.0000 0.6373 0.0000 0.0000 0.0051 0.3577 0.0000
235      235   (0)      6  : 0.0000 0.6388 0.0099 0.0000 0.0332 0.3181 0.0000
236      236   (0)      6  : 0.0000 0.9038 0.0000 0.0000 0.0000 0.0962 0.0000
237      237   (0)      6  : 0.0000 0.0000 0.0000 0.0000 0.0000 1.0000 0.0000
238      238   (0)      6  : 0.0000 0.0000 0.0000 0.0000 0.0000 1.0000 0.0000
239      239   (0)      6  : 0.0000 0.4203 0.0074 0.0000 0.0014 0.5708 0.0000
240      240   (0)      6  : 0.0000 0.4356 0.0048 0.0000 0.0165 0.5431 0.0000
241      241   (0)      6  : 0.0000 0.3801 0.0000 0.0000 0.0000 0.6199 0.0000
242      242   (0)      6  : 0.0000 0.9983 0.0017 0.0000 0.0000 0.0000 0.0000
243      243   (0)      6  : 0.0000 0.4927 0.0000 0.0000 0.0717 0.4356 0.0000
244      244   (0)      6  : 0.0000 1.0000 0.0000 0.0000 0.0000 0.0000 0.0000
245      245   (0)      6  : 0.0000 0.0000 0.0000 0.0000 0.0000 1.0000 0.0000
246      246   (0)      6  : 0.0000 0.7371 0.0000 0.0000 0.0000 0.2629 0.0000
247      247   (0)      6  : 0.0000 0.4439 0.0000 0.0000 0.0000 0.5561 0.0000
248      248   (0)      6  : 0.0000 0.2826 0.0000 0.0000 0.0000 0.7174 0.0000
249      249   (0)      7  : 0.0000 0.3617 0.0000 0.0000 0.0000 0.6383 0.0000
250      250   (0)      7  : 0.0000 1.0000 0.0000 0.0000 0.0000 0.0000 0.0000
251      251   (0)      7  : 0.0000 0.5883 0.0000 0.0000 0.0000 0.4117 0.0000
252      252   (0)      7  : 0.0000 0.3071 0.0000 0.0000 0.0000 0.6929 0.0000
253      253   (0)      7  : 0.0000 0.6712 0.0000 0.0000 0.0000 0.3288 0.0000
254      254   (0)      7  : 0.0000 0.3218 0.0000 0.0000 0.0095 0.6688 0.0000
255      255   (0)      7  : 0.0000 0.5254 0.0000 0.0000 0.0008 0.4738 0.0000
256      256   (0)      7  : 0.0000 0.4181 0.0000 0.0000 0.0000 0.5819 0.0000
257      257   (0)      7  : 0.0000 0.5285 0.0000 0.0000 0.0000 0.4715 0.0000
258      258   (0)      7  : 0.0000 0.3027 0.0000 0.0000 0.0000 0.6973 0.0000
259      259   (0)      7  : 0.0000 0.9358 0.0000 0.0000 0.0000 0.0642 0.0000
260      260   (0)      7  : 0.0000 0.0000 0.0000 0.0000 0.0000 1.0000 0.0000
261      261   (0)      7  : 0.0000 1.0000 0.0000 0.0000 0.0000 0.0000 0.0000
262      262   (0)      7  : 0.0000 0.4430 0.0000 0.0000 0.0000 0.5570 0.0000
263      263   (0)      7  : 0.0000 0.3883 0.0000 0.0000 0.0059 0.6057 0.0000
264      264   (0)      7  : 0.0000 0.4637 0.0000 0.0000 0.0000 0.5363 0.0000
265      265   (0)      7  : 0.0000 0.6599 0.0000 0.0000 0.0000 0.3401 0.0000
266      266   (0)      7  : 0.0000 0.9784 0.0000 0.0000 0.0216 0.0000 0.0000
267      267   (0)      7  : 0.0000 0.5849 0.0106 0.0000 0.0220 0.3825 0.0000
268      268   (0)      7  : 0.0000 1.0000 0.0000 0.0000 0.0000 0.0000 0.0000
269      269   (0)      7  : 0.0000 0.4127 0.0000 0.0000 0.0189 0.5684 0.0000
270      270   (0)      7  : 0.0000 0.9829 0.0000 0.0000 0.0171 0.0000 0.0000
271      271   (0)      7  : 0.0000 0.9924 0.0000 0.0000 0.0000 0.0076 0.0000
272      272   (0)      7  : 0.0000 0.7727 0.0000 0.0000 0.0000 0.2273 0.0000
273      273   (0)      7  : 0.0000 0.4779 0.0000 0.0000 0.0019 0.5202 0.0000
274      274   (0)      7  : 0.0000 0.0000 0.0000 0.0000 0.0000 1.0000 0.0000
275      275   (0)      7  : 0.0000 0.3222 0.0154 0.0000 0.0000 0.6625 0.0000
276      276   (0)      7  : 0.0000 0.7201 0.0000 0.0000 0.0048 0.2751 0.0000
277      277   (0)      7  : 0.0000 0.8288 0.0000 0.0000 0.0000 0.1712 0.0000
278      278   (0)      7  : 0.0000 0.8735 0.0000 0.0000 0.0053 0.1211 0.0000
279      279   (0)      8  : 0.0000 0.6287 0.0000 0.0000 0.0000 0.3713 0.0000
280      280   (0)      8  : 0.0000 1.0000 0.0000 0.0000 0.0000 0.0000 0.0000
281      281   (0)      8  : 0.0000 0.6307 0.0000 0.0000 0.0000 0.3693 0.0000
282      282   (0)      8  : 0.0000 0.4029 0.0000 0.0000 0.0000 0.5971 0.0000
283      283   (0)      8  : 0.0000 0.6450 0.0101 0.0000 0.0239 0.3210 0.0000
284      284   (0)      8  : 0.0000 1.0000 0.0000 0.0000 0.0000 0.0000 0.0000
285      285   (0)      8  : 0.0000 0.5179 0.0000 0.0000 0.0000 0.4821 0.0000
286      286   (0)      8  : 0.0000 1.0000 0.0000 0.0000 0.0000 0.0000 0.0000
287      287   (0)      8  : 0.0000 0.4866 0.0000 0.0000 0.0000 0.5134 0.0000
288      288   (0)      8  : 0.0000 0.3343 0.0000 0.0000 0.0335 0.6322 0.0000
289      289   (0)      8  : 0.0000 0.0000 0.0000 0.0000 0.0000 1.0000 0.0000
290      290   (0)      5  : 0.0000 0.7804 0.0068 0.0000 0.0000 0.2129 0.0000
291      291   (0)      5  : 0.0000 0.6078 0.0000 0.0000 0.0000 0.3922 0.0000
292      292   (0)      5  : 0.0000 0.3908 0.0000 0.0000 0.0105 0.5987 0.0000
293      293   (0)      5  : 0.0000 0.3635 0.0000 0.0000 0.0103 0.6262 0.0000
294      294   (0)      5  : 0.0000 0.4798 0.0000 0.0000 0.0018 0.5184 0.0000
295      295   (0)      5  : 0.0000 0.5743 0.0000 0.0000 0.0000 0.4257 0.0000
296      296   (0)      5  : 0.0000 0.6167 0.0100 0.0000 0.0336 0.3397 0.0000
297      297   (0)      5  : 0.0000 0.1724 0.0154 0.0000 0.0238 0.7885 0.0000
298      298   (0)      5  : 0.0000 1.0000 0.0000 0.0000 0.0000 0.0000 0.0000
299      299   (0)      5  : 0.0000 0.9989 0.0000 0.0000 0.0000 0.0011 0.0000
300      300   (0)      5  : 0.0000 0.3281 0.0000 0.0000 0.0000 0.6719 0.0000
301      301   (0)      5  : 0.0000 1.0000 0.0000 0.0000 0.0000 0.0000 0.0000
302      302   (0)      5  : 0.0000 0.6590 0.0000 0.0000 0.0000 0.3410 0.0000
303      303   (0)      5  : 0.0000 0.5377 0.0000 0.0000 0.0000 0.4623 0.0000
304      304   (0)      5  : 0.0000 0.0000 0.0000 0.0000 0.0000 1.0000 0.0000
305      305   (0)      5  : 0.0000 0.4113 0.0058 0.0000 0.0013 0.5816 0.0000
306      306   (0)      5  : 0.0000 0.5982 0.0000 0.0000 0.0000 0.4018 0.0000
307      307   (0)      5  : 0.0000 0.4988 0.0000 0.0000 0.0485 0.4527 0.0000
308      308   (0)      5  : 0.0000 0.2837 0.0000 0.0000 0.0363 0.6799 0.0000
309      309   (0)      5  : 0.0000 0.6906 0.0000 0.0000 0.0080 0.3014 0.0000
310      310   (0)      5  : 0.0000 1.0000 0.0000 0.0000 0.0000 0.0000 0.0000
311      311   (0)      5  : 0.0000 0.3651 0.0000 0.0000 0.0199 0.6150 0.0000
312      312   (0)      5  : 0.0000 0.6531 0.0000 0.0000 0.0410 0.3059 0.0000
313      313   (0)      5  : 0.0000 0.0000 0.0000 0.0000 0.0000 1.0000 0.0000
314      314   (0)      5  : 0.0000 0.7703 0.0000 0.0000 0.0082 0.2215 0.0000
315      315   (0)      5  : 0.0000 0.8078 0.0000 0.0000 0.0168 0.1754 0.0000
316      316   (0)      5  : 0.0000 0.1736 0.0000 0.0000 0.0000 0.8264 0.0000
317      317   (0)      5  : 0.0000 1.0000 0.0000 0.0000 0.0000 0.0000 0.0000
318      318   (0)      8  : 0.0000 1.0000 0.0000 0.0000 0.0000 0.0000 0.0000
319      319   (0)      8  : 0.0000 0.7645 0.0000 0.0000 0.0000 0.2355 0.0000
320      320   (0)      9  : 0.0000 1.0000 0.0000 0.0000 0.0000 0.0000 0.0000
321      321   (0)      9  : 0.0000 0.9819 0.0180 0.0000 0.0000 0.0001 0.0000
322      322   (0)      9  : 0.0000 0.5873 0.0000 0.0000 0.0000 0.4127 0.0000
323      323   (0)      9  : 0.0000 0.4301 0.0000 0.0000 0.0000 0.5699 0.0000
324      324   (0)      9  : 0.0000 0.7904 0.0000 0.0000 0.0000 0.2096 0.0000
325      325   (0)      8  : 0.0000 0.0000 0.0000 0.0000 0.0000 1.0000 0.0000
326      326   (0)      8  : 0.0000 1.0000 0.0000 0.0000 0.0000 0.0000 0.0000
327      327   (0)      8  : 0.0000 0.5471 0.0000 0.0000 0.0000 0.4529 0.0000
328      328   (0)      8  : 0.0000 0.5890 0.0000 0.0000 0.0000 0.4110 0.0000
329      329   (0)      8  : 0.0000 0.5247 0.0000 0.0000 0.0000 0.4753 0.0000
330      330   (0)      9  : 0.0000 1.0000 0.0000 0.0000 0.0000 0.0000 0.0000
331      331   (0)      9  : 0.0000 1.0000 0.0000 0.0000 0.0000 0.0000 0.0000
332      332   (0)      9  : 0.0000 1.0000 0.0000 0.0000 0.0000 0.0000 0.0000
333      333   (0)      9  : 0.0000 0.4099 0.0000 0.0000 0.0000 0.5901 0.0000
334      334   (0)      9  : 0.0000 0.4901 0.0000 0.0000 0.0000 0.5099 0.0000
335      335   (0)      9  : 0.0000 0.0000 0.0000 0.0000 0.0000 1.0000 0.0000
336      336   (0)      8  : 0.0000 0.6956 0.0000 0.0000 0.0000 0.3044 0.0000
337      337   (0)      8  : 0.0000 0.6441 0.0000 0.0000 0.0061 0.3498 0.0000
338      338   (0)      8  : 0.0000 0.2230 0.0000 0.0000 0.0000 0.7770 0.0000
339      339   (0)      8  : 0.0000 0.4021 0.0000 0.0000 0.0000 0.5979 0.0000
340      340   (0)      8  : 0.0000 0.6971 0.0000 0.0000 0.0000 0.3029 0.0000
341      341   (0)      8  : 0.0000 0.7200 0.0000 0.0000 0.0576 0.2224 0.0000
342      342   (0)      8  : 0.0000 0.5810 0.0000 0.0000 0.0000 0.4190 0.0000
343      343   (0)      9  : 0.0000 0.0000 0.0000 0.0000 0.0000 1.0000 0.0000
344      344   (0)      9  : 0.0000 0.5273 0.0000 0.0000 0.0000 0.4727 0.0000
345      345   (0)      9  : 0.0000 1.0000 0.0000 0.0000 0.0000 0.0000 0.0000
346      346   (0)      9  : 0.0000 0.6582 0.0000 0.0000 0.0027 0.3391 0.0000
347      347   (0)      9  : 0.0000 0.4944 0.0000 0.0000 0.0132 0.4923 0.0000
348      348   (0)      9  : 0.0000 0.9302 0.0000 0.0000 0.0272 0.0426 0.0000
349      349   (0)      9  : 0.0000 0.4389 0.0000 0.0000 0.0756 0.4855 0.0000
350      350   (0)      9  : 0.0000 0.4574 0.0000 0.0000 0.0026 0.5400 0.0000
351      351   (0)      9  : 0.0000 0.4942 0.0000 0.0000 0.0224 0.4834 0.0000
352      352   (0)      9  : 0.0000 0.2499 0.0000 0.0000 0.0168 0.7333 0.0000
353      353   (0)      9  : 0.0000 0.3422 0.0000 0.0000 0.0183 0.6395 0.0000
354      354   (0)      9  : 0.0000 0.7117 0.0000 0.0000 0.0000 0.2883 0.0000
355      355   (0)      9  : 0.0000 0.8935 0.0000 0.0000 0.0000 0.1065 0.0000
356      356   (0)      9  : 0.0000 0.5352 0.0000 0.0000 0.0123 0.4526 0.0000
357      357   (0)      9  : 0.0000 0.6597 0.0013 0.0000 0.0000 0.3390 0.0000
358      358   (0)      9  : 0.0000 0.8561 0.0000 0.0000 0.0236 0.1203 0.0000
359      359   (0)      9  : 0.0000 0.1853 0.0000 0.0000 0.0000 0.8147 0.0000
360      360   (0)      9  : 0.0000 0.5343 0.0000 0.0000 0.0000 0.4657 0.0000
361      361   (0)      9  : 0.0000 0.4258 0.0000 0.0000 0.0000 0.5742 0.0000
362      362   (0)     10  : 0.0000 1.0000 0.0000 0.0000 0.0000 0.0000 0.0000
363      363   (0)     10  : 0.0000 1.0000 0.0000 0.0000 0.0000 0.0000 0.0000
364      364   (0)     10  : 0.0000 1.0000 0.0000 0.0000 0.0000 0.0000 0.0000
365      365   (0)     10  : 0.0000 0.7233 0.0083 0.0000 0.0000 0.2684 0.0000
366      366   (0)     10  : 0.0000 0.0000 0.0000 0.0000 0.0000 1.0000 0.0000
367      367   (0)     10  : 0.0000 1.0000 0.0000 0.0000 0.0000 0.0000 0.0000
368      368   (0)     10  : 0.0000 0.0000 0.0000 0.0000 0.0000 1.0000 0.0000
369      369   (0)     10  : 0.0000 0.0000 0.0000 0.0000 0.0000 1.0000 0.0000
370      370   (0)     10  : 0.0000 0.4236 0.0001 0.0000 0.0434 0.5329 0.0000
371      371   (0)     10  : 0.0000 0.1969 0.0000 0.0000 0.0000 0.8031 0.0000
372      372   (0)     10  : 0.0000 0.6366 0.0000 0.0000 0.0000 0.3634 0.0000
373      373   (0)     10  : 0.0000 1.0000 0.0000 0.0000 0.0000 0.0000 0.0000
374      374   (0)     10  : 0.0000 1.0000 0.0000 0.0000 0.0000 0.0000 0.0000
375      375   (0)     10  : 0.0000 1.0000 0.0000 0.0000 0.0000 0.0000 0.0000
376      376   (0)     10  : 0.0000 1.0000 0.0000 0.0000 0.0000 0.0000 0.0000
377      377   (0)     10  : 0.0000 0.6978 0.0000 0.0000 0.0292 0.2729 0.0000
378      378   (0)     10  : 0.0000 0.9387 0.0000 0.0000 0.0000 0.0613 0.0000
379      379   (0)     10  : 0.0000 0.5871 0.0000 0.0000 0.0365 0.3763 0.0000
380      380   (0)     10  : 0.0000 0.0000 0.0000 0.0000 0.0000 1.0000 0.0000
381      381   (0)     10  : 0.0000 1.0000 0.0000 0.0000 0.0000 0.0000 0.0000
382      382   (0)     10  : 0.0000 0.4264 0.0000 0.0000 0.0000 0.5736 0.0000
383      383   (0)     10  : 0.0000 0.6095 0.0008 0.0000 0.0559 0.3338 0.0000
384      384   (0)     10  : 0.0000 0.9980 0.0016 0.0000 0.0000 0.0003 0.0000
385      385   (0)     10  : 0.0000 0.7407 0.0000 0.0000 0.0000 0.2593 0.0000
386      386   (0)     10  : 0.0000 0.2524 0.0000 0.0000 0.0163 0.7313 0.0000
387      387   (0)     10  : 0.0000 0.9965 0.0035 0.0000 0.0000 0.0000 0.0000
388      388   (0)     10  : 0.0000 0.4867 0.0000 0.0000 0.0000 0.5133 0.0000
389      389   (0)     10  : 0.0000 0.6234 0.0000 0.0000 0.0000 0.3766 0.0000
390      390   (0)      8  : 0.0000 0.4656 0.0000 0.0000 0.0302 0.5042 0.0000
391      391   (0)      8  : 0.0000 0.4716 0.0084 0.0000 0.0000 0.5201 0.0000
392      392   (0)      8  : 0.0000 0.0000 0.0000 0.0000 0.0000 1.0000 0.0000
393      393   (0)     11  : 0.0000 0.0000 0.0000 0.0000 0.0000 1.0000 0.0000
394      394   (0)     11  : 0.0000 0.8114 0.0000 0.0000 0.0000 0.1886 0.0000
395      395   (0)     11  : 0.0000 0.2496 0.0000 0.0000 0.0063 0.7177 0.0265
396      396   (0)     11  : 0.0425 0.1476 0.0000 0.0000 0.0287 0.7811 0.0001
397      397   (0)     11  : 0.0000 1.0000 0.0000 0.0000 0.0000 0.0000 0.0000
398      398   (0)     11  : 0.0000 0.4043 0.0000 0.0000 0.0000 0.5957 0.0000
399      399   (0)     11  : 0.0000 0.5670 0.0000 0.0000 0.0000 0.4330 0.0000
400      400   (0)     11  : 0.0000 0.7239 0.0084 0.0000 0.0000 0.2677 0.0000
401      401   (0)     11  : 0.0000 0.4792 0.0000 0.0000 0.0000 0.5036 0.0172
402      402   (0)     11  : 0.0000 0.4775 0.0000 0.0000 0.0000 0.5225 0.0000
403      403   (0)     11  : 0.0000 0.6498 0.0000 0.0000 0.0000 0.3502 0.0000
404      404   (0)     11  : 0.0000 0.4730 0.0000 0.0000 0.0084 0.5186 0.0000
405      405   (0)     11  : 0.0000 0.0000 0.0000 0.0000 0.0747 0.9253 0.0000
406      406   (0)     11  : 0.0000 0.0576 0.0000 0.0000 0.0000 0.9424 0.0000
407      407   (0)     11  : 0.0000 0.3687 0.0000 0.0000 0.0000 0.6313 0.0000
408      408   (0)     11  : 0.0000 0.2592 0.0000 0.0000 0.0000 0.7408 0.0000
409      409   (0)     11  : 0.0000 0.2606 0.0103 0.0000 0.0226 0.7042 0.0024
410      410   (0)     11  : 0.0000 0.5983 0.0000 0.0000 0.0000 0.4017 0.0000
411      411   (0)     11  : 0.0000 0.6979 0.0000 0.0000 0.0000 0.3021 0.0000
412      412   (0)     11  : 0.0000 0.6907 0.0000 0.0000 0.0000 0.3093 0.0000
413      413   (0)     11  : 0.0000 0.9462 0.0000 0.0000 0.0538 0.0000 0.0000
414      414   (0)     11  : 0.0000 0.6591 0.0000 0.0000 0.0000 0.3409 0.0000
415      415   (0)     11  : 0.0000 0.4863 0.0000 0.0000 0.0000 0.5137 0.0000
416      416   (0)     11  : 0.0000 0.6575 0.0000 0.0000 0.0299 0.3127 0.0000
417      417   (0)     11  : 0.0000 0.7105 0.0000 0.0000 0.0000 0.2895 0.0000
418      418   (0)     11  : 0.0179 0.5405 0.0000 0.0000 0.0249 0.4167 0.0000
419      419   (0)     11  : 0.0000 0.0000 0.0000 0.0000 0.0000 1.0000 0.0000
420      420   (0)     11  : 0.0000 0.3102 0.0000 0.0000 0.0000 0.6898 0.0000
421      421   (0)     11  : 0.0000 0.0000 0.0000 0.0000 0.0000 1.0000 0.0000
422      422   (0)     11  : 0.0000 1.0000 0.0000 0.0000 0.0000 0.0000 0.0000
423      423   (0)     12  : 0.3674 0.0000 0.0000 0.0000 0.0000 0.0000 0.6326
424      424   (0)     12  : 0.0000 0.1974 0.0000 0.0000 0.8026 0.0000 0.0000
425      425   (0)     12  : 1.0000 0.0000 0.0000 0.0000 0.0000 0.0000 0.0000
426      426   (0)     12  : 0.0000 0.0763 0.0000 0.0000 0.9237 0.0000 0.0000
427      427   (0)     12  : 0.7184 0.0000 0.0000 0.0000 0.0000 0.0000 0.2816
428      428   (0)     12  : 0.5137 0.0000 0.0000 0.0515 0.0223 0.0000 0.4124
429      429   (0)     12  : 0.0000 0.0000 0.0934 0.0000 0.9066 0.0000 0.0000
430      430   (0)     12  : 0.2848 0.0000 0.0000 0.0063 0.0000 0.0000 0.7088
431      431   (0)     12  : 0.4515 0.0000 0.0080 0.0154 0.0000 0.0000 0.5251
432      432   (0)     12  : 0.0000 0.0000 0.0000 0.0000 0.8480 0.1520 0.0000
433      433   (0)     12  : 1.0000 0.0000 0.0000 0.0000 0.0000 0.0000 0.0000
434      434   (0)     12  : 0.7768 0.0000 0.0000 0.0000 0.0000 0.0000 0.2232
435      435   (0)     12  : 0.4641 0.0000 0.0062 0.0306 0.0146 0.0000 0.4845
436      436   (0)     12  : 0.5819 0.0000 0.0019 0.0127 0.0000 0.0000 0.4035
437      437   (0)     12  : 0.4201 0.0000 0.0000 0.0000 0.0344 0.0000 0.5455
438      438   (0)     12  : 0.3200 0.0000 0.0000 0.0000 0.0000 0.0000 0.6800
439      439   (0)     12  : 0.0000 0.1226 0.0000 0.0000 0.8767 0.0007 0.0000
440      440   (0)     12  : 0.0000 0.0000 0.0000 0.0000 0.8775 0.1225 0.0000
441      441   (0)     12  : 0.3744 0.0000 0.0000 0.0000 0.0000 0.0000 0.6256
442      442   (0)     12  : 0.0000 0.0000 0.0372 0.0000 0.9628 0.0000 0.0000
443      443   (0)     12  : 0.5196 0.0000 0.0000 0.0000 0.0000 0.0000 0.4804
444      444   (0)     12  : 0.0000 0.0000 0.0000 0.0000 0.0000 0.0000 1.0000
445      445   (0)     12  : 0.8441 0.0000 0.0000 0.0001 0.0000 0.0000 0.1558
446      446   (0)     12  : 0.8442 0.0000 0.0000 0.0000 0.0000 0.0000 0.1558
447      447   (0)     12  : 0.0000 0.0000 0.0000 0.0000 0.0000 0.0000 1.0000
448      448   (0)     12  : 0.3200 0.0000 0.0000 0.0000 0.0000 0.0000 0.6800
449      449   (0)     12  : 0.0000 0.0000 0.0000 0.0000 0.0000 0.0000 1.0000
450      450   (0)     12  : 0.7199 0.0000 0.0000 0.0000 0.0000 0.0000 0.2801
451      451   (0)     12  : 0.4093 0.0000 0.0000 0.0269 0.0000 0.0000 0.5638
452      452   (0)     12  : 0.6993 0.0000 0.0000 0.0000 0.0000 0.0000 0.3007
453      453   (0)     13  : 0.0000 0.0000 0.0000 0.0000 0.0000 0.0000 1.0000
454      454   (0)     13  : 0.0000 0.0000 0.0000 0.0000 0.0000 0.0000 1.0000
455      455   (0)     13  : 0.6451 0.0000 0.0000 0.0000 0.0000 0.0000 0.3549
456      456   (0)     13  : 0.0000 0.0001 0.0000 0.0000 0.8848 0.1151 0.0000
457      457   (0)     13  : 0.0008 0.0000 0.0000 0.0091 0.0000 0.0000 0.9900
458      458   (0)     13  : 0.4069 0.0000 0.0000 0.0000 0.0000 0.0000 0.5931
459      459   (0)     13  : 0.0000 0.0000 0.0000 0.0000 0.0000 0.0000 1.0000
460      460   (0)     13  : 1.0000 0.0000 0.0000 0.0000 0.0000 0.0000 0.0000
461      461   (0)     13  : 0.0000 0.0000 0.0000 0.0000 0.0000 0.0000 1.0000
462      462   (0)     13  : 0.0000 0.0000 0.0000 0.0000 0.0000 0.0000 1.0000
463      463   (0)     13  : 0.5151 0.0000 0.0001 0.0045 0.0000 0.0000 0.4803
464      464   (0)     13  : 0.0000 0.0000 0.0153 0.9456 0.0000 0.0000 0.0390
465      465   (0)     13  : 0.0000 0.0000 0.0000 0.0000 0.0000 0.0000 1.0000
466      466   (0)     13  : 0.5339 0.0000 0.0022 0.0000 0.0000 0.0000 0.4639
467      467   (0)     13  : 0.2510 0.0000 0.0000 0.0000 0.0000 0.0000 0.7490
468      468   (0)     13  : 0.0315 0.0081 0.0000 0.9152 0.0000 0.0000 0.0452
469      469   (0)     13  : 0.0000 0.0000 0.0000 1.0000 0.0000 0.0000 0.0000
470      470   (0)     13  : 0.3844 0.0000 0.0000 0.0000 0.0000 0.0000 0.6156
471      471   (0)     13  : 0.3522 0.0302 0.0000 0.0000 0.0000 0.0000 0.6176
472      472   (0)     13  : 0.0000 0.0000 0.0000 0.0000 0.0000 0.0000 1.0000
473      473   (0)     13  : 0.0000 0.1193 0.0000 0.0000 0.7331 0.0923 0.0553
474      474   (0)     13  : 1.0000 0.0000 0.0000 0.0000 0.0000 0.0000 0.0000
475      475   (0)     13  : 0.2961 0.0000 0.0000 0.0000 0.0000 0.0000 0.7039
476      476   (0)     13  : 0.0000 0.0000 0.0000 0.0000 0.9485 0.0515 0.0000
477      477   (0)     13  : 0.5066 0.0000 0.0000 0.0145 0.0231 0.0000 0.4558
478      478   (0)     13  : 0.3326 0.0000 0.0185 0.0000 0.0014 0.0000 0.6475
479      479   (0)     13  : 1.0000 0.0000 0.0000 0.0000 0.0000 0.0000 0.0000
480      480   (0)     13  : 0.0000 0.0932 0.0000 0.0000 0.9017 0.0051 0.0000
481      481   (0)     13  : 0.1285 0.0000 0.0197 0.8399 0.0118 0.0000 0.0000
482      482   (0)     13  : 0.3704 0.0000 0.0000 0.0106 0.0000 0.0000 0.6190
483      483   (0)     14  : 0.4403 0.0000 0.0000 0.0000 0.0000 0.0000 0.5597
484      484   (0)     14  : 1.0000 0.0000 0.0000 0.0000 0.0000 0.0000 0.0000
485      485   (0)     15  : 0.4282 0.0000 0.0000 0.0000 0.0000 0.0000 0.5718
486      486   (0)     15  : 1.0000 0.0000 0.0000 0.0000 0.0000 0.0000 0.0000
487      487   (0)     15  : 0.0000 0.0000 0.0000 0.0000 0.0000 0.0000 1.0000
488      488   (0)     15  : 0.5537 0.0000 0.0000 0.0000 0.0000 0.0000 0.4463
489      489   (0)     15  : 0.0000 0.0000 0.0000 0.0000 0.8179 0.1821 0.0000
490      490   (0)     15  : 0.0000 0.0866 0.0000 0.0000 0.9134 0.0000 0.0000
491      491   (0)     15  : 0.5453 0.0000 0.0000 0.0000 0.0000 0.0000 0.4547
492      492   (0)     15  : 0.0000 0.0749 0.0000 0.0000 0.9251 0.0000 0.0000
493      493   (0)     15  : 0.7494 0.0000 0.0193 0.0000 0.0000 0.0000 0.2313
494      494   (0)     15  : 0.0000 0.0000 0.0000 0.0000 0.0000 0.0000 1.0000
495      495   (0)     15  : 1.0000 0.0000 0.0000 0.0000 0.0000 0.0000 0.0000
496      496   (0)     15  : 0.4244 0.0000 0.0020 0.0000 0.0000 0.0000 0.5736
497      497   (0)     15  : 0.0000 0.0000 0.0000 0.0000 0.0000 0.0000 1.0000
498      498   (0)     15  : 0.6117 0.0000 0.0000 0.0369 0.0000 0.0000 0.3514
499      499   (0)     15  : 0.4575 0.0000 0.0000 0.0036 0.0000 0.0000 0.5389
500      500   (0)     15  : 0.0000 0.0000 0.0000 0.0000 0.0000 0.0000 1.0000
501      501   (0)     15  : 0.4124 0.0000 0.0050 0.0000 0.0139 0.0000 0.5686
502      502   (0)     15  : 0.0000 0.0000 0.0000 0.0000 0.0000 0.0000 1.0000
503      503   (0)     15  : 0.0000 0.0000 0.0000 0.0000 0.0000 0.0000 1.0000
504      504   (0)     15  : 0.2656 0.0000 0.0000 0.0000 0.0000 0.0000 0.7344
505      505   (0)     15  : 0.0000 0.0000 0.0000 0.0000 0.0000 0.0000 1.0000
506      506   (0)     15  : 0.5920 0.0000 0.0000 0.0000 0.0000 0.0000 0.4080
507      507   (0)     15  : 0.0000 0.0000 0.0000 0.0000 0.0000 0.0000 1.0000
508      508   (0)     15  : 0.0000 0.0000 0.0000 0.0000 0.0000 0.0000 1.0000
509      509   (0)     15  : 0.0000 0.0000 0.0000 0.0000 0.8840 0.1160 0.0000
510      510   (0)     15  : 0.0000 0.0000 0.0000 0.0000 0.8716 0.1284 0.0000
511      511   (0)     15  : 0.3614 0.0222 0.0071 0.0000 0.0083 0.0000 0.6010
512      512   (0)     15  : 0.6937 0.0000 0.0000 0.0000 0.0000 0.0000 0.3063
513      513   (0)     15  : 0.5355 0.0000 0.0000 0.0009 0.0000 0.0000 0.4636
514      514   (0)     15  : 0.3456 0.0000 0.0000 0.0163 0.0000 0.0000 0.6382
515      515   (0)     16  : 0.0000 0.0000 0.0049 0.9388 0.0000 0.0000 0.0562
516      516   (0)     16  : 0.0000 0.0000 0.0000 0.0000 0.0000 0.0000 1.0000
517      517   (0)     16  : 0.0000 0.1379 0.0000 0.0000 0.8621 0.0000 0.0000
518      518   (0)     16  : 0.4229 0.0000 0.0162 0.0116 0.0000 0.0000 0.5493
519      519   (0)     16  : 0.7041 0.0000 0.0000 0.0000 0.0000 0.0000 0.2959
520      520   (0)     16  : 0.6782 0.0000 0.0000 0.0243 0.0000 0.0000 0.2975
521      521   (0)     16  : 0.8069 0.0000 0.0000 0.0000 0.0000 0.0000 0.1931
522      522   (0)     16  : 0.0000 0.0000 0.0479 0.0000 0.9521 0.0000 0.0000
523      523   (0)     16  : 1.0000 0.0000 0.0000 0.0000 0.0000 0.0000 0.0000
524      524   (0)     16  : 0.0000 0.1478 0.0000 0.0000 0.8522 0.0000 0.0000
525      525   (0)     16  : 0.6642 0.0000 0.0000 0.0000 0.0000 0.0000 0.3358
526      526   (0)     16  : 1.0000 0.0000 0.0000 0.0000 0.0000 0.0000 0.0000
527      527   (0)     16  : 0.0000 0.0000 0.0000 0.0000 0.8867 0.1133 0.0000
528      528   (0)     16  : 0.9608 0.0000 0.0000 0.0392 0.0000 0.0000 0.0000
529      529   (0)     16  : 1.0000 0.0000 0.0000 0.0000 0.0000 0.0000 0.0000
530      530   (0)     16  : 0.9790 0.0000 0.0000 0.0210 0.0000 0.0000 0.0000
531      531   (0)     16  : 0.2507 0.0000 0.0000 0.0000 0.0000 0.0000 0.7493
532      532   (0)     16  : 0.0000 0.0000 0.0527 0.0000 0.9473 0.0000 0.0000
533      533   (0)     16  : 0.0000 0.0000 0.0731 0.0000 0.9269 0.0000 0.0000
534      534   (0)     16  : 0.4179 0.0000 0.0000 0.0000 0.0000 0.0000 0.5821
535      535   (0)     16  : 1.0000 0.0000 0.0000 0.0000 0.0000 0.0000 0.0000
536      536   (0)     16  : 1.0000 0.0000 0.0000 0.0000 0.0000 0.0000 0.0000
537      537   (0)     16  : 0.4823 0.0000 0.0000 0.0000 0.0000 0.0000 0.5177
538      538   (0)     16  : 1.0000 0.0000 0.0000 0.0000 0.0000 0.0000 0.0000
539      539   (0)     16  : 1.0000 0.0000 0.0000 0.0000 0.0000 0.0000 0.0000
540      540   (0)     16  : 0.3196 0.0000 0.0000 0.0000 0.0000 0.0000 0.6804
541      541   (0)     16  : 0.0000 0.0000 1.0000 0.0000 0.0000 0.0000 0.0000
542      542   (0)     16  : 0.3033 0.0000 0.0000 0.0149 0.0000 0.0000 0.6819
543      543   (0)     16  : 0.4339 0.0000 0.0000 0.0000 0.0000 0.0000 0.5661
544      544   (0)     16  : 1.0000 0.0000 0.0000 0.0000 0.0000 0.0000 0.0000
