1        1   (0)      1  : 0.0093 0.2633 0.0000 0.0009 0.0000 0.0000 0.0000 0.0000 0.0000 0.2265 0.5000 0.0000 0.0000 0.0000 0.0000 0.0000
2        2   (0)      1  : 0.2905 0.0036 0.0000 0.6766 0.0000 0.0000 0.0000 0.0000 0.0000 0.0112 0.0181 0.0000 0.0000 0.0000 0.0000 0.0000
3        3   (0)      1  : 0.3773 0.0139 0.0000 0.5792 0.0000 0.0000 0.0000 0.0000 0.0000 0.0000 0.0296 0.0000 0.0000 0.0000 0.0000 0.0000
4        4   (0)      1  : 0.0136 0.4104 0.0035 0.0115 0.0000 0.0000 0.1200 0.0000 0.0000 0.2177 0.2233 0.0000 0.0000 0.0000 0.0000 0.0000
5        5   (0)      1  : 0.0000 0.4090 0.0000 0.0101 0.0000 0.0000 0.3993 0.0000 0.0000 0.0000 0.0000 0.0000 0.1700 0.0000 0.0000 0.0117
6        6   (0)      1  : 0.0002 0.0000 0.0000 0.0013 0.0000 0.0000 0.4142 0.0000 0.0062 0.5125 0.0655 0.0000 0.0000 0.0000 0.0000 0.0000
7        7   (0)      1  : 0.0000 0.0000 0.0000 1.0000 0.0000 0.0000 0.0000 0.0000 0.0000 0.0000 0.0000 0.0000 0.0000 0.0000 0.0000 0.0000
8        8   (0)      1  : 0.2975 0.0033 0.0000 0.6992 0.0000 0.0000 0.0000 0.0000 0.0000 0.0000 0.0000 0.0000 0.0000 0.0000 0.0000 0.0000
9        9   (0)      1  : 0.0000 0.0000 0.0000 0.0135 0.0000 0.0000 0.6662 0.0000 0.0000 0.1127 0.2026 0.0000 0.0000 0.0000 0.0000 0.0051
10       10   (0)      1  : 0.4345 0.0108 0.0000 0.5502 0.0000 0.0000 0.0044 0.0000 0.0000 0.0000 0.0000 0.0000 0.0000 0.0000 0.0000 0.0000
11       11   (0)      1  : 0.0000 0.5686 0.0002 0.0000 0.0000 0.0000 0.3532 0.0000 0.0000 0.0000 0.0779 0.0000 0.0000 0.0000 0.0000 0.0000
12       12   (0)      1  : 0.0003 0.0000 0.0000 0.0000 0.0000 0.0000 0.1812 0.0000 0.0000 0.5379 0.2806 0.0000 0.0000 0.0000 0.0000 0.0000
13       13   (0)      1  : 0.0000 1.0000 0.0000 0.0000 0.0000 0.0000 0.0000 0.0000 0.0000 0.0000 0.0000 0.0000 0.0000 0.0000 0.0000 0.0000
14       14   (0)      1  : 0.0000 0.0000 0.0017 0.0000 0.0000 0.0000 0.8402 0.0000 0.0000 0.1580 0.0000 0.0000 0.0000 0.0000 0.0000 0.0000
15       15   (0)      1  : 0.0013 0.0700 0.0011 0.0000 0.0000 0.0000 0.2778 0.0000 0.0000 0.1497 0.5000 0.0000 0.0000 0.0000 0.0000 0.0000
16       16   (0)      1  : 0.0218 0.3230 0.0000 0.0398 0.0000 0.0000 0.3892 0.0000 0.0045 0.0849 0.0622 0.0000 0.0651 0.0000 0.0000 0.0094
17       17   (0)      1  : 0.0000 0.0000 0.0000 0.0000 0.0000 0.0000 0.0000 0.0000 0.0000 0.5000 0.0000 0.0000 0.5000 0.0000 0.0000 0.0000
18       18   (0)      1  : 0.0000 0.0003 0.0000 0.0000 0.0000 0.0000 0.6706 0.0000 0.0000 0.0000 0.3290 0.0000 0.0000 0.0000 0.0000 0.0000
19       19   (0)      1  : 0.0000 0.0000 0.0000 0.0000 0.0000 0.0000 0.1882 0.0000 0.0000 0.8118 0.0000 0.0000 0.0000 0.0000 0.0000 0.0000
20       20   (0)      1  : 0.0000 0.0000 0.0000 0.0000 0.0000 0.0000 0.2241 0.0000 0.0000 0.2759 0.0000 0.0000 0.5000 0.0000 0.0000 0.0000
21       21   (0)      1  : 0.0000 0.5306 0.0000 0.0000 0.0000 0.0000 0.0000 0.0000 0.0000 0.2541 0.2154 0.0000 0.0000 0.0000 0.0000 0.0000
22       22   (0)      1  : 0.5045 0.0000 0.0000 0.4622 0.0000 0.0000 0.0332 0.0000 0.0000 0.0000 0.0000 0.0000 0.0000 0.0000 0.0000 0.0000
23       23   (0)      1  : 0.0000 0.1708 0.0000 0.0000 0.0000 0.0000 0.0000 0.0000 0.0000 0.3292 0.0000 0.0000 0.5000 0.0000 0.0000 0.0000
24       24   (0)      1  : 0.0000 0.0000 0.0000 0.0000 0.0000 0.0000 0.5000 0.0000 0.0000 0.0000 0.0000 0.0000 0.0000 0.0000 0.0000 0.5000
25       25   (0)      1  : 0.0000 0.6640 0.0000 0.0000 0.0000 0.0000 0.0000 0.0000 0.0000 0.0000 0.0996 0.0000 0.2364 0.0000 0.0000 0.0000
26       26   (0)      1  : 0.0000 0.4717 0.0000 0.0000 0.0000 0.0000 0.1337 0.0000 0.0000 0.1649 0.1289 0.0000 0.1008 0.0000 0.0000 0.0000
27       27   (0)      1  : 0.0000 0.0000 0.0000 0.0000 0.9454 0.0000 0.0000 0.0000 0.0000 0.0000 0.0000 0.0000 0.0392 0.0154 0.0000 0.0000
28       28   (0)      1  : 0.0000 0.0000 0.0000 0.0000 0.6848 0.0000 0.0000 0.0000 0.0000 0.0000 0.0000 0.0000 0.0000 0.0000 0.0000 0.3152
29       29   (0)      1  : 0.0000 0.1430 0.0029 0.0247 0.0000 0.0000 0.3633 0.0000 0.0000 0.3404 0.1149 0.0000 0.0000 0.0000 0.0000 0.0107
30       30   (0)      1  : 0.0000 0.5000 0.0000 0.0000 0.0000 0.0000 0.5000 0.0000 0.0000 0.0000 0.0000 0.0000 0.0000 0.0000 0.0000 0.0000
31       31   (0)      1  : 0.0122 0.0000 0.0000 0.0229 0.0000 0.0000 0.4921 0.0000 0.0000 0.3132 0.1597 0.0000 0.0000 0.0000 0.0000 0.0000
32       32   (0)      1  : 0.3284 0.0000 0.0000 0.5601 0.0000 0.0000 0.0238 0.0000 0.0000 0.0000 0.0000 0.0000 0.0000 0.0000 0.0000 0.0877
33       33   (0)      1  : 0.0000 0.0000 0.0000 0.1030 0.2086 0.0000 0.1884 0.0000 0.0000 0.0000 0.0000 0.0000 0.0000 0.0000 0.0000 0.5000
34       34   (0)      1  : 0.0000 0.1625 0.0000 0.0000 0.0000 0.0000 0.3375 0.0000 0.0000 0.2080 0.0000 0.0000 0.2920 0.0000 0.0000 0.0000
35       35   (0)      1  : 0.0000 0.0000 1.0000 0.0000 0.0000 0.0000 0.0000 0.0000 0.0000 0.0000 0.0000 0.0000 0.0000 0.0000 0.0000 0.0000
36       36   (0)      1  : 0.0000 0.0000 1.0000 0.0000 0.0000 0.0000 0.0000 0.0000 0.0000 0.0000 0.0000 0.0000 0.0000 0.0000 0.0000 0.0000
37       37   (0)      1  : 0.0000 0.0000 1.0000 0.0000 0.0000 0.0000 0.0000 0.0000 0.0000 0.0000 0.0000 0.0000 0.0000 0.0000 0.0000 0.0000
38       38   (0)      1  : 0.0000 0.0000 0.0000 0.0000 1.0000 0.0000 0.0000 0.0000 0.0000 0.0000 0.0000 0.0000 0.0000 0.0000 0.0000 0.0000
39       39   (0)      1  : 0.0000 0.0000 0.0000 0.0000 0.9894 0.0000 0.0000 0.0000 0.0000 0.0000 0.0014 0.0091 0.0000 0.0000 0.0000 0.0000
40       40   (0)      1  : 0.0000 0.1578 0.0000 0.0000 0.0000 0.0000 0.6784 0.0000 0.0000 0.0065 0.1568 0.0000 0.0005 0.0000 0.0000 0.0000
41       41   (0)      1  : 0.0721 0.0000 0.0000 0.9279 0.0000 0.0000 0.0000 0.0000 0.0000 0.0000 0.0000 0.0000 0.0000 0.0000 0.0000 0.0000
42       42   (0)      1  : 0.0000 0.0000 0.0000 0.0000 1.0000 0.0000 0.0000 0.0000 0.0000 0.0000 0.0000 0.0000 0.0000 0.0000 0.0000 0.0000
43       43   (0)      1  : 0.0110 0.2827 0.0075 0.0001 0.0000 0.0000 0.0046 0.0000 0.0000 0.1940 0.0000 0.0000 0.5000 0.0000 0.0000 0.0000
44       44   (0)      1  : 0.5348 0.0000 0.0000 0.4642 0.0000 0.0000 0.0001 0.0000 0.0000 0.0009 0.0000 0.0000 0.0000 0.0000 0.0000 0.0000
45       45   (0)      1  : 0.0000 0.0000 0.0000 0.0000 1.0000 0.0000 0.0000 0.0000 0.0000 0.0000 0.0000 0.0000 0.0000 0.0000 0.0000 0.0000
46       46   (0)      1  : 0.0000 0.6653 0.0000 0.0000 0.0000 0.0000 0.3347 0.0000 0.0000 0.0000 0.0000 0.0000 0.0000 0.0000 0.0000 0.0000
47       47   (0)      1  : 0.0000 0.0000 0.0000 0.0000 0.9976 0.0000 0.0000 0.0024 0.0000 0.0000 0.0000 0.0000 0.0000 0.0000 0.0000 0.0000
48       48   (0)      1  : 0.4026 0.0000 0.0000 0.5752 0.0000 0.0000 0.0000 0.0000 0.0034 0.0000 0.0188 0.0000 0.0000 0.0000 0.0000 0.0000
49       49   (0)      1  : 0.3469 0.0000 0.0000 0.6531 0.0000 0.0000 0.0000 0.0000 0.0000 0.0000 0.0000 0.0000 0.0000 0.0000 0.0000 0.0000
50       50   (0)      1  : 0.0000 0.0000 0.0000 0.0000 1.0000 0.0000 0.0000 0.0000 0.0000 0.0000 0.0000 0.0000 0.0000 0.0000 0.0000 0.0000
51       51   (0)      1  : 0.0000 0.0000 0.0000 0.0000 1.0000 0.0000 0.0000 0.0000 0.0000 0.0000 0.0000 0.0000 0.0000 0.0000 0.0000 0.0000
52       52   (0)      1  : 0.1747 0.0000 0.0000 0.7510 0.0000 0.0000 0.0325 0.0000 0.0000 0.0418 0.0000 0.0000 0.0000 0.0000 0.0000 0.0000
53       53   (0)      1  : 0.0000 0.0000 0.0000 1.0000 0.0000 0.0000 0.0000 0.0000 0.0000 0.0000 0.0000 0.0000 0.0000 0.0000 0.0000 0.0000
54       54   (0)      1  : 0.5493 0.0286 0.0000 0.4219 0.0000 0.0000 0.0000 0.0000 0.0000 0.0000 0.0001 0.0000 0.0000 0.0000 0.0000 0.0000
55       55   (0)      1  : 0.0000 0.0000 0.0000 0.0000 0.9367 0.0000 0.0000 0.0000 0.0015 0.0000 0.0000 0.0000 0.0000 0.0618 0.0000 0.0000
56       56   (0)      2  : 0.0000 0.0000 0.0000 0.0000 0.0000 0.0000 1.0000 0.0000 0.0000 0.0000 0.0000 0.0000 0.0000 0.0000 0.0000 0.0000
57       57   (0)      2  : 0.0000 0.5000 0.0000 0.0000 0.0000 0.0000 0.0000 0.0000 0.0000 0.0000 0.2006 0.0000 0.2994 0.0000 0.0000 0.0000
58       58   (0)      2  : 0.0000 0.0000 0.0000 0.0000 0.0000 0.0000 0.5000 0.0000 0.0000 0.0000 0.5000 0.0000 0.0000 0.0000 0.0000 0.0000
59       59   (0)      2  : 0.0000 0.5354 0.0000 0.0000 0.0000 0.0000 0.4638 0.0000 0.0000 0.0008 0.0000 0.0000 0.0000 0.0000 0.0000 0.0000
60       60   (0)      2  : 0.5460 0.0316 0.0000 0.4216 0.0000 0.0000 0.0000 0.0000 0.0000 0.0008 0.0000 0.0000 0.0000 0.0000 0.0000 0.0000
61       61   (0)      2  : 0.0000 0.8628 0.0000 0.0000 0.0000 0.0000 0.0000 0.0000 0.0000 0.0000 0.0000 0.0000 0.1372 0.0000 0.0000 0.0000
62       62   (0)      2  : 0.0000 0.0000 1.0000 0.0000 0.0000 0.0000 0.0000 0.0000 0.0000 0.0000 0.0000 0.0000 0.0000 0.0000 0.0000 0.0000
63       63   (0)      2  : 0.0000 0.2348 0.0000 0.0153 0.0000 0.0000 0.1891 0.0000 0.0000 0.2956 0.2558 0.0000 0.0094 0.0000 0.0000 0.0000
64       64   (0)      2  : 0.0000 0.0000 1.0000 0.0000 0.0000 0.0000 0.0000 0.0000 0.0000 0.0000 0.0000 0.0000 0.0000 0.0000 0.0000 0.0000
65       65   (0)      2  : 0.0222 0.1401 0.0000 0.0000 0.0000 0.0000 0.1409 0.0000 0.0000 0.4359 0.0000 0.0000 0.2608 0.0000 0.0000 0.0000
66       66   (0)      2  : 0.0000 0.0000 1.0000 0.0000 0.0000 0.0000 0.0000 0.0000 0.0000 0.0000 0.0000 0.0000 0.0000 0.0000 0.0000 0.0000
67       67   (0)      2  : 0.0000 0.0000 0.0000 0.0000 0.0000 0.0000 0.0000 0.0000 0.0000 1.0000 0.0000 0.0000 0.0000 0.0000 0.0000 0.0000
68       68   (0)      2  : 0.0000 0.3009 0.0024 0.0241 0.0000 0.0000 0.3364 0.0000 0.0000 0.3328 0.0000 0.0000 0.0035 0.0000 0.0000 0.0000
69       69   (0)      2  : 0.4415 0.0000 0.0000 0.5518 0.0000 0.0000 0.0000 0.0000 0.0000 0.0000 0.0000 0.0000 0.0068 0.0000 0.0000 0.0000
70       70   (0)      2  : 0.0000 0.0000 0.0000 0.0000 0.0000 0.0000 0.6388 0.0000 0.0000 0.2086 0.1527 0.0000 0.0000 0.0000 0.0000 0.0000
71       71   (0)      2  : 0.0000 0.0000 1.0000 0.0000 0.0000 0.0000 0.0000 0.0000 0.0000 0.0000 0.0000 0.0000 0.0000 0.0000 0.0000 0.0000
72       72   (0)      2  : 0.0000 0.0000 1.0000 0.0000 0.0000 0.0000 0.0000 0.0000 0.0000 0.0000 0.0000 0.0000 0.0000 0.0000 0.0000 0.0000
73       73   (0)      2  : 0.0663 0.0000 0.0000 0.0000 0.0000 0.0000 0.9337 0.0000 0.0000 0.0000 0.0000 0.0000 0.0000 0.0000 0.0000 0.0000
74       74   (0)      2  : 0.1032 0.0000 0.0000 0.8967 0.0000 0.0000 0.0000 0.0000 0.0000 0.0000 0.0000 0.0000 0.0000 0.0000 0.0000 0.0000
75       75   (0)      2  : 0.0000 0.0000 0.0000 0.0000 0.9775 0.0159 0.0000 0.0000 0.0000 0.0000 0.0000 0.0000 0.0000 0.0000 0.0065 0.0000
76       76   (0)      2  : 0.3892 0.0000 0.0000 0.6020 0.0000 0.0000 0.0088 0.0000 0.0000 0.0000 0.0000 0.0000 0.0000 0.0000 0.0000 0.0000
77       77   (0)      2  : 0.0550 0.6019 0.0000 0.0000 0.0000 0.0000 0.0815 0.0000 0.0000 0.1817 0.0000 0.0000 0.0799 0.0000 0.0000 0.0000
78       78   (0)      2  : 0.0000 0.0000 1.0000 0.0000 0.0000 0.0000 0.0000 0.0000 0.0000 0.0000 0.0000 0.0000 0.0000 0.0000 0.0000 0.0000
79       79   (0)      2  : 0.0000 0.0000 0.0000 0.0000 1.0000 0.0000 0.0000 0.0000 0.0000 0.0000 0.0000 0.0000 0.0000 0.0000 0.0000 0.0000
80       80   (0)      2  : 0.0000 0.0000 1.0000 0.0000 0.0000 0.0000 0.0000 0.0000 0.0000 0.0000 0.0000 0.0000 0.0000 0.0000 0.0000 0.0000
81       81   (0)      2  : 0.0010 0.0000 0.0005 0.0000 0.0000 0.0000 0.2338 0.0000 0.0000 0.7647 0.0000 0.0000 0.0000 0.0000 0.0000 0.0000
82       82   (0)      2  : 0.0000 0.0000 0.0000 1.0000 0.0000 0.0000 0.0000 0.0000 0.0000 0.0000 0.0000 0.0000 0.0000 0.0000 0.0000 0.0000
83       83   (0)      2  : 0.7053 0.0000 0.0000 0.2947 0.0000 0.0000 0.0000 0.0000 0.0000 0.0000 0.0000 0.0000 0.0000 0.0000 0.0000 0.0000
84       84   (0)      2  : 0.0801 0.3261 0.0000 0.1300 0.0000 0.0000 0.2743 0.0000 0.0000 0.0573 0.0887 0.0000 0.0435 0.0000 0.0000 0.0000
85       85   (0)      2  : 0.0000 0.3918 0.0000 0.0019 0.0000 0.0000 0.3137 0.0000 0.0000 0.2926 0.0000 0.0000 0.0000 0.0000 0.0000 0.0000
86       86   (0)      2  : 0.0000 0.5288 0.0000 0.0000 0.0000 0.0000 0.0000 0.0000 0.0000 0.0000 0.0000 0.0000 0.4712 0.0000 0.0000 0.0000
87       87   (0)      2  : 0.0000 0.0000 0.0000 0.0064 0.0000 0.0000 0.1855 0.0000 0.0000 0.7891 0.0191 0.0000 0.0000 0.0000 0.0000 0.0000
88       88   (0)      2  : 0.0000 0.0098 0.0000 0.0000 0.0000 0.0000 0.4249 0.0000 0.0000 0.5653 0.0000 0.0000 0.0000 0.0000 0.0000 0.0000
89       89   (0)      2  : 0.0000 1.0000 0.0000 0.0000 0.0000 0.0000 0.0000 0.0000 0.0000 0.0000 0.0000 0.0000 0.0000 0.0000 0.0000 0.0000
90       90   (0)      2  : 0.0000 0.2519 0.0082 0.0397 0.0000 0.0000 0.4704 0.0000 0.0000 0.0000 0.2298 0.0000 0.0000 0.0000 0.0000 0.0000
91       91   (0)      2  : 0.0000 0.4059 0.0000 0.0000 0.0000 0.0000 0.0177 0.0000 0.0000 0.2071 0.0000 0.0000 0.3693 0.0000 0.0000 0.0000
92       92   (0)      2  : 0.0000 0.9999 0.0000 0.0001 0.0000 0.0000 0.0000 0.0000 0.0000 0.0000 0.0000 0.0000 0.0000 0.0000 0.0000 0.0000
93       93   (0)      2  : 0.6530 0.0000 0.0000 0.3470 0.0000 0.0000 0.0000 0.0000 0.0000 0.0000 0.0000 0.0000 0.0000 0.0000 0.0000 0.0000
94       94   (0)      2  : 0.5890 0.0000 0.0062 0.3783 0.0000 0.0000 0.0000 0.0000 0.0000 0.0034 0.0231 0.0000 0.0000 0.0000 0.0000 0.0000
95       95   (0)      2  : 0.0000 0.0000 1.0000 0.0000 0.0000 0.0000 0.0000 0.0000 0.0000 0.0000 0.0000 0.0000 0.0000 0.0000 0.0000 0.0000
96       96   (0)      2  : 0.8676 0.0000 0.0000 0.1061 0.0000 0.0000 0.0000 0.0000 0.0000 0.0020 0.0000 0.0000 0.0242 0.0000 0.0000 0.0000
97       97   (0)      2  : 0.7746 0.0000 0.0000 0.2076 0.0000 0.0000 0.0000 0.0000 0.0000 0.0083 0.0000 0.0000 0.0095 0.0000 0.0000 0.0000
98       98   (0)      2  : 0.0000 0.0000 0.0000 0.0248 0.0000 0.0000 0.9745 0.0000 0.0007 0.0000 0.0000 0.0000 0.0000 0.0000 0.0000 0.0000
99       99   (0)      2  : 0.0000 0.0000 1.0000 0.0000 0.0000 0.0000 0.0000 0.0000 0.0000 0.0000 0.0000 0.0000 0.0000 0.0000 0.0000 0.0000
100      100   (0)      2  : 0.0000 0.0000 0.0000 0.0000 0.0000 0.0000 1.0000 0.0000 0.0000 0.0000 0.0000 0.0000 0.0000 0.0000 0.0000 0.0000
101      101   (0)      3  : 0.0000 0.0000 0.0000 0.0000 0.0000 0.0000 0.2506 0.0000 0.0000 0.6266 0.0000 0.0000 0.1228 0.0000 0.0000 0.0000
102      102   (0)      3  : 0.0000 0.0000 0.0001 0.0000 0.0000 0.0000 0.3772 0.0000 0.0000 0.2446 0.1664 0.0000 0.2117 0.0000 0.0000 0.0000
103      103   (0)      3  : 0.0000 0.0000 0.0000 0.0000 0.0000 0.0000 0.0000 0.0000 0.0000 0.5000 0.0000 0.0000 0.5000 0.0000 0.0000 0.0000
104      104   (0)      3  : 0.0000 0.0000 0.0000 0.0002 0.0000 0.0000 0.8199 0.0000 0.0000 0.1799 0.0000 0.0000 0.0000 0.0000 0.0000 0.0000
105      105   (0)      3  : 0.0000 0.7515 0.0000 0.0000 0.0000 0.0000 0.0000 0.0000 0.0000 0.0000 0.2485 0.0000 0.0000 0.0000 0.0000 0.0000
106      106   (0)      3  : 0.0124 0.0000 0.0005 0.0000 0.0000 0.0000 0.1304 0.0000 0.0000 0.5855 0.0000 0.0000 0.2712 0.0000 0.0000 0.0000
107      107   (0)      3  : 0.0000 0.5667 0.0000 0.0000 0.0000 0.0000 0.1206 0.0000 0.0000 0.0000 0.1504 0.0000 0.1623 0.0000 0.0000 0.0000
108      108   (0)      3  : 0.0000 0.1140 0.0000 0.0002 0.0000 0.0000 0.1976 0.0000 0.0000 0.6882 0.0000 0.0000 0.0000 0.0000 0.0000 0.0000
109      109   (0)      3  : 0.0000 0.0000 0.0000 0.0000 0.0000 0.0000 1.0000 0.0000 0.0000 0.0000 0.0000 0.0000 0.0000 0.0000 0.0000 0.0000
110      110   (0)      3  : 0.0000 0.0000 0.0000 0.0000 0.0000 0.0000 0.0000 0.0000 0.0000 1.0000 0.0000 0.0000 0.0000 0.0000 0.0000 0.0000
111      111   (0)      3  : 0.0003 0.5056 0.0037 0.0001 0.0000 0.0000 0.2025 0.0000 0.0000 0.0000 0.0000 0.0000 0.2878 0.0000 0.0000 0.0000
112      112   (0)      3  : 0.0000 0.0000 0.0000 0.0000 0.0000 0.0000 1.0000 0.0000 0.0000 0.0000 0.0000 0.0000 0.0000 0.0000 0.0000 0.0000
113      113   (0)      3  : 0.0000 0.0000 0.0000 0.0000 0.0000 0.0000 1.0000 0.0000 0.0000 0.0000 0.0000 0.0000 0.0000 0.0000 0.0000 0.0000
114      114   (0)      3  : 0.0000 0.0000 0.0000 0.0028 0.0000 0.0000 0.9972 0.0000 0.0000 0.0000 0.0000 0.0000 0.0000 0.0000 0.0000 0.0000
115      115   (0)      3  : 0.0111 0.0000 0.0000 0.0240 0.0000 0.0000 0.7505 0.0000 0.0000 0.0000 0.2144 0.0000 0.0000 0.0000 0.0000 0.0000
116      116   (0)      3  : 0.0000 0.0000 0.0000 0.0000 0.0000 0.0000 0.0000 0.0000 0.0000 1.0000 0.0000 0.0000 0.0000 0.0000 0.0000 0.0000
117      117   (0)      3  : 0.0000 0.3270 0.0000 0.0478 0.0000 0.0000 0.3459 0.0000 0.0000 0.2791 0.0000 0.0000 0.0001 0.0000 0.0000 0.0000
118      118   (0)      3  : 0.0000 0.3038 0.0000 0.0000 0.0000 0.0000 0.6962 0.0000 0.0000 0.0000 0.0000 0.0000 0.0000 0.0000 0.0000 0.0000
119      119   (0)      3  : 0.0000 0.1070 0.0000 0.0277 0.0000 0.0000 0.3477 0.0000 0.0000 0.5171 0.0000 0.0000 0.0004 0.0000 0.0000 0.0000
120      120   (0)      3  : 0.0176 0.0000 0.0723 0.0000 0.0000 0.0000 0.2043 0.0000 0.0000 0.7057 0.0000 0.0000 0.0000 0.0000 0.0000 0.0000
121      121   (0)      3  : 0.0000 0.0366 0.0000 0.0000 0.0000 0.0000 0.0000 0.0000 0.0000 0.7275 0.0556 0.0000 0.1803 0.0000 0.0000 0.0000
122      122   (0)      3  : 0.0000 0.0000 0.0000 0.0000 0.0000 0.0000 1.0000 0.0000 0.0000 0.0000 0.0000 0.0000 0.0000 0.0000 0.0000 0.0000
123      123   (0)      3  : 0.0000 0.6960 0.0000 0.0000 0.0000 0.0000 0.0000 0.0000 0.0000 0.3040 0.0000 0.0000 0.0000 0.0000 0.0000 0.0000
124      124   (0)      3  : 0.0000 0.2668 0.0000 0.0000 0.0000 0.0000 0.3199 0.0000 0.0000 0.0937 0.0000 0.0000 0.3197 0.0000 0.0000 0.0000
125      125   (0)      3  : 0.0000 0.1483 0.0033 0.0000 0.0000 0.0000 0.1557 0.0000 0.0000 0.4930 0.0000 0.0000 0.1998 0.0000 0.0000 0.0000
126      126   (0)      3  : 0.0000 0.8107 0.0000 0.0000 0.0000 0.0000 0.0000 0.0000 0.0000 0.0000 0.1893 0.0000 0.0000 0.0000 0.0000 0.0000
127      127   (0)      3  : 0.0413 0.2214 0.0000 0.0168 0.0000 0.0000 0.4454 0.0000 0.0000 0.0917 0.0000 0.0000 0.1834 0.0000 0.0000 0.0000
128      128   (0)      3  : 0.0000 0.0000 0.0000 0.0000 0.0000 0.0000 0.1136 0.0000 0.0000 0.5055 0.0837 0.0000 0.2972 0.0000 0.0000 0.0000
129      129   (0)      3  : 0.0000 0.0000 0.0000 0.0290 0.0000 0.0000 0.1589 0.0000 0.0000 0.8121 0.0000 0.0000 0.0000 0.0000 0.0000 0.0000
130      130   (0)      3  : 0.4989 0.0222 0.0000 0.4788 0.0000 0.0000 0.0000 0.0000 0.0000 0.0000 0.0000 0.0000 0.0000 0.0000 0.0000 0.0000
131      131   (0)      3  : 0.6229 0.0338 0.0000 0.3153 0.0000 0.0000 0.0281 0.0000 0.0000 0.0000 0.0000 0.0000 0.0000 0.0000 0.0000 0.0000
132      132   (0)      3  : 0.0000 0.0000 1.0000 0.0000 0.0000 0.0000 0.0000 0.0000 0.0000 0.0000 0.0000 0.0000 0.0000 0.0000 0.0000 0.0000
133      133   (0)      3  : 0.0000 0.0000 0.0000 0.0000 0.8947 0.0000 0.0000 0.0000 0.0873 0.0000 0.0000 0.0000 0.0000 0.0179 0.0000 0.0000
134      134   (0)      3  : 0.3235 0.0152 0.0000 0.5439 0.0011 0.0000 0.0471 0.0000 0.0017 0.0000 0.0264 0.0000 0.0000 0.0000 0.0130 0.0281
135      135   (0)      3  : 0.0000 0.0000 0.0170 0.0001 0.0000 0.0000 0.5609 0.0000 0.0000 0.1979 0.2242 0.0000 0.0000 0.0000 0.0000 0.0000
136      136   (0)      3  : 0.0150 0.0000 0.0000 0.0000 0.0000 0.0000 0.2082 0.0000 0.0000 0.7768 0.0000 0.0000 0.0000 0.0000 0.0000 0.0000
137      137   (0)      3  : 0.7011 0.0000 0.0009 0.2979 0.0000 0.0000 0.0000 0.0000 0.0000 0.0000 0.0000 0.0000 0.0000 0.0000 0.0000 0.0000
138      138   (0)      3  : 0.0157 0.1210 0.0000 0.0000 0.0000 0.0000 0.4063 0.0000 0.0000 0.2909 0.1660 0.0000 0.0000 0.0000 0.0000 0.0000
139      139   (0)      3  : 0.0000 0.1614 0.0000 0.0000 0.0000 0.0000 0.4346 0.0000 0.0070 0.1372 0.2597 0.0000 0.0000 0.0000 0.0000 0.0000
140      140   (0)      3  : 0.0113 0.5659 0.0000 0.0000 0.0000 0.0000 0.3640 0.0000 0.0000 0.0588 0.0000 0.0000 0.0000 0.0000 0.0000 0.0000
141      141   (0)      3  : 0.0000 0.0000 1.0000 0.0000 0.0000 0.0000 0.0000 0.0000 0.0000 0.0000 0.0000 0.0000 0.0000 0.0000 0.0000 0.0000
142      142   (0)      3  : 0.0000 0.0000 1.0000 0.0000 0.0000 0.0000 0.0000 0.0000 0.0000 0.0000 0.0000 0.0000 0.0000 0.0000 0.0000 0.0000
143      143   (0)      3  : 0.0000 0.0000 1.0000 0.0000 0.0000 0.0000 0.0000 0.0000 0.0000 0.0000 0.0000 0.0000 0.0000 0.0000 0.0000 0.0000
144      144   (0)      3  : 0.0000 0.0000 1.0000 0.0000 0.0000 0.0000 0.0000 0.0000 0.0000 0.0000 0.0000 0.0000 0.0000 0.0000 0.0000 0.0000
145      145   (0)      3  : 0.0000 0.0000 1.0000 0.0000 0.0000 0.0000 0.0000 0.0000 0.0000 0.0000 0.0000 0.0000 0.0000 0.0000 0.0000 0.0000
146      146   (0)      3  : 0.5581 0.0000 0.0000 0.4026 0.0000 0.0000 0.0157 0.0000 0.0000 0.0236 0.0000 0.0000 0.0000 0.0000 0.0000 0.0000
147      147   (0)      3  : 0.0000 0.2300 0.0000 0.0000 0.0000 0.0000 0.0000 0.0000 0.0000 0.5000 0.2700 0.0000 0.0000 0.0000 0.0000 0.0000
148      148   (0)      3  : 0.0000 0.0000 1.0000 0.0000 0.0000 0.0000 0.0000 0.0000 0.0000 0.0000 0.0000 0.0000 0.0000 0.0000 0.0000 0.0000
149      149   (0)      3  : 0.0000 0.0000 1.0000 0.0000 0.0000 0.0000 0.0000 0.0000 0.0000 0.0000 0.0000 0.0000 0.0000 0.0000 0.0000 0.0000
150      150   (0)      3  : 0.0000 0.0000 0.0001 0.0000 0.8265 0.0000 0.0000 0.0028 0.1315 0.0000 0.0206 0.0000 0.0000 0.0184 0.0000 0.0000
151      151   (0)      3  : 0.0000 0.0000 0.0000 0.0000 1.0000 0.0000 0.0000 0.0000 0.0000 0.0000 0.0000 0.0000 0.0000 0.0000 0.0000 0.0000
152      152   (0)      3  : 0.0000 0.7999 0.0000 0.0000 0.0000 0.0000 0.0159 0.0000 0.0000 0.1843 0.0000 0.0000 0.0000 0.0000 0.0000 0.0000
153      153   (0)      3  : 0.0000 0.0000 1.0000 0.0000 0.0000 0.0000 0.0000 0.0000 0.0000 0.0000 0.0000 0.0000 0.0000 0.0000 0.0000 0.0000
154      154   (0)      3  : 0.0000 0.2403 0.0060 0.0000 0.0000 0.0000 0.6520 0.0000 0.0000 0.0000 0.1017 0.0000 0.0000 0.0000 0.0000 0.0000
155      155   (0)      3  : 0.0000 0.7685 0.0000 0.0000 0.0000 0.0000 0.1255 0.0000 0.0000 0.1059 0.0000 0.0000 0.0000 0.0000 0.0000 0.0000
156      156   (0)      3  : 0.2259 0.0306 0.0000 0.7091 0.0000 0.0000 0.0000 0.0000 0.0000 0.0344 0.0000 0.0000 0.0000 0.0000 0.0000 0.0000
157      157   (0)      3  : 0.0000 0.5000 0.0000 0.0000 0.0000 0.0000 0.2397 0.0000 0.0000 0.0000 0.2603 0.0000 0.0000 0.0000 0.0000 0.0000
158      158   (0)      3  : 0.5953 0.0000 0.0000 0.4047 0.0000 0.0000 0.0000 0.0000 0.0000 0.0000 0.0000 0.0000 0.0000 0.0000 0.0000 0.0000
159      159   (0)      3  : 0.0000 0.0000 0.0000 0.0000 0.0000 0.0000 0.4938 0.0000 0.0062 0.0000 0.0000 0.0000 0.5000 0.0000 0.0000 0.0000
160      160   (0)      3  : 0.5528 0.0092 0.0000 0.4380 0.0000 0.0000 0.0000 0.0000 0.0000 0.0000 0.0000 0.0000 0.0000 0.0000 0.0000 0.0000
161      161   (0)      4  : 0.0000 0.1283 0.0000 0.0000 0.0000 0.0000 0.0000 0.0000 0.0000 0.3717 0.5000 0.0000 0.0000 0.0000 0.0000 0.0000
162      162   (0)      4  : 0.0000 1.0000 0.0000 0.0000 0.0000 0.0000 0.0000 0.0000 0.0000 0.0000 0.0000 0.0000 0.0000 0.0000 0.0000 0.0000
163      163   (0)      4  : 0.0000 0.0000 1.0000 0.0000 0.0000 0.0000 0.0000 0.0000 0.0000 0.0000 0.0000 0.0000 0.0000 0.0000 0.0000 0.0000
164      164   (0)      4  : 0.7167 0.0000 0.0000 0.2833 0.0000 0.0000 0.0000 0.0000 0.0000 0.0000 0.0000 0.0000 0.0000 0.0000 0.0000 0.0000
165      165   (0)      4  : 0.0000 0.0000 1.0000 0.0000 0.0000 0.0000 0.0000 0.0000 0.0000 0.0000 0.0000 0.0000 0.0000 0.0000 0.0000 0.0000
166      166   (0)      4  : 0.0000 0.0000 1.0000 0.0000 0.0000 0.0000 0.0000 0.0000 0.0000 0.0000 0.0000 0.0000 0.0000 0.0000 0.0000 0.0000
167      167   (0)      4  : 0.0000 0.5000 0.0000 0.0000 0.0000 0.0000 0.0000 0.0000 0.0000 0.5000 0.0000 0.0000 0.0000 0.0000 0.0000 0.0000
168      168   (0)      4  : 0.0000 0.2256 0.0000 0.0000 0.0000 0.0000 0.0000 0.0000 0.0000 0.7744 0.0000 0.0000 0.0000 0.0000 0.0000 0.0000
169      169   (0)      4  : 0.0309 0.2821 0.0000 0.0000 0.0000 0.0000 0.2859 0.0000 0.0000 0.2667 0.1344 0.0000 0.0000 0.0000 0.0000 0.0000
170      170   (0)      4  : 0.0000 0.3647 0.0000 0.0000 0.0000 0.0000 0.3959 0.0000 0.0035 0.2272 0.0000 0.0000 0.0000 0.0000 0.0000 0.0087
171      171   (0)      4  : 0.0099 0.1929 0.0000 0.0000 0.0000 0.0000 0.4901 0.0000 0.0000 0.0000 0.3071 0.0000 0.0000 0.0000 0.0000 0.0000
172      172   (0)      4  : 0.0000 0.7346 0.0000 0.0009 0.0000 0.0000 0.1355 0.0000 0.0000 0.0000 0.0000 0.0000 0.1290 0.0000 0.0000 0.0000
173      173   (0)      4  : 0.0000 0.2512 0.0000 0.0000 0.0000 0.0000 0.5031 0.0000 0.0000 0.0000 0.0000 0.0000 0.2456 0.0000 0.0000 0.0000
174      174   (0)      4  : 0.1533 0.0000 0.0000 0.8395 0.0000 0.0000 0.0000 0.0000 0.0000 0.0072 0.0000 0.0000 0.0000 0.0000 0.0000 0.0000
175      175   (0)      4  : 0.0000 0.3163 0.0000 0.0000 0.0000 0.0000 0.1919 0.0000 0.0000 0.4629 0.0000 0.0000 0.0289 0.0000 0.0000 0.0000
176      176   (0)      4  : 0.0000 0.0000 1.0000 0.0000 0.0000 0.0000 0.0000 0.0000 0.0000 0.0000 0.0000 0.0000 0.0000 0.0000 0.0000 0.0000
177      177   (0)      4  : 0.0123 0.6606 0.0000 0.0000 0.0000 0.0000 0.0000 0.0000 0.0000 0.3271 0.0000 0.0000 0.0000 0.0000 0.0000 0.0000
178      178   (0)      4  : 0.0000 0.0000 1.0000 0.0000 0.0000 0.0000 0.0000 0.0000 0.0000 0.0000 0.0000 0.0000 0.0000 0.0000 0.0000 0.0000
179      179   (0)      4  : 0.0000 0.0000 1.0000 0.0000 0.0000 0.0000 0.0000 0.0000 0.0000 0.0000 0.0000 0.0000 0.0000 0.0000 0.0000 0.0000
180      180   (0)      4  : 0.0000 0.1575 0.0082 0.0000 0.0000 0.0000 0.2306 0.0000 0.0000 0.1037 0.5000 0.0000 0.0000 0.0000 0.0000 0.0000
181      181   (0)      4  : 0.0000 0.4303 0.0000 0.0000 0.0000 0.0000 0.2904 0.0000 0.0000 0.1886 0.0000 0.0000 0.0906 0.0000 0.0000 0.0000
182      182   (0)      4  : 0.0000 0.2455 0.0000 0.0000 0.0000 0.0000 0.3798 0.0000 0.0000 0.3051 0.0696 0.0000 0.0000 0.0000 0.0000 0.0000
183      183   (0)      4  : 0.5190 0.0000 0.0000 0.4810 0.0000 0.0000 0.0000 0.0000 0.0000 0.0000 0.0000 0.0000 0.0000 0.0000 0.0000 0.0000
184      184   (0)      4  : 0.4235 0.0000 0.0000 0.5683 0.0000 0.0000 0.0026 0.0000 0.0000 0.0000 0.0000 0.0000 0.0000 0.0000 0.0000 0.0056
185      185   (0)      4  : 0.0000 0.0000 1.0000 0.0000 0.0000 0.0000 0.0000 0.0000 0.0000 0.0000 0.0000 0.0000 0.0000 0.0000 0.0000 0.0000
186      186   (0)      4  : 0.0000 0.0000 0.0000 0.0000 0.0000 0.0000 0.5000 0.0000 0.0000 0.5000 0.0000 0.0000 0.0000 0.0000 0.0000 0.0000
187      187   (0)      4  : 0.0514 0.4799 0.0000 0.0000 0.0000 0.0000 0.0864 0.0000 0.0000 0.2004 0.0537 0.0000 0.1281 0.0000 0.0000 0.0000
188      188   (0)      4  : 0.0000 0.0000 1.0000 0.0000 0.0000 0.0000 0.0000 0.0000 0.0000 0.0000 0.0000 0.0000 0.0000 0.0000 0.0000 0.0000
189      189   (0)      4  : 0.0034 0.0292 0.0000 0.0000 0.0000 0.0000 0.5944 0.0000 0.0000 0.2450 0.0000 0.0000 0.1138 0.0000 0.0000 0.0142
190      190   (0)      4  : 0.3995 0.0000 0.0000 0.6005 0.0000 0.0000 0.0000 0.0000 0.0000 0.0000 0.0000 0.0000 0.0000 0.0000 0.0000 0.0000
191      191   (0)      4  : 0.1486 0.0000 0.1046 0.0000 0.0000 0.0000 0.0000 0.0000 0.0828 0.3244 0.0000 0.0000 0.3396 0.0000 0.0000 0.0000
192      192   (0)      4  : 0.0000 0.4681 0.0000 0.0000 0.0000 0.0000 0.3559 0.0000 0.0000 0.1760 0.0000 0.0000 0.0000 0.0000 0.0000 0.0000
193      193   (0)      4  : 0.0000 0.0000 0.0000 0.0000 0.0000 0.0000 0.0000 0.0000 0.0000 1.0000 0.0000 0.0000 0.0000 0.0000 0.0000 0.0000
194      194   (0)      4  : 0.0141 0.3746 0.0096 0.0000 0.0000 0.0000 0.3990 0.0000 0.0000 0.2028 0.0000 0.0000 0.0000 0.0000 0.0000 0.0000
195      195   (0)      4  : 0.0000 0.3601 0.0000 0.0000 0.0000 0.0000 0.1399 0.0000 0.0000 0.0000 0.5000 0.0000 0.0000 0.0000 0.0000 0.0000
196      196   (0)      4  : 0.0000 0.1401 0.0000 0.0000 0.0000 0.0000 0.3331 0.0000 0.0000 0.2395 0.0000 0.0000 0.2874 0.0000 0.0000 0.0000
197      197   (0)      4  : 0.0000 0.0000 0.0000 0.0000 0.0000 0.0000 1.0000 0.0000 0.0000 0.0000 0.0000 0.0000 0.0000 0.0000 0.0000 0.0000
198      198   (0)      4  : 0.0000 0.2392 0.0000 0.0000 0.0000 0.0000 0.5140 0.0000 0.0000 0.0000 0.2468 0.0000 0.0000 0.0000 0.0000 0.0000
199      199   (0)      4  : 0.0000 0.0000 0.0000 0.0000 0.0000 0.0000 0.0000 0.0000 0.0000 0.5000 0.5000 0.0000 0.0000 0.0000 0.0000 0.0000
200      200   (0)      4  : 0.0016 0.0000 0.0000 0.9952 0.0000 0.0000 0.0000 0.0000 0.0000 0.0032 0.0000 0.0000 0.0000 0.0000 0.0000 0.0000
201      201   (0)      4  : 0.0000 0.0000 0.0000 0.0000 0.0000 0.0000 0.2346 0.0000 0.0088 0.2567 0.0000 0.0000 0.5000 0.0000 0.0000 0.0000
202      202   (0)      4  : 0.0000 0.5000 0.0023 0.0000 0.0000 0.0000 0.2862 0.0000 0.0000 0.2114 0.0000 0.0000 0.0000 0.0000 0.0000 0.0000
203      203   (0)      4  : 0.0130 0.5000 0.0058 0.0000 0.0000 0.0000 0.2975 0.0000 0.0000 0.1837 0.0000 0.0000 0.0000 0.0000 0.0000 0.0000
204      204   (0)      4  : 0.0000 0.0903 0.0169 0.0031 0.0000 0.0000 0.4489 0.0000 0.0000 0.4409 0.0000 0.0000 0.0000 0.0000 0.0000 0.0000
205      205   (0)      4  : 0.0000 0.1302 0.0000 0.0118 0.0019 0.0000 0.1512 0.0000 0.0000 0.7050 0.0000 0.0000 0.0000 0.0000 0.0000 0.0000
206      206   (0)      4  : 0.0000 0.5000 0.0000 0.0000 0.0000 0.0000 0.5000 0.0000 0.0000 0.0000 0.0000 0.0000 0.0000 0.0000 0.0000 0.0000
207      207   (0)      4  : 0.0000 0.0000 0.0000 0.0000 0.0000 0.0000 1.0000 0.0000 0.0000 0.0000 0.0000 0.0000 0.0000 0.0000 0.0000 0.0000
208      208   (0)      4  : 0.0000 0.0338 0.0000 0.9662 0.0000 0.0000 0.0000 0.0000 0.0000 0.0000 0.0000 0.0000 0.0000 0.0000 0.0000 0.0000
209      209   (0)      4  : 0.0000 0.8866 0.0000 0.0000 0.0000 0.0000 0.0000 0.0000 0.0000 0.0000 0.1134 0.0000 0.0000 0.0000 0.0000 0.0000
210      210   (0)      4  : 0.0000 0.0000 0.0000 0.0000 0.0000 0.0000 0.0001 0.0000 0.0000 0.7343 0.2656 0.0000 0.0000 0.0000 0.0000 0.0000
211      211   (0)      4  : 0.0015 0.2782 0.0000 0.0000 0.0000 0.0000 0.3634 0.0000 0.0000 0.3570 0.0000 0.0000 0.0000 0.0000 0.0000 0.0000
212      212   (0)      4  : 0.5065 0.0067 0.0000 0.4710 0.0000 0.0000 0.0000 0.0000 0.0000 0.0000 0.0158 0.0000 0.0000 0.0000 0.0000 0.0000
213      213   (0)      4  : 0.0000 0.0000 0.0047 0.0051 0.0000 0.0000 0.8344 0.0000 0.0000 0.1558 0.0000 0.0000 0.0000 0.0000 0.0000 0.0000
214      214   (0)      4  : 0.0000 0.1704 0.0139 0.0000 0.0000 0.0000 0.3992 0.0000 0.0046 0.3085 0.0933 0.0000 0.0000 0.0000 0.0000 0.0102
215      215   (0)      4  : 0.0000 0.1045 0.0031 0.4956 0.0000 0.0000 0.1460 0.0000 0.0000 0.0000 0.2509 0.0000 0.0000 0.0000 0.0000 0.0000
216      216   (0)      4  : 0.0000 0.0000 0.0000 0.0000 0.0000 0.0000 1.0000 0.0000 0.0000 0.0000 0.0000 0.0000 0.0000 0.0000 0.0000 0.0000
217      217   (0)      4  : 0.0000 0.0000 1.0000 0.0000 0.0000 0.0000 0.0000 0.0000 0.0000 0.0000 0.0000 0.0000 0.0000 0.0000 0.0000 0.0000
218      218   (0)      4  : 0.0272 0.2766 0.0000 0.0000 0.0000 0.0000 0.2490 0.0000 0.0000 0.2058 0.2414 0.0000 0.0000 0.0000 0.0000 0.0000
219      219   (0)      4  : 0.0166 0.1314 0.0000 0.0000 0.0000 0.0000 0.3572 0.0000 0.0000 0.2714 0.2234 0.0000 0.0000 0.0000 0.0000 0.0000
220      220   (0)      5  : 0.0000 0.0000 0.0000 0.0000 0.0000 0.0000 0.0000 0.0000 0.0000 0.0000 0.1008 0.2681 0.0000 0.2850 0.3462 0.0000
221      221   (0)      5  : 0.0000 0.0000 0.0000 0.0000 0.0000 0.1597 0.0000 0.4211 0.0000 0.0000 0.0000 0.2048 0.0693 0.1259 0.0192 0.0000
222      222   (0)      6  : 0.0000 0.0000 0.0000 0.0000 0.0000 0.0000 0.0000 0.7972 0.0000 0.0000 0.0000 0.0504 0.0000 0.1524 0.0000 0.0000
223      223   (0)      6  : 0.0000 0.0000 0.0000 0.0000 0.0000 0.0000 0.0000 0.1576 0.0000 0.0000 0.0991 0.0000 0.2299 0.2225 0.1201 0.1708
224      224   (0)      6  : 0.0000 0.0000 0.0000 0.0000 0.0000 0.0596 0.0000 0.2556 0.0000 0.0000 0.0875 0.0960 0.0056 0.2903 0.2054 0.0000
225      225   (0)      6  : 0.0000 0.0000 0.0000 0.0000 0.0000 0.0000 0.0000 0.0000 0.0000 0.0000 0.1558 0.5000 0.0000 0.3442 0.0000 0.0000
226      226   (0)      6  : 0.0000 0.0000 0.0000 0.0000 0.0000 0.0585 0.0000 0.0000 0.0118 0.0000 0.0814 0.0000 0.1209 0.3618 0.3656 0.0000
227      227   (0)      6  : 0.0000 0.0000 0.0000 0.0000 0.0000 0.3687 0.0000 0.1219 0.0000 0.0000 0.0709 0.2760 0.0073 0.1552 0.0000 0.0000
228      228   (0)      6  : 0.0000 0.0000 0.0000 0.0000 0.0062 0.0836 0.0000 0.1570 0.0189 0.0000 0.2578 0.3018 0.0000 0.0280 0.1468 0.0000
229      229   (0)      6  : 0.0000 0.0000 0.0000 0.0000 0.0000 0.2115 0.0000 0.1050 0.0000 0.0000 0.1279 0.2196 0.0000 0.0000 0.0900 0.2459
230      230   (0)      6  : 0.0000 0.0000 0.0000 0.0000 0.0000 0.1979 0.0000 0.1443 0.0012 0.0000 0.0008 0.2521 0.1806 0.1399 0.0000 0.0832
231      231   (0)      6  : 0.0000 0.0000 0.0000 0.0000 0.0387 0.2694 0.0000 0.0000 0.0000 0.0000 0.1385 0.0005 0.0000 0.4443 0.0000 0.1087
232      232   (0)      6  : 0.0000 0.0000 0.0000 0.0000 0.0010 0.2008 0.0000 0.3846 0.0000 0.0000 0.0000 0.0000 0.1065 0.2007 0.1063 0.0000
233      233   (0)      6  : 0.0000 0.0000 0.0000 0.0000 0.0000 0.2503 0.0000 0.0000 0.0083 0.0000 0.2497 0.1717 0.0000 0.1137 0.2064 0.0000
234      234   (0)      6  : 0.0000 0.0000 0.0000 0.0000 0.0000 0.2627 0.0000 0.0019 0.0000 0.0000 0.0000 0.0001 0.0199 0.2117 0.5036 0.0000
235      235   (0)      6  : 0.0000 0.0000 0.0000 0.0000 0.0017 0.0000 0.0000 0.0000 0.0000 0.0000 0.0000 0.0000 0.2068 0.4564 0.3351 0.0000
236      236   (0)      6  : 0.0000 0.0000 0.0000 0.0000 0.0000 0.0000 0.0000 0.2050 0.0000 0.0000 0.0000 0.2902 0.0000 0.0000 0.2885 0.2163
237      237   (0)      6  : 0.0000 0.0000 0.0000 0.0000 0.0000 0.0472 0.0000 0.3526 0.0000 0.0000 0.1323 0.0000 0.1220 0.0912 0.2547 0.0000
238      238   (0)      6  : 0.0000 0.0000 0.0000 0.0000 0.0000 0.1428 0.0000 0.3365 0.0000 0.0000 0.2095 0.2417 0.0000 0.0000 0.0695 0.0000
239      239   (0)      6  : 0.0000 0.0000 0.0000 0.0000 0.0000 0.0000 0.0000 0.2112 0.0000 0.0000 0.0001 0.4379 0.0000 0.3508 0.0000 0.0000
240      240   (0)      6  : 0.0000 0.0000 0.0000 0.0000 0.0104 0.1310 0.0000 0.2681 0.0000 0.0000 0.1327 0.3024 0.0263 0.1092 0.0200 0.0000
241      241   (0)      6  : 0.0000 0.0000 0.0000 0.0000 0.0000 0.2430 0.0000 0.0001 0.0000 0.0000 0.0000 0.6360 0.0000 0.1209 0.0000 0.0000
242      242   (0)      6  : 0.0000 0.0000 0.0000 0.0000 0.0000 0.0000 0.0000 0.1452 0.0016 0.0000 0.0120 0.5266 0.2179 0.0000 0.0000 0.0967
243      243   (0)      6  : 0.0000 0.0000 0.0000 0.0000 0.0363 0.7626 0.0000 0.0000 0.0000 0.0000 0.0000 0.0009 0.0000 0.2002 0.0000 0.0000
244      244   (0)      6  : 0.0000 0.0000 0.0000 0.0000 0.0000 0.0000 0.0000 0.0000 0.0000 0.0000 0.0000 0.4151 0.0000 0.5849 0.0000 0.0000
245      245   (0)      6  : 0.0000 0.0000 0.0000 0.0000 0.0000 0.3690 0.0000 0.0000 0.0000 0.0000 0.0000 0.0000 0.0000 0.0864 0.5440 0.0006
246      246   (0)      6  : 0.0000 0.0000 0.0000 0.0000 0.0000 0.0000 0.0000 0.5000 0.0000 0.0000 0.0000 0.0000 0.5000 0.0000 0.0000 0.0000
247      247   (0)      6  : 0.0000 0.0000 0.0000 0.0000 0.0000 0.0000 0.0000 0.0001 0.0000 0.0000 0.1799 0.0000 0.1870 0.6330 0.0000 0.0000
248      248   (0)      6  : 0.0000 0.0000 0.0000 0.0000 0.0000 0.3780 0.0000 0.2783 0.0024 0.0000 0.0000 0.0877 0.0371 0.0066 0.2100 0.0000
249      249   (0)      7  : 0.0000 0.0000 0.0000 0.0000 0.0000 0.4173 0.0000 0.0421 0.0000 0.0000 0.0000 0.0000 0.0000 0.5406 0.0000 0.0000
250      250   (0)      7  : 0.0000 0.0000 0.0000 0.0000 0.0000 0.3154 0.0000 0.0000 0.0000 0.0000 0.0000 0.4701 0.0000 0.0001 0.2144 0.0000
251      251   (0)      7  : 0.0000 0.0000 0.0000 0.0000 0.0000 0.0315 0.0000 0.1183 0.0000 0.0000 0.0000 0.2299 0.0980 0.5223 0.0000 0.0000
252      252   (0)      7  : 0.0000 0.0000 0.0000 0.0000 0.0000 0.0000 0.0000 0.0654 0.0000 0.0000 0.2038 0.0160 0.2802 0.1235 0.3111 0.0000
253      253   (0)      7  : 0.0000 0.0000 0.0000 0.0000 0.0000 0.0000 0.0000 0.2855 0.0000 0.0000 0.0000 0.7145 0.0000 0.0000 0.0000 0.0000
254      254   (0)      7  : 0.0000 0.0000 0.0000 0.0000 0.0000 0.3276 0.0000 0.2092 0.0000 0.0000 0.0006 0.2317 0.0802 0.1508 0.0000 0.0000
255      255   (0)      7  : 0.0000 0.0000 0.0000 0.0000 0.0000 0.5188 0.0000 0.0000 0.0000 0.0000 0.1368 0.0001 0.1257 0.1364 0.0084 0.0739
256      256   (0)      7  : 0.0000 0.0000 0.0000 0.0000 0.0000 0.1881 0.0000 0.0794 0.0000 0.0000 0.2692 0.1523 0.2308 0.0802 0.0000 0.0000
257      257   (0)      7  : 0.0000 0.0000 0.0000 0.0000 0.0000 0.0131 0.0000 0.0000 0.0000 0.0000 0.0042 0.3862 0.0000 0.5965 0.0000 0.0000
258      258   (0)      7  : 0.0000 0.0000 0.0000 0.0000 0.0000 0.0774 0.0000 0.0000 0.0000 0.0000 0.1501 0.5000 0.0000 0.2724 0.0000 0.0000
259      259   (0)      7  : 0.0000 0.0000 0.0000 0.0000 0.0000 0.0000 0.0000 0.0000 0.0000 0.0000 0.0000 0.3178 0.0000 0.6822 0.0000 0.0000
260      260   (0)      7  : 0.0000 0.0000 0.0000 0.0000 0.0000 0.2467 0.0000 0.0000 0.0000 0.0000 0.1363 0.0000 0.1445 0.2533 0.2192 0.0000
261      261   (0)      7  : 0.0000 0.0000 0.0000 0.0000 0.0000 0.0000 0.0000 0.4126 0.0000 0.0000 0.0000 0.2417 0.2582 0.0874 0.0000 0.0000
262      262   (0)      7  : 0.0000 0.0000 0.0000 0.0000 0.0000 0.1079 0.0000 0.2942 0.0000 0.0000 0.2110 0.2866 0.1003 0.0000 0.0000 0.0000
263      263   (0)      7  : 0.0000 0.0000 0.0000 0.0000 0.0000 0.0517 0.0000 0.1900 0.0000 0.0000 0.1644 0.0000 0.0853 0.0086 0.5000 0.0000
264      264   (0)      7  : 0.0000 0.0000 0.0000 0.0000 0.0000 0.2148 0.0000 0.0000 0.0000 0.0000 0.1301 0.0000 0.0004 0.0495 0.5000 0.1053
265      265   (0)      7  : 0.0000 0.0000 0.0000 0.0000 0.0000 0.0181 0.0000 0.6087 0.0000 0.0000 0.0000 0.3732 0.0000 0.0000 0.0000 0.0000
266      266   (0)      7  : 0.0000 0.0000 0.0000 0.0000 0.0000 0.0000 0.0000 0.4003 0.0149 0.0000 0.0000 0.0000 0.1703 0.0000 0.3338 0.0807
267      267   (0)      7  : 0.0000 0.0000 0.0000 0.0000 0.0156 0.0000 0.0000 0.7137 0.0000 0.0000 0.0000 0.1888 0.0819 0.0000 0.0000 0.0000
268      268   (0)      7  : 0.0000 0.0000 0.0000 0.0000 0.0000 0.2688 0.0000 0.0469 0.0000 0.0000 0.0000 0.4149 0.0802 0.1891 0.0000 0.0000
269      269   (0)      7  : 0.0000 0.0000 0.0000 0.0000 0.0058 0.0000 0.0000 0.5990 0.0000 0.0000 0.0000 0.2522 0.0000 0.1429 0.0000 0.0000
270      270   (0)      7  : 0.0000 0.0000 0.0000 0.0000 0.0000 0.2293 0.0000 0.1166 0.0000 0.0000 0.0000 0.2707 0.0000 0.0625 0.3209 0.0000
271      271   (0)      7  : 0.0000 0.0000 0.0000 0.0000 0.0000 0.0000 0.0000 0.2770 0.0000 0.0000 0.0000 0.7230 0.0000 0.0000 0.0000 0.0000
272      272   (0)      7  : 0.0000 0.0000 0.0000 0.0000 0.0000 0.0000 0.0000 1.0000 0.0000 0.0000 0.0000 0.0000 0.0000 0.0000 0.0000 0.0000
273      273   (0)      7  : 0.0000 0.0000 0.0000 0.0000 0.0000 0.0000 0.0000 0.1991 0.0000 0.0000 0.1273 0.1360 0.0000 0.3250 0.2127 0.0000
274      274   (0)      7  : 0.0000 0.0000 0.0000 0.0000 0.0033 0.2514 0.0000 0.5000 0.0000 0.0000 0.0000 0.2453 0.0000 0.0000 0.0000 0.0000
275      275   (0)      7  : 0.0000 0.0000 0.0000 0.0000 0.0000 0.0000 0.0000 0.5000 0.0000 0.0000 0.0000 0.5000 0.0000 0.0000 0.0000 0.0000
276      276   (0)      7  : 0.0000 0.0000 0.0000 0.0000 0.0000 0.0000 0.0000 0.0000 0.0000 0.0000 0.0000 0.0000 0.5000 0.5000 0.0000 0.0000
277      277   (0)      7  : 0.0000 0.0000 0.0000 0.0000 0.0000 0.6249 0.0000 0.0619 0.0029 0.0000 0.0000 0.0648 0.0000 0.2454 0.0000 0.0000
278      278   (0)      7  : 0.0000 0.0000 0.0000 0.0000 0.0070 0.0000 0.0000 0.3586 0.0000 0.0000 0.0000 0.0486 0.1244 0.4590 0.0025 0.0000
279      279   (0)      8  : 0.0000 0.0000 0.0000 0.0000 0.0000 0.2923 0.0000 0.0001 0.0000 0.0000 0.0000 0.3606 0.1146 0.0000 0.0000 0.2324
280      280   (0)      8  : 0.0000 0.0000 0.0000 0.0000 0.0000 0.0017 0.0000 0.1622 0.0000 0.0000 0.0000 0.4622 0.0000 0.2084 0.1654 0.0000
281      281   (0)      8  : 0.0000 0.0000 0.0000 0.0000 0.0000 0.0000 0.0000 0.0000 0.0000 0.0000 0.0000 0.0000 0.5000 0.5000 0.0000 0.0000
282      282   (0)      8  : 0.0000 0.0000 0.0000 0.0000 0.0000 0.2602 0.0000 0.2956 0.0000 0.0000 0.0000 0.2194 0.0000 0.0204 0.0000 0.2043
283      283   (0)      8  : 0.0000 0.0000 0.0000 0.0000 0.0000 0.0600 0.0000 0.1149 0.0160 0.0000 0.0052 0.1535 0.1128 0.2337 0.3038 0.0000
284      284   (0)      8  : 0.0000 0.0000 0.0000 0.0000 0.0000 0.0660 0.0000 0.4035 0.0000 0.0000 0.0000 0.0000 0.1439 0.0609 0.2913 0.0344
285      285   (0)      8  : 0.0000 0.0000 0.0000 0.0000 0.0000 0.0717 0.0000 0.2980 0.0000 0.0000 0.0000 0.0000 0.0000 0.6303 0.0000 0.0000
286      286   (0)      8  : 0.0000 0.0000 0.0000 0.0000 0.0000 0.0000 0.0000 0.1612 0.0000 0.0000 0.0000 0.3889 0.0000 0.2703 0.1458 0.0337
287      287   (0)      8  : 0.0000 0.0000 0.0000 0.0000 0.0000 0.8232 0.0000 0.0000 0.0000 0.0000 0.0000 0.0000 0.0000 0.1768 0.0000 0.0000
288      288   (0)      8  : 0.0000 0.0000 0.0000 0.0000 0.0067 0.2554 0.0000 0.0009 0.0000 0.0000 0.0000 0.2371 0.0000 0.0000 0.0000 0.5000
289      289   (0)      8  : 0.0000 0.0000 0.0000 0.0000 0.0000 0.5000 0.0000 0.0000 0.0000 0.0000 0.5000 0.0000 0.0000 0.0000 0.0000 0.0000
290      290   (0)      5  : 0.0000 0.0000 0.0000 0.0000 0.0000 0.0000 0.0000 0.0000 0.0000 0.0000 0.0000 0.0000 0.2402 0.0000 0.7598 0.0000
291      291   (0)      5  : 0.0000 0.0000 0.0000 0.0000 0.0000 0.1066 0.0000 0.0000 0.0000 0.0000 0.0049 0.2536 0.0000 0.5487 0.0861 0.0000
292      292   (0)      5  : 0.0000 0.0000 0.0000 0.0000 0.0000 0.0000 0.0000 0.2121 0.0000 0.0000 0.2565 0.0506 0.2435 0.2069 0.0304 0.0000
293      293   (0)      5  : 0.0000 0.0000 0.0000 0.0000 0.0000 0.0006 0.0000 0.8592 0.0014 0.0000 0.0000 0.0091 0.0000 0.0000 0.1296 0.0000
294      294   (0)      5  : 0.0000 0.0000 0.0000 0.0000 0.0000 0.1665 0.0000 0.3335 0.0000 0.0000 0.0690 0.0516 0.2549 0.0000 0.0000 0.1244
295      295   (0)      5  : 0.0000 0.0000 0.0000 0.0000 0.0000 0.0000 0.0000 0.0000 0.0000 0.0000 0.2423 0.2269 0.0813 0.0562 0.3933 0.0000
296      296   (0)      5  : 0.0000 0.0000 0.0046 0.0000 0.0000 0.1602 0.0000 0.1014 0.0001 0.0000 0.0000 0.1990 0.0000 0.3188 0.0000 0.2158
297      297   (0)      5  : 0.0000 0.0000 0.0000 0.0000 0.0000 0.8725 0.0000 0.0000 0.0000 0.0000 0.1275 0.0000 0.0000 0.0000 0.0000 0.0000
298      298   (0)      5  : 0.0000 0.0000 0.0000 0.0000 0.0000 0.0000 0.0000 0.0000 0.0000 0.0000 0.0000 0.0000 0.5000 0.5000 0.0000 0.0000
299      299   (0)      5  : 0.0000 0.0000 0.0000 0.0000 0.0000 0.1077 0.0000 0.1332 0.0000 0.0000 0.0000 0.5705 0.1886 0.0000 0.0000 0.0000
300      300   (0)      5  : 0.0000 0.0000 0.0000 0.0000 0.0000 0.0000 0.0000 0.0000 0.0000 0.0000 0.2412 0.1327 0.1751 0.4510 0.0000 0.0000
301      301   (0)      5  : 0.0000 0.0000 0.0000 0.0000 0.0000 0.0000 0.0000 0.0000 0.0000 0.0000 0.0000 0.9942 0.0000 0.0000 0.0000 0.0058
302      302   (0)      5  : 0.0000 0.0000 0.0000 0.0000 0.0000 0.0987 0.0000 0.0200 0.0000 0.0000 0.0000 0.0112 0.5000 0.1711 0.1990 0.0000
303      303   (0)      5  : 0.0000 0.0000 0.0000 0.0000 0.0000 0.0000 0.0000 0.3691 0.0000 0.0000 0.1273 0.0018 0.0000 0.0000 0.5018 0.0000
304      304   (0)      5  : 0.0000 0.0000 0.0000 0.0000 0.0000 0.0610 0.0000 0.1880 0.0000 0.0000 0.1390 0.1154 0.0870 0.1034 0.2061 0.1001
305      305   (0)      5  : 0.0000 0.0000 0.0000 0.0000 0.0000 0.1770 0.0000 0.0000 0.0022 0.0000 0.0428 0.0000 0.1391 0.4517 0.0000 0.1872
306      306   (0)      5  : 0.0000 0.0000 0.0000 0.0000 0.0000 0.0000 0.0000 0.0000 0.0000 0.0000 0.1602 0.0000 0.0000 0.8398 0.0000 0.0000
307      307   (0)      5  : 0.0000 0.0000 0.0000 0.0000 0.0161 0.1851 0.0000 0.0000 0.0000 0.0000 0.0000 0.0988 0.0000 0.2000 0.0000 0.5000
308      308   (0)      5  : 0.0000 0.0000 0.0000 0.0000 0.0000 0.0000 0.0000 0.1149 0.0128 0.0000 0.0234 0.4961 0.0000 0.3527 0.0001 0.0000
309      309   (0)      5  : 0.0000 0.0000 0.0000 0.0000 0.0000 0.1469 0.0000 0.3757 0.0000 0.0000 0.0000 0.2386 0.0667 0.0000 0.1243 0.0478
310      310   (0)      5  : 0.0000 0.0000 0.0000 0.0000 0.0000 0.1085 0.0000 0.0000 0.0000 0.0000 0.0000 0.3915 0.0000 0.0000 0.0000 0.5000
311      311   (0)      5  : 0.0000 0.0000 0.0000 0.0000 0.0000 0.0000 0.0000 0.0000 0.0000 0.0000 0.0000 0.0000 0.0000 0.5000 0.5000 0.0000
312      312   (0)      5  : 0.0000 0.0000 0.0000 0.0000 0.0000 0.0000 0.0000 0.2403 0.0152 0.0000 0.1606 0.2987 0.0138 0.2258 0.0457 0.0000
313      313   (0)      5  : 0.0000 0.0000 0.0000 0.0000 0.0000 0.0000 0.0000 0.1879 0.0000 0.0000 0.0000 0.0000 0.0000 0.0000 0.8121 0.0000
314      314   (0)      5  : 0.0000 0.0000 0.0000 0.0000 0.0000 0.0000 0.0000 0.3273 0.0000 0.0000 0.0000 0.6727 0.0000 0.0000 0.0000 0.0000
315      315   (0)      5  : 0.0000 0.0000 0.0000 0.0000 0.0000 0.0000 0.0000 0.2133 0.0040 0.0000 0.0000 0.3320 0.1680 0.2827 0.0000 0.0000
316      316   (0)      5  : 0.0000 0.0000 0.0000 0.0000 0.0000 0.0725 0.0000 0.2047 0.0000 0.0000 0.5000 0.0000 0.0000 0.0000 0.2227 0.0000
317      317   (0)      5  : 0.0000 0.0000 0.0000 0.0000 0.0000 0.0806 0.0000 0.2488 0.0000 0.0000 0.0000 0.4458 0.2247 0.0000 0.0000 0.0000
318      318   (0)      8  : 0.0000 0.0000 0.0000 0.0000 0.0000 0.0000 0.0000 0.3844 0.0000 0.0000 0.0000 0.6156 0.0000 0.0000 0.0000 0.0000
319      319   (0)      8  : 0.0000 0.0000 0.0000 0.0000 0.0000 0.0000 0.0000 0.7925 0.0000 0.0000 0.0175 0.1899 0.0000 0.0000 0.0000 0.0000
320      320   (0)      9  : 0.0000 0.0000 0.0000 0.0000 0.0000 0.0000 0.0000 0.4903 0.0000 0.0000 0.0000 0.2938 0.0000 0.2158 0.0000 0.0000
321      321   (0)      9  : 0.0000 0.0000 0.0000 0.0000 0.0000 0.3149 0.0000 0.0000 0.0000 0.0000 0.0000 0.6851 0.0000 0.0000 0.0000 0.0000
322      322   (0)      9  : 0.0000 0.0000 0.0000 0.0000 0.0000 0.0512 0.0000 0.4492 0.0000 0.0000 0.0623 0.2757 0.1615 0.0001 0.0000 0.0000
323      323   (0)      9  : 0.0000 0.0000 0.0000 0.0000 0.0000 0.2986 0.0000 0.1022 0.0000 0.0000 0.1824 0.0021 0.0871 0.1468 0.1808 0.0000
324      324   (0)      9  : 0.0000 0.0000 0.0000 0.0000 0.0000 0.2724 0.0000 0.0000 0.0000 0.0000 0.1433 0.3428 0.1616 0.0799 0.0000 0.0000
325      325   (0)      8  : 0.0000 0.0000 0.0000 0.0000 0.0000 0.3525 0.0000 0.0000 0.0000 0.0000 0.0000 0.0000 0.0000 0.1475 0.0000 0.5000
326      326   (0)      8  : 0.0000 0.0000 0.0000 0.0000 0.0000 0.0565 0.0000 0.5000 0.0000 0.0000 0.0000 0.2848 0.0000 0.0369 0.1217 0.0000
327      327   (0)      8  : 0.0000 0.0000 0.0000 0.0000 0.0000 0.2121 0.0000 0.2565 0.0000 0.0000 0.0267 0.2063 0.0000 0.1936 0.0782 0.0265
328      328   (0)      8  : 0.0000 0.0000 0.0000 0.0000 0.0000 0.0000 0.0000 0.5000 0.0000 0.0000 0.1082 0.0929 0.2154 0.0836 0.0000 0.0000
329      329   (0)      8  : 0.0000 0.0000 0.0000 0.0000 0.0000 0.1330 0.0000 0.1728 0.0000 0.0000 0.0391 0.1445 0.1334 0.3773 0.0000 0.0000
330      330   (0)      9  : 0.0000 0.0000 0.0000 0.0000 0.0000 0.0000 0.0000 0.0000 0.0000 0.0000 0.0000 0.3005 0.0000 0.6995 0.0000 0.0000
331      331   (0)      9  : 0.0000 0.0000 0.0000 0.0000 0.0000 0.0000 0.0000 0.3146 0.0000 0.0000 0.0000 0.0000 0.2411 0.2093 0.2326 0.0024
332      332   (0)      9  : 0.0000 0.0000 0.0000 0.0000 0.0000 0.0000 0.0000 0.1336 0.0000 0.0000 0.0000 0.4464 0.0000 0.2955 0.1245 0.0000
333      333   (0)      9  : 0.0000 0.0000 0.0000 0.0000 0.0000 0.2550 0.0000 0.1710 0.0000 0.0000 0.0000 0.5000 0.0000 0.0740 0.0000 0.0000
334      334   (0)      9  : 0.0000 0.0000 0.0000 0.0000 0.0000 0.0000 0.0000 0.2682 0.0000 0.0000 0.0000 0.0000 0.1328 0.0643 0.5347 0.0000
335      335   (0)      9  : 0.0000 0.0000 0.0000 0.0000 0.0000 0.3199 0.0000 0.0000 0.0000 0.0000 0.0001 0.0000 0.2861 0.1801 0.0000 0.2139
336      336   (0)      8  : 0.0000 0.0000 0.0000 0.0000 0.0000 0.1916 0.0000 0.0000 0.0000 0.0000 0.2134 0.1765 0.2866 0.0245 0.1074 0.0000
337      337   (0)      8  : 0.0000 0.0000 0.0000 0.0000 0.0000 0.0000 0.0000 0.0000 0.0058 0.0000 0.0652 0.2872 0.0000 0.6404 0.0014 0.0000
338      338   (0)      8  : 0.0000 0.0000 0.0000 0.0000 0.0000 0.2931 0.0000 0.0000 0.0000 0.0000 0.5000 0.2059 0.0000 0.0000 0.0010 0.0000
339      339   (0)      8  : 0.0000 0.0000 0.0000 0.0000 0.0000 0.3844 0.0000 0.0000 0.0000 0.0000 0.1583 0.2518 0.0405 0.0975 0.0000 0.0675
340      340   (0)      8  : 0.0000 0.0000 0.0000 0.0000 0.0000 0.0000 0.0000 0.0000 0.0000 0.0000 0.0000 0.1681 0.1741 0.4826 0.0000 0.1753
341      341   (0)      8  : 0.0000 0.0000 0.0000 0.0000 0.0505 0.0495 0.0000 0.1378 0.0012 0.0000 0.0823 0.3440 0.1454 0.1554 0.0000 0.0339
342      342   (0)      8  : 0.0000 0.0000 0.0000 0.0000 0.0000 0.6715 0.0000 0.0000 0.0000 0.0000 0.0000 0.3200 0.0000 0.0086 0.0000 0.0000
343      343   (0)      9  : 0.0000 0.0000 0.0000 0.0000 0.0000 0.3529 0.0000 0.0000 0.0000 0.0000 0.0856 0.0000 0.0370 0.2430 0.2096 0.0719
344      344   (0)      9  : 0.0000 0.0000 0.0000 0.0000 0.0000 0.4079 0.0000 0.0000 0.0000 0.0000 0.0000 0.0673 0.1444 0.3805 0.0000 0.0000
345      345   (0)      9  : 0.0000 0.0000 0.0000 0.0000 0.0000 0.4263 0.0000 0.0424 0.0000 0.0000 0.0000 0.3125 0.0015 0.2173 0.0000 0.0000
346      346   (0)      9  : 0.0000 0.0000 0.0000 0.0000 0.0158 0.0880 0.0000 0.0002 0.0000 0.0000 0.0622 0.0005 0.1494 0.3650 0.3173 0.0015
347      347   (0)      9  : 0.0000 0.0000 0.0000 0.0000 0.0000 0.0000 0.0000 0.2749 0.0000 0.0000 0.0000 0.3109 0.1891 0.2251 0.0000 0.0000
348      348   (0)      9  : 0.0000 0.0000 0.0000 0.0000 0.0048 0.0000 0.0000 0.0000 0.0065 0.0000 0.0000 0.1116 0.0000 0.6391 0.2380 0.0000
349      349   (0)      9  : 0.0000 0.0000 0.0000 0.0000 0.0062 0.3369 0.0000 0.3175 0.0165 0.0000 0.0000 0.3229 0.0000 0.0000 0.0000 0.0000
350      350   (0)      9  : 0.0000 0.0000 0.0000 0.0000 0.0000 0.2744 0.0000 0.0092 0.0000 0.0000 0.1159 0.1386 0.1428 0.0011 0.1491 0.1690
351      351   (0)      9  : 0.0000 0.0000 0.0000 0.0000 0.0141 0.0563 0.0000 0.1429 0.0000 0.0000 0.0000 0.1253 0.0875 0.3176 0.2563 0.0000
352      352   (0)      9  : 0.0000 0.0000 0.0000 0.0000 0.0000 0.0330 0.0000 0.0000 0.0000 0.0000 0.0000 0.2124 0.0000 0.0000 0.7546 0.0000
353      353   (0)      9  : 0.0000 0.0000 0.0000 0.0000 0.0171 0.0000 0.0000 0.0510 0.0000 0.0000 0.2824 0.3727 0.0000 0.2198 0.0570 0.0000
354      354   (0)      9  : 0.0000 0.0000 0.0000 0.0000 0.0000 0.3074 0.0000 0.0467 0.0000 0.0000 0.0449 0.0133 0.1180 0.3209 0.1488 0.0001
355      355   (0)      9  : 0.0000 0.0000 0.0000 0.0000 0.0000 0.2112 0.0000 0.3645 0.0047 0.0000 0.0000 0.1887 0.0677 0.0000 0.0000 0.1632
356      356   (0)      9  : 0.0000 0.0000 0.0000 0.0000 0.0000 0.2524 0.0000 0.0750 0.0000 0.0000 0.0000 0.6726 0.0000 0.0000 0.0000 0.0000
357      357   (0)      9  : 0.0000 0.0000 0.0000 0.0000 0.0000 0.0000 0.0000 0.2305 0.0000 0.0000 0.0000 0.2369 0.0000 0.3939 0.0000 0.1387
358      358   (0)      9  : 0.0000 0.0000 0.0000 0.0000 0.0000 0.0000 0.0000 0.0000 0.0000 0.0000 0.0000 0.2314 0.0000 0.5203 0.0000 0.2482
359      359   (0)      9  : 0.0000 0.0000 0.0000 0.0000 0.0000 0.3271 0.0000 0.1626 0.0000 0.0000 0.1383 0.3720 0.0000 0.0000 0.0000 0.0000
360      360   (0)      9  : 0.0000 0.0000 0.0000 0.0000 0.0000 0.0000 0.0000 0.0000 0.0000 0.0000 0.0714 0.0000 0.1451 0.3862 0.3973 0.0000
361      361   (0)      9  : 0.0000 0.0000 0.0000 0.0000 0.0000 0.3707 0.0000 0.0000 0.0000 0.0000 0.1378 0.1906 0.0000 0.0000 0.1745 0.1264
362      362   (0)     10  : 0.0000 0.0000 0.0000 0.0000 0.0000 0.0000 0.0000 0.1233 0.0000 0.0000 0.0000 0.4215 0.1587 0.2965 0.0000 0.0000
363      363   (0)     10  : 0.0000 0.0000 0.0000 0.0000 0.0000 0.3175 0.0000 0.1735 0.0000 0.0000 0.0000 0.0000 0.1825 0.3265 0.0000 0.0000
364      364   (0)     10  : 0.0000 0.0000 0.0000 0.0000 0.0000 0.0516 0.0000 0.1261 0.0000 0.0000 0.0000 0.0000 0.5000 0.3179 0.0044 0.0000
365      365   (0)     10  : 0.0000 0.0000 0.0000 0.0000 0.0000 0.0000 0.0000 0.5000 0.0000 0.0000 0.0000 0.0000 0.5000 0.0000 0.0000 0.0000
366      366   (0)     10  : 0.0000 0.0000 0.0000 0.0000 0.0000 0.2896 0.0000 0.3934 0.0000 0.0000 0.1612 0.0000 0.0664 0.0000 0.0894 0.0000
367      367   (0)     10  : 0.0000 0.0000 0.0000 0.0000 0.0149 0.0000 0.0000 0.2829 0.0003 0.0000 0.0000 0.5001 0.0000 0.2014 0.0004 0.0000
368      368   (0)     10  : 0.0000 0.0000 0.0000 0.0000 0.0000 0.0914 0.0000 0.2091 0.0000 0.0000 0.0000 0.0107 0.0000 0.1888 0.5000 0.0000
369      369   (0)     10  : 0.0000 0.0000 0.0000 0.0000 0.0000 0.0000 0.0000 0.2286 0.0000 0.0000 0.2714 0.0000 0.0000 0.0000 0.5000 0.0000
370      370   (0)     10  : 0.0000 0.0000 0.0000 0.0000 0.0241 0.0000 0.0000 0.5000 0.0000 0.0000 0.0000 0.0412 0.0000 0.1631 0.2716 0.0000
371      371   (0)     10  : 0.0000 0.0000 0.0000 0.0000 0.0000 0.7584 0.0000 0.1653 0.0000 0.0000 0.0000 0.0000 0.0000 0.0763 0.0000 0.0000
372      372   (0)     10  : 0.0000 0.0000 0.0000 0.0000 0.0000 0.0657 0.0000 0.2145 0.0000 0.0000 0.0000 0.0000 0.1330 0.2515 0.2958 0.0395
373      373   (0)     10  : 0.0000 0.0000 0.0000 0.0000 0.0000 0.2044 0.0000 0.0894 0.0000 0.0000 0.0000 0.2964 0.0426 0.3673 0.0000 0.0000
374      374   (0)     10  : 0.0000 0.0000 0.0000 0.0000 0.0000 0.5275 0.0000 0.0000 0.0000 0.0000 0.0000 0.0000 0.1580 0.3136 0.0008 0.0000
375      375   (0)     10  : 0.0000 0.0000 0.0000 0.0000 0.0000 0.0000 0.0000 0.1572 0.0000 0.0000 0.0000 0.2114 0.2097 0.2255 0.0133 0.1828
376      376   (0)     10  : 0.0000 0.0000 0.0000 0.0000 0.0000 0.0000 0.0000 0.0000 0.0075 0.0000 0.0000 0.5000 0.1827 0.3093 0.0000 0.0006
377      377   (0)     10  : 0.0000 0.0000 0.0000 0.0000 0.0000 0.1539 0.0000 0.3259 0.0271 0.0000 0.0000 0.2001 0.1388 0.0142 0.1400 0.0000
378      378   (0)     10  : 0.0000 0.0000 0.0000 0.0000 0.0000 0.0000 0.0000 0.0000 0.0000 0.0000 0.0000 0.0000 0.1985 0.8015 0.0000 0.0000
379      379   (0)     10  : 0.0000 0.0000 0.0000 0.0000 0.0123 0.0000 0.0000 0.2146 0.0000 0.0000 0.0000 0.2731 0.0000 0.0000 0.5000 0.0000
380      380   (0)     10  : 0.0000 0.0000 0.0000 0.0000 0.0000 0.5184 0.0000 0.0000 0.0000 0.0000 0.2297 0.0000 0.0000 0.0000 0.2519 0.0000
381      381   (0)     10  : 0.0000 0.0000 0.0000 0.0000 0.0000 0.0000 0.0000 0.0000 0.0000 0.0000 0.0000 0.0000 0.0000 1.0000 0.0000 0.0000
382      382   (0)     10  : 0.0000 0.0000 0.0000 0.0000 0.0000 0.3773 0.0000 0.1943 0.0000 0.0000 0.0605 0.2695 0.0121 0.0000 0.0863 0.0000
383      383   (0)     10  : 0.0000 0.0000 0.0000 0.0000 0.0235 0.0000 0.0000 0.0000 0.0039 0.0000 0.0000 0.1474 0.0000 0.3765 0.4487 0.0000
384      384   (0)     10  : 0.0000 0.0000 0.0011 0.0000 0.0000 0.0000 0.0000 0.3431 0.0000 0.0000 0.0000 0.2269 0.1797 0.0204 0.2288 0.0000
385      385   (0)     10  : 0.0000 0.0000 0.0000 0.0000 0.0000 0.0000 0.0000 0.0000 0.0000 0.0000 0.0000 0.2545 0.0000 0.7455 0.0000 0.0000
386      386   (0)     10  : 0.0000 0.0000 0.0000 0.0000 0.0012 0.0000 0.0000 0.6408 0.0000 0.0000 0.0000 0.0000 0.0000 0.2694 0.0886 0.0000
387      387   (0)     10  : 0.0000 0.0000 0.0000 0.0000 0.0000 0.0000 0.0000 0.0000 0.0000 0.0000 0.0000 0.5000 0.0000 0.5000 0.0000 0.0000
388      388   (0)     10  : 0.0000 0.0000 0.0000 0.0000 0.0000 0.0000 0.0000 0.0000 0.0000 0.0000 0.0000 0.2824 0.0000 0.7176 0.0000 0.0000
389      389   (0)     10  : 0.0000 0.0000 0.0000 0.0000 0.0000 0.0000 0.0000 0.3182 0.0000 0.0000 0.0767 0.1991 0.0000 0.1760 0.2299 0.0000
390      390   (0)      8  : 0.0000 0.0000 0.0000 0.0000 0.0000 0.0000 0.0000 0.5000 0.0000 0.0000 0.0000 0.2123 0.0000 0.0000 0.2877 0.0000
391      391   (0)      8  : 0.0000 0.0000 0.0000 0.0000 0.0000 0.2861 0.0000 0.1551 0.0000 0.0000 0.0000 0.0563 0.2758 0.0025 0.0000 0.2242
392      392   (0)      8  : 0.0000 0.0000 0.0000 0.0000 0.0000 0.5000 0.0000 0.0000 0.0000 0.0000 0.5000 0.0000 0.0000 0.0000 0.0000 0.0000
393      393   (0)     11  : 0.0000 0.0000 0.0000 0.0000 0.0000 0.2422 0.0000 0.0000 0.0000 0.0000 0.2322 0.1010 0.0000 0.0000 0.4246 0.0000
394      394   (0)     11  : 0.0000 0.0000 0.0000 0.0000 0.0000 0.0000 0.0000 0.0000 0.0000 0.0000 0.0000 0.2294 0.0000 0.0000 0.2706 0.5000
395      395   (0)     11  : 0.0000 0.0000 0.0000 0.0000 0.0000 0.3493 0.0000 0.1411 0.0096 0.0000 0.0000 0.0000 0.0000 0.0000 0.0000 0.5000
396      396   (0)     11  : 0.0000 0.0000 0.0000 0.0000 0.0000 0.5000 0.0000 0.0000 0.0000 0.0000 0.0036 0.0000 0.0000 0.0000 0.2387 0.2577
397      397   (0)     11  : 0.0000 0.0000 0.0000 0.0000 0.0000 0.0000 0.0000 0.0000 0.0000 0.0000 0.0000 0.0420 0.2402 0.3241 0.1339 0.2598
398      398   (0)     11  : 0.0000 0.0000 0.0000 0.0000 0.0000 0.0000 0.0000 0.5000 0.0000 0.0000 0.0000 0.5000 0.0000 0.0000 0.0000 0.0000
399      399   (0)     11  : 0.0000 0.0000 0.0000 0.0000 0.0000 1.0000 0.0000 0.0000 0.0000 0.0000 0.0000 0.0000 0.0000 0.0000 0.0000 0.0000
400      400   (0)     11  : 0.0000 0.0000 0.0000 0.0000 0.0000 0.0000 0.0000 0.0000 0.0000 0.0000 0.0000 0.2627 0.0000 0.7373 0.0000 0.0000
401      401   (0)     11  : 0.0000 0.0000 0.0000 0.0000 0.0000 0.1128 0.0000 0.0000 0.0000 0.0000 0.1554 0.0034 0.0000 0.0022 0.6616 0.0646
402      402   (0)     11  : 0.0000 0.0000 0.0000 0.0000 0.0000 0.1032 0.0000 0.0241 0.0000 0.0000 0.1125 0.0811 0.1854 0.1790 0.3147 0.0000
403      403   (0)     11  : 0.0000 0.0000 0.0000 0.0000 0.0000 0.0000 0.0000 0.0000 0.0000 0.0000 0.0000 0.0686 0.0000 0.7241 0.2073 0.0000
404      404   (0)     11  : 0.0000 0.0000 0.0000 0.0000 0.0000 0.1657 0.0000 0.2500 0.0000 0.0000 0.0000 0.2630 0.0029 0.0843 0.0000 0.2341
405      405   (0)     11  : 0.0000 0.0000 0.0000 0.0000 0.0519 0.2493 0.0000 0.1009 0.0057 0.0000 0.4345 0.0034 0.0000 0.0926 0.0018 0.0598
406      406   (0)     11  : 0.0000 0.0000 0.0000 0.0000 0.0000 0.0000 0.0000 0.6686 0.0000 0.0000 0.1851 0.0612 0.0000 0.0000 0.0000 0.0851
407      407   (0)     11  : 0.0000 0.0000 0.0000 0.0000 0.0000 0.2022 0.0000 0.0655 0.0021 0.0000 0.2095 0.1216 0.1849 0.0252 0.1890 0.0000
408      408   (0)     11  : 0.0000 0.0000 0.0000 0.0000 0.0000 0.1668 0.0000 0.1572 0.0000 0.0000 0.1477 0.0000 0.2732 0.1842 0.0709 0.0000
409      409   (0)     11  : 0.0000 0.0000 0.0000 0.0000 0.0000 0.0000 0.0000 0.0000 0.0057 0.0000 0.0000 0.0000 0.0000 0.3547 0.6396 0.0000
410      410   (0)     11  : 0.0000 0.0000 0.0000 0.0000 0.0000 0.5145 0.0000 0.1173 0.0000 0.0000 0.0000 0.0000 0.1782 0.1024 0.0875 0.0000
411      411   (0)     11  : 0.0000 0.0000 0.0000 0.0000 0.0000 0.0811 0.0000 0.2500 0.0000 0.0000 0.0000 0.0957 0.3088 0.0732 0.0000 0.1912
412      412   (0)     11  : 0.0000 0.0000 0.0000 0.0000 0.0000 0.0000 0.0000 0.1822 0.0001 0.0000 0.1233 0.5000 0.0122 0.1821 0.0000 0.0000
413      413   (0)     11  : 0.0000 0.0000 0.0000 0.0000 0.0000 0.0000 0.0000 0.0000 0.0000 0.0000 0.0000 0.1792 0.0000 0.0000 0.3208 0.5000
414      414   (0)     11  : 0.0000 0.0000 0.0000 0.0000 0.0000 0.2097 0.0000 0.0000 0.0000 0.0000 0.0000 0.0000 0.2082 0.1397 0.1506 0.2918
415      415   (0)     11  : 0.0000 0.0000 0.0000 0.0000 0.0000 0.0734 0.0000 0.1553 0.0036 0.0000 0.0000 0.0483 0.5000 0.2193 0.0000 0.0000
416      416   (0)     11  : 0.0000 0.0000 0.0000 0.0000 0.0000 0.0707 0.0000 0.5351 0.0142 0.0000 0.0596 0.0036 0.0000 0.0382 0.2787 0.0000
417      417   (0)     11  : 0.0000 0.0000 0.0000 0.0000 0.0000 0.2826 0.0000 0.0000 0.0000 0.0000 0.2462 0.3148 0.0005 0.1558 0.0000 0.0000
418      418   (0)     11  : 0.0000 0.0000 0.0000 0.0086 0.0143 0.1388 0.0000 0.0880 0.0000 0.0000 0.0000 0.1262 0.0000 0.2994 0.3248 0.0000
419      419   (0)     11  : 0.0000 0.0000 0.0000 0.0000 0.0000 0.0000 0.0000 0.0000 0.0000 0.0000 0.5000 0.0000 0.0000 0.0000 0.5000 0.0000
420      420   (0)     11  : 0.0000 0.0000 0.0000 0.0000 0.0000 0.7499 0.0000 0.0000 0.0000 0.0000 0.0000 0.0000 0.0000 0.0000 0.0000 0.2501
421      421   (0)     11  : 0.0000 0.0000 0.0000 0.0000 0.0000 0.0000 0.0000 0.0000 0.0000 0.0000 0.5000 0.0000 0.0000 0.0000 0.5000 0.0000
422      422   (0)     11  : 0.0000 0.0000 0.0000 0.0000 0.0000 0.5000 0.0000 0.0000 0.0000 0.0000 0.0000 0.3630 0.0000 0.0394 0.0976 0.0000
423      423   (0)     12  : 0.2717 0.0000 0.0000 0.7283 0.0000 0.0000 0.0000 0.0000 0.0000 0.0000 0.0000 0.0000 0.0000 0.0000 0.0000 0.0000
424      424   (0)     12  : 0.0000 0.0000 0.0000 0.0000 0.7789 0.0000 0.0000 0.0249 0.0932 0.0000 0.0000 0.0000 0.0650 0.0380 0.0000 0.0000
425      425   (0)     12  : 0.4444 0.0000 0.0000 0.5556 0.0000 0.0000 0.0000 0.0000 0.0000 0.0000 0.0000 0.0000 0.0000 0.0000 0.0000 0.0000
426      426   (0)     12  : 0.0000 0.0000 0.0000 0.0000 0.4995 0.0000 0.0000 0.0397 0.4345 0.0000 0.0000 0.0262 0.0000 0.0000 0.0000 0.0000
427      427   (0)     12  : 0.3373 0.0016 0.0000 0.6569 0.0000 0.0000 0.0000 0.0000 0.0000 0.0043 0.0000 0.0000 0.0000 0.0000 0.0000 0.0000
428      428   (0)     12  : 0.7605 0.0385 0.0000 0.1679 0.0100 0.0000 0.0231 0.0000 0.0000 0.0000 0.0000 0.0000 0.0000 0.0000 0.0000 0.0000
429      429   (0)     12  : 0.0000 0.0000 0.0000 0.0000 0.0000 0.0000 0.0000 0.0000 1.0000 0.0000 0.0000 0.0000 0.0000 0.0000 0.0000 0.0000
430      430   (0)     12  : 0.9741 0.0000 0.0000 0.0000 0.0000 0.0000 0.0000 0.0000 0.0000 0.0000 0.0259 0.0000 0.0000 0.0000 0.0000 0.0000
431      431   (0)     12  : 0.7108 0.0000 0.0099 0.2523 0.0000 0.0000 0.0120 0.0000 0.0000 0.0000 0.0150 0.0000 0.0000 0.0000 0.0000 0.0000
432      432   (0)     12  : 0.0000 0.0000 0.0000 0.0000 0.8953 0.0000 0.0000 0.0000 0.0425 0.0000 0.0000 0.0000 0.0000 0.0250 0.0372 0.0000
433      433   (0)     12  : 0.8484 0.0000 0.0000 0.1389 0.0000 0.0000 0.0000 0.0000 0.0127 0.0000 0.0000 0.0000 0.0000 0.0000 0.0000 0.0000
434      434   (0)     12  : 0.6757 0.0000 0.0000 0.3243 0.0000 0.0000 0.0000 0.0000 0.0000 0.0000 0.0000 0.0000 0.0000 0.0000 0.0000 0.0000
435      435   (0)     12  : 0.8484 0.0000 0.0000 0.0972 0.0000 0.0000 0.0226 0.0000 0.0000 0.0000 0.0000 0.0000 0.0004 0.0000 0.0000 0.0315
436      436   (0)     12  : 0.5707 0.0142 0.0005 0.3975 0.0000 0.0000 0.0000 0.0000 0.0000 0.0172 0.0000 0.0000 0.0000 0.0000 0.0000 0.0000
437      437   (0)     12  : 0.9744 0.0000 0.0000 0.0000 0.0000 0.0000 0.0000 0.0000 0.0256 0.0000 0.0000 0.0000 0.0000 0.0000 0.0000 0.0000
438      438   (0)     12  : 0.8896 0.0000 0.0000 0.1103 0.0000 0.0000 0.0000 0.0000 0.0000 0.0000 0.0000 0.0000 0.0000 0.0000 0.0000 0.0000
439      439   (0)     12  : 0.0000 0.0000 0.0000 0.0000 1.0000 0.0000 0.0000 0.0000 0.0000 0.0000 0.0000 0.0000 0.0000 0.0000 0.0000 0.0000
440      440   (0)     12  : 0.0000 0.0000 0.0000 0.0000 0.9761 0.0000 0.0000 0.0000 0.0239 0.0000 0.0000 0.0000 0.0000 0.0000 0.0000 0.0000
441      441   (0)     12  : 1.0000 0.0000 0.0000 0.0000 0.0000 0.0000 0.0000 0.0000 0.0000 0.0000 0.0000 0.0000 0.0000 0.0000 0.0000 0.0000
442      442   (0)     12  : 0.0000 0.0000 0.0000 0.0000 0.4650 0.0000 0.0000 0.0000 0.5350 0.0000 0.0000 0.0000 0.0000 0.0000 0.0000 0.0000
443      443   (0)     12  : 0.4919 0.0000 0.0000 0.4843 0.0000 0.0000 0.0000 0.0000 0.0000 0.0239 0.0000 0.0000 0.0000 0.0000 0.0000 0.0000
444      444   (0)     12  : 1.0000 0.0000 0.0000 0.0000 0.0000 0.0000 0.0000 0.0000 0.0000 0.0000 0.0000 0.0000 0.0000 0.0000 0.0000 0.0000
445      445   (0)     12  : 0.1097 0.0000 0.0000 0.8818 0.0000 0.0000 0.0000 0.0000 0.0000 0.0000 0.0000 0.0000 0.0085 0.0000 0.0000 0.0000
446      446   (0)     12  : 0.3631 0.0000 0.0000 0.6369 0.0000 0.0000 0.0000 0.0000 0.0000 0.0000 0.0000 0.0000 0.0000 0.0000 0.0000 0.0000
447      447   (0)     12  : 0.9826 0.0000 0.0000 0.0000 0.0000 0.0000 0.0000 0.0000 0.0000 0.0000 0.0000 0.0000 0.0174 0.0000 0.0000 0.0000
448      448   (0)     12  : 0.8086 0.0000 0.0000 0.1914 0.0000 0.0000 0.0000 0.0000 0.0000 0.0000 0.0000 0.0000 0.0000 0.0000 0.0000 0.0000
449      449   (0)     12  : 1.0000 0.0000 0.0000 0.0000 0.0000 0.0000 0.0000 0.0000 0.0000 0.0000 0.0000 0.0000 0.0000 0.0000 0.0000 0.0000
450      450   (0)     12  : 1.0000 0.0000 0.0000 0.0000 0.0000 0.0000 0.0000 0.0000 0.0000 0.0000 0.0000 0.0000 0.0000 0.0000 0.0000 0.0000
451      451   (0)     12  : 0.6226 0.0257 0.0000 0.3280 0.0000 0.0000 0.0235 0.0000 0.0000 0.0000 0.0000 0.0000 0.0000 0.0000 0.0000 0.0002
452      452   (0)     12  : 0.1325 0.0086 0.0000 0.8589 0.0000 0.0000 0.0000 0.0000 0.0000 0.0000 0.0000 0.0000 0.0000 0.0000 0.0000 0.0000
453      453   (0)     13  : 0.7544 0.0000 0.0000 0.2456 0.0000 0.0000 0.0000 0.0000 0.0000 0.0000 0.0000 0.0000 0.0000 0.0000 0.0000 0.0000
454      454   (0)     13  : 0.9978 0.0000 0.0000 0.0000 0.0000 0.0000 0.0000 0.0000 0.0000 0.0000 0.0021 0.0000 0.0000 0.0000 0.0000 0.0000
455      455   (0)     13  : 0.5105 0.0000 0.0000 0.4895 0.0000 0.0000 0.0000 0.0000 0.0000 0.0000 0.0000 0.0000 0.0000 0.0000 0.0000 0.0000
456      456   (0)     13  : 0.0000 0.0000 0.0000 0.0000 0.9020 0.0000 0.0000 0.0120 0.0603 0.0000 0.0000 0.0000 0.0000 0.0000 0.0257 0.0000
457      457   (0)     13  : 0.8230 0.0178 0.0000 0.1272 0.0000 0.0000 0.0000 0.0000 0.0000 0.0000 0.0000 0.0000 0.0319 0.0000 0.0000 0.0000
458      458   (0)     13  : 1.0000 0.0000 0.0000 0.0000 0.0000 0.0000 0.0000 0.0000 0.0000 0.0000 0.0000 0.0000 0.0000 0.0000 0.0000 0.0000
459      459   (0)     13  : 0.8578 0.0000 0.0000 0.1422 0.0000 0.0000 0.0000 0.0000 0.0000 0.0000 0.0000 0.0000 0.0000 0.0000 0.0000 0.0000
460      460   (0)     13  : 0.2680 0.0000 0.0000 0.7320 0.0000 0.0000 0.0000 0.0000 0.0000 0.0000 0.0000 0.0000 0.0000 0.0000 0.0000 0.0000
461      461   (0)     13  : 0.6327 0.0000 0.0000 0.3673 0.0000 0.0000 0.0000 0.0000 0.0000 0.0000 0.0000 0.0000 0.0000 0.0000 0.0000 0.0000
462      462   (0)     13  : 0.4220 0.0213 0.0000 0.5363 0.0000 0.0000 0.0000 0.0000 0.0000 0.0204 0.0000 0.0000 0.0000 0.0000 0.0000 0.0000
463      463   (0)     13  : 0.7701 0.0000 0.0000 0.1940 0.0000 0.0000 0.0000 0.0000 0.0000 0.0091 0.0269 0.0000 0.0000 0.0000 0.0000 0.0000
464      464   (0)     13  : 0.0000 0.0000 0.0001 0.0000 0.0000 0.0000 0.4999 0.0000 0.0000 0.0000 0.0000 0.0000 0.5000 0.0000 0.0000 0.0000
465      465   (0)     13  : 1.0000 0.0000 0.0000 0.0000 0.0000 0.0000 0.0000 0.0000 0.0000 0.0000 0.0000 0.0000 0.0000 0.0000 0.0000 0.0000
466      466   (0)     13  : 0.4369 0.0000 0.0000 0.5631 0.0000 0.0000 0.0000 0.0000 0.0000 0.0000 0.0000 0.0000 0.0000 0.0000 0.0000 0.0000
467      467   (0)     13  : 0.4547 0.0171 0.0000 0.5046 0.0000 0.0000 0.0000 0.0000 0.0000 0.0236 0.0000 0.0000 0.0000 0.0000 0.0000 0.0000
468      468   (0)     13  : 0.0000 0.8114 0.0000 0.0410 0.0000 0.0000 0.0001 0.0000 0.0000 0.0032 0.0000 0.0000 0.1443 0.0000 0.0000 0.0000
469      469   (0)     13  : 0.0000 0.2313 0.0000 0.0000 0.0000 0.0000 0.0000 0.0000 0.0000 0.7687 0.0000 0.0000 0.0000 0.0000 0.0000 0.0000
470      470   (0)     13  : 0.8352 0.0009 0.0000 0.1548 0.0000 0.0000 0.0000 0.0000 0.0000 0.0000 0.0000 0.0000 0.0091 0.0000 0.0000 0.0000
471      471   (0)     13  : 0.7384 0.0000 0.0000 0.2215 0.0000 0.0000 0.0000 0.0000 0.0147 0.0000 0.0000 0.0024 0.0000 0.0102 0.0128 0.0000
472      472   (0)     13  : 0.7257 0.0000 0.0000 0.2569 0.0000 0.0000 0.0000 0.0000 0.0000 0.0000 0.0174 0.0000 0.0000 0.0000 0.0000 0.0000
473      473   (0)     13  : 0.0498 0.0000 0.0000 0.0000 0.8106 0.0000 0.0000 0.0000 0.0189 0.0000 0.0640 0.0000 0.0000 0.0000 0.0566 0.0000
474      474   (0)     13  : 0.2942 0.0042 0.0000 0.7016 0.0000 0.0000 0.0000 0.0000 0.0000 0.0000 0.0000 0.0000 0.0000 0.0000 0.0000 0.0000
475      475   (0)     13  : 0.7902 0.0000 0.0000 0.2098 0.0000 0.0000 0.0000 0.0000 0.0000 0.0000 0.0000 0.0000 0.0000 0.0000 0.0000 0.0000
476      476   (0)     13  : 0.0000 0.0000 0.0000 0.0000 0.9501 0.0000 0.0000 0.0000 0.0499 0.0000 0.0000 0.0000 0.0000 0.0000 0.0000 0.0000
477      477   (0)     13  : 0.7948 0.0201 0.0000 0.1586 0.0000 0.0000 0.0000 0.0000 0.0137 0.0128 0.0000 0.0000 0.0000 0.0000 0.0000 0.0000
478      478   (0)     13  : 0.3237 0.0000 0.0163 0.6521 0.0000 0.0000 0.0000 0.0000 0.0079 0.0000 0.0000 0.0000 0.0000 0.0000 0.0000 0.0000
479      479   (0)     13  : 0.8186 0.0000 0.0000 0.1594 0.0000 0.0000 0.0000 0.0000 0.0000 0.0000 0.0220 0.0000 0.0000 0.0000 0.0000 0.0000
480      480   (0)     13  : 0.0000 0.0000 0.0000 0.0000 0.8714 0.0000 0.0000 0.0000 0.1105 0.0000 0.0000 0.0000 0.0000 0.0000 0.0000 0.0181
481      481   (0)     13  : 0.0545 0.0000 0.0036 0.0000 0.0000 0.0000 0.4366 0.0000 0.0053 0.0000 0.5000 0.0000 0.0000 0.0000 0.0000 0.0000
482      482   (0)     13  : 0.4918 0.0185 0.0000 0.4660 0.0000 0.0000 0.0000 0.0000 0.0000 0.0000 0.0238 0.0000 0.0000 0.0000 0.0000 0.0000
483      483   (0)     14  : 0.8224 0.0000 0.0000 0.1776 0.0000 0.0000 0.0000 0.0000 0.0000 0.0000 0.0000 0.0000 0.0000 0.0000 0.0000 0.0000
484      484   (0)     14  : 0.9019 0.0000 0.0000 0.0981 0.0000 0.0000 0.0000 0.0000 0.0000 0.0000 0.0000 0.0000 0.0000 0.0000 0.0000 0.0000
485      485   (0)     15  : 1.0000 0.0000 0.0000 0.0000 0.0000 0.0000 0.0000 0.0000 0.0000 0.0000 0.0000 0.0000 0.0000 0.0000 0.0000 0.0000
486      486   (0)     15  : 1.0000 0.0000 0.0000 0.0000 0.0000 0.0000 0.0000 0.0000 0.0000 0.0000 0.0000 0.0000 0.0000 0.0000 0.0000 0.0000
487      487   (0)     15  : 0.9999 0.0001 0.0000 0.0000 0.0000 0.0000 0.0000 0.0000 0.0000 0.0000 0.0000 0.0000 0.0000 0.0000 0.0000 0.0000
488      488   (0)     15  : 0.5635 0.0000 0.0023 0.4342 0.0000 0.0000 0.0000 0.0000 0.0000 0.0000 0.0000 0.0000 0.0000 0.0000 0.0000 0.0000
489      489   (0)     15  : 0.0000 0.0000 0.0000 0.0000 0.9980 0.0000 0.0000 0.0020 0.0000 0.0000 0.0000 0.0000 0.0000 0.0000 0.0000 0.0000
490      490   (0)     15  : 0.0000 0.0000 0.0000 0.0000 0.9600 0.0000 0.0000 0.0000 0.0400 0.0000 0.0000 0.0000 0.0000 0.0000 0.0000 0.0000
491      491   (0)     15  : 0.5289 0.0000 0.0000 0.4707 0.0000 0.0000 0.0005 0.0000 0.0000 0.0000 0.0000 0.0000 0.0000 0.0000 0.0000 0.0000
492      492   (0)     15  : 0.0000 0.0000 0.0000 0.0000 1.0000 0.0000 0.0000 0.0000 0.0000 0.0000 0.0000 0.0000 0.0000 0.0000 0.0000 0.0000
493      493   (0)     15  : 0.3666 0.0004 0.0164 0.6166 0.0000 0.0000 0.0000 0.0000 0.0000 0.0000 0.0000 0.0000 0.0000 0.0000 0.0000 0.0000
494      494   (0)     15  : 0.6641 0.0000 0.0000 0.3227 0.0000 0.0000 0.0131 0.0000 0.0000 0.0001 0.0000 0.0000 0.0000 0.0000 0.0000 0.0000
495      495   (0)     15  : 0.9963 0.0000 0.0000 0.0000 0.0000 0.0000 0.0000 0.0000 0.0000 0.0000 0.0037 0.0000 0.0000 0.0000 0.0000 0.0000
496      496   (0)     15  : 0.6092 0.0000 0.0020 0.3822 0.0000 0.0000 0.0000 0.0000 0.0000 0.0000 0.0000 0.0000 0.0066 0.0000 0.0000 0.0000
497      497   (0)     15  : 0.7388 0.0000 0.0000 0.2417 0.0000 0.0000 0.0000 0.0000 0.0000 0.0000 0.0000 0.0000 0.0112 0.0000 0.0000 0.0083
498      498   (0)     15  : 0.9585 0.0094 0.0000 0.0000 0.0000 0.0000 0.0321 0.0000 0.0000 0.0000 0.0000 0.0000 0.0000 0.0000 0.0000 0.0000
499      499   (0)     15  : 0.8143 0.0392 0.0000 0.1465 0.0000 0.0000 0.0000 0.0000 0.0000 0.0000 0.0000 0.0000 0.0000 0.0000 0.0000 0.0000
500      500   (0)     15  : 0.9973 0.0000 0.0000 0.0000 0.0000 0.0000 0.0000 0.0000 0.0000 0.0000 0.0000 0.0000 0.0027 0.0000 0.0000 0.0000
501      501   (0)     15  : 0.9738 0.0144 0.0000 0.0000 0.0000 0.0000 0.0000 0.0000 0.0118 0.0000 0.0000 0.0000 0.0000 0.0000 0.0000 0.0000
502      502   (0)     15  : 0.9837 0.0000 0.0000 0.0000 0.0000 0.0000 0.0163 0.0000 0.0000 0.0000 0.0000 0.0000 0.0000 0.0000 0.0000 0.0000
503      503   (0)     15  : 0.5930 0.0000 0.0000 0.4069 0.0000 0.0000 0.0000 0.0000 0.0000 0.0000 0.0000 0.0000 0.0001 0.0000 0.0000 0.0000
504      504   (0)     15  : 1.0000 0.0000 0.0000 0.0000 0.0000 0.0000 0.0000 0.0000 0.0000 0.0000 0.0000 0.0000 0.0000 0.0000 0.0000 0.0000
505      505   (0)     15  : 0.9731 0.0000 0.0000 0.0000 0.0000 0.0000 0.0000 0.0000 0.0000 0.0005 0.0000 0.0000 0.0263 0.0000 0.0000 0.0000
506      506   (0)     15  : 0.5130 0.0015 0.0000 0.4813 0.0000 0.0000 0.0000 0.0000 0.0000 0.0043 0.0000 0.0000 0.0000 0.0000 0.0000 0.0000
507      507   (0)     15  : 0.9906 0.0059 0.0000 0.0000 0.0000 0.0000 0.0000 0.0000 0.0000 0.0000 0.0000 0.0000 0.0035 0.0000 0.0000 0.0000
508      508   (0)     15  : 0.9827 0.0000 0.0000 0.0000 0.0000 0.0000 0.0173 0.0000 0.0000 0.0000 0.0000 0.0000 0.0000 0.0000 0.0000 0.0000
509      509   (0)     15  : 0.0000 0.0000 0.0000 0.0000 1.0000 0.0000 0.0000 0.0000 0.0000 0.0000 0.0000 0.0000 0.0000 0.0000 0.0000 0.0000
510      510   (0)     15  : 0.0000 0.0000 0.0000 0.0000 1.0000 0.0000 0.0000 0.0000 0.0000 0.0000 0.0000 0.0000 0.0000 0.0000 0.0000 0.0000
511      511   (0)     15  : 0.9322 0.0410 0.0049 0.0000 0.0012 0.0000 0.0000 0.0111 0.0000 0.0000 0.0000 0.0000 0.0000 0.0095 0.0000 0.0000
512      512   (0)     15  : 0.0000 0.0000 0.0000 1.0000 0.0000 0.0000 0.0000 0.0000 0.0000 0.0000 0.0000 0.0000 0.0000 0.0000 0.0000 0.0000
513      513   (0)     15  : 0.5823 0.0000 0.0000 0.3860 0.0000 0.0000 0.0000 0.0000 0.0000 0.0184 0.0133 0.0000 0.0000 0.0000 0.0000 0.0000
514      514   (0)     15  : 0.6371 0.0109 0.0000 0.3389 0.0000 0.0000 0.0000 0.0000 0.0000 0.0000 0.0000 0.0000 0.0018 0.0000 0.0000 0.0113
515      515   (0)     16  : 0.0117 0.0000 0.0000 0.0000 0.0000 0.0000 0.4883 0.0000 0.0000 0.5000 0.0000 0.0000 0.0000 0.0000 0.0000 0.0000
516      516   (0)     16  : 0.9951 0.0000 0.0000 0.0000 0.0000 0.0000 0.0000 0.0000 0.0000 0.0000 0.0000 0.0000 0.0049 0.0000 0.0000 0.0000
517      517   (0)     16  : 0.0000 0.0000 0.0000 0.0000 0.8493 0.0000 0.0000 0.0000 0.0964 0.0000 0.0334 0.0208 0.0000 0.0000 0.0000 0.0000
518      518   (0)     16  : 0.5558 0.0098 0.0141 0.3975 0.0000 0.0000 0.0000 0.0000 0.0000 0.0144 0.0000 0.0027 0.0000 0.0000 0.0000 0.0056
519      519   (0)     16  : 0.1121 0.0000 0.0000 0.8877 0.0000 0.0000 0.0000 0.0000 0.0000 0.0000 0.0002 0.0000 0.0000 0.0000 0.0000 0.0000
520      520   (0)     16  : 0.0000 0.0138 0.0000 0.9862 0.0000 0.0000 0.0000 0.0000 0.0000 0.0000 0.0000 0.0000 0.0000 0.0000 0.0000 0.0000
521      521   (0)     16  : 0.1479 0.0000 0.0000 0.8290 0.0000 0.0000 0.0231 0.0000 0.0000 0.0000 0.0000 0.0000 0.0000 0.0000 0.0000 0.0000
522      522   (0)     16  : 0.0000 0.0000 0.0000 0.0000 0.0000 0.0000 0.0000 0.0000 1.0000 0.0000 0.0000 0.0000 0.0000 0.0000 0.0000 0.0000
523      523   (0)     16  : 0.2401 0.0000 0.0000 0.7474 0.0000 0.0000 0.0000 0.0000 0.0000 0.0125 0.0000 0.0000 0.0000 0.0000 0.0000 0.0000
524      524   (0)     16  : 0.0000 0.0000 0.0000 0.0000 0.8327 0.0000 0.0000 0.0274 0.0960 0.0000 0.0000 0.0000 0.0439 0.0000 0.0000 0.0000
525      525   (0)     16  : 0.5262 0.0000 0.0000 0.4646 0.0000 0.0000 0.0000 0.0000 0.0000 0.0000 0.0092 0.0000 0.0000 0.0000 0.0000 0.0000
526      526   (0)     16  : 0.0000 0.0000 0.0000 1.0000 0.0000 0.0000 0.0000 0.0000 0.0000 0.0000 0.0000 0.0000 0.0000 0.0000 0.0000 0.0000
527      527   (0)     16  : 0.0000 0.0000 0.0000 0.0000 0.8780 0.0143 0.0000 0.0000 0.1076 0.0000 0.0000 0.0001 0.0000 0.0000 0.0000 0.0000
528      528   (0)     16  : 0.1582 0.0000 0.0000 0.7636 0.0000 0.0000 0.0372 0.0000 0.0000 0.0410 0.0000 0.0000 0.0000 0.0000 0.0000 0.0000
529      529   (0)     16  : 0.0000 0.0000 0.0000 1.0000 0.0000 0.0000 0.0000 0.0000 0.0000 0.0000 0.0000 0.0000 0.0000 0.0000 0.0000 0.0000
530      530   (0)     16  : 0.0000 0.0000 0.0000 0.9504 0.0000 0.0000 0.0294 0.0000 0.0000 0.0000 0.0000 0.0000 0.0202 0.0000 0.0000 0.0000
531      531   (0)     16  : 0.2673 0.0000 0.0000 0.7327 0.0000 0.0000 0.0000 0.0000 0.0000 0.0000 0.0000 0.0000 0.0000 0.0000 0.0000 0.0000
532      532   (0)     16  : 0.0000 0.0000 0.0000 0.0000 0.0000 0.0000 0.0000 0.0000 1.0000 0.0000 0.0000 0.0000 0.0000 0.0000 0.0000 0.0000
533      533   (0)     16  : 0.0000 0.0000 0.0000 0.0000 0.0000 0.0000 0.0000 0.0000 1.0000 0.0000 0.0000 0.0000 0.0000 0.0000 0.0000 0.0000
534      534   (0)     16  : 0.1457 0.0000 0.0000 0.8512 0.0000 0.0000 0.0000 0.0000 0.0000 0.0000 0.0000 0.0000 0.0031 0.0000 0.0000 0.0000
535      535   (0)     16  : 0.0000 0.0000 0.0000 1.0000 0.0000 0.0000 0.0000 0.0000 0.0000 0.0000 0.0000 0.0000 0.0000 0.0000 0.0000 0.0000
536      536   (0)     16  : 0.0000 0.0000 0.0000 1.0000 0.0000 0.0000 0.0000 0.0000 0.0000 0.0000 0.0000 0.0000 0.0000 0.0000 0.0000 0.0000
537      537   (0)     16  : 0.0000 0.0000 0.0000 1.0000 0.0000 0.0000 0.0000 0.0000 0.0000 0.0000 0.0000 0.0000 0.0000 0.0000 0.0000 0.0000
538      538   (0)     16  : 0.1613 0.0000 0.0000 0.8387 0.0000 0.0000 0.0000 0.0000 0.0000 0.0000 0.0000 0.0000 0.0000 0.0000 0.0000 0.0000
539      539   (0)     16  : 0.0000 0.0000 0.0000 0.9855 0.0000 0.0000 0.0000 0.0000 0.0000 0.0145 0.0000 0.0000 0.0000 0.0000 0.0000 0.0000
540      540   (0)     16  : 0.3072 0.0000 0.0000 0.6753 0.0000 0.0000 0.0175 0.0000 0.0000 0.0000 0.0000 0.0000 0.0000 0.0000 0.0000 0.0000
541      541   (0)     16  : 0.0000 0.0000 1.0000 0.0000 0.0000 0.0000 0.0000 0.0000 0.0000 0.0000 0.0000 0.0000 0.0000 0.0000 0.0000 0.0000
542      542   (0)     16  : 0.0179 0.0000 0.0000 0.9743 0.0000 0.0000 0.0078 0.0000 0.0000 0.0000 0.0000 0.0000 0.0000 0.0000 0.0000 0.0000
543      543   (0)     16  : 0.2589 0.0000 0.0000 0.7411 0.0000 0.0000 0.0000 0.0000 0.0000 0.0000 0.0000 0.0000 0.0000 0.0000 0.0000 0.0000
544      544   (0)     16  : 0.2632 0.0000 0.0000 0.7368 0.0000 0.0000 0.0000 0.0000 0.0000 0.0000 0.0000 0.0000 0.0000 0.0000 0.0000 0.0000
