1        1   (0)      1  : 0.0000 0.0000 0.0000 0.0000 0.0000 0.0000 0.0000 0.0000 0.5000 0.5000 0.0000 0.0000 0.0000 0.0000 0.0000
2        2   (0)      1  : 0.0000 0.0000 0.0000 0.9381 0.0000 0.0000 0.0000 0.0000 0.0000 0.0348 0.0000 0.0000 0.0271 0.0000 0.0000
3        3   (0)      1  : 0.1787 0.0000 0.0000 0.7488 0.0000 0.0000 0.0002 0.0000 0.0000 0.0273 0.0450 0.0000 0.0000 0.0000 0.0000
4        4   (0)      1  : 0.0000 0.3182 0.0013 0.0015 0.0000 0.0000 0.1448 0.0000 0.2111 0.0000 0.1408 0.0000 0.1747 0.0052 0.0023
5        5   (0)      1  : 0.0000 0.0000 0.0000 0.0000 0.0000 0.0000 0.4175 0.0000 0.0825 0.1975 0.0000 0.0000 0.0000 0.1938 0.1087
6        6   (0)      1  : 0.0000 0.0000 0.0000 0.0000 0.0000 0.0000 0.0000 0.0000 0.2044 0.6741 0.0000 0.0000 0.1215 0.0000 0.0000
7        7   (0)      1  : 0.0000 0.0000 0.0000 0.9797 0.0000 0.0000 0.0000 0.0000 0.0038 0.0165 0.0000 0.0000 0.0000 0.0000 0.0000
8        8   (0)      1  : 0.0001 0.0000 0.0000 0.9506 0.0000 0.0000 0.0000 0.0000 0.0254 0.0000 0.0000 0.0000 0.0000 0.0239 0.0000
9        9   (0)      1  : 0.0000 0.0000 0.0000 0.0000 0.0000 0.0000 0.5000 0.0000 0.3497 0.0000 0.0000 0.0000 0.0000 0.0000 0.1503
10       10   (0)      1  : 0.1360 0.0000 0.0000 0.8081 0.0000 0.0000 0.0227 0.0000 0.0000 0.0332 0.0000 0.0000 0.0000 0.0000 0.0000
11       11   (0)      1  : 0.0000 0.0000 0.0000 0.0000 0.0000 0.0000 0.0000 0.0000 0.0000 0.0000 0.0000 0.0000 1.0000 0.0000 0.0000
12       12   (0)      1  : 0.0000 0.0013 0.0000 0.0000 0.0000 0.0000 0.0000 0.0000 0.1338 0.5000 0.0000 0.0000 0.2833 0.0816 0.0000
13       13   (0)      1  : 0.0000 0.2103 0.0000 0.0000 0.0000 0.0000 0.2019 0.0000 0.2537 0.0000 0.0000 0.0000 0.2981 0.0000 0.0360
14       14   (0)      1  : 0.0000 0.0000 0.0000 0.0000 0.0000 0.0000 0.0000 0.0000 0.0000 0.6026 0.0000 0.0000 0.2010 0.1249 0.0715
15       15   (0)      1  : 0.0000 0.2001 0.0000 0.0000 0.0000 0.0000 0.0000 0.0000 0.0000 0.5000 0.0000 0.0000 0.2999 0.0000 0.0000
16       16   (0)      1  : 0.0000 0.0809 0.0000 0.0553 0.0000 0.0000 0.1075 0.0000 0.1867 0.1389 0.1500 0.0000 0.0084 0.2483 0.0240
17       17   (0)      1  : 0.0000 0.0000 0.0000 0.0000 0.0000 0.0000 0.0000 0.0000 0.0000 0.5000 0.0000 0.0000 0.0000 0.4109 0.0891
18       18   (0)      1  : 0.0000 0.0000 0.0000 0.0000 0.0000 0.0000 0.1864 0.0000 0.0000 0.0000 0.3136 0.0000 0.0000 0.5000 0.0000
19       19   (0)      1  : 0.0000 0.2960 0.0000 0.0000 0.0000 0.0000 0.0762 0.0000 0.1029 0.1984 0.1315 0.0000 0.0987 0.0963 0.0000
20       20   (0)      1  : 0.0000 0.2799 0.0000 0.0000 0.0000 0.0000 0.1069 0.0000 0.0000 0.1987 0.0037 0.0000 0.1871 0.2236 0.0000
21       21   (0)      1  : 0.0000 1.0000 0.0000 0.0000 0.0000 0.0000 0.0000 0.0000 0.0000 0.0000 0.0000 0.0000 0.0000 0.0000 0.0000
22       22   (0)      1  : 0.3849 0.0000 0.0000 0.5482 0.0000 0.0000 0.0008 0.0000 0.0000 0.0660 0.0000 0.0000 0.0000 0.0000 0.0000
23       23   (0)      1  : 0.0000 0.0000 0.0000 0.0000 0.0000 0.0000 0.0000 0.0000 0.0000 0.0000 0.0000 0.0000 0.5000 0.4146 0.0854
24       24   (0)      1  : 0.0000 0.0000 0.0000 0.0000 0.0000 0.0000 0.0000 0.0000 0.0000 0.0000 0.0000 0.0000 0.0000 0.0000 1.0000
25       25   (0)      1  : 0.0000 0.5000 0.0000 0.0000 0.0000 0.0000 0.0000 0.0000 0.0000 0.0000 0.0000 0.0000 0.0000 0.5000 0.0000
26       26   (0)      1  : 0.0000 0.0000 0.0000 0.0000 0.0000 0.0000 0.3709 0.0000 0.3702 0.0000 0.0000 0.0000 0.1355 0.1234 0.0000
27       27   (0)      1  : 0.0000 0.0000 0.0000 0.0000 0.7466 0.1322 0.0000 0.0000 0.0000 0.0000 0.0000 0.1212 0.0000 0.0000 0.0000
28       28   (0)      1  : 0.0000 0.0000 0.0000 0.0000 0.5890 0.0000 0.0000 0.0560 0.0000 0.0000 0.0000 0.0000 0.0000 0.0000 0.3550
29       29   (0)      1  : 0.0000 0.5000 0.0000 0.0000 0.0000 0.0000 0.5000 0.0000 0.0000 0.0000 0.0000 0.0000 0.0000 0.0000 0.0000
30       30   (0)      1  : 0.0000 0.0000 0.0000 0.0000 0.0000 0.0000 0.5000 0.0000 0.3919 0.0000 0.0000 0.0000 0.0000 0.0000 0.1081
31       31   (0)      1  : 0.0000 0.2569 0.0000 0.0136 0.0000 0.0000 0.5002 0.0000 0.0079 0.1246 0.0967 0.0000 0.0000 0.0000 0.0000
32       32   (0)      1  : 0.0000 0.0000 0.0000 0.8033 0.0000 0.0000 0.0000 0.0000 0.0000 0.0000 0.0000 0.0000 0.0000 0.0000 0.1967
33       33   (0)      1  : 0.0000 0.0000 0.0000 0.0000 0.1982 0.0000 0.0000 0.0000 0.0000 0.0000 0.0000 0.0000 0.0000 0.0000 0.8018
34       34   (0)      1  : 0.0000 0.0000 0.0000 0.0000 0.0000 0.0000 0.0000 0.0000 0.0000 0.0000 0.5000 0.0000 0.0000 0.5000 0.0000
35       35   (0)      1  : 0.0000 0.0000 1.0000 0.0000 0.0000 0.0000 0.0000 0.0000 0.0000 0.0000 0.0000 0.0000 0.0000 0.0000 0.0000
36       36   (0)      1  : 0.0000 0.0000 1.0000 0.0000 0.0000 0.0000 0.0000 0.0000 0.0000 0.0000 0.0000 0.0000 0.0000 0.0000 0.0000
37       37   (0)      1  : 0.0000 0.0000 1.0000 0.0000 0.0000 0.0000 0.0000 0.0000 0.0000 0.0000 0.0000 0.0000 0.0000 0.0000 0.0000
38       38   (0)      1  : 0.0000 0.0000 0.0000 0.0000 0.8563 0.0000 0.0000 0.0000 0.0000 0.0000 0.0000 0.1437 0.0000 0.0000 0.0000
39       39   (0)      1  : 0.0000 0.0000 0.0000 0.0000 0.8196 0.0067 0.0000 0.0000 0.0000 0.0000 0.0000 0.1738 0.0000 0.0000 0.0000
40       40   (0)      1  : 0.0000 0.5000 0.0000 0.0000 0.0000 0.0000 0.0709 0.0000 0.0681 0.0000 0.0000 0.0000 0.2281 0.1329 0.0000
41       41   (0)      1  : 0.0000 0.0000 0.0000 0.9372 0.0000 0.0000 0.0187 0.0000 0.0441 0.0000 0.0000 0.0000 0.0000 0.0000 0.0000
42       42   (0)      1  : 0.0000 0.0000 0.0000 0.0000 0.8643 0.0000 0.0000 0.0000 0.0000 0.0000 0.0000 0.1357 0.0000 0.0000 0.0000
43       43   (0)      1  : 0.0000 0.0000 0.0000 0.0000 0.0000 0.0000 0.0000 0.0000 0.0000 0.0000 0.0000 0.0000 1.0000 0.0000 0.0000
44       44   (0)      1  : 0.2979 0.0000 0.0000 0.6742 0.0000 0.0000 0.0103 0.0000 0.0000 0.0000 0.0000 0.0000 0.0176 0.0000 0.0000
45       45   (0)      1  : 0.0000 0.0000 0.0000 0.0000 0.8603 0.0000 0.0000 0.0726 0.0000 0.0000 0.0000 0.0671 0.0000 0.0000 0.0000
46       46   (0)      1  : 0.0000 0.0000 0.0000 0.0000 0.0000 0.0000 0.0000 0.0000 0.0000 0.0000 0.0000 0.0000 0.0000 1.0000 0.0000
47       47   (0)      1  : 0.0000 0.0000 0.0000 0.0000 0.8240 0.1732 0.0000 0.0000 0.0000 0.0000 0.0000 0.0028 0.0000 0.0000 0.0000
48       48   (0)      1  : 0.3527 0.0000 0.0000 0.5944 0.0000 0.0000 0.0000 0.0000 0.0528 0.0000 0.0000 0.0000 0.0000 0.0000 0.0000
49       49   (0)      1  : 0.0906 0.0000 0.0000 0.8882 0.0000 0.0000 0.0001 0.0000 0.0000 0.0000 0.0211 0.0000 0.0000 0.0000 0.0000
50       50   (0)      1  : 0.0000 0.0000 0.0000 0.0000 0.8431 0.0000 0.0000 0.0000 0.0000 0.0000 0.0000 0.1569 0.0000 0.0000 0.0000
51       51   (0)      1  : 0.0000 0.0000 0.0000 0.0000 0.8345 0.1655 0.0000 0.0000 0.0000 0.0000 0.0000 0.0000 0.0000 0.0000 0.0000
52       52   (0)      1  : 0.0000 0.0000 0.0000 0.9028 0.0000 0.0000 0.0000 0.0000 0.0229 0.0474 0.0000 0.0000 0.0268 0.0000 0.0000
53       53   (0)      1  : 0.0000 0.0000 0.0000 0.9391 0.0000 0.0000 0.0337 0.0000 0.0000 0.0000 0.0272 0.0000 0.0000 0.0000 0.0000
54       54   (0)      1  : 0.3505 0.0000 0.0000 0.5858 0.0000 0.0000 0.0000 0.0000 0.0337 0.0000 0.0300 0.0000 0.0000 0.0000 0.0000
55       55   (0)      1  : 0.0000 0.0000 0.0000 0.0000 0.8335 0.0000 0.0000 0.0000 0.0000 0.0000 0.0000 0.1665 0.0000 0.0000 0.0000
56       56   (0)      2  : 0.0000 0.0000 0.0000 0.0000 0.0000 0.0000 0.2662 0.0000 0.0000 0.0000 0.2338 0.0000 0.2749 0.0000 0.2251
57       57   (0)      2  : 0.0000 0.3310 0.0000 0.0000 0.0000 0.0000 0.0000 0.0000 0.0000 0.0000 0.6690 0.0000 0.0000 0.0000 0.0000
58       58   (0)      2  : 0.0000 0.0000 0.0000 0.0000 0.0000 0.0000 0.5000 0.0000 0.0000 0.0000 0.5000 0.0000 0.0000 0.0000 0.0000
59       59   (0)      2  : 0.0000 0.0000 0.0000 0.0000 0.0000 0.0000 0.3760 0.0000 0.5000 0.0000 0.0000 0.0000 0.0000 0.1240 0.0000
60       60   (0)      2  : 0.3801 0.0000 0.0000 0.5553 0.0000 0.0000 0.0000 0.0000 0.0000 0.0316 0.0000 0.0000 0.0000 0.0330 0.0000
61       61   (0)      2  : 0.0000 0.0000 0.0000 0.0000 0.0000 0.0000 0.2752 0.0000 0.5000 0.0000 0.0000 0.0000 0.2248 0.0000 0.0000
62       62   (0)      2  : 0.0000 0.0000 1.0000 0.0000 0.0000 0.0000 0.0000 0.0000 0.0000 0.0000 0.0000 0.0000 0.0000 0.0000 0.0000
63       63   (0)      2  : 0.0000 0.0000 0.0000 0.0000 0.0000 0.0000 0.0000 0.0000 0.0000 0.0000 1.0000 0.0000 0.0000 0.0000 0.0000
64       64   (0)      2  : 0.0000 0.0000 1.0000 0.0000 0.0000 0.0000 0.0000 0.0000 0.0000 0.0000 0.0000 0.0000 0.0000 0.0000 0.0000
65       65   (0)      2  : 0.0195 0.0000 0.0000 0.0001 0.0000 0.0000 0.2841 0.0000 0.0000 0.6948 0.0000 0.0000 0.0015 0.0000 0.0000
66       66   (0)      2  : 0.0000 0.0000 1.0000 0.0000 0.0000 0.0000 0.0000 0.0000 0.0000 0.0000 0.0000 0.0000 0.0000 0.0000 0.0000
67       67   (0)      2  : 0.0000 0.0000 0.0000 0.0000 0.0000 0.0000 0.3845 0.0000 0.4370 0.0000 0.1785 0.0000 0.0000 0.0000 0.0000
68       68   (0)      2  : 0.0000 0.1832 0.0000 0.0000 0.0000 0.0000 0.1472 0.0000 0.0000 0.1702 0.0000 0.0000 0.0000 0.4275 0.0720
69       69   (0)      2  : 0.0976 0.0000 0.0000 0.8484 0.0000 0.0000 0.0261 0.0000 0.0000 0.0000 0.0000 0.0000 0.0000 0.0000 0.0278
70       70   (0)      2  : 0.0000 0.1803 0.0000 0.0000 0.0000 0.0000 0.1722 0.0000 0.0000 0.5925 0.0000 0.0000 0.0000 0.0000 0.0550
71       71   (0)      2  : 0.0000 0.0000 1.0000 0.0000 0.0000 0.0000 0.0000 0.0000 0.0000 0.0000 0.0000 0.0000 0.0000 0.0000 0.0000
72       72   (0)      2  : 0.0000 0.0000 1.0000 0.0000 0.0000 0.0000 0.0000 0.0000 0.0000 0.0000 0.0000 0.0000 0.0000 0.0000 0.0000
73       73   (0)      2  : 0.0000 0.0000 0.0000 0.0000 0.0000 0.0000 0.0000 0.0000 0.0000 0.0000 0.0000 0.0000 0.5000 0.5000 0.0000
74       74   (0)      2  : 0.0000 0.0000 0.0000 0.9648 0.0000 0.0000 0.0210 0.0000 0.0000 0.0000 0.0143 0.0000 0.0000 0.0000 0.0000
75       75   (0)      2  : 0.0000 0.0000 0.0000 0.0000 0.7930 0.1096 0.0000 0.0973 0.0000 0.0000 0.0000 0.0000 0.0000 0.0000 0.0000
76       76   (0)      2  : 0.0000 0.0000 0.0000 0.9599 0.0000 0.0000 0.0000 0.0000 0.0000 0.0000 0.0400 0.0000 0.0000 0.0000 0.0000
77       77   (0)      2  : 0.0000 0.0047 0.0000 0.0255 0.0000 0.0000 0.0000 0.0000 0.7049 0.1050 0.0000 0.0000 0.0000 0.1600 0.0000
78       78   (0)      2  : 0.0000 0.0000 1.0000 0.0000 0.0000 0.0000 0.0000 0.0000 0.0000 0.0000 0.0000 0.0000 0.0000 0.0000 0.0000
79       79   (0)      2  : 0.0000 0.0000 0.0000 0.0000 0.9032 0.0002 0.0000 0.0493 0.0000 0.0000 0.0000 0.0473 0.0000 0.0000 0.0000
80       80   (0)      2  : 0.0000 0.0000 1.0000 0.0000 0.0000 0.0000 0.0000 0.0000 0.0000 0.0000 0.0000 0.0000 0.0000 0.0000 0.0000
81       81   (0)      2  : 0.0000 1.0000 0.0000 0.0000 0.0000 0.0000 0.0000 0.0000 0.0000 0.0000 0.0000 0.0000 0.0000 0.0000 0.0000
82       82   (0)      2  : 0.0000 0.0088 0.0024 0.9669 0.0000 0.0000 0.0000 0.0000 0.0000 0.0000 0.0000 0.0000 0.0000 0.0219 0.0000
83       83   (0)      2  : 0.0000 0.0000 0.0000 1.0000 0.0000 0.0000 0.0000 0.0000 0.0000 0.0000 0.0000 0.0000 0.0000 0.0000 0.0000
84       84   (0)      2  : 0.0075 0.0000 0.0000 0.1721 0.0000 0.0000 0.2490 0.0000 0.3035 0.0000 0.1255 0.0000 0.0000 0.0000 0.1424
85       85   (0)      2  : 0.0000 0.2723 0.0000 0.0000 0.0000 0.0000 0.0586 0.0000 0.0313 0.2269 0.2612 0.0000 0.1488 0.0000 0.0008
86       86   (0)      2  : 0.0000 0.1027 0.0000 0.0000 0.0000 0.0000 0.0000 0.0000 0.0000 0.5928 0.0000 0.0000 0.0000 0.2385 0.0660
87       87   (0)      2  : 0.0000 0.7881 0.0000 0.0015 0.0000 0.0000 0.0000 0.0000 0.0000 0.2085 0.0000 0.0000 0.0000 0.0019 0.0000
88       88   (0)      2  : 0.0000 0.7348 0.0000 0.0000 0.0000 0.0000 0.0000 0.0000 0.0000 0.0000 0.0000 0.0000 0.0000 0.2652 0.0000
89       89   (0)      2  : 0.0000 0.0000 0.0000 0.0000 0.0000 0.0000 0.2839 0.0000 0.0000 0.5000 0.0000 0.0000 0.2161 0.0000 0.0000
90       90   (0)      2  : 0.0000 0.0000 0.0000 0.0000 0.0000 0.0000 0.0000 0.0000 0.0000 0.5000 0.0000 0.0000 0.0000 0.5000 0.0000
91       91   (0)      2  : 0.0000 0.0000 0.0000 0.0000 0.0000 0.0000 0.6508 0.0000 0.0000 0.0000 0.2140 0.0000 0.1352 0.0000 0.0000
92       92   (0)      2  : 0.0000 0.2384 0.0000 0.0000 0.0000 0.0000 0.0000 0.0000 0.1007 0.1882 0.0000 0.0000 0.2616 0.2112 0.0000
93       93   (0)      2  : 0.4788 0.0000 0.0000 0.5212 0.0000 0.0000 0.0000 0.0000 0.0000 0.0000 0.0000 0.0000 0.0000 0.0000 0.0000
94       94   (0)      2  : 0.3410 0.0000 0.0003 0.5944 0.0000 0.0000 0.0000 0.0000 0.0295 0.0000 0.0348 0.0000 0.0000 0.0000 0.0000
95       95   (0)      2  : 0.0000 0.0000 1.0000 0.0000 0.0000 0.0000 0.0000 0.0000 0.0000 0.0000 0.0000 0.0000 0.0000 0.0000 0.0000
96       96   (0)      2  : 0.4320 0.0000 0.0000 0.5199 0.0000 0.0000 0.0000 0.0000 0.0000 0.0000 0.0000 0.0000 0.0481 0.0000 0.0000
97       97   (0)      2  : 0.5308 0.0000 0.0000 0.4286 0.0000 0.0000 0.0104 0.0000 0.0000 0.0000 0.0155 0.0000 0.0000 0.0000 0.0147
98       98   (0)      2  : 0.0000 0.0000 0.0000 0.0000 0.0000 0.0000 0.0000 0.0000 0.0000 0.0000 0.0000 0.0000 0.5000 0.5000 0.0000
99       99   (0)      2  : 0.0000 0.0000 1.0000 0.0000 0.0000 0.0000 0.0000 0.0000 0.0000 0.0000 0.0000 0.0000 0.0000 0.0000 0.0000
100      100   (0)      2  : 0.0000 0.1083 0.0000 0.0000 0.0000 0.0000 0.0891 0.0000 0.0000 0.4125 0.0000 0.0000 0.2546 0.0951 0.0404
101      101   (0)      3  : 0.0000 0.5526 0.0000 0.0000 0.0000 0.0000 0.2348 0.0000 0.0347 0.0000 0.0000 0.0000 0.1779 0.0000 0.0000
102      102   (0)      3  : 0.0000 0.1186 0.0000 0.0000 0.0000 0.0000 0.0004 0.0000 0.0000 0.2309 0.4343 0.0000 0.0000 0.1318 0.0839
103      103   (0)      3  : 0.0000 0.3203 0.0000 0.0000 0.0000 0.0000 0.1442 0.0000 0.0893 0.0000 0.2315 0.0000 0.1452 0.0000 0.0695
104      104   (0)      3  : 0.0000 0.5000 0.0000 0.0000 0.0000 0.0000 0.0000 0.0000 0.0000 0.0000 0.0000 0.0000 0.3715 0.0000 0.1285
105      105   (0)      3  : 0.0121 0.4102 0.0000 0.0033 0.0000 0.0000 0.1235 0.0000 0.1409 0.1029 0.0000 0.0000 0.2071 0.0000 0.0000
106      106   (0)      3  : 0.0000 0.1649 0.0000 0.0000 0.0000 0.0000 0.0774 0.0000 0.0000 0.6905 0.0000 0.0000 0.0000 0.0000 0.0672
107      107   (0)      3  : 0.0000 0.0000 0.0000 0.0000 0.0000 0.0000 0.0000 0.0000 0.0000 0.7213 0.2787 0.0000 0.0000 0.0000 0.0000
108      108   (0)      3  : 0.0000 0.5000 0.0000 0.0000 0.0000 0.0000 0.1668 0.0000 0.0000 0.1259 0.0000 0.0000 0.0000 0.2073 0.0000
109      109   (0)      3  : 0.0000 0.0000 0.0000 0.0000 0.0000 0.0000 1.0000 0.0000 0.0000 0.0000 0.0000 0.0000 0.0000 0.0000 0.0000
110      110   (0)      3  : 0.0000 0.5000 0.0000 0.0000 0.0000 0.0000 0.0000 0.0000 0.0000 0.0000 0.0000 0.0000 0.0000 0.5000 0.0000
111      111   (0)      3  : 0.0000 0.0000 0.0000 0.0000 0.0000 0.0000 0.0000 0.0000 0.0000 0.8299 0.0000 0.0000 0.0000 0.0000 0.1701
112      112   (0)      3  : 0.0000 0.0000 0.0000 0.0000 0.0000 0.0000 0.0000 0.0000 0.0000 0.0000 0.5000 0.0000 0.0000 0.5000 0.0000
113      113   (0)      3  : 0.0000 0.0000 0.0000 0.0000 0.0000 0.0000 0.5000 0.0000 0.0000 0.0000 0.0000 0.0000 0.0000 0.0000 0.5000
114      114   (0)      3  : 0.0000 0.0424 0.0000 0.0000 0.0000 0.0000 0.8539 0.0000 0.0000 0.0000 0.0000 0.0000 0.0000 0.0000 0.1037
115      115   (0)      3  : 0.0000 0.0000 0.0000 0.0251 0.0000 0.0000 0.2206 0.0000 0.0000 0.0000 0.5339 0.0000 0.0000 0.0000 0.2204
116      116   (0)      3  : 0.0000 0.6134 0.0000 0.0000 0.0000 0.0000 0.0000 0.0000 0.0000 0.2549 0.0000 0.0000 0.1317 0.0000 0.0000
117      117   (0)      3  : 0.0000 0.0000 0.0000 0.0207 0.0000 0.0000 0.1888 0.0000 0.0000 0.6651 0.0000 0.0000 0.1253 0.0000 0.0000
118      118   (0)      3  : 0.0000 0.0000 0.0000 0.0000 0.0000 0.0000 0.5000 0.0000 0.3811 0.0000 0.0000 0.0000 0.0014 0.0000 0.1175
119      119   (0)      3  : 0.0000 0.1407 0.0000 0.0108 0.0000 0.0000 0.0000 0.0000 0.0000 0.5000 0.0000 0.0000 0.1020 0.2340 0.0124
120      120   (0)      3  : 0.0216 0.4184 0.0747 0.0021 0.0000 0.0000 0.0004 0.0000 0.0000 0.2390 0.0018 0.0000 0.0003 0.2385 0.0031
121      121   (0)      3  : 0.0000 0.3157 0.0000 0.0000 0.0000 0.0000 0.0442 0.0000 0.2125 0.2007 0.0000 0.0000 0.0000 0.1242 0.1027
122      122   (0)      3  : 0.0000 0.0000 0.0000 0.0000 0.0000 0.0000 0.0000 0.0000 0.0000 0.0000 0.0000 0.0000 0.0000 1.0000 0.0000
123      123   (0)      3  : 0.0000 0.0000 0.0000 0.0000 0.0000 0.0000 0.0000 0.0000 0.0000 0.2343 0.0000 0.0000 0.0000 0.7657 0.0000
124      124   (0)      3  : 0.0000 0.0000 0.0000 0.0000 0.0000 0.0000 0.1567 0.0000 0.2686 0.1883 0.0000 0.0000 0.1550 0.2314 0.0000
125      125   (0)      3  : 0.0000 0.1562 0.0080 0.0000 0.0000 0.0000 0.2190 0.0000 0.0000 0.1547 0.1172 0.0000 0.0000 0.2282 0.1166
126      126   (0)      3  : 0.0000 0.1337 0.0000 0.0041 0.0000 0.0000 0.0000 0.0000 0.7775 0.0000 0.0000 0.0000 0.0000 0.0000 0.0847
127      127   (0)      3  : 0.0176 0.0000 0.0000 0.0000 0.0000 0.0000 0.2119 0.0000 0.0000 0.0002 0.0000 0.0000 0.7624 0.0000 0.0079
128      128   (0)      3  : 0.0000 0.0000 0.0000 0.0000 0.0000 0.0000 0.3894 0.0000 0.3331 0.0000 0.0000 0.0000 0.0000 0.1106 0.1669
129      129   (0)      3  : 0.0000 0.4571 0.0000 0.0410 0.0000 0.0000 0.1153 0.0000 0.0000 0.0000 0.0000 0.0000 0.3398 0.0000 0.0468
130      130   (0)      3  : 0.2913 0.0000 0.0000 0.6577 0.0000 0.0000 0.0000 0.0000 0.0196 0.0005 0.0000 0.0000 0.0000 0.0308 0.0000
131      131   (0)      3  : 0.2835 0.0000 0.0000 0.6278 0.0000 0.0000 0.0001 0.0000 0.0000 0.0887 0.0000 0.0000 0.0000 0.0000 0.0000
132      132   (0)      3  : 0.0000 0.0000 1.0000 0.0000 0.0000 0.0000 0.0000 0.0000 0.0000 0.0000 0.0000 0.0000 0.0000 0.0000 0.0000
133      133   (0)      3  : 0.0000 0.0000 0.0000 0.0000 0.8445 0.0000 0.0000 0.0000 0.0000 0.0000 0.0000 0.1555 0.0000 0.0000 0.0000
134      134   (0)      3  : 0.0368 0.0350 0.0000 0.7779 0.0000 0.0000 0.1098 0.0000 0.0000 0.0000 0.0042 0.0000 0.0089 0.0000 0.0273
135      135   (0)      3  : 0.0000 0.0000 0.0000 0.0000 0.0000 0.0000 0.0000 0.0000 0.0000 0.0000 1.0000 0.0000 0.0000 0.0000 0.0000
136      136   (0)      3  : 0.0000 0.7989 0.0000 0.0000 0.0000 0.0000 0.0000 0.0000 0.0000 0.0000 0.2011 0.0000 0.0000 0.0000 0.0000
137      137   (0)      3  : 0.6412 0.0000 0.0000 0.3491 0.0000 0.0000 0.0000 0.0000 0.0000 0.0086 0.0000 0.0000 0.0000 0.0011 0.0001
138      138   (0)      3  : 0.0010 0.1038 0.0000 0.0000 0.0000 0.0000 0.1427 0.0000 0.3479 0.0830 0.1069 0.0000 0.1791 0.0001 0.0356
139      139   (0)      3  : 0.0000 0.0000 0.0000 0.0000 0.0000 0.0000 0.2790 0.0000 0.5000 0.0002 0.2208 0.0000 0.0000 0.0000 0.0000
140      140   (0)      3  : 0.0000 0.0000 0.0000 0.0000 0.0000 0.0000 0.0000 0.0000 0.0000 1.0000 0.0000 0.0000 0.0000 0.0000 0.0000
141      141   (0)      3  : 0.0000 0.0000 1.0000 0.0000 0.0000 0.0000 0.0000 0.0000 0.0000 0.0000 0.0000 0.0000 0.0000 0.0000 0.0000
142      142   (0)      3  : 0.0000 0.0000 1.0000 0.0000 0.0000 0.0000 0.0000 0.0000 0.0000 0.0000 0.0000 0.0000 0.0000 0.0000 0.0000
143      143   (0)      3  : 0.0000 0.0000 1.0000 0.0000 0.0000 0.0000 0.0000 0.0000 0.0000 0.0000 0.0000 0.0000 0.0000 0.0000 0.0000
144      144   (0)      3  : 0.0000 0.0000 1.0000 0.0000 0.0000 0.0000 0.0000 0.0000 0.0000 0.0000 0.0000 0.0000 0.0000 0.0000 0.0000
145      145   (0)      3  : 0.0000 0.0000 1.0000 0.0000 0.0000 0.0000 0.0000 0.0000 0.0000 0.0000 0.0000 0.0000 0.0000 0.0000 0.0000
146      146   (0)      3  : 0.1424 0.0000 0.0000 0.7802 0.0000 0.0000 0.0000 0.0000 0.0000 0.0292 0.0000 0.0000 0.0000 0.0483 0.0000
147      147   (0)      3  : 0.0000 0.5000 0.0000 0.0000 0.0000 0.0000 0.0000 0.0000 0.0000 0.0000 0.0000 0.0000 0.0000 0.5000 0.0000
148      148   (0)      3  : 0.0000 0.0000 1.0000 0.0000 0.0000 0.0000 0.0000 0.0000 0.0000 0.0000 0.0000 0.0000 0.0000 0.0000 0.0000
149      149   (0)      3  : 0.0000 0.0000 1.0000 0.0000 0.0000 0.0000 0.0000 0.0000 0.0000 0.0000 0.0000 0.0000 0.0000 0.0000 0.0000
150      150   (0)      3  : 0.0000 0.0000 0.0011 0.0000 0.8598 0.0712 0.0000 0.0000 0.0000 0.0000 0.0000 0.0678 0.0000 0.0000 0.0000
151      151   (0)      3  : 0.0000 0.0000 0.0000 0.0000 0.8616 0.0000 0.0000 0.0000 0.0000 0.0000 0.0000 0.1384 0.0000 0.0000 0.0000
152      152   (0)      3  : 0.0000 0.0000 0.0000 0.0000 0.0000 0.0000 0.2750 0.0000 0.5005 0.0000 0.0000 0.0000 0.2245 0.0000 0.0000
153      153   (0)      3  : 0.0000 0.0000 1.0000 0.0000 0.0000 0.0000 0.0000 0.0000 0.0000 0.0000 0.0000 0.0000 0.0000 0.0000 0.0000
154      154   (0)      3  : 0.0000 0.0000 0.0000 0.0000 0.0000 0.0000 0.7472 0.0000 0.0003 0.0000 0.0000 0.0000 0.0000 0.2526 0.0000
155      155   (0)      3  : 0.0000 0.0000 0.0000 0.0000 0.0000 0.0000 0.1603 0.0000 0.0000 0.7187 0.0000 0.0000 0.1210 0.0000 0.0000
156      156   (0)      3  : 0.0140 0.0011 0.0000 0.8827 0.0000 0.0000 0.0000 0.0000 0.0000 0.0078 0.0000 0.0000 0.0381 0.0494 0.0069
157      157   (0)      3  : 0.0000 0.0000 0.0000 0.0000 0.0000 0.0000 0.2749 0.0000 0.7251 0.0000 0.0000 0.0000 0.0000 0.0000 0.0000
158      158   (0)      3  : 0.3565 0.0076 0.0000 0.6359 0.0000 0.0000 0.0000 0.0000 0.0000 0.0000 0.0000 0.0000 0.0000 0.0000 0.0000
159      159   (0)      3  : 0.0000 0.0001 0.0000 0.0000 0.0000 0.0000 0.0000 0.0000 0.1510 0.0000 0.5000 0.0000 0.1970 0.0000 0.1519
160      160   (0)      3  : 0.0957 0.0066 0.0000 0.8588 0.0000 0.0000 0.0206 0.0000 0.0000 0.0000 0.0000 0.0000 0.0000 0.0000 0.0183
161      161   (0)      4  : 0.0000 0.0000 0.0000 0.0000 0.0000 0.0000 0.0000 0.0000 0.7233 0.0000 0.0000 0.0000 0.2767 0.0000 0.0000
162      162   (0)      4  : 0.0000 0.2732 0.0000 0.0000 0.0000 0.0000 0.2268 0.0000 0.0000 0.5000 0.0000 0.0000 0.0000 0.0000 0.0000
163      163   (0)      4  : 0.0000 0.0000 1.0000 0.0000 0.0000 0.0000 0.0000 0.0000 0.0000 0.0000 0.0000 0.0000 0.0000 0.0000 0.0000
164      164   (0)      4  : 0.2564 0.0000 0.0000 0.7261 0.0000 0.0000 0.0000 0.0000 0.0000 0.0000 0.0015 0.0000 0.0000 0.0000 0.0160
165      165   (0)      4  : 0.0000 0.0000 1.0000 0.0000 0.0000 0.0000 0.0000 0.0000 0.0000 0.0000 0.0000 0.0000 0.0000 0.0000 0.0000
166      166   (0)      4  : 0.0000 0.0000 1.0000 0.0000 0.0000 0.0000 0.0000 0.0000 0.0000 0.0000 0.0000 0.0000 0.0000 0.0000 0.0000
167      167   (0)      4  : 0.0000 0.0000 0.0000 0.0000 0.0000 0.0000 0.5000 0.0000 0.4188 0.0000 0.0000 0.0000 0.0000 0.0000 0.0812
168      168   (0)      4  : 0.0000 0.6751 0.0000 0.0000 0.0000 0.0000 0.2163 0.0000 0.0000 0.0000 0.0000 0.0000 0.0000 0.0000 0.1086
169      169   (0)      4  : 0.0000 0.5000 0.0000 0.0000 0.0000 0.0000 0.0000 0.0000 0.0000 0.0000 0.5000 0.0000 0.0000 0.0000 0.0000
170      170   (0)      4  : 0.0000 0.0000 0.0000 0.0000 0.0000 0.0000 0.0000 0.0000 0.1730 0.3270 0.0000 0.0000 0.3774 0.0000 0.1226
171      171   (0)      4  : 0.0000 0.1896 0.0000 0.0000 0.0000 0.0000 0.0000 0.0000 0.0000 0.5000 0.0000 0.0000 0.0000 0.3104 0.0000
172      172   (0)      4  : 0.0000 0.2918 0.0000 0.0000 0.0000 0.0000 0.0000 0.0000 0.0000 0.0000 0.2082 0.0000 0.5000 0.0000 0.0000
173      173   (0)      4  : 0.0000 0.0778 0.0000 0.0000 0.0000 0.0000 0.0347 0.0000 0.0019 0.2207 0.0000 0.0000 0.0050 0.6600 0.0000
174      174   (0)      4  : 0.0000 0.0000 0.0000 0.9441 0.0000 0.0000 0.0244 0.0000 0.0000 0.0038 0.0233 0.0000 0.0000 0.0000 0.0044
175      175   (0)      4  : 0.0000 0.5770 0.0000 0.0000 0.0000 0.0000 0.0000 0.0000 0.0000 0.2318 0.1912 0.0000 0.0000 0.0000 0.0000
176      176   (0)      4  : 0.0000 0.0000 1.0000 0.0000 0.0000 0.0000 0.0000 0.0000 0.0000 0.0000 0.0000 0.0000 0.0000 0.0000 0.0000
177      177   (0)      4  : 0.0000 0.5000 0.0000 0.0000 0.0000 0.0000 0.0000 0.0000 0.0000 0.0000 0.0000 0.0000 0.5000 0.0000 0.0000
178      178   (0)      4  : 0.0000 0.0000 1.0000 0.0000 0.0000 0.0000 0.0000 0.0000 0.0000 0.0000 0.0000 0.0000 0.0000 0.0000 0.0000
179      179   (0)      4  : 0.0000 0.0000 1.0000 0.0000 0.0000 0.0000 0.0000 0.0000 0.0000 0.0000 0.0000 0.0000 0.0000 0.0000 0.0000
180      180   (0)      4  : 0.0000 0.2713 0.0104 0.0000 0.0000 0.0000 0.3075 0.0000 0.1084 0.0000 0.1664 0.0000 0.0176 0.0736 0.0448
181      181   (0)      4  : 0.0000 0.0000 0.0000 0.0000 0.0000 0.0000 0.2637 0.0000 0.0000 0.1558 0.0000 0.0000 0.5806 0.0000 0.0000
182      182   (0)      4  : 0.0000 0.0000 0.0000 0.0000 0.0000 0.0000 0.0000 0.0000 0.1439 0.6143 0.0000 0.0000 0.0450 0.1104 0.0864
183      183   (0)      4  : 0.1303 0.0000 0.0000 0.8439 0.0000 0.0000 0.0150 0.0000 0.0000 0.0000 0.0107 0.0000 0.0000 0.0000 0.0000
184      184   (0)      4  : 0.2107 0.0000 0.0000 0.7427 0.0000 0.0000 0.0008 0.0000 0.0000 0.0090 0.0000 0.0000 0.0027 0.0000 0.0340
185      185   (0)      4  : 0.0000 0.0000 1.0000 0.0000 0.0000 0.0000 0.0000 0.0000 0.0000 0.0000 0.0000 0.0000 0.0000 0.0000 0.0000
186      186   (0)      4  : 0.0000 0.0000 0.0000 0.0000 0.0000 0.0000 0.2627 0.0000 0.5000 0.0000 0.0000 0.0000 0.0000 0.2373 0.0000
187      187   (0)      4  : 0.0167 0.0000 0.0000 0.0000 0.0000 0.0000 0.0064 0.0000 0.6975 0.0001 0.0000 0.0000 0.0582 0.1939 0.0272
188      188   (0)      4  : 0.0000 0.0000 1.0000 0.0000 0.0000 0.0000 0.0000 0.0000 0.0000 0.0000 0.0000 0.0000 0.0000 0.0000 0.0000
189      189   (0)      4  : 0.0000 0.0000 0.0000 0.0000 0.0000 0.0000 0.5000 0.0000 0.0000 0.0000 0.0000 0.0000 0.0000 0.0000 0.5000
190      190   (0)      4  : 0.2603 0.0000 0.0000 0.7212 0.0000 0.0000 0.0000 0.0000 0.0000 0.0114 0.0000 0.0000 0.0071 0.0000 0.0000
191      191   (0)      4  : 0.0000 0.0000 0.1100 0.0000 0.0000 0.0000 0.0000 0.0000 0.4606 0.4295 0.0000 0.0000 0.0000 0.0000 0.0000
192      192   (0)      4  : 0.0000 0.1438 0.0000 0.0000 0.0000 0.0000 0.1733 0.0000 0.0000 0.0000 0.5000 0.0000 0.0000 0.1828 0.0000
193      193   (0)      4  : 0.0060 0.2850 0.0000 0.0000 0.0000 0.0000 0.2590 0.0000 0.0000 0.1683 0.1632 0.0000 0.0000 0.1184 0.0001
194      194   (0)      4  : 0.0000 0.0000 0.0000 0.0000 0.0000 0.0000 0.0000 0.0000 0.0000 0.0000 0.5000 0.0000 0.0000 0.5000 0.0000
195      195   (0)      4  : 0.0000 0.0000 0.0000 0.0000 0.0000 0.0000 0.0000 0.0000 0.0000 0.7797 0.0000 0.0000 0.0000 0.2203 0.0000
196      196   (0)      4  : 0.0000 0.1375 0.0000 0.0000 0.0000 0.0000 0.0000 0.0000 0.0000 0.0000 0.0000 0.0000 0.0000 0.8625 0.0000
197      197   (0)      4  : 0.0000 0.0000 0.0000 0.0000 0.0000 0.0000 0.0000 0.0000 0.0000 0.5000 0.0000 0.0000 0.0000 0.5000 0.0000
198      198   (0)      4  : 0.0000 0.0750 0.0000 0.0000 0.0000 0.0000 0.1243 0.0000 0.0000 0.0000 0.6829 0.0000 0.1177 0.0000 0.0000
199      199   (0)      4  : 0.0000 0.0000 0.0000 0.0000 0.0000 0.0000 0.0000 0.0000 0.7208 0.0000 0.0000 0.0000 0.2792 0.0000 0.0000
200      200   (0)      4  : 0.0000 0.0000 0.0000 0.9278 0.0000 0.0000 0.0352 0.0000 0.0000 0.0000 0.0000 0.0000 0.0370 0.0000 0.0000
201      201   (0)      4  : 0.0000 0.0000 0.0000 0.0000 0.0000 0.0000 0.5000 0.0000 0.0000 0.0000 0.5000 0.0000 0.0000 0.0000 0.0000
202      202   (0)      4  : 0.0000 0.5000 0.0000 0.0000 0.0000 0.0000 0.3072 0.0000 0.0000 0.0000 0.0000 0.0000 0.1928 0.0000 0.0000
203      203   (0)      4  : 0.0024 0.0000 0.0000 0.0000 0.0000 0.0000 0.1007 0.0000 0.0000 0.5847 0.1036 0.0000 0.0000 0.1588 0.0499
204      204   (0)      4  : 0.0000 0.2493 0.0000 0.0000 0.0000 0.0000 0.0000 0.0000 0.0000 0.2854 0.0000 0.0000 0.2507 0.2146 0.0000
205      205   (0)      4  : 0.0000 0.6217 0.0000 0.0000 0.0000 0.0000 0.0000 0.0000 0.0000 0.1258 0.0000 0.0000 0.2524 0.0000 0.0000
206      206   (0)      4  : 0.0000 0.0000 0.0000 0.0000 0.0000 0.0000 0.1948 0.0000 0.0000 0.0000 0.7377 0.0000 0.0676 0.0000 0.0000
207      207   (0)      4  : 0.0000 0.0000 0.0000 0.0000 0.0000 0.0000 0.2447 0.0000 0.0000 0.1338 0.0000 0.0000 0.4611 0.0000 0.1605
208      208   (0)      4  : 0.0000 0.0000 0.0000 0.8996 0.0000 0.0000 0.0007 0.0000 0.0000 0.0000 0.0520 0.0000 0.0477 0.0000 0.0000
209      209   (0)      4  : 0.0000 0.0000 0.0000 0.0000 0.0000 0.0000 0.0000 0.0000 1.0000 0.0000 0.0000 0.0000 0.0000 0.0000 0.0000
210      210   (0)      4  : 0.0000 0.1644 0.0000 0.0000 0.0000 0.0000 0.1304 0.0000 0.7052 0.0000 0.0000 0.0000 0.0000 0.0000 0.0000
211      211   (0)      4  : 0.0025 0.2240 0.0000 0.0000 0.0000 0.0000 0.0928 0.0000 0.5000 0.1208 0.0598 0.0000 0.0000 0.0000 0.0000
212      212   (0)      4  : 0.3454 0.0000 0.0000 0.6129 0.0000 0.0000 0.0180 0.0000 0.0237 0.0000 0.0000 0.0000 0.0000 0.0000 0.0000
213      213   (0)      4  : 0.0000 0.0019 0.0000 0.0000 0.0000 0.0000 0.0673 0.0000 0.0000 0.2013 0.7293 0.0000 0.0000 0.0002 0.0000
214      214   (0)      4  : 0.0000 0.0000 0.0000 0.0000 0.0000 0.0000 0.5491 0.0000 0.3943 0.0000 0.0000 0.0000 0.0000 0.0000 0.0566
215      215   (0)      4  : 0.0000 0.0000 0.0000 0.4663 0.0000 0.0000 0.2717 0.0000 0.0016 0.0000 0.2604 0.0000 0.0000 0.0000 0.0000
216      216   (0)      4  : 0.0000 0.0000 0.0000 0.0000 0.0000 0.0000 0.5000 0.0000 0.0000 0.0000 0.0000 0.0000 0.5000 0.0000 0.0000
217      217   (0)      4  : 0.0000 0.0000 1.0000 0.0000 0.0000 0.0000 0.0000 0.0000 0.0000 0.0000 0.0000 0.0000 0.0000 0.0000 0.0000
218      218   (0)      4  : 0.0000 0.0000 0.0000 0.0000 0.0000 0.0000 0.0000 0.0000 0.0000 0.0000 0.0000 0.0000 1.0000 0.0000 0.0000
219      219   (0)      4  : 0.0097 0.2978 0.0000 0.0000 0.0000 0.0000 0.3206 0.0000 0.0000 0.1698 0.0000 0.0000 0.0000 0.0000 0.2022
220      220   (0)      5  : 0.0000 0.0000 0.0000 0.0000 0.0054 0.1173 0.0000 0.0000 0.0000 0.0000 0.0000 0.8773 0.0000 0.0000 0.0000
221      221   (0)      5  : 0.0000 0.0000 0.0000 0.0000 0.0000 0.4999 0.0000 0.1473 0.0000 0.0000 0.0000 0.3528 0.0000 0.0000 0.0000
222      222   (0)      6  : 0.0000 0.0000 0.0000 0.0000 0.0000 0.3779 0.0000 0.3908 0.0000 0.0000 0.0000 0.2313 0.0000 0.0000 0.0000
223      223   (0)      6  : 0.0000 0.0000 0.0000 0.0000 0.0000 0.5633 0.0000 0.2954 0.0000 0.0000 0.0000 0.1413 0.0000 0.0000 0.0000
224      224   (0)      6  : 0.0000 0.0000 0.0000 0.0000 0.0017 0.0650 0.0000 0.5878 0.0000 0.0000 0.0000 0.3455 0.0000 0.0000 0.0000
225      225   (0)      6  : 0.0000 0.0000 0.0000 0.0000 0.0020 0.0000 0.0000 0.0000 0.0000 0.0000 0.0000 0.9980 0.0000 0.0000 0.0000
226      226   (0)      6  : 0.0000 0.0000 0.0000 0.0000 0.0228 0.0000 0.0000 0.5333 0.0000 0.0000 0.0000 0.4439 0.0000 0.0000 0.0000
227      227   (0)      6  : 0.0000 0.0000 0.0000 0.0000 0.0000 0.3071 0.0000 0.3320 0.0000 0.0000 0.0000 0.3609 0.0000 0.0000 0.0000
228      228   (0)      6  : 0.0000 0.0000 0.0000 0.0000 0.0378 0.1234 0.0000 0.0000 0.0000 0.0000 0.0000 0.8389 0.0000 0.0000 0.0000
229      229   (0)      6  : 0.0000 0.0000 0.0000 0.0000 0.0000 0.6418 0.0000 0.0000 0.0000 0.0000 0.0000 0.3582 0.0000 0.0000 0.0000
230      230   (0)      6  : 0.0000 0.0000 0.0000 0.0000 0.0000 0.1413 0.0000 0.5130 0.0000 0.0000 0.0000 0.3457 0.0000 0.0000 0.0000
231      231   (0)      6  : 0.0000 0.0000 0.0000 0.0000 0.0261 0.6289 0.0000 0.0482 0.0000 0.0000 0.0000 0.2968 0.0000 0.0000 0.0000
232      232   (0)      6  : 0.0000 0.0000 0.0000 0.0000 0.0112 0.2252 0.0000 0.4667 0.0000 0.0000 0.0000 0.2968 0.0000 0.0000 0.0000
233      233   (0)      6  : 0.0000 0.0000 0.0000 0.0000 0.0155 0.2310 0.0000 0.3559 0.0000 0.0000 0.0000 0.3976 0.0000 0.0000 0.0000
234      234   (0)      6  : 0.0000 0.0000 0.0000 0.0000 0.0000 0.0385 0.0000 0.7854 0.0000 0.0000 0.0000 0.1761 0.0000 0.0000 0.0000
235      235   (0)      6  : 0.0000 0.0000 0.0089 0.0000 0.0209 0.1839 0.0000 0.4644 0.0000 0.0000 0.0000 0.3219 0.0000 0.0000 0.0000
236      236   (0)      6  : 0.0000 0.0000 0.0000 0.0000 0.0000 0.3320 0.0000 0.0000 0.0000 0.0000 0.0000 0.6680 0.0000 0.0000 0.0000
237      237   (0)      6  : 0.0000 0.0000 0.0000 0.0000 0.0000 0.5550 0.0000 0.1558 0.0000 0.0000 0.0000 0.2892 0.0000 0.0000 0.0000
238      238   (0)      6  : 0.0000 0.0000 0.0022 0.0000 0.0000 0.5030 0.0000 0.2234 0.0000 0.0000 0.0000 0.2714 0.0000 0.0000 0.0000
239      239   (0)      6  : 0.0000 0.0000 0.0000 0.0000 0.0000 0.5000 0.0000 0.0000 0.0000 0.0000 0.0000 0.5000 0.0000 0.0000 0.0000
240      240   (0)      6  : 0.0000 0.0000 0.0000 0.0000 0.0096 0.0000 0.0000 0.6860 0.0000 0.0000 0.0000 0.3043 0.0000 0.0000 0.0000
241      241   (0)      6  : 0.0000 0.0000 0.0000 0.0000 0.0000 0.2203 0.0000 0.3872 0.0000 0.0000 0.0000 0.3925 0.0000 0.0000 0.0000
242      242   (0)      6  : 0.0000 0.0000 0.0000 0.0000 0.0000 0.1617 0.0000 0.1427 0.0000 0.0000 0.0000 0.6957 0.0000 0.0000 0.0000
243      243   (0)      6  : 0.0000 0.0000 0.0000 0.0000 0.0591 0.0000 0.0000 0.1845 0.0000 0.0000 0.0000 0.7565 0.0000 0.0000 0.0000
244      244   (0)      6  : 0.0000 0.0000 0.0000 0.0000 0.0000 0.0000 0.0000 0.0178 0.0000 0.0000 0.0000 0.9822 0.0000 0.0000 0.0000
245      245   (0)      6  : 0.0000 0.0000 0.0000 0.0000 0.0000 0.3019 0.0000 0.4773 0.0000 0.0000 0.0000 0.2208 0.0000 0.0000 0.0000
246      246   (0)      6  : 0.0000 0.0000 0.0000 0.0000 0.0000 0.2108 0.0000 0.7892 0.0000 0.0000 0.0000 0.0000 0.0000 0.0000 0.0000
247      247   (0)      6  : 0.0000 0.0000 0.0000 0.0000 0.0000 0.3182 0.0000 0.3504 0.0000 0.0000 0.0000 0.3313 0.0000 0.0000 0.0000
248      248   (0)      6  : 0.0000 0.0000 0.0000 0.0000 0.0000 0.3092 0.0000 0.6908 0.0000 0.0000 0.0000 0.0000 0.0000 0.0000 0.0000
249      249   (0)      7  : 0.0000 0.0000 0.0000 0.0000 0.0000 0.5000 0.0000 0.3614 0.0000 0.0000 0.0000 0.1386 0.0000 0.0000 0.0000
250      250   (0)      7  : 0.0000 0.0000 0.0000 0.0000 0.0000 0.0000 0.0000 0.6062 0.0000 0.0000 0.0000 0.3938 0.0000 0.0000 0.0000
251      251   (0)      7  : 0.0000 0.0000 0.0000 0.0000 0.0000 0.4026 0.0000 0.0000 0.0000 0.0000 0.0000 0.5974 0.0000 0.0000 0.0000
252      252   (0)      7  : 0.0000 0.0000 0.0000 0.0000 0.0000 0.4914 0.0000 0.5065 0.0000 0.0000 0.0000 0.0021 0.0000 0.0000 0.0000
253      253   (0)      7  : 0.0000 0.0000 0.0000 0.0000 0.0000 0.1772 0.0000 0.2771 0.0000 0.0000 0.0000 0.5457 0.0000 0.0000 0.0000
254      254   (0)      7  : 0.0000 0.0000 0.0000 0.0000 0.0129 0.4921 0.0000 0.3061 0.0000 0.0000 0.0000 0.1889 0.0000 0.0000 0.0000
255      255   (0)      7  : 0.0000 0.0000 0.0000 0.0000 0.0000 0.2795 0.0000 0.2974 0.0000 0.0000 0.0000 0.4231 0.0000 0.0000 0.0000
256      256   (0)      7  : 0.0000 0.0000 0.0000 0.0000 0.0000 0.3047 0.0000 0.3251 0.0000 0.0000 0.0000 0.3702 0.0000 0.0000 0.0000
257      257   (0)      7  : 0.0000 0.0000 0.0000 0.0000 0.0000 0.3869 0.0000 0.0000 0.0000 0.0000 0.0000 0.6131 0.0000 0.0000 0.0000
258      258   (0)      7  : 0.0000 0.0000 0.0000 0.0000 0.0000 0.0010 0.0000 0.0000 0.0000 0.0000 0.0000 0.9990 0.0000 0.0000 0.0000
259      259   (0)      7  : 0.0000 0.0000 0.0000 0.0000 0.0000 0.1068 0.0000 0.1292 0.0000 0.0000 0.0000 0.7639 0.0000 0.0000 0.0000
260      260   (0)      7  : 0.0000 0.0000 0.0000 0.0000 0.0000 0.6571 0.0000 0.1355 0.0000 0.0000 0.0000 0.2074 0.0000 0.0000 0.0000
261      261   (0)      7  : 0.0000 0.0000 0.0000 0.0000 0.0000 0.0000 0.0000 0.9946 0.0000 0.0000 0.0000 0.0054 0.0000 0.0000 0.0000
262      262   (0)      7  : 0.0000 0.0000 0.0000 0.0000 0.0000 0.3622 0.0000 0.2108 0.0000 0.0000 0.0000 0.4270 0.0000 0.0000 0.0000
263      263   (0)      7  : 0.0000 0.0000 0.0000 0.0000 0.0131 0.3696 0.0000 0.4893 0.0000 0.0000 0.0000 0.1281 0.0000 0.0000 0.0000
264      264   (0)      7  : 0.0000 0.0000 0.0000 0.0000 0.0000 0.1843 0.0000 0.8157 0.0000 0.0000 0.0000 0.0000 0.0000 0.0000 0.0000
265      265   (0)      7  : 0.0000 0.0000 0.0000 0.0000 0.0000 0.4023 0.0000 0.0000 0.0000 0.0000 0.0000 0.5977 0.0000 0.0000 0.0000
266      266   (0)      7  : 0.0000 0.0000 0.0000 0.0000 0.0281 0.1467 0.0000 0.8178 0.0000 0.0000 0.0000 0.0074 0.0000 0.0000 0.0000
267      267   (0)      7  : 0.0000 0.0000 0.0000 0.0000 0.0107 0.9893 0.0000 0.0000 0.0000 0.0000 0.0000 0.0000 0.0000 0.0000 0.0000
268      268   (0)      7  : 0.0000 0.0000 0.0000 0.0000 0.0000 0.2022 0.0000 0.6696 0.0000 0.0000 0.0000 0.1282 0.0000 0.0000 0.0000
269      269   (0)      7  : 0.0000 0.0000 0.0000 0.0000 0.0121 0.4572 0.0000 0.1871 0.0000 0.0000 0.0000 0.3436 0.0000 0.0000 0.0000
270      270   (0)      7  : 0.0000 0.0000 0.0000 0.0000 0.0000 0.0000 0.0000 1.0000 0.0000 0.0000 0.0000 0.0000 0.0000 0.0000 0.0000
271      271   (0)      7  : 0.0000 0.0000 0.0000 0.0000 0.0000 0.1078 0.0000 0.1030 0.0000 0.0000 0.0000 0.7893 0.0000 0.0000 0.0000
272      272   (0)      7  : 0.0000 0.0000 0.0000 0.0000 0.0000 0.5104 0.0000 0.3934 0.0000 0.0000 0.0000 0.0962 0.0000 0.0000 0.0000
273      273   (0)      7  : 0.0000 0.0000 0.0000 0.0000 0.0000 0.6680 0.0000 0.0000 0.0000 0.0000 0.0000 0.3320 0.0000 0.0000 0.0000
274      274   (0)      7  : 0.0000 0.0000 0.0000 0.0000 0.0190 0.5073 0.0000 0.0000 0.0000 0.0000 0.0000 0.4737 0.0000 0.0000 0.0000
275      275   (0)      7  : 0.0000 0.0000 0.0035 0.0000 0.0000 0.5280 0.0000 0.3048 0.0072 0.0000 0.0000 0.1565 0.0000 0.0000 0.0000
276      276   (0)      7  : 0.0000 0.0000 0.0000 0.0000 0.0000 0.0000 0.0000 1.0000 0.0000 0.0000 0.0000 0.0000 0.0000 0.0000 0.0000
277      277   (0)      7  : 0.0000 0.0000 0.0000 0.0000 0.0000 0.0000 0.0000 1.0000 0.0000 0.0000 0.0000 0.0000 0.0000 0.0000 0.0000
278      278   (0)      7  : 0.0000 0.0000 0.0000 0.0000 0.0000 0.0000 0.0000 1.0000 0.0000 0.0000 0.0000 0.0000 0.0000 0.0000 0.0000
279      279   (0)      8  : 0.0000 0.0000 0.0000 0.0000 0.0000 0.4262 0.0000 0.0000 0.0000 0.0000 0.0000 0.5738 0.0000 0.0000 0.0000
280      280   (0)      8  : 0.0000 0.0000 0.0000 0.0000 0.0000 0.5014 0.0000 0.2062 0.0000 0.0000 0.0000 0.2924 0.0000 0.0000 0.0000
281      281   (0)      8  : 0.0000 0.0000 0.0000 0.0000 0.0000 0.6125 0.0000 0.1529 0.0000 0.0000 0.0000 0.2346 0.0000 0.0000 0.0000
282      282   (0)      8  : 0.0000 0.0000 0.0000 0.0000 0.0000 0.3141 0.0000 0.1476 0.0000 0.0000 0.0000 0.5384 0.0000 0.0000 0.0000
283      283   (0)      8  : 0.0000 0.0000 0.0050 0.0000 0.0093 0.1454 0.0000 0.1334 0.0000 0.0000 0.0000 0.7069 0.0000 0.0000 0.0000
284      284   (0)      8  : 0.0000 0.0000 0.0000 0.0000 0.0000 0.0000 0.0000 1.0000 0.0000 0.0000 0.0000 0.0000 0.0000 0.0000 0.0000
285      285   (0)      8  : 0.0000 0.0000 0.0000 0.0000 0.0000 0.3666 0.0000 0.5692 0.0000 0.0000 0.0000 0.0641 0.0000 0.0000 0.0000
286      286   (0)      8  : 0.0000 0.0000 0.0000 0.0000 0.0000 0.2366 0.0000 0.1628 0.0000 0.0000 0.0000 0.6006 0.0000 0.0000 0.0000
287      287   (0)      8  : 0.0000 0.0000 0.0000 0.0000 0.0000 0.5000 0.0000 0.3092 0.0000 0.0000 0.0000 0.1908 0.0000 0.0000 0.0000
288      288   (0)      8  : 0.0000 0.0000 0.0000 0.0000 0.0110 0.4989 0.0000 0.0000 0.0000 0.0000 0.0000 0.4901 0.0000 0.0000 0.0000
289      289   (0)      8  : 0.0000 0.0000 0.0067 0.0000 0.0031 0.7537 0.0000 0.0000 0.0000 0.0000 0.0000 0.2364 0.0000 0.0000 0.0000
290      290   (0)      5  : 0.0000 0.0000 0.0015 0.0000 0.0000 0.1907 0.0000 0.6416 0.0000 0.0000 0.0000 0.1661 0.0000 0.0000 0.0000
291      291   (0)      5  : 0.0000 0.0000 0.0000 0.0000 0.0000 0.6312 0.0000 0.0066 0.0000 0.0000 0.0000 0.3622 0.0000 0.0000 0.0000
292      292   (0)      5  : 0.0000 0.0000 0.0000 0.0000 0.0002 0.3451 0.0000 0.2228 0.0000 0.0000 0.0000 0.4319 0.0000 0.0000 0.0000
293      293   (0)      5  : 0.0000 0.0000 0.0000 0.0000 0.0000 0.6818 0.0000 0.1987 0.0000 0.0000 0.0000 0.1195 0.0000 0.0000 0.0000
294      294   (0)      5  : 0.0000 0.0000 0.0000 0.0000 0.0000 0.4882 0.0000 0.3375 0.0000 0.0000 0.0000 0.1743 0.0000 0.0000 0.0000
295      295   (0)      5  : 0.0000 0.0000 0.0000 0.0000 0.0000 0.4999 0.0000 0.1855 0.0000 0.0000 0.0000 0.3146 0.0000 0.0000 0.0000
296      296   (0)      5  : 0.0000 0.0000 0.0001 0.0000 0.0000 0.5000 0.0000 0.0000 0.0000 0.0000 0.0000 0.4999 0.0000 0.0000 0.0000
297      297   (0)      5  : 0.0000 0.0000 0.0101 0.0000 0.0210 0.5946 0.0000 0.0000 0.0000 0.0000 0.0000 0.3743 0.0000 0.0000 0.0000
298      298   (0)      5  : 0.0000 0.0000 0.0000 0.0000 0.0000 0.0012 0.0000 0.7357 0.0000 0.0000 0.0000 0.2631 0.0000 0.0000 0.0000
299      299   (0)      5  : 0.0000 0.0000 0.0000 0.0000 0.0000 0.1906 0.0000 0.0000 0.0000 0.0000 0.0000 0.8094 0.0000 0.0000 0.0000
300      300   (0)      5  : 0.0000 0.0000 0.0000 0.0000 0.0000 0.3609 0.0000 0.1391 0.0000 0.0000 0.0000 0.5000 0.0000 0.0000 0.0000
301      301   (0)      5  : 0.0000 0.0000 0.0000 0.0000 0.0000 0.0000 0.0000 0.0000 0.0000 0.0000 0.0000 1.0000 0.0000 0.0000 0.0000
302      302   (0)      5  : 0.0000 0.0000 0.0000 0.0000 0.0000 0.1664 0.0000 0.5990 0.0000 0.0000 0.0000 0.2346 0.0000 0.0000 0.0000
303      303   (0)      5  : 0.0000 0.0000 0.0000 0.0000 0.0000 0.5000 0.0000 0.3551 0.0000 0.0000 0.0000 0.1449 0.0000 0.0000 0.0000
304      304   (0)      5  : 0.0000 0.0000 0.0000 0.0000 0.0000 0.6205 0.0000 0.1051 0.0000 0.0000 0.0000 0.2744 0.0000 0.0000 0.0000
305      305   (0)      5  : 0.0000 0.0000 0.0040 0.0000 0.0011 0.7015 0.0000 0.1496 0.0000 0.0000 0.0000 0.1438 0.0000 0.0000 0.0000
306      306   (0)      5  : 0.0000 0.0000 0.0000 0.0000 0.0000 0.0000 0.0000 0.0000 0.0000 0.0000 0.0000 1.0000 0.0000 0.0000 0.0000
307      307   (0)      5  : 0.0000 0.0000 0.0000 0.0000 0.0405 0.1649 0.0000 0.1280 0.0000 0.0000 0.0000 0.6667 0.0000 0.0000 0.0000
308      308   (0)      5  : 0.0000 0.0000 0.0000 0.0000 0.0220 0.3395 0.0000 0.0000 0.0000 0.0000 0.0000 0.6385 0.0000 0.0000 0.0000
309      309   (0)      5  : 0.0000 0.0000 0.0000 0.0000 0.0073 0.5263 0.0000 0.3122 0.0000 0.0000 0.0000 0.1542 0.0000 0.0000 0.0000
310      310   (0)      5  : 0.0000 0.0000 0.0000 0.0000 0.0000 0.0000 0.0000 0.0000 0.0000 0.0000 0.0000 1.0000 0.0000 0.0000 0.0000
311      311   (0)      5  : 0.0000 0.0000 0.0000 0.0000 0.0114 0.2057 0.0000 0.2232 0.0000 0.0000 0.0000 0.5598 0.0000 0.0000 0.0000
312      312   (0)      5  : 0.0000 0.0000 0.0000 0.0000 0.0266 0.1576 0.0000 0.2687 0.0000 0.0000 0.0000 0.5471 0.0000 0.0000 0.0000
313      313   (0)      5  : 0.0000 0.0000 0.0000 0.0000 0.0000 0.4954 0.0000 0.0000 0.0000 0.0000 0.0000 0.5046 0.0000 0.0000 0.0000
314      314   (0)      5  : 0.0000 0.0000 0.0000 0.0000 0.0000 0.0000 0.0000 0.1249 0.0000 0.0000 0.0000 0.8751 0.0000 0.0000 0.0000
315      315   (0)      5  : 0.0000 0.0000 0.0000 0.0000 0.0000 0.0000 0.0000 0.8471 0.0000 0.0000 0.0000 0.1529 0.0000 0.0000 0.0000
316      316   (0)      5  : 0.0000 0.0000 0.0000 0.0000 0.0000 1.0000 0.0000 0.0000 0.0000 0.0000 0.0000 0.0000 0.0000 0.0000 0.0000
317      317   (0)      5  : 0.0000 0.0000 0.0000 0.0000 0.0000 0.2751 0.0000 0.2907 0.0000 0.0000 0.0000 0.4342 0.0000 0.0000 0.0000
318      318   (0)      8  : 0.0000 0.0000 0.0000 0.0000 0.0000 0.1846 0.0000 0.1184 0.0000 0.0000 0.0000 0.6971 0.0000 0.0000 0.0000
319      319   (0)      8  : 0.0000 0.0000 0.0000 0.0000 0.0000 0.4973 0.0000 0.0860 0.0000 0.0000 0.0000 0.4168 0.0000 0.0000 0.0000
320      320   (0)      9  : 0.0000 0.0000 0.0000 0.0000 0.0000 0.0000 0.0000 0.7340 0.0000 0.0000 0.0000 0.2660 0.0000 0.0000 0.0000
321      321   (0)      9  : 0.0000 0.0000 0.0101 0.0000 0.0000 0.0119 0.0000 0.2740 0.0000 0.0000 0.0000 0.7039 0.0000 0.0000 0.0000
322      322   (0)      9  : 0.0000 0.0000 0.0000 0.0000 0.0000 0.4000 0.0000 0.3878 0.0000 0.0000 0.0000 0.2121 0.0000 0.0000 0.0000
323      323   (0)      9  : 0.0000 0.0000 0.0000 0.0000 0.0000 0.5000 0.0000 0.3081 0.0000 0.0000 0.0000 0.1919 0.0000 0.0000 0.0000
324      324   (0)      9  : 0.0000 0.0000 0.0000 0.0000 0.0000 1.0000 0.0000 0.0000 0.0000 0.0000 0.0000 0.0000 0.0000 0.0000 0.0000
325      325   (0)      8  : 0.0000 0.0000 0.0000 0.0000 0.0000 0.3067 0.0000 0.3669 0.0000 0.0000 0.0000 0.3264 0.0000 0.0000 0.0000
326      326   (0)      8  : 0.0000 0.0000 0.0000 0.0000 0.0000 0.3984 0.0000 0.1291 0.0000 0.0000 0.0000 0.4725 0.0000 0.0000 0.0000
327      327   (0)      8  : 0.0000 0.0000 0.0000 0.0000 0.0000 0.4360 0.0000 0.3930 0.0000 0.0000 0.0000 0.1710 0.0000 0.0000 0.0000
328      328   (0)      8  : 0.0000 0.0000 0.0000 0.0000 0.0000 0.7656 0.0000 0.2344 0.0000 0.0000 0.0000 0.0000 0.0000 0.0000 0.0000
329      329   (0)      8  : 0.0000 0.0000 0.0000 0.0000 0.0000 0.0012 0.0000 0.8583 0.0000 0.0000 0.0000 0.1405 0.0000 0.0000 0.0000
330      330   (0)      9  : 0.0000 0.0000 0.0000 0.0000 0.0049 0.2115 0.0000 0.3377 0.0000 0.0000 0.0000 0.4460 0.0000 0.0000 0.0000
331      331   (0)      9  : 0.0000 0.0000 0.0000 0.0000 0.0000 0.1658 0.0000 0.8342 0.0000 0.0000 0.0000 0.0000 0.0000 0.0000 0.0000
332      332   (0)      9  : 0.0000 0.0000 0.0000 0.0000 0.0000 0.0938 0.0000 0.2676 0.0000 0.0000 0.0000 0.6386 0.0000 0.0000 0.0000
333      333   (0)      9  : 0.0000 0.0000 0.0000 0.0000 0.0000 0.4634 0.0000 0.3082 0.0000 0.0000 0.0000 0.2285 0.0000 0.0000 0.0000
334      334   (0)      9  : 0.0000 0.0000 0.0000 0.0000 0.0000 0.2950 0.0000 0.5149 0.0000 0.0000 0.0000 0.1900 0.0000 0.0000 0.0000
335      335   (0)      9  : 0.0000 0.0000 0.0000 0.0000 0.0000 0.4808 0.0000 0.0000 0.0000 0.0000 0.0000 0.5192 0.0000 0.0000 0.0000
336      336   (0)      8  : 0.0000 0.0000 0.0000 0.0000 0.0000 0.3613 0.0000 0.3947 0.0000 0.0000 0.0000 0.2441 0.0000 0.0000 0.0000
337      337   (0)      8  : 0.0000 0.0000 0.0000 0.0000 0.0000 0.2946 0.0000 0.0049 0.0000 0.0000 0.0000 0.7006 0.0000 0.0000 0.0000
338      338   (0)      8  : 0.0000 0.0000 0.0000 0.0000 0.0000 0.4855 0.0000 0.0000 0.0000 0.0000 0.0000 0.5145 0.0000 0.0000 0.0000
339      339   (0)      8  : 0.0000 0.0000 0.0000 0.0000 0.0000 0.3284 0.0000 0.0287 0.0000 0.0000 0.0000 0.6429 0.0000 0.0000 0.0000
340      340   (0)      8  : 0.0000 0.0000 0.0000 0.0000 0.0000 0.2777 0.0000 0.3801 0.0000 0.0000 0.0000 0.3422 0.0000 0.0000 0.0000
341      341   (0)      8  : 0.0000 0.0000 0.0000 0.0000 0.0214 0.3151 0.0000 0.0732 0.0000 0.0000 0.0000 0.5902 0.0000 0.0000 0.0000
342      342   (0)      8  : 0.0000 0.0000 0.0000 0.0000 0.0000 0.2316 0.0000 0.1320 0.0000 0.0000 0.0000 0.6363 0.0000 0.0000 0.0000
343      343   (0)      9  : 0.0000 0.0000 0.0000 0.0000 0.0000 0.3752 0.0000 0.1632 0.0000 0.0000 0.0000 0.4616 0.0000 0.0000 0.0000
344      344   (0)      9  : 0.0000 0.0000 0.0000 0.0000 0.0000 0.5000 0.0000 0.5000 0.0000 0.0000 0.0000 0.0000 0.0000 0.0000 0.0000
345      345   (0)      9  : 0.0000 0.0000 0.0000 0.0000 0.0000 0.1682 0.0000 0.6594 0.0000 0.0000 0.0000 0.1724 0.0000 0.0000 0.0000
346      346   (0)      9  : 0.0000 0.0000 0.0000 0.0000 0.0001 0.2404 0.0000 0.4195 0.0000 0.0000 0.0000 0.3399 0.0000 0.0000 0.0000
347      347   (0)      9  : 0.0000 0.0000 0.0000 0.0000 0.0006 0.1607 0.0000 0.7319 0.0000 0.0000 0.0000 0.1068 0.0000 0.0000 0.0000
348      348   (0)      9  : 0.0000 0.0000 0.0000 0.0000 0.0273 0.1360 0.0000 0.4152 0.0000 0.0000 0.0000 0.4215 0.0000 0.0000 0.0000
349      349   (0)      9  : 0.0000 0.0000 0.0000 0.0000 0.0613 0.0709 0.0000 0.4776 0.0000 0.0000 0.0000 0.3871 0.0031 0.0000 0.0000
350      350   (0)      9  : 0.0000 0.0000 0.0000 0.0000 0.0000 0.3856 0.0000 0.0004 0.0000 0.0000 0.0000 0.6140 0.0000 0.0000 0.0000
351      351   (0)      9  : 0.0000 0.0000 0.0000 0.0000 0.0190 0.5112 0.0000 0.3566 0.0000 0.0000 0.0000 0.1132 0.0000 0.0000 0.0000
352      352   (0)      9  : 0.0000 0.0000 0.0000 0.0000 0.0077 0.4650 0.0000 0.1369 0.0000 0.0000 0.0000 0.3904 0.0000 0.0000 0.0000
353      353   (0)      9  : 0.0000 0.0000 0.0000 0.0000 0.0137 0.0014 0.0000 0.3834 0.0000 0.0000 0.0000 0.6016 0.0000 0.0000 0.0000
354      354   (0)      9  : 0.0000 0.0000 0.0000 0.0000 0.0000 0.0644 0.0000 0.7542 0.0000 0.0000 0.0000 0.1814 0.0000 0.0000 0.0000
355      355   (0)      9  : 0.0000 0.0000 0.0000 0.0000 0.0000 0.4249 0.0000 0.5751 0.0000 0.0000 0.0000 0.0000 0.0000 0.0000 0.0000
356      356   (0)      9  : 0.0000 0.0000 0.0000 0.0000 0.0040 0.1098 0.0000 0.2984 0.0000 0.0000 0.0000 0.5878 0.0000 0.0000 0.0000
357      357   (0)      9  : 0.0000 0.0000 0.0000 0.0000 0.0000 0.1224 0.0000 0.2068 0.0000 0.0000 0.0000 0.6708 0.0000 0.0000 0.0000
358      358   (0)      9  : 0.0000 0.0000 0.0000 0.0000 0.0062 0.1204 0.0000 0.2372 0.0000 0.0000 0.0000 0.6363 0.0000 0.0000 0.0000
359      359   (0)      9  : 0.0000 0.0000 0.0000 0.0000 0.0000 0.2791 0.0000 0.0010 0.0000 0.0000 0.0000 0.7199 0.0000 0.0000 0.0000
360      360   (0)      9  : 0.0000 0.0000 0.0000 0.0000 0.0000 0.5766 0.0000 0.2270 0.0000 0.0000 0.0000 0.1965 0.0000 0.0000 0.0000
361      361   (0)      9  : 0.0000 0.0000 0.0000 0.0000 0.0000 0.3708 0.0000 0.0846 0.0000 0.0000 0.0000 0.5446 0.0000 0.0000 0.0000
362      362   (0)     10  : 0.0000 0.0000 0.0000 0.0000 0.0000 0.0837 0.0000 0.4839 0.0000 0.0000 0.0000 0.4324 0.0000 0.0000 0.0000
363      363   (0)     10  : 0.0000 0.0000 0.0000 0.0000 0.0000 0.0000 0.0000 1.0000 0.0000 0.0000 0.0000 0.0000 0.0000 0.0000 0.0000
364      364   (0)     10  : 0.0000 0.0000 0.0000 0.0000 0.0000 0.1442 0.0000 0.6358 0.0000 0.0000 0.0000 0.2200 0.0000 0.0000 0.0000
365      365   (0)     10  : 0.0000 0.0000 0.0073 0.0000 0.0000 0.3378 0.0000 0.4686 0.0000 0.0000 0.0000 0.1863 0.0000 0.0000 0.0000
366      366   (0)     10  : 0.0000 0.0000 0.0000 0.0000 0.0000 0.5000 0.0000 0.5000 0.0000 0.0000 0.0000 0.0000 0.0000 0.0000 0.0000
367      367   (0)     10  : 0.0000 0.0000 0.0000 0.0000 0.0105 0.0003 0.0000 0.5858 0.0000 0.0000 0.0000 0.4034 0.0000 0.0000 0.0000
368      368   (0)     10  : 0.0000 0.0000 0.0000 0.0000 0.0000 0.3980 0.0000 0.1086 0.0000 0.0000 0.0000 0.4934 0.0000 0.0000 0.0000
369      369   (0)     10  : 0.0000 0.0000 0.0000 0.0000 0.0000 0.7139 0.0000 0.2691 0.0000 0.0000 0.0000 0.0170 0.0000 0.0000 0.0000
370      370   (0)     10  : 0.0000 0.0000 0.0000 0.0000 0.0183 0.3577 0.0000 0.0009 0.0000 0.0000 0.0000 0.6231 0.0000 0.0000 0.0000
371      371   (0)     10  : 0.0000 0.0000 0.0000 0.0000 0.0000 0.2421 0.0000 0.7579 0.0000 0.0000 0.0000 0.0000 0.0000 0.0000 0.0000
372      372   (0)     10  : 0.0000 0.0000 0.0000 0.0000 0.0000 0.6192 0.0000 0.2529 0.0000 0.0000 0.0000 0.1279 0.0000 0.0000 0.0000
373      373   (0)     10  : 0.0000 0.0000 0.0000 0.0000 0.0000 0.0000 0.0000 0.6990 0.0000 0.0000 0.0000 0.3010 0.0000 0.0000 0.0000
374      374   (0)     10  : 0.0000 0.0000 0.0000 0.0000 0.0000 0.0000 0.0000 1.0000 0.0000 0.0000 0.0000 0.0000 0.0000 0.0000 0.0000
375      375   (0)     10  : 0.0000 0.0000 0.0000 0.0000 0.0000 0.2744 0.0000 0.5544 0.0000 0.0000 0.0000 0.1712 0.0000 0.0000 0.0000
376      376   (0)     10  : 0.0000 0.0000 0.0000 0.0000 0.0000 0.4474 0.0000 0.0344 0.0000 0.0000 0.0000 0.5182 0.0000 0.0000 0.0000
377      377   (0)     10  : 0.0000 0.0000 0.0000 0.0000 0.0322 0.3230 0.0000 0.5007 0.0000 0.0000 0.0000 0.1441 0.0000 0.0000 0.0000
378      378   (0)     10  : 0.0000 0.0000 0.0000 0.0000 0.0000 0.0000 0.0000 0.5444 0.0000 0.0000 0.0000 0.4556 0.0000 0.0000 0.0000
379      379   (0)     10  : 0.0000 0.0000 0.0000 0.0000 0.0317 0.2571 0.0000 0.1957 0.0000 0.0000 0.0000 0.5156 0.0000 0.0000 0.0000
380      380   (0)     10  : 0.0000 0.0000 0.0000 0.0000 0.0000 0.8938 0.0000 0.0000 0.0000 0.0000 0.0000 0.1062 0.0000 0.0000 0.0000
381      381   (0)     10  : 0.0000 0.0000 0.0000 0.0000 0.0000 0.2839 0.0000 0.1825 0.0000 0.0000 0.0000 0.5336 0.0000 0.0000 0.0000
382      382   (0)     10  : 0.0000 0.0000 0.0000 0.0000 0.0000 0.2494 0.0000 0.3474 0.0000 0.0000 0.0000 0.4032 0.0000 0.0000 0.0000
383      383   (0)     10  : 0.0000 0.0000 0.0000 0.0000 0.0283 0.0000 0.0000 0.0000 0.0000 0.0000 0.0000 0.9717 0.0000 0.0000 0.0000
384      384   (0)     10  : 0.0000 0.0000 0.0017 0.0000 0.0000 0.1277 0.0000 0.8703 0.0000 0.0000 0.0000 0.0003 0.0000 0.0000 0.0000
385      385   (0)     10  : 0.0000 0.0000 0.0000 0.0000 0.0000 0.1361 0.0000 0.1372 0.0000 0.0000 0.0000 0.7267 0.0000 0.0000 0.0000
386      386   (0)     10  : 0.0000 0.0000 0.0000 0.0000 0.0158 0.6279 0.0000 0.3491 0.0000 0.0000 0.0000 0.0072 0.0000 0.0000 0.0000
387      387   (0)     10  : 0.0000 0.0000 0.0085 0.0000 0.0000 0.0000 0.0000 0.3435 0.0000 0.0000 0.0000 0.6479 0.0000 0.0000 0.0000
388      388   (0)     10  : 0.0000 0.0000 0.0000 0.0000 0.0000 0.1325 0.0000 0.6667 0.0000 0.0000 0.0000 0.2007 0.0000 0.0000 0.0000
389      389   (0)     10  : 0.0000 0.0000 0.0000 0.0000 0.0000 0.5526 0.0000 0.2124 0.0000 0.0000 0.0000 0.2350 0.0000 0.0000 0.0000
390      390   (0)      8  : 0.0000 0.0000 0.0000 0.0000 0.0164 0.3163 0.0000 0.3899 0.0000 0.0000 0.0000 0.2774 0.0000 0.0000 0.0000
391      391   (0)      8  : 0.0000 0.0000 0.0025 0.0000 0.0000 0.6556 0.0000 0.1654 0.0000 0.0000 0.0000 0.1765 0.0000 0.0000 0.0000
392      392   (0)      8  : 0.0000 0.0000 0.0000 0.0000 0.0013 0.5003 0.0000 0.0000 0.0000 0.0000 0.0000 0.4984 0.0000 0.0000 0.0000
393      393   (0)     11  : 0.0000 0.0000 0.0000 0.0000 0.0000 0.2264 0.0000 0.7736 0.0000 0.0000 0.0000 0.0000 0.0000 0.0000 0.0000
394      394   (0)     11  : 0.0000 0.0000 0.0000 0.0000 0.0000 0.0000 0.0000 0.0000 0.0000 0.0000 0.0000 1.0000 0.0000 0.0000 0.0000
395      395   (0)     11  : 0.0261 0.0000 0.0000 0.0000 0.0168 0.9564 0.0000 0.0000 0.0000 0.0000 0.0000 0.0007 0.0000 0.0000 0.0000
396      396   (0)     11  : 0.0503 0.0000 0.0000 0.0000 0.0224 0.5667 0.0000 0.1798 0.0000 0.0000 0.0000 0.1808 0.0000 0.0000 0.0000
397      397   (0)     11  : 0.0000 0.0000 0.0013 0.0000 0.0000 0.2313 0.0000 0.1538 0.0000 0.0000 0.0000 0.6135 0.0000 0.0000 0.0000
398      398   (0)     11  : 0.0000 0.0000 0.0000 0.0000 0.0000 0.5342 0.0000 0.4414 0.0000 0.0000 0.0000 0.0245 0.0000 0.0000 0.0000
399      399   (0)     11  : 0.0000 0.0000 0.0000 0.0000 0.0000 0.6524 0.0000 0.3394 0.0000 0.0000 0.0000 0.0081 0.0000 0.0000 0.0000
400      400   (0)     11  : 0.0000 0.0000 0.0038 0.0000 0.0000 0.1589 0.0000 0.2590 0.0000 0.0000 0.0000 0.5783 0.0000 0.0000 0.0000
401      401   (0)     11  : 0.0000 0.0000 0.0000 0.0161 0.0000 0.2370 0.0000 0.3155 0.0000 0.0000 0.0000 0.4314 0.0000 0.0000 0.0000
402      402   (0)     11  : 0.0000 0.0000 0.0000 0.0000 0.0000 0.0797 0.0000 0.6511 0.0000 0.0000 0.0000 0.2692 0.0000 0.0000 0.0000
403      403   (0)     11  : 0.0000 0.0000 0.0000 0.0000 0.0000 0.2349 0.0000 0.3573 0.0000 0.0000 0.0000 0.4078 0.0000 0.0000 0.0000
404      404   (0)     11  : 0.0000 0.0000 0.0000 0.0000 0.0000 0.8347 0.0000 0.0000 0.0000 0.0000 0.0000 0.1653 0.0000 0.0000 0.0000
405      405   (0)     11  : 0.0000 0.0000 0.0000 0.0000 0.0798 0.9202 0.0000 0.0000 0.0000 0.0000 0.0000 0.0000 0.0000 0.0000 0.0000
406      406   (0)     11  : 0.0000 0.0000 0.0000 0.0022 0.0000 0.5861 0.0000 0.1351 0.0000 0.0000 0.0000 0.2765 0.0000 0.0000 0.0000
407      407   (0)     11  : 0.0000 0.0000 0.0000 0.0000 0.0000 0.5000 0.0000 0.2585 0.0000 0.0000 0.0000 0.2415 0.0000 0.0000 0.0000
408      408   (0)     11  : 0.0000 0.0000 0.0000 0.0000 0.0000 0.9131 0.0000 0.0869 0.0000 0.0000 0.0000 0.0000 0.0000 0.0000 0.0000
409      409   (0)     11  : 0.0000 0.0000 0.0038 0.0000 0.0046 0.2420 0.0000 0.6414 0.0000 0.0085 0.0000 0.0921 0.0000 0.0000 0.0076
410      410   (0)     11  : 0.0000 0.0000 0.0000 0.0000 0.0000 0.0000 0.0000 1.0000 0.0000 0.0000 0.0000 0.0000 0.0000 0.0000 0.0000
411      411   (0)     11  : 0.0000 0.0000 0.0000 0.0000 0.0000 0.2893 0.0000 0.5360 0.0000 0.0000 0.0000 0.1747 0.0000 0.0000 0.0000
412      412   (0)     11  : 0.0000 0.0000 0.0000 0.0000 0.0000 0.2935 0.0000 0.0717 0.0000 0.0000 0.0000 0.6348 0.0000 0.0000 0.0000
413      413   (0)     11  : 0.0000 0.0000 0.0000 0.0000 0.0255 0.3996 0.0000 0.3228 0.0000 0.0000 0.0000 0.2522 0.0000 0.0000 0.0000
414      414   (0)     11  : 0.0000 0.0000 0.0000 0.0000 0.0000 0.5963 0.0000 0.0813 0.0000 0.0000 0.0000 0.3224 0.0000 0.0000 0.0000
415      415   (0)     11  : 0.0000 0.0000 0.0000 0.0000 0.0000 0.6143 0.0000 0.2142 0.0000 0.0000 0.0000 0.1715 0.0000 0.0000 0.0000
416      416   (0)     11  : 0.0000 0.0000 0.0000 0.0000 0.0142 0.6870 0.0000 0.2163 0.0000 0.0000 0.0000 0.0826 0.0000 0.0000 0.0000
417      417   (0)     11  : 0.0000 0.0000 0.0000 0.0000 0.0000 0.5534 0.0000 0.1521 0.0000 0.0000 0.0000 0.2945 0.0000 0.0000 0.0000
418      418   (0)     11  : 0.0095 0.0000 0.0000 0.0099 0.0146 0.0678 0.0000 0.2568 0.0000 0.0000 0.0000 0.6414 0.0000 0.0000 0.0000
419      419   (0)     11  : 0.0000 0.0000 0.0000 0.0000 0.0000 0.9998 0.0000 0.0002 0.0000 0.0000 0.0000 0.0000 0.0000 0.0000 0.0000
420      420   (0)     11  : 0.0000 0.0000 0.0000 0.0000 0.0000 0.5000 0.0000 0.3075 0.0000 0.0000 0.0000 0.1925 0.0000 0.0000 0.0000
421      421   (0)     11  : 0.0000 0.0000 0.0027 0.0000 0.0051 0.6215 0.0000 0.2119 0.0000 0.0000 0.0000 0.1589 0.0000 0.0000 0.0000
422      422   (0)     11  : 0.0000 0.0000 0.0000 0.0000 0.0000 0.1773 0.0000 0.0148 0.0000 0.0000 0.0000 0.8079 0.0000 0.0000 0.0000
423      423   (0)     12  : 0.0000 0.0000 0.0000 0.9968 0.0000 0.0000 0.0000 0.0000 0.0000 0.0000 0.0032 0.0000 0.0000 0.0000 0.0000
424      424   (0)     12  : 0.0000 0.0000 0.0000 0.0000 0.7856 0.0200 0.0000 0.1944 0.0000 0.0000 0.0000 0.0000 0.0000 0.0000 0.0000
425      425   (0)     12  : 0.2354 0.0000 0.0000 0.7644 0.0000 0.0000 0.0000 0.0000 0.0000 0.0002 0.0000 0.0000 0.0000 0.0000 0.0000
426      426   (0)     12  : 0.0000 0.0000 0.0000 0.0000 0.9357 0.0000 0.0000 0.0000 0.0000 0.0000 0.0000 0.0643 0.0000 0.0000 0.0000
427      427   (0)     12  : 0.0729 0.0285 0.0000 0.8786 0.0000 0.0000 0.0000 0.0000 0.0000 0.0200 0.0000 0.0000 0.0000 0.0000 0.0000
428      428   (0)     12  : 0.1931 0.0000 0.0000 0.6768 0.0000 0.0000 0.0000 0.0000 0.0614 0.0000 0.0687 0.0000 0.0000 0.0000 0.0000
429      429   (0)     12  : 0.0000 0.0000 0.0903 0.0000 0.9097 0.0000 0.0000 0.0000 0.0000 0.0000 0.0000 0.0000 0.0000 0.0000 0.0000
430      430   (0)     12  : 0.9714 0.0000 0.0000 0.0000 0.0000 0.0000 0.0286 0.0000 0.0000 0.0000 0.0000 0.0000 0.0000 0.0000 0.0000
431      431   (0)     12  : 0.6637 0.0000 0.0000 0.3085 0.0000 0.0000 0.0000 0.0000 0.0000 0.0003 0.0000 0.0000 0.0000 0.0000 0.0275
432      432   (0)     12  : 0.0000 0.0000 0.0000 0.0000 0.8425 0.0766 0.0000 0.0000 0.0000 0.0000 0.0000 0.0808 0.0000 0.0000 0.0000
433      433   (0)     12  : 0.9024 0.0000 0.0000 0.0976 0.0000 0.0000 0.0000 0.0000 0.0000 0.0000 0.0000 0.0000 0.0000 0.0000 0.0000
434      434   (0)     12  : 0.5325 0.0000 0.0000 0.4656 0.0000 0.0000 0.0000 0.0000 0.0000 0.0000 0.0000 0.0000 0.0000 0.0000 0.0019
435      435   (0)     12  : 0.7515 0.0000 0.0000 0.1515 0.0000 0.0000 0.0000 0.0000 0.0000 0.0000 0.0000 0.0000 0.0000 0.0150 0.0820
436      436   (0)     12  : 0.5010 0.0000 0.0000 0.4502 0.0000 0.0000 0.0000 0.0000 0.0000 0.0198 0.0000 0.0000 0.0290 0.0000 0.0000
437      437   (0)     12  : 1.0000 0.0000 0.0000 0.0000 0.0000 0.0000 0.0000 0.0000 0.0000 0.0000 0.0000 0.0000 0.0000 0.0000 0.0000
438      438   (0)     12  : 0.7796 0.0000 0.0000 0.2204 0.0000 0.0000 0.0000 0.0000 0.0000 0.0000 0.0000 0.0000 0.0000 0.0000 0.0000
439      439   (0)     12  : 0.0000 0.0000 0.0000 0.0000 0.8439 0.0805 0.0000 0.0000 0.0000 0.0000 0.0000 0.0756 0.0000 0.0000 0.0000
440      440   (0)     12  : 0.0000 0.0000 0.0000 0.0000 0.8583 0.0000 0.0000 0.1417 0.0000 0.0000 0.0000 0.0000 0.0000 0.0000 0.0000
441      441   (0)     12  : 1.0000 0.0000 0.0000 0.0000 0.0000 0.0000 0.0000 0.0000 0.0000 0.0000 0.0000 0.0000 0.0000 0.0000 0.0000
442      442   (0)     12  : 0.0000 0.0000 0.0344 0.0000 0.9656 0.0000 0.0000 0.0000 0.0000 0.0000 0.0000 0.0000 0.0000 0.0000 0.0000
443      443   (0)     12  : 0.1502 0.0182 0.0000 0.7940 0.0000 0.0000 0.0375 0.0000 0.0000 0.0000 0.0000 0.0000 0.0000 0.0000 0.0000
444      444   (0)     12  : 1.0000 0.0000 0.0000 0.0000 0.0000 0.0000 0.0000 0.0000 0.0000 0.0000 0.0000 0.0000 0.0000 0.0000 0.0000
445      445   (0)     12  : 0.0464 0.0000 0.0000 0.8823 0.0000 0.0000 0.0000 0.0000 0.0000 0.0404 0.0000 0.0000 0.0000 0.0308 0.0000
446      446   (0)     12  : 0.1841 0.0000 0.0000 0.8159 0.0000 0.0000 0.0000 0.0000 0.0000 0.0000 0.0000 0.0000 0.0000 0.0000 0.0000
447      447   (0)     12  : 0.9973 0.0000 0.0000 0.0027 0.0000 0.0000 0.0000 0.0000 0.0000 0.0000 0.0000 0.0000 0.0000 0.0000 0.0000
448      448   (0)     12  : 0.5590 0.0000 0.0000 0.4410 0.0000 0.0000 0.0000 0.0000 0.0000 0.0000 0.0000 0.0000 0.0000 0.0000 0.0000
449      449   (0)     12  : 1.0000 0.0000 0.0000 0.0000 0.0000 0.0000 0.0000 0.0000 0.0000 0.0000 0.0000 0.0000 0.0000 0.0000 0.0000
450      450   (0)     12  : 0.6299 0.0000 0.0000 0.3612 0.0000 0.0000 0.0089 0.0000 0.0000 0.0000 0.0000 0.0000 0.0000 0.0000 0.0000
451      451   (0)     12  : 0.0101 0.0000 0.0000 0.8985 0.0000 0.0000 0.0000 0.0000 0.0000 0.0000 0.0000 0.0000 0.0482 0.0000 0.0432
452      452   (0)     12  : 0.1643 0.0000 0.0000 0.7729 0.0000 0.0000 0.0000 0.0000 0.0000 0.0000 0.0000 0.0000 0.0628 0.0000 0.0000
453      453   (0)     13  : 0.3027 0.0000 0.0000 0.6850 0.0000 0.0000 0.0000 0.0000 0.0000 0.0123 0.0000 0.0000 0.0000 0.0000 0.0000
454      454   (0)     13  : 0.5599 0.0000 0.0047 0.4080 0.0000 0.0000 0.0238 0.0000 0.0000 0.0000 0.0037 0.0000 0.0000 0.0000 0.0000
455      455   (0)     13  : 0.4835 0.0000 0.0000 0.5165 0.0000 0.0000 0.0000 0.0000 0.0000 0.0000 0.0000 0.0000 0.0000 0.0000 0.0000
456      456   (0)     13  : 0.0000 0.0000 0.0000 0.0000 0.8532 0.0774 0.0000 0.0694 0.0000 0.0000 0.0000 0.0000 0.0000 0.0000 0.0000
457      457   (0)     13  : 0.6448 0.0000 0.0000 0.2680 0.0000 0.0000 0.0400 0.0000 0.0000 0.0000 0.0000 0.0000 0.0473 0.0000 0.0000
458      458   (0)     13  : 0.7666 0.0000 0.0000 0.2327 0.0000 0.0000 0.0000 0.0000 0.0000 0.0000 0.0007 0.0000 0.0000 0.0000 0.0000
459      459   (0)     13  : 0.6093 0.0000 0.0000 0.3907 0.0000 0.0000 0.0000 0.0000 0.0000 0.0000 0.0000 0.0000 0.0000 0.0000 0.0000
460      460   (0)     13  : 0.0051 0.0000 0.0000 0.9864 0.0000 0.0000 0.0000 0.0000 0.0000 0.0085 0.0000 0.0000 0.0000 0.0000 0.0000
461      461   (0)     13  : 0.4561 0.0000 0.0000 0.5363 0.0000 0.0000 0.0000 0.0000 0.0000 0.0075 0.0000 0.0000 0.0000 0.0000 0.0000
462      462   (0)     13  : 0.1062 0.0000 0.0002 0.8222 0.0000 0.0000 0.0383 0.0000 0.0000 0.0000 0.0331 0.0000 0.0000 0.0000 0.0000
463      463   (0)     13  : 0.5190 0.0000 0.0000 0.4189 0.0000 0.0000 0.0000 0.0000 0.0562 0.0059 0.0000 0.0000 0.0000 0.0000 0.0000
464      464   (0)     13  : 0.0000 0.0000 0.0000 0.0000 0.0000 0.0000 0.5000 0.0000 0.0000 0.0000 0.0000 0.0000 0.2803 0.0000 0.2197
465      465   (0)     13  : 1.0000 0.0000 0.0000 0.0000 0.0000 0.0000 0.0000 0.0000 0.0000 0.0000 0.0000 0.0000 0.0000 0.0000 0.0000
466      466   (0)     13  : 0.1203 0.0000 0.0000 0.8663 0.0000 0.0000 0.0000 0.0000 0.0000 0.0000 0.0133 0.0000 0.0001 0.0000 0.0000
467      467   (0)     13  : 0.1957 0.0174 0.0000 0.7548 0.0000 0.0000 0.0000 0.0000 0.0000 0.0000 0.0290 0.0000 0.0000 0.0030 0.0000
468      468   (0)     13  : 0.0000 0.0000 0.0000 0.0166 0.0000 0.0000 0.2510 0.0000 0.3795 0.0000 0.0000 0.0000 0.2202 0.0000 0.1326
469      469   (0)     13  : 0.0000 0.8004 0.0000 0.0000 0.0000 0.0000 0.1996 0.0000 0.0000 0.0000 0.0000 0.0000 0.0000 0.0000 0.0000
470      470   (0)     13  : 0.6149 0.0000 0.0000 0.3396 0.0000 0.0000 0.0000 0.0000 0.0000 0.0000 0.0000 0.0000 0.0000 0.0216 0.0238
471      471   (0)     13  : 0.4731 0.0000 0.0000 0.4694 0.0000 0.0000 0.0000 0.0136 0.0006 0.0000 0.0143 0.0164 0.0000 0.0000 0.0127
472      472   (0)     13  : 0.5000 0.0273 0.0000 0.4727 0.0000 0.0000 0.0000 0.0000 0.0000 0.0000 0.0000 0.0000 0.0000 0.0000 0.0000
473      473   (0)     13  : 0.0604 0.0000 0.0000 0.0000 0.7118 0.1888 0.0000 0.0109 0.0000 0.0000 0.0000 0.0282 0.0000 0.0000 0.0000
474      474   (0)     13  : 0.0672 0.0013 0.0000 0.9120 0.0000 0.0000 0.0001 0.0000 0.0193 0.0000 0.0000 0.0000 0.0000 0.0000 0.0000
475      475   (0)     13  : 0.3692 0.0000 0.0000 0.6142 0.0000 0.0000 0.0000 0.0000 0.0000 0.0115 0.0000 0.0000 0.0000 0.0051 0.0000
476      476   (0)     13  : 0.0000 0.0000 0.0000 0.0000 0.9281 0.0358 0.0000 0.0000 0.0000 0.0000 0.0000 0.0361 0.0000 0.0000 0.0000
477      477   (0)     13  : 0.8027 0.0000 0.0000 0.1474 0.0000 0.0000 0.0000 0.0000 0.0002 0.0000 0.0000 0.0000 0.0279 0.0000 0.0218
478      478   (0)     13  : 0.2073 0.0067 0.0164 0.7516 0.0075 0.0000 0.0000 0.0000 0.0000 0.0000 0.0000 0.0000 0.0105 0.0000 0.0000
479      479   (0)     13  : 0.6043 0.0000 0.0000 0.3503 0.0000 0.0000 0.0293 0.0000 0.0000 0.0000 0.0160 0.0000 0.0000 0.0000 0.0000
480      480   (0)     13  : 0.0000 0.0000 0.0000 0.0000 0.8821 0.1115 0.0000 0.0000 0.0000 0.0000 0.0000 0.0064 0.0000 0.0000 0.0000
481      481   (0)     13  : 0.0498 0.0000 0.0009 0.0000 0.0000 0.0000 0.5000 0.0000 0.0000 0.0000 0.2495 0.0000 0.0000 0.1998 0.0000
482      482   (0)     13  : 0.1164 0.0000 0.0000 0.8146 0.0000 0.0000 0.0000 0.0000 0.0383 0.0000 0.0306 0.0000 0.0000 0.0000 0.0000
483      483   (0)     14  : 0.8463 0.0000 0.0000 0.1478 0.0000 0.0000 0.0000 0.0000 0.0059 0.0000 0.0000 0.0000 0.0000 0.0000 0.0000
484      484   (0)     14  : 0.8746 0.0000 0.0000 0.1254 0.0000 0.0000 0.0000 0.0000 0.0000 0.0000 0.0000 0.0000 0.0000 0.0000 0.0000
485      485   (0)     15  : 0.5274 0.0180 0.0000 0.4334 0.0000 0.0000 0.0000 0.0000 0.0000 0.0101 0.0000 0.0000 0.0000 0.0000 0.0110
486      486   (0)     15  : 1.0000 0.0000 0.0000 0.0000 0.0000 0.0000 0.0000 0.0000 0.0000 0.0000 0.0000 0.0000 0.0000 0.0000 0.0000
487      487   (0)     15  : 1.0000 0.0000 0.0000 0.0000 0.0000 0.0000 0.0000 0.0000 0.0000 0.0000 0.0000 0.0000 0.0000 0.0000 0.0000
488      488   (0)     15  : 0.4978 0.0000 0.0000 0.4880 0.0000 0.0000 0.0000 0.0000 0.0001 0.0000 0.0000 0.0000 0.0140 0.0000 0.0000
489      489   (0)     15  : 0.0000 0.0000 0.0000 0.0000 0.8005 0.1027 0.0000 0.0001 0.0000 0.0000 0.0000 0.0968 0.0000 0.0000 0.0000
490      490   (0)     15  : 0.0000 0.0000 0.0000 0.0000 0.8865 0.0751 0.0000 0.0000 0.0000 0.0000 0.0000 0.0384 0.0000 0.0000 0.0000
491      491   (0)     15  : 0.3420 0.0076 0.0000 0.6334 0.0000 0.0000 0.0171 0.0000 0.0000 0.0000 0.0000 0.0000 0.0000 0.0000 0.0000
492      492   (0)     15  : 0.0000 0.0000 0.0000 0.0000 0.8934 0.0569 0.0000 0.0000 0.0000 0.0000 0.0000 0.0497 0.0000 0.0000 0.0000
493      493   (0)     15  : 0.2952 0.0000 0.0163 0.6488 0.0000 0.0000 0.0000 0.0000 0.0000 0.0147 0.0250 0.0000 0.0001 0.0000 0.0000
494      494   (0)     15  : 0.4838 0.0077 0.0000 0.4815 0.0000 0.0000 0.0000 0.0000 0.0000 0.0000 0.0269 0.0000 0.0000 0.0000 0.0000
495      495   (0)     15  : 1.0000 0.0000 0.0000 0.0000 0.0000 0.0000 0.0000 0.0000 0.0000 0.0000 0.0000 0.0000 0.0000 0.0000 0.0000
496      496   (0)     15  : 0.3581 0.0000 0.0043 0.6171 0.0000 0.0000 0.0014 0.0000 0.0000 0.0000 0.0000 0.0000 0.0001 0.0000 0.0190
497      497   (0)     15  : 0.0000 0.0000 0.0000 0.9325 0.0000 0.0000 0.0385 0.0000 0.0000 0.0000 0.0187 0.0000 0.0000 0.0000 0.0102
498      498   (0)     15  : 0.8044 0.0000 0.0000 0.1430 0.0000 0.0000 0.0000 0.0000 0.0258 0.0000 0.0000 0.0000 0.0000 0.0000 0.0268
499      499   (0)     15  : 0.6871 0.0000 0.0000 0.2711 0.0000 0.0000 0.0000 0.0000 0.0206 0.0000 0.0000 0.0000 0.0211 0.0000 0.0000
500      500   (0)     15  : 1.0000 0.0000 0.0000 0.0000 0.0000 0.0000 0.0000 0.0000 0.0000 0.0000 0.0000 0.0000 0.0000 0.0000 0.0000
501      501   (0)     15  : 1.0000 0.0000 0.0000 0.0000 0.0000 0.0000 0.0000 0.0000 0.0000 0.0000 0.0000 0.0000 0.0000 0.0000 0.0000
502      502   (0)     15  : 1.0000 0.0000 0.0000 0.0000 0.0000 0.0000 0.0000 0.0000 0.0000 0.0000 0.0000 0.0000 0.0000 0.0000 0.0000
503      503   (0)     15  : 0.3573 0.0000 0.0000 0.6064 0.0000 0.0000 0.0000 0.0000 0.0236 0.0000 0.0000 0.0000 0.0000 0.0126 0.0000
504      504   (0)     15  : 1.0000 0.0000 0.0000 0.0000 0.0000 0.0000 0.0000 0.0000 0.0000 0.0000 0.0000 0.0000 0.0000 0.0000 0.0000
505      505   (0)     15  : 0.5398 0.0000 0.0000 0.3868 0.0000 0.0000 0.0000 0.0000 0.0413 0.0000 0.0000 0.0000 0.0321 0.0000 0.0000
506      506   (0)     15  : 0.2597 0.0187 0.0000 0.7084 0.0000 0.0000 0.0000 0.0000 0.0106 0.0000 0.0026 0.0000 0.0000 0.0000 0.0000
507      507   (0)     15  : 0.6111 0.0173 0.0000 0.3548 0.0000 0.0000 0.0000 0.0000 0.0000 0.0000 0.0000 0.0000 0.0000 0.0169 0.0000
508      508   (0)     15  : 0.8126 0.0000 0.0000 0.1639 0.0000 0.0000 0.0000 0.0000 0.0188 0.0000 0.0047 0.0000 0.0000 0.0000 0.0000
509      509   (0)     15  : 0.0000 0.0000 0.0000 0.0000 0.8730 0.0614 0.0000 0.0000 0.0000 0.0000 0.0000 0.0656 0.0000 0.0000 0.0000
510      510   (0)     15  : 0.0000 0.0000 0.0000 0.0000 0.8436 0.0000 0.0000 0.0684 0.0000 0.0000 0.0000 0.0880 0.0000 0.0000 0.0000
511      511   (0)     15  : 1.0000 0.0000 0.0000 0.0000 0.0000 0.0000 0.0000 0.0000 0.0000 0.0000 0.0000 0.0000 0.0000 0.0000 0.0000
512      512   (0)     15  : 0.0000 0.0000 0.0000 0.9711 0.0000 0.0000 0.0105 0.0000 0.0000 0.0002 0.0000 0.0000 0.0182 0.0000 0.0000
513      513   (0)     15  : 0.4675 0.0000 0.0000 0.4860 0.0000 0.0000 0.0000 0.0000 0.0000 0.0214 0.0252 0.0000 0.0000 0.0000 0.0000
514      514   (0)     15  : 0.3734 0.0201 0.0000 0.5698 0.0000 0.0000 0.0000 0.0000 0.0000 0.0000 0.0000 0.0000 0.0000 0.0000 0.0367
515      515   (0)     16  : 0.0067 0.0000 0.0000 0.0000 0.0000 0.0000 0.2980 0.0000 0.0000 0.5527 0.0000 0.0000 0.0000 0.0000 0.1425
516      516   (0)     16  : 0.5247 0.0000 0.0000 0.4509 0.0000 0.0000 0.0036 0.0000 0.0000 0.0001 0.0000 0.0000 0.0000 0.0206 0.0000
517      517   (0)     16  : 0.0000 0.0000 0.0000 0.0000 0.8445 0.1448 0.0000 0.0000 0.0000 0.0000 0.0000 0.0108 0.0000 0.0000 0.0000
518      518   (0)     16  : 0.4029 0.0109 0.0147 0.5308 0.0000 0.0000 0.0001 0.0000 0.0133 0.0000 0.0000 0.0000 0.0000 0.0000 0.0273
519      519   (0)     16  : 0.0000 0.0000 0.0000 0.9649 0.0000 0.0000 0.0000 0.0000 0.0167 0.0148 0.0000 0.0000 0.0000 0.0035 0.0000
520      520   (0)     16  : 0.0008 0.0000 0.0000 0.9128 0.0000 0.0000 0.0282 0.0000 0.0376 0.0000 0.0000 0.0000 0.0206 0.0000 0.0000
521      521   (0)     16  : 0.0000 0.0000 0.0000 0.9237 0.0000 0.0000 0.0000 0.0000 0.0000 0.0000 0.0296 0.0000 0.0000 0.0000 0.0466
522      522   (0)     16  : 0.0000 0.0000 0.0430 0.0000 0.9570 0.0000 0.0000 0.0000 0.0000 0.0000 0.0000 0.0000 0.0000 0.0000 0.0000
523      523   (0)     16  : 0.0000 0.0000 0.0000 0.9466 0.0000 0.0000 0.0000 0.0000 0.0000 0.0337 0.0000 0.0000 0.0196 0.0000 0.0000
524      524   (0)     16  : 0.0000 0.0000 0.0000 0.0000 0.8303 0.0829 0.0000 0.0868 0.0000 0.0000 0.0000 0.0000 0.0000 0.0000 0.0000
525      525   (0)     16  : 0.3269 0.0000 0.0000 0.6431 0.0000 0.0000 0.0000 0.0000 0.0000 0.0000 0.0091 0.0000 0.0000 0.0209 0.0000
526      526   (0)     16  : 0.0000 0.0000 0.0000 0.9499 0.0000 0.0000 0.0000 0.0000 0.0000 0.0000 0.0000 0.0000 0.0000 0.0501 0.0000
527      527   (0)     16  : 0.0000 0.0000 0.0000 0.0000 0.8601 0.0723 0.0000 0.0000 0.0000 0.0000 0.0000 0.0676 0.0000 0.0000 0.0000
528      528   (0)     16  : 0.1525 0.0000 0.0000 0.7570 0.0000 0.0000 0.0543 0.0000 0.0000 0.0000 0.0361 0.0000 0.0000 0.0000 0.0000
529      529   (0)     16  : 0.0000 0.0000 0.0000 0.9517 0.0000 0.0000 0.0000 0.0000 0.0000 0.0000 0.0483 0.0000 0.0000 0.0000 0.0000
530      530   (0)     16  : 0.0000 0.0000 0.0000 0.8941 0.0000 0.0000 0.0500 0.0000 0.0000 0.0000 0.0503 0.0000 0.0000 0.0000 0.0057
531      531   (0)     16  : 0.0000 0.0000 0.0000 1.0000 0.0000 0.0000 0.0000 0.0000 0.0000 0.0000 0.0000 0.0000 0.0000 0.0000 0.0000
532      532   (0)     16  : 0.0000 0.0000 0.0471 0.0000 0.9529 0.0000 0.0000 0.0000 0.0000 0.0000 0.0000 0.0000 0.0000 0.0000 0.0000
533      533   (0)     16  : 0.0000 0.0000 0.0695 0.0000 0.9305 0.0000 0.0000 0.0000 0.0000 0.0000 0.0000 0.0000 0.0000 0.0000 0.0000
534      534   (0)     16  : 0.0380 0.0000 0.0000 0.8993 0.0000 0.0000 0.0000 0.0000 0.0000 0.0381 0.0000 0.0000 0.0246 0.0000 0.0000
535      535   (0)     16  : 0.0000 0.0000 0.0000 0.9802 0.0000 0.0000 0.0192 0.0000 0.0007 0.0000 0.0000 0.0000 0.0000 0.0000 0.0000
536      536   (0)     16  : 0.0000 0.0643 0.0000 0.9357 0.0000 0.0000 0.0000 0.0000 0.0000 0.0000 0.0000 0.0000 0.0000 0.0000 0.0000
537      537   (0)     16  : 0.0000 0.0000 0.0000 0.9590 0.0000 0.0000 0.0000 0.0000 0.0197 0.0000 0.0000 0.0000 0.0000 0.0213 0.0000
538      538   (0)     16  : 0.0010 0.0000 0.0000 0.9976 0.0000 0.0000 0.0000 0.0000 0.0000 0.0000 0.0000 0.0000 0.0000 0.0014 0.0000
539      539   (0)     16  : 0.0000 0.0376 0.0000 0.9427 0.0000 0.0000 0.0000 0.0000 0.0197 0.0000 0.0000 0.0000 0.0000 0.0000 0.0000
540      540   (0)     16  : 0.1188 0.0000 0.0000 0.8421 0.0000 0.0000 0.0026 0.0000 0.0000 0.0000 0.0000 0.0000 0.0366 0.0000 0.0000
541      541   (0)     16  : 0.0000 0.0000 1.0000 0.0000 0.0000 0.0000 0.0000 0.0000 0.0000 0.0000 0.0000 0.0000 0.0000 0.0000 0.0000
542      542   (0)     16  : 0.0546 0.0000 0.0000 0.8565 0.0000 0.0000 0.0000 0.0000 0.0000 0.0000 0.0481 0.0000 0.0000 0.0408 0.0000
543      543   (0)     16  : 0.0003 0.0000 0.0000 0.9997 0.0000 0.0000 0.0000 0.0000 0.0000 0.0000 0.0000 0.0000 0.0000 0.0000 0.0000
544      544   (0)     16  : 0.0000 0.0000 0.0000 1.0000 0.0000 0.0000 0.0000 0.0000 0.0000 0.0000 0.0000 0.0000 0.0000 0.0000 0.0000
