Wed Feb 19 19:55:50 2025: Running validation tests on input files
Wed Feb 19 19:55:50 2025: Finished validating - Submitting job to queue
Wed Feb 19 19:55:51 2025: Job 1739987749 was submitted to queue.
Wed Feb 19 19:56:00 2025: Job 1739987749 started running.
Wed Feb 19 19:56:00 2025: Retrieving data from files for each K
Wed Feb 19 19:56:00 2025: K=1 mean: -4311479.22505615
Wed Feb 19 19:56:00 2025: K=1 standard deviation: 3.6643714243612e-07
Wed Feb 19 19:56:00 2025: K=1 median: -4311479.225056
Wed Feb 19 19:56:00 2025: K=2 mean: -3898099.70672045
Wed Feb 19 19:56:00 2025: K=2 standard deviation: 0.0511226655221051
Wed Feb 19 19:56:00 2025: K=2 median: -3898099.717761
Wed Feb 19 19:56:00 2025: K=3 mean: -3811829.4839078
Wed Feb 19 19:56:00 2025: K=3 standard deviation: 0.417627946762612
Wed Feb 19 19:56:00 2025: K=3 median: -3811829.266152
Wed Feb 19 19:56:00 2025: K=4 mean: -3746852.23388745
Wed Feb 19 19:56:00 2025: K=4 standard deviation: 11817.3227502648
Wed Feb 19 19:56:00 2025: K=4 median: -3743012.9179995
Wed Feb 19 19:56:00 2025: K=5 mean: -3712808.7414736
Wed Feb 19 19:56:00 2025: K=5 standard deviation: 0.355185316468157
Wed Feb 19 19:56:00 2025: K=5 median: -3712808.691529
Wed Feb 19 19:56:00 2025: K=6 mean: -3704871.90659915
Wed Feb 19 19:56:00 2025: K=6 standard deviation: 1084.74736184024
Wed Feb 19 19:56:00 2025: K=6 median: -3705279.0612725
Wed Feb 19 19:56:00 2025: K=7 mean: -3697733.83405465
Wed Feb 19 19:56:00 2025: K=7 standard deviation: 932.396652865986
Wed Feb 19 19:56:00 2025: K=7 median: -3697952.899831
Wed Feb 19 19:56:00 2025: K=8 mean: -3689541.44136195
Wed Feb 19 19:56:00 2025: K=8 standard deviation: 1761.32531100484
Wed Feb 19 19:56:00 2025: K=8 median: -3689714.851193
Wed Feb 19 19:56:00 2025: K=9 mean: -3682717.05918345
Wed Feb 19 19:56:00 2025: K=9 standard deviation: 2081.97135361585
Wed Feb 19 19:56:00 2025: K=9 median: -3683459.480912
Wed Feb 19 19:56:00 2025: K=10 mean: -3675259.8305566
Wed Feb 19 19:56:00 2025: K=10 standard deviation: 1675.73052036061
Wed Feb 19 19:56:00 2025: K=10 median: -3674435.1568655
Wed Feb 19 19:56:00 2025: K=11 mean: -3667415.94791595
Wed Feb 19 19:56:00 2025: K=11 standard deviation: 1708.93329488835
Wed Feb 19 19:56:00 2025: K=11 median: -3666580.873217
Wed Feb 19 19:56:00 2025: K=12 mean: -3661330.13526935
Wed Feb 19 19:56:00 2025: K=12 standard deviation: 2978.47182155507
Wed Feb 19 19:56:00 2025: K=12 median: -3660412.1809995
Wed Feb 19 19:56:00 2025: K=13 mean: -3653733.90704495
Wed Feb 19 19:56:00 2025: K=13 standard deviation: 1675.69825983414
Wed Feb 19 19:56:00 2025: K=13 median: -3653259.7809365
Wed Feb 19 19:56:00 2025: K=14 mean: -3647031.02435585
Wed Feb 19 19:56:00 2025: K=14 standard deviation: 1568.86368899232
Wed Feb 19 19:56:00 2025: K=14 median: -3646625.8767655
Wed Feb 19 19:56:00 2025: K=15 mean: -3640202.6550316
Wed Feb 19 19:56:00 2025: K=15 standard deviation: 1494.29523870404
Wed Feb 19 19:56:00 2025: K=15 median: -3639377.684279
Wed Feb 19 19:56:00 2025: K=16 mean: -3633815.14103845
Wed Feb 19 19:56:00 2025: K=16 standard deviation: 1607.68300273765
Wed Feb 19 19:56:00 2025: K=16 median: -3633506.510933
Wed Feb 19 19:56:00 2025: K=17 mean: -3626853.7723903
Wed Feb 19 19:56:00 2025: K=17 standard deviation: 1523.4957043648
Wed Feb 19 19:56:00 2025: K=17 median: -3626487.531826
Wed Feb 19 19:56:00 2025: K=18 mean: -3620618.5990368
Wed Feb 19 19:56:00 2025: K=18 standard deviation: 1581.92740634887
Wed Feb 19 19:56:00 2025: K=18 median: -3620025.5564235
Wed Feb 19 19:56:00 2025: K=19 mean: -3614542.1827437
Wed Feb 19 19:56:00 2025: K=19 standard deviation: 1530.79305400615
Wed Feb 19 19:56:00 2025: K=19 median: -3613842.344918
Wed Feb 19 19:56:00 2025: K=20 mean: -3608600.45650185
Wed Feb 19 19:56:00 2025: K=20 standard deviation: 2161.64105335707
Wed Feb 19 19:56:00 2025: K=20 median: -3607656.9556985
Wed Feb 19 19:56:00 2025: Calculating Best K by Evanno
Wed Feb 19 19:56:00 2025: Ln'(2) = 413379.518335699
Wed Feb 19 19:56:00 2025: Ln'(3) = 86270.2228126498
Wed Feb 19 19:56:00 2025: Ln'(4) = 64977.2500203499
Wed Feb 19 19:56:00 2025: Ln'(5) = 34043.49241385
Wed Feb 19 19:56:00 2025: Ln'(6) = 7936.83487445023
Wed Feb 19 19:56:00 2025: Ln'(7) = 7138.07254449977
Wed Feb 19 19:56:00 2025: Ln'(8) = 8192.39269270049
Wed Feb 19 19:56:00 2025: Ln'(9) = 6824.38217849983
Wed Feb 19 19:56:00 2025: Ln'(10) = 7457.22862685006
Wed Feb 19 19:56:00 2025: Ln'(11) = 7843.88264064956
Wed Feb 19 19:56:00 2025: Ln'(12) = 6085.81264659995
Wed Feb 19 19:56:00 2025: Ln'(13) = 7596.2282243995
Wed Feb 19 19:56:00 2025: Ln'(14) = 6702.88268910069
Wed Feb 19 19:56:00 2025: Ln'(15) = 6828.36932425015
Wed Feb 19 19:56:00 2025: Ln'(16) = 6387.51399315009
Wed Feb 19 19:56:00 2025: Ln'(17) = 6961.36864815
Wed Feb 19 19:56:00 2025: Ln'(18) = 6235.17335349973
Wed Feb 19 19:56:00 2025: Ln'(19) = 6076.41629310045
Wed Feb 19 19:56:00 2025: Ln'(20) = 5941.72624184983
Wed Feb 19 19:56:00 2025: |Ln''(K=2)| = 327109.295523049
Wed Feb 19 19:56:00 2025: |Ln''(K=3)| = 21292.9727922999
Wed Feb 19 19:56:00 2025: |Ln''(K=4)| = 30933.7576064998
Wed Feb 19 19:56:00 2025: |Ln''(K=5)| = 26106.6575393998
Wed Feb 19 19:56:00 2025: |Ln''(K=6)| = 798.762329950463
Wed Feb 19 19:56:00 2025: |Ln''(K=7)| = 1054.32014820073
Wed Feb 19 19:56:00 2025: |Ln''(K=8)| = 1368.01051420067
Wed Feb 19 19:56:00 2025: |Ln''(K=9)| = 632.846448350232
Wed Feb 19 19:56:00 2025: |Ln''(K=10)| = 386.654013799503
Wed Feb 19 19:56:00 2025: |Ln''(K=11)| = 1758.06999404961
Wed Feb 19 19:56:00 2025: |Ln''(K=12)| = 1510.41557779955
Wed Feb 19 19:56:00 2025: |Ln''(K=13)| = 893.345535298809
Wed Feb 19 19:56:00 2025: |Ln''(K=14)| = 125.486635149457
Wed Feb 19 19:56:00 2025: |Ln''(K=15)| = 440.855331100058
Wed Feb 19 19:56:00 2025: |Ln''(K=16)| = 573.854654999916
Wed Feb 19 19:56:00 2025: |Ln''(K=17)| = 726.195294650272
Wed Feb 19 19:56:00 2025: |Ln''(K=18)| = 158.757060399279
Wed Feb 19 19:56:00 2025: |Ln''(K=19)| = 134.690051250625
Wed Feb 19 19:56:00 2025: Delta(K=2) = 6398517.99944996
Wed Feb 19 19:56:00 2025: Delta(K=3) = 50985.5074531285
Wed Feb 19 19:56:00 2025: Delta(K=4) = 2.61766207627753
Wed Feb 19 19:56:00 2025: Delta(K=5) = 73501.5112645861
Wed Feb 19 19:56:00 2025: Delta(K=6) = 0.736357937386807
Wed Feb 19 19:56:00 2025: Delta(K=7) = 1.13076354892521
Wed Feb 19 19:56:00 2025: Delta(K=8) = 0.776693837108497
Wed Feb 19 19:56:00 2025: Delta(K=9) = 0.303965012415344
Wed Feb 19 19:56:00 2025: Delta(K=10) = 0.230737585251057
Wed Feb 19 19:56:00 2025: Delta(K=11) = 1.02875284793633
Wed Feb 19 19:56:00 2025: Delta(K=12) = 0.507110917373377
Wed Feb 19 19:56:00 2025: Delta(K=13) = 0.533118376208873
Wed Feb 19 19:56:00 2025: Delta(K=14) = 0.0799856839251957
Wed Feb 19 19:56:00 2025: Delta(K=15) = 0.295025587769655
Wed Feb 19 19:56:00 2025: Delta(K=16) = 0.356945152758798
Wed Feb 19 19:56:00 2025: Delta(K=17) = 0.476663828174724
Wed Feb 19 19:56:00 2025: Delta(K=18) = 0.10035672924189
Wed Feb 19 19:56:00 2025: Delta(K=19) = 0.0879871063551901
Wed Feb 19 19:56:00 2025: Max Delta K: 6398517.99944996
Wed Feb 19 19:56:00 2025: Optimal K by Evanno is: 2
Wed Feb 19 19:56:00 2025: Using median values of Ln Prob of Data to calculate Prob(K=k):
Wed Feb 19 19:56:00 2025: Prob(K=1) = 0
Wed Feb 19 19:56:00 2025: Prob(K=10) = 0
Wed Feb 19 19:56:00 2025: Prob(K=11) = 0
Wed Feb 19 19:56:00 2025: Prob(K=12) = 0
Wed Feb 19 19:56:00 2025: Prob(K=13) = 0
Wed Feb 19 19:56:00 2025: Prob(K=14) = 0
Wed Feb 19 19:56:00 2025: Prob(K=15) = 0
Wed Feb 19 19:56:00 2025: Prob(K=16) = 0
Wed Feb 19 19:56:00 2025: Prob(K=17) = 0
Wed Feb 19 19:56:00 2025: Prob(K=18) = 0
Wed Feb 19 19:56:00 2025: Prob(K=19) = 0
Wed Feb 19 19:56:00 2025: Prob(K=2) = 0
Wed Feb 19 19:56:00 2025: Prob(K=20) = 1
Wed Feb 19 19:56:00 2025: Prob(K=3) = 0
Wed Feb 19 19:56:00 2025: Prob(K=4) = 0
Wed Feb 19 19:56:00 2025: Prob(K=5) = 0
Wed Feb 19 19:56:00 2025: Prob(K=6) = 0
Wed Feb 19 19:56:00 2025: Prob(K=7) = 0
Wed Feb 19 19:56:00 2025: Prob(K=8) = 0
Wed Feb 19 19:56:00 2025: Prob(K=9) = 0
Wed Feb 19 19:56:00 2025: Max Probability: 1
Wed Feb 19 19:56:00 2025: The k for which Prob(K=k) obtains the highest value is: 20
Wed Feb 19 19:56:00 2025: Creating job zip file
