1        1   (0)      1  : 0.0903 0.0302 0.0000 0.0008 0.0004 0.0000 0.4430 0.0000 0.3883 0.0379 0.0000 0.0000 0.0040 0.0050
2        2   (0)      1  : 0.3346 0.0000 0.0000 0.0950 0.0000 0.0000 0.0357 0.0000 0.3944 0.0262 0.0000 0.0821 0.0015 0.0305
3        3   (0)      1  : 0.0000 0.0009 0.0000 0.0234 0.2155 0.0000 0.0131 0.0002 0.0280 0.5204 0.0852 0.0383 0.0000 0.0748
4        4   (0)      1  : 0.1212 0.0000 0.0000 0.0005 0.0000 0.0000 0.2251 0.0000 0.5738 0.0006 0.0000 0.0780 0.0000 0.0007
5        5   (0)      1  : 0.0169 0.0000 0.0000 0.0616 0.0182 0.0000 0.0000 0.0000 0.7679 0.0063 0.0000 0.0761 0.0013 0.0517
6        6   (0)      1  : 0.2282 0.0286 0.0000 0.0025 0.0131 0.0000 0.3433 0.0121 0.0341 0.2939 0.0000 0.0155 0.0000 0.0286
7        7   (0)      1  : 0.0000 0.0000 0.0000 0.0364 0.6691 0.0000 0.0000 0.0000 0.0986 0.0000 0.0719 0.0780 0.0134 0.0327
8        8   (0)      2  : 0.1003 0.0000 0.0000 0.0000 0.0000 0.0000 0.0000 0.0000 0.7998 0.0175 0.0000 0.0510 0.0000 0.0314
9        9   (0)      1  : 0.3495 0.0000 0.0000 0.0000 0.0169 0.0000 0.0000 0.0000 0.5916 0.0065 0.0000 0.0163 0.0151 0.0041
10       10   (0)      3  : 0.0336 0.0000 0.0000 0.4417 0.0000 0.0000 0.3865 0.0000 0.0000 0.0062 0.0000 0.0647 0.0000 0.0673
11       11   (0)      4  : 0.0000 0.0065 0.0157 0.2000 0.0000 0.0030 0.0000 0.0000 0.0896 0.0667 0.0122 0.2311 0.0000 0.3752
12       12   (0)      4  : 0.3977 0.0000 0.0052 0.3256 0.0004 0.0000 0.1043 0.0000 0.0336 0.0456 0.0053 0.0569 0.0221 0.0033
13       13   (0)      4  : 0.0000 0.0000 0.0104 0.2842 0.0111 0.0000 0.3622 0.0000 0.1129 0.0367 0.0000 0.1240 0.0009 0.0576
14       14   (0)      4  : 0.0000 0.0000 0.0000 0.1773 0.0000 0.0000 0.0000 0.0000 0.1685 0.0667 0.0000 0.2000 0.0000 0.3875
15       15   (0)      4  : 0.1930 0.0006 0.0058 0.4976 0.0000 0.0000 0.0000 0.0000 0.1952 0.0270 0.0033 0.0113 0.0019 0.0642
16       16   (0)      4  : 0.0096 0.0000 0.0000 0.0000 0.1140 0.0000 0.2738 0.0000 0.0000 0.6027 0.0000 0.0000 0.0000 0.0000
17       17   (0)      5  : 0.2325 0.0000 0.0070 0.2426 0.0000 0.0000 0.2371 0.0000 0.2106 0.0478 0.0000 0.0225 0.0000 0.0000
18       18   (0)      4  : 0.0085 0.0000 0.0000 0.3685 0.0000 0.0000 0.4345 0.0000 0.0395 0.0491 0.0000 0.0227 0.0000 0.0772
19       19   (0)      5  : 0.2023 0.0000 0.0000 0.3736 0.0000 0.0000 0.0462 0.0000 0.2616 0.0387 0.0000 0.0118 0.0000 0.0658
20       20   (0)      5  : 0.2647 0.0000 0.0000 0.6111 0.0000 0.0000 0.0000 0.0000 0.0033 0.0147 0.0000 0.0877 0.0000 0.0184
21       21   (0)      5  : 0.0000 0.0000 0.0000 0.6164 0.0000 0.0000 0.3026 0.0000 0.0000 0.0000 0.0000 0.0353 0.0000 0.0457
22       22   (0)      5  : 0.3085 0.0000 0.0000 0.6077 0.0000 0.0000 0.0000 0.0000 0.0000 0.0144 0.0000 0.0031 0.0000 0.0663
23       23   (0)      5  : 0.0000 0.0000 0.0000 0.3180 0.0000 0.0000 0.6119 0.0000 0.0000 0.0058 0.0000 0.0271 0.0000 0.0372
24       24   (0)      5  : 0.0000 0.0000 0.0000 0.5857 0.0000 0.0000 0.3433 0.0000 0.0000 0.0036 0.0000 0.0043 0.0000 0.0631
25       25   (0)      5  : 0.1919 0.0000 0.0000 0.4366 0.0094 0.0000 0.1679 0.0000 0.0112 0.0522 0.0000 0.0895 0.0000 0.0414
26       26   (0)      5  : 0.0000 0.0000 0.0000 0.5112 0.0064 0.0004 0.3858 0.0000 0.0000 0.0112 0.0000 0.0114 0.0000 0.0737
27       27   (0)      5  : 0.0490 0.0000 0.0350 0.6298 0.0000 0.0095 0.0000 0.0000 0.1412 0.0331 0.0000 0.0805 0.0000 0.0219
28       28   (0)      5  : 0.0043 0.0000 0.0000 0.4099 0.0000 0.0000 0.4942 0.0000 0.0000 0.0076 0.0000 0.0267 0.0000 0.0573
29       29   (0)      5  : 0.0386 0.0000 0.0000 0.7740 0.0000 0.0000 0.0000 0.0000 0.0000 0.0235 0.0000 0.0424 0.0000 0.1215
30       30   (0)      5  : 0.5741 0.0000 0.0000 0.3283 0.0000 0.0000 0.0000 0.0000 0.0000 0.0529 0.0000 0.0194 0.0000 0.0253
31       31   (0)      5  : 0.1770 0.0000 0.0153 0.3434 0.0000 0.0000 0.2454 0.0000 0.0736 0.0638 0.0000 0.0242 0.0000 0.0573
32       32   (0)      5  : 0.0508 0.0000 0.0000 0.6052 0.0051 0.0000 0.1787 0.0000 0.0000 0.0247 0.0000 0.1057 0.0000 0.0297
33       33   (0)      5  : 0.2080 0.0000 0.0079 0.1358 0.0000 0.0000 0.5668 0.0000 0.0000 0.0499 0.0000 0.0035 0.0007 0.0273
34       34   (0)      5  : 0.1591 0.0000 0.0000 0.3329 0.0000 0.0000 0.4373 0.0000 0.0000 0.0364 0.0000 0.0000 0.0000 0.0343
35       35   (0)      5  : 0.5189 0.0000 0.0000 0.3065 0.0000 0.0000 0.0780 0.0000 0.0029 0.0544 0.0000 0.0194 0.0000 0.0199
36       36   (0)      5  : 0.1574 0.0000 0.0225 0.6416 0.0000 0.0000 0.0000 0.0000 0.0000 0.0284 0.0000 0.0280 0.0000 0.1222
37       37   (0)      5  : 0.2578 0.0000 0.0040 0.5324 0.0000 0.0000 0.0874 0.0000 0.0000 0.0286 0.0000 0.0287 0.0000 0.0611
38       38   (0)      5  : 0.0123 0.0000 0.0000 0.6073 0.0000 0.0000 0.2682 0.0000 0.0008 0.0289 0.0000 0.0040 0.0000 0.0784
39       39   (0)      5  : 0.1000 0.0000 0.0058 0.4905 0.0000 0.0000 0.0898 0.0000 0.0000 0.0574 0.0000 0.0574 0.0000 0.1992
40       40   (0)      5  : 0.3427 0.0000 0.0000 0.4731 0.0019 0.0000 0.0262 0.0000 0.0000 0.0443 0.0000 0.0419 0.0000 0.0698
41       41   (0)      5  : 0.0000 0.0000 0.0000 0.4589 0.0000 0.0000 0.4607 0.0000 0.0000 0.0000 0.0000 0.0299 0.0000 0.0505
42       42   (0)      5  : 0.5398 0.0000 0.0000 0.3927 0.0000 0.0000 0.0000 0.0000 0.0000 0.0371 0.0000 0.0185 0.0000 0.0119
43       43   (0)      5  : 0.0000 0.0000 0.0000 0.0000 0.0884 0.0244 0.0231 0.0000 0.0000 0.8622 0.0000 0.0000 0.0000 0.0020
44       44   (0)      5  : 0.0250 0.0000 0.0000 0.3897 0.0003 0.0000 0.4262 0.0000 0.0047 0.0228 0.0000 0.0573 0.0000 0.0740
45       45   (0)      4  : 0.0000 0.0000 0.0000 0.4732 0.0000 0.0000 0.0000 0.0000 0.0363 0.0467 0.0000 0.1423 0.0073 0.2942
46       46   (0)      4  : 0.2260 0.0000 0.0000 0.2486 0.0283 0.0000 0.1526 0.0002 0.1416 0.0654 0.0000 0.0767 0.0000 0.0606
47       47   (0)      4  : 0.0051 0.0000 0.0000 0.2876 0.0000 0.0000 0.6558 0.0000 0.0000 0.0270 0.0000 0.0047 0.0000 0.0198
48       48   (0)      4  : 0.4503 0.0000 0.0149 0.2785 0.0000 0.0000 0.0000 0.0000 0.0199 0.0518 0.0000 0.0807 0.0000 0.1039
49       49   (0)      5  : 0.2001 0.0000 0.0000 0.3153 0.0057 0.0000 0.2582 0.0000 0.0256 0.0617 0.0005 0.0506 0.0394 0.0429
50       50   (0)      4  : 0.0000 0.0000 0.0000 0.2781 0.0000 0.0000 0.5415 0.0000 0.0160 0.0024 0.0000 0.1447 0.0000 0.0172
51       51   (0)      4  : 0.0306 0.0000 0.0007 0.0013 0.0527 0.0005 0.1941 0.0000 0.0110 0.6974 0.0000 0.0102 0.0008 0.0007
52       52   (0)      4  : 0.3007 0.0201 0.0000 0.4131 0.0176 0.0000 0.0136 0.0029 0.0786 0.0604 0.0000 0.0519 0.0384 0.0027
53       53   (0)      4  : 0.0000 0.0000 0.0000 0.0107 0.1520 0.0046 0.1100 0.0000 0.0041 0.6878 0.0000 0.0269 0.0038 0.0000
54       54   (0)      4  : 0.2286 0.0000 0.0176 0.5076 0.0000 0.0000 0.0000 0.0000 0.0636 0.0326 0.0000 0.0653 0.0060 0.0787
55       55   (0)      4  : 0.0315 0.0000 0.0000 0.0000 0.0665 0.0009 0.0248 0.0010 0.0003 0.8686 0.0000 0.0000 0.0000 0.0066
56       56   (0)      4  : 0.0853 0.0000 0.0040 0.0588 0.0636 0.0000 0.0124 0.0001 0.0102 0.7342 0.0000 0.0095 0.0009 0.0211
57       57   (0)      4  : 0.0785 0.0000 0.0000 0.5637 0.0000 0.0000 0.0006 0.0000 0.0758 0.0471 0.0000 0.0582 0.0000 0.1762
58       58   (0)      5  : 0.2450 0.0000 0.0000 0.3294 0.0391 0.0000 0.1003 0.0000 0.0810 0.0698 0.0000 0.0723 0.0012 0.0619
59       59   (0)      4  : 0.1149 0.0000 0.0000 0.0054 0.1311 0.0008 0.2855 0.0408 0.0004 0.4210 0.0000 0.0000 0.0000 0.0000
60       60   (0)      4  : 0.0000 0.0000 0.0000 0.0306 0.0719 0.0000 0.0997 0.0003 0.0000 0.7055 0.0092 0.0312 0.0000 0.0516
61       61   (0)      4  : 0.2357 0.0000 0.0000 0.2703 0.0000 0.0000 0.1780 0.0000 0.1956 0.0750 0.0000 0.0030 0.0000 0.0424
62       62   (0)      5  : 0.0352 0.0000 0.0000 0.3282 0.0000 0.0000 0.3334 0.0008 0.1664 0.0540 0.0000 0.0165 0.0000 0.0654
63       63   (0)      6  : 0.0072 0.0000 0.0000 0.1125 0.0342 0.0145 0.1307 0.0010 0.0761 0.5288 0.0000 0.0135 0.0000 0.0815
64       64   (0)      6  : 0.0027 0.0113 0.0000 0.0050 0.2001 0.0000 0.1151 0.0006 0.0046 0.6321 0.0000 0.0000 0.0000 0.0284
65       65   (0)      6  : 0.0288 0.0000 0.0407 0.0075 0.0000 0.0000 0.0000 0.0000 0.8904 0.0030 0.0000 0.0136 0.0160 0.0000
66       66   (0)      6  : 0.1597 0.0000 0.0000 0.2926 0.0000 0.0000 0.2818 0.0000 0.2007 0.0249 0.0000 0.0404 0.0000 0.0000
67       67   (0)      6  : 0.0000 0.0006 0.0000 0.1740 0.0006 0.0000 0.0000 0.0000 0.1786 0.0667 0.0000 0.2046 0.0034 0.3715
68       68   (0)      6  : 0.0000 0.0000 0.0288 0.0000 0.0000 0.0000 0.3568 0.0000 0.6040 0.0000 0.0000 0.0104 0.0000 0.0000
69       69   (0)      6  : 0.1128 0.0000 0.0000 0.0437 0.0000 0.0000 0.3854 0.0000 0.4086 0.0430 0.0000 0.0053 0.0012 0.0000
70       70   (0)      6  : 0.0893 0.0118 0.0000 0.0850 0.0072 0.0000 0.4154 0.0043 0.2356 0.1161 0.0000 0.0000 0.0193 0.0159
71       71   (0)      6  : 0.0000 0.0000 0.0273 0.0864 0.0000 0.0000 0.8373 0.0000 0.0000 0.0011 0.0000 0.0082 0.0046 0.0351
72       72   (0)      6  : 0.0769 0.0000 0.0000 0.1572 0.0000 0.0000 0.3826 0.0000 0.3446 0.0214 0.0000 0.0000 0.0000 0.0172
73       73   (0)      7  : 0.4269 0.0000 0.0161 0.4241 0.0000 0.0115 0.0000 0.0000 0.0010 0.0634 0.0000 0.0000 0.0000 0.0571
74       74   (0)      7  : 0.4182 0.0000 0.0000 0.2385 0.0000 0.0000 0.0110 0.0000 0.1347 0.0954 0.0000 0.0028 0.0718 0.0275
75       75   (0)      7  : 0.0695 0.0000 0.0003 0.2787 0.0020 0.0000 0.1617 0.0000 0.3355 0.0504 0.0000 0.0609 0.0068 0.0342
76       76   (0)      7  : 0.3314 0.0000 0.0000 0.3413 0.0068 0.0000 0.0000 0.0089 0.1991 0.0494 0.0000 0.0262 0.0000 0.0370
77       77   (0)      7  : 0.0841 0.0000 0.0097 0.7072 0.0000 0.0000 0.0000 0.0000 0.0314 0.0000 0.0000 0.1595 0.0000 0.0081
78       78   (0)      7  : 0.0551 0.0000 0.0000 0.3852 0.0102 0.0000 0.0780 0.0000 0.2882 0.0377 0.0000 0.0858 0.0196 0.0402
79       79   (0)      7  : 0.3136 0.0000 0.0000 0.4665 0.0000 0.0005 0.0003 0.0045 0.0430 0.0709 0.0000 0.0367 0.0077 0.0564
80       80   (0)      7  : 0.5127 0.0000 0.0008 0.1637 0.0000 0.0000 0.0000 0.0000 0.1759 0.0519 0.0000 0.0664 0.0225 0.0061
81       81   (0)      7  : 0.2141 0.0000 0.0000 0.4944 0.0000 0.0000 0.0312 0.0000 0.1817 0.0478 0.0000 0.0217 0.0000 0.0091
82       82   (0)      7  : 0.0820 0.0000 0.0000 0.7425 0.0000 0.0000 0.0000 0.0000 0.0892 0.0083 0.0000 0.0440 0.0000 0.0340
83       83   (0)      7  : 0.4832 0.0069 0.0007 0.1734 0.0544 0.0000 0.0350 0.0000 0.0685 0.0940 0.0000 0.0433 0.0009 0.0398
84       84   (0)      7  : 0.1455 0.0000 0.0000 0.0002 0.1243 0.0007 0.0066 0.0000 0.0306 0.6842 0.0000 0.0006 0.0000 0.0072
85       85   (0)      7  : 0.3749 0.0000 0.0000 0.3979 0.0000 0.0000 0.0000 0.0000 0.0544 0.0690 0.0000 0.0052 0.0509 0.0477
86       86   (0)      7  : 0.0600 0.0000 0.0000 0.6134 0.0000 0.0000 0.0000 0.0000 0.2184 0.0181 0.0000 0.0479 0.0000 0.0423
87       87   (0)      7  : 0.1517 0.0000 0.0000 0.0000 0.0660 0.0029 0.0698 0.0012 0.0000 0.7061 0.0004 0.0000 0.0000 0.0020
88       88   (0)      7  : 0.0466 0.0000 0.0043 0.2396 0.0000 0.0000 0.5626 0.0000 0.0779 0.0468 0.0000 0.0073 0.0000 0.0149
89       89   (0)      7  : 0.0000 0.0010 0.0000 0.0000 0.0650 0.0087 0.0812 0.0000 0.0122 0.8014 0.0083 0.0094 0.0000 0.0128
90       90   (0)      7  : 0.2535 0.0010 0.0000 0.5167 0.0000 0.0000 0.0000 0.0000 0.0268 0.0647 0.0000 0.0539 0.0033 0.0800
91       91   (0)      7  : 0.3134 0.0000 0.0172 0.2303 0.0000 0.0079 0.2783 0.0000 0.0524 0.0842 0.0000 0.0000 0.0000 0.0163
92       92   (0)      7  : 0.3293 0.0000 0.0561 0.4578 0.0000 0.0000 0.0000 0.0000 0.0452 0.0494 0.0000 0.0385 0.0000 0.0237
93       93   (0)      7  : 0.0834 0.0000 0.0352 0.5200 0.0369 0.0000 0.0000 0.0000 0.1507 0.0152 0.0000 0.0937 0.0000 0.0650
94       94   (0)      7  : 0.2452 0.0000 0.0000 0.2797 0.0000 0.0000 0.1997 0.0000 0.1478 0.0612 0.0000 0.0001 0.0000 0.0663
95       95   (0)      7  : 0.0535 0.0000 0.0000 0.5751 0.0000 0.0000 0.0000 0.0003 0.1929 0.0339 0.0000 0.0372 0.0000 0.1071
96       96   (0)      7  : 0.0406 0.0000 0.0000 0.4901 0.0414 0.0000 0.1938 0.0237 0.0503 0.0452 0.0000 0.0806 0.0000 0.0343
97       97   (0)      7  : 0.0189 0.0000 0.0000 0.7379 0.0000 0.0000 0.0000 0.0000 0.0532 0.0193 0.0000 0.0778 0.0000 0.0928
98       98   (0)      7  : 0.0000 0.0000 0.0000 0.7099 0.0000 0.0000 0.0000 0.0062 0.0766 0.0005 0.0000 0.1437 0.0000 0.0631
99       99   (0)      7  : 0.0000 0.0000 0.0000 0.7428 0.0025 0.0000 0.0000 0.0000 0.0267 0.0328 0.0000 0.0936 0.0000 0.1015
100      100   (0)      7  : 0.0058 0.0000 0.0000 0.0121 0.0771 0.0024 0.0000 0.0000 0.2440 0.6462 0.0000 0.0059 0.0000 0.0065
101      101   (0)      6  : 0.2968 0.0000 0.0000 0.0900 0.0000 0.0000 0.0000 0.0000 0.5722 0.0387 0.0000 0.0000 0.0000 0.0023
102      102   (0)      6  : 0.0101 0.0000 0.0518 0.1355 0.0000 0.0000 0.1470 0.0141 0.5281 0.0300 0.0000 0.0151 0.0254 0.0428
103      103   (0)      6  : 0.0069 0.0000 0.0000 0.0041 0.0000 0.0000 0.6346 0.0000 0.2797 0.0405 0.0000 0.0034 0.0130 0.0177
104      104   (0)      6  : 0.4230 0.0000 0.0000 0.0234 0.0000 0.0000 0.0000 0.0000 0.5090 0.0377 0.0000 0.0040 0.0000 0.0028
105      105   (0)      6  : 0.0000 0.0000 0.0000 0.0054 0.0000 0.0000 0.6521 0.0000 0.3312 0.0099 0.0000 0.0003 0.0000 0.0010
106      106   (0)      6  : 0.0302 0.0000 0.0000 0.1131 0.0000 0.0000 0.1558 0.0000 0.5900 0.0133 0.0000 0.0433 0.0000 0.0543
107      107   (0)      6  : 0.2159 0.0005 0.0241 0.0217 0.0000 0.0000 0.2270 0.0000 0.4346 0.0569 0.0000 0.0031 0.0040 0.0122
108      108   (0)      6  : 0.1210 0.0000 0.0000 0.0364 0.0185 0.0000 0.3434 0.0000 0.4377 0.0185 0.0000 0.0245 0.0000 0.0001
109      109   (0)      6  : 0.0102 0.0000 0.0000 0.0000 0.0773 0.0000 0.0310 0.0000 0.0148 0.8575 0.0058 0.0017 0.0000 0.0018
110      110   (0)      7  : 0.1507 0.0000 0.0000 0.2527 0.0002 0.0000 0.3169 0.0000 0.1707 0.0876 0.0000 0.0016 0.0000 0.0196
111      111   (0)      7  : 0.0000 0.0000 0.0000 0.1504 0.0028 0.0000 0.0000 0.0000 0.1975 0.1090 0.0210 0.1821 0.0000 0.3372
112      112   (0)      6  : 0.0253 0.0000 0.0000 0.0161 0.0000 0.0000 0.0159 0.0000 0.7836 0.0568 0.0025 0.0358 0.0000 0.0641
113      113   (0)      6  : 0.0000 0.0000 0.0000 0.0000 0.0000 0.0000 0.0000 0.0000 0.8741 0.0000 0.0000 0.0050 0.1147 0.0062
114      114   (0)      6  : 0.0000 0.0000 0.0000 0.0000 0.0723 0.0150 0.0012 0.0000 0.1364 0.7239 0.0259 0.0079 0.0000 0.0175
115      115   (0)      6  : 0.0519 0.0000 0.0000 0.2593 0.0000 0.0000 0.0000 0.0000 0.5653 0.0070 0.0005 0.0326 0.0675 0.0160
116      116   (0)      6  : 0.0000 0.0000 0.0000 0.0258 0.1875 0.0035 0.0000 0.0000 0.2409 0.3380 0.0994 0.0364 0.0000 0.0686
117      117   (0)      6  : 0.0462 0.0000 0.0000 0.1651 0.0006 0.0000 0.1302 0.0000 0.4802 0.0739 0.0286 0.0290 0.0006 0.0456
118      118   (0)      6  : 0.0000 0.0000 0.0000 0.0000 0.0000 0.0000 0.2426 0.0000 0.7217 0.0000 0.0000 0.0303 0.0033 0.0020
119      119   (0)      6  : 0.0235 0.0000 0.0100 0.0000 0.0000 0.0000 0.1635 0.0000 0.7863 0.0167 0.0000 0.0000 0.0000 0.0000
120      120   (0)      6  : 0.0300 0.0000 0.0000 0.0889 0.0000 0.0000 0.0000 0.0000 0.8586 0.0139 0.0000 0.0087 0.0000 0.0000
121      121   (0)      6  : 0.0358 0.0000 0.0000 0.0000 0.0000 0.0000 0.0000 0.0000 0.9123 0.0359 0.0000 0.0000 0.0053 0.0107
122      122   (0)      6  : 0.0000 0.0000 0.0000 0.0000 0.1381 0.0177 0.0000 0.0000 0.2238 0.5771 0.0290 0.0004 0.0105 0.0033
123      123   (0)      8  : 0.0088 0.0000 0.0000 0.2121 0.0706 0.0000 0.4217 0.0000 0.1189 0.0217 0.0000 0.0676 0.0000 0.0786
124      124   (0)      8  : 0.2593 0.0000 0.0000 0.1565 0.0006 0.0014 0.4017 0.0000 0.0018 0.0808 0.0008 0.0103 0.0000 0.0866
125      125   (0)      8  : 0.0000 0.0000 0.0000 0.1310 0.0505 0.0000 0.7001 0.0000 0.0000 0.0021 0.0000 0.0656 0.0000 0.0506
126      126   (0)      8  : 0.5069 0.0000 0.0028 0.3051 0.0000 0.0000 0.0198 0.0000 0.0000 0.0717 0.0000 0.0083 0.0022 0.0833
127      127   (0)      8  : 0.4109 0.0000 0.0000 0.3500 0.0000 0.0124 0.0000 0.0000 0.0000 0.0412 0.0000 0.0431 0.0000 0.1424
128      128   (0)      8  : 0.0000 0.0000 0.0000 0.3979 0.0000 0.0000 0.4670 0.0000 0.0000 0.0046 0.0000 0.0574 0.0000 0.0730
129      129   (0)      8  : 0.1649 0.0000 0.0000 0.2174 0.0193 0.0000 0.4659 0.0000 0.0000 0.0315 0.0000 0.0325 0.0051 0.0633
130      130   (0)      8  : 0.0000 0.0000 0.0000 0.0930 0.0432 0.0000 0.6375 0.0000 0.0710 0.0141 0.0000 0.0341 0.0011 0.1061
131      131   (0)      8  : 0.2437 0.0000 0.0025 0.2427 0.0000 0.0000 0.0919 0.0042 0.1135 0.0325 0.0000 0.1224 0.0000 0.1465
132      132   (0)      8  : 0.2215 0.0000 0.0000 0.3008 0.0000 0.0000 0.3842 0.0000 0.0000 0.0324 0.0000 0.0170 0.0000 0.0441
133      133   (0)      8  : 0.3649 0.0000 0.0000 0.1478 0.0176 0.0000 0.3602 0.0000 0.0000 0.0293 0.0000 0.0379 0.0000 0.0422
134      134   (0)      8  : 0.1038 0.0000 0.0000 0.4414 0.0000 0.0001 0.2410 0.0109 0.0000 0.0873 0.0000 0.0154 0.0000 0.1001
135      135   (0)      8  : 0.0390 0.0000 0.0000 0.2306 0.0000 0.0111 0.0000 0.0000 0.0559 0.0691 0.0025 0.1981 0.0000 0.3936
136      136   (0)      8  : 0.0307 0.0000 0.0000 0.0263 0.0000 0.0000 0.8978 0.0000 0.0000 0.0173 0.0000 0.0061 0.0000 0.0218
137      137   (0)      8  : 0.3496 0.0000 0.0000 0.2896 0.0394 0.0000 0.0000 0.0000 0.0840 0.0278 0.0000 0.1229 0.0095 0.0772
138      138   (0)      8  : 0.5616 0.0000 0.0000 0.2588 0.0000 0.0000 0.0297 0.0000 0.0000 0.0462 0.0000 0.0224 0.0000 0.0812
139      139   (0)      8  : 0.5967 0.0000 0.0000 0.2431 0.0014 0.0000 0.0280 0.0000 0.0000 0.0554 0.0000 0.0431 0.0000 0.0323
140      140   (0)      8  : 0.6792 0.0000 0.0002 0.2315 0.0000 0.0000 0.0000 0.0000 0.0001 0.0376 0.0000 0.0040 0.0000 0.0474
141      141   (0)      8  : 0.3476 0.0000 0.0150 0.1810 0.0000 0.0000 0.3239 0.0000 0.0000 0.0301 0.0000 0.0189 0.0000 0.0834
142      142   (0)      8  : 0.0083 0.0000 0.0019 0.4691 0.0000 0.0000 0.3533 0.0000 0.0000 0.0000 0.0000 0.1284 0.0000 0.0391
143      143   (0)      8  : 0.5891 0.0000 0.0148 0.2071 0.0000 0.0000 0.0886 0.0001 0.0067 0.0438 0.0000 0.0341 0.0000 0.0156
144      144   (0)      8  : 0.0249 0.0000 0.0000 0.1553 0.0028 0.0000 0.0000 0.0006 0.1432 0.0808 0.0000 0.2125 0.0000 0.3799
145      145   (0)      8  : 0.4038 0.0000 0.0000 0.2510 0.0000 0.0063 0.0640 0.0031 0.0221 0.0426 0.0000 0.1369 0.0069 0.0632
146      146   (0)      3  : 0.0752 0.0000 0.0000 0.3054 0.0000 0.0000 0.5141 0.0000 0.0000 0.0043 0.0000 0.0436 0.0008 0.0565
147      147   (0)      3  : 0.1229 0.0000 0.0000 0.0149 0.1583 0.0000 0.2311 0.0000 0.0000 0.4659 0.0000 0.0000 0.0000 0.0069
148      148   (0)      3  : 0.0602 0.0000 0.0000 0.0051 0.0000 0.0000 0.8706 0.0000 0.0000 0.0141 0.0000 0.0500 0.0000 0.0000
149      149   (0)      3  : 0.4933 0.0000 0.0000 0.3079 0.0018 0.0000 0.0640 0.0000 0.0000 0.0685 0.0000 0.0076 0.0000 0.0568
150      150   (0)      3  : 0.2538 0.0000 0.0191 0.2356 0.0010 0.0000 0.4258 0.0000 0.0000 0.0066 0.0000 0.0494 0.0000 0.0087
151      151   (0)      3  : 0.0000 0.0000 0.0251 0.1442 0.0013 0.0000 0.5707 0.0000 0.0028 0.0791 0.0000 0.0574 0.0000 0.1194
152      152   (0)      3  : 0.5108 0.0000 0.0015 0.3184 0.0000 0.0000 0.0000 0.0000 0.0000 0.0405 0.0000 0.0254 0.0000 0.1034
153      153   (0)      3  : 0.3516 0.0000 0.0000 0.3302 0.0000 0.0000 0.1494 0.0000 0.0000 0.0411 0.0000 0.0185 0.0000 0.1092
154      154   (0)      3  : 0.2138 0.0000 0.0000 0.4613 0.0002 0.0000 0.2392 0.0000 0.0000 0.0123 0.0000 0.0210 0.0000 0.0522
155      155   (0)      3  : 0.3303 0.0000 0.0000 0.4438 0.0000 0.0000 0.0761 0.0000 0.0000 0.0337 0.0000 0.0158 0.0000 0.1003
156      156   (0)      3  : 0.2670 0.0000 0.0000 0.4565 0.0308 0.0041 0.0000 0.0000 0.0000 0.0457 0.0000 0.0426 0.0000 0.1533
157      157   (0)      3  : 0.3983 0.0000 0.0000 0.3463 0.1020 0.0000 0.0094 0.0000 0.0000 0.0487 0.0000 0.0313 0.0000 0.0640
158      158   (0)      3  : 0.5435 0.0000 0.0009 0.2761 0.0009 0.0000 0.0216 0.0000 0.0000 0.0401 0.0000 0.0397 0.0000 0.0773
159      159   (0)      3  : 0.4914 0.0000 0.0000 0.3459 0.0002 0.0000 0.0202 0.0000 0.0331 0.0336 0.0000 0.0245 0.0000 0.0511
160      160   (0)      3  : 0.2474 0.0000 0.0000 0.0086 0.2011 0.0020 0.0000 0.0000 0.0000 0.5303 0.0013 0.0000 0.0000 0.0092
161      161   (0)      3  : 0.2885 0.0000 0.0448 0.1466 0.0000 0.0000 0.1994 0.0000 0.1009 0.0169 0.0000 0.1152 0.0000 0.0878
162      162   (0)      3  : 0.0971 0.0000 0.0000 0.1629 0.0000 0.0000 0.6331 0.0000 0.0000 0.0202 0.0000 0.0104 0.0000 0.0763
163      163   (0)      3  : 0.6187 0.0000 0.0000 0.2940 0.0000 0.0000 0.0007 0.0000 0.0000 0.0134 0.0000 0.0345 0.0000 0.0386
164      164   (0)      3  : 0.2730 0.0000 0.0033 0.3839 0.0000 0.0000 0.2241 0.0000 0.0000 0.0156 0.0000 0.0740 0.0000 0.0261
165      165   (0)      3  : 0.4931 0.0000 0.0000 0.3741 0.0000 0.0000 0.0000 0.0000 0.0000 0.0279 0.0000 0.0252 0.0000 0.0797
166      166   (0)      3  : 0.0000 0.0000 0.0000 0.1372 0.0096 0.0000 0.6901 0.0000 0.0000 0.0157 0.0000 0.0276 0.0000 0.1198
167      167   (0)      3  : 0.3704 0.0000 0.0000 0.4671 0.0000 0.0000 0.0403 0.0000 0.0000 0.0223 0.0000 0.0731 0.0000 0.0268
168      168   (0)      3  : 0.4787 0.0000 0.0000 0.1291 0.0000 0.0000 0.2875 0.0068 0.0075 0.0391 0.0000 0.0083 0.0000 0.0428
169      169   (0)      3  : 0.4207 0.0000 0.0000 0.3630 0.0096 0.0000 0.0066 0.0000 0.0063 0.0329 0.0000 0.0570 0.0000 0.1039
170      170   (0)      3  : 0.4254 0.0000 0.0000 0.4101 0.0000 0.0000 0.0000 0.0000 0.0016 0.0245 0.0000 0.0792 0.0000 0.0592
171      171   (0)      3  : 0.6757 0.0000 0.0000 0.2113 0.0000 0.0000 0.0000 0.0000 0.0000 0.0545 0.0000 0.0151 0.0000 0.0434
172      172   (0)      3  : 0.4529 0.0000 0.0000 0.3947 0.0000 0.0000 0.0117 0.0000 0.0000 0.0140 0.0000 0.0596 0.0010 0.0661
173      173   (0)      3  : 0.4956 0.0000 0.0000 0.3118 0.0000 0.0000 0.0000 0.0000 0.0263 0.0331 0.0000 0.0372 0.0000 0.0960
174      174   (0)      3  : 0.2336 0.0000 0.0000 0.3350 0.0006 0.0000 0.3105 0.0000 0.0000 0.0057 0.0000 0.0835 0.0000 0.0312
175      175   (0)      8  : 0.0335 0.0000 0.0000 0.4072 0.0000 0.0000 0.4379 0.0000 0.0000 0.0062 0.0000 0.0787 0.0000 0.0367
176      176   (0)      8  : 0.0000 0.0026 0.0000 0.1877 0.0066 0.0000 0.0000 0.0196 0.1298 0.0667 0.0000 0.2266 0.0000 0.3605
177      177   (0)      8  : 0.4008 0.0000 0.0000 0.1879 0.0000 0.0000 0.3129 0.0000 0.0000 0.0410 0.0000 0.0069 0.0000 0.0505
178      178   (0)      8  : 0.3572 0.0000 0.0000 0.1736 0.0000 0.0000 0.0000 0.0000 0.2145 0.0227 0.0000 0.1463 0.0000 0.0856
179      179   (0)      8  : 0.2728 0.0000 0.0000 0.2132 0.0000 0.0000 0.4083 0.0000 0.0047 0.0327 0.0000 0.0077 0.0007 0.0600
180      180   (0)      8  : 0.2322 0.0000 0.0000 0.2994 0.0385 0.0000 0.3476 0.0000 0.0000 0.0136 0.0000 0.0041 0.0003 0.0642
181      181   (0)      8  : 0.2696 0.0000 0.0000 0.3201 0.0000 0.0111 0.2665 0.0000 0.0000 0.0400 0.0000 0.0086 0.0000 0.0840
182      182   (0)      1  : 0.7498 0.0000 0.0067 0.0208 0.0000 0.0000 0.0000 0.0000 0.1295 0.0331 0.0000 0.0515 0.0000 0.0087
183      183   (0)      1  : 0.2126 0.0000 0.0070 0.0000 0.0000 0.0000 0.3542 0.0000 0.3188 0.0173 0.0000 0.0796 0.0000 0.0106
184      184   (0)      1  : 0.4899 0.0000 0.0249 0.0000 0.0000 0.0000 0.0000 0.0000 0.3445 0.0061 0.0000 0.1258 0.0000 0.0088
185      185   (0)      1  : 0.1892 0.0000 0.0000 0.0000 0.0028 0.0017 0.3805 0.0000 0.3252 0.0616 0.0000 0.0390 0.0000 0.0000
186      186   (0)      1  : 0.5736 0.0000 0.0000 0.0023 0.0000 0.0000 0.0148 0.0000 0.3388 0.0000 0.0000 0.0704 0.0000 0.0000
187      187   (0)      1  : 0.2089 0.0216 0.0000 0.1406 0.0527 0.0000 0.1925 0.0011 0.2559 0.0154 0.0000 0.0367 0.0071 0.0676
188      188   (0)      1  : 0.6716 0.0000 0.0000 0.0018 0.0000 0.0000 0.0069 0.0000 0.2269 0.0171 0.0000 0.0756 0.0000 0.0000
189      189   (0)      1  : 0.6929 0.0000 0.0000 0.0002 0.0000 0.0000 0.0868 0.0000 0.1182 0.0211 0.0000 0.0778 0.0000 0.0029
190      190   (0)      2  : 0.0013 0.0000 0.0000 0.0018 0.0000 0.0000 0.6943 0.0000 0.1588 0.0000 0.0000 0.1438 0.0000 0.0000
191      191   (0)      2  : 0.5642 0.0000 0.0000 0.2755 0.0000 0.0000 0.0000 0.0000 0.0674 0.0515 0.0000 0.0089 0.0000 0.0325
192      192   (0)      2  : 0.5490 0.0000 0.0000 0.1420 0.0000 0.0000 0.0925 0.0000 0.0921 0.0480 0.0000 0.0331 0.0000 0.0434
193      193   (0)      2  : 0.0000 0.0000 0.0000 0.3074 0.0000 0.0216 0.6108 0.0000 0.0000 0.0046 0.0000 0.0007 0.0000 0.0549
194      194   (0)      2  : 0.6596 0.0000 0.0014 0.0639 0.0000 0.0000 0.1382 0.0000 0.0476 0.0688 0.0000 0.0018 0.0000 0.0187
195      195   (0)      2  : 0.0000 0.0000 0.0000 0.1168 0.0000 0.0000 0.8464 0.0000 0.0000 0.0086 0.0000 0.0000 0.0000 0.0282
196      196   (0)      2  : 0.1971 0.0000 0.0034 0.0024 0.0000 0.0000 0.1783 0.0000 0.4655 0.0277 0.0000 0.1256 0.0000 0.0000
197      197   (0)      2  : 0.0137 0.0000 0.0000 0.2141 0.0000 0.0000 0.2775 0.0000 0.2559 0.0008 0.0000 0.2380 0.0000 0.0000
198      198   (0)      1  : 0.2090 0.0000 0.0317 0.0489 0.0000 0.0000 0.5217 0.0000 0.1223 0.0000 0.0000 0.0664 0.0000 0.0000
199      199   (0)      1  : 0.4122 0.0000 0.0000 0.0124 0.0000 0.0000 0.0000 0.0000 0.5052 0.0263 0.0000 0.0184 0.0000 0.0256
200      200   (0)      1  : 0.0000 0.0000 0.0195 0.0450 0.0000 0.0000 0.4408 0.0000 0.3610 0.0095 0.0000 0.0676 0.0000 0.0567
201      201   (0)      1  : 0.0318 0.0000 0.0000 0.0000 0.0283 0.0000 0.1769 0.0000 0.6958 0.0000 0.0000 0.0015 0.0653 0.0004
202      202   (0)      1  : 0.0000 0.0000 0.0000 0.0000 0.0000 0.0000 0.3462 0.0000 0.5888 0.0109 0.0000 0.0534 0.0000 0.0006
203      203   (0)      1  : 0.0073 0.0000 0.0000 0.0000 0.0000 0.0000 0.0000 0.0000 0.8936 0.0000 0.0000 0.0990 0.0000 0.0000
204      204   (0)      2  : 0.0000 0.0000 0.0001 0.0510 0.0358 0.0053 0.3008 0.0000 0.0481 0.4545 0.0000 0.0295 0.0000 0.0748
205      205   (0)      2  : 0.0392 0.0000 0.0051 0.0053 0.0000 0.0000 0.4712 0.0000 0.3714 0.0145 0.0000 0.0858 0.0027 0.0049
206      206   (0)      2  : 0.0000 0.0000 0.0000 0.0637 0.1263 0.0000 0.0961 0.0000 0.0000 0.6816 0.0000 0.0015 0.0000 0.0308
207      207   (0)      2  : 0.5951 0.0000 0.0000 0.1355 0.0000 0.0000 0.0000 0.0000 0.1184 0.0391 0.0000 0.0887 0.0099 0.0133
208      208   (0)      2  : 0.0000 0.0000 0.0004 0.0000 0.0000 0.0000 0.9737 0.0000 0.0000 0.0041 0.0000 0.0219 0.0000 0.0000
209      209   (0)      2  : 0.7449 0.0000 0.0000 0.0817 0.0000 0.0000 0.0000 0.0000 0.0000 0.0879 0.0000 0.0855 0.0000 0.0000
210      210   (0)      2  : 0.0000 0.0000 0.0099 0.0931 0.0000 0.0000 0.6721 0.0000 0.0316 0.0000 0.0000 0.1882 0.0000 0.0050
211      211   (0)      1  : 0.0000 0.0000 0.0225 0.0000 0.0000 0.0000 0.6653 0.0000 0.1735 0.0000 0.0000 0.1373 0.0000 0.0013
212      212   (0)      1  : 0.1651 0.0000 0.0000 0.0771 0.0018 0.0000 0.0000 0.0000 0.5033 0.0148 0.0000 0.1254 0.0007 0.1119
213      213   (0)      1  : 0.1763 0.0000 0.0000 0.0800 0.0000 0.0112 0.2241 0.0000 0.3197 0.0087 0.0000 0.1098 0.0000 0.0701
214      214   (0)      1  : 0.3548 0.0000 0.0000 0.0075 0.0015 0.0000 0.0000 0.0000 0.4652 0.0234 0.0000 0.1065 0.0407 0.0003
215      215   (0)      1  : 0.0012 0.0000 0.0000 0.0000 0.0000 0.0000 0.7884 0.0000 0.1553 0.0000 0.0000 0.0537 0.0012 0.0002
216      216   (0)      1  : 0.3755 0.0000 0.0016 0.0000 0.0000 0.0000 0.0000 0.0000 0.5463 0.0032 0.0000 0.0734 0.0000 0.0000
217      217   (0)      1  : 0.3272 0.0000 0.0010 0.0000 0.0000 0.0000 0.0170 0.0000 0.5543 0.0000 0.0000 0.0744 0.0255 0.0007
218      218   (0)      1  : 0.0005 0.0000 0.0000 0.0315 0.0000 0.0000 0.4329 0.0000 0.5014 0.0000 0.0000 0.0007 0.0168 0.0163
219      219   (0)      2  : 0.3518 0.0000 0.0000 0.0000 0.0000 0.0000 0.4157 0.0000 0.1579 0.0328 0.0000 0.0386 0.0000 0.0032
220      220   (0)      2  : 0.0000 0.0000 0.0001 0.1276 0.0000 0.0000 0.5687 0.0000 0.1391 0.0082 0.0000 0.0872 0.0000 0.0691
221      221   (0)      2  : 0.5380 0.0000 0.0000 0.0448 0.0000 0.0000 0.0000 0.0152 0.2774 0.0262 0.0000 0.0954 0.0000 0.0030
222      222   (0)      2  : 0.4116 0.0000 0.0000 0.1782 0.0000 0.0000 0.1326 0.0000 0.2145 0.0147 0.0076 0.0291 0.0000 0.0117
223      223   (0)      2  : 0.4501 0.0000 0.0000 0.0049 0.0000 0.0000 0.0000 0.0000 0.4478 0.0337 0.0000 0.0291 0.0000 0.0343
224      224   (0)      2  : 0.0749 0.0000 0.0000 0.0071 0.0000 0.0000 0.8601 0.0000 0.0000 0.0486 0.0000 0.0068 0.0000 0.0025
225      225   (0)      2  : 0.0548 0.0000 0.0044 0.0530 0.0000 0.0000 0.5500 0.0000 0.1503 0.0000 0.0000 0.1874 0.0000 0.0000
226      226   (0)      2  : 0.6861 0.0066 0.0000 0.0258 0.0000 0.0003 0.0000 0.0000 0.1432 0.0132 0.0000 0.0946 0.0163 0.0139
227      227   (0)      2  : 0.6966 0.0000 0.0034 0.0000 0.0000 0.0000 0.1159 0.0000 0.0687 0.0154 0.0000 0.0991 0.0000 0.0010
228      228   (0)      2  : 0.7463 0.0020 0.0000 0.0233 0.0000 0.0000 0.1184 0.0000 0.0355 0.0246 0.0000 0.0499 0.0000 0.0000
229      229   (0)      2  : 0.9032 0.0000 0.0011 0.0000 0.0000 0.0000 0.0428 0.0000 0.0000 0.0427 0.0000 0.0102 0.0000 0.0000
230      230   (0)      2  : 0.0790 0.0000 0.0000 0.0000 0.0560 0.0082 0.2435 0.0019 0.0000 0.6076 0.0039 0.0000 0.0000 0.0000
231      231   (0)      2  : 0.4197 0.0000 0.0000 0.2273 0.0001 0.0000 0.1428 0.0000 0.0581 0.0303 0.0000 0.0529 0.0000 0.0688
232      232   (0)      2  : 0.3728 0.0000 0.0000 0.0666 0.0000 0.0000 0.3689 0.0000 0.0969 0.0453 0.0000 0.0473 0.0002 0.0019
233      233   (0)      9  : 0.0000 0.0000 1.0000 0.0000 0.0000 0.0000 0.0000 0.0000 0.0000 0.0000 0.0000 0.0000 0.0000 0.0000
234      234   (0)      9  : 0.0000 0.0000 0.0000 0.0000 0.0521 0.6032 0.0000 0.0603 0.0000 0.0000 0.0415 0.0000 0.0000 0.2429
235      235   (0)      9  : 0.0000 0.0000 1.0000 0.0000 0.0000 0.0000 0.0000 0.0000 0.0000 0.0000 0.0000 0.0000 0.0000 0.0000
236      236   (0)      9  : 0.0000 0.0000 0.0000 0.0585 0.0492 0.5607 0.0000 0.0651 0.0000 0.0000 0.1046 0.0237 0.0000 0.1382
237      237   (0)      9  : 0.0000 0.0000 1.0000 0.0000 0.0000 0.0000 0.0000 0.0000 0.0000 0.0000 0.0000 0.0000 0.0000 0.0000
238      238   (0)      9  : 0.0000 0.0000 0.8870 0.0000 0.0000 0.0000 0.0000 0.0000 0.0000 0.0000 0.0000 0.0000 0.1130 0.0000
239      239   (0)      9  : 0.0000 0.0970 0.0000 0.0000 0.0040 0.7239 0.0068 0.0000 0.0000 0.0000 0.0316 0.0000 0.0000 0.1367
240      240   (0)      9  : 0.0000 0.0000 0.0000 0.0000 0.0037 0.8135 0.0000 0.0009 0.0000 0.0000 0.0843 0.0000 0.0000 0.0976
241      241   (0)     10  : 0.0000 0.0009 0.0000 0.0000 0.0000 0.6719 0.0000 0.0000 0.0000 0.0000 0.0000 0.0000 0.0000 0.3273
242      242   (0)     10  : 0.0000 0.0000 0.0000 0.0000 0.0000 0.9931 0.0000 0.0027 0.0000 0.0000 0.0000 0.0017 0.0004 0.0021
243      243   (0)     10  : 0.0000 0.0000 0.0000 0.0019 0.0000 0.6138 0.0000 0.0000 0.0000 0.0000 0.0000 0.0049 0.0000 0.3794
244      244   (0)     11  : 0.0000 0.0000 0.0337 0.0000 0.0000 0.0000 0.0000 0.0000 0.0000 0.0000 0.0000 0.0000 0.9663 0.0000
245      245   (0)     11  : 0.0000 0.0000 0.1358 0.0000 0.0000 0.0000 0.0000 0.0000 0.0000 0.0000 0.0020 0.0000 0.8249 0.0373
246      246   (0)     11  : 0.0008 0.0000 0.0913 0.0000 0.0000 0.0000 0.0000 0.0000 0.0018 0.0000 0.0000 0.0220 0.8841 0.0000
247      247   (0)     11  : 0.0000 0.0000 0.4808 0.0000 0.0000 0.0000 0.0000 0.0000 0.0000 0.0000 0.0000 0.0084 0.4886 0.0222
248      248   (0)     11  : 0.0000 0.0000 0.0423 0.0000 0.0000 0.0000 0.0000 0.0000 0.0000 0.0000 0.0000 0.0000 0.9577 0.0000
249      249   (0)     11  : 0.0000 0.0044 0.0000 0.0000 0.0000 0.4368 0.0000 0.0299 0.0003 0.0000 0.3634 0.0000 0.0392 0.1260
250      250   (0)     11  : 0.0000 0.1753 0.0150 0.0026 0.0077 0.2520 0.0000 0.0526 0.0000 0.0000 0.2904 0.0138 0.0000 0.1906
251      251   (0)     10  : 0.0008 0.0000 0.0920 0.0029 0.0000 0.5703 0.0000 0.0000 0.0432 0.0028 0.0000 0.0022 0.0000 0.2858
252      252   (0)     10  : 0.0000 0.0000 0.0000 0.0000 0.0214 0.7947 0.0000 0.0000 0.0000 0.0048 0.0000 0.0000 0.0000 0.1790
253      253   (0)     10  : 0.0000 0.0000 0.0000 0.0000 0.0000 1.0000 0.0000 0.0000 0.0000 0.0000 0.0000 0.0000 0.0000 0.0000
254      254   (0)     10  : 0.0000 0.0000 0.0000 0.0000 0.0000 0.8738 0.0000 0.0405 0.0190 0.0030 0.0000 0.0000 0.0000 0.0637
255      255   (0)     10  : 0.0000 0.0000 0.0000 0.0000 0.0000 0.5557 0.1311 0.0009 0.0000 0.0000 0.0894 0.0000 0.0000 0.2229
256      256   (0)     10  : 0.0000 0.0000 0.0000 0.0000 0.0257 0.5538 0.0000 0.0002 0.0038 0.0000 0.0847 0.0154 0.0506 0.2658
257      257   (0)     10  : 0.0000 0.0000 0.0158 0.0000 0.0174 0.6767 0.0000 0.0000 0.0000 0.0187 0.0940 0.0000 0.0000 0.1774
258      258   (0)     10  : 0.0000 0.0000 0.0000 0.0000 0.0000 0.8191 0.0000 0.0000 0.0000 0.0000 0.0467 0.0000 0.0000 0.1342
259      259   (0)     10  : 0.0000 0.0000 0.0222 0.0000 0.0389 0.6069 0.0000 0.0000 0.0000 0.0000 0.0000 0.0000 0.0028 0.3293
260      260   (0)     10  : 0.0000 0.0020 0.0000 0.0091 0.0000 0.5959 0.0000 0.1262 0.0000 0.0000 0.0319 0.0000 0.0000 0.2348
261      261   (0)     10  : 0.0000 0.0000 0.2725 0.0000 0.0000 0.2910 0.0000 0.0371 0.0000 0.0000 0.0041 0.0000 0.0073 0.3880
262      262   (0)     10  : 0.0000 0.0337 0.0000 0.0473 0.0138 0.3585 0.0000 0.0054 0.0000 0.0000 0.0178 0.0054 0.0516 0.4667
263      263   (0)     10  : 0.0000 0.0000 0.0000 0.0000 0.0228 0.7217 0.0000 0.0013 0.0000 0.0000 0.0000 0.0000 0.0000 0.2541
264      264   (0)     10  : 0.0000 0.0005 0.0000 0.0000 0.0000 0.6042 0.0000 0.0000 0.0000 0.0000 0.0000 0.0000 0.0000 0.3953
265      265   (0)     10  : 0.0000 0.0000 0.0000 0.0000 0.0000 0.5966 0.0000 0.0000 0.0000 0.0000 0.1293 0.0000 0.0000 0.2741
266      266   (0)     10  : 0.0000 0.0000 0.0000 0.0000 0.0063 0.9168 0.0000 0.0760 0.0000 0.0000 0.0000 0.0009 0.0000 0.0000
267      267   (0)     10  : 0.0000 0.0000 0.6543 0.0000 0.0000 0.0451 0.0401 0.0055 0.0000 0.0000 0.0000 0.0071 0.2405 0.0074
268      268   (0)     10  : 0.0000 0.0049 0.0000 0.0092 0.0000 0.6536 0.0000 0.0593 0.0000 0.0003 0.0000 0.0028 0.0000 0.2700
269      269   (0)     10  : 0.0000 0.0073 0.0126 0.0131 0.0000 0.4925 0.0000 0.0000 0.0000 0.0000 0.0000 0.0000 0.0000 0.4745
270      270   (0)     10  : 0.0000 0.0000 0.0000 0.0000 0.0000 0.7676 0.0000 0.0000 0.0345 0.0000 0.0000 0.0000 0.0054 0.1926
271      271   (0)     10  : 0.0000 0.0000 0.0000 0.0000 0.0000 0.7505 0.0000 0.0000 0.0000 0.0018 0.0033 0.0082 0.0007 0.2355
272      272   (0)     10  : 0.0000 0.0000 0.0000 0.0000 0.0000 1.0000 0.0000 0.0000 0.0000 0.0000 0.0000 0.0000 0.0000 0.0000
273      273   (0)     12  : 0.0000 0.8923 0.0000 0.0000 0.0000 0.0000 0.0000 0.0000 0.0000 0.0000 0.1077 0.0000 0.0000 0.0000
274      274   (0)     12  : 0.0000 0.9993 0.0000 0.0000 0.0000 0.0000 0.0000 0.0000 0.0000 0.0000 0.0000 0.0002 0.0000 0.0005
275      275   (0)     12  : 0.0000 1.0000 0.0000 0.0000 0.0000 0.0000 0.0000 0.0000 0.0000 0.0000 0.0000 0.0000 0.0000 0.0000
276      276   (0)     12  : 0.0000 0.8569 0.0000 0.0000 0.0000 0.0000 0.0000 0.1275 0.0000 0.0000 0.0156 0.0000 0.0000 0.0000
277      277   (0)     12  : 0.0000 0.9698 0.0278 0.0000 0.0000 0.0000 0.0000 0.0000 0.0000 0.0000 0.0000 0.0000 0.0000 0.0024
278      278   (0)     12  : 0.0000 0.2248 0.0000 0.0000 0.0000 0.0000 0.0000 0.0000 0.0000 0.0000 0.0000 0.0287 0.6861 0.0603
279      279   (0)     12  : 0.0000 0.0555 0.0000 0.0000 0.0000 0.0000 0.0000 0.0000 0.0000 0.0000 0.0000 0.0312 0.8526 0.0607
280      280   (0)     12  : 0.0000 1.0000 0.0000 0.0000 0.0000 0.0000 0.0000 0.0000 0.0000 0.0000 0.0000 0.0000 0.0000 0.0000
281      281   (0)     12  : 0.0000 0.8650 0.0000 0.0000 0.0000 0.0000 0.0000 0.0000 0.0000 0.0000 0.1350 0.0000 0.0000 0.0000
282      282   (0)     12  : 0.0000 0.7903 0.0000 0.0000 0.0000 0.0404 0.0000 0.0372 0.0000 0.0000 0.0000 0.0049 0.0694 0.0579
283      283   (0)     12  : 0.0000 0.9952 0.0000 0.0000 0.0000 0.0000 0.0000 0.0000 0.0000 0.0000 0.0000 0.0013 0.0000 0.0035
284      284   (0)     12  : 0.0000 0.0236 0.0000 0.0000 0.0000 0.0000 0.0000 0.0000 0.0000 0.0000 0.0000 0.0389 0.8977 0.0398
285      285   (0)     12  : 0.0000 0.1003 0.0011 0.0000 0.0000 0.0000 0.0000 0.0000 0.0000 0.0000 0.0000 0.0308 0.8363 0.0315
286      286   (0)     12  : 0.0000 0.2119 0.0000 0.0000 0.0000 0.0000 0.0000 0.0000 0.0000 0.0000 0.0000 0.0143 0.7590 0.0148
287      287   (0)     12  : 0.0000 1.0000 0.0000 0.0000 0.0000 0.0000 0.0000 0.0000 0.0000 0.0000 0.0000 0.0000 0.0000 0.0000
288      288   (0)     12  : 0.0000 1.0000 0.0000 0.0000 0.0000 0.0000 0.0000 0.0000 0.0000 0.0000 0.0000 0.0000 0.0000 0.0000
289      289   (0)     12  : 0.0000 1.0000 0.0000 0.0000 0.0000 0.0000 0.0000 0.0000 0.0000 0.0000 0.0000 0.0000 0.0000 0.0000
290      290   (0)     12  : 0.0000 1.0000 0.0000 0.0000 0.0000 0.0000 0.0000 0.0000 0.0000 0.0000 0.0000 0.0000 0.0000 0.0000
291      291   (0)     12  : 0.0000 1.0000 0.0000 0.0000 0.0000 0.0000 0.0000 0.0000 0.0000 0.0000 0.0000 0.0000 0.0000 0.0000
292      292   (0)     12  : 0.0000 1.0000 0.0000 0.0000 0.0000 0.0000 0.0000 0.0000 0.0000 0.0000 0.0000 0.0000 0.0000 0.0000
293      293   (0)     12  : 0.0000 1.0000 0.0000 0.0000 0.0000 0.0000 0.0000 0.0000 0.0000 0.0000 0.0000 0.0000 0.0000 0.0000
294      294   (0)     12  : 0.0000 0.9809 0.0000 0.0000 0.0000 0.0000 0.0000 0.0191 0.0000 0.0000 0.0000 0.0000 0.0000 0.0000
295      295   (0)     12  : 0.0000 0.0000 0.0000 0.0000 0.0000 0.0000 0.0000 0.0000 0.0000 0.0000 0.0000 0.0380 0.9227 0.0393
296      296   (0)     12  : 0.0000 0.9870 0.0000 0.0000 0.0000 0.0000 0.0000 0.0000 0.0000 0.0000 0.0130 0.0000 0.0000 0.0000
297      297   (0)     12  : 0.0000 0.8799 0.0000 0.0000 0.0000 0.0000 0.0000 0.0620 0.0000 0.0000 0.0581 0.0000 0.0000 0.0000
298      298   (0)     12  : 0.0000 0.1115 0.0000 0.0001 0.0000 0.0000 0.0000 0.0000 0.0000 0.0000 0.0000 0.0326 0.7711 0.0846
299      299   (0)     12  : 0.0000 1.0000 0.0000 0.0000 0.0000 0.0000 0.0000 0.0000 0.0000 0.0000 0.0000 0.0000 0.0000 0.0000
300      300   (0)     12  : 0.0000 0.0615 0.0000 0.0000 0.0000 0.0000 0.0000 0.0000 0.0000 0.0000 0.0000 0.0310 0.8752 0.0322
301      301   (0)     13  : 0.0000 0.0000 0.0000 0.0000 0.0000 0.0000 0.0000 0.0000 0.0000 0.0000 0.8995 0.0000 0.1005 0.0000
302      302   (0)     13  : 0.0000 0.0000 0.0000 0.0000 0.0000 0.0000 0.0000 0.0000 0.0000 0.0000 1.0000 0.0000 0.0000 0.0000
303      303   (0)     13  : 0.0000 0.0000 0.0000 0.0000 0.0000 0.0000 0.0000 0.0000 0.0000 0.0000 1.0000 0.0000 0.0000 0.0000
304      304   (0)     13  : 0.0000 0.0938 0.0677 0.0000 0.0000 0.1099 0.0000 0.2144 0.0000 0.0000 0.5022 0.0000 0.0000 0.0121
305      305   (0)     13  : 0.0000 0.0000 0.0000 0.0000 0.0000 0.0000 0.0000 0.0000 0.0000 0.0000 1.0000 0.0000 0.0000 0.0000
306      306   (0)     13  : 0.0000 0.0000 0.0000 0.0000 0.0000 0.0000 0.0000 0.0000 0.0000 0.0000 0.9997 0.0000 0.0003 0.0000
307      307   (0)     13  : 0.0000 0.0000 0.0000 0.0000 0.0201 0.0837 0.0000 0.0000 0.0000 0.0000 0.8962 0.0000 0.0000 0.0000
308      308   (0)     13  : 0.0000 0.0000 0.4152 0.0000 0.0000 0.0000 0.0000 0.0000 0.0064 0.0000 0.2642 0.0069 0.3002 0.0072
309      309   (0)     13  : 0.0000 0.0000 0.0383 0.0000 0.0000 0.0000 0.0000 0.0000 0.0000 0.0000 0.5486 0.0000 0.3442 0.0688
310      310   (0)     13  : 0.0000 0.1554 0.0000 0.0000 0.0000 0.0000 0.0000 0.0000 0.0000 0.0000 0.8446 0.0000 0.0000 0.0000
311      311   (0)     13  : 0.0000 0.0000 0.0000 0.0000 0.0000 0.0000 0.0000 0.0000 0.0000 0.0000 1.0000 0.0000 0.0000 0.0000
312      312   (0)     13  : 0.0000 0.0000 0.0000 0.0000 0.0000 0.0000 0.0000 0.0000 0.0000 0.0000 0.9934 0.0001 0.0000 0.0064
313      313   (0)     13  : 0.0000 0.0000 0.0000 0.0000 0.0000 0.0000 0.0000 0.0000 0.0000 0.0000 1.0000 0.0000 0.0000 0.0000
314      314   (0)     13  : 0.0000 0.0000 0.0000 0.0000 0.0000 0.0000 0.0000 0.0000 0.0000 0.0000 1.0000 0.0000 0.0000 0.0000
315      315   (0)     13  : 0.0000 0.0000 0.0000 0.0000 0.0000 0.0000 0.0000 0.0000 0.0000 0.0000 1.0000 0.0000 0.0000 0.0000
316      316   (0)     13  : 0.0000 0.0000 0.0000 0.0000 0.0000 0.1035 0.0000 0.0000 0.0000 0.0000 0.8384 0.0010 0.0533 0.0038
317      317   (0)     13  : 0.0000 0.0000 0.0000 0.0000 0.0000 0.0000 0.0000 0.0000 0.0000 0.0000 0.9435 0.0000 0.0000 0.0565
318      318   (0)     13  : 0.0000 0.0000 0.0000 0.0000 0.0031 0.0000 0.0000 0.0000 0.0000 0.0000 0.9969 0.0000 0.0000 0.0000
319      319   (0)     13  : 0.0000 0.0000 0.0000 0.0000 0.0000 0.0000 0.0000 0.0000 0.0000 0.0000 1.0000 0.0000 0.0000 0.0000
320      320   (0)     13  : 0.0000 0.0055 0.1555 0.0000 0.0000 0.0000 0.0000 0.0000 0.0000 0.0000 0.2155 0.0061 0.5657 0.0517
321      321   (0)     13  : 0.0000 0.0000 0.0000 0.0000 0.0000 0.0000 0.0000 0.0000 0.0000 0.0000 1.0000 0.0000 0.0000 0.0000
322      322   (0)     13  : 0.0000 0.0000 0.0000 0.0000 0.0000 0.0000 0.0000 0.0000 0.0000 0.0000 0.9411 0.0078 0.0434 0.0077
323      323   (0)     13  : 0.0000 0.0000 0.0000 0.0000 0.0000 0.0000 0.0000 0.1056 0.0000 0.0000 0.8944 0.0000 0.0000 0.0000
324      324   (0)     13  : 0.0000 0.0000 0.0000 0.0000 0.0000 0.0000 0.0000 0.2493 0.0000 0.0000 0.7507 0.0000 0.0000 0.0000
325      325   (0)     14  : 0.0000 0.0000 0.0000 0.0000 0.0000 0.3104 0.0000 0.0000 0.0000 0.0000 0.6747 0.0000 0.0000 0.0149
326      326   (0)     14  : 0.0000 0.0000 0.0000 0.0000 0.0000 0.9648 0.0000 0.0000 0.0000 0.0000 0.0352 0.0000 0.0000 0.0000
327      327   (0)     14  : 0.0000 0.0000 1.0000 0.0000 0.0000 0.0000 0.0000 0.0000 0.0000 0.0000 0.0000 0.0000 0.0000 0.0000
328      328   (0)     14  : 0.0000 0.2360 0.0000 0.0000 0.0000 0.5332 0.0000 0.0064 0.0000 0.0000 0.2181 0.0000 0.0000 0.0064
329      329   (0)     14  : 0.0000 0.0000 0.2524 0.0000 0.0000 0.0000 0.0000 0.0000 0.0000 0.0000 0.0000 0.0000 0.7476 0.0000
330      330   (0)     14  : 0.0000 0.0000 0.9804 0.0000 0.0000 0.0000 0.0000 0.0000 0.0000 0.0008 0.0008 0.0000 0.0012 0.0168
331      331   (0)     14  : 0.0000 0.0000 0.5398 0.0000 0.0000 0.0000 0.0000 0.0000 0.0000 0.0013 0.0127 0.0122 0.4233 0.0106
332      332   (0)     14  : 0.0000 0.1171 0.0909 0.0000 0.0000 0.2070 0.0000 0.0561 0.0000 0.0000 0.2703 0.0000 0.0000 0.2586
333      333   (0)     14  : 0.0000 0.0000 0.8420 0.0000 0.0000 0.0000 0.0000 0.0000 0.0000 0.0000 0.0000 0.0098 0.1386 0.0096
334      334   (0)     14  : 0.0000 0.0000 0.0000 0.0000 0.0000 0.7693 0.0000 0.0000 0.0000 0.0000 0.2012 0.0015 0.0248 0.0032
335      335   (0)     14  : 0.0000 0.0116 0.0770 0.0000 0.0000 0.2713 0.0000 0.0365 0.0000 0.0000 0.3494 0.0000 0.0000 0.2542
336      336   (0)     11  : 0.0000 0.0000 0.3856 0.0000 0.0000 0.0011 0.0000 0.0000 0.0000 0.0000 0.0295 0.0000 0.5839 0.0000
337      337   (0)     11  : 0.0000 0.0870 0.0000 0.0000 0.0287 0.4488 0.0000 0.0000 0.0000 0.0000 0.4317 0.0039 0.0000 0.0000
338      338   (0)     11  : 0.0000 0.0000 0.1536 0.0000 0.0000 0.0012 0.0000 0.0000 0.0035 0.0000 0.0000 0.0000 0.8416 0.0000
339      339   (0)     10  : 0.0000 0.0000 0.0000 0.0000 0.0000 1.0000 0.0000 0.0000 0.0000 0.0000 0.0000 0.0000 0.0000 0.0000
340      340   (0)     10  : 0.0000 0.0000 0.6018 0.1824 0.0223 0.0000 0.0000 0.0000 0.0000 0.0000 0.0000 0.0642 0.1212 0.0082
341      341   (0)     11  : 0.0141 0.0071 0.2664 0.0018 0.0000 0.0160 0.0000 0.0000 0.0000 0.0000 0.0060 0.0044 0.6004 0.0839
342      342   (0)     11  : 0.0000 0.0000 0.0820 0.0000 0.0000 0.0000 0.0000 0.0000 0.0000 0.0000 0.0000 0.0000 0.9180 0.0000
343      343   (0)     11  : 0.0000 0.0000 0.6689 0.0000 0.0000 0.0000 0.0000 0.0000 0.0000 0.0000 0.0000 0.0000 0.3311 0.0000
344      344   (0)     11  : 0.0023 0.0000 0.1521 0.0079 0.0000 0.0355 0.0000 0.0000 0.0000 0.0000 0.0000 0.0065 0.7275 0.0681
345      345   (0)     11  : 0.0000 0.0000 0.0704 0.0000 0.0000 0.0032 0.0000 0.0000 0.0000 0.0000 0.0045 0.0000 0.9218 0.0000
346      346   (0)     11  : 0.0000 0.0000 0.2560 0.0000 0.0000 0.0000 0.0000 0.0000 0.0000 0.0000 0.0000 0.0000 0.7440 0.0000
347      347   (0)     11  : 0.0000 0.0299 0.0000 0.0000 0.0000 0.4295 0.0000 0.0000 0.0000 0.0000 0.5106 0.0012 0.0046 0.0243
348      348   (0)     11  : 0.0000 0.0000 0.2967 0.0000 0.0000 0.0000 0.0000 0.0000 0.0000 0.0000 0.0000 0.0000 0.6891 0.0141
349      349   (0)     11  : 0.0000 0.0000 0.3484 0.0000 0.0000 0.0099 0.0000 0.0000 0.0000 0.0000 0.0000 0.0005 0.6260 0.0152
350      350   (0)     11  : 0.0000 0.0000 0.0968 0.0000 0.0000 0.0485 0.0000 0.0001 0.0000 0.0000 0.0023 0.0063 0.7073 0.1387
351      351   (0)     11  : 0.0000 0.0000 0.0602 0.0000 0.0000 0.0000 0.0000 0.0000 0.0000 0.0000 0.0000 0.0000 0.9398 0.0000
352      352   (0)     11  : 0.0000 0.1418 0.0038 0.0000 0.0000 0.5685 0.0000 0.0455 0.0000 0.0000 0.1071 0.0000 0.0185 0.1148
353      353   (0)     11  : 0.0000 0.0000 0.1051 0.0000 0.0000 0.0000 0.0000 0.0000 0.0000 0.0000 0.0000 0.0000 0.8949 0.0000
354      354   (0)     11  : 0.0000 0.0160 0.0000 0.0000 0.0000 0.6851 0.0000 0.0000 0.0000 0.0000 0.2602 0.0000 0.0000 0.0386
355      355   (0)     11  : 0.0000 0.0000 0.0934 0.0000 0.0000 0.0000 0.0000 0.0000 0.0000 0.0000 0.0000 0.0000 0.9066 0.0000
356      356   (0)     14  : 0.0000 0.0000 0.7074 0.0033 0.0000 0.0000 0.0000 0.1046 0.0000 0.0000 0.0000 0.0068 0.1779 0.0000
357      357   (0)     14  : 0.0000 0.0863 0.0000 0.0000 0.0000 0.5967 0.0000 0.0041 0.0000 0.0000 0.3129 0.0000 0.0000 0.0000
358      358   (0)     14  : 0.0000 0.0000 0.4809 0.0000 0.0000 0.0000 0.0000 0.0000 0.0000 0.0000 0.0000 0.0092 0.5006 0.0094
359      359   (0)     14  : 0.0000 0.0125 0.0265 0.0000 0.0000 0.5929 0.0000 0.1422 0.0000 0.0000 0.2199 0.0000 0.0000 0.0059
360      360   (0)     14  : 0.0000 0.0000 1.0000 0.0000 0.0000 0.0000 0.0000 0.0000 0.0000 0.0000 0.0000 0.0000 0.0000 0.0000
361      361   (0)     14  : 0.0000 0.0000 0.7944 0.0000 0.0000 0.0000 0.0000 0.0000 0.0000 0.0000 0.0361 0.0000 0.1367 0.0328
362      362   (0)     14  : 0.0000 0.0000 0.7225 0.0000 0.0000 0.0000 0.0000 0.0000 0.0000 0.0000 0.0000 0.0000 0.2556 0.0219
363      363   (0)     14  : 0.0000 0.0000 0.6003 0.0000 0.0000 0.0000 0.0000 0.0000 0.0000 0.0000 0.0000 0.0024 0.3973 0.0000
364      364   (0)     14  : 0.0000 0.0000 0.6207 0.0000 0.0000 0.0000 0.0000 0.0000 0.0000 0.0000 0.0000 0.0062 0.3731 0.0000
365      365   (0)     14  : 0.0000 0.0000 0.5734 0.0000 0.0000 0.0000 0.0000 0.0000 0.0000 0.0000 0.1221 0.0000 0.2574 0.0472
366      366   (0)     14  : 0.0000 0.0000 0.0090 0.0000 0.0000 0.5712 0.0000 0.1140 0.0000 0.0000 0.2069 0.0000 0.0329 0.0660
367      367   (0)      9  : 0.0000 0.0000 0.0168 0.0000 0.0000 0.8728 0.0000 0.0744 0.0000 0.0000 0.0360 0.0000 0.0000 0.0000
368      368   (0)      9  : 0.0000 0.0000 0.8134 0.0301 0.0000 0.1081 0.0000 0.0000 0.0006 0.0000 0.0000 0.0117 0.0338 0.0024
369      369   (0)      9  : 0.0000 0.0000 0.0000 0.0000 0.0000 0.9071 0.0000 0.0000 0.0000 0.0000 0.0924 0.0000 0.0005 0.0000
370      370   (0)      9  : 0.0000 0.0000 0.0000 0.0000 0.0000 0.8003 0.0000 0.0034 0.0000 0.0000 0.0000 0.0059 0.0754 0.1150
371      371   (0)      9  : 0.0000 0.0000 0.0000 0.0000 0.0000 0.8997 0.0000 0.0000 0.0000 0.0000 0.0287 0.0000 0.0000 0.0716
372      372   (0)      9  : 0.0000 0.0000 1.0000 0.0000 0.0000 0.0000 0.0000 0.0000 0.0000 0.0000 0.0000 0.0000 0.0000 0.0000
373      373   (0)     14  : 0.0000 0.0000 0.5579 0.0000 0.0000 0.0000 0.0000 0.0000 0.0000 0.0000 0.0000 0.0000 0.4421 0.0000
374      374   (0)     14  : 0.0000 0.0000 0.0028 0.0000 0.0000 0.7972 0.0000 0.0000 0.0000 0.0000 0.1684 0.0000 0.0316 0.0000
375      375   (0)     14  : 0.0000 0.0277 0.9300 0.0000 0.0000 0.0000 0.0000 0.0006 0.0000 0.0000 0.0000 0.0024 0.0000 0.0393
376      376   (0)     14  : 0.0000 0.0000 1.0000 0.0000 0.0000 0.0000 0.0000 0.0000 0.0000 0.0000 0.0000 0.0000 0.0000 0.0000
377      377   (0)     14  : 0.0000 0.0000 0.0000 0.0000 0.0046 0.7123 0.0000 0.0000 0.0000 0.0000 0.2832 0.0000 0.0000 0.0000
378      378   (0)      9  : 0.0000 0.0017 0.0000 0.0000 0.0000 0.9938 0.0000 0.0000 0.0000 0.0000 0.0000 0.0000 0.0014 0.0031
379      379   (0)      9  : 0.0057 0.0000 0.9943 0.0000 0.0000 0.0000 0.0000 0.0000 0.0000 0.0000 0.0000 0.0000 0.0000 0.0000
380      380   (0)      9  : 0.0000 0.0000 0.9980 0.0000 0.0000 0.0000 0.0000 0.0000 0.0000 0.0000 0.0000 0.0000 0.0000 0.0020
381      381   (0)      9  : 0.0000 0.0000 0.9362 0.0000 0.0000 0.0000 0.0638 0.0000 0.0000 0.0000 0.0000 0.0000 0.0000 0.0000
382      382   (0)      9  : 0.0000 0.0000 0.0403 0.0000 0.0000 0.8156 0.0000 0.0000 0.0000 0.0000 0.0252 0.0000 0.0000 0.1189
383      383   (0)      9  : 0.0000 0.0000 0.0000 0.0000 0.0000 1.0000 0.0000 0.0000 0.0000 0.0000 0.0000 0.0000 0.0000 0.0000
384      384   (0)      9  : 0.0000 0.0000 0.0000 0.0000 0.0000 0.8846 0.0000 0.0000 0.0000 0.0000 0.0000 0.0000 0.0000 0.1154
385      385   (0)      9  : 0.0000 0.0000 0.9015 0.0000 0.0000 0.0000 0.0985 0.0000 0.0000 0.0000 0.0000 0.0000 0.0000 0.0000
386      386   (0)      9  : 0.0000 0.0089 0.0000 0.0000 0.0000 0.7871 0.0000 0.0000 0.0000 0.0000 0.0327 0.0000 0.0000 0.1713
387      387   (0)      9  : 0.0000 0.0000 0.0071 0.0000 0.0316 0.8926 0.0000 0.0000 0.0000 0.0000 0.0000 0.0000 0.0000 0.0687
388      388   (0)      9  : 0.0000 0.0000 1.0000 0.0000 0.0000 0.0000 0.0000 0.0000 0.0000 0.0000 0.0000 0.0000 0.0000 0.0000
389      389   (0)      9  : 0.0000 0.0000 1.0000 0.0000 0.0000 0.0000 0.0000 0.0000 0.0000 0.0000 0.0000 0.0000 0.0000 0.0000
390      390   (0)      9  : 0.0000 0.0000 0.0000 0.0029 0.1196 0.4894 0.0000 0.0000 0.0000 0.0000 0.0009 0.0431 0.0000 0.3441
391      391   (0)      9  : 0.0000 0.0000 0.8732 0.0000 0.0000 0.0000 0.1268 0.0000 0.0000 0.0000 0.0000 0.0000 0.0000 0.0000
392      392   (0)     15  : 0.0000 0.0000 0.0000 0.0000 0.0000 0.2815 0.0000 0.6100 0.0000 0.0000 0.1085 0.0000 0.0000 0.0000
393      393   (0)     15  : 0.0000 0.0000 0.0000 0.0000 0.0000 0.0000 0.0000 0.8293 0.0000 0.0000 0.1707 0.0000 0.0000 0.0000
394      394   (0)     15  : 0.0000 0.0000 0.0004 0.0000 0.0000 0.0000 0.0000 0.9824 0.0000 0.0000 0.0000 0.0086 0.0000 0.0086
395      395   (0)     15  : 0.0000 0.0000 0.0000 0.0000 0.0000 0.0000 0.0898 0.8057 0.0000 0.0000 0.0357 0.0094 0.0498 0.0096
396      396   (0)     15  : 0.0000 0.0000 0.0000 0.0000 0.0000 0.0000 0.0000 0.9679 0.0000 0.0000 0.0321 0.0000 0.0000 0.0000
397      397   (0)     15  : 0.0000 0.0000 0.0000 0.0000 0.0000 0.0000 0.0000 1.0000 0.0000 0.0000 0.0000 0.0000 0.0000 0.0000
398      398   (0)     15  : 0.0000 0.0000 0.0000 0.0000 0.0000 0.0000 0.0000 1.0000 0.0000 0.0000 0.0000 0.0000 0.0000 0.0000
399      399   (0)     15  : 0.0000 0.0000 0.0740 0.0000 0.0000 0.0000 0.0000 0.1419 0.0000 0.0000 0.0000 0.0667 0.6461 0.0713
400      400   (0)     15  : 0.0000 0.0000 0.0000 0.0000 0.0000 0.0000 0.0000 1.0000 0.0000 0.0000 0.0000 0.0000 0.0000 0.0000
401      401   (0)     15  : 0.0000 0.0000 0.0000 0.0000 0.0000 0.0000 0.0000 1.0000 0.0000 0.0000 0.0000 0.0000 0.0000 0.0000
402      402   (0)     15  : 0.0000 0.0000 0.0000 0.0000 0.0000 0.0000 0.0000 0.1744 0.0000 0.0000 0.0000 0.0667 0.6923 0.0667
403      403   (0)     15  : 0.0000 0.0000 0.2214 0.0000 0.0000 0.0000 0.0000 0.0000 0.0000 0.0000 0.0000 0.0565 0.6659 0.0562
404      404   (0)     15  : 0.0000 0.0000 0.0000 0.0000 0.0000 0.0000 0.0000 0.9989 0.0000 0.0000 0.0000 0.0000 0.0011 0.0000
405      405   (0)     15  : 0.0000 0.0000 0.0000 0.0000 0.0000 0.0052 0.0000 0.9947 0.0000 0.0000 0.0000 0.0000 0.0000 0.0000
406      406   (0)     15  : 0.0000 0.0000 0.0000 0.0000 0.0000 0.0000 0.0000 0.7737 0.0000 0.0000 0.2263 0.0000 0.0000 0.0000
407      407   (0)     15  : 0.0000 0.0000 0.0000 0.0000 0.0000 0.0105 0.0000 0.8309 0.0000 0.0000 0.0000 0.0228 0.1111 0.0248
408      408   (0)     15  : 0.0000 0.0000 0.0000 0.0000 0.0000 0.0000 0.0000 0.0837 0.0000 0.0000 0.0000 0.0667 0.7830 0.0667
409      409   (0)     15  : 0.0000 0.0000 0.0000 0.0000 0.0000 0.0000 0.0000 0.9863 0.0000 0.0000 0.0000 0.0062 0.0012 0.0062
410      410   (0)     15  : 0.0000 0.0000 0.0000 0.0000 0.0000 0.0000 0.0000 0.1669 0.0000 0.0000 0.0000 0.0667 0.6998 0.0667
411      411   (0)     15  : 0.0000 0.0000 0.0000 0.0000 0.0000 0.0000 0.0000 0.8948 0.0000 0.0000 0.1052 0.0000 0.0000 0.0000
412      412   (0)     15  : 0.0000 0.0000 0.0000 0.0000 0.0000 0.0000 0.0000 0.8393 0.0000 0.0000 0.0000 0.0205 0.1197 0.0205
413      413   (0)     15  : 0.0000 0.0000 0.0000 0.0000 0.0000 0.0000 0.0000 0.8770 0.0000 0.0000 0.1230 0.0000 0.0000 0.0000
414      414   (0)     15  : 0.0000 0.1101 0.0000 0.0015 0.0164 0.0010 0.0000 0.7336 0.0000 0.0000 0.0954 0.0135 0.0000 0.0285
415      415   (0)     15  : 0.0000 0.0774 0.0000 0.0000 0.0000 0.0204 0.0000 0.7378 0.0189 0.0000 0.0000 0.0205 0.1038 0.0213
416      416   (0)     15  : 0.0000 0.0000 0.0000 0.0000 0.0000 0.0000 0.0000 1.0000 0.0000 0.0000 0.0000 0.0000 0.0000 0.0000
417      417   (0)     15  : 0.0000 0.0000 0.0000 0.0000 0.0000 0.0000 0.0000 0.0679 0.0000 0.0000 0.0000 0.0667 0.7988 0.0667
418      418   (0)     15  : 0.0000 0.0000 0.0000 0.0000 0.0000 0.0000 0.0000 0.9127 0.0000 0.0000 0.0873 0.0000 0.0000 0.0000
419      419   (0)     15  : 0.0000 0.0000 0.0000 0.0000 0.0000 0.0000 0.0000 0.0826 0.0000 0.0000 0.0000 0.0667 0.7841 0.0667
420      420   (0)     15  : 0.0000 0.0000 0.0000 0.0000 0.0000 0.0000 0.0000 0.0355 0.0000 0.0000 0.0000 0.0667 0.8311 0.0667
421      421   (0)     16  : 0.4121 0.0000 0.0000 0.0000 0.0025 0.0000 0.4324 0.0000 0.0000 0.0254 0.0000 0.1274 0.0000 0.0000
422      422   (0)     16  : 0.0821 0.0000 0.0003 0.0468 0.0000 0.0000 0.6757 0.0000 0.0000 0.0103 0.0000 0.1136 0.0000 0.0712
423      423   (0)     16  : 0.5203 0.0000 0.0001 0.0253 0.0000 0.0000 0.0000 0.0000 0.1252 0.0146 0.0000 0.2021 0.0380 0.0743
424      424   (0)     16  : 0.2692 0.0000 0.0716 0.0270 0.0000 0.0000 0.3467 0.0000 0.0093 0.0081 0.0000 0.2078 0.0015 0.0589
425      425   (0)     16  : 0.0001 0.0000 0.0183 0.0314 0.0000 0.0000 0.5678 0.0000 0.0416 0.0133 0.0000 0.2497 0.0000 0.0776
426      426   (0)     16  : 0.5208 0.0000 0.0000 0.0386 0.0000 0.0000 0.0000 0.0000 0.1606 0.0142 0.0000 0.2120 0.0000 0.0537
427      427   (0)     16  : 0.2308 0.0000 0.0000 0.0040 0.0000 0.0000 0.5470 0.0000 0.0000 0.0000 0.0099 0.2075 0.0000 0.0008
428      428   (0)     16  : 0.7714 0.0000 0.0000 0.0000 0.0000 0.0000 0.0000 0.0000 0.0000 0.0000 0.0000 0.2248 0.0000 0.0038
429      429   (0)     16  : 0.0914 0.0011 0.0025 0.0557 0.0000 0.0058 0.3291 0.0000 0.0189 0.0000 0.0000 0.4622 0.0025 0.0310
430      430   (0)     16  : 0.7920 0.0000 0.0000 0.0085 0.0147 0.0000 0.0000 0.0000 0.0347 0.0244 0.0000 0.1116 0.0000 0.0141
431      431   (0)     16  : 0.0146 0.0000 0.0000 0.3198 0.0000 0.0000 0.4004 0.0000 0.0000 0.0000 0.0000 0.2335 0.0000 0.0316
432      432   (0)     16  : 0.7198 0.0000 0.0235 0.0000 0.0000 0.0000 0.0107 0.0000 0.0207 0.0132 0.0000 0.2096 0.0025 0.0000
433      433   (0)     16  : 0.0914 0.0000 0.0000 0.0000 0.0000 0.0000 0.7791 0.0000 0.0000 0.0075 0.0000 0.1193 0.0000 0.0028
434      434   (0)     16  : 0.6046 0.0000 0.0063 0.0220 0.0000 0.0000 0.2356 0.0085 0.0031 0.0151 0.0000 0.0987 0.0020 0.0043
435      435   (0)     16  : 0.4527 0.0000 0.0084 0.0000 0.0000 0.0000 0.4319 0.0000 0.0000 0.0022 0.0000 0.1048 0.0000 0.0000
436      436   (0)     16  : 0.0158 0.0000 0.0000 0.0223 0.0360 0.0000 0.8050 0.0000 0.0000 0.0000 0.0000 0.1208 0.0000 0.0000
437      437   (0)     16  : 0.7401 0.0000 0.0000 0.0699 0.0000 0.0000 0.0000 0.0000 0.0000 0.0199 0.0000 0.1634 0.0000 0.0068
438      438   (0)     16  : 0.8711 0.0000 0.0000 0.0168 0.0000 0.0000 0.0000 0.0000 0.0000 0.0237 0.0000 0.0800 0.0000 0.0085
439      439   (0)     16  : 0.7154 0.0000 0.0269 0.0494 0.0000 0.0000 0.0000 0.0000 0.0013 0.0036 0.0000 0.1987 0.0014 0.0033
440      440   (0)     16  : 0.3446 0.0000 0.0010 0.0000 0.0000 0.0000 0.0000 0.0000 0.2049 0.0000 0.0000 0.4188 0.0197 0.0109
441      441   (0)     16  : 0.4993 0.0123 0.0000 0.0000 0.0000 0.0000 0.3004 0.0000 0.0000 0.0204 0.0035 0.1274 0.0366 0.0000
442      442   (0)     16  : 0.8365 0.0000 0.0000 0.0336 0.0000 0.0000 0.0049 0.0000 0.0000 0.0152 0.0000 0.1016 0.0000 0.0081
443      443   (0)     16  : 0.4897 0.0000 0.0045 0.0000 0.0000 0.0000 0.0105 0.0000 0.1624 0.0000 0.0000 0.2649 0.0596 0.0083
444      444   (0)     16  : 0.7599 0.0000 0.0016 0.0008 0.0000 0.0000 0.0000 0.0000 0.0168 0.0076 0.0000 0.1989 0.0144 0.0000
445      445   (0)     16  : 0.0000 0.0000 0.0000 0.0000 0.0916 0.0015 0.0335 0.0000 0.0000 0.8726 0.0009 0.0000 0.0000 0.0000
446      446   (0)     16  : 0.4715 0.0000 0.0200 0.0000 0.0000 0.0000 0.3829 0.0000 0.0000 0.0000 0.0000 0.1256 0.0000 0.0000
447      447   (0)     16  : 0.4880 0.0000 0.0005 0.0000 0.0000 0.0000 0.1082 0.0000 0.0343 0.0056 0.0000 0.3379 0.0241 0.0014
448      448   (0)     16  : 0.7069 0.0000 0.0000 0.0000 0.0000 0.0000 0.0222 0.0000 0.0000 0.0000 0.0000 0.2696 0.0013 0.0000
449      449   (0)     16  : 0.5624 0.0000 0.0231 0.0016 0.0000 0.0000 0.2655 0.0000 0.0000 0.0132 0.0000 0.1254 0.0000 0.0088
450      450   (0)     16  : 0.7559 0.0000 0.0000 0.0463 0.0000 0.0000 0.0078 0.0000 0.0283 0.0288 0.0000 0.1309 0.0000 0.0020
451      451   (0)     17  : 0.4406 0.0095 0.0000 0.1300 0.0069 0.0038 0.1081 0.0000 0.0682 0.0081 0.0000 0.1013 0.0454 0.0779
452      452   (0)     17  : 0.7189 0.0000 0.0010 0.0000 0.0000 0.0000 0.0304 0.0000 0.0461 0.0212 0.0000 0.1537 0.0287 0.0000
453      453   (0)     17  : 0.8649 0.0000 0.0000 0.0000 0.0000 0.0000 0.0000 0.0000 0.0000 0.0178 0.0000 0.1172 0.0000 0.0000
454      454   (0)     17  : 0.0115 0.0000 0.0000 0.0000 0.0696 0.0119 0.0000 0.0005 0.0289 0.7726 0.0593 0.0331 0.0045 0.0082
455      455   (0)     17  : 0.0344 0.0000 0.0000 0.0000 0.0000 0.0000 0.8289 0.0000 0.0000 0.0006 0.0000 0.1361 0.0000 0.0000
456      456   (0)     17  : 0.0140 0.0000 0.0000 0.0000 0.0983 0.0273 0.0000 0.0000 0.0000 0.8553 0.0000 0.0051 0.0000 0.0000
457      457   (0)     17  : 0.0822 0.0000 0.0000 0.0000 0.0000 0.0000 0.8093 0.0000 0.0000 0.0000 0.0000 0.1085 0.0000 0.0000
458      458   (0)     17  : 0.7795 0.0000 0.0000 0.0167 0.0000 0.0000 0.0240 0.0000 0.0000 0.0136 0.0000 0.1566 0.0096 0.0000
459      459   (0)     17  : 0.8567 0.0000 0.0020 0.0000 0.0000 0.0000 0.0000 0.0000 0.0002 0.0000 0.0000 0.1411 0.0000 0.0000
460      460   (0)     17  : 0.0000 0.0000 0.0017 0.0000 0.0000 0.0000 0.3380 0.0000 0.3451 0.0000 0.0000 0.3134 0.0018 0.0000
461      461   (0)     17  : 0.3905 0.0000 0.0042 0.0067 0.0000 0.0000 0.2592 0.0000 0.0402 0.0000 0.0000 0.2644 0.0319 0.0030
462      462   (0)     17  : 0.1600 0.0451 0.0042 0.3215 0.0656 0.0000 0.0000 0.0000 0.0047 0.0000 0.0000 0.2635 0.0000 0.1354
463      463   (0)     17  : 0.0000 0.0326 0.0000 0.0000 0.1523 0.0531 0.1833 0.0074 0.0000 0.5062 0.0087 0.0518 0.0000 0.0046
464      464   (0)     17  : 0.5712 0.0004 0.0294 0.0242 0.0029 0.0000 0.0490 0.0000 0.0146 0.0187 0.0000 0.2344 0.0239 0.0312
465      465   (0)     17  : 0.5557 0.0012 0.0052 0.1207 0.1660 0.0000 0.0009 0.0000 0.0000 0.0108 0.0000 0.1168 0.0009 0.0218
466      466   (0)     17  : 0.5195 0.0000 0.0086 0.0232 0.0322 0.0000 0.0000 0.0000 0.2057 0.0045 0.0000 0.1699 0.0315 0.0048
467      467   (0)     17  : 0.3375 0.0000 0.0303 0.1384 0.0164 0.0000 0.2008 0.0050 0.1951 0.0203 0.0000 0.0534 0.0010 0.0019
468      468   (0)     17  : 0.0857 0.0000 0.0049 0.0000 0.0000 0.0000 0.0116 0.0000 0.6722 0.0000 0.0000 0.1755 0.0498 0.0003
469      469   (0)     17  : 0.3329 0.0000 0.0745 0.0519 0.0137 0.0000 0.2906 0.0000 0.0501 0.0160 0.0000 0.1300 0.0000 0.0402
470      470   (0)     17  : 0.6426 0.0000 0.0000 0.0028 0.0000 0.0253 0.0000 0.0000 0.0091 0.0105 0.0000 0.1873 0.0494 0.0730
471      471   (0)     17  : 0.2754 0.0000 0.0000 0.0000 0.0003 0.0000 0.3813 0.0119 0.0918 0.0000 0.0000 0.1966 0.0375 0.0051
472      472   (0)     17  : 0.0995 0.0000 0.0000 0.2299 0.0000 0.0010 0.0000 0.0000 0.4775 0.0000 0.0000 0.1632 0.0001 0.0289
473      473   (0)     17  : 0.2099 0.0000 0.0000 0.0764 0.0000 0.0000 0.0000 0.0034 0.4487 0.0191 0.0000 0.1873 0.0188 0.0364
474      474   (0)     17  : 0.0113 0.0000 0.0000 0.0323 0.0043 0.0000 0.7633 0.0000 0.0120 0.0000 0.0000 0.1345 0.0234 0.0190
475      475   (0)     17  : 0.3787 0.0000 0.0000 0.0861 0.0054 0.0000 0.0873 0.0000 0.1557 0.0076 0.0000 0.2641 0.0054 0.0099
476      476   (0)     17  : 0.1335 0.0009 0.0006 0.0152 0.0228 0.0098 0.5962 0.0000 0.0086 0.0001 0.0000 0.1564 0.0042 0.0517
477      477   (0)     17  : 0.7361 0.0000 0.0000 0.0085 0.0034 0.0000 0.0000 0.0000 0.0111 0.0203 0.0000 0.2125 0.0000 0.0082
478      478   (0)     17  : 0.0000 0.0000 0.0000 0.0021 0.0000 0.0000 0.8056 0.0000 0.0322 0.0000 0.0000 0.1423 0.0000 0.0178
479      479   (0)     17  : 0.6730 0.0000 0.0000 0.0070 0.0000 0.0000 0.0006 0.0000 0.0701 0.1143 0.0000 0.0970 0.0000 0.0380
480      480   (0)     17  : 0.1355 0.0000 0.0000 0.0870 0.0026 0.0000 0.0027 0.0000 0.3698 0.0475 0.0000 0.1901 0.0730 0.0920
481      481   (0)     18  : 0.0048 0.0001 0.0027 0.5304 0.0964 0.0000 0.0000 0.0000 0.0000 0.0000 0.0000 0.3379 0.0071 0.0207
482      482   (0)     18  : 0.0000 0.0000 0.0000 0.0000 1.0000 0.0000 0.0000 0.0000 0.0000 0.0000 0.0000 0.0000 0.0000 0.0000
483      483   (0)     18  : 0.0000 0.0000 0.0000 0.0019 0.9865 0.0000 0.0000 0.0000 0.0000 0.0000 0.0000 0.0116 0.0000 0.0000
484      484   (0)     18  : 0.0000 0.0000 0.0000 0.0000 0.9929 0.0000 0.0000 0.0000 0.0000 0.0000 0.0000 0.0071 0.0000 0.0000
485      485   (0)     18  : 0.0309 0.0000 0.0000 0.0000 0.7754 0.0000 0.0000 0.0000 0.0000 0.1928 0.0000 0.0009 0.0000 0.0000
486      486   (0)     18  : 0.0000 0.0000 0.0000 0.0210 0.9551 0.0000 0.0000 0.0000 0.0000 0.0000 0.0000 0.0239 0.0000 0.0000
487      487   (0)     18  : 0.0000 0.0000 0.0000 0.0000 1.0000 0.0000 0.0000 0.0000 0.0000 0.0000 0.0000 0.0000 0.0000 0.0000
488      488   (0)     18  : 0.3244 0.0000 0.0000 0.1218 0.0402 0.0000 0.0000 0.0000 0.0244 0.0000 0.0000 0.4827 0.0065 0.0000
489      489   (0)     18  : 0.0000 0.0000 0.0000 0.6142 0.0089 0.0000 0.0000 0.0000 0.0000 0.0050 0.0041 0.3383 0.0000 0.0296
490      490   (0)     18  : 0.0000 0.0000 0.0000 0.0000 0.9923 0.0000 0.0000 0.0000 0.0000 0.0000 0.0000 0.0077 0.0000 0.0000
491      491   (0)     18  : 0.0281 0.0000 0.0023 0.0000 0.8869 0.0000 0.0000 0.0000 0.0000 0.0000 0.0000 0.0727 0.0101 0.0000
492      492   (0)     18  : 0.3676 0.0000 0.0071 0.0150 0.0996 0.0000 0.0000 0.0000 0.0000 0.4836 0.0000 0.0271 0.0000 0.0000
493      493   (0)     18  : 0.0000 0.0000 0.0000 0.3479 0.0276 0.0000 0.4298 0.0000 0.0000 0.0000 0.0000 0.1835 0.0000 0.0112
494      494   (0)     18  : 0.0000 0.0000 0.0000 0.0574 0.9215 0.0000 0.0000 0.0000 0.0000 0.0000 0.0000 0.0138 0.0000 0.0073
495      495   (0)     18  : 0.0000 0.0000 0.0000 0.0000 0.9980 0.0000 0.0000 0.0000 0.0000 0.0000 0.0000 0.0020 0.0000 0.0000
496      496   (0)     18  : 0.0152 0.0000 0.0000 0.0000 0.5872 0.0000 0.0000 0.0000 0.0000 0.3970 0.0000 0.0006 0.0000 0.0000
497      497   (0)     18  : 0.0064 0.0000 0.0026 0.3699 0.0080 0.0000 0.1619 0.0000 0.0047 0.0029 0.0000 0.4159 0.0102 0.0175
498      498   (0)     18  : 0.1037 0.0000 0.0000 0.0085 0.8012 0.0000 0.0000 0.0000 0.0000 0.0810 0.0000 0.0040 0.0000 0.0015
499      499   (0)     18  : 0.0992 0.0000 0.0000 0.0307 0.4750 0.0000 0.1222 0.0000 0.0000 0.2593 0.0000 0.0043 0.0000 0.0093
500      500   (0)     18  : 0.0000 0.0000 0.0000 0.3937 0.0559 0.0000 0.0000 0.0000 0.0143 0.0000 0.0000 0.4677 0.0125 0.0560
501      501   (0)     18  : 0.2003 0.0000 0.0000 0.5070 0.0241 0.0000 0.0000 0.0000 0.0000 0.0000 0.0000 0.2588 0.0098 0.0000
502      502   (0)     18  : 0.1997 0.0000 0.0000 0.0000 0.3730 0.0017 0.0608 0.0000 0.0000 0.3573 0.0038 0.0000 0.0000 0.0037
503      503   (0)     18  : 0.0000 0.0000 0.0000 0.0094 0.9761 0.0000 0.0000 0.0000 0.0000 0.0000 0.0000 0.0145 0.0000 0.0000
504      504   (0)     18  : 0.0715 0.0000 0.0000 0.0000 0.4384 0.0000 0.0000 0.0000 0.0000 0.4180 0.0000 0.0721 0.0000 0.0000
505      505   (0)     18  : 0.0319 0.0000 0.0642 0.0000 0.3869 0.0059 0.0000 0.0000 0.0000 0.4714 0.0000 0.0396 0.0000 0.0000
506      506   (0)     18  : 0.0000 0.0000 0.0012 0.2356 0.0081 0.0000 0.2607 0.0000 0.0000 0.0000 0.0000 0.4808 0.0128 0.0007
507      507   (0)     18  : 0.1798 0.0000 0.0000 0.0691 0.6089 0.0000 0.0000 0.0000 0.0000 0.1275 0.0000 0.0147 0.0000 0.0000
508      508   (0)     18  : 0.0312 0.0000 0.0002 0.3918 0.0105 0.0000 0.2010 0.0000 0.0084 0.0027 0.0000 0.3514 0.0027 0.0000
509      509   (0)     18  : 0.0122 0.0000 0.0100 0.0000 0.3068 0.0000 0.0000 0.0000 0.0000 0.6650 0.0000 0.0056 0.0000 0.0004
510      510   (0)     19  : 0.5921 0.0000 0.0000 0.0643 0.0035 0.0000 0.1794 0.0000 0.0000 0.0161 0.0000 0.1363 0.0000 0.0082
511      511   (0)     19  : 0.1754 0.0000 0.0000 0.1080 0.0039 0.0000 0.5821 0.0000 0.0000 0.0000 0.0000 0.1306 0.0000 0.0000
512      512   (0)     19  : 0.4042 0.0000 0.0000 0.0000 0.0000 0.0000 0.4443 0.0000 0.0000 0.0066 0.0000 0.1449 0.0000 0.0000
513      513   (0)     19  : 0.0000 0.0000 0.0000 0.0000 0.0000 0.0000 0.9341 0.0000 0.0000 0.0000 0.0000 0.0659 0.0000 0.0000
514      514   (0)     19  : 0.4213 0.0000 0.0492 0.0000 0.0000 0.0000 0.0000 0.0000 0.2300 0.0000 0.0000 0.2996 0.0000 0.0000
515      515   (0)     19  : 0.3428 0.0000 0.0166 0.0151 0.0000 0.0000 0.4929 0.0000 0.0000 0.0034 0.0000 0.1221 0.0000 0.0072
516      516   (0)     19  : 0.2799 0.0000 0.0000 0.0000 0.0000 0.0000 0.6906 0.0000 0.0000 0.0041 0.0000 0.0218 0.0000 0.0035
517      517   (0)     19  : 0.8013 0.0000 0.0023 0.0184 0.0000 0.0000 0.0000 0.0000 0.0000 0.0149 0.0000 0.1318 0.0000 0.0312
518      518   (0)     19  : 0.3554 0.0000 0.0000 0.0000 0.0000 0.0000 0.4426 0.0000 0.0425 0.0000 0.0000 0.1582 0.0003 0.0009
519      519   (0)     19  : 0.0000 0.0000 0.0005 0.1622 0.0000 0.0000 0.0000 0.0000 0.1560 0.0667 0.0000 0.2308 0.0000 0.3838
520      520   (0)     19  : 0.7617 0.0000 0.0000 0.0204 0.0000 0.0000 0.0634 0.0000 0.0000 0.0314 0.0000 0.1198 0.0016 0.0018
521      521   (0)     19  : 0.0000 0.0000 0.0000 0.1481 0.0000 0.0000 0.7806 0.0000 0.0000 0.0017 0.0000 0.0102 0.0000 0.0594
522      522   (0)     19  : 0.0643 0.0000 0.0000 0.0000 0.0000 0.0000 0.8030 0.0000 0.0000 0.0000 0.0000 0.1327 0.0000 0.0000
523      523   (0)     19  : 0.0000 0.0000 0.0000 0.0151 0.0000 0.0000 0.5802 0.0000 0.0336 0.0000 0.0000 0.3711 0.0000 0.0000
524      524   (0)     19  : 0.5957 0.0000 0.0000 0.0000 0.0000 0.0000 0.2364 0.0000 0.0000 0.0059 0.0000 0.1609 0.0011 0.0000
525      525   (0)     19  : 0.4438 0.0000 0.0000 0.0000 0.0000 0.0012 0.3152 0.0127 0.0000 0.0150 0.0000 0.2064 0.0000 0.0058
526      526   (0)     19  : 0.6920 0.0000 0.0000 0.0000 0.0000 0.0000 0.0328 0.0080 0.0291 0.0246 0.0000 0.2076 0.0000 0.0058
527      527   (0)     19  : 0.2369 0.0000 0.0254 0.1698 0.0009 0.0000 0.2011 0.0000 0.0483 0.0000 0.0000 0.3177 0.0000 0.0000
528      528   (0)     19  : 0.5930 0.0000 0.0000 0.1454 0.0009 0.0000 0.0477 0.0000 0.0088 0.0073 0.0000 0.1888 0.0008 0.0073
529      529   (0)     19  : 0.7176 0.0000 0.0000 0.0000 0.0000 0.0000 0.0000 0.0000 0.0529 0.0179 0.0000 0.2116 0.0000 0.0000
530      530   (0)     19  : 0.1979 0.0000 0.0111 0.0000 0.0000 0.0000 0.4680 0.0000 0.0230 0.0000 0.0000 0.3000 0.0000 0.0000
531      531   (0)     19  : 0.1852 0.0000 0.0000 0.0000 0.0000 0.0000 0.3970 0.0000 0.1212 0.0000 0.0000 0.2473 0.0430 0.0062
532      532   (0)     19  : 0.2103 0.0211 0.0000 0.0000 0.0000 0.0013 0.5382 0.0000 0.0045 0.0000 0.0005 0.1922 0.0198 0.0122
533      533   (0)     19  : 0.2635 0.0003 0.0000 0.0000 0.0681 0.0005 0.0033 0.0000 0.0052 0.5698 0.0146 0.0448 0.0083 0.0217
534      534   (0)     19  : 0.5761 0.0000 0.0011 0.1347 0.0000 0.0000 0.0224 0.0000 0.0000 0.0096 0.0000 0.2562 0.0000 0.0000
535      535   (0)     19  : 0.1993 0.0000 0.0000 0.0233 0.0000 0.0000 0.6129 0.0000 0.0000 0.0180 0.0000 0.1414 0.0017 0.0034
536      536   (0)     19  : 0.1127 0.0220 0.0000 0.0000 0.0087 0.0000 0.6733 0.0000 0.0011 0.0016 0.0004 0.1711 0.0000 0.0091
537      537   (0)     19  : 0.3551 0.0000 0.0089 0.1368 0.0000 0.0000 0.2958 0.0000 0.0000 0.0146 0.0000 0.0733 0.0613 0.0543
538      538   (0)     19  : 0.1425 0.0000 0.0000 0.0089 0.4263 0.0000 0.0265 0.0000 0.0000 0.3809 0.0000 0.0055 0.0000 0.0093
539      539   (0)     19  : 0.0000 0.0000 0.0000 0.0000 0.0212 0.0000 0.9015 0.0000 0.0002 0.0000 0.0000 0.0729 0.0029 0.0012
