1        1   (0)      1  : 0.0041 0.0000 0.0000 0.2766 0.0000 0.0583 0.2734 0.0000 0.0000 0.3877
2        2   (0)      1  : 0.9469 0.0000 0.0000 0.0142 0.0129 0.0000 0.0110 0.0000 0.0000 0.0151
3        3   (0)      1  : 0.7373 0.0000 0.0000 0.0000 0.0000 0.0000 0.0000 0.0294 0.0000 0.2334
4        4   (0)      1  : 0.0040 0.0000 0.0107 0.5093 0.1492 0.0000 0.1415 0.1417 0.0000 0.0437
5        5   (0)      1  : 0.0048 0.0000 0.0000 0.3350 0.0000 0.0000 0.0669 0.2412 0.0000 0.3521
6        6   (0)      1  : 0.0033 0.0000 0.0000 0.5286 0.0000 0.0012 0.2724 0.1151 0.0036 0.0759
7        7   (0)      1  : 0.9694 0.0000 0.0000 0.0000 0.0000 0.0000 0.0000 0.0140 0.0000 0.0166
8        8   (0)      1  : 0.9636 0.0000 0.0000 0.0090 0.0000 0.0000 0.0098 0.0105 0.0000 0.0071
9        9   (0)      1  : 0.0014 0.0000 0.0000 0.0850 0.0000 0.0366 0.3728 0.0443 0.0000 0.4599
10       10   (0)      1  : 0.9475 0.0000 0.0000 0.0000 0.0282 0.0000 0.0141 0.0101 0.0000 0.0000
11       11   (0)      1  : 0.0000 0.0000 0.0006 0.2599 0.0000 0.1010 0.2163 0.3567 0.0000 0.0655
12       12   (0)      1  : 0.0000 0.0000 0.0000 0.6219 0.1349 0.0023 0.0905 0.0492 0.0000 0.1012
13       13   (0)      1  : 0.0000 0.0000 0.0000 0.2107 0.0000 0.0455 0.6567 0.0865 0.0000 0.0006
14       14   (0)      1  : 0.0000 0.0000 0.0037 0.2901 0.0854 0.0000 0.3612 0.2560 0.0000 0.0036
15       15   (0)      1  : 0.0000 0.0000 0.0000 0.2940 0.0000 0.2027 0.0000 0.3033 0.0000 0.2000
16       16   (0)      1  : 0.0418 0.0000 0.0000 0.3476 0.0715 0.0699 0.1589 0.1351 0.0034 0.1719
17       17   (0)      1  : 0.0000 0.0000 0.0000 0.3510 0.0000 0.0838 0.2296 0.1199 0.0000 0.2157
18       18   (0)      1  : 0.0000 0.0000 0.0000 0.1191 0.0402 0.2000 0.2028 0.1328 0.0000 0.3050
19       19   (0)      1  : 0.0000 0.0000 0.0000 0.4535 0.0027 0.0000 0.0601 0.1668 0.0000 0.3169
20       20   (0)      1  : 0.0000 0.0000 0.0000 0.4509 0.2000 0.0002 0.0000 0.0914 0.0000 0.2575
21       21   (0)      1  : 0.0003 0.0000 0.0000 0.2535 0.0000 0.1123 0.2142 0.3808 0.0000 0.0389
22       22   (0)      1  : 0.7959 0.0000 0.0000 0.0364 0.0269 0.0062 0.0000 0.0000 0.0000 0.1345
23       23   (0)      1  : 0.0000 0.0000 0.0000 0.4427 0.3013 0.0638 0.0577 0.0631 0.0000 0.0714
24       24   (0)      1  : 0.0000 0.0000 0.0000 1.0000 0.0000 0.0000 0.0000 0.0000 0.0000 0.0000
25       25   (0)      1  : 0.0000 0.0000 0.0000 0.4856 0.3027 0.0000 0.0000 0.1215 0.0000 0.0901
26       26   (0)      1  : 0.0000 0.0000 0.0000 0.1421 0.0000 0.0000 0.4964 0.1456 0.0000 0.2158
27       27   (0)      1  : 0.0000 0.0963 0.0000 0.0000 0.5890 0.0000 0.0000 0.0000 0.3148 0.0000
28       28   (0)      1  : 0.0000 0.0245 0.0000 0.0000 0.6000 0.0000 0.0000 0.0000 0.3755 0.0000
29       29   (0)      1  : 0.0019 0.0000 0.0008 0.2939 0.0000 0.0000 0.4917 0.1222 0.0000 0.0894
30       30   (0)      1  : 0.0000 0.0000 0.0000 0.1235 0.0000 0.0000 0.8765 0.0000 0.0000 0.0000
31       31   (0)      1  : 0.0158 0.0000 0.0000 0.5664 0.0223 0.0000 0.0000 0.3319 0.0000 0.0636
32       32   (0)      1  : 0.9084 0.0000 0.0000 0.0916 0.0000 0.0000 0.0000 0.0000 0.0000 0.0000
33       33   (0)      1  : 0.1828 0.0000 0.0000 0.4007 0.2505 0.0000 0.0000 0.0000 0.1659 0.0000
34       34   (0)      1  : 0.0000 0.0000 0.0000 0.1194 0.0690 0.2000 0.2963 0.0318 0.0000 0.2835
35       35   (0)      1  : 0.0000 0.0000 1.0000 0.0000 0.0000 0.0000 0.0000 0.0000 0.0000 0.0000
36       36   (0)      1  : 0.0000 0.0000 1.0000 0.0000 0.0000 0.0000 0.0000 0.0000 0.0000 0.0000
37       37   (0)      1  : 0.0000 0.0000 1.0000 0.0000 0.0000 0.0000 0.0000 0.0000 0.0000 0.0000
38       38   (0)      1  : 0.0000 0.0000 0.0000 0.0000 0.6000 0.0407 0.0000 0.0000 0.3593 0.0000
39       39   (0)      1  : 0.0000 0.0302 0.0000 0.0000 0.6000 0.0289 0.0000 0.0000 0.3409 0.0000
40       40   (0)      1  : 0.0000 0.0000 0.0000 0.2778 0.0000 0.0000 0.0490 0.3451 0.0000 0.3281
41       41   (0)      1  : 0.9415 0.0000 0.0000 0.0002 0.0000 0.0137 0.0196 0.0119 0.0000 0.0130
42       42   (0)      1  : 0.0000 0.0287 0.0000 0.0000 0.6000 0.0045 0.0000 0.0000 0.3668 0.0000
43       43   (0)      1  : 0.0011 0.0000 0.0020 0.3908 0.1883 0.0000 0.0000 0.3127 0.0000 0.1051
44       44   (0)      1  : 0.9626 0.0000 0.0000 0.0000 0.0000 0.0002 0.0372 0.0000 0.0000 0.0000
45       45   (0)      1  : 0.0000 0.0180 0.0000 0.0000 0.6000 0.0245 0.0000 0.0000 0.3575 0.0000
46       46   (0)      1  : 0.0000 0.0000 0.0000 0.2935 0.0000 0.0000 0.2000 0.2896 0.0000 0.2169
47       47   (0)      1  : 0.0000 0.0610 0.0000 0.0000 0.6000 0.0000 0.0000 0.0000 0.3390 0.0000
48       48   (0)      1  : 0.7594 0.0000 0.0000 0.0088 0.0092 0.0109 0.0000 0.0000 0.0019 0.2098
49       49   (0)      1  : 0.9313 0.0000 0.0000 0.0000 0.0060 0.0056 0.0000 0.0027 0.0000 0.0544
50       50   (0)      1  : 0.0000 0.0513 0.0000 0.0000 0.6000 0.0000 0.0000 0.0000 0.3487 0.0000
51       51   (0)      1  : 0.0000 0.0490 0.0000 0.0000 0.5984 0.0000 0.0000 0.0000 0.3527 0.0000
52       52   (0)      1  : 0.7088 0.0000 0.0000 0.0264 0.0000 0.0000 0.0448 0.0201 0.0000 0.2000
53       53   (0)      1  : 0.8342 0.0000 0.0000 0.0000 0.0000 0.0000 0.0135 0.0449 0.0007 0.1067
54       54   (0)      1  : 0.9368 0.0000 0.0000 0.0000 0.0000 0.0000 0.0020 0.0295 0.0000 0.0316
55       55   (0)      1  : 0.0000 0.0256 0.0000 0.0000 0.6000 0.0292 0.0000 0.0000 0.3451 0.0000
56       56   (0)      2  : 0.0082 0.0000 0.0000 0.5157 0.0001 0.0000 0.3496 0.1264 0.0000 0.0000
57       57   (0)      2  : 0.0000 0.0000 0.0153 0.2500 0.0000 0.2000 0.0167 0.2638 0.0000 0.2543
58       58   (0)      2  : 0.0000 0.0000 0.0000 0.2000 0.0000 0.2000 0.0000 0.4998 0.0000 0.1002
59       59   (0)      2  : 0.0000 0.0000 0.0000 0.4876 0.1329 0.0001 0.0595 0.1411 0.0000 0.1787
60       60   (0)      2  : 0.7944 0.0000 0.0000 0.0000 0.0000 0.0631 0.0172 0.0196 0.0000 0.1058
61       61   (0)      2  : 0.0000 0.0000 0.0010 0.1977 0.0000 0.0000 0.4663 0.1349 0.0000 0.2000
62       62   (0)      2  : 0.0000 0.0000 1.0000 0.0000 0.0000 0.0000 0.0000 0.0000 0.0000 0.0000
63       63   (0)      2  : 0.0113 0.0000 0.0000 0.3135 0.0000 0.0000 0.0858 0.0951 0.0000 0.4942
64       64   (0)      2  : 0.0000 0.0000 1.0000 0.0000 0.0000 0.0000 0.0000 0.0000 0.0000 0.0000
65       65   (0)      2  : 0.0242 0.0000 0.0000 0.2864 0.0365 0.0131 0.3966 0.1140 0.0000 0.1292
66       66   (0)      2  : 0.0000 0.0000 1.0000 0.0000 0.0000 0.0000 0.0000 0.0000 0.0000 0.0000
67       67   (0)      2  : 0.0000 0.0000 0.0010 0.1724 0.0403 0.0000 0.2263 0.0690 0.0000 0.4910
68       68   (0)      2  : 0.0005 0.0000 0.0000 0.2317 0.0723 0.0000 0.4798 0.2000 0.0000 0.0157
69       69   (0)      2  : 0.9618 0.0000 0.0000 0.0250 0.0000 0.0000 0.0045 0.0088 0.0000 0.0000
70       70   (0)      2  : 0.0000 0.0000 0.0000 0.4801 0.0000 0.2000 0.2329 0.0000 0.0000 0.0871
71       71   (0)      2  : 0.0000 0.0000 1.0000 0.0000 0.0000 0.0000 0.0000 0.0000 0.0000 0.0000
72       72   (0)      2  : 0.0000 0.0000 1.0000 0.0000 0.0000 0.0000 0.0000 0.0000 0.0000 0.0000
73       73   (0)      2  : 0.0156 0.0000 0.0000 0.2611 0.4000 0.0187 0.0000 0.3046 0.0000 0.0000
74       74   (0)      2  : 0.8889 0.0000 0.0055 0.0000 0.0000 0.0000 0.0090 0.0297 0.0000 0.0669
75       75   (0)      2  : 0.0000 0.0577 0.0000 0.0000 0.6000 0.0122 0.0000 0.0000 0.3301 0.0000
76       76   (0)      2  : 0.9553 0.0000 0.0000 0.0310 0.0137 0.0000 0.0000 0.0000 0.0000 0.0000
77       77   (0)      2  : 0.0380 0.0000 0.0000 0.1867 0.0000 0.0000 0.3829 0.1518 0.0000 0.2406
78       78   (0)      2  : 0.0000 0.0000 1.0000 0.0000 0.0000 0.0000 0.0000 0.0000 0.0000 0.0000
79       79   (0)      2  : 0.0000 0.0258 0.0000 0.0000 0.6000 0.0000 0.0000 0.0000 0.3742 0.0000
80       80   (0)      2  : 0.0000 0.0000 1.0000 0.0000 0.0000 0.0000 0.0000 0.0000 0.0000 0.0000
81       81   (0)      2  : 0.0000 0.0000 0.0022 0.6916 0.0000 0.1060 0.1001 0.0000 0.0000 0.1000
82       82   (0)      2  : 0.9602 0.0000 0.0063 0.0000 0.0000 0.0000 0.0000 0.0191 0.0000 0.0144
83       83   (0)      2  : 0.9369 0.0000 0.0000 0.0000 0.0000 0.0543 0.0000 0.0000 0.0000 0.0088
84       84   (0)      2  : 0.1918 0.0000 0.0000 0.0671 0.0000 0.0000 0.5286 0.0000 0.0000 0.2124
85       85   (0)      2  : 0.0002 0.0000 0.0000 0.4105 0.0895 0.0471 0.2867 0.0726 0.0000 0.0934
86       86   (0)      2  : 0.0047 0.0000 0.0000 0.3332 0.0710 0.0870 0.1233 0.2000 0.0000 0.1808
87       87   (0)      2  : 0.0161 0.0000 0.0000 0.5914 0.0000 0.0873 0.1973 0.0583 0.0000 0.0496
88       88   (0)      2  : 0.0000 0.0000 0.0000 0.5600 0.0630 0.0000 0.1846 0.1288 0.0000 0.0636
89       89   (0)      2  : 0.0000 0.0000 0.0000 0.1057 0.0554 0.0000 0.6205 0.2184 0.0000 0.0000
90       90   (0)      2  : 0.0066 0.0000 0.0000 0.3721 0.0000 0.0000 0.0000 0.4114 0.0000 0.2098
91       91   (0)      2  : 0.0012 0.0000 0.0000 0.3538 0.0000 0.1164 0.1780 0.0568 0.0000 0.2938
92       92   (0)      2  : 0.0151 0.0000 0.0000 0.3454 0.0000 0.0061 0.3002 0.2511 0.0000 0.0821
93       93   (0)      2  : 0.8230 0.0000 0.0000 0.0000 0.0015 0.0321 0.0000 0.0000 0.0000 0.1435
94       94   (0)      2  : 0.8774 0.0000 0.0039 0.0137 0.0000 0.0660 0.0000 0.0389 0.0000 0.0000
95       95   (0)      2  : 0.0000 0.0000 1.0000 0.0000 0.0000 0.0000 0.0000 0.0000 0.0000 0.0000
96       96   (0)      2  : 0.8787 0.0000 0.0000 0.0191 0.0159 0.0708 0.0005 0.0151 0.0000 0.0000
97       97   (0)      2  : 0.8093 0.0000 0.0000 0.0288 0.0265 0.1347 0.0000 0.0007 0.0000 0.0000
98       98   (0)      2  : 0.0096 0.0000 0.0000 0.1110 0.0000 0.0000 0.2277 0.0505 0.0011 0.6000
99       99   (0)      2  : 0.0000 0.0000 1.0000 0.0000 0.0000 0.0000 0.0000 0.0000 0.0000 0.0000
100      100   (0)      2  : 0.0000 0.0000 0.0000 0.4978 0.1250 0.0000 0.0452 0.3320 0.0000 0.0000
101      101   (0)      3  : 0.0014 0.0000 0.0000 0.3252 0.1368 0.0000 0.1515 0.2391 0.0000 0.1460
102      102   (0)      3  : 0.0000 0.0000 0.0008 0.5596 0.0000 0.1112 0.1260 0.0576 0.0000 0.1449
103      103   (0)      3  : 0.0061 0.0000 0.0004 0.3522 0.0746 0.0664 0.0744 0.1332 0.0000 0.2929
104      104   (0)      3  : 0.0002 0.0000 0.0014 0.4170 0.0000 0.0000 0.2951 0.2863 0.0000 0.0000
105      105   (0)      3  : 0.0217 0.0000 0.0063 0.1570 0.0000 0.0000 0.3653 0.3201 0.0000 0.1295
106      106   (0)      3  : 0.0015 0.0000 0.0018 0.9058 0.0000 0.0909 0.0000 0.0000 0.0000 0.0000
107      107   (0)      3  : 0.0000 0.0000 0.0000 0.1616 0.0887 0.0000 0.1842 0.2688 0.0000 0.2967
108      108   (0)      3  : 0.0000 0.0000 0.0000 0.3824 0.0000 0.0051 0.1662 0.2779 0.0000 0.1684
109      109   (0)      3  : 0.0000 0.0000 0.0000 0.4462 0.2000 0.0419 0.0024 0.2792 0.0000 0.0303
110      110   (0)      3  : 0.0000 0.0000 0.0000 0.2615 0.0000 0.0595 0.5999 0.0479 0.0000 0.0313
111      111   (0)      3  : 0.0066 0.0000 0.0021 0.4102 0.3057 0.0000 0.0000 0.2753 0.0000 0.0000
112      112   (0)      3  : 0.0000 0.0000 0.0000 0.1027 0.0403 0.2000 0.3597 0.0973 0.0000 0.2000
113      113   (0)      3  : 0.0000 0.0000 0.0000 0.3644 0.0008 0.0000 0.6186 0.0162 0.0000 0.0000
114      114   (0)      3  : 0.0039 0.0000 0.0000 0.6681 0.0000 0.0000 0.1344 0.1837 0.0017 0.0082
115      115   (0)      3  : 0.0244 0.0000 0.0000 0.0842 0.0863 0.0000 0.2419 0.4173 0.0000 0.1459
116      116   (0)      3  : 0.0000 0.0000 0.0002 0.1492 0.0000 0.0000 0.8506 0.0000 0.0000 0.0000
117      117   (0)      3  : 0.0404 0.0000 0.0000 0.4575 0.0567 0.0361 0.3561 0.0532 0.0000 0.0000
118      118   (0)      3  : 0.0000 0.0000 0.0000 0.1666 0.0000 0.0330 0.6444 0.0575 0.0000 0.0986
119      119   (0)      3  : 0.0277 0.0000 0.0000 0.3240 0.0149 0.0535 0.2908 0.1229 0.0000 0.1662
120      120   (0)      3  : 0.0275 0.0000 0.0806 0.6975 0.0000 0.0000 0.0000 0.1626 0.0000 0.0317
121      121   (0)      3  : 0.0000 0.0000 0.0000 0.5196 0.0257 0.0000 0.4119 0.0423 0.0000 0.0006
122      122   (0)      3  : 0.0000 0.0000 0.0000 0.2645 0.2000 0.0000 0.0000 0.2162 0.0000 0.3193
123      123   (0)      3  : 0.0000 0.0000 0.0000 0.2458 0.0932 0.0000 0.1720 0.2000 0.0000 0.2890
124      124   (0)      3  : 0.0000 0.0000 0.0000 0.4831 0.3095 0.0000 0.0482 0.0944 0.0000 0.0648
125      125   (0)      3  : 0.0000 0.0000 0.0029 0.3521 0.0185 0.0758 0.1879 0.1561 0.0000 0.2067
126      126   (0)      3  : 0.0236 0.0000 0.0000 0.3057 0.0000 0.0000 0.2813 0.2019 0.0000 0.1875
127      127   (0)      3  : 0.0281 0.0000 0.0000 0.1463 0.0040 0.0001 0.1858 0.4033 0.0000 0.2325
128      128   (0)      3  : 0.0000 0.0000 0.0000 0.5491 0.0740 0.0932 0.0868 0.1395 0.0000 0.0573
129      129   (0)      3  : 0.0207 0.0000 0.0000 0.3214 0.1448 0.0235 0.4108 0.0607 0.0000 0.0181
130      130   (0)      3  : 0.8544 0.0000 0.0000 0.0249 0.0000 0.0224 0.0000 0.0056 0.0000 0.0927
131      131   (0)      3  : 0.8265 0.0000 0.0000 0.0533 0.0416 0.0442 0.0000 0.0000 0.0000 0.0344
132      132   (0)      3  : 0.0000 0.0000 1.0000 0.0000 0.0000 0.0000 0.0000 0.0000 0.0000 0.0000
133      133   (0)      3  : 0.0000 0.0519 0.0000 0.0000 0.5489 0.0000 0.0000 0.0000 0.3992 0.0000
134      134   (0)      3  : 0.8422 0.0059 0.0000 0.1014 0.0104 0.0006 0.0000 0.0300 0.0096 0.0000
135      135   (0)      3  : 0.0000 0.0000 0.0031 0.0000 0.0800 0.0000 0.2549 0.2620 0.0000 0.4000
136      136   (0)      3  : 0.0000 0.0000 0.0000 0.0000 0.2000 0.0000 0.4000 0.2000 0.0000 0.2000
137      137   (0)      3  : 0.7666 0.0000 0.0000 0.0089 0.0023 0.0928 0.0300 0.0000 0.0039 0.0955
138      138   (0)      3  : 0.0025 0.0000 0.0000 0.3497 0.0459 0.0635 0.3475 0.1873 0.0000 0.0036
139      139   (0)      3  : 0.0000 0.0000 0.0000 0.1058 0.0000 0.0000 0.2612 0.5796 0.0000 0.0535
140      140   (0)      3  : 0.0021 0.0000 0.0000 0.2482 0.0000 0.0000 0.7497 0.0000 0.0000 0.0000
141      141   (0)      3  : 0.0000 0.0000 1.0000 0.0000 0.0000 0.0000 0.0000 0.0000 0.0000 0.0000
142      142   (0)      3  : 0.0000 0.0000 1.0000 0.0000 0.0000 0.0000 0.0000 0.0000 0.0000 0.0000
143      143   (0)      3  : 0.0000 0.0000 1.0000 0.0000 0.0000 0.0000 0.0000 0.0000 0.0000 0.0000
144      144   (0)      3  : 0.0000 0.0000 1.0000 0.0000 0.0000 0.0000 0.0000 0.0000 0.0000 0.0000
145      145   (0)      3  : 0.0000 0.0000 1.0000 0.0000 0.0000 0.0000 0.0000 0.0000 0.0000 0.0000
146      146   (0)      3  : 0.8583 0.0000 0.0000 0.0000 0.0000 0.0000 0.0163 0.0197 0.0000 0.1056
147      147   (0)      3  : 0.0000 0.0000 0.0000 0.2000 0.0000 0.0000 0.0000 0.4000 0.0000 0.4000
148      148   (0)      3  : 0.0000 0.0000 1.0000 0.0000 0.0000 0.0000 0.0000 0.0000 0.0000 0.0000
149      149   (0)      3  : 0.0000 0.0000 1.0000 0.0000 0.0000 0.0000 0.0000 0.0000 0.0000 0.0000
150      150   (0)      3  : 0.0000 0.0432 0.0018 0.0000 0.5135 0.0031 0.0000 0.0000 0.4384 0.0000
151      151   (0)      3  : 0.0000 0.0432 0.0000 0.0000 0.6000 0.0000 0.0000 0.0000 0.3568 0.0000
152      152   (0)      3  : 0.0000 0.0000 0.0000 0.1464 0.0000 0.0000 0.8536 0.0000 0.0000 0.0000
153      153   (0)      3  : 0.0000 0.0000 1.0000 0.0000 0.0000 0.0000 0.0000 0.0000 0.0000 0.0000
154      154   (0)      3  : 0.0000 0.0000 0.0022 0.1422 0.0970 0.0000 0.0556 0.5030 0.0000 0.2000
155      155   (0)      3  : 0.0000 0.0000 0.0000 0.2417 0.0000 0.0000 0.4465 0.1118 0.0000 0.2000
156      156   (0)      3  : 0.8549 0.0000 0.0000 0.0231 0.0000 0.0000 0.0439 0.0321 0.0007 0.0454
157      157   (0)      3  : 0.0000 0.0000 0.0000 0.1531 0.1190 0.0000 0.1265 0.2684 0.0000 0.3330
158      158   (0)      3  : 0.9036 0.0000 0.0000 0.0000 0.0000 0.0632 0.0000 0.0000 0.0000 0.0332
159      159   (0)      3  : 0.0017 0.0000 0.0000 0.5792 0.2001 0.0899 0.0752 0.0475 0.0012 0.0052
160      160   (0)      3  : 0.8981 0.0000 0.0000 0.0000 0.0000 0.0000 0.0215 0.0176 0.0000 0.0628
161      161   (0)      4  : 0.0000 0.0000 0.0000 0.0944 0.0000 0.0045 0.1011 0.3711 0.0000 0.4289
162      162   (0)      4  : 0.0000 0.0000 0.0000 0.2975 0.0000 0.0000 0.2307 0.2000 0.0000 0.2718
163      163   (0)      4  : 0.0000 0.0000 1.0000 0.0000 0.0000 0.0000 0.0000 0.0000 0.0000 0.0000
164      164   (0)      4  : 0.8654 0.0000 0.0000 0.0001 0.0047 0.0646 0.0059 0.0000 0.0000 0.0593
165      165   (0)      4  : 0.0000 0.0000 1.0000 0.0000 0.0000 0.0000 0.0000 0.0000 0.0000 0.0000
166      166   (0)      4  : 0.0000 0.0000 1.0000 0.0000 0.0000 0.0000 0.0000 0.0000 0.0000 0.0000
167      167   (0)      4  : 0.0000 0.0000 0.0000 0.1644 0.0000 0.0000 0.7228 0.1128 0.0000 0.0000
168      168   (0)      4  : 0.0048 0.0000 0.0000 0.5899 0.0000 0.0000 0.3461 0.0592 0.0000 0.0000
169      169   (0)      4  : 0.0050 0.0000 0.0000 0.1017 0.0000 0.0080 0.5621 0.1226 0.0000 0.2006
170      170   (0)      4  : 0.0000 0.0000 0.0000 0.3917 0.0000 0.0000 0.2452 0.3106 0.0000 0.0525
171      171   (0)      4  : 0.0000 0.0000 0.0000 0.6305 0.0998 0.0368 0.1581 0.0651 0.0000 0.0097
172      172   (0)      4  : 0.0040 0.0000 0.0000 0.2867 0.0945 0.0077 0.3563 0.1751 0.0000 0.0756
173      173   (0)      4  : 0.0000 0.0000 0.0000 0.4161 0.2005 0.0000 0.0000 0.3233 0.0000 0.0600
174      174   (0)      4  : 0.8931 0.0000 0.0000 0.0000 0.0120 0.0000 0.0175 0.0130 0.0000 0.0644
175      175   (0)      4  : 0.0000 0.0000 0.0000 0.4492 0.1175 0.0866 0.2420 0.0003 0.0000 0.1044
176      176   (0)      4  : 0.0000 0.0000 1.0000 0.0000 0.0000 0.0000 0.0000 0.0000 0.0000 0.0000
177      177   (0)      4  : 0.0089 0.0000 0.0015 0.4414 0.1224 0.0486 0.0250 0.2120 0.0000 0.1404
178      178   (0)      4  : 0.0000 0.0000 1.0000 0.0000 0.0000 0.0000 0.0000 0.0000 0.0000 0.0000
179      179   (0)      4  : 0.0000 0.0000 1.0000 0.0000 0.0000 0.0000 0.0000 0.0000 0.0000 0.0000
180      180   (0)      4  : 0.0000 0.0000 0.0127 0.3669 0.0000 0.0877 0.2288 0.1900 0.0000 0.1139
181      181   (0)      4  : 0.0000 0.0000 0.0000 0.1686 0.0906 0.0000 0.3846 0.2226 0.0000 0.1336
182      182   (0)      4  : 0.0000 0.0000 0.0000 0.7410 0.0000 0.0000 0.2590 0.0000 0.0000 0.0000
183      183   (0)      4  : 0.9838 0.0000 0.0000 0.0104 0.0000 0.0058 0.0000 0.0000 0.0000 0.0000
184      184   (0)      4  : 0.8780 0.0000 0.0000 0.0288 0.0080 0.0482 0.0011 0.0000 0.0000 0.0360
185      185   (0)      4  : 0.0000 0.0000 1.0000 0.0000 0.0000 0.0000 0.0000 0.0000 0.0000 0.0000
186      186   (0)      4  : 0.0000 0.0000 0.0000 0.0947 0.0000 0.0000 0.7053 0.0000 0.0000 0.2000
187      187   (0)      4  : 0.0172 0.0000 0.0000 0.3301 0.2000 0.0563 0.3964 0.0000 0.0000 0.0000
188      188   (0)      4  : 0.0000 0.0000 1.0000 0.0000 0.0000 0.0000 0.0000 0.0000 0.0000 0.0000
189      189   (0)      4  : 0.0000 0.0000 0.0000 0.6157 0.0283 0.0563 0.1972 0.0614 0.0000 0.0411
190      190   (0)      4  : 0.8617 0.0000 0.0000 0.0000 0.0123 0.0403 0.0000 0.0000 0.0000 0.0858
191      191   (0)      4  : 0.0619 0.0000 0.1170 0.0000 0.0000 0.0000 0.0000 0.2973 0.0378 0.4861
192      192   (0)      4  : 0.0000 0.0000 0.0000 0.0001 0.0000 0.0000 0.7844 0.1107 0.0000 0.1048
193      193   (0)      4  : 0.0000 0.0000 0.0028 0.2529 0.0000 0.0106 0.7156 0.0181 0.0000 0.0000
194      194   (0)      4  : 0.0000 0.0000 0.0023 0.0367 0.0000 0.0000 0.6284 0.0413 0.0000 0.2914
195      195   (0)      4  : 0.0000 0.0000 0.0000 0.3457 0.0000 0.0598 0.0734 0.1832 0.0000 0.3378
196      196   (0)      4  : 0.0000 0.0000 0.0000 0.4457 0.2748 0.0000 0.0000 0.1424 0.0000 0.1370
197      197   (0)      4  : 0.0000 0.0000 0.0000 0.3256 0.2000 0.0000 0.0263 0.3652 0.0000 0.0829
198      198   (0)      4  : 0.0000 0.0000 0.0000 0.2425 0.0000 0.0000 0.1397 0.5053 0.0000 0.1125
199      199   (0)      4  : 0.0000 0.0000 0.0016 0.4113 0.0000 0.0000 0.1658 0.2027 0.0000 0.2185
200      200   (0)      4  : 0.8479 0.0000 0.0000 0.0000 0.0000 0.0000 0.0548 0.0217 0.0000 0.0756
201      201   (0)      4  : 0.0000 0.0000 0.0000 0.4599 0.3392 0.2000 0.0000 0.0000 0.0009 0.0000
202      202   (0)      4  : 0.0000 0.0000 0.0000 0.7341 0.2000 0.0000 0.0000 0.0659 0.0000 0.0000
203      203   (0)      4  : 0.0082 0.0000 0.0023 0.4895 0.0460 0.0030 0.2049 0.1275 0.0000 0.1185
204      204   (0)      4  : 0.0000 0.0000 0.0112 0.3907 0.2781 0.0867 0.0000 0.1299 0.0000 0.1035
205      205   (0)      4  : 0.0070 0.0000 0.0000 0.1592 0.0000 0.0000 0.5439 0.1584 0.0000 0.1315
206      206   (0)      4  : 0.0000 0.0000 0.0000 0.0587 0.0000 0.0000 0.1032 0.5120 0.0000 0.3261
207      207   (0)      4  : 0.0000 0.0000 0.0000 0.3942 0.1356 0.1515 0.1535 0.1651 0.0000 0.0001
208      208   (0)      4  : 0.8589 0.0000 0.0000 0.0419 0.0000 0.0000 0.0324 0.0000 0.0000 0.0668
209      209   (0)      4  : 0.0000 0.0000 0.0000 0.0000 0.0000 0.0000 0.9976 0.0024 0.0000 0.0000
210      210   (0)      4  : 0.0000 0.0000 0.0000 0.2076 0.0000 0.0000 0.2121 0.0000 0.0000 0.5803
211      211   (0)      4  : 0.0009 0.0000 0.0000 0.3158 0.0002 0.0000 0.5189 0.1614 0.0000 0.0029
212      212   (0)      4  : 0.8422 0.0000 0.0000 0.0212 0.0226 0.1139 0.0000 0.0000 0.0000 0.0000
213      213   (0)      4  : 0.0000 0.0000 0.0000 0.3376 0.1132 0.0000 0.1842 0.3540 0.0000 0.0111
214      214   (0)      4  : 0.0009 0.0000 0.0091 0.5606 0.0000 0.0000 0.1207 0.2147 0.0010 0.0930
215      215   (0)      4  : 0.3754 0.0000 0.0000 0.1561 0.0463 0.0324 0.0000 0.2333 0.0000 0.1565
216      216   (0)      4  : 0.0000 0.0000 0.0000 0.5519 0.0000 0.0000 0.4481 0.0000 0.0000 0.0000
217      217   (0)      4  : 0.0000 0.0000 1.0000 0.0000 0.0000 0.0000 0.0000 0.0000 0.0000 0.0000
218      218   (0)      4  : 0.0000 0.0000 0.0013 0.0856 0.0000 0.0132 0.0167 0.8833 0.0000 0.0000
219      219   (0)      4  : 0.0016 0.0000 0.0000 0.4959 0.0000 0.0682 0.4343 0.0000 0.0000 0.0000
220      220   (0)      5  : 0.0000 0.5347 0.0032 0.0000 0.0183 0.4437 0.0000 0.0000 0.0001 0.0000
221      221   (0)      5  : 0.0000 0.8823 0.0000 0.0000 0.0000 0.1177 0.0000 0.0000 0.0000 0.0000
222      222   (0)      6  : 0.0000 0.9549 0.0000 0.0000 0.0000 0.0451 0.0000 0.0000 0.0000 0.0000
223      223   (0)      6  : 0.0000 0.7586 0.0000 0.0000 0.0000 0.2414 0.0000 0.0000 0.0000 0.0000
224      224   (0)      6  : 0.0000 0.9153 0.0000 0.0000 0.0000 0.0781 0.0000 0.0000 0.0065 0.0000
225      225   (0)      6  : 0.0000 0.4668 0.0000 0.0000 0.0286 0.5016 0.0000 0.0000 0.0030 0.0000
226      226   (0)      6  : 0.0000 0.6959 0.0000 0.0000 0.0000 0.2797 0.0000 0.0000 0.0245 0.0000
227      227   (0)      6  : 0.0000 0.8137 0.0000 0.0000 0.0000 0.1843 0.0000 0.0000 0.0020 0.0000
228      228   (0)      6  : 0.0000 0.6304 0.0000 0.0000 0.0251 0.3076 0.0000 0.0000 0.0369 0.0000
229      229   (0)      6  : 0.0000 0.8472 0.0000 0.0000 0.0000 0.1528 0.0000 0.0000 0.0000 0.0000
230      230   (0)      6  : 0.0000 0.8967 0.0000 0.0000 0.0000 0.0970 0.0000 0.0000 0.0063 0.0000
231      231   (0)      6  : 0.0000 0.6227 0.0000 0.0000 0.0352 0.3292 0.0000 0.0000 0.0129 0.0000
232      232   (0)      6  : 0.0000 0.9432 0.0000 0.0000 0.0223 0.0343 0.0000 0.0000 0.0003 0.0000
233      233   (0)      6  : 0.0000 0.5856 0.0000 0.0000 0.0007 0.4008 0.0000 0.0000 0.0129 0.0000
234      234   (0)      6  : 0.0000 0.8246 0.0000 0.0000 0.0166 0.1584 0.0000 0.0000 0.0004 0.0000
235      235   (0)      6  : 0.0000 0.7143 0.0096 0.0000 0.0293 0.2361 0.0000 0.0000 0.0107 0.0000
236      236   (0)      6  : 0.0000 0.6568 0.0000 0.0000 0.0075 0.3356 0.0000 0.0000 0.0000 0.0000
237      237   (0)      6  : 0.0000 0.7798 0.0000 0.0000 0.0000 0.2146 0.0000 0.0000 0.0056 0.0000
238      238   (0)      6  : 0.0000 0.9294 0.0050 0.0000 0.0000 0.0656 0.0000 0.0000 0.0000 0.0000
239      239   (0)      6  : 0.0000 0.6289 0.0051 0.0000 0.0100 0.3560 0.0000 0.0000 0.0000 0.0000
240      240   (0)      6  : 0.0000 0.7832 0.0042 0.0000 0.0191 0.1882 0.0000 0.0000 0.0053 0.0000
241      241   (0)      6  : 0.0000 0.9154 0.0000 0.0000 0.0060 0.0786 0.0000 0.0000 0.0000 0.0000
242      242   (0)      6  : 0.0000 0.8201 0.0000 0.0000 0.0000 0.1703 0.0000 0.0000 0.0096 0.0000
243      243   (0)      6  : 0.0000 0.7516 0.0000 0.0000 0.0463 0.1654 0.0000 0.0000 0.0367 0.0000
244      244   (0)      6  : 0.0000 0.5103 0.0000 0.0000 0.0058 0.4839 0.0000 0.0000 0.0000 0.0000
245      245   (0)      6  : 0.0000 0.9826 0.0000 0.0000 0.0156 0.0004 0.0000 0.0000 0.0013 0.0000
246      246   (0)      6  : 0.0000 1.0000 0.0000 0.0000 0.0000 0.0000 0.0000 0.0000 0.0000 0.0000
247      247   (0)      6  : 0.0000 0.6896 0.0000 0.0000 0.0000 0.3091 0.0000 0.0000 0.0013 0.0000
248      248   (0)      6  : 0.0000 0.9390 0.0000 0.0000 0.0000 0.0510 0.0000 0.0000 0.0100 0.0000
249      249   (0)      7  : 0.0000 0.8959 0.0000 0.0000 0.0000 0.1023 0.0000 0.0000 0.0018 0.0000
250      250   (0)      7  : 0.0000 0.5385 0.0000 0.0000 0.0000 0.4615 0.0000 0.0000 0.0000 0.0000
251      251   (0)      7  : 0.0000 0.7668 0.0000 0.0000 0.0000 0.2332 0.0000 0.0000 0.0000 0.0000
252      252   (0)      7  : 0.0000 0.9471 0.0000 0.0000 0.0000 0.0529 0.0000 0.0000 0.0000 0.0000
253      253   (0)      7  : 0.0000 0.9019 0.0000 0.0000 0.0000 0.0981 0.0000 0.0000 0.0000 0.0000
254      254   (0)      7  : 0.0000 0.9404 0.0000 0.0000 0.0161 0.0402 0.0000 0.0000 0.0033 0.0000
255      255   (0)      7  : 0.0000 0.7953 0.0000 0.0000 0.0040 0.1999 0.0000 0.0000 0.0008 0.0000
256      256   (0)      7  : 0.0000 0.8000 0.0000 0.0000 0.0000 0.2000 0.0000 0.0000 0.0000 0.0000
257      257   (0)      7  : 0.0000 0.5716 0.0000 0.0000 0.0000 0.4284 0.0000 0.0000 0.0000 0.0000
258      258   (0)      7  : 0.0000 0.6501 0.0000 0.0000 0.0000 0.3429 0.0000 0.0000 0.0069 0.0000
259      259   (0)      7  : 0.0000 0.6102 0.0000 0.0000 0.0000 0.3841 0.0000 0.0000 0.0056 0.0000
260      260   (0)      7  : 0.0000 0.8257 0.0000 0.0000 0.0000 0.1743 0.0000 0.0000 0.0000 0.0000
261      261   (0)      7  : 0.0000 0.8733 0.0000 0.0000 0.0078 0.1167 0.0000 0.0000 0.0022 0.0000
262      262   (0)      7  : 0.0000 0.8655 0.0000 0.0000 0.0000 0.1345 0.0000 0.0000 0.0000 0.0000
263      263   (0)      7  : 0.0000 0.8840 0.0000 0.0000 0.0152 0.0979 0.0000 0.0000 0.0029 0.0000
264      264   (0)      7  : 0.0000 0.6943 0.0000 0.0000 0.0154 0.2903 0.0000 0.0000 0.0000 0.0000
265      265   (0)      7  : 0.0000 0.8709 0.0007 0.0000 0.0000 0.1284 0.0000 0.0000 0.0000 0.0000
266      266   (0)      7  : 0.0000 0.9658 0.0000 0.0000 0.0035 0.0049 0.0000 0.0000 0.0258 0.0000
267      267   (0)      7  : 0.0000 0.9252 0.0069 0.0000 0.0301 0.0305 0.0000 0.0000 0.0073 0.0000
268      268   (0)      7  : 0.0000 0.6789 0.0000 0.0000 0.0000 0.3211 0.0000 0.0000 0.0000 0.0000
269      269   (0)      7  : 0.0000 0.8090 0.0000 0.0000 0.0126 0.1656 0.0000 0.0000 0.0128 0.0000
270      270   (0)      7  : 0.0000 0.7152 0.0000 0.0000 0.0190 0.2589 0.0000 0.0000 0.0069 0.0000
271      271   (0)      7  : 0.0000 0.7240 0.0000 0.0000 0.0000 0.2760 0.0000 0.0000 0.0000 0.0000
272      272   (0)      7  : 0.0000 1.0000 0.0000 0.0000 0.0000 0.0000 0.0000 0.0000 0.0000 0.0000
273      273   (0)      7  : 0.0000 0.7724 0.0000 0.0000 0.0000 0.2166 0.0000 0.0000 0.0110 0.0000
274      274   (0)      7  : 0.0000 0.9728 0.0000 0.0000 0.0045 0.0000 0.0000 0.0000 0.0215 0.0013
275      275   (0)      7  : 0.0000 0.8814 0.0111 0.0000 0.0034 0.0989 0.0000 0.0026 0.0000 0.0026
276      276   (0)      7  : 0.0000 0.8346 0.0000 0.0000 0.0054 0.1601 0.0000 0.0000 0.0000 0.0000
277      277   (0)      7  : 0.0000 0.6817 0.0000 0.0000 0.0000 0.3149 0.0000 0.0000 0.0034 0.0000
278      278   (0)      7  : 0.0000 0.8474 0.0000 0.0000 0.0083 0.1444 0.0000 0.0000 0.0000 0.0000
279      279   (0)      8  : 0.0000 0.6593 0.0000 0.0000 0.0000 0.3396 0.0000 0.0000 0.0012 0.0000
280      280   (0)      8  : 0.0000 0.6895 0.0000 0.0000 0.0000 0.3072 0.0000 0.0000 0.0033 0.0000
281      281   (0)      8  : 0.0000 0.8812 0.0000 0.0000 0.0000 0.1043 0.0000 0.0000 0.0145 0.0000
282      282   (0)      8  : 0.0000 0.7761 0.0000 0.0000 0.0000 0.2150 0.0000 0.0000 0.0089 0.0000
283      283   (0)      8  : 0.0000 0.8045 0.0070 0.0000 0.0046 0.1640 0.0000 0.0000 0.0199 0.0000
284      284   (0)      8  : 0.0000 0.8829 0.0000 0.0000 0.0000 0.1171 0.0000 0.0000 0.0000 0.0000
285      285   (0)      8  : 0.0000 0.8933 0.0000 0.0000 0.0000 0.1036 0.0000 0.0000 0.0030 0.0000
286      286   (0)      8  : 0.0000 0.7124 0.0000 0.0000 0.0046 0.2830 0.0000 0.0000 0.0000 0.0000
287      287   (0)      8  : 0.0000 0.8683 0.0000 0.0000 0.0000 0.1317 0.0000 0.0000 0.0000 0.0000
288      288   (0)      8  : 0.0000 0.7484 0.0000 0.0000 0.0328 0.2040 0.0000 0.0000 0.0147 0.0000
289      289   (0)      8  : 0.0000 0.9176 0.0086 0.0000 0.0088 0.0518 0.0000 0.0000 0.0133 0.0000
290      290   (0)      5  : 0.0000 0.8764 0.0035 0.0000 0.0092 0.1109 0.0000 0.0000 0.0000 0.0000
291      291   (0)      5  : 0.0000 0.6393 0.0000 0.0000 0.0000 0.3607 0.0000 0.0000 0.0000 0.0000
292      292   (0)      5  : 0.0000 0.8361 0.0000 0.0000 0.0000 0.1501 0.0000 0.0000 0.0138 0.0000
293      293   (0)      5  : 0.0000 0.8823 0.0000 0.0000 0.0000 0.0972 0.0000 0.0000 0.0206 0.0000
294      294   (0)      5  : 0.0000 0.9724 0.0000 0.0000 0.0139 0.0137 0.0000 0.0000 0.0000 0.0000
295      295   (0)      5  : 0.0000 0.6561 0.0002 0.0000 0.0000 0.3437 0.0000 0.0000 0.0000 0.0000
296      296   (0)      5  : 0.0000 0.5822 0.0089 0.0000 0.0162 0.3780 0.0000 0.0000 0.0147 0.0000
297      297   (0)      5  : 0.0000 0.6612 0.0139 0.0000 0.0304 0.2802 0.0000 0.0000 0.0143 0.0000
298      298   (0)      5  : 0.0000 0.8362 0.0000 0.0000 0.0000 0.1638 0.0000 0.0000 0.0000 0.0000
299      299   (0)      5  : 0.0000 0.7717 0.0000 0.0000 0.0092 0.2191 0.0000 0.0000 0.0000 0.0000
300      300   (0)      5  : 0.0000 0.7231 0.0000 0.0000 0.0014 0.2756 0.0000 0.0000 0.0000 0.0000
301      301   (0)      5  : 0.0000 0.4385 0.0000 0.0000 0.0071 0.5544 0.0000 0.0000 0.0000 0.0000
302      302   (0)      5  : 0.0000 0.8785 0.0000 0.0000 0.0000 0.1215 0.0000 0.0000 0.0000 0.0000
303      303   (0)      5  : 0.0000 0.7120 0.0000 0.0000 0.0000 0.2880 0.0000 0.0000 0.0000 0.0000
304      304   (0)      5  : 0.0000 0.9958 0.0000 0.0000 0.0034 0.0001 0.0000 0.0000 0.0007 0.0000
305      305   (0)      5  : 0.0000 0.7209 0.0027 0.0000 0.0000 0.2655 0.0000 0.0000 0.0110 0.0000
306      306   (0)      5  : 0.0000 0.6036 0.0000 0.0000 0.0000 0.3964 0.0000 0.0000 0.0000 0.0000
307      307   (0)      5  : 0.0000 0.7483 0.0000 0.0000 0.0448 0.1874 0.0000 0.0000 0.0195 0.0000
308      308   (0)      5  : 0.0000 0.5431 0.0000 0.0000 0.0110 0.4233 0.0000 0.0000 0.0226 0.0000
309      309   (0)      5  : 0.0000 0.8862 0.0000 0.0000 0.0000 0.1019 0.0000 0.0000 0.0119 0.0000
310      310   (0)      5  : 0.0000 0.5139 0.0000 0.0000 0.0111 0.4739 0.0000 0.0000 0.0011 0.0000
311      311   (0)      5  : 0.0000 0.6862 0.0000 0.0000 0.0000 0.2942 0.0000 0.0000 0.0197 0.0000
312      312   (0)      5  : 0.0000 0.7151 0.0000 0.0000 0.0000 0.2489 0.0000 0.0000 0.0360 0.0000
313      313   (0)      5  : 0.0000 0.9605 0.0000 0.0000 0.0126 0.0269 0.0000 0.0000 0.0000 0.0000
314      314   (0)      5  : 0.0000 0.8414 0.0000 0.0000 0.0195 0.1391 0.0000 0.0000 0.0000 0.0000
315      315   (0)      5  : 0.0000 0.8040 0.0000 0.0000 0.0000 0.1864 0.0000 0.0000 0.0097 0.0000
316      316   (0)      5  : 0.0000 0.8724 0.0000 0.0000 0.0000 0.1211 0.0000 0.0000 0.0065 0.0000
317      317   (0)      5  : 0.0000 0.9271 0.0000 0.0000 0.0000 0.0729 0.0000 0.0000 0.0000 0.0000
318      318   (0)      8  : 0.0000 0.9966 0.0034 0.0000 0.0000 0.0000 0.0000 0.0000 0.0000 0.0000
319      319   (0)      8  : 0.0000 0.9107 0.0000 0.0000 0.0000 0.0886 0.0000 0.0000 0.0007 0.0000
320      320   (0)      9  : 0.0000 0.8265 0.0000 0.0000 0.0000 0.1687 0.0000 0.0000 0.0048 0.0000
321      321   (0)      9  : 0.0000 0.7337 0.0152 0.0000 0.0000 0.2423 0.0000 0.0000 0.0089 0.0000
322      322   (0)      9  : 0.0000 0.8926 0.0000 0.0000 0.0000 0.1074 0.0000 0.0000 0.0000 0.0000
323      323   (0)      9  : 0.0000 0.7541 0.0000 0.0000 0.0118 0.2341 0.0000 0.0000 0.0000 0.0000
324      324   (0)      9  : 0.0000 0.6686 0.0000 0.0000 0.0000 0.3314 0.0000 0.0000 0.0000 0.0000
325      325   (0)      8  : 0.0000 0.9055 0.0000 0.0000 0.0000 0.0945 0.0000 0.0000 0.0000 0.0000
326      326   (0)      8  : 0.0000 0.8324 0.0000 0.0000 0.0000 0.1676 0.0000 0.0000 0.0000 0.0000
327      327   (0)      8  : 0.0000 0.7602 0.0000 0.0000 0.0000 0.2398 0.0000 0.0000 0.0000 0.0000
328      328   (0)      8  : 0.0000 0.9345 0.0000 0.0000 0.0000 0.0655 0.0000 0.0000 0.0000 0.0000
329      329   (0)      8  : 0.0000 0.9117 0.0000 0.0000 0.0000 0.0883 0.0000 0.0000 0.0000 0.0000
330      330   (0)      9  : 0.0000 0.4802 0.0000 0.0000 0.0142 0.5017 0.0000 0.0000 0.0039 0.0000
331      331   (0)      9  : 0.0000 0.8445 0.0000 0.0000 0.0000 0.1555 0.0000 0.0000 0.0000 0.0000
332      332   (0)      9  : 0.0000 0.6388 0.0000 0.0000 0.0000 0.3536 0.0000 0.0000 0.0076 0.0000
333      333   (0)      9  : 0.0000 0.9402 0.0000 0.0000 0.0000 0.0598 0.0000 0.0000 0.0000 0.0000
334      334   (0)      9  : 0.0000 0.9221 0.0000 0.0000 0.0000 0.0727 0.0000 0.0000 0.0052 0.0000
335      335   (0)      9  : 0.0000 0.8403 0.0000 0.0000 0.0000 0.1563 0.0000 0.0000 0.0033 0.0000
336      336   (0)      8  : 0.0000 0.6699 0.0000 0.0000 0.0000 0.3258 0.0000 0.0000 0.0043 0.0000
337      337   (0)      8  : 0.0000 0.4659 0.0000 0.0000 0.0000 0.5263 0.0000 0.0000 0.0078 0.0000
338      338   (0)      8  : 0.0000 0.6973 0.0001 0.0000 0.0004 0.2998 0.0000 0.0000 0.0024 0.0000
339      339   (0)      8  : 0.0000 0.6480 0.0000 0.0000 0.0000 0.3443 0.0000 0.0000 0.0076 0.0000
340      340   (0)      8  : 0.0000 0.6000 0.0000 0.0000 0.0000 0.4000 0.0000 0.0000 0.0000 0.0000
341      341   (0)      8  : 0.0000 0.5978 0.0005 0.0000 0.0296 0.3532 0.0000 0.0000 0.0189 0.0000
342      342   (0)      8  : 0.0000 0.6987 0.0000 0.0000 0.0000 0.3013 0.0000 0.0000 0.0000 0.0000
343      343   (0)      9  : 0.0000 0.8642 0.0000 0.0000 0.0000 0.1301 0.0000 0.0000 0.0057 0.0000
344      344   (0)      9  : 0.0000 0.7959 0.0000 0.0000 0.0000 0.2041 0.0000 0.0000 0.0000 0.0000
345      345   (0)      9  : 0.0000 0.6799 0.0000 0.0000 0.0000 0.3201 0.0000 0.0000 0.0000 0.0000
346      346   (0)      9  : 0.0000 0.7541 0.0000 0.0000 0.0143 0.2306 0.0000 0.0000 0.0010 0.0000
347      347   (0)      9  : 0.0000 0.9786 0.0000 0.0000 0.0190 0.0000 0.0000 0.0000 0.0024 0.0000
348      348   (0)      9  : 0.0000 0.6258 0.0000 0.0000 0.0000 0.3473 0.0000 0.0000 0.0269 0.0000
349      349   (0)      9  : 0.0000 0.7398 0.0000 0.0005 0.0117 0.1897 0.0000 0.0027 0.0556 0.0000
350      350   (0)      9  : 0.0000 0.8680 0.0000 0.0000 0.0061 0.1257 0.0000 0.0000 0.0001 0.0000
351      351   (0)      9  : 0.0000 0.8159 0.0000 0.0000 0.0273 0.1473 0.0000 0.0000 0.0095 0.0000
352      352   (0)      9  : 0.0000 0.7553 0.0000 0.0000 0.0216 0.2148 0.0000 0.0000 0.0083 0.0000
353      353   (0)      9  : 0.0000 0.6567 0.0000 0.0000 0.0237 0.3113 0.0000 0.0000 0.0083 0.0000
354      354   (0)      9  : 0.0000 0.7361 0.0000 0.0000 0.0000 0.2639 0.0000 0.0000 0.0000 0.0000
355      355   (0)      9  : 0.0000 0.8455 0.0000 0.0000 0.0000 0.1463 0.0000 0.0000 0.0082 0.0000
356      356   (0)      9  : 0.0000 0.7782 0.0000 0.0000 0.0158 0.1992 0.0000 0.0000 0.0068 0.0000
357      357   (0)      9  : 0.0000 0.7049 0.0014 0.0000 0.0000 0.2936 0.0000 0.0000 0.0000 0.0000
358      358   (0)      9  : 0.0000 0.4882 0.0000 0.0000 0.0300 0.4769 0.0000 0.0000 0.0049 0.0000
359      359   (0)      9  : 0.0000 0.6840 0.0000 0.0000 0.0153 0.3007 0.0000 0.0000 0.0000 0.0000
360      360   (0)      9  : 0.0000 0.6490 0.0000 0.0000 0.0000 0.3510 0.0000 0.0000 0.0000 0.0000
361      361   (0)      9  : 0.0000 0.6935 0.0000 0.0000 0.0000 0.3059 0.0000 0.0000 0.0006 0.0000
362      362   (0)     10  : 0.0000 0.6094 0.0000 0.0000 0.0000 0.3869 0.0000 0.0000 0.0037 0.0000
363      363   (0)     10  : 0.0000 0.8395 0.0000 0.0000 0.0000 0.1535 0.0000 0.0000 0.0071 0.0000
364      364   (0)     10  : 0.0000 0.8100 0.0000 0.0000 0.0000 0.1891 0.0000 0.0009 0.0000 0.0000
365      365   (0)     10  : 0.0000 0.9526 0.0107 0.0000 0.0000 0.0367 0.0000 0.0000 0.0000 0.0000
366      366   (0)     10  : 0.0000 0.9094 0.0040 0.0000 0.0000 0.0866 0.0000 0.0000 0.0000 0.0000
367      367   (0)     10  : 0.0000 0.9212 0.0000 0.0000 0.0230 0.0516 0.0000 0.0000 0.0042 0.0000
368      368   (0)     10  : 0.0000 0.9186 0.0000 0.0000 0.0000 0.0814 0.0000 0.0000 0.0000 0.0000
369      369   (0)     10  : 0.0000 0.8672 0.0000 0.0000 0.0000 0.1328 0.0000 0.0000 0.0000 0.0000
370      370   (0)     10  : 0.0000 0.7360 0.0027 0.0000 0.0339 0.2093 0.0000 0.0000 0.0182 0.0000
371      371   (0)     10  : 0.0000 0.8829 0.0000 0.0000 0.0138 0.1021 0.0000 0.0000 0.0012 0.0000
372      372   (0)     10  : 0.0000 0.8366 0.0000 0.0000 0.0061 0.1573 0.0000 0.0000 0.0000 0.0000
373      373   (0)     10  : 0.0000 0.6056 0.0000 0.0000 0.0000 0.3944 0.0000 0.0000 0.0000 0.0000
374      374   (0)     10  : 0.0000 0.7865 0.0000 0.0000 0.0014 0.2121 0.0000 0.0000 0.0000 0.0000
375      375   (0)     10  : 0.0000 0.9074 0.0000 0.0000 0.0000 0.0926 0.0000 0.0000 0.0000 0.0000
376      376   (0)     10  : 0.0000 0.7318 0.0000 0.0000 0.0000 0.2529 0.0000 0.0000 0.0153 0.0000
377      377   (0)     10  : 0.0000 0.7368 0.0000 0.0000 0.0000 0.2311 0.0000 0.0000 0.0321 0.0000
378      378   (0)     10  : 0.0000 0.7245 0.0000 0.0037 0.0000 0.2692 0.0000 0.0026 0.0000 0.0000
379      379   (0)     10  : 0.0000 0.8294 0.0006 0.0000 0.0407 0.1134 0.0000 0.0000 0.0159 0.0000
380      380   (0)     10  : 0.0000 0.9222 0.0000 0.0000 0.0054 0.0724 0.0000 0.0000 0.0000 0.0000
381      381   (0)     10  : 0.0000 0.6765 0.0000 0.0000 0.0104 0.3131 0.0000 0.0000 0.0000 0.0000
382      382   (0)     10  : 0.0000 0.8271 0.0000 0.0000 0.0000 0.1729 0.0000 0.0000 0.0000 0.0000
383      383   (0)     10  : 0.0000 0.5194 0.0000 0.0000 0.0282 0.4243 0.0000 0.0000 0.0281 0.0000
384      384   (0)     10  : 0.0000 0.9259 0.0054 0.0000 0.0000 0.0687 0.0000 0.0000 0.0000 0.0000
385      385   (0)     10  : 0.0000 0.4897 0.0000 0.0000 0.0000 0.5103 0.0000 0.0000 0.0000 0.0000
386      386   (0)     10  : 0.0000 0.7819 0.0000 0.0000 0.0136 0.2001 0.0000 0.0000 0.0043 0.0000
387      387   (0)     10  : 0.0000 0.3926 0.0094 0.0000 0.0000 0.5980 0.0000 0.0000 0.0000 0.0000
388      388   (0)     10  : 0.0000 0.8661 0.0000 0.0000 0.0123 0.1216 0.0000 0.0000 0.0000 0.0000
389      389   (0)     10  : 0.0000 0.6977 0.0000 0.0000 0.0000 0.3023 0.0000 0.0000 0.0000 0.0000
390      390   (0)      8  : 0.0000 0.8758 0.0000 0.0000 0.0315 0.0861 0.0000 0.0000 0.0066 0.0000
391      391   (0)      8  : 0.0000 0.7798 0.0056 0.0000 0.0000 0.2146 0.0000 0.0000 0.0000 0.0000
392      392   (0)      8  : 0.0000 0.7690 0.0000 0.0000 0.0202 0.2006 0.0000 0.0000 0.0102 0.0000
393      393   (0)     11  : 0.0000 0.8801 0.0000 0.0000 0.0074 0.1116 0.0000 0.0000 0.0008 0.0000
394      394   (0)     11  : 0.0000 0.6858 0.0000 0.0000 0.0000 0.3141 0.0000 0.0000 0.0000 0.0000
395      395   (0)     11  : 0.0161 0.7751 0.0000 0.0000 0.0000 0.1875 0.0020 0.0000 0.0187 0.0006
396      396   (0)     11  : 0.0365 0.8251 0.0000 0.0000 0.0314 0.0964 0.0000 0.0000 0.0097 0.0009
397      397   (0)     11  : 0.0000 0.5709 0.0056 0.0000 0.0000 0.4214 0.0000 0.0000 0.0021 0.0000
398      398   (0)     11  : 0.0000 0.9819 0.0000 0.0000 0.0000 0.0181 0.0000 0.0000 0.0000 0.0000
399      399   (0)     11  : 0.0000 0.7901 0.0000 0.0000 0.0000 0.2099 0.0000 0.0000 0.0000 0.0000
400      400   (0)     11  : 0.0000 0.5857 0.0053 0.0000 0.0000 0.4090 0.0000 0.0000 0.0000 0.0000
401      401   (0)     11  : 0.0067 0.6711 0.0000 0.0000 0.0000 0.3182 0.0000 0.0000 0.0000 0.0040
402      402   (0)     11  : 0.0000 0.8321 0.0000 0.0000 0.0000 0.1679 0.0000 0.0000 0.0000 0.0000
403      403   (0)     11  : 0.0000 0.5538 0.0000 0.0000 0.0000 0.4429 0.0000 0.0000 0.0034 0.0000
404      404   (0)     11  : 0.0000 0.9447 0.0000 0.0000 0.0186 0.0340 0.0000 0.0000 0.0027 0.0000
405      405   (0)     11  : 0.0075 0.7968 0.0000 0.0000 0.0630 0.0953 0.0000 0.0000 0.0373 0.0000
406      406   (0)     11  : 0.0010 0.9936 0.0000 0.0000 0.0000 0.0000 0.0000 0.0000 0.0041 0.0012
407      407   (0)     11  : 0.0000 0.7697 0.0000 0.0000 0.0000 0.2241 0.0000 0.0000 0.0062 0.0000
408      408   (0)     11  : 0.0000 0.8724 0.0000 0.0000 0.0087 0.1190 0.0000 0.0000 0.0000 0.0000
409      409   (0)     11  : 0.0000 0.7855 0.0075 0.0011 0.0038 0.1830 0.0021 0.0000 0.0147 0.0022
410      410   (0)     11  : 0.0000 0.8901 0.0000 0.0007 0.0000 0.1058 0.0000 0.0000 0.0034 0.0000
411      411   (0)     11  : 0.0000 0.9143 0.0000 0.0000 0.0000 0.0857 0.0000 0.0000 0.0000 0.0000
412      412   (0)     11  : 0.0000 0.6278 0.0000 0.0000 0.0000 0.3673 0.0000 0.0000 0.0049 0.0000
413      413   (0)     11  : 0.0000 0.7462 0.0000 0.0000 0.0289 0.2148 0.0000 0.0000 0.0101 0.0000
414      414   (0)     11  : 0.0000 0.7447 0.0000 0.0000 0.0000 0.2553 0.0000 0.0000 0.0000 0.0000
415      415   (0)     11  : 0.0000 0.8844 0.0000 0.0000 0.0000 0.1036 0.0000 0.0000 0.0120 0.0000
416      416   (0)     11  : 0.0000 0.8666 0.0000 0.0000 0.0000 0.1027 0.0000 0.0000 0.0307 0.0000
417      417   (0)     11  : 0.0000 0.4992 0.0000 0.0000 0.0000 0.5008 0.0000 0.0000 0.0000 0.0000
418      418   (0)     11  : 0.0184 0.7526 0.0000 0.0000 0.0245 0.1956 0.0000 0.0000 0.0089 0.0000
419      419   (0)     11  : 0.0000 0.7627 0.0000 0.0000 0.0171 0.2177 0.0000 0.0000 0.0025 0.0000
420      420   (0)     11  : 0.0000 0.7979 0.0000 0.0000 0.0000 0.2000 0.0000 0.0000 0.0021 0.0000
421      421   (0)     11  : 0.0000 0.6872 0.0023 0.0000 0.0000 0.3003 0.0000 0.0000 0.0102 0.0000
422      422   (0)     11  : 0.0000 0.6770 0.0000 0.0000 0.0107 0.3122 0.0000 0.0000 0.0000 0.0000
423      423   (0)     12  : 0.9824 0.0000 0.0000 0.0034 0.0042 0.0000 0.0000 0.0000 0.0000 0.0101
424      424   (0)     12  : 0.0000 0.1394 0.0000 0.0000 0.4834 0.0000 0.0000 0.0000 0.3772 0.0000
425      425   (0)     12  : 0.9783 0.0000 0.0000 0.0146 0.0000 0.0000 0.0000 0.0000 0.0000 0.0070
426      426   (0)     12  : 0.0000 0.0090 0.0000 0.0000 0.3329 0.0179 0.0000 0.0000 0.6402 0.0000
427      427   (0)     12  : 0.8551 0.0000 0.0000 0.0071 0.0000 0.0000 0.0331 0.0030 0.0000 0.1018
428      428   (0)     12  : 0.8278 0.0000 0.0000 0.0000 0.0097 0.0541 0.0000 0.0645 0.0057 0.0381
429      429   (0)     12  : 0.0000 0.0000 0.0380 0.0000 0.0000 0.0000 0.0000 0.0000 0.9620 0.0000
430      430   (0)     12  : 0.8237 0.0000 0.0000 0.0000 0.0000 0.1213 0.0001 0.0293 0.0000 0.0256
431      431   (0)     12  : 0.7417 0.0000 0.0004 0.0102 0.0000 0.0950 0.0148 0.0349 0.0000 0.1030
432      432   (0)     12  : 0.0000 0.0288 0.0000 0.0000 0.5835 0.0262 0.0000 0.0000 0.3615 0.0000
433      433   (0)     12  : 0.7774 0.0000 0.0000 0.0000 0.0008 0.2000 0.0000 0.0094 0.0124 0.0000
434      434   (0)     12  : 0.8555 0.0000 0.0000 0.0000 0.0000 0.1295 0.0150 0.0000 0.0000 0.0000
435      435   (0)     12  : 0.7088 0.0000 0.0011 0.0196 0.0000 0.2068 0.0161 0.0147 0.0103 0.0226
436      436   (0)     12  : 0.7484 0.0000 0.0025 0.0000 0.0128 0.0785 0.0137 0.0227 0.0000 0.1215
437      437   (0)     12  : 0.7617 0.0000 0.0000 0.0037 0.0000 0.2000 0.0000 0.0042 0.0304 0.0000
438      438   (0)     12  : 0.8575 0.0000 0.0000 0.0000 0.0000 0.1194 0.0000 0.0192 0.0000 0.0039
439      439   (0)     12  : 0.0000 0.0233 0.0000 0.0000 0.5999 0.0247 0.0000 0.0000 0.3521 0.0000
440      440   (0)     12  : 0.0000 0.0441 0.0000 0.0000 0.5862 0.0000 0.0000 0.0000 0.3698 0.0000
441      441   (0)     12  : 0.8078 0.0000 0.0000 0.0144 0.0000 0.1727 0.0000 0.0000 0.0000 0.0050
442      442   (0)     12  : 0.0000 0.0000 0.0152 0.0000 0.2790 0.0000 0.0000 0.0000 0.7058 0.0000
443      443   (0)     12  : 0.8923 0.0000 0.0000 0.0003 0.0125 0.0686 0.0000 0.0257 0.0000 0.0006
444      444   (0)     12  : 0.7561 0.0000 0.0000 0.0075 0.0209 0.2154 0.0000 0.0000 0.0000 0.0000
445      445   (0)     12  : 0.8824 0.0000 0.0000 0.0307 0.0299 0.0000 0.0000 0.0030 0.0000 0.0540
446      446   (0)     12  : 0.8936 0.0000 0.0000 0.0014 0.0000 0.0000 0.0009 0.0000 0.0000 0.1041
447      447   (0)     12  : 0.7428 0.0000 0.0000 0.0000 0.0339 0.2144 0.0000 0.0088 0.0000 0.0000
448      448   (0)     12  : 0.8566 0.0000 0.0000 0.0032 0.0049 0.0930 0.0000 0.0000 0.0000 0.0422
449      449   (0)     12  : 0.7795 0.0000 0.0000 0.0000 0.0042 0.2095 0.0000 0.0000 0.0000 0.0067
450      450   (0)     12  : 0.7671 0.0000 0.0000 0.0000 0.0000 0.1190 0.0000 0.0075 0.0000 0.1064
451      451   (0)     12  : 0.8765 0.0000 0.0000 0.0000 0.0000 0.0414 0.0159 0.0285 0.0000 0.0377
452      452   (0)     12  : 0.8638 0.0000 0.0000 0.0000 0.0000 0.0000 0.0000 0.0522 0.0000 0.0839
453      453   (0)     13  : 0.8982 0.0000 0.0000 0.0000 0.0000 0.0622 0.0000 0.0000 0.0000 0.0396
454      454   (0)     13  : 0.8202 0.0000 0.0063 0.0000 0.0065 0.1433 0.0000 0.0234 0.0000 0.0003
455      455   (0)     13  : 0.8936 0.0000 0.0000 0.0023 0.0000 0.1041 0.0000 0.0000 0.0000 0.0000
456      456   (0)     13  : 0.0000 0.0450 0.0000 0.0000 0.5673 0.0000 0.0000 0.0000 0.3877 0.0000
457      457   (0)     13  : 0.7278 0.0000 0.0000 0.0071 0.0248 0.1076 0.0001 0.0164 0.0000 0.1163
458      458   (0)     13  : 0.8712 0.0000 0.0000 0.0000 0.0000 0.1110 0.0012 0.0000 0.0000 0.0166
459      459   (0)     13  : 0.7864 0.0000 0.0000 0.0000 0.0000 0.2000 0.0000 0.0104 0.0000 0.0033
460      460   (0)     13  : 0.8943 0.0000 0.0000 0.0000 0.0069 0.0024 0.0000 0.0130 0.0000 0.0834
461      461   (0)     13  : 0.7890 0.0000 0.0000 0.0000 0.0000 0.0000 0.0036 0.0000 0.0000 0.2074
462      462   (0)     13  : 0.9427 0.0000 0.0000 0.0149 0.0000 0.0148 0.0107 0.0013 0.0000 0.0154
463      463   (0)     13  : 0.7593 0.0000 0.0000 0.0186 0.0000 0.0832 0.0151 0.0120 0.0000 0.1118
464      464   (0)     13  : 0.0000 0.0000 0.0039 0.6369 0.0000 0.1173 0.2419 0.0000 0.0000 0.0000
465      465   (0)     13  : 0.7519 0.0000 0.0022 0.0000 0.0181 0.2000 0.0055 0.0172 0.0050 0.0000
466      466   (0)     13  : 0.9028 0.0000 0.0043 0.0000 0.0000 0.0000 0.0119 0.0106 0.0000 0.0703
467      467   (0)     13  : 0.8371 0.0000 0.0015 0.0000 0.0000 0.0170 0.0114 0.0000 0.0000 0.1329
468      468   (0)     13  : 0.0475 0.0000 0.0000 0.2992 0.0000 0.0000 0.3288 0.1730 0.0000 0.1516
469      469   (0)     13  : 0.0000 0.0000 0.0000 0.2711 0.0000 0.0000 0.5648 0.0589 0.0021 0.1031
470      470   (0)     13  : 0.8130 0.0000 0.0000 0.0148 0.0000 0.1326 0.0001 0.0018 0.0000 0.0375
471      471   (0)     13  : 0.8308 0.0082 0.0000 0.0079 0.0000 0.1226 0.0000 0.0127 0.0088 0.0091
472      472   (0)     13  : 0.8497 0.0000 0.0000 0.0000 0.0000 0.1026 0.0000 0.0411 0.0000 0.0066
473      473   (0)     13  : 0.0390 0.0868 0.0000 0.0000 0.5152 0.0531 0.0000 0.0000 0.3059 0.0000
474      474   (0)     13  : 0.9702 0.0000 0.0000 0.0187 0.0000 0.0000 0.0038 0.0000 0.0000 0.0073
475      475   (0)     13  : 0.9014 0.0000 0.0000 0.0000 0.0000 0.0704 0.0000 0.0000 0.0000 0.0282
476      476   (0)     13  : 0.0000 0.0154 0.0000 0.0000 0.5662 0.0000 0.0000 0.0000 0.4185 0.0000
477      477   (0)     13  : 0.7746 0.0000 0.0000 0.0000 0.0133 0.1630 0.0001 0.0085 0.0133 0.0272
478      478   (0)     13  : 0.8831 0.0000 0.0162 0.0117 0.0106 0.0634 0.0007 0.0002 0.0089 0.0052
479      479   (0)     13  : 0.7963 0.0000 0.0000 0.0122 0.0000 0.1722 0.0000 0.0074 0.0020 0.0099
480      480   (0)     13  : 0.0000 0.0347 0.0000 0.0000 0.5352 0.0003 0.0000 0.0000 0.4298 0.0000
481      481   (0)     13  : 0.0414 0.0000 0.0052 0.1805 0.0000 0.0273 0.0425 0.6082 0.0023 0.0927
482      482   (0)     13  : 0.7408 0.0000 0.0000 0.0000 0.0000 0.0073 0.0255 0.0264 0.0000 0.2000
483      483   (0)     14  : 0.7746 0.0000 0.0000 0.0000 0.0000 0.2000 0.0179 0.0075 0.0000 0.0000
484      484   (0)     14  : 0.8478 0.0000 0.0000 0.0009 0.0000 0.1186 0.0097 0.0207 0.0000 0.0022
485      485   (0)     15  : 0.8237 0.0000 0.0000 0.0000 0.0000 0.1125 0.0310 0.0000 0.0000 0.0327
486      486   (0)     15  : 0.7661 0.0000 0.0000 0.0000 0.0000 0.2000 0.0094 0.0245 0.0000 0.0000
487      487   (0)     15  : 0.7529 0.0000 0.0005 0.0000 0.0000 0.2095 0.0000 0.0265 0.0000 0.0105
488      488   (0)     15  : 0.8236 0.0000 0.0009 0.0000 0.0000 0.0749 0.0000 0.0094 0.0000 0.0912
489      489   (0)     15  : 0.0000 0.0687 0.0000 0.0000 0.6000 0.0000 0.0000 0.0000 0.3313 0.0000
490      490   (0)     15  : 0.0000 0.0298 0.0000 0.0000 0.5736 0.0000 0.0000 0.0000 0.3966 0.0000
491      491   (0)     15  : 0.8426 0.0000 0.0000 0.0157 0.0000 0.0575 0.0000 0.0073 0.0000 0.0768
492      492   (0)     15  : 0.0000 0.0124 0.0000 0.0000 0.6000 0.0115 0.0000 0.0000 0.3761 0.0000
493      493   (0)     15  : 0.8575 0.0000 0.0139 0.0094 0.0125 0.0758 0.0000 0.0310 0.0000 0.0000
494      494   (0)     15  : 0.8350 0.0000 0.0000 0.0000 0.0000 0.1158 0.0000 0.0121 0.0000 0.0371
495      495   (0)     15  : 0.7675 0.0000 0.0019 0.0010 0.0051 0.2000 0.0103 0.0142 0.0000 0.0000
496      496   (0)     15  : 0.8850 0.0000 0.0039 0.0076 0.0000 0.0903 0.0000 0.0083 0.0000 0.0050
497      497   (0)     15  : 0.8697 0.0000 0.0000 0.0009 0.0131 0.0000 0.0000 0.0323 0.0000 0.0839
498      498   (0)     15  : 0.7238 0.0000 0.0000 0.0000 0.0000 0.2000 0.0168 0.0593 0.0000 0.0000
499      499   (0)     15  : 0.8602 0.0000 0.0000 0.0081 0.0105 0.0993 0.0181 0.0039 0.0000 0.0000
500      500   (0)     15  : 0.7621 0.0000 0.0000 0.0007 0.0061 0.1682 0.0308 0.0000 0.0000 0.0321
501      501   (0)     15  : 0.7445 0.0000 0.0011 0.0000 0.0000 0.1301 0.0356 0.0079 0.0126 0.0682
502      502   (0)     15  : 0.7509 0.0000 0.0000 0.0000 0.0259 0.2000 0.0000 0.0143 0.0000 0.0088
503      503   (0)     15  : 0.7721 0.0000 0.0000 0.0000 0.0140 0.0089 0.0001 0.0000 0.0000 0.2051
504      504   (0)     15  : 0.7817 0.0000 0.0000 0.0000 0.0000 0.2000 0.0097 0.0085 0.0000 0.0000
505      505   (0)     15  : 0.8094 0.0000 0.0005 0.0000 0.0000 0.1360 0.0139 0.0402 0.0000 0.0000
506      506   (0)     15  : 0.9655 0.0000 0.0000 0.0000 0.0181 0.0000 0.0068 0.0095 0.0000 0.0000
507      507   (0)     15  : 0.8161 0.0000 0.0000 0.0065 0.0125 0.1055 0.0001 0.0120 0.0000 0.0472
508      508   (0)     15  : 0.7399 0.0000 0.0000 0.0000 0.0167 0.2000 0.0262 0.0165 0.0000 0.0007
509      509   (0)     15  : 0.0000 0.0338 0.0000 0.0000 0.6000 0.0004 0.0000 0.0000 0.3659 0.0000
510      510   (0)     15  : 0.0000 0.0243 0.0000 0.0000 0.6000 0.0270 0.0000 0.0000 0.3487 0.0000
511      511   (0)     15  : 0.7192 0.0079 0.0052 0.0000 0.0045 0.2084 0.0253 0.0264 0.0031 0.0000
512      512   (0)     15  : 0.8906 0.0000 0.0000 0.0000 0.0000 0.0000 0.0000 0.0215 0.0000 0.0879
513      513   (0)     15  : 0.8373 0.0000 0.0000 0.0004 0.0020 0.1090 0.0030 0.0232 0.0000 0.0252
514      514   (0)     15  : 0.7404 0.0000 0.0000 0.0148 0.0301 0.0773 0.0000 0.0147 0.0000 0.1228
515      515   (0)     16  : 0.0000 0.0000 0.0000 0.2000 0.0000 0.0000 0.8000 0.0000 0.0000 0.0000
516      516   (0)     16  : 0.8540 0.0000 0.0040 0.0101 0.0284 0.0906 0.0000 0.0129 0.0000 0.0000
517      517   (0)     16  : 0.0000 0.0143 0.0000 0.0000 0.5253 0.0528 0.0000 0.0000 0.4077 0.0000
518      518   (0)     16  : 0.8422 0.0000 0.0147 0.0026 0.0002 0.0918 0.0033 0.0114 0.0000 0.0337
519      519   (0)     16  : 0.9533 0.0000 0.0000 0.0171 0.0000 0.0000 0.0000 0.0173 0.0000 0.0123
520      520   (0)     16  : 0.8679 0.0000 0.0000 0.0016 0.0000 0.0280 0.0233 0.0477 0.0000 0.0315
521      521   (0)     16  : 0.9490 0.0000 0.0000 0.0109 0.0269 0.0132 0.0000 0.0000 0.0000 0.0000
522      522   (0)     16  : 0.0000 0.0000 0.0205 0.0000 0.0000 0.0000 0.0000 0.0000 0.9795 0.0000
523      523   (0)     16  : 0.9581 0.0000 0.0000 0.0000 0.0137 0.0000 0.0072 0.0000 0.0000 0.0210
524      524   (0)     16  : 0.0000 0.0777 0.0000 0.0000 0.5234 0.0000 0.0000 0.0000 0.3989 0.0000
525      525   (0)     16  : 0.9577 0.0000 0.0000 0.0000 0.0054 0.0113 0.0055 0.0001 0.0000 0.0200
526      526   (0)     16  : 0.9456 0.0000 0.0001 0.0399 0.0000 0.0000 0.0000 0.0000 0.0000 0.0144
527      527   (0)     16  : 0.0000 0.0206 0.0000 0.0000 0.5295 0.0192 0.0000 0.0000 0.4307 0.0000
528      528   (0)     16  : 0.7230 0.0000 0.0000 0.0188 0.0000 0.0211 0.0372 0.0000 0.0000 0.2000
529      529   (0)     16  : 0.7492 0.0000 0.0000 0.0082 0.0262 0.0159 0.0000 0.0000 0.0000 0.2005
530      530   (0)     16  : 0.7173 0.0000 0.0000 0.0380 0.0083 0.0000 0.0138 0.0227 0.0000 0.2000
531      531   (0)     16  : 0.8991 0.0000 0.0000 0.0000 0.0014 0.0000 0.0000 0.0000 0.0000 0.0995
532      532   (0)     16  : 0.0000 0.0000 0.0224 0.0000 0.0000 0.0000 0.0000 0.0000 0.9776 0.0000
533      533   (0)     16  : 0.0000 0.0000 0.0297 0.0000 0.0000 0.0000 0.0000 0.0000 0.9703 0.0000
534      534   (0)     16  : 0.9562 0.0000 0.0000 0.0251 0.0141 0.0000 0.0027 0.0020 0.0000 0.0000
535      535   (0)     16  : 0.9612 0.0000 0.0000 0.0094 0.0110 0.0000 0.0000 0.0185 0.0000 0.0000
536      536   (0)     16  : 0.7979 0.0000 0.0000 0.0233 0.0000 0.0146 0.0000 0.0000 0.0000 0.1643
537      537   (0)     16  : 0.9550 0.0000 0.0000 0.0333 0.0000 0.0000 0.0116 0.0000 0.0001 0.0000
538      538   (0)     16  : 0.9752 0.0000 0.0000 0.0056 0.0000 0.0080 0.0000 0.0000 0.0000 0.0112
539      539   (0)     16  : 0.9465 0.0000 0.0000 0.0119 0.0002 0.0000 0.0000 0.0414 0.0000 0.0000
540      540   (0)     16  : 0.7577 0.0000 0.0000 0.0027 0.0131 0.0000 0.0000 0.0265 0.0000 0.2000
541      541   (0)     16  : 0.0000 0.0000 1.0000 0.0000 0.0000 0.0000 0.0000 0.0000 0.0000 0.0000
542      542   (0)     16  : 0.9339 0.0000 0.0000 0.0110 0.0194 0.0000 0.0000 0.0064 0.0000 0.0294
543      543   (0)     16  : 0.9325 0.0000 0.0000 0.0000 0.0000 0.0000 0.0000 0.0000 0.0000 0.0675
544      544   (0)     16  : 0.9206 0.0000 0.0000 0.0007 0.0000 0.0000 0.0041 0.0000 0.0000 0.0745
