1        1   (0)      1  : 0.0000 0.0153 0.0000 0.0000 0.0000 0.0000 0.5463 0.0000 0.4384 0.0000 0.0000 0.0000 0.0000 0.0000 0.0000 0.0000 0.0000 0.0000
2        2   (0)      1  : 0.2393 0.0000 0.0000 0.1486 0.0000 0.0000 0.0000 0.0000 0.3298 0.0000 0.0000 0.0257 0.0000 0.0000 0.0912 0.0851 0.0000 0.0802
3        3   (0)      1  : 0.0000 0.0000 0.0000 0.0000 0.1572 0.0000 0.0360 0.0000 0.0000 0.5425 0.0721 0.0000 0.0000 0.0000 0.1922 0.0000 0.0000 0.0000
4        4   (0)      1  : 0.2562 0.0000 0.0000 0.0000 0.0000 0.0000 0.0000 0.0000 0.4742 0.0000 0.0000 0.1303 0.0000 0.0000 0.0000 0.0000 0.0066 0.1327
5        5   (0)      1  : 0.1260 0.0000 0.0000 0.0000 0.0000 0.0000 0.0000 0.0000 0.6214 0.0000 0.0000 0.0000 0.0000 0.0000 0.2526 0.0000 0.0000 0.0000
6        6   (0)      1  : 0.0000 0.0200 0.0000 0.0942 0.0000 0.0000 0.3914 0.0133 0.0397 0.2587 0.0000 0.0000 0.0000 0.1827 0.0000 0.0000 0.0000 0.0000
7        7   (0)      1  : 0.0000 0.0000 0.0000 0.0000 0.6764 0.0000 0.0000 0.0000 0.0835 0.0000 0.0374 0.0000 0.0000 0.0000 0.2027 0.0000 0.0000 0.0000
8        8   (0)      2  : 0.0000 0.0000 0.0000 0.0000 0.0000 0.0000 0.0000 0.0000 0.7385 0.0000 0.0000 0.0000 0.0000 0.0000 0.0000 0.0300 0.0000 0.2315
9        9   (0)      1  : 0.3211 0.0000 0.0000 0.0000 0.0000 0.0000 0.0000 0.0000 0.5810 0.0000 0.0000 0.0000 0.0000 0.0000 0.0000 0.0396 0.0000 0.0583
10       10   (0)      3  : 0.0000 0.0000 0.0000 0.3526 0.0000 0.0000 0.0000 0.0000 0.0000 0.0000 0.0000 0.3185 0.0000 0.0000 0.0000 0.0000 0.2488 0.0802
11       11   (0)      4  : 0.0000 0.0000 0.0000 0.0000 0.0000 0.0000 0.0000 0.0000 0.0000 0.0000 0.0000 0.0486 0.0000 0.0000 0.8734 0.0000 0.0781 0.0000
12       12   (0)      4  : 0.0009 0.0000 0.0000 0.0000 0.0000 0.0000 0.1110 0.0000 0.0000 0.0000 0.0000 0.0001 0.0000 0.1432 0.0000 0.6212 0.1236 0.0000
13       13   (0)      4  : 0.0682 0.0000 0.0000 0.1091 0.0000 0.0000 0.0000 0.0000 0.0000 0.0505 0.0000 0.4544 0.0000 0.0000 0.2389 0.0000 0.0789 0.0000
14       14   (0)      4  : 0.0000 0.0000 0.0000 0.0000 0.0000 0.0000 0.0000 0.0000 0.0000 0.0000 0.0000 0.0000 0.0000 0.0000 1.0000 0.0000 0.0000 0.0000
15       15   (0)      4  : 0.0000 0.0000 0.0000 0.3064 0.0000 0.0000 0.0000 0.0000 0.2065 0.0000 0.0000 0.0000 0.0000 0.0000 0.0000 0.1288 0.3583 0.0000
16       16   (0)      4  : 0.0000 0.0000 0.0000 0.0000 0.0582 0.0000 0.3201 0.0000 0.0000 0.6217 0.0000 0.0000 0.0000 0.0000 0.0000 0.0000 0.0000 0.0000
17       17   (0)      5  : 0.0866 0.0000 0.0000 0.0000 0.0000 0.0000 0.0013 0.0000 0.0000 0.0000 0.0000 0.2182 0.0000 0.0000 0.0000 0.6806 0.0133 0.0000
18       18   (0)      4  : 0.0000 0.0000 0.0000 0.1958 0.0000 0.0000 0.2891 0.0000 0.0000 0.0000 0.0000 0.0940 0.0000 0.0000 0.0485 0.0966 0.1893 0.0867
19       19   (0)      5  : 0.0720 0.0000 0.0000 0.3995 0.0000 0.0000 0.0000 0.0000 0.1464 0.0000 0.0000 0.1000 0.0000 0.0000 0.0000 0.1432 0.1389 0.0000
20       20   (0)      5  : 0.2113 0.0000 0.0000 0.0000 0.0000 0.0000 0.0000 0.0000 0.0000 0.0000 0.0000 0.0226 0.0000 0.0000 0.0000 0.1690 0.5972 0.0000
21       21   (0)      5  : 0.0000 0.0000 0.0000 0.0000 0.0000 0.0000 0.2083 0.0000 0.0000 0.0000 0.0000 0.0000 0.0000 0.0000 0.0000 0.0000 0.6385 0.1532
22       22   (0)      5  : 0.0000 0.0000 0.0000 0.3467 0.0000 0.0000 0.0000 0.0000 0.0000 0.0000 0.0000 0.0000 0.0000 0.0745 0.0000 0.1714 0.4075 0.0000
23       23   (0)      5  : 0.0000 0.0000 0.0000 0.0000 0.0000 0.0000 0.6781 0.0000 0.0000 0.0000 0.0000 0.0000 0.0000 0.0000 0.0856 0.0000 0.2362 0.0000
24       24   (0)      5  : 0.0000 0.0000 0.0000 0.1214 0.0000 0.0000 0.2540 0.0000 0.0000 0.0000 0.0000 0.0965 0.0000 0.0000 0.0000 0.0000 0.5280 0.0000
25       25   (0)      5  : 0.0000 0.0000 0.0000 0.0000 0.0146 0.0000 0.2079 0.0000 0.0000 0.0000 0.0000 0.0000 0.0000 0.0000 0.1244 0.4477 0.2053 0.0000
26       26   (0)      5  : 0.0000 0.0000 0.0000 0.0000 0.0000 0.0000 0.3585 0.0000 0.0000 0.0000 0.0000 0.0602 0.0000 0.0000 0.0000 0.0000 0.5740 0.0073
27       27   (0)      5  : 0.0000 0.0000 0.0136 0.0000 0.0000 0.0000 0.0000 0.0000 0.0000 0.0000 0.0000 0.1922 0.0000 0.0000 0.0000 0.3164 0.4778 0.0000
28       28   (0)      5  : 0.0000 0.0000 0.0000 0.0856 0.0000 0.0000 0.5498 0.0000 0.0000 0.0000 0.0000 0.0000 0.0000 0.0000 0.1032 0.0000 0.2614 0.0000
29       29   (0)      5  : 0.0000 0.0000 0.0000 0.2967 0.0000 0.0000 0.0000 0.0000 0.0000 0.0000 0.0000 0.0000 0.0000 0.0000 0.0000 0.0000 0.7033 0.0000
30       30   (0)      5  : 0.0000 0.0000 0.0000 0.2466 0.0000 0.0000 0.0000 0.0000 0.0000 0.0000 0.0000 0.0000 0.0000 0.1613 0.0000 0.5919 0.0002 0.0000
31       31   (0)      5  : 0.0000 0.0000 0.0000 0.1572 0.0000 0.0000 0.1566 0.0000 0.0000 0.0000 0.0000 0.1109 0.0000 0.0000 0.0246 0.4771 0.0737 0.0000
32       32   (0)      5  : 0.0000 0.0000 0.0000 0.0000 0.0000 0.0000 0.2488 0.0000 0.0000 0.0000 0.0000 0.0000 0.0000 0.0000 0.1378 0.1320 0.4814 0.0000
33       33   (0)      5  : 0.0000 0.0000 0.0201 0.1012 0.0000 0.0000 0.5837 0.0000 0.0000 0.0000 0.0000 0.0000 0.0000 0.0072 0.0000 0.2878 0.0000 0.0000
34       34   (0)      5  : 0.0766 0.0000 0.0000 0.2330 0.0000 0.0000 0.3276 0.0000 0.0000 0.0000 0.0000 0.0663 0.0000 0.0000 0.0000 0.1487 0.1479 0.0000
35       35   (0)      5  : 0.0000 0.0000 0.0000 0.0000 0.0000 0.0000 0.2957 0.0000 0.0000 0.0000 0.0000 0.0000 0.0000 0.1403 0.0000 0.4007 0.1634 0.0000
36       36   (0)      5  : 0.0000 0.0000 0.0198 0.4037 0.0000 0.0000 0.0000 0.0000 0.0000 0.0000 0.0000 0.0000 0.0000 0.0000 0.0000 0.1503 0.4262 0.0000
37       37   (0)      5  : 0.0000 0.0000 0.0000 0.3395 0.0000 0.0000 0.1662 0.0000 0.0000 0.0000 0.0000 0.0000 0.0000 0.0023 0.0000 0.0358 0.4563 0.0000
38       38   (0)      5  : 0.0000 0.0000 0.0000 0.4316 0.0000 0.0000 0.0000 0.0000 0.0000 0.0000 0.0000 0.0000 0.0000 0.0000 0.0000 0.0000 0.4077 0.1607
39       39   (0)      5  : 0.0000 0.0000 0.0000 0.5852 0.0000 0.0000 0.0000 0.0000 0.0000 0.0000 0.0000 0.0000 0.0000 0.0000 0.1027 0.0841 0.1972 0.0308
40       40   (0)      5  : 0.1952 0.0000 0.0000 0.2297 0.0000 0.0000 0.1526 0.0000 0.0000 0.0000 0.0000 0.0000 0.0000 0.0000 0.1323 0.0000 0.2902 0.0000
41       41   (0)      5  : 0.0000 0.0000 0.0000 0.0649 0.0000 0.0000 0.4838 0.0000 0.0000 0.0000 0.0000 0.0000 0.0000 0.0000 0.0598 0.0000 0.3915 0.0000
42       42   (0)      5  : 0.1338 0.0000 0.0000 0.0000 0.0000 0.0000 0.0000 0.0000 0.0000 0.0000 0.0000 0.0000 0.0000 0.1225 0.0000 0.5991 0.1445 0.0000
43       43   (0)      5  : 0.0000 0.0000 0.0000 0.0000 0.0000 0.0000 0.0000 0.0000 0.0000 0.9701 0.0000 0.0000 0.0000 0.0000 0.0000 0.0000 0.0000 0.0299
44       44   (0)      5  : 0.0184 0.0000 0.0000 0.1899 0.0000 0.0000 0.3356 0.0000 0.0000 0.0000 0.0000 0.0345 0.0000 0.0000 0.1736 0.0000 0.2168 0.0312
45       45   (0)      4  : 0.0000 0.0000 0.0000 0.0000 0.0000 0.0000 0.0000 0.0000 0.0000 0.0000 0.0000 0.0000 0.0000 0.0000 0.6348 0.0000 0.3652 0.0000
46       46   (0)      4  : 0.0643 0.0000 0.0000 0.0000 0.0374 0.0000 0.1991 0.0000 0.0000 0.0000 0.0000 0.0257 0.0000 0.0000 0.2346 0.4390 0.0000 0.0000
47       47   (0)      4  : 0.0000 0.0000 0.0000 0.0000 0.0000 0.0000 0.7492 0.0000 0.0000 0.0000 0.0000 0.0000 0.0000 0.0000 0.0000 0.0000 0.2508 0.0000
48       48   (0)      4  : 0.0000 0.0000 0.0000 0.1515 0.0000 0.0000 0.0031 0.0000 0.0000 0.0000 0.0000 0.0000 0.0000 0.3064 0.1011 0.2969 0.1410 0.0000
49       49   (0)      5  : 0.0000 0.0000 0.0000 0.0000 0.0000 0.0000 0.3187 0.0000 0.0000 0.0000 0.0000 0.0000 0.0000 0.0000 0.2370 0.4283 0.0160 0.0000
50       50   (0)      4  : 0.0000 0.0000 0.0000 0.0000 0.0000 0.0000 0.0000 0.0000 0.0000 0.0000 0.0000 0.7515 0.0000 0.0000 0.0000 0.0000 0.2485 0.0000
51       51   (0)      4  : 0.0000 0.0000 0.0000 0.0000 0.0000 0.0000 0.0000 0.0000 0.0000 0.6532 0.0000 0.1981 0.0000 0.0000 0.0000 0.1487 0.0000 0.0000
52       52   (0)      4  : 0.1345 0.0088 0.0000 0.0000 0.0168 0.0000 0.0555 0.0000 0.0259 0.0000 0.0000 0.0000 0.0390 0.0000 0.0000 0.4247 0.2949 0.0000
53       53   (0)      4  : 0.0000 0.0000 0.0000 0.0000 0.0811 0.0000 0.0000 0.0000 0.0000 0.6879 0.0000 0.2310 0.0000 0.0000 0.0000 0.0000 0.0000 0.0000
54       54   (0)      4  : 0.0000 0.0000 0.0116 0.0988 0.0000 0.0000 0.0000 0.0000 0.0357 0.0000 0.0000 0.0000 0.0000 0.1170 0.0526 0.2810 0.4033 0.0000
55       55   (0)      4  : 0.0000 0.0000 0.0000 0.0000 0.0000 0.0000 0.0262 0.0000 0.0000 0.9161 0.0000 0.0000 0.0000 0.0000 0.0000 0.0577 0.0000 0.0000
56       56   (0)      4  : 0.0492 0.0000 0.0000 0.1665 0.0000 0.0000 0.0000 0.0000 0.0000 0.7618 0.0000 0.0226 0.0000 0.0000 0.0000 0.0000 0.0000 0.0000
57       57   (0)      4  : 0.0000 0.0000 0.0000 0.3229 0.0000 0.0000 0.0000 0.0000 0.0000 0.0000 0.0000 0.0000 0.0000 0.0000 0.2034 0.1771 0.2966 0.0000
58       58   (0)      5  : 0.0000 0.0000 0.0000 0.0309 0.0349 0.0000 0.1687 0.0000 0.0000 0.0000 0.0000 0.0000 0.0000 0.0000 0.2334 0.5321 0.0000 0.0000
59       59   (0)      4  : 0.0000 0.0000 0.0000 0.0000 0.1040 0.0000 0.2807 0.0251 0.0000 0.3638 0.0000 0.0000 0.0000 0.0000 0.0000 0.2164 0.0000 0.0100
60       60   (0)      4  : 0.0000 0.0000 0.0000 0.0000 0.0000 0.0000 0.0000 0.0000 0.0000 0.7358 0.0000 0.1631 0.0000 0.0000 0.1012 0.0000 0.0000 0.0000
61       61   (0)      4  : 0.0000 0.0000 0.0000 0.1739 0.0000 0.0000 0.1338 0.0000 0.0822 0.0000 0.0000 0.0000 0.0000 0.0000 0.0000 0.6101 0.0000 0.0000
62       62   (0)      5  : 0.0000 0.0000 0.0000 0.2192 0.0000 0.0000 0.1175 0.0000 0.0000 0.0000 0.0000 0.1879 0.0000 0.0000 0.0495 0.4259 0.0000 0.0000
63       63   (0)      6  : 0.0000 0.0000 0.0000 0.1426 0.0000 0.0230 0.1372 0.0000 0.0431 0.4941 0.0000 0.0000 0.0000 0.0000 0.0604 0.0997 0.0000 0.0000
64       64   (0)      6  : 0.0000 0.0200 0.0000 0.0000 0.1461 0.0000 0.1597 0.0000 0.0000 0.6205 0.0000 0.0000 0.0000 0.0000 0.0000 0.0536 0.0000 0.0000
65       65   (0)      6  : 0.0000 0.0000 0.0435 0.0000 0.0000 0.0000 0.0000 0.0000 0.7111 0.0000 0.0000 0.0000 0.0000 0.0000 0.0000 0.2453 0.0000 0.0000
66       66   (0)      6  : 0.2491 0.0000 0.0000 0.0000 0.0000 0.0000 0.2219 0.0000 0.1272 0.0000 0.0000 0.0661 0.0000 0.0000 0.0000 0.0679 0.2679 0.0000
67       67   (0)      6  : 0.0000 0.0000 0.0000 0.0000 0.0000 0.0000 0.0000 0.0000 0.0000 0.0000 0.0000 0.0000 0.0000 0.0000 1.0000 0.0000 0.0000 0.0000
68       68   (0)      6  : 0.0000 0.0000 0.0000 0.0000 0.0000 0.0000 0.1141 0.0000 0.5068 0.0000 0.0000 0.3791 0.0000 0.0000 0.0000 0.0000 0.0000 0.0000
69       69   (0)      6  : 0.0000 0.0000 0.0000 0.0000 0.0000 0.0000 0.4260 0.0000 0.3012 0.0000 0.0000 0.0000 0.0000 0.0369 0.0000 0.2359 0.0000 0.0000
70       70   (0)      6  : 0.0000 0.0000 0.0000 0.0000 0.0109 0.0000 0.4676 0.0000 0.1764 0.0000 0.0000 0.0000 0.0197 0.0000 0.0000 0.3254 0.0000 0.0000
71       71   (0)      6  : 0.0000 0.0000 0.0141 0.1006 0.0000 0.0000 0.4896 0.0000 0.0000 0.0000 0.0000 0.0004 0.0000 0.0000 0.0000 0.0000 0.0357 0.3596
72       72   (0)      6  : 0.0992 0.0000 0.0000 0.0227 0.0000 0.0000 0.3934 0.0000 0.2940 0.0000 0.0000 0.0000 0.0000 0.0000 0.0000 0.0850 0.1057 0.0000
73       73   (0)      7  : 0.0000 0.0000 0.0000 0.3215 0.0000 0.0000 0.0000 0.0000 0.0000 0.0000 0.0000 0.0000 0.0000 0.0000 0.0000 0.5778 0.1007 0.0000
74       74   (0)      7  : 0.1114 0.0000 0.0000 0.0438 0.0000 0.0000 0.0000 0.0000 0.0000 0.0000 0.0000 0.0000 0.0483 0.0000 0.0000 0.7554 0.0000 0.0411
75       75   (0)      7  : 0.0000 0.0000 0.0000 0.0000 0.0000 0.0000 0.0000 0.0000 0.0000 0.0000 0.0000 0.1371 0.0000 0.0000 0.1719 0.6910 0.0000 0.0000
76       76   (0)      7  : 0.1704 0.0000 0.0000 0.0144 0.0116 0.0000 0.0000 0.0085 0.1259 0.0000 0.0000 0.0000 0.0000 0.0000 0.0000 0.4368 0.2323 0.0000
77       77   (0)      7  : 0.1408 0.0000 0.0000 0.0000 0.0000 0.0000 0.0000 0.0000 0.0000 0.0000 0.0000 0.0000 0.0000 0.0000 0.0000 0.0770 0.7822 0.0000
78       78   (0)      7  : 0.0000 0.0000 0.0000 0.0000 0.0000 0.0000 0.0000 0.0000 0.1121 0.0000 0.0000 0.0000 0.0000 0.0000 0.1735 0.3622 0.2568 0.0954
79       79   (0)      7  : 0.1013 0.0000 0.0000 0.0000 0.0000 0.0000 0.0000 0.0000 0.0000 0.0000 0.0000 0.0000 0.0000 0.0044 0.0000 0.6396 0.2382 0.0166
80       80   (0)      7  : 0.2770 0.0000 0.0000 0.0000 0.0000 0.0000 0.0000 0.0000 0.0039 0.0000 0.0000 0.0000 0.0118 0.0881 0.0000 0.6192 0.0000 0.0000
81       81   (0)      7  : 0.0000 0.0000 0.0000 0.0000 0.0000 0.0000 0.0000 0.0000 0.0096 0.0000 0.0000 0.0394 0.0000 0.0000 0.0000 0.6959 0.2551 0.0000
82       82   (0)      7  : 0.0000 0.0000 0.0000 0.0000 0.0000 0.0000 0.0000 0.0000 0.0066 0.0000 0.0000 0.0000 0.0000 0.0000 0.0000 0.2722 0.7211 0.0000
83       83   (0)      7  : 0.2516 0.0036 0.0000 0.0638 0.0560 0.0000 0.1401 0.0000 0.0000 0.0066 0.0000 0.0000 0.0000 0.0000 0.1173 0.3610 0.0000 0.0000
84       84   (0)      7  : 0.0621 0.0000 0.0000 0.0000 0.0510 0.0000 0.0000 0.0000 0.0000 0.7078 0.0000 0.0000 0.0000 0.0000 0.0181 0.1610 0.0000 0.0000
85       85   (0)      7  : 0.0000 0.0000 0.0000 0.2793 0.0000 0.0000 0.0000 0.0000 0.0000 0.0000 0.0000 0.0000 0.0004 0.0000 0.0000 0.6440 0.0762 0.0000
86       86   (0)      7  : 0.0961 0.0000 0.0000 0.0249 0.0000 0.0000 0.0000 0.0000 0.2047 0.0000 0.0000 0.0000 0.0000 0.0000 0.0009 0.0000 0.6733 0.0000
87       87   (0)      7  : 0.0324 0.0000 0.0000 0.0000 0.0000 0.0000 0.2399 0.0000 0.0000 0.7236 0.0000 0.0000 0.0000 0.0000 0.0000 0.0040 0.0000 0.0000
88       88   (0)      7  : 0.0000 0.0000 0.0000 0.0004 0.0000 0.0000 0.5241 0.0000 0.0000 0.0000 0.0000 0.0000 0.0000 0.0000 0.0000 0.4366 0.0389 0.0000
89       89   (0)      7  : 0.0000 0.0000 0.0000 0.0000 0.0000 0.0000 0.1363 0.0000 0.0000 0.8408 0.0000 0.0000 0.0000 0.0000 0.0229 0.0000 0.0000 0.0000
90       90   (0)      7  : 0.0000 0.0000 0.0000 0.1016 0.0000 0.0000 0.0000 0.0000 0.0000 0.0000 0.0000 0.0000 0.0000 0.0000 0.0954 0.5243 0.2787 0.0000
91       91   (0)      7  : 0.0000 0.0000 0.0000 0.0000 0.0000 0.0000 0.3089 0.0000 0.0000 0.0000 0.0000 0.0000 0.0000 0.0000 0.0000 0.6911 0.0000 0.0000
92       92   (0)      7  : 0.0746 0.0000 0.0425 0.0000 0.0000 0.0000 0.0000 0.0000 0.0000 0.0000 0.0000 0.0000 0.0000 0.0000 0.0000 0.6543 0.2286 0.0000
93       93   (0)      7  : 0.1294 0.0000 0.0125 0.1129 0.0272 0.0000 0.0000 0.0000 0.0000 0.0000 0.0000 0.0000 0.0000 0.0000 0.3127 0.1406 0.2648 0.0000
94       94   (0)      7  : 0.0000 0.0000 0.0000 0.4776 0.0000 0.0000 0.2383 0.0000 0.1136 0.0000 0.0000 0.0000 0.0000 0.0000 0.0000 0.1706 0.0000 0.0000
95       95   (0)      7  : 0.0000 0.0000 0.0000 0.1939 0.0000 0.0000 0.0000 0.0000 0.1918 0.0000 0.0000 0.0000 0.0000 0.0000 0.0415 0.0000 0.5728 0.0000
96       96   (0)      7  : 0.0000 0.0000 0.0000 0.0000 0.0477 0.0000 0.2307 0.0000 0.0000 0.0000 0.0000 0.0000 0.0000 0.0000 0.1824 0.2559 0.2834 0.0000
97       97   (0)      7  : 0.0000 0.0000 0.0000 0.0462 0.0000 0.0000 0.0000 0.0000 0.0391 0.0000 0.0000 0.0000 0.0000 0.0000 0.0797 0.1457 0.6892 0.0000
98       98   (0)      7  : 0.0000 0.0000 0.0000 0.0000 0.0000 0.0000 0.0000 0.0000 0.0519 0.0000 0.0000 0.0000 0.0000 0.0000 0.2361 0.0000 0.7120 0.0000
99       99   (0)      7  : 0.0000 0.0000 0.0000 0.0000 0.0000 0.0000 0.0000 0.0000 0.0000 0.0207 0.0000 0.0000 0.0000 0.0000 0.1454 0.0000 0.8339 0.0000
100      100   (0)      7  : 0.0000 0.0000 0.0000 0.0004 0.0000 0.0000 0.0000 0.0000 0.2217 0.7376 0.0000 0.0000 0.0000 0.0000 0.0000 0.0000 0.0403 0.0000
101      101   (0)      6  : 0.1589 0.0000 0.0000 0.0268 0.0000 0.0000 0.0000 0.0000 0.5031 0.0000 0.0000 0.0000 0.0000 0.0000 0.0000 0.2787 0.0325 0.0000
102      102   (0)      6  : 0.0000 0.0000 0.0105 0.2728 0.0000 0.0000 0.0000 0.0120 0.4192 0.0000 0.0000 0.2290 0.0566 0.0000 0.0000 0.0000 0.0000 0.0000
103      103   (0)      6  : 0.0000 0.0000 0.0000 0.0000 0.0000 0.0000 0.7104 0.0000 0.2896 0.0000 0.0000 0.0000 0.0000 0.0000 0.0000 0.0000 0.0000 0.0000
104      104   (0)      6  : 0.3997 0.0000 0.0000 0.0000 0.0000 0.0000 0.0000 0.0000 0.4405 0.0000 0.0000 0.0000 0.0000 0.0000 0.0000 0.1598 0.0000 0.0000
105      105   (0)      6  : 0.0000 0.0000 0.0000 0.0000 0.0000 0.0000 0.7314 0.0000 0.2686 0.0000 0.0000 0.0000 0.0000 0.0000 0.0000 0.0000 0.0000 0.0000
106      106   (0)      6  : 0.1561 0.0000 0.0000 0.1114 0.0000 0.0000 0.0000 0.0000 0.4300 0.0000 0.0000 0.1841 0.0000 0.0000 0.0679 0.0000 0.0506 0.0000
107      107   (0)      6  : 0.1877 0.0000 0.0286 0.0562 0.0000 0.0000 0.2325 0.0000 0.3891 0.0000 0.0000 0.0584 0.0001 0.0000 0.0000 0.0474 0.0000 0.0000
108      108   (0)      6  : 0.2271 0.0000 0.0000 0.0000 0.0084 0.0000 0.2681 0.0000 0.3457 0.0000 0.0000 0.1270 0.0000 0.0000 0.0000 0.0000 0.0237 0.0000
109      109   (0)      6  : 0.0000 0.0000 0.0000 0.0000 0.0000 0.0000 0.0000 0.0000 0.0000 0.9032 0.0000 0.0000 0.0000 0.0000 0.0000 0.0000 0.0000 0.0968
110      110   (0)      7  : 0.0000 0.0000 0.0000 0.0504 0.0000 0.0000 0.2604 0.0000 0.0830 0.0000 0.0000 0.0728 0.0000 0.0000 0.0000 0.4561 0.0774 0.0000
111      111   (0)      7  : 0.0000 0.0000 0.0000 0.0000 0.0000 0.0000 0.0000 0.0000 0.0000 0.0000 0.0000 0.0000 0.0000 0.0000 0.8273 0.1727 0.0000 0.0000
112      112   (0)      6  : 0.0000 0.0000 0.0000 0.0000 0.0000 0.0000 0.0615 0.0000 0.6270 0.0000 0.0000 0.0000 0.0000 0.0000 0.1370 0.1745 0.0000 0.0000
113      113   (0)      6  : 0.0000 0.0000 0.0000 0.0000 0.0000 0.0000 0.0000 0.0000 0.9215 0.0000 0.0000 0.0000 0.0785 0.0000 0.0000 0.0000 0.0000 0.0000
114      114   (0)      6  : 0.0000 0.0000 0.0000 0.0000 0.0000 0.0000 0.0000 0.0000 0.1344 0.8511 0.0145 0.0000 0.0000 0.0000 0.0000 0.0000 0.0000 0.0000
115      115   (0)      6  : 0.0000 0.0000 0.0000 0.0000 0.0000 0.0000 0.0000 0.0000 0.5077 0.0000 0.0000 0.0000 0.0409 0.0858 0.0000 0.1358 0.2299 0.0000
116      116   (0)      6  : 0.0000 0.0000 0.0000 0.0000 0.1374 0.0000 0.0000 0.0000 0.2119 0.3854 0.0863 0.0000 0.0000 0.0000 0.1790 0.0000 0.0000 0.0000
117      117   (0)      6  : 0.0000 0.0000 0.0000 0.0846 0.0000 0.0000 0.0058 0.0000 0.4408 0.0603 0.0150 0.0000 0.0000 0.0000 0.0349 0.0533 0.1348 0.1705
118      118   (0)      6  : 0.0000 0.0000 0.0000 0.0000 0.0000 0.0000 0.0000 0.0000 0.6487 0.0000 0.0000 0.3513 0.0000 0.0000 0.0000 0.0000 0.0000 0.0000
119      119   (0)      6  : 0.0000 0.0000 0.0000 0.0000 0.0000 0.0000 0.2147 0.0000 0.7038 0.0000 0.0000 0.0000 0.0000 0.0230 0.0000 0.0585 0.0000 0.0000
120      120   (0)      6  : 0.0000 0.0000 0.0000 0.0000 0.0000 0.0000 0.0000 0.0000 0.7963 0.0000 0.0000 0.0000 0.0000 0.0000 0.0000 0.0841 0.1196 0.0000
121      121   (0)      6  : 0.0000 0.0000 0.0000 0.0000 0.0000 0.0000 0.0000 0.0000 0.6565 0.0000 0.0000 0.0000 0.0000 0.0000 0.0000 0.3435 0.0000 0.0000
122      122   (0)      6  : 0.0000 0.0000 0.0000 0.0000 0.0670 0.0000 0.0000 0.0000 0.2389 0.6748 0.0193 0.0000 0.0000 0.0000 0.0000 0.0000 0.0000 0.0000
123      123   (0)      8  : 0.0000 0.0000 0.0000 0.1698 0.0679 0.0000 0.3870 0.0000 0.0804 0.0000 0.0000 0.0248 0.0000 0.0000 0.1854 0.0000 0.0847 0.0000
124      124   (0)      8  : 0.0000 0.0000 0.0000 0.6555 0.0000 0.0000 0.3163 0.0000 0.0000 0.0283 0.0000 0.0000 0.0000 0.0000 0.0000 0.0000 0.0000 0.0000
125      125   (0)      8  : 0.0000 0.0000 0.0000 0.0000 0.0345 0.0000 0.5660 0.0000 0.0000 0.0000 0.0000 0.0254 0.0000 0.0000 0.2267 0.0000 0.0000 0.1474
126      126   (0)      8  : 0.0000 0.0000 0.0000 0.6557 0.0000 0.0000 0.0000 0.0000 0.0000 0.0000 0.0000 0.0000 0.0000 0.0366 0.0000 0.3076 0.0000 0.0000
127      127   (0)      8  : 0.0223 0.0000 0.0000 0.5120 0.0000 0.0038 0.0000 0.0000 0.0000 0.0000 0.0000 0.0000 0.0000 0.0939 0.1081 0.1292 0.1306 0.0000
128      128   (0)      8  : 0.0000 0.0000 0.0000 0.2387 0.0000 0.0000 0.0811 0.0000 0.0000 0.0000 0.0000 0.3729 0.0000 0.0000 0.0332 0.0000 0.2367 0.0375
129      129   (0)      8  : 0.0335 0.0000 0.0000 0.2925 0.0121 0.0000 0.3816 0.0000 0.0000 0.0000 0.0000 0.0522 0.0000 0.0000 0.1209 0.0000 0.0287 0.0784
130      130   (0)      8  : 0.0000 0.0000 0.0000 0.3937 0.0446 0.0000 0.2436 0.0000 0.0423 0.0000 0.0000 0.2757 0.0000 0.0000 0.0000 0.0000 0.0000 0.0000
131      131   (0)      8  : 0.0915 0.0000 0.0000 0.3633 0.0000 0.0000 0.0000 0.0000 0.0000 0.0000 0.0000 0.2176 0.0000 0.0000 0.2931 0.0346 0.0000 0.0000
132      132   (0)      8  : 0.0644 0.0000 0.0000 0.3889 0.0000 0.0000 0.2339 0.0000 0.0000 0.0000 0.0000 0.0000 0.0000 0.0000 0.0000 0.0000 0.1596 0.1532
133      133   (0)      8  : 0.1822 0.0000 0.0000 0.1461 0.0062 0.0000 0.3918 0.0000 0.0000 0.0000 0.0000 0.0000 0.0000 0.1287 0.1087 0.0000 0.0363 0.0000
134      134   (0)      8  : 0.0000 0.0000 0.0000 0.3810 0.0020 0.0000 0.0000 0.0000 0.0000 0.0000 0.0000 0.0000 0.0000 0.0000 0.0000 0.4617 0.0000 0.1553
135      135   (0)      8  : 0.0000 0.0000 0.0000 0.1819 0.0000 0.0000 0.0000 0.0000 0.0000 0.0000 0.0000 0.0000 0.0000 0.0000 0.8181 0.0000 0.0000 0.0000
136      136   (0)      8  : 0.0000 0.0000 0.0000 0.1615 0.0000 0.0000 0.5740 0.0000 0.0000 0.0000 0.0000 0.1395 0.0000 0.0000 0.0000 0.0000 0.0000 0.1251
137      137   (0)      8  : 0.0531 0.0000 0.0000 0.1528 0.0423 0.0000 0.0063 0.0000 0.0311 0.0000 0.0000 0.0290 0.0000 0.1683 0.1936 0.2179 0.1056 0.0000
138      138   (0)      8  : 0.1468 0.0000 0.0000 0.6942 0.0000 0.0000 0.0000 0.0000 0.0000 0.0000 0.0000 0.0000 0.0000 0.0149 0.0000 0.0842 0.0000 0.0599
139      139   (0)      8  : 0.3723 0.0000 0.0000 0.3711 0.0000 0.0000 0.0224 0.0000 0.0000 0.0155 0.0000 0.0068 0.0000 0.0961 0.0000 0.0278 0.0852 0.0027
140      140   (0)      8  : 0.3584 0.0000 0.0000 0.5876 0.0000 0.0000 0.0000 0.0000 0.0000 0.0000 0.0000 0.0000 0.0000 0.0000 0.0000 0.0539 0.0000 0.0000
141      141   (0)      8  : 0.0016 0.0000 0.0061 0.5570 0.0000 0.0000 0.2645 0.0000 0.0000 0.0000 0.0000 0.0367 0.0000 0.1342 0.0000 0.0000 0.0000 0.0000
142      142   (0)      8  : 0.0000 0.0000 0.0000 0.2928 0.0000 0.0000 0.0000 0.0000 0.0000 0.0000 0.0000 0.3943 0.0000 0.0000 0.0000 0.0000 0.3128 0.0000
143      143   (0)      8  : 0.3924 0.0000 0.0044 0.1222 0.0000 0.0000 0.1215 0.0000 0.0000 0.0000 0.0000 0.0000 0.0000 0.1030 0.0000 0.1234 0.1331 0.0000
144      144   (0)      8  : 0.0000 0.0000 0.0000 0.0000 0.0000 0.0000 0.0000 0.0000 0.0000 0.0000 0.0000 0.0000 0.0000 0.0000 1.0000 0.0000 0.0000 0.0000
145      145   (0)      8  : 0.0000 0.0000 0.0000 0.1137 0.0000 0.0134 0.0383 0.0000 0.0000 0.0000 0.0000 0.1001 0.0000 0.2767 0.0251 0.2847 0.1481 0.0000
146      146   (0)      3  : 0.0676 0.0000 0.0000 0.1841 0.0000 0.0000 0.3314 0.0000 0.0000 0.0000 0.0000 0.0810 0.0000 0.0000 0.1007 0.0000 0.1565 0.0786
147      147   (0)      3  : 0.0951 0.0000 0.0000 0.0650 0.1075 0.0000 0.2611 0.0000 0.0000 0.4713 0.0000 0.0000 0.0000 0.0000 0.0000 0.0000 0.0000 0.0000
148      148   (0)      3  : 0.1308 0.0000 0.0000 0.0000 0.0000 0.0000 0.5016 0.0000 0.0000 0.0000 0.0000 0.2064 0.0000 0.0000 0.0000 0.0000 0.0000 0.1612
149      149   (0)      3  : 0.2876 0.0000 0.0000 0.4557 0.0000 0.0000 0.0733 0.0000 0.0000 0.0201 0.0000 0.0000 0.0000 0.0000 0.0000 0.0584 0.1049 0.0000
150      150   (0)      3  : 0.4209 0.0000 0.0000 0.0351 0.0000 0.0000 0.1675 0.0000 0.0000 0.0000 0.0000 0.2097 0.0000 0.0000 0.0000 0.0000 0.1669 0.0000
151      151   (0)      3  : 0.0000 0.0000 0.0000 0.5140 0.0000 0.0000 0.0821 0.0000 0.0000 0.0360 0.0000 0.3679 0.0000 0.0000 0.0000 0.0000 0.0000 0.0000
152      152   (0)      3  : 0.0000 0.0000 0.0000 0.8322 0.0000 0.0000 0.0000 0.0000 0.0000 0.0000 0.0000 0.0000 0.0000 0.1678 0.0000 0.0000 0.0000 0.0000
153      153   (0)      3  : 0.1037 0.0000 0.0000 0.6232 0.0000 0.0000 0.1248 0.0000 0.0000 0.0000 0.0000 0.0242 0.0000 0.0000 0.0000 0.0000 0.1241 0.0000
154      154   (0)      3  : 0.1073 0.0000 0.0000 0.3381 0.0000 0.0000 0.1182 0.0000 0.0000 0.0000 0.0000 0.0061 0.0000 0.0000 0.0000 0.0000 0.3246 0.1056
155      155   (0)      3  : 0.0000 0.0000 0.0000 0.4724 0.0000 0.0000 0.0286 0.0000 0.0000 0.0000 0.0000 0.0000 0.0000 0.1037 0.0000 0.0981 0.2428 0.0545
156      156   (0)      3  : 0.1119 0.0000 0.0000 0.5032 0.0226 0.0000 0.0000 0.0000 0.0000 0.0151 0.0000 0.0000 0.0000 0.0000 0.1298 0.0000 0.2173 0.0000
157      157   (0)      3  : 0.1943 0.0000 0.0000 0.3351 0.1036 0.0000 0.1086 0.0000 0.0000 0.0000 0.0000 0.0000 0.0000 0.0000 0.0517 0.0445 0.1622 0.0000
158      158   (0)      3  : 0.2055 0.0000 0.0000 0.4479 0.0000 0.0000 0.0107 0.0000 0.0000 0.0000 0.0000 0.0000 0.0000 0.0750 0.1341 0.1268 0.0000 0.0000
159      159   (0)      3  : 0.2585 0.0000 0.0000 0.5143 0.0000 0.0000 0.0000 0.0000 0.0218 0.0000 0.0000 0.0000 0.0000 0.0000 0.0000 0.0750 0.1304 0.0000
160      160   (0)      3  : 0.1327 0.0000 0.0000 0.1590 0.1388 0.0000 0.0000 0.0000 0.0000 0.5696 0.0000 0.0000 0.0000 0.0000 0.0000 0.0000 0.0000 0.0000
161      161   (0)      3  : 0.0938 0.0000 0.0099 0.5056 0.0000 0.0000 0.0000 0.0000 0.0000 0.0000 0.0000 0.3907 0.0000 0.0000 0.0000 0.0000 0.0000 0.0000
162      162   (0)      3  : 0.0000 0.0000 0.0000 0.4176 0.0000 0.0000 0.4804 0.0000 0.0000 0.0000 0.0000 0.0000 0.0000 0.0000 0.0000 0.0000 0.0000 0.1020
163      163   (0)      3  : 0.3926 0.0000 0.0000 0.3501 0.0000 0.0000 0.0000 0.0000 0.0000 0.0000 0.0000 0.0068 0.0000 0.0901 0.0000 0.0000 0.1605 0.0000
164      164   (0)      3  : 0.0581 0.0000 0.0000 0.1556 0.0000 0.0000 0.1266 0.0000 0.0000 0.0000 0.0000 0.1756 0.0000 0.0949 0.0000 0.1249 0.2642 0.0000
165      165   (0)      3  : 0.1016 0.0000 0.0000 0.6282 0.0000 0.0000 0.0000 0.0000 0.0000 0.0000 0.0000 0.0000 0.0000 0.1020 0.0000 0.0000 0.1682 0.0000
166      166   (0)      3  : 0.0000 0.0000 0.0000 0.5236 0.0000 0.0000 0.0000 0.0000 0.0000 0.0000 0.0000 0.0883 0.0000 0.0000 0.0000 0.0000 0.0000 0.3881
167      167   (0)      3  : 0.2838 0.0000 0.0000 0.1955 0.0000 0.0000 0.0000 0.0000 0.0000 0.0000 0.0000 0.1120 0.0000 0.0000 0.0000 0.0001 0.4087 0.0000
168      168   (0)      3  : 0.2425 0.0000 0.0000 0.3683 0.0000 0.0000 0.0626 0.0000 0.0000 0.0000 0.0000 0.0000 0.0000 0.0000 0.0000 0.1639 0.0000 0.1627
169      169   (0)      3  : 0.1627 0.0000 0.0000 0.4207 0.0000 0.0000 0.0225 0.0000 0.0000 0.0000 0.0000 0.0000 0.0000 0.0000 0.2113 0.1384 0.0443 0.0000
170      170   (0)      3  : 0.0282 0.0000 0.0000 0.1922 0.0000 0.0000 0.0000 0.0000 0.0000 0.0000 0.0000 0.0000 0.0000 0.2477 0.0000 0.2609 0.2710 0.0000
171      171   (0)      3  : 0.4338 0.0000 0.0000 0.3589 0.0000 0.0000 0.0000 0.0000 0.0000 0.0000 0.0000 0.0000 0.0000 0.0000 0.0340 0.1733 0.0000 0.0000
172      172   (0)      3  : 0.2604 0.0000 0.0000 0.3576 0.0000 0.0000 0.0000 0.0000 0.0000 0.0000 0.0000 0.0000 0.0000 0.0000 0.0000 0.0287 0.2502 0.1031
173      173   (0)      3  : 0.1364 0.0000 0.0000 0.5212 0.0000 0.0000 0.0000 0.0000 0.0526 0.0000 0.0000 0.0290 0.0000 0.0802 0.0267 0.0530 0.1009 0.0000
174      174   (0)      3  : 0.2331 0.0000 0.0000 0.1993 0.0000 0.0000 0.0000 0.0000 0.0000 0.0000 0.0000 0.3298 0.0000 0.0000 0.0000 0.0238 0.2140 0.0000
175      175   (0)      8  : 0.0000 0.0000 0.0000 0.3087 0.0000 0.0000 0.1214 0.0000 0.0000 0.0000 0.0000 0.1847 0.0000 0.0000 0.0000 0.0000 0.2338 0.1514
176      176   (0)      8  : 0.0000 0.0000 0.0000 0.0000 0.0000 0.0000 0.0000 0.0000 0.0000 0.0000 0.0000 0.0000 0.0000 0.0000 1.0000 0.0000 0.0000 0.0000
177      177   (0)      8  : 0.1310 0.0000 0.0000 0.3587 0.0000 0.0000 0.3458 0.0000 0.0000 0.0000 0.0000 0.0000 0.0000 0.0427 0.0354 0.0864 0.0000 0.0000
178      178   (0)      8  : 0.0000 0.0000 0.0000 0.2616 0.0000 0.0000 0.0000 0.0000 0.0781 0.0000 0.0000 0.2915 0.0000 0.1501 0.0878 0.1309 0.0000 0.0000
179      179   (0)      8  : 0.0331 0.0000 0.0000 0.3803 0.0000 0.0000 0.2051 0.0000 0.0000 0.0000 0.0000 0.0119 0.0000 0.0000 0.0000 0.1972 0.0000 0.1724
180      180   (0)      8  : 0.0226 0.0000 0.0000 0.4356 0.0331 0.0000 0.2592 0.0000 0.0000 0.0000 0.0000 0.1315 0.0000 0.0185 0.0000 0.0000 0.0993 0.0000
181      181   (0)      8  : 0.0007 0.0000 0.0000 0.3893 0.0000 0.0000 0.1651 0.0000 0.0000 0.0000 0.0000 0.0000 0.0000 0.0406 0.0001 0.2164 0.0867 0.1011
182      182   (0)      1  : 0.5487 0.0000 0.0000 0.0960 0.0000 0.0000 0.0000 0.0000 0.1154 0.0000 0.0000 0.0000 0.0000 0.2399 0.0000 0.0000 0.0000 0.0000
183      183   (0)      1  : 0.1976 0.0000 0.0000 0.0000 0.0000 0.0000 0.0850 0.0000 0.2521 0.0000 0.0000 0.0000 0.0000 0.0000 0.0000 0.1157 0.0000 0.3495
184      184   (0)      1  : 0.4623 0.0000 0.0218 0.0039 0.0000 0.0000 0.0000 0.0000 0.2424 0.0000 0.0000 0.1840 0.0000 0.0857 0.0000 0.0000 0.0000 0.0000
185      185   (0)      1  : 0.1650 0.0000 0.0000 0.0000 0.0000 0.0000 0.2531 0.0000 0.2848 0.0411 0.0000 0.0000 0.0000 0.0794 0.0000 0.0000 0.0000 0.1766
186      186   (0)      1  : 0.7160 0.0000 0.0000 0.0000 0.0000 0.0000 0.0000 0.0000 0.2840 0.0000 0.0000 0.0000 0.0000 0.0000 0.0000 0.0000 0.0000 0.0000
187      187   (0)      1  : 0.1201 0.0208 0.0000 0.2251 0.0451 0.0000 0.1406 0.0000 0.2723 0.0000 0.0000 0.0000 0.0000 0.0755 0.0000 0.0000 0.0889 0.0116
188      188   (0)      1  : 0.6297 0.0000 0.0000 0.0140 0.0000 0.0000 0.0000 0.0000 0.1688 0.0000 0.0000 0.0320 0.0000 0.1556 0.0000 0.0000 0.0000 0.0000
189      189   (0)      1  : 0.7882 0.0000 0.0000 0.0000 0.0000 0.0000 0.0000 0.0000 0.0695 0.0000 0.0000 0.0000 0.0000 0.0000 0.0000 0.0000 0.0000 0.1422
190      190   (0)      2  : 0.0945 0.0000 0.0000 0.0000 0.0000 0.0000 0.3008 0.0000 0.0360 0.0000 0.0000 0.5687 0.0000 0.0000 0.0000 0.0000 0.0000 0.0000
191      191   (0)      2  : 0.4230 0.0000 0.0000 0.2014 0.0000 0.0000 0.0000 0.0000 0.0102 0.0000 0.0000 0.0000 0.0000 0.0125 0.0000 0.2110 0.1419 0.0000
192      192   (0)      2  : 0.1212 0.0000 0.0000 0.3849 0.0000 0.0000 0.0542 0.0000 0.1057 0.0000 0.0000 0.0000 0.0000 0.2405 0.0000 0.0335 0.0000 0.0602
193      193   (0)      2  : 0.0000 0.0000 0.0000 0.0000 0.0000 0.0000 0.3671 0.0000 0.0000 0.0000 0.0000 0.0000 0.0000 0.0000 0.0000 0.0000 0.3081 0.3248
194      194   (0)      2  : 0.2697 0.0000 0.0001 0.0000 0.0000 0.0000 0.1665 0.0000 0.0000 0.0000 0.0000 0.0000 0.0000 0.0000 0.0000 0.5637 0.0000 0.0000
195      195   (0)      2  : 0.0000 0.0000 0.0000 0.2115 0.0000 0.0000 0.6227 0.0000 0.0000 0.0000 0.0000 0.0193 0.0000 0.0000 0.0000 0.0000 0.0000 0.1465
196      196   (0)      2  : 0.0000 0.0000 0.0000 0.0000 0.0000 0.0000 0.0000 0.0000 0.3288 0.0000 0.0000 0.2972 0.0000 0.1726 0.0000 0.2014 0.0000 0.0000
197      197   (0)      2  : 0.0000 0.0000 0.0000 0.0000 0.0000 0.0000 0.0000 0.0000 0.0271 0.0000 0.0000 0.6298 0.0000 0.0000 0.0000 0.3431 0.0000 0.0000
198      198   (0)      1  : 0.3754 0.0000 0.0000 0.0000 0.0000 0.0000 0.1495 0.0000 0.0803 0.0000 0.0000 0.2431 0.0000 0.0000 0.0000 0.0000 0.0377 0.1139
199      199   (0)      1  : 0.2376 0.0000 0.0000 0.0762 0.0000 0.0000 0.0000 0.0000 0.4705 0.0000 0.0000 0.0000 0.0000 0.0000 0.0000 0.0615 0.0000 0.1542
200      200   (0)      1  : 0.0000 0.0000 0.0000 0.2259 0.0000 0.0000 0.0000 0.0000 0.3497 0.0000 0.0000 0.0000 0.0000 0.0000 0.0000 0.0000 0.0000 0.4244
201      201   (0)      1  : 0.0424 0.0000 0.0000 0.0224 0.0198 0.0000 0.0104 0.0000 0.7186 0.0000 0.0000 0.1755 0.0110 0.0000 0.0000 0.0000 0.0000 0.0000
202      202   (0)      1  : 0.0000 0.0000 0.0000 0.0000 0.0000 0.0000 0.0858 0.0000 0.5425 0.0051 0.0000 0.3666 0.0000 0.0000 0.0000 0.0000 0.0000 0.0000
203      203   (0)      1  : 0.0000 0.0000 0.0000 0.0000 0.0000 0.0000 0.0000 0.0000 0.7858 0.0000 0.0000 0.0000 0.0000 0.2142 0.0000 0.0000 0.0000 0.0000
204      204   (0)      2  : 0.0000 0.0000 0.0000 0.2249 0.0000 0.0000 0.0000 0.0000 0.0000 0.4636 0.0000 0.3116 0.0000 0.0000 0.0000 0.0000 0.0000 0.0000
205      205   (0)      2  : 0.0000 0.0000 0.0000 0.0000 0.0000 0.0000 0.0880 0.0000 0.2858 0.0000 0.0000 0.3525 0.0000 0.0000 0.0000 0.1350 0.0000 0.1387
206      206   (0)      2  : 0.0000 0.0000 0.0000 0.1563 0.0513 0.0000 0.0899 0.0000 0.0000 0.7025 0.0000 0.0000 0.0000 0.0000 0.0000 0.0000 0.0000 0.0000
207      207   (0)      2  : 0.0000 0.0000 0.0000 0.0971 0.0000 0.0000 0.0000 0.0000 0.0232 0.0000 0.0000 0.0000 0.0000 0.4370 0.0000 0.4427 0.0000 0.0000
208      208   (0)      2  : 0.0000 0.0000 0.0000 0.0000 0.0000 0.0000 0.4712 0.0000 0.0000 0.0000 0.0000 0.1205 0.0000 0.0000 0.0000 0.0000 0.0000 0.4083
209      209   (0)      2  : 0.4459 0.0000 0.0000 0.0000 0.0000 0.0000 0.0000 0.0000 0.0000 0.0000 0.0000 0.0000 0.0000 0.1115 0.0000 0.4426 0.0000 0.0000
210      210   (0)      2  : 0.0000 0.0000 0.0000 0.0000 0.0000 0.0000 0.0000 0.0000 0.0000 0.0000 0.0000 0.6880 0.0000 0.0000 0.0000 0.0997 0.0000 0.2123
211      211   (0)      1  : 0.0000 0.0000 0.0000 0.0000 0.0000 0.0000 0.0000 0.0000 0.1140 0.0000 0.0000 0.2298 0.0000 0.0000 0.0000 0.0000 0.0000 0.6562
212      212   (0)      1  : 0.0000 0.0000 0.0000 0.2848 0.0000 0.0000 0.0000 0.0000 0.4931 0.0000 0.0000 0.0000 0.0000 0.1583 0.0638 0.0000 0.0000 0.0000
213      213   (0)      1  : 0.0000 0.0000 0.0000 0.2326 0.0000 0.0000 0.0000 0.0000 0.3000 0.0000 0.0000 0.0000 0.0000 0.0872 0.0000 0.0396 0.0000 0.3407
214      214   (0)      1  : 0.0001 0.0000 0.0000 0.0000 0.0000 0.0000 0.0000 0.0000 0.3792 0.0000 0.0000 0.0000 0.0217 0.2743 0.0000 0.3247 0.0000 0.0000
215      215   (0)      1  : 0.0000 0.0000 0.0000 0.0000 0.0000 0.0000 0.4471 0.0000 0.1200 0.0000 0.0000 0.0000 0.0000 0.0765 0.0000 0.0000 0.0000 0.3565
216      216   (0)      1  : 0.2339 0.0000 0.0000 0.0000 0.0000 0.0000 0.0000 0.0000 0.5168 0.0000 0.0000 0.0743 0.0000 0.1749 0.0000 0.0000 0.0000 0.0000
217      217   (0)      1  : 0.3354 0.0000 0.0000 0.0000 0.0000 0.0000 0.0000 0.0000 0.5532 0.0000 0.0000 0.0306 0.0000 0.0808 0.0000 0.0000 0.0000 0.0000
218      218   (0)      1  : 0.0000 0.0000 0.0000 0.0803 0.0000 0.0000 0.1914 0.0000 0.4812 0.0000 0.0000 0.0000 0.0000 0.0000 0.0000 0.0000 0.0000 0.2471
219      219   (0)      2  : 0.1831 0.0000 0.0000 0.0000 0.0000 0.0000 0.4219 0.0000 0.1506 0.0000 0.0000 0.0295 0.0000 0.2148 0.0000 0.0000 0.0000 0.0000
220      220   (0)      2  : 0.0000 0.0000 0.0000 0.3323 0.0000 0.0000 0.0000 0.0000 0.0488 0.0000 0.0000 0.3590 0.0000 0.0000 0.0000 0.0000 0.0000 0.2599
221      221   (0)      2  : 0.2888 0.0000 0.0000 0.0000 0.0000 0.0000 0.0000 0.0000 0.1550 0.0000 0.0000 0.0781 0.0000 0.1738 0.0000 0.3043 0.0000 0.0000
222      222   (0)      2  : 0.4944 0.0000 0.0000 0.0555 0.0000 0.0000 0.0018 0.0000 0.1604 0.0000 0.0000 0.0000 0.0000 0.0000 0.0000 0.0000 0.1829 0.1050
223      223   (0)      2  : 0.0000 0.0000 0.0000 0.2372 0.0000 0.0000 0.0000 0.0000 0.4402 0.0000 0.0000 0.0000 0.0000 0.1844 0.0000 0.1382 0.0000 0.0000
224      224   (0)      2  : 0.1790 0.0000 0.0000 0.0000 0.0000 0.0000 0.6033 0.0000 0.0000 0.0000 0.0000 0.1016 0.0000 0.0000 0.0000 0.0000 0.0000 0.1160
225      225   (0)      2  : 0.3106 0.0000 0.0000 0.0000 0.0000 0.0000 0.0000 0.0000 0.0000 0.0000 0.0000 0.6894 0.0000 0.0000 0.0000 0.0000 0.0000 0.0000
226      226   (0)      2  : 0.5551 0.0000 0.0000 0.1142 0.0000 0.0000 0.0000 0.0000 0.0910 0.0000 0.0000 0.0632 0.0411 0.1355 0.0000 0.0000 0.0000 0.0000
227      227   (0)      2  : 0.8938 0.0000 0.0000 0.0000 0.0000 0.0000 0.0000 0.0000 0.0000 0.0000 0.0000 0.0335 0.0000 0.0000 0.0000 0.0000 0.0000 0.0727
228      228   (0)      2  : 0.8734 0.0000 0.0000 0.0000 0.0000 0.0000 0.0783 0.0000 0.0000 0.0000 0.0000 0.0483 0.0000 0.0000 0.0000 0.0000 0.0000 0.0000
229      229   (0)      2  : 0.9033 0.0000 0.0000 0.0000 0.0000 0.0000 0.0000 0.0000 0.0000 0.0000 0.0000 0.0000 0.0000 0.0000 0.0000 0.0967 0.0000 0.0000
230      230   (0)      2  : 0.0985 0.0000 0.0000 0.0000 0.0000 0.0000 0.2690 0.0000 0.0000 0.6325 0.0000 0.0000 0.0000 0.0000 0.0000 0.0000 0.0000 0.0000
231      231   (0)      2  : 0.4219 0.0000 0.0000 0.1896 0.0000 0.0000 0.0192 0.0000 0.0000 0.0000 0.0000 0.0000 0.0000 0.0000 0.1704 0.0000 0.0641 0.1348
232      232   (0)      2  : 0.2393 0.0000 0.0000 0.0000 0.0000 0.0000 0.2006 0.0000 0.0000 0.0000 0.0000 0.0037 0.0000 0.0000 0.0000 0.3585 0.0000 0.1978
233      233   (0)      9  : 0.0000 0.0000 1.0000 0.0000 0.0000 0.0000 0.0000 0.0000 0.0000 0.0000 0.0000 0.0000 0.0000 0.0000 0.0000 0.0000 0.0000 0.0000
234      234   (0)      9  : 0.0000 0.0000 0.0000 0.0000 0.0617 0.8235 0.0000 0.0701 0.0000 0.0000 0.0448 0.0000 0.0000 0.0000 0.0000 0.0000 0.0000 0.0000
235      235   (0)      9  : 0.0000 0.0000 1.0000 0.0000 0.0000 0.0000 0.0000 0.0000 0.0000 0.0000 0.0000 0.0000 0.0000 0.0000 0.0000 0.0000 0.0000 0.0000
236      236   (0)      9  : 0.0000 0.0000 0.0000 0.0000 0.0446 0.6742 0.0000 0.0727 0.0000 0.0000 0.1102 0.0000 0.0000 0.0000 0.0000 0.0000 0.0984 0.0000
237      237   (0)      9  : 0.0000 0.0000 1.0000 0.0000 0.0000 0.0000 0.0000 0.0000 0.0000 0.0000 0.0000 0.0000 0.0000 0.0000 0.0000 0.0000 0.0000 0.0000
238      238   (0)      9  : 0.0000 0.0000 0.8680 0.0000 0.0000 0.0000 0.0000 0.0000 0.0000 0.0000 0.0000 0.0000 0.1320 0.0000 0.0000 0.0000 0.0000 0.0000
239      239   (0)      9  : 0.0000 0.0977 0.0000 0.0000 0.0039 0.8429 0.0000 0.0000 0.0000 0.0000 0.0372 0.0184 0.0000 0.0000 0.0000 0.0000 0.0000 0.0000
240      240   (0)      9  : 0.0000 0.0000 0.0000 0.0000 0.0069 0.9077 0.0000 0.0000 0.0000 0.0000 0.0854 0.0000 0.0000 0.0000 0.0000 0.0000 0.0000 0.0000
241      241   (0)     10  : 0.0000 0.0002 0.0000 0.0000 0.0000 0.9998 0.0000 0.0000 0.0000 0.0000 0.0000 0.0000 0.0000 0.0000 0.0000 0.0000 0.0000 0.0000
242      242   (0)     10  : 0.0000 0.0000 0.0000 0.0000 0.0000 0.9960 0.0000 0.0040 0.0000 0.0000 0.0000 0.0000 0.0000 0.0000 0.0000 0.0000 0.0000 0.0000
243      243   (0)     10  : 0.0000 0.0000 0.0000 0.0632 0.0000 0.9170 0.0000 0.0000 0.0000 0.0000 0.0000 0.0000 0.0000 0.0198 0.0000 0.0000 0.0000 0.0000
244      244   (0)     11  : 0.0000 0.0000 0.0000 0.0000 0.0000 0.0000 0.0000 0.0000 0.0000 0.0000 0.0000 0.0000 1.0000 0.0000 0.0000 0.0000 0.0000 0.0000
245      245   (0)     11  : 0.0000 0.0000 0.1282 0.0000 0.0000 0.0000 0.0000 0.0000 0.0000 0.0000 0.0000 0.0000 0.8718 0.0000 0.0000 0.0000 0.0000 0.0000
246      246   (0)     11  : 0.0000 0.0000 0.0268 0.0000 0.0000 0.0000 0.0000 0.0000 0.0000 0.0000 0.0000 0.0000 0.9656 0.0000 0.0000 0.0076 0.0000 0.0000
247      247   (0)     11  : 0.0000 0.0000 0.4611 0.0000 0.0000 0.0000 0.0000 0.0000 0.0000 0.0000 0.0000 0.0000 0.5389 0.0000 0.0000 0.0000 0.0000 0.0000
248      248   (0)     11  : 0.0000 0.0000 0.0000 0.0000 0.0000 0.0000 0.0000 0.0000 0.0000 0.0000 0.0000 0.0000 1.0000 0.0000 0.0000 0.0000 0.0000 0.0000
249      249   (0)     11  : 0.0000 0.0074 0.0000 0.0000 0.0000 0.5387 0.0000 0.0330 0.0000 0.0000 0.3768 0.0000 0.0441 0.0000 0.0000 0.0000 0.0000 0.0000
250      250   (0)     11  : 0.0000 0.1798 0.0173 0.0000 0.0000 0.3942 0.0000 0.0506 0.0000 0.0000 0.2755 0.0000 0.0000 0.0000 0.0825 0.0000 0.0000 0.0000
251      251   (0)     10  : 0.0000 0.0000 0.1110 0.0649 0.0000 0.8069 0.0000 0.0000 0.0172 0.0000 0.0000 0.0000 0.0000 0.0000 0.0000 0.0000 0.0000 0.0000
252      252   (0)     10  : 0.0000 0.0000 0.0000 0.0000 0.0247 0.9639 0.0000 0.0000 0.0000 0.0114 0.0000 0.0000 0.0000 0.0000 0.0000 0.0000 0.0000 0.0000
253      253   (0)     10  : 0.0000 0.0000 0.0000 0.0000 0.0000 1.0000 0.0000 0.0000 0.0000 0.0000 0.0000 0.0000 0.0000 0.0000 0.0000 0.0000 0.0000 0.0000
254      254   (0)     10  : 0.0000 0.0000 0.0000 0.0000 0.0000 0.9305 0.0000 0.0355 0.0339 0.0000 0.0000 0.0000 0.0000 0.0000 0.0000 0.0000 0.0000 0.0000
255      255   (0)     10  : 0.0000 0.0000 0.0000 0.0000 0.0000 0.7444 0.0000 0.0000 0.0000 0.0000 0.0900 0.0000 0.0000 0.0000 0.0000 0.0000 0.0000 0.1656
256      256   (0)     10  : 0.0000 0.0000 0.0000 0.0000 0.0093 0.7531 0.0000 0.0000 0.0000 0.0000 0.0812 0.0000 0.0582 0.0000 0.0981 0.0000 0.0000 0.0000
257      257   (0)     10  : 0.0000 0.0000 0.0200 0.0000 0.0171 0.8367 0.0000 0.0000 0.0000 0.0309 0.0953 0.0000 0.0000 0.0000 0.0000 0.0000 0.0000 0.0000
258      258   (0)     10  : 0.0000 0.0000 0.0000 0.0000 0.0000 0.9506 0.0000 0.0000 0.0000 0.0000 0.0494 0.0000 0.0000 0.0000 0.0000 0.0000 0.0000 0.0000
259      259   (0)     10  : 0.0000 0.0000 0.0459 0.0000 0.0594 0.8947 0.0000 0.0000 0.0000 0.0000 0.0000 0.0000 0.0000 0.0000 0.0000 0.0000 0.0000 0.0000
260      260   (0)     10  : 0.0000 0.0041 0.0000 0.0419 0.0000 0.7975 0.0000 0.1259 0.0000 0.0000 0.0306 0.0000 0.0000 0.0000 0.0000 0.0000 0.0000 0.0000
261      261   (0)     10  : 0.0000 0.0000 0.3719 0.0000 0.0000 0.5489 0.0000 0.0666 0.0000 0.0000 0.0126 0.0000 0.0000 0.0000 0.0000 0.0000 0.0000 0.0000
262      262   (0)     10  : 0.0000 0.0591 0.0000 0.0000 0.0269 0.6642 0.0000 0.0144 0.0000 0.0000 0.0455 0.0000 0.0868 0.0000 0.0000 0.0000 0.1032 0.0000
263      263   (0)     10  : 0.0000 0.0000 0.0000 0.0000 0.0334 0.9666 0.0000 0.0000 0.0000 0.0000 0.0000 0.0000 0.0000 0.0000 0.0000 0.0000 0.0000 0.0000
264      264   (0)     10  : 0.0000 0.0010 0.0000 0.0000 0.0000 0.9990 0.0000 0.0000 0.0000 0.0000 0.0000 0.0000 0.0000 0.0000 0.0000 0.0000 0.0000 0.0000
265      265   (0)     10  : 0.0000 0.0000 0.0000 0.0000 0.0000 0.8849 0.0000 0.0000 0.0000 0.0000 0.1151 0.0000 0.0000 0.0000 0.0000 0.0000 0.0000 0.0000
266      266   (0)     10  : 0.0000 0.0000 0.0000 0.0000 0.0119 0.9160 0.0000 0.0721 0.0000 0.0000 0.0000 0.0000 0.0000 0.0000 0.0000 0.0000 0.0000 0.0000
267      267   (0)     10  : 0.0000 0.0000 0.6348 0.0000 0.0000 0.0336 0.0000 0.0059 0.0000 0.0000 0.0000 0.0728 0.2530 0.0000 0.0000 0.0000 0.0000 0.0000
268      268   (0)     10  : 0.0000 0.0077 0.0000 0.0602 0.0000 0.8658 0.0000 0.0664 0.0000 0.0000 0.0000 0.0000 0.0000 0.0000 0.0000 0.0000 0.0000 0.0000
269      269   (0)     10  : 0.0000 0.0111 0.0317 0.0010 0.0000 0.9189 0.0000 0.0000 0.0000 0.0000 0.0000 0.0000 0.0000 0.0000 0.0000 0.0000 0.0374 0.0000
270      270   (0)     10  : 0.0000 0.0000 0.0000 0.0000 0.0000 0.9448 0.0000 0.0000 0.0483 0.0000 0.0000 0.0000 0.0068 0.0000 0.0000 0.0000 0.0000 0.0000
271      271   (0)     10  : 0.0000 0.0000 0.0000 0.0000 0.0000 0.9566 0.0000 0.0000 0.0000 0.0000 0.0000 0.0000 0.0000 0.0000 0.0434 0.0000 0.0000 0.0000
272      272   (0)     10  : 0.0000 0.0000 0.0000 0.0000 0.0000 1.0000 0.0000 0.0000 0.0000 0.0000 0.0000 0.0000 0.0000 0.0000 0.0000 0.0000 0.0000 0.0000
273      273   (0)     12  : 0.0000 0.8894 0.0000 0.0000 0.0000 0.0000 0.0000 0.0000 0.0000 0.0000 0.1106 0.0000 0.0000 0.0000 0.0000 0.0000 0.0000 0.0000
274      274   (0)     12  : 0.0000 1.0000 0.0000 0.0000 0.0000 0.0000 0.0000 0.0000 0.0000 0.0000 0.0000 0.0000 0.0000 0.0000 0.0000 0.0000 0.0000 0.0000
275      275   (0)     12  : 0.0000 1.0000 0.0000 0.0000 0.0000 0.0000 0.0000 0.0000 0.0000 0.0000 0.0000 0.0000 0.0000 0.0000 0.0000 0.0000 0.0000 0.0000
276      276   (0)     12  : 0.0000 0.8589 0.0000 0.0000 0.0000 0.0000 0.0000 0.1256 0.0000 0.0000 0.0156 0.0000 0.0000 0.0000 0.0000 0.0000 0.0000 0.0000
277      277   (0)     12  : 0.0000 0.9720 0.0280 0.0000 0.0000 0.0000 0.0000 0.0000 0.0000 0.0000 0.0000 0.0000 0.0000 0.0000 0.0000 0.0000 0.0000 0.0000
278      278   (0)     12  : 0.0000 0.2484 0.0000 0.0000 0.0000 0.0000 0.0000 0.0000 0.0000 0.0000 0.0000 0.0000 0.7516 0.0000 0.0000 0.0000 0.0000 0.0000
279      279   (0)     12  : 0.0000 0.0716 0.0000 0.0000 0.0000 0.0000 0.0000 0.0000 0.0000 0.0000 0.0000 0.0000 0.9284 0.0000 0.0000 0.0000 0.0000 0.0000
280      280   (0)     12  : 0.0000 1.0000 0.0000 0.0000 0.0000 0.0000 0.0000 0.0000 0.0000 0.0000 0.0000 0.0000 0.0000 0.0000 0.0000 0.0000 0.0000 0.0000
281      281   (0)     12  : 0.0000 0.8659 0.0000 0.0000 0.0000 0.0000 0.0000 0.0000 0.0000 0.0000 0.1341 0.0000 0.0000 0.0000 0.0000 0.0000 0.0000 0.0000
282      282   (0)     12  : 0.0000 0.7947 0.0000 0.0026 0.0000 0.0719 0.0000 0.0422 0.0000 0.0000 0.0000 0.0000 0.0886 0.0000 0.0000 0.0000 0.0000 0.0000
283      283   (0)     12  : 0.0000 1.0000 0.0000 0.0000 0.0000 0.0000 0.0000 0.0000 0.0000 0.0000 0.0000 0.0000 0.0000 0.0000 0.0000 0.0000 0.0000 0.0000
284      284   (0)     12  : 0.0000 0.0264 0.0000 0.0000 0.0000 0.0000 0.0000 0.0000 0.0000 0.0000 0.0000 0.0000 0.9736 0.0000 0.0000 0.0000 0.0000 0.0000
285      285   (0)     12  : 0.0000 0.0979 0.0000 0.0000 0.0000 0.0000 0.0000 0.0000 0.0000 0.0000 0.0000 0.0000 0.9021 0.0000 0.0000 0.0000 0.0000 0.0000
286      286   (0)     12  : 0.0000 0.2100 0.0000 0.0000 0.0000 0.0000 0.0000 0.0000 0.0000 0.0000 0.0000 0.0000 0.7886 0.0000 0.0015 0.0000 0.0000 0.0000
287      287   (0)     12  : 0.0000 1.0000 0.0000 0.0000 0.0000 0.0000 0.0000 0.0000 0.0000 0.0000 0.0000 0.0000 0.0000 0.0000 0.0000 0.0000 0.0000 0.0000
288      288   (0)     12  : 0.0000 1.0000 0.0000 0.0000 0.0000 0.0000 0.0000 0.0000 0.0000 0.0000 0.0000 0.0000 0.0000 0.0000 0.0000 0.0000 0.0000 0.0000
289      289   (0)     12  : 0.0000 1.0000 0.0000 0.0000 0.0000 0.0000 0.0000 0.0000 0.0000 0.0000 0.0000 0.0000 0.0000 0.0000 0.0000 0.0000 0.0000 0.0000
290      290   (0)     12  : 0.0000 1.0000 0.0000 0.0000 0.0000 0.0000 0.0000 0.0000 0.0000 0.0000 0.0000 0.0000 0.0000 0.0000 0.0000 0.0000 0.0000 0.0000
291      291   (0)     12  : 0.0000 1.0000 0.0000 0.0000 0.0000 0.0000 0.0000 0.0000 0.0000 0.0000 0.0000 0.0000 0.0000 0.0000 0.0000 0.0000 0.0000 0.0000
292      292   (0)     12  : 0.0000 1.0000 0.0000 0.0000 0.0000 0.0000 0.0000 0.0000 0.0000 0.0000 0.0000 0.0000 0.0000 0.0000 0.0000 0.0000 0.0000 0.0000
293      293   (0)     12  : 0.0000 1.0000 0.0000 0.0000 0.0000 0.0000 0.0000 0.0000 0.0000 0.0000 0.0000 0.0000 0.0000 0.0000 0.0000 0.0000 0.0000 0.0000
294      294   (0)     12  : 0.0000 0.9813 0.0000 0.0000 0.0000 0.0000 0.0000 0.0187 0.0000 0.0000 0.0000 0.0000 0.0000 0.0000 0.0000 0.0000 0.0000 0.0000
295      295   (0)     12  : 0.0000 0.0000 0.0000 0.0000 0.0000 0.0000 0.0000 0.0000 0.0000 0.0000 0.0000 0.0000 1.0000 0.0000 0.0000 0.0000 0.0000 0.0000
296      296   (0)     12  : 0.0000 0.9874 0.0000 0.0000 0.0000 0.0000 0.0000 0.0000 0.0000 0.0000 0.0126 0.0000 0.0000 0.0000 0.0000 0.0000 0.0000 0.0000
297      297   (0)     12  : 0.0000 0.8784 0.0000 0.0000 0.0000 0.0000 0.0000 0.0563 0.0000 0.0000 0.0653 0.0000 0.0000 0.0000 0.0000 0.0000 0.0000 0.0000
298      298   (0)     12  : 0.0000 0.1463 0.0000 0.0000 0.0000 0.0000 0.0000 0.0000 0.0000 0.0000 0.0000 0.0000 0.8524 0.0000 0.0000 0.0000 0.0013 0.0000
299      299   (0)     12  : 0.0000 1.0000 0.0000 0.0000 0.0000 0.0000 0.0000 0.0000 0.0000 0.0000 0.0000 0.0000 0.0000 0.0000 0.0000 0.0000 0.0000 0.0000
300      300   (0)     12  : 0.0000 0.0647 0.0000 0.0000 0.0000 0.0000 0.0000 0.0000 0.0000 0.0000 0.0000 0.0000 0.9353 0.0000 0.0000 0.0000 0.0000 0.0000
301      301   (0)     13  : 0.0000 0.0000 0.0000 0.0000 0.0000 0.0000 0.0000 0.0000 0.0000 0.0000 0.9000 0.0000 0.1000 0.0000 0.0000 0.0000 0.0000 0.0000
302      302   (0)     13  : 0.0000 0.0000 0.0000 0.0000 0.0000 0.0000 0.0000 0.0000 0.0000 0.0000 1.0000 0.0000 0.0000 0.0000 0.0000 0.0000 0.0000 0.0000
303      303   (0)     13  : 0.0000 0.0000 0.0000 0.0000 0.0000 0.0000 0.0000 0.0000 0.0000 0.0000 1.0000 0.0000 0.0000 0.0000 0.0000 0.0000 0.0000 0.0000
304      304   (0)     13  : 0.0000 0.0955 0.0673 0.0000 0.0000 0.1236 0.0000 0.2092 0.0000 0.0000 0.5045 0.0000 0.0000 0.0000 0.0000 0.0000 0.0000 0.0000
305      305   (0)     13  : 0.0000 0.0000 0.0000 0.0000 0.0000 0.0000 0.0000 0.0000 0.0000 0.0000 1.0000 0.0000 0.0000 0.0000 0.0000 0.0000 0.0000 0.0000
306      306   (0)     13  : 0.0000 0.0000 0.0000 0.0000 0.0000 0.0000 0.0000 0.0000 0.0000 0.0000 1.0000 0.0000 0.0000 0.0000 0.0000 0.0000 0.0000 0.0000
307      307   (0)     13  : 0.0000 0.0000 0.0000 0.0000 0.0318 0.0706 0.0000 0.0000 0.0000 0.0000 0.8976 0.0000 0.0000 0.0000 0.0000 0.0000 0.0000 0.0000
308      308   (0)     13  : 0.0000 0.0000 0.4009 0.0000 0.0000 0.0000 0.0000 0.0000 0.0242 0.0000 0.2603 0.0000 0.3147 0.0000 0.0000 0.0000 0.0000 0.0000
309      309   (0)     13  : 0.0000 0.0000 0.0029 0.0000 0.0000 0.0000 0.0000 0.0000 0.0000 0.0000 0.5699 0.0000 0.3767 0.0000 0.0000 0.0000 0.0000 0.0506
310      310   (0)     13  : 0.0000 0.1527 0.0000 0.0000 0.0000 0.0000 0.0000 0.0000 0.0000 0.0000 0.8473 0.0000 0.0000 0.0000 0.0000 0.0000 0.0000 0.0000
311      311   (0)     13  : 0.0000 0.0000 0.0000 0.0000 0.0000 0.0000 0.0000 0.0000 0.0000 0.0000 1.0000 0.0000 0.0000 0.0000 0.0000 0.0000 0.0000 0.0000
312      312   (0)     13  : 0.0000 0.0000 0.0000 0.0000 0.0000 0.0000 0.0000 0.0000 0.0000 0.0000 0.9588 0.0000 0.0000 0.0000 0.0412 0.0000 0.0000 0.0000
313      313   (0)     13  : 0.0000 0.0000 0.0000 0.0000 0.0000 0.0000 0.0000 0.0000 0.0000 0.0000 1.0000 0.0000 0.0000 0.0000 0.0000 0.0000 0.0000 0.0000
314      314   (0)     13  : 0.0000 0.0000 0.0000 0.0000 0.0000 0.0000 0.0000 0.0000 0.0000 0.0000 1.0000 0.0000 0.0000 0.0000 0.0000 0.0000 0.0000 0.0000
315      315   (0)     13  : 0.0000 0.0000 0.0000 0.0000 0.0000 0.0000 0.0000 0.0000 0.0000 0.0000 1.0000 0.0000 0.0000 0.0000 0.0000 0.0000 0.0000 0.0000
316      316   (0)     13  : 0.0000 0.0000 0.0000 0.0000 0.0000 0.0553 0.0000 0.0000 0.0000 0.0000 0.8666 0.0000 0.0781 0.0000 0.0000 0.0000 0.0000 0.0000
317      317   (0)     13  : 0.0000 0.0000 0.0000 0.0000 0.0000 0.0000 0.0000 0.0000 0.0000 0.0000 1.0000 0.0000 0.0000 0.0000 0.0000 0.0000 0.0000 0.0000
318      318   (0)     13  : 0.0000 0.0000 0.0000 0.0000 0.0000 0.0000 0.0000 0.0000 0.0000 0.0000 1.0000 0.0000 0.0000 0.0000 0.0000 0.0000 0.0000 0.0000
319      319   (0)     13  : 0.0000 0.0000 0.0000 0.0000 0.0000 0.0000 0.0000 0.0000 0.0000 0.0000 1.0000 0.0000 0.0000 0.0000 0.0000 0.0000 0.0000 0.0000
320      320   (0)     13  : 0.0000 0.0034 0.1590 0.0000 0.0000 0.0000 0.0000 0.0000 0.0000 0.0000 0.2393 0.0000 0.5983 0.0000 0.0000 0.0000 0.0000 0.0000
321      321   (0)     13  : 0.0000 0.0000 0.0000 0.0000 0.0000 0.0000 0.0000 0.0000 0.0000 0.0000 1.0000 0.0000 0.0000 0.0000 0.0000 0.0000 0.0000 0.0000
322      322   (0)     13  : 0.0000 0.0000 0.0000 0.0000 0.0000 0.0000 0.0000 0.0000 0.0000 0.0000 0.9605 0.0000 0.0395 0.0000 0.0000 0.0000 0.0000 0.0000
323      323   (0)     13  : 0.0000 0.0000 0.0000 0.0000 0.0000 0.0000 0.0000 0.1042 0.0000 0.0000 0.8958 0.0000 0.0000 0.0000 0.0000 0.0000 0.0000 0.0000
324      324   (0)     13  : 0.0000 0.0000 0.0000 0.0000 0.0000 0.0000 0.0000 0.2337 0.0000 0.0000 0.7663 0.0000 0.0000 0.0000 0.0000 0.0000 0.0000 0.0000
325      325   (0)     14  : 0.0000 0.0000 0.0000 0.0000 0.0000 0.3216 0.0000 0.0000 0.0000 0.0000 0.6784 0.0000 0.0000 0.0000 0.0000 0.0000 0.0000 0.0000
326      326   (0)     14  : 0.0000 0.0000 0.0000 0.0000 0.0000 0.9341 0.0000 0.0000 0.0000 0.0000 0.0659 0.0000 0.0000 0.0000 0.0000 0.0000 0.0000 0.0000
327      327   (0)     14  : 0.0000 0.0000 1.0000 0.0000 0.0000 0.0000 0.0000 0.0000 0.0000 0.0000 0.0000 0.0000 0.0000 0.0000 0.0000 0.0000 0.0000 0.0000
328      328   (0)     14  : 0.0000 0.2259 0.0000 0.0000 0.0000 0.5371 0.0000 0.0000 0.0000 0.0000 0.2370 0.0000 0.0000 0.0000 0.0000 0.0000 0.0000 0.0000
329      329   (0)     14  : 0.0000 0.0000 0.2349 0.0000 0.0000 0.0000 0.0000 0.0000 0.0000 0.0000 0.0000 0.0000 0.7651 0.0000 0.0000 0.0000 0.0000 0.0000
330      330   (0)     14  : 0.0000 0.0000 1.0000 0.0000 0.0000 0.0000 0.0000 0.0000 0.0000 0.0000 0.0000 0.0000 0.0000 0.0000 0.0000 0.0000 0.0000 0.0000
331      331   (0)     14  : 0.0000 0.0000 0.5274 0.0000 0.0000 0.0000 0.0000 0.0000 0.0000 0.0000 0.0117 0.0000 0.4432 0.0000 0.0177 0.0000 0.0000 0.0000
332      332   (0)     14  : 0.0000 0.1183 0.1591 0.0000 0.0000 0.3769 0.0000 0.0627 0.0000 0.0000 0.2830 0.0000 0.0000 0.0000 0.0000 0.0000 0.0000 0.0000
333      333   (0)     14  : 0.0000 0.0000 0.8826 0.0000 0.0000 0.0000 0.0000 0.0000 0.0000 0.0000 0.0000 0.0000 0.1174 0.0000 0.0000 0.0000 0.0000 0.0000
334      334   (0)     14  : 0.0000 0.0000 0.0000 0.0000 0.0000 0.7113 0.0000 0.0000 0.0000 0.0000 0.2421 0.0000 0.0466 0.0000 0.0000 0.0000 0.0000 0.0000
335      335   (0)     14  : 0.0000 0.0151 0.1085 0.0000 0.0000 0.4831 0.0000 0.0437 0.0007 0.0000 0.3489 0.0000 0.0000 0.0000 0.0000 0.0000 0.0000 0.0000
336      336   (0)     11  : 0.0000 0.0000 0.3558 0.0000 0.0000 0.0000 0.0000 0.0000 0.0000 0.0000 0.0337 0.0000 0.6105 0.0000 0.0000 0.0000 0.0000 0.0000
337      337   (0)     11  : 0.0000 0.0802 0.0000 0.0000 0.0362 0.4274 0.0000 0.0000 0.0000 0.0000 0.4561 0.0000 0.0000 0.0000 0.0000 0.0000 0.0000 0.0000
338      338   (0)     11  : 0.0000 0.0000 0.1261 0.0000 0.0000 0.0000 0.0000 0.0000 0.0002 0.0000 0.0000 0.0000 0.8737 0.0000 0.0000 0.0000 0.0000 0.0000
339      339   (0)     10  : 0.0000 0.0000 0.0000 0.0000 0.0000 1.0000 0.0000 0.0000 0.0000 0.0000 0.0000 0.0000 0.0000 0.0000 0.0000 0.0000 0.0000 0.0000
340      340   (0)     10  : 0.0000 0.0000 0.5845 0.0000 0.0000 0.0000 0.0000 0.0000 0.0000 0.0000 0.0000 0.0000 0.1235 0.0000 0.0000 0.0000 0.2919 0.0000
341      341   (0)     11  : 0.1045 0.0000 0.2379 0.0000 0.0000 0.0000 0.0000 0.0000 0.0000 0.0000 0.0320 0.0000 0.6255 0.0000 0.0000 0.0000 0.0000 0.0000
342      342   (0)     11  : 0.0000 0.0000 0.0000 0.0000 0.0000 0.0000 0.0000 0.0000 0.0000 0.0000 0.0000 0.0000 1.0000 0.0000 0.0000 0.0000 0.0000 0.0000
343      343   (0)     11  : 0.0000 0.0000 0.6517 0.0000 0.0000 0.0000 0.0000 0.0000 0.0000 0.0000 0.0000 0.0000 0.3483 0.0000 0.0000 0.0000 0.0000 0.0000
344      344   (0)     11  : 0.0000 0.0000 0.1382 0.0000 0.0000 0.0716 0.0000 0.0000 0.0000 0.0000 0.0000 0.0000 0.7542 0.0000 0.0000 0.0000 0.0360 0.0000
345      345   (0)     11  : 0.0000 0.0000 0.0186 0.0000 0.0000 0.0000 0.0000 0.0000 0.0000 0.0000 0.0000 0.0000 0.9814 0.0000 0.0000 0.0000 0.0000 0.0000
346      346   (0)     11  : 0.0000 0.0000 0.2019 0.0000 0.0000 0.0000 0.0000 0.0000 0.0000 0.0000 0.0000 0.0000 0.7981 0.0000 0.0000 0.0000 0.0000 0.0000
347      347   (0)     11  : 0.0000 0.0259 0.0000 0.0000 0.0000 0.4479 0.0000 0.0000 0.0000 0.0000 0.5262 0.0000 0.0000 0.0000 0.0000 0.0000 0.0000 0.0000
348      348   (0)     11  : 0.0000 0.0000 0.2709 0.0000 0.0000 0.0000 0.0000 0.0000 0.0000 0.0000 0.0000 0.0000 0.7291 0.0000 0.0000 0.0000 0.0000 0.0000
349      349   (0)     11  : 0.0000 0.0000 0.3364 0.0000 0.0000 0.0206 0.0000 0.0000 0.0000 0.0000 0.0000 0.0000 0.6430 0.0000 0.0000 0.0000 0.0000 0.0000
350      350   (0)     11  : 0.0000 0.0000 0.1147 0.0000 0.0000 0.0992 0.0000 0.0000 0.0000 0.0000 0.0104 0.0000 0.7758 0.0000 0.0000 0.0000 0.0000 0.0000
351      351   (0)     11  : 0.0000 0.0000 0.0000 0.0000 0.0000 0.0000 0.0000 0.0000 0.0000 0.0000 0.0000 0.0000 1.0000 0.0000 0.0000 0.0000 0.0000 0.0000
352      352   (0)     11  : 0.0000 0.1343 0.0000 0.0000 0.0000 0.6775 0.0000 0.0433 0.0000 0.0000 0.1203 0.0000 0.0246 0.0000 0.0000 0.0000 0.0000 0.0000
353      353   (0)     11  : 0.0000 0.0000 0.0101 0.0000 0.0000 0.0000 0.0000 0.0000 0.0000 0.0000 0.0000 0.0000 0.9899 0.0000 0.0000 0.0000 0.0000 0.0000
354      354   (0)     11  : 0.0000 0.0000 0.0000 0.0000 0.0000 0.6990 0.0000 0.0000 0.0000 0.0000 0.3010 0.0000 0.0000 0.0000 0.0000 0.0000 0.0000 0.0000
355      355   (0)     11  : 0.0000 0.0000 0.0000 0.0000 0.0000 0.0000 0.0000 0.0000 0.0000 0.0000 0.0000 0.0000 1.0000 0.0000 0.0000 0.0000 0.0000 0.0000
356      356   (0)     14  : 0.0000 0.0000 0.6859 0.0000 0.0000 0.0000 0.0000 0.0942 0.0000 0.0000 0.0000 0.0000 0.2001 0.0000 0.0000 0.0000 0.0198 0.0000
357      357   (0)     14  : 0.0000 0.0707 0.0000 0.0000 0.0000 0.5798 0.0000 0.0000 0.0000 0.0000 0.3495 0.0000 0.0000 0.0000 0.0000 0.0000 0.0000 0.0000
358      358   (0)     14  : 0.0000 0.0000 0.4695 0.0000 0.0000 0.0000 0.0000 0.0000 0.0000 0.0000 0.0000 0.0000 0.5305 0.0000 0.0000 0.0000 0.0000 0.0000
359      359   (0)     14  : 0.0000 0.0178 0.0299 0.0000 0.0000 0.6076 0.0000 0.1077 0.0000 0.0000 0.2369 0.0000 0.0000 0.0000 0.0000 0.0000 0.0000 0.0000
360      360   (0)     14  : 0.0000 0.0000 1.0000 0.0000 0.0000 0.0000 0.0000 0.0000 0.0000 0.0000 0.0000 0.0000 0.0000 0.0000 0.0000 0.0000 0.0000 0.0000
361      361   (0)     14  : 0.0000 0.0000 0.8187 0.0000 0.0000 0.0000 0.0000 0.0000 0.0000 0.0000 0.0548 0.0000 0.1265 0.0000 0.0000 0.0000 0.0000 0.0000
362      362   (0)     14  : 0.0000 0.0000 0.7383 0.0000 0.0000 0.0000 0.0000 0.0000 0.0000 0.0000 0.0000 0.0000 0.2617 0.0000 0.0000 0.0000 0.0000 0.0000
363      363   (0)     14  : 0.0000 0.0000 0.5895 0.0000 0.0000 0.0000 0.0000 0.0000 0.0000 0.0000 0.0000 0.0000 0.4105 0.0000 0.0000 0.0000 0.0000 0.0000
364      364   (0)     14  : 0.0000 0.0000 0.6160 0.0000 0.0000 0.0000 0.0000 0.0000 0.0000 0.0000 0.0000 0.0000 0.3840 0.0000 0.0000 0.0000 0.0000 0.0000
365      365   (0)     14  : 0.0000 0.0000 0.6028 0.0000 0.0000 0.0000 0.0000 0.0000 0.0000 0.0000 0.1515 0.0000 0.2457 0.0000 0.0000 0.0000 0.0000 0.0000
366      366   (0)     14  : 0.0000 0.0000 0.0000 0.0000 0.0000 0.6391 0.0000 0.1058 0.0000 0.0000 0.2184 0.0000 0.0367 0.0000 0.0000 0.0000 0.0000 0.0000
367      367   (0)      9  : 0.0000 0.0000 0.0000 0.0000 0.0000 0.8806 0.0000 0.0553 0.0000 0.0000 0.0641 0.0000 0.0000 0.0000 0.0000 0.0000 0.0000 0.0000
368      368   (0)      9  : 0.0721 0.0000 0.8168 0.0000 0.0000 0.0875 0.0000 0.0000 0.0000 0.0000 0.0000 0.0000 0.0000 0.0000 0.0000 0.0000 0.0236 0.0000
369      369   (0)      9  : 0.0000 0.0000 0.0000 0.0000 0.0000 0.9004 0.0000 0.0000 0.0000 0.0000 0.0996 0.0000 0.0000 0.0000 0.0000 0.0000 0.0000 0.0000
370      370   (0)      9  : 0.0000 0.0000 0.0000 0.0000 0.0000 0.9123 0.0000 0.0038 0.0000 0.0000 0.0000 0.0000 0.0839 0.0000 0.0000 0.0000 0.0000 0.0000
371      371   (0)      9  : 0.0000 0.0000 0.0000 0.0000 0.0000 0.9588 0.0000 0.0000 0.0000 0.0000 0.0412 0.0000 0.0000 0.0000 0.0000 0.0000 0.0000 0.0000
372      372   (0)      9  : 0.0000 0.0000 1.0000 0.0000 0.0000 0.0000 0.0000 0.0000 0.0000 0.0000 0.0000 0.0000 0.0000 0.0000 0.0000 0.0000 0.0000 0.0000
373      373   (0)     14  : 0.0000 0.0000 0.5637 0.0000 0.0000 0.0000 0.0000 0.0000 0.0000 0.0000 0.0000 0.0000 0.4363 0.0000 0.0000 0.0000 0.0000 0.0000
374      374   (0)     14  : 0.0000 0.0000 0.0026 0.0000 0.0000 0.7842 0.0000 0.0000 0.0000 0.0000 0.2133 0.0000 0.0000 0.0000 0.0000 0.0000 0.0000 0.0000
375      375   (0)     14  : 0.0000 0.0487 0.9513 0.0000 0.0000 0.0000 0.0000 0.0000 0.0000 0.0000 0.0000 0.0000 0.0000 0.0000 0.0000 0.0000 0.0000 0.0000
376      376   (0)     14  : 0.0000 0.0000 1.0000 0.0000 0.0000 0.0000 0.0000 0.0000 0.0000 0.0000 0.0000 0.0000 0.0000 0.0000 0.0000 0.0000 0.0000 0.0000
377      377   (0)     14  : 0.0000 0.0000 0.0000 0.0000 0.0097 0.5787 0.0000 0.0000 0.0000 0.0000 0.4115 0.0000 0.0000 0.0000 0.0000 0.0000 0.0000 0.0000
378      378   (0)      9  : 0.0000 0.0054 0.0000 0.0000 0.0000 0.9946 0.0000 0.0000 0.0000 0.0000 0.0000 0.0000 0.0000 0.0000 0.0000 0.0000 0.0000 0.0000
379      379   (0)      9  : 0.0000 0.0000 1.0000 0.0000 0.0000 0.0000 0.0000 0.0000 0.0000 0.0000 0.0000 0.0000 0.0000 0.0000 0.0000 0.0000 0.0000 0.0000
380      380   (0)      9  : 0.0000 0.0000 1.0000 0.0000 0.0000 0.0000 0.0000 0.0000 0.0000 0.0000 0.0000 0.0000 0.0000 0.0000 0.0000 0.0000 0.0000 0.0000
381      381   (0)      9  : 0.0000 0.0000 0.9330 0.0000 0.0000 0.0000 0.0000 0.0000 0.0000 0.0000 0.0000 0.0670 0.0000 0.0000 0.0000 0.0000 0.0000 0.0000
382      382   (0)      9  : 0.0000 0.0000 0.0435 0.0000 0.0000 0.9258 0.0000 0.0000 0.0000 0.0000 0.0307 0.0000 0.0000 0.0000 0.0000 0.0000 0.0000 0.0000
383      383   (0)      9  : 0.0000 0.0000 0.0000 0.0000 0.0000 1.0000 0.0000 0.0000 0.0000 0.0000 0.0000 0.0000 0.0000 0.0000 0.0000 0.0000 0.0000 0.0000
384      384   (0)      9  : 0.0000 0.0000 0.0000 0.0000 0.0000 1.0000 0.0000 0.0000 0.0000 0.0000 0.0000 0.0000 0.0000 0.0000 0.0000 0.0000 0.0000 0.0000
385      385   (0)      9  : 0.0000 0.0000 0.8801 0.0000 0.0000 0.0000 0.0000 0.0000 0.0000 0.0000 0.0000 0.0000 0.0000 0.0000 0.0000 0.0000 0.0000 0.1199
386      386   (0)      9  : 0.0000 0.0137 0.0000 0.0000 0.0000 0.9470 0.0000 0.0000 0.0000 0.0000 0.0393 0.0000 0.0000 0.0000 0.0000 0.0000 0.0000 0.0000
387      387   (0)      9  : 0.0000 0.0000 0.0055 0.0000 0.0373 0.9572 0.0000 0.0000 0.0000 0.0000 0.0000 0.0000 0.0000 0.0000 0.0000 0.0000 0.0000 0.0000
388      388   (0)      9  : 0.0000 0.0000 1.0000 0.0000 0.0000 0.0000 0.0000 0.0000 0.0000 0.0000 0.0000 0.0000 0.0000 0.0000 0.0000 0.0000 0.0000 0.0000
389      389   (0)      9  : 0.0000 0.0000 1.0000 0.0000 0.0000 0.0000 0.0000 0.0000 0.0000 0.0000 0.0000 0.0000 0.0000 0.0000 0.0000 0.0000 0.0000 0.0000
390      390   (0)      9  : 0.0000 0.0000 0.0000 0.0000 0.1220 0.7634 0.0000 0.0000 0.0000 0.0000 0.0000 0.0000 0.0000 0.0000 0.1145 0.0000 0.0000 0.0000
391      391   (0)      9  : 0.0000 0.0000 0.8497 0.0000 0.0000 0.0000 0.0000 0.0000 0.0000 0.0000 0.0000 0.0000 0.0000 0.0000 0.0000 0.0000 0.0000 0.1503
392      392   (0)     15  : 0.0000 0.0000 0.0000 0.0000 0.0000 0.2576 0.0000 0.5833 0.0000 0.0000 0.1590 0.0000 0.0000 0.0000 0.0000 0.0000 0.0000 0.0000
393      393   (0)     15  : 0.0000 0.0000 0.0000 0.0000 0.0000 0.0000 0.0000 0.8215 0.0000 0.0000 0.1785 0.0000 0.0000 0.0000 0.0000 0.0000 0.0000 0.0000
394      394   (0)     15  : 0.0000 0.0000 0.0000 0.0000 0.0000 0.0000 0.0000 1.0000 0.0000 0.0000 0.0000 0.0000 0.0000 0.0000 0.0000 0.0000 0.0000 0.0000
395      395   (0)     15  : 0.0000 0.0000 0.0000 0.0000 0.0000 0.0000 0.0000 0.8120 0.0000 0.0000 0.0408 0.0000 0.0334 0.0000 0.0000 0.0000 0.0000 0.1138
396      396   (0)     15  : 0.0000 0.0000 0.0000 0.0000 0.0000 0.0000 0.0000 0.9574 0.0000 0.0000 0.0426 0.0000 0.0000 0.0000 0.0000 0.0000 0.0000 0.0000
397      397   (0)     15  : 0.0000 0.0000 0.0000 0.0000 0.0000 0.0000 0.0000 1.0000 0.0000 0.0000 0.0000 0.0000 0.0000 0.0000 0.0000 0.0000 0.0000 0.0000
398      398   (0)     15  : 0.0000 0.0000 0.0000 0.0000 0.0000 0.0000 0.0000 1.0000 0.0000 0.0000 0.0000 0.0000 0.0000 0.0000 0.0000 0.0000 0.0000 0.0000
399      399   (0)     15  : 0.0000 0.0000 0.0977 0.0000 0.0000 0.0000 0.0000 0.1791 0.0000 0.0000 0.0000 0.0000 0.7233 0.0000 0.0000 0.0000 0.0000 0.0000
400      400   (0)     15  : 0.0000 0.0000 0.0000 0.0000 0.0000 0.0000 0.0000 1.0000 0.0000 0.0000 0.0000 0.0000 0.0000 0.0000 0.0000 0.0000 0.0000 0.0000
401      401   (0)     15  : 0.0000 0.0000 0.0000 0.0000 0.0000 0.0000 0.0000 1.0000 0.0000 0.0000 0.0000 0.0000 0.0000 0.0000 0.0000 0.0000 0.0000 0.0000
402      402   (0)     15  : 0.0000 0.0000 0.0000 0.0000 0.0000 0.0000 0.0000 0.2286 0.0000 0.0000 0.0000 0.0000 0.7714 0.0000 0.0000 0.0000 0.0000 0.0000
403      403   (0)     15  : 0.0000 0.0000 0.2288 0.0000 0.0000 0.0000 0.0000 0.0000 0.0000 0.0000 0.0000 0.0000 0.7712 0.0000 0.0000 0.0000 0.0000 0.0000
404      404   (0)     15  : 0.0000 0.0000 0.0000 0.0000 0.0000 0.0000 0.0000 1.0000 0.0000 0.0000 0.0000 0.0000 0.0000 0.0000 0.0000 0.0000 0.0000 0.0000
405      405   (0)     15  : 0.0000 0.0000 0.0000 0.0000 0.0000 0.0000 0.0000 1.0000 0.0000 0.0000 0.0000 0.0000 0.0000 0.0000 0.0000 0.0000 0.0000 0.0000
406      406   (0)     15  : 0.0000 0.0000 0.0000 0.0000 0.0000 0.0000 0.0000 0.7668 0.0000 0.0000 0.2332 0.0000 0.0000 0.0000 0.0000 0.0000 0.0000 0.0000
407      407   (0)     15  : 0.0000 0.0000 0.0000 0.0000 0.0000 0.0084 0.0000 0.8776 0.0000 0.0000 0.0000 0.0000 0.1140 0.0000 0.0000 0.0000 0.0000 0.0000
408      408   (0)     15  : 0.0000 0.0000 0.0000 0.0000 0.0000 0.0000 0.0000 0.1124 0.0000 0.0000 0.0000 0.0000 0.8876 0.0000 0.0000 0.0000 0.0000 0.0000
409      409   (0)     15  : 0.0000 0.0000 0.0000 0.0000 0.0000 0.0000 0.0000 1.0000 0.0000 0.0000 0.0000 0.0000 0.0000 0.0000 0.0000 0.0000 0.0000 0.0000
410      410   (0)     15  : 0.0000 0.0000 0.0000 0.0000 0.0000 0.0000 0.0000 0.2182 0.0000 0.0000 0.0000 0.0000 0.7818 0.0000 0.0000 0.0000 0.0000 0.0000
411      411   (0)     15  : 0.0000 0.0000 0.0000 0.0000 0.0000 0.0000 0.0000 0.8864 0.0000 0.0000 0.1136 0.0000 0.0000 0.0000 0.0000 0.0000 0.0000 0.0000
412      412   (0)     15  : 0.0000 0.0000 0.0000 0.0000 0.0000 0.0000 0.0000 0.8752 0.0000 0.0000 0.0000 0.0000 0.1248 0.0000 0.0000 0.0000 0.0000 0.0000
413      413   (0)     15  : 0.0000 0.0000 0.0000 0.0000 0.0000 0.0000 0.0000 0.8641 0.0000 0.0000 0.1359 0.0000 0.0000 0.0000 0.0000 0.0000 0.0000 0.0000
414      414   (0)     15  : 0.0000 0.1008 0.0000 0.0000 0.0000 0.0000 0.0000 0.7343 0.0000 0.0000 0.0894 0.0000 0.0000 0.0000 0.0755 0.0000 0.0000 0.0000
415      415   (0)     15  : 0.0000 0.0849 0.0000 0.0043 0.0000 0.0111 0.0000 0.7635 0.0420 0.0000 0.0000 0.0000 0.0943 0.0000 0.0000 0.0000 0.0000 0.0000
416      416   (0)     15  : 0.0000 0.0000 0.0000 0.0000 0.0000 0.0000 0.0000 1.0000 0.0000 0.0000 0.0000 0.0000 0.0000 0.0000 0.0000 0.0000 0.0000 0.0000
417      417   (0)     15  : 0.0000 0.0000 0.0000 0.0000 0.0000 0.0000 0.0000 0.0971 0.0000 0.0000 0.0000 0.0000 0.9029 0.0000 0.0000 0.0000 0.0000 0.0000
418      418   (0)     15  : 0.0000 0.0000 0.0000 0.0000 0.0000 0.0000 0.0000 0.9026 0.0000 0.0000 0.0974 0.0000 0.0000 0.0000 0.0000 0.0000 0.0000 0.0000
419      419   (0)     15  : 0.0000 0.0000 0.0000 0.0000 0.0000 0.0000 0.0000 0.1163 0.0000 0.0000 0.0000 0.0000 0.8837 0.0000 0.0000 0.0000 0.0000 0.0000
420      420   (0)     15  : 0.0000 0.0000 0.0000 0.0000 0.0000 0.0000 0.0000 0.0386 0.0000 0.0000 0.0000 0.0000 0.9614 0.0000 0.0000 0.0000 0.0000 0.0000
421      421   (0)     16  : 0.0808 0.0000 0.0000 0.0000 0.0000 0.0000 0.4194 0.0000 0.0000 0.0007 0.0000 0.0000 0.0000 0.4991 0.0000 0.0000 0.0000 0.0000
422      422   (0)     16  : 0.0000 0.0000 0.0000 0.2655 0.0000 0.0000 0.0000 0.0000 0.0000 0.0000 0.0000 0.0000 0.0000 0.0000 0.0000 0.0000 0.0000 0.7345
423      423   (0)     16  : 0.0163 0.0000 0.0130 0.1396 0.0000 0.0000 0.0000 0.0000 0.1367 0.0000 0.0000 0.0000 0.0318 0.5207 0.0410 0.0010 0.0000 0.1000
424      424   (0)     16  : 0.1274 0.0000 0.0484 0.1817 0.0000 0.0000 0.0000 0.0000 0.0000 0.0000 0.0000 0.1716 0.0039 0.1108 0.0000 0.0000 0.0000 0.3561
425      425   (0)     16  : 0.0000 0.0000 0.0000 0.0424 0.0000 0.0000 0.1794 0.0000 0.0000 0.0000 0.0000 0.4522 0.0000 0.2203 0.1056 0.0000 0.0000 0.0000
426      426   (0)     16  : 0.0443 0.0000 0.0000 0.1806 0.0000 0.0000 0.0000 0.0000 0.1397 0.0000 0.0000 0.1318 0.0000 0.4934 0.0103 0.0000 0.0000 0.0000
427      427   (0)     16  : 0.0000 0.0000 0.0000 0.0000 0.0000 0.0000 0.2940 0.0000 0.0000 0.0000 0.0000 0.0000 0.0000 0.5796 0.0000 0.0000 0.0000 0.1263
428      428   (0)     16  : 0.3810 0.0000 0.0000 0.0000 0.0000 0.0000 0.0000 0.0000 0.0000 0.0000 0.0000 0.0000 0.0000 0.3458 0.0000 0.0000 0.0000 0.2731
429      429   (0)     16  : 0.0000 0.0000 0.0000 0.0000 0.0000 0.0000 0.0000 0.0000 0.0000 0.0000 0.0000 0.0580 0.0000 0.3433 0.0000 0.0000 0.0875 0.5112
430      430   (0)     16  : 0.2718 0.0000 0.0000 0.0890 0.0000 0.0000 0.0000 0.0000 0.0161 0.0000 0.0000 0.0000 0.0000 0.5693 0.0191 0.0347 0.0000 0.0000
431      431   (0)     16  : 0.0000 0.0000 0.0000 0.0000 0.0000 0.0000 0.0000 0.0000 0.0000 0.0000 0.0000 0.0000 0.0000 0.1632 0.1171 0.0000 0.3181 0.4017
432      432   (0)     16  : 0.2003 0.0000 0.0000 0.0000 0.0000 0.0000 0.0084 0.0000 0.0444 0.0000 0.0000 0.0000 0.0000 0.7469 0.0000 0.0000 0.0000 0.0000
433      433   (0)     16  : 0.0000 0.0000 0.0000 0.0000 0.0000 0.0000 0.4757 0.0000 0.0000 0.0000 0.0000 0.0000 0.0000 0.1759 0.0000 0.0000 0.0000 0.3484
434      434   (0)     16  : 0.2262 0.0000 0.0000 0.0000 0.0000 0.0000 0.3182 0.0000 0.0000 0.0000 0.0000 0.0000 0.0000 0.4555 0.0000 0.0000 0.0000 0.0000
435      435   (0)     16  : 0.2352 0.0000 0.0004 0.0000 0.0000 0.0000 0.3589 0.0000 0.0000 0.0000 0.0000 0.0000 0.0000 0.3223 0.0000 0.0000 0.0000 0.0832
436      436   (0)     16  : 0.1726 0.0000 0.0000 0.0000 0.0197 0.0000 0.3672 0.0000 0.0000 0.0000 0.0000 0.0739 0.0000 0.0000 0.0000 0.0000 0.0132 0.3533
437      437   (0)     16  : 0.1726 0.0000 0.0000 0.0000 0.0000 0.0000 0.0000 0.0000 0.0000 0.0000 0.0000 0.0000 0.0000 0.5908 0.0000 0.1881 0.0485 0.0000
438      438   (0)     16  : 0.5020 0.0000 0.0000 0.0789 0.0000 0.0000 0.0621 0.0000 0.0000 0.0000 0.0000 0.0000 0.0000 0.3570 0.0000 0.0000 0.0000 0.0000
439      439   (0)     16  : 0.2985 0.0000 0.0164 0.0000 0.0000 0.0000 0.0000 0.0000 0.0000 0.0000 0.0000 0.0000 0.0000 0.5210 0.0000 0.1257 0.0384 0.0000
440      440   (0)     16  : 0.0000 0.0000 0.0000 0.0000 0.0000 0.0000 0.0000 0.0000 0.0000 0.0000 0.0000 0.1774 0.0000 0.8226 0.0000 0.0000 0.0000 0.0000
441      441   (0)     16  : 0.0000 0.0000 0.0000 0.0000 0.0000 0.0000 0.3647 0.0000 0.0000 0.0000 0.0000 0.0000 0.0003 0.6350 0.0000 0.0000 0.0000 0.0000
442      442   (0)     16  : 0.5995 0.0000 0.0000 0.0737 0.0000 0.0000 0.0000 0.0000 0.0000 0.0000 0.0000 0.0000 0.0000 0.3214 0.0000 0.0000 0.0000 0.0053
443      443   (0)     16  : 0.0646 0.0000 0.0000 0.0000 0.0000 0.0000 0.0000 0.0000 0.1667 0.0000 0.0000 0.0796 0.0373 0.6517 0.0000 0.0000 0.0000 0.0000
444      444   (0)     16  : 0.2780 0.0000 0.0000 0.0000 0.0000 0.0000 0.0000 0.0000 0.0000 0.0000 0.0000 0.0000 0.0000 0.6310 0.0000 0.0910 0.0000 0.0000
445      445   (0)     16  : 0.0000 0.0000 0.0000 0.0000 0.0000 0.0000 0.0385 0.0000 0.0000 0.9615 0.0000 0.0000 0.0000 0.0000 0.0000 0.0000 0.0000 0.0000
446      446   (0)     16  : 0.4102 0.0000 0.0000 0.0000 0.0000 0.0000 0.0000 0.0000 0.0000 0.0000 0.0000 0.0000 0.0000 0.2216 0.0000 0.0000 0.0000 0.3682
447      447   (0)     16  : 0.0000 0.0000 0.0000 0.0000 0.0000 0.0000 0.0000 0.0000 0.0000 0.0000 0.0000 0.2083 0.0000 0.7917 0.0000 0.0000 0.0000 0.0000
448      448   (0)     16  : 0.0000 0.0000 0.0000 0.0000 0.0000 0.0000 0.0000 0.0000 0.0000 0.0000 0.0000 0.0000 0.0000 1.0000 0.0000 0.0000 0.0000 0.0000
449      449   (0)     16  : 0.4948 0.0000 0.0000 0.0000 0.0000 0.0000 0.0998 0.0000 0.0000 0.0000 0.0000 0.0000 0.0000 0.1247 0.0000 0.0000 0.0000 0.2807
450      450   (0)     16  : 0.0572 0.0000 0.0000 0.0001 0.0000 0.0000 0.0945 0.0000 0.0000 0.0000 0.0000 0.0000 0.0000 0.6611 0.0000 0.1517 0.0353 0.0000
451      451   (0)     17  : 0.3899 0.0000 0.0000 0.0000 0.0000 0.0000 0.0000 0.0000 0.0000 0.0000 0.0000 0.0000 0.0478 0.0000 0.1420 0.0000 0.0470 0.3733
452      452   (0)     17  : 0.7789 0.0000 0.0000 0.0000 0.0000 0.0000 0.0000 0.0000 0.0001 0.0000 0.0000 0.0000 0.0300 0.0000 0.0000 0.0001 0.0000 0.1909
453      453   (0)     17  : 0.7483 0.0000 0.0000 0.0000 0.0000 0.0000 0.0000 0.0000 0.0000 0.0000 0.0000 0.0000 0.0000 0.2517 0.0000 0.0000 0.0000 0.0000
454      454   (0)     17  : 0.0000 0.0000 0.0000 0.0000 0.0000 0.0000 0.0000 0.0000 0.0000 0.9308 0.0368 0.0000 0.0325 0.0000 0.0000 0.0000 0.0000 0.0000
455      455   (0)     17  : 0.0000 0.0000 0.0000 0.0000 0.0000 0.0000 0.0000 0.0000 0.0000 0.0000 0.0000 0.0000 0.0000 0.0000 0.0000 0.0000 0.0000 1.0000
456      456   (0)     17  : 0.0000 0.0000 0.0000 0.0000 0.0000 0.0000 0.0000 0.0000 0.0000 1.0000 0.0000 0.0000 0.0000 0.0000 0.0000 0.0000 0.0000 0.0000
457      457   (0)     17  : 0.0666 0.0000 0.0000 0.0000 0.0000 0.0000 0.0000 0.0000 0.0000 0.0000 0.0000 0.0000 0.0000 0.0000 0.0000 0.0000 0.0000 0.9334
458      458   (0)     17  : 0.4184 0.0000 0.0000 0.0000 0.0000 0.0000 0.0000 0.0000 0.0000 0.0000 0.0000 0.0000 0.0000 0.3204 0.0000 0.1568 0.0186 0.0857
459      459   (0)     17  : 1.0000 0.0000 0.0000 0.0000 0.0000 0.0000 0.0000 0.0000 0.0000 0.0000 0.0000 0.0000 0.0000 0.0000 0.0000 0.0000 0.0000 0.0000
460      460   (0)     17  : 0.0000 0.0000 0.0000 0.0000 0.0000 0.0000 0.0000 0.0000 0.2570 0.0000 0.0000 0.7430 0.0000 0.0000 0.0000 0.0000 0.0000 0.0000
461      461   (0)     17  : 0.0975 0.0000 0.0000 0.0000 0.0000 0.0000 0.0000 0.0000 0.0000 0.0000 0.0000 0.0473 0.0000 0.2943 0.0000 0.0678 0.0000 0.4932
462      462   (0)     17  : 0.0000 0.0406 0.0000 0.0000 0.1027 0.0000 0.0000 0.0000 0.0000 0.0000 0.0000 0.0000 0.0000 0.0000 0.2696 0.5870 0.0000 0.0000
463      463   (0)     17  : 0.0000 0.0390 0.0000 0.0000 0.0916 0.0204 0.0000 0.0000 0.0000 0.5935 0.0092 0.0000 0.0000 0.0000 0.0000 0.0000 0.0000 0.2463
464      464   (0)     17  : 0.0459 0.0000 0.0118 0.0649 0.0000 0.0000 0.0000 0.0000 0.0000 0.0099 0.0000 0.0000 0.0000 0.6879 0.0000 0.0832 0.0000 0.0963
465      465   (0)     17  : 0.6699 0.0000 0.0000 0.0000 0.1635 0.0000 0.0000 0.0000 0.0000 0.0000 0.0000 0.0000 0.0000 0.0000 0.1667 0.0000 0.0000 0.0000
466      466   (0)     17  : 0.7020 0.0000 0.0000 0.0000 0.0000 0.0000 0.0000 0.0000 0.1419 0.0000 0.0000 0.0000 0.0682 0.0000 0.0879 0.0000 0.0000 0.0000
467      467   (0)     17  : 0.4089 0.0000 0.0338 0.0000 0.0000 0.0000 0.1056 0.0060 0.1630 0.0000 0.0000 0.0000 0.0000 0.0000 0.0000 0.0000 0.1579 0.1248
468      468   (0)     17  : 0.0997 0.0000 0.0000 0.0000 0.0000 0.0000 0.0000 0.0000 0.5664 0.0000 0.0000 0.3073 0.0266 0.0000 0.0000 0.0000 0.0000 0.0000
469      469   (0)     17  : 0.4781 0.0000 0.0545 0.0000 0.0000 0.0000 0.0000 0.0000 0.0000 0.0006 0.0000 0.0355 0.0000 0.0000 0.1705 0.0000 0.0000 0.2609
470      470   (0)     17  : 0.4439 0.0000 0.0000 0.0000 0.0000 0.0106 0.0000 0.0000 0.0000 0.0000 0.0000 0.0000 0.1155 0.0000 0.0000 0.1793 0.0000 0.2507
471      471   (0)     17  : 0.0000 0.0000 0.0000 0.0000 0.0000 0.0000 0.0000 0.0000 0.0807 0.0000 0.0000 0.0000 0.0000 0.3264 0.0000 0.0000 0.0000 0.5929
472      472   (0)     17  : 0.0000 0.0000 0.0000 0.0000 0.0000 0.0000 0.0000 0.0000 0.3686 0.0000 0.0000 0.0000 0.0000 0.1279 0.0000 0.1965 0.1922 0.1147
473      473   (0)     17  : 0.0000 0.0000 0.0000 0.0000 0.0000 0.0000 0.0000 0.0057 0.2874 0.0000 0.0000 0.0000 0.0332 0.2883 0.0446 0.3408 0.0000 0.0000
474      474   (0)     17  : 0.0000 0.0000 0.0000 0.2047 0.0000 0.0000 0.0000 0.0000 0.0000 0.0000 0.0000 0.0495 0.0000 0.0000 0.0000 0.0000 0.0000 0.7457
475      475   (0)     17  : 0.1610 0.0000 0.0000 0.0000 0.0000 0.0000 0.0000 0.0000 0.0920 0.0000 0.0000 0.0000 0.0000 0.2704 0.0000 0.0470 0.1436 0.2861
476      476   (0)     17  : 0.0000 0.0000 0.0000 0.0000 0.0000 0.0000 0.0000 0.0000 0.0000 0.0000 0.0000 0.0000 0.0000 0.1320 0.0879 0.0000 0.0000 0.7801
477      477   (0)     17  : 0.4127 0.0000 0.0000 0.0000 0.0000 0.0000 0.0000 0.0000 0.0000 0.0000 0.0000 0.0000 0.0000 0.3199 0.0602 0.0942 0.0000 0.1130
478      478   (0)     17  : 0.0000 0.0000 0.0000 0.0000 0.0000 0.0000 0.0000 0.0000 0.0000 0.0000 0.0000 0.0000 0.0000 0.0000 0.0000 0.0000 0.0000 1.0000
479      479   (0)     17  : 0.3573 0.0000 0.0000 0.0000 0.0000 0.0000 0.0000 0.0000 0.0073 0.0000 0.0000 0.0000 0.0000 0.0000 0.0000 0.4245 0.0000 0.2109
480      480   (0)     17  : 0.0000 0.0000 0.0000 0.0000 0.0000 0.0000 0.0000 0.0000 0.2196 0.0094 0.0000 0.1183 0.0709 0.1810 0.1952 0.2052 0.0004 0.0000
481      481   (0)     18  : 0.0000 0.0000 0.0000 0.0000 0.1092 0.0000 0.0000 0.0000 0.0000 0.0000 0.0000 0.1844 0.0000 0.0000 0.1278 0.0000 0.5786 0.0000
482      482   (0)     18  : 0.0000 0.0000 0.0000 0.0000 1.0000 0.0000 0.0000 0.0000 0.0000 0.0000 0.0000 0.0000 0.0000 0.0000 0.0000 0.0000 0.0000 0.0000
483      483   (0)     18  : 0.0000 0.0000 0.0000 0.0000 1.0000 0.0000 0.0000 0.0000 0.0000 0.0000 0.0000 0.0000 0.0000 0.0000 0.0000 0.0000 0.0000 0.0000
484      484   (0)     18  : 0.0000 0.0000 0.0000 0.0000 1.0000 0.0000 0.0000 0.0000 0.0000 0.0000 0.0000 0.0000 0.0000 0.0000 0.0000 0.0000 0.0000 0.0000
485      485   (0)     18  : 0.0346 0.0000 0.0000 0.0000 0.7467 0.0000 0.0000 0.0000 0.0000 0.2186 0.0000 0.0000 0.0000 0.0000 0.0000 0.0000 0.0000 0.0000
486      486   (0)     18  : 0.0000 0.0000 0.0000 0.0000 1.0000 0.0000 0.0000 0.0000 0.0000 0.0000 0.0000 0.0000 0.0000 0.0000 0.0000 0.0000 0.0000 0.0000
487      487   (0)     18  : 0.0000 0.0000 0.0000 0.0000 1.0000 0.0000 0.0000 0.0000 0.0000 0.0000 0.0000 0.0000 0.0000 0.0000 0.0000 0.0000 0.0000 0.0000
488      488   (0)     18  : 0.0000 0.0000 0.0000 0.0000 0.0425 0.0000 0.0000 0.0000 0.0000 0.0000 0.0000 0.6243 0.0000 0.0000 0.0000 0.3332 0.0000 0.0000
489      489   (0)     18  : 0.0000 0.0000 0.0000 0.0000 0.0000 0.0000 0.0000 0.0000 0.0000 0.0000 0.0000 0.1856 0.0000 0.0000 0.0000 0.0000 0.8144 0.0000
490      490   (0)     18  : 0.0000 0.0000 0.0000 0.0000 1.0000 0.0000 0.0000 0.0000 0.0000 0.0000 0.0000 0.0000 0.0000 0.0000 0.0000 0.0000 0.0000 0.0000
491      491   (0)     18  : 0.0000 0.0000 0.0000 0.0000 0.8932 0.0000 0.0000 0.0000 0.0000 0.0000 0.0000 0.0000 0.0000 0.0000 0.0000 0.0000 0.0000 0.1068
492      492   (0)     18  : 0.3125 0.0000 0.0000 0.0000 0.0507 0.0000 0.0000 0.0000 0.0000 0.4658 0.0000 0.0394 0.0000 0.0225 0.0000 0.1092 0.0000 0.0000
493      493   (0)     18  : 0.1495 0.0000 0.0000 0.0000 0.0224 0.0000 0.0000 0.0000 0.0000 0.0000 0.0000 0.2010 0.0000 0.0000 0.0000 0.0000 0.4019 0.2252
494      494   (0)     18  : 0.0000 0.0000 0.0000 0.0000 0.9110 0.0000 0.0000 0.0000 0.0000 0.0000 0.0000 0.0000 0.0000 0.0000 0.0000 0.0000 0.0890 0.0000
495      495   (0)     18  : 0.0000 0.0000 0.0000 0.0000 1.0000 0.0000 0.0000 0.0000 0.0000 0.0000 0.0000 0.0000 0.0000 0.0000 0.0000 0.0000 0.0000 0.0000
496      496   (0)     18  : 0.0000 0.0000 0.0000 0.0000 0.5469 0.0000 0.0000 0.0000 0.0000 0.4063 0.0000 0.0000 0.0000 0.0289 0.0000 0.0179 0.0000 0.0000
497      497   (0)     18  : 0.0000 0.0000 0.0000 0.0000 0.0000 0.0000 0.0000 0.0000 0.0000 0.0000 0.0000 0.4338 0.0000 0.0898 0.0000 0.0000 0.4764 0.0000
498      498   (0)     18  : 0.0331 0.0000 0.0000 0.0351 0.7982 0.0000 0.0002 0.0000 0.0000 0.1030 0.0000 0.0000 0.0000 0.0304 0.0000 0.0000 0.0000 0.0000
499      499   (0)     18  : 0.0062 0.0000 0.0000 0.0902 0.4571 0.0000 0.1962 0.0000 0.0000 0.2504 0.0000 0.0000 0.0000 0.0000 0.0000 0.0000 0.0000 0.0000
500      500   (0)     18  : 0.0000 0.0000 0.0000 0.0000 0.0528 0.0000 0.0000 0.0000 0.0000 0.0000 0.0000 0.3084 0.0000 0.0000 0.3761 0.0000 0.2627 0.0000
501      501   (0)     18  : 0.0352 0.0000 0.0000 0.0000 0.0127 0.0000 0.0000 0.0000 0.0000 0.0000 0.0000 0.0543 0.0000 0.2961 0.0000 0.0000 0.6016 0.0000
502      502   (0)     18  : 0.1007 0.0000 0.0000 0.0000 0.3400 0.0052 0.2239 0.0000 0.0000 0.3302 0.0000 0.0000 0.0000 0.0000 0.0000 0.0000 0.0000 0.0000
503      503   (0)     18  : 0.0000 0.0000 0.0000 0.0000 1.0000 0.0000 0.0000 0.0000 0.0000 0.0000 0.0000 0.0000 0.0000 0.0000 0.0000 0.0000 0.0000 0.0000
504      504   (0)     18  : 0.0683 0.0000 0.0000 0.0000 0.3843 0.0000 0.0000 0.0000 0.0000 0.4414 0.0000 0.1059 0.0000 0.0000 0.0000 0.0000 0.0000 0.0000
505      505   (0)     18  : 0.0000 0.0000 0.0608 0.0000 0.3289 0.0000 0.0000 0.0000 0.0000 0.5437 0.0000 0.0000 0.0000 0.0667 0.0000 0.0000 0.0000 0.0000
506      506   (0)     18  : 0.0000 0.0000 0.0000 0.0000 0.0000 0.0000 0.0000 0.0000 0.0000 0.0000 0.0000 0.7608 0.0000 0.0000 0.0000 0.0000 0.2392 0.0000
507      507   (0)     18  : 0.0060 0.0000 0.0000 0.0000 0.5928 0.0000 0.1006 0.0000 0.0000 0.1341 0.0000 0.0000 0.0000 0.0675 0.0000 0.0000 0.0990 0.0000
508      508   (0)     18  : 0.0000 0.0000 0.0000 0.0000 0.0000 0.0000 0.0000 0.0000 0.0000 0.0000 0.0000 0.5352 0.0000 0.0000 0.0000 0.0000 0.4247 0.0400
509      509   (0)     18  : 0.0000 0.0000 0.0000 0.0000 0.2224 0.0000 0.0000 0.0000 0.0000 0.7776 0.0000 0.0000 0.0000 0.0000 0.0000 0.0000 0.0000 0.0000
510      510   (0)     19  : 0.3244 0.0000 0.0000 0.0273 0.0000 0.0000 0.2401 0.0000 0.0000 0.0000 0.0000 0.0000 0.0000 0.3496 0.0000 0.0000 0.0586 0.0000
511      511   (0)     19  : 0.5894 0.0000 0.0000 0.0000 0.0000 0.0000 0.0000 0.0000 0.0000 0.0000 0.0000 0.3786 0.0000 0.0000 0.0000 0.0000 0.0319 0.0000
512      512   (0)     19  : 0.0047 0.0000 0.0000 0.0000 0.0000 0.0000 0.4268 0.0000 0.0000 0.0000 0.0000 0.0000 0.0000 0.5685 0.0000 0.0000 0.0000 0.0000
513      513   (0)     19  : 0.0000 0.0000 0.0000 0.0000 0.0000 0.0000 0.3644 0.0000 0.0000 0.0000 0.0000 0.1061 0.0000 0.0000 0.0000 0.0000 0.0000 0.5295
514      514   (0)     19  : 0.1410 0.0000 0.0364 0.0000 0.0000 0.0000 0.0000 0.0000 0.0980 0.0000 0.0000 0.3107 0.0000 0.4140 0.0000 0.0000 0.0000 0.0000
515      515   (0)     19  : 0.1516 0.0000 0.0007 0.0845 0.0000 0.0000 0.3347 0.0000 0.0000 0.0000 0.0000 0.1160 0.0000 0.2877 0.0000 0.0000 0.0000 0.0248
516      516   (0)     19  : 0.0114 0.0000 0.0000 0.0000 0.0000 0.0000 0.0000 0.0000 0.0000 0.0000 0.0000 0.0000 0.0000 0.0000 0.0000 0.0000 0.0000 0.9886
517      517   (0)     19  : 0.3038 0.0000 0.0000 0.1856 0.0000 0.0000 0.0000 0.0000 0.0000 0.0000 0.0000 0.0000 0.0000 0.5106 0.0000 0.0000 0.0000 0.0000
518      518   (0)     19  : 0.1379 0.0000 0.0000 0.0000 0.0000 0.0000 0.3670 0.0000 0.0190 0.0000 0.0000 0.0000 0.0000 0.3778 0.0000 0.0000 0.0000 0.0983
519      519   (0)     19  : 0.0000 0.0000 0.0000 0.0000 0.0000 0.0000 0.0000 0.0000 0.0000 0.0000 0.0000 0.0000 0.0000 0.0000 1.0000 0.0000 0.0000 0.0000
520      520   (0)     19  : 0.3729 0.0000 0.0000 0.0000 0.0000 0.0000 0.1463 0.0000 0.0000 0.0000 0.0000 0.0000 0.0000 0.3720 0.0000 0.1087 0.0000 0.0000
521      521   (0)     19  : 0.0000 0.0000 0.0000 0.4268 0.0000 0.0000 0.0000 0.0000 0.0000 0.0000 0.0000 0.0000 0.0000 0.0000 0.0000 0.0000 0.0000 0.5732
522      522   (0)     19  : 0.0022 0.0000 0.0000 0.0000 0.0000 0.0000 0.5626 0.0000 0.0000 0.0000 0.0000 0.1985 0.0000 0.2367 0.0000 0.0000 0.0000 0.0000
523      523   (0)     19  : 0.0000 0.0000 0.0000 0.0000 0.0000 0.0000 0.0000 0.0000 0.0000 0.0000 0.0000 1.0000 0.0000 0.0000 0.0000 0.0000 0.0000 0.0000
524      524   (0)     19  : 0.0012 0.0000 0.0000 0.0000 0.0000 0.0000 0.3217 0.0000 0.0000 0.0000 0.0000 0.0000 0.0000 0.6772 0.0000 0.0000 0.0000 0.0000
525      525   (0)     19  : 0.1040 0.0000 0.0000 0.0000 0.0000 0.0000 0.1458 0.0000 0.0000 0.0209 0.0000 0.0000 0.0000 0.5027 0.0000 0.0000 0.0000 0.2265
526      526   (0)     19  : 0.0000 0.0000 0.0000 0.0000 0.0000 0.0000 0.0053 0.0000 0.0000 0.0000 0.0000 0.0000 0.0000 0.9947 0.0000 0.0000 0.0000 0.0000
527      527   (0)     19  : 0.0000 0.0000 0.0000 0.0000 0.0000 0.0000 0.0000 0.0000 0.0000 0.0000 0.0000 0.4166 0.0000 0.4223 0.0000 0.0000 0.1611 0.0000
528      528   (0)     19  : 0.1954 0.0000 0.0000 0.0000 0.0000 0.0000 0.0927 0.0000 0.0000 0.0000 0.0000 0.0000 0.0000 0.5175 0.0000 0.0000 0.1943 0.0000
529      529   (0)     19  : 0.2048 0.0000 0.0000 0.0000 0.0000 0.0000 0.0000 0.0000 0.0005 0.0000 0.0000 0.0000 0.0000 0.5678 0.0000 0.1738 0.0000 0.0531
530      530   (0)     19  : 0.0000 0.0000 0.0000 0.0000 0.0000 0.0000 0.0000 0.0000 0.0000 0.0000 0.0000 0.3710 0.0000 0.5233 0.0000 0.0000 0.0000 0.1057
531      531   (0)     19  : 0.0000 0.0000 0.0000 0.0000 0.0000 0.0000 0.0000 0.0000 0.0092 0.0000 0.0000 0.0192 0.0000 0.4493 0.0000 0.0721 0.0000 0.4502
532      532   (0)     19  : 0.0000 0.0228 0.0000 0.0000 0.0000 0.0000 0.2447 0.0000 0.0071 0.0000 0.0000 0.0000 0.0000 0.4799 0.0000 0.0000 0.0000 0.2456
533      533   (0)     19  : 0.0394 0.0000 0.0000 0.0000 0.0000 0.0000 0.0000 0.0000 0.0000 0.6709 0.0001 0.0000 0.0000 0.2896 0.0000 0.0000 0.0000 0.0000
534      534   (0)     19  : 0.0000 0.0000 0.0000 0.0000 0.0000 0.0000 0.0000 0.0000 0.0000 0.0000 0.0000 0.1282 0.0000 0.5380 0.0000 0.2943 0.0395 0.0000
535      535   (0)     19  : 0.0000 0.0000 0.0000 0.0000 0.0000 0.0000 0.3942 0.0000 0.0000 0.0000 0.0000 0.0000 0.0000 0.3394 0.0000 0.0000 0.0223 0.2442
536      536   (0)     19  : 0.0000 0.0000 0.0000 0.0000 0.0000 0.0000 0.0000 0.0000 0.0000 0.0000 0.0000 0.0000 0.0000 0.0000 0.0000 0.0983 0.0000 0.9017
537      537   (0)     19  : 0.0051 0.0000 0.0073 0.1533 0.0000 0.0000 0.1706 0.0000 0.0000 0.0000 0.0000 0.0000 0.0340 0.2807 0.0106 0.0052 0.1206 0.2127
538      538   (0)     19  : 0.0080 0.0000 0.0000 0.0997 0.3634 0.0000 0.0000 0.0000 0.0000 0.4592 0.0000 0.0000 0.0000 0.0000 0.0000 0.0000 0.0000 0.0698
539      539   (0)     19  : 0.0000 0.0000 0.0000 0.0000 0.0000 0.0000 0.3944 0.0000 0.0000 0.0000 0.0000 0.0000 0.0000 0.0000 0.0000 0.0000 0.0000 0.6056
