  1        1   (0)      1 :  0.7679 0.2199 0.0122 
  2        2   (0)      1 :  0.7721 0.2279 0.0000 
  3        3   (0)      1 :  0.5810 0.0000 0.4190 
  4        4   (0)      1 :  0.7335 0.2665 0.0000 
  5        5   (0)      1 :  0.6497 0.3367 0.0136 
  6        6   (0)      1 :  0.8656 0.0244 0.1100 
  7        7   (0)      1 :  0.5012 0.0000 0.4988 
  8        8   (0)      2 :  0.6238 0.3569 0.0193 
  9        9   (0)      1 :  0.6778 0.3026 0.0196 
 10       10   (0)      3 :  0.9861 0.0139 0.0000 
 11       11   (0)      4 :  0.7186 0.2117 0.0697 
 12       12   (0)      4 :  0.9114 0.0886 0.0000 
 13       13   (0)      4 :  0.9172 0.0642 0.0186 
 14       14   (0)      4 :  0.8113 0.1747 0.0141 
 15       15   (0)      4 :  0.8848 0.1135 0.0017 
 16       16   (0)      4 :  0.7617 0.0000 0.2383 
 17       17   (0)      5 :  0.9064 0.0936 0.0000 
 18       18   (0)      4 :  0.9678 0.0322 0.0000 
 19       19   (0)      5 :  0.9070 0.0930 0.0000 
 20       20   (0)      5 :  0.9939 0.0061 0.0000 
 21       21   (0)      5 :  0.9908 0.0000 0.0092 
 22       22   (0)      5 :  0.9985 0.0015 0.0000 
 23       23   (0)      5 :  1.0000 0.0000 0.0000 
 24       24   (0)      5 :  1.0000 0.0000 0.0000 
 25       25   (0)      5 :  0.9737 0.0262 0.0001 
 26       26   (0)      5 :  0.9779 0.0000 0.0221 
 27       27   (0)      5 :  0.9109 0.0826 0.0065 
 28       28   (0)      5 :  1.0000 0.0000 0.0000 
 29       29   (0)      5 :  1.0000 0.0000 0.0000 
 30       30   (0)      5 :  0.9999 0.0001 0.0000 
 31       31   (0)      5 :  0.9227 0.0773 0.0000 
 32       32   (0)      5 :  1.0000 0.0000 0.0000 
 33       33   (0)      5 :  0.9249 0.0751 0.0000 
 34       34   (0)      5 :  0.9978 0.0022 0.0000 
 35       35   (0)      5 :  1.0000 0.0000 0.0000 
 36       36   (0)      5 :  0.9618 0.0382 0.0000 
 37       37   (0)      5 :  0.9697 0.0303 0.0000 
 38       38   (0)      5 :  0.9887 0.0113 0.0000 
 39       39   (0)      5 :  0.9926 0.0074 0.0000 
 40       40   (0)      5 :  1.0000 0.0000 0.0000 
 41       41   (0)      5 :  1.0000 0.0000 0.0000 
 42       42   (0)      5 :  0.9770 0.0185 0.0044 
 43       43   (0)      5 :  0.5719 0.0000 0.4281 
 44       44   (0)      5 :  0.9884 0.0071 0.0045 
 45       45   (0)      4 :  0.9040 0.0960 0.0000 
 46       46   (0)      4 :  0.9176 0.0624 0.0200 
 47       47   (0)      4 :  1.0000 0.0000 0.0000 
 48       48   (0)      4 :  0.9148 0.0852 0.0000 
 49       49   (0)      5 :  0.9138 0.0862 0.0000 
 50       50   (0)      4 :  0.9404 0.0596 0.0000 
 51       51   (0)      4 :  0.7645 0.0000 0.2355 
 52       52   (0)      4 :  0.8753 0.0707 0.0541 
 53       53   (0)      4 :  0.6587 0.0000 0.3413 
 54       54   (0)      4 :  0.8886 0.1114 0.0000 
 55       55   (0)      4 :  0.6976 0.0000 0.3024 
 56       56   (0)      4 :  0.7582 0.0002 0.2416 
 57       57   (0)      4 :  0.9507 0.0493 0.0000 
 58       58   (0)      5 :  0.9367 0.0254 0.0379 
 59       59   (0)      4 :  0.7599 0.0000 0.2401 
 60       60   (0)      4 :  0.6737 0.0000 0.3263 
 61       61   (0)      4 :  0.9292 0.0708 0.0000 
 62       62   (0)      5 :  0.9172 0.0828 0.0000 
 63       63   (0)      6 :  0.7619 0.0000 0.2381 
 64       64   (0)      6 :  0.6481 0.0000 0.3519 
 65       65   (0)      6 :  0.5591 0.4409 0.0000 
 66       66   (0)      6 :  0.9356 0.0644 0.0000 
 67       67   (0)      6 :  0.7619 0.2160 0.0221 
 68       68   (0)      6 :  0.6594 0.3406 0.0000 
 69       69   (0)      6 :  0.8081 0.1919 0.0000 
 70       70   (0)      6 :  0.8521 0.1126 0.0353 
 71       71   (0)      6 :  0.8681 0.1319 0.0000 
 72       72   (0)      6 :  0.8837 0.1163 0.0000 
 73       73   (0)      7 :  0.9334 0.0555 0.0111 
 74       74   (0)      7 :  0.8249 0.1751 0.0000 
 75       75   (0)      7 :  0.8495 0.1505 0.0000 
 76       76   (0)      7 :  0.8802 0.0966 0.0231 
 77       77   (0)      7 :  0.9578 0.0331 0.0092 
 78       78   (0)      7 :  0.8430 0.1322 0.0248 
 79       79   (0)      7 :  0.9018 0.0764 0.0218 
 80       80   (0)      7 :  0.8679 0.1321 0.0000 
 81       81   (0)      7 :  0.9297 0.0703 0.0000 
 82       82   (0)      7 :  0.9920 0.0080 0.0000 
 83       83   (0)      7 :  0.9063 0.0366 0.0572 
 84       84   (0)      7 :  0.6975 0.0000 0.3025 
 85       85   (0)      7 :  0.8704 0.1296 0.0000 
 86       86   (0)      7 :  0.9211 0.0789 0.0000 
 87       87   (0)      7 :  0.7145 0.0000 0.2855 
 88       88   (0)      7 :  0.9598 0.0402 0.0000 
 89       89   (0)      7 :  0.6278 0.0000 0.3722 
 90       90   (0)      7 :  0.9416 0.0575 0.0009 
 91       91   (0)      7 :  0.9065 0.0935 0.0000 
 92       92   (0)      7 :  0.9027 0.0973 0.0000 
 93       93   (0)      7 :  0.8985 0.0885 0.0131 
 94       94   (0)      7 :  0.9423 0.0577 0.0000 
 95       95   (0)      7 :  0.9119 0.0832 0.0048 
 96       96   (0)      7 :  0.9552 0.0000 0.0448 
 97       97   (0)      7 :  0.9689 0.0000 0.0311 
 98       98   (0)      7 :  0.9357 0.0131 0.0513 
 99       99   (0)      7 :  0.9684 0.0059 0.0257 
100      100   (0)      7 :  0.6260 0.0000 0.3740 
101      101   (0)      6 :  0.7322 0.2678 0.0000 
102      102   (0)      6 :  0.6508 0.3492 0.0000 
103      103   (0)      6 :  0.8370 0.1630 0.0000 
104      104   (0)      6 :  0.7363 0.2637 0.0000 
105      105   (0)      6 :  0.8444 0.1556 0.0000 
106      106   (0)      6 :  0.7375 0.2625 0.0000 
107      107   (0)      6 :  0.7256 0.2744 0.0000 
108      108   (0)      6 :  0.7999 0.2001 0.0000 
109      109   (0)      6 :  0.6772 0.0000 0.3228 
110      110   (0)      7 :  0.9333 0.0667 0.0000 
111      111   (0)      7 :  0.7885 0.0709 0.1406 
112      112   (0)      6 :  0.6646 0.2951 0.0403 
113      113   (0)      6 :  0.4549 0.5451 0.0000 
114      114   (0)      6 :  0.5887 0.0000 0.4113 
115      115   (0)      6 :  0.6812 0.3178 0.0010 
116      116   (0)      6 :  0.5462 0.0000 0.4538 
117      117   (0)      6 :  0.7426 0.2067 0.0507 
118      118   (0)      6 :  0.6554 0.3446 0.0000 
119      119   (0)      6 :  0.6638 0.3362 0.0000 
120      120   (0)      6 :  0.6917 0.3032 0.0050 
121      121   (0)      6 :  0.5965 0.4035 0.0000 
122      122   (0)      6 :  0.5391 0.0035 0.4574 
123      123   (0)      8 :  0.9452 0.0390 0.0157 
124      124   (0)      8 :  0.9464 0.0398 0.0138 
125      125   (0)      8 :  0.9811 0.0000 0.0189 
126      126   (0)      8 :  0.9465 0.0535 0.0000 
127      127   (0)      8 :  0.9489 0.0297 0.0214 
128      128   (0)      8 :  1.0000 0.0000 0.0000 
129      129   (0)      8 :  0.9502 0.0498 0.0000 
130      130   (0)      8 :  0.9099 0.0901 0.0000 
131      131   (0)      8 :  0.8854 0.1130 0.0015 
132      132   (0)      8 :  1.0000 0.0000 0.0000 
133      133   (0)      8 :  0.9864 0.0136 0.0000 
134      134   (0)      8 :  0.9728 0.0000 0.0272 
135      135   (0)      8 :  0.9019 0.0345 0.0635 
136      136   (0)      8 :  0.9779 0.0221 0.0000 
137      137   (0)      8 :  0.9087 0.0913 0.0000 
138      138   (0)      8 :  0.9977 0.0023 0.0000 
139      139   (0)      8 :  0.9596 0.0302 0.0102 
140      140   (0)      8 :  0.9424 0.0576 0.0000 
141      141   (0)      8 :  0.9437 0.0563 0.0000 
142      142   (0)      8 :  0.9602 0.0398 0.0000 
143      143   (0)      8 :  0.9320 0.0680 0.0000 
144      144   (0)      8 :  0.7938 0.1695 0.0367 
145      145   (0)      8 :  0.8907 0.0943 0.0150 
146      146   (0)      3 :  0.9808 0.0192 0.0000 
147      147   (0)      3 :  0.7577 0.0000 0.2423 
148      148   (0)      3 :  0.9557 0.0443 0.0000 
149      149   (0)      3 :  0.9703 0.0297 0.0000 
150      150   (0)      3 :  0.9411 0.0589 0.0000 
151      151   (0)      3 :  0.9393 0.0607 0.0000 
152      152   (0)      3 :  0.9452 0.0548 0.0000 
153      153   (0)      3 :  1.0000 0.0000 0.0000 
154      154   (0)      3 :  1.0000 0.0000 0.0000 
155      155   (0)      3 :  1.0000 0.0000 0.0000 
156      156   (0)      3 :  0.9458 0.0000 0.0542 
157      157   (0)      3 :  0.9999 0.0000 0.0001 
158      158   (0)      3 :  0.9566 0.0434 0.0000 
159      159   (0)      3 :  0.9577 0.0423 0.0000 
160      160   (0)      3 :  0.6834 0.0000 0.3166 
161      161   (0)      3 :  0.8490 0.1510 0.0000 
162      162   (0)      3 :  0.9986 0.0014 0.0000 
163      163   (0)      3 :  0.9846 0.0154 0.0000 
164      164   (0)      3 :  0.9579 0.0421 0.0000 
165      165   (0)      3 :  0.9765 0.0235 0.0000 
166      166   (0)      3 :  0.9712 0.0238 0.0051 
167      167   (0)      3 :  0.9774 0.0226 0.0000 
168      168   (0)      3 :  0.9441 0.0559 0.0000 
169      169   (0)      3 :  0.9627 0.0373 0.0000 
170      170   (0)      3 :  0.9458 0.0542 0.0000 
171      171   (0)      3 :  0.9504 0.0496 0.0000 
172      172   (0)      3 :  0.9624 0.0376 0.0000 
173      173   (0)      3 :  0.9618 0.0382 0.0000 
174      174   (0)      3 :  0.9940 0.0060 0.0000 
175      175   (0)      8 :  0.9982 0.0018 0.0000 
176      176   (0)      8 :  0.7696 0.1487 0.0817 
177      177   (0)      8 :  0.9620 0.0380 0.0000 
178      178   (0)      8 :  0.8529 0.1471 0.0000 
179      179   (0)      8 :  0.9488 0.0512 0.0000 
180      180   (0)      8 :  0.9931 0.0069 0.0000 
181      181   (0)      8 :  0.9608 0.0392 0.0000 
182      182   (0)      1 :  0.8259 0.1741 0.0000 
183      183   (0)      1 :  0.7890 0.2110 0.0000 
184      184   (0)      1 :  0.7259 0.2741 0.0000 
185      185   (0)      1 :  0.8304 0.1524 0.0172 
186      186   (0)      1 :  0.7700 0.2300 0.0000 
187      187   (0)      1 :  0.8064 0.1515 0.0421 
188      188   (0)      1 :  0.8268 0.1732 0.0000 
189      189   (0)      1 :  0.8712 0.1288 0.0000 
190      190   (0)      2 :  0.8996 0.1004 0.0000 
191      191   (0)      2 :  0.9521 0.0479 0.0000 
192      192   (0)      2 :  0.9168 0.0832 0.0000 
193      193   (0)      2 :  0.9605 0.0044 0.0351 
194      194   (0)      2 :  0.9048 0.0952 0.0000 
195      195   (0)      2 :  1.0000 0.0000 0.0000 
196      196   (0)      2 :  0.7473 0.2527 0.0000 
197      197   (0)      2 :  0.8851 0.1149 0.0000 
198      198   (0)      1 :  0.8780 0.1220 0.0000 
199      199   (0)      1 :  0.7279 0.2721 0.0000 
200      200   (0)      1 :  0.7870 0.2130 0.0000 
201      201   (0)      1 :  0.6158 0.3755 0.0087 
202      202   (0)      1 :  0.7371 0.2557 0.0072 
203      203   (0)      1 :  0.5814 0.4010 0.0176 
204      204   (0)      2 :  0.8156 0.0127 0.1717 
205      205   (0)      2 :  0.7918 0.2082 0.0000 
206      206   (0)      2 :  0.7343 0.0000 0.2657 
207      207   (0)      2 :  0.8620 0.1380 0.0000 
208      208   (0)      2 :  0.9395 0.0605 0.0000 
209      209   (0)      2 :  0.9024 0.0976 0.0000 
210      210   (0)      2 :  0.8912 0.1088 0.0000 
211      211   (0)      1 :  0.8043 0.1957 0.0000 
212      212   (0)      1 :  0.7346 0.2654 0.0000 
213      213   (0)      1 :  0.8109 0.1819 0.0073 
214      214   (0)      1 :  0.6756 0.3244 0.0000 
215      215   (0)      1 :  0.8673 0.1327 0.0000 
216      216   (0)      1 :  0.6918 0.3082 0.0000 
217      217   (0)      1 :  0.6568 0.3432 0.0000 
218      218   (0)      1 :  0.7448 0.2552 0.0000 
219      219   (0)      2 :  0.8900 0.1100 0.0000 
220      220   (0)      2 :  0.8841 0.1159 0.0000 
221      221   (0)      2 :  0.8259 0.1659 0.0082 
222      222   (0)      2 :  0.8930 0.1039 0.0031 
223      223   (0)      2 :  0.7527 0.2470 0.0003 
224      224   (0)      2 :  0.9466 0.0534 0.0000 
225      225   (0)      2 :  0.8721 0.1279 0.0000 
226      226   (0)      2 :  0.8169 0.1738 0.0093 
227      227   (0)      2 :  0.8787 0.1213 0.0000 
228      228   (0)      2 :  0.8999 0.1000 0.0001 
229      229   (0)      2 :  0.8651 0.1349 0.0000 
230      230   (0)      2 :  0.7404 0.0000 0.2596 
231      231   (0)      2 :  0.9337 0.0615 0.0048 
232      232   (0)      2 :  0.9069 0.0931 0.0000 
233      233   (0)      9 :  0.0000 1.0000 0.0000 
234      234   (0)      9 :  0.0621 0.0206 0.9173 
235      235   (0)      9 :  0.0000 1.0000 0.0000 
236      236   (0)      9 :  0.1260 0.0000 0.8740 
237      237   (0)      9 :  0.0013 0.9987 0.0000 
238      238   (0)      9 :  0.0000 1.0000 0.0000 
239      239   (0)      9 :  0.0000 0.1022 0.8978 
240      240   (0)      9 :  0.0000 0.0000 1.0000 
241      241   (0)     10 :  0.0009 0.1258 0.8733 
242      242   (0)     10 :  0.0000 0.1231 0.8769 
243      243   (0)     10 :  0.1401 0.0000 0.8598 
244      244   (0)     11 :  0.0000 0.9703 0.0297 
245      245   (0)     11 :  0.0000 0.9833 0.0167 
246      246   (0)     11 :  0.0000 1.0000 0.0000 
247      247   (0)     11 :  0.0000 1.0000 0.0000 
248      248   (0)     11 :  0.0000 1.0000 0.0000 
249      249   (0)     11 :  0.0000 0.1010 0.8990 
250      250   (0)     11 :  0.0000 0.0996 0.9004 
251      251   (0)     10 :  0.0845 0.2769 0.6386 
252      252   (0)     10 :  0.0537 0.1026 0.8436 
253      253   (0)     10 :  0.0000 0.0427 0.9573 
254      254   (0)     10 :  0.0347 0.1281 0.8372 
255      255   (0)     10 :  0.1091 0.0390 0.8520 
256      256   (0)     10 :  0.0225 0.1826 0.7949 
257      257   (0)     10 :  0.0000 0.0674 0.9326 
258      258   (0)     10 :  0.0000 0.0969 0.9031 
259      259   (0)     10 :  0.0000 0.1932 0.8068 
260      260   (0)     10 :  0.0491 0.0004 0.9506 
261      261   (0)     10 :  0.0037 0.5024 0.4939 
262      262   (0)     10 :  0.1139 0.1465 0.7396 
263      263   (0)     10 :  0.0167 0.1009 0.8824 
264      264   (0)     10 :  0.0000 0.1577 0.8423 
265      265   (0)     10 :  0.0145 0.0143 0.9712 
266      266   (0)     10 :  0.0386 0.0708 0.8906 
267      267   (0)     10 :  0.0426 0.9574 0.0000 
268      268   (0)     10 :  0.0692 0.0387 0.8921 
269      269   (0)     10 :  0.0355 0.1257 0.8389 
270      270   (0)     10 :  0.0574 0.1493 0.7933 
271      271   (0)     10 :  0.0451 0.1455 0.8093 
272      272   (0)     10 :  0.0000 0.0553 0.9447 
273      273   (0)     12 :  0.0000 0.0533 0.9467 
274      274   (0)     12 :  0.0000 0.2150 0.7850 
275      275   (0)     12 :  0.0000 0.0840 0.9160 
276      276   (0)     12 :  0.0000 0.0366 0.9634 
277      277   (0)     12 :  0.0021 0.2404 0.7575 
278      278   (0)     12 :  0.0000 0.8645 0.1355 
279      279   (0)     12 :  0.0000 0.9709 0.0291 
280      280   (0)     12 :  0.0000 0.1047 0.8953 
281      281   (0)     12 :  0.0000 0.0000 1.0000 
282      282   (0)     12 :  0.0155 0.1971 0.7874 
283      283   (0)     12 :  0.0000 0.2233 0.7767 
284      284   (0)     12 :  0.0000 0.9680 0.0320 
285      285   (0)     12 :  0.0000 1.0000 0.0000 
286      286   (0)     12 :  0.0000 0.8651 0.1349 
287      287   (0)     12 :  0.0000 0.1188 0.8812 
288      288   (0)     12 :  0.0000 0.1152 0.8848 
289      289   (0)     12 :  0.0000 0.0000 1.0000 
290      290   (0)     12 :  0.0000 0.0608 0.9392 
291      291   (0)     12 :  0.0000 0.0072 0.9928 
292      292   (0)     12 :  0.0000 0.1409 0.8591 
293      293   (0)     12 :  0.0000 0.0980 0.9020 
294      294   (0)     12 :  0.0000 0.1055 0.8945 
295      295   (0)     12 :  0.0000 1.0000 0.0000 
296      296   (0)     12 :  0.0000 0.0093 0.9907 
297      297   (0)     12 :  0.0000 0.0000 1.0000 
298      298   (0)     12 :  0.0000 0.9086 0.0914 
299      299   (0)     12 :  0.0000 0.1305 0.8695 
300      300   (0)     12 :  0.0000 0.9997 0.0003 
301      301   (0)     13 :  0.0000 0.1701 0.8299 
302      302   (0)     13 :  0.0000 0.0000 1.0000 
303      303   (0)     13 :  0.0000 0.0000 1.0000 
304      304   (0)     13 :  0.0000 0.0895 0.9105 
305      305   (0)     13 :  0.0000 0.0000 1.0000 
306      306   (0)     13 :  0.0000 0.0598 0.9402 
307      307   (0)     13 :  0.0000 0.0000 1.0000 
308      308   (0)     13 :  0.0000 0.8630 0.1370 
309      309   (0)     13 :  0.0000 0.4577 0.5423 
310      310   (0)     13 :  0.0000 0.0016 0.9984 
311      311   (0)     13 :  0.0000 0.0292 0.9708 
312      312   (0)     13 :  0.0000 0.0000 1.0000 
313      313   (0)     13 :  0.0000 0.0000 1.0000 
314      314   (0)     13 :  0.0000 0.0282 0.9718 
315      315   (0)     13 :  0.0000 0.0000 1.0000 
316      316   (0)     13 :  0.0000 0.0417 0.9583 
317      317   (0)     13 :  0.0000 0.0049 0.9951 
318      318   (0)     13 :  0.0000 0.0086 0.9914 
319      319   (0)     13 :  0.0000 0.0000 1.0000 
320      320   (0)     13 :  0.0000 0.7731 0.2269 
321      321   (0)     13 :  0.0000 0.0000 1.0000 
322      322   (0)     13 :  0.0000 0.0486 0.9514 
323      323   (0)     13 :  0.0000 0.0000 1.0000 
324      324   (0)     13 :  0.0000 0.0000 1.0000 
325      325   (0)     14 :  0.0000 0.0000 1.0000 
326      326   (0)     14 :  0.0000 0.0497 0.9503 
327      327   (0)     14 :  0.0000 1.0000 0.0000 
328      328   (0)     14 :  0.0000 0.0423 0.9577 
329      329   (0)     14 :  0.0000 1.0000 0.0000 
330      330   (0)     14 :  0.0000 0.9831 0.0169 
331      331   (0)     14 :  0.0000 1.0000 0.0000 
332      332   (0)     14 :  0.0000 0.2168 0.7832 
333      333   (0)     14 :  0.0000 1.0000 0.0000 
334      334   (0)     14 :  0.0000 0.0963 0.9037 
335      335   (0)     14 :  0.0000 0.1701 0.8299 
336      336   (0)     11 :  0.0000 0.9799 0.0201 
337      337   (0)     11 :  0.0000 0.0122 0.9878 
338      338   (0)     11 :  0.0000 0.9855 0.0145 
339      339   (0)     10 :  0.0000 0.0000 1.0000 
340      340   (0)     10 :  0.2385 0.7615 0.0000 
341      341   (0)     11 :  0.0000 0.9442 0.0558 
342      342   (0)     11 :  0.0000 1.0000 0.0000 
343      343   (0)     11 :  0.0000 1.0000 0.0000 
344      344   (0)     11 :  0.0223 0.9315 0.0462 
345      345   (0)     11 :  0.0000 0.9903 0.0097 
346      346   (0)     11 :  0.0000 1.0000 0.0000 
347      347   (0)     11 :  0.0000 0.0197 0.9803 
348      348   (0)     11 :  0.0000 1.0000 0.0000 
349      349   (0)     11 :  0.0000 0.9934 0.0066 
350      350   (0)     11 :  0.0000 0.9479 0.0521 
351      351   (0)     11 :  0.0000 1.0000 0.0000 
352      352   (0)     11 :  0.0000 0.1175 0.8825 
353      353   (0)     11 :  0.0000 1.0000 0.0000 
354      354   (0)     11 :  0.0000 0.0000 1.0000 
355      355   (0)     11 :  0.0000 1.0000 0.0000 
356      356   (0)     14 :  0.0025 0.9973 0.0002 
357      357   (0)     14 :  0.0000 0.0313 0.9687 
358      358   (0)     14 :  0.0000 1.0000 0.0000 
359      359   (0)     14 :  0.0000 0.1002 0.8998 
360      360   (0)     14 :  0.0000 1.0000 0.0000 
361      361   (0)     14 :  0.0000 0.9772 0.0228 
362      362   (0)     14 :  0.0000 1.0000 0.0000 
363      363   (0)     14 :  0.0000 1.0000 0.0000 
364      364   (0)     14 :  0.0000 1.0000 0.0000 
365      365   (0)     14 :  0.0000 0.8979 0.1021 
366      366   (0)     14 :  0.0000 0.1399 0.8601 
367      367   (0)      9 :  0.0000 0.0744 0.9256 
368      368   (0)      9 :  0.0423 0.8988 0.0589 
369      369   (0)      9 :  0.0000 0.1355 0.8645 
370      370   (0)      9 :  0.0000 0.2681 0.7319 
371      371   (0)      9 :  0.0000 0.0594 0.9406 
372      372   (0)      9 :  0.0000 1.0000 0.0000 
373      373   (0)     14 :  0.0000 1.0000 0.0000 
374      374   (0)     14 :  0.0000 0.0763 0.9237 
375      375   (0)     14 :  0.0000 0.9924 0.0076 
376      376   (0)     14 :  0.0000 1.0000 0.0000 
377      377   (0)     14 :  0.0000 0.0000 1.0000 
378      378   (0)      9 :  0.0000 0.1308 0.8692 
379      379   (0)      9 :  0.0115 0.9885 0.0000 
380      380   (0)      9 :  0.0195 0.9805 0.0000 
381      381   (0)      9 :  0.0786 0.9214 0.0000 
382      382   (0)      9 :  0.0000 0.1099 0.8901 
383      383   (0)      9 :  0.0000 0.0366 0.9634 
384      384   (0)      9 :  0.0183 0.0671 0.9146 
385      385   (0)      9 :  0.1037 0.8963 0.0000 
386      386   (0)      9 :  0.0000 0.0760 0.9240 
387      387   (0)      9 :  0.0000 0.1432 0.8568 
388      388   (0)      9 :  0.0000 1.0000 0.0000 
389      389   (0)      9 :  0.0153 0.9847 0.0000 
390      390   (0)      9 :  0.1020 0.0081 0.8899 
391      391   (0)      9 :  0.1407 0.8593 0.0000 
392      392   (0)     15 :  0.0000 0.0974 0.9026 
393      393   (0)     15 :  0.0000 0.1191 0.8809 
394      394   (0)     15 :  0.0000 0.4000 0.6000 
395      395   (0)     15 :  0.0729 0.3282 0.5989 
396      396   (0)     15 :  0.0000 0.1915 0.8085 
397      397   (0)     15 :  0.0000 0.1966 0.8034 
398      398   (0)     15 :  0.0000 0.1858 0.8142 
399      399   (0)     15 :  0.0000 1.0000 0.0000 
400      400   (0)     15 :  0.0181 0.1197 0.8623 
401      401   (0)     15 :  0.0000 0.1624 0.8376 
402      402   (0)     15 :  0.0000 1.0000 0.0000 
403      403   (0)     15 :  0.0000 1.0000 0.0000 
404      404   (0)     15 :  0.0000 0.2561 0.7439 
405      405   (0)     15 :  0.0000 0.1980 0.8020 
406      406   (0)     15 :  0.0000 0.1567 0.8433 
407      407   (0)     15 :  0.0000 0.4439 0.5561 
408      408   (0)     15 :  0.0000 1.0000 0.0000 
409      409   (0)     15 :  0.0000 0.3322 0.6678 
410      410   (0)     15 :  0.0000 1.0000 0.0000 
411      411   (0)     15 :  0.0000 0.2022 0.7978 
412      412   (0)     15 :  0.0000 0.4865 0.5135 
413      413   (0)     15 :  0.0000 0.1396 0.8604 
414      414   (0)     15 :  0.0000 0.1542 0.8458 
415      415   (0)     15 :  0.0000 0.4104 0.5896 
416      416   (0)     15 :  0.0000 0.1900 0.8100 
417      417   (0)     15 :  0.0000 1.0000 0.0000 
418      418   (0)     15 :  0.0000 0.1145 0.8855 
419      419   (0)     15 :  0.0000 1.0000 0.0000 
420      420   (0)     15 :  0.0000 0.9908 0.0092 
421      421   (0)     16 :  0.9230 0.0608 0.0162 
422      422   (0)     16 :  0.9308 0.0692 0.0000 
423      423   (0)     16 :  0.7267 0.2733 0.0000 
424      424   (0)     16 :  0.8117 0.1883 0.0000 
425      425   (0)     16 :  0.8549 0.1451 0.0000 
426      426   (0)     16 :  0.8370 0.1630 0.0000 
427      427   (0)     16 :  0.8784 0.1216 0.0000 
428      428   (0)     16 :  0.8878 0.1122 0.0000 
429      429   (0)     16 :  0.8584 0.1416 0.0000 
430      430   (0)     16 :  0.8888 0.1112 0.0000 
431      431   (0)     16 :  0.9804 0.0196 0.0000 
432      432   (0)     16 :  0.8067 0.1933 0.0000 
433      433   (0)     16 :  0.9514 0.0486 0.0000 
434      434   (0)     16 :  0.9128 0.0872 0.0000 
435      435   (0)     16 :  0.8842 0.1158 0.0000 
436      436   (0)     16 :  0.9415 0.0585 0.0000 
437      437   (0)     16 :  0.9272 0.0728 0.0000 
438      438   (0)     16 :  0.8860 0.1140 0.0000 
439      439   (0)     16 :  0.8572 0.1428 0.0000 
440      440   (0)     16 :  0.7146 0.2854 0.0000 
441      441   (0)     16 :  0.8111 0.1789 0.0100 
442      442   (0)     16 :  0.9205 0.0795 0.0000 
443      443   (0)     16 :  0.6935 0.3065 0.0000 
444      444   (0)     16 :  0.8298 0.1702 0.0000 
445      445   (0)     16 :  0.6490 0.0000 0.3510 
446      446   (0)     16 :  0.8893 0.1107 0.0000 
447      447   (0)     16 :  0.8192 0.1808 0.0000 
448      448   (0)     16 :  0.8625 0.1375 0.0000 
449      449   (0)     16 :  0.8596 0.1404 0.0000 
450      450   (0)     16 :  0.9429 0.0571 0.0000 
451      451   (0)     17 :  0.8243 0.1494 0.0263 
452      452   (0)     17 :  0.7868 0.2132 0.0000 
453      453   (0)     17 :  0.8948 0.1052 0.0000 
454      454   (0)     17 :  0.5605 0.0000 0.4395 
455      455   (0)     17 :  0.8919 0.1064 0.0017 
456      456   (0)     17 :  0.5620 0.0000 0.4380 
457      457   (0)     17 :  0.8916 0.1084 0.0000 
458      458   (0)     17 :  0.8728 0.1272 0.0000 
459      459   (0)     17 :  0.7637 0.2363 0.0000 
460      460   (0)     17 :  0.6699 0.3301 0.0000 
461      461   (0)     17 :  0.8204 0.1796 0.0000 
462      462   (0)     17 :  0.8040 0.0281 0.1679 
463      463   (0)     17 :  0.6005 0.0000 0.3995 
464      464   (0)     17 :  0.7803 0.2101 0.0095 
465      465   (0)     17 :  0.9207 0.0354 0.0439 
466      466   (0)     17 :  0.7358 0.2642 0.0000 
467      467   (0)     17 :  0.8517 0.1408 0.0075 
468      468   (0)     17 :  0.5854 0.4146 0.0000 
469      469   (0)     17 :  0.8536 0.1457 0.0007 
470      470   (0)     17 :  0.6883 0.2982 0.0134 
471      471   (0)     17 :  0.7788 0.2212 0.0000 
472      472   (0)     17 :  0.7585 0.2415 0.0000 
473      473   (0)     17 :  0.7056 0.2944 0.0000 
474      474   (0)     17 :  0.8925 0.1075 0.0000 
475      475   (0)     17 :  0.8512 0.1488 0.0000 
476      476   (0)     17 :  0.8968 0.0753 0.0280 
477      477   (0)     17 :  0.9357 0.0643 0.0000 
478      478   (0)     17 :  0.8770 0.1230 0.0000 
479      479   (0)     17 :  0.8833 0.0811 0.0355 
480      480   (0)     17 :  0.7286 0.2714 0.0000 
481      481   (0)     18 :  0.9165 0.0092 0.0744 
482      482   (0)     18 :  0.3245 0.0000 0.6755 
483      483   (0)     18 :  0.5291 0.0000 0.4709 
484      484   (0)     18 :  0.5686 0.0000 0.4314 
485      485   (0)     18 :  0.5890 0.0000 0.4110 
486      486   (0)     18 :  0.6219 0.0000 0.3781 
487      487   (0)     18 :  0.3933 0.0000 0.6067 
488      488   (0)     18 :  0.8472 0.1528 0.0000 
489      489   (0)     18 :  0.9062 0.0314 0.0624 
490      490   (0)     18 :  0.5317 0.0000 0.4683 
491      491   (0)     18 :  0.5652 0.0000 0.4348 
492      492   (0)     18 :  0.8033 0.0000 0.1967 
493      493   (0)     18 :  0.9704 0.0296 0.0000 
494      494   (0)     18 :  0.5668 0.0000 0.4332 
495      495   (0)     18 :  0.4166 0.0000 0.5834 
496      496   (0)     18 :  0.6269 0.0000 0.3731 
497      497   (0)     18 :  0.8722 0.1178 0.0101 
498      498   (0)     18 :  0.6117 0.0000 0.3883 
499      499   (0)     18 :  0.6958 0.0000 0.3042 
500      500   (0)     18 :  0.8516 0.1484 0.0000 
501      501   (0)     18 :  0.9228 0.0555 0.0217 
502      502   (0)     18 :  0.7071 0.0000 0.2929 
503      503   (0)     18 :  0.5734 0.0000 0.4266 
504      504   (0)     18 :  0.6484 0.0000 0.3516 
505      505   (0)     18 :  0.5928 0.0000 0.4072 
506      506   (0)     18 :  0.8454 0.1546 0.0000 
507      507   (0)     18 :  0.7067 0.0000 0.2933 
508      508   (0)     18 :  0.9392 0.0543 0.0065 
509      509   (0)     18 :  0.6220 0.0000 0.3780 
510      510   (0)     19 :  0.9110 0.0890 0.0000 
511      511   (0)     19 :  0.9842 0.0158 0.0000 
512      512   (0)     19 :  0.9296 0.0704 0.0000 
513      513   (0)     19 :  0.9305 0.0695 0.0000 
514      514   (0)     19 :  0.7156 0.2844 0.0000 
515      515   (0)     19 :  0.8900 0.1100 0.0000 
516      516   (0)     19 :  0.9374 0.0626 0.0000 
517      517   (0)     19 :  0.8315 0.1685 0.0000 
518      518   (0)     19 :  0.8751 0.1249 0.0000 
519      519   (0)     19 :  0.7790 0.2154 0.0056 
520      520   (0)     19 :  0.8907 0.1093 0.0000 
521      521   (0)     19 :  1.0000 0.0000 0.0000 
522      522   (0)     19 :  0.9380 0.0620 0.0000 
523      523   (0)     19 :  0.8670 0.1330 0.0000 
524      524   (0)     19 :  0.8601 0.1399 0.0000 
525      525   (0)     19 :  0.8458 0.1448 0.0094 
526      526   (0)     19 :  0.8413 0.1587 0.0000 
527      527   (0)     19 :  0.8698 0.1302 0.0000 
528      528   (0)     19 :  0.9186 0.0814 0.0000 
529      529   (0)     19 :  0.8428 0.1572 0.0000 
530      530   (0)     19 :  0.8369 0.1631 0.0000 
531      531   (0)     19 :  0.7949 0.2051 0.0000 
532      532   (0)     19 :  0.8371 0.1583 0.0045 
533      533   (0)     19 :  0.6825 0.0000 0.3175 
534      534   (0)     19 :  0.8942 0.1058 0.0000 
535      535   (0)     19 :  0.9105 0.0895 0.0000 
536      536   (0)     19 :  0.8958 0.0922 0.0120 
537      537   (0)     19 :  0.8441 0.1559 0.0000 
538      538   (0)     19 :  0.7192 0.0000 0.2808 
539      539   (0)     19 :  0.8912 0.1088 0.0000 
