1        1   (0)      1  : 0.0702 0.0000 0.0000 0.0000 0.0000 0.0000 0.1440 0.0000 0.0000 0.7859 0.0000 0.0000 0.0000 0.0000 0.0000 0.0000 0.0000
2        2   (0)      1  : 0.1474 0.0000 0.0000 0.4286 0.0000 0.0000 0.0000 0.0000 0.0000 0.0139 0.0000 0.0000 0.0000 0.0000 0.4101 0.0000 0.0000
3        3   (0)      1  : 0.5789 0.0000 0.0000 0.1434 0.0000 0.0000 0.0134 0.0000 0.0000 0.0000 0.0000 0.0000 0.0000 0.0000 0.2642 0.0000 0.0000
4        4   (0)      1  : 0.0495 0.0000 0.0126 0.0000 0.0000 0.0000 0.3857 0.0000 0.0000 0.5522 0.0000 0.0000 0.0000 0.0000 0.0000 0.0000 0.0000
5        5   (0)      1  : 0.0000 0.0000 0.0031 0.0207 0.0000 0.0000 0.2671 0.0000 0.0000 0.6809 0.0000 0.0000 0.0000 0.0000 0.0174 0.0000 0.0108
6        6   (0)      1  : 0.0264 0.0000 0.0000 0.0000 0.0000 0.0000 0.1720 0.0000 0.0120 0.7717 0.0000 0.0000 0.0000 0.0000 0.0180 0.0000 0.0000
7        7   (0)      1  : 0.0000 0.0000 0.0000 1.0000 0.0000 0.0000 0.0000 0.0000 0.0000 0.0000 0.0000 0.0000 0.0000 0.0000 0.0000 0.0000 0.0000
8        8   (0)      1  : 0.0014 0.0000 0.0000 0.4594 0.0000 0.0000 0.0000 0.0000 0.0000 0.0000 0.0000 0.0000 0.0000 0.0000 0.5392 0.0000 0.0000
9        9   (0)      1  : 0.0000 0.0000 0.0000 0.0002 0.0000 0.0000 0.9998 0.0000 0.0000 0.0000 0.0000 0.0000 0.0000 0.0000 0.0000 0.0000 0.0000
10       10   (0)      1  : 0.0981 0.0000 0.0000 0.1698 0.0000 0.0000 0.0000 0.0000 0.0000 0.0000 0.0000 0.0000 0.0000 0.0000 0.7321 0.0000 0.0000
11       11   (0)      1  : 0.0000 0.0000 0.0000 0.0000 0.0000 0.0000 0.6267 0.0000 0.0000 0.3370 0.0000 0.0000 0.0000 0.0000 0.0185 0.0000 0.0179
12       12   (0)      1  : 0.0172 0.0000 0.0000 0.0145 0.0000 0.0000 0.0000 0.0000 0.0000 0.9682 0.0000 0.0000 0.0000 0.0000 0.0000 0.0000 0.0000
13       13   (0)      1  : 0.0075 0.0000 0.0000 0.0000 0.0000 0.0000 0.8621 0.0000 0.0000 0.1304 0.0000 0.0000 0.0000 0.0000 0.0000 0.0000 0.0000
14       14   (0)      1  : 0.0000 0.0000 0.0036 0.0054 0.0030 0.0000 0.5777 0.0000 0.0000 0.4033 0.0000 0.0000 0.0000 0.0000 0.0069 0.0000 0.0000
15       15   (0)      1  : 0.0155 0.0000 0.0033 0.0000 0.0000 0.0000 0.4335 0.0000 0.0000 0.5436 0.0000 0.0000 0.0000 0.0000 0.0000 0.0000 0.0041
16       16   (0)      1  : 0.0000 0.0000 0.0000 0.0607 0.0000 0.0000 0.4729 0.0000 0.0074 0.4380 0.0000 0.0000 0.0000 0.0000 0.0002 0.0000 0.0208
17       17   (0)      1  : 0.0000 0.0000 0.0000 0.0000 0.0000 0.0000 0.1906 0.0000 0.0000 0.7776 0.0000 0.0000 0.0000 0.0000 0.0318 0.0000 0.0000
18       18   (0)      1  : 0.0000 0.0000 0.0000 0.0000 0.0000 0.0000 0.7410 0.0000 0.0000 0.2590 0.0000 0.0000 0.0000 0.0000 0.0000 0.0000 0.0000
19       19   (0)      1  : 0.0000 0.0000 0.0000 0.0014 0.0000 0.0000 0.0000 0.0000 0.0000 0.9984 0.0000 0.0000 0.0000 0.0000 0.0000 0.0000 0.0002
20       20   (0)      1  : 0.0000 0.0000 0.0000 0.0120 0.0000 0.0000 0.0000 0.0000 0.0000 0.9880 0.0000 0.0000 0.0000 0.0000 0.0000 0.0000 0.0000
21       21   (0)      1  : 0.0000 0.0000 0.0005 0.0014 0.0000 0.0000 0.2346 0.0000 0.0000 0.7532 0.0000 0.0000 0.0000 0.0000 0.0104 0.0000 0.0000
22       22   (0)      1  : 0.5122 0.0000 0.0000 0.3693 0.0000 0.0000 0.0000 0.0000 0.0000 0.0222 0.0000 0.0000 0.0000 0.0000 0.0963 0.0000 0.0000
23       23   (0)      1  : 0.0000 0.0000 0.0000 0.0029 0.0000 0.0000 0.0000 0.0000 0.0000 0.9971 0.0000 0.0000 0.0000 0.0000 0.0000 0.0000 0.0000
24       24   (0)      1  : 0.0000 0.0000 0.0000 0.0000 0.0000 0.0000 0.5000 0.0000 0.0000 0.0000 0.0000 0.0000 0.0000 0.0000 0.0000 0.0000 0.5000
25       25   (0)      1  : 0.0000 0.0000 0.0000 0.0284 0.0000 0.0000 0.0000 0.0000 0.0000 0.9716 0.0000 0.0000 0.0000 0.0000 0.0000 0.0000 0.0000
26       26   (0)      1  : 0.0000 0.0000 0.0000 0.0000 0.0000 0.0000 0.6296 0.0000 0.0000 0.3704 0.0000 0.0000 0.0000 0.0000 0.0000 0.0000 0.0000
27       27   (0)      1  : 0.0000 0.0000 0.0000 0.0000 0.8944 0.0000 0.0000 0.0000 0.0000 0.0000 0.0495 0.0000 0.0000 0.0000 0.0000 0.0561 0.0000
28       28   (0)      1  : 0.0000 0.0000 0.0000 0.0000 0.6851 0.0000 0.0000 0.0000 0.0000 0.0000 0.0000 0.0000 0.0000 0.0000 0.0000 0.0000 0.3149
29       29   (0)      1  : 0.0000 0.0000 0.0059 0.0318 0.0000 0.0000 0.7788 0.0000 0.0000 0.1835 0.0000 0.0000 0.0000 0.0000 0.0000 0.0000 0.0000
30       30   (0)      1  : 0.0000 0.0000 0.0000 0.0000 0.0000 0.0000 0.5000 0.0000 0.0000 0.5000 0.0000 0.0000 0.0000 0.0000 0.0000 0.0000 0.0000
31       31   (0)      1  : 0.0333 0.0000 0.0000 0.0000 0.0000 0.0000 0.0996 0.0000 0.0000 0.8394 0.0000 0.0000 0.0000 0.0000 0.0277 0.0000 0.0000
32       32   (0)      1  : 0.2187 0.0000 0.0000 0.0682 0.0000 0.0000 0.0000 0.0000 0.0000 0.0000 0.0000 0.0000 0.0000 0.0000 0.6291 0.0000 0.0841
33       33   (0)      1  : 0.0000 0.0000 0.0000 0.0000 0.2056 0.0000 0.1802 0.0000 0.0000 0.0000 0.0000 0.0000 0.0000 0.0000 0.1142 0.0000 0.5000
34       34   (0)      1  : 0.0000 0.0000 0.0000 0.0000 0.0000 0.0000 0.1179 0.0000 0.0000 0.8621 0.0000 0.0000 0.0000 0.0000 0.0085 0.0000 0.0115
35       35   (0)      1  : 0.0000 0.0000 1.0000 0.0000 0.0000 0.0000 0.0000 0.0000 0.0000 0.0000 0.0000 0.0000 0.0000 0.0000 0.0000 0.0000 0.0000
36       36   (0)      1  : 0.0000 0.0000 1.0000 0.0000 0.0000 0.0000 0.0000 0.0000 0.0000 0.0000 0.0000 0.0000 0.0000 0.0000 0.0000 0.0000 0.0000
37       37   (0)      1  : 0.0000 0.0000 1.0000 0.0000 0.0000 0.0000 0.0000 0.0000 0.0000 0.0000 0.0000 0.0000 0.0000 0.0000 0.0000 0.0000 0.0000
38       38   (0)      1  : 0.0000 0.0000 0.0000 0.0000 1.0000 0.0000 0.0000 0.0000 0.0000 0.0000 0.0000 0.0000 0.0000 0.0000 0.0000 0.0000 0.0000
39       39   (0)      1  : 0.0000 0.0000 0.0000 0.0000 0.9693 0.0000 0.0000 0.0000 0.0000 0.0000 0.0000 0.0000 0.0307 0.0000 0.0000 0.0000 0.0000
40       40   (0)      1  : 0.0000 0.0000 0.0000 0.0000 0.0000 0.0000 0.2536 0.0000 0.0000 0.7464 0.0000 0.0000 0.0000 0.0000 0.0000 0.0000 0.0000
41       41   (0)      1  : 0.2246 0.0000 0.0000 0.5927 0.0000 0.0000 0.0000 0.0000 0.0000 0.0000 0.0000 0.0000 0.0000 0.0000 0.1827 0.0000 0.0000
42       42   (0)      1  : 0.0000 0.0000 0.0000 0.0000 1.0000 0.0000 0.0000 0.0000 0.0000 0.0000 0.0000 0.0000 0.0000 0.0000 0.0000 0.0000 0.0000
43       43   (0)      1  : 0.0218 0.0000 0.0169 0.0000 0.0000 0.0000 0.1420 0.0000 0.0000 0.7988 0.0000 0.0000 0.0000 0.0000 0.0205 0.0000 0.0000
44       44   (0)      1  : 0.7645 0.0000 0.0000 0.0980 0.0000 0.0000 0.0000 0.0000 0.0000 0.0000 0.0000 0.0000 0.0000 0.0000 0.1374 0.0000 0.0000
45       45   (0)      1  : 0.0000 0.0000 0.0000 0.0000 1.0000 0.0000 0.0000 0.0000 0.0000 0.0000 0.0000 0.0000 0.0000 0.0000 0.0000 0.0000 0.0000
46       46   (0)      1  : 0.0000 0.0000 0.0000 0.0000 0.0000 0.0000 0.6806 0.0000 0.0049 0.3067 0.0000 0.0000 0.0078 0.0000 0.0000 0.0000 0.0000
47       47   (0)      1  : 0.0000 0.0000 0.0000 0.0000 0.9988 0.0000 0.0000 0.0000 0.0000 0.0000 0.0000 0.0000 0.0012 0.0000 0.0000 0.0000 0.0000
48       48   (0)      1  : 0.4452 0.0000 0.0000 0.4350 0.0000 0.0000 0.0000 0.0000 0.0000 0.0000 0.0000 0.0000 0.0000 0.0000 0.1198 0.0000 0.0000
49       49   (0)      1  : 0.2465 0.0000 0.0000 0.5008 0.0000 0.0000 0.0000 0.0000 0.0000 0.0000 0.0000 0.0000 0.0000 0.0000 0.0821 0.0000 0.1705
50       50   (0)      1  : 0.0000 0.0000 0.0000 0.0000 1.0000 0.0000 0.0000 0.0000 0.0000 0.0000 0.0000 0.0000 0.0000 0.0000 0.0000 0.0000 0.0000
51       51   (0)      1  : 0.0000 0.0000 0.0000 0.0000 1.0000 0.0000 0.0000 0.0000 0.0000 0.0000 0.0000 0.0000 0.0000 0.0000 0.0000 0.0000 0.0000
52       52   (0)      1  : 0.0000 0.0000 0.0000 0.2548 0.0000 0.0000 0.0234 0.0000 0.0000 0.0000 0.0000 0.0000 0.0000 0.0000 0.7218 0.0000 0.0000
53       53   (0)      1  : 0.0000 0.0000 0.0000 0.6028 0.0000 0.0000 0.0000 0.0000 0.0000 0.0000 0.0000 0.0000 0.0000 0.0000 0.3972 0.0000 0.0000
54       54   (0)      1  : 0.3539 0.0000 0.0000 0.3487 0.0000 0.0000 0.0170 0.0000 0.0000 0.0001 0.0000 0.0000 0.0000 0.0000 0.2130 0.0000 0.0673
55       55   (0)      1  : 0.0000 0.0000 0.0000 0.0000 0.9654 0.0000 0.0000 0.0000 0.0001 0.0000 0.0344 0.0000 0.0000 0.0000 0.0000 0.0000 0.0000
56       56   (0)      2  : 0.0000 0.0000 0.0000 0.0000 0.0000 0.0000 0.9994 0.0000 0.0000 0.0001 0.0000 0.0000 0.0000 0.0000 0.0006 0.0000 0.0000
57       57   (0)      2  : 0.0000 0.0000 0.0269 0.0000 0.0000 0.0000 0.2138 0.0000 0.0000 0.7479 0.0000 0.0000 0.0000 0.0000 0.0114 0.0000 0.0000
58       58   (0)      2  : 0.0000 0.0000 0.0000 0.0000 0.0000 0.0000 1.0000 0.0000 0.0000 0.0000 0.0000 0.0000 0.0000 0.0000 0.0000 0.0000 0.0000
59       59   (0)      2  : 0.0033 0.0000 0.0000 0.0000 0.0000 0.0000 0.4149 0.0000 0.0000 0.5572 0.0000 0.0000 0.0000 0.0000 0.0176 0.0000 0.0070
60       60   (0)      2  : 0.1241 0.0000 0.0000 0.0000 0.0000 0.0000 0.0000 0.0000 0.0000 0.0000 0.0000 0.0000 0.0000 0.0000 0.8759 0.0000 0.0000
61       61   (0)      2  : 0.0000 0.0000 0.0088 0.0000 0.0000 0.0000 0.2100 0.0000 0.0011 0.7800 0.0000 0.0000 0.0000 0.0000 0.0000 0.0000 0.0000
62       62   (0)      2  : 0.0000 0.0000 1.0000 0.0000 0.0000 0.0000 0.0000 0.0000 0.0000 0.0000 0.0000 0.0000 0.0000 0.0000 0.0000 0.0000 0.0000
63       63   (0)      2  : 0.0000 0.0000 0.0000 0.0201 0.0000 0.0000 0.3886 0.0000 0.0000 0.5701 0.0000 0.0000 0.0000 0.0000 0.0212 0.0000 0.0000
64       64   (0)      2  : 0.0000 0.0000 1.0000 0.0000 0.0000 0.0000 0.0000 0.0000 0.0000 0.0000 0.0000 0.0000 0.0000 0.0000 0.0000 0.0000 0.0000
65       65   (0)      2  : 0.0337 0.0000 0.0000 0.0000 0.0000 0.0000 0.2695 0.0000 0.0000 0.6653 0.0000 0.0000 0.0000 0.0000 0.0314 0.0000 0.0000
66       66   (0)      2  : 0.0000 0.0000 1.0000 0.0000 0.0000 0.0000 0.0000 0.0000 0.0000 0.0000 0.0000 0.0000 0.0000 0.0000 0.0000 0.0000 0.0000
67       67   (0)      2  : 0.0000 0.0000 0.0055 0.0066 0.0000 0.0000 0.4445 0.0000 0.0000 0.5434 0.0000 0.0000 0.0000 0.0000 0.0000 0.0000 0.0000
68       68   (0)      2  : 0.0000 0.0000 0.0004 0.0504 0.0000 0.0000 0.4511 0.0000 0.0000 0.4981 0.0000 0.0000 0.0000 0.0000 0.0000 0.0000 0.0000
69       69   (0)      2  : 0.0327 0.0000 0.0000 0.7245 0.0000 0.0000 0.0000 0.0000 0.0000 0.0000 0.0000 0.0000 0.0000 0.0000 0.2428 0.0000 0.0000
70       70   (0)      2  : 0.0000 0.0000 0.0000 0.0089 0.0000 0.0000 0.6216 0.0000 0.0000 0.3695 0.0000 0.0000 0.0000 0.0000 0.0000 0.0000 0.0000
71       71   (0)      2  : 0.0000 0.0000 1.0000 0.0000 0.0000 0.0000 0.0000 0.0000 0.0000 0.0000 0.0000 0.0000 0.0000 0.0000 0.0000 0.0000 0.0000
72       72   (0)      2  : 0.0000 0.0000 1.0000 0.0000 0.0000 0.0000 0.0000 0.0000 0.0000 0.0000 0.0000 0.0000 0.0000 0.0000 0.0000 0.0000 0.0000
73       73   (0)      2  : 0.0446 0.0000 0.0000 0.0000 0.0000 0.0000 0.5789 0.0000 0.0059 0.3143 0.0000 0.0000 0.0000 0.0000 0.0000 0.0000 0.0562
74       74   (0)      2  : 0.0000 0.0000 0.0000 0.7831 0.0000 0.0000 0.0000 0.0000 0.0000 0.0000 0.0000 0.0000 0.0000 0.0000 0.2169 0.0000 0.0000
75       75   (0)      2  : 0.0000 0.0000 0.0000 0.0000 0.9666 0.0000 0.0000 0.0115 0.0000 0.0000 0.0000 0.0218 0.0000 0.0000 0.0000 0.0000 0.0000
76       76   (0)      2  : 0.1451 0.0000 0.0000 0.3321 0.0000 0.0000 0.0000 0.0000 0.0000 0.0000 0.0000 0.0000 0.0000 0.0000 0.5228 0.0000 0.0000
77       77   (0)      2  : 0.0000 0.0000 0.0000 0.0000 0.0000 0.0000 0.4298 0.0000 0.0000 0.4915 0.0000 0.0000 0.0000 0.0000 0.0787 0.0000 0.0000
78       78   (0)      2  : 0.0000 0.0000 1.0000 0.0000 0.0000 0.0000 0.0000 0.0000 0.0000 0.0000 0.0000 0.0000 0.0000 0.0000 0.0000 0.0000 0.0000
79       79   (0)      2  : 0.0000 0.0000 0.0000 0.0000 1.0000 0.0000 0.0000 0.0000 0.0000 0.0000 0.0000 0.0000 0.0000 0.0000 0.0000 0.0000 0.0000
80       80   (0)      2  : 0.0000 0.0000 1.0000 0.0000 0.0000 0.0000 0.0000 0.0000 0.0000 0.0000 0.0000 0.0000 0.0000 0.0000 0.0000 0.0000 0.0000
81       81   (0)      2  : 0.0131 0.0000 0.0034 0.0000 0.0000 0.0000 0.0015 0.0000 0.0000 0.9522 0.0000 0.0000 0.0000 0.0000 0.0190 0.0000 0.0108
82       82   (0)      2  : 0.0000 0.0000 0.0000 1.0000 0.0000 0.0000 0.0000 0.0000 0.0000 0.0000 0.0000 0.0000 0.0000 0.0000 0.0000 0.0000 0.0000
83       83   (0)      2  : 0.1465 0.0000 0.0000 0.3343 0.0000 0.0000 0.0000 0.0000 0.0000 0.0000 0.0000 0.0000 0.0000 0.0000 0.5192 0.0000 0.0000
84       84   (0)      2  : 0.0736 0.0000 0.0000 0.0000 0.0000 0.0000 0.7750 0.0000 0.0000 0.0000 0.0000 0.0000 0.0000 0.0000 0.1513 0.0000 0.0000
85       85   (0)      2  : 0.0000 0.0000 0.0000 0.0237 0.0000 0.0000 0.3726 0.0000 0.0000 0.5853 0.0000 0.0000 0.0000 0.0000 0.0184 0.0000 0.0000
86       86   (0)      2  : 0.0000 0.0000 0.0000 0.0213 0.0000 0.0000 0.0731 0.0000 0.0000 0.8831 0.0000 0.0000 0.0000 0.0000 0.0000 0.0000 0.0225
87       87   (0)      2  : 0.0000 0.0000 0.0000 0.0290 0.0000 0.0000 0.0000 0.0000 0.0000 0.9476 0.0000 0.0000 0.0000 0.0000 0.0234 0.0000 0.0000
88       88   (0)      2  : 0.0043 0.0000 0.0000 0.0000 0.0000 0.0000 0.0000 0.0000 0.0000 0.9957 0.0000 0.0000 0.0000 0.0000 0.0000 0.0000 0.0000
89       89   (0)      2  : 0.0000 0.0000 0.0000 0.0000 0.0000 0.0000 0.2996 0.0000 0.0000 0.7002 0.0000 0.0000 0.0000 0.0000 0.0000 0.0000 0.0002
90       90   (0)      2  : 0.0235 0.0000 0.0062 0.0231 0.0000 0.0000 0.2867 0.0000 0.0000 0.6523 0.0000 0.0000 0.0000 0.0000 0.0000 0.0000 0.0081
91       91   (0)      2  : 0.0000 0.0000 0.0000 0.0000 0.0000 0.0000 0.3720 0.0000 0.0000 0.5998 0.0000 0.0000 0.0000 0.0000 0.0282 0.0000 0.0000
92       92   (0)      2  : 0.0320 0.0000 0.0000 0.0000 0.0000 0.0000 0.2064 0.0000 0.0000 0.7378 0.0000 0.0000 0.0000 0.0000 0.0238 0.0000 0.0000
93       93   (0)      2  : 0.4820 0.0000 0.0000 0.0398 0.0000 0.0000 0.0000 0.0000 0.0000 0.0000 0.0000 0.0000 0.0000 0.0000 0.3633 0.0000 0.1149
94       94   (0)      2  : 0.3108 0.0000 0.0012 0.3971 0.0000 0.0000 0.0047 0.0000 0.0000 0.0000 0.0000 0.0000 0.0000 0.0000 0.2082 0.0000 0.0780
95       95   (0)      2  : 0.0000 0.0000 1.0000 0.0000 0.0000 0.0000 0.0000 0.0000 0.0000 0.0000 0.0000 0.0000 0.0000 0.0000 0.0000 0.0000 0.0000
96       96   (0)      2  : 0.2679 0.0000 0.0000 0.1353 0.0000 0.0000 0.0000 0.0000 0.0000 0.0000 0.0000 0.0000 0.0000 0.0000 0.4908 0.0000 0.1059
97       97   (0)      2  : 0.4334 0.0000 0.0000 0.1435 0.0000 0.0000 0.0000 0.0000 0.0000 0.0024 0.0000 0.0000 0.0000 0.0000 0.1634 0.0000 0.2572
98       98   (0)      2  : 0.0249 0.0000 0.0000 0.0253 0.0000 0.0000 0.6732 0.0000 0.0031 0.2656 0.0000 0.0000 0.0000 0.0000 0.0000 0.0000 0.0078
99       99   (0)      2  : 0.0000 0.0000 1.0000 0.0000 0.0000 0.0000 0.0000 0.0000 0.0000 0.0000 0.0000 0.0000 0.0000 0.0000 0.0000 0.0000 0.0000
100      100   (0)      2  : 0.0000 0.0000 0.0000 0.0092 0.0000 0.0000 0.5200 0.0000 0.0000 0.4708 0.0000 0.0000 0.0000 0.0000 0.0000 0.0000 0.0000
101      101   (0)      3  : 0.0000 0.0000 0.0000 0.0287 0.0000 0.0000 0.2463 0.0000 0.0000 0.7251 0.0000 0.0000 0.0000 0.0000 0.0000 0.0000 0.0000
102      102   (0)      3  : 0.0000 0.0000 0.0108 0.0000 0.0000 0.0000 0.2993 0.0000 0.0000 0.6618 0.0000 0.0000 0.0000 0.0000 0.0183 0.0000 0.0099
103      103   (0)      3  : 0.0146 0.0000 0.0000 0.0178 0.0000 0.0000 0.1229 0.0000 0.0000 0.8448 0.0000 0.0000 0.0000 0.0000 0.0000 0.0000 0.0000
104      104   (0)      3  : 0.0000 0.0000 0.0049 0.0167 0.0000 0.0000 0.6585 0.0000 0.0000 0.2954 0.0000 0.0000 0.0000 0.0000 0.0245 0.0000 0.0000
105      105   (0)      3  : 0.0290 0.0000 0.0180 0.0000 0.0000 0.0000 0.2851 0.0000 0.0000 0.6261 0.0000 0.0000 0.0000 0.0000 0.0342 0.0000 0.0077
106      106   (0)      3  : 0.0182 0.0000 0.0053 0.0000 0.0000 0.0000 0.0087 0.0000 0.0000 0.9412 0.0000 0.0000 0.0000 0.0000 0.0105 0.0000 0.0161
107      107   (0)      3  : 0.0000 0.0000 0.0000 0.0000 0.0000 0.0000 0.0894 0.0000 0.0000 0.9106 0.0000 0.0000 0.0000 0.0000 0.0000 0.0000 0.0000
108      108   (0)      3  : 0.0000 0.0000 0.0000 0.0133 0.0055 0.0000 0.1100 0.0000 0.0000 0.8651 0.0000 0.0000 0.0000 0.0000 0.0000 0.0000 0.0061
109      109   (0)      3  : 0.0000 0.0000 0.0000 0.0000 0.0000 0.0000 0.6054 0.0000 0.0000 0.3865 0.0000 0.0000 0.0000 0.0000 0.0080 0.0000 0.0000
110      110   (0)      3  : 0.0000 0.0000 0.0001 0.0005 0.0000 0.0000 0.3706 0.0000 0.0000 0.6158 0.0000 0.0000 0.0000 0.0000 0.0129 0.0000 0.0000
111      111   (0)      3  : 0.0256 0.0000 0.0142 0.0000 0.0000 0.0000 0.0000 0.0000 0.0000 0.8999 0.0000 0.0000 0.0000 0.0000 0.0320 0.0000 0.0282
112      112   (0)      3  : 0.0000 0.0000 0.0000 0.0000 0.0000 0.0000 0.7001 0.0000 0.0000 0.2999 0.0000 0.0000 0.0000 0.0000 0.0000 0.0000 0.0000
113      113   (0)      3  : 0.0000 0.0000 0.0000 0.0000 0.0000 0.0000 1.0000 0.0000 0.0000 0.0000 0.0000 0.0000 0.0000 0.0000 0.0000 0.0000 0.0000
114      114   (0)      3  : 0.0362 0.0000 0.0041 0.0003 0.0000 0.0000 0.3368 0.0000 0.0071 0.6154 0.0000 0.0000 0.0000 0.0000 0.0000 0.0000 0.0000
115      115   (0)      3  : 0.0000 0.0000 0.0000 0.0000 0.0000 0.0000 0.9508 0.0000 0.0000 0.0000 0.0000 0.0000 0.0000 0.0000 0.0492 0.0000 0.0000
116      116   (0)      3  : 0.0451 0.0000 0.0003 0.0000 0.0000 0.0000 0.2484 0.0000 0.0018 0.7044 0.0000 0.0000 0.0000 0.0000 0.0000 0.0000 0.0000
117      117   (0)      3  : 0.0000 0.0000 0.0000 0.0300 0.0000 0.0000 0.3757 0.0000 0.0000 0.5599 0.0000 0.0000 0.0000 0.0000 0.0344 0.0000 0.0000
118      118   (0)      3  : 0.0000 0.0000 0.0000 0.0000 0.0000 0.0000 1.0000 0.0000 0.0000 0.0000 0.0000 0.0000 0.0000 0.0000 0.0000 0.0000 0.0000
119      119   (0)      3  : 0.0000 0.0000 0.0000 0.0281 0.0000 0.0000 0.2531 0.0000 0.0046 0.6832 0.0000 0.0000 0.0000 0.0000 0.0310 0.0000 0.0001
120      120   (0)      3  : 0.0396 0.0000 0.0793 0.0000 0.0000 0.0000 0.0084 0.0000 0.0000 0.8309 0.0000 0.0000 0.0000 0.0000 0.0358 0.0000 0.0059
121      121   (0)      3  : 0.0000 0.0000 0.0000 0.0000 0.0000 0.0000 0.2489 0.0000 0.0000 0.7407 0.0000 0.0000 0.0000 0.0000 0.0000 0.0000 0.0104
122      122   (0)      3  : 0.0000 0.0000 0.0025 0.0119 0.0000 0.0000 0.5075 0.0000 0.0000 0.4623 0.0000 0.0000 0.0000 0.0000 0.0157 0.0000 0.0000
123      123   (0)      3  : 0.0042 0.0000 0.0000 0.0000 0.0000 0.0000 0.2456 0.0000 0.0000 0.7362 0.0000 0.0000 0.0000 0.0000 0.0000 0.0000 0.0140
124      124   (0)      3  : 0.0000 0.0000 0.0000 0.0000 0.0000 0.0000 0.0000 0.0000 0.0000 0.9932 0.0000 0.0000 0.0000 0.0000 0.0000 0.0000 0.0068
125      125   (0)      3  : 0.0000 0.0000 0.0068 0.0000 0.0000 0.0000 0.1075 0.0000 0.0000 0.8857 0.0000 0.0000 0.0000 0.0000 0.0000 0.0000 0.0000
126      126   (0)      3  : 0.0000 0.0000 0.0000 0.0226 0.0000 0.0000 0.3260 0.0000 0.0000 0.6167 0.0000 0.0000 0.0000 0.0000 0.0347 0.0000 0.0000
127      127   (0)      3  : 0.0434 0.0000 0.0000 0.0290 0.0000 0.0000 0.6063 0.0000 0.0000 0.3214 0.0000 0.0000 0.0000 0.0000 0.0000 0.0000 0.0000
128      128   (0)      3  : 0.0127 0.0000 0.0000 0.0042 0.0000 0.0000 0.1346 0.0000 0.0000 0.8436 0.0000 0.0000 0.0000 0.0000 0.0000 0.0000 0.0049
129      129   (0)      3  : 0.0000 0.0000 0.0000 0.0038 0.0000 0.0000 0.0313 0.0000 0.0000 0.8848 0.0000 0.0000 0.0000 0.0000 0.0801 0.0000 0.0000
130      130   (0)      3  : 0.3899 0.0000 0.0000 0.3390 0.0000 0.0000 0.0000 0.0000 0.0000 0.0062 0.0000 0.0000 0.0000 0.0000 0.1947 0.0000 0.0701
131      131   (0)      3  : 0.2963 0.0000 0.0000 0.2098 0.0000 0.0000 0.0000 0.0000 0.0000 0.0425 0.0000 0.0000 0.0000 0.0000 0.4513 0.0000 0.0001
132      132   (0)      3  : 0.0000 0.0000 1.0000 0.0000 0.0000 0.0000 0.0000 0.0000 0.0000 0.0000 0.0000 0.0000 0.0000 0.0000 0.0000 0.0000 0.0000
133      133   (0)      3  : 0.0000 0.0000 0.0000 0.0000 0.8474 0.0000 0.0000 0.0621 0.0905 0.0000 0.0000 0.0000 0.0000 0.0000 0.0000 0.0000 0.0000
134      134   (0)      3  : 0.1951 0.0000 0.0000 0.3784 0.0142 0.0000 0.0547 0.0000 0.0005 0.0251 0.0000 0.0098 0.0000 0.0000 0.1752 0.0000 0.1471
135      135   (0)      3  : 0.0000 0.0000 0.0159 0.0000 0.0000 0.0000 0.9827 0.0000 0.0000 0.0014 0.0000 0.0000 0.0000 0.0000 0.0000 0.0000 0.0000
136      136   (0)      3  : 0.0601 0.0000 0.0000 0.0000 0.0000 0.0000 0.0000 0.0000 0.0000 0.9399 0.0000 0.0000 0.0000 0.0000 0.0000 0.0000 0.0000
137      137   (0)      3  : 0.3362 0.0000 0.0000 0.3280 0.0000 0.0000 0.0000 0.0000 0.0000 0.0000 0.0000 0.0000 0.0000 0.0000 0.0000 0.0000 0.3358
138      138   (0)      3  : 0.0251 0.0000 0.0000 0.0000 0.0000 0.0000 0.2760 0.0000 0.0000 0.6807 0.0000 0.0000 0.0000 0.0000 0.0183 0.0000 0.0000
139      139   (0)      3  : 0.0000 0.0000 0.0000 0.0000 0.0000 0.0000 0.5343 0.0000 0.0096 0.4531 0.0000 0.0000 0.0000 0.0000 0.0001 0.0000 0.0030
140      140   (0)      3  : 0.0329 0.0000 0.0000 0.0000 0.0000 0.0000 0.4004 0.0000 0.0000 0.5667 0.0000 0.0000 0.0000 0.0000 0.0000 0.0000 0.0000
141      141   (0)      3  : 0.0000 0.0000 1.0000 0.0000 0.0000 0.0000 0.0000 0.0000 0.0000 0.0000 0.0000 0.0000 0.0000 0.0000 0.0000 0.0000 0.0000
142      142   (0)      3  : 0.0000 0.0000 1.0000 0.0000 0.0000 0.0000 0.0000 0.0000 0.0000 0.0000 0.0000 0.0000 0.0000 0.0000 0.0000 0.0000 0.0000
143      143   (0)      3  : 0.0000 0.0000 1.0000 0.0000 0.0000 0.0000 0.0000 0.0000 0.0000 0.0000 0.0000 0.0000 0.0000 0.0000 0.0000 0.0000 0.0000
144      144   (0)      3  : 0.0000 0.0000 1.0000 0.0000 0.0000 0.0000 0.0000 0.0000 0.0000 0.0000 0.0000 0.0000 0.0000 0.0000 0.0000 0.0000 0.0000
145      145   (0)      3  : 0.0000 0.0000 1.0000 0.0000 0.0000 0.0000 0.0000 0.0000 0.0000 0.0000 0.0000 0.0000 0.0000 0.0000 0.0000 0.0000 0.0000
146      146   (0)      3  : 0.1131 0.0000 0.0000 0.0878 0.0000 0.0000 0.0000 0.0000 0.0000 0.0127 0.0000 0.0000 0.0000 0.0000 0.5740 0.0000 0.2126
147      147   (0)      3  : 0.0245 0.0000 0.0000 0.0000 0.0000 0.0000 0.2695 0.0000 0.0000 0.7061 0.0000 0.0000 0.0000 0.0000 0.0000 0.0000 0.0000
148      148   (0)      3  : 0.0000 0.0000 1.0000 0.0000 0.0000 0.0000 0.0000 0.0000 0.0000 0.0000 0.0000 0.0000 0.0000 0.0000 0.0000 0.0000 0.0000
149      149   (0)      3  : 0.0000 0.0000 1.0000 0.0000 0.0000 0.0000 0.0000 0.0000 0.0000 0.0000 0.0000 0.0000 0.0000 0.0000 0.0000 0.0000 0.0000
150      150   (0)      3  : 0.0000 0.0000 0.0004 0.0000 0.8006 0.0343 0.0000 0.0000 0.1352 0.0000 0.0294 0.0000 0.0000 0.0000 0.0000 0.0000 0.0000
151      151   (0)      3  : 0.0000 0.0000 0.0000 0.0000 1.0000 0.0000 0.0000 0.0000 0.0000 0.0000 0.0000 0.0000 0.0000 0.0000 0.0000 0.0000 0.0000
152      152   (0)      3  : 0.0000 0.0000 0.0000 0.0000 0.0000 0.0000 1.0000 0.0000 0.0000 0.0000 0.0000 0.0000 0.0000 0.0000 0.0000 0.0000 0.0000
153      153   (0)      3  : 0.0000 0.0000 1.0000 0.0000 0.0000 0.0000 0.0000 0.0000 0.0000 0.0000 0.0000 0.0000 0.0000 0.0000 0.0000 0.0000 0.0000
154      154   (0)      3  : 0.0000 0.0000 0.0064 0.0000 0.0000 0.0000 0.7639 0.0000 0.0000 0.2275 0.0000 0.0000 0.0000 0.0000 0.0000 0.0000 0.0022
155      155   (0)      3  : 0.0000 0.0000 0.0000 0.0000 0.0000 0.0000 0.3219 0.0000 0.0000 0.6781 0.0000 0.0000 0.0000 0.0000 0.0000 0.0000 0.0000
156      156   (0)      3  : 0.1511 0.0000 0.0000 0.3269 0.0000 0.0000 0.0277 0.0000 0.0000 0.0276 0.0000 0.0000 0.0000 0.0000 0.4668 0.0000 0.0000
157      157   (0)      3  : 0.0223 0.0000 0.0000 0.0000 0.0000 0.0000 0.6403 0.0000 0.0000 0.3374 0.0000 0.0000 0.0000 0.0000 0.0000 0.0000 0.0000
158      158   (0)      3  : 0.5683 0.0000 0.0000 0.4317 0.0000 0.0000 0.0000 0.0000 0.0000 0.0000 0.0000 0.0000 0.0000 0.0000 0.0000 0.0000 0.0000
159      159   (0)      3  : 0.0000 0.0000 0.0000 0.0178 0.0071 0.0000 0.6133 0.0000 0.0001 0.3617 0.0000 0.0000 0.0000 0.0000 0.0000 0.0000 0.0000
160      160   (0)      3  : 0.2611 0.0000 0.0000 0.2212 0.0000 0.0000 0.0000 0.0000 0.0000 0.0000 0.0000 0.0000 0.0000 0.0000 0.5178 0.0000 0.0000
161      161   (0)      4  : 0.0156 0.0000 0.0000 0.0000 0.0000 0.0000 0.5000 0.0000 0.0000 0.4844 0.0000 0.0000 0.0000 0.0000 0.0000 0.0000 0.0000
162      162   (0)      4  : 0.0000 0.0000 0.0000 0.0000 0.0000 0.0000 0.1356 0.0000 0.0000 0.8643 0.0000 0.0000 0.0000 0.0000 0.0001 0.0000 0.0000
163      163   (0)      4  : 0.0000 0.0000 1.0000 0.0000 0.0000 0.0000 0.0000 0.0000 0.0000 0.0000 0.0000 0.0000 0.0000 0.0000 0.0000 0.0000 0.0000
164      164   (0)      4  : 0.4746 0.0000 0.0000 0.3655 0.0000 0.0000 0.0000 0.0000 0.0000 0.0000 0.0000 0.0000 0.0000 0.0000 0.1598 0.0000 0.0000
165      165   (0)      4  : 0.0000 0.0000 1.0000 0.0000 0.0000 0.0000 0.0000 0.0000 0.0000 0.0000 0.0000 0.0000 0.0000 0.0000 0.0000 0.0000 0.0000
166      166   (0)      4  : 0.0000 0.0000 1.0000 0.0000 0.0000 0.0000 0.0000 0.0000 0.0000 0.0000 0.0000 0.0000 0.0000 0.0000 0.0000 0.0000 0.0000
167      167   (0)      4  : 0.0000 0.0000 0.0000 0.0084 0.0000 0.0000 0.9916 0.0000 0.0000 0.0000 0.0000 0.0000 0.0000 0.0000 0.0000 0.0000 0.0000
168      168   (0)      4  : 0.0000 0.0000 0.0000 0.0149 0.0000 0.0000 0.1422 0.0000 0.0000 0.8258 0.0000 0.0000 0.0000 0.0000 0.0171 0.0000 0.0000
169      169   (0)      4  : 0.0263 0.0000 0.0000 0.0000 0.0000 0.0000 0.4949 0.0000 0.0000 0.4544 0.0000 0.0000 0.0000 0.0000 0.0243 0.0000 0.0000
170      170   (0)      4  : 0.0000 0.0000 0.0000 0.0000 0.0000 0.0000 0.6111 0.0000 0.0039 0.3737 0.0000 0.0000 0.0000 0.0000 0.0018 0.0000 0.0095
171      171   (0)      4  : 0.0000 0.0000 0.0000 0.0000 0.0000 0.0000 0.3642 0.0000 0.0013 0.5940 0.0000 0.0000 0.0000 0.0000 0.0145 0.0000 0.0260
172      172   (0)      4  : 0.0125 0.0000 0.0000 0.0030 0.0000 0.0000 0.3842 0.0000 0.0000 0.5805 0.0000 0.0000 0.0000 0.0000 0.0198 0.0000 0.0000
173      173   (0)      4  : 0.0000 0.0000 0.0000 0.0000 0.0000 0.0000 0.0000 0.0000 0.0000 0.9803 0.0000 0.0000 0.0000 0.0000 0.0197 0.0000 0.0000
174      174   (0)      4  : 0.0001 0.0000 0.0000 0.5688 0.0000 0.0000 0.0001 0.0000 0.0000 0.0000 0.0000 0.0000 0.0000 0.0000 0.3602 0.0000 0.0708
175      175   (0)      4  : 0.0000 0.0000 0.0000 0.0000 0.0000 0.0000 0.0177 0.0000 0.0000 0.9810 0.0000 0.0000 0.0000 0.0000 0.0000 0.0000 0.0013
176      176   (0)      4  : 0.0000 0.0000 1.0000 0.0000 0.0000 0.0000 0.0000 0.0000 0.0000 0.0000 0.0000 0.0000 0.0000 0.0000 0.0000 0.0000 0.0000
177      177   (0)      4  : 0.0499 0.0000 0.0000 0.0000 0.0000 0.0000 0.0000 0.0000 0.0000 0.9501 0.0000 0.0000 0.0000 0.0000 0.0000 0.0000 0.0000
178      178   (0)      4  : 0.0000 0.0000 1.0000 0.0000 0.0000 0.0000 0.0000 0.0000 0.0000 0.0000 0.0000 0.0000 0.0000 0.0000 0.0000 0.0000 0.0000
179      179   (0)      4  : 0.0000 0.0000 1.0000 0.0000 0.0000 0.0000 0.0000 0.0000 0.0000 0.0000 0.0000 0.0000 0.0000 0.0000 0.0000 0.0000 0.0000
180      180   (0)      4  : 0.0222 0.0000 0.0166 0.0000 0.0000 0.0000 0.4330 0.0000 0.0000 0.5281 0.0000 0.0000 0.0000 0.0000 0.0000 0.0000 0.0000
181      181   (0)      4  : 0.0000 0.0000 0.0000 0.0000 0.0000 0.0000 0.2341 0.0000 0.0000 0.7574 0.0000 0.0000 0.0000 0.0000 0.0085 0.0000 0.0000
182      182   (0)      4  : 0.0050 0.0000 0.0000 0.0000 0.0000 0.0000 0.1995 0.0000 0.0000 0.7956 0.0000 0.0000 0.0000 0.0000 0.0000 0.0000 0.0000
183      183   (0)      4  : 0.1761 0.0000 0.0000 0.3131 0.0000 0.0000 0.0000 0.0000 0.0000 0.0000 0.0000 0.0000 0.0000 0.0000 0.2786 0.0000 0.2322
184      184   (0)      4  : 0.0602 0.0000 0.0000 0.3428 0.0000 0.0000 0.0000 0.0000 0.0000 0.0000 0.0000 0.0000 0.0000 0.0000 0.3871 0.0000 0.2098
185      185   (0)      4  : 0.0000 0.0000 1.0000 0.0000 0.0000 0.0000 0.0000 0.0000 0.0000 0.0000 0.0000 0.0000 0.0000 0.0000 0.0000 0.0000 0.0000
186      186   (0)      4  : 0.0008 0.0000 0.0000 0.0054 0.0000 0.0000 0.7774 0.0000 0.0000 0.2164 0.0000 0.0000 0.0000 0.0000 0.0000 0.0000 0.0000
187      187   (0)      4  : 0.0364 0.0000 0.0000 0.0304 0.0000 0.0000 0.6566 0.0000 0.0000 0.2701 0.0000 0.0000 0.0000 0.0000 0.0000 0.0000 0.0065
188      188   (0)      4  : 0.0000 0.0000 1.0000 0.0000 0.0000 0.0000 0.0000 0.0000 0.0000 0.0000 0.0000 0.0000 0.0000 0.0000 0.0000 0.0000 0.0000
189      189   (0)      4  : 0.0000 0.0000 0.0000 0.0000 0.0000 0.0000 0.5041 0.0000 0.0009 0.4483 0.0000 0.0000 0.0000 0.0000 0.0341 0.0000 0.0126
190      190   (0)      4  : 0.1324 0.0000 0.0000 0.3609 0.0000 0.0000 0.0000 0.0000 0.0000 0.0000 0.0000 0.0000 0.0000 0.0000 0.3916 0.0000 0.1151
191      191   (0)      4  : 0.0910 0.0000 0.1088 0.0000 0.0000 0.0000 0.3028 0.0000 0.0991 0.2998 0.0000 0.0000 0.0000 0.0000 0.0986 0.0000 0.0000
192      192   (0)      4  : 0.0000 0.0000 0.0000 0.0000 0.0000 0.0000 0.8416 0.0000 0.0000 0.1494 0.0000 0.0000 0.0000 0.0000 0.0090 0.0000 0.0000
193      193   (0)      4  : 0.0000 0.0000 0.0131 0.0354 0.0000 0.0000 0.1208 0.0000 0.0000 0.8100 0.0000 0.0000 0.0000 0.0000 0.0207 0.0000 0.0000
194      194   (0)      4  : 0.0307 0.0000 0.0100 0.0000 0.0000 0.0000 0.7849 0.0000 0.0000 0.1744 0.0000 0.0000 0.0000 0.0000 0.0000 0.0000 0.0000
195      195   (0)      4  : 0.0000 0.0000 0.0000 0.0217 0.0000 0.0000 0.0000 0.0000 0.0000 0.9783 0.0000 0.0000 0.0000 0.0000 0.0000 0.0000 0.0000
196      196   (0)      4  : 0.0000 0.0000 0.0000 0.0000 0.0000 0.0000 0.2657 0.0000 0.0000 0.7227 0.0000 0.0000 0.0000 0.0000 0.0000 0.0000 0.0116
197      197   (0)      4  : 0.0000 0.0000 0.0000 0.0048 0.0000 0.0000 0.5599 0.0000 0.0000 0.4235 0.0000 0.0000 0.0000 0.0000 0.0118 0.0000 0.0000
198      198   (0)      4  : 0.0000 0.0000 0.0000 0.0000 0.0000 0.0000 1.0000 0.0000 0.0000 0.0000 0.0000 0.0000 0.0000 0.0000 0.0000 0.0000 0.0000
199      199   (0)      4  : 0.0000 0.0000 0.0033 0.0351 0.0000 0.0000 0.2510 0.0000 0.0000 0.7106 0.0000 0.0000 0.0000 0.0000 0.0000 0.0000 0.0000
200      200   (0)      4  : 0.0000 0.0000 0.0000 0.6562 0.0000 0.0000 0.0032 0.0000 0.0000 0.0000 0.0000 0.0000 0.0000 0.0000 0.3407 0.0000 0.0000
201      201   (0)      4  : 0.0000 0.0000 0.0000 0.0000 0.0000 0.0000 0.0037 0.0000 0.0148 0.9815 0.0000 0.0000 0.0000 0.0000 0.0000 0.0000 0.0000
202      202   (0)      4  : 0.0000 0.0000 0.0054 0.0000 0.0000 0.0000 0.1765 0.0000 0.0000 0.8181 0.0000 0.0000 0.0000 0.0000 0.0000 0.0000 0.0000
203      203   (0)      4  : 0.0407 0.0000 0.0021 0.0000 0.0000 0.0000 0.4814 0.0000 0.0000 0.4709 0.0000 0.0000 0.0000 0.0000 0.0049 0.0000 0.0000
204      204   (0)      4  : 0.0000 0.0000 0.0157 0.0000 0.0000 0.0000 0.0000 0.0000 0.0000 0.9843 0.0000 0.0000 0.0000 0.0000 0.0000 0.0000 0.0000
205      205   (0)      4  : 0.0000 0.0000 0.0000 0.0199 0.0037 0.0000 0.0708 0.0000 0.0007 0.8752 0.0000 0.0000 0.0000 0.0000 0.0297 0.0000 0.0000
206      206   (0)      4  : 0.0000 0.0000 0.0000 0.0000 0.0000 0.0000 0.5000 0.0000 0.0000 0.5000 0.0000 0.0000 0.0000 0.0000 0.0000 0.0000 0.0000
207      207   (0)      4  : 0.0088 0.0000 0.0000 0.0000 0.0000 0.0000 0.5765 0.0000 0.0000 0.4073 0.0000 0.0000 0.0000 0.0000 0.0000 0.0000 0.0074
208      208   (0)      4  : 0.0000 0.0000 0.0000 0.8141 0.0000 0.0000 0.0309 0.0000 0.0000 0.0000 0.0000 0.0000 0.0000 0.0000 0.0000 0.0000 0.1550
209      209   (0)      4  : 0.0000 0.0000 0.0000 0.0000 0.0000 0.0000 1.0000 0.0000 0.0000 0.0000 0.0000 0.0000 0.0000 0.0000 0.0000 0.0000 0.0000
210      210   (0)      4  : 0.0000 0.0000 0.0000 0.0018 0.0000 0.0000 0.3061 0.0000 0.0000 0.6908 0.0000 0.0000 0.0000 0.0000 0.0013 0.0000 0.0000
211      211   (0)      4  : 0.0111 0.0000 0.0000 0.0000 0.0000 0.0000 0.7463 0.0000 0.0000 0.2342 0.0000 0.0000 0.0000 0.0000 0.0084 0.0000 0.0000
212      212   (0)      4  : 0.1431 0.0000 0.0000 0.3564 0.0000 0.0000 0.0000 0.0000 0.0000 0.0062 0.0000 0.0000 0.0000 0.0000 0.2409 0.0000 0.2534
213      213   (0)      4  : 0.0000 0.0000 0.0000 0.0158 0.0000 0.0000 0.6777 0.0000 0.0000 0.2938 0.0000 0.0000 0.0000 0.0000 0.0000 0.0000 0.0127
214      214   (0)      4  : 0.0000 0.0000 0.0139 0.0000 0.0000 0.0000 0.5286 0.0000 0.0040 0.4201 0.0000 0.0000 0.0000 0.0000 0.0070 0.0000 0.0264
215      215   (0)      4  : 0.0000 0.0000 0.0055 0.1468 0.0000 0.0000 0.2872 0.0000 0.0000 0.1919 0.0000 0.0000 0.0000 0.0000 0.2882 0.0000 0.0805
216      216   (0)      4  : 0.0000 0.0000 0.0000 0.0000 0.0000 0.0000 0.1537 0.0000 0.0000 0.8076 0.0000 0.0000 0.0000 0.0000 0.0175 0.0000 0.0212
217      217   (0)      4  : 0.0000 0.0000 1.0000 0.0000 0.0000 0.0000 0.0000 0.0000 0.0000 0.0000 0.0000 0.0000 0.0000 0.0000 0.0000 0.0000 0.0000
218      218   (0)      4  : 0.0226 0.0000 0.0000 0.0000 0.0000 0.0000 0.4774 0.0000 0.0000 0.4573 0.0000 0.0000 0.0000 0.0000 0.0427 0.0000 0.0000
219      219   (0)      4  : 0.0230 0.0000 0.0000 0.0000 0.0000 0.0000 0.7242 0.0000 0.0000 0.2474 0.0000 0.0000 0.0000 0.0000 0.0000 0.0000 0.0054
220      220   (0)      5  : 0.0000 0.1343 0.0000 0.0000 0.0000 0.0000 0.0000 0.3482 0.0000 0.0000 0.2316 0.1188 0.1527 0.0143 0.0000 0.0001 0.0000
221      221   (0)      5  : 0.0000 0.0000 0.0000 0.0000 0.0000 0.0000 0.0000 0.2344 0.0000 0.0000 0.1372 0.1283 0.0000 0.0000 0.0000 0.5000 0.0000
222      222   (0)      6  : 0.0000 0.0000 0.0000 0.0000 0.0000 0.2255 0.0000 0.0000 0.0000 0.0000 0.0787 0.1022 0.3188 0.0000 0.0000 0.2748 0.0000
223      223   (0)      6  : 0.0000 0.2061 0.0000 0.0000 0.0000 0.0903 0.0000 0.0000 0.0000 0.0000 0.1746 0.0000 0.3821 0.0000 0.0000 0.1467 0.0000
224      224   (0)      6  : 0.0000 0.2852 0.0000 0.0000 0.0000 0.2783 0.0000 0.1236 0.0000 0.0000 0.1434 0.0000 0.0782 0.0000 0.0000 0.0912 0.0000
225      225   (0)      6  : 0.0000 0.5000 0.0000 0.0000 0.0000 0.0000 0.0000 0.2752 0.0000 0.0000 0.0000 0.0000 0.2248 0.0000 0.0000 0.0000 0.0000
226      226   (0)      6  : 0.0000 0.1399 0.0000 0.0000 0.0000 0.1967 0.0000 0.3601 0.0000 0.0000 0.3033 0.0000 0.0000 0.0000 0.0000 0.0000 0.0000
227      227   (0)      6  : 0.0000 0.0719 0.0000 0.0000 0.0000 0.3737 0.0000 0.4186 0.0000 0.0000 0.0000 0.0000 0.1359 0.0000 0.0000 0.0000 0.0000
228      228   (0)      6  : 0.0000 0.0000 0.0000 0.0000 0.0000 0.0000 0.0000 0.0000 0.0000 0.0000 0.0000 0.5000 0.0000 0.0000 0.0000 0.5000 0.0000
229      229   (0)      6  : 0.0000 0.0739 0.0000 0.0000 0.0000 0.0000 0.0000 0.2414 0.0000 0.0000 0.0234 0.0000 0.2863 0.3750 0.0000 0.0000 0.0000
230      230   (0)      6  : 0.0000 0.1380 0.0000 0.0000 0.0000 0.3515 0.0000 0.0203 0.0000 0.0000 0.0000 0.0466 0.1792 0.2644 0.0000 0.0000 0.0000
231      231   (0)      6  : 0.0000 0.5000 0.0000 0.0000 0.0014 0.0000 0.0000 0.0000 0.0000 0.0000 0.0000 0.0000 0.2426 0.2560 0.0000 0.0000 0.0000
232      232   (0)      6  : 0.0000 0.0001 0.0000 0.0000 0.0000 0.3105 0.0000 0.0000 0.0000 0.0000 0.3696 0.0000 0.2197 0.0000 0.0000 0.1001 0.0000
233      233   (0)      6  : 0.0000 0.2631 0.0000 0.0000 0.0000 0.0000 0.0000 0.7369 0.0000 0.0000 0.0000 0.0000 0.0000 0.0000 0.0000 0.0000 0.0000
234      234   (0)      6  : 0.0000 0.0000 0.0000 0.0000 0.0000 0.0000 0.0000 0.0000 0.0000 0.0000 0.5000 0.5000 0.0000 0.0000 0.0000 0.0000 0.0000
235      235   (0)      6  : 0.0000 0.1876 0.0000 0.0000 0.0000 0.0000 0.0000 0.0000 0.0000 0.0000 0.4860 0.1301 0.1902 0.0000 0.0000 0.0061 0.0000
236      236   (0)      6  : 0.0000 0.0000 0.0000 0.0000 0.0000 0.0000 0.0000 0.0000 0.0000 0.0000 0.1783 0.3217 0.0000 0.0000 0.0000 0.5000 0.0000
237      237   (0)      6  : 0.0000 0.1164 0.0000 0.0000 0.0000 0.1057 0.0000 0.0000 0.0000 0.0000 0.0002 0.3306 0.2599 0.1871 0.0000 0.0000 0.0000
238      238   (0)      6  : 0.0000 0.0813 0.0000 0.0000 0.0000 0.0531 0.0000 0.4223 0.0000 0.0000 0.0000 0.2122 0.0000 0.2310 0.0000 0.0000 0.0000
239      239   (0)      6  : 0.0000 0.0462 0.0000 0.0000 0.0000 0.0000 0.0000 0.6811 0.0000 0.0000 0.0000 0.0054 0.2632 0.0000 0.0000 0.0040 0.0000
240      240   (0)      6  : 0.0000 0.2586 0.0000 0.0000 0.0001 0.2206 0.0000 0.2447 0.0000 0.0000 0.1548 0.0000 0.0000 0.1212 0.0000 0.0000 0.0000
241      241   (0)      6  : 0.0000 0.1798 0.0000 0.0000 0.0000 0.5000 0.0000 0.0000 0.0000 0.0000 0.0000 0.0000 0.0015 0.3187 0.0000 0.0000 0.0000
242      242   (0)      6  : 0.0000 0.1605 0.0000 0.0000 0.0000 0.0000 0.0000 0.0000 0.0000 0.0000 0.0000 0.2651 0.5717 0.0000 0.0000 0.0027 0.0000
243      243   (0)      6  : 0.0000 0.0673 0.0000 0.0000 0.0354 0.1118 0.0000 0.0344 0.0000 0.0000 0.5250 0.0000 0.0000 0.2260 0.0000 0.0000 0.0000
244      244   (0)      6  : 0.0000 0.2723 0.0000 0.0000 0.0000 0.0000 0.0000 0.0165 0.0000 0.0000 0.1983 0.0000 0.2861 0.0000 0.0000 0.2268 0.0000
245      245   (0)      6  : 0.0000 0.0000 0.0000 0.0000 0.0000 0.3536 0.0000 0.1482 0.0000 0.0000 0.1733 0.3249 0.0000 0.0000 0.0000 0.0000 0.0000
246      246   (0)      6  : 0.0000 0.2605 0.0000 0.0000 0.0000 0.4169 0.0000 0.0000 0.0000 0.0000 0.0000 0.1005 0.2220 0.0000 0.0000 0.0000 0.0000
247      247   (0)      6  : 0.0000 0.0000 0.0000 0.0000 0.0000 0.1476 0.0000 0.0000 0.0000 0.0000 0.8524 0.0000 0.0000 0.0000 0.0000 0.0000 0.0000
248      248   (0)      6  : 0.0000 0.0000 0.0000 0.0000 0.0000 0.6546 0.0000 0.0000 0.0000 0.0000 0.0000 0.0000 0.0000 0.3454 0.0000 0.0000 0.0000
249      249   (0)      7  : 0.0000 0.0000 0.0000 0.0000 0.0000 0.5000 0.0000 0.0000 0.0000 0.0000 0.0000 0.0000 0.1496 0.3504 0.0000 0.0000 0.0000
250      250   (0)      7  : 0.0000 0.0145 0.0000 0.0000 0.0000 0.2035 0.0000 0.0781 0.0000 0.0000 0.6139 0.0864 0.0000 0.0000 0.0000 0.0036 0.0000
251      251   (0)      7  : 0.0000 0.1480 0.0000 0.0000 0.0000 0.0000 0.0000 0.1858 0.0000 0.0000 0.3157 0.0000 0.1855 0.0000 0.0000 0.1650 0.0000
252      252   (0)      7  : 0.0000 0.3246 0.0000 0.0000 0.0000 0.3647 0.0000 0.0000 0.0000 0.0000 0.1409 0.1698 0.0000 0.0000 0.0000 0.0000 0.0000
253      253   (0)      7  : 0.0000 0.0000 0.0000 0.0000 0.0000 0.0000 0.0000 0.0000 0.0000 0.0000 0.0000 0.3989 0.4358 0.1163 0.0000 0.0489 0.0000
254      254   (0)      7  : 0.0000 0.0298 0.0000 0.0000 0.0000 0.0000 0.0000 0.0000 0.0000 0.0000 0.0000 0.0000 0.2551 0.7151 0.0000 0.0000 0.0000
255      255   (0)      7  : 0.0000 0.0665 0.0000 0.0000 0.0000 0.3078 0.0000 0.3406 0.0000 0.0000 0.0000 0.0000 0.0000 0.2851 0.0000 0.0000 0.0000
256      256   (0)      7  : 0.0000 0.1148 0.0000 0.0000 0.0000 0.1864 0.0000 0.0000 0.0000 0.0000 0.0440 0.2734 0.0581 0.3186 0.0000 0.0048 0.0000
257      257   (0)      7  : 0.0000 0.5000 0.0000 0.0000 0.0000 0.0000 0.0000 0.2015 0.0000 0.0000 0.0000 0.0000 0.2985 0.0000 0.0000 0.0000 0.0000
258      258   (0)      7  : 0.0000 0.0000 0.0000 0.0000 0.0000 0.0000 0.0000 0.5000 0.0000 0.0000 0.5000 0.0000 0.0000 0.0000 0.0000 0.0000 0.0000
259      259   (0)      7  : 0.0000 0.0632 0.0000 0.0000 0.0000 0.0078 0.0000 0.0000 0.0000 0.0000 0.7189 0.0000 0.0892 0.0000 0.0000 0.1209 0.0000
260      260   (0)      7  : 0.0000 0.1488 0.0000 0.0000 0.0000 0.0000 0.0000 0.1068 0.0000 0.0000 0.0000 0.0000 0.0000 0.7444 0.0000 0.0000 0.0000
261      261   (0)      7  : 0.0000 0.2410 0.0000 0.0000 0.0000 0.1793 0.0000 0.0000 0.0000 0.0000 0.0000 0.2590 0.1338 0.0000 0.0000 0.1869 0.0000
262      262   (0)      7  : 0.0000 0.0000 0.0000 0.0000 0.0000 0.2406 0.0000 0.0000 0.0000 0.0000 0.0000 0.2594 0.3359 0.1641 0.0000 0.0000 0.0000
263      263   (0)      7  : 0.0000 0.0000 0.0000 0.0000 0.0000 0.3175 0.0000 0.0699 0.0000 0.0000 0.0000 0.3433 0.1179 0.0621 0.0000 0.0892 0.0000
264      264   (0)      7  : 0.0000 0.0000 0.0000 0.0000 0.0000 0.7493 0.0000 0.2507 0.0000 0.0000 0.0000 0.0000 0.0000 0.0000 0.0000 0.0000 0.0000
265      265   (0)      7  : 0.0000 0.0000 0.0000 0.0000 0.0000 0.0000 0.0000 0.0000 0.0000 0.0000 0.0000 0.1747 0.6354 0.1137 0.0000 0.0762 0.0000
266      266   (0)      7  : 0.0000 0.1244 0.0000 0.0000 0.0000 0.3266 0.0000 0.0000 0.0088 0.0000 0.0633 0.2870 0.0000 0.0000 0.0000 0.1898 0.0000
267      267   (0)      7  : 0.0000 0.0000 0.0000 0.0000 0.0000 0.0000 0.0000 0.0044 0.0000 0.0000 0.0000 0.0000 0.4956 0.2111 0.0000 0.2889 0.0000
268      268   (0)      7  : 0.0000 0.4074 0.0000 0.0000 0.0000 0.4236 0.0000 0.0000 0.0000 0.0000 0.0000 0.0000 0.1689 0.0000 0.0000 0.0000 0.0000
269      269   (0)      7  : 0.0000 0.0000 0.0000 0.0000 0.0000 0.0000 0.0000 0.2509 0.0000 0.0000 0.0000 0.1168 0.1323 0.0000 0.0000 0.5000 0.0000
270      270   (0)      7  : 0.0000 0.5000 0.0000 0.0000 0.0000 0.2444 0.0000 0.0000 0.0000 0.0000 0.0000 0.0000 0.0000 0.0000 0.0000 0.2556 0.0000
271      271   (0)      7  : 0.0000 0.0000 0.0000 0.0000 0.0000 0.0000 0.0000 0.0835 0.0000 0.0000 0.0000 0.2024 0.5676 0.0000 0.0000 0.1464 0.0000
272      272   (0)      7  : 0.0000 0.0000 0.0000 0.0000 0.0000 0.1337 0.0000 0.0000 0.0000 0.0000 0.0000 0.2465 0.3904 0.0000 0.0000 0.2294 0.0000
273      273   (0)      7  : 0.0000 0.3593 0.0000 0.0000 0.0000 0.0000 0.0000 0.4270 0.0000 0.0000 0.1396 0.0000 0.0000 0.0000 0.0000 0.0742 0.0000
274      274   (0)      7  : 0.0000 0.0000 0.0000 0.0000 0.0000 0.0000 0.0000 0.2836 0.0000 0.0000 0.0000 0.2178 0.0000 0.2164 0.0000 0.2822 0.0000
275      275   (0)      7  : 0.0000 0.2208 0.0000 0.0000 0.0000 0.0000 0.0000 0.0018 0.0000 0.0000 0.1662 0.0000 0.3321 0.2792 0.0000 0.0000 0.0000
276      276   (0)      7  : 0.0000 0.5656 0.0000 0.0000 0.0000 0.1586 0.0000 0.0000 0.0000 0.0000 0.2381 0.0000 0.0377 0.0000 0.0000 0.0000 0.0000
277      277   (0)      7  : 0.0000 0.4913 0.0000 0.0000 0.0000 0.2859 0.0000 0.0000 0.0000 0.0000 0.2228 0.0000 0.0000 0.0000 0.0000 0.0000 0.0000
278      278   (0)      7  : 0.0000 0.1550 0.0000 0.0000 0.0000 0.8450 0.0000 0.0000 0.0000 0.0000 0.0000 0.0000 0.0000 0.0000 0.0000 0.0000 0.0000
279      279   (0)      8  : 0.0000 0.2527 0.0000 0.0000 0.0000 0.1557 0.0000 0.1261 0.0000 0.0000 0.0000 0.0000 0.4655 0.0000 0.0000 0.0000 0.0000
280      280   (0)      8  : 0.0000 0.1306 0.0000 0.0000 0.0000 0.0254 0.0000 0.0000 0.0000 0.0000 0.1037 0.0000 0.5100 0.0000 0.0000 0.2303 0.0000
281      281   (0)      8  : 0.0000 0.3251 0.0000 0.0000 0.0000 0.0000 0.0000 0.0000 0.0000 0.0000 0.2473 0.0000 0.1391 0.0000 0.0000 0.2885 0.0000
282      282   (0)      8  : 0.0000 0.0192 0.0000 0.0000 0.0000 0.0000 0.0000 0.0000 0.0000 0.0000 0.0000 0.0000 0.0000 0.1435 0.0000 0.8373 0.0000
283      283   (0)      8  : 0.0000 0.6309 0.0000 0.0000 0.0000 0.0000 0.0000 0.1347 0.0024 0.0000 0.0000 0.2320 0.0000 0.0000 0.0000 0.0000 0.0000
284      284   (0)      8  : 0.0000 0.0000 0.0000 0.0000 0.0000 0.6210 0.0000 0.0000 0.0000 0.0000 0.0000 0.1018 0.0090 0.0000 0.0000 0.2682 0.0000
285      285   (0)      8  : 0.0000 0.0762 0.0000 0.0000 0.0000 0.4251 0.0000 0.0346 0.0000 0.0000 0.2868 0.0000 0.0000 0.0000 0.0000 0.1773 0.0000
286      286   (0)      8  : 0.0000 0.2980 0.0000 0.0000 0.0000 0.0000 0.0000 0.0000 0.0000 0.0000 0.1795 0.0719 0.2687 0.0000 0.0000 0.1819 0.0000
287      287   (0)      8  : 0.0000 0.3424 0.0000 0.0000 0.0000 0.1675 0.0000 0.0930 0.0000 0.0000 0.0000 0.0000 0.0000 0.2214 0.0000 0.1756 0.0000
288      288   (0)      8  : 0.0000 0.0000 0.0000 0.0000 0.0000 0.0000 0.0000 0.0000 0.0000 0.0000 0.0000 0.0000 0.0000 0.0000 0.0000 1.0000 0.0000
289      289   (0)      8  : 0.0000 0.0000 0.0000 0.0000 0.0000 0.0000 0.0000 0.0000 0.0000 0.0000 0.0000 0.0000 0.0000 1.0000 0.0000 0.0000 0.0000
290      290   (0)      5  : 0.0000 0.0000 0.0000 0.0000 0.0000 0.0000 0.0000 0.0000 0.0000 0.0000 0.0000 1.0000 0.0000 0.0000 0.0000 0.0000 0.0000
291      291   (0)      5  : 0.0000 0.5000 0.0000 0.0000 0.0000 0.1650 0.0000 0.1907 0.0000 0.0000 0.0000 0.0000 0.1443 0.0000 0.0000 0.0000 0.0000
292      292   (0)      5  : 0.0000 0.0000 0.0000 0.0000 0.0000 0.0000 0.0000 0.0000 0.0000 0.0000 0.0000 0.0000 0.5000 0.5000 0.0000 0.0000 0.0000
293      293   (0)      5  : 0.0000 0.0000 0.0000 0.0000 0.0000 0.2632 0.0000 0.2902 0.0055 0.0000 0.0000 0.0000 0.2103 0.2308 0.0000 0.0000 0.0000
294      294   (0)      5  : 0.0000 0.0973 0.0000 0.0000 0.0000 0.0962 0.0000 0.0832 0.0000 0.0000 0.0554 0.1369 0.2325 0.2064 0.0000 0.0921 0.0000
295      295   (0)      5  : 0.0000 0.0000 0.0000 0.0000 0.0000 0.1124 0.0000 0.3152 0.0000 0.0000 0.0048 0.3778 0.0469 0.0914 0.0000 0.0515 0.0000
296      296   (0)      5  : 0.0000 0.5000 0.0000 0.0000 0.0000 0.0000 0.0000 0.0000 0.0000 0.0000 0.0000 0.0000 0.5000 0.0000 0.0000 0.0000 0.0000
297      297   (0)      5  : 0.0000 0.4012 0.0000 0.0000 0.0000 0.0988 0.0000 0.1734 0.0000 0.0000 0.0000 0.0000 0.1460 0.1807 0.0000 0.0000 0.0000
298      298   (0)      5  : 0.0000 0.1571 0.0000 0.0000 0.0000 0.3503 0.0000 0.0000 0.0000 0.0000 0.3026 0.0543 0.1357 0.0000 0.0000 0.0000 0.0000
299      299   (0)      5  : 0.0000 0.2039 0.0000 0.0000 0.0000 0.0000 0.0000 0.0857 0.0000 0.0000 0.4453 0.0000 0.1431 0.0000 0.0000 0.1220 0.0000
300      300   (0)      5  : 0.0000 0.1049 0.0000 0.0000 0.0000 0.0000 0.0000 0.0000 0.0000 0.0000 0.2356 0.0000 0.3734 0.2861 0.0000 0.0000 0.0000
301      301   (0)      5  : 0.0000 0.2879 0.0000 0.0000 0.0000 0.0000 0.0000 0.2121 0.0000 0.0000 0.0000 0.0000 0.5000 0.0000 0.0000 0.0000 0.0000
302      302   (0)      5  : 0.0000 0.0922 0.0000 0.0000 0.0000 0.2010 0.0000 0.1945 0.0000 0.0000 0.0000 0.3271 0.0000 0.0000 0.0000 0.1852 0.0000
303      303   (0)      5  : 0.0000 0.0024 0.0000 0.0000 0.0000 0.2217 0.0000 0.0000 0.0000 0.0000 0.0000 0.7759 0.0000 0.0000 0.0000 0.0000 0.0000
304      304   (0)      5  : 0.0000 0.0000 0.0000 0.0000 0.0000 0.2342 0.0000 0.2801 0.0000 0.0000 0.0413 0.0000 0.1578 0.2866 0.0000 0.0000 0.0000
305      305   (0)      5  : 0.0000 0.2734 0.0000 0.0000 0.0000 0.0000 0.0000 0.2266 0.0000 0.0000 0.0000 0.0000 0.2887 0.0000 0.0000 0.2113 0.0000
306      306   (0)      5  : 0.0000 0.3429 0.0000 0.0000 0.0000 0.0000 0.0000 0.1571 0.0000 0.0000 0.5000 0.0000 0.0000 0.0000 0.0000 0.0000 0.0000
307      307   (0)      5  : 0.0000 0.1133 0.0000 0.0000 0.0307 0.0176 0.0000 0.0547 0.0000 0.0000 0.2592 0.0400 0.1633 0.2544 0.0000 0.0668 0.0000
308      308   (0)      5  : 0.0000 0.0000 0.0000 0.0000 0.0000 0.0000 0.0000 0.0000 0.0071 0.0000 0.0000 0.1539 0.7516 0.0000 0.0000 0.0874 0.0000
309      309   (0)      5  : 0.0000 0.1552 0.0000 0.0000 0.0000 0.1407 0.0000 0.0000 0.0000 0.0000 0.0000 0.1999 0.5000 0.0000 0.0000 0.0042 0.0000
310      310   (0)      5  : 0.0000 0.0000 0.0000 0.0000 0.0000 0.0000 0.0000 0.0000 0.0000 0.0000 0.0000 0.0000 0.5000 0.0000 0.0000 0.5000 0.0000
311      311   (0)      5  : 0.0000 0.2641 0.0000 0.0000 0.0000 0.0000 0.0000 0.0000 0.0107 0.0000 0.1960 0.0000 0.0000 0.5292 0.0000 0.0000 0.0000
312      312   (0)      5  : 0.0000 0.0841 0.0000 0.0000 0.0000 0.1574 0.0000 0.1723 0.0000 0.0000 0.0000 0.2644 0.2736 0.0000 0.0000 0.0482 0.0000
313      313   (0)      5  : 0.0000 0.0000 0.0000 0.0000 0.0000 0.0000 0.0000 0.1943 0.0000 0.0000 0.0000 0.3246 0.0000 0.1754 0.0000 0.3057 0.0000
314      314   (0)      5  : 0.0000 0.2790 0.0000 0.0000 0.0000 0.0000 0.0000 0.0893 0.0000 0.0000 0.0000 0.2378 0.1317 0.0000 0.0000 0.2622 0.0000
315      315   (0)      5  : 0.0000 0.5000 0.0000 0.0000 0.0000 0.2300 0.0000 0.0000 0.0000 0.0000 0.2700 0.0000 0.0000 0.0000 0.0000 0.0000 0.0000
316      316   (0)      5  : 0.0000 0.0000 0.0000 0.0000 0.0000 0.0000 0.0000 0.5000 0.0000 0.0000 0.0000 0.5000 0.0000 0.0000 0.0000 0.0000 0.0000
317      317   (0)      5  : 0.0000 0.0000 0.0000 0.0000 0.0000 0.3393 0.0000 0.0000 0.0000 0.0000 0.0001 0.0000 0.6606 0.0000 0.0000 0.0000 0.0000
318      318   (0)      8  : 0.0000 0.3324 0.0000 0.0000 0.0000 0.0000 0.0000 0.0000 0.0000 0.0000 0.1485 0.3790 0.1401 0.0000 0.0000 0.0000 0.0000
319      319   (0)      8  : 0.0000 0.0000 0.0000 0.0000 0.0000 0.1132 0.0000 0.0000 0.0000 0.0000 0.0000 0.2675 0.5000 0.0000 0.0000 0.1193 0.0000
320      320   (0)      9  : 0.0000 0.0000 0.0000 0.0000 0.0000 0.4044 0.0000 0.0000 0.0000 0.0000 0.0000 0.3397 0.1084 0.0000 0.0000 0.1476 0.0000
321      321   (0)      9  : 0.0000 0.1304 0.0000 0.0000 0.0000 0.0000 0.0000 0.0000 0.0010 0.0000 0.5000 0.2432 0.1254 0.0000 0.0000 0.0000 0.0000
322      322   (0)      9  : 0.0000 0.2180 0.0000 0.0000 0.0000 0.2204 0.0000 0.0310 0.0000 0.0000 0.0000 0.1451 0.1425 0.0000 0.0000 0.2430 0.0000
323      323   (0)      9  : 0.0000 0.0700 0.0000 0.0000 0.0000 0.2416 0.0000 0.3069 0.0000 0.0000 0.1011 0.1994 0.0807 0.0000 0.0000 0.0004 0.0000
324      324   (0)      9  : 0.0000 0.5000 0.0000 0.0000 0.0000 0.0720 0.0000 0.0500 0.0000 0.0000 0.0000 0.0000 0.2643 0.0000 0.0000 0.1137 0.0000
325      325   (0)      8  : 0.0000 0.0000 0.0000 0.0000 0.0000 0.0000 0.0000 0.0000 0.0000 0.0000 0.0000 0.0000 0.0000 1.0000 0.0000 0.0000 0.0000
326      326   (0)      8  : 0.0000 0.2590 0.0000 0.0000 0.0000 0.0764 0.0000 0.0000 0.0000 0.0000 0.1001 0.2087 0.0601 0.0001 0.0000 0.2957 0.0000
327      327   (0)      8  : 0.0000 0.1262 0.0000 0.0000 0.0000 0.2642 0.0000 0.0000 0.0000 0.0000 0.0000 0.1245 0.4285 0.0566 0.0000 0.0000 0.0000
328      328   (0)      8  : 0.0000 0.0942 0.0000 0.0000 0.0000 0.2549 0.0000 0.0000 0.0000 0.0000 0.0000 0.0000 0.5643 0.0865 0.0000 0.0000 0.0000
329      329   (0)      8  : 0.0000 0.0000 0.0000 0.0000 0.0000 1.0000 0.0000 0.0000 0.0000 0.0000 0.0000 0.0000 0.0000 0.0000 0.0000 0.0000 0.0000
330      330   (0)      9  : 0.0000 0.2540 0.0000 0.0000 0.0000 0.0001 0.0000 0.0000 0.0000 0.0000 0.0677 0.0000 0.6782 0.0000 0.0000 0.0000 0.0000
331      331   (0)      9  : 0.0000 0.0000 0.0000 0.0000 0.0000 0.4620 0.0000 0.0000 0.0000 0.0000 0.0993 0.2064 0.0000 0.0000 0.0000 0.2323 0.0000
332      332   (0)      9  : 0.0000 0.0002 0.0000 0.0000 0.0000 0.1158 0.0000 0.0001 0.0000 0.0000 0.0014 0.1651 0.2174 0.0000 0.0000 0.5000 0.0000
333      333   (0)      9  : 0.0000 0.0000 0.0000 0.0000 0.0000 0.0000 0.0000 0.3301 0.0000 0.0000 0.0000 0.0000 0.0000 0.6699 0.0000 0.0000 0.0000
334      334   (0)      9  : 0.0000 0.0577 0.0000 0.0000 0.0000 0.0784 0.0000 0.0000 0.0000 0.0000 0.0000 0.6037 0.1087 0.1516 0.0000 0.0000 0.0000
335      335   (0)      9  : 0.0000 0.0000 0.0000 0.0000 0.0000 0.0000 0.0000 0.0000 0.0000 0.0000 1.0000 0.0000 0.0000 0.0000 0.0000 0.0000 0.0000
336      336   (0)      8  : 0.0000 0.0000 0.0000 0.0000 0.0000 0.2819 0.0000 0.0000 0.0000 0.0000 0.0000 0.0000 0.0000 0.0000 0.0000 0.7181 0.0000
337      337   (0)      8  : 0.0000 0.2269 0.0000 0.0000 0.0000 0.1363 0.0000 0.0000 0.0000 0.0000 0.0000 0.0000 0.3637 0.0000 0.0000 0.2731 0.0000
338      338   (0)      8  : 0.0000 0.0000 0.0000 0.0000 0.0000 0.0000 0.0000 0.0000 0.0000 0.0000 0.0000 0.5000 0.0000 0.0000 0.0000 0.5000 0.0000
339      339   (0)      8  : 0.0000 0.1440 0.0000 0.0000 0.0000 0.0587 0.0000 0.1741 0.0000 0.0000 0.0949 0.0000 0.2875 0.2195 0.0000 0.0213 0.0000
340      340   (0)      8  : 0.0000 0.3734 0.0000 0.0000 0.0000 0.0000 0.0000 0.0034 0.0000 0.0000 0.2810 0.0000 0.2343 0.0000 0.0000 0.1079 0.0000
341      341   (0)      8  : 0.0000 0.5701 0.0000 0.0000 0.0149 0.0000 0.0000 0.0837 0.0000 0.0000 0.0000 0.0000 0.2432 0.0000 0.0000 0.0881 0.0000
342      342   (0)      8  : 0.0000 0.0676 0.0000 0.0000 0.0000 0.0000 0.0000 0.0603 0.0000 0.0000 0.0609 0.0000 0.1464 0.0305 0.0000 0.6343 0.0000
343      343   (0)      9  : 0.0000 0.2454 0.0000 0.0000 0.0000 0.0000 0.0000 0.0000 0.0000 0.0000 0.5693 0.0000 0.0000 0.1853 0.0000 0.0000 0.0000
344      344   (0)      9  : 0.0000 0.3780 0.0000 0.0000 0.0000 0.2892 0.0000 0.0000 0.0000 0.0000 0.0000 0.0000 0.0000 0.3328 0.0000 0.0000 0.0000
345      345   (0)      9  : 0.0000 0.2773 0.0000 0.0000 0.0000 0.5000 0.0000 0.0000 0.0000 0.0000 0.0000 0.1010 0.1217 0.0000 0.0000 0.0000 0.0000
346      346   (0)      9  : 0.0000 0.1937 0.0000 0.0000 0.0050 0.1349 0.0000 0.0901 0.0000 0.0000 0.2300 0.0891 0.1228 0.1288 0.0000 0.0057 0.0000
347      347   (0)      9  : 0.0000 0.0000 0.0000 0.0000 0.0000 0.8256 0.0000 0.0000 0.0000 0.0000 0.0000 0.0000 0.1744 0.0000 0.0000 0.0000 0.0000
348      348   (0)      9  : 0.0000 0.2320 0.0000 0.0000 0.0000 0.0000 0.0000 0.0983 0.0023 0.0000 0.4755 0.0745 0.1174 0.0000 0.0000 0.0000 0.0000
349      349   (0)      9  : 0.0000 0.0000 0.0000 0.0000 0.0044 0.1683 0.0000 0.0000 0.0149 0.0000 0.5727 0.0000 0.0883 0.0000 0.0000 0.1514 0.0000
350      350   (0)      9  : 0.0000 0.1118 0.0000 0.0000 0.0000 0.0000 0.0000 0.2655 0.0000 0.0000 0.0000 0.2778 0.0000 0.1150 0.0000 0.2299 0.0000
351      351   (0)      9  : 0.0000 0.3865 0.0000 0.0000 0.0130 0.0649 0.0000 0.0000 0.0000 0.0000 0.0000 0.1671 0.0865 0.2821 0.0000 0.0000 0.0000
352      352   (0)      9  : 0.0000 0.0456 0.0000 0.0000 0.0000 0.0000 0.0000 0.5504 0.0000 0.0000 0.0000 0.2013 0.0000 0.1243 0.0000 0.0784 0.0000
353      353   (0)      9  : 0.0000 0.1967 0.0000 0.0000 0.0053 0.0323 0.0000 0.2401 0.0000 0.0000 0.0989 0.0000 0.0000 0.3004 0.0000 0.1261 0.0000
354      354   (0)      9  : 0.0000 0.2438 0.0000 0.0000 0.0000 0.3265 0.0000 0.0000 0.0000 0.0000 0.1045 0.2285 0.0007 0.0960 0.0000 0.0000 0.0000
355      355   (0)      9  : 0.0000 0.0000 0.0000 0.0000 0.0000 0.3310 0.0000 0.0177 0.0014 0.0000 0.0000 0.3273 0.0678 0.0000 0.0000 0.2547 0.0000
356      356   (0)      9  : 0.0000 0.0058 0.0000 0.0000 0.0000 0.0604 0.0000 0.0000 0.0000 0.0000 0.5000 0.1190 0.0776 0.1610 0.0000 0.0763 0.0000
357      357   (0)      9  : 0.0000 0.3976 0.0000 0.0000 0.0000 0.0673 0.0000 0.0000 0.0000 0.0000 0.2982 0.0000 0.0209 0.2159 0.0000 0.0000 0.0000
358      358   (0)      9  : 0.0000 0.0543 0.0000 0.0000 0.0000 0.0000 0.0000 0.1999 0.0000 0.0000 0.0015 0.0000 0.6390 0.0000 0.0000 0.1052 0.0000
359      359   (0)      9  : 0.0000 0.1100 0.0000 0.0000 0.0000 0.0000 0.0000 0.5000 0.0000 0.0000 0.0000 0.0000 0.1494 0.1358 0.0000 0.1048 0.0000
360      360   (0)      9  : 0.0000 1.0000 0.0000 0.0000 0.0000 0.0000 0.0000 0.0000 0.0000 0.0000 0.0000 0.0000 0.0000 0.0000 0.0000 0.0000 0.0000
361      361   (0)      9  : 0.0000 0.0000 0.0000 0.0000 0.0000 0.2023 0.0000 0.6146 0.0000 0.0000 0.0000 0.1097 0.0734 0.0000 0.0000 0.0000 0.0000
362      362   (0)     10  : 0.0000 0.3194 0.0000 0.0000 0.0000 0.1543 0.0000 0.0000 0.0000 0.0000 0.0000 0.2483 0.2780 0.0000 0.0000 0.0000 0.0000
363      363   (0)     10  : 0.0000 0.1781 0.0000 0.0000 0.0000 0.6775 0.0000 0.0000 0.0000 0.0000 0.0000 0.1399 0.0044 0.0000 0.0000 0.0000 0.0000
364      364   (0)     10  : 0.0000 0.3974 0.0000 0.0000 0.0000 0.3424 0.0000 0.0653 0.0000 0.0000 0.0132 0.0000 0.0381 0.0000 0.0000 0.1436 0.0000
365      365   (0)     10  : 0.0000 0.0000 0.0000 0.0000 0.0000 0.2195 0.0000 0.0000 0.0000 0.0000 0.0000 0.2805 0.5000 0.0000 0.0000 0.0000 0.0000
366      366   (0)     10  : 0.0000 0.0000 0.0000 0.0000 0.0000 0.3348 0.0000 0.1741 0.0000 0.0000 0.0000 0.0000 0.1445 0.3466 0.0000 0.0000 0.0000
367      367   (0)     10  : 0.0000 0.4018 0.0000 0.0000 0.0121 0.4144 0.0000 0.0000 0.0000 0.0000 0.0453 0.0260 0.0186 0.0000 0.0000 0.0818 0.0000
368      368   (0)     10  : 0.0000 0.0000 0.0000 0.0000 0.0000 0.0000 0.0000 0.0000 0.0000 0.0000 0.0000 0.2114 0.0000 0.7886 0.0000 0.0000 0.0000
369      369   (0)     10  : 0.0000 0.0000 0.0000 0.0000 0.0000 0.0807 0.0000 0.5000 0.0000 0.0000 0.1422 0.0000 0.1149 0.1623 0.0000 0.0000 0.0000
370      370   (0)     10  : 0.0000 0.0000 0.0000 0.0000 0.0000 0.0000 0.0000 0.0000 0.0000 0.0000 0.5000 0.0000 0.0000 0.0000 0.0000 0.5000 0.0000
371      371   (0)     10  : 0.0000 0.0000 0.0000 0.0000 0.0000 0.7099 0.0000 0.1030 0.0000 0.0000 0.0000 0.0000 0.0000 0.1871 0.0000 0.0000 0.0000
372      372   (0)     10  : 0.0000 0.0690 0.0000 0.0000 0.0000 0.1318 0.0000 0.0000 0.0000 0.0000 0.4067 0.0937 0.1240 0.0000 0.0000 0.1748 0.0000
373      373   (0)     10  : 0.0000 0.0000 0.0000 0.0000 0.0000 0.3331 0.0000 0.0000 0.0000 0.0000 0.0000 0.1945 0.2682 0.0000 0.0000 0.2041 0.0000
374      374   (0)     10  : 0.0000 0.0000 0.0000 0.0000 0.0000 1.0000 0.0000 0.0000 0.0000 0.0000 0.0000 0.0000 0.0000 0.0000 0.0000 0.0000 0.0000
375      375   (0)     10  : 0.0000 0.1034 0.0000 0.0000 0.0000 0.5762 0.0000 0.0000 0.0000 0.0000 0.0763 0.1557 0.0881 0.0003 0.0000 0.0000 0.0000
376      376   (0)     10  : 0.0000 0.3194 0.0000 0.0000 0.0000 0.0064 0.0000 0.0000 0.0074 0.0000 0.0000 0.2985 0.1623 0.0000 0.0000 0.2060 0.0000
377      377   (0)     10  : 0.0000 0.1178 0.0000 0.0000 0.0000 0.3253 0.0000 0.0693 0.0232 0.0000 0.2244 0.0000 0.0754 0.0022 0.0000 0.1624 0.0000
378      378   (0)     10  : 0.0000 0.0385 0.0000 0.0000 0.0000 0.1507 0.0000 0.0000 0.0000 0.0000 0.8108 0.0000 0.0000 0.0000 0.0000 0.0000 0.0000
379      379   (0)     10  : 0.0000 0.0000 0.0000 0.0000 0.0000 0.0948 0.0000 0.0000 0.0000 0.0000 0.0000 0.9052 0.0000 0.0000 0.0000 0.0000 0.0000
380      380   (0)     10  : 0.0000 0.0000 0.0000 0.0000 0.0000 0.0000 0.0000 0.2113 0.0000 0.0000 0.0000 0.0000 0.0000 0.7887 0.0000 0.0000 0.0000
381      381   (0)     10  : 0.0000 0.7718 0.0000 0.0000 0.0000 0.0000 0.0000 0.0000 0.0000 0.0000 0.0000 0.0000 0.2282 0.0000 0.0000 0.0000 0.0000
382      382   (0)     10  : 0.0000 0.2332 0.0000 0.0000 0.0000 0.2793 0.0000 0.0929 0.0000 0.0000 0.0000 0.1133 0.0631 0.2182 0.0000 0.0000 0.0000
383      383   (0)     10  : 0.0000 0.0000 0.0000 0.0000 0.0218 0.0000 0.0000 0.5000 0.0000 0.0000 0.3247 0.1535 0.0000 0.0000 0.0000 0.0000 0.0000
384      384   (0)     10  : 0.0000 0.2818 0.0000 0.0000 0.0000 0.1074 0.0000 0.0481 0.0000 0.0000 0.2469 0.0779 0.1739 0.0000 0.0000 0.0640 0.0000
385      385   (0)     10  : 0.0000 0.2190 0.0000 0.0000 0.0000 0.0000 0.0000 0.0000 0.0000 0.0000 0.2810 0.0000 0.5000 0.0000 0.0000 0.0000 0.0000
386      386   (0)     10  : 0.0000 0.0000 0.0000 0.0000 0.0000 0.0000 0.0000 0.5000 0.0000 0.0000 0.0000 0.0000 0.0000 0.0000 0.0000 0.5000 0.0000
387      387   (0)     10  : 0.0000 0.2484 0.0000 0.0000 0.0000 0.0000 0.0000 0.0000 0.0000 0.0000 0.0000 0.0124 0.5018 0.0000 0.0000 0.2374 0.0000
388      388   (0)     10  : 0.0000 0.3731 0.0000 0.0000 0.0000 0.5000 0.0000 0.0000 0.0000 0.0000 0.1233 0.0000 0.0036 0.0000 0.0000 0.0000 0.0000
389      389   (0)     10  : 0.0000 0.0000 0.0000 0.0000 0.0000 0.0895 0.0000 0.2910 0.0000 0.0000 0.0009 0.1522 0.3137 0.0000 0.0000 0.1527 0.0000
390      390   (0)      8  : 0.0000 0.3132 0.0000 0.0000 0.0151 0.0003 0.0000 0.0708 0.0000 0.0000 0.0000 0.3198 0.0842 0.1966 0.0000 0.0000 0.0000
391      391   (0)      8  : 0.0000 0.1668 0.0000 0.0000 0.0000 0.1315 0.0000 0.0000 0.0000 0.0000 0.0000 0.0003 0.1910 0.3123 0.0000 0.1982 0.0000
392      392   (0)      8  : 0.0000 0.0000 0.0000 0.0000 0.0000 0.0000 0.0000 0.0000 0.0000 0.0000 0.0000 0.5000 0.0000 0.5000 0.0000 0.0000 0.0000
393      393   (0)     11  : 0.0000 0.0000 0.0000 0.0000 0.0000 0.3117 0.0000 0.0973 0.0000 0.0000 0.0000 0.0833 0.0000 0.5076 0.0000 0.0000 0.0000
394      394   (0)     11  : 0.0000 0.0000 0.0000 0.0000 0.0000 0.1302 0.0000 0.0000 0.0000 0.0000 0.0000 0.2018 0.1447 0.0000 0.0000 0.5234 0.0000
395      395   (0)     11  : 0.0093 0.0929 0.0000 0.0000 0.0000 0.1224 0.0000 0.0000 0.0102 0.0000 0.0000 0.1364 0.0002 0.2824 0.0000 0.3461 0.0000
396      396   (0)     11  : 0.0000 0.0780 0.0000 0.0182 0.0084 0.2857 0.0000 0.0002 0.0000 0.0000 0.0000 0.0932 0.1082 0.3865 0.0000 0.0000 0.0216
397      397   (0)     11  : 0.0000 0.1954 0.0000 0.0000 0.0000 0.0000 0.0000 0.0000 0.0000 0.0000 0.6740 0.0000 0.0000 0.0000 0.0000 0.1306 0.0000
398      398   (0)     11  : 0.0000 0.2699 0.0000 0.0000 0.0000 0.2873 0.0000 0.0000 0.0000 0.0000 0.0000 0.0923 0.2541 0.0964 0.0000 0.0000 0.0000
399      399   (0)     11  : 0.0000 0.0000 0.0000 0.0000 0.0000 0.3930 0.0000 0.0000 0.0000 0.0000 0.3342 0.0000 0.1590 0.0000 0.0000 0.1138 0.0000
400      400   (0)     11  : 0.0000 0.5412 0.0000 0.0000 0.0000 0.0000 0.0000 0.0000 0.0000 0.0000 0.2529 0.2058 0.0000 0.0000 0.0000 0.0000 0.0000
401      401   (0)     11  : 0.0000 0.0000 0.0000 0.0000 0.0000 0.2352 0.0000 0.2651 0.0000 0.0000 0.1423 0.3571 0.0003 0.0000 0.0000 0.0000 0.0000
402      402   (0)     11  : 0.0000 0.0000 0.0000 0.0000 0.0000 0.3905 0.0000 0.1305 0.0000 0.0000 0.0299 0.3917 0.0000 0.0575 0.0000 0.0000 0.0000
403      403   (0)     11  : 0.0000 0.5000 0.0000 0.0000 0.0000 0.0000 0.0000 0.0000 0.0000 0.0000 0.5000 0.0000 0.0000 0.0000 0.0000 0.0000 0.0000
404      404   (0)     11  : 0.0000 0.1010 0.0000 0.0000 0.0000 0.0325 0.0000 0.0408 0.0000 0.0000 0.1667 0.0333 0.0424 0.5833 0.0000 0.0000 0.0000
405      405   (0)     11  : 0.0000 0.1018 0.0000 0.0000 0.0582 0.0000 0.0000 0.1002 0.0131 0.0000 0.1468 0.0907 0.0000 0.4893 0.0000 0.0000 0.0000
406      406   (0)     11  : 0.0000 0.0000 0.0000 0.0000 0.0000 0.2130 0.0000 0.1029 0.0000 0.0000 0.0263 0.2870 0.3493 0.0215 0.0000 0.0000 0.0000
407      407   (0)     11  : 0.0000 0.0000 0.0000 0.0000 0.0000 0.1211 0.0000 0.5656 0.0000 0.0000 0.1404 0.0950 0.0000 0.0000 0.0000 0.0779 0.0000
408      408   (0)     11  : 0.0000 0.3104 0.0000 0.0000 0.0000 0.0000 0.0000 0.0686 0.0000 0.0000 0.0837 0.0000 0.0000 0.2315 0.0000 0.3058 0.0000
409      409   (0)     11  : 0.0000 0.2466 0.0000 0.0000 0.0000 0.2734 0.0000 0.0866 0.0087 0.0000 0.1313 0.0000 0.0000 0.2534 0.0000 0.0000 0.0000
410      410   (0)     11  : 0.0000 0.0000 0.0000 0.0000 0.0000 0.7604 0.0000 0.0393 0.0000 0.0000 0.0000 0.0000 0.0000 0.2003 0.0000 0.0000 0.0000
411      411   (0)     11  : 0.0000 0.0917 0.0000 0.0000 0.0000 0.2599 0.0000 0.0000 0.0000 0.0000 0.0000 0.2427 0.1143 0.0806 0.0000 0.2108 0.0000
412      412   (0)     11  : 0.0000 0.1384 0.0000 0.0000 0.0000 0.0000 0.0000 0.2895 0.0000 0.0000 0.1415 0.0000 0.0431 0.0000 0.0000 0.3874 0.0000
413      413   (0)     11  : 0.0000 0.0000 0.0000 0.0000 0.0000 0.0000 0.0000 0.0000 0.0000 0.0000 0.0000 0.5000 0.5000 0.0000 0.0000 0.0000 0.0000
414      414   (0)     11  : 0.0000 0.2430 0.0000 0.0000 0.0000 0.0908 0.0000 0.0387 0.0000 0.0000 0.0000 0.0000 0.0458 0.3846 0.0000 0.1970 0.0000
415      415   (0)     11  : 0.0000 0.1689 0.0000 0.0000 0.0000 0.1510 0.0000 0.0000 0.0000 0.0000 0.0000 0.2081 0.1202 0.2109 0.0000 0.1410 0.0000
416      416   (0)     11  : 0.0000 0.0749 0.0000 0.0000 0.0000 0.1017 0.0000 0.5662 0.0106 0.0000 0.0000 0.0354 0.0000 0.0348 0.0000 0.1764 0.0000
417      417   (0)     11  : 0.0000 0.2934 0.0000 0.0000 0.0000 0.1433 0.0000 0.0807 0.0000 0.0000 0.0000 0.0586 0.2292 0.0000 0.0000 0.1948 0.0000
418      418   (0)     11  : 0.0000 0.0007 0.0000 0.0000 0.0035 0.0132 0.0000 0.1273 0.0000 0.0000 0.4952 0.0077 0.1091 0.1003 0.0000 0.1341 0.0089
419      419   (0)     11  : 0.0000 0.0000 0.0000 0.0000 0.0000 0.0000 0.0000 0.6695 0.0000 0.0000 0.0283 0.0000 0.0000 0.3022 0.0000 0.0000 0.0000
420      420   (0)     11  : 0.0000 0.0000 0.0000 0.0000 0.0000 0.6063 0.0000 0.0000 0.0000 0.0000 0.0000 0.2310 0.0000 0.0000 0.0000 0.1627 0.0000
421      421   (0)     11  : 0.0000 0.0000 0.0000 0.0000 0.0000 0.0000 0.0000 0.5000 0.0000 0.0000 0.0000 0.0000 0.0000 0.5000 0.0000 0.0000 0.0000
422      422   (0)     11  : 0.0000 0.1310 0.0000 0.0000 0.0000 0.0000 0.0000 0.3214 0.0000 0.0000 0.4406 0.0000 0.1069 0.0000 0.0000 0.0000 0.0000
423      423   (0)     12  : 0.0131 0.0000 0.0000 0.5326 0.0000 0.0000 0.0000 0.0000 0.0000 0.0000 0.0000 0.0000 0.0000 0.0000 0.2589 0.0000 0.1954
424      424   (0)     12  : 0.0000 0.0065 0.0000 0.0000 0.7807 0.0501 0.0000 0.0000 0.0951 0.0000 0.0000 0.0676 0.0000 0.0000 0.0000 0.0000 0.0000
425      425   (0)     12  : 0.4040 0.0000 0.0000 0.4138 0.0000 0.0000 0.0000 0.0000 0.0000 0.0000 0.0000 0.0000 0.0000 0.0000 0.0679 0.0000 0.1143
426      426   (0)     12  : 0.0000 0.0000 0.0000 0.0000 0.4738 0.0000 0.0000 0.0000 0.4318 0.0000 0.0498 0.0000 0.0446 0.0000 0.0000 0.0000 0.0000
427      427   (0)     12  : 0.1323 0.0000 0.0000 0.5069 0.0000 0.0000 0.0000 0.0000 0.0000 0.0000 0.0000 0.0000 0.0000 0.0000 0.2429 0.0000 0.1180
428      428   (0)     12  : 0.1151 0.0000 0.0000 0.0000 0.0000 0.0000 0.0308 0.0000 0.0000 0.0000 0.0000 0.0000 0.0000 0.0000 0.8541 0.0000 0.0000
429      429   (0)     12  : 0.0000 0.0000 0.0000 0.0000 0.0000 0.0000 0.0000 0.0000 1.0000 0.0000 0.0000 0.0000 0.0000 0.0000 0.0000 0.0000 0.0000
430      430   (0)     12  : 0.5184 0.0000 0.0000 0.0000 0.0000 0.0000 0.0040 0.0000 0.0000 0.0000 0.0000 0.0000 0.0000 0.0000 0.1459 0.0000 0.3317
431      431   (0)     12  : 0.8664 0.0000 0.0000 0.1265 0.0000 0.0000 0.0000 0.0000 0.0000 0.0071 0.0000 0.0000 0.0000 0.0000 0.0000 0.0000 0.0000
432      432   (0)     12  : 0.0000 0.0369 0.0000 0.0000 0.8877 0.0000 0.0000 0.0000 0.0421 0.0000 0.0333 0.0000 0.0000 0.0000 0.0000 0.0000 0.0000
433      433   (0)     12  : 0.8187 0.0000 0.0000 0.0000 0.0000 0.0000 0.0000 0.0000 0.0000 0.0000 0.0000 0.0000 0.0000 0.0000 0.0000 0.0000 0.1813
434      434   (0)     12  : 0.5984 0.0000 0.0000 0.3092 0.0000 0.0000 0.0000 0.0000 0.0000 0.0000 0.0000 0.0000 0.0000 0.0000 0.0000 0.0000 0.0924
435      435   (0)     12  : 0.4836 0.0000 0.0000 0.3231 0.0000 0.0000 0.0234 0.0000 0.0027 0.0000 0.0000 0.0000 0.0000 0.0000 0.0000 0.0000 0.1673
436      436   (0)     12  : 0.6384 0.0000 0.0000 0.3598 0.0000 0.0000 0.0001 0.0000 0.0000 0.0018 0.0000 0.0000 0.0000 0.0000 0.0000 0.0000 0.0000
437      437   (0)     12  : 0.6821 0.0000 0.0000 0.0000 0.0000 0.0000 0.0000 0.0000 0.0251 0.0000 0.0000 0.0000 0.0000 0.0000 0.0007 0.0000 0.2921
438      438   (0)     12  : 0.2148 0.0000 0.0000 0.2514 0.0000 0.0000 0.0000 0.0000 0.0000 0.0000 0.0000 0.0000 0.0000 0.0000 0.3377 0.0000 0.1960
439      439   (0)     12  : 0.0000 0.0000 0.0000 0.0000 1.0000 0.0000 0.0000 0.0000 0.0000 0.0000 0.0000 0.0000 0.0000 0.0000 0.0000 0.0000 0.0000
440      440   (0)     12  : 0.0000 0.0000 0.0000 0.0000 0.9797 0.0000 0.0000 0.0000 0.0203 0.0000 0.0000 0.0000 0.0000 0.0000 0.0000 0.0000 0.0000
441      441   (0)     12  : 0.8257 0.0000 0.0000 0.0000 0.0000 0.0000 0.0000 0.0000 0.0000 0.0000 0.0000 0.0000 0.0000 0.0000 0.1743 0.0000 0.0000
442      442   (0)     12  : 0.0000 0.0000 0.0000 0.0000 0.4648 0.0000 0.0000 0.0000 0.5352 0.0000 0.0000 0.0000 0.0000 0.0000 0.0000 0.0000 0.0000
443      443   (0)     12  : 0.2153 0.0000 0.0000 0.3610 0.0000 0.0000 0.0037 0.0000 0.0000 0.0000 0.0000 0.0000 0.0000 0.0000 0.1894 0.0000 0.2306
444      444   (0)     12  : 0.5000 0.0000 0.0000 0.0000 0.0000 0.0000 0.0000 0.0000 0.0000 0.0000 0.0000 0.0000 0.0000 0.0000 0.0000 0.0000 0.5000
445      445   (0)     12  : 0.2521 0.0000 0.0000 0.5529 0.0000 0.0000 0.0000 0.0000 0.0000 0.0059 0.0000 0.0000 0.0000 0.0000 0.0000 0.0000 0.1890
446      446   (0)     12  : 0.2159 0.0000 0.0000 0.2888 0.0000 0.0000 0.0000 0.0000 0.0000 0.0000 0.0000 0.0000 0.0000 0.0000 0.3904 0.0000 0.1049
447      447   (0)     12  : 0.5000 0.0000 0.0000 0.0000 0.0000 0.0000 0.0000 0.0000 0.0000 0.0000 0.0000 0.0000 0.0000 0.0000 0.0000 0.0000 0.5000
448      448   (0)     12  : 0.6864 0.0000 0.0000 0.0000 0.0000 0.0000 0.0000 0.0000 0.0000 0.0000 0.0000 0.0000 0.0000 0.0000 0.0000 0.0000 0.3136
449      449   (0)     12  : 0.5000 0.0000 0.0000 0.0000 0.0000 0.0000 0.0000 0.0000 0.0000 0.0000 0.0000 0.0000 0.0000 0.0000 0.0000 0.0000 0.5000
450      450   (0)     12  : 0.6331 0.0000 0.0000 0.1542 0.0000 0.0000 0.0000 0.0000 0.0000 0.0000 0.0000 0.0000 0.0000 0.0000 0.0000 0.0000 0.2128
451      451   (0)     12  : 0.1120 0.0000 0.0000 0.2840 0.0000 0.0000 0.0344 0.0000 0.0000 0.0000 0.0000 0.0000 0.0000 0.0000 0.4982 0.0000 0.0714
452      452   (0)     12  : 0.1151 0.0000 0.0000 0.4520 0.0000 0.0000 0.0066 0.0000 0.0000 0.0000 0.0000 0.0000 0.0000 0.0000 0.1052 0.0000 0.3211
453      453   (0)     13  : 0.2660 0.0000 0.0000 0.2340 0.0000 0.0000 0.0000 0.0000 0.0000 0.0000 0.0000 0.0000 0.0000 0.0000 0.5000 0.0000 0.0000
454      454   (0)     13  : 0.0000 0.0000 0.0000 0.0000 0.0000 0.0000 0.0000 0.0000 0.0000 0.0000 0.0000 0.0000 0.0000 0.0000 0.6688 0.0000 0.3312
455      455   (0)     13  : 0.3707 0.0000 0.0000 0.3544 0.0000 0.0000 0.0000 0.0000 0.0000 0.0000 0.0000 0.0000 0.0000 0.0000 0.0000 0.0000 0.2748
456      456   (0)     13  : 0.0000 0.0000 0.0000 0.0000 0.9094 0.0000 0.0000 0.0000 0.0549 0.0000 0.0000 0.0357 0.0000 0.0000 0.0000 0.0000 0.0000
457      457   (0)     13  : 0.4264 0.0000 0.0000 0.0000 0.0000 0.0000 0.0000 0.0000 0.0000 0.0250 0.0000 0.0000 0.0000 0.0000 0.3764 0.0000 0.1721
458      458   (0)     13  : 0.6219 0.0000 0.0000 0.1249 0.0000 0.0000 0.0000 0.0000 0.0000 0.0000 0.0000 0.0000 0.0000 0.0000 0.2532 0.0000 0.0000
459      459   (0)     13  : 0.0000 0.0000 0.0000 0.0000 0.0000 0.0000 0.0000 0.0000 0.0000 0.0000 0.0000 0.0000 0.0000 0.0000 0.5000 0.0000 0.5000
460      460   (0)     13  : 0.3355 0.0000 0.0000 0.4349 0.0000 0.0000 0.0000 0.0000 0.0000 0.0000 0.0000 0.0000 0.0000 0.0000 0.0000 0.0000 0.2295
461      461   (0)     13  : 0.0000 0.0000 0.0000 0.1646 0.0000 0.0000 0.0000 0.0000 0.0000 0.0000 0.0000 0.0000 0.0000 0.0000 0.8354 0.0000 0.0000
462      462   (0)     13  : 0.0000 0.0000 0.0000 0.0000 0.0000 0.0000 0.0000 0.0000 0.0000 0.0000 0.0000 0.0000 0.0000 0.0000 1.0000 0.0000 0.0000
463      463   (0)     13  : 0.5969 0.0000 0.0000 0.0000 0.0000 0.0000 0.0000 0.0000 0.0000 0.0000 0.0000 0.0000 0.0000 0.0000 0.2863 0.0000 0.1167
464      464   (0)     13  : 0.0000 0.0000 0.0140 0.0000 0.0000 0.0000 0.0000 0.0000 0.0000 0.9547 0.0000 0.0000 0.0000 0.0000 0.0138 0.0000 0.0174
465      465   (0)     13  : 0.5000 0.0000 0.0000 0.0000 0.0000 0.0000 0.0000 0.0000 0.0000 0.0000 0.0000 0.0000 0.0000 0.0000 0.5000 0.0000 0.0000
466      466   (0)     13  : 0.2883 0.0000 0.0000 0.2837 0.0000 0.0000 0.0000 0.0000 0.0000 0.0000 0.0000 0.0000 0.0000 0.0000 0.4183 0.0000 0.0097
467      467   (0)     13  : 0.2690 0.0000 0.0003 0.2029 0.0000 0.0000 0.0086 0.0000 0.0000 0.0000 0.0000 0.0000 0.0000 0.0000 0.3455 0.0000 0.1737
468      468   (0)     13  : 0.0132 0.0000 0.0000 0.0240 0.0000 0.0000 0.4028 0.0000 0.0032 0.5092 0.0000 0.0000 0.0000 0.0000 0.0179 0.0060 0.0236
469      469   (0)     13  : 0.0017 0.0000 0.0000 0.0000 0.0000 0.0000 0.1530 0.0000 0.0110 0.8343 0.0000 0.0000 0.0000 0.0000 0.0000 0.0000 0.0000
470      470   (0)     13  : 0.2735 0.0000 0.0000 0.1020 0.0000 0.0000 0.0000 0.0000 0.0000 0.0000 0.0000 0.0000 0.0000 0.0000 0.1245 0.0000 0.5000
471      471   (0)     13  : 0.4462 0.0117 0.0000 0.1974 0.0000 0.0000 0.0000 0.0000 0.0146 0.0000 0.0126 0.0000 0.0000 0.0000 0.1992 0.0000 0.1183
472      472   (0)     13  : 0.0000 0.0000 0.0000 0.0000 0.0000 0.0000 0.0000 0.0000 0.0000 0.0000 0.0000 0.0000 0.0000 0.0000 0.5000 0.0000 0.5000
473      473   (0)     13  : 0.0518 0.0000 0.0000 0.0000 0.8078 0.0000 0.0000 0.0608 0.0182 0.0000 0.0000 0.0000 0.0000 0.0000 0.0000 0.0615 0.0000
474      474   (0)     13  : 0.2820 0.0000 0.0000 0.7180 0.0000 0.0000 0.0000 0.0000 0.0000 0.0000 0.0000 0.0000 0.0000 0.0000 0.0000 0.0000 0.0000
475      475   (0)     13  : 0.6398 0.0000 0.0000 0.0025 0.0000 0.0000 0.0000 0.0000 0.0000 0.0000 0.0000 0.0000 0.0000 0.0000 0.3576 0.0000 0.0001
476      476   (0)     13  : 0.0000 0.0000 0.0000 0.0000 0.9497 0.0000 0.0000 0.0000 0.0503 0.0000 0.0000 0.0000 0.0000 0.0000 0.0000 0.0000 0.0000
477      477   (0)     13  : 0.8160 0.0000 0.0000 0.1188 0.0000 0.0000 0.0035 0.0000 0.0000 0.0000 0.0000 0.0000 0.0000 0.0000 0.0000 0.0000 0.0617
478      478   (0)     13  : 0.1784 0.0000 0.0122 0.4069 0.0000 0.0000 0.0000 0.0000 0.0036 0.0000 0.0000 0.0000 0.0000 0.0000 0.1075 0.0000 0.2914
479      479   (0)     13  : 0.6543 0.0000 0.0000 0.0000 0.0000 0.0000 0.0000 0.0000 0.0000 0.0000 0.0000 0.0000 0.0000 0.0000 0.1625 0.0000 0.1832
480      480   (0)     13  : 0.0000 0.0297 0.0000 0.0000 0.8561 0.0000 0.0000 0.0000 0.1142 0.0000 0.0000 0.0000 0.0000 0.0000 0.0000 0.0000 0.0000
481      481   (0)     13  : 0.1093 0.0000 0.0091 0.0001 0.0000 0.0000 0.8721 0.0000 0.0094 0.0000 0.0000 0.0000 0.0000 0.0000 0.0000 0.0000 0.0000
482      482   (0)     13  : 0.0602 0.0000 0.0000 0.1472 0.0000 0.0000 0.0000 0.0000 0.0000 0.0000 0.0000 0.0000 0.0000 0.0000 0.7926 0.0000 0.0000
483      483   (0)     14  : 0.9999 0.0000 0.0000 0.0000 0.0000 0.0000 0.0000 0.0000 0.0000 0.0000 0.0000 0.0000 0.0000 0.0000 0.0001 0.0000 0.0000
484      484   (0)     14  : 0.5000 0.0000 0.0000 0.0000 0.0000 0.0000 0.0000 0.0000 0.0000 0.0000 0.0000 0.0000 0.0000 0.0000 0.5000 0.0000 0.0000
485      485   (0)     15  : 0.5000 0.0000 0.0000 0.0000 0.0000 0.0000 0.0000 0.0000 0.0000 0.0000 0.0000 0.0000 0.0000 0.0000 0.0000 0.0000 0.5000
486      486   (0)     15  : 0.6766 0.0000 0.0000 0.0000 0.0000 0.0000 0.0000 0.0000 0.0000 0.0000 0.0000 0.0000 0.0000 0.0000 0.0937 0.0000 0.2296
487      487   (0)     15  : 0.5234 0.0000 0.0000 0.0000 0.0000 0.0000 0.0000 0.0000 0.0000 0.0000 0.0000 0.0000 0.0000 0.0000 0.1577 0.0000 0.3189
488      488   (0)     15  : 0.4361 0.0000 0.0000 0.3270 0.0000 0.0000 0.0000 0.0000 0.0000 0.0000 0.0000 0.0000 0.0000 0.0000 0.0044 0.0000 0.2326
489      489   (0)     15  : 0.0000 0.0000 0.0000 0.0000 0.9746 0.0000 0.0000 0.0000 0.0000 0.0000 0.0000 0.0000 0.0000 0.0254 0.0000 0.0000 0.0000
490      490   (0)     15  : 0.0000 0.0000 0.0000 0.0000 0.9677 0.0000 0.0000 0.0000 0.0323 0.0000 0.0000 0.0000 0.0000 0.0000 0.0000 0.0000 0.0000
491      491   (0)     15  : 0.0668 0.0000 0.0000 0.3245 0.0000 0.0000 0.0000 0.0000 0.0000 0.0000 0.0000 0.0000 0.0000 0.0000 0.4328 0.0000 0.1759
492      492   (0)     15  : 0.0000 0.0000 0.0000 0.0000 1.0000 0.0000 0.0000 0.0000 0.0000 0.0000 0.0000 0.0000 0.0000 0.0000 0.0000 0.0000 0.0000
493      493   (0)     15  : 0.1683 0.0000 0.0158 0.4565 0.0000 0.0000 0.0000 0.0000 0.0000 0.0000 0.0000 0.0000 0.0000 0.0000 0.1255 0.0000 0.2338
494      494   (0)     15  : 0.4957 0.0000 0.0000 0.1261 0.0000 0.0000 0.0000 0.0000 0.0000 0.0000 0.0000 0.0000 0.0000 0.0000 0.1595 0.0000 0.2187
495      495   (0)     15  : 1.0000 0.0000 0.0000 0.0000 0.0000 0.0000 0.0000 0.0000 0.0000 0.0000 0.0000 0.0000 0.0000 0.0000 0.0000 0.0000 0.0000
496      496   (0)     15  : 0.2568 0.0000 0.0000 0.0788 0.0000 0.0000 0.0000 0.0000 0.0000 0.0000 0.0000 0.0000 0.0000 0.0000 0.4212 0.0000 0.2432
497      497   (0)     15  : 0.0000 0.0000 0.0000 0.1917 0.0000 0.0000 0.0000 0.0000 0.0000 0.0000 0.0000 0.0000 0.0000 0.0000 0.8082 0.0000 0.0001
498      498   (0)     15  : 0.1356 0.0000 0.0000 0.1528 0.0000 0.0000 0.0018 0.0000 0.0000 0.0145 0.0000 0.0000 0.0000 0.0000 0.5000 0.0000 0.1953
499      499   (0)     15  : 0.4870 0.0000 0.0000 0.2385 0.0000 0.0000 0.0000 0.0000 0.0000 0.0000 0.0000 0.0000 0.0000 0.0000 0.0000 0.0000 0.2745
500      500   (0)     15  : 1.0000 0.0000 0.0000 0.0000 0.0000 0.0000 0.0000 0.0000 0.0000 0.0000 0.0000 0.0000 0.0000 0.0000 0.0000 0.0000 0.0000
501      501   (0)     15  : 1.0000 0.0000 0.0000 0.0000 0.0000 0.0000 0.0000 0.0000 0.0000 0.0000 0.0000 0.0000 0.0000 0.0000 0.0000 0.0000 0.0000
502      502   (0)     15  : 0.5806 0.0000 0.0000 0.0000 0.0000 0.0000 0.0000 0.0000 0.0000 0.0000 0.0000 0.0000 0.0000 0.0000 0.4125 0.0000 0.0069
503      503   (0)     15  : 0.0000 0.0000 0.0000 0.0000 0.0000 0.0000 0.0000 0.0000 0.0000 0.0000 0.0000 0.0000 0.0000 0.0000 0.5000 0.0000 0.5000
504      504   (0)     15  : 0.6709 0.0000 0.0000 0.0000 0.0000 0.0000 0.0000 0.0000 0.0000 0.0000 0.0000 0.0000 0.0000 0.0000 0.1109 0.0000 0.2183
505      505   (0)     15  : 0.0000 0.0000 0.0000 0.0000 0.0000 0.0000 0.0000 0.0000 0.0000 0.0000 0.0000 0.0000 0.0000 0.0000 1.0000 0.0000 0.0000
506      506   (0)     15  : 0.0000 0.0000 0.0000 0.1809 0.0000 0.0000 0.0000 0.0000 0.0000 0.0000 0.0000 0.0000 0.0000 0.0000 0.8167 0.0000 0.0024
507      507   (0)     15  : 0.6287 0.0000 0.0000 0.0000 0.0000 0.0000 0.0000 0.0000 0.0000 0.0000 0.0000 0.0000 0.0000 0.0000 0.3713 0.0000 0.0000
508      508   (0)     15  : 0.8863 0.0000 0.0000 0.1008 0.0000 0.0000 0.0125 0.0000 0.0000 0.0000 0.0000 0.0000 0.0000 0.0000 0.0004 0.0000 0.0000
509      509   (0)     15  : 0.0000 0.0000 0.0000 0.0000 1.0000 0.0000 0.0000 0.0000 0.0000 0.0000 0.0000 0.0000 0.0000 0.0000 0.0000 0.0000 0.0000
510      510   (0)     15  : 0.0000 0.0000 0.0000 0.0000 1.0000 0.0000 0.0000 0.0000 0.0000 0.0000 0.0000 0.0000 0.0000 0.0000 0.0000 0.0000 0.0000
511      511   (0)     15  : 0.8480 0.0000 0.0069 0.0396 0.0003 0.0125 0.0000 0.0000 0.0000 0.0084 0.0000 0.0000 0.0000 0.0000 0.0842 0.0000 0.0000
512      512   (0)     15  : 0.0000 0.0000 0.0000 0.7582 0.0000 0.0000 0.0000 0.0000 0.0000 0.0000 0.0000 0.0000 0.0000 0.0000 0.2418 0.0000 0.0000
513      513   (0)     15  : 0.2777 0.0000 0.0000 0.1744 0.0000 0.0000 0.0000 0.0000 0.0000 0.0000 0.0000 0.0000 0.0000 0.0000 0.0479 0.0000 0.5000
514      514   (0)     15  : 0.2186 0.0000 0.0000 0.1356 0.0000 0.0000 0.0000 0.0000 0.0000 0.0078 0.0000 0.0000 0.0000 0.0000 0.4568 0.0000 0.1811
515      515   (0)     16  : 0.0308 0.0000 0.0000 0.0000 0.0000 0.0000 0.5453 0.0000 0.0000 0.4039 0.0000 0.0000 0.0000 0.0000 0.0000 0.0000 0.0200
516      516   (0)     16  : 0.0000 0.0000 0.0000 0.0000 0.0000 0.0000 0.0000 0.0000 0.0000 0.0000 0.0000 0.0000 0.0000 0.0000 1.0000 0.0000 0.0000
517      517   (0)     16  : 0.0000 0.0451 0.0000 0.0000 0.8213 0.0000 0.0000 0.0000 0.0977 0.0000 0.0000 0.0359 0.0000 0.0000 0.0000 0.0000 0.0000
518      518   (0)     16  : 0.5241 0.0000 0.0160 0.1483 0.0000 0.0000 0.0000 0.0000 0.0000 0.0002 0.0000 0.0000 0.0000 0.0000 0.1451 0.0000 0.1663
519      519   (0)     16  : 0.0000 0.0000 0.0000 0.7794 0.0000 0.0000 0.0000 0.0000 0.0000 0.0000 0.0000 0.0000 0.0000 0.0000 0.0000 0.0000 0.2206
520      520   (0)     16  : 0.1276 0.0000 0.0000 0.2412 0.0000 0.0000 0.0156 0.0000 0.0000 0.0000 0.0000 0.0000 0.0000 0.0000 0.1157 0.0000 0.5000
521      521   (0)     16  : 0.2134 0.0000 0.0000 0.5112 0.0000 0.0000 0.0000 0.0000 0.0000 0.0000 0.0000 0.0000 0.0000 0.0000 0.2753 0.0000 0.0000
522      522   (0)     16  : 0.0000 0.0000 0.0000 0.0000 0.0000 0.0000 0.0000 0.0000 1.0000 0.0000 0.0000 0.0000 0.0000 0.0000 0.0000 0.0000 0.0000
523      523   (0)     16  : 0.1961 0.0000 0.0000 0.8039 0.0000 0.0000 0.0000 0.0000 0.0000 0.0000 0.0000 0.0000 0.0000 0.0000 0.0000 0.0000 0.0000
524      524   (0)     16  : 0.0000 0.0001 0.0000 0.0000 0.8257 0.0000 0.0000 0.0255 0.0983 0.0000 0.0000 0.0505 0.0000 0.0000 0.0000 0.0000 0.0000
525      525   (0)     16  : 0.7389 0.0000 0.0000 0.1654 0.0000 0.0000 0.0000 0.0000 0.0000 0.0000 0.0000 0.0000 0.0000 0.0000 0.0000 0.0000 0.0957
526      526   (0)     16  : 0.0000 0.0000 0.0000 1.0000 0.0000 0.0000 0.0000 0.0000 0.0000 0.0000 0.0000 0.0000 0.0000 0.0000 0.0000 0.0000 0.0000
527      527   (0)     16  : 0.0000 0.0267 0.0000 0.0000 0.8341 0.0000 0.0000 0.0281 0.1111 0.0000 0.0000 0.0000 0.0000 0.0000 0.0000 0.0000 0.0000
528      528   (0)     16  : 0.0020 0.0000 0.0000 0.8063 0.0000 0.0000 0.0361 0.0000 0.0000 0.0000 0.0000 0.0000 0.0000 0.0000 0.0000 0.0000 0.1555
529      529   (0)     16  : 0.2380 0.0000 0.0000 0.7620 0.0000 0.0000 0.0000 0.0000 0.0000 0.0000 0.0000 0.0000 0.0000 0.0000 0.0000 0.0000 0.0000
530      530   (0)     16  : 0.0000 0.0000 0.0000 1.0000 0.0000 0.0000 0.0000 0.0000 0.0000 0.0000 0.0000 0.0000 0.0000 0.0000 0.0000 0.0000 0.0000
531      531   (0)     16  : 0.0000 0.0000 0.0000 0.1531 0.0000 0.0000 0.0000 0.0000 0.0000 0.0000 0.0000 0.0000 0.0000 0.0000 0.6249 0.0000 0.2219
532      532   (0)     16  : 0.0000 0.0000 0.0000 0.0000 0.0000 0.0000 0.0000 0.0000 1.0000 0.0000 0.0000 0.0000 0.0000 0.0000 0.0000 0.0000 0.0000
533      533   (0)     16  : 0.0000 0.0000 0.0000 0.0000 0.0000 0.0000 0.0000 0.0000 1.0000 0.0000 0.0000 0.0000 0.0000 0.0000 0.0000 0.0000 0.0000
534      534   (0)     16  : 0.1492 0.0000 0.0000 0.7063 0.0000 0.0000 0.0000 0.0000 0.0000 0.0000 0.0000 0.0000 0.0000 0.0000 0.0000 0.0000 0.1444
535      535   (0)     16  : 0.0000 0.0000 0.0000 0.7193 0.0000 0.0000 0.0000 0.0000 0.0000 0.0000 0.0000 0.0000 0.0000 0.0000 0.0786 0.0000 0.2021
536      536   (0)     16  : 0.0000 0.0000 0.0000 1.0000 0.0000 0.0000 0.0000 0.0000 0.0000 0.0000 0.0000 0.0000 0.0000 0.0000 0.0000 0.0000 0.0000
537      537   (0)     16  : 0.0000 0.0000 0.0000 0.7099 0.0000 0.0000 0.0000 0.0000 0.0000 0.0000 0.0000 0.0000 0.0000 0.0000 0.0484 0.0000 0.2418
538      538   (0)     16  : 0.0000 0.0000 0.0000 0.6028 0.0000 0.0000 0.0000 0.0000 0.0000 0.0000 0.0000 0.0000 0.0000 0.0000 0.3972 0.0000 0.0000
539      539   (0)     16  : 0.0000 0.0000 0.0000 1.0000 0.0000 0.0000 0.0000 0.0000 0.0000 0.0000 0.0000 0.0000 0.0000 0.0000 0.0000 0.0000 0.0000
540      540   (0)     16  : 0.1044 0.0000 0.0000 0.3066 0.0000 0.0000 0.0000 0.0000 0.0000 0.0000 0.0000 0.0000 0.0000 0.0000 0.5889 0.0000 0.0000
541      541   (0)     16  : 0.0000 0.0000 1.0000 0.0000 0.0000 0.0000 0.0000 0.0000 0.0000 0.0000 0.0000 0.0000 0.0000 0.0000 0.0000 0.0000 0.0000
542      542   (0)     16  : 0.0682 0.0000 0.0000 0.5250 0.0000 0.0000 0.0000 0.0000 0.0000 0.0051 0.0000 0.0000 0.0000 0.0000 0.1470 0.0000 0.2547
543      543   (0)     16  : 0.0413 0.0000 0.0000 0.5651 0.0000 0.0000 0.0000 0.0000 0.0000 0.0000 0.0000 0.0000 0.0000 0.0000 0.1839 0.0000 0.2097
544      544   (0)     16  : 0.2246 0.0000 0.0000 0.5141 0.0000 0.0000 0.0000 0.0000 0.0000 0.0000 0.0000 0.0000 0.0000 0.0000 0.2613 0.0000 0.0000
