1        1   (0)      1  : 0.0000 0.0000 0.0000 0.4630 0.0000 0.0000 0.2389 0.0000 0.0000 0.0323 0.2658 0.0000
2        2   (0)      1  : 0.9801 0.0000 0.0000 0.0047 0.0000 0.0000 0.0000 0.0000 0.0082 0.0000 0.0070 0.0000
3        3   (0)      1  : 0.5255 0.0000 0.0000 0.0000 0.0000 0.0000 0.0142 0.0000 0.0000 0.4419 0.0184 0.0000
4        4   (0)      1  : 0.0105 0.0000 0.0131 0.5452 0.0000 0.0000 0.2475 0.0000 0.1755 0.0083 0.0000 0.0000
5        5   (0)      1  : 0.0280 0.0000 0.0041 0.5510 0.0000 0.0000 0.1198 0.0000 0.0765 0.0000 0.2205 0.0000
6        6   (0)      1  : 0.0000 0.0000 0.0000 0.7712 0.0000 0.0000 0.1439 0.0000 0.0079 0.0206 0.0563 0.0000
7        7   (0)      1  : 0.9540 0.0000 0.0000 0.0000 0.0000 0.0000 0.0000 0.0000 0.0039 0.0420 0.0000 0.0000
8        8   (0)      1  : 0.9638 0.0000 0.0000 0.0008 0.0000 0.0000 0.0000 0.0000 0.0001 0.0354 0.0000 0.0000
9        9   (0)      1  : 0.0218 0.0000 0.0000 0.5463 0.0000 0.0000 0.1373 0.0000 0.0000 0.0000 0.2946 0.0000
10       10   (0)      1  : 0.8740 0.0000 0.0000 0.0064 0.0000 0.0000 0.0007 0.0000 0.0000 0.1157 0.0032 0.0000
11       11   (0)      1  : 0.0045 0.0000 0.0017 0.3231 0.0000 0.0000 0.6692 0.0000 0.0000 0.0014 0.0000 0.0000
12       12   (0)      1  : 0.0000 0.0000 0.0000 0.7153 0.0000 0.0000 0.2754 0.0028 0.0000 0.0065 0.0000 0.0000
13       13   (0)      1  : 0.0000 0.0000 0.0000 0.3386 0.0000 0.0000 0.5577 0.0000 0.0000 0.0036 0.1001 0.0000
14       14   (0)      1  : 0.0000 0.0000 0.0047 0.6889 0.0033 0.0000 0.1718 0.0000 0.0823 0.0009 0.0480 0.0000
15       15   (0)      1  : 0.0000 0.0000 0.0037 0.3938 0.0000 0.0000 0.4002 0.0000 0.0000 0.0024 0.1998 0.0000
16       16   (0)      1  : 0.0671 0.0000 0.0000 0.4384 0.0011 0.0000 0.2179 0.0000 0.0720 0.0000 0.2035 0.0000
17       17   (0)      1  : 0.0000 0.0000 0.0000 0.6750 0.0000 0.0000 0.2000 0.0000 0.1201 0.0048 0.0000 0.0000
18       18   (0)      1  : 0.0000 0.0000 0.0000 0.3964 0.0000 0.0000 0.1839 0.0000 0.1005 0.0000 0.3192 0.0000
19       19   (0)      1  : 0.0000 0.0000 0.0000 0.5734 0.0092 0.0000 0.1254 0.0000 0.1682 0.0000 0.1238 0.0000
20       20   (0)      1  : 0.0015 0.0000 0.0000 0.5324 0.0000 0.0000 0.0771 0.0000 0.3198 0.0000 0.0692 0.0000
21       21   (0)      1  : 0.0000 0.0000 0.0004 0.3841 0.0000 0.0000 0.4501 0.0000 0.0591 0.0000 0.1061 0.0000
22       22   (0)      1  : 0.5333 0.0000 0.0000 0.0245 0.0000 0.0000 0.0066 0.0000 0.0000 0.4357 0.0000 0.0000
23       23   (0)      1  : 0.0000 0.0000 0.0000 0.6699 0.0000 0.0000 0.0656 0.0000 0.2000 0.0000 0.0646 0.0000
24       24   (0)      1  : 0.0001 0.0000 0.0000 0.7771 0.0000 0.0000 0.2000 0.0000 0.0000 0.0228 0.0000 0.0000
25       25   (0)      1  : 0.0143 0.0000 0.0000 0.5973 0.0000 0.0000 0.1840 0.0000 0.2014 0.0030 0.0000 0.0000
26       26   (0)      1  : 0.0000 0.0000 0.0000 0.5147 0.0000 0.0000 0.3505 0.0000 0.0427 0.0000 0.0921 0.0000
27       27   (0)      1  : 0.0000 0.0267 0.0000 0.0000 0.8518 0.0517 0.0000 0.0133 0.0000 0.0000 0.0565 0.0000
28       28   (0)      1  : 0.0000 0.0000 0.0000 0.0000 0.9386 0.0000 0.0000 0.0000 0.0000 0.0000 0.0000 0.0614
29       29   (0)      1  : 0.0220 0.0000 0.0085 0.5300 0.0000 0.0000 0.2922 0.0000 0.0462 0.0000 0.1011 0.0000
30       30   (0)      1  : 0.0000 0.0000 0.0013 0.7618 0.0000 0.0000 0.1523 0.0000 0.0000 0.0000 0.0846 0.0000
31       31   (0)      1  : 0.0169 0.0000 0.0000 0.5476 0.0000 0.0000 0.3067 0.0000 0.0678 0.0222 0.0389 0.0000
32       32   (0)      1  : 0.7624 0.0000 0.0000 0.0176 0.0000 0.0000 0.0101 0.0000 0.0099 0.2000 0.0000 0.0000
33       33   (0)      1  : 0.1626 0.0000 0.0000 0.2892 0.3980 0.0000 0.0796 0.0000 0.0000 0.0501 0.0000 0.0206
34       34   (0)      1  : 0.0066 0.0000 0.0000 0.4891 0.0000 0.0000 0.0000 0.0000 0.1041 0.0003 0.4000 0.0000
35       35   (0)      1  : 0.0000 0.0000 1.0000 0.0000 0.0000 0.0000 0.0000 0.0000 0.0000 0.0000 0.0000 0.0000
36       36   (0)      1  : 0.0000 0.0000 1.0000 0.0000 0.0000 0.0000 0.0000 0.0000 0.0000 0.0000 0.0000 0.0000
37       37   (0)      1  : 0.0000 0.0000 1.0000 0.0000 0.0000 0.0000 0.0000 0.0000 0.0000 0.0000 0.0000 0.0000
38       38   (0)      1  : 0.0000 0.0000 0.0000 0.0000 0.9358 0.0000 0.0000 0.0308 0.0000 0.0000 0.0000 0.0333
39       39   (0)      1  : 0.0000 0.0000 0.0000 0.0000 0.9242 0.0000 0.0000 0.0385 0.0000 0.0000 0.0000 0.0373
40       40   (0)      1  : 0.0000 0.0000 0.0000 0.5837 0.0000 0.0014 0.2752 0.0000 0.1068 0.0000 0.0329 0.0000
41       41   (0)      1  : 0.9535 0.0000 0.0000 0.0055 0.0000 0.0000 0.0065 0.0000 0.0000 0.0345 0.0000 0.0000
42       42   (0)      1  : 0.0000 0.0000 0.0000 0.0000 0.9389 0.0295 0.0000 0.0000 0.0000 0.0000 0.0000 0.0317
43       43   (0)      1  : 0.0018 0.0000 0.0143 0.5174 0.0000 0.0000 0.1988 0.0000 0.2000 0.0233 0.0444 0.0000
44       44   (0)      1  : 0.7036 0.0000 0.0000 0.0000 0.0000 0.0000 0.0010 0.0000 0.0000 0.2953 0.0000 0.0000
45       45   (0)      1  : 0.0000 0.0000 0.0000 0.0000 0.9396 0.0000 0.0000 0.0067 0.0000 0.0000 0.0293 0.0245
46       46   (0)      1  : 0.0000 0.0000 0.0000 0.3710 0.0000 0.0000 0.1606 0.0034 0.2028 0.0000 0.2623 0.0000
47       47   (0)      1  : 0.0000 0.0393 0.0000 0.0000 0.9215 0.0260 0.0000 0.0132 0.0000 0.0000 0.0000 0.0000
48       48   (0)      1  : 0.4597 0.0000 0.0000 0.0034 0.0000 0.0000 0.0036 0.0000 0.0015 0.5318 0.0000 0.0000
49       49   (0)      1  : 0.9321 0.0000 0.0000 0.0000 0.0000 0.0000 0.0000 0.0000 0.0000 0.0679 0.0000 0.0000
50       50   (0)      1  : 0.0000 0.0000 0.0000 0.0000 0.9283 0.0005 0.0000 0.0000 0.0000 0.0000 0.0302 0.0410
51       51   (0)      1  : 0.0000 0.0000 0.0000 0.0000 0.9235 0.0006 0.0000 0.0000 0.0000 0.0000 0.0437 0.0321
52       52   (0)      1  : 0.8746 0.0000 0.0000 0.0682 0.0000 0.0000 0.0000 0.0000 0.0000 0.0573 0.0000 0.0000
53       53   (0)      1  : 0.8633 0.0000 0.0000 0.0145 0.0000 0.0000 0.0084 0.0000 0.0079 0.1058 0.0000 0.0000
54       54   (0)      1  : 0.5354 0.0000 0.0000 0.0023 0.0000 0.0000 0.0072 0.0000 0.0039 0.4390 0.0123 0.0000
55       55   (0)      1  : 0.0000 0.0495 0.0000 0.0000 0.9150 0.0000 0.0000 0.0000 0.0000 0.0000 0.0355 0.0000
56       56   (0)      2  : 0.0157 0.0000 0.0000 0.7824 0.0014 0.0000 0.0005 0.0000 0.2000 0.0000 0.0000 0.0000
57       57   (0)      2  : 0.0000 0.0000 0.0164 0.4269 0.0000 0.0000 0.0787 0.0000 0.0780 0.0000 0.4000 0.0000
58       58   (0)      2  : 0.0063 0.0000 0.0000 0.2397 0.0000 0.0000 0.4778 0.0000 0.0823 0.0000 0.1938 0.0000
59       59   (0)      2  : 0.0038 0.0000 0.0000 0.6423 0.0000 0.0000 0.2303 0.0000 0.0094 0.0000 0.1141 0.0000
60       60   (0)      2  : 0.5692 0.0000 0.0000 0.0184 0.0000 0.0000 0.0112 0.0000 0.0000 0.3929 0.0083 0.0000
61       61   (0)      2  : 0.0000 0.0000 0.0033 0.5451 0.0000 0.0014 0.0492 0.0000 0.0632 0.0000 0.3378 0.0000
62       62   (0)      2  : 0.0000 0.0000 1.0000 0.0000 0.0000 0.0000 0.0000 0.0000 0.0000 0.0000 0.0000 0.0000
63       63   (0)      2  : 0.0250 0.0000 0.0000 0.3375 0.0000 0.0000 0.2230 0.0000 0.1728 0.0000 0.2417 0.0000
64       64   (0)      2  : 0.0000 0.0000 1.0000 0.0000 0.0000 0.0000 0.0000 0.0000 0.0000 0.0000 0.0000 0.0000
65       65   (0)      2  : 0.0125 0.0000 0.0000 0.6699 0.0000 0.0000 0.1101 0.0000 0.1192 0.0390 0.0493 0.0000
66       66   (0)      2  : 0.0000 0.0000 1.0000 0.0000 0.0000 0.0000 0.0000 0.0000 0.0000 0.0000 0.0000 0.0000
67       67   (0)      2  : 0.0000 0.0000 0.0038 0.4343 0.0000 0.0000 0.1933 0.0000 0.0479 0.0000 0.3207 0.0000
68       68   (0)      2  : 0.0277 0.0000 0.0021 0.6109 0.0000 0.0000 0.1813 0.0000 0.1350 0.0000 0.0430 0.0000
69       69   (0)      2  : 0.8975 0.0000 0.0000 0.0112 0.0000 0.0000 0.0000 0.0000 0.0000 0.0913 0.0000 0.0000
70       70   (0)      2  : 0.0022 0.0000 0.0000 0.5310 0.0000 0.0000 0.1857 0.0000 0.0996 0.0000 0.1815 0.0000
71       71   (0)      2  : 0.0000 0.0000 1.0000 0.0000 0.0000 0.0000 0.0000 0.0000 0.0000 0.0000 0.0000 0.0000
72       72   (0)      2  : 0.0000 0.0000 1.0000 0.0000 0.0000 0.0000 0.0000 0.0000 0.0000 0.0000 0.0000 0.0000
73       73   (0)      2  : 0.0381 0.0000 0.0000 0.4332 0.0011 0.0000 0.4059 0.0000 0.0701 0.0516 0.0000 0.0000
74       74   (0)      2  : 0.9712 0.0000 0.0000 0.0000 0.0000 0.0000 0.0000 0.0000 0.0028 0.0258 0.0002 0.0000
75       75   (0)      2  : 0.0000 0.0000 0.0000 0.0000 0.8974 0.0978 0.0000 0.0048 0.0000 0.0000 0.0000 0.0000
76       76   (0)      2  : 0.9491 0.0000 0.0000 0.0000 0.0000 0.0000 0.0000 0.0000 0.0040 0.0469 0.0000 0.0000
77       77   (0)      2  : 0.0418 0.0000 0.0000 0.3658 0.0000 0.0000 0.3045 0.0000 0.0985 0.0132 0.1763 0.0000
78       78   (0)      2  : 0.0000 0.0000 1.0000 0.0000 0.0000 0.0000 0.0000 0.0000 0.0000 0.0000 0.0000 0.0000
79       79   (0)      2  : 0.0000 0.0000 0.0000 0.0000 0.9494 0.0000 0.0000 0.0000 0.0000 0.0000 0.0000 0.0506
80       80   (0)      2  : 0.0000 0.0000 1.0000 0.0000 0.0000 0.0000 0.0000 0.0000 0.0000 0.0000 0.0000 0.0000
81       81   (0)      2  : 0.0000 0.0000 0.0089 0.7765 0.0000 0.0000 0.1093 0.0000 0.0000 0.0134 0.0891 0.0028
82       82   (0)      2  : 0.9993 0.0000 0.0007 0.0000 0.0000 0.0000 0.0000 0.0000 0.0000 0.0000 0.0000 0.0000
83       83   (0)      2  : 0.7234 0.0000 0.0000 0.0000 0.0000 0.0000 0.0000 0.0000 0.0000 0.2766 0.0000 0.0000
84       84   (0)      2  : 0.1825 0.0000 0.0000 0.3542 0.0000 0.0000 0.1599 0.0000 0.0000 0.0280 0.2753 0.0000
85       85   (0)      2  : 0.0136 0.0000 0.0000 0.5051 0.0000 0.0000 0.0809 0.0000 0.0000 0.0004 0.4000 0.0000
86       86   (0)      2  : 0.0182 0.0000 0.0000 0.5629 0.0000 0.0000 0.2587 0.0000 0.0713 0.0049 0.0841 0.0000
87       87   (0)      2  : 0.0222 0.0000 0.0000 0.6029 0.0000 0.0000 0.1462 0.0000 0.1067 0.0148 0.1073 0.0000
88       88   (0)      2  : 0.0000 0.0000 0.0000 0.7203 0.0000 0.0000 0.0744 0.0000 0.2000 0.0053 0.0000 0.0000
89       89   (0)      2  : 0.0000 0.0000 0.0000 0.4893 0.0000 0.0000 0.3358 0.0000 0.0483 0.0000 0.1266 0.0000
90       90   (0)      2  : 0.0369 0.0000 0.0097 0.5661 0.0000 0.0000 0.1256 0.0000 0.0752 0.0000 0.1864 0.0000
91       91   (0)      2  : 0.0057 0.0000 0.0000 0.5960 0.0000 0.0000 0.2469 0.0000 0.0601 0.0045 0.0870 0.0000
92       92   (0)      2  : 0.0249 0.0000 0.0000 0.4912 0.0000 0.0000 0.3178 0.0000 0.1574 0.0066 0.0021 0.0000
93       93   (0)      2  : 0.4565 0.0000 0.0000 0.0000 0.0000 0.0000 0.0000 0.0000 0.0000 0.5435 0.0000 0.0000
94       94   (0)      2  : 0.6254 0.0000 0.0010 0.0039 0.0000 0.0000 0.0068 0.0000 0.0070 0.3559 0.0000 0.0000
95       95   (0)      2  : 0.0000 0.0000 1.0000 0.0000 0.0000 0.0000 0.0000 0.0000 0.0000 0.0000 0.0000 0.0000
96       96   (0)      2  : 0.4915 0.0000 0.0000 0.0199 0.0000 0.0000 0.0000 0.0000 0.0108 0.4778 0.0000 0.0000
97       97   (0)      2  : 0.3585 0.0000 0.0000 0.0028 0.0000 0.0000 0.0062 0.0000 0.0000 0.6326 0.0000 0.0000
98       98   (0)      2  : 0.0111 0.0000 0.0000 0.1857 0.0000 0.0000 0.2614 0.0000 0.2015 0.0072 0.3331 0.0000
99       99   (0)      2  : 0.0000 0.0000 1.0000 0.0000 0.0000 0.0000 0.0000 0.0000 0.0000 0.0000 0.0000 0.0000
100      100   (0)      2  : 0.0005 0.0000 0.0000 0.6589 0.0000 0.0000 0.2381 0.0000 0.1024 0.0000 0.0001 0.0000
101      101   (0)      3  : 0.0158 0.0000 0.0000 0.6606 0.0000 0.0000 0.2166 0.0000 0.0724 0.0000 0.0346 0.0000
102      102   (0)      3  : 0.0091 0.0000 0.0096 0.5589 0.0000 0.0000 0.1415 0.0000 0.0946 0.0000 0.1863 0.0000
103      103   (0)      3  : 0.0082 0.0000 0.0000 0.5913 0.0000 0.0000 0.1539 0.0000 0.2373 0.0093 0.0000 0.0000
104      104   (0)      3  : 0.0056 0.0000 0.0027 0.5669 0.0000 0.0000 0.2184 0.0000 0.2000 0.0064 0.0000 0.0000
105      105   (0)      3  : 0.0107 0.0000 0.0085 0.3707 0.0000 0.0000 0.5957 0.0000 0.0000 0.0145 0.0000 0.0000
106      106   (0)      3  : 0.0006 0.0000 0.0059 0.9208 0.0000 0.0000 0.0000 0.0000 0.0528 0.0199 0.0000 0.0000
107      107   (0)      3  : 0.0000 0.0000 0.0000 0.4614 0.0000 0.0000 0.0289 0.0000 0.1096 0.0000 0.4000 0.0000
108      108   (0)      3  : 0.0000 0.0000 0.0000 0.4058 0.0043 0.0000 0.4254 0.0000 0.0558 0.0104 0.0983 0.0000
109      109   (0)      3  : 0.0000 0.0000 0.0000 0.5458 0.0000 0.0000 0.3609 0.0000 0.0477 0.0000 0.0456 0.0000
110      110   (0)      3  : 0.0028 0.0000 0.0001 0.7729 0.0000 0.0000 0.0490 0.0000 0.1146 0.0000 0.0606 0.0000
111      111   (0)      3  : 0.0000 0.0000 0.0087 0.5738 0.0000 0.0000 0.1992 0.0000 0.2000 0.0183 0.0000 0.0000
112      112   (0)      3  : 0.0000 0.0000 0.0000 0.3197 0.0000 0.0000 0.0774 0.0000 0.2000 0.0028 0.4000 0.0000
113      113   (0)      3  : 0.0000 0.0000 0.0000 0.7255 0.0000 0.0013 0.2662 0.0000 0.0016 0.0054 0.0000 0.0000
114      114   (0)      3  : 0.0013 0.0000 0.0017 0.8185 0.0000 0.0000 0.1544 0.0000 0.0046 0.0196 0.0000 0.0000
115      115   (0)      3  : 0.0235 0.0000 0.0000 0.3771 0.0000 0.0000 0.3270 0.0000 0.0466 0.0222 0.2035 0.0000
116      116   (0)      3  : 0.0000 0.0000 0.0000 0.6274 0.0002 0.0000 0.1565 0.0000 0.2030 0.0130 0.0000 0.0000
117      117   (0)      3  : 0.0459 0.0000 0.0000 0.6743 0.0000 0.0000 0.2779 0.0000 0.0000 0.0019 0.0000 0.0000
118      118   (0)      3  : 0.0000 0.0000 0.0000 0.4821 0.0000 0.0000 0.3842 0.0000 0.0000 0.0041 0.1295 0.0000
119      119   (0)      3  : 0.0147 0.0000 0.0000 0.6881 0.0000 0.0000 0.2242 0.0000 0.0054 0.0216 0.0460 0.0000
120      120   (0)      3  : 0.0388 0.0000 0.0834 0.6658 0.0000 0.0000 0.1325 0.0000 0.0312 0.0142 0.0339 0.0000
121      121   (0)      3  : 0.0027 0.0000 0.0006 0.7913 0.0000 0.0000 0.1239 0.0000 0.0793 0.0022 0.0000 0.0000
122      122   (0)      3  : 0.0132 0.0000 0.0040 0.6740 0.0000 0.0000 0.3068 0.0000 0.0000 0.0017 0.0003 0.0000
123      123   (0)      3  : 0.0000 0.0000 0.0000 0.6096 0.0000 0.0000 0.2824 0.0000 0.1080 0.0000 0.0000 0.0000
124      124   (0)      3  : 0.0000 0.0000 0.0000 0.7604 0.0000 0.0000 0.1078 0.0000 0.1318 0.0000 0.0000 0.0000
125      125   (0)      3  : 0.0000 0.0000 0.0109 0.6729 0.0000 0.0000 0.1455 0.0000 0.0478 0.0000 0.1229 0.0000
126      126   (0)      3  : 0.0207 0.0000 0.0000 0.3854 0.0000 0.0000 0.5399 0.0000 0.0000 0.0106 0.0434 0.0000
127      127   (0)      3  : 0.0314 0.0000 0.0000 0.3550 0.0000 0.0000 0.4206 0.0000 0.0913 0.0293 0.0723 0.0000
128      128   (0)      3  : 0.0000 0.0000 0.0000 0.7001 0.0000 0.0000 0.2140 0.0000 0.0000 0.0000 0.0860 0.0000
129      129   (0)      3  : 0.0223 0.0000 0.0000 0.7249 0.0000 0.0000 0.1429 0.0000 0.0839 0.0259 0.0000 0.0000
130      130   (0)      3  : 0.5528 0.0000 0.0000 0.0047 0.0000 0.0000 0.0000 0.0000 0.0078 0.4347 0.0000 0.0000
131      131   (0)      3  : 0.6004 0.0000 0.0000 0.0625 0.0000 0.0000 0.0000 0.0000 0.0000 0.3371 0.0000 0.0000
132      132   (0)      3  : 0.0000 0.0000 1.0000 0.0000 0.0000 0.0000 0.0000 0.0000 0.0000 0.0000 0.0000 0.0000
133      133   (0)      3  : 0.0000 0.0210 0.0000 0.0000 0.8529 0.0332 0.0000 0.0041 0.0528 0.0000 0.0000 0.0359
134      134   (0)      3  : 0.7706 0.0000 0.0000 0.0576 0.0154 0.0000 0.0452 0.0018 0.0008 0.0996 0.0023 0.0066
135      135   (0)      3  : 0.0030 0.0000 0.0108 0.3861 0.0000 0.0000 0.2000 0.0000 0.0001 0.0000 0.4000 0.0000
136      136   (0)      3  : 0.0000 0.0000 0.0000 0.6273 0.0000 0.0000 0.0640 0.0000 0.0775 0.0312 0.2000 0.0000
137      137   (0)      3  : 0.3505 0.0000 0.0000 0.0012 0.0000 0.0000 0.0000 0.0000 0.0000 0.6483 0.0000 0.0000
138      138   (0)      3  : 0.0000 0.0000 0.0000 0.5107 0.0000 0.0000 0.4088 0.0000 0.0000 0.0212 0.0593 0.0000
139      139   (0)      3  : 0.0000 0.0000 0.0000 0.3796 0.0000 0.0000 0.5475 0.0000 0.0067 0.0000 0.0662 0.0000
140      140   (0)      3  : 0.0000 0.0000 0.0000 0.6656 0.0000 0.0000 0.1429 0.0000 0.0928 0.0109 0.0878 0.0000
141      141   (0)      3  : 0.0000 0.0000 1.0000 0.0000 0.0000 0.0000 0.0000 0.0000 0.0000 0.0000 0.0000 0.0000
142      142   (0)      3  : 0.0000 0.0000 1.0000 0.0000 0.0000 0.0000 0.0000 0.0000 0.0000 0.0000 0.0000 0.0000
143      143   (0)      3  : 0.0000 0.0000 1.0000 0.0000 0.0000 0.0000 0.0000 0.0000 0.0000 0.0000 0.0000 0.0000
144      144   (0)      3  : 0.0000 0.0000 1.0000 0.0000 0.0000 0.0000 0.0000 0.0000 0.0000 0.0000 0.0000 0.0000
145      145   (0)      3  : 0.0000 0.0000 1.0000 0.0000 0.0000 0.0000 0.0000 0.0000 0.0000 0.0000 0.0000 0.0000
146      146   (0)      3  : 0.7775 0.0000 0.0000 0.0031 0.0000 0.0000 0.0218 0.0000 0.0008 0.1968 0.0000 0.0000
147      147   (0)      3  : 0.0000 0.0000 0.0000 0.2956 0.0000 0.0000 0.6486 0.0000 0.0000 0.0044 0.0514 0.0000
148      148   (0)      3  : 0.0000 0.0000 1.0000 0.0000 0.0000 0.0000 0.0000 0.0000 0.0000 0.0000 0.0000 0.0000
149      149   (0)      3  : 0.0000 0.0000 1.0000 0.0000 0.0000 0.0000 0.0000 0.0000 0.0000 0.0000 0.0000 0.0000
150      150   (0)      3  : 0.0000 0.0126 0.0003 0.0000 0.8470 0.0330 0.0000 0.0000 0.0781 0.0000 0.0290 0.0000
151      151   (0)      3  : 0.0000 0.0000 0.0000 0.0000 0.9320 0.0000 0.0000 0.0317 0.0000 0.0000 0.0000 0.0363
152      152   (0)      3  : 0.0044 0.0000 0.0000 0.5903 0.0000 0.0000 0.2000 0.0000 0.0711 0.0045 0.1297 0.0000
153      153   (0)      3  : 0.0000 0.0000 1.0000 0.0000 0.0000 0.0000 0.0000 0.0000 0.0000 0.0000 0.0000 0.0000
154      154   (0)      3  : 0.0000 0.0000 0.0049 0.3951 0.0000 0.0000 0.6000 0.0000 0.0000 0.0000 0.0000 0.0000
155      155   (0)      3  : 0.0000 0.0000 0.0000 0.4960 0.0000 0.0000 0.1159 0.0000 0.0841 0.0000 0.3040 0.0000
156      156   (0)      3  : 0.8151 0.0000 0.0000 0.0474 0.0000 0.0000 0.0000 0.0000 0.0085 0.1265 0.0025 0.0000
157      157   (0)      3  : 0.0046 0.0000 0.0000 0.5002 0.0000 0.0000 0.1781 0.0000 0.0000 0.0046 0.3125 0.0000
158      158   (0)      3  : 0.6543 0.0000 0.0000 0.0000 0.0000 0.0000 0.0000 0.0000 0.0000 0.3457 0.0000 0.0000
159      159   (0)      3  : 0.0064 0.0000 0.0000 0.6759 0.0086 0.0000 0.1042 0.0000 0.2006 0.0042 0.0000 0.0000
160      160   (0)      3  : 0.8043 0.0000 0.0000 0.0000 0.0000 0.0000 0.0047 0.0000 0.0000 0.1910 0.0000 0.0000
161      161   (0)      4  : 0.0000 0.0000 0.0000 0.2723 0.0000 0.0000 0.7123 0.0000 0.0009 0.0145 0.0000 0.0000
162      162   (0)      4  : 0.0000 0.0000 0.0000 0.5920 0.0000 0.0000 0.1063 0.0000 0.0681 0.0000 0.2336 0.0000
163      163   (0)      4  : 0.0000 0.0000 1.0000 0.0000 0.0000 0.0000 0.0000 0.0000 0.0000 0.0000 0.0000 0.0000
164      164   (0)      4  : 0.5723 0.0000 0.0000 0.0000 0.0000 0.0000 0.0000 0.0000 0.0000 0.4277 0.0000 0.0000
165      165   (0)      4  : 0.0000 0.0000 1.0000 0.0000 0.0000 0.0000 0.0000 0.0000 0.0000 0.0000 0.0000 0.0000
166      166   (0)      4  : 0.0000 0.0000 1.0000 0.0000 0.0000 0.0000 0.0000 0.0000 0.0000 0.0000 0.0000 0.0000
167      167   (0)      4  : 0.0015 0.0000 0.0000 0.5287 0.0000 0.0000 0.4650 0.0000 0.0000 0.0049 0.0000 0.0000
168      168   (0)      4  : 0.0066 0.0000 0.0000 0.8978 0.0000 0.0000 0.0000 0.0000 0.0876 0.0080 0.0000 0.0000
169      169   (0)      4  : 0.0000 0.0000 0.0000 0.3724 0.0000 0.0000 0.1286 0.0000 0.0715 0.0262 0.4012 0.0000
170      170   (0)      4  : 0.0000 0.0000 0.0000 0.5876 0.0000 0.0000 0.3475 0.0000 0.0650 0.0000 0.0000 0.0000
171      171   (0)      4  : 0.0000 0.0000 0.0000 0.5248 0.0000 0.0000 0.2129 0.0000 0.0021 0.0250 0.2352 0.0000
172      172   (0)      4  : 0.0007 0.0000 0.0000 0.3627 0.0000 0.0000 0.2010 0.0000 0.3003 0.0040 0.1313 0.0000
173      173   (0)      4  : 0.0063 0.0000 0.0000 0.6684 0.0000 0.0000 0.2600 0.0000 0.0654 0.0000 0.0000 0.0000
174      174   (0)      4  : 0.9550 0.0000 0.0000 0.0056 0.0000 0.0000 0.0004 0.0000 0.0000 0.0355 0.0035 0.0000
175      175   (0)      4  : 0.0000 0.0000 0.0000 0.8068 0.0000 0.0000 0.0420 0.0000 0.0446 0.0000 0.1066 0.0000
176      176   (0)      4  : 0.0000 0.0000 1.0000 0.0000 0.0000 0.0000 0.0000 0.0000 0.0000 0.0000 0.0000 0.0000
177      177   (0)      4  : 0.0098 0.0000 0.0000 0.4164 0.0000 0.0000 0.5554 0.0000 0.0000 0.0185 0.0000 0.0000
178      178   (0)      4  : 0.0000 0.0000 1.0000 0.0000 0.0000 0.0000 0.0000 0.0000 0.0000 0.0000 0.0000 0.0000
179      179   (0)      4  : 0.0000 0.0000 1.0000 0.0000 0.0000 0.0000 0.0000 0.0000 0.0000 0.0000 0.0000 0.0000
180      180   (0)      4  : 0.0000 0.0000 0.0134 0.5118 0.0000 0.0000 0.1733 0.0000 0.0006 0.0058 0.2951 0.0000
181      181   (0)      4  : 0.0000 0.0000 0.0000 0.6891 0.0000 0.0000 0.3109 0.0000 0.0000 0.0000 0.0000 0.0000
182      182   (0)      4  : 0.0000 0.0000 0.0000 0.8775 0.0000 0.0000 0.1225 0.0000 0.0000 0.0000 0.0000 0.0000
183      183   (0)      4  : 0.8391 0.0000 0.0000 0.0000 0.0000 0.0000 0.0000 0.0000 0.0000 0.1609 0.0000 0.0000
184      184   (0)      4  : 0.7179 0.0000 0.0000 0.0055 0.0000 0.0000 0.0084 0.0000 0.0000 0.2682 0.0000 0.0000
185      185   (0)      4  : 0.0000 0.0000 1.0000 0.0000 0.0000 0.0000 0.0000 0.0000 0.0000 0.0000 0.0000 0.0000
186      186   (0)      4  : 0.0000 0.0000 0.0000 0.5180 0.0000 0.0000 0.2000 0.0000 0.0548 0.0038 0.2234 0.0000
187      187   (0)      4  : 0.0321 0.0000 0.0000 0.7079 0.0000 0.0000 0.0472 0.0000 0.2000 0.0128 0.0000 0.0000
188      188   (0)      4  : 0.0000 0.0000 1.0000 0.0000 0.0000 0.0000 0.0000 0.0000 0.0000 0.0000 0.0000 0.0000
189      189   (0)      4  : 0.0000 0.0000 0.0000 0.8337 0.0000 0.0000 0.1570 0.0000 0.0000 0.0093 0.0000 0.0000
190      190   (0)      4  : 0.6840 0.0000 0.0000 0.0000 0.0000 0.0000 0.0000 0.0000 0.0000 0.3160 0.0000 0.0000
191      191   (0)      4  : 0.1744 0.0000 0.1148 0.1194 0.0173 0.0000 0.2558 0.0000 0.1904 0.0000 0.1279 0.0000
192      192   (0)      4  : 0.0024 0.0000 0.0000 0.5200 0.0000 0.0000 0.2000 0.0000 0.1377 0.0000 0.1400 0.0000
193      193   (0)      4  : 0.0167 0.0000 0.0129 0.7418 0.0000 0.0000 0.0433 0.0000 0.0377 0.0271 0.1204 0.0000
194      194   (0)      4  : 0.0087 0.0000 0.0090 0.4718 0.0000 0.0000 0.2000 0.0000 0.1291 0.0021 0.1793 0.0000
195      195   (0)      4  : 0.0000 0.0000 0.0000 0.5158 0.0000 0.0000 0.2340 0.0000 0.0383 0.0000 0.2119 0.0000
196      196   (0)      4  : 0.0000 0.0000 0.0000 0.4860 0.0000 0.0000 0.2403 0.0000 0.2000 0.0000 0.0737 0.0000
197      197   (0)      4  : 0.0039 0.0000 0.0000 0.7328 0.0000 0.0000 0.2632 0.0000 0.0000 0.0000 0.0000 0.0000
198      198   (0)      4  : 0.0017 0.0000 0.0000 0.2684 0.0000 0.0000 0.2626 0.0000 0.3299 0.0000 0.1374 0.0000
199      199   (0)      4  : 0.0071 0.0000 0.0031 0.4821 0.0000 0.0000 0.3029 0.0000 0.0000 0.0047 0.2000 0.0000
200      200   (0)      4  : 0.9402 0.0000 0.0000 0.0058 0.0000 0.0000 0.0002 0.0000 0.0116 0.0263 0.0159 0.0000
201      201   (0)      4  : 0.0000 0.0000 0.0000 0.5638 0.0038 0.0000 0.4013 0.0000 0.0311 0.0000 0.0000 0.0000
202      202   (0)      4  : 0.0000 0.0000 0.0065 0.7310 0.0000 0.0000 0.0625 0.0000 0.2000 0.0000 0.0000 0.0000
203      203   (0)      4  : 0.0000 0.0000 0.0086 0.7271 0.0000 0.0000 0.1708 0.0000 0.0598 0.0336 0.0000 0.0000
204      204   (0)      4  : 0.0035 0.0000 0.0191 0.7876 0.0000 0.0000 0.0000 0.0000 0.0000 0.0022 0.1875 0.0000
205      205   (0)      4  : 0.0190 0.0000 0.0000 0.8231 0.0065 0.0000 0.0597 0.0000 0.0841 0.0076 0.0000 0.0000
206      206   (0)      4  : 0.0000 0.0000 0.0000 0.2020 0.0000 0.0000 0.2679 0.0000 0.2000 0.0000 0.3300 0.0000
207      207   (0)      4  : 0.0000 0.0000 0.0000 0.6746 0.0000 0.0000 0.2974 0.0000 0.0002 0.0034 0.0243 0.0000
208      208   (0)      4  : 0.9279 0.0000 0.0000 0.0260 0.0000 0.0000 0.0153 0.0000 0.0146 0.0019 0.0144 0.0000
209      209   (0)      4  : 0.0042 0.0000 0.0000 0.1929 0.0000 0.0000 0.4620 0.0000 0.0030 0.0000 0.3380 0.0000
210      210   (0)      4  : 0.0000 0.0000 0.0000 0.4905 0.0000 0.0000 0.3413 0.0000 0.0930 0.0000 0.0753 0.0000
211      211   (0)      4  : 0.0000 0.0000 0.0007 0.7435 0.0000 0.0000 0.1103 0.0000 0.1155 0.0216 0.0083 0.0000
212      212   (0)      4  : 0.5815 0.0000 0.0000 0.0034 0.0000 0.0000 0.0016 0.0000 0.0000 0.4114 0.0020 0.0000
213      213   (0)      4  : 0.0028 0.0000 0.0000 0.6697 0.0000 0.0031 0.1523 0.0000 0.1015 0.0163 0.0543 0.0000
214      214   (0)      4  : 0.0043 0.0000 0.0103 0.4351 0.0000 0.0000 0.4805 0.0000 0.0698 0.0000 0.0000 0.0000
215      215   (0)      4  : 0.4466 0.0000 0.0025 0.2279 0.0000 0.0000 0.1544 0.0000 0.0648 0.0533 0.0504 0.0000
216      216   (0)      4  : 0.0045 0.0000 0.0000 0.9326 0.0000 0.0000 0.0629 0.0000 0.0000 0.0000 0.0000 0.0000
217      217   (0)      4  : 0.0000 0.0000 1.0000 0.0000 0.0000 0.0000 0.0000 0.0000 0.0000 0.0000 0.0000 0.0000
218      218   (0)      4  : 0.0000 0.0000 0.0015 0.2513 0.0000 0.0000 0.7220 0.0000 0.0013 0.0238 0.0000 0.0000
219      219   (0)      4  : 0.0025 0.0000 0.0000 0.6447 0.0000 0.0000 0.2686 0.0000 0.0586 0.0256 0.0000 0.0000
220      220   (0)      5  : 0.0000 0.2108 0.0000 0.0000 0.0019 0.2342 0.1550 0.3166 0.0018 0.0000 0.0672 0.0125
221      221   (0)      5  : 0.0000 0.1959 0.0000 0.0000 0.0000 0.0000 0.0000 0.3937 0.0000 0.0000 0.2639 0.1465
222      222   (0)      6  : 0.0000 0.0098 0.0000 0.0000 0.0000 0.0309 0.0000 0.6263 0.0000 0.0000 0.2880 0.0449
223      223   (0)      6  : 0.0000 0.1856 0.0000 0.0000 0.0000 0.1693 0.0000 0.2175 0.0000 0.0000 0.1560 0.2716
224      224   (0)      6  : 0.0000 0.5194 0.0000 0.0000 0.0000 0.0395 0.0000 0.2477 0.0000 0.0000 0.0953 0.0982
225      225   (0)      6  : 0.0000 0.0990 0.0000 0.0000 0.0000 0.3219 0.2000 0.0000 0.0000 0.0000 0.0000 0.3791
226      226   (0)      6  : 0.0000 0.3254 0.0000 0.0000 0.0069 0.3308 0.0000 0.1338 0.0066 0.0000 0.0743 0.1221
227      227   (0)      6  : 0.0000 0.2694 0.0000 0.0000 0.0000 0.2530 0.1506 0.0599 0.0000 0.0000 0.1277 0.1393
228      228   (0)      6  : 0.0000 0.2504 0.0000 0.0000 0.0172 0.3412 0.2000 0.0001 0.0086 0.0000 0.0744 0.1080
229      229   (0)      6  : 0.0000 0.0003 0.0000 0.0000 0.0000 0.4073 0.2000 0.0720 0.0000 0.0000 0.0000 0.3205
230      230   (0)      6  : 0.0000 0.1437 0.0000 0.0000 0.0000 0.1479 0.0760 0.0816 0.0000 0.0000 0.0510 0.4998
231      231   (0)      6  : 0.0000 0.3480 0.0000 0.0000 0.0206 0.4522 0.0774 0.0000 0.0000 0.0000 0.0671 0.0347
232      232   (0)      6  : 0.0000 0.3936 0.0000 0.0000 0.0058 0.0753 0.0000 0.2332 0.0000 0.0000 0.1484 0.1437
233      233   (0)      6  : 0.0000 0.5769 0.0000 0.0000 0.0000 0.1546 0.1069 0.0344 0.0025 0.0000 0.0000 0.1247
234      234   (0)      6  : 0.0000 0.3146 0.0000 0.0000 0.0023 0.1430 0.0000 0.3620 0.0000 0.0000 0.0446 0.1336
235      235   (0)      6  : 0.0000 0.3163 0.0029 0.0000 0.0027 0.0002 0.0655 0.3750 0.0020 0.0000 0.1602 0.0752
236      236   (0)      6  : 0.0000 0.0646 0.0000 0.0000 0.0000 0.0000 0.0000 0.4698 0.0000 0.0000 0.1086 0.3571
237      237   (0)      6  : 0.0000 0.0777 0.0000 0.0000 0.0000 0.2735 0.0000 0.4602 0.0002 0.0000 0.0789 0.1096
238      238   (0)      6  : 0.0000 0.0523 0.0000 0.0000 0.0000 0.4118 0.0529 0.3546 0.0000 0.0000 0.1148 0.0137
239      239   (0)      6  : 0.0000 0.2902 0.0000 0.0000 0.0000 0.0487 0.1625 0.0003 0.0000 0.0000 0.0826 0.4156
240      240   (0)      6  : 0.0000 0.1909 0.0000 0.0000 0.0058 0.6824 0.0000 0.0057 0.0000 0.0000 0.1153 0.0000
241      241   (0)      6  : 0.0000 0.4590 0.0000 0.0000 0.0000 0.2623 0.0000 0.0000 0.0000 0.0000 0.1807 0.0980
242      242   (0)      6  : 0.0000 0.0819 0.0000 0.0000 0.0000 0.0427 0.0333 0.4332 0.0039 0.0000 0.0806 0.3244
243      243   (0)      6  : 0.0000 0.2152 0.0000 0.0000 0.0509 0.0754 0.2000 0.0000 0.0000 0.0000 0.0022 0.4562
244      244   (0)      6  : 0.0000 0.4538 0.0000 0.0000 0.0000 0.0000 0.0774 0.2171 0.0000 0.0000 0.0993 0.1523
245      245   (0)      6  : 0.0000 0.1674 0.0000 0.0000 0.0006 0.3008 0.0000 0.2487 0.0000 0.0000 0.1249 0.1578
246      246   (0)      6  : 0.0000 0.1436 0.0000 0.0000 0.0000 0.0447 0.0000 0.4679 0.0000 0.0000 0.2585 0.0854
247      247   (0)      6  : 0.0000 0.3689 0.0000 0.0000 0.0000 0.3488 0.0000 0.0000 0.0000 0.0000 0.1908 0.0915
248      248   (0)      6  : 0.0000 0.3738 0.0000 0.0000 0.0000 0.2269 0.0000 0.2368 0.0008 0.0000 0.0779 0.0837
249      249   (0)      7  : 0.0000 0.5030 0.0000 0.0000 0.0000 0.2678 0.0000 0.0000 0.0000 0.0000 0.1167 0.1125
250      250   (0)      7  : 0.0000 0.3461 0.0000 0.0000 0.0000 0.0194 0.0000 0.1032 0.0000 0.0000 0.0556 0.4757
251      251   (0)      7  : 0.0000 0.3964 0.0000 0.0000 0.0000 0.0602 0.0764 0.2442 0.0000 0.0000 0.1749 0.0480
252      252   (0)      7  : 0.0000 0.0965 0.0000 0.0000 0.0000 0.3559 0.0000 0.3412 0.0000 0.0000 0.1191 0.0873
253      253   (0)      7  : 0.0000 0.0077 0.0000 0.0000 0.0000 0.0000 0.0000 0.5803 0.0000 0.0000 0.2506 0.1613
254      254   (0)      7  : 0.0000 0.1586 0.0000 0.0000 0.0000 0.4738 0.0000 0.1144 0.0000 0.0000 0.1711 0.0820
255      255   (0)      7  : 0.0000 0.1378 0.0000 0.0000 0.0000 0.4134 0.2000 0.0368 0.0000 0.0000 0.0310 0.1810
256      256   (0)      7  : 0.0000 0.0086 0.0000 0.0000 0.0000 0.6393 0.0863 0.0548 0.0000 0.0000 0.0687 0.1422
257      257   (0)      7  : 0.0000 0.1665 0.0000 0.0000 0.0000 0.4219 0.2000 0.0179 0.0000 0.0000 0.0012 0.1925
258      258   (0)      7  : 0.0000 0.3242 0.0000 0.0000 0.0000 0.3226 0.2000 0.0973 0.0000 0.0000 0.0000 0.0559
259      259   (0)      7  : 0.0000 0.5476 0.0000 0.0000 0.0000 0.0000 0.1014 0.1712 0.0000 0.0000 0.0145 0.1653
260      260   (0)      7  : 0.0000 0.4316 0.0000 0.0000 0.0000 0.5683 0.0000 0.0001 0.0000 0.0000 0.0000 0.0000
261      261   (0)      7  : 0.0000 0.1732 0.0000 0.0000 0.0001 0.1579 0.0000 0.1331 0.0000 0.0000 0.2000 0.3357
262      262   (0)      7  : 0.0000 0.0417 0.0000 0.0000 0.0000 0.4277 0.0000 0.2483 0.0000 0.0000 0.1625 0.1197
263      263   (0)      7  : 0.0000 0.0948 0.0000 0.0000 0.0004 0.1330 0.0000 0.6808 0.0000 0.0000 0.0775 0.0135
264      264   (0)      7  : 0.0000 0.1558 0.0000 0.0000 0.0000 0.4016 0.0000 0.3019 0.0000 0.0000 0.0000 0.1406
265      265   (0)      7  : 0.0000 0.0718 0.0000 0.0000 0.0000 0.0005 0.0974 0.3317 0.0000 0.0000 0.1524 0.3462
266      266   (0)      7  : 0.0000 0.1291 0.0000 0.0000 0.0030 0.0000 0.0000 0.5991 0.0081 0.0000 0.1050 0.1556
267      267   (0)      7  : 0.0000 0.0457 0.0004 0.0000 0.0071 0.0000 0.0000 0.8292 0.0000 0.0000 0.1070 0.0107
268      268   (0)      7  : 0.0000 0.2652 0.0000 0.0000 0.0000 0.0744 0.0000 0.0925 0.0000 0.0000 0.0839 0.4840
269      269   (0)      7  : 0.0000 0.0000 0.0000 0.0000 0.0056 0.0000 0.0000 0.1945 0.0000 0.0000 0.4209 0.3790
270      270   (0)      7  : 0.0000 0.2391 0.0000 0.0000 0.0044 0.1551 0.0000 0.2112 0.0000 0.0000 0.0882 0.3020
271      271   (0)      7  : 0.0000 0.0447 0.0000 0.0000 0.0000 0.0000 0.0000 0.1092 0.0000 0.0000 0.0000 0.8460
272      272   (0)      7  : 0.0000 0.0000 0.0000 0.0000 0.0000 0.0000 0.0000 0.8027 0.0000 0.0000 0.1973 0.0000
273      273   (0)      7  : 0.0000 0.3980 0.0000 0.0000 0.0000 0.1980 0.0548 0.1770 0.0023 0.0000 0.0932 0.0767
274      274   (0)      7  : 0.0000 0.4146 0.0000 0.0000 0.0000 0.0610 0.0000 0.1976 0.0028 0.0000 0.2781 0.0459
275      275   (0)      7  : 0.0000 0.1319 0.0000 0.0000 0.0000 0.0056 0.0000 0.5931 0.0000 0.0000 0.2011 0.0683
276      276   (0)      7  : 0.0000 0.3235 0.0000 0.0000 0.0000 0.2225 0.0000 0.0000 0.0000 0.0000 0.2554 0.1986
277      277   (0)      7  : 0.0000 0.3026 0.0000 0.0000 0.0000 0.3034 0.0000 0.0282 0.0029 0.0000 0.1422 0.2207
278      278   (0)      7  : 0.0000 0.4930 0.0000 0.0000 0.0000 0.0000 0.0000 0.0790 0.0000 0.0000 0.1252 0.3028
279      279   (0)      8  : 0.0000 0.0000 0.0000 0.0000 0.0000 0.1689 0.0754 0.0647 0.0000 0.0000 0.1103 0.5807
280      280   (0)      8  : 0.0000 0.0529 0.0000 0.0000 0.0000 0.1245 0.0000 0.1742 0.0000 0.0000 0.1866 0.4618
281      281   (0)      8  : 0.0000 0.3059 0.0000 0.0000 0.0000 0.0490 0.0000 0.2919 0.0022 0.0000 0.3510 0.0000
282      282   (0)      8  : 0.0000 0.0262 0.0000 0.0000 0.0000 0.4139 0.0000 0.0000 0.0020 0.0000 0.3251 0.2327
283      283   (0)      8  : 0.0000 0.3998 0.0011 0.0000 0.0108 0.1644 0.0821 0.2027 0.0057 0.0000 0.0000 0.1333
284      284   (0)      8  : 0.0000 0.1371 0.0000 0.0000 0.0000 0.0000 0.0000 0.5508 0.0000 0.0000 0.1498 0.1624
285      285   (0)      8  : 0.0000 0.3259 0.0000 0.0000 0.0000 0.2563 0.0000 0.1449 0.0000 0.0000 0.1955 0.0775
286      286   (0)      8  : 0.0000 0.2606 0.0000 0.0000 0.0000 0.0019 0.0000 0.4022 0.0000 0.0000 0.0127 0.3225
287      287   (0)      8  : 0.0000 0.2802 0.0000 0.0000 0.0000 0.4532 0.0000 0.0000 0.0000 0.0000 0.1599 0.1067
288      288   (0)      8  : 0.0000 0.0936 0.0000 0.0000 0.0199 0.1752 0.0000 0.2578 0.0000 0.0000 0.2808 0.1728
289      289   (0)      8  : 0.0000 0.2000 0.0000 0.0000 0.0000 0.8000 0.0000 0.0000 0.0000 0.0000 0.0000 0.0000
290      290   (0)      5  : 0.0000 0.0810 0.0000 0.0000 0.0000 0.0135 0.0000 0.7508 0.0000 0.0000 0.0898 0.0648
291      291   (0)      5  : 0.0000 0.1626 0.0000 0.0000 0.0000 0.5996 0.0000 0.0306 0.0000 0.0000 0.0000 0.2072
292      292   (0)      5  : 0.0000 0.0571 0.0000 0.0000 0.0001 0.0364 0.0000 0.4750 0.0000 0.0000 0.4000 0.0314
293      293   (0)      5  : 0.0000 0.0705 0.0000 0.0000 0.0000 0.0958 0.1205 0.2396 0.0043 0.0000 0.1183 0.3510
294      294   (0)      5  : 0.0000 0.0442 0.0000 0.0000 0.0062 0.3147 0.0000 0.1285 0.0000 0.0000 0.1939 0.3124
295      295   (0)      5  : 0.0000 0.0973 0.0000 0.0000 0.0000 0.1508 0.0000 0.6225 0.0000 0.0000 0.1295 0.0000
296      296   (0)      5  : 0.0000 0.0003 0.0019 0.0000 0.0093 0.0801 0.1027 0.1373 0.0003 0.0000 0.0001 0.6681
297      297   (0)      5  : 0.0000 0.0000 0.0026 0.0000 0.0053 0.8464 0.0000 0.0000 0.0000 0.0000 0.0000 0.1458
298      298   (0)      5  : 0.0000 0.3408 0.0000 0.0000 0.0000 0.1662 0.0003 0.0522 0.0000 0.0000 0.2000 0.2405
299      299   (0)      5  : 0.0000 0.4531 0.0000 0.0000 0.0001 0.0998 0.0000 0.1029 0.0000 0.0000 0.0620 0.2821
300      300   (0)      5  : 0.0000 0.2915 0.0000 0.0000 0.0000 0.3482 0.0000 0.0860 0.0000 0.0000 0.2375 0.0368
301      301   (0)      5  : 0.0000 0.0796 0.0000 0.0000 0.0000 0.0625 0.0000 0.0832 0.0000 0.0000 0.0544 0.7204
302      302   (0)      5  : 0.0000 0.3138 0.0000 0.0000 0.0000 0.1250 0.0000 0.0684 0.0000 0.0000 0.2648 0.2279
303      303   (0)      5  : 0.0000 0.0000 0.0000 0.0000 0.0000 0.2256 0.0000 0.7744 0.0000 0.0000 0.0000 0.0000
304      304   (0)      5  : 0.0000 0.0791 0.0000 0.0000 0.0000 0.2983 0.0266 0.4128 0.0000 0.0000 0.1466 0.0367
305      305   (0)      5  : 0.0000 0.1527 0.0006 0.0000 0.0000 0.3301 0.0000 0.0000 0.0047 0.0000 0.1275 0.3844
306      306   (0)      5  : 0.0000 0.6831 0.0000 0.0000 0.0000 0.0000 0.1169 0.0000 0.0000 0.0000 0.0537 0.1463
307      307   (0)      5  : 0.0000 0.2676 0.0000 0.0000 0.0431 0.2327 0.0780 0.0222 0.0000 0.0000 0.0578 0.2985
308      308   (0)      5  : 0.0000 0.0882 0.0000 0.0000 0.0054 0.0356 0.0000 0.5791 0.0111 0.0000 0.0700 0.2105
309      309   (0)      5  : 0.0000 0.1695 0.0000 0.0000 0.0000 0.0014 0.0000 0.3964 0.0006 0.0000 0.1759 0.2561
310      310   (0)      5  : 0.0000 0.0000 0.0000 0.0000 0.0000 0.0337 0.0000 0.0500 0.0000 0.0000 0.0000 0.9164
311      311   (0)      5  : 0.0000 0.6464 0.0000 0.0000 0.0000 0.1615 0.0578 0.0000 0.0005 0.0000 0.1338 0.0000
312      312   (0)      5  : 0.0000 0.2220 0.0000 0.0000 0.0087 0.1397 0.0000 0.3558 0.0115 0.0000 0.1123 0.1502
313      313   (0)      5  : 0.0000 0.0000 0.0000 0.0000 0.0000 0.0000 0.0000 0.8467 0.0000 0.0000 0.1154 0.0379
314      314   (0)      5  : 0.0000 0.5464 0.0000 0.0000 0.0000 0.0279 0.1184 0.1467 0.0000 0.0000 0.0000 0.1607
315      315   (0)      5  : 0.0000 0.2955 0.0000 0.0000 0.0001 0.2524 0.0000 0.0633 0.0000 0.0000 0.2402 0.1485
316      316   (0)      5  : 0.0000 0.1438 0.0000 0.0000 0.0000 0.5407 0.0000 0.1154 0.0000 0.0000 0.2000 0.0000
317      317   (0)      5  : 0.0000 0.0432 0.0000 0.0000 0.0000 0.0000 0.0000 0.5994 0.0000 0.0000 0.1570 0.2004
318      318   (0)      8  : 0.0000 0.2448 0.0000 0.0000 0.0000 0.0672 0.0452 0.5582 0.0000 0.0000 0.0786 0.0062
319      319   (0)      8  : 0.0000 0.0376 0.0000 0.0000 0.0000 0.1245 0.0000 0.5418 0.0000 0.0000 0.0757 0.2204
320      320   (0)      9  : 0.0000 0.1334 0.0000 0.0000 0.0000 0.0445 0.0000 0.4729 0.0000 0.0000 0.0686 0.2806
321      321   (0)      9  : 0.0000 0.0534 0.0064 0.0000 0.0000 0.0361 0.1096 0.2092 0.0028 0.0000 0.1406 0.4419
322      322   (0)      9  : 0.0000 0.2816 0.0000 0.0000 0.0000 0.2801 0.0000 0.1742 0.0000 0.0000 0.0733 0.1907
323      323   (0)      9  : 0.0000 0.0455 0.0000 0.0000 0.0000 0.6022 0.0000 0.2252 0.0000 0.0000 0.1271 0.0000
324      324   (0)      9  : 0.0000 0.0000 0.0000 0.0000 0.0000 0.3628 0.0000 0.1511 0.0000 0.0000 0.0238 0.4623
325      325   (0)      8  : 0.0000 0.4792 0.0000 0.0000 0.0000 0.0959 0.0000 0.2108 0.0000 0.0000 0.2142 0.0000
326      326   (0)      8  : 0.0000 0.2251 0.0000 0.0000 0.0000 0.0230 0.0129 0.3521 0.0000 0.0000 0.1116 0.2753
327      327   (0)      8  : 0.0000 0.0415 0.0000 0.0000 0.0000 0.2342 0.0493 0.3318 0.0000 0.0000 0.0850 0.2581
328      328   (0)      8  : 0.0000 0.0576 0.0000 0.0000 0.0000 0.4054 0.0000 0.3355 0.0000 0.0000 0.1773 0.0242
329      329   (0)      8  : 0.0000 0.3963 0.0000 0.0000 0.0000 0.3281 0.0000 0.0337 0.0000 0.0000 0.1094 0.1325
330      330   (0)      9  : 0.0000 0.4702 0.0000 0.0000 0.0000 0.0000 0.0000 0.1985 0.0006 0.0000 0.0000 0.3307
331      331   (0)      9  : 0.0000 0.1683 0.0000 0.0000 0.0000 0.0175 0.0000 0.4690 0.0000 0.0000 0.1736 0.1717
332      332   (0)      9  : 0.0000 0.3661 0.0000 0.0000 0.0000 0.1182 0.0656 0.0980 0.0000 0.0000 0.0036 0.3485
333      333   (0)      9  : 0.0000 0.2809 0.0000 0.0000 0.0000 0.4136 0.0000 0.0598 0.0000 0.0000 0.2000 0.0457
334      334   (0)      9  : 0.0000 0.1869 0.0000 0.0000 0.0000 0.0410 0.0355 0.5224 0.0000 0.0000 0.1435 0.0707
335      335   (0)      9  : 0.0000 0.2175 0.0000 0.0000 0.0000 0.4383 0.0235 0.0891 0.0000 0.0000 0.2310 0.0005
336      336   (0)      8  : 0.0000 0.0745 0.0000 0.0000 0.0000 0.6621 0.0000 0.0000 0.0000 0.0000 0.0634 0.2000
337      337   (0)      8  : 0.0000 0.4308 0.0000 0.0000 0.0000 0.1093 0.0103 0.0000 0.0000 0.0000 0.0599 0.3897
338      338   (0)      8  : 0.0000 0.1020 0.0000 0.0000 0.0000 0.6691 0.0000 0.0000 0.0000 0.0000 0.2000 0.0289
339      339   (0)      8  : 0.0000 0.2112 0.0000 0.0000 0.0000 0.4018 0.0000 0.0387 0.0033 0.0000 0.0895 0.2554
340      340   (0)      8  : 0.0000 0.3880 0.0000 0.0000 0.0000 0.0000 0.0000 0.0907 0.0000 0.0000 0.0893 0.4320
341      341   (0)      8  : 0.0000 0.2170 0.0000 0.0000 0.0389 0.2160 0.0000 0.0468 0.0053 0.0000 0.0000 0.4761
342      342   (0)      8  : 0.0000 0.1453 0.0000 0.0000 0.0000 0.4896 0.0000 0.0383 0.0000 0.0000 0.1845 0.1423
343      343   (0)      9  : 0.0000 0.2992 0.0000 0.0000 0.0000 0.5674 0.0000 0.0000 0.0000 0.0000 0.0747 0.0586
344      344   (0)      9  : 0.0000 0.5124 0.0000 0.0000 0.0000 0.3843 0.0000 0.0015 0.0000 0.0000 0.0529 0.0489
345      345   (0)      9  : 0.0000 0.1784 0.0000 0.0000 0.0000 0.2512 0.0000 0.0957 0.0000 0.0000 0.1696 0.3050
346      346   (0)      9  : 0.0000 0.3580 0.0000 0.0000 0.0047 0.1338 0.0003 0.1200 0.0000 0.0000 0.0841 0.2992
347      347   (0)      9  : 0.0000 0.3915 0.0000 0.0000 0.0055 0.1305 0.1037 0.0687 0.0000 0.0000 0.0565 0.2436
348      348   (0)      9  : 0.0000 0.5270 0.0000 0.0000 0.0075 0.0000 0.0000 0.2548 0.0050 0.0000 0.1031 0.1027
349      349   (0)      9  : 0.0000 0.0888 0.0000 0.0000 0.0371 0.4360 0.0000 0.2593 0.0089 0.0000 0.0916 0.0782
350      350   (0)      9  : 0.0000 0.2076 0.0000 0.0000 0.0000 0.2397 0.0000 0.1455 0.0000 0.0000 0.2000 0.2071
351      351   (0)      9  : 0.0000 0.3731 0.0000 0.0000 0.0234 0.1961 0.0000 0.2369 0.0000 0.0000 0.1703 0.0001
352      352   (0)      9  : 0.0000 0.0894 0.0000 0.0000 0.0090 0.2824 0.0000 0.4924 0.0000 0.0000 0.1268 0.0000
353      353   (0)      9  : 0.0000 0.5569 0.0000 0.0000 0.0071 0.1875 0.0001 0.0000 0.0000 0.0000 0.2056 0.0427
354      354   (0)      9  : 0.0000 0.3420 0.0000 0.0000 0.0000 0.2833 0.0000 0.0929 0.0000 0.0000 0.1446 0.1372
355      355   (0)      9  : 0.0000 0.0353 0.0000 0.0000 0.0000 0.3327 0.0000 0.2566 0.0032 0.0000 0.0877 0.2845
356      356   (0)      9  : 0.0000 0.2531 0.0000 0.0000 0.0061 0.4170 0.0000 0.1109 0.0000 0.0000 0.0916 0.1214
357      357   (0)      9  : 0.0000 0.3881 0.0000 0.0000 0.0000 0.2364 0.0566 0.0034 0.0000 0.0000 0.1709 0.1445
358      358   (0)      9  : 0.0000 0.3849 0.0000 0.0000 0.0022 0.0000 0.1167 0.0614 0.0000 0.0000 0.0000 0.4348
359      359   (0)      9  : 0.0000 0.1065 0.0000 0.0000 0.0065 0.4348 0.1261 0.1092 0.0000 0.0000 0.0740 0.1430
360      360   (0)      9  : 0.0000 0.4106 0.0000 0.0000 0.0000 0.1578 0.0000 0.1268 0.0000 0.0000 0.0092 0.2956
361      361   (0)      9  : 0.0000 0.0820 0.0000 0.0000 0.0000 0.3675 0.0000 0.1514 0.0000 0.0000 0.2637 0.1354
362      362   (0)     10  : 0.0000 0.2551 0.0000 0.0000 0.0000 0.0000 0.0000 0.0502 0.0000 0.0000 0.0980 0.5967
363      363   (0)     10  : 0.0000 0.4277 0.0000 0.0000 0.0000 0.0177 0.0000 0.1094 0.0000 0.0000 0.1643 0.2809
364      364   (0)     10  : 0.0000 0.2214 0.0000 0.0000 0.0000 0.1493 0.0000 0.0038 0.0000 0.0000 0.1525 0.4729
365      365   (0)     10  : 0.0000 0.1185 0.0047 0.0000 0.0000 0.1525 0.0000 0.2676 0.0000 0.0000 0.1855 0.2713
366      366   (0)     10  : 0.0000 0.0000 0.0000 0.0000 0.0000 0.3788 0.0000 0.5325 0.0000 0.0000 0.0887 0.0000
367      367   (0)     10  : 0.0000 0.3872 0.0000 0.0000 0.0123 0.1026 0.0414 0.0884 0.0000 0.0000 0.1074 0.2608
368      368   (0)     10  : 0.0000 0.3222 0.0000 0.0000 0.0000 0.3175 0.0000 0.2077 0.0000 0.0000 0.0860 0.0667
369      369   (0)     10  : 0.0000 0.0000 0.0000 0.0000 0.0000 0.3446 0.0000 0.4913 0.0000 0.0000 0.1641 0.0000
370      370   (0)     10  : 0.0000 0.1456 0.0000 0.0000 0.0275 0.1537 0.0000 0.1607 0.0000 0.0000 0.2532 0.2593
371      371   (0)     10  : 0.0000 0.2506 0.0000 0.0000 0.0000 0.4066 0.0000 0.1758 0.0000 0.0000 0.0896 0.0773
372      372   (0)     10  : 0.0000 0.1911 0.0000 0.0000 0.0007 0.2357 0.0000 0.1890 0.0000 0.0000 0.1475 0.2360
373      373   (0)     10  : 0.0000 0.2157 0.0000 0.0000 0.0000 0.1830 0.0000 0.0798 0.0000 0.0000 0.2000 0.3215
374      374   (0)     10  : 0.0000 0.2916 0.0000 0.0000 0.0000 0.2120 0.0000 0.0000 0.0000 0.0000 0.0545 0.4419
375      375   (0)     10  : 0.0000 0.1507 0.0000 0.0000 0.0000 0.0989 0.0000 0.4540 0.0000 0.0000 0.1026 0.1938
376      376   (0)     10  : 0.0000 0.1411 0.0000 0.0000 0.0000 0.0986 0.0000 0.4646 0.0138 0.0000 0.1769 0.1049
377      377   (0)     10  : 0.0000 0.1454 0.0000 0.0000 0.0076 0.2115 0.0000 0.1086 0.0158 0.0000 0.1254 0.3857
378      378   (0)     10  : 0.0000 0.6000 0.0000 0.0000 0.0000 0.0000 0.0000 0.0000 0.0000 0.0000 0.0662 0.3338
379      379   (0)     10  : 0.0000 0.0299 0.0027 0.0000 0.0252 0.1256 0.0000 0.5507 0.0000 0.0000 0.1909 0.0750
380      380   (0)     10  : 0.0000 0.0919 0.0000 0.0000 0.0000 0.6342 0.0000 0.0739 0.0000 0.0000 0.2000 0.0000
381      381   (0)     10  : 0.0000 0.5049 0.0000 0.0000 0.0000 0.0000 0.0000 0.0000 0.0000 0.0000 0.0000 0.4951
382      382   (0)     10  : 0.0000 0.1974 0.0000 0.0000 0.0000 0.4344 0.0000 0.2303 0.0000 0.0000 0.1081 0.0297
383      383   (0)     10  : 0.0000 0.3891 0.0000 0.0000 0.0314 0.0770 0.0945 0.0324 0.0056 0.0000 0.0032 0.3669
384      384   (0)     10  : 0.0000 0.2334 0.0004 0.0000 0.0000 0.0426 0.0000 0.4713 0.0000 0.0000 0.1122 0.1400
385      385   (0)     10  : 0.0000 0.5595 0.0000 0.0000 0.0000 0.0465 0.0893 0.0000 0.0000 0.0000 0.0020 0.3026
386      386   (0)     10  : 0.0000 0.0000 0.0000 0.0000 0.0000 0.0000 0.0000 0.4000 0.0032 0.0000 0.3047 0.2920
387      387   (0)     10  : 0.0000 0.3365 0.0019 0.0000 0.0000 0.0000 0.0011 0.1292 0.0000 0.0000 0.0000 0.5313
388      388   (0)     10  : 0.0000 0.6181 0.0000 0.0000 0.0000 0.0984 0.0000 0.0000 0.0000 0.0000 0.1642 0.1192
389      389   (0)     10  : 0.0000 0.0484 0.0000 0.0000 0.0000 0.1419 0.0000 0.3273 0.0000 0.0000 0.0725 0.4099
390      390   (0)      8  : 0.0000 0.3980 0.0000 0.0000 0.0187 0.0738 0.0014 0.4263 0.0000 0.0000 0.0818 0.0000
391      391   (0)      8  : 0.0000 0.0000 0.0000 0.0000 0.0000 0.2990 0.0000 0.0000 0.0000 0.0000 0.2436 0.4573
392      392   (0)      8  : 0.0000 0.0000 0.0000 0.0000 0.0000 0.6918 0.0000 0.1082 0.0000 0.0000 0.2000 0.0000
393      393   (0)     11  : 0.0000 0.1739 0.0000 0.0000 0.0000 0.6452 0.0000 0.1147 0.0000 0.0000 0.0550 0.0112
394      394   (0)     11  : 0.0000 0.0320 0.0000 0.0000 0.0000 0.2003 0.0000 0.1077 0.0000 0.0000 0.0000 0.6599
395      395   (0)     11  : 0.0000 0.0322 0.0000 0.0000 0.0030 0.5864 0.0000 0.0000 0.0098 0.0066 0.0569 0.3051
396      396   (0)     11  : 0.0000 0.0631 0.0000 0.0000 0.0068 0.6954 0.0000 0.1212 0.0000 0.0340 0.0002 0.0792
397      397   (0)     11  : 0.0000 0.3373 0.0004 0.0000 0.0000 0.0317 0.0000 0.0334 0.0000 0.0000 0.1127 0.4844
398      398   (0)     11  : 0.0000 0.0833 0.0000 0.0000 0.0000 0.1552 0.0000 0.4529 0.0000 0.0000 0.2631 0.0454
399      399   (0)     11  : 0.0000 0.2425 0.0000 0.0000 0.0000 0.3306 0.0000 0.0159 0.0000 0.0000 0.0000 0.4111
400      400   (0)     11  : 0.0000 0.5060 0.0000 0.0000 0.0000 0.0692 0.0521 0.1245 0.0000 0.0000 0.1013 0.1470
401      401   (0)     11  : 0.0006 0.0325 0.0000 0.0000 0.0000 0.3839 0.0004 0.3034 0.0000 0.0031 0.0747 0.2014
402      402   (0)     11  : 0.0000 0.1942 0.0000 0.0000 0.0000 0.3382 0.0410 0.1419 0.0000 0.0000 0.1062 0.1785
403      403   (0)     11  : 0.0000 0.5195 0.0000 0.0000 0.0000 0.1214 0.0000 0.0868 0.0001 0.0000 0.0835 0.1887
404      404   (0)     11  : 0.0000 0.2569 0.0000 0.0000 0.0008 0.3419 0.0000 0.2676 0.0000 0.0000 0.0292 0.1036
405      405   (0)     11  : 0.0000 0.0541 0.0000 0.0000 0.0632 0.5179 0.0000 0.1684 0.0084 0.0000 0.1880 0.0000
406      406   (0)     11  : 0.0000 0.0386 0.0000 0.0000 0.0000 0.2831 0.0472 0.6046 0.0000 0.0000 0.0264 0.0002
407      407   (0)     11  : 0.0000 0.0924 0.0000 0.0000 0.0000 0.4665 0.0000 0.1311 0.0002 0.0000 0.1166 0.1932
408      408   (0)     11  : 0.0000 0.2449 0.0000 0.0000 0.0000 0.3250 0.0000 0.1375 0.0000 0.0000 0.2427 0.0499
409      409   (0)     11  : 0.0000 0.5770 0.0014 0.0000 0.0044 0.1476 0.0000 0.0558 0.0060 0.0000 0.0287 0.1791
410      410   (0)     11  : 0.0000 0.1146 0.0000 0.0000 0.0000 0.6195 0.0000 0.0001 0.0001 0.0000 0.1361 0.1296
411      411   (0)     11  : 0.0000 0.0387 0.0000 0.0000 0.0000 0.1107 0.0000 0.2799 0.0000 0.0000 0.1118 0.4588
412      412   (0)     11  : 0.0000 0.3206 0.0000 0.0000 0.0000 0.1397 0.0866 0.2365 0.0002 0.0000 0.0696 0.1467
413      413   (0)     11  : 0.0000 0.0311 0.0000 0.0000 0.0000 0.0000 0.0000 0.2514 0.0000 0.0000 0.1175 0.6000
414      414   (0)     11  : 0.0000 0.1351 0.0000 0.0000 0.0000 0.3458 0.0032 0.0005 0.0000 0.0000 0.1264 0.3890
415      415   (0)     11  : 0.0000 0.0000 0.0000 0.0000 0.0000 0.3686 0.0000 0.0862 0.0022 0.0000 0.2508 0.2923
416      416   (0)     11  : 0.0000 0.1655 0.0000 0.0000 0.0078 0.0914 0.0000 0.4932 0.0121 0.0000 0.0869 0.1431
417      417   (0)     11  : 0.0000 0.0143 0.0000 0.0000 0.0000 0.4275 0.0000 0.0000 0.0000 0.0000 0.0292 0.5289
418      418   (0)     11  : 0.0031 0.1897 0.0000 0.0000 0.0187 0.3828 0.0000 0.1075 0.0000 0.0104 0.0629 0.2248
419      419   (0)     11  : 0.0000 0.0627 0.0000 0.0000 0.0000 0.6742 0.0000 0.1065 0.0000 0.0000 0.1411 0.0154
420      420   (0)     11  : 0.0000 0.0000 0.0000 0.0000 0.0000 0.8086 0.0000 0.0600 0.0000 0.0000 0.0000 0.1314
421      421   (0)     11  : 0.0000 0.0000 0.0000 0.0000 0.0000 0.6604 0.0000 0.1033 0.0000 0.0000 0.0000 0.2363
422      422   (0)     11  : 0.0000 0.3287 0.0000 0.0000 0.0004 0.2751 0.2000 0.0052 0.0000 0.0000 0.0000 0.1907
423      423   (0)     12  : 0.8470 0.0000 0.0000 0.0000 0.0000 0.0000 0.0000 0.0000 0.0000 0.1530 0.0000 0.0000
424      424   (0)     12  : 0.0000 0.0441 0.0000 0.0000 0.7813 0.0190 0.0000 0.0272 0.0557 0.0000 0.0268 0.0459
425      425   (0)     12  : 0.7195 0.0000 0.0000 0.0000 0.0000 0.0000 0.0000 0.0000 0.0000 0.2805 0.0000 0.0000
426      426   (0)     12  : 0.0000 0.0188 0.0000 0.0000 0.6768 0.0000 0.0000 0.0178 0.2615 0.0000 0.0023 0.0228
427      427   (0)     12  : 0.7620 0.0000 0.0000 0.0102 0.0000 0.0000 0.0000 0.0000 0.0000 0.2277 0.0000 0.0000
428      428   (0)     12  : 0.7980 0.0000 0.0000 0.0103 0.0129 0.0000 0.0316 0.0000 0.0231 0.1073 0.0168 0.0000
429      429   (0)     12  : 0.0000 0.0000 0.0357 0.0000 0.3643 0.0000 0.0000 0.0000 0.6000 0.0000 0.0000 0.0000
430      430   (0)     12  : 0.2082 0.0000 0.0000 0.0036 0.0000 0.0000 0.0168 0.0000 0.0006 0.7709 0.0000 0.0000
431      431   (0)     12  : 0.1553 0.0000 0.0026 0.0081 0.0000 0.0000 0.0000 0.0000 0.0000 0.8341 0.0000 0.0000
432      432   (0)     12  : 0.0000 0.0824 0.0000 0.0000 0.8794 0.0137 0.0000 0.0000 0.0245 0.0000 0.0000 0.0000
433      433   (0)     12  : 0.0865 0.0000 0.0000 0.0000 0.0000 0.0000 0.0000 0.0000 0.0044 0.9092 0.0000 0.0000
434      434   (0)     12  : 0.2319 0.0000 0.0000 0.0000 0.0000 0.0000 0.0000 0.0000 0.0000 0.7681 0.0000 0.0000
435      435   (0)     12  : 0.0653 0.0000 0.0000 0.0042 0.0000 0.0000 0.0107 0.0000 0.0025 0.9174 0.0000 0.0000
436      436   (0)     12  : 0.2811 0.0000 0.0000 0.0020 0.0000 0.0000 0.0000 0.0000 0.0046 0.7086 0.0038 0.0000
437      437   (0)     12  : 0.0014 0.0000 0.0000 0.0000 0.0000 0.0000 0.0000 0.0000 0.0153 0.9833 0.0000 0.0000
438      438   (0)     12  : 0.3978 0.0000 0.0000 0.0000 0.0000 0.0000 0.0000 0.0000 0.0000 0.6022 0.0000 0.0000
439      439   (0)     12  : 0.0000 0.0000 0.0000 0.0000 0.9269 0.0000 0.0000 0.0000 0.0000 0.0000 0.0377 0.0353
440      440   (0)     12  : 0.0000 0.0000 0.0000 0.0000 0.9191 0.0329 0.0000 0.0000 0.0145 0.0000 0.0335 0.0000
441      441   (0)     12  : 0.0580 0.0000 0.0000 0.0000 0.0000 0.0000 0.0000 0.0000 0.0000 0.9420 0.0000 0.0000
442      442   (0)     12  : 0.0000 0.0000 0.0139 0.0000 0.6635 0.0000 0.0000 0.0000 0.3226 0.0000 0.0000 0.0000
443      443   (0)     12  : 0.7355 0.0000 0.0000 0.0000 0.0000 0.0000 0.0147 0.0000 0.0000 0.2498 0.0000 0.0000
444      444   (0)     12  : 0.0873 0.0000 0.0000 0.0000 0.0000 0.0000 0.0000 0.0000 0.0000 0.9127 0.0000 0.0000
445      445   (0)     12  : 0.7779 0.0000 0.0000 0.0105 0.0000 0.0000 0.0001 0.0000 0.0085 0.2030 0.0000 0.0000
446      446   (0)     12  : 0.8142 0.0000 0.0000 0.0000 0.0000 0.0000 0.0000 0.0000 0.0000 0.1858 0.0000 0.0000
447      447   (0)     12  : 0.0789 0.0000 0.0000 0.0000 0.0000 0.0000 0.0000 0.0000 0.0000 0.9211 0.0000 0.0000
448      448   (0)     12  : 0.3846 0.0000 0.0000 0.0000 0.0000 0.0000 0.0000 0.0000 0.0000 0.6154 0.0000 0.0000
449      449   (0)     12  : 0.0000 0.0000 0.0000 0.0000 0.0000 0.0000 0.0000 0.0000 0.0000 1.0000 0.0000 0.0000
450      450   (0)     12  : 0.2948 0.0000 0.0000 0.0000 0.0000 0.0000 0.0000 0.0000 0.0000 0.7052 0.0000 0.0000
451      451   (0)     12  : 0.7607 0.0000 0.0000 0.0153 0.0000 0.0000 0.0243 0.0000 0.0000 0.1887 0.0110 0.0000
452      452   (0)     12  : 0.7223 0.0000 0.0000 0.0000 0.0000 0.0000 0.0235 0.0000 0.0000 0.2542 0.0000 0.0000
453      453   (0)     13  : 0.7376 0.0000 0.0000 0.0000 0.0000 0.0000 0.0000 0.0000 0.0000 0.2624 0.0000 0.0000
454      454   (0)     13  : 0.3865 0.0000 0.0052 0.0000 0.0000 0.0000 0.0000 0.0000 0.0000 0.6083 0.0000 0.0000
455      455   (0)     13  : 0.5073 0.0000 0.0000 0.0000 0.0000 0.0000 0.0000 0.0000 0.0000 0.4927 0.0000 0.0000
456      456   (0)     13  : 0.0000 0.0000 0.0000 0.0000 0.8747 0.0000 0.0000 0.0567 0.0344 0.0000 0.0342 0.0000
457      457   (0)     13  : 0.2569 0.0000 0.0000 0.0228 0.0000 0.0000 0.0172 0.0000 0.0000 0.7032 0.0000 0.0000
458      458   (0)     13  : 0.4284 0.0000 0.0000 0.0000 0.0000 0.0000 0.0000 0.0000 0.0000 0.5716 0.0000 0.0000
459      459   (0)     13  : 0.4216 0.0000 0.0000 0.0000 0.0000 0.0000 0.0000 0.0000 0.0000 0.5784 0.0000 0.0000
460      460   (0)     13  : 0.5734 0.0000 0.0000 0.0000 0.0000 0.0000 0.0000 0.0000 0.0000 0.4266 0.0000 0.0000
461      461   (0)     13  : 0.6321 0.0000 0.0000 0.0000 0.0000 0.0000 0.0000 0.0000 0.0000 0.3679 0.0000 0.0000
462      462   (0)     13  : 0.9322 0.0000 0.0001 0.0004 0.0000 0.0000 0.0178 0.0000 0.0000 0.0405 0.0091 0.0000
463      463   (0)     13  : 0.3368 0.0000 0.0000 0.0178 0.0000 0.0000 0.0068 0.0000 0.0000 0.6386 0.0000 0.0000
464      464   (0)     13  : 0.0036 0.0000 0.0066 0.9296 0.0000 0.0000 0.0000 0.0000 0.0548 0.0053 0.0000 0.0000
465      465   (0)     13  : 0.0000 0.0000 0.0000 0.0000 0.0000 0.0000 0.0000 0.0000 0.0000 1.0000 0.0000 0.0000
466      466   (0)     13  : 0.8926 0.0000 0.0000 0.0000 0.0000 0.0000 0.0000 0.0000 0.0000 0.1074 0.0000 0.0000
467      467   (0)     13  : 0.7071 0.0000 0.0000 0.0072 0.0000 0.0000 0.0076 0.0000 0.0000 0.2635 0.0146 0.0000
468      468   (0)     13  : 0.0319 0.0004 0.0000 0.6520 0.0000 0.0028 0.1550 0.0000 0.0406 0.0313 0.0859 0.0000
469      469   (0)     13  : 0.0000 0.0000 0.0000 0.7878 0.0000 0.0000 0.0604 0.0000 0.1518 0.0000 0.0000 0.0000
470      470   (0)     13  : 0.2042 0.0000 0.0000 0.0000 0.0000 0.0000 0.0015 0.0000 0.0032 0.7911 0.0000 0.0000
471      471   (0)     13  : 0.4391 0.0062 0.0000 0.0000 0.0000 0.0060 0.0000 0.0000 0.0093 0.5237 0.0000 0.0157
472      472   (0)     13  : 0.5916 0.0000 0.0000 0.0000 0.0000 0.0000 0.0034 0.0000 0.0000 0.4051 0.0000 0.0000
473      473   (0)     13  : 0.0085 0.0213 0.0000 0.0000 0.7748 0.0899 0.0000 0.0000 0.0099 0.0457 0.0287 0.0213
474      474   (0)     13  : 0.8457 0.0000 0.0000 0.0000 0.0000 0.0000 0.0000 0.0000 0.0000 0.1543 0.0000 0.0000
475      475   (0)     13  : 0.5715 0.0000 0.0000 0.0000 0.0000 0.0000 0.0000 0.0000 0.0000 0.4285 0.0000 0.0000
476      476   (0)     13  : 0.0000 0.0000 0.0000 0.0000 0.9282 0.0000 0.0000 0.0210 0.0314 0.0000 0.0000 0.0194
477      477   (0)     13  : 0.1341 0.0000 0.0000 0.0089 0.0000 0.0000 0.0000 0.0000 0.0128 0.8441 0.0001 0.0000
478      478   (0)     13  : 0.7400 0.0000 0.0158 0.0000 0.0038 0.0000 0.0000 0.0000 0.0077 0.2328 0.0000 0.0000
479      479   (0)     13  : 0.2976 0.0000 0.0000 0.0000 0.0000 0.0000 0.0000 0.0000 0.0000 0.6992 0.0032 0.0000
480      480   (0)     13  : 0.0000 0.0000 0.0000 0.0000 0.8809 0.0529 0.0000 0.0000 0.0663 0.0000 0.0000 0.0000
481      481   (0)     13  : 0.0000 0.0000 0.0107 0.3026 0.0000 0.0000 0.5325 0.0000 0.0060 0.1159 0.0323 0.0000
482      482   (0)     13  : 0.6536 0.0000 0.0000 0.0030 0.0000 0.0000 0.0256 0.0000 0.0000 0.3087 0.0091 0.0000
483      483   (0)     14  : 0.1008 0.0000 0.0000 0.0000 0.0000 0.0000 0.0000 0.0000 0.0000 0.8992 0.0000 0.0000
484      484   (0)     14  : 0.2964 0.0000 0.0000 0.0000 0.0000 0.0000 0.0002 0.0000 0.0000 0.7033 0.0000 0.0000
485      485   (0)     15  : 0.2721 0.0000 0.0000 0.0024 0.0000 0.0000 0.0000 0.0000 0.0000 0.7255 0.0000 0.0000
486      486   (0)     15  : 0.0000 0.0000 0.0000 0.0000 0.0000 0.0000 0.0000 0.0000 0.0000 1.0000 0.0000 0.0000
487      487   (0)     15  : 0.0640 0.0000 0.0000 0.0000 0.0000 0.0000 0.0000 0.0000 0.0000 0.9360 0.0000 0.0000
488      488   (0)     15  : 0.4195 0.0000 0.0001 0.0000 0.0000 0.0000 0.0000 0.0000 0.0000 0.5804 0.0000 0.0000
489      489   (0)     15  : 0.0000 0.0000 0.0000 0.0000 0.9000 0.0201 0.0000 0.0328 0.0000 0.0000 0.0472 0.0000
490      490   (0)     15  : 0.0000 0.0000 0.0000 0.0000 0.9187 0.0000 0.0000 0.0000 0.0243 0.0000 0.0290 0.0280
491      491   (0)     15  : 0.6285 0.0000 0.0000 0.0000 0.0000 0.0000 0.0055 0.0000 0.0000 0.3660 0.0000 0.0000
492      492   (0)     15  : 0.0000 0.0000 0.0000 0.0000 0.9397 0.0000 0.0000 0.0000 0.0000 0.0000 0.0333 0.0270
493      493   (0)     15  : 0.6995 0.0000 0.0156 0.0148 0.0000 0.0000 0.0000 0.0000 0.0000 0.2702 0.0000 0.0000
494      494   (0)     15  : 0.4304 0.0000 0.0000 0.0000 0.0000 0.0000 0.0000 0.0000 0.0036 0.5639 0.0021 0.0000
495      495   (0)     15  : 0.2257 0.0000 0.0000 0.0000 0.0000 0.0000 0.0000 0.0000 0.0000 0.7743 0.0000 0.0000
496      496   (0)     15  : 0.5758 0.0000 0.0025 0.0000 0.0000 0.0000 0.0000 0.0000 0.0000 0.4216 0.0000 0.0000
497      497   (0)     15  : 0.9536 0.0000 0.0000 0.0000 0.0000 0.0000 0.0051 0.0000 0.0056 0.0357 0.0000 0.0000
498      498   (0)     15  : 0.1361 0.0000 0.0000 0.0069 0.0000 0.0000 0.0108 0.0000 0.0000 0.8462 0.0000 0.0000
499      499   (0)     15  : 0.3864 0.0000 0.0000 0.0050 0.0000 0.0000 0.0023 0.0000 0.0030 0.5976 0.0058 0.0000
500      500   (0)     15  : 0.0797 0.0000 0.0000 0.0000 0.0000 0.0000 0.0000 0.0000 0.0000 0.9203 0.0000 0.0000
501      501   (0)     15  : 0.1586 0.0000 0.0000 0.0000 0.0000 0.0000 0.0000 0.0000 0.0079 0.8335 0.0000 0.0000
502      502   (0)     15  : 0.1909 0.0000 0.0000 0.0006 0.0000 0.0000 0.0000 0.0000 0.0000 0.8085 0.0000 0.0000
503      503   (0)     15  : 0.5721 0.0000 0.0000 0.0000 0.0000 0.0000 0.0010 0.0000 0.0000 0.4269 0.0000 0.0000
504      504   (0)     15  : 0.0000 0.0000 0.0000 0.0000 0.0000 0.0000 0.0000 0.0000 0.0000 1.0000 0.0000 0.0000
505      505   (0)     15  : 0.6554 0.0000 0.0000 0.0049 0.0000 0.0000 0.0105 0.0000 0.0000 0.3283 0.0009 0.0000
506      506   (0)     15  : 0.9993 0.0000 0.0000 0.0004 0.0000 0.0000 0.0000 0.0000 0.0000 0.0003 0.0000 0.0000
507      507   (0)     15  : 0.4941 0.0000 0.0000 0.0047 0.0000 0.0000 0.0050 0.0000 0.0000 0.4962 0.0000 0.0000
508      508   (0)     15  : 0.3525 0.0000 0.0000 0.0000 0.0000 0.0000 0.0157 0.0000 0.0000 0.6283 0.0035 0.0000
509      509   (0)     15  : 0.0000 0.0284 0.0000 0.0000 0.9432 0.0284 0.0000 0.0000 0.0000 0.0000 0.0000 0.0000
510      510   (0)     15  : 0.0000 0.0345 0.0000 0.0000 0.9296 0.0000 0.0000 0.0003 0.0000 0.0000 0.0180 0.0176
511      511   (0)     15  : 0.0002 0.0000 0.0047 0.0020 0.0012 0.0000 0.0000 0.0000 0.0000 0.9879 0.0039 0.0000
512      512   (0)     15  : 1.0000 0.0000 0.0000 0.0000 0.0000 0.0000 0.0000 0.0000 0.0000 0.0000 0.0000 0.0000
513      513   (0)     15  : 0.5424 0.0000 0.0000 0.0095 0.0000 0.0000 0.0048 0.0000 0.0000 0.4433 0.0000 0.0000
514      514   (0)     15  : 0.4113 0.0000 0.0000 0.0103 0.0000 0.0000 0.0049 0.0000 0.0075 0.5660 0.0000 0.0000
515      515   (0)     16  : 0.0000 0.0000 0.0008 0.9512 0.0000 0.0000 0.0200 0.0000 0.0000 0.0279 0.0000 0.0000
516      516   (0)     16  : 0.6061 0.0000 0.0012 0.0145 0.0000 0.0000 0.0000 0.0000 0.0059 0.3722 0.0000 0.0000
517      517   (0)     16  : 0.0000 0.0000 0.0000 0.0000 0.8363 0.0534 0.0000 0.0493 0.0609 0.0000 0.0000 0.0002
518      518   (0)     16  : 0.5151 0.0000 0.0165 0.0050 0.0000 0.0000 0.0019 0.0000 0.0080 0.4534 0.0000 0.0000
519      519   (0)     16  : 0.9309 0.0000 0.0000 0.0017 0.0000 0.0000 0.0058 0.0000 0.0000 0.0616 0.0000 0.0000
520      520   (0)     16  : 0.7354 0.0000 0.0000 0.0035 0.0000 0.0000 0.0204 0.0000 0.0074 0.2326 0.0006 0.0000
521      521   (0)     16  : 0.9599 0.0000 0.0000 0.0000 0.0000 0.0000 0.0004 0.0000 0.0037 0.0304 0.0056 0.0000
522      522   (0)     16  : 0.0000 0.0000 0.0164 0.0000 0.3836 0.0000 0.0000 0.0000 0.6000 0.0000 0.0000 0.0000
523      523   (0)     16  : 0.9999 0.0000 0.0000 0.0000 0.0000 0.0000 0.0000 0.0000 0.0001 0.0000 0.0000 0.0000
524      524   (0)     16  : 0.0000 0.0000 0.0000 0.0000 0.8115 0.0000 0.0000 0.1129 0.0603 0.0000 0.0153 0.0000
525      525   (0)     16  : 0.6148 0.0000 0.0000 0.0015 0.0000 0.0000 0.0000 0.0000 0.0026 0.3810 0.0000 0.0000
526      526   (0)     16  : 0.9960 0.0000 0.0000 0.0003 0.0000 0.0000 0.0000 0.0000 0.0037 0.0000 0.0000 0.0000
527      527   (0)     16  : 0.0000 0.0001 0.0000 0.0000 0.8747 0.0306 0.0000 0.0001 0.0652 0.0000 0.0001 0.0293
528      528   (0)     16  : 0.2397 0.0000 0.0000 0.0366 0.0000 0.0000 0.0000 0.0000 0.0000 0.7235 0.0002 0.0000
529      529   (0)     16  : 0.7023 0.0000 0.0000 0.0069 0.0000 0.0000 0.0000 0.0000 0.0000 0.2834 0.0075 0.0000
530      530   (0)     16  : 0.6971 0.0000 0.0000 0.0356 0.0000 0.0000 0.0000 0.0000 0.0161 0.2512 0.0000 0.0000
531      531   (0)     16  : 0.9036 0.0000 0.0000 0.0000 0.0000 0.0000 0.0000 0.0000 0.0000 0.0964 0.0000 0.0000
532      532   (0)     16  : 0.0000 0.0000 0.0181 0.0000 0.3819 0.0000 0.0000 0.0000 0.6000 0.0000 0.0000 0.0000
533      533   (0)     16  : 0.0000 0.0000 0.0275 0.0000 0.3725 0.0000 0.0000 0.0000 0.6000 0.0000 0.0000 0.0000
534      534   (0)     16  : 0.9940 0.0000 0.0000 0.0028 0.0000 0.0000 0.0000 0.0000 0.0032 0.0000 0.0000 0.0000
535      535   (0)     16  : 0.9573 0.0000 0.0000 0.0000 0.0000 0.0000 0.0000 0.0000 0.0000 0.0427 0.0000 0.0000
536      536   (0)     16  : 0.7112 0.0000 0.0000 0.0019 0.0000 0.0000 0.0021 0.0000 0.0000 0.2810 0.0038 0.0000
537      537   (0)     16  : 0.9664 0.0000 0.0000 0.0000 0.0000 0.0000 0.0088 0.0000 0.0000 0.0248 0.0000 0.0000
538      538   (0)     16  : 0.9110 0.0000 0.0000 0.0000 0.0000 0.0000 0.0007 0.0000 0.0000 0.0883 0.0000 0.0000
539      539   (0)     16  : 0.9788 0.0000 0.0000 0.0000 0.0000 0.0000 0.0212 0.0000 0.0000 0.0000 0.0000 0.0000
540      540   (0)     16  : 0.8433 0.0000 0.0000 0.0039 0.0000 0.0000 0.0025 0.0000 0.0003 0.1501 0.0000 0.0000
541      541   (0)     16  : 0.0000 0.0000 1.0000 0.0000 0.0000 0.0000 0.0000 0.0000 0.0000 0.0000 0.0000 0.0000
542      542   (0)     16  : 0.8649 0.0000 0.0000 0.0108 0.0000 0.0000 0.0017 0.0000 0.0000 0.1185 0.0041 0.0000
543      543   (0)     16  : 0.9114 0.0000 0.0000 0.0000 0.0000 0.0000 0.0000 0.0000 0.0000 0.0886 0.0000 0.0000
544      544   (0)     16  : 0.8446 0.0000 0.0000 0.0000 0.0000 0.0000 0.0000 0.0000 0.0000 0.1554 0.0000 0.0000
