1        1   (0)      1  : 0.0391 0.0000 0.0000 0.8710 0.0000 0.0000 0.0900
2        2   (0)      1  : 0.9771 0.0000 0.0000 0.0163 0.0000 0.0000 0.0066
3        3   (0)      1  : 0.9724 0.0000 0.0000 0.0199 0.0000 0.0000 0.0076
4        4   (0)      1  : 0.0262 0.0000 0.0155 0.8281 0.0000 0.0000 0.1303
5        5   (0)      1  : 0.0210 0.0000 0.0065 0.8331 0.0000 0.0000 0.1394
6        6   (0)      1  : 0.0187 0.0000 0.0000 0.9125 0.0000 0.0000 0.0688
7        7   (0)      1  : 0.9967 0.0000 0.0000 0.0002 0.0000 0.0000 0.0031
8        8   (0)      1  : 0.9939 0.0000 0.0000 0.0044 0.0000 0.0000 0.0017
9        9   (0)      1  : 0.0155 0.0000 0.0000 0.8878 0.0000 0.0000 0.0967
10       10   (0)      1  : 0.9732 0.0000 0.0000 0.0064 0.0000 0.0000 0.0204
11       11   (0)      1  : 0.0057 0.0000 0.0034 0.7848 0.0000 0.0000 0.2060
12       12   (0)      1  : 0.0068 0.0000 0.0000 0.9454 0.0039 0.0000 0.0439
13       13   (0)      1  : 0.0006 0.0000 0.0000 0.8098 0.0000 0.0000 0.1896
14       14   (0)      1  : 0.0000 0.0000 0.0062 0.9049 0.0075 0.0000 0.0814
15       15   (0)      1  : 0.0000 0.0000 0.0048 0.9114 0.0000 0.0000 0.0838
16       16   (0)      1  : 0.0630 0.0000 0.0000 0.8119 0.0112 0.0000 0.1138
17       17   (0)      1  : 0.0000 0.0000 0.0000 0.9087 0.0000 0.0000 0.0913
18       18   (0)      1  : 0.0000 0.0000 0.0000 0.8048 0.0000 0.0000 0.1952
19       19   (0)      1  : 0.0000 0.0000 0.0000 0.8031 0.0149 0.0000 0.1820
20       20   (0)      1  : 0.0015 0.0000 0.0000 0.8331 0.0000 0.0000 0.1654
21       21   (0)      1  : 0.0018 0.0000 0.0016 0.7596 0.0000 0.0000 0.2370
22       22   (0)      1  : 0.9685 0.0000 0.0000 0.0289 0.0000 0.0000 0.0026
23       23   (0)      1  : 0.0013 0.0000 0.0000 0.7744 0.0000 0.0000 0.2244
24       24   (0)      1  : 0.0144 0.0000 0.0000 0.7856 0.0000 0.0000 0.2000
25       25   (0)      1  : 0.0230 0.0000 0.0000 0.8217 0.0000 0.0000 0.1553
26       26   (0)      1  : 0.0000 0.0000 0.0000 0.8495 0.0000 0.0000 0.1505
27       27   (0)      1  : 0.0000 0.1095 0.0000 0.0000 0.7851 0.0837 0.0217
28       28   (0)      1  : 0.0000 0.0997 0.0000 0.0000 0.8787 0.0000 0.0216
29       29   (0)      1  : 0.0099 0.0000 0.0094 0.7506 0.0000 0.0000 0.2301
30       30   (0)      1  : 0.0000 0.0000 0.0023 0.8303 0.0000 0.0000 0.1674
31       31   (0)      1  : 0.0440 0.0000 0.0000 0.7995 0.0000 0.0000 0.1565
32       32   (0)      1  : 0.8054 0.0000 0.0000 0.0400 0.0000 0.0000 0.1546
33       33   (0)      1  : 0.1713 0.0263 0.0000 0.2916 0.3624 0.0000 0.1485
34       34   (0)      1  : 0.0107 0.0000 0.0000 0.7710 0.0000 0.0000 0.2182
35       35   (0)      1  : 0.0000 0.0000 1.0000 0.0000 0.0000 0.0000 0.0000
36       36   (0)      1  : 0.0000 0.0000 1.0000 0.0000 0.0000 0.0000 0.0000
37       37   (0)      1  : 0.0000 0.0000 1.0000 0.0000 0.0000 0.0000 0.0000
38       38   (0)      1  : 0.0000 0.0966 0.0000 0.0000 0.8841 0.0000 0.0193
39       39   (0)      1  : 0.0000 0.0191 0.0000 0.0000 0.8431 0.1178 0.0200
40       40   (0)      1  : 0.0000 0.0000 0.0009 0.8348 0.0000 0.0000 0.1643
41       41   (0)      1  : 0.9754 0.0000 0.0000 0.0107 0.0000 0.0000 0.0139
42       42   (0)      1  : 0.0000 0.0490 0.0000 0.0000 0.8991 0.0267 0.0252
43       43   (0)      1  : 0.0217 0.0000 0.0157 0.7460 0.0000 0.0000 0.2165
44       44   (0)      1  : 0.9990 0.0000 0.0000 0.0000 0.0000 0.0000 0.0010
45       45   (0)      1  : 0.0000 0.0340 0.0000 0.0000 0.8822 0.0647 0.0191
46       46   (0)      1  : 0.0000 0.0111 0.0000 0.8948 0.0002 0.0000 0.0940
47       47   (0)      1  : 0.0000 0.1216 0.0000 0.0000 0.8428 0.0110 0.0246
48       48   (0)      1  : 0.9865 0.0000 0.0000 0.0097 0.0000 0.0000 0.0038
49       49   (0)      1  : 1.0000 0.0000 0.0000 0.0000 0.0000 0.0000 0.0000
50       50   (0)      1  : 0.0000 0.0571 0.0000 0.0000 0.8677 0.0640 0.0112
51       51   (0)      1  : 0.0000 0.0265 0.0000 0.0000 0.8676 0.0986 0.0073
52       52   (0)      1  : 0.9299 0.0000 0.0000 0.0592 0.0000 0.0000 0.0109
53       53   (0)      1  : 0.9626 0.0000 0.0000 0.0282 0.0000 0.0000 0.0092
54       54   (0)      1  : 0.9680 0.0000 0.0000 0.0113 0.0000 0.0000 0.0208
55       55   (0)      1  : 0.0000 0.0788 0.0000 0.0000 0.8634 0.0331 0.0247
56       56   (0)      2  : 0.0171 0.0000 0.0000 0.9264 0.0037 0.0000 0.0528
57       57   (0)      2  : 0.0000 0.0000 0.0264 0.7395 0.0000 0.0000 0.2341
58       58   (0)      2  : 0.0124 0.0000 0.0000 0.7134 0.0000 0.0000 0.2742
59       59   (0)      2  : 0.0015 0.0000 0.0000 0.9045 0.0000 0.0000 0.0940
60       60   (0)      2  : 0.9601 0.0000 0.0000 0.0161 0.0000 0.0000 0.0238
61       61   (0)      2  : 0.0000 0.0000 0.0058 0.7646 0.0030 0.0000 0.2266
62       62   (0)      2  : 0.0000 0.0000 1.0000 0.0000 0.0000 0.0000 0.0000
63       63   (0)      2  : 0.0235 0.0000 0.0000 0.8646 0.0000 0.0000 0.1119
64       64   (0)      2  : 0.0000 0.0000 1.0000 0.0000 0.0000 0.0000 0.0000
65       65   (0)      2  : 0.0458 0.0000 0.0000 0.8463 0.0000 0.0000 0.1079
66       66   (0)      2  : 0.0000 0.0000 1.0000 0.0000 0.0000 0.0000 0.0000
67       67   (0)      2  : 0.0000 0.0000 0.0068 0.8003 0.0000 0.0000 0.1929
68       68   (0)      2  : 0.0245 0.0000 0.0048 0.9069 0.0000 0.0000 0.0638
69       69   (0)      2  : 0.9908 0.0000 0.0000 0.0021 0.0000 0.0000 0.0070
70       70   (0)      2  : 0.0026 0.0000 0.0000 0.9435 0.0000 0.0000 0.0539
71       71   (0)      2  : 0.0000 0.0000 1.0000 0.0000 0.0000 0.0000 0.0000
72       72   (0)      2  : 0.0000 0.0000 1.0000 0.0000 0.0000 0.0000 0.0000
73       73   (0)      2  : 0.0816 0.0000 0.0000 0.7283 0.0107 0.0000 0.1794
74       74   (0)      2  : 0.9820 0.0000 0.0091 0.0046 0.0000 0.0000 0.0042
75       75   (0)      2  : 0.0000 0.0503 0.0000 0.0000 0.8204 0.1205 0.0089
76       76   (0)      2  : 0.9958 0.0000 0.0000 0.0006 0.0000 0.0000 0.0035
77       77   (0)      2  : 0.0576 0.0000 0.0000 0.7446 0.0001 0.0000 0.1977
78       78   (0)      2  : 0.0000 0.0000 1.0000 0.0000 0.0000 0.0000 0.0000
79       79   (0)      2  : 0.0000 0.0765 0.0000 0.0000 0.9180 0.0054 0.0000
80       80   (0)      2  : 0.0000 0.0000 1.0000 0.0000 0.0000 0.0000 0.0000
81       81   (0)      2  : 0.0098 0.0000 0.0111 0.7631 0.0032 0.0000 0.2128
82       82   (0)      2  : 0.9910 0.0000 0.0088 0.0002 0.0000 0.0000 0.0000
83       83   (0)      2  : 1.0000 0.0000 0.0000 0.0000 0.0000 0.0000 0.0000
84       84   (0)      2  : 0.2156 0.0000 0.0000 0.6240 0.0000 0.0000 0.1604
85       85   (0)      2  : 0.0205 0.0000 0.0000 0.7794 0.0000 0.0000 0.2001
86       86   (0)      2  : 0.0193 0.0000 0.0000 0.8890 0.0000 0.0000 0.0917
87       87   (0)      2  : 0.0349 0.0000 0.0000 0.8166 0.0000 0.0000 0.1485
88       88   (0)      2  : 0.0034 0.0000 0.0000 0.8294 0.0000 0.0000 0.1672
89       89   (0)      2  : 0.0000 0.0000 0.0000 0.7857 0.0000 0.0000 0.2143
90       90   (0)      2  : 0.0348 0.0000 0.0152 0.8271 0.0000 0.0000 0.1229
91       91   (0)      2  : 0.0114 0.0000 0.0000 0.7089 0.0000 0.0000 0.2797
92       92   (0)      2  : 0.0339 0.0000 0.0000 0.8841 0.0000 0.0000 0.0820
93       93   (0)      2  : 1.0000 0.0000 0.0000 0.0000 0.0000 0.0000 0.0000
94       94   (0)      2  : 0.9700 0.0000 0.0069 0.0065 0.0000 0.0000 0.0166
95       95   (0)      2  : 0.0000 0.0000 1.0000 0.0000 0.0000 0.0000 0.0000
96       96   (0)      2  : 0.9725 0.0000 0.0000 0.0212 0.0000 0.0000 0.0062
97       97   (0)      2  : 0.9778 0.0000 0.0000 0.0162 0.0000 0.0000 0.0060
98       98   (0)      2  : 0.0322 0.0000 0.0000 0.7795 0.0042 0.0000 0.1841
99       99   (0)      2  : 0.0000 0.0000 1.0000 0.0000 0.0000 0.0000 0.0000
100      100   (0)      2  : 0.0000 0.0000 0.0000 0.9075 0.0000 0.0000 0.0925
101      101   (0)      3  : 0.0178 0.0000 0.0001 0.8254 0.0000 0.0000 0.1567
102      102   (0)      3  : 0.0060 0.0000 0.0096 0.9194 0.0000 0.0000 0.0650
103      103   (0)      3  : 0.0141 0.0000 0.0000 0.7747 0.0000 0.0000 0.2111
104      104   (0)      3  : 0.0118 0.0000 0.0043 0.8979 0.0000 0.0000 0.0861
105      105   (0)      3  : 0.0362 0.0000 0.0209 0.7429 0.0000 0.0000 0.2000
106      106   (0)      3  : 0.0288 0.0000 0.0135 0.8893 0.0000 0.0000 0.0683
107      107   (0)      3  : 0.0000 0.0000 0.0000 0.8417 0.0057 0.0000 0.1527
108      108   (0)      3  : 0.0131 0.0000 0.0000 0.8844 0.0147 0.0000 0.0877
109      109   (0)      3  : 0.0000 0.0000 0.0000 0.8758 0.0000 0.0000 0.1242
110      110   (0)      3  : 0.0033 0.0000 0.0002 0.8666 0.0000 0.0000 0.1300
111      111   (0)      3  : 0.0287 0.0000 0.0143 0.9192 0.0000 0.0003 0.0376
112      112   (0)      3  : 0.0000 0.0000 0.0002 0.8816 0.0000 0.0000 0.1181
113      113   (0)      3  : 0.0020 0.0000 0.0012 0.8197 0.0026 0.0000 0.1745
114      114   (0)      3  : 0.0316 0.0000 0.0065 0.8367 0.0000 0.0000 0.1251
115      115   (0)      3  : 0.0425 0.0000 0.0000 0.7526 0.0000 0.0000 0.2049
116      116   (0)      3  : 0.0094 0.0000 0.0020 0.9053 0.0066 0.0000 0.0767
117      117   (0)      3  : 0.0448 0.0000 0.0001 0.8438 0.0000 0.0000 0.1114
118      118   (0)      3  : 0.0018 0.0000 0.0000 0.8019 0.0000 0.0000 0.1963
119      119   (0)      3  : 0.0324 0.0000 0.0000 0.8683 0.0000 0.0000 0.0993
120      120   (0)      3  : 0.0509 0.0000 0.0838 0.7230 0.0000 0.0000 0.1422
121      121   (0)      3  : 0.0007 0.0000 0.0031 0.9113 0.0000 0.0000 0.0849
122      122   (0)      3  : 0.0145 0.0000 0.0047 0.8272 0.0000 0.0000 0.1536
123      123   (0)      3  : 0.0000 0.0000 0.0000 0.9048 0.0000 0.0000 0.0952
124      124   (0)      3  : 0.0000 0.0000 0.0000 0.8187 0.0000 0.0000 0.1813
125      125   (0)      3  : 0.0000 0.0000 0.0107 0.7802 0.0000 0.0000 0.2091
126      126   (0)      3  : 0.0294 0.0000 0.0000 0.7716 0.0000 0.0000 0.1991
127      127   (0)      3  : 0.0540 0.0000 0.0000 0.7133 0.0000 0.0000 0.2327
128      128   (0)      3  : 0.0000 0.0000 0.0000 0.8489 0.0000 0.0000 0.1511
129      129   (0)      3  : 0.0532 0.0000 0.0000 0.7189 0.0000 0.0000 0.2279
130      130   (0)      3  : 0.9863 0.0000 0.0000 0.0081 0.0000 0.0000 0.0056
131      131   (0)      3  : 0.9375 0.0000 0.0002 0.0532 0.0000 0.0000 0.0092
132      132   (0)      3  : 0.0000 0.0000 1.0000 0.0000 0.0000 0.0000 0.0000
133      133   (0)      3  : 0.0000 0.1053 0.0000 0.0000 0.8586 0.0199 0.0161
134      134   (0)      3  : 0.8699 0.0090 0.0000 0.0690 0.0193 0.0017 0.0310
135      135   (0)      3  : 0.0061 0.0000 0.0214 0.7836 0.0000 0.0000 0.1889
136      136   (0)      3  : 0.0267 0.0000 0.0000 0.8368 0.0000 0.0000 0.1365
137      137   (0)      3  : 0.9847 0.0000 0.0000 0.0000 0.0096 0.0000 0.0058
138      138   (0)      3  : 0.0205 0.0000 0.0000 0.7848 0.0000 0.0000 0.1947
139      139   (0)      3  : 0.0005 0.0000 0.0000 0.7312 0.0112 0.0000 0.2571
140      140   (0)      3  : 0.0051 0.0000 0.0000 0.9424 0.0000 0.0000 0.0525
141      141   (0)      3  : 0.0000 0.0000 1.0000 0.0000 0.0000 0.0000 0.0000
142      142   (0)      3  : 0.0000 0.0000 1.0000 0.0000 0.0000 0.0000 0.0000
143      143   (0)      3  : 0.0000 0.0000 1.0000 0.0000 0.0000 0.0000 0.0000
144      144   (0)      3  : 0.0000 0.0000 1.0000 0.0000 0.0000 0.0000 0.0000
145      145   (0)      3  : 0.0000 0.0000 1.0000 0.0000 0.0000 0.0000 0.0000
146      146   (0)      3  : 0.9642 0.0000 0.0000 0.0342 0.0000 0.0000 0.0016
147      147   (0)      3  : 0.0005 0.0000 0.0001 0.7823 0.0000 0.0000 0.2171
148      148   (0)      3  : 0.0000 0.0000 1.0000 0.0000 0.0000 0.0000 0.0000
149      149   (0)      3  : 0.0000 0.0000 1.0000 0.0000 0.0000 0.0000 0.0000
150      150   (0)      3  : 0.0000 0.0245 0.0015 0.0000 0.8768 0.0798 0.0174
151      151   (0)      3  : 0.0000 0.1124 0.0000 0.0000 0.8772 0.0000 0.0104
152      152   (0)      3  : 0.0132 0.0000 0.0000 0.8888 0.0000 0.0000 0.0979
153      153   (0)      3  : 0.0000 0.0000 1.0000 0.0000 0.0000 0.0000 0.0000
154      154   (0)      3  : 0.0019 0.0000 0.0126 0.7551 0.0000 0.0000 0.2305
155      155   (0)      3  : 0.0000 0.0000 0.0000 0.9572 0.0000 0.0000 0.0428
156      156   (0)      3  : 0.9296 0.0000 0.0000 0.0427 0.0000 0.0000 0.0277
157      157   (0)      3  : 0.0068 0.0000 0.0000 0.7087 0.0000 0.0000 0.2845
158      158   (0)      3  : 1.0000 0.0000 0.0000 0.0000 0.0000 0.0000 0.0000
159      159   (0)      3  : 0.0093 0.0000 0.0000 0.8749 0.0117 0.0000 0.1041
160      160   (0)      3  : 0.9904 0.0000 0.0000 0.0011 0.0000 0.0000 0.0084
161      161   (0)      4  : 0.0158 0.0000 0.0000 0.7105 0.0018 0.0000 0.2719
162      162   (0)      4  : 0.0000 0.0000 0.0000 0.8405 0.0000 0.0000 0.1595
163      163   (0)      4  : 0.0000 0.0000 1.0000 0.0000 0.0000 0.0000 0.0000
164      164   (0)      4  : 1.0000 0.0000 0.0000 0.0000 0.0000 0.0000 0.0000
165      165   (0)      4  : 0.0000 0.0000 1.0000 0.0000 0.0000 0.0000 0.0000
166      166   (0)      4  : 0.0000 0.0000 1.0000 0.0000 0.0000 0.0000 0.0000
167      167   (0)      4  : 0.0135 0.0000 0.0000 0.8988 0.0000 0.0000 0.0876
168      168   (0)      4  : 0.0197 0.0000 0.0000 0.8736 0.0000 0.0000 0.1068
169      169   (0)      4  : 0.0304 0.0000 0.0000 0.7165 0.0000 0.0000 0.2531
170      170   (0)      4  : 0.0000 0.0000 0.0000 0.8348 0.0009 0.0000 0.1643
171      171   (0)      4  : 0.0194 0.0000 0.0000 0.9547 0.0000 0.0000 0.0258
172      172   (0)      4  : 0.0102 0.0000 0.0000 0.8922 0.0000 0.0000 0.0976
173      173   (0)      4  : 0.0033 0.0000 0.0000 0.9458 0.0000 0.0000 0.0509
174      174   (0)      4  : 0.9810 0.0000 0.0011 0.0077 0.0000 0.0000 0.0102
175      175   (0)      4  : 0.0000 0.0000 0.0000 0.8740 0.0000 0.0000 0.1260
176      176   (0)      4  : 0.0000 0.0000 1.0000 0.0000 0.0000 0.0000 0.0000
177      177   (0)      4  : 0.0393 0.0000 0.0025 0.8395 0.0000 0.0000 0.1187
178      178   (0)      4  : 0.0000 0.0000 1.0000 0.0000 0.0000 0.0000 0.0000
179      179   (0)      4  : 0.0000 0.0000 1.0000 0.0000 0.0000 0.0000 0.0000
180      180   (0)      4  : 0.0013 0.0000 0.0173 0.7698 0.0000 0.0000 0.2116
181      181   (0)      4  : 0.0000 0.0000 0.0001 0.8863 0.0000 0.0000 0.1137
182      182   (0)      4  : 0.0000 0.0000 0.0000 0.9435 0.0000 0.0000 0.0565
183      183   (0)      4  : 1.0000 0.0000 0.0000 0.0000 0.0000 0.0000 0.0000
184      184   (0)      4  : 0.9781 0.0000 0.0000 0.0053 0.0000 0.0000 0.0166
185      185   (0)      4  : 0.0000 0.0000 1.0000 0.0000 0.0000 0.0000 0.0000
186      186   (0)      4  : 0.0007 0.0000 0.0000 0.8904 0.0000 0.0000 0.1090
187      187   (0)      4  : 0.0510 0.0000 0.0000 0.8839 0.0000 0.0000 0.0651
188      188   (0)      4  : 0.0000 0.0000 1.0000 0.0000 0.0000 0.0000 0.0000
189      189   (0)      4  : 0.0055 0.0000 0.0000 0.8709 0.0000 0.0000 0.1236
190      190   (0)      4  : 1.0000 0.0000 0.0000 0.0000 0.0000 0.0000 0.0000
191      191   (0)      4  : 0.1799 0.0000 0.1241 0.3576 0.0677 0.0032 0.2675
192      192   (0)      4  : 0.0006 0.0000 0.0003 0.7423 0.0000 0.0000 0.2567
193      193   (0)      4  : 0.0395 0.0000 0.0144 0.7624 0.0000 0.0000 0.1837
194      194   (0)      4  : 0.0222 0.0000 0.0133 0.7889 0.0000 0.0000 0.1756
195      195   (0)      4  : 0.0000 0.0000 0.0000 0.8578 0.0000 0.0000 0.1422
196      196   (0)      4  : 0.0000 0.0000 0.0000 0.8152 0.0000 0.0000 0.1848
197      197   (0)      4  : 0.0019 0.0000 0.0000 0.9803 0.0000 0.0000 0.0178
198      198   (0)      4  : 0.0000 0.0000 0.0000 0.7655 0.0000 0.0000 0.2345
199      199   (0)      4  : 0.0170 0.0000 0.0068 0.8185 0.0000 0.0000 0.1577
200      200   (0)      4  : 0.9537 0.0000 0.0004 0.0350 0.0000 0.0000 0.0110
201      201   (0)      4  : 0.0000 0.0000 0.0000 0.7375 0.0114 0.0000 0.2511
202      202   (0)      4  : 0.0000 0.0000 0.0077 0.8577 0.0000 0.0000 0.1346
203      203   (0)      4  : 0.0213 0.0000 0.0114 0.9014 0.0000 0.0000 0.0659
204      204   (0)      4  : 0.0090 0.0000 0.0213 0.8268 0.0000 0.0000 0.1429
205      205   (0)      4  : 0.0190 0.0000 0.0000 0.8039 0.0071 0.0000 0.1700
206      206   (0)      4  : 0.0000 0.0000 0.0000 0.6933 0.0000 0.0000 0.3067
207      207   (0)      4  : 0.0000 0.0000 0.0000 0.8697 0.0000 0.0000 0.1303
208      208   (0)      4  : 0.9288 0.0000 0.0000 0.0471 0.0000 0.0000 0.0241
209      209   (0)      4  : 0.0093 0.0000 0.0000 0.6224 0.0001 0.0000 0.3683
210      210   (0)      4  : 0.0000 0.0000 0.0000 0.7497 0.0000 0.0000 0.2503
211      211   (0)      4  : 0.0128 0.0000 0.0015 0.8802 0.0000 0.0000 0.1055
212      212   (0)      4  : 0.9907 0.0000 0.0000 0.0050 0.0000 0.0000 0.0043
213      213   (0)      4  : 0.0160 0.0000 0.0000 0.8890 0.0047 0.0042 0.0862
214      214   (0)      4  : 0.0000 0.0000 0.0170 0.7334 0.0051 0.0000 0.2444
215      215   (0)      4  : 0.4951 0.0000 0.0069 0.3848 0.0000 0.0000 0.1131
216      216   (0)      4  : 0.0079 0.0000 0.0000 0.8755 0.0000 0.0000 0.1166
217      217   (0)      4  : 0.0000 0.0000 1.0000 0.0000 0.0000 0.0000 0.0000
218      218   (0)      4  : 0.0261 0.0000 0.0070 0.7283 0.0017 0.0000 0.2369
219      219   (0)      4  : 0.0256 0.0000 0.0000 0.8765 0.0000 0.0000 0.0979
220      220   (0)      5  : 0.0000 0.0587 0.0024 0.0000 0.0023 0.7843 0.1523
221      221   (0)      5  : 0.0000 0.7755 0.0003 0.0000 0.0000 0.0967 0.1275
222      222   (0)      6  : 0.0000 0.6669 0.0000 0.0000 0.0000 0.1944 0.1387
223      223   (0)      6  : 0.0000 0.5058 0.0000 0.0000 0.0000 0.3750 0.1192
224      224   (0)      6  : 0.0000 0.4740 0.0000 0.0000 0.0000 0.4470 0.0790
225      225   (0)      6  : 0.0000 0.5759 0.0000 0.0000 0.0258 0.2471 0.1512
226      226   (0)      6  : 0.0000 0.4649 0.0000 0.0000 0.0192 0.4229 0.0929
227      227   (0)      6  : 0.0000 0.3991 0.0000 0.0000 0.0000 0.4797 0.1212
228      228   (0)      6  : 0.0000 0.1469 0.0000 0.0000 0.0450 0.7185 0.0896
229      229   (0)      6  : 0.0000 0.0887 0.0000 0.0000 0.0000 0.7982 0.1131
230      230   (0)      6  : 0.0000 0.4859 0.0000 0.0000 0.0005 0.4534 0.0602
231      231   (0)      6  : 0.0000 0.2215 0.0000 0.0000 0.0308 0.6702 0.0775
232      232   (0)      6  : 0.0000 0.5051 0.0000 0.0000 0.0122 0.3128 0.1699
233      233   (0)      6  : 0.0000 0.3899 0.0000 0.0000 0.0160 0.5586 0.0355
234      234   (0)      6  : 0.0000 0.5095 0.0000 0.0000 0.0041 0.3843 0.1021
235      235   (0)      6  : 0.0000 0.5375 0.0092 0.0000 0.0279 0.3001 0.1253
236      236   (0)      6  : 0.0000 0.7607 0.0000 0.0000 0.0022 0.1470 0.0901
237      237   (0)      6  : 0.0000 0.2340 0.0000 0.0000 0.0003 0.7240 0.0417
238      238   (0)      6  : 0.0000 0.1198 0.0005 0.0000 0.0000 0.8221 0.0576
239      239   (0)      6  : 0.0000 0.2662 0.0033 0.0000 0.0040 0.6492 0.0773
240      240   (0)      6  : 0.0000 0.4333 0.0024 0.0000 0.0166 0.4834 0.0643
241      241   (0)      6  : 0.0000 0.4232 0.0000 0.0000 0.0000 0.4939 0.0830
242      242   (0)      6  : 0.0000 0.7607 0.0000 0.0000 0.0021 0.0889 0.1483
243      243   (0)      6  : 0.0000 0.3525 0.0000 0.0000 0.0681 0.4892 0.0901
244      244   (0)      6  : 0.0000 0.7056 0.0000 0.0000 0.0000 0.1571 0.1373
245      245   (0)      6  : 0.0000 0.1613 0.0000 0.0000 0.0014 0.7737 0.0636
246      246   (0)      6  : 0.0000 0.7977 0.0000 0.0000 0.0000 0.0907 0.1116
247      247   (0)      6  : 0.0000 0.2710 0.0000 0.0000 0.0000 0.5662 0.1629
248      248   (0)      6  : 0.0000 0.3275 0.0000 0.0000 0.0010 0.5746 0.0969
249      249   (0)      7  : 0.0000 0.3592 0.0000 0.0000 0.0000 0.5439 0.0969
250      250   (0)      7  : 0.0000 0.8104 0.0000 0.0000 0.0000 0.1391 0.0505
251      251   (0)      7  : 0.0000 0.4667 0.0000 0.0000 0.0000 0.4028 0.1305
252      252   (0)      7  : 0.0000 0.4284 0.0000 0.0000 0.0000 0.5106 0.0610
253      253   (0)      7  : 0.0000 0.6560 0.0000 0.0000 0.0000 0.1925 0.1515
254      254   (0)      7  : 0.0000 0.5047 0.0000 0.0000 0.0122 0.3317 0.1514
255      255   (0)      7  : 0.0000 0.3721 0.0000 0.0000 0.0006 0.5980 0.0293
256      256   (0)      7  : 0.0000 0.3869 0.0000 0.0000 0.0000 0.4906 0.1225
257      257   (0)      7  : 0.0000 0.4260 0.0000 0.0000 0.0000 0.4444 0.1296
258      258   (0)      7  : 0.0000 0.1879 0.0000 0.0000 0.0000 0.6355 0.1766
259      259   (0)      7  : 0.0000 0.5331 0.0000 0.0000 0.0000 0.2913 0.1756
260      260   (0)      7  : 0.0000 0.1777 0.0000 0.0000 0.0000 0.6863 0.1360
261      261   (0)      7  : 0.0000 0.8654 0.0000 0.0000 0.0004 0.0429 0.0913
262      262   (0)      7  : 0.0000 0.4302 0.0000 0.0000 0.0000 0.4392 0.1306
263      263   (0)      7  : 0.0000 0.2821 0.0000 0.0000 0.0045 0.6348 0.0786
264      264   (0)      7  : 0.0000 0.3489 0.0000 0.0000 0.0010 0.5638 0.0863
265      265   (0)      7  : 0.0000 0.6159 0.0000 0.0000 0.0000 0.2120 0.1721
266      266   (0)      7  : 0.0000 0.7579 0.0000 0.0000 0.0245 0.1594 0.0581
267      267   (0)      7  : 0.0000 0.6361 0.0040 0.0000 0.0288 0.1200 0.2110
268      268   (0)      7  : 0.0000 0.7315 0.0000 0.0000 0.0000 0.2040 0.0645
269      269   (0)      7  : 0.0000 0.4478 0.0000 0.0000 0.0183 0.3938 0.1401
270      270   (0)      7  : 0.0000 0.8555 0.0000 0.0000 0.0149 0.1245 0.0052
271      271   (0)      7  : 0.0000 0.7037 0.0000 0.0000 0.0000 0.1044 0.1919
272      272   (0)      7  : 0.0000 0.7003 0.0000 0.0000 0.0000 0.1472 0.1525
273      273   (0)      7  : 0.0000 0.3675 0.0000 0.0000 0.0001 0.5537 0.0787
274      274   (0)      7  : 0.0000 0.1541 0.0000 0.0000 0.0136 0.7187 0.1136
275      275   (0)      7  : 0.0000 0.3613 0.0114 0.0000 0.0000 0.4743 0.1530
276      276   (0)      7  : 0.0000 0.6443 0.0000 0.0000 0.0007 0.2521 0.1029
277      277   (0)      7  : 0.0000 0.7704 0.0000 0.0000 0.0000 0.1803 0.0493
278      278   (0)      7  : 0.0000 0.7218 0.0000 0.0000 0.0006 0.2118 0.0658
279      279   (0)      8  : 0.0000 0.7128 0.0000 0.0000 0.0000 0.1445 0.1427
280      280   (0)      8  : 0.0000 0.8100 0.0000 0.0000 0.0012 0.0594 0.1294
281      281   (0)      8  : 0.0000 0.6573 0.0000 0.0000 0.0000 0.1880 0.1547
282      282   (0)      8  : 0.0000 0.4152 0.0003 0.0000 0.0002 0.5124 0.0719
283      283   (0)      8  : 0.0000 0.6024 0.0095 0.0000 0.0222 0.3246 0.0414
284      284   (0)      8  : 0.0000 0.7793 0.0000 0.0000 0.0000 0.1499 0.0708
285      285   (0)      8  : 0.0000 0.5123 0.0000 0.0000 0.0000 0.3716 0.1160
286      286   (0)      8  : 0.0000 0.8446 0.0000 0.0000 0.0000 0.0926 0.0627
287      287   (0)      8  : 0.0000 0.4996 0.0000 0.0000 0.0000 0.4623 0.0382
288      288   (0)      8  : 0.0000 0.4253 0.0000 0.0000 0.0315 0.5041 0.0392
289      289   (0)      8  : 0.0000 0.1520 0.0055 0.0000 0.0048 0.6949 0.1427
290      290   (0)      5  : 0.0000 0.6276 0.0000 0.0000 0.0000 0.3307 0.0418
291      291   (0)      5  : 0.0000 0.5564 0.0000 0.0000 0.0000 0.3075 0.1361
292      292   (0)      5  : 0.0000 0.4439 0.0000 0.0000 0.0063 0.3606 0.1892
293      293   (0)      5  : 0.0000 0.4109 0.0000 0.0000 0.0099 0.4156 0.1637
294      294   (0)      5  : 0.0000 0.5693 0.0000 0.0000 0.0060 0.3430 0.0818
295      295   (0)      5  : 0.0000 0.4087 0.0000 0.0000 0.0000 0.5025 0.0888
296      296   (0)      5  : 0.0000 0.5742 0.0078 0.0000 0.0313 0.2565 0.1303
297      297   (0)      5  : 0.0000 0.2966 0.0132 0.0000 0.0291 0.5280 0.1331
298      298   (0)      5  : 0.0000 0.8287 0.0000 0.0000 0.0000 0.0942 0.0771
299      299   (0)      5  : 0.0000 0.5745 0.0000 0.0000 0.0004 0.3179 0.1072
300      300   (0)      5  : 0.0000 0.3511 0.0000 0.0000 0.0000 0.4596 0.1892
301      301   (0)      5  : 0.0000 0.7281 0.0000 0.0000 0.0029 0.1013 0.1677
302      302   (0)      5  : 0.0000 0.6530 0.0000 0.0000 0.0000 0.2592 0.0877
303      303   (0)      5  : 0.0000 0.5213 0.0000 0.0000 0.0000 0.4427 0.0361
304      304   (0)      5  : 0.0000 0.1441 0.0000 0.0000 0.0001 0.7638 0.0921
305      305   (0)      5  : 0.0000 0.5574 0.0054 0.0000 0.0049 0.3484 0.0839
306      306   (0)      5  : 0.0000 0.3545 0.0000 0.0000 0.0000 0.5301 0.1154
307      307   (0)      5  : 0.0000 0.4286 0.0000 0.0000 0.0484 0.3900 0.1330
308      308   (0)      5  : 0.0000 0.2798 0.0000 0.0000 0.0300 0.5805 0.1098
309      309   (0)      5  : 0.0000 0.6935 0.0000 0.0000 0.0067 0.2259 0.0739
310      310   (0)      5  : 0.0000 0.8504 0.0000 0.0000 0.0012 0.0708 0.0776
311      311   (0)      5  : 0.0000 0.2674 0.0000 0.0000 0.0083 0.5899 0.1344
312      312   (0)      5  : 0.0000 0.4093 0.0000 0.0000 0.0222 0.4966 0.0718
313      313   (0)      5  : 0.0000 0.2437 0.0005 0.0000 0.0011 0.6878 0.0669
314      314   (0)      5  : 0.0000 0.6525 0.0000 0.0000 0.0040 0.2629 0.0805
315      315   (0)      5  : 0.0000 0.7475 0.0000 0.0000 0.0082 0.1456 0.0988
316      316   (0)      5  : 0.0000 0.2908 0.0000 0.0000 0.0002 0.6391 0.0699
317      317   (0)      5  : 0.0000 0.7786 0.0000 0.0000 0.0000 0.0445 0.1769
318      318   (0)      8  : 0.0000 0.7985 0.0001 0.0000 0.0000 0.0565 0.1449
319      319   (0)      8  : 0.0000 0.6066 0.0000 0.0000 0.0000 0.2528 0.1406
320      320   (0)      9  : 0.0000 0.8186 0.0000 0.0000 0.0000 0.0775 0.1039
321      321   (0)      9  : 0.0000 0.6827 0.0151 0.0000 0.0000 0.1375 0.1647
322      322   (0)      9  : 0.0000 0.6552 0.0000 0.0000 0.0000 0.2670 0.0778
323      323   (0)      9  : 0.0000 0.4493 0.0000 0.0000 0.0005 0.4530 0.0973
324      324   (0)      9  : 0.0000 0.6465 0.0000 0.0000 0.0000 0.2231 0.1303
325      325   (0)      8  : 0.0000 0.0847 0.0000 0.0000 0.0000 0.8836 0.0317
326      326   (0)      8  : 0.0000 0.8075 0.0000 0.0000 0.0000 0.0901 0.1024
327      327   (0)      8  : 0.0000 0.4955 0.0000 0.0000 0.0000 0.4049 0.0996
328      328   (0)      8  : 0.0000 0.5894 0.0000 0.0000 0.0000 0.2565 0.1541
329      329   (0)      8  : 0.0000 0.5547 0.0000 0.0000 0.0000 0.3593 0.0860
330      330   (0)      9  : 0.0000 0.8656 0.0000 0.0000 0.0064 0.0227 0.1053
331      331   (0)      9  : 0.0000 0.8088 0.0000 0.0000 0.0000 0.1445 0.0467
332      332   (0)      9  : 0.0000 0.6997 0.0000 0.0000 0.0000 0.2006 0.0996
333      333   (0)      9  : 0.0000 0.4745 0.0000 0.0000 0.0000 0.3720 0.1536
334      334   (0)      9  : 0.0000 0.3806 0.0000 0.0000 0.0000 0.5959 0.0235
335      335   (0)      9  : 0.0000 0.2563 0.0000 0.0000 0.0000 0.5868 0.1568
336      336   (0)      8  : 0.0000 0.6524 0.0000 0.0000 0.0000 0.2779 0.0696
337      337   (0)      8  : 0.0000 0.3207 0.0000 0.0000 0.0000 0.5910 0.0883
338      338   (0)      8  : 0.0000 0.2280 0.0000 0.0000 0.0000 0.7037 0.0683
339      339   (0)      8  : 0.0000 0.3627 0.0000 0.0000 0.0000 0.5345 0.1028
340      340   (0)      8  : 0.0000 0.7079 0.0000 0.0000 0.0000 0.2046 0.0875
341      341   (0)      8  : 0.0000 0.6398 0.0002 0.0000 0.0602 0.2343 0.0655
342      342   (0)      8  : 0.0000 0.5323 0.0000 0.0000 0.0000 0.3687 0.0990
343      343   (0)      9  : 0.0000 0.2255 0.0000 0.0000 0.0000 0.6635 0.1110
344      344   (0)      9  : 0.0000 0.4852 0.0000 0.0000 0.0000 0.3920 0.1228
345      345   (0)      9  : 0.0000 0.8742 0.0000 0.0000 0.0000 0.0164 0.1093
346      346   (0)      9  : 0.0000 0.5428 0.0000 0.0000 0.0024 0.3777 0.0771
347      347   (0)      9  : 0.0000 0.3226 0.0000 0.0000 0.0041 0.5464 0.1269
348      348   (0)      9  : 0.0000 0.6811 0.0000 0.0000 0.0231 0.1784 0.1175
349      349   (0)      9  : 0.0000 0.3576 0.0000 0.0005 0.0639 0.4338 0.1441
350      350   (0)      9  : 0.0000 0.3737 0.0000 0.0000 0.0001 0.5294 0.0968
351      351   (0)      9  : 0.0000 0.4618 0.0000 0.0000 0.0236 0.4355 0.0792
352      352   (0)      9  : 0.0000 0.0936 0.0000 0.0000 0.0070 0.8378 0.0616
353      353   (0)      9  : 0.0000 0.2473 0.0000 0.0000 0.0135 0.6510 0.0882
354      354   (0)      9  : 0.0000 0.6246 0.0000 0.0000 0.0000 0.2853 0.0901
355      355   (0)      9  : 0.0000 0.7840 0.0000 0.0000 0.0004 0.1330 0.0826
356      356   (0)      9  : 0.0000 0.4451 0.0000 0.0000 0.0081 0.3849 0.1618
357      357   (0)      9  : 0.0000 0.4867 0.0004 0.0000 0.0000 0.3682 0.1447
358      358   (0)      9  : 0.0000 0.6104 0.0000 0.0000 0.0168 0.2495 0.1233
359      359   (0)      9  : 0.0000 0.2940 0.0000 0.0000 0.0036 0.6265 0.0758
360      360   (0)      9  : 0.0000 0.4998 0.0000 0.0000 0.0000 0.5002 0.0000
361      361   (0)      9  : 0.0000 0.3536 0.0000 0.0000 0.0000 0.5559 0.0905
362      362   (0)     10  : 0.0000 0.8882 0.0000 0.0000 0.0000 0.0306 0.0812
363      363   (0)     10  : 0.0000 0.8247 0.0000 0.0000 0.0000 0.1573 0.0180
364      364   (0)     10  : 0.0000 0.8815 0.0000 0.0000 0.0000 0.0552 0.0633
365      365   (0)     10  : 0.0000 0.6922 0.0103 0.0000 0.0000 0.1896 0.1079
366      366   (0)     10  : 0.0000 0.2028 0.0001 0.0000 0.0000 0.6653 0.1318
367      367   (0)     10  : 0.0000 0.8632 0.0000 0.0000 0.0084 0.0699 0.0585
368      368   (0)     10  : 0.0000 0.1364 0.0000 0.0000 0.0000 0.7663 0.0973
369      369   (0)     10  : 0.0000 0.0359 0.0000 0.0000 0.0000 0.9172 0.0469
370      370   (0)     10  : 0.0000 0.4370 0.0020 0.0000 0.0366 0.3998 0.1247
371      371   (0)     10  : 0.0000 0.2519 0.0000 0.0000 0.0021 0.6663 0.0797
372      372   (0)     10  : 0.0000 0.5188 0.0000 0.0000 0.0000 0.3363 0.1449
373      373   (0)     10  : 0.0000 0.7847 0.0000 0.0000 0.0000 0.1159 0.0994
374      374   (0)     10  : 0.0000 0.6996 0.0000 0.0000 0.0000 0.1894 0.1110
375      375   (0)     10  : 0.0000 0.7980 0.0000 0.0000 0.0000 0.1636 0.0384
376      376   (0)     10  : 0.0000 0.8707 0.0000 0.0000 0.0000 0.0358 0.0935
377      377   (0)     10  : 0.0000 0.6473 0.0000 0.0000 0.0273 0.2361 0.0893
378      378   (0)     10  : 0.0000 0.6091 0.0000 0.0002 0.0000 0.2562 0.1345
379      379   (0)     10  : 0.0000 0.5450 0.0001 0.0000 0.0366 0.3192 0.0991
380      380   (0)     10  : 0.0000 0.0538 0.0000 0.0000 0.0000 0.8879 0.0583
381      381   (0)     10  : 0.0000 0.7166 0.0000 0.0000 0.0006 0.1811 0.1018
382      382   (0)     10  : 0.0000 0.5243 0.0000 0.0000 0.0000 0.3677 0.1081
383      383   (0)     10  : 0.0000 0.3750 0.0000 0.0000 0.0471 0.4530 0.1249
384      384   (0)     10  : 0.0000 0.7869 0.0026 0.0000 0.0000 0.1254 0.0851
385      385   (0)     10  : 0.0000 0.5110 0.0000 0.0000 0.0000 0.3698 0.1192
386      386   (0)     10  : 0.0000 0.3772 0.0000 0.0000 0.0140 0.4484 0.1605
387      387   (0)     10  : 0.0000 0.8323 0.0058 0.0000 0.0000 0.0000 0.1619
388      388   (0)     10  : 0.0000 0.4114 0.0000 0.0000 0.0013 0.5318 0.0555
389      389   (0)     10  : 0.0000 0.4192 0.0000 0.0000 0.0000 0.4411 0.1396
390      390   (0)      8  : 0.0000 0.4804 0.0000 0.0000 0.0289 0.3996 0.0910
391      391   (0)      8  : 0.0000 0.6045 0.0051 0.0000 0.0000 0.2734 0.1170
392      392   (0)      8  : 0.0000 0.0822 0.0000 0.0000 0.0034 0.8925 0.0219
393      393   (0)     11  : 0.0000 0.1289 0.0000 0.0000 0.0002 0.8001 0.0707
394      394   (0)     11  : 0.0000 0.6670 0.0000 0.0000 0.0000 0.2462 0.0867
395      395   (0)     11  : 0.0225 0.2882 0.0000 0.0000 0.0073 0.5814 0.1005
396      396   (0)     11  : 0.0447 0.3122 0.0000 0.0000 0.0280 0.5357 0.0794
397      397   (0)     11  : 0.0000 0.7837 0.0020 0.0000 0.0000 0.0991 0.1152
398      398   (0)     11  : 0.0000 0.4837 0.0000 0.0000 0.0000 0.4198 0.0965
399      399   (0)     11  : 0.0000 0.4795 0.0000 0.0000 0.0000 0.4199 0.1006
400      400   (0)     11  : 0.0000 0.5427 0.0051 0.0000 0.0000 0.3469 0.1054
401      401   (0)     11  : 0.0102 0.3249 0.0000 0.0000 0.0000 0.5595 0.1054
402      402   (0)     11  : 0.0000 0.3981 0.0000 0.0000 0.0000 0.4969 0.1050
403      403   (0)     11  : 0.0000 0.4943 0.0000 0.0000 0.0000 0.4005 0.1052
404      404   (0)     11  : 0.0000 0.4824 0.0000 0.0000 0.0079 0.4195 0.0902
405      405   (0)     11  : 0.0014 0.0582 0.0000 0.0000 0.0786 0.7978 0.0640
406      406   (0)     11  : 0.0006 0.2144 0.0000 0.0000 0.0000 0.6484 0.1366
407      407   (0)     11  : 0.0000 0.3594 0.0000 0.0000 0.0000 0.5261 0.1145
408      408   (0)     11  : 0.0000 0.3810 0.0000 0.0000 0.0003 0.5405 0.0782
409      409   (0)     11  : 0.0007 0.3197 0.0089 0.0020 0.0211 0.5613 0.0864
410      410   (0)     11  : 0.0000 0.6192 0.0000 0.0000 0.0000 0.3140 0.0668
411      411   (0)     11  : 0.0000 0.8075 0.0000 0.0000 0.0000 0.1318 0.0607
412      412   (0)     11  : 0.0000 0.6633 0.0000 0.0000 0.0000 0.2500 0.0867
413      413   (0)     11  : 0.0000 0.7315 0.0000 0.0000 0.0352 0.1782 0.0551
414      414   (0)     11  : 0.0000 0.6364 0.0000 0.0000 0.0000 0.2581 0.1055
415      415   (0)     11  : 0.0000 0.5482 0.0000 0.0000 0.0001 0.3189 0.1328
416      416   (0)     11  : 0.0000 0.5894 0.0000 0.0000 0.0249 0.3124 0.0733
417      417   (0)     11  : 0.0000 0.5614 0.0000 0.0000 0.0000 0.3749 0.0636
418      418   (0)     11  : 0.0153 0.4398 0.0000 0.0000 0.0225 0.3641 0.1583
419      419   (0)     11  : 0.0000 0.0253 0.0000 0.0000 0.0000 0.9427 0.0320
420      420   (0)     11  : 0.0000 0.3138 0.0000 0.0000 0.0000 0.6422 0.0440
421      421   (0)     11  : 0.0000 0.0242 0.0006 0.0000 0.0000 0.9540 0.0213
422      422   (0)     11  : 0.0000 0.7024 0.0000 0.0000 0.0017 0.1692 0.1267
423      423   (0)     12  : 0.9994 0.0000 0.0000 0.0000 0.0000 0.0000 0.0006
424      424   (0)     12  : 0.0000 0.1671 0.0000 0.0000 0.7968 0.0159 0.0202
425      425   (0)     12  : 1.0000 0.0000 0.0000 0.0000 0.0000 0.0000 0.0000
426      426   (0)     12  : 0.0000 0.0525 0.0000 0.0000 0.9022 0.0051 0.0401
427      427   (0)     12  : 0.9891 0.0000 0.0000 0.0079 0.0000 0.0000 0.0030
428      428   (0)     12  : 0.9150 0.0000 0.0000 0.0445 0.0221 0.0000 0.0184
429      429   (0)     12  : 0.0000 0.0000 0.0866 0.0000 0.8467 0.0000 0.0667
430      430   (0)     12  : 0.9762 0.0000 0.0000 0.0165 0.0000 0.0000 0.0073
431      431   (0)     12  : 0.9632 0.0000 0.0064 0.0238 0.0000 0.0000 0.0066
432      432   (0)     12  : 0.0000 0.0486 0.0000 0.0000 0.8571 0.0813 0.0131
433      433   (0)     12  : 0.9839 0.0000 0.0000 0.0000 0.0153 0.0000 0.0008
434      434   (0)     12  : 1.0000 0.0000 0.0000 0.0000 0.0000 0.0000 0.0000
435      435   (0)     12  : 0.9219 0.0000 0.0046 0.0269 0.0120 0.0000 0.0346
436      436   (0)     12  : 0.9687 0.0000 0.0035 0.0048 0.0000 0.0000 0.0230
437      437   (0)     12  : 0.9581 0.0000 0.0000 0.0000 0.0330 0.0000 0.0089
438      438   (0)     12  : 1.0000 0.0000 0.0000 0.0000 0.0000 0.0000 0.0000
439      439   (0)     12  : 0.0000 0.0806 0.0000 0.0000 0.8733 0.0349 0.0111
440      440   (0)     12  : 0.0000 0.0425 0.0000 0.0000 0.8795 0.0575 0.0205
441      441   (0)     12  : 1.0000 0.0000 0.0000 0.0000 0.0000 0.0000 0.0000
442      442   (0)     12  : 0.0000 0.0000 0.0341 0.0000 0.9300 0.0000 0.0359
443      443   (0)     12  : 0.9900 0.0000 0.0000 0.0033 0.0000 0.0000 0.0067
444      444   (0)     12  : 0.9938 0.0000 0.0000 0.0058 0.0000 0.0000 0.0005
445      445   (0)     12  : 0.9795 0.0000 0.0000 0.0188 0.0000 0.0000 0.0017
446      446   (0)     12  : 1.0000 0.0000 0.0000 0.0000 0.0000 0.0000 0.0000
447      447   (0)     12  : 0.9856 0.0000 0.0000 0.0023 0.0000 0.0000 0.0121
448      448   (0)     12  : 1.0000 0.0000 0.0000 0.0000 0.0000 0.0000 0.0000
449      449   (0)     12  : 0.9950 0.0000 0.0000 0.0000 0.0000 0.0000 0.0050
450      450   (0)     12  : 0.9993 0.0000 0.0000 0.0000 0.0000 0.0000 0.0007
451      451   (0)     12  : 0.9545 0.0000 0.0000 0.0179 0.0000 0.0000 0.0275
452      452   (0)     12  : 0.9803 0.0000 0.0000 0.0061 0.0025 0.0000 0.0111
453      453   (0)     13  : 1.0000 0.0000 0.0000 0.0000 0.0000 0.0000 0.0000
454      454   (0)     13  : 0.9904 0.0000 0.0096 0.0000 0.0000 0.0000 0.0000
455      455   (0)     13  : 1.0000 0.0000 0.0000 0.0000 0.0000 0.0000 0.0000
456      456   (0)     13  : 0.0000 0.0670 0.0000 0.0000 0.8760 0.0443 0.0126
457      457   (0)     13  : 0.9470 0.0000 0.0000 0.0183 0.0009 0.0000 0.0338
458      458   (0)     13  : 0.9956 0.0000 0.0000 0.0000 0.0000 0.0000 0.0044
459      459   (0)     13  : 1.0000 0.0000 0.0000 0.0000 0.0000 0.0000 0.0000
460      460   (0)     13  : 0.9975 0.0000 0.0000 0.0000 0.0000 0.0000 0.0025
461      461   (0)     13  : 1.0000 0.0000 0.0000 0.0000 0.0000 0.0000 0.0000
462      462   (0)     13  : 0.9647 0.0000 0.0010 0.0219 0.0000 0.0000 0.0125
463      463   (0)     13  : 0.9761 0.0000 0.0010 0.0115 0.0000 0.0000 0.0114
464      464   (0)     13  : 0.0079 0.0000 0.0122 0.8113 0.0000 0.0000 0.1685
465      465   (0)     13  : 0.9749 0.0000 0.0038 0.0000 0.0150 0.0002 0.0060
466      466   (0)     13  : 0.9900 0.0000 0.0042 0.0000 0.0000 0.0000 0.0058
467      467   (0)     13  : 0.9688 0.0000 0.0025 0.0156 0.0000 0.0000 0.0131
468      468   (0)     13  : 0.0526 0.0014 0.0000 0.7208 0.0000 0.0006 0.2245
469      469   (0)     13  : 0.0000 0.0000 0.0000 0.8929 0.0000 0.0000 0.1071
470      470   (0)     13  : 0.9810 0.0000 0.0000 0.0021 0.0000 0.0000 0.0169
471      471   (0)     13  : 0.9597 0.0102 0.0000 0.0000 0.0000 0.0184 0.0118
472      472   (0)     13  : 0.9913 0.0000 0.0011 0.0015 0.0000 0.0000 0.0061
473      473   (0)     13  : 0.0504 0.0487 0.0000 0.0000 0.7400 0.1473 0.0136
474      474   (0)     13  : 0.9987 0.0000 0.0000 0.0000 0.0000 0.0000 0.0013
475      475   (0)     13  : 1.0000 0.0000 0.0000 0.0000 0.0000 0.0000 0.0000
476      476   (0)     13  : 0.0000 0.0205 0.0000 0.0000 0.9357 0.0296 0.0142
477      477   (0)     13  : 0.9513 0.0000 0.0000 0.0251 0.0221 0.0000 0.0015
478      478   (0)     13  : 0.9659 0.0000 0.0155 0.0000 0.0082 0.0000 0.0104
479      479   (0)     13  : 0.9959 0.0000 0.0000 0.0001 0.0000 0.0000 0.0040
480      480   (0)     13  : 0.0000 0.0494 0.0000 0.0000 0.8951 0.0484 0.0071
481      481   (0)     13  : 0.0944 0.0000 0.0187 0.6708 0.0057 0.0000 0.2104
482      482   (0)     13  : 0.9706 0.0000 0.0000 0.0212 0.0000 0.0000 0.0082
483      483   (0)     14  : 0.9994 0.0000 0.0000 0.0006 0.0000 0.0000 0.0000
484      484   (0)     14  : 0.9977 0.0000 0.0000 0.0006 0.0000 0.0000 0.0016
485      485   (0)     15  : 0.9911 0.0000 0.0000 0.0019 0.0000 0.0000 0.0070
486      486   (0)     15  : 0.9984 0.0000 0.0000 0.0005 0.0000 0.0000 0.0011
487      487   (0)     15  : 0.9876 0.0000 0.0053 0.0008 0.0000 0.0000 0.0063
488      488   (0)     15  : 0.9944 0.0000 0.0039 0.0000 0.0000 0.0000 0.0017
489      489   (0)     15  : 0.0000 0.0944 0.0000 0.0000 0.8308 0.0599 0.0150
490      490   (0)     15  : 0.0000 0.0575 0.0000 0.0000 0.9042 0.0113 0.0269
491      491   (0)     15  : 0.9958 0.0000 0.0000 0.0002 0.0000 0.0000 0.0040
492      492   (0)     15  : 0.0000 0.0602 0.0000 0.0000 0.9175 0.0073 0.0150
493      493   (0)     15  : 0.9679 0.0000 0.0161 0.0074 0.0000 0.0000 0.0086
494      494   (0)     15  : 0.9953 0.0000 0.0000 0.0032 0.0000 0.0000 0.0015
495      495   (0)     15  : 0.9856 0.0000 0.0030 0.0002 0.0000 0.0000 0.0112
496      496   (0)     15  : 0.9937 0.0000 0.0050 0.0000 0.0000 0.0000 0.0013
497      497   (0)     15  : 0.9729 0.0000 0.0000 0.0083 0.0000 0.0000 0.0188
498      498   (0)     15  : 0.9528 0.0000 0.0000 0.0357 0.0000 0.0000 0.0114
499      499   (0)     15  : 0.9808 0.0000 0.0000 0.0106 0.0000 0.0000 0.0086
500      500   (0)     15  : 0.9922 0.0000 0.0000 0.0037 0.0000 0.0000 0.0040
501      501   (0)     15  : 0.9721 0.0000 0.0042 0.0052 0.0139 0.0000 0.0047
502      502   (0)     15  : 0.9891 0.0000 0.0000 0.0096 0.0000 0.0000 0.0013
503      503   (0)     15  : 0.9999 0.0000 0.0000 0.0000 0.0000 0.0000 0.0001
504      504   (0)     15  : 1.0000 0.0000 0.0000 0.0000 0.0000 0.0000 0.0000
505      505   (0)     15  : 0.9675 0.0000 0.0019 0.0112 0.0000 0.0000 0.0194
506      506   (0)     15  : 0.9944 0.0000 0.0000 0.0035 0.0000 0.0000 0.0021
507      507   (0)     15  : 0.9875 0.0000 0.0000 0.0091 0.0000 0.0000 0.0033
508      508   (0)     15  : 0.9692 0.0000 0.0000 0.0057 0.0005 0.0000 0.0246
509      509   (0)     15  : 0.0000 0.0219 0.0000 0.0000 0.8873 0.0908 0.0000
510      510   (0)     15  : 0.0000 0.0452 0.0000 0.0000 0.8693 0.0818 0.0037
511      511   (0)     15  : 0.9507 0.0195 0.0081 0.0055 0.0098 0.0013 0.0051
512      512   (0)     15  : 0.9999 0.0000 0.0000 0.0000 0.0000 0.0000 0.0001
513      513   (0)     15  : 0.9811 0.0000 0.0000 0.0086 0.0000 0.0000 0.0103
514      514   (0)     15  : 0.9682 0.0000 0.0000 0.0115 0.0010 0.0000 0.0194
515      515   (0)     16  : 0.0344 0.0000 0.0027 0.7983 0.0000 0.0000 0.1646
516      516   (0)     16  : 0.9842 0.0000 0.0076 0.0081 0.0000 0.0000 0.0000
517      517   (0)     16  : 0.0000 0.0693 0.0000 0.0000 0.8572 0.0445 0.0290
518      518   (0)     16  : 0.9598 0.0000 0.0165 0.0086 0.0008 0.0000 0.0142
519      519   (0)     16  : 0.9802 0.0000 0.0000 0.0103 0.0000 0.0000 0.0096
520      520   (0)     16  : 0.9638 0.0000 0.0000 0.0137 0.0000 0.0000 0.0224
521      521   (0)     16  : 0.9765 0.0000 0.0000 0.0140 0.0000 0.0000 0.0095
522      522   (0)     16  : 0.0000 0.0000 0.0442 0.0000 0.8891 0.0000 0.0667
523      523   (0)     16  : 0.9873 0.0000 0.0000 0.0109 0.0000 0.0000 0.0018
524      524   (0)     16  : 0.0000 0.1176 0.0000 0.0000 0.8445 0.0208 0.0171
525      525   (0)     16  : 0.9926 0.0000 0.0000 0.0039 0.0000 0.0000 0.0034
526      526   (0)     16  : 0.9815 0.0000 0.0025 0.0082 0.0000 0.0000 0.0078
527      527   (0)     16  : 0.0000 0.0317 0.0000 0.0000 0.8803 0.0712 0.0168
528      528   (0)     16  : 0.9463 0.0000 0.0000 0.0447 0.0000 0.0000 0.0090
529      529   (0)     16  : 0.9787 0.0000 0.0000 0.0169 0.0000 0.0000 0.0044
530      530   (0)     16  : 0.9362 0.0000 0.0000 0.0545 0.0000 0.0000 0.0093
531      531   (0)     16  : 1.0000 0.0000 0.0000 0.0000 0.0000 0.0000 0.0000
532      532   (0)     16  : 0.0000 0.0000 0.0484 0.0000 0.8850 0.0000 0.0667
533      533   (0)     16  : 0.0000 0.0000 0.0675 0.0000 0.8658 0.0000 0.0667
534      534   (0)     16  : 0.9886 0.0000 0.0000 0.0020 0.0000 0.0000 0.0094
535      535   (0)     16  : 0.9912 0.0000 0.0000 0.0016 0.0000 0.0000 0.0073
536      536   (0)     16  : 0.9799 0.0000 0.0000 0.0097 0.0000 0.0000 0.0104
537      537   (0)     16  : 0.9855 0.0000 0.0000 0.0025 0.0026 0.0000 0.0095
538      538   (0)     16  : 0.9999 0.0000 0.0000 0.0000 0.0000 0.0000 0.0001
539      539   (0)     16  : 0.9890 0.0000 0.0000 0.0057 0.0000 0.0000 0.0054
540      540   (0)     16  : 0.9888 0.0000 0.0000 0.0077 0.0000 0.0000 0.0034
541      541   (0)     16  : 0.0000 0.0000 1.0000 0.0000 0.0000 0.0000 0.0000
542      542   (0)     16  : 0.9773 0.0000 0.0000 0.0207 0.0000 0.0000 0.0020
543      543   (0)     16  : 1.0000 0.0000 0.0000 0.0000 0.0000 0.0000 0.0000
544      544   (0)     16  : 0.9997 0.0000 0.0000 0.0000 0.0000 0.0000 0.0003
