  1        1   (0)      1 :  0.6122 0.0000 0.0159 0.0000 0.0000 0.0302 0.0000 0.3417 
  2        2   (0)      1 :  0.0153 0.0000 0.0046 0.0000 0.0000 0.8920 0.0000 0.0881 
  3        3   (0)      1 :  0.0113 0.0000 0.0014 0.0000 0.0000 0.8719 0.0000 0.1154 
  4        4   (0)      1 :  0.7393 0.0000 0.0233 0.0000 0.0000 0.0197 0.0152 0.2025 
  5        5   (0)      1 :  0.7708 0.0000 0.0691 0.0000 0.0000 0.0169 0.0042 0.1390 
  6        6   (0)      1 :  0.7396 0.0018 0.0899 0.0000 0.0000 0.0139 0.0000 0.1548 
  7        7   (0)      1 :  0.0000 0.0004 0.0020 0.0000 0.0000 0.9247 0.0000 0.0729 
  8        8   (0)      1 :  0.0079 0.0000 0.0015 0.0000 0.0000 0.8890 0.0000 0.1016 
  9        9   (0)      1 :  0.7384 0.0000 0.0737 0.0000 0.0000 0.0107 0.0000 0.1771 
 10       10   (0)      1 :  0.0111 0.0000 0.0039 0.0000 0.0000 0.8888 0.0000 0.0962 
 11       11   (0)      1 :  0.6807 0.0156 0.0327 0.0000 0.0000 0.0039 0.0023 0.2649 
 12       12   (0)      1 :  0.6934 0.0080 0.0464 0.0028 0.0000 0.0040 0.0000 0.2455 
 13       13   (0)      1 :  0.7484 0.0291 0.0234 0.0000 0.0000 0.0010 0.0000 0.1981 
 14       14   (0)      1 :  0.7345 0.0243 0.0467 0.0046 0.0000 0.0006 0.0056 0.1837 
 15       15   (0)      1 :  0.6379 0.0000 0.0000 0.0000 0.0000 0.0000 0.0036 0.3585 
 16       16   (0)      1 :  0.6673 0.0179 0.0477 0.0063 0.0000 0.0599 0.0000 0.2010 
 17       17   (0)      1 :  0.8246 0.0000 0.0398 0.0000 0.0000 0.0021 0.0000 0.1335 
 18       18   (0)      1 :  0.6223 0.0000 0.0675 0.0000 0.0000 0.0000 0.0000 0.3102 
 19       19   (0)      1 :  0.6861 0.0000 0.0502 0.0105 0.0000 0.0000 0.0000 0.2532 
 20       20   (0)      1 :  0.7539 0.0000 0.0207 0.0000 0.0000 0.0001 0.0000 0.2253 
 21       21   (0)      1 :  0.6454 0.0000 0.0224 0.0000 0.0000 0.0008 0.0012 0.3302 
 22       22   (0)      1 :  0.0252 0.0000 0.0034 0.0000 0.0000 0.8980 0.0000 0.0734 
 23       23   (0)      1 :  0.7083 0.0000 0.0790 0.0000 0.0000 0.0013 0.0000 0.2114 
 24       24   (0)      1 :  0.8819 0.0000 0.0500 0.0000 0.0000 0.0181 0.0000 0.0500 
 25       25   (0)      1 :  0.7704 0.0193 0.0257 0.0000 0.0000 0.0159 0.0000 0.1687 
 26       26   (0)      1 :  0.7521 0.0000 0.0917 0.0000 0.0000 0.0000 0.0000 0.1562 
 27       27   (0)      1 :  0.0000 0.1582 0.0000 0.7832 0.0585 0.0000 0.0000 0.0000 
 28       28   (0)      1 :  0.0000 0.0000 0.0000 0.9472 0.0463 0.0000 0.0000 0.0065 
 29       29   (0)      1 :  0.6806 0.0235 0.0568 0.0000 0.0000 0.0105 0.0087 0.2199 
 30       30   (0)      1 :  0.7988 0.0000 0.0500 0.0000 0.0000 0.0000 0.0017 0.1495 
 31       31   (0)      1 :  0.6689 0.0000 0.0808 0.0000 0.0000 0.0338 0.0000 0.2165 
 32       32   (0)      1 :  0.0468 0.0000 0.0044 0.0000 0.0000 0.9449 0.0000 0.0040 
 33       33   (0)      1 :  0.3300 0.0000 0.0207 0.4032 0.0151 0.2092 0.0000 0.0217 
 34       34   (0)      1 :  0.5874 0.0000 0.1003 0.0000 0.0000 0.0067 0.0000 0.3057 
 35       35   (0)      1 :  0.0000 0.0000 0.0000 0.0000 0.0000 0.0000 1.0000 0.0000 
 36       36   (0)      1 :  0.0000 0.0000 0.0000 0.0000 0.0000 0.0000 1.0000 0.0000 
 37       37   (0)      1 :  0.0000 0.0000 0.0500 0.0000 0.0000 0.0000 0.9500 0.0000 
 38       38   (0)      1 :  0.0000 0.0340 0.0068 0.9109 0.0228 0.0000 0.0000 0.0255 
 39       39   (0)      1 :  0.0000 0.0778 0.0217 0.8720 0.0142 0.0000 0.0000 0.0143 
 40       40   (0)      1 :  0.6811 0.0000 0.0773 0.0000 0.0005 0.0000 0.0006 0.2405 
 41       41   (0)      1 :  0.0169 0.0000 0.0025 0.0000 0.0000 0.9139 0.0000 0.0667 
 42       42   (0)      1 :  0.0000 0.0621 0.0172 0.9044 0.0095 0.0000 0.0000 0.0067 
 43       43   (0)      1 :  0.5905 0.0000 0.0671 0.0000 0.0000 0.0170 0.0153 0.3102 
 44       44   (0)      1 :  0.0000 0.0006 0.0000 0.0000 0.0000 0.9555 0.0000 0.0439 
 45       45   (0)      1 :  0.0000 0.1147 0.0000 0.8396 0.0306 0.0000 0.0000 0.0151 
 46       46   (0)      1 :  0.7667 0.0515 0.0470 0.0001 0.0078 0.0000 0.0000 0.1269 
 47       47   (0)      1 :  0.0000 0.0599 0.0089 0.8708 0.0603 0.0000 0.0000 0.0000 
 48       48   (0)      1 :  0.0039 0.0007 0.0017 0.0000 0.0000 0.9479 0.0000 0.0459 
 49       49   (0)      1 :  0.0000 0.0000 0.0000 0.0000 0.0000 0.9494 0.0000 0.0506 
 50       50   (0)      1 :  0.0000 0.0704 0.0167 0.8813 0.0230 0.0000 0.0000 0.0085 
 51       51   (0)      1 :  0.0000 0.1184 0.0098 0.8498 0.0141 0.0000 0.0000 0.0079 
 52       52   (0)      1 :  0.0640 0.0000 0.0029 0.0000 0.0000 0.8944 0.0000 0.0387 
 53       53   (0)      1 :  0.0216 0.0004 0.0031 0.0000 0.0000 0.9200 0.0000 0.0550 
 54       54   (0)      1 :  0.0103 0.0000 0.0032 0.0000 0.0000 0.8922 0.0000 0.0944 
 55       55   (0)      1 :  0.0000 0.1157 0.0000 0.8310 0.0368 0.0000 0.0000 0.0164 
 56       56   (0)      2 :  0.9076 0.0000 0.0164 0.0033 0.0000 0.0143 0.0000 0.0584 
 57       57   (0)      2 :  0.5193 0.0000 0.0568 0.0000 0.0000 0.0000 0.0242 0.3996 
 58       58   (0)      2 :  0.5554 0.0000 0.0359 0.0000 0.0000 0.0051 0.0000 0.4036 
 59       59   (0)      2 :  0.8424 0.0191 0.0228 0.0000 0.0000 0.0006 0.0000 0.1150 
 60       60   (0)      2 :  0.0229 0.0000 0.0046 0.0000 0.0000 0.9498 0.0000 0.0227 
 61       61   (0)      2 :  0.7384 0.0001 0.1012 0.0009 0.0000 0.0000 0.0047 0.1547 
 62       62   (0)      2 :  0.0000 0.0000 0.0000 0.0000 0.0000 0.0000 1.0000 0.0000 
 63       63   (0)      2 :  0.6156 0.0000 0.0442 0.0000 0.0000 0.0214 0.0000 0.3188 
 64       64   (0)      2 :  0.0000 0.0000 0.0500 0.0000 0.0000 0.0000 0.9500 0.0000 
 65       65   (0)      2 :  0.7283 0.0120 0.0691 0.0000 0.0000 0.0415 0.0000 0.1491 
 66       66   (0)      2 :  0.0000 0.0000 0.0500 0.0000 0.0000 0.0000 0.9500 0.0000 
 67       67   (0)      2 :  0.6766 0.0161 0.0614 0.0000 0.0000 0.0000 0.0055 0.2403 
 68       68   (0)      2 :  0.8097 0.0222 0.0382 0.0000 0.0000 0.0222 0.0036 0.1042 
 69       69   (0)      2 :  0.0094 0.0000 0.0000 0.0000 0.0000 0.9054 0.0000 0.0852 
 70       70   (0)      2 :  0.5976 0.0000 0.0596 0.0000 0.0000 0.0011 0.0000 0.3417 
 71       71   (0)      2 :  0.0000 0.0000 0.0000 0.0000 0.0000 0.0000 1.0000 0.0000 
 72       72   (0)      2 :  0.0000 0.0000 0.0000 0.0000 0.0000 0.0000 1.0000 0.0000 
 73       73   (0)      2 :  0.5596 0.0510 0.0551 0.0068 0.0000 0.0672 0.0000 0.2603 
 74       74   (0)      2 :  0.0062 0.0000 0.0041 0.0000 0.0000 0.9455 0.0069 0.0374 
 75       75   (0)      2 :  0.0000 0.1290 0.0000 0.8596 0.0115 0.0000 0.0000 0.0000 
 76       76   (0)      2 :  0.0058 0.0000 0.0020 0.0000 0.0000 0.9370 0.0000 0.0552 
 77       77   (0)      2 :  0.6472 0.0000 0.0741 0.0000 0.0000 0.0559 0.0000 0.2227 
 78       78   (0)      2 :  0.0000 0.0000 0.0500 0.0000 0.0000 0.0000 0.9500 0.0000 
 79       79   (0)      2 :  0.0000 0.1035 0.0069 0.8572 0.0272 0.0000 0.0000 0.0052 
 80       80   (0)      2 :  0.0000 0.0000 0.0306 0.0000 0.0000 0.0000 0.9694 0.0000 
 81       81   (0)      2 :  0.7797 0.0011 0.0405 0.0034 0.0000 0.0109 0.0114 0.1530 
 82       82   (0)      2 :  0.0012 0.0012 0.0004 0.0000 0.0000 0.8892 0.0067 0.1013 
 83       83   (0)      2 :  0.0000 0.0000 0.0000 0.0000 0.0000 1.0000 0.0000 0.0000 
 84       84   (0)      2 :  0.5562 0.0000 0.0705 0.0000 0.0000 0.1940 0.0000 0.1793 
 85       85   (0)      2 :  0.7401 0.0060 0.0796 0.0000 0.0000 0.0123 0.0000 0.1620 
 86       86   (0)      2 :  0.7834 0.0000 0.0253 0.0000 0.0000 0.0161 0.0000 0.1753 
 87       87   (0)      2 :  0.6661 0.0000 0.0455 0.0000 0.0000 0.0296 0.0000 0.2588 
 88       88   (0)      2 :  0.7979 0.0000 0.0603 0.0000 0.0000 0.0018 0.0000 0.1400 
 89       89   (0)      2 :  0.8032 0.0000 0.0615 0.0000 0.0000 0.0000 0.0000 0.1353 
 90       90   (0)      2 :  0.6749 0.0000 0.0893 0.0000 0.0000 0.0285 0.0100 0.1973 
 91       91   (0)      2 :  0.7130 0.0000 0.0563 0.0000 0.0000 0.0063 0.0000 0.2244 
 92       92   (0)      2 :  0.7443 0.0113 0.0072 0.0000 0.0000 0.0224 0.0000 0.2148 
 93       93   (0)      2 :  0.0000 0.0000 0.0000 0.0000 0.0000 0.9552 0.0000 0.0448 
 94       94   (0)      2 :  0.0023 0.0020 0.0024 0.0000 0.0000 0.9137 0.0080 0.0715 
 95       95   (0)      2 :  0.0000 0.0000 0.0000 0.0000 0.0000 0.0000 1.0000 0.0000 
 96       96   (0)      2 :  0.0184 0.0000 0.0021 0.0000 0.0000 0.8974 0.0000 0.0821 
 97       97   (0)      2 :  0.0093 0.0000 0.0000 0.0000 0.0000 0.9034 0.0000 0.0873 
 98       98   (0)      2 :  0.5072 0.0509 0.0832 0.0032 0.0000 0.0241 0.0000 0.3314 
 99       99   (0)      2 :  0.0000 0.0000 0.0351 0.0000 0.0000 0.0000 0.9649 0.0000 
100      100   (0)      2 :  0.7182 0.0178 0.0698 0.0000 0.0000 0.0008 0.0000 0.1934 
101      101   (0)      3 :  0.6789 0.0272 0.0321 0.0000 0.0000 0.0119 0.0001 0.2498 
102      102   (0)      3 :  0.6896 0.0132 0.0535 0.0000 0.0000 0.0055 0.0089 0.2293 
103      103   (0)      3 :  0.5736 0.0000 0.0722 0.0000 0.0000 0.0133 0.0000 0.3408 
104      104   (0)      3 :  0.7484 0.0239 0.0253 0.0000 0.0000 0.0091 0.0040 0.1892 
105      105   (0)      3 :  0.6833 0.0000 0.0266 0.0000 0.0000 0.0317 0.0182 0.2402 
106      106   (0)      3 :  0.8301 0.0003 0.0030 0.0000 0.0000 0.0273 0.0101 0.1294 
107      107   (0)      3 :  0.7191 0.0001 0.0682 0.0019 0.0000 0.0000 0.0000 0.2107 
108      108   (0)      3 :  0.6381 0.0009 0.0287 0.0095 0.0000 0.0072 0.0000 0.3157 
109      109   (0)      3 :  0.7683 0.0236 0.0500 0.0000 0.0000 0.0014 0.0000 0.1567 
110      110   (0)      3 :  0.7904 0.0105 0.0337 0.0000 0.0000 0.0025 0.0001 0.1629 
111      111   (0)      3 :  0.8002 0.0012 0.0288 0.0000 0.0000 0.0325 0.0149 0.1225 
112      112   (0)      3 :  0.6980 0.0500 0.0535 0.0000 0.0000 0.0013 0.0004 0.1968 
113      113   (0)      3 :  0.8784 0.0216 0.0225 0.0018 0.0000 0.0039 0.0023 0.0694 
114      114   (0)      3 :  0.8714 0.0008 0.0629 0.0000 0.0000 0.0290 0.0046 0.0313 
115      115   (0)      3 :  0.6055 0.0000 0.0863 0.0000 0.0000 0.0523 0.0000 0.2558 
116      116   (0)      3 :  0.6760 0.0002 0.1096 0.0026 0.0000 0.0068 0.0004 0.2044 
117      117   (0)      3 :  0.7709 0.0000 0.0340 0.0000 0.0000 0.0363 0.0002 0.1586 
118      118   (0)      3 :  0.7487 0.0000 0.0906 0.0000 0.0000 0.0035 0.0000 0.1573 
119      119   (0)      3 :  0.7185 0.0174 0.0517 0.0000 0.0000 0.0369 0.0000 0.1756 
120      120   (0)      3 :  0.6759 0.0000 0.0534 0.0000 0.0000 0.0455 0.0843 0.1410 
121      121   (0)      3 :  0.8144 0.0000 0.0520 0.0000 0.0000 0.0002 0.0017 0.1317 
122      122   (0)      3 :  0.7529 0.0265 0.0690 0.0000 0.0000 0.0146 0.0045 0.1324 
123      123   (0)      3 :  0.8006 0.0217 0.0273 0.0000 0.0000 0.0000 0.0000 0.1505 
124      124   (0)      3 :  0.8167 0.0000 0.0410 0.0000 0.0000 0.0000 0.0000 0.1423 
125      125   (0)      3 :  0.8003 0.0000 0.0505 0.0000 0.0000 0.0000 0.0088 0.1404 
126      126   (0)      3 :  0.7018 0.0074 0.0342 0.0000 0.0000 0.0315 0.0000 0.2250 
127      127   (0)      3 :  0.5848 0.0236 0.0567 0.0000 0.0000 0.0552 0.0000 0.2797 
128      128   (0)      3 :  0.7849 0.0000 0.0423 0.0000 0.0000 0.0007 0.0000 0.1721 
129      129   (0)      3 :  0.7249 0.0000 0.0293 0.0000 0.0000 0.0586 0.0000 0.1871 
130      130   (0)      3 :  0.0126 0.0000 0.0000 0.0000 0.0000 0.9154 0.0000 0.0719 
131      131   (0)      3 :  0.0634 0.0000 0.0000 0.0000 0.0000 0.8662 0.0003 0.0701 
132      132   (0)      3 :  0.0000 0.0000 0.0352 0.0000 0.0000 0.0000 0.9648 0.0000 
133      133   (0)      3 :  0.0000 0.0246 0.0455 0.8897 0.0249 0.0000 0.0000 0.0154 
134      134   (0)      3 :  0.0774 0.0027 0.0088 0.0208 0.0056 0.8173 0.0000 0.0675 
135      135   (0)      3 :  0.5374 0.0143 0.1017 0.0000 0.0000 0.0032 0.0205 0.3228 
136      136   (0)      3 :  0.7273 0.0000 0.0500 0.0000 0.0000 0.0197 0.0000 0.2030 
137      137   (0)      3 :  0.0024 0.0015 0.0001 0.0086 0.0000 0.9397 0.0001 0.0475 
138      138   (0)      3 :  0.6510 0.0000 0.0318 0.0000 0.0000 0.0112 0.0000 0.3060 
139      139   (0)      3 :  0.6025 0.0008 0.0655 0.0037 0.0000 0.0003 0.0000 0.3272 
140      140   (0)      3 :  0.7191 0.0000 0.0645 0.0000 0.0000 0.0061 0.0000 0.2104 
141      141   (0)      3 :  0.0000 0.0000 0.0000 0.0000 0.0000 0.0000 1.0000 0.0000 
142      142   (0)      3 :  0.0000 0.0000 0.0000 0.0000 0.0000 0.0000 1.0000 0.0000 
143      143   (0)      3 :  0.0000 0.0000 0.0000 0.0000 0.0000 0.0000 1.0000 0.0000 
144      144   (0)      3 :  0.0000 0.0000 0.0500 0.0000 0.0000 0.0000 0.9500 0.0000 
145      145   (0)      3 :  0.0000 0.0000 0.0500 0.0000 0.0000 0.0000 0.9500 0.0000 
146      146   (0)      3 :  0.0217 0.0033 0.0045 0.0000 0.0000 0.8984 0.0000 0.0722 
147      147   (0)      3 :  0.5617 0.0000 0.0316 0.0000 0.0000 0.0009 0.0001 0.4057 
148      148   (0)      3 :  0.0000 0.0000 0.0500 0.0000 0.0000 0.0000 0.9500 0.0000 
149      149   (0)      3 :  0.0000 0.0000 0.0500 0.0000 0.0000 0.0000 0.9500 0.0000 
150      150   (0)      3 :  0.0000 0.0799 0.0644 0.8148 0.0266 0.0000 0.0016 0.0127 
151      151   (0)      3 :  0.0000 0.0000 0.0078 0.9377 0.0317 0.0000 0.0000 0.0227 
152      152   (0)      3 :  0.7236 0.0000 0.0767 0.0000 0.0000 0.0077 0.0000 0.1919 
153      153   (0)      3 :  0.0000 0.0000 0.0000 0.0000 0.0000 0.0000 1.0000 0.0000 
154      154   (0)      3 :  0.6458 0.0001 0.0792 0.0000 0.0000 0.0000 0.0094 0.2656 
155      155   (0)      3 :  0.7723 0.0000 0.1000 0.0000 0.0000 0.0000 0.0000 0.1277 
156      156   (0)      3 :  0.0550 0.0010 0.0075 0.0000 0.0000 0.8806 0.0000 0.0559 
157      157   (0)      3 :  0.6686 0.0170 0.0519 0.0000 0.0000 0.0076 0.0000 0.2549 
158      158   (0)      3 :  0.0000 0.0000 0.0000 0.0000 0.0000 0.9419 0.0000 0.0581 
159      159   (0)      3 :  0.7543 0.0019 0.0592 0.0086 0.0000 0.0062 0.0000 0.1698 
160      160   (0)      3 :  0.0068 0.0000 0.0000 0.0000 0.0000 0.9542 0.0000 0.0390 
161      161   (0)      4 :  0.5545 0.0000 0.0297 0.0008 0.0000 0.0116 0.0000 0.4035 
162      162   (0)      4 :  0.7882 0.0000 0.0909 0.0000 0.0000 0.0000 0.0000 0.1209 
163      163   (0)      4 :  0.0000 0.0000 0.0500 0.0000 0.0000 0.0000 0.9500 0.0000 
164      164   (0)      4 :  0.0000 0.0000 0.0007 0.0000 0.0000 0.9715 0.0000 0.0278 
165      165   (0)      4 :  0.0000 0.0000 0.0000 0.0000 0.0000 0.0000 1.0000 0.0000 
166      166   (0)      4 :  0.0000 0.0000 0.0172 0.0000 0.0000 0.0000 0.9828 0.0000 
167      167   (0)      4 :  0.8052 0.0141 0.0128 0.0000 0.0000 0.0120 0.0000 0.1559 
168      168   (0)      4 :  0.8123 0.0135 0.0244 0.0000 0.0000 0.0149 0.0000 0.1348 
169      169   (0)      4 :  0.6111 0.0004 0.1003 0.0000 0.0000 0.0252 0.0000 0.2630 
170      170   (0)      4 :  0.8139 0.0009 0.0345 0.0007 0.0000 0.0010 0.0000 0.1492 
171      171   (0)      4 :  0.7005 0.0233 0.0315 0.0000 0.0000 0.0146 0.0000 0.2301 
172      172   (0)      4 :  0.6702 0.0256 0.0462 0.0000 0.0000 0.0075 0.0000 0.2504 
173      173   (0)      4 :  0.8933 0.0000 0.0219 0.0000 0.0000 0.0013 0.0000 0.0835 
174      174   (0)      4 :  0.0075 0.0000 0.0058 0.0000 0.0000 0.9510 0.0009 0.0349 
175      175   (0)      4 :  0.8004 0.0000 0.0631 0.0000 0.0000 0.0007 0.0000 0.1357 
176      176   (0)      4 :  0.0000 0.0000 0.0000 0.0000 0.0000 0.0000 1.0000 0.0000 
177      177   (0)      4 :  0.7039 0.0000 0.0000 0.0000 0.0000 0.0265 0.0022 0.2674 
178      178   (0)      4 :  0.0000 0.0000 0.0500 0.0000 0.0000 0.0000 0.9500 0.0000 
179      179   (0)      4 :  0.0000 0.0000 0.0190 0.0000 0.0000 0.0000 0.9810 0.0000 
180      180   (0)      4 :  0.7132 0.0000 0.0772 0.0000 0.0000 0.0028 0.0162 0.1906 
181      181   (0)      4 :  0.7890 0.0000 0.0569 0.0000 0.0000 0.0000 0.0002 0.1540 
182      182   (0)      4 :  0.8941 0.0000 0.0118 0.0000 0.0000 0.0008 0.0000 0.0933 
183      183   (0)      4 :  0.0000 0.0000 0.0006 0.0000 0.0000 0.9628 0.0000 0.0366 
184      184   (0)      4 :  0.0078 0.0000 0.0016 0.0000 0.0000 0.9341 0.0000 0.0565 
185      185   (0)      4 :  0.0000 0.0000 0.0500 0.0000 0.0000 0.0000 0.9500 0.0000 
186      186   (0)      4 :  0.7994 0.0229 0.0500 0.0000 0.0000 0.0004 0.0000 0.1273 
187      187   (0)      4 :  0.8378 0.0000 0.0001 0.0000 0.0000 0.0446 0.0000 0.1175 
188      188   (0)      4 :  0.0000 0.0000 0.0500 0.0000 0.0000 0.0000 0.9500 0.0000 
189      189   (0)      4 :  0.8232 0.0128 0.0403 0.0000 0.0000 0.0048 0.0000 0.1189 
190      190   (0)      4 :  0.0000 0.0000 0.0000 0.0000 0.0000 0.8961 0.0000 0.1039 
191      191   (0)      4 :  0.2408 0.0507 0.1169 0.0223 0.0000 0.1499 0.1109 0.3085 
192      192   (0)      4 :  0.6884 0.0028 0.1086 0.0000 0.0000 0.0000 0.0002 0.2000 
193      193   (0)      4 :  0.7222 0.0000 0.0917 0.0000 0.0000 0.0383 0.0109 0.1369 
194      194   (0)      4 :  0.6559 0.0500 0.0480 0.0000 0.0000 0.0131 0.0124 0.2205 
195      195   (0)      4 :  0.6318 0.0001 0.0226 0.0000 0.0000 0.0009 0.0000 0.3446 
196      196   (0)      4 :  0.5745 0.0500 0.0844 0.0000 0.0000 0.0000 0.0000 0.2911 
197      197   (0)      4 :  0.8614 0.0000 0.0500 0.0000 0.0000 0.0017 0.0000 0.0869 
198      198   (0)      4 :  0.5121 0.0500 0.0828 0.0000 0.0000 0.0022 0.0000 0.3529 
199      199   (0)      4 :  0.6035 0.0000 0.0721 0.0000 0.0000 0.0094 0.0052 0.3097 
200      200   (0)      4 :  0.0309 0.0045 0.0019 0.0000 0.0000 0.8943 0.0000 0.0684 
201      201   (0)      4 :  0.5936 0.0012 0.0450 0.0040 0.0000 0.0003 0.0000 0.3559 
202      202   (0)      4 :  0.9044 0.0000 0.0002 0.0000 0.0000 0.0000 0.0058 0.0896 
203      203   (0)      4 :  0.8407 0.0000 0.0310 0.0000 0.0000 0.0172 0.0083 0.1028 
204      204   (0)      4 :  0.7195 0.0000 0.0225 0.0000 0.0000 0.0028 0.0176 0.2376 
205      205   (0)      4 :  0.7390 0.0000 0.1000 0.0043 0.0000 0.0137 0.0000 0.1430 
206      206   (0)      4 :  0.5656 0.0205 0.0638 0.0000 0.0000 0.0000 0.0000 0.3502 
207      207   (0)      4 :  0.7743 0.0096 0.0249 0.0000 0.0000 0.0007 0.0000 0.1905 
208      208   (0)      4 :  0.0582 0.0000 0.0031 0.0000 0.0000 0.8670 0.0000 0.0717 
209      209   (0)      4 :  0.5515 0.0000 0.1151 0.0001 0.0000 0.0049 0.0000 0.3285 
210      210   (0)      4 :  0.5950 0.0000 0.0640 0.0000 0.0000 0.0006 0.0000 0.3404 
211      211   (0)      4 :  0.8451 0.0000 0.0664 0.0000 0.0000 0.0086 0.0017 0.0782 
212      212   (0)      4 :  0.0024 0.0000 0.0014 0.0000 0.0000 0.9167 0.0000 0.0796 
213      213   (0)      4 :  0.6953 0.0311 0.0541 0.0019 0.0000 0.0149 0.0000 0.2027 
214      214   (0)      4 :  0.7292 0.0047 0.0755 0.0031 0.0000 0.0000 0.0147 0.1728 
215      215   (0)      4 :  0.3035 0.0052 0.0386 0.0000 0.0000 0.4709 0.0054 0.1765 
216      216   (0)      4 :  0.8515 0.0000 0.0901 0.0000 0.0000 0.0029 0.0000 0.0555 
217      217   (0)      4 :  0.0000 0.0000 0.0000 0.0000 0.0000 0.0000 1.0000 0.0000 
218      218   (0)      4 :  0.5374 0.0500 0.0510 0.0010 0.0000 0.0243 0.0046 0.3317 
219      219   (0)      4 :  0.8052 0.0206 0.0171 0.0000 0.0000 0.0301 0.0000 0.1270 
220      220   (0)      5 :  0.0000 0.4410 0.0571 0.0104 0.3769 0.0000 0.0020 0.1127 
221      221   (0)      5 :  0.0000 0.0577 0.1576 0.0000 0.7432 0.0000 0.0000 0.0414 
222      222   (0)      6 :  0.0000 0.1152 0.1165 0.0021 0.7109 0.0000 0.0000 0.0553 
223      223   (0)      6 :  0.0000 0.1960 0.0816 0.0000 0.6814 0.0000 0.0001 0.0409 
224      224   (0)      6 :  0.0000 0.2053 0.0883 0.0001 0.6960 0.0000 0.0000 0.0103 
225      225   (0)      6 :  0.0000 0.3150 0.0500 0.0280 0.4365 0.0000 0.0000 0.1705 
226      226   (0)      6 :  0.0000 0.2627 0.0195 0.0077 0.6758 0.0000 0.0000 0.0342 
227      227   (0)      6 :  0.0000 0.3134 0.0898 0.0000 0.5331 0.0000 0.0000 0.0637 
228      228   (0)      6 :  0.0000 0.5053 0.0588 0.0277 0.3891 0.0000 0.0000 0.0192 
229      229   (0)      6 :  0.0000 0.4178 0.1530 0.0000 0.3667 0.0000 0.0000 0.0626 
230      230   (0)      6 :  0.0000 0.2368 0.0805 0.0037 0.6292 0.0000 0.0000 0.0498 
231      231   (0)      6 :  0.0000 0.3604 0.0732 0.0369 0.4686 0.0000 0.0000 0.0609 
232      232   (0)      6 :  0.0000 0.1241 0.1001 0.0174 0.7533 0.0000 0.0000 0.0051 
233      233   (0)      6 :  0.0000 0.3476 0.0421 0.0069 0.5428 0.0000 0.0000 0.0606 
234      234   (0)      6 :  0.0000 0.1321 0.1159 0.0177 0.6854 0.0000 0.0000 0.0489 
235      235   (0)      6 :  0.0000 0.1725 0.0872 0.0228 0.6724 0.0000 0.0085 0.0367 
236      236   (0)      6 :  0.0000 0.1360 0.0874 0.0061 0.7007 0.0000 0.0000 0.0699 
237      237   (0)      6 :  0.0000 0.4207 0.0885 0.0000 0.4358 0.0000 0.0000 0.0549 
238      238   (0)      6 :  0.0000 0.5746 0.0633 0.0044 0.3390 0.0000 0.0021 0.0166 
239      239   (0)      6 :  0.0000 0.2534 0.1499 0.0111 0.5057 0.0000 0.0043 0.0756 
240      240   (0)      6 :  0.0000 0.3069 0.0327 0.0213 0.5699 0.0000 0.0028 0.0665 
241      241   (0)      6 :  0.0000 0.2762 0.1051 0.0023 0.5714 0.0000 0.0000 0.0450 
242      242   (0)      6 :  0.0000 0.1153 0.1254 0.0055 0.6474 0.0000 0.0000 0.1064 
243      243   (0)      6 :  0.0000 0.2489 0.1455 0.0733 0.4676 0.0000 0.0000 0.0647 
244      244   (0)      6 :  0.0000 0.2196 0.0190 0.0026 0.5865 0.0000 0.0000 0.1723 
245      245   (0)      6 :  0.0000 0.4230 0.0822 0.0089 0.4859 0.0000 0.0000 0.0000 
246      246   (0)      6 :  0.0000 0.0757 0.1149 0.0032 0.8012 0.0000 0.0000 0.0050 
247      247   (0)      6 :  0.0000 0.2631 0.0213 0.0000 0.6121 0.0000 0.0000 0.1036 
248      248   (0)      6 :  0.0000 0.2019 0.1402 0.0034 0.6313 0.0000 0.0000 0.0231 
249      249   (0)      7 :  0.0000 0.2593 0.1135 0.0005 0.5983 0.0000 0.0000 0.0283 
250      250   (0)      7 :  0.0000 0.0945 0.0428 0.0030 0.7336 0.0000 0.0000 0.1261 
251      251   (0)      7 :  0.0000 0.2365 0.0638 0.0025 0.5886 0.0000 0.0000 0.1086 
252      252   (0)      7 :  0.0000 0.3067 0.0249 0.0024 0.6415 0.0000 0.0000 0.0245 
253      253   (0)      7 :  0.0000 0.1303 0.1598 0.0005 0.6238 0.0000 0.0000 0.0856 
254      254   (0)      7 :  0.0000 0.2380 0.1334 0.0146 0.5378 0.0000 0.0000 0.0763 
255      255   (0)      7 :  0.0000 0.2743 0.0622 0.0087 0.6012 0.0000 0.0000 0.0536 
256      256   (0)      7 :  0.0000 0.3503 0.0638 0.0010 0.4730 0.0000 0.0000 0.1119 
257      257   (0)      7 :  0.0000 0.3017 0.0788 0.0011 0.5126 0.0000 0.0000 0.1058 
258      258   (0)      7 :  0.0000 0.5057 0.0500 0.0000 0.3637 0.0000 0.0000 0.0805 
259      259   (0)      7 :  0.0000 0.0771 0.1076 0.0000 0.6993 0.0000 0.0000 0.1159 
260      260   (0)      7 :  0.0000 0.3534 0.0888 0.0000 0.4878 0.0000 0.0000 0.0701 
261      261   (0)      7 :  0.0000 0.0564 0.0805 0.0100 0.8360 0.0000 0.0000 0.0170 
262      262   (0)      7 :  0.0000 0.3011 0.0899 0.0012 0.5216 0.0000 0.0000 0.0862 
263      263   (0)      7 :  0.0000 0.3342 0.1023 0.0169 0.5456 0.0000 0.0000 0.0010 
264      264   (0)      7 :  0.0000 0.2364 0.0302 0.0154 0.6722 0.0000 0.0001 0.0457 
265      265   (0)      7 :  0.0000 0.1250 0.2109 0.0000 0.5785 0.0000 0.0007 0.0848 
266      266   (0)      7 :  0.0000 0.0186 0.1323 0.0181 0.8310 0.0000 0.0000 0.0000 
267      267   (0)      7 :  0.0000 0.1284 0.2438 0.0348 0.5559 0.0000 0.0031 0.0340 
268      268   (0)      7 :  0.0000 0.0846 0.0561 0.0030 0.7447 0.0000 0.0000 0.1117 
269      269   (0)      7 :  0.0000 0.1708 0.1735 0.0179 0.5938 0.0000 0.0000 0.0439 
270      270   (0)      7 :  0.0000 0.0999 0.0101 0.0205 0.8478 0.0000 0.0000 0.0217 
271      271   (0)      7 :  0.0000 0.0831 0.1714 0.0016 0.6460 0.0000 0.0000 0.0979 
272      272   (0)      7 :  0.0000 0.0886 0.1705 0.0066 0.7068 0.0000 0.0000 0.0275 
273      273   (0)      7 :  0.0000 0.2423 0.0758 0.0022 0.6281 0.0000 0.0000 0.0515 
274      274   (0)      7 :  0.0000 0.3973 0.1874 0.0079 0.4073 0.0000 0.0000 0.0000 
275      275   (0)      7 :  0.0009 0.1780 0.2340 0.0063 0.5723 0.0000 0.0068 0.0018 
276      276   (0)      7 :  0.0000 0.0684 0.0167 0.0026 0.8841 0.0000 0.0000 0.0282 
277      277   (0)      7 :  0.0000 0.1498 0.0238 0.0030 0.6934 0.0000 0.0001 0.1298 
278      278   (0)      7 :  0.0000 0.0114 0.0716 0.0120 0.9050 0.0000 0.0000 0.0000 
279      279   (0)      8 :  0.0000 0.1744 0.1292 0.0000 0.5526 0.0000 0.0000 0.1438 
280      280   (0)      8 :  0.0000 0.1149 0.0908 0.0055 0.7283 0.0000 0.0000 0.0605 
281      281   (0)      8 :  0.0000 0.1435 0.0863 0.0000 0.7142 0.0000 0.0000 0.0560 
282      282   (0)      8 :  0.0000 0.3623 0.0711 0.0000 0.5280 0.0000 0.0001 0.0384 
283      283   (0)      8 :  0.0000 0.2274 0.0599 0.0192 0.6339 0.0000 0.0057 0.0539 
284      284   (0)      8 :  0.0000 0.0246 0.0771 0.0000 0.8983 0.0000 0.0000 0.0000 
285      285   (0)      8 :  0.0000 0.1387 0.0594 0.0000 0.7972 0.0000 0.0000 0.0047 
286      286   (0)      8 :  0.0000 0.1396 0.0326 0.0071 0.7563 0.0000 0.0000 0.0645 
287      287   (0)      8 :  0.0000 0.2619 0.0758 0.0028 0.6299 0.0000 0.0000 0.0296 
288      288   (0)      8 :  0.0000 0.3997 0.0872 0.0367 0.4281 0.0000 0.0000 0.0484 
289      289   (0)      8 :  0.0000 0.4963 0.0725 0.0056 0.3410 0.0000 0.0048 0.0797 
290      290   (0)      5 :  0.0000 0.1852 0.0884 0.0106 0.6680 0.0000 0.0020 0.0459 
291      291   (0)      5 :  0.0000 0.2223 0.0591 0.0010 0.6118 0.0000 0.0000 0.1057 
292      292   (0)      5 :  0.0000 0.2432 0.1373 0.0051 0.5276 0.0000 0.0000 0.0868 
293      293   (0)      5 :  0.0000 0.2145 0.2634 0.0088 0.4802 0.0000 0.0000 0.0332 
294      294   (0)      5 :  0.0000 0.2555 0.0914 0.0105 0.6093 0.0000 0.0000 0.0334 
295      295   (0)      5 :  0.0000 0.2857 0.0615 0.0000 0.5404 0.0000 0.0005 0.1120 
296      296   (0)      5 :  0.0000 0.1715 0.1325 0.0314 0.5356 0.0000 0.0063 0.1227 
297      297   (0)      5 :  0.0000 0.3396 0.0819 0.0334 0.3976 0.0000 0.0103 0.1371 
298      298   (0)      5 :  0.0000 0.0441 0.0123 0.0000 0.9188 0.0000 0.0000 0.0247 
299      299   (0)      5 :  0.0000 0.2178 0.0558 0.0085 0.6479 0.0000 0.0000 0.0699 
300      300   (0)      5 :  0.0000 0.2852 0.0651 0.0011 0.5538 0.0000 0.0000 0.0949 
301      301   (0)      5 :  0.0000 0.1313 0.1128 0.0046 0.5809 0.0000 0.0000 0.1703 
302      302   (0)      5 :  0.0000 0.1405 0.1011 0.0040 0.7059 0.0000 0.0000 0.0486 
303      303   (0)      5 :  0.0000 0.3385 0.0621 0.0002 0.5165 0.0000 0.0000 0.0826 
304      304   (0)      5 :  0.0000 0.3697 0.1359 0.0081 0.4864 0.0000 0.0000 0.0000 
305      305   (0)      5 :  0.0000 0.2566 0.0803 0.0004 0.6120 0.0000 0.0024 0.0484 
306      306   (0)      5 :  0.0000 0.3086 0.0243 0.0037 0.6002 0.0000 0.0000 0.0632 
307      307   (0)      5 :  0.0000 0.1907 0.1078 0.0544 0.5550 0.0000 0.0000 0.0920 
308      308   (0)      5 :  0.0000 0.4211 0.0724 0.0169 0.4050 0.0000 0.0000 0.0846 
309      309   (0)      5 :  0.0000 0.1853 0.1451 0.0070 0.6544 0.0000 0.0000 0.0083 
310      310   (0)      5 :  0.0000 0.1746 0.1000 0.0086 0.5830 0.0000 0.0000 0.1338 
311      311   (0)      5 :  0.0000 0.2102 0.1460 0.0093 0.5391 0.0000 0.0000 0.0955 
312      312   (0)      5 :  0.0000 0.1987 0.0926 0.0102 0.6057 0.0000 0.0000 0.0928 
313      313   (0)      5 :  0.0000 0.4140 0.1895 0.0115 0.3850 0.0000 0.0000 0.0000 
314      314   (0)      5 :  0.0000 0.1660 0.0868 0.0179 0.6806 0.0000 0.0000 0.0487 
315      315   (0)      5 :  0.0000 0.1363 0.0083 0.0029 0.8089 0.0000 0.0000 0.0435 
316      316   (0)      5 :  0.0000 0.4579 0.1033 0.0030 0.3852 0.0000 0.0000 0.0506 
317      317   (0)      5 :  0.0000 0.0858 0.1443 0.0058 0.6495 0.0000 0.0000 0.1147 
318      318   (0)      8 :  0.0000 0.1839 0.0754 0.0002 0.7009 0.0000 0.0013 0.0384 
319      319   (0)      8 :  0.0000 0.1494 0.2030 0.0000 0.5971 0.0000 0.0000 0.0505 
320      320   (0)      9 :  0.0000 0.0444 0.1237 0.0053 0.7540 0.0000 0.0000 0.0726 
321      321   (0)      9 :  0.0000 0.0955 0.1007 0.0046 0.6369 0.0000 0.0109 0.1514 
322      322   (0)      9 :  0.0000 0.2107 0.1046 0.0038 0.6396 0.0000 0.0000 0.0412 
323      323   (0)      9 :  0.0000 0.3107 0.0332 0.0071 0.5607 0.0000 0.0000 0.0883 
324      324   (0)      9 :  0.0000 0.2554 0.0611 0.0007 0.5555 0.0000 0.0000 0.1272 
325      325   (0)      8 :  0.0000 0.4186 0.1153 0.0015 0.4449 0.0000 0.0006 0.0191 
326      326   (0)      8 :  0.0000 0.1122 0.0802 0.0008 0.7285 0.0000 0.0000 0.0783 
327      327   (0)      8 :  0.0000 0.2474 0.1506 0.0000 0.5302 0.0000 0.0000 0.0719 
328      328   (0)      8 :  0.0000 0.1871 0.1049 0.0012 0.6639 0.0000 0.0000 0.0429 
329      329   (0)      8 :  0.0000 0.1579 0.0392 0.0000 0.7367 0.0000 0.0000 0.0662 
330      330   (0)      9 :  0.0000 0.0449 0.0088 0.0138 0.8180 0.0000 0.0000 0.1144 
331      331   (0)      9 :  0.0000 0.0595 0.0324 0.0004 0.8938 0.0000 0.0000 0.0139 
332      332   (0)      9 :  0.0000 0.0783 0.0680 0.0012 0.7494 0.0000 0.0000 0.1031 
333      333   (0)      9 :  0.0000 0.1941 0.1455 0.0012 0.5938 0.0000 0.0000 0.0654 
334      334   (0)      9 :  0.0000 0.2398 0.1790 0.0000 0.5693 0.0000 0.0000 0.0119 
335      335   (0)      9 :  0.0000 0.4525 0.0316 0.0000 0.4529 0.0000 0.0000 0.0631 
336      336   (0)      8 :  0.0000 0.2291 0.0346 0.0000 0.7043 0.0000 0.0000 0.0320 
337      337   (0)      8 :  0.0000 0.2145 0.0597 0.0018 0.6090 0.0000 0.0000 0.1149 
338      338   (0)      8 :  0.0000 0.5795 0.0276 0.0001 0.3818 0.0000 0.0003 0.0107 
339      339   (0)      8 :  0.0000 0.3125 0.0705 0.0002 0.4686 0.0000 0.0000 0.1482 
340      340   (0)      8 :  0.0000 0.0547 0.0871 0.0000 0.8039 0.0000 0.0004 0.0540 
341      341   (0)      8 :  0.0000 0.1411 0.0637 0.0610 0.6354 0.0000 0.0002 0.0986 
342      342   (0)      8 :  0.0000 0.2656 0.0512 0.0000 0.5456 0.0000 0.0000 0.1375 
343      343   (0)      9 :  0.0000 0.4206 0.0368 0.0000 0.5425 0.0000 0.0000 0.0001 
344      344   (0)      9 :  0.0000 0.1903 0.0736 0.0000 0.6890 0.0000 0.0000 0.0471 
345      345   (0)      9 :  0.0000 0.0361 0.0417 0.0000 0.7998 0.0000 0.0000 0.1224 
346      346   (0)      9 :  0.0000 0.1730 0.0345 0.0135 0.7494 0.0000 0.0000 0.0297 
347      347   (0)      9 :  0.0000 0.2076 0.0915 0.0094 0.6915 0.0000 0.0000 0.0000 
348      348   (0)      9 :  0.0000 0.0855 0.0795 0.0076 0.7901 0.0000 0.0000 0.0373 
349      349   (0)      9 :  0.0001 0.3380 0.0569 0.0418 0.4850 0.0000 0.0000 0.0782 
350      350   (0)      9 :  0.0000 0.3323 0.1186 0.0114 0.4864 0.0000 0.0000 0.0513 
351      351   (0)      9 :  0.0000 0.1672 0.0957 0.0315 0.6210 0.0000 0.0000 0.0845 
352      352   (0)      9 :  0.0000 0.4489 0.0778 0.0204 0.4078 0.0000 0.0000 0.0452 
353      353   (0)      9 :  0.0000 0.3310 0.0371 0.0196 0.5186 0.0000 0.0000 0.0937 
354      354   (0)      9 :  0.0000 0.1956 0.0204 0.0000 0.6529 0.0000 0.0000 0.1311 
355      355   (0)      9 :  0.0000 0.1337 0.0713 0.0016 0.7441 0.0000 0.0000 0.0493 
356      356   (0)      9 :  0.0000 0.2513 0.0705 0.0204 0.5017 0.0000 0.0000 0.1560 
357      357   (0)      9 :  0.0000 0.1755 0.0773 0.0066 0.6025 0.0000 0.0013 0.1368 
358      358   (0)      9 :  0.0000 0.0974 0.0777 0.0343 0.6082 0.0000 0.0000 0.1824 
359      359   (0)      9 :  0.0000 0.5107 0.0822 0.0127 0.3514 0.0000 0.0000 0.0429 
360      360   (0)      9 :  0.0000 0.2647 0.0109 0.0000 0.6617 0.0000 0.0000 0.0627 
361      361   (0)      9 :  0.0000 0.3454 0.0544 0.0025 0.4764 0.0000 0.0000 0.1213 
362      362   (0)     10 :  0.0000 0.0209 0.0340 0.0007 0.8534 0.0000 0.0000 0.0911 
363      363   (0)     10 :  0.0000 0.0251 0.0300 0.0027 0.8949 0.0000 0.0000 0.0473 
364      364   (0)     10 :  0.0000 0.0483 0.0264 0.0045 0.8940 0.0000 0.0000 0.0269 
365      365   (0)     10 :  0.0000 0.1668 0.1633 0.0050 0.6412 0.0000 0.0088 0.0150 
366      366   (0)     10 :  0.0000 0.4035 0.1481 0.0000 0.4266 0.0000 0.0023 0.0196 
367      367   (0)     10 :  0.0000 0.0619 0.0389 0.0240 0.8373 0.0000 0.0000 0.0379 
368      368   (0)     10 :  0.0000 0.3456 0.1955 0.0011 0.4537 0.0000 0.0000 0.0041 
369      369   (0)     10 :  0.0000 0.5561 0.0563 0.0001 0.3874 0.0000 0.0000 0.0000 
370      370   (0)     10 :  0.0000 0.1853 0.0808 0.0378 0.6667 0.0000 0.0013 0.0281 
371      371   (0)     10 :  0.0000 0.3272 0.1099 0.0142 0.5058 0.0000 0.0000 0.0430 
372      372   (0)     10 :  0.0000 0.1752 0.0732 0.0049 0.7252 0.0000 0.0000 0.0215 
373      373   (0)     10 :  0.0000 0.1095 0.0125 0.0023 0.7025 0.0000 0.0000 0.1732 
374      374   (0)     10 :  0.0000 0.0738 0.0190 0.0059 0.8567 0.0000 0.0001 0.0444 
375      375   (0)     10 :  0.0000 0.1029 0.0157 0.0032 0.8433 0.0000 0.0000 0.0349 
376      376   (0)     10 :  0.0000 0.0429 0.0990 0.0000 0.7467 0.0000 0.0000 0.1114 
377      377   (0)     10 :  0.0000 0.1087 0.0780 0.0117 0.7584 0.0000 0.0000 0.0432 
378      378   (0)     10 :  0.0019 0.0631 0.0006 0.0054 0.9019 0.0000 0.0000 0.0271 
379      379   (0)     10 :  0.0000 0.2308 0.1248 0.0397 0.5253 0.0000 0.0009 0.0784 
380      380   (0)     10 :  0.0000 0.5103 0.1558 0.0033 0.3306 0.0000 0.0000 0.0000 
381      381   (0)     10 :  0.0000 0.0268 0.0469 0.0134 0.8291 0.0000 0.0000 0.0839 
382      382   (0)     10 :  0.0000 0.2902 0.0841 0.0000 0.4998 0.0000 0.0000 0.1259 
383      383   (0)     10 :  0.0000 0.2638 0.0795 0.0437 0.5322 0.0000 0.0000 0.0809 
384      384   (0)     10 :  0.0000 0.0620 0.0775 0.0000 0.8377 0.0000 0.0046 0.0182 
385      385   (0)     10 :  0.0000 0.1625 0.0331 0.0032 0.6257 0.0000 0.0000 0.1756 
386      386   (0)     10 :  0.0000 0.1267 0.1784 0.0204 0.6621 0.0000 0.0000 0.0125 
387      387   (0)     10 :  0.0000 0.0374 0.0677 0.0000 0.7646 0.0000 0.0080 0.1223 
388      388   (0)     10 :  0.0000 0.1975 0.0439 0.0065 0.7027 0.0000 0.0000 0.0494 
389      389   (0)     10 :  0.0000 0.2245 0.0878 0.0005 0.6058 0.0000 0.0000 0.0814 
390      390   (0)      8 :  0.0000 0.1597 0.2045 0.0391 0.5827 0.0000 0.0000 0.0140 
391      391   (0)      8 :  0.0000 0.2229 0.1120 0.0013 0.5624 0.0000 0.0049 0.0966 
392      392   (0)      8 :  0.0000 0.6500 0.0015 0.0100 0.3385 0.0000 0.0000 0.0000 
393      393   (0)     11 :  0.0000 0.4080 0.0257 0.0068 0.5096 0.0000 0.0000 0.0500 
394      394   (0)     11 :  0.0000 0.2000 0.0876 0.0000 0.6265 0.0000 0.0000 0.0858 
395      395   (0)     11 :  0.0000 0.3769 0.0806 0.0023 0.4794 0.0201 0.0000 0.0408 
396      396   (0)     11 :  0.0000 0.3577 0.1044 0.0297 0.4261 0.0415 0.0000 0.0406 
397      397   (0)     11 :  0.0000 0.0984 0.0678 0.0002 0.7797 0.0000 0.0043 0.0496 
398      398   (0)     11 :  0.0000 0.2539 0.1523 0.0000 0.5890 0.0000 0.0000 0.0047 
399      399   (0)     11 :  0.0000 0.2378 0.0810 0.0011 0.6020 0.0000 0.0000 0.0780 
400      400   (0)     11 :  0.0000 0.1603 0.0338 0.0000 0.6758 0.0000 0.0054 0.1248 
401      401   (0)     11 :  0.0000 0.3990 0.0361 0.0001 0.4932 0.0100 0.0000 0.0616 
402      402   (0)     11 :  0.0000 0.2729 0.0396 0.0000 0.6004 0.0000 0.0000 0.0871 
403      403   (0)     11 :  0.0000 0.2520 0.0292 0.0000 0.6688 0.0000 0.0000 0.0500 
404      404   (0)     11 :  0.0000 0.2181 0.1373 0.0175 0.6021 0.0000 0.0000 0.0249 
405      405   (0)     11 :  0.0000 0.5908 0.0505 0.0667 0.2762 0.0017 0.0000 0.0140 
406      406   (0)     11 :  0.0000 0.3495 0.1815 0.0024 0.4383 0.0015 0.0000 0.0268 
407      407   (0)     11 :  0.0000 0.3687 0.0468 0.0000 0.5208 0.0000 0.0000 0.0637 
408      408   (0)     11 :  0.0000 0.2938 0.0661 0.0086 0.6202 0.0000 0.0000 0.0113 
409      409   (0)     11 :  0.0014 0.2523 0.0605 0.0205 0.6179 0.0012 0.0070 0.0393 
410      410   (0)     11 :  0.0000 0.2085 0.0362 0.0030 0.6940 0.0000 0.0000 0.0583 
411      411   (0)     11 :  0.0000 0.1285 0.1248 0.0026 0.7134 0.0000 0.0000 0.0306 
412      412   (0)     11 :  0.0000 0.1910 0.1145 0.0000 0.6411 0.0000 0.0000 0.0534 
413      413   (0)     11 :  0.0000 0.0461 0.1525 0.0448 0.7331 0.0000 0.0003 0.0232 
414      414   (0)     11 :  0.0000 0.1719 0.0785 0.0001 0.6819 0.0000 0.0000 0.0676 
415      415   (0)     11 :  0.0000 0.2204 0.0947 0.0000 0.6150 0.0000 0.0000 0.0699 
416      416   (0)     11 :  0.0000 0.1349 0.1414 0.0188 0.6894 0.0000 0.0000 0.0155 
417      417   (0)     11 :  0.0000 0.1825 0.0552 0.0025 0.6152 0.0000 0.0000 0.1445 
418      418   (0)     11 :  0.0000 0.2471 0.0832 0.0288 0.5608 0.0142 0.0000 0.0659 
419      419   (0)     11 :  0.0000 0.6008 0.0286 0.0112 0.3594 0.0000 0.0000 0.0000 
420      420   (0)     11 :  0.0000 0.3567 0.0284 0.0003 0.5900 0.0000 0.0000 0.0246 
421      421   (0)     11 :  0.0000 0.6210 0.0193 0.0018 0.3399 0.0000 0.0019 0.0161 
422      422   (0)     11 :  0.0000 0.2947 0.0368 0.0108 0.5186 0.0000 0.0000 0.1392 
423      423   (0)     12 :  0.0007 0.0000 0.0004 0.0000 0.0000 0.9175 0.0000 0.0814 
424      424   (0)     12 :  0.0000 0.0630 0.0578 0.7606 0.1185 0.0000 0.0000 0.0000 
425      425   (0)     12 :  0.0000 0.0000 0.0000 0.0000 0.0000 0.9846 0.0000 0.0154 
426      426   (0)     12 :  0.0000 0.0939 0.1830 0.6865 0.0268 0.0000 0.0000 0.0099 
427      427   (0)     12 :  0.0095 0.0026 0.0008 0.0000 0.0000 0.9276 0.0000 0.0595 
428      428   (0)     12 :  0.0315 0.0035 0.0079 0.0213 0.0000 0.8600 0.0000 0.0758 
429      429   (0)     12 :  0.0000 0.1500 0.4000 0.4087 0.0000 0.0000 0.0413 0.0000 
430      430   (0)     12 :  0.0064 0.0006 0.0050 0.0000 0.0000 0.8941 0.0000 0.0940 
431      431   (0)     12 :  0.0142 0.0002 0.0063 0.0000 0.0000 0.9012 0.0052 0.0730 
432      432   (0)     12 :  0.0000 0.0841 0.0241 0.8658 0.0184 0.0000 0.0000 0.0075 
433      433   (0)     12 :  0.0000 0.0031 0.0051 0.0072 0.0000 0.9254 0.0000 0.0592 
434      434   (0)     12 :  0.0000 0.0000 0.0000 0.0000 0.0000 0.9448 0.0000 0.0552 
435      435   (0)     12 :  0.0215 0.0054 0.0081 0.0089 0.0000 0.8212 0.0029 0.1320 
436      436   (0)     12 :  0.0121 0.0002 0.0042 0.0000 0.0000 0.9133 0.0042 0.0660 
437      437   (0)     12 :  0.0000 0.0049 0.0143 0.0167 0.0000 0.8945 0.0000 0.0696 
438      438   (0)     12 :  0.0000 0.0000 0.0010 0.0000 0.0000 0.8827 0.0000 0.1163 
439      439   (0)     12 :  0.0000 0.1119 0.0080 0.8353 0.0252 0.0000 0.0000 0.0196 
440      440   (0)     12 :  0.0000 0.0612 0.0220 0.8782 0.0387 0.0000 0.0000 0.0000 
441      441   (0)     12 :  0.0001 0.0000 0.0000 0.0000 0.0000 0.9388 0.0000 0.0610 
442      442   (0)     12 :  0.0000 0.0804 0.2166 0.6866 0.0000 0.0000 0.0163 0.0000 
443      443   (0)     12 :  0.0023 0.0000 0.0002 0.0000 0.0000 0.9453 0.0000 0.0522 
444      444   (0)     12 :  0.0043 0.0000 0.0000 0.0000 0.0000 0.9185 0.0000 0.0773 
445      445   (0)     12 :  0.0099 0.0000 0.0028 0.0000 0.0000 0.9199 0.0000 0.0674 
446      446   (0)     12 :  0.0000 0.0000 0.0000 0.0000 0.0000 1.0000 0.0000 0.0000 
447      447   (0)     12 :  0.0037 0.0000 0.0044 0.0006 0.0000 0.9119 0.0000 0.0794 
448      448   (0)     12 :  0.0000 0.0000 0.0000 0.0000 0.0000 0.9554 0.0000 0.0446 
449      449   (0)     12 :  0.0000 0.0000 0.0000 0.0000 0.0000 0.9348 0.0000 0.0652 
450      450   (0)     12 :  0.0000 0.0000 0.0000 0.0000 0.0000 0.9658 0.0000 0.0342 
451      451   (0)     12 :  0.0234 0.0000 0.0057 0.0000 0.0000 0.9040 0.0000 0.0669 
452      452   (0)     12 :  0.0022 0.0032 0.0019 0.0014 0.0000 0.9212 0.0000 0.0700 
453      453   (0)     13 :  0.0000 0.0000 0.0006 0.0000 0.0000 0.9253 0.0000 0.0741 
454      454   (0)     13 :  0.0000 0.0000 0.0025 0.0000 0.0000 0.9409 0.0084 0.0481 
455      455   (0)     13 :  0.0000 0.0000 0.0000 0.0000 0.0000 0.9310 0.0000 0.0690 
456      456   (0)     13 :  0.0000 0.0723 0.0434 0.8609 0.0234 0.0000 0.0000 0.0000 
457      457   (0)     13 :  0.0218 0.0003 0.0086 0.0009 0.0000 0.8736 0.0000 0.0947 
458      458   (0)     13 :  0.0000 0.0000 0.0000 0.0000 0.0000 0.9205 0.0000 0.0795 
459      459   (0)     13 :  0.0000 0.0000 0.0000 0.0000 0.0000 0.9164 0.0000 0.0836 
460      460   (0)     13 :  0.0000 0.0000 0.0004 0.0000 0.0000 0.9613 0.0000 0.0383 
461      461   (0)     13 :  0.0000 0.0000 0.0001 0.0000 0.0000 0.9350 0.0000 0.0650 
462      462   (0)     13 :  0.0234 0.0000 0.0028 0.0000 0.0000 0.8793 0.0012 0.0933 
463      463   (0)     13 :  0.0116 0.0000 0.0031 0.0000 0.0000 0.9538 0.0009 0.0306 
464      464   (0)     13 :  0.8589 0.0000 0.0474 0.0000 0.0000 0.0055 0.0108 0.0773 
465      465   (0)     13 :  0.0000 0.0011 0.0015 0.0145 0.0000 0.9043 0.0035 0.0751 
466      466   (0)     13 :  0.0000 0.0000 0.0014 0.0000 0.0000 0.8996 0.0037 0.0953 
467      467   (0)     13 :  0.0093 0.0027 0.0047 0.0000 0.0000 0.9347 0.0021 0.0464 
468      468   (0)     13 :  0.7422 0.0000 0.0954 0.0000 0.0024 0.0548 0.0000 0.1051 
469      469   (0)     13 :  0.8140 0.0219 0.0348 0.0000 0.0000 0.0000 0.0000 0.1293 
470      470   (0)     13 :  0.0048 0.0033 0.0020 0.0000 0.0000 0.9006 0.0000 0.0893 
471      471   (0)     13 :  0.0001 0.0114 0.0109 0.0000 0.0122 0.8849 0.0000 0.0804 
472      472   (0)     13 :  0.0005 0.0000 0.0000 0.0000 0.0000 0.8521 0.0010 0.1464 
473      473   (0)     13 :  0.0000 0.1281 0.0139 0.7589 0.0526 0.0393 0.0000 0.0070 
474      474   (0)     13 :  0.0030 0.0000 0.0000 0.0000 0.0000 0.9710 0.0002 0.0258 
475      475   (0)     13 :  0.0000 0.0000 0.0007 0.0000 0.0000 0.9198 0.0000 0.0794 
476      476   (0)     13 :  0.0000 0.0632 0.0376 0.8917 0.0030 0.0000 0.0000 0.0046 
477      477   (0)     13 :  0.0200 0.0018 0.0075 0.0143 0.0000 0.8720 0.0000 0.0844 
478      478   (0)     13 :  0.0000 0.0025 0.0033 0.0050 0.0000 0.8783 0.0165 0.0943 
479      479   (0)     13 :  0.0023 0.0006 0.0037 0.0000 0.0000 0.9680 0.0000 0.0255 
480      480   (0)     13 :  0.0000 0.0661 0.0497 0.8459 0.0259 0.0000 0.0000 0.0123 
481      481   (0)     13 :  0.5034 0.0271 0.0709 0.0034 0.0000 0.0870 0.0168 0.2915 
482      482   (0)     13 :  0.0091 0.0000 0.0047 0.0000 0.0000 0.9360 0.0000 0.0502 
483      483   (0)     14 :  0.0003 0.0000 0.0013 0.0000 0.0000 0.9075 0.0000 0.0909 
484      484   (0)     14 :  0.0000 0.0000 0.0012 0.0000 0.0000 0.9501 0.0000 0.0487 
485      485   (0)     15 :  0.0076 0.0000 0.0002 0.0000 0.0000 0.9641 0.0000 0.0281 
486      486   (0)     15 :  0.0000 0.0016 0.0006 0.0000 0.0000 0.9205 0.0000 0.0773 
487      487   (0)     15 :  0.0009 0.0000 0.0043 0.0000 0.0000 0.8941 0.0037 0.0971 
488      488   (0)     15 :  0.0000 0.0000 0.0016 0.0000 0.0000 0.9055 0.0026 0.0903 
489      489   (0)     15 :  0.0000 0.0864 0.0313 0.8471 0.0353 0.0000 0.0000 0.0000 
490      490   (0)     15 :  0.0000 0.0625 0.0384 0.8799 0.0137 0.0000 0.0000 0.0056 
491      491   (0)     15 :  0.0027 0.0000 0.0010 0.0000 0.0000 0.9276 0.0000 0.0687 
492      492   (0)     15 :  0.0000 0.1058 0.0055 0.8557 0.0207 0.0000 0.0000 0.0122 
493      493   (0)     15 :  0.0141 0.0000 0.0009 0.0000 0.0000 0.9080 0.0158 0.0612 
494      494   (0)     15 :  0.0010 0.0022 0.0013 0.0000 0.0000 0.8866 0.0000 0.1089 
495      495   (0)     15 :  0.0000 0.0000 0.0000 0.0000 0.0000 0.9657 0.0036 0.0308 
496      496   (0)     15 :  0.0000 0.0000 0.0010 0.0000 0.0000 0.8923 0.0051 0.1015 
497      497   (0)     15 :  0.0056 0.0025 0.0037 0.0002 0.0000 0.9200 0.0000 0.0679 
498      498   (0)     15 :  0.0185 0.0051 0.0036 0.0000 0.0000 0.8272 0.0000 0.1456 
499      499   (0)     15 :  0.0139 0.0000 0.0000 0.0000 0.0000 0.8934 0.0000 0.0927 
500      500   (0)     15 :  0.0070 0.0000 0.0022 0.0000 0.0000 0.9186 0.0000 0.0722 
501      501   (0)     15 :  0.0085 0.0021 0.0085 0.0067 0.0000 0.8901 0.0015 0.0824 
502      502   (0)     15 :  0.0070 0.0027 0.0035 0.0000 0.0000 0.8896 0.0000 0.0972 
503      503   (0)     15 :  0.0008 0.0021 0.0008 0.0000 0.0000 0.8962 0.0000 0.1002 
504      504   (0)     15 :  0.0006 0.0000 0.0002 0.0000 0.0000 0.9369 0.0000 0.0623 
505      505   (0)     15 :  0.0068 0.0000 0.0083 0.0000 0.0000 0.9219 0.0014 0.0617 
506      506   (0)     15 :  0.0038 0.0000 0.0011 0.0000 0.0000 0.9343 0.0000 0.0607 
507      507   (0)     15 :  0.0068 0.0000 0.0000 0.0000 0.0000 0.9044 0.0000 0.0888 
508      508   (0)     15 :  0.0076 0.0031 0.0003 0.0027 0.0000 0.8878 0.0000 0.0985 
509      509   (0)     15 :  0.0000 0.0927 0.0063 0.8937 0.0070 0.0000 0.0002 0.0000 
510      510   (0)     15 :  0.0000 0.0868 0.0146 0.8540 0.0273 0.0000 0.0002 0.0172 
511      511   (0)     15 :  0.0118 0.0075 0.0024 0.0081 0.0121 0.8864 0.0080 0.0637 
512      512   (0)     15 :  0.0000 0.0000 0.0005 0.0000 0.0000 0.9172 0.0000 0.0823 
513      513   (0)     15 :  0.0076 0.0000 0.0017 0.0000 0.0000 0.9445 0.0000 0.0462 
514      514   (0)     15 :  0.0149 0.0000 0.0052 0.0010 0.0000 0.8824 0.0000 0.0964 
515      515   (0)     16 :  0.7982 0.0000 0.0949 0.0000 0.0000 0.0320 0.0016 0.0733 
516      516   (0)     16 :  0.0113 0.0000 0.0004 0.0000 0.0000 0.9174 0.0063 0.0646 
517      517   (0)     16 :  0.0000 0.0296 0.0530 0.8641 0.0252 0.0000 0.0000 0.0282 
518      518   (0)     16 :  0.0096 0.0000 0.0042 0.0015 0.0000 0.9258 0.0156 0.0432 
519      519   (0)     16 :  0.0085 0.0000 0.0026 0.0000 0.0000 0.8877 0.0000 0.1012 
520      520   (0)     16 :  0.0214 0.0000 0.0066 0.0000 0.0000 0.9152 0.0000 0.0568 
521      521   (0)     16 :  0.0103 0.0000 0.0053 0.0000 0.0000 0.9201 0.0000 0.0643 
522      522   (0)     16 :  0.0000 0.1500 0.4000 0.4294 0.0000 0.0000 0.0206 0.0000 
523      523   (0)     16 :  0.0104 0.0000 0.0000 0.0000 0.0000 0.8827 0.0000 0.1068 
524      524   (0)     16 :  0.0000 0.0614 0.0554 0.8346 0.0464 0.0000 0.0000 0.0023 
525      525   (0)     16 :  0.0044 0.0000 0.0001 0.0000 0.0000 0.9299 0.0000 0.0656 
526      526   (0)     16 :  0.0084 0.0000 0.0013 0.0000 0.0000 0.8841 0.0019 0.1044 
527      527   (0)     16 :  0.0000 0.0814 0.0636 0.8369 0.0101 0.0000 0.0000 0.0080 
528      528   (0)     16 :  0.0447 0.0000 0.0023 0.0000 0.0000 0.8693 0.0000 0.0836 
529      529   (0)     16 :  0.0084 0.0000 0.0027 0.0000 0.0000 0.9513 0.0000 0.0376 
530      530   (0)     16 :  0.0330 0.0048 0.0091 0.0000 0.0000 0.9358 0.0000 0.0174 
531      531   (0)     16 :  0.0000 0.0000 0.0000 0.0000 0.0000 0.9837 0.0000 0.0163 
532      532   (0)     16 :  0.0000 0.1500 0.4000 0.4273 0.0000 0.0000 0.0227 0.0000 
533      533   (0)     16 :  0.0000 0.1500 0.4000 0.4178 0.0000 0.0000 0.0322 0.0000 
534      534   (0)     16 :  0.0066 0.0000 0.0000 0.0000 0.0000 0.9187 0.0000 0.0747 
535      535   (0)     16 :  0.0040 0.0000 0.0021 0.0000 0.0000 0.9930 0.0000 0.0008 
536      536   (0)     16 :  0.0051 0.0000 0.0003 0.0000 0.0000 0.9396 0.0000 0.0550 
537      537   (0)     16 :  0.0050 0.0003 0.0021 0.0019 0.0000 0.9169 0.0000 0.0739 
538      538   (0)     16 :  0.0000 0.0000 0.0000 0.0000 0.0000 0.8866 0.0000 0.1134 
539      539   (0)     16 :  0.0017 0.0000 0.0023 0.0000 0.0000 0.9062 0.0000 0.0898 
540      540   (0)     16 :  0.0043 0.0000 0.0018 0.0000 0.0000 0.9138 0.0000 0.0800 
541      541   (0)     16 :  0.0000 0.0000 0.0155 0.0000 0.0000 0.0000 0.9845 0.0000 
542      542   (0)     16 :  0.0122 0.0000 0.0020 0.0000 0.0000 0.8652 0.0000 0.1205 
543      543   (0)     16 :  0.0000 0.0000 0.0000 0.0000 0.0000 0.9361 0.0000 0.0639 
544      544   (0)     16 :  0.0000 0.0000 0.0000 0.0000 0.0000 0.9837 0.0000 0.0163 
