1        1   (0)      1  : 0.0072 0.0297 0.0000 0.0209 0.0002 0.0000 0.4791 0.0007 0.3905 0.0010 0.0000 0.0000 0.0000 0.0003 0.0006 0.0014 0.0000 0.0009 0.0673
2        2   (0)      1  : 0.0537 0.0000 0.0000 0.2212 0.0000 0.0000 0.0514 0.0000 0.3512 0.0000 0.0000 0.0145 0.0000 0.0034 0.0179 0.0287 0.0297 0.1315 0.0969
3        3   (0)      1  : 0.0000 0.0000 0.0000 0.0042 0.1633 0.0000 0.0005 0.0047 0.0000 0.5227 0.0658 0.0000 0.0000 0.0183 0.2206 0.0000 0.0000 0.0000 0.0000
4        4   (0)      1  : 0.0826 0.0000 0.0000 0.1015 0.0000 0.0000 0.1351 0.0000 0.5438 0.0000 0.0000 0.1074 0.0000 0.0033 0.0000 0.0043 0.0000 0.0041 0.0181
5        5   (0)      1  : 0.0062 0.0000 0.0000 0.0319 0.0000 0.0000 0.0000 0.0000 0.7075 0.0000 0.0000 0.0003 0.0080 0.0040 0.0440 0.0385 0.0000 0.1596 0.0000
6        6   (0)      1  : 0.0811 0.0285 0.0000 0.0722 0.0000 0.0000 0.3537 0.0071 0.0075 0.2330 0.0000 0.0003 0.0000 0.0052 0.0579 0.0000 0.0000 0.0000 0.1534
7        7   (0)      1  : 0.0000 0.0000 0.0000 0.0000 0.5750 0.0000 0.0000 0.0000 0.0171 0.0000 0.0581 0.0000 0.0072 0.0000 0.0000 0.0331 0.0000 0.3094 0.0000
8        8   (0)      2  : 0.1500 0.0000 0.0000 0.0135 0.0000 0.0000 0.0000 0.0000 0.7688 0.0000 0.0000 0.0008 0.0000 0.0094 0.0000 0.0001 0.0000 0.0206 0.0368
9        9   (0)      1  : 0.2514 0.0000 0.0000 0.0572 0.0073 0.0000 0.0000 0.0000 0.5819 0.0000 0.0000 0.0000 0.0028 0.0014 0.0000 0.0003 0.0030 0.0025 0.0922
10       10   (0)      3  : 0.0134 0.0000 0.0000 0.0678 0.0000 0.0000 0.1164 0.0000 0.0000 0.0000 0.0000 0.3251 0.0000 0.0000 0.0272 0.4212 0.0000 0.0000 0.0289
11       11   (0)      4  : 0.0009 0.0000 0.0000 0.0000 0.0000 0.0000 0.0000 0.0000 0.0000 0.0000 0.0000 0.0294 0.0000 0.0757 0.8765 0.0175 0.0000 0.0000 0.0000
12       12   (0)      4  : 0.0631 0.0000 0.0000 0.0239 0.0000 0.0000 0.0374 0.0000 0.0068 0.0000 0.0010 0.1081 0.0273 0.0192 0.0022 0.1150 0.0000 0.0207 0.5752
13       13   (0)      4  : 0.0000 0.0000 0.0014 0.0223 0.0000 0.0000 0.1942 0.0000 0.0630 0.0550 0.0000 0.2610 0.0044 0.0134 0.0161 0.1615 0.0000 0.2077 0.0000
14       14   (0)      4  : 0.0000 0.0000 0.0000 0.0000 0.0000 0.0000 0.0000 0.0000 0.0000 0.0000 0.0000 0.0000 0.0000 0.0714 0.9286 0.0000 0.0000 0.0000 0.0000
15       15   (0)      4  : 0.0000 0.0000 0.0000 0.1433 0.0000 0.0000 0.0000 0.0000 0.1798 0.0000 0.0002 0.0202 0.0000 0.0000 0.0320 0.4814 0.0228 0.0153 0.1050
16       16   (0)      4  : 0.0000 0.0000 0.0000 0.0000 0.0651 0.0000 0.2753 0.0000 0.0000 0.6243 0.0000 0.0000 0.0000 0.0000 0.0000 0.0000 0.0000 0.0000 0.0352
17       17   (0)      5  : 0.0000 0.0000 0.0008 0.0354 0.0000 0.0000 0.0945 0.0000 0.0855 0.0000 0.0000 0.1645 0.0000 0.0148 0.0000 0.0946 0.0000 0.0053 0.5047
18       18   (0)      4  : 0.0000 0.0000 0.0000 0.0218 0.0000 0.0000 0.3751 0.0000 0.0055 0.0051 0.0000 0.1095 0.0000 0.0106 0.0505 0.3220 0.0000 0.0113 0.0886
19       19   (0)      5  : 0.0000 0.0000 0.0000 0.1997 0.0000 0.0000 0.0072 0.0000 0.1831 0.0000 0.0000 0.0759 0.0000 0.0082 0.0391 0.2979 0.0000 0.0006 0.1884
20       20   (0)      5  : 0.0193 0.0000 0.0000 0.1260 0.0000 0.0000 0.0000 0.0000 0.0000 0.0000 0.0000 0.0921 0.0000 0.0218 0.0000 0.5121 0.0000 0.0530 0.1756
21       21   (0)      5  : 0.0000 0.0000 0.0000 0.0046 0.0000 0.0000 0.1042 0.0000 0.0000 0.0000 0.0000 0.2509 0.0000 0.0043 0.0000 0.6165 0.0000 0.0056 0.0139
22       22   (0)      5  : 0.0486 0.0000 0.0000 0.1113 0.0000 0.0000 0.0000 0.0000 0.0000 0.0000 0.0000 0.0276 0.0000 0.0053 0.0316 0.6138 0.0000 0.0000 0.1618
23       23   (0)      5  : 0.0000 0.0000 0.0000 0.0000 0.0000 0.0000 0.6039 0.0000 0.0000 0.0000 0.0000 0.0316 0.0000 0.0059 0.0000 0.2801 0.0000 0.0708 0.0078
24       24   (0)      5  : 0.0000 0.0000 0.0000 0.0044 0.0000 0.0000 0.2264 0.0000 0.0000 0.0000 0.0000 0.1478 0.0000 0.0030 0.0037 0.6029 0.0000 0.0000 0.0118
25       25   (0)      5  : 0.0261 0.0000 0.0000 0.0057 0.0007 0.0000 0.1349 0.0000 0.0000 0.0007 0.0000 0.0186 0.0000 0.0044 0.0000 0.2172 0.0000 0.2103 0.3814
26       26   (0)      5  : 0.0000 0.0000 0.0000 0.0000 0.0040 0.0000 0.2728 0.0000 0.0000 0.0023 0.0000 0.1519 0.0000 0.0000 0.0000 0.5689 0.0000 0.0000 0.0000
27       27   (0)      5  : 0.0034 0.0000 0.0087 0.0077 0.0000 0.0114 0.0000 0.0000 0.0157 0.0007 0.0000 0.2066 0.0000 0.0339 0.0027 0.4539 0.0000 0.0096 0.2457
28       28   (0)      5  : 0.0000 0.0000 0.0000 0.0211 0.0000 0.0000 0.4986 0.0000 0.0000 0.0000 0.0000 0.0235 0.0000 0.0040 0.0000 0.3520 0.0000 0.0932 0.0077
29       29   (0)      5  : 0.0000 0.0000 0.0000 0.0207 0.0000 0.0000 0.0000 0.0000 0.0000 0.0000 0.0000 0.0339 0.0000 0.0000 0.0495 0.7831 0.0000 0.0329 0.0798
30       30   (0)      5  : 0.1123 0.0000 0.0000 0.0617 0.0000 0.0000 0.0000 0.0000 0.0000 0.0000 0.0000 0.0067 0.0000 0.0000 0.0123 0.1948 0.0000 0.0052 0.6070
31       31   (0)      5  : 0.0000 0.0000 0.0005 0.0060 0.0000 0.0000 0.1059 0.0000 0.0033 0.0000 0.0000 0.1207 0.0000 0.0114 0.0724 0.1743 0.0072 0.0067 0.4916
32       32   (0)      5  : 0.0000 0.0000 0.0000 0.0000 0.0000 0.0000 0.0790 0.0000 0.0000 0.0000 0.0000 0.0858 0.0000 0.0156 0.0000 0.3685 0.0000 0.2750 0.1761
33       33   (0)      5  : 0.0041 0.0000 0.0015 0.0014 0.0000 0.0000 0.4590 0.0000 0.0000 0.0000 0.0000 0.0031 0.0027 0.0000 0.0000 0.0389 0.0000 0.0153 0.4741
34       34   (0)      5  : 0.0000 0.0000 0.0000 0.0908 0.0000 0.0000 0.3485 0.0000 0.0000 0.0000 0.0000 0.0671 0.0000 0.0010 0.0107 0.2675 0.0000 0.0000 0.2145
35       35   (0)      5  : 0.0471 0.0000 0.0000 0.0175 0.0000 0.0000 0.0449 0.0000 0.0000 0.0000 0.0000 0.0561 0.0000 0.0031 0.0000 0.1630 0.0000 0.0000 0.6681
36       36   (0)      5  : 0.0021 0.0000 0.0249 0.0379 0.0000 0.0000 0.0000 0.0000 0.0000 0.0000 0.0000 0.0342 0.0000 0.0165 0.0885 0.6191 0.0000 0.0000 0.1769
37       37   (0)      5  : 0.0000 0.0000 0.0016 0.2109 0.0000 0.0000 0.0883 0.0000 0.0000 0.0000 0.0000 0.0249 0.0000 0.0000 0.0262 0.4424 0.0000 0.0946 0.1110
38       38   (0)      5  : 0.0000 0.0000 0.0000 0.0424 0.0000 0.0000 0.2154 0.0000 0.0000 0.0000 0.0000 0.0552 0.0000 0.0000 0.0176 0.6184 0.0002 0.0000 0.0509
39       39   (0)      5  : 0.0000 0.0000 0.0001 0.0354 0.0000 0.0000 0.0710 0.0000 0.0000 0.0000 0.0000 0.0202 0.0000 0.0170 0.2893 0.4094 0.0000 0.0000 0.1576
40       40   (0)      5  : 0.0000 0.0000 0.0000 0.2098 0.0000 0.0000 0.0361 0.0000 0.0000 0.0000 0.0000 0.0170 0.0000 0.0000 0.0173 0.3409 0.0000 0.1413 0.2377
41       41   (0)      5  : 0.0000 0.0000 0.0000 0.0170 0.0000 0.0000 0.4267 0.0000 0.0000 0.0000 0.0000 0.0367 0.0000 0.0000 0.0015 0.4205 0.0000 0.0976 0.0000
42       42   (0)      5  : 0.0472 0.0000 0.0000 0.1251 0.0000 0.0000 0.0000 0.0000 0.0000 0.0000 0.0000 0.0473 0.0000 0.0063 0.0049 0.2745 0.0000 0.0000 0.4947
43       43   (0)      5  : 0.0000 0.0000 0.0000 0.0000 0.0000 0.0000 0.0010 0.0000 0.0000 0.9905 0.0000 0.0085 0.0000 0.0000 0.0000 0.0000 0.0000 0.0000 0.0000
44       44   (0)      5  : 0.0000 0.0000 0.0000 0.0654 0.0000 0.0000 0.4086 0.0000 0.0009 0.0000 0.0000 0.0260 0.0000 0.0029 0.0316 0.2846 0.0000 0.1776 0.0024
45       45   (0)      4  : 0.0000 0.0000 0.0000 0.0000 0.0000 0.0000 0.0000 0.0000 0.0000 0.0000 0.0000 0.0124 0.0000 0.0427 0.5714 0.3640 0.0000 0.0000 0.0095
46       46   (0)      4  : 0.0047 0.0000 0.0000 0.0556 0.0053 0.0000 0.1610 0.0000 0.0599 0.0043 0.0000 0.0127 0.0000 0.0033 0.0183 0.0584 0.0016 0.2578 0.3572
47       47   (0)      4  : 0.0000 0.0000 0.0000 0.0021 0.0000 0.0000 0.5975 0.0000 0.0000 0.0000 0.0000 0.0406 0.0000 0.0066 0.0000 0.2422 0.0000 0.0067 0.1044
48       48   (0)      4  : 0.1257 0.0000 0.0025 0.0846 0.0000 0.0000 0.0000 0.0000 0.0000 0.0000 0.0000 0.0107 0.0000 0.0174 0.2034 0.1485 0.0012 0.0012 0.4049
49       49   (0)      5  : 0.0005 0.0000 0.0000 0.0171 0.0013 0.0000 0.2495 0.0000 0.0049 0.0000 0.0000 0.0051 0.0031 0.0023 0.0293 0.0846 0.0082 0.1847 0.4095
50       50   (0)      4  : 0.0145 0.0000 0.0000 0.0000 0.0000 0.0000 0.1789 0.0000 0.0035 0.0000 0.0000 0.5584 0.0000 0.0108 0.0000 0.2339 0.0000 0.0000 0.0000
51       51   (0)      4  : 0.0000 0.0000 0.0000 0.0000 0.0000 0.0000 0.0484 0.0000 0.0000 0.6683 0.0000 0.1373 0.0000 0.0047 0.0000 0.0000 0.0000 0.0000 0.1413
52       52   (0)      4  : 0.0000 0.0075 0.0000 0.0635 0.0140 0.0000 0.0133 0.0007 0.0312 0.0000 0.0000 0.0114 0.0177 0.0122 0.0000 0.1700 0.0108 0.1170 0.5307
53       53   (0)      4  : 0.0000 0.0000 0.0000 0.0000 0.0826 0.0000 0.0137 0.0000 0.0000 0.7077 0.0000 0.1816 0.0000 0.0085 0.0000 0.0000 0.0000 0.0000 0.0058
54       54   (0)      4  : 0.0311 0.0000 0.0210 0.0290 0.0000 0.0000 0.0000 0.0000 0.0035 0.0000 0.0000 0.0303 0.0020 0.0265 0.1399 0.3702 0.0000 0.0160 0.3305
55       55   (0)      4  : 0.0000 0.0000 0.0000 0.0000 0.0000 0.0000 0.0050 0.0000 0.0000 0.9072 0.0000 0.0000 0.0000 0.0000 0.0000 0.0000 0.0000 0.0000 0.0878
56       56   (0)      4  : 0.0000 0.0000 0.0000 0.0978 0.0000 0.0000 0.0000 0.0000 0.0000 0.7756 0.0000 0.0094 0.0000 0.0000 0.0152 0.0744 0.0000 0.0000 0.0276
57       57   (0)      4  : 0.0000 0.0000 0.0000 0.0254 0.0000 0.0000 0.0000 0.0000 0.0218 0.0000 0.0000 0.0250 0.0000 0.0152 0.2382 0.5125 0.0000 0.0000 0.1620
58       58   (0)      5  : 0.0000 0.0000 0.0000 0.0159 0.0063 0.0000 0.1149 0.0000 0.0149 0.0000 0.0000 0.0000 0.0013 0.0008 0.0032 0.0916 0.0000 0.2839 0.4673
59       59   (0)      4  : 0.0016 0.0000 0.0000 0.0017 0.1080 0.0000 0.2352 0.0306 0.0000 0.3481 0.0000 0.0060 0.0000 0.0000 0.0000 0.0025 0.0000 0.0000 0.2663
60       60   (0)      4  : 0.0000 0.0000 0.0000 0.0000 0.0000 0.0000 0.0234 0.0000 0.0000 0.7537 0.0000 0.0925 0.0000 0.0090 0.1004 0.0022 0.0000 0.0188 0.0000
61       61   (0)      4  : 0.0008 0.0000 0.0000 0.0031 0.0000 0.0000 0.1114 0.0000 0.0561 0.0000 0.0000 0.0192 0.0000 0.0099 0.0958 0.0578 0.0029 0.0000 0.6430
62       62   (0)      5  : 0.0007 0.0000 0.0000 0.0096 0.0000 0.0000 0.1823 0.0037 0.0318 0.0000 0.0000 0.1515 0.0000 0.0119 0.0836 0.1877 0.0000 0.0033 0.3340
63       63   (0)      6  : 0.0000 0.0000 0.0000 0.0143 0.0000 0.0053 0.1413 0.0019 0.0366 0.4970 0.0000 0.0072 0.0000 0.0270 0.1020 0.0854 0.0000 0.0105 0.0715
64       64   (0)      6  : 0.0000 0.0051 0.0000 0.0019 0.1538 0.0000 0.1240 0.0013 0.0023 0.6349 0.0000 0.0007 0.0000 0.0126 0.0000 0.0008 0.0000 0.0090 0.0536
65       65   (0)      6  : 0.0000 0.0000 0.0000 0.0079 0.0000 0.0000 0.0000 0.0000 0.7604 0.0000 0.0000 0.0000 0.0709 0.0027 0.0000 0.0000 0.0000 0.0152 0.1429
66       66   (0)      6  : 0.0027 0.0000 0.0000 0.1028 0.0000 0.0000 0.2085 0.0000 0.1421 0.0000 0.0000 0.0839 0.0000 0.0173 0.0000 0.1754 0.0000 0.0509 0.2165
67       67   (0)      6  : 0.0000 0.0000 0.0000 0.0000 0.0000 0.0000 0.0000 0.0000 0.0000 0.0000 0.0000 0.0000 0.0000 0.0714 0.9286 0.0000 0.0000 0.0000 0.0000
68       68   (0)      6  : 0.0000 0.0000 0.0096 0.0043 0.0000 0.0000 0.1520 0.0000 0.5533 0.0000 0.0000 0.2748 0.0012 0.0020 0.0000 0.0000 0.0000 0.0000 0.0029
69       69   (0)      6  : 0.0205 0.0000 0.0000 0.0008 0.0000 0.0000 0.3497 0.0000 0.3371 0.0000 0.0000 0.0000 0.0000 0.0013 0.0000 0.0069 0.0000 0.0075 0.2763
70       70   (0)      6  : 0.0000 0.0040 0.0000 0.0041 0.0024 0.0000 0.3793 0.0091 0.1684 0.0318 0.0000 0.0022 0.0303 0.0000 0.0000 0.0235 0.0000 0.0029 0.3419
71       71   (0)      6  : 0.0000 0.0000 0.0000 0.0104 0.0000 0.0000 0.7450 0.0000 0.0000 0.0000 0.0000 0.0852 0.0000 0.0000 0.0028 0.1000 0.0559 0.0008 0.0000
72       72   (0)      6  : 0.0000 0.0000 0.0000 0.0201 0.0000 0.0000 0.3698 0.0000 0.3241 0.0000 0.0000 0.0062 0.0000 0.0000 0.0000 0.1477 0.0000 0.0000 0.1322
73       73   (0)      7  : 0.0004 0.0000 0.0119 0.1172 0.0000 0.0003 0.0000 0.0000 0.0020 0.0000 0.0000 0.0109 0.0000 0.0040 0.0166 0.3165 0.0056 0.0015 0.5130
74       74   (0)      7  : 0.0345 0.0000 0.0000 0.1060 0.0000 0.0000 0.0042 0.0000 0.0403 0.0052 0.0000 0.0013 0.0716 0.0007 0.0055 0.0707 0.0010 0.0142 0.6448
75       75   (0)      7  : 0.0000 0.0000 0.0000 0.0021 0.0000 0.0000 0.0494 0.0000 0.1381 0.0000 0.0000 0.0827 0.0058 0.0095 0.0000 0.0575 0.0000 0.1753 0.4795
76       76   (0)      7  : 0.0793 0.0000 0.0000 0.0392 0.0031 0.0000 0.0000 0.0011 0.0988 0.0000 0.0000 0.0000 0.0000 0.0093 0.0001 0.1799 0.0000 0.1487 0.4405
77       77   (0)      7  : 0.0717 0.0000 0.0030 0.0146 0.0000 0.0000 0.0000 0.0000 0.0002 0.0000 0.0000 0.0312 0.0000 0.0245 0.0000 0.5726 0.0000 0.2047 0.0776
78       78   (0)      7  : 0.0000 0.0000 0.0000 0.0075 0.0007 0.0000 0.0647 0.0000 0.1670 0.0000 0.0000 0.0085 0.0038 0.0125 0.0448 0.1490 0.0017 0.2674 0.2723
79       79   (0)      7  : 0.0943 0.0000 0.0000 0.0516 0.0000 0.0000 0.0000 0.0000 0.0011 0.0020 0.0000 0.0025 0.0000 0.0297 0.0000 0.3159 0.0033 0.0795 0.4201
80       80   (0)      7  : 0.1995 0.0000 0.0000 0.1064 0.0000 0.0000 0.0000 0.0000 0.0850 0.0000 0.0000 0.0078 0.0163 0.0000 0.0000 0.0587 0.0005 0.0111 0.5147
81       81   (0)      7  : 0.0235 0.0000 0.0000 0.0000 0.0000 0.0000 0.0061 0.0000 0.1068 0.0000 0.0000 0.0173 0.0000 0.0052 0.0000 0.3620 0.0000 0.0017 0.4772
82       82   (0)      7  : 0.0221 0.0000 0.0000 0.0000 0.0000 0.0000 0.0000 0.0000 0.0523 0.0000 0.0000 0.0000 0.0000 0.0063 0.0175 0.6938 0.0000 0.0421 0.1659
83       83   (0)      7  : 0.0599 0.0001 0.0000 0.2029 0.0179 0.0000 0.0447 0.0005 0.0145 0.0414 0.0000 0.0000 0.0000 0.0041 0.0059 0.0386 0.0005 0.1651 0.4038
84       84   (0)      7  : 0.0022 0.0000 0.0000 0.0413 0.0586 0.0000 0.0000 0.0000 0.0122 0.7024 0.0000 0.0000 0.0000 0.0000 0.0000 0.0000 0.0000 0.0058 0.1776
85       85   (0)      7  : 0.0295 0.0000 0.0000 0.0235 0.0000 0.0000 0.0000 0.0000 0.0236 0.0000 0.0000 0.0000 0.0000 0.0013 0.0380 0.2762 0.0497 0.0026 0.5558
86       86   (0)      7  : 0.0267 0.0000 0.0003 0.0171 0.0000 0.0000 0.0000 0.0000 0.1818 0.0000 0.0000 0.0084 0.0005 0.0103 0.0118 0.5879 0.0000 0.0853 0.0699
87       87   (0)      7  : 0.0026 0.0000 0.0000 0.0246 0.0000 0.0000 0.0909 0.0000 0.0000 0.7122 0.0000 0.0000 0.0000 0.0000 0.0000 0.0000 0.0000 0.0000 0.1696
88       88   (0)      7  : 0.0000 0.0000 0.0006 0.0000 0.0000 0.0000 0.5284 0.0000 0.0294 0.0000 0.0000 0.0000 0.0000 0.0000 0.0000 0.1116 0.0000 0.0248 0.3052
89       89   (0)      7  : 0.0000 0.0000 0.0000 0.0000 0.0000 0.0000 0.0820 0.0000 0.0000 0.8331 0.0000 0.0000 0.0000 0.0066 0.0749 0.0000 0.0000 0.0000 0.0034
90       90   (0)      7  : 0.0000 0.0007 0.0000 0.0109 0.0000 0.0000 0.0007 0.0000 0.0007 0.0009 0.0000 0.0000 0.0014 0.0160 0.0879 0.2856 0.0000 0.1032 0.4920
91       91   (0)      7  : 0.0012 0.0000 0.0000 0.0060 0.0000 0.0010 0.1459 0.0000 0.0146 0.0002 0.0000 0.0910 0.0000 0.0001 0.0000 0.0510 0.0016 0.0062 0.6813
92       92   (0)      7  : 0.0911 0.0000 0.0501 0.0037 0.0000 0.0000 0.0000 0.0000 0.0101 0.0008 0.0000 0.0092 0.0000 0.0052 0.0043 0.3151 0.0000 0.0019 0.5085
93       93   (0)      7  : 0.0127 0.0000 0.0067 0.0789 0.0017 0.0000 0.0000 0.0000 0.1083 0.0146 0.0000 0.0000 0.0000 0.0000 0.0000 0.3700 0.0000 0.3899 0.0172
94       94   (0)      7  : 0.0000 0.0000 0.0000 0.1845 0.0000 0.0000 0.1826 0.0000 0.1218 0.0000 0.0000 0.0201 0.0000 0.0000 0.0347 0.1935 0.0000 0.0215 0.2413
95       95   (0)      7  : 0.0000 0.0000 0.0000 0.0174 0.0000 0.0000 0.0000 0.0000 0.1408 0.0000 0.0000 0.0000 0.0000 0.0034 0.0966 0.5269 0.0000 0.0967 0.1182
96       96   (0)      7  : 0.0000 0.0000 0.0000 0.0027 0.0039 0.0000 0.1578 0.0074 0.0046 0.0122 0.0000 0.0074 0.0000 0.0053 0.0000 0.2633 0.0000 0.2728 0.2625
97       97   (0)      7  : 0.0000 0.0000 0.0000 0.0141 0.0000 0.0000 0.0000 0.0000 0.0369 0.0000 0.0000 0.0208 0.0000 0.0131 0.0104 0.6651 0.0000 0.2032 0.0363
98       98   (0)      7  : 0.0000 0.0000 0.0000 0.0000 0.0000 0.0000 0.0000 0.0000 0.0401 0.0000 0.0000 0.0009 0.0000 0.0196 0.0057 0.5131 0.0009 0.3868 0.0329
99       99   (0)      7  : 0.0000 0.0000 0.0000 0.0013 0.0000 0.0000 0.0000 0.0000 0.0002 0.0112 0.0000 0.0142 0.0000 0.0183 0.1439 0.6903 0.0000 0.0999 0.0207
100      100   (0)      7  : 0.0000 0.0000 0.0000 0.0142 0.0000 0.0000 0.0000 0.0000 0.2136 0.7361 0.0000 0.0012 0.0000 0.0000 0.0000 0.0349 0.0000 0.0000 0.0000
101      101   (0)      6  : 0.0007 0.0000 0.0000 0.1160 0.0000 0.0000 0.0000 0.0000 0.5349 0.0000 0.0000 0.0079 0.0000 0.0008 0.0051 0.0581 0.0000 0.0000 0.2765
102      102   (0)      6  : 0.0001 0.0000 0.0001 0.0887 0.0000 0.0000 0.0394 0.0000 0.3856 0.0000 0.0000 0.1613 0.0000 0.0098 0.0305 0.0981 0.1318 0.0014 0.0532
103      103   (0)      6  : 0.0000 0.0000 0.0000 0.0000 0.0000 0.0000 0.5823 0.0012 0.1986 0.0000 0.0000 0.0000 0.0000 0.0000 0.0124 0.0000 0.0102 0.0000 0.1954
104      104   (0)      6  : 0.0337 0.0000 0.0000 0.2189 0.0000 0.0000 0.0000 0.0000 0.4579 0.0000 0.0000 0.0037 0.0000 0.0021 0.0000 0.0000 0.0000 0.0000 0.2838
105      105   (0)      6  : 0.0000 0.0000 0.0000 0.0000 0.0000 0.0000 0.6490 0.0000 0.3120 0.0000 0.0000 0.0000 0.0000 0.0007 0.0033 0.0029 0.0000 0.0000 0.0319
106      106   (0)      6  : 0.0000 0.0000 0.0000 0.1379 0.0000 0.0000 0.0508 0.0000 0.4780 0.0000 0.0000 0.1036 0.0000 0.0173 0.0803 0.0458 0.0000 0.0623 0.0241
107      107   (0)      6  : 0.0000 0.0000 0.0003 0.1606 0.0000 0.0000 0.1889 0.0000 0.3844 0.0098 0.0000 0.0431 0.0000 0.0018 0.0061 0.0060 0.0470 0.0000 0.1521
108      108   (0)      6  : 0.0000 0.0000 0.0000 0.1737 0.0066 0.0000 0.2303 0.0000 0.3667 0.0000 0.0000 0.1180 0.0000 0.0027 0.0007 0.0157 0.0000 0.0331 0.0524
109      109   (0)      6  : 0.0440 0.0000 0.0000 0.0064 0.0000 0.0000 0.0093 0.0000 0.0000 0.9402 0.0000 0.0000 0.0000 0.0000 0.0000 0.0000 0.0000 0.0000 0.0000
110      110   (0)      7  : 0.0000 0.0000 0.0000 0.0000 0.0000 0.0000 0.2092 0.0000 0.1053 0.0084 0.0000 0.0939 0.0000 0.0049 0.0013 0.1404 0.0000 0.0000 0.4366
111      111   (0)      7  : 0.0000 0.0000 0.0000 0.0000 0.0000 0.0000 0.0000 0.0000 0.0144 0.0000 0.0000 0.0000 0.0000 0.0714 0.8682 0.0000 0.0000 0.0000 0.0460
112      112   (0)      6  : 0.0000 0.0000 0.0000 0.0000 0.0000 0.0000 0.0133 0.0000 0.6622 0.0009 0.0000 0.0000 0.0000 0.0137 0.1732 0.0000 0.0000 0.0048 0.1317
113      113   (0)      6  : 0.0000 0.0000 0.0000 0.0189 0.0000 0.0000 0.0000 0.0000 0.8793 0.0000 0.0000 0.0000 0.0240 0.0043 0.0000 0.0000 0.0735 0.0000 0.0000
114      114   (0)      6  : 0.0000 0.0000 0.0000 0.0004 0.0000 0.0087 0.0000 0.0000 0.0845 0.7968 0.0089 0.0000 0.0000 0.0121 0.0886 0.0000 0.0000 0.0000 0.0000
115      115   (0)      6  : 0.0721 0.0000 0.0000 0.0102 0.0000 0.0000 0.0000 0.0000 0.5343 0.0000 0.0004 0.0063 0.0186 0.0043 0.0003 0.2788 0.0276 0.0041 0.0429
116      116   (0)      6  : 0.0000 0.0000 0.0000 0.0002 0.1364 0.0066 0.0000 0.0000 0.1807 0.3653 0.0806 0.0000 0.0000 0.0201 0.1772 0.0032 0.0000 0.0298 0.0000
117      117   (0)      6  : 0.0532 0.0000 0.0000 0.0265 0.0000 0.0000 0.1262 0.0000 0.4503 0.0584 0.0219 0.0153 0.0002 0.0032 0.0555 0.1370 0.0000 0.0428 0.0095
118      118   (0)      6  : 0.0000 0.0000 0.0000 0.0084 0.0000 0.0000 0.0979 0.0000 0.6589 0.0000 0.0000 0.2227 0.0000 0.0050 0.0000 0.0000 0.0071 0.0000 0.0000
119      119   (0)      6  : 0.0017 0.0000 0.0051 0.0031 0.0000 0.0000 0.1808 0.0000 0.7445 0.0000 0.0000 0.0000 0.0000 0.0000 0.0000 0.0000 0.0000 0.0000 0.0647
120      120   (0)      6  : 0.0000 0.0000 0.0000 0.0118 0.0000 0.0000 0.0000 0.0000 0.8195 0.0000 0.0000 0.0000 0.0000 0.0085 0.0000 0.0937 0.0000 0.0069 0.0595
121      121   (0)      6  : 0.0000 0.0000 0.0000 0.0046 0.0000 0.0000 0.0000 0.0000 0.7743 0.0000 0.0000 0.0000 0.0009 0.0013 0.0000 0.0000 0.0013 0.0144 0.2031
122      122   (0)      6  : 0.0000 0.0000 0.0000 0.0010 0.0759 0.0089 0.0000 0.0014 0.2188 0.6676 0.0150 0.0000 0.0000 0.0038 0.0008 0.0000 0.0068 0.0000 0.0000
123      123   (0)      8  : 0.0000 0.0000 0.0000 0.0658 0.0092 0.0000 0.4378 0.0000 0.0467 0.0010 0.0000 0.0083 0.0000 0.0000 0.0446 0.0608 0.0000 0.3088 0.0170
124      124   (0)      8  : 0.0000 0.0000 0.0000 0.2589 0.0003 0.0005 0.3691 0.0000 0.0002 0.0245 0.0015 0.0231 0.0000 0.0000 0.1068 0.1053 0.0000 0.0000 0.1099
125      125   (0)      8  : 0.0000 0.0000 0.0000 0.0041 0.0074 0.0000 0.6733 0.0000 0.0000 0.0000 0.0000 0.0091 0.0000 0.0000 0.0000 0.0533 0.0000 0.2527 0.0000
126      126   (0)      8  : 0.0014 0.0000 0.0000 0.3193 0.0000 0.0000 0.0099 0.0000 0.0000 0.0058 0.0000 0.0247 0.0059 0.0000 0.0993 0.2073 0.0000 0.0000 0.3264
127      127   (0)      8  : 0.0256 0.0000 0.0000 0.2606 0.0000 0.0043 0.0000 0.0000 0.0000 0.0000 0.0000 0.0211 0.0000 0.0157 0.2122 0.2951 0.0000 0.0000 0.1653
128      128   (0)      8  : 0.0059 0.0000 0.0000 0.0156 0.0000 0.0000 0.2504 0.0000 0.0000 0.0000 0.0000 0.2899 0.0000 0.0044 0.0487 0.3809 0.0000 0.0043 0.0000
129      129   (0)      8  : 0.0058 0.0000 0.0000 0.1379 0.0023 0.0000 0.4657 0.0000 0.0000 0.0000 0.0000 0.0193 0.0000 0.0007 0.0266 0.1513 0.0111 0.1154 0.0640
130      130   (0)      8  : 0.0000 0.0000 0.0000 0.0721 0.0092 0.0000 0.5120 0.0006 0.0531 0.0000 0.0000 0.1133 0.0000 0.0000 0.0717 0.0506 0.0000 0.1174 0.0000
131      131   (0)      8  : 0.0000 0.0000 0.0004 0.2774 0.0000 0.0000 0.0106 0.0000 0.0217 0.0000 0.0000 0.1406 0.0000 0.0182 0.1739 0.0596 0.0000 0.2149 0.0829
132      132   (0)      8  : 0.0010 0.0000 0.0000 0.2426 0.0000 0.0000 0.3472 0.0000 0.0000 0.0000 0.0000 0.0339 0.0000 0.0000 0.0326 0.2047 0.0000 0.0623 0.0757
133      133   (0)      8  : 0.0608 0.0000 0.0000 0.2040 0.0012 0.0000 0.3990 0.0000 0.0000 0.0000 0.0000 0.0105 0.0000 0.0000 0.0179 0.0639 0.0000 0.1511 0.0915
134      134   (0)      8  : 0.0311 0.0000 0.0000 0.0361 0.0027 0.0000 0.1504 0.0021 0.0000 0.0020 0.0000 0.0556 0.0000 0.0184 0.0514 0.3205 0.0000 0.0154 0.3143
135      135   (0)      8  : 0.0000 0.0000 0.0000 0.0000 0.0000 0.0000 0.0000 0.0000 0.0000 0.0000 0.0000 0.0000 0.0000 0.0714 0.9022 0.0264 0.0000 0.0000 0.0000
136      136   (0)      8  : 0.0032 0.0000 0.0000 0.0518 0.0000 0.0000 0.8110 0.0000 0.0000 0.0000 0.0000 0.0778 0.0000 0.0000 0.0139 0.0215 0.0000 0.0000 0.0209
137      137   (0)      8  : 0.1368 0.0000 0.0000 0.1287 0.0070 0.0000 0.0000 0.0000 0.0516 0.0000 0.0000 0.0372 0.0042 0.0083 0.0578 0.1839 0.0007 0.1660 0.2180
138      138   (0)      8  : 0.0733 0.0000 0.0000 0.4265 0.0000 0.0000 0.0224 0.0000 0.0000 0.0000 0.0000 0.0290 0.0000 0.0000 0.0787 0.2139 0.0000 0.0025 0.1536
139      139   (0)      8  : 0.0653 0.0000 0.0000 0.4155 0.0000 0.0000 0.0076 0.0000 0.0000 0.0138 0.0000 0.0452 0.0000 0.0005 0.0327 0.1663 0.0000 0.0042 0.2490
140      140   (0)      8  : 0.0271 0.0000 0.0000 0.4939 0.0000 0.0000 0.0000 0.0000 0.0022 0.0000 0.0000 0.0231 0.0000 0.0000 0.0461 0.1789 0.0003 0.0000 0.2282
141      141   (0)      8  : 0.0135 0.0000 0.0117 0.2888 0.0000 0.0000 0.2966 0.0000 0.0000 0.0000 0.0000 0.0421 0.0000 0.0023 0.1006 0.1461 0.0000 0.0000 0.0983
142      142   (0)      8  : 0.0188 0.0000 0.0013 0.0829 0.0000 0.0000 0.0878 0.0000 0.0000 0.0000 0.0000 0.3429 0.0000 0.0000 0.0210 0.4183 0.0000 0.0196 0.0074
143      143   (0)      8  : 0.0752 0.0000 0.0018 0.3661 0.0000 0.0000 0.0601 0.0018 0.0015 0.0000 0.0000 0.0360 0.0000 0.0014 0.0148 0.1282 0.0000 0.0255 0.2876
144      144   (0)      8  : 0.0000 0.0000 0.0000 0.0000 0.0000 0.0000 0.0000 0.0000 0.0000 0.0000 0.0000 0.0000 0.0000 0.0714 0.9286 0.0000 0.0000 0.0000 0.0000
145      145   (0)      8  : 0.1232 0.0000 0.0000 0.1578 0.0000 0.0029 0.0004 0.0005 0.0000 0.0005 0.0000 0.1484 0.0009 0.0179 0.0751 0.0997 0.0001 0.0545 0.3181
146      146   (0)      3  : 0.0000 0.0000 0.0000 0.1179 0.0000 0.0000 0.4542 0.0000 0.0000 0.0000 0.0000 0.0493 0.0033 0.0078 0.0134 0.2225 0.0000 0.1103 0.0213
147      147   (0)      3  : 0.0005 0.0000 0.0000 0.0875 0.1156 0.0000 0.2432 0.0000 0.0000 0.4766 0.0000 0.0028 0.0000 0.0000 0.0062 0.0212 0.0000 0.0000 0.0464
148      148   (0)      3  : 0.0062 0.0000 0.0000 0.0686 0.0000 0.0000 0.7202 0.0000 0.0000 0.0000 0.0000 0.1604 0.0000 0.0027 0.0000 0.0010 0.0000 0.0000 0.0409
149      149   (0)      3  : 0.0070 0.0000 0.0000 0.3700 0.0010 0.0000 0.0735 0.0000 0.0000 0.0091 0.0000 0.0249 0.0014 0.0000 0.0422 0.2425 0.0000 0.0200 0.2084
150      150   (0)      3  : 0.0400 0.0000 0.0033 0.2927 0.0000 0.0000 0.2337 0.0000 0.0000 0.0000 0.0000 0.1613 0.0000 0.0097 0.0042 0.1345 0.0000 0.0566 0.0641
151      151   (0)      3  : 0.0055 0.0000 0.0099 0.1327 0.0000 0.0000 0.2877 0.0000 0.0000 0.0478 0.0000 0.2418 0.0000 0.0023 0.1162 0.1260 0.0000 0.0000 0.0300
152      152   (0)      3  : 0.0001 0.0000 0.0008 0.4073 0.0000 0.0000 0.0000 0.0000 0.0000 0.0000 0.0000 0.0420 0.0000 0.0000 0.1048 0.2665 0.0000 0.0000 0.1785
153      153   (0)      3  : 0.0000 0.0000 0.0000 0.3073 0.0000 0.0000 0.1155 0.0000 0.0000 0.0000 0.0000 0.0498 0.0000 0.0000 0.0885 0.3124 0.0000 0.0000 0.1265
154      154   (0)      3  : 0.0289 0.0000 0.0000 0.1806 0.0019 0.0000 0.1549 0.0000 0.0000 0.0000 0.0000 0.0990 0.0000 0.0000 0.0160 0.4467 0.0000 0.0100 0.0622
155      155   (0)      3  : 0.0238 0.0000 0.0000 0.1998 0.0000 0.0000 0.0632 0.0000 0.0000 0.0000 0.0000 0.0354 0.0000 0.0051 0.0953 0.3850 0.0000 0.0000 0.1925
156      156   (0)      3  : 0.0000 0.0000 0.0000 0.2299 0.0346 0.0044 0.0000 0.0000 0.0000 0.0009 0.0000 0.0215 0.0000 0.0115 0.2157 0.3732 0.0000 0.0042 0.1040
157      157   (0)      3  : 0.0032 0.0000 0.0000 0.2879 0.0580 0.0000 0.0195 0.0000 0.0000 0.0000 0.0000 0.0152 0.0000 0.0000 0.0261 0.2098 0.0000 0.1646 0.2158
158      158   (0)      3  : 0.0273 0.0000 0.0009 0.3891 0.0000 0.0000 0.0205 0.0000 0.0000 0.0000 0.0000 0.0257 0.0000 0.0000 0.0497 0.1769 0.0000 0.1079 0.2021
159      159   (0)      3  : 0.0125 0.0000 0.0000 0.3872 0.0000 0.0000 0.0174 0.0000 0.0225 0.0000 0.0000 0.0218 0.0000 0.0000 0.0413 0.2350 0.0000 0.0678 0.1946
160      160   (0)      3  : 0.0000 0.0000 0.0000 0.1443 0.1585 0.0000 0.0000 0.0000 0.0000 0.5224 0.0001 0.0000 0.0000 0.0000 0.0106 0.0024 0.0000 0.0000 0.1617
161      161   (0)      3  : 0.0180 0.0000 0.0117 0.3379 0.0000 0.0000 0.0054 0.0000 0.0208 0.0000 0.0000 0.3303 0.0000 0.0057 0.0829 0.0996 0.0000 0.0000 0.0877
162      162   (0)      3  : 0.0099 0.0000 0.0000 0.1270 0.0000 0.0000 0.6062 0.0000 0.0000 0.0000 0.0000 0.0238 0.0000 0.0002 0.0647 0.1365 0.0000 0.0000 0.0316
163      163   (0)      3  : 0.1024 0.0000 0.0000 0.3919 0.0000 0.0000 0.0000 0.0000 0.0000 0.0000 0.0000 0.0321 0.0000 0.0048 0.0322 0.2499 0.0000 0.0012 0.1855
164      164   (0)      3  : 0.0327 0.0000 0.0000 0.1295 0.0000 0.0000 0.0677 0.0000 0.0000 0.0000 0.0000 0.2270 0.0000 0.0127 0.0144 0.3108 0.0000 0.0000 0.2053
165      165   (0)      3  : 0.0232 0.0000 0.0000 0.4247 0.0000 0.0000 0.0000 0.0000 0.0000 0.0000 0.0000 0.0328 0.0000 0.0000 0.0688 0.2951 0.0000 0.0219 0.1334
166      166   (0)      3  : 0.0000 0.0000 0.0000 0.0599 0.0071 0.0000 0.5688 0.0000 0.0004 0.0000 0.0000 0.1008 0.0000 0.0036 0.1277 0.1316 0.0000 0.0000 0.0000
167      167   (0)      3  : 0.0297 0.0000 0.0000 0.2607 0.0000 0.0000 0.0013 0.0000 0.0000 0.0000 0.0000 0.1219 0.0000 0.0134 0.0175 0.3840 0.0000 0.0509 0.1205
168      168   (0)      3  : 0.0251 0.0000 0.0000 0.2818 0.0000 0.0000 0.2692 0.0006 0.0000 0.0000 0.0000 0.0178 0.0000 0.0007 0.0456 0.0944 0.0000 0.0008 0.2641
169      169   (0)      3  : 0.0065 0.0000 0.0000 0.3287 0.0006 0.0000 0.0058 0.0000 0.0021 0.0000 0.0000 0.0191 0.0000 0.0003 0.0955 0.2204 0.0000 0.1550 0.1659
170      170   (0)      3  : 0.1120 0.0000 0.0001 0.1626 0.0000 0.0000 0.0000 0.0000 0.0000 0.0000 0.0000 0.0537 0.0000 0.0073 0.0742 0.3490 0.0000 0.0000 0.2410
171      171   (0)      3  : 0.0479 0.0000 0.0000 0.4331 0.0000 0.0000 0.0000 0.0000 0.0000 0.0029 0.0000 0.0070 0.0000 0.0000 0.0299 0.1347 0.0000 0.0296 0.3149
172      172   (0)      3  : 0.1401 0.0000 0.0000 0.2911 0.0000 0.0000 0.0046 0.0000 0.0000 0.0000 0.0000 0.0333 0.0001 0.0021 0.0279 0.3747 0.0000 0.0151 0.1109
173      173   (0)      3  : 0.0178 0.0000 0.0000 0.3618 0.0000 0.0000 0.0000 0.0000 0.0186 0.0000 0.0000 0.0483 0.0000 0.0032 0.1320 0.2511 0.0000 0.0001 0.1671
174      174   (0)      3  : 0.0224 0.0000 0.0000 0.2243 0.0000 0.0000 0.0959 0.0000 0.0000 0.0000 0.0000 0.2688 0.0000 0.0000 0.0159 0.2840 0.0000 0.0069 0.0817
175      175   (0)      8  : 0.0169 0.0000 0.0000 0.1120 0.0000 0.0000 0.2147 0.0000 0.0000 0.0000 0.0000 0.2420 0.0000 0.0000 0.0197 0.3593 0.0000 0.0063 0.0291
176      176   (0)      8  : 0.0000 0.0000 0.0000 0.0000 0.0000 0.0000 0.0000 0.0000 0.0098 0.0000 0.0000 0.0000 0.0000 0.0566 0.7563 0.0220 0.0000 0.1553 0.0000
177      177   (0)      8  : 0.0010 0.0000 0.0004 0.2566 0.0000 0.0000 0.3169 0.0000 0.0014 0.0000 0.0000 0.0191 0.0000 0.0000 0.0326 0.1213 0.0000 0.0408 0.2099
178      178   (0)      8  : 0.0333 0.0000 0.0000 0.2633 0.0000 0.0000 0.0000 0.0000 0.1054 0.0000 0.0000 0.2434 0.0000 0.0140 0.1679 0.0618 0.0000 0.0000 0.1109
179      179   (0)      8  : 0.0339 0.0000 0.0000 0.1569 0.0000 0.0000 0.3815 0.0000 0.0000 0.0000 0.0000 0.0281 0.0000 0.0014 0.0341 0.1715 0.0103 0.0053 0.1771
180      180   (0)      8  : 0.0029 0.0000 0.0000 0.1954 0.0171 0.0000 0.2776 0.0023 0.0117 0.0000 0.0000 0.0621 0.0020 0.0000 0.0358 0.2660 0.0000 0.0432 0.0838
181      181   (0)      8  : 0.0299 0.0000 0.0000 0.1768 0.0000 0.0046 0.2351 0.0000 0.0000 0.0000 0.0000 0.0318 0.0000 0.0122 0.0463 0.2699 0.0000 0.0123 0.1810
182      182   (0)      1  : 0.2718 0.0000 0.0029 0.3379 0.0000 0.0000 0.0000 0.0000 0.1086 0.0000 0.0000 0.0001 0.0000 0.0000 0.0092 0.0150 0.0000 0.0000 0.2546
183      183   (0)      1  : 0.2069 0.0000 0.0039 0.0322 0.0000 0.0000 0.3283 0.0000 0.2768 0.0000 0.0000 0.0363 0.0000 0.0008 0.0000 0.0000 0.0000 0.0106 0.1042
184      184   (0)      1  : 0.1553 0.0000 0.0213 0.3211 0.0000 0.0000 0.0000 0.0000 0.2592 0.0000 0.0000 0.1342 0.0000 0.0103 0.0089 0.0000 0.0010 0.0000 0.0887
185      185   (0)      1  : 0.2000 0.0000 0.0000 0.0247 0.0000 0.0000 0.3945 0.0000 0.3091 0.0508 0.0000 0.0027 0.0000 0.0000 0.0000 0.0000 0.0000 0.0000 0.0181
186      186   (0)      1  : 0.1668 0.0000 0.0000 0.4104 0.0000 0.0000 0.0065 0.0000 0.3241 0.0000 0.0000 0.0209 0.0000 0.0000 0.0000 0.0028 0.0000 0.0000 0.0685
187      187   (0)      1  : 0.0235 0.0035 0.0000 0.2302 0.0204 0.0000 0.1939 0.0020 0.2261 0.0000 0.0000 0.0171 0.0099 0.0030 0.0616 0.0654 0.0000 0.1067 0.0370
188      188   (0)      1  : 0.2666 0.0000 0.0000 0.3665 0.0000 0.0000 0.0008 0.0000 0.1897 0.0000 0.0000 0.0261 0.0000 0.0021 0.0012 0.0005 0.0000 0.0000 0.1464
189      189   (0)      1  : 0.2415 0.0000 0.0000 0.3911 0.0000 0.0000 0.0905 0.0000 0.1103 0.0000 0.0000 0.0108 0.0000 0.0000 0.0077 0.0003 0.0000 0.0001 0.1477
190      190   (0)      2  : 0.0175 0.0000 0.0000 0.0449 0.0000 0.0000 0.4344 0.0000 0.0853 0.0000 0.0000 0.3952 0.0000 0.0094 0.0000 0.0006 0.0000 0.0000 0.0128
191      191   (0)      2  : 0.0745 0.0000 0.0000 0.2834 0.0000 0.0000 0.0000 0.0000 0.0421 0.0000 0.0000 0.0065 0.0000 0.0000 0.0083 0.2031 0.0000 0.0198 0.3624
192      192   (0)      2  : 0.2307 0.0000 0.0000 0.2311 0.0000 0.0000 0.1154 0.0000 0.0905 0.0013 0.0000 0.0179 0.0000 0.0000 0.0360 0.1304 0.0003 0.0000 0.1465
193      193   (0)      2  : 0.0002 0.0000 0.0000 0.0073 0.0000 0.0135 0.5578 0.0000 0.0000 0.0000 0.0000 0.0710 0.0000 0.0211 0.0000 0.3073 0.0000 0.0173 0.0044
194      194   (0)      2  : 0.0048 0.0000 0.0030 0.1613 0.0000 0.0000 0.1156 0.0000 0.0070 0.0000 0.0000 0.0006 0.0000 0.0000 0.0009 0.0049 0.0000 0.0035 0.6984
195      195   (0)      2  : 0.0000 0.0000 0.0000 0.0300 0.0000 0.0000 0.8348 0.0000 0.0000 0.0000 0.0000 0.0218 0.0000 0.0000 0.0061 0.1073 0.0000 0.0000 0.0000
196      196   (0)      2  : 0.0456 0.0000 0.0000 0.0560 0.0000 0.0000 0.0139 0.0000 0.3626 0.0000 0.0000 0.3114 0.0000 0.0010 0.0000 0.0000 0.0000 0.0000 0.2095
197      197   (0)      2  : 0.0309 0.0000 0.0000 0.0093 0.0000 0.0000 0.0101 0.0000 0.1356 0.0000 0.0000 0.5567 0.0000 0.0198 0.0000 0.0947 0.0000 0.0000 0.1429
198      198   (0)      1  : 0.0757 0.0000 0.0114 0.1566 0.0000 0.0000 0.4349 0.0000 0.1361 0.0000 0.0000 0.0872 0.0000 0.0059 0.0000 0.0419 0.0000 0.0116 0.0387
199      199   (0)      1  : 0.1889 0.0000 0.0000 0.1652 0.0000 0.0000 0.0000 0.0000 0.4832 0.0000 0.0000 0.0010 0.0000 0.0009 0.0112 0.0123 0.0000 0.0150 0.1224
200      200   (0)      1  : 0.0708 0.0000 0.0067 0.0280 0.0000 0.0000 0.3198 0.0000 0.3666 0.0000 0.0000 0.0864 0.0021 0.0000 0.0421 0.0775 0.0000 0.0000 0.0000
201      201   (0)      1  : 0.0000 0.0000 0.0000 0.0786 0.0171 0.0000 0.0697 0.0000 0.6796 0.0000 0.0000 0.0890 0.0455 0.0000 0.0050 0.0000 0.0000 0.0004 0.0151
202      202   (0)      1  : 0.0095 0.0000 0.0000 0.0000 0.0000 0.0000 0.1702 0.0000 0.5636 0.0094 0.0000 0.2474 0.0000 0.0000 0.0000 0.0000 0.0000 0.0000 0.0000
203      203   (0)      1  : 0.1196 0.0000 0.0000 0.0000 0.0000 0.0000 0.0000 0.0000 0.8612 0.0000 0.0000 0.0192 0.0000 0.0000 0.0000 0.0000 0.0000 0.0000 0.0000
204      204   (0)      2  : 0.0000 0.0000 0.0000 0.0228 0.0000 0.0000 0.1323 0.0000 0.0079 0.4603 0.0000 0.2090 0.0000 0.0029 0.0931 0.0501 0.0000 0.0000 0.0215
205      205   (0)      2  : 0.0093 0.0000 0.0018 0.0094 0.0000 0.0000 0.2635 0.0000 0.3118 0.0000 0.0000 0.2869 0.0021 0.0023 0.0018 0.0000 0.0000 0.0000 0.1112
206      206   (0)      2  : 0.0000 0.0000 0.0000 0.0243 0.0446 0.0000 0.0813 0.0000 0.0000 0.7394 0.0000 0.0130 0.0000 0.0000 0.0023 0.0946 0.0000 0.0005 0.0000
207      207   (0)      2  : 0.2964 0.0000 0.0000 0.0893 0.0000 0.0000 0.0000 0.0000 0.0318 0.0000 0.0000 0.0208 0.0000 0.0000 0.0129 0.0624 0.0313 0.0016 0.4535
208      208   (0)      2  : 0.0001 0.0000 0.0002 0.0000 0.0000 0.0000 0.8701 0.0000 0.0000 0.0000 0.0000 0.1267 0.0000 0.0016 0.0000 0.0000 0.0000 0.0011 0.0001
209      209   (0)      2  : 0.1478 0.0000 0.0000 0.2597 0.0000 0.0000 0.0000 0.0000 0.0000 0.0069 0.0000 0.0334 0.0000 0.0055 0.0000 0.0128 0.0000 0.0000 0.5339
210      210   (0)      2  : 0.0231 0.0000 0.0006 0.0080 0.0000 0.0000 0.2760 0.0000 0.0024 0.0000 0.0000 0.6098 0.0000 0.0177 0.0000 0.0368 0.0000 0.0058 0.0198
211      211   (0)      1  : 0.0753 0.0000 0.0055 0.0012 0.0000 0.0000 0.4684 0.0000 0.1403 0.0000 0.0000 0.2971 0.0000 0.0000 0.0000 0.0000 0.0060 0.0063 0.0000
212      212   (0)      1  : 0.1182 0.0000 0.0000 0.1099 0.0000 0.0000 0.0000 0.0000 0.4754 0.0000 0.0000 0.0253 0.0006 0.0013 0.1251 0.0716 0.0001 0.0561 0.0163
213      213   (0)      1  : 0.2599 0.0000 0.0000 0.0671 0.0000 0.0011 0.1695 0.0000 0.2937 0.0000 0.0000 0.0368 0.0000 0.0202 0.0246 0.0902 0.0000 0.0214 0.0154
214      214   (0)      1  : 0.2783 0.0000 0.0000 0.0245 0.0000 0.0000 0.0000 0.0000 0.4181 0.0000 0.0009 0.0076 0.0276 0.0016 0.0000 0.0004 0.0001 0.0182 0.2227
215      215   (0)      1  : 0.0661 0.0000 0.0000 0.0044 0.0000 0.0000 0.7203 0.0000 0.1510 0.0000 0.0000 0.0582 0.0000 0.0000 0.0000 0.0000 0.0000 0.0000 0.0000
216      216   (0)      1  : 0.0846 0.0000 0.0018 0.2512 0.0000 0.0000 0.0000 0.0000 0.5204 0.0000 0.0000 0.0659 0.0008 0.0006 0.0060 0.0000 0.0000 0.0000 0.0687
217      217   (0)      1  : 0.1576 0.0000 0.0000 0.1827 0.0000 0.0000 0.0029 0.0000 0.5250 0.0000 0.0000 0.0466 0.0146 0.0007 0.0000 0.0011 0.0068 0.0002 0.0616
218      218   (0)      1  : 0.0000 0.0000 0.0000 0.0122 0.0000 0.0000 0.4226 0.0000 0.5061 0.0000 0.0000 0.0076 0.0076 0.0000 0.0000 0.0373 0.0000 0.0066 0.0000
219      219   (0)      2  : 0.1011 0.0000 0.0000 0.1327 0.0000 0.0000 0.3879 0.0000 0.1483 0.0000 0.0000 0.0457 0.0000 0.0000 0.0023 0.0000 0.0000 0.0007 0.1812
220      220   (0)      2  : 0.0082 0.0000 0.0000 0.0417 0.0000 0.0000 0.3842 0.0000 0.1049 0.0000 0.0000 0.2571 0.0000 0.0028 0.0806 0.0895 0.0000 0.0309 0.0000
221      221   (0)      2  : 0.1209 0.0000 0.0000 0.2921 0.0000 0.0000 0.0000 0.0059 0.1727 0.0000 0.0000 0.1088 0.0000 0.0008 0.0113 0.0027 0.0000 0.0000 0.2847
222      222   (0)      2  : 0.0685 0.0000 0.0000 0.3091 0.0000 0.0000 0.1336 0.0000 0.2154 0.0000 0.0000 0.0036 0.0000 0.0000 0.0040 0.1250 0.0000 0.0709 0.0699
223      223   (0)      2  : 0.0083 0.0000 0.0000 0.2445 0.0000 0.0000 0.0000 0.0000 0.3887 0.0000 0.0000 0.0321 0.0000 0.0002 0.0728 0.0003 0.0060 0.0000 0.2471
224      224   (0)      2  : 0.0140 0.0000 0.0000 0.0786 0.0000 0.0000 0.7677 0.0000 0.0000 0.0161 0.0000 0.0766 0.0000 0.0000 0.0000 0.0000 0.0000 0.0000 0.0469
225      225   (0)      2  : 0.0422 0.0000 0.0001 0.1351 0.0000 0.0000 0.2062 0.0000 0.0597 0.0000 0.0000 0.4834 0.0000 0.0134 0.0000 0.0017 0.0000 0.0000 0.0581
226      226   (0)      2  : 0.1566 0.0000 0.0000 0.5043 0.0000 0.0010 0.0000 0.0000 0.0982 0.0000 0.0000 0.0438 0.0189 0.0049 0.0238 0.0104 0.0000 0.0124 0.1257
227      227   (0)      2  : 0.2524 0.0000 0.0023 0.4384 0.0000 0.0000 0.0956 0.0000 0.0395 0.0000 0.0000 0.0509 0.0000 0.0000 0.0000 0.0000 0.0000 0.0000 0.1209
228      228   (0)      2  : 0.1558 0.0000 0.0000 0.4722 0.0000 0.0000 0.0936 0.0000 0.0350 0.0000 0.0000 0.0371 0.0000 0.0000 0.0000 0.0081 0.0000 0.0027 0.1955
229      229   (0)      2  : 0.1088 0.0000 0.0000 0.5166 0.0000 0.0000 0.0199 0.0000 0.0000 0.0000 0.0000 0.0000 0.0004 0.0000 0.0000 0.0000 0.0000 0.0000 0.3542
230      230   (0)      2  : 0.0000 0.0000 0.0000 0.0799 0.0000 0.0000 0.2419 0.0018 0.0000 0.6398 0.0000 0.0000 0.0000 0.0027 0.0000 0.0000 0.0000 0.0000 0.0338
231      231   (0)      2  : 0.1182 0.0000 0.0000 0.2530 0.0000 0.0000 0.1592 0.0000 0.0546 0.0000 0.0000 0.0045 0.0000 0.0004 0.0263 0.1325 0.0000 0.1731 0.0781
232      232   (0)      2  : 0.0748 0.0000 0.0000 0.0859 0.0000 0.0000 0.3427 0.0000 0.0366 0.0000 0.0000 0.0316 0.0000 0.0026 0.0000 0.0073 0.0033 0.0264 0.3888
233      233   (0)      9  : 0.0000 0.0000 1.0000 0.0000 0.0000 0.0000 0.0000 0.0000 0.0000 0.0000 0.0000 0.0000 0.0000 0.0000 0.0000 0.0000 0.0000 0.0000 0.0000
234      234   (0)      9  : 0.0000 0.0000 0.0000 0.0346 0.0196 0.5155 0.0000 0.0491 0.0000 0.0000 0.0187 0.0000 0.0000 0.2577 0.0000 0.0000 0.0000 0.1048 0.0000
235      235   (0)      9  : 0.0000 0.0000 0.9824 0.0000 0.0000 0.0000 0.0000 0.0000 0.0000 0.0000 0.0000 0.0000 0.0000 0.0176 0.0000 0.0000 0.0000 0.0000 0.0000
236      236   (0)      9  : 0.0000 0.0000 0.0000 0.0359 0.0082 0.5159 0.0000 0.0436 0.0000 0.0000 0.0865 0.0000 0.0000 0.1430 0.0000 0.0301 0.0000 0.1368 0.0000
237      237   (0)      9  : 0.0000 0.0000 0.9881 0.0000 0.0000 0.0000 0.0000 0.0000 0.0000 0.0000 0.0000 0.0000 0.0119 0.0000 0.0000 0.0000 0.0000 0.0000 0.0000
238      238   (0)      9  : 0.0000 0.0000 0.8193 0.0000 0.0000 0.0000 0.0000 0.0000 0.0000 0.0000 0.0000 0.0000 0.1087 0.0714 0.0000 0.0000 0.0006 0.0000 0.0000
239      239   (0)      9  : 0.0000 0.0899 0.0000 0.0000 0.0017 0.6231 0.0016 0.0016 0.0000 0.0000 0.0225 0.0116 0.0000 0.2092 0.0000 0.0000 0.0000 0.0388 0.0000
240      240   (0)      9  : 0.0000 0.0000 0.0000 0.0055 0.0037 0.7389 0.0000 0.0099 0.0000 0.0000 0.0725 0.0000 0.0000 0.1536 0.0000 0.0000 0.0000 0.0159 0.0000
241      241   (0)     10  : 0.0000 0.0010 0.0000 0.0115 0.0000 0.4874 0.0000 0.0000 0.0000 0.0000 0.0000 0.0000 0.0000 0.3973 0.0000 0.0000 0.0000 0.1027 0.0000
242      242   (0)     10  : 0.0000 0.0000 0.0000 0.0000 0.0000 0.7838 0.0000 0.0048 0.0000 0.0000 0.0000 0.0000 0.0000 0.1951 0.0000 0.0000 0.0162 0.0000 0.0000
243      243   (0)     10  : 0.0171 0.0000 0.0000 0.0197 0.0000 0.4481 0.0000 0.0000 0.0000 0.0000 0.0000 0.0000 0.0000 0.3828 0.0037 0.0184 0.0000 0.1101 0.0000
244      244   (0)     11  : 0.0000 0.0000 0.0000 0.0146 0.0000 0.0000 0.0000 0.0000 0.0000 0.0000 0.0000 0.0000 0.9854 0.0000 0.0000 0.0000 0.0000 0.0001 0.0000
245      245   (0)     11  : 0.0000 0.0000 0.0000 0.0099 0.0000 0.0000 0.0000 0.0000 0.0000 0.0000 0.0000 0.0000 0.9427 0.0233 0.0000 0.0000 0.0000 0.0241 0.0000
246      246   (0)     11  : 0.0000 0.0000 0.0000 0.0000 0.0000 0.0000 0.0000 0.0000 0.0000 0.0000 0.0000 0.0000 1.0000 0.0000 0.0000 0.0000 0.0000 0.0000 0.0000
247      247   (0)     11  : 0.0000 0.0000 0.4136 0.0096 0.0000 0.0000 0.0000 0.0000 0.0000 0.0000 0.0000 0.0000 0.4263 0.0095 0.0000 0.0000 0.1291 0.0119 0.0000
248      248   (0)     11  : 0.0000 0.0000 0.0000 0.0000 0.0000 0.0000 0.0000 0.0000 0.0000 0.0000 0.0000 0.0000 1.0000 0.0000 0.0000 0.0000 0.0000 0.0000 0.0000
249      249   (0)     11  : 0.0000 0.0033 0.0000 0.0000 0.0000 0.2971 0.0000 0.0268 0.0000 0.0000 0.3331 0.0000 0.0657 0.2340 0.0000 0.0000 0.0000 0.0400 0.0000
250      250   (0)     11  : 0.0000 0.1609 0.0053 0.0000 0.0001 0.1733 0.0000 0.0584 0.0000 0.0000 0.2502 0.0000 0.0005 0.2535 0.0000 0.0027 0.0000 0.0952 0.0000
251      251   (0)     10  : 0.0000 0.0000 0.0813 0.0023 0.0000 0.3695 0.0000 0.0000 0.0138 0.0000 0.0000 0.0014 0.0000 0.4179 0.0074 0.0037 0.0142 0.0885 0.0000
252      252   (0)     10  : 0.0000 0.0000 0.0000 0.0000 0.0087 0.5829 0.0000 0.0000 0.0000 0.0037 0.0000 0.0000 0.0000 0.3412 0.0000 0.0000 0.0069 0.0565 0.0000
253      253   (0)     10  : 0.0000 0.0000 0.0000 0.0000 0.0000 0.8710 0.0000 0.0000 0.0000 0.0000 0.0000 0.0000 0.0000 0.1290 0.0000 0.0000 0.0000 0.0000 0.0000
254      254   (0)     10  : 0.0000 0.0000 0.0000 0.0004 0.0000 0.7464 0.0000 0.0321 0.0167 0.0000 0.0000 0.0000 0.0007 0.1798 0.0000 0.0000 0.0000 0.0174 0.0065
255      255   (0)     10  : 0.0000 0.0000 0.0000 0.0000 0.0000 0.3684 0.1140 0.0066 0.0000 0.0000 0.0920 0.0076 0.0000 0.3572 0.0000 0.0000 0.0000 0.0541 0.0000
256      256   (0)     10  : 0.0000 0.0000 0.0000 0.0033 0.0032 0.3786 0.0000 0.0016 0.0000 0.0000 0.0613 0.0000 0.0252 0.3994 0.0000 0.0033 0.0000 0.1241 0.0000
257      257   (0)     10  : 0.0000 0.0000 0.0175 0.0000 0.0100 0.5406 0.0000 0.0000 0.0000 0.0270 0.0648 0.0000 0.0000 0.2726 0.0000 0.0000 0.0000 0.0676 0.0000
258      258   (0)     10  : 0.0000 0.0000 0.0000 0.0000 0.0000 0.6666 0.0000 0.0000 0.0000 0.0000 0.0392 0.0000 0.0000 0.2663 0.0000 0.0000 0.0003 0.0276 0.0000
259      259   (0)     10  : 0.0000 0.0000 0.0064 0.0171 0.0389 0.4504 0.0000 0.0034 0.0000 0.0000 0.0000 0.0000 0.0105 0.4142 0.0000 0.0000 0.0000 0.0591 0.0000
260      260   (0)     10  : 0.0000 0.0000 0.0000 0.0135 0.0000 0.4294 0.0000 0.1322 0.0000 0.0000 0.0274 0.0000 0.0000 0.3169 0.0000 0.0066 0.0000 0.0740 0.0000
261      261   (0)     10  : 0.0000 0.0000 0.1895 0.0354 0.0000 0.1813 0.0000 0.0205 0.0000 0.0000 0.0000 0.0000 0.0347 0.3725 0.0000 0.0000 0.0000 0.1660 0.0000
262      262   (0)     10  : 0.0000 0.0107 0.0000 0.0427 0.0019 0.2277 0.0000 0.0058 0.0000 0.0000 0.0063 0.0000 0.0168 0.4591 0.0000 0.0108 0.0000 0.2182 0.0000
263      263   (0)     10  : 0.0000 0.0000 0.0000 0.0066 0.0133 0.5200 0.0000 0.0044 0.0000 0.0000 0.0000 0.0000 0.0002 0.4063 0.0000 0.0000 0.0009 0.0483 0.0000
264      264   (0)     10  : 0.0000 0.0000 0.0000 0.0021 0.0000 0.4189 0.0000 0.0000 0.0000 0.0000 0.0000 0.0000 0.0000 0.5016 0.0000 0.0000 0.0000 0.0774 0.0000
265      265   (0)     10  : 0.0000 0.0000 0.0000 0.0000 0.0000 0.3519 0.0000 0.0000 0.0000 0.0000 0.1112 0.0000 0.0000 0.4438 0.0000 0.0000 0.0000 0.0931 0.0000
266      266   (0)     10  : 0.0000 0.0000 0.0000 0.0008 0.0106 0.7890 0.0000 0.0697 0.0000 0.0000 0.0000 0.0000 0.0000 0.1298 0.0000 0.0000 0.0000 0.0000 0.0000
267      267   (0)     10  : 0.0000 0.0000 0.5680 0.0060 0.0000 0.0252 0.0065 0.0000 0.0000 0.0000 0.0000 0.0368 0.1779 0.0947 0.0000 0.0000 0.0851 0.0000 0.0000
268      268   (0)     10  : 0.0000 0.0030 0.0000 0.0000 0.0000 0.4203 0.0000 0.0314 0.0000 0.0000 0.0000 0.0000 0.0000 0.4462 0.0013 0.0204 0.0000 0.0775 0.0000
269      269   (0)     10  : 0.0000 0.0003 0.0006 0.0186 0.0000 0.3225 0.0000 0.0000 0.0000 0.0000 0.0000 0.0000 0.0000 0.4872 0.0000 0.0090 0.0078 0.1541 0.0000
270      270   (0)     10  : 0.0000 0.0000 0.0000 0.0027 0.0000 0.5529 0.0000 0.0000 0.0198 0.0000 0.0000 0.0000 0.0051 0.3704 0.0000 0.0000 0.0000 0.0491 0.0000
271      271   (0)     10  : 0.0000 0.0000 0.0000 0.0000 0.0000 0.5310 0.0000 0.0000 0.0000 0.0000 0.0048 0.0000 0.0000 0.3618 0.0163 0.0000 0.0256 0.0606 0.0000
272      272   (0)     10  : 0.0000 0.0000 0.0000 0.0000 0.0000 0.9029 0.0000 0.0000 0.0000 0.0000 0.0000 0.0000 0.0000 0.0971 0.0000 0.0000 0.0000 0.0000 0.0000
273      273   (0)     12  : 0.0000 0.8795 0.0000 0.0099 0.0000 0.0000 0.0000 0.0000 0.0000 0.0000 0.1056 0.0000 0.0000 0.0049 0.0000 0.0000 0.0000 0.0000 0.0000
274      274   (0)     12  : 0.0000 0.9729 0.0000 0.0162 0.0000 0.0000 0.0000 0.0000 0.0000 0.0000 0.0000 0.0000 0.0000 0.0088 0.0000 0.0000 0.0021 0.0000 0.0000
275      275   (0)     12  : 0.0000 0.9970 0.0000 0.0007 0.0000 0.0000 0.0000 0.0000 0.0000 0.0000 0.0000 0.0000 0.0000 0.0000 0.0000 0.0000 0.0000 0.0023 0.0000
276      276   (0)     12  : 0.0000 0.8529 0.0000 0.0000 0.0000 0.0000 0.0000 0.1435 0.0000 0.0000 0.0011 0.0000 0.0000 0.0025 0.0000 0.0000 0.0000 0.0000 0.0000
277      277   (0)     12  : 0.0000 0.9341 0.0234 0.0221 0.0000 0.0000 0.0000 0.0000 0.0000 0.0000 0.0000 0.0000 0.0000 0.0120 0.0000 0.0020 0.0000 0.0064 0.0000
278      278   (0)     12  : 0.0000 0.1830 0.0000 0.1321 0.0000 0.0000 0.0000 0.0000 0.0000 0.0000 0.0000 0.0000 0.2678 0.0792 0.0000 0.0000 0.3153 0.0227 0.0000
279      279   (0)     12  : 0.0000 0.0535 0.0000 0.1355 0.0000 0.0000 0.0000 0.0000 0.0000 0.0000 0.0000 0.0000 0.3800 0.0717 0.0000 0.0000 0.3410 0.0182 0.0000
280      280   (0)     12  : 0.0000 1.0000 0.0000 0.0000 0.0000 0.0000 0.0000 0.0000 0.0000 0.0000 0.0000 0.0000 0.0000 0.0000 0.0000 0.0000 0.0000 0.0000 0.0000
281      281   (0)     12  : 0.0000 0.8619 0.0000 0.0000 0.0000 0.0000 0.0000 0.0000 0.0000 0.0000 0.1181 0.0000 0.0000 0.0200 0.0000 0.0000 0.0000 0.0000 0.0000
282      282   (0)     12  : 0.0003 0.7829 0.0000 0.0200 0.0000 0.0257 0.0000 0.0246 0.0000 0.0000 0.0000 0.0000 0.0072 0.0689 0.0008 0.0000 0.0499 0.0197 0.0000
283      283   (0)     12  : 0.0000 0.9616 0.0000 0.0140 0.0000 0.0000 0.0000 0.0000 0.0000 0.0000 0.0000 0.0000 0.0000 0.0078 0.0000 0.0000 0.0112 0.0054 0.0000
284      284   (0)     12  : 0.0000 0.0006 0.0000 0.1429 0.0000 0.0000 0.0000 0.0000 0.0000 0.0000 0.0000 0.0000 0.3510 0.0714 0.0000 0.0000 0.4341 0.0000 0.0000
285      285   (0)     12  : 0.0000 0.0887 0.0000 0.1429 0.0000 0.0000 0.0000 0.0000 0.0000 0.0000 0.0000 0.0000 0.3637 0.0714 0.0000 0.0000 0.3333 0.0000 0.0000
286      286   (0)     12  : 0.0000 0.1828 0.0000 0.1429 0.0000 0.0000 0.0000 0.0000 0.0000 0.0000 0.0000 0.0000 0.4384 0.0714 0.0000 0.0003 0.1581 0.0060 0.0000
287      287   (0)     12  : 0.0000 0.9975 0.0000 0.0000 0.0000 0.0000 0.0000 0.0000 0.0000 0.0000 0.0000 0.0000 0.0000 0.0025 0.0000 0.0000 0.0000 0.0000 0.0000
288      288   (0)     12  : 0.0000 1.0000 0.0000 0.0000 0.0000 0.0000 0.0000 0.0000 0.0000 0.0000 0.0000 0.0000 0.0000 0.0000 0.0000 0.0000 0.0000 0.0000 0.0000
289      289   (0)     12  : 0.0000 1.0000 0.0000 0.0000 0.0000 0.0000 0.0000 0.0000 0.0000 0.0000 0.0000 0.0000 0.0000 0.0000 0.0000 0.0000 0.0000 0.0000 0.0000
290      290   (0)     12  : 0.0000 0.9854 0.0000 0.0000 0.0000 0.0000 0.0000 0.0000 0.0000 0.0000 0.0000 0.0000 0.0000 0.0146 0.0000 0.0000 0.0000 0.0000 0.0000
291      291   (0)     12  : 0.0000 0.9931 0.0000 0.0000 0.0000 0.0000 0.0000 0.0000 0.0000 0.0000 0.0000 0.0000 0.0000 0.0069 0.0000 0.0000 0.0000 0.0000 0.0000
292      292   (0)     12  : 0.0000 1.0000 0.0000 0.0000 0.0000 0.0000 0.0000 0.0000 0.0000 0.0000 0.0000 0.0000 0.0000 0.0000 0.0000 0.0000 0.0000 0.0000 0.0000
293      293   (0)     12  : 0.0000 1.0000 0.0000 0.0000 0.0000 0.0000 0.0000 0.0000 0.0000 0.0000 0.0000 0.0000 0.0000 0.0000 0.0000 0.0000 0.0000 0.0000 0.0000
294      294   (0)     12  : 0.0000 0.9856 0.0000 0.0000 0.0000 0.0000 0.0000 0.0144 0.0000 0.0000 0.0000 0.0000 0.0000 0.0000 0.0000 0.0000 0.0000 0.0000 0.0000
295      295   (0)     12  : 0.0000 0.0000 0.0000 0.1429 0.0000 0.0000 0.0000 0.0000 0.0000 0.0000 0.0000 0.0000 0.3670 0.0714 0.0000 0.0000 0.4187 0.0000 0.0000
296      296   (0)     12  : 0.0000 0.9921 0.0000 0.0000 0.0000 0.0000 0.0000 0.0002 0.0000 0.0000 0.0057 0.0000 0.0000 0.0000 0.0000 0.0000 0.0019 0.0000 0.0000
297      297   (0)     12  : 0.0000 0.8822 0.0000 0.0000 0.0000 0.0000 0.0000 0.0685 0.0000 0.0000 0.0354 0.0000 0.0000 0.0139 0.0000 0.0000 0.0000 0.0000 0.0000
298      298   (0)     12  : 0.0000 0.0925 0.0012 0.1487 0.0000 0.0000 0.0000 0.0000 0.0000 0.0000 0.0000 0.0000 0.2831 0.0866 0.0000 0.0005 0.3666 0.0208 0.0000
299      299   (0)     12  : 0.0000 1.0000 0.0000 0.0000 0.0000 0.0000 0.0000 0.0000 0.0000 0.0000 0.0000 0.0000 0.0000 0.0000 0.0000 0.0000 0.0000 0.0000 0.0000
300      300   (0)     12  : 0.0000 0.0512 0.0000 0.1429 0.0000 0.0000 0.0000 0.0000 0.0000 0.0000 0.0000 0.0000 0.3890 0.0714 0.0000 0.0000 0.3455 0.0000 0.0000
301      301   (0)     13  : 0.0000 0.0000 0.0000 0.0086 0.0000 0.0000 0.0000 0.0001 0.0000 0.0000 0.8995 0.0000 0.0628 0.0079 0.0000 0.0000 0.0000 0.0212 0.0000
302      302   (0)     13  : 0.0000 0.0000 0.0000 0.0000 0.0000 0.0000 0.0000 0.0000 0.0000 0.0000 1.0000 0.0000 0.0000 0.0000 0.0000 0.0000 0.0000 0.0000 0.0000
303      303   (0)     13  : 0.0000 0.0000 0.0000 0.0000 0.0000 0.0000 0.0000 0.0000 0.0000 0.0000 0.9901 0.0000 0.0000 0.0099 0.0000 0.0000 0.0000 0.0000 0.0000
304      304   (0)     13  : 0.0000 0.0971 0.0789 0.0000 0.0000 0.0864 0.0000 0.2119 0.0000 0.0000 0.4897 0.0000 0.0000 0.0330 0.0000 0.0000 0.0000 0.0030 0.0000
305      305   (0)     13  : 0.0000 0.0000 0.0000 0.0000 0.0000 0.0000 0.0000 0.0000 0.0000 0.0000 1.0000 0.0000 0.0000 0.0000 0.0000 0.0000 0.0000 0.0000 0.0000
306      306   (0)     13  : 0.0000 0.0000 0.0000 0.0073 0.0000 0.0000 0.0000 0.0000 0.0000 0.0000 0.9761 0.0000 0.0041 0.0033 0.0000 0.0000 0.0000 0.0092 0.0000
307      307   (0)     13  : 0.0000 0.0000 0.0000 0.0000 0.0000 0.0793 0.0000 0.0000 0.0000 0.0000 0.8989 0.0000 0.0000 0.0218 0.0000 0.0000 0.0000 0.0000 0.0000
308      308   (0)     13  : 0.0000 0.0000 0.3199 0.0166 0.0000 0.0000 0.0000 0.0000 0.0055 0.0000 0.2329 0.0000 0.2701 0.0000 0.0000 0.0000 0.1003 0.0546 0.0000
309      309   (0)     13  : 0.0000 0.0000 0.0000 0.0258 0.0000 0.0000 0.0000 0.0000 0.0000 0.0000 0.5079 0.0000 0.3334 0.0586 0.0000 0.0000 0.0000 0.0743 0.0000
310      310   (0)     13  : 0.0000 0.1557 0.0000 0.0000 0.0000 0.0000 0.0000 0.0000 0.0000 0.0000 0.8386 0.0000 0.0000 0.0057 0.0000 0.0000 0.0000 0.0000 0.0000
311      311   (0)     13  : 0.0000 0.0000 0.0000 0.0000 0.0000 0.0000 0.0000 0.0000 0.0000 0.0000 0.9999 0.0000 0.0000 0.0000 0.0000 0.0000 0.0001 0.0000 0.0000
312      312   (0)     13  : 0.0000 0.0000 0.0000 0.0000 0.0000 0.0000 0.0000 0.0000 0.0000 0.0000 0.9753 0.0000 0.0000 0.0000 0.0000 0.0000 0.0000 0.0247 0.0000
313      313   (0)     13  : 0.0000 0.0000 0.0000 0.0000 0.0000 0.0000 0.0000 0.0000 0.0000 0.0000 1.0000 0.0000 0.0000 0.0000 0.0000 0.0000 0.0000 0.0000 0.0000
314      314   (0)     13  : 0.0000 0.0000 0.0000 0.0000 0.0000 0.0000 0.0000 0.0000 0.0000 0.0000 1.0000 0.0000 0.0000 0.0000 0.0000 0.0000 0.0000 0.0000 0.0000
315      315   (0)     13  : 0.0000 0.0000 0.0000 0.0000 0.0000 0.0000 0.0000 0.0000 0.0000 0.0000 1.0000 0.0000 0.0000 0.0000 0.0000 0.0000 0.0000 0.0000 0.0000
316      316   (0)     13  : 0.0000 0.0000 0.0000 0.0000 0.0000 0.0982 0.0000 0.0000 0.0000 0.0000 0.8233 0.0000 0.0000 0.0396 0.0000 0.0000 0.0388 0.0000 0.0000
317      317   (0)     13  : 0.0000 0.0000 0.0000 0.0000 0.0000 0.0000 0.0000 0.0000 0.0000 0.0000 0.9473 0.0000 0.0000 0.0159 0.0000 0.0000 0.0000 0.0368 0.0000
318      318   (0)     13  : 0.0000 0.0000 0.0000 0.0000 0.0000 0.0000 0.0000 0.0000 0.0000 0.0000 1.0000 0.0000 0.0000 0.0000 0.0000 0.0000 0.0000 0.0000 0.0000
319      319   (0)     13  : 0.0000 0.0000 0.0000 0.0000 0.0000 0.0025 0.0000 0.0000 0.0000 0.0000 0.9975 0.0000 0.0000 0.0000 0.0000 0.0000 0.0000 0.0000 0.0000
320      320   (0)     13  : 0.0000 0.0256 0.0299 0.0429 0.0000 0.0000 0.0000 0.0000 0.0000 0.0000 0.1583 0.0000 0.5377 0.0343 0.0000 0.0000 0.0842 0.0870 0.0000
321      321   (0)     13  : 0.0000 0.0000 0.0000 0.0022 0.0000 0.0000 0.0000 0.0089 0.0000 0.0000 0.9752 0.0000 0.0000 0.0010 0.0000 0.0000 0.0000 0.0125 0.0000
322      322   (0)     13  : 0.0000 0.0000 0.0000 0.0000 0.0000 0.0000 0.0000 0.0000 0.0000 0.0000 0.8839 0.0000 0.0000 0.0123 0.0000 0.0000 0.0927 0.0111 0.0000
323      323   (0)     13  : 0.0000 0.0000 0.0000 0.0000 0.0000 0.0000 0.0000 0.1116 0.0000 0.0000 0.8884 0.0000 0.0000 0.0000 0.0000 0.0000 0.0000 0.0000 0.0000
324      324   (0)     13  : 0.0000 0.0000 0.0000 0.0000 0.0000 0.0000 0.0000 0.2635 0.0000 0.0000 0.7351 0.0000 0.0000 0.0000 0.0000 0.0000 0.0000 0.0014 0.0000
325      325   (0)     14  : 0.0000 0.0001 0.0000 0.0000 0.0000 0.3026 0.0000 0.0000 0.0000 0.0000 0.6602 0.0000 0.0000 0.0304 0.0000 0.0000 0.0000 0.0068 0.0000
326      326   (0)     14  : 0.0000 0.0000 0.0000 0.0000 0.0000 0.9433 0.0000 0.0060 0.0000 0.0000 0.0190 0.0000 0.0000 0.0317 0.0000 0.0000 0.0000 0.0000 0.0000
327      327   (0)     14  : 0.0000 0.0000 1.0000 0.0000 0.0000 0.0000 0.0000 0.0000 0.0000 0.0000 0.0000 0.0000 0.0000 0.0000 0.0000 0.0000 0.0000 0.0000 0.0000
328      328   (0)     14  : 0.0000 0.2357 0.0000 0.0000 0.0000 0.4840 0.0000 0.0058 0.0000 0.0000 0.1823 0.0000 0.0000 0.0789 0.0000 0.0000 0.0000 0.0133 0.0000
329      329   (0)     14  : 0.0000 0.0000 0.0099 0.0000 0.0000 0.0000 0.0000 0.0000 0.0000 0.0000 0.0000 0.0000 0.9901 0.0000 0.0000 0.0000 0.0000 0.0000 0.0000
330      330   (0)     14  : 0.0000 0.0000 0.9793 0.0050 0.0000 0.0000 0.0000 0.0000 0.0000 0.0000 0.0000 0.0000 0.0000 0.0000 0.0000 0.0000 0.0000 0.0157 0.0000
331      331   (0)     14  : 0.0001 0.0000 0.4462 0.0220 0.0000 0.0000 0.0000 0.0000 0.0000 0.0000 0.0004 0.0000 0.4179 0.0403 0.0226 0.0000 0.0400 0.0104 0.0000
332      332   (0)     14  : 0.0000 0.1002 0.0871 0.0318 0.0000 0.1999 0.0000 0.0471 0.0000 0.0000 0.2317 0.0000 0.0000 0.2068 0.0000 0.0000 0.0000 0.0954 0.0000
333      333   (0)     14  : 0.0000 0.0000 0.7884 0.0171 0.0000 0.0000 0.0000 0.0000 0.0000 0.0000 0.0000 0.0000 0.0000 0.0790 0.0000 0.0000 0.1118 0.0037 0.0000
334      334   (0)     14  : 0.0001 0.0021 0.0000 0.0000 0.0000 0.6764 0.0000 0.0000 0.0000 0.0000 0.1529 0.0000 0.0096 0.1400 0.0000 0.0000 0.0189 0.0000 0.0000
335      335   (0)     14  : 0.0000 0.0114 0.0593 0.0194 0.0000 0.2511 0.0000 0.0310 0.0011 0.0000 0.2930 0.0000 0.0000 0.2336 0.0000 0.0000 0.0058 0.0945 0.0000
336      336   (0)     11  : 0.0000 0.0000 0.0166 0.0000 0.0000 0.0000 0.0000 0.0000 0.0000 0.0000 0.0000 0.0000 0.9834 0.0000 0.0000 0.0000 0.0000 0.0000 0.0000
337      337   (0)     11  : 0.0000 0.0746 0.0000 0.0000 0.0074 0.3989 0.0000 0.0000 0.0000 0.0000 0.3761 0.0000 0.0000 0.1160 0.0000 0.0000 0.0000 0.0270 0.0000
338      338   (0)     11  : 0.0000 0.0000 0.0000 0.0000 0.0000 0.0000 0.0000 0.0000 0.0000 0.0000 0.0000 0.0000 1.0000 0.0000 0.0000 0.0000 0.0000 0.0000 0.0000
339      339   (0)     10  : 0.0000 0.0000 0.0000 0.0000 0.0000 0.9143 0.0000 0.0000 0.0000 0.0000 0.0000 0.0000 0.0000 0.0857 0.0000 0.0000 0.0000 0.0000 0.0000
340      340   (0)     10  : 0.0000 0.0000 0.2948 0.0714 0.0000 0.0000 0.0000 0.0000 0.0000 0.0000 0.0000 0.0000 0.2884 0.0478 0.0000 0.0693 0.0000 0.2283 0.0000
341      341   (0)     11  : 0.0000 0.0000 0.0442 0.0315 0.0000 0.0000 0.0000 0.0000 0.0000 0.0000 0.0000 0.0000 0.7882 0.0674 0.0000 0.0000 0.0000 0.0670 0.0017
342      342   (0)     11  : 0.0000 0.0000 0.0000 0.0000 0.0000 0.0000 0.0000 0.0000 0.0000 0.0000 0.0000 0.0000 1.0000 0.0000 0.0000 0.0000 0.0000 0.0000 0.0000
343      343   (0)     11  : 0.0000 0.0000 0.3078 0.0000 0.0000 0.0000 0.0000 0.0000 0.0000 0.0000 0.0000 0.0000 0.6697 0.0225 0.0000 0.0000 0.0000 0.0000 0.0000
344      344   (0)     11  : 0.0000 0.0000 0.0000 0.0123 0.0000 0.0000 0.0000 0.0000 0.0000 0.0000 0.0000 0.0000 0.9784 0.0094 0.0000 0.0000 0.0000 0.0000 0.0000
345      345   (0)     11  : 0.0000 0.0000 0.0000 0.0000 0.0000 0.0000 0.0000 0.0000 0.0000 0.0000 0.0000 0.0000 1.0000 0.0000 0.0000 0.0000 0.0000 0.0000 0.0000
346      346   (0)     11  : 0.0000 0.0000 0.0965 0.0000 0.0000 0.0000 0.0000 0.0000 0.0000 0.0000 0.0000 0.0000 0.9035 0.0000 0.0000 0.0000 0.0000 0.0000 0.0000
347      347   (0)     11  : 0.0000 0.0298 0.0000 0.0000 0.0000 0.3795 0.0000 0.0000 0.0000 0.0000 0.4838 0.0000 0.0000 0.0880 0.0000 0.0000 0.0189 0.0000 0.0000
348      348   (0)     11  : 0.0000 0.0000 0.0983 0.0000 0.0000 0.0000 0.0000 0.0000 0.0000 0.0000 0.0000 0.0000 0.8872 0.0145 0.0000 0.0000 0.0000 0.0000 0.0000
349      349   (0)     11  : 0.0000 0.0000 0.2828 0.0032 0.0000 0.0000 0.0000 0.0000 0.0000 0.0000 0.0000 0.0000 0.7108 0.0031 0.0000 0.0000 0.0001 0.0000 0.0000
350      350   (0)     11  : 0.0000 0.0000 0.0000 0.0230 0.0000 0.0069 0.0000 0.0027 0.0000 0.0000 0.0000 0.0000 0.7219 0.0876 0.0000 0.0000 0.0898 0.0679 0.0000
351      351   (0)     11  : 0.0000 0.0000 0.0000 0.0000 0.0000 0.0000 0.0000 0.0000 0.0000 0.0000 0.0000 0.0000 1.0000 0.0000 0.0000 0.0000 0.0000 0.0000 0.0000
352      352   (0)     11  : 0.0000 0.1344 0.0000 0.0125 0.0000 0.4742 0.0000 0.0484 0.0000 0.0000 0.0759 0.0000 0.0390 0.2156 0.0000 0.0000 0.0000 0.0000 0.0000
353      353   (0)     11  : 0.0000 0.0000 0.0000 0.0000 0.0000 0.0000 0.0000 0.0000 0.0000 0.0000 0.0000 0.0000 1.0000 0.0000 0.0000 0.0000 0.0000 0.0000 0.0000
354      354   (0)     11  : 0.0000 0.0314 0.0000 0.0037 0.0000 0.6341 0.0000 0.0000 0.0000 0.0000 0.1685 0.0000 0.0000 0.1623 0.0000 0.0000 0.0000 0.0000 0.0000
355      355   (0)     11  : 0.0000 0.0000 0.0000 0.0000 0.0000 0.0000 0.0000 0.0000 0.0000 0.0000 0.0000 0.0000 1.0000 0.0000 0.0000 0.0000 0.0000 0.0000 0.0000
356      356   (0)     14  : 0.0000 0.0000 0.5141 0.0234 0.0000 0.0000 0.0000 0.0647 0.0000 0.0000 0.0000 0.0000 0.3292 0.0222 0.0000 0.0032 0.0000 0.0431 0.0000
357      357   (0)     14  : 0.0000 0.0681 0.0000 0.0000 0.0000 0.5333 0.0000 0.0177 0.0000 0.0000 0.2355 0.0000 0.0000 0.1372 0.0000 0.0000 0.0083 0.0000 0.0000
358      358   (0)     14  : 0.0000 0.0000 0.3857 0.0000 0.0000 0.0000 0.0000 0.0000 0.0000 0.0000 0.0000 0.0000 0.4407 0.0271 0.0000 0.0000 0.1424 0.0041 0.0000
359      359   (0)     14  : 0.0000 0.0037 0.0286 0.0000 0.0000 0.5703 0.0000 0.1770 0.0000 0.0000 0.2002 0.0000 0.0000 0.0147 0.0000 0.0000 0.0000 0.0054 0.0000
360      360   (0)     14  : 0.0000 0.0000 1.0000 0.0000 0.0000 0.0000 0.0000 0.0000 0.0000 0.0000 0.0000 0.0000 0.0000 0.0000 0.0000 0.0000 0.0000 0.0000 0.0000
361      361   (0)     14  : 0.0000 0.0000 0.6249 0.0091 0.0000 0.0000 0.0000 0.0000 0.0000 0.0000 0.0124 0.0000 0.3259 0.0075 0.0000 0.0000 0.0000 0.0202 0.0000
362      362   (0)     14  : 0.0000 0.0000 0.6825 0.0106 0.0000 0.0000 0.0000 0.0000 0.0000 0.0000 0.0000 0.0000 0.2662 0.0000 0.0000 0.0000 0.0000 0.0407 0.0000
363      363   (0)     14  : 0.0022 0.0000 0.4463 0.0222 0.0000 0.0000 0.0000 0.0000 0.0000 0.0000 0.0000 0.0008 0.4736 0.0548 0.0000 0.0000 0.0000 0.0000 0.0000
364      364   (0)     14  : 0.0000 0.0000 0.5089 0.0071 0.0000 0.0000 0.0000 0.0000 0.0000 0.0000 0.0000 0.0000 0.4640 0.0122 0.0000 0.0007 0.0000 0.0072 0.0000
365      365   (0)     14  : 0.0000 0.0000 0.3690 0.0420 0.0000 0.0000 0.0000 0.0000 0.0000 0.0000 0.0725 0.0000 0.3520 0.0797 0.0000 0.0000 0.0005 0.0843 0.0000
366      366   (0)     14  : 0.0000 0.0000 0.0000 0.0000 0.0000 0.5011 0.0000 0.1139 0.0000 0.0000 0.1871 0.0000 0.0685 0.1213 0.0000 0.0000 0.0000 0.0081 0.0000
367      367   (0)      9  : 0.0000 0.0000 0.0162 0.0019 0.0000 0.8177 0.0000 0.0673 0.0000 0.0000 0.0213 0.0000 0.0000 0.0745 0.0000 0.0000 0.0011 0.0000 0.0000
368      368   (0)      9  : 0.0000 0.0000 0.5939 0.0000 0.0000 0.0856 0.0000 0.0000 0.0000 0.0000 0.0000 0.0000 0.2423 0.0183 0.0000 0.0134 0.0000 0.0464 0.0000
369      369   (0)      9  : 0.0000 0.0000 0.0000 0.0055 0.0000 0.8319 0.0000 0.0000 0.0000 0.0000 0.0796 0.0000 0.0088 0.0742 0.0000 0.0000 0.0000 0.0000 0.0000
370      370   (0)      9  : 0.0000 0.0000 0.0000 0.0154 0.0000 0.7991 0.0000 0.0000 0.0000 0.0000 0.0000 0.0000 0.0000 0.0762 0.0000 0.0000 0.0862 0.0231 0.0000
371      371   (0)      9  : 0.0000 0.0000 0.0000 0.0000 0.0000 0.8191 0.0000 0.0000 0.0000 0.0000 0.0160 0.0000 0.0000 0.1455 0.0000 0.0000 0.0000 0.0194 0.0000
372      372   (0)      9  : 0.0000 0.0000 1.0000 0.0000 0.0000 0.0000 0.0000 0.0000 0.0000 0.0000 0.0000 0.0000 0.0000 0.0000 0.0000 0.0000 0.0000 0.0000 0.0000
373      373   (0)     14  : 0.0000 0.0000 0.4156 0.0145 0.0000 0.0000 0.0000 0.0000 0.0000 0.0000 0.0000 0.0000 0.5400 0.0300 0.0000 0.0000 0.0000 0.0000 0.0000
374      374   (0)     14  : 0.0000 0.0000 0.0031 0.0041 0.0000 0.7255 0.0000 0.0000 0.0000 0.0000 0.0960 0.0000 0.0150 0.1388 0.0000 0.0000 0.0176 0.0000 0.0000
375      375   (0)     14  : 0.0000 0.0221 0.8997 0.0046 0.0000 0.0000 0.0000 0.0000 0.0000 0.0000 0.0000 0.0000 0.0030 0.0273 0.0000 0.0000 0.0194 0.0239 0.0000
376      376   (0)     14  : 0.0000 0.0000 1.0000 0.0000 0.0000 0.0000 0.0000 0.0000 0.0000 0.0000 0.0000 0.0000 0.0000 0.0000 0.0000 0.0000 0.0000 0.0000 0.0000
377      377   (0)     14  : 0.0000 0.0000 0.0000 0.0000 0.0035 0.6879 0.0000 0.0000 0.0000 0.0000 0.1658 0.0000 0.0000 0.1429 0.0000 0.0000 0.0000 0.0000 0.0000
378      378   (0)      9  : 0.0000 0.0000 0.0000 0.0000 0.0000 0.9426 0.0000 0.0000 0.0000 0.0000 0.0000 0.0000 0.0000 0.0376 0.0000 0.0000 0.0198 0.0000 0.0000
379      379   (0)      9  : 0.0000 0.0000 1.0000 0.0000 0.0000 0.0000 0.0000 0.0000 0.0000 0.0000 0.0000 0.0000 0.0000 0.0000 0.0000 0.0000 0.0000 0.0000 0.0000
380      380   (0)      9  : 0.0000 0.0000 0.9725 0.0029 0.0000 0.0000 0.0000 0.0000 0.0000 0.0000 0.0000 0.0000 0.0000 0.0209 0.0000 0.0000 0.0000 0.0036 0.0000
381      381   (0)      9  : 0.0000 0.0000 0.9455 0.0000 0.0000 0.0000 0.0441 0.0000 0.0000 0.0000 0.0000 0.0104 0.0000 0.0000 0.0000 0.0000 0.0000 0.0000 0.0000
382      382   (0)      9  : 0.0000 0.0000 0.0471 0.0021 0.0000 0.7200 0.0000 0.0000 0.0000 0.0000 0.0213 0.0000 0.0000 0.1791 0.0000 0.0000 0.0000 0.0304 0.0000
383      383   (0)      9  : 0.0000 0.0000 0.0000 0.0000 0.0000 0.9443 0.0000 0.0000 0.0000 0.0000 0.0000 0.0000 0.0000 0.0557 0.0000 0.0000 0.0000 0.0000 0.0000
384      384   (0)      9  : 0.0000 0.0004 0.0000 0.0000 0.0000 0.8095 0.0000 0.0000 0.0000 0.0000 0.0000 0.0000 0.0000 0.1707 0.0000 0.0000 0.0000 0.0194 0.0000
385      385   (0)      9  : 0.0000 0.0000 0.8308 0.0000 0.0000 0.0000 0.0374 0.0000 0.0000 0.0000 0.0000 0.0603 0.0000 0.0714 0.0000 0.0000 0.0000 0.0000 0.0000
386      386   (0)      9  : 0.0000 0.0116 0.0000 0.0186 0.0000 0.7191 0.0000 0.0000 0.0000 0.0000 0.0186 0.0000 0.0000 0.1889 0.0000 0.0000 0.0000 0.0432 0.0000
387      387   (0)      9  : 0.0000 0.0000 0.0141 0.0000 0.0219 0.8338 0.0000 0.0051 0.0000 0.0000 0.0000 0.0000 0.0021 0.1230 0.0000 0.0000 0.0000 0.0000 0.0000
388      388   (0)      9  : 0.0000 0.0000 1.0000 0.0000 0.0000 0.0000 0.0000 0.0000 0.0000 0.0000 0.0000 0.0000 0.0000 0.0000 0.0000 0.0000 0.0000 0.0000 0.0000
389      389   (0)      9  : 0.0000 0.0000 0.9897 0.0000 0.0000 0.0000 0.0000 0.0000 0.0000 0.0000 0.0000 0.0000 0.0103 0.0000 0.0000 0.0000 0.0000 0.0000 0.0000
390      390   (0)      9  : 0.0000 0.0000 0.0000 0.0257 0.0117 0.5078 0.0000 0.0000 0.0000 0.0000 0.0000 0.0000 0.0000 0.2537 0.0000 0.0119 0.0000 0.1892 0.0000
391      391   (0)      9  : 0.0000 0.0000 0.8063 0.0000 0.0000 0.0000 0.0585 0.0000 0.0000 0.0000 0.0000 0.0638 0.0000 0.0714 0.0000 0.0000 0.0000 0.0000 0.0000
392      392   (0)     15  : 0.0000 0.0000 0.0000 0.0000 0.0000 0.2425 0.0000 0.6221 0.0000 0.0000 0.0633 0.0000 0.0000 0.0700 0.0000 0.0000 0.0000 0.0021 0.0000
393      393   (0)     15  : 0.0000 0.0000 0.0000 0.0000 0.0000 0.0000 0.0000 0.8235 0.0000 0.0000 0.1330 0.0000 0.0000 0.0434 0.0000 0.0000 0.0000 0.0000 0.0000
394      394   (0)     15  : 0.0000 0.0000 0.0000 0.0000 0.0000 0.0000 0.0000 0.8047 0.0000 0.0000 0.0000 0.0000 0.0000 0.0714 0.0000 0.0000 0.1238 0.0000 0.0000
395      395   (0)     15  : 0.0000 0.0000 0.0000 0.0000 0.0000 0.0000 0.0781 0.7047 0.0000 0.0000 0.0119 0.0101 0.0000 0.0657 0.0000 0.0000 0.1240 0.0056 0.0000
396      396   (0)     15  : 0.0000 0.0000 0.0000 0.0000 0.0000 0.0000 0.0000 1.0000 0.0000 0.0000 0.0000 0.0000 0.0000 0.0000 0.0000 0.0000 0.0000 0.0000 0.0000
397      397   (0)     15  : 0.0000 0.0000 0.0000 0.0000 0.0000 0.0000 0.0000 0.9593 0.0000 0.0000 0.0000 0.0000 0.0000 0.0407 0.0000 0.0000 0.0000 0.0000 0.0000
398      398   (0)     15  : 0.0000 0.0000 0.0000 0.0000 0.0000 0.0000 0.0000 1.0000 0.0000 0.0000 0.0000 0.0000 0.0000 0.0000 0.0000 0.0000 0.0000 0.0000 0.0000
399      399   (0)     15  : 0.0000 0.0000 0.0000 0.0000 0.0000 0.0000 0.0000 0.0000 0.0000 0.0000 0.0000 0.0000 0.0000 0.0000 0.0000 0.0000 0.9906 0.0094 0.0000
400      400   (0)     15  : 0.0000 0.0000 0.0000 0.0000 0.0000 0.0000 0.0000 1.0000 0.0000 0.0000 0.0000 0.0000 0.0000 0.0000 0.0000 0.0000 0.0000 0.0000 0.0000
401      401   (0)     15  : 0.0000 0.0000 0.0000 0.0000 0.0000 0.0000 0.0000 1.0000 0.0000 0.0000 0.0000 0.0000 0.0000 0.0000 0.0000 0.0000 0.0000 0.0000 0.0000
402      402   (0)     15  : 0.0000 0.0000 0.0000 0.0000 0.0000 0.0000 0.0000 0.0000 0.0000 0.0000 0.0000 0.0000 0.0000 0.0000 0.0000 0.0000 1.0000 0.0000 0.0000
403      403   (0)     15  : 0.0000 0.0000 0.1031 0.0000 0.0000 0.0000 0.0000 0.0000 0.0000 0.0000 0.0000 0.0000 0.0000 0.0000 0.0000 0.0000 0.8969 0.0000 0.0000
404      404   (0)     15  : 0.0000 0.0000 0.0000 0.0000 0.0000 0.0000 0.0000 0.9939 0.0000 0.0000 0.0000 0.0000 0.0061 0.0000 0.0000 0.0000 0.0000 0.0000 0.0000
405      405   (0)     15  : 0.0000 0.0000 0.0000 0.0000 0.0000 0.0000 0.0000 0.9855 0.0000 0.0000 0.0000 0.0000 0.0000 0.0145 0.0000 0.0000 0.0000 0.0000 0.0000
406      406   (0)     15  : 0.0000 0.0000 0.0000 0.0000 0.0000 0.0000 0.0000 0.8092 0.0000 0.0000 0.1908 0.0000 0.0000 0.0000 0.0000 0.0000 0.0000 0.0000 0.0000
407      407   (0)     15  : 0.0000 0.0000 0.0000 0.0000 0.0000 0.0209 0.0000 0.5748 0.0000 0.0000 0.0000 0.0000 0.0000 0.0838 0.0000 0.0000 0.3205 0.0000 0.0000
408      408   (0)     15  : 0.0000 0.0000 0.0000 0.0000 0.0000 0.0000 0.0000 0.0000 0.0000 0.0000 0.0000 0.0000 0.0000 0.0000 0.0000 0.0000 1.0000 0.0000 0.0000
409      409   (0)     15  : 0.0000 0.0000 0.0000 0.0000 0.0000 0.0000 0.0000 0.8895 0.0000 0.0000 0.0000 0.0000 0.0000 0.0134 0.0000 0.0000 0.0972 0.0000 0.0000
410      410   (0)     15  : 0.0000 0.0000 0.0000 0.0000 0.0000 0.0000 0.0000 0.0000 0.0000 0.0000 0.0000 0.0000 0.0000 0.0000 0.0000 0.0000 1.0000 0.0000 0.0000
411      411   (0)     15  : 0.0000 0.0000 0.0000 0.0000 0.0000 0.0000 0.0000 0.9400 0.0000 0.0000 0.0600 0.0000 0.0000 0.0000 0.0000 0.0000 0.0000 0.0000 0.0000
412      412   (0)     15  : 0.0000 0.0000 0.0000 0.0000 0.0000 0.0000 0.0000 0.6483 0.0000 0.0000 0.0000 0.0000 0.0000 0.0746 0.0000 0.0000 0.2740 0.0032 0.0000
413      413   (0)     15  : 0.0000 0.0000 0.0000 0.0000 0.0000 0.0000 0.0000 0.9012 0.0000 0.0000 0.0810 0.0000 0.0000 0.0178 0.0000 0.0000 0.0000 0.0000 0.0000
414      414   (0)     15  : 0.0000 0.0948 0.0000 0.0000 0.0023 0.0005 0.0000 0.7137 0.0000 0.0000 0.0518 0.0000 0.0000 0.0810 0.0000 0.0055 0.0000 0.0504 0.0000
415      415   (0)     15  : 0.0000 0.0540 0.0000 0.0000 0.0000 0.0175 0.0000 0.5509 0.0000 0.0000 0.0000 0.0000 0.0000 0.0820 0.0000 0.0000 0.2911 0.0046 0.0000
416      416   (0)     15  : 0.0000 0.0000 0.0000 0.0000 0.0000 0.0000 0.0000 0.9794 0.0000 0.0000 0.0000 0.0000 0.0000 0.0206 0.0000 0.0000 0.0000 0.0000 0.0000
417      417   (0)     15  : 0.0000 0.0000 0.0000 0.0000 0.0000 0.0000 0.0000 0.0000 0.0000 0.0000 0.0000 0.0000 0.0000 0.0000 0.0000 0.0000 1.0000 0.0000 0.0000
418      418   (0)     15  : 0.0000 0.0000 0.0000 0.0035 0.0000 0.0000 0.0000 0.9156 0.0000 0.0000 0.0324 0.0000 0.0000 0.0485 0.0000 0.0000 0.0000 0.0000 0.0000
419      419   (0)     15  : 0.0000 0.0000 0.0000 0.0000 0.0000 0.0000 0.0000 0.0000 0.0000 0.0000 0.0000 0.0000 0.0000 0.0000 0.0000 0.0000 1.0000 0.0000 0.0000
420      420   (0)     15  : 0.0000 0.0000 0.0000 0.0000 0.0000 0.0000 0.0000 0.0000 0.0000 0.0000 0.0000 0.0000 0.0000 0.0000 0.0000 0.0000 1.0000 0.0000 0.0000
421      421   (0)     16  : 0.3022 0.0000 0.0000 0.1774 0.0000 0.0000 0.3829 0.0000 0.0000 0.0202 0.0000 0.0782 0.0000 0.0001 0.0000 0.0000 0.0000 0.0000 0.0390
422      422   (0)     16  : 0.2282 0.0000 0.0000 0.0232 0.0000 0.0000 0.5808 0.0000 0.0000 0.0000 0.0000 0.0217 0.0000 0.0022 0.1088 0.0351 0.0000 0.0000 0.0000
423      423   (0)     16  : 0.4581 0.0000 0.0000 0.1566 0.0000 0.0000 0.0000 0.0000 0.0852 0.0000 0.0000 0.0436 0.0000 0.0031 0.1077 0.0117 0.0558 0.0095 0.0687
424      424   (0)     16  : 0.3122 0.0000 0.0579 0.1415 0.0000 0.0000 0.1770 0.0000 0.0000 0.0000 0.0000 0.1830 0.0000 0.0070 0.0733 0.0225 0.0000 0.0042 0.0215
425      425   (0)     16  : 0.1073 0.0000 0.0097 0.0147 0.0000 0.0000 0.3547 0.0000 0.0000 0.0000 0.0000 0.3313 0.0000 0.0128 0.1696 0.0000 0.0000 0.0000 0.0000
426      426   (0)     16  : 0.3170 0.0000 0.0000 0.2215 0.0000 0.0000 0.0000 0.0000 0.1076 0.0000 0.0000 0.1608 0.0000 0.0050 0.0873 0.0265 0.0000 0.0000 0.0742
427      427   (0)     16  : 0.4440 0.0000 0.0000 0.0054 0.0000 0.0000 0.4790 0.0000 0.0000 0.0000 0.0009 0.0589 0.0000 0.0026 0.0000 0.0043 0.0000 0.0033 0.0017
428      428   (0)     16  : 0.7914 0.0000 0.0000 0.1770 0.0000 0.0000 0.0000 0.0000 0.0000 0.0000 0.0000 0.0146 0.0000 0.0000 0.0000 0.0000 0.0000 0.0021 0.0149
429      429   (0)     16  : 0.3962 0.0000 0.0000 0.0096 0.0000 0.0000 0.0251 0.0000 0.0000 0.0000 0.0000 0.5167 0.0000 0.0109 0.0000 0.0076 0.0000 0.0172 0.0166
430      430   (0)     16  : 0.5148 0.0000 0.0000 0.2290 0.0027 0.0000 0.0000 0.0000 0.0050 0.0000 0.0000 0.0000 0.0000 0.0000 0.0071 0.0039 0.0000 0.0334 0.2042
431      431   (0)     16  : 0.1922 0.0000 0.0000 0.0000 0.0000 0.0000 0.2162 0.0000 0.0000 0.0000 0.0000 0.1869 0.0000 0.0000 0.0000 0.2478 0.0000 0.1569 0.0000
432      432   (0)     16  : 0.5596 0.0000 0.0151 0.1915 0.0000 0.0000 0.0003 0.0000 0.0257 0.0000 0.0000 0.0406 0.0007 0.0022 0.0012 0.0000 0.0000 0.0000 0.1630
433      433   (0)     16  : 0.2472 0.0000 0.0000 0.0011 0.0000 0.0000 0.7255 0.0000 0.0000 0.0000 0.0000 0.0221 0.0000 0.0000 0.0000 0.0000 0.0000 0.0042 0.0000
434      434   (0)     16  : 0.3436 0.0000 0.0009 0.1414 0.0000 0.0000 0.2427 0.0038 0.0003 0.0000 0.0000 0.0148 0.0000 0.0011 0.0000 0.0117 0.0090 0.0001 0.2306
435      435   (0)     16  : 0.3030 0.0000 0.0010 0.1722 0.0000 0.0000 0.4233 0.0000 0.0000 0.0000 0.0000 0.0315 0.0000 0.0000 0.0000 0.0000 0.0000 0.0000 0.0691
436      436   (0)     16  : 0.0652 0.0000 0.0000 0.0283 0.0045 0.0000 0.7160 0.0000 0.0000 0.0000 0.0000 0.0906 0.0000 0.0000 0.0000 0.0118 0.0000 0.0836 0.0000
437      437   (0)     16  : 0.6277 0.0000 0.0000 0.0933 0.0000 0.0000 0.0000 0.0000 0.0000 0.0000 0.0000 0.0000 0.0000 0.0000 0.0011 0.0710 0.0000 0.0000 0.2070
438      438   (0)     16  : 0.3529 0.0000 0.0000 0.3942 0.0000 0.0000 0.0000 0.0000 0.0000 0.0000 0.0000 0.0018 0.0000 0.0000 0.0152 0.0125 0.0000 0.0000 0.2235
439      439   (0)     16  : 0.5464 0.0000 0.0113 0.1645 0.0000 0.0000 0.0000 0.0000 0.0000 0.0000 0.0000 0.0132 0.0000 0.0136 0.0000 0.0275 0.0130 0.0028 0.2078
440      440   (0)     16  : 0.6209 0.0000 0.0000 0.0099 0.0000 0.0000 0.0000 0.0000 0.0515 0.0000 0.0000 0.2596 0.0000 0.0001 0.0002 0.0000 0.0445 0.0081 0.0052
441      441   (0)     16  : 0.3777 0.0000 0.0000 0.1095 0.0000 0.0000 0.3528 0.0000 0.0000 0.0000 0.0000 0.0054 0.0452 0.0000 0.0000 0.0000 0.0000 0.0001 0.1093
442      442   (0)     16  : 0.5737 0.0000 0.0000 0.2831 0.0000 0.0000 0.0125 0.0000 0.0000 0.0000 0.0000 0.0023 0.0000 0.0000 0.0000 0.0405 0.0000 0.0000 0.0879
443      443   (0)     16  : 0.5606 0.0000 0.0000 0.1188 0.0000 0.0000 0.0000 0.0000 0.1330 0.0000 0.0000 0.1114 0.0629 0.0047 0.0000 0.0000 0.0000 0.0000 0.0087
444      444   (0)     16  : 0.7501 0.0000 0.0000 0.1109 0.0000 0.0000 0.0000 0.0000 0.0000 0.0000 0.0000 0.0000 0.0066 0.0015 0.0000 0.0000 0.0000 0.0000 0.1310
445      445   (0)     16  : 0.0000 0.0000 0.0000 0.0000 0.0000 0.0000 0.0073 0.0000 0.0000 0.9927 0.0000 0.0000 0.0000 0.0000 0.0000 0.0000 0.0000 0.0000 0.0000
446      446   (0)     16  : 0.5165 0.0000 0.0003 0.0659 0.0000 0.0000 0.4173 0.0000 0.0000 0.0000 0.0000 0.0000 0.0000 0.0000 0.0000 0.0000 0.0000 0.0000 0.0000
447      447   (0)     16  : 0.6465 0.0000 0.0000 0.0604 0.0000 0.0000 0.0000 0.0000 0.0000 0.0033 0.0000 0.2817 0.0066 0.0014 0.0000 0.0000 0.0000 0.0000 0.0000
448      448   (0)     16  : 0.7660 0.0000 0.0000 0.0512 0.0000 0.0000 0.0000 0.0000 0.0000 0.0000 0.0000 0.0826 0.0000 0.0000 0.0000 0.0000 0.0000 0.0000 0.1002
449      449   (0)     16  : 0.3718 0.0000 0.0066 0.2217 0.0000 0.0000 0.2890 0.0000 0.0000 0.0000 0.0000 0.0117 0.0000 0.0000 0.0000 0.0000 0.0000 0.0106 0.0885
450      450   (0)     16  : 0.6540 0.0000 0.0000 0.0610 0.0000 0.0000 0.0122 0.0000 0.0000 0.0000 0.0000 0.0000 0.0000 0.0000 0.0005 0.0278 0.0000 0.0000 0.2446
451      451   (0)     17  : 0.2738 0.0000 0.0000 0.2347 0.0000 0.0000 0.1281 0.0000 0.0358 0.0000 0.0000 0.0121 0.0043 0.0322 0.0274 0.0480 0.0173 0.1549 0.0314
452      452   (0)     17  : 0.3949 0.0000 0.0000 0.3395 0.0000 0.0000 0.0439 0.0000 0.0082 0.0000 0.0000 0.0230 0.0313 0.0032 0.0000 0.0000 0.0000 0.0053 0.1506
453      453   (0)     17  : 0.3989 0.0000 0.0000 0.3617 0.0000 0.0000 0.0000 0.0000 0.0000 0.0000 0.0000 0.0001 0.0000 0.0012 0.0000 0.0000 0.0000 0.0000 0.2382
454      454   (0)     17  : 0.0851 0.0000 0.0000 0.0000 0.0000 0.0000 0.0000 0.0000 0.0000 0.8554 0.0487 0.0005 0.0000 0.0000 0.0000 0.0000 0.0103 0.0000 0.0000
455      455   (0)     17  : 0.2814 0.0000 0.0000 0.0057 0.0000 0.0009 0.6595 0.0000 0.0000 0.0000 0.0000 0.0524 0.0000 0.0000 0.0000 0.0000 0.0000 0.0000 0.0000
456      456   (0)     17  : 0.0026 0.0000 0.0000 0.0000 0.0000 0.0025 0.0000 0.0000 0.0000 0.9932 0.0000 0.0000 0.0000 0.0016 0.0000 0.0000 0.0000 0.0000 0.0000
457      457   (0)     17  : 0.2491 0.0000 0.0000 0.0094 0.0000 0.0000 0.7130 0.0000 0.0000 0.0000 0.0000 0.0280 0.0000 0.0000 0.0000 0.0000 0.0000 0.0004 0.0000
458      458   (0)     17  : 0.4945 0.0000 0.0000 0.1851 0.0000 0.0000 0.0583 0.0000 0.0000 0.0000 0.0000 0.0000 0.0041 0.0040 0.0000 0.0106 0.0000 0.0000 0.2434
459      459   (0)     17  : 0.5593 0.0000 0.0005 0.3511 0.0000 0.0000 0.0001 0.0000 0.0000 0.0000 0.0000 0.0169 0.0000 0.0000 0.0000 0.0000 0.0000 0.0000 0.0721
460      460   (0)     17  : 0.0802 0.0000 0.0000 0.0000 0.0000 0.0000 0.0387 0.0000 0.2736 0.0000 0.0000 0.6075 0.0000 0.0000 0.0000 0.0000 0.0000 0.0000 0.0000
461      461   (0)     17  : 0.5185 0.0000 0.0000 0.0967 0.0000 0.0000 0.1117 0.0000 0.0000 0.0000 0.0000 0.2045 0.0308 0.0000 0.0008 0.0002 0.0000 0.0063 0.0302
462      462   (0)     17  : 0.1964 0.0079 0.0000 0.0336 0.0054 0.0000 0.0000 0.0000 0.0000 0.0000 0.0000 0.0000 0.0000 0.0214 0.0000 0.1142 0.0000 0.6211 0.0000
463      463   (0)     17  : 0.0996 0.0238 0.0000 0.0064 0.0834 0.0299 0.1196 0.0069 0.0000 0.5776 0.0102 0.0226 0.0000 0.0200 0.0000 0.0000 0.0000 0.0000 0.0000
464      464   (0)     17  : 0.7686 0.0000 0.0000 0.0427 0.0000 0.0000 0.0417 0.0000 0.0000 0.0011 0.0000 0.0038 0.0245 0.0053 0.0614 0.0276 0.0000 0.0000 0.0233
465      465   (0)     17  : 0.1010 0.0000 0.0002 0.2603 0.0652 0.0000 0.0000 0.0000 0.0000 0.0000 0.0000 0.0009 0.0000 0.0023 0.0000 0.0651 0.0000 0.3878 0.1171
466      466   (0)     17  : 0.3566 0.0000 0.0000 0.2127 0.0168 0.0000 0.0000 0.0000 0.1625 0.0000 0.0000 0.0164 0.0495 0.0208 0.0000 0.0183 0.0000 0.0465 0.0999
467      467   (0)     17  : 0.1941 0.0000 0.0156 0.1196 0.0038 0.0000 0.2345 0.0011 0.1724 0.0007 0.0000 0.0000 0.0090 0.0104 0.0024 0.1075 0.0008 0.0612 0.0668
468      468   (0)     17  : 0.1085 0.0000 0.0009 0.0342 0.0000 0.0000 0.0000 0.0000 0.5683 0.0000 0.0000 0.2423 0.0357 0.0101 0.0000 0.0000 0.0000 0.0000 0.0000
469      469   (0)     17  : 0.2076 0.0000 0.0688 0.2071 0.0000 0.0008 0.2376 0.0000 0.0038 0.0065 0.0000 0.0286 0.0000 0.0089 0.0903 0.0209 0.0000 0.0940 0.0251
470      470   (0)     17  : 0.4804 0.0023 0.0001 0.2194 0.0000 0.0014 0.0000 0.0000 0.0000 0.0000 0.0000 0.0141 0.0421 0.0390 0.0000 0.0000 0.0000 0.0385 0.1628
471      471   (0)     17  : 0.5638 0.0000 0.0000 0.0110 0.0000 0.0000 0.2876 0.0000 0.0502 0.0000 0.0000 0.0356 0.0000 0.0000 0.0000 0.0000 0.0519 0.0000 0.0000
472      472   (0)     17  : 0.2707 0.0000 0.0000 0.0001 0.0000 0.0000 0.0000 0.0000 0.3843 0.0000 0.0000 0.0216 0.0000 0.0029 0.0000 0.2367 0.0191 0.0065 0.0581
473      473   (0)     17  : 0.2870 0.0000 0.0000 0.0097 0.0000 0.0000 0.0000 0.0000 0.3216 0.0000 0.0000 0.0701 0.0115 0.0105 0.0534 0.0307 0.0171 0.0167 0.1718
474      474   (0)     17  : 0.1979 0.0000 0.0000 0.0111 0.0000 0.0000 0.6279 0.0000 0.0010 0.0000 0.0000 0.0723 0.0328 0.0000 0.0044 0.0262 0.0000 0.0264 0.0000
475      475   (0)     17  : 0.5388 0.0000 0.0000 0.0533 0.0000 0.0000 0.0807 0.0000 0.0884 0.0000 0.0000 0.0510 0.0023 0.0000 0.0000 0.0603 0.0000 0.1018 0.0233
476      476   (0)     17  : 0.3363 0.0000 0.0000 0.0074 0.0006 0.0000 0.4952 0.0000 0.0000 0.0000 0.0000 0.0232 0.0092 0.0131 0.0000 0.0166 0.0000 0.0897 0.0088
477      477   (0)     17  : 0.5391 0.0000 0.0000 0.2515 0.0000 0.0000 0.0000 0.0000 0.0000 0.0000 0.0000 0.0374 0.0000 0.0023 0.0007 0.0061 0.0000 0.0214 0.1415
478      478   (0)     17  : 0.1345 0.0000 0.0000 0.0068 0.0000 0.0000 0.6312 0.0000 0.0050 0.0000 0.0000 0.1961 0.0000 0.0055 0.0000 0.0000 0.0000 0.0124 0.0085
479      479   (0)     17  : 0.3717 0.0000 0.0000 0.0874 0.0000 0.0000 0.0002 0.0000 0.0142 0.0099 0.0000 0.0010 0.0000 0.0117 0.0000 0.0005 0.0000 0.0293 0.4742
480      480   (0)     17  : 0.0836 0.0000 0.0000 0.0407 0.0000 0.0000 0.0000 0.0000 0.2134 0.0022 0.0000 0.1438 0.0441 0.0357 0.1993 0.0000 0.0314 0.0431 0.1626
481      481   (0)     18  : 0.0104 0.0000 0.0000 0.0022 0.0126 0.0000 0.0000 0.0000 0.0000 0.0000 0.0000 0.1385 0.0000 0.0481 0.0000 0.2019 0.0000 0.5863 0.0000
482      482   (0)     18  : 0.0000 0.0000 0.0000 0.0000 1.0000 0.0000 0.0000 0.0000 0.0000 0.0000 0.0000 0.0000 0.0000 0.0000 0.0000 0.0000 0.0000 0.0000 0.0000
483      483   (0)     18  : 0.0000 0.0000 0.0000 0.0000 1.0000 0.0000 0.0000 0.0000 0.0000 0.0000 0.0000 0.0000 0.0000 0.0000 0.0000 0.0000 0.0000 0.0000 0.0000
484      484   (0)     18  : 0.0000 0.0000 0.0000 0.0000 1.0000 0.0000 0.0000 0.0000 0.0000 0.0000 0.0000 0.0000 0.0000 0.0000 0.0000 0.0000 0.0000 0.0000 0.0000
485      485   (0)     18  : 0.0098 0.0000 0.0000 0.0216 0.8240 0.0000 0.0000 0.0000 0.0000 0.1250 0.0000 0.0011 0.0000 0.0000 0.0000 0.0000 0.0000 0.0000 0.0186
486      486   (0)     18  : 0.0000 0.0000 0.0000 0.0000 0.9071 0.0000 0.0000 0.0000 0.0000 0.0000 0.0000 0.0000 0.0000 0.0000 0.0000 0.0080 0.0000 0.0850 0.0000
487      487   (0)     18  : 0.0000 0.0000 0.0000 0.0000 1.0000 0.0000 0.0000 0.0000 0.0000 0.0000 0.0000 0.0000 0.0000 0.0000 0.0000 0.0000 0.0000 0.0000 0.0000
488      488   (0)     18  : 0.0841 0.0000 0.0000 0.0727 0.0179 0.0000 0.0000 0.0000 0.0000 0.0000 0.0000 0.4693 0.0000 0.0600 0.0000 0.0081 0.0000 0.1169 0.1710
489      489   (0)     18  : 0.0018 0.0000 0.0000 0.0000 0.0000 0.0000 0.0000 0.0000 0.0000 0.0000 0.0000 0.1507 0.0000 0.0714 0.0000 0.3258 0.0000 0.4503 0.0000
490      490   (0)     18  : 0.0000 0.0000 0.0000 0.0000 1.0000 0.0000 0.0000 0.0000 0.0000 0.0000 0.0000 0.0000 0.0000 0.0000 0.0000 0.0000 0.0000 0.0000 0.0000
491      491   (0)     18  : 0.0846 0.0000 0.0000 0.0060 0.9028 0.0000 0.0000 0.0000 0.0000 0.0000 0.0000 0.0061 0.0000 0.0004 0.0000 0.0000 0.0000 0.0000 0.0000
492      492   (0)     18  : 0.0231 0.0000 0.0023 0.1504 0.0685 0.0000 0.0000 0.0000 0.0000 0.4277 0.0000 0.0392 0.0000 0.0101 0.0000 0.0001 0.0000 0.0000 0.2786
493      493   (0)     18  : 0.0000 0.0000 0.0000 0.0100 0.0058 0.0000 0.3913 0.0000 0.0000 0.0000 0.0000 0.1203 0.0000 0.0403 0.0000 0.1970 0.0000 0.2353 0.0000
494      494   (0)     18  : 0.0000 0.0000 0.0000 0.0000 0.9356 0.0000 0.0000 0.0000 0.0000 0.0000 0.0000 0.0000 0.0000 0.0000 0.0033 0.0459 0.0000 0.0151 0.0000
495      495   (0)     18  : 0.0000 0.0000 0.0000 0.0000 1.0000 0.0000 0.0000 0.0000 0.0000 0.0000 0.0000 0.0000 0.0000 0.0000 0.0000 0.0000 0.0000 0.0000 0.0000
496      496   (0)     18  : 0.0140 0.0000 0.0000 0.0017 0.5733 0.0000 0.0000 0.0000 0.0000 0.3538 0.0000 0.0000 0.0000 0.0001 0.0000 0.0000 0.0000 0.0000 0.0570
497      497   (0)     18  : 0.0742 0.0000 0.0000 0.0000 0.0000 0.0000 0.0058 0.0000 0.0000 0.0000 0.0000 0.4468 0.0000 0.0489 0.0036 0.2360 0.0000 0.1840 0.0007
498      498   (0)     18  : 0.0142 0.0000 0.0000 0.0448 0.8410 0.0000 0.0000 0.0000 0.0000 0.0242 0.0000 0.0000 0.0000 0.0000 0.0012 0.0000 0.0000 0.0000 0.0746
499      499   (0)     18  : 0.0026 0.0000 0.0000 0.0491 0.4825 0.0000 0.1550 0.0000 0.0000 0.2092 0.0000 0.0035 0.0000 0.0000 0.0029 0.0246 0.0000 0.0000 0.0705
500      500   (0)     18  : 0.0120 0.0000 0.0000 0.0000 0.0073 0.0000 0.0000 0.0000 0.0000 0.0000 0.0000 0.2029 0.0000 0.0579 0.0000 0.1137 0.0000 0.6062 0.0000
501      501   (0)     18  : 0.1841 0.0000 0.0000 0.0166 0.0097 0.0000 0.0000 0.0000 0.0000 0.0000 0.0000 0.1247 0.0000 0.0397 0.0000 0.3599 0.0000 0.1791 0.0862
502      502   (0)     18  : 0.0024 0.0000 0.0000 0.0161 0.3708 0.0000 0.1143 0.0000 0.0000 0.2720 0.0000 0.0000 0.0000 0.0105 0.0000 0.0000 0.0000 0.0033 0.2105
503      503   (0)     18  : 0.0000 0.0000 0.0000 0.0000 1.0000 0.0000 0.0000 0.0000 0.0000 0.0000 0.0000 0.0000 0.0000 0.0000 0.0000 0.0000 0.0000 0.0000 0.0000
504      504   (0)     18  : 0.0618 0.0000 0.0000 0.0049 0.4066 0.0000 0.0000 0.0000 0.0000 0.4329 0.0000 0.0801 0.0000 0.0128 0.0000 0.0006 0.0000 0.0000 0.0003
505      505   (0)     18  : 0.0598 0.0000 0.0600 0.0026 0.3483 0.0009 0.0000 0.0000 0.0000 0.5190 0.0000 0.0050 0.0000 0.0044 0.0000 0.0000 0.0000 0.0000 0.0000
506      506   (0)     18  : 0.0372 0.0000 0.0000 0.0000 0.0000 0.0000 0.0185 0.0000 0.0000 0.0000 0.0000 0.6982 0.0000 0.0485 0.0000 0.0445 0.0000 0.1532 0.0000
507      507   (0)     18  : 0.0103 0.0000 0.0000 0.0659 0.6430 0.0000 0.0000 0.0000 0.0000 0.0373 0.0000 0.0446 0.0000 0.0043 0.0055 0.0341 0.0000 0.0000 0.1549
508      508   (0)     18  : 0.0630 0.0000 0.0000 0.0001 0.0000 0.0000 0.0070 0.0000 0.0000 0.0000 0.0000 0.5269 0.0000 0.0527 0.0000 0.2441 0.0000 0.0922 0.0140
509      509   (0)     18  : 0.0005 0.0000 0.0000 0.0012 0.2359 0.0000 0.0000 0.0000 0.0000 0.7559 0.0000 0.0041 0.0000 0.0022 0.0002 0.0000 0.0000 0.0000 0.0000
510      510   (0)     19  : 0.3212 0.0000 0.0000 0.2563 0.0000 0.0000 0.2116 0.0000 0.0000 0.0000 0.0000 0.0120 0.0000 0.0055 0.0065 0.0137 0.0000 0.0701 0.1031
511      511   (0)     19  : 0.0525 0.0000 0.0000 0.3179 0.0000 0.0000 0.2366 0.0000 0.0000 0.0000 0.0000 0.2266 0.0000 0.0046 0.0000 0.0437 0.0000 0.0398 0.0783
512      512   (0)     19  : 0.4540 0.0000 0.0000 0.0456 0.0000 0.0000 0.4656 0.0000 0.0000 0.0000 0.0000 0.0123 0.0000 0.0000 0.0000 0.0000 0.0000 0.0000 0.0225
513      513   (0)     19  : 0.0087 0.0000 0.0000 0.0000 0.0000 0.0000 0.8668 0.0000 0.0000 0.0000 0.0000 0.1245 0.0000 0.0000 0.0000 0.0000 0.0000 0.0000 0.0000
514      514   (0)     19  : 0.3979 0.0000 0.0297 0.1180 0.0000 0.0000 0.0000 0.0000 0.1303 0.0000 0.0000 0.3162 0.0000 0.0072 0.0000 0.0000 0.0000 0.0000 0.0007
515      515   (0)     19  : 0.2203 0.0000 0.0098 0.1817 0.0000 0.0000 0.4574 0.0000 0.0000 0.0000 0.0000 0.0561 0.0000 0.0019 0.0107 0.0071 0.0000 0.0128 0.0421
516      516   (0)     19  : 0.1730 0.0000 0.0000 0.0350 0.0000 0.0000 0.7915 0.0000 0.0000 0.0000 0.0000 0.0005 0.0000 0.0000 0.0000 0.0000 0.0000 0.0000 0.0000
517      517   (0)     19  : 0.5812 0.0000 0.0000 0.2736 0.0000 0.0000 0.0000 0.0000 0.0000 0.0000 0.0000 0.0046 0.0034 0.0000 0.0341 0.0214 0.0000 0.0007 0.0812
518      518   (0)     19  : 0.4195 0.0000 0.0000 0.0613 0.0000 0.0000 0.4694 0.0000 0.0426 0.0000 0.0000 0.0057 0.0000 0.0000 0.0000 0.0005 0.0003 0.0007 0.0000
519      519   (0)     19  : 0.0000 0.0000 0.0000 0.0000 0.0000 0.0000 0.0000 0.0000 0.0000 0.0000 0.0000 0.0000 0.0000 0.0714 0.9286 0.0000 0.0000 0.0000 0.0000
520      520   (0)     19  : 0.3107 0.0000 0.0000 0.2759 0.0000 0.0000 0.0899 0.0000 0.0000 0.0000 0.0000 0.0061 0.0000 0.0011 0.0026 0.0043 0.0007 0.0114 0.2972
521      521   (0)     19  : 0.0000 0.0000 0.0000 0.0435 0.0000 0.0000 0.7532 0.0000 0.0000 0.0000 0.0000 0.0310 0.0000 0.0000 0.0037 0.1614 0.0000 0.0072 0.0000
522      522   (0)     19  : 0.1614 0.0000 0.0000 0.0341 0.0000 0.0000 0.5510 0.0000 0.0000 0.0000 0.0000 0.2419 0.0000 0.0029 0.0000 0.0000 0.0000 0.0000 0.0088
523      523   (0)     19  : 0.0527 0.0000 0.0000 0.0000 0.0000 0.0000 0.0417 0.0000 0.0000 0.0000 0.0000 0.9056 0.0000 0.0000 0.0000 0.0000 0.0000 0.0000 0.0000
524      524   (0)     19  : 0.5711 0.0000 0.0000 0.1091 0.0000 0.0000 0.2919 0.0000 0.0000 0.0000 0.0000 0.0000 0.0000 0.0000 0.0005 0.0031 0.0000 0.0000 0.0244
525      525   (0)     19  : 0.5011 0.0000 0.0000 0.1248 0.0000 0.0000 0.2750 0.0049 0.0000 0.0176 0.0000 0.0544 0.0000 0.0000 0.0008 0.0000 0.0000 0.0010 0.0204
526      526   (0)     19  : 0.6392 0.0000 0.0000 0.0861 0.0000 0.0000 0.0349 0.0000 0.0000 0.0000 0.0000 0.0084 0.0000 0.0000 0.0000 0.0000 0.0193 0.0000 0.2121
527      527   (0)     19  : 0.1898 0.0000 0.0019 0.1835 0.0000 0.0000 0.0001 0.0000 0.0067 0.0000 0.0000 0.4683 0.0000 0.0117 0.0138 0.0477 0.0000 0.0480 0.0286
528      528   (0)     19  : 0.4844 0.0000 0.0000 0.1674 0.0000 0.0000 0.0563 0.0000 0.0021 0.0000 0.0000 0.0433 0.0000 0.0117 0.0009 0.1502 0.0000 0.0175 0.0663
529      529   (0)     19  : 0.6474 0.0000 0.0000 0.1239 0.0000 0.0000 0.0000 0.0000 0.0097 0.0000 0.0000 0.0127 0.0000 0.0000 0.0000 0.0000 0.0000 0.0008 0.2056
530      530   (0)     19  : 0.3720 0.0000 0.0000 0.0433 0.0000 0.0000 0.2398 0.0000 0.0000 0.0000 0.0000 0.3448 0.0000 0.0000 0.0000 0.0000 0.0000 0.0000 0.0000
531      531   (0)     19  : 0.4515 0.0000 0.0000 0.0000 0.0000 0.0000 0.2358 0.0000 0.0550 0.0000 0.0000 0.1816 0.0000 0.0000 0.0000 0.0000 0.0484 0.0015 0.0261
532      532   (0)     19  : 0.4138 0.0065 0.0000 0.0117 0.0000 0.0058 0.4565 0.0000 0.0000 0.0000 0.0000 0.0637 0.0000 0.0057 0.0000 0.0000 0.0321 0.0042 0.0000
533      533   (0)     19  : 0.2382 0.0000 0.0000 0.0634 0.0008 0.0000 0.0000 0.0000 0.0000 0.6321 0.0009 0.0000 0.0016 0.0125 0.0000 0.0000 0.0000 0.0126 0.0380
534      534   (0)     19  : 0.4050 0.0000 0.0000 0.0159 0.0000 0.0000 0.0017 0.0000 0.0000 0.0000 0.0000 0.2157 0.0000 0.0173 0.0000 0.0412 0.0000 0.0000 0.3031
535      535   (0)     19  : 0.3182 0.0000 0.0000 0.0000 0.0000 0.0000 0.5768 0.0000 0.0000 0.0000 0.0000 0.0154 0.0006 0.0000 0.0000 0.0143 0.0000 0.0000 0.0747
536      536   (0)     19  : 0.2611 0.0014 0.0000 0.0006 0.0073 0.0000 0.5485 0.0000 0.0000 0.0000 0.0000 0.1068 0.0000 0.0024 0.0402 0.0000 0.0000 0.0029 0.0290
537      537   (0)     19  : 0.2671 0.0000 0.0311 0.0563 0.0000 0.0000 0.3421 0.0000 0.0000 0.0000 0.0000 0.0000 0.0077 0.0070 0.0503 0.0971 0.0000 0.0394 0.1018
538      538   (0)     19  : 0.0475 0.0000 0.0000 0.0613 0.4120 0.0000 0.0539 0.0000 0.0000 0.3830 0.0000 0.0044 0.0000 0.0000 0.0140 0.0220 0.0000 0.0000 0.0020
539      539   (0)     19  : 0.0460 0.0000 0.0000 0.0000 0.0194 0.0000 0.8472 0.0000 0.0023 0.0000 0.0000 0.0835 0.0011 0.0000 0.0000 0.0000 0.0004 0.0000 0.0000
