1        1   (0)      1  : 0.0041 0.0000 0.0000 0.0056 0.0000 0.0000 0.2806 0.0000 0.0000 0.6405 0.0587 0.0000 0.0000 0.0000 0.0105
2        2   (0)      1  : 0.0245 0.0000 0.0000 0.9122 0.0000 0.0000 0.0056 0.0000 0.0000 0.0160 0.0000 0.0000 0.0000 0.0000 0.0417
3        3   (0)      1  : 0.4752 0.0000 0.0000 0.4826 0.0000 0.0000 0.0000 0.0000 0.0000 0.0142 0.0119 0.0000 0.0000 0.0000 0.0161
4        4   (0)      1  : 0.0073 0.0000 0.0075 0.0107 0.0000 0.0000 0.0812 0.0000 0.0000 0.5213 0.2747 0.0000 0.0974 0.0000 0.0000
5        5   (0)      1  : 0.0065 0.0000 0.0013 0.0112 0.0000 0.0000 0.1748 0.0000 0.0000 0.5529 0.0849 0.0000 0.1000 0.0000 0.0684
6        6   (0)      1  : 0.0118 0.0000 0.0000 0.0000 0.0000 0.0000 0.4330 0.0000 0.0068 0.4115 0.0548 0.0000 0.0822 0.0000 0.0000
7        7   (0)      1  : 0.0000 0.0000 0.0000 0.8188 0.0000 0.0000 0.0000 0.0000 0.0000 0.0000 0.0000 0.0000 0.0000 0.0000 0.1812
8        8   (0)      1  : 0.1102 0.0000 0.0000 0.8507 0.0000 0.0000 0.0052 0.0000 0.0000 0.0022 0.0000 0.0000 0.0000 0.0000 0.0317
9        9   (0)      1  : 0.0000 0.0000 0.0000 0.0132 0.0000 0.0000 0.0952 0.0000 0.0000 0.5125 0.2185 0.0000 0.1093 0.0000 0.0513
10       10   (0)      1  : 0.1782 0.0000 0.0000 0.6022 0.0000 0.0000 0.0073 0.0000 0.0000 0.0007 0.0064 0.0000 0.0028 0.0000 0.2023
11       11   (0)      1  : 0.0056 0.0000 0.0020 0.0019 0.0000 0.0000 0.2699 0.0000 0.0000 0.3346 0.2253 0.0000 0.1585 0.0000 0.0022
12       12   (0)      1  : 0.0009 0.0000 0.0000 0.0011 0.0000 0.0000 0.5755 0.0000 0.0000 0.4225 0.0000 0.0000 0.0000 0.0000 0.0000
13       13   (0)      1  : 0.0000 0.0000 0.0000 0.0000 0.0000 0.0000 0.0875 0.0000 0.0000 0.2822 0.3526 0.0000 0.2757 0.0000 0.0020
14       14   (0)      1  : 0.0000 0.0000 0.0004 0.0000 0.0000 0.0000 0.2987 0.0000 0.0000 0.3440 0.2000 0.0000 0.1569 0.0000 0.0000
15       15   (0)      1  : 0.0000 0.0000 0.0000 0.0000 0.0000 0.0000 0.0000 0.0000 0.0000 0.9517 0.0475 0.0000 0.0009 0.0000 0.0000
16       16   (0)      1  : 0.0000 0.0000 0.0000 0.0516 0.0000 0.0000 0.2157 0.0000 0.0034 0.5029 0.1663 0.0000 0.0196 0.0000 0.0406
17       17   (0)      1  : 0.0011 0.0000 0.0000 0.0000 0.0000 0.0000 0.4833 0.0000 0.0000 0.1554 0.0958 0.0000 0.1957 0.0000 0.0687
18       18   (0)      1  : 0.0000 0.0000 0.0000 0.0000 0.0000 0.0000 0.0000 0.0000 0.0000 0.6218 0.3782 0.0000 0.0000 0.0000 0.0000
19       19   (0)      1  : 0.0000 0.0000 0.0000 0.0000 0.0002 0.0000 0.0000 0.0000 0.0000 0.7447 0.0975 0.0000 0.1154 0.0000 0.0422
20       20   (0)      1  : 0.0000 0.0000 0.0000 0.0000 0.0000 0.0000 0.2477 0.0000 0.0000 0.3495 0.1881 0.0000 0.2147 0.0000 0.0000
21       21   (0)      1  : 0.0000 0.0000 0.0002 0.0000 0.0000 0.0000 0.0776 0.0000 0.0000 0.1690 0.3303 0.0000 0.4229 0.0000 0.0000
22       22   (0)      1  : 0.3680 0.0000 0.0000 0.4599 0.0000 0.0000 0.0075 0.0000 0.0000 0.0272 0.0078 0.0000 0.0000 0.0000 0.1296
23       23   (0)      1  : 0.0000 0.0000 0.0000 0.0000 0.0000 0.0000 0.1699 0.0000 0.0000 0.1547 0.4557 0.0000 0.2196 0.0000 0.0000
24       24   (0)      1  : 0.0000 0.0000 0.0000 0.0000 0.0000 0.0000 0.2000 0.0000 0.0000 0.0000 0.2000 0.0000 0.2000 0.0000 0.4000
25       25   (0)      1  : 0.0047 0.0000 0.0000 0.0037 0.0000 0.0000 0.2783 0.0000 0.0013 0.2940 0.2050 0.0000 0.2072 0.0000 0.0058
26       26   (0)      1  : 0.0000 0.0000 0.0000 0.0000 0.0000 0.0000 0.2197 0.0000 0.0000 0.6376 0.1412 0.0000 0.0010 0.0000 0.0004
27       27   (0)      1  : 0.0000 0.0000 0.0000 0.0000 0.9211 0.0476 0.0000 0.0314 0.0000 0.0000 0.0000 0.0000 0.0000 0.0000 0.0000
28       28   (0)      1  : 0.0000 0.0000 0.0000 0.0000 0.7559 0.0000 0.0000 0.0000 0.0000 0.0000 0.0000 0.0000 0.0000 0.0000 0.2441
29       29   (0)      1  : 0.0000 0.0000 0.0013 0.0058 0.0000 0.0000 0.0000 0.0000 0.0000 0.2700 0.3697 0.0000 0.3479 0.0000 0.0053
30       30   (0)      1  : 0.0000 0.0000 0.0000 0.0000 0.0000 0.0000 0.1573 0.0000 0.0000 0.1425 0.1002 0.0000 0.6000 0.0000 0.0000
31       31   (0)      1  : 0.0103 0.0000 0.0000 0.0206 0.0000 0.0000 0.1293 0.0000 0.0000 0.3689 0.3869 0.0000 0.0840 0.0000 0.0000
32       32   (0)      1  : 0.0000 0.0000 0.0000 0.7165 0.0000 0.0000 0.0111 0.0000 0.0000 0.0000 0.0000 0.0000 0.0132 0.0000 0.2593
33       33   (0)      1  : 0.0000 0.0000 0.0000 0.0729 0.2447 0.0000 0.0888 0.0000 0.0000 0.0000 0.0802 0.0000 0.0824 0.0000 0.4310
34       34   (0)      1  : 0.0000 0.0000 0.0000 0.0000 0.0000 0.0000 0.1121 0.0000 0.0000 0.2198 0.2866 0.0000 0.3814 0.0000 0.0001
35       35   (0)      1  : 0.0000 0.0000 0.8000 0.0000 0.0000 0.0000 0.0000 0.0000 0.0000 0.0000 0.0000 0.0000 0.2000 0.0000 0.0000
36       36   (0)      1  : 0.0000 0.0000 0.8000 0.0000 0.0000 0.0000 0.0000 0.0000 0.0000 0.0000 0.0000 0.0000 0.2000 0.0000 0.0000
37       37   (0)      1  : 0.0000 0.0000 1.0000 0.0000 0.0000 0.0000 0.0000 0.0000 0.0000 0.0000 0.0000 0.0000 0.0000 0.0000 0.0000
38       38   (0)      1  : 0.0000 0.0000 0.0000 0.0000 1.0000 0.0000 0.0000 0.0000 0.0000 0.0000 0.0000 0.0000 0.0000 0.0000 0.0000
39       39   (0)      1  : 0.0000 0.0088 0.0000 0.0000 0.9839 0.0072 0.0000 0.0000 0.0000 0.0000 0.0000 0.0000 0.0000 0.0000 0.0000
40       40   (0)      1  : 0.0000 0.0000 0.0000 0.0000 0.0000 0.0000 0.2327 0.0000 0.0000 0.4714 0.2000 0.0000 0.0959 0.0000 0.0000
41       41   (0)      1  : 0.3114 0.0000 0.0000 0.5688 0.0000 0.0000 0.0000 0.0000 0.0000 0.0000 0.0102 0.0000 0.0144 0.0000 0.0951
42       42   (0)      1  : 0.0000 0.0000 0.0000 0.0000 1.0000 0.0000 0.0000 0.0000 0.0000 0.0000 0.0000 0.0000 0.0000 0.0000 0.0000
43       43   (0)      1  : 0.0144 0.0000 0.0106 0.0000 0.0000 0.0000 0.2928 0.0000 0.0000 0.4362 0.2459 0.0000 0.0000 0.0000 0.0000
44       44   (0)      1  : 0.1284 0.0000 0.0000 0.7584 0.0000 0.0000 0.0000 0.0000 0.0000 0.0000 0.0000 0.0000 0.0022 0.0000 0.1110
45       45   (0)      1  : 0.0000 0.0000 0.0000 0.0000 1.0000 0.0000 0.0000 0.0000 0.0000 0.0000 0.0000 0.0000 0.0000 0.0000 0.0000
46       46   (0)      1  : 0.0000 0.0000 0.0000 0.0000 0.0000 0.0000 0.0812 0.0000 0.0000 0.8147 0.0100 0.0000 0.0233 0.0000 0.0708
47       47   (0)      1  : 0.0000 0.0000 0.0000 0.0000 1.0000 0.0000 0.0000 0.0000 0.0000 0.0000 0.0000 0.0000 0.0000 0.0000 0.0000
48       48   (0)      1  : 0.4734 0.0000 0.0000 0.2337 0.0000 0.0000 0.0000 0.0000 0.0009 0.0071 0.0051 0.0000 0.0000 0.0000 0.2797
49       49   (0)      1  : 0.1663 0.0000 0.0000 0.6875 0.0000 0.0000 0.0000 0.0000 0.0000 0.0000 0.0000 0.0000 0.0000 0.0000 0.1462
50       50   (0)      1  : 0.0000 0.0000 0.0000 0.0000 1.0000 0.0000 0.0000 0.0000 0.0000 0.0000 0.0000 0.0000 0.0000 0.0000 0.0000
51       51   (0)      1  : 0.0000 0.0000 0.0000 0.0000 1.0000 0.0000 0.0000 0.0000 0.0000 0.0000 0.0000 0.0000 0.0000 0.0000 0.0000
52       52   (0)      1  : 0.0846 0.0000 0.0000 0.8079 0.0000 0.0000 0.0481 0.0000 0.0000 0.0000 0.0000 0.0000 0.0256 0.0000 0.0338
53       53   (0)      1  : 0.0798 0.0000 0.0000 0.6919 0.0000 0.0000 0.0116 0.0000 0.0003 0.0176 0.0000 0.0000 0.0000 0.0000 0.1988
54       54   (0)      1  : 0.3415 0.0000 0.0000 0.4876 0.0000 0.0000 0.0067 0.0000 0.0000 0.0000 0.0215 0.0000 0.0090 0.0000 0.1336
55       55   (0)      1  : 0.0000 0.0100 0.0000 0.0000 0.9851 0.0005 0.0000 0.0043 0.0000 0.0000 0.0000 0.0001 0.0000 0.0000 0.0000
56       56   (0)      2  : 0.0000 0.0000 0.0000 0.0060 0.0000 0.0000 0.3717 0.0000 0.0000 0.2227 0.2659 0.0000 0.1337 0.0000 0.0000
57       57   (0)      2  : 0.0000 0.0000 0.0093 0.0000 0.0000 0.0000 0.0000 0.0000 0.0000 0.6464 0.2673 0.0000 0.0770 0.0000 0.0000
58       58   (0)      2  : 0.0000 0.0000 0.0000 0.0009 0.0000 0.0000 0.0000 0.0000 0.0000 0.7061 0.2930 0.0000 0.0000 0.0000 0.0000
59       59   (0)      2  : 0.0000 0.0000 0.0000 0.0000 0.0000 0.0000 0.0531 0.0000 0.0000 0.4109 0.3808 0.0000 0.1518 0.0000 0.0034
60       60   (0)      2  : 0.3496 0.0000 0.0000 0.5219 0.0000 0.0000 0.0136 0.0000 0.0000 0.0025 0.0053 0.0000 0.0118 0.0000 0.0954
61       61   (0)      2  : 0.0000 0.0000 0.0020 0.0000 0.0000 0.0000 0.2667 0.0000 0.0000 0.1403 0.2519 0.0000 0.3099 0.0000 0.0292
62       62   (0)      2  : 0.0000 0.0000 0.8000 0.0000 0.0000 0.0000 0.0000 0.0000 0.0000 0.0000 0.0000 0.0000 0.2000 0.0000 0.0000
63       63   (0)      2  : 0.0000 0.0000 0.0000 0.0089 0.0000 0.0000 0.1388 0.0000 0.0000 0.3280 0.3440 0.0000 0.0980 0.0000 0.0823
64       64   (0)      2  : 0.0000 0.0000 0.8896 0.0000 0.0000 0.0000 0.0000 0.0000 0.0000 0.0000 0.0000 0.0000 0.1104 0.0000 0.0000
65       65   (0)      2  : 0.0310 0.0000 0.0000 0.0048 0.0000 0.0000 0.4120 0.0000 0.0000 0.3093 0.0253 0.0000 0.1340 0.0000 0.0834
66       66   (0)      2  : 0.0000 0.0000 1.0000 0.0000 0.0000 0.0000 0.0000 0.0000 0.0000 0.0000 0.0000 0.0000 0.0000 0.0000 0.0000
67       67   (0)      2  : 0.0000 0.0000 0.0007 0.0000 0.0000 0.0000 0.0943 0.0000 0.0000 0.2522 0.2545 0.0000 0.1982 0.0000 0.2000
68       68   (0)      2  : 0.0000 0.0000 0.0009 0.0106 0.0000 0.0000 0.4901 0.0000 0.0000 0.2880 0.0000 0.0000 0.1422 0.0000 0.0682
69       69   (0)      2  : 0.3143 0.0000 0.0000 0.6694 0.0000 0.0000 0.0147 0.0000 0.0000 0.0000 0.0000 0.0000 0.0017 0.0000 0.0000
70       70   (0)      2  : 0.0000 0.0000 0.0000 0.0000 0.0000 0.0000 0.1811 0.0000 0.0000 0.4397 0.0546 0.0000 0.2642 0.0000 0.0604
71       71   (0)      2  : 0.0000 0.0000 0.8829 0.0000 0.0000 0.0000 0.0000 0.0000 0.0000 0.0000 0.0000 0.0000 0.1171 0.0000 0.0000
72       72   (0)      2  : 0.0000 0.0000 1.0000 0.0000 0.0000 0.0000 0.0000 0.0000 0.0000 0.0000 0.0000 0.0000 0.0000 0.0000 0.0000
73       73   (0)      2  : 0.0314 0.0000 0.0000 0.0158 0.0000 0.0000 0.3217 0.0000 0.0002 0.1023 0.5286 0.0000 0.0000 0.0000 0.0000
74       74   (0)      2  : 0.0000 0.0000 0.0000 0.8915 0.0000 0.0000 0.0022 0.0000 0.0000 0.0000 0.0000 0.0000 0.0000 0.0000 0.1063
75       75   (0)      2  : 0.0000 0.0000 0.0000 0.0000 0.9830 0.0053 0.0000 0.0026 0.0000 0.0000 0.0000 0.0000 0.0000 0.0090 0.0000
76       76   (0)      2  : 0.0974 0.0000 0.0000 0.8261 0.0000 0.0000 0.0009 0.0000 0.0000 0.0009 0.0000 0.0000 0.0000 0.0000 0.0747
77       77   (0)      2  : 0.0232 0.0000 0.0000 0.0266 0.0000 0.0000 0.0336 0.0000 0.0000 0.3685 0.3836 0.0000 0.1645 0.0000 0.0000
78       78   (0)      2  : 0.0000 0.0000 0.8000 0.0000 0.0000 0.0000 0.0000 0.0000 0.0000 0.0000 0.0000 0.0000 0.2000 0.0000 0.0000
79       79   (0)      2  : 0.0000 0.0000 0.0000 0.0000 1.0000 0.0000 0.0000 0.0000 0.0000 0.0000 0.0000 0.0000 0.0000 0.0000 0.0000
80       80   (0)      2  : 0.0000 0.0000 0.9066 0.0000 0.0000 0.0000 0.0000 0.0000 0.0000 0.0000 0.0000 0.0000 0.0934 0.0000 0.0000
81       81   (0)      2  : 0.0036 0.0000 0.0013 0.0000 0.0000 0.0000 0.1549 0.0000 0.0000 0.1415 0.3553 0.0000 0.3327 0.0000 0.0106
82       82   (0)      2  : 0.0000 0.0000 0.0001 0.7962 0.0000 0.0000 0.0038 0.0000 0.0000 0.0000 0.0000 0.0000 0.0000 0.0000 0.2000
83       83   (0)      2  : 0.3341 0.0000 0.0000 0.5386 0.0000 0.0000 0.0000 0.0000 0.0000 0.0000 0.0000 0.0000 0.0000 0.0000 0.1273
84       84   (0)      2  : 0.0945 0.0000 0.0000 0.1157 0.0000 0.0000 0.0739 0.0000 0.0000 0.2652 0.2171 0.0000 0.1723 0.0000 0.0613
85       85   (0)      2  : 0.0036 0.0000 0.0000 0.0040 0.0000 0.0000 0.1418 0.0000 0.0000 0.2953 0.2818 0.0000 0.2705 0.0000 0.0030
86       86   (0)      2  : 0.0000 0.0000 0.0000 0.0161 0.0000 0.0000 0.3078 0.0000 0.0000 0.5014 0.0205 0.0000 0.1541 0.0000 0.0000
87       87   (0)      2  : 0.0000 0.0000 0.0000 0.0128 0.0000 0.0000 0.1712 0.0000 0.0000 0.2958 0.2519 0.0000 0.2603 0.0000 0.0081
88       88   (0)      2  : 0.0030 0.0000 0.0000 0.0000 0.0000 0.0000 0.2963 0.0000 0.0000 0.2631 0.1811 0.0000 0.2563 0.0000 0.0002
89       89   (0)      2  : 0.0000 0.0000 0.0000 0.0000 0.0000 0.0000 0.1143 0.0000 0.0000 0.3777 0.1989 0.0000 0.2946 0.0000 0.0146
90       90   (0)      2  : 0.0000 0.0000 0.0026 0.0208 0.0000 0.0000 0.1921 0.0000 0.0000 0.7594 0.0012 0.0000 0.0081 0.0000 0.0157
91       91   (0)      2  : 0.0000 0.0000 0.0000 0.0000 0.0000 0.0000 0.0757 0.0000 0.0000 0.0000 0.5243 0.0000 0.4000 0.0000 0.0000
92       92   (0)      2  : 0.0218 0.0000 0.0000 0.0027 0.0000 0.0000 0.2000 0.0000 0.0000 0.5047 0.1379 0.0000 0.1328 0.0000 0.0000
93       93   (0)      2  : 0.5745 0.0000 0.0000 0.4087 0.0000 0.0000 0.0000 0.0000 0.0000 0.0000 0.0000 0.0000 0.0000 0.0000 0.0169
94       94   (0)      2  : 0.2470 0.0000 0.0019 0.5689 0.0000 0.0000 0.0000 0.0000 0.0000 0.0105 0.0000 0.0000 0.0003 0.0000 0.1714
95       95   (0)      2  : 0.0000 0.0000 0.8637 0.0000 0.0000 0.0000 0.0000 0.0000 0.0000 0.0000 0.0000 0.0000 0.1363 0.0000 0.0000
96       96   (0)      2  : 0.6040 0.0000 0.0000 0.3110 0.0000 0.0000 0.0277 0.0000 0.0000 0.0000 0.0000 0.0000 0.0034 0.0000 0.0539
97       97   (0)      2  : 0.7851 0.0000 0.0000 0.2019 0.0000 0.0000 0.0053 0.0000 0.0000 0.0038 0.0039 0.0000 0.0000 0.0000 0.0000
98       98   (0)      2  : 0.0000 0.0000 0.0000 0.0173 0.0000 0.0000 0.4296 0.0000 0.0041 0.3490 0.0000 0.0000 0.0000 0.0000 0.2000
99       99   (0)      2  : 0.0000 0.0000 1.0000 0.0000 0.0000 0.0000 0.0000 0.0000 0.0000 0.0000 0.0000 0.0000 0.0000 0.0000 0.0000
100      100   (0)      2  : 0.0000 0.0000 0.0000 0.0000 0.0000 0.0000 0.0663 0.0000 0.0000 0.4585 0.4374 0.0000 0.0378 0.0000 0.0000
101      101   (0)      3  : 0.0000 0.0000 0.0000 0.0043 0.0000 0.0000 0.2517 0.0000 0.0000 0.3944 0.2674 0.0000 0.0737 0.0000 0.0084
102      102   (0)      3  : 0.0000 0.0000 0.0003 0.0000 0.0000 0.0000 0.2468 0.0000 0.0000 0.4499 0.1372 0.0000 0.0716 0.0000 0.0941
103      103   (0)      3  : 0.0040 0.0000 0.0000 0.0000 0.0000 0.0000 0.3360 0.0000 0.0000 0.1724 0.3806 0.0000 0.1042 0.0000 0.0029
104      104   (0)      3  : 0.0000 0.0000 0.0002 0.0033 0.0000 0.0000 0.1426 0.0000 0.0000 0.4994 0.2758 0.0000 0.0731 0.0000 0.0056
105      105   (0)      3  : 0.0102 0.0000 0.0079 0.0087 0.0000 0.0000 0.1236 0.0000 0.0000 0.6562 0.0993 0.0000 0.0942 0.0000 0.0000
106      106   (0)      3  : 0.0000 0.0000 0.0006 0.0114 0.0000 0.0000 0.1875 0.0000 0.0000 0.3003 0.2000 0.0000 0.2980 0.0000 0.0022
107      107   (0)      3  : 0.0000 0.0000 0.0000 0.0000 0.0000 0.0000 0.0616 0.0000 0.0000 0.8313 0.0700 0.0000 0.0371 0.0000 0.0000
108      108   (0)      3  : 0.0019 0.0000 0.0000 0.0000 0.0000 0.0000 0.2000 0.0000 0.0000 0.4700 0.0724 0.0000 0.0558 0.0000 0.2000
109      109   (0)      3  : 0.0000 0.0000 0.0000 0.0000 0.0000 0.0000 0.0651 0.0000 0.0000 0.5349 0.4000 0.0000 0.0000 0.0000 0.0000
110      110   (0)      3  : 0.0000 0.0000 0.0000 0.0031 0.0000 0.0000 0.2698 0.0000 0.0000 0.3675 0.1115 0.0000 0.1920 0.0000 0.0561
111      111   (0)      3  : 0.0092 0.0000 0.0066 0.0063 0.0000 0.0000 0.2392 0.0000 0.0000 0.5123 0.1103 0.0000 0.0933 0.0000 0.0228
112      112   (0)      3  : 0.0000 0.0000 0.0000 0.0000 0.0000 0.0000 0.0936 0.0000 0.0000 0.8311 0.0000 0.0000 0.0753 0.0000 0.0000
113      113   (0)      3  : 0.0000 0.0000 0.0000 0.0000 0.0000 0.0000 0.3762 0.0000 0.0000 0.1642 0.2659 0.0000 0.1855 0.0000 0.0082
114      114   (0)      3  : 0.0054 0.0000 0.0000 0.0042 0.0000 0.0000 0.1627 0.0000 0.0011 0.3921 0.1785 0.0000 0.2452 0.0000 0.0109
115      115   (0)      3  : 0.0001 0.0000 0.0000 0.0263 0.0000 0.0000 0.1597 0.0000 0.0000 0.2551 0.5493 0.0000 0.0000 0.0000 0.0094
116      116   (0)      3  : 0.0041 0.0000 0.0000 0.0000 0.0000 0.0000 0.3505 0.0000 0.0035 0.3444 0.0461 0.0000 0.2000 0.0000 0.0514
117      117   (0)      3  : 0.0000 0.0000 0.0000 0.0393 0.0000 0.0000 0.2503 0.0000 0.0000 0.2478 0.1116 0.0000 0.3511 0.0000 0.0000
118      118   (0)      3  : 0.0002 0.0000 0.0000 0.0000 0.0000 0.0000 0.1368 0.0000 0.0000 0.2672 0.3234 0.0000 0.2724 0.0000 0.0000
119      119   (0)      3  : 0.0103 0.0000 0.0000 0.0145 0.0000 0.0000 0.2212 0.0000 0.0000 0.4547 0.0989 0.0000 0.1518 0.0000 0.0486
120      120   (0)      3  : 0.0238 0.0000 0.0611 0.0165 0.0000 0.0000 0.1815 0.0000 0.0000 0.2888 0.2884 0.0000 0.1360 0.0000 0.0039
121      121   (0)      3  : 0.0000 0.0000 0.0000 0.0000 0.0000 0.0000 0.4435 0.0000 0.0000 0.1305 0.1418 0.0000 0.2841 0.0000 0.0000
122      122   (0)      3  : 0.0006 0.0000 0.0000 0.0000 0.0000 0.0000 0.1951 0.0000 0.0000 0.4879 0.3134 0.0000 0.0008 0.0000 0.0022
123      123   (0)      3  : 0.0000 0.0000 0.0000 0.0017 0.0000 0.0000 0.2564 0.0000 0.0000 0.2548 0.1221 0.0000 0.2699 0.0000 0.0951
124      124   (0)      3  : 0.0000 0.0000 0.0000 0.0000 0.0000 0.0000 0.2645 0.0000 0.0000 0.2325 0.3408 0.0000 0.1622 0.0000 0.0000
125      125   (0)      3  : 0.0000 0.0000 0.0021 0.0000 0.0000 0.0000 0.0850 0.0000 0.0000 0.3430 0.2000 0.0000 0.3699 0.0000 0.0000
126      126   (0)      3  : 0.0079 0.0000 0.0000 0.0137 0.0000 0.0000 0.0019 0.0000 0.0000 0.1686 0.4962 0.0000 0.3005 0.0000 0.0114
127      127   (0)      3  : 0.0308 0.0000 0.0000 0.0110 0.0000 0.0000 0.2728 0.0000 0.0000 0.3223 0.2047 0.0000 0.0925 0.0000 0.0660
128      128   (0)      3  : 0.0000 0.0000 0.0000 0.0000 0.0000 0.0000 0.2693 0.0000 0.0000 0.2882 0.2642 0.0000 0.1717 0.0000 0.0067
129      129   (0)      3  : 0.0112 0.0000 0.0000 0.0027 0.0000 0.0000 0.2000 0.0000 0.0000 0.1349 0.1457 0.0000 0.4910 0.0000 0.0145
130      130   (0)      3  : 0.3482 0.0000 0.0000 0.4483 0.0000 0.0000 0.0057 0.0000 0.0000 0.0113 0.0003 0.0000 0.0000 0.0000 0.1862
131      131   (0)      3  : 0.4838 0.0000 0.0000 0.3850 0.0000 0.0000 0.0640 0.0000 0.0000 0.0000 0.0000 0.0000 0.0130 0.0000 0.0541
132      132   (0)      3  : 0.0000 0.0000 1.0000 0.0000 0.0000 0.0000 0.0000 0.0000 0.0000 0.0000 0.0000 0.0000 0.0000 0.0000 0.0000
133      133   (0)      3  : 0.0000 0.0122 0.0000 0.0000 0.8815 0.0000 0.0000 0.0000 0.0890 0.0000 0.0000 0.0173 0.0000 0.0000 0.0000
134      134   (0)      3  : 0.1851 0.0000 0.0015 0.5735 0.0167 0.0042 0.0000 0.0000 0.0000 0.0309 0.0401 0.0000 0.0248 0.0000 0.1232
135      135   (0)      3  : 0.0002 0.0000 0.0037 0.0000 0.0000 0.0000 0.2000 0.0000 0.0000 0.3256 0.3748 0.0000 0.0043 0.0000 0.0914
136      136   (0)      3  : 0.0087 0.0000 0.0000 0.0000 0.0000 0.0000 0.2000 0.0000 0.0000 0.2567 0.0000 0.0000 0.3258 0.0000 0.2088
137      137   (0)      3  : 0.7264 0.0000 0.0000 0.1409 0.0000 0.0000 0.0000 0.0000 0.0000 0.0000 0.0000 0.0000 0.0006 0.0000 0.1320
138      138   (0)      3  : 0.0152 0.0000 0.0000 0.0000 0.0000 0.0000 0.1817 0.0000 0.0000 0.2761 0.3102 0.0000 0.1806 0.0000 0.0361
139      139   (0)      3  : 0.0000 0.0000 0.0000 0.0000 0.0000 0.0000 0.1201 0.0000 0.0051 0.2813 0.5109 0.0000 0.0826 0.0000 0.0000
140      140   (0)      3  : 0.0076 0.0000 0.0000 0.0000 0.0000 0.0000 0.2571 0.0000 0.0000 0.3446 0.0000 0.0000 0.3906 0.0000 0.0000
141      141   (0)      3  : 0.0000 0.0000 1.0000 0.0000 0.0000 0.0000 0.0000 0.0000 0.0000 0.0000 0.0000 0.0000 0.0000 0.0000 0.0000
142      142   (0)      3  : 0.0000 0.0000 0.8745 0.0000 0.0000 0.0000 0.0000 0.0000 0.0000 0.0000 0.0000 0.0000 0.1255 0.0000 0.0000
143      143   (0)      3  : 0.0000 0.0000 1.0000 0.0000 0.0000 0.0000 0.0000 0.0000 0.0000 0.0000 0.0000 0.0000 0.0000 0.0000 0.0000
144      144   (0)      3  : 0.0000 0.0000 0.9514 0.0000 0.0000 0.0000 0.0000 0.0000 0.0000 0.0000 0.0000 0.0000 0.0486 0.0000 0.0000
145      145   (0)      3  : 0.0000 0.0000 1.0000 0.0000 0.0000 0.0000 0.0000 0.0000 0.0000 0.0000 0.0000 0.0000 0.0000 0.0000 0.0000
146      146   (0)      3  : 0.2181 0.0000 0.0000 0.5041 0.0000 0.0000 0.0063 0.0000 0.0000 0.0069 0.0000 0.0000 0.0105 0.0000 0.2542
147      147   (0)      3  : 0.0024 0.0000 0.0000 0.0000 0.0000 0.0000 0.1045 0.0000 0.0000 0.1433 0.5663 0.0000 0.1150 0.0000 0.0685
148      148   (0)      3  : 0.0000 0.0000 0.9503 0.0000 0.0000 0.0000 0.0000 0.0000 0.0000 0.0000 0.0000 0.0000 0.0497 0.0000 0.0000
149      149   (0)      3  : 0.0000 0.0000 1.0000 0.0000 0.0000 0.0000 0.0000 0.0000 0.0000 0.0000 0.0000 0.0000 0.0000 0.0000 0.0000
150      150   (0)      3  : 0.0000 0.0138 0.0001 0.0000 0.8249 0.0122 0.0000 0.0004 0.1326 0.0000 0.0000 0.0043 0.0011 0.0106 0.0000
151      151   (0)      3  : 0.0000 0.0000 0.0000 0.0000 1.0000 0.0000 0.0000 0.0000 0.0000 0.0000 0.0000 0.0000 0.0000 0.0000 0.0000
152      152   (0)      3  : 0.0028 0.0000 0.0000 0.0000 0.0000 0.0000 0.3299 0.0000 0.0000 0.4682 0.1124 0.0000 0.0867 0.0000 0.0000
153      153   (0)      3  : 0.0000 0.0000 0.8857 0.0000 0.0000 0.0000 0.0000 0.0000 0.0000 0.0000 0.0000 0.0000 0.1143 0.0000 0.0000
154      154   (0)      3  : 0.0000 0.0000 0.0016 0.0004 0.0000 0.0000 0.0000 0.0000 0.0000 0.5157 0.4808 0.0000 0.0015 0.0000 0.0000
155      155   (0)      3  : 0.0000 0.0000 0.0000 0.0000 0.0000 0.0000 0.1188 0.0000 0.0000 0.6978 0.0000 0.0000 0.1108 0.0000 0.0725
156      156   (0)      3  : 0.0910 0.0000 0.0000 0.6987 0.0000 0.0000 0.0300 0.0000 0.0000 0.0000 0.0140 0.0000 0.0275 0.0000 0.1387
157      157   (0)      3  : 0.0027 0.0000 0.0000 0.0000 0.0000 0.0000 0.0284 0.0000 0.0000 0.2142 0.6924 0.0000 0.0622 0.0000 0.0000
158      158   (0)      3  : 0.2530 0.0000 0.0000 0.5005 0.0000 0.0000 0.0000 0.0000 0.0000 0.0000 0.0000 0.0000 0.0000 0.0000 0.2464
159      159   (0)      3  : 0.0005 0.0000 0.0000 0.0000 0.0000 0.0000 0.5609 0.0000 0.0008 0.1007 0.1532 0.0000 0.1419 0.0000 0.0420
160      160   (0)      3  : 0.3065 0.0000 0.0000 0.5441 0.0000 0.0000 0.0000 0.0000 0.0000 0.0022 0.0039 0.0000 0.0023 0.0000 0.1410
161      161   (0)      4  : 0.0031 0.0000 0.0000 0.0000 0.0000 0.0000 0.0577 0.0000 0.0000 0.1003 0.8389 0.0000 0.0000 0.0000 0.0000
162      162   (0)      4  : 0.0000 0.0000 0.0000 0.0000 0.0000 0.0000 0.0626 0.0000 0.0000 0.3896 0.1084 0.0000 0.3462 0.0000 0.0932
163      163   (0)      4  : 0.0000 0.0000 1.0000 0.0000 0.0000 0.0000 0.0000 0.0000 0.0000 0.0000 0.0000 0.0000 0.0000 0.0000 0.0000
164      164   (0)      4  : 0.4487 0.0000 0.0000 0.4099 0.0000 0.0000 0.0000 0.0000 0.0000 0.0000 0.0000 0.0000 0.0000 0.0000 0.1415
165      165   (0)      4  : 0.0000 0.0000 0.8745 0.0000 0.0000 0.0000 0.0000 0.0000 0.0000 0.0000 0.0000 0.0000 0.1255 0.0000 0.0000
166      166   (0)      4  : 0.0000 0.0000 0.8000 0.0000 0.0000 0.0000 0.0000 0.0000 0.0000 0.0000 0.0000 0.0000 0.2000 0.0000 0.0000
167      167   (0)      4  : 0.0000 0.0000 0.0000 0.0000 0.0000 0.0000 0.4463 0.0000 0.0000 0.3111 0.1899 0.0000 0.0491 0.0000 0.0036
168      168   (0)      4  : 0.0000 0.0000 0.0000 0.0000 0.0000 0.0000 0.0581 0.0000 0.0000 0.0805 0.2578 0.0000 0.5214 0.0000 0.0822
169      169   (0)      4  : 0.0086 0.0000 0.0000 0.0090 0.0000 0.0000 0.0000 0.0000 0.0000 0.5524 0.1429 0.0000 0.1663 0.0000 0.1207
170      170   (0)      4  : 0.0000 0.0000 0.0000 0.0000 0.0000 0.0000 0.3914 0.0000 0.0000 0.3198 0.0971 0.0000 0.1789 0.0000 0.0129
171      171   (0)      4  : 0.0096 0.0000 0.0000 0.0000 0.0000 0.0000 0.2738 0.0000 0.0000 0.6755 0.0315 0.0000 0.0096 0.0000 0.0000
172      172   (0)      4  : 0.0000 0.0000 0.0000 0.0041 0.0000 0.0000 0.0196 0.0000 0.0000 0.6581 0.1183 0.0000 0.2000 0.0000 0.0000
173      173   (0)      4  : 0.0000 0.0000 0.0000 0.0000 0.0000 0.0000 0.5024 0.0000 0.0000 0.4976 0.0000 0.0000 0.0000 0.0000 0.0000
174      174   (0)      4  : 0.0248 0.0000 0.0000 0.8051 0.0000 0.0000 0.0003 0.0000 0.0000 0.0000 0.0181 0.0000 0.0000 0.0000 0.1517
175      175   (0)      4  : 0.0000 0.0000 0.0000 0.0000 0.0000 0.0000 0.1379 0.0000 0.0000 0.2304 0.2302 0.0000 0.4016 0.0000 0.0000
176      176   (0)      4  : 0.0000 0.0000 1.0000 0.0000 0.0000 0.0000 0.0000 0.0000 0.0000 0.0000 0.0000 0.0000 0.0000 0.0000 0.0000
177      177   (0)      4  : 0.0242 0.0000 0.0000 0.0068 0.0000 0.0000 0.0125 0.0000 0.0000 0.6166 0.1769 0.0000 0.1628 0.0000 0.0001
178      178   (0)      4  : 0.0000 0.0000 0.8926 0.0000 0.0000 0.0000 0.0000 0.0000 0.0000 0.0000 0.0000 0.0000 0.1074 0.0000 0.0000
179      179   (0)      4  : 0.0000 0.0000 0.8000 0.0000 0.0000 0.0000 0.0000 0.0000 0.0000 0.0000 0.0000 0.0000 0.2000 0.0000 0.0000
180      180   (0)      4  : 0.0001 0.0000 0.0035 0.0000 0.0000 0.0000 0.0355 0.0000 0.0000 0.7275 0.2304 0.0000 0.0031 0.0000 0.0000
181      181   (0)      4  : 0.0000 0.0000 0.0000 0.0000 0.0000 0.0000 0.4056 0.0000 0.0000 0.3728 0.0401 0.0000 0.1815 0.0000 0.0000
182      182   (0)      4  : 0.0000 0.0000 0.0000 0.0000 0.0000 0.0000 0.2711 0.0000 0.0000 0.5004 0.0425 0.0000 0.1861 0.0000 0.0000
183      183   (0)      4  : 0.2220 0.0000 0.0000 0.6995 0.0000 0.0000 0.0000 0.0000 0.0000 0.0000 0.0000 0.0000 0.0000 0.0000 0.0785
184      184   (0)      4  : 0.3009 0.0000 0.0000 0.5774 0.0000 0.0000 0.0080 0.0000 0.0000 0.0002 0.0019 0.0000 0.0000 0.0000 0.1116
185      185   (0)      4  : 0.0000 0.0000 0.8000 0.0000 0.0000 0.0000 0.0000 0.0000 0.0000 0.0000 0.0000 0.0000 0.2000 0.0000 0.0000
186      186   (0)      4  : 0.0007 0.0000 0.0000 0.0002 0.0000 0.0000 0.1277 0.0000 0.0000 0.3259 0.1077 0.0000 0.3624 0.0000 0.0753
187      187   (0)      4  : 0.0210 0.0000 0.0000 0.0221 0.0000 0.0000 0.3108 0.0000 0.0000 0.3993 0.0335 0.0000 0.1931 0.0000 0.0201
188      188   (0)      4  : 0.0000 0.0000 1.0000 0.0000 0.0000 0.0000 0.0000 0.0000 0.0000 0.0000 0.0000 0.0000 0.0000 0.0000 0.0000
189      189   (0)      4  : 0.0017 0.0000 0.0000 0.0000 0.0000 0.0000 0.4077 0.0000 0.0000 0.1749 0.2333 0.0000 0.1674 0.0000 0.0150
190      190   (0)      4  : 0.3034 0.0000 0.0000 0.6707 0.0000 0.0000 0.0000 0.0000 0.0000 0.0000 0.0000 0.0000 0.0000 0.0000 0.0260
191      191   (0)      4  : 0.0613 0.0000 0.1005 0.0271 0.0000 0.0000 0.1321 0.0000 0.0723 0.0000 0.4009 0.0000 0.0000 0.0000 0.2059
192      192   (0)      4  : 0.0000 0.0000 0.0007 0.0024 0.0000 0.0000 0.1371 0.0000 0.0000 0.1884 0.3009 0.0000 0.2867 0.0000 0.0838
193      193   (0)      4  : 0.0137 0.0000 0.0015 0.0001 0.0000 0.0000 0.1611 0.0000 0.0000 0.0937 0.1663 0.0000 0.3549 0.0000 0.2088
194      194   (0)      4  : 0.0000 0.0000 0.0000 0.0044 0.0000 0.0000 0.2500 0.0000 0.0000 0.0844 0.3312 0.0000 0.1917 0.0000 0.1384
195      195   (0)      4  : 0.0000 0.0000 0.0000 0.0000 0.0000 0.0000 0.0728 0.0000 0.0000 0.7832 0.0964 0.0000 0.0446 0.0000 0.0030
196      196   (0)      4  : 0.0000 0.0000 0.0000 0.0000 0.0000 0.0000 0.3148 0.0000 0.0000 0.2046 0.3983 0.0000 0.0518 0.0000 0.0306
197      197   (0)      4  : 0.0012 0.0000 0.0000 0.0005 0.0000 0.0000 0.3493 0.0000 0.0000 0.3343 0.2851 0.0000 0.0297 0.0000 0.0000
198      198   (0)      4  : 0.0000 0.0000 0.0000 0.0000 0.0000 0.0000 0.2201 0.0000 0.0000 0.3191 0.4565 0.0000 0.0000 0.0000 0.0042
199      199   (0)      4  : 0.0015 0.0000 0.0000 0.0001 0.0000 0.0000 0.3905 0.0000 0.0000 0.5057 0.1005 0.0000 0.0000 0.0000 0.0016
200      200   (0)      4  : 0.0000 0.0000 0.0000 0.8564 0.0000 0.0000 0.0116 0.0000 0.0000 0.0076 0.0000 0.0000 0.0096 0.0000 0.1148
201      201   (0)      4  : 0.0000 0.0000 0.0000 0.0000 0.0000 0.0000 0.0000 0.0000 0.0034 0.1256 0.6072 0.0000 0.2637 0.0000 0.0000
202      202   (0)      4  : 0.0000 0.0000 0.0015 0.0000 0.0000 0.0000 0.3085 0.0000 0.0000 0.2901 0.0785 0.0000 0.3214 0.0000 0.0000
203      203   (0)      4  : 0.0069 0.0000 0.0000 0.0000 0.0000 0.0000 0.1721 0.0000 0.0000 0.2154 0.0635 0.0000 0.5310 0.0000 0.0111
204      204   (0)      4  : 0.0000 0.0000 0.0010 0.0000 0.0000 0.0000 0.4000 0.0000 0.0000 0.1969 0.0000 0.0000 0.2816 0.0000 0.1205
205      205   (0)      4  : 0.0000 0.0000 0.0000 0.0045 0.0000 0.0000 0.3623 0.0000 0.0000 0.1955 0.0000 0.0000 0.3239 0.0000 0.1137
206      206   (0)      4  : 0.0000 0.0000 0.0000 0.0000 0.0000 0.0000 0.0521 0.0000 0.0000 0.3643 0.5835 0.0000 0.0000 0.0000 0.0000
207      207   (0)      4  : 0.0000 0.0000 0.0000 0.0000 0.0000 0.0000 0.4049 0.0000 0.0000 0.2783 0.1545 0.0000 0.1617 0.0000 0.0006
208      208   (0)      4  : 0.0000 0.0000 0.0000 0.9332 0.0000 0.0000 0.0126 0.0000 0.0000 0.0064 0.0000 0.0000 0.0260 0.0000 0.0218
209      209   (0)      4  : 0.0000 0.0000 0.0000 0.0000 0.0000 0.0000 0.1505 0.0000 0.0000 0.2581 0.3909 0.0000 0.2005 0.0000 0.0000
210      210   (0)      4  : 0.0000 0.0000 0.0000 0.0000 0.0000 0.0000 0.1470 0.0000 0.0000 0.2241 0.4662 0.0000 0.1291 0.0000 0.0336
211      211   (0)      4  : 0.0111 0.0000 0.0000 0.0000 0.0000 0.0000 0.0644 0.0000 0.0000 0.5290 0.1179 0.0000 0.2760 0.0000 0.0016
212      212   (0)      4  : 0.6175 0.0000 0.0000 0.2856 0.0000 0.0000 0.0000 0.0000 0.0000 0.0021 0.0000 0.0000 0.0020 0.0000 0.0928
213      213   (0)      4  : 0.0022 0.0000 0.0000 0.0000 0.0000 0.0011 0.2123 0.0000 0.0000 0.3328 0.2308 0.0000 0.0998 0.0000 0.1210
214      214   (0)      4  : 0.0000 0.0000 0.0068 0.0000 0.0000 0.0000 0.0000 0.0000 0.0032 0.4089 0.4134 0.0000 0.1622 0.0000 0.0056
215      215   (0)      4  : 0.0032 0.0000 0.0048 0.3986 0.0000 0.0000 0.0000 0.0000 0.0000 0.2813 0.2225 0.0000 0.0032 0.0000 0.0865
216      216   (0)      4  : 0.0012 0.0000 0.0000 0.0000 0.0000 0.0000 0.5943 0.0000 0.0000 0.1217 0.0827 0.0000 0.2000 0.0000 0.0000
217      217   (0)      4  : 0.0000 0.0000 0.8000 0.0000 0.0000 0.0000 0.0000 0.0000 0.0000 0.0000 0.0000 0.0000 0.2000 0.0000 0.0000
218      218   (0)      4  : 0.0154 0.0000 0.0009 0.0000 0.0000 0.0000 0.5132 0.0000 0.0000 0.2705 0.2000 0.0000 0.0000 0.0000 0.0000
219      219   (0)      4  : 0.0158 0.0000 0.0000 0.0000 0.0000 0.0000 0.3739 0.0000 0.0000 0.2396 0.1278 0.0000 0.1900 0.0000 0.0529
220      220   (0)      5  : 0.0000 0.1845 0.0000 0.0000 0.0000 0.7268 0.0000 0.0000 0.0000 0.0000 0.0000 0.0425 0.0000 0.0462 0.0000
221      221   (0)      5  : 0.0000 0.2097 0.0000 0.0000 0.0000 0.0010 0.0000 0.6476 0.0000 0.0000 0.0000 0.1417 0.0000 0.0000 0.0000
222      222   (0)      6  : 0.0000 0.3334 0.0000 0.0000 0.0000 0.0000 0.0000 0.6511 0.0000 0.0000 0.0000 0.0000 0.0040 0.0114 0.0000
223      223   (0)      6  : 0.0000 0.0000 0.0000 0.0000 0.0000 0.2831 0.0000 0.4899 0.0000 0.0000 0.0000 0.1652 0.0000 0.0617 0.0000
224      224   (0)      6  : 0.0000 0.0836 0.0000 0.0000 0.0000 0.0224 0.0000 0.3315 0.0000 0.0000 0.0000 0.1844 0.0000 0.3782 0.0000
225      225   (0)      6  : 0.0000 0.2237 0.0000 0.0000 0.0087 0.2980 0.0000 0.0000 0.0000 0.0000 0.0000 0.4073 0.0623 0.0000 0.0000
226      226   (0)      6  : 0.0000 0.3697 0.0000 0.0000 0.0000 0.1469 0.0000 0.0122 0.0081 0.0000 0.0000 0.0101 0.0351 0.4179 0.0000
227      227   (0)      6  : 0.0000 0.3915 0.0000 0.0000 0.0000 0.1197 0.0000 0.1509 0.0000 0.0000 0.0000 0.1018 0.0000 0.2361 0.0000
228      228   (0)      6  : 0.0000 0.0000 0.0000 0.0000 0.0117 0.9456 0.0000 0.0406 0.0016 0.0000 0.0000 0.0000 0.0000 0.0005 0.0000
229      229   (0)      6  : 0.0000 0.0013 0.0000 0.0000 0.0000 0.2859 0.0000 0.0700 0.0000 0.0000 0.0000 0.3446 0.0000 0.2983 0.0000
230      230   (0)      6  : 0.0000 0.1788 0.0000 0.0000 0.0000 0.1010 0.0000 0.2153 0.0000 0.0000 0.0000 0.1360 0.0000 0.3688 0.0000
231      231   (0)      6  : 0.0000 0.1539 0.0000 0.0000 0.0287 0.2872 0.0000 0.0078 0.0000 0.0000 0.0000 0.2674 0.0000 0.2550 0.0000
232      232   (0)      6  : 0.0000 0.0967 0.0000 0.0000 0.0037 0.0221 0.0000 0.4886 0.0000 0.0000 0.0000 0.1132 0.0000 0.2756 0.0000
233      233   (0)      6  : 0.0000 0.3993 0.0000 0.0000 0.0000 0.2684 0.0000 0.0000 0.0070 0.0000 0.0000 0.1495 0.0000 0.1759 0.0000
234      234   (0)      6  : 0.0000 0.2935 0.0000 0.0000 0.0053 0.0000 0.0000 0.0691 0.0000 0.0000 0.0000 0.1949 0.0435 0.3938 0.0000
235      235   (0)      6  : 0.0000 0.1974 0.0019 0.0000 0.0120 0.1998 0.0000 0.3362 0.0000 0.0000 0.0000 0.1040 0.0970 0.0517 0.0000
236      236   (0)      6  : 0.0000 0.0000 0.0000 0.0000 0.0001 0.1629 0.0000 0.5408 0.0000 0.0000 0.0000 0.2962 0.0000 0.0000 0.0000
237      237   (0)      6  : 0.0000 0.0000 0.0000 0.0000 0.0000 0.7122 0.0000 0.2372 0.0000 0.0000 0.0000 0.0000 0.0506 0.0000 0.0000
238      238   (0)      6  : 0.0000 0.0014 0.0000 0.0000 0.0000 0.4975 0.0000 0.3097 0.0000 0.0000 0.0000 0.0000 0.0000 0.1913 0.0000
239      239   (0)      6  : 0.0000 0.0108 0.0000 0.0000 0.0000 0.2821 0.0000 0.1502 0.0000 0.0000 0.0000 0.4708 0.0861 0.0000 0.0000
240      240   (0)      6  : 0.0000 0.3350 0.0000 0.0000 0.0078 0.2543 0.0000 0.0697 0.0000 0.0000 0.0000 0.0192 0.0000 0.3140 0.0000
241      241   (0)      6  : 0.0000 0.1259 0.0000 0.0000 0.0000 0.0350 0.0000 0.0385 0.0000 0.0000 0.0000 0.0402 0.0000 0.7604 0.0000
242      242   (0)      6  : 0.0000 0.1620 0.0000 0.0000 0.0000 0.0842 0.0000 0.4678 0.0057 0.0000 0.0000 0.2593 0.0000 0.0210 0.0000
243      243   (0)      6  : 0.0000 0.3094 0.0000 0.0000 0.0303 0.0547 0.0000 0.1954 0.0098 0.0000 0.0000 0.2758 0.0000 0.1246 0.0000
244      244   (0)      6  : 0.0000 0.5006 0.0000 0.0000 0.0000 0.2937 0.0000 0.0483 0.0000 0.0000 0.0000 0.1035 0.0535 0.0003 0.0000
245      245   (0)      6  : 0.0000 0.0000 0.0000 0.0000 0.0000 0.1447 0.0000 0.0000 0.0000 0.0000 0.0000 0.1431 0.0723 0.6400 0.0000
246      246   (0)      6  : 0.0000 0.1189 0.0000 0.0000 0.0000 0.0000 0.0000 0.8252 0.0000 0.0000 0.0000 0.0559 0.0000 0.0000 0.0000
247      247   (0)      6  : 0.0000 0.4393 0.0000 0.0000 0.0000 0.2058 0.0000 0.0829 0.0000 0.0000 0.0000 0.0016 0.0000 0.2705 0.0000
248      248   (0)      6  : 0.0000 0.1734 0.0000 0.0000 0.0000 0.0090 0.0000 0.0968 0.0046 0.0000 0.0000 0.0387 0.0000 0.6775 0.0000
249      249   (0)      7  : 0.0000 0.1250 0.0000 0.0000 0.0000 0.0000 0.0000 0.0000 0.0000 0.0000 0.0000 0.3080 0.1163 0.4507 0.0000
250      250   (0)      7  : 0.0000 0.5035 0.0000 0.0000 0.0000 0.0259 0.0000 0.1386 0.0000 0.0000 0.0000 0.2368 0.0780 0.0173 0.0000
251      251   (0)      7  : 0.0000 0.2596 0.0000 0.0000 0.0000 0.2580 0.0000 0.3706 0.0000 0.0000 0.0000 0.0465 0.0008 0.0646 0.0000
252      252   (0)      7  : 0.0000 0.2097 0.0000 0.0000 0.0000 0.1736 0.0000 0.1449 0.0000 0.0000 0.0000 0.0585 0.0000 0.4133 0.0000
253      253   (0)      7  : 0.0000 0.2229 0.0000 0.0000 0.0000 0.0000 0.0000 0.6448 0.0000 0.0000 0.0000 0.1322 0.0000 0.0001 0.0000
254      254   (0)      7  : 0.0000 0.2367 0.0000 0.0000 0.0000 0.0057 0.0000 0.4223 0.0007 0.0000 0.0000 0.0781 0.0000 0.2564 0.0000
255      255   (0)      7  : 0.0000 0.1962 0.0000 0.0000 0.0000 0.0902 0.0000 0.0271 0.0000 0.0000 0.0000 0.1337 0.0000 0.5528 0.0000
256      256   (0)      7  : 0.0000 0.2100 0.0000 0.0000 0.0000 0.2379 0.0000 0.0425 0.0000 0.0000 0.0000 0.0769 0.0000 0.4327 0.0000
257      257   (0)      7  : 0.0000 0.0000 0.0000 0.0000 0.0000 0.5426 0.0000 0.0000 0.0000 0.0000 0.0000 0.3857 0.0717 0.0000 0.0000
258      258   (0)      7  : 0.0000 0.1856 0.0000 0.0000 0.0000 0.5811 0.0000 0.0000 0.0000 0.0000 0.0000 0.0516 0.0000 0.1817 0.0000
259      259   (0)      7  : 0.0000 0.3406 0.0000 0.0000 0.0000 0.0594 0.0000 0.0000 0.0000 0.0000 0.0000 0.4000 0.2000 0.0000 0.0000
260      260   (0)      7  : 0.0000 0.1242 0.0000 0.0000 0.0000 0.1501 0.0000 0.0305 0.0000 0.0000 0.0000 0.0701 0.0000 0.6251 0.0000
261      261   (0)      7  : 0.0000 0.3353 0.0000 0.0000 0.0000 0.0000 0.0000 0.4876 0.0000 0.0000 0.0000 0.1227 0.0000 0.0545 0.0000
262      262   (0)      7  : 0.0000 0.3326 0.0000 0.0000 0.0000 0.2683 0.0000 0.2709 0.0000 0.0000 0.0000 0.0316 0.0000 0.0967 0.0000
263      263   (0)      7  : 0.0000 0.0896 0.0000 0.0000 0.0000 0.2124 0.0000 0.1686 0.0000 0.0000 0.0000 0.0001 0.0000 0.5292 0.0000
264      264   (0)      7  : 0.0000 0.3323 0.0000 0.0000 0.0000 0.0120 0.0000 0.0000 0.0000 0.0000 0.0000 0.0653 0.0000 0.5904 0.0000
265      265   (0)      7  : 0.0000 0.0414 0.0000 0.0000 0.0000 0.0313 0.0000 0.8339 0.0000 0.0000 0.0000 0.0934 0.0000 0.0000 0.0000
266      266   (0)      7  : 0.0000 0.0813 0.0000 0.0000 0.0029 0.0001 0.0000 0.6551 0.0077 0.0000 0.0000 0.2523 0.0000 0.0006 0.0000
267      267   (0)      7  : 0.0000 0.0000 0.0000 0.0000 0.0046 0.0000 0.0000 0.9321 0.0000 0.0000 0.0000 0.0633 0.0000 0.0000 0.0000
268      268   (0)      7  : 0.0000 0.2814 0.0000 0.0000 0.0000 0.0109 0.0000 0.1111 0.0000 0.0000 0.0000 0.3530 0.0000 0.2436 0.0000
269      269   (0)      7  : 0.0000 0.1106 0.0000 0.0000 0.0000 0.0000 0.0000 0.5353 0.0008 0.0000 0.0000 0.1692 0.0422 0.1418 0.0000
270      270   (0)      7  : 0.0000 0.3868 0.0000 0.0000 0.0054 0.0109 0.0000 0.1660 0.0000 0.0000 0.0000 0.0530 0.0000 0.3779 0.0000
271      271   (0)      7  : 0.0000 0.2168 0.0000 0.0000 0.0000 0.0000 0.0000 0.2416 0.0000 0.0000 0.0000 0.4694 0.0000 0.0722 0.0000
272      272   (0)      7  : 0.0000 0.0477 0.0000 0.0000 0.0000 0.0000 0.0000 0.9523 0.0000 0.0000 0.0000 0.0000 0.0000 0.0000 0.0000
273      273   (0)      7  : 0.0000 0.0000 0.0000 0.0000 0.0000 0.6069 0.0000 0.0706 0.0024 0.0000 0.0000 0.2196 0.0000 0.1006 0.0000
274      274   (0)      7  : 0.0000 0.0000 0.0000 0.0000 0.0000 0.0282 0.0000 0.4116 0.0000 0.0000 0.0000 0.1295 0.0000 0.4308 0.0000
275      275   (0)      7  : 0.0000 0.0205 0.0025 0.0000 0.0000 0.1663 0.0000 0.7179 0.0000 0.0000 0.0000 0.0000 0.0000 0.0929 0.0000
276      276   (0)      7  : 0.0000 0.2897 0.0000 0.0000 0.0000 0.1266 0.0000 0.2834 0.0000 0.0000 0.0000 0.1139 0.0027 0.1838 0.0000
277      277   (0)      7  : 0.0000 0.7684 0.0000 0.0000 0.0000 0.0000 0.0000 0.0000 0.0005 0.0000 0.0000 0.1373 0.0000 0.0938 0.0000
278      278   (0)      7  : 0.0000 0.3833 0.0000 0.0000 0.0000 0.0000 0.0000 0.1962 0.0000 0.0000 0.0000 0.3158 0.0000 0.1048 0.0000
279      279   (0)      8  : 0.0000 0.0751 0.0000 0.0000 0.0000 0.0376 0.0000 0.3259 0.0000 0.0000 0.0000 0.5493 0.0000 0.0121 0.0000
280      280   (0)      8  : 0.0000 0.0161 0.0000 0.0000 0.0000 0.0000 0.0000 0.3110 0.0000 0.0000 0.0000 0.6585 0.0000 0.0144 0.0000
281      281   (0)      8  : 0.0000 0.0176 0.0000 0.0000 0.0000 0.2501 0.0000 0.5545 0.0027 0.0000 0.0000 0.0913 0.0000 0.0839 0.0000
282      282   (0)      8  : 0.0000 0.1543 0.0000 0.0000 0.0000 0.3597 0.0000 0.0000 0.0009 0.0000 0.0000 0.3303 0.0000 0.1548 0.0000
283      283   (0)      8  : 0.0000 0.0368 0.0013 0.0000 0.0000 0.3462 0.0000 0.2829 0.0151 0.0000 0.0000 0.1845 0.0000 0.1332 0.0000
284      284   (0)      8  : 0.0000 0.2167 0.0000 0.0000 0.0000 0.0294 0.0000 0.2835 0.0000 0.0000 0.0000 0.2939 0.0000 0.1764 0.0000
285      285   (0)      8  : 0.0000 0.3989 0.0000 0.0000 0.0000 0.0000 0.0000 0.1527 0.0004 0.0000 0.0000 0.0442 0.0400 0.3639 0.0000
286      286   (0)      8  : 0.0000 0.0608 0.0000 0.0000 0.0024 0.1513 0.0000 0.3542 0.0000 0.0000 0.0000 0.3607 0.0705 0.0000 0.0000
287      287   (0)      8  : 0.0000 0.2942 0.0000 0.0000 0.0000 0.1607 0.0000 0.0790 0.0000 0.0000 0.0000 0.1542 0.0000 0.3119 0.0000
288      288   (0)      8  : 0.0000 0.1167 0.0000 0.0000 0.0202 0.3597 0.0000 0.3458 0.0000 0.0000 0.0000 0.1133 0.0000 0.0444 0.0000
289      289   (0)      8  : 0.0000 0.0733 0.0012 0.0000 0.0000 0.3137 0.0000 0.0000 0.0049 0.0000 0.0000 0.0000 0.0000 0.6069 0.0000
290      290   (0)      5  : 0.0000 0.1085 0.0000 0.0000 0.0000 0.1989 0.0000 0.4238 0.0000 0.0000 0.0000 0.2220 0.0165 0.0303 0.0000
291      291   (0)      5  : 0.0000 0.0047 0.0000 0.0000 0.0000 0.3215 0.0000 0.0740 0.0000 0.0000 0.0000 0.3742 0.1160 0.1096 0.0000
292      292   (0)      5  : 0.0000 0.1967 0.0000 0.0000 0.0000 0.0000 0.0000 0.8026 0.0007 0.0000 0.0000 0.0000 0.0000 0.0000 0.0000
293      293   (0)      5  : 0.0000 0.0000 0.0000 0.0000 0.0000 0.0722 0.0000 0.4470 0.0000 0.0000 0.0000 0.4808 0.0000 0.0000 0.0000
294      294   (0)      5  : 0.0000 0.0300 0.0000 0.0000 0.0008 0.1022 0.0000 0.4886 0.0000 0.0000 0.0000 0.2167 0.0000 0.1617 0.0000
295      295   (0)      5  : 0.0000 0.3556 0.0000 0.0000 0.0000 0.4314 0.0000 0.0637 0.0000 0.0000 0.0000 0.0709 0.0000 0.0783 0.0000
296      296   (0)      5  : 0.0000 0.0000 0.0012 0.0000 0.0068 0.1306 0.0000 0.1462 0.0024 0.0000 0.0000 0.7127 0.0000 0.0000 0.0000
297      297   (0)      5  : 0.0000 0.2000 0.0000 0.0000 0.0016 0.2118 0.0000 0.0000 0.0031 0.0000 0.0000 0.2822 0.0018 0.2996 0.0000
298      298   (0)      5  : 0.0000 0.6289 0.0000 0.0000 0.0000 0.0000 0.0000 0.1480 0.0000 0.0000 0.0000 0.0896 0.0000 0.1335 0.0000
299      299   (0)      5  : 0.0000 0.1016 0.0000 0.0000 0.0000 0.2935 0.0000 0.3743 0.0000 0.0000 0.0000 0.0447 0.0000 0.1859 0.0000
300      300   (0)      5  : 0.0000 0.5706 0.0000 0.0000 0.0000 0.0780 0.0000 0.2363 0.0000 0.0000 0.0000 0.0000 0.0000 0.1152 0.0000
301      301   (0)      5  : 0.0000 0.1159 0.0000 0.0000 0.0000 0.2748 0.0000 0.2567 0.0000 0.0000 0.0000 0.3503 0.0022 0.0000 0.0000
302      302   (0)      5  : 0.0000 0.2814 0.0000 0.0000 0.0000 0.0766 0.0000 0.2724 0.0000 0.0000 0.0000 0.2810 0.0000 0.0885 0.0000
303      303   (0)      5  : 0.0000 0.1897 0.0000 0.0000 0.0000 0.3821 0.0000 0.3060 0.0000 0.0000 0.0000 0.0272 0.0000 0.0950 0.0000
304      304   (0)      5  : 0.0000 0.0654 0.0000 0.0000 0.0000 0.2255 0.0000 0.2984 0.0000 0.0000 0.0000 0.0319 0.0000 0.3788 0.0000
305      305   (0)      5  : 0.0000 0.1210 0.0000 0.0000 0.0000 0.0585 0.0000 0.2030 0.0071 0.0000 0.0000 0.3681 0.0000 0.2424 0.0000
306      306   (0)      5  : 0.0000 0.3452 0.0000 0.0000 0.0000 0.5075 0.0000 0.0000 0.0000 0.0000 0.0000 0.0519 0.0000 0.0954 0.0000
307      307   (0)      5  : 0.0000 0.2060 0.0000 0.0000 0.0397 0.0126 0.0000 0.0437 0.0000 0.0000 0.0000 0.3478 0.0000 0.3502 0.0000
308      308   (0)      5  : 0.0000 0.0872 0.0000 0.0000 0.0000 0.4396 0.0000 0.0644 0.0052 0.0000 0.0000 0.2036 0.2000 0.0000 0.0000
309      309   (0)      5  : 0.0000 0.1035 0.0000 0.0000 0.0000 0.0385 0.0000 0.5921 0.0038 0.0000 0.0000 0.2614 0.0007 0.0000 0.0000
310      310   (0)      5  : 0.0000 0.1958 0.0000 0.0000 0.0000 0.1319 0.0000 0.0400 0.0000 0.0000 0.0000 0.6075 0.0000 0.0248 0.0000
311      311   (0)      5  : 0.0000 0.3980 0.0000 0.0000 0.0000 0.2204 0.0000 0.0774 0.0082 0.0000 0.0000 0.0322 0.0000 0.2637 0.0000
312      312   (0)      5  : 0.0000 0.1870 0.0000 0.0000 0.0000 0.2000 0.0000 0.2074 0.0147 0.0000 0.0000 0.1908 0.2000 0.0000 0.0000
313      313   (0)      5  : 0.0000 0.0000 0.0000 0.0000 0.0000 0.6167 0.0000 0.3652 0.0000 0.0000 0.0000 0.0181 0.0000 0.0000 0.0000
314      314   (0)      5  : 0.0000 0.2190 0.0000 0.0000 0.0001 0.2449 0.0000 0.2685 0.0000 0.0000 0.0000 0.1685 0.0000 0.0990 0.0000
315      315   (0)      5  : 0.0000 0.4664 0.0000 0.0000 0.0000 0.0218 0.0000 0.1441 0.0003 0.0000 0.0000 0.0588 0.0000 0.3087 0.0000
316      316   (0)      5  : 0.0000 0.0256 0.0000 0.0000 0.0000 0.4711 0.0000 0.1298 0.0000 0.0000 0.0000 0.1438 0.0000 0.2297 0.0000
317      317   (0)      5  : 0.0000 0.2757 0.0000 0.0000 0.0000 0.0000 0.0000 0.5279 0.0000 0.0000 0.0000 0.1964 0.0000 0.0000 0.0000
318      318   (0)      8  : 0.0000 0.0249 0.0000 0.0000 0.0000 0.1118 0.0000 0.7770 0.0000 0.0000 0.0000 0.0000 0.0000 0.0863 0.0000
319      319   (0)      8  : 0.0000 0.0646 0.0000 0.0000 0.0000 0.2058 0.0000 0.5993 0.0000 0.0000 0.0000 0.1281 0.0000 0.0022 0.0000
320      320   (0)      9  : 0.0000 0.1943 0.0000 0.0000 0.0000 0.0729 0.0000 0.0724 0.0000 0.0000 0.0000 0.4604 0.2000 0.0000 0.0000
321      321   (0)      9  : 0.0000 0.5903 0.0072 0.0000 0.0000 0.0058 0.0000 0.1832 0.0058 0.0000 0.0000 0.1774 0.0294 0.0009 0.0000
322      322   (0)      9  : 0.0000 0.0466 0.0000 0.0000 0.0000 0.2456 0.0000 0.4380 0.0000 0.0000 0.0000 0.1049 0.0000 0.1650 0.0000
323      323   (0)      9  : 0.0000 0.3962 0.0000 0.0000 0.0009 0.1893 0.0000 0.2172 0.0000 0.0000 0.0000 0.0000 0.0000 0.1964 0.0000
324      324   (0)      9  : 0.0000 0.0388 0.0000 0.0000 0.0000 0.1176 0.0000 0.2793 0.0000 0.0000 0.0000 0.4521 0.0000 0.1122 0.0000
325      325   (0)      8  : 0.0000 0.2112 0.0000 0.0000 0.0000 0.3122 0.0000 0.0000 0.0000 0.0000 0.0000 0.2000 0.0000 0.2767 0.0000
326      326   (0)      8  : 0.0000 0.2057 0.0000 0.0000 0.0000 0.0189 0.0000 0.4380 0.0000 0.0000 0.0000 0.2328 0.0595 0.0451 0.0000
327      327   (0)      8  : 0.0000 0.0588 0.0000 0.0000 0.0000 0.0552 0.0000 0.1855 0.0000 0.0000 0.0000 0.5641 0.1353 0.0011 0.0000
328      328   (0)      8  : 0.0000 0.1154 0.0000 0.0000 0.0000 0.0559 0.0000 0.5582 0.0000 0.0000 0.0000 0.1104 0.0000 0.1601 0.0000
329      329   (0)      8  : 0.0000 0.3970 0.0000 0.0000 0.0000 0.0000 0.0000 0.0830 0.0000 0.0000 0.0000 0.0323 0.0000 0.4877 0.0000
330      330   (0)      9  : 0.0000 0.4000 0.0000 0.0000 0.0000 0.0000 0.0000 0.1102 0.0000 0.0000 0.0000 0.3264 0.1634 0.0000 0.0000
331      331   (0)      9  : 0.0000 0.3524 0.0000 0.0000 0.0000 0.0744 0.0000 0.3591 0.0000 0.0000 0.0000 0.1314 0.0000 0.0827 0.0000
332      332   (0)      9  : 0.0000 0.2885 0.0000 0.0000 0.0000 0.2063 0.0000 0.0266 0.0006 0.0000 0.0000 0.3441 0.1339 0.0000 0.0000
333      333   (0)      9  : 0.0000 0.3504 0.0000 0.0000 0.0000 0.1009 0.0000 0.2416 0.0000 0.0000 0.0000 0.0207 0.0000 0.2864 0.0000
334      334   (0)      9  : 0.0000 0.1237 0.0000 0.0000 0.0000 0.4125 0.0000 0.3688 0.0000 0.0000 0.0000 0.0805 0.0000 0.0146 0.0000
335      335   (0)      9  : 0.0000 0.2105 0.0000 0.0000 0.0000 0.3588 0.0000 0.1368 0.0000 0.0000 0.0000 0.0668 0.0000 0.2271 0.0000
336      336   (0)      8  : 0.0000 0.4102 0.0000 0.0000 0.0000 0.2073 0.0000 0.0673 0.0000 0.0000 0.0000 0.0950 0.0000 0.2202 0.0000
337      337   (0)      8  : 0.0000 0.1202 0.0000 0.0000 0.0000 0.5476 0.0000 0.0000 0.0050 0.0000 0.0000 0.2000 0.1139 0.0133 0.0000
338      338   (0)      8  : 0.0000 0.0835 0.0000 0.0000 0.0000 0.6267 0.0000 0.0000 0.0000 0.0000 0.0000 0.0264 0.0000 0.2634 0.0000
339      339   (0)      8  : 0.0000 0.2817 0.0000 0.0000 0.0000 0.2878 0.0000 0.0964 0.0000 0.0000 0.0000 0.1428 0.0000 0.1912 0.0000
340      340   (0)      8  : 0.0000 0.0378 0.0000 0.0000 0.0000 0.1608 0.0000 0.2365 0.0000 0.0000 0.0000 0.4686 0.0963 0.0000 0.0000
341      341   (0)      8  : 0.0000 0.0000 0.0000 0.0000 0.0178 0.1441 0.0000 0.1841 0.0040 0.0000 0.0000 0.4674 0.0642 0.1184 0.0000
342      342   (0)      8  : 0.0000 0.4418 0.0000 0.0000 0.0000 0.3496 0.0000 0.0000 0.0000 0.0000 0.0000 0.1026 0.0000 0.1059 0.0000
343      343   (0)      9  : 0.0000 0.2365 0.0000 0.0000 0.0000 0.1628 0.0000 0.0000 0.0017 0.0000 0.0000 0.0000 0.0000 0.5990 0.0000
344      344   (0)      9  : 0.0000 0.2033 0.0000 0.0000 0.0000 0.1244 0.0000 0.0335 0.0000 0.0000 0.0000 0.1632 0.0000 0.4756 0.0000
345      345   (0)      9  : 0.0000 0.5768 0.0000 0.0000 0.0000 0.0000 0.0000 0.0136 0.0000 0.0000 0.0000 0.4096 0.0000 0.0000 0.0000
346      346   (0)      9  : 0.0000 0.2134 0.0000 0.0000 0.0064 0.0411 0.0000 0.1307 0.0000 0.0000 0.0000 0.3701 0.0812 0.1572 0.0000
347      347   (0)      9  : 0.0000 0.1286 0.0000 0.0000 0.0000 0.0000 0.0000 0.0000 0.0000 0.0000 0.0000 0.0000 0.0000 0.8714 0.0000
348      348   (0)      9  : 0.0000 0.1222 0.0000 0.0000 0.0000 0.0504 0.0000 0.1760 0.0077 0.0000 0.0000 0.4437 0.2000 0.0000 0.0000
349      349   (0)      9  : 0.0000 0.2457 0.0000 0.0000 0.0123 0.0698 0.0000 0.0756 0.0111 0.0000 0.0000 0.0485 0.2000 0.3370 0.0000
350      350   (0)      9  : 0.0000 0.1512 0.0000 0.0000 0.0000 0.2095 0.0000 0.2006 0.0000 0.0000 0.0000 0.2467 0.0000 0.1921 0.0000
351      351   (0)      9  : 0.0000 0.1470 0.0000 0.0000 0.0140 0.3839 0.0000 0.2604 0.0000 0.0000 0.0000 0.0829 0.0000 0.1118 0.0000
352      352   (0)      9  : 0.0000 0.0703 0.0000 0.0000 0.0027 0.5585 0.0000 0.0000 0.0000 0.0000 0.0000 0.0049 0.0625 0.3011 0.0000
353      353   (0)      9  : 0.0000 0.3564 0.0000 0.0000 0.0144 0.3903 0.0000 0.0335 0.0000 0.0000 0.0000 0.0240 0.0261 0.1552 0.0000
354      354   (0)      9  : 0.0000 0.7259 0.0000 0.0000 0.0000 0.1120 0.0000 0.0000 0.0000 0.0000 0.0000 0.0519 0.0000 0.1101 0.0000
355      355   (0)      9  : 0.0000 0.1191 0.0000 0.0000 0.0000 0.0000 0.0000 0.3039 0.0122 0.0000 0.0000 0.1923 0.0005 0.3721 0.0000
356      356   (0)      9  : 0.0000 0.5205 0.0000 0.0000 0.0017 0.0917 0.0000 0.0376 0.0000 0.0000 0.0000 0.1291 0.0000 0.2193 0.0000
357      357   (0)      9  : 0.0000 0.4886 0.0000 0.0000 0.0000 0.0827 0.0000 0.1174 0.0000 0.0000 0.0000 0.0953 0.0154 0.2006 0.0000
358      358   (0)      9  : 0.0000 0.5840 0.0000 0.0000 0.0144 0.0384 0.0000 0.1003 0.0000 0.0000 0.0000 0.2044 0.0000 0.0584 0.0000
359      359   (0)      9  : 0.0000 0.2227 0.0000 0.0000 0.0025 0.4385 0.0000 0.0619 0.0000 0.0000 0.0000 0.1380 0.0000 0.1364 0.0000
360      360   (0)      9  : 0.0000 0.1007 0.0000 0.0000 0.0000 0.7787 0.0000 0.0038 0.0000 0.0000 0.0000 0.0647 0.0000 0.0521 0.0000
361      361   (0)      9  : 0.0000 0.5758 0.0000 0.0000 0.0000 0.1780 0.0000 0.0456 0.0000 0.0000 0.0000 0.0845 0.0000 0.1161 0.0000
362      362   (0)     10  : 0.0000 0.5511 0.0000 0.0000 0.0000 0.0000 0.0000 0.1083 0.0000 0.0000 0.0000 0.2818 0.0132 0.0457 0.0000
363      363   (0)     10  : 0.0000 0.6551 0.0000 0.0000 0.0000 0.0000 0.0000 0.1432 0.0000 0.0000 0.0000 0.0868 0.0000 0.1149 0.0000
364      364   (0)     10  : 0.0000 0.2365 0.0000 0.0000 0.0000 0.0065 0.0000 0.2478 0.0000 0.0000 0.0000 0.2607 0.0000 0.2484 0.0000
365      365   (0)     10  : 0.0000 0.0400 0.0022 0.0000 0.0000 0.0450 0.0000 0.4876 0.0000 0.0000 0.0000 0.3535 0.0711 0.0006 0.0000
366      366   (0)     10  : 0.0000 0.0482 0.0000 0.0000 0.0000 0.1694 0.0000 0.1900 0.0000 0.0000 0.0000 0.0850 0.0000 0.5075 0.0000
367      367   (0)     10  : 0.0000 0.1488 0.0000 0.0000 0.0156 0.0000 0.0000 0.3187 0.0000 0.0000 0.0000 0.2419 0.0000 0.2750 0.0000
368      368   (0)     10  : 0.0000 0.1322 0.0000 0.0000 0.0000 0.4284 0.0000 0.2131 0.0000 0.0000 0.0000 0.0005 0.0000 0.2257 0.0000
369      369   (0)     10  : 0.0000 0.0000 0.0000 0.0000 0.0000 0.4830 0.0000 0.0816 0.0000 0.0000 0.0000 0.0000 0.0000 0.4355 0.0000
370      370   (0)     10  : 0.0000 0.1380 0.0000 0.0000 0.0435 0.2397 0.0000 0.3176 0.0000 0.0000 0.0000 0.0731 0.0000 0.1881 0.0000
371      371   (0)     10  : 0.0000 0.2712 0.0000 0.0000 0.0000 0.0000 0.0000 0.0000 0.0000 0.0000 0.0000 0.0013 0.0000 0.7275 0.0000
372      372   (0)     10  : 0.0000 0.0806 0.0000 0.0000 0.0000 0.0005 0.0000 0.3540 0.0000 0.0000 0.0000 0.2912 0.0669 0.2068 0.0000
373      373   (0)     10  : 0.0000 1.0000 0.0000 0.0000 0.0000 0.0000 0.0000 0.0000 0.0000 0.0000 0.0000 0.0000 0.0000 0.0000 0.0000
374      374   (0)     10  : 0.0000 0.4661 0.0000 0.0000 0.0000 0.0000 0.0000 0.0513 0.0000 0.0000 0.0000 0.1297 0.0000 0.3529 0.0000
375      375   (0)     10  : 0.0000 0.2037 0.0000 0.0000 0.0000 0.1441 0.0000 0.2529 0.0000 0.0000 0.0000 0.2019 0.0000 0.1975 0.0000
376      376   (0)     10  : 0.0000 0.1769 0.0000 0.0000 0.0000 0.0431 0.0000 0.4109 0.0175 0.0000 0.0000 0.2505 0.0495 0.0517 0.0000
377      377   (0)     10  : 0.0000 0.1242 0.0000 0.0000 0.0000 0.0184 0.0000 0.3687 0.0243 0.0000 0.0000 0.2981 0.0255 0.1407 0.0000
378      378   (0)     10  : 0.0000 0.4360 0.0000 0.0000 0.0000 0.1079 0.0000 0.0000 0.0000 0.0000 0.0000 0.1918 0.0898 0.1744 0.0000
379      379   (0)     10  : 0.0000 0.3158 0.0003 0.0000 0.0517 0.2334 0.0000 0.2929 0.0000 0.0000 0.0000 0.0013 0.0020 0.1026 0.0000
380      380   (0)     10  : 0.0000 0.0000 0.0000 0.0000 0.0000 0.4804 0.0000 0.0293 0.0000 0.0000 0.0000 0.0081 0.0000 0.4822 0.0000
381      381   (0)     10  : 0.0000 0.2802 0.0000 0.0000 0.0000 0.0028 0.0000 0.0000 0.0000 0.0000 0.0000 0.5932 0.1238 0.0000 0.0000
382      382   (0)     10  : 0.0000 0.3486 0.0000 0.0000 0.0000 0.1415 0.0000 0.2216 0.0000 0.0000 0.0000 0.0352 0.0000 0.2531 0.0000
383      383   (0)     10  : 0.0000 0.0533 0.0000 0.0000 0.0269 0.3458 0.0000 0.0000 0.0063 0.0000 0.0000 0.2565 0.2000 0.1112 0.0000
384      384   (0)     10  : 0.0000 0.1397 0.0000 0.0000 0.0000 0.0187 0.0000 0.6521 0.0000 0.0000 0.0000 0.1228 0.0000 0.0667 0.0000
385      385   (0)     10  : 0.0000 0.5250 0.0000 0.0000 0.0000 0.2148 0.0000 0.0000 0.0000 0.0000 0.0000 0.1726 0.0000 0.0877 0.0000
386      386   (0)     10  : 0.0000 0.0186 0.0000 0.0000 0.0001 0.1250 0.0000 0.8548 0.0015 0.0000 0.0000 0.0000 0.0000 0.0000 0.0000
387      387   (0)     10  : 0.0000 0.6000 0.0000 0.0000 0.0000 0.0000 0.0000 0.0000 0.0000 0.0000 0.0000 0.4000 0.0000 0.0000 0.0000
388      388   (0)     10  : 0.0000 0.4310 0.0000 0.0000 0.0000 0.0353 0.0000 0.0000 0.0000 0.0000 0.0000 0.0422 0.0000 0.4915 0.0000
389      389   (0)     10  : 0.0000 0.1089 0.0000 0.0000 0.0000 0.2261 0.0000 0.3494 0.0000 0.0000 0.0000 0.2134 0.0000 0.1022 0.0000
390      390   (0)      8  : 0.0000 0.0357 0.0000 0.0000 0.0234 0.2245 0.0000 0.5421 0.0000 0.0000 0.0000 0.1144 0.0000 0.0599 0.0000
391      391   (0)      8  : 0.0000 0.0181 0.0000 0.0000 0.0000 0.0655 0.0000 0.6205 0.0000 0.0000 0.0000 0.2032 0.0000 0.0927 0.0000
392      392   (0)      8  : 0.0000 0.0660 0.0000 0.0000 0.0000 0.7340 0.0000 0.0000 0.0000 0.0000 0.0000 0.0000 0.0000 0.2000 0.0000
393      393   (0)     11  : 0.0000 0.0678 0.0000 0.0000 0.0000 0.1177 0.0000 0.0000 0.0000 0.0000 0.0000 0.0000 0.0000 0.8145 0.0000
394      394   (0)     11  : 0.0000 0.2582 0.0000 0.0000 0.0000 0.3317 0.0000 0.0316 0.0000 0.0000 0.0000 0.2932 0.0000 0.0853 0.0000
395      395   (0)     11  : 0.0088 0.0390 0.0000 0.0000 0.0000 0.2456 0.0000 0.1350 0.0087 0.0000 0.0000 0.2327 0.0000 0.3272 0.0030
396      396   (0)     11  : 0.0297 0.0025 0.0000 0.0000 0.0129 0.1439 0.0000 0.0814 0.0000 0.0000 0.0000 0.2042 0.0000 0.5171 0.0083
397      397   (0)     11  : 0.0000 0.1125 0.0000 0.0000 0.0000 0.1268 0.0000 0.1952 0.0000 0.0000 0.0000 0.4210 0.0921 0.0523 0.0000
398      398   (0)     11  : 0.0000 0.0000 0.0000 0.0000 0.0000 0.1281 0.0000 0.6778 0.0000 0.0000 0.0000 0.1245 0.0000 0.0696 0.0000
399      399   (0)     11  : 0.0000 0.1215 0.0000 0.0000 0.0000 0.0000 0.0000 0.1789 0.0000 0.0000 0.0000 0.3239 0.0000 0.3757 0.0000
400      400   (0)     11  : 0.0000 0.3721 0.0010 0.0000 0.0000 0.3233 0.0000 0.0210 0.0000 0.0000 0.0000 0.0863 0.0794 0.1169 0.0000
401      401   (0)     11  : 0.0000 0.1717 0.0000 0.0022 0.0000 0.2830 0.0000 0.0260 0.0000 0.0000 0.0000 0.1919 0.0000 0.3240 0.0012
402      402   (0)     11  : 0.0000 0.5771 0.0000 0.0000 0.0000 0.1293 0.0000 0.0000 0.0000 0.0000 0.0000 0.0904 0.0000 0.2033 0.0000
403      403   (0)     11  : 0.0000 0.1774 0.0000 0.0000 0.0000 0.5521 0.0000 0.0450 0.0000 0.0000 0.0000 0.1274 0.0000 0.0981 0.0000
404      404   (0)     11  : 0.0000 0.0822 0.0000 0.0000 0.0023 0.1908 0.0000 0.2752 0.0000 0.0000 0.0000 0.2328 0.0000 0.2166 0.0000
405      405   (0)     11  : 0.0000 0.0000 0.0000 0.0000 0.0461 0.6033 0.0000 0.0972 0.0197 0.0000 0.0000 0.0346 0.0000 0.1991 0.0000
406      406   (0)     11  : 0.0000 0.0687 0.0000 0.0000 0.0000 0.2035 0.0000 0.5982 0.0000 0.0000 0.0000 0.0000 0.0000 0.1296 0.0000
407      407   (0)     11  : 0.0000 0.1574 0.0000 0.0000 0.0000 0.2186 0.0000 0.2207 0.0002 0.0000 0.0000 0.0281 0.0000 0.3749 0.0000
408      408   (0)     11  : 0.0000 0.0736 0.0000 0.0000 0.0000 0.4024 0.0000 0.2866 0.0000 0.0000 0.0000 0.1270 0.0000 0.1103 0.0000
409      409   (0)     11  : 0.0000 0.1647 0.0045 0.0000 0.0051 0.0771 0.0024 0.0500 0.0115 0.0000 0.0000 0.1132 0.0614 0.5100 0.0000
410      410   (0)     11  : 0.0000 0.4009 0.0000 0.0000 0.0000 0.0551 0.0000 0.0410 0.0002 0.0000 0.0000 0.0796 0.0000 0.4232 0.0000
411      411   (0)     11  : 0.0000 0.0837 0.0000 0.0000 0.0000 0.0000 0.0000 0.5238 0.0000 0.0000 0.0000 0.2930 0.0000 0.0994 0.0000
412      412   (0)     11  : 0.0000 0.1858 0.0000 0.0000 0.0000 0.3816 0.0000 0.2324 0.0006 0.0000 0.0000 0.1981 0.0015 0.0000 0.0000
413      413   (0)     11  : 0.0000 0.0000 0.0000 0.0000 0.0048 0.0000 0.0000 0.0421 0.0000 0.0000 0.0000 0.8641 0.0890 0.0000 0.0000
414      414   (0)     11  : 0.0000 0.1122 0.0000 0.0000 0.0000 0.1263 0.0000 0.0979 0.0000 0.0000 0.0000 0.4441 0.0000 0.2195 0.0000
415      415   (0)     11  : 0.0000 0.0075 0.0000 0.0000 0.0000 0.1186 0.0000 0.3019 0.0011 0.0000 0.0000 0.2318 0.0000 0.3391 0.0000
416      416   (0)     11  : 0.0000 0.0318 0.0000 0.0000 0.0000 0.0379 0.0000 0.6522 0.0206 0.0000 0.0000 0.1253 0.0392 0.0930 0.0000
417      417   (0)     11  : 0.0000 0.3657 0.0000 0.0000 0.0000 0.1720 0.0000 0.0179 0.0000 0.0000 0.0000 0.3041 0.0000 0.1403 0.0000
418      418   (0)     11  : 0.0021 0.1428 0.0000 0.0069 0.0226 0.2085 0.0000 0.0301 0.0000 0.0000 0.0000 0.2322 0.1340 0.2208 0.0000
419      419   (0)     11  : 0.0000 0.0036 0.0000 0.0000 0.0000 0.7061 0.0000 0.0000 0.0000 0.0000 0.0000 0.0763 0.0000 0.2139 0.0000
420      420   (0)     11  : 0.0000 0.2571 0.0000 0.0000 0.0000 0.1270 0.0000 0.0000 0.0000 0.0000 0.0000 0.0810 0.0000 0.5348 0.0000
421      421   (0)     11  : 0.0000 0.0513 0.0000 0.0000 0.0000 0.4639 0.0000 0.0000 0.0001 0.0000 0.0000 0.2471 0.0000 0.2376 0.0000
422      422   (0)     11  : 0.0000 0.5076 0.0000 0.0000 0.0013 0.1747 0.0000 0.0593 0.0000 0.0000 0.0000 0.2338 0.0000 0.0232 0.0000
423      423   (0)     12  : 0.5210 0.0000 0.0000 0.4136 0.0000 0.0000 0.0000 0.0000 0.0000 0.0000 0.0000 0.0000 0.0000 0.0000 0.0654
424      424   (0)     12  : 0.0000 0.0201 0.0000 0.0000 0.7916 0.0000 0.0000 0.0462 0.0921 0.0000 0.0000 0.0486 0.0000 0.0014 0.0000
425      425   (0)     12  : 0.3041 0.0000 0.0000 0.4959 0.0000 0.0000 0.0000 0.0000 0.0000 0.0000 0.0000 0.0000 0.0000 0.0000 0.2000
426      426   (0)     12  : 0.0000 0.0000 0.0000 0.0000 0.5210 0.0000 0.0000 0.0248 0.4323 0.0000 0.0000 0.0113 0.0106 0.0000 0.0000
427      427   (0)     12  : 0.2351 0.0000 0.0000 0.5827 0.0000 0.0000 0.0000 0.0000 0.0000 0.0075 0.0000 0.0000 0.0047 0.0000 0.1699
428      428   (0)     12  : 0.3262 0.0000 0.0000 0.5110 0.0128 0.0009 0.0000 0.0015 0.0000 0.0439 0.0146 0.0000 0.0129 0.0000 0.0762
429      429   (0)     12  : 0.0000 0.0000 0.0000 0.0000 0.0000 0.0000 0.0000 0.0000 1.0000 0.0000 0.0000 0.0000 0.0000 0.0000 0.0000
430      430   (0)     12  : 0.7037 0.0000 0.0000 0.2290 0.0000 0.0000 0.0098 0.0000 0.0007 0.0042 0.0089 0.0000 0.0000 0.0000 0.0437
431      431   (0)     12  : 0.6695 0.0000 0.0005 0.2147 0.0000 0.0000 0.0176 0.0000 0.0000 0.0000 0.0072 0.0000 0.0000 0.0000 0.0905
432      432   (0)     12  : 0.0000 0.0000 0.0000 0.0000 0.9088 0.0218 0.0000 0.0000 0.0397 0.0000 0.0000 0.0000 0.0000 0.0296 0.0000
433      433   (0)     12  : 0.8996 0.0000 0.0000 0.0000 0.0000 0.0000 0.0000 0.0000 0.0085 0.0000 0.0000 0.0000 0.0000 0.0000 0.0918
434      434   (0)     12  : 0.7786 0.0000 0.0000 0.1205 0.0000 0.0000 0.0000 0.0000 0.0000 0.0000 0.0000 0.0000 0.0000 0.0000 0.1009
435      435   (0)     12  : 0.8424 0.0000 0.0000 0.0675 0.0000 0.0000 0.0201 0.0000 0.0007 0.0000 0.0202 0.0000 0.0000 0.0000 0.0490
436      436   (0)     12  : 0.6103 0.0000 0.0000 0.2606 0.0000 0.0000 0.0008 0.0000 0.0000 0.0026 0.0078 0.0000 0.0000 0.0000 0.1179
437      437   (0)     12  : 0.9203 0.0000 0.0000 0.0000 0.0000 0.0000 0.0000 0.0000 0.0256 0.0000 0.0000 0.0000 0.0000 0.0000 0.0541
438      438   (0)     12  : 0.7848 0.0000 0.0000 0.1326 0.0000 0.0000 0.0000 0.0000 0.0000 0.0000 0.0000 0.0000 0.0000 0.0000 0.0826
439      439   (0)     12  : 0.0000 0.0000 0.0000 0.0000 1.0000 0.0000 0.0000 0.0000 0.0000 0.0000 0.0000 0.0000 0.0000 0.0000 0.0000
440      440   (0)     12  : 0.0000 0.0000 0.0000 0.0000 0.9770 0.0000 0.0000 0.0000 0.0230 0.0000 0.0000 0.0000 0.0000 0.0000 0.0000
441      441   (0)     12  : 0.8702 0.0000 0.0000 0.0868 0.0000 0.0000 0.0014 0.0000 0.0000 0.0000 0.0000 0.0000 0.0000 0.0000 0.0416
442      442   (0)     12  : 0.0000 0.0000 0.0000 0.0000 0.4643 0.0000 0.0000 0.0000 0.5357 0.0000 0.0000 0.0000 0.0000 0.0000 0.0000
443      443   (0)     12  : 0.1232 0.0000 0.0000 0.7459 0.0000 0.0000 0.0000 0.0000 0.0000 0.0067 0.0042 0.0000 0.0000 0.0000 0.1201
444      444   (0)     12  : 0.8775 0.0000 0.0000 0.1184 0.0000 0.0000 0.0035 0.0000 0.0000 0.0000 0.0007 0.0000 0.0000 0.0000 0.0000
445      445   (0)     12  : 0.0951 0.0000 0.0000 0.7865 0.0000 0.0000 0.0103 0.0000 0.0000 0.0196 0.0000 0.0000 0.0000 0.0000 0.0884
446      446   (0)     12  : 0.0824 0.0000 0.0000 0.7176 0.0000 0.0000 0.0000 0.0000 0.0000 0.0000 0.0000 0.0000 0.0000 0.0000 0.2000
447      447   (0)     12  : 0.8497 0.0000 0.0000 0.1360 0.0000 0.0000 0.0044 0.0000 0.0000 0.0074 0.0000 0.0000 0.0000 0.0000 0.0025
448      448   (0)     12  : 0.8512 0.0000 0.0000 0.0743 0.0000 0.0000 0.0000 0.0000 0.0000 0.0000 0.0000 0.0000 0.0000 0.0000 0.0745
449      449   (0)     12  : 0.9247 0.0000 0.0000 0.0000 0.0000 0.0000 0.0000 0.0000 0.0000 0.0000 0.0000 0.0000 0.0000 0.0000 0.0753
450      450   (0)     12  : 0.6108 0.0000 0.0000 0.2287 0.0000 0.0000 0.0000 0.0000 0.0000 0.0000 0.0000 0.0000 0.0000 0.0000 0.1605
451      451   (0)     12  : 0.3262 0.0000 0.0000 0.5821 0.0000 0.0000 0.0000 0.0000 0.0000 0.0000 0.0501 0.0000 0.0068 0.0000 0.0349
452      452   (0)     12  : 0.3187 0.0000 0.0000 0.5671 0.0000 0.0000 0.0000 0.0000 0.0000 0.0061 0.0188 0.0000 0.0000 0.0000 0.0894
453      453   (0)     13  : 0.5062 0.0000 0.0000 0.4938 0.0000 0.0000 0.0000 0.0000 0.0000 0.0000 0.0000 0.0000 0.0000 0.0000 0.0000
454      454   (0)     13  : 0.7599 0.0000 0.0030 0.1645 0.0000 0.0000 0.0000 0.0000 0.0000 0.0019 0.0000 0.0000 0.0000 0.0000 0.0707
455      455   (0)     13  : 0.5039 0.0000 0.0000 0.3867 0.0000 0.0000 0.0000 0.0000 0.0000 0.0000 0.0000 0.0000 0.0000 0.0000 0.1093
456      456   (0)     13  : 0.0000 0.0000 0.0000 0.0000 0.9365 0.0000 0.0000 0.0067 0.0552 0.0000 0.0000 0.0000 0.0000 0.0016 0.0000
457      457   (0)     13  : 0.6243 0.0000 0.0000 0.1881 0.0000 0.0000 0.0000 0.0000 0.0000 0.0000 0.0238 0.0000 0.0355 0.0000 0.1284
458      458   (0)     13  : 0.8308 0.0000 0.0000 0.1692 0.0000 0.0000 0.0000 0.0000 0.0000 0.0000 0.0000 0.0000 0.0000 0.0000 0.0000
459      459   (0)     13  : 0.8915 0.0000 0.0000 0.1085 0.0000 0.0000 0.0000 0.0000 0.0000 0.0000 0.0000 0.0000 0.0000 0.0000 0.0000
460      460   (0)     13  : 0.1539 0.0000 0.0000 0.6114 0.0000 0.0000 0.0000 0.0000 0.0000 0.0000 0.0007 0.0000 0.0000 0.0000 0.2340
461      461   (0)     13  : 0.3025 0.0000 0.0000 0.5188 0.0000 0.0000 0.0000 0.0000 0.0000 0.0000 0.0000 0.0000 0.0000 0.0000 0.1787
462      462   (0)     13  : 0.1957 0.0000 0.0001 0.7597 0.0000 0.0000 0.0000 0.0000 0.0000 0.0096 0.0152 0.0000 0.0197 0.0000 0.0000
463      463   (0)     13  : 0.4405 0.0000 0.0000 0.3479 0.0000 0.0000 0.0004 0.0000 0.0000 0.0086 0.0000 0.0000 0.0185 0.0000 0.1840
464      464   (0)     13  : 0.0000 0.0000 0.0011 0.0000 0.0000 0.0000 0.6002 0.0000 0.0000 0.0000 0.0443 0.0000 0.3544 0.0000 0.0000
465      465   (0)     13  : 0.9152 0.0000 0.0000 0.0000 0.0000 0.0000 0.0000 0.0000 0.0000 0.0000 0.0000 0.0000 0.0000 0.0000 0.0848
466      466   (0)     13  : 0.1825 0.0000 0.0002 0.7576 0.0000 0.0000 0.0000 0.0000 0.0000 0.0000 0.0000 0.0000 0.0000 0.0000 0.0597
467      467   (0)     13  : 0.1862 0.0000 0.0001 0.7355 0.0000 0.0000 0.0000 0.0000 0.0000 0.0140 0.0065 0.0000 0.0000 0.0000 0.0578
468      468   (0)     13  : 0.0325 0.0000 0.0000 0.0110 0.0000 0.0000 0.1412 0.0000 0.0010 0.1771 0.2854 0.0003 0.3403 0.0000 0.0113
469      469   (0)     13  : 0.0000 0.0000 0.0000 0.0000 0.0000 0.0000 0.0627 0.0000 0.0026 0.6569 0.0777 0.0000 0.2000 0.0000 0.0000
470      470   (0)     13  : 0.8938 0.0000 0.0000 0.1029 0.0000 0.0000 0.0026 0.0000 0.0000 0.0000 0.0007 0.0000 0.0000 0.0000 0.0000
471      471   (0)     13  : 0.4396 0.0042 0.0000 0.4964 0.0000 0.0059 0.0000 0.0000 0.0142 0.0000 0.0000 0.0152 0.0000 0.0000 0.0245
472      472   (0)     13  : 0.6378 0.0000 0.0000 0.2678 0.0000 0.0000 0.0047 0.0000 0.0000 0.0000 0.0000 0.0000 0.0000 0.0000 0.0897
473      473   (0)     13  : 0.0549 0.0228 0.0000 0.0000 0.8236 0.0604 0.0000 0.0000 0.0156 0.0000 0.0000 0.0000 0.0000 0.0227 0.0000
474      474   (0)     13  : 0.1337 0.0000 0.0000 0.7613 0.0000 0.0000 0.0002 0.0000 0.0000 0.0000 0.0000 0.0000 0.0025 0.0000 0.1022
475      475   (0)     13  : 0.4434 0.0000 0.0000 0.5507 0.0000 0.0000 0.0000 0.0000 0.0000 0.0000 0.0000 0.0000 0.0000 0.0000 0.0059
476      476   (0)     13  : 0.0000 0.0000 0.0000 0.0000 0.9493 0.0000 0.0000 0.0000 0.0507 0.0000 0.0000 0.0000 0.0000 0.0000 0.0000
477      477   (0)     13  : 0.7301 0.0000 0.0000 0.1344 0.0000 0.0000 0.0013 0.0000 0.0092 0.0131 0.0035 0.0000 0.0000 0.0000 0.1083
478      478   (0)     13  : 0.3278 0.0000 0.0136 0.6489 0.0000 0.0000 0.0026 0.0000 0.0060 0.0000 0.0000 0.0000 0.0009 0.0000 0.0001
479      479   (0)     13  : 0.4274 0.0000 0.0000 0.3676 0.0000 0.0000 0.0000 0.0000 0.0010 0.0002 0.0038 0.0000 0.0000 0.0000 0.2000
480      480   (0)     13  : 0.0000 0.0000 0.0000 0.0000 0.8882 0.0026 0.0000 0.0000 0.1088 0.0000 0.0000 0.0005 0.0000 0.0000 0.0000
481      481   (0)     13  : 0.0958 0.0000 0.0070 0.0020 0.0000 0.0000 0.1586 0.0000 0.0086 0.3012 0.4227 0.0000 0.0032 0.0000 0.0009
482      482   (0)     13  : 0.2602 0.0000 0.0000 0.6008 0.0000 0.0000 0.0094 0.0000 0.0000 0.0197 0.0071 0.0000 0.0000 0.0000 0.1027
483      483   (0)     14  : 0.7186 0.0000 0.0000 0.2076 0.0000 0.0000 0.0000 0.0000 0.0000 0.0000 0.0000 0.0000 0.0028 0.0000 0.0710
484      484   (0)     14  : 0.6464 0.0000 0.0000 0.2987 0.0000 0.0000 0.0035 0.0000 0.0000 0.0000 0.0000 0.0000 0.0000 0.0000 0.0514
485      485   (0)     15  : 0.7331 0.0000 0.0000 0.1647 0.0000 0.0000 0.0020 0.0000 0.0000 0.0000 0.0000 0.0000 0.0000 0.0000 0.1002
486      486   (0)     15  : 0.9262 0.0000 0.0000 0.0246 0.0000 0.0000 0.0000 0.0000 0.0000 0.0000 0.0000 0.0000 0.0000 0.0000 0.0492
487      487   (0)     15  : 1.0000 0.0000 0.0000 0.0000 0.0000 0.0000 0.0000 0.0000 0.0000 0.0000 0.0000 0.0000 0.0000 0.0000 0.0000
488      488   (0)     15  : 0.6426 0.0000 0.0000 0.2701 0.0000 0.0000 0.0055 0.0000 0.0000 0.0000 0.0000 0.0000 0.0000 0.0000 0.0818
489      489   (0)     15  : 0.0000 0.0000 0.0000 0.0000 0.9822 0.0000 0.0000 0.0044 0.0000 0.0000 0.0000 0.0000 0.0000 0.0134 0.0000
490      490   (0)     15  : 0.0000 0.0000 0.0000 0.0000 0.9598 0.0000 0.0000 0.0000 0.0402 0.0000 0.0000 0.0000 0.0000 0.0000 0.0000
491      491   (0)     15  : 0.4321 0.0000 0.0000 0.4811 0.0000 0.0000 0.0000 0.0000 0.0000 0.0016 0.0064 0.0000 0.0000 0.0000 0.0787
492      492   (0)     15  : 0.0000 0.0000 0.0000 0.0000 1.0000 0.0000 0.0000 0.0000 0.0000 0.0000 0.0000 0.0000 0.0000 0.0000 0.0000
493      493   (0)     15  : 0.3022 0.0000 0.0154 0.5901 0.0000 0.0000 0.0252 0.0000 0.0000 0.0000 0.0000 0.0000 0.0000 0.0000 0.0671
494      494   (0)     15  : 0.6418 0.0000 0.0000 0.3495 0.0000 0.0000 0.0010 0.0000 0.0000 0.0000 0.0000 0.0000 0.0000 0.0000 0.0077
495      495   (0)     15  : 0.1685 0.0000 0.0000 0.6806 0.0000 0.0000 0.0000 0.0000 0.0000 0.0097 0.0000 0.0000 0.0000 0.0000 0.1411
496      496   (0)     15  : 0.5389 0.0000 0.0018 0.4566 0.0000 0.0000 0.0026 0.0000 0.0000 0.0000 0.0000 0.0000 0.0002 0.0000 0.0000
497      497   (0)     15  : 0.2098 0.0000 0.0000 0.7673 0.0000 0.0000 0.0088 0.0000 0.0000 0.0000 0.0000 0.0000 0.0000 0.0000 0.0141
498      498   (0)     15  : 0.8991 0.0000 0.0000 0.0777 0.0000 0.0000 0.0150 0.0000 0.0000 0.0025 0.0021 0.0000 0.0000 0.0000 0.0037
499      499   (0)     15  : 0.5970 0.0000 0.0000 0.2706 0.0000 0.0000 0.0000 0.0000 0.0000 0.0194 0.0000 0.0000 0.0053 0.0000 0.1077
500      500   (0)     15  : 0.9090 0.0000 0.0000 0.0416 0.0000 0.0000 0.0000 0.0000 0.0000 0.0039 0.0000 0.0000 0.0027 0.0000 0.0429
501      501   (0)     15  : 0.5987 0.0000 0.0003 0.3048 0.0000 0.0000 0.0104 0.0000 0.0141 0.0051 0.0000 0.0000 0.0000 0.0000 0.0667
502      502   (0)     15  : 0.9298 0.0000 0.0000 0.0684 0.0000 0.0000 0.0018 0.0000 0.0000 0.0000 0.0000 0.0000 0.0000 0.0000 0.0000
503      503   (0)     15  : 0.4134 0.0000 0.0000 0.4686 0.0000 0.0000 0.0000 0.0000 0.0000 0.0053 0.0049 0.0000 0.0000 0.0000 0.1077
504      504   (0)     15  : 0.9741 0.0000 0.0000 0.0000 0.0000 0.0000 0.0000 0.0000 0.0000 0.0000 0.0000 0.0000 0.0000 0.0000 0.0258
505      505   (0)     15  : 0.3988 0.0000 0.0000 0.5774 0.0000 0.0000 0.0128 0.0000 0.0000 0.0000 0.0104 0.0000 0.0000 0.0000 0.0006
506      506   (0)     15  : 0.1070 0.0000 0.0000 0.7874 0.0000 0.0000 0.0000 0.0000 0.0000 0.0000 0.0000 0.0000 0.0000 0.0000 0.1056
507      507   (0)     15  : 0.4142 0.0000 0.0000 0.4517 0.0000 0.0000 0.0096 0.0000 0.0000 0.0000 0.0004 0.0000 0.0028 0.0000 0.1212
508      508   (0)     15  : 0.6268 0.0000 0.0000 0.2889 0.0000 0.0000 0.0059 0.0000 0.0000 0.0042 0.0078 0.0000 0.0000 0.0000 0.0663
509      509   (0)     15  : 0.0000 0.0000 0.0000 0.0000 0.9996 0.0000 0.0000 0.0000 0.0000 0.0000 0.0000 0.0000 0.0004 0.0000 0.0000
510      510   (0)     15  : 0.0000 0.0000 0.0000 0.0000 1.0000 0.0000 0.0000 0.0000 0.0000 0.0000 0.0000 0.0000 0.0000 0.0000 0.0000
511      511   (0)     15  : 0.7987 0.0038 0.0075 0.0906 0.0011 0.0042 0.0000 0.0041 0.0002 0.0000 0.0071 0.0093 0.0132 0.0000 0.0602
512      512   (0)     15  : 0.2507 0.0000 0.0000 0.6016 0.0000 0.0000 0.0000 0.0000 0.0000 0.0000 0.0000 0.0000 0.0000 0.0000 0.1478
513      513   (0)     15  : 0.4360 0.0000 0.0000 0.4153 0.0000 0.0000 0.0078 0.0000 0.0000 0.0003 0.0138 0.0000 0.0000 0.0000 0.1267
514      514   (0)     15  : 0.6605 0.0000 0.0000 0.3008 0.0000 0.0000 0.0029 0.0000 0.0000 0.0070 0.0061 0.0000 0.0049 0.0000 0.0178
515      515   (0)     16  : 0.0070 0.0000 0.0000 0.0000 0.0000 0.0000 0.4781 0.0000 0.0000 0.1149 0.0560 0.0000 0.3410 0.0000 0.0030
516      516   (0)     16  : 0.4934 0.0000 0.0039 0.4736 0.0000 0.0000 0.0093 0.0000 0.0000 0.0000 0.0044 0.0000 0.0008 0.0000 0.0146
517      517   (0)     16  : 0.0000 0.0169 0.0000 0.0000 0.8491 0.0137 0.0000 0.0000 0.0997 0.0000 0.0000 0.0206 0.0000 0.0000 0.0000
518      518   (0)     16  : 0.4368 0.0000 0.0164 0.4878 0.0000 0.0000 0.0038 0.0000 0.0000 0.0028 0.0040 0.0000 0.0026 0.0000 0.0457
519      519   (0)     16  : 0.1049 0.0000 0.0000 0.8350 0.0000 0.0000 0.0076 0.0000 0.0000 0.0104 0.0040 0.0000 0.0000 0.0000 0.0381
520      520   (0)     16  : 0.2495 0.0000 0.0000 0.6477 0.0000 0.0000 0.0037 0.0000 0.0000 0.0163 0.0149 0.0000 0.0040 0.0000 0.0639
521      521   (0)     16  : 0.0000 0.0000 0.0000 0.9274 0.0000 0.0000 0.0222 0.0000 0.0000 0.0061 0.0000 0.0000 0.0000 0.0000 0.0443
522      522   (0)     16  : 0.0000 0.0000 0.0000 0.0000 0.0000 0.0000 0.0000 0.0000 1.0000 0.0000 0.0000 0.0000 0.0000 0.0000 0.0000
523      523   (0)     16  : 0.1015 0.0000 0.0000 0.6901 0.0000 0.0000 0.0065 0.0000 0.0000 0.0019 0.0000 0.0000 0.0000 0.0000 0.2000
524      524   (0)     16  : 0.0000 0.0137 0.0000 0.0000 0.8294 0.0000 0.0000 0.0595 0.0974 0.0000 0.0000 0.0000 0.0000 0.0000 0.0000
525      525   (0)     16  : 0.1396 0.0000 0.0000 0.5968 0.0000 0.0000 0.0078 0.0000 0.0000 0.0058 0.0000 0.0000 0.0000 0.0000 0.2500
526      526   (0)     16  : 0.0000 0.0000 0.0000 0.9934 0.0000 0.0000 0.0000 0.0000 0.0000 0.0000 0.0000 0.0000 0.0000 0.0000 0.0066
527      527   (0)     16  : 0.0000 0.0000 0.0000 0.0000 0.8858 0.0005 0.0000 0.0000 0.1082 0.0000 0.0000 0.0012 0.0042 0.0000 0.0000
528      528   (0)     16  : 0.5175 0.0000 0.0000 0.1840 0.0000 0.0000 0.0106 0.0000 0.0000 0.0011 0.0000 0.0000 0.0271 0.0000 0.2597
529      529   (0)     16  : 0.0000 0.0000 0.0000 0.7833 0.0000 0.0000 0.0055 0.0000 0.0000 0.0000 0.0000 0.0000 0.0000 0.0000 0.2112
530      530   (0)     16  : 0.0659 0.0000 0.0000 0.6784 0.0000 0.0000 0.0304 0.0000 0.0000 0.0171 0.0082 0.0000 0.0000 0.0000 0.2000
531      531   (0)     16  : 0.1142 0.0000 0.0000 0.7944 0.0000 0.0000 0.0000 0.0000 0.0000 0.0000 0.0000 0.0000 0.0000 0.0000 0.0914
532      532   (0)     16  : 0.0000 0.0000 0.0000 0.0000 0.0000 0.0000 0.0000 0.0000 1.0000 0.0000 0.0000 0.0000 0.0000 0.0000 0.0000
533      533   (0)     16  : 0.0000 0.0000 0.0000 0.0000 0.0000 0.0000 0.0000 0.0000 1.0000 0.0000 0.0000 0.0000 0.0000 0.0000 0.0000
534      534   (0)     16  : 0.3196 0.0000 0.0000 0.6036 0.0000 0.0000 0.0000 0.0000 0.0000 0.0002 0.0000 0.0000 0.0021 0.0000 0.0745
535      535   (0)     16  : 0.4464 0.0000 0.0000 0.4585 0.0000 0.0000 0.0000 0.0000 0.0000 0.0000 0.0000 0.0000 0.0000 0.0000 0.0951
536      536   (0)     16  : 0.4711 0.0000 0.0000 0.2046 0.0000 0.0000 0.0000 0.0000 0.0000 0.0000 0.0000 0.0000 0.0070 0.0000 0.3172
537      537   (0)     16  : 0.0349 0.0000 0.0000 0.9555 0.0000 0.0000 0.0035 0.0000 0.0002 0.0023 0.0000 0.0000 0.0000 0.0000 0.0036
538      538   (0)     16  : 0.1346 0.0000 0.0000 0.6644 0.0000 0.0000 0.0010 0.0000 0.0000 0.0000 0.0000 0.0000 0.0000 0.0000 0.2000
539      539   (0)     16  : 0.0168 0.0000 0.0000 0.9512 0.0000 0.0000 0.0000 0.0000 0.0000 0.0000 0.0228 0.0000 0.0091 0.0000 0.0000
540      540   (0)     16  : 0.1602 0.0000 0.0000 0.6788 0.0000 0.0000 0.0059 0.0000 0.0000 0.0029 0.0000 0.0000 0.0000 0.0000 0.1522
541      541   (0)     16  : 0.0000 0.0000 0.8000 0.0000 0.0000 0.0000 0.0000 0.0000 0.0000 0.0000 0.0000 0.0000 0.2000 0.0000 0.0000
542      542   (0)     16  : 0.0684 0.0000 0.0000 0.7058 0.0000 0.0000 0.0124 0.0000 0.0000 0.0000 0.0000 0.0000 0.0000 0.0000 0.2134
543      543   (0)     16  : 0.1142 0.0000 0.0000 0.8504 0.0000 0.0000 0.0000 0.0000 0.0000 0.0000 0.0000 0.0000 0.0000 0.0000 0.0354
544      544   (0)     16  : 0.0802 0.0000 0.0000 0.7198 0.0000 0.0000 0.0000 0.0000 0.0000 0.0000 0.0000 0.0000 0.0000 0.0000 0.2000
