1        1   (0)      1  : 0.0293 0.0000 0.0000 0.6696 0.0000 0.0113 0.1071 0.1189 0.0638
2        2   (0)      1  : 0.9588 0.0000 0.0000 0.0136 0.0000 0.0025 0.0177 0.0074 0.0000
3        3   (0)      1  : 0.9549 0.0000 0.0000 0.0139 0.0000 0.0022 0.0290 0.0000 0.0000
4        4   (0)      1  : 0.0189 0.0000 0.0158 0.7192 0.0000 0.0195 0.1201 0.0899 0.0166
5        5   (0)      1  : 0.0154 0.0000 0.0030 0.6500 0.0000 0.0259 0.1977 0.0936 0.0144
6        6   (0)      1  : 0.0139 0.0000 0.0000 0.7663 0.0000 0.0096 0.1447 0.0488 0.0167
7        7   (0)      1  : 0.9828 0.0000 0.0000 0.0014 0.0000 0.0000 0.0045 0.0060 0.0053
8        8   (0)      1  : 0.9783 0.0000 0.0000 0.0115 0.0000 0.0000 0.0086 0.0015 0.0000
9        9   (0)      1  : 0.0090 0.0000 0.0000 0.5361 0.0000 0.0000 0.3605 0.0660 0.0285
10       10   (0)      1  : 0.9650 0.0000 0.0000 0.0071 0.0000 0.0100 0.0111 0.0050 0.0019
11       11   (0)      1  : 0.0045 0.0000 0.0027 0.5977 0.0000 0.0607 0.1804 0.1142 0.0397
12       12   (0)      1  : 0.0022 0.0004 0.0000 0.7893 0.0008 0.0228 0.0142 0.0896 0.0808
13       13   (0)      1  : 0.0000 0.0007 0.0000 0.5247 0.0000 0.0000 0.3644 0.0447 0.0655
14       14   (0)      1  : 0.0000 0.0000 0.0038 0.6923 0.0028 0.0266 0.1442 0.0975 0.0327
15       15   (0)      1  : 0.0000 0.0000 0.0031 0.6776 0.0000 0.0000 0.0491 0.2153 0.0550
16       16   (0)      1  : 0.0585 0.0000 0.0000 0.6414 0.0030 0.0262 0.1380 0.0838 0.0489
17       17   (0)      1  : 0.0000 0.0000 0.0000 0.7563 0.0000 0.0361 0.0774 0.0909 0.0393
18       18   (0)      1  : 0.0000 0.0000 0.0000 0.5629 0.0000 0.0242 0.1996 0.1778 0.0354
19       19   (0)      1  : 0.0000 0.0000 0.0000 0.7338 0.0093 0.0253 0.1039 0.1067 0.0210
20       20   (0)      1  : 0.0000 0.0000 0.0000 0.7339 0.0000 0.0408 0.0496 0.1573 0.0184
21       21   (0)      1  : 0.0000 0.0000 0.0006 0.5632 0.0000 0.0347 0.2837 0.0646 0.0533
22       22   (0)      1  : 0.9527 0.0000 0.0000 0.0388 0.0000 0.0000 0.0000 0.0086 0.0000
23       23   (0)      1  : 0.0000 0.0000 0.0000 0.6723 0.0000 0.0311 0.1149 0.1207 0.0610
24       24   (0)      1  : 0.0107 0.0000 0.0016 0.7481 0.0039 0.0000 0.0588 0.1181 0.0588
25       25   (0)      1  : 0.0118 0.0000 0.0000 0.6933 0.0000 0.0456 0.0995 0.0819 0.0679
26       26   (0)      1  : 0.0000 0.0000 0.0000 0.6239 0.0000 0.0238 0.2102 0.0914 0.0507
27       27   (0)      1  : 0.0000 0.0270 0.0000 0.0000 0.8805 0.0926 0.0000 0.0000 0.0000
28       28   (0)      1  : 0.0000 0.0329 0.0000 0.0000 0.9425 0.0000 0.0161 0.0000 0.0084
29       29   (0)      1  : 0.0092 0.0000 0.0088 0.6303 0.0000 0.0144 0.2352 0.0712 0.0310
30       30   (0)      1  : 0.0000 0.0000 0.0009 0.5304 0.0000 0.0094 0.4538 0.0000 0.0055
31       31   (0)      1  : 0.0335 0.0000 0.0012 0.8031 0.0000 0.0118 0.0416 0.0921 0.0168
32       32   (0)      1  : 0.9011 0.0000 0.0000 0.0520 0.0000 0.0000 0.0177 0.0106 0.0186
33       33   (0)      1  : 0.1720 0.0026 0.0000 0.2880 0.3952 0.0000 0.0475 0.0506 0.0441
34       34   (0)      1  : 0.0056 0.0000 0.0000 0.4717 0.0000 0.0000 0.3949 0.0879 0.0400
35       35   (0)      1  : 0.0000 0.0000 1.0000 0.0000 0.0000 0.0000 0.0000 0.0000 0.0000
36       36   (0)      1  : 0.0000 0.0000 1.0000 0.0000 0.0000 0.0000 0.0000 0.0000 0.0000
37       37   (0)      1  : 0.0000 0.0000 1.0000 0.0000 0.0000 0.0000 0.0000 0.0000 0.0000
38       38   (0)      1  : 0.0000 0.0150 0.0000 0.0000 0.9461 0.0000 0.0201 0.0089 0.0100
39       39   (0)      1  : 0.0000 0.0227 0.0000 0.0000 0.9326 0.0096 0.0000 0.0223 0.0128
40       40   (0)      1  : 0.0000 0.0000 0.0000 0.6976 0.0000 0.0869 0.0733 0.1284 0.0138
41       41   (0)      1  : 0.9616 0.0000 0.0000 0.0077 0.0000 0.0006 0.0262 0.0020 0.0018
42       42   (0)      1  : 0.0000 0.0062 0.0000 0.0000 0.9468 0.0280 0.0135 0.0000 0.0054
43       43   (0)      1  : 0.0115 0.0000 0.0108 0.5328 0.0000 0.0188 0.1023 0.2288 0.0951
44       44   (0)      1  : 0.9838 0.0000 0.0000 0.0024 0.0000 0.0000 0.0133 0.0005 0.0000
45       45   (0)      1  : 0.0000 0.0066 0.0000 0.0000 0.9474 0.0089 0.0100 0.0083 0.0187
46       46   (0)      1  : 0.0000 0.0061 0.0000 0.7207 0.0003 0.0115 0.1600 0.0878 0.0135
47       47   (0)      1  : 0.0000 0.0288 0.0000 0.0000 0.9337 0.0256 0.0119 0.0000 0.0000
48       48   (0)      1  : 0.9682 0.0000 0.0000 0.0128 0.0000 0.0031 0.0019 0.0064 0.0076
49       49   (0)      1  : 0.9955 0.0000 0.0000 0.0000 0.0000 0.0017 0.0000 0.0012 0.0015
50       50   (0)      1  : 0.0000 0.0000 0.0000 0.0000 0.9368 0.0179 0.0231 0.0102 0.0119
51       51   (0)      1  : 0.0000 0.0156 0.0000 0.0000 0.9403 0.0283 0.0000 0.0020 0.0138
52       52   (0)      1  : 0.9136 0.0000 0.0000 0.0677 0.0000 0.0000 0.0188 0.0000 0.0000
53       53   (0)      1  : 0.9504 0.0000 0.0000 0.0238 0.0000 0.0000 0.0035 0.0088 0.0135
54       54   (0)      1  : 0.9532 0.0000 0.0003 0.0087 0.0000 0.0032 0.0198 0.0108 0.0040
55       55   (0)      1  : 0.0000 0.0189 0.0000 0.0000 0.9409 0.0195 0.0112 0.0095 0.0000
56       56   (0)      2  : 0.0093 0.0000 0.0000 0.8536 0.0017 0.0000 0.0966 0.0239 0.0149
57       57   (0)      2  : 0.0000 0.0000 0.0222 0.5871 0.0000 0.0000 0.1940 0.1493 0.0475
58       58   (0)      2  : 0.0067 0.0000 0.0000 0.5571 0.0000 0.0000 0.1688 0.2353 0.0321
59       59   (0)      2  : 0.0002 0.0000 0.0000 0.7661 0.0000 0.0173 0.0906 0.0842 0.0416
60       60   (0)      2  : 0.9454 0.0000 0.0000 0.0136 0.0000 0.0000 0.0241 0.0120 0.0050
61       61   (0)      2  : 0.0000 0.0000 0.0039 0.5631 0.0016 0.0000 0.3472 0.0704 0.0137
62       62   (0)      2  : 0.0000 0.0000 1.0000 0.0000 0.0000 0.0000 0.0000 0.0000 0.0000
63       63   (0)      2  : 0.0180 0.0000 0.0000 0.6117 0.0000 0.0918 0.1930 0.0626 0.0229
64       64   (0)      2  : 0.0000 0.0000 1.0000 0.0000 0.0000 0.0000 0.0000 0.0000 0.0000
65       65   (0)      2  : 0.0370 0.0000 0.0000 0.6314 0.0000 0.0356 0.2139 0.0569 0.0252
66       66   (0)      2  : 0.0000 0.0000 1.0000 0.0000 0.0000 0.0000 0.0000 0.0000 0.0000
67       67   (0)      2  : 0.0000 0.0000 0.0029 0.5355 0.0000 0.0000 0.3577 0.0674 0.0364
68       68   (0)      2  : 0.0176 0.0000 0.0019 0.7312 0.0000 0.0033 0.1824 0.0330 0.0307
69       69   (0)      2  : 0.9790 0.0000 0.0005 0.0121 0.0000 0.0000 0.0052 0.0019 0.0013
70       70   (0)      2  : 0.0003 0.0000 0.0000 0.7186 0.0000 0.0000 0.1322 0.1060 0.0428
71       71   (0)      2  : 0.0000 0.0000 1.0000 0.0000 0.0000 0.0000 0.0000 0.0000 0.0000
72       72   (0)      2  : 0.0000 0.0000 1.0000 0.0000 0.0000 0.0000 0.0000 0.0000 0.0000
73       73   (0)      2  : 0.0688 0.0000 0.0000 0.5599 0.0026 0.0622 0.1508 0.0546 0.1011
74       74   (0)      2  : 0.9670 0.0000 0.0092 0.0081 0.0000 0.0000 0.0126 0.0031 0.0000
75       75   (0)      2  : 0.0000 0.0102 0.0000 0.0000 0.9227 0.0256 0.0000 0.0323 0.0093
76       76   (0)      2  : 0.9790 0.0000 0.0000 0.0113 0.0000 0.0000 0.0012 0.0050 0.0035
77       77   (0)      2  : 0.0487 0.0000 0.0000 0.5927 0.0000 0.0373 0.1972 0.0934 0.0306
78       78   (0)      2  : 0.0000 0.0000 1.0000 0.0000 0.0000 0.0000 0.0000 0.0000 0.0000
79       79   (0)      2  : 0.0000 0.0258 0.0000 0.0000 0.9600 0.0060 0.0081 0.0000 0.0000
80       80   (0)      2  : 0.0000 0.0000 1.0000 0.0000 0.0000 0.0000 0.0000 0.0000 0.0000
81       81   (0)      2  : 0.0053 0.0000 0.0082 0.6871 0.0006 0.0116 0.1555 0.1132 0.0185
82       82   (0)      2  : 0.9751 0.0000 0.0074 0.0019 0.0000 0.0046 0.0000 0.0050 0.0060
83       83   (0)      2  : 1.0000 0.0000 0.0000 0.0000 0.0000 0.0000 0.0000 0.0000 0.0000
84       84   (0)      2  : 0.2081 0.0000 0.0000 0.3606 0.0000 0.0000 0.4256 0.0000 0.0057
85       85   (0)      2  : 0.0085 0.0000 0.0000 0.5379 0.0000 0.0052 0.4167 0.0079 0.0239
86       86   (0)      2  : 0.0160 0.0000 0.0000 0.7392 0.0000 0.0401 0.0592 0.1140 0.0317
87       87   (0)      2  : 0.0311 0.0000 0.0022 0.7411 0.0000 0.0000 0.0566 0.1381 0.0308
88       88   (0)      2  : 0.0013 0.0000 0.0000 0.7602 0.0000 0.0737 0.0733 0.0836 0.0079
89       89   (0)      2  : 0.0000 0.0000 0.0000 0.5195 0.0000 0.0436 0.3970 0.0364 0.0035
90       90   (0)      2  : 0.0197 0.0000 0.0073 0.6766 0.0000 0.0000 0.0880 0.1843 0.0241
91       91   (0)      2  : 0.0025 0.0000 0.0000 0.5407 0.0000 0.0249 0.3166 0.0862 0.0292
92       92   (0)      2  : 0.0246 0.0000 0.0000 0.7686 0.0000 0.0279 0.0992 0.0569 0.0229
93       93   (0)      2  : 0.9978 0.0000 0.0000 0.0000 0.0000 0.0000 0.0000 0.0000 0.0022
94       94   (0)      2  : 0.9618 0.0000 0.0068 0.0094 0.0000 0.0030 0.0042 0.0086 0.0062
95       95   (0)      2  : 0.0000 0.0000 1.0000 0.0000 0.0000 0.0000 0.0000 0.0000 0.0000
96       96   (0)      2  : 0.9590 0.0000 0.0000 0.0168 0.0000 0.0076 0.0144 0.0022 0.0000
97       97   (0)      2  : 0.9552 0.0000 0.0000 0.0210 0.0000 0.0052 0.0057 0.0043 0.0086
98       98   (0)      2  : 0.0143 0.0000 0.0000 0.5117 0.0013 0.0734 0.2708 0.0588 0.0696
99       99   (0)      2  : 0.0000 0.0000 1.0000 0.0000 0.0000 0.0000 0.0000 0.0000 0.0000
100      100   (0)      2  : 0.0000 0.0000 0.0000 0.7327 0.0000 0.0322 0.0873 0.1114 0.0363
101      101   (0)      3  : 0.0115 0.0000 0.0000 0.6847 0.0000 0.0491 0.1282 0.0873 0.0392
102      102   (0)      3  : 0.0032 0.0000 0.0078 0.7103 0.0000 0.0209 0.1208 0.0884 0.0487
103      103   (0)      3  : 0.0073 0.0000 0.0000 0.6542 0.0000 0.0781 0.0738 0.0980 0.0886
104      104   (0)      3  : 0.0058 0.0000 0.0021 0.8432 0.0000 0.0476 0.0529 0.0215 0.0268
105      105   (0)      3  : 0.0253 0.0000 0.0132 0.5512 0.0000 0.0089 0.2362 0.0971 0.0681
106      106   (0)      3  : 0.0209 0.0000 0.0094 0.8395 0.0000 0.0000 0.0832 0.0414 0.0056
107      107   (0)      3  : 0.0000 0.0000 0.0000 0.6118 0.0023 0.0036 0.2365 0.1238 0.0220
108      108   (0)      3  : 0.0060 0.0000 0.0000 0.6253 0.0061 0.0591 0.1079 0.1143 0.0813
109      109   (0)      3  : 0.0000 0.0000 0.0000 0.7509 0.0000 0.0400 0.0787 0.1176 0.0128
110      110   (0)      3  : 0.0004 0.0000 0.0001 0.7199 0.0000 0.0075 0.2327 0.0394 0.0000
111      111   (0)      3  : 0.0194 0.0000 0.0114 0.8117 0.0000 0.0104 0.0380 0.0975 0.0115
112      112   (0)      3  : 0.0000 0.0000 0.0000 0.6370 0.0000 0.0273 0.2782 0.0343 0.0231
113      113   (0)      3  : 0.0003 0.0000 0.0004 0.7246 0.0009 0.0590 0.1736 0.0327 0.0086
114      114   (0)      3  : 0.0245 0.0000 0.0056 0.7341 0.0000 0.0000 0.1441 0.0884 0.0033
115      115   (0)      3  : 0.0304 0.0000 0.0000 0.4238 0.0000 0.0116 0.4058 0.1046 0.0238
116      116   (0)      3  : 0.0039 0.0000 0.0007 0.6490 0.0029 0.0306 0.2885 0.0231 0.0014
117      117   (0)      3  : 0.0371 0.0000 0.0003 0.7755 0.0000 0.0000 0.1114 0.0669 0.0086
118      118   (0)      3  : 0.0003 0.0000 0.0000 0.5660 0.0000 0.0022 0.3931 0.0354 0.0030
119      119   (0)      3  : 0.0285 0.0000 0.0000 0.6443 0.0000 0.0160 0.1162 0.1373 0.0578
120      120   (0)      3  : 0.0478 0.0000 0.0847 0.7048 0.0000 0.0045 0.0377 0.1134 0.0072
121      121   (0)      3  : 0.0000 0.0000 0.0008 0.6849 0.0000 0.0184 0.2134 0.0418 0.0408
122      122   (0)      3  : 0.0067 0.0000 0.0019 0.6461 0.0000 0.0101 0.1006 0.1573 0.0773
123      123   (0)      3  : 0.0000 0.0000 0.0000 0.6768 0.0000 0.0805 0.0932 0.0750 0.0745
124      124   (0)      3  : 0.0000 0.0000 0.0000 0.7823 0.0000 0.0307 0.0335 0.1254 0.0280
125      125   (0)      3  : 0.0000 0.0000 0.0110 0.6448 0.0000 0.0050 0.2194 0.0866 0.0331
126      126   (0)      3  : 0.0198 0.0000 0.0000 0.5446 0.0000 0.0166 0.2166 0.1145 0.0880
127      127   (0)      3  : 0.0456 0.0000 0.0000 0.4894 0.0000 0.0722 0.2271 0.1131 0.0526
128      128   (0)      3  : 0.0000 0.0000 0.0000 0.7206 0.0000 0.0002 0.1835 0.0639 0.0318
129      129   (0)      3  : 0.0522 0.0000 0.0000 0.6273 0.0000 0.0096 0.1813 0.0940 0.0357
130      130   (0)      3  : 0.9716 0.0000 0.0000 0.0089 0.0000 0.0075 0.0092 0.0029 0.0000
131      131   (0)      3  : 0.9242 0.0000 0.0011 0.0578 0.0000 0.0000 0.0152 0.0000 0.0016
132      132   (0)      3  : 0.0000 0.0000 1.0000 0.0000 0.0000 0.0000 0.0000 0.0000 0.0000
133      133   (0)      3  : 0.0000 0.0116 0.0000 0.0000 0.8826 0.0395 0.0000 0.0212 0.0450
134      134   (0)      3  : 0.8573 0.0049 0.0000 0.0824 0.0188 0.0031 0.0132 0.0173 0.0030
135      135   (0)      3  : 0.0021 0.0000 0.0144 0.4377 0.0000 0.0705 0.4394 0.0102 0.0256
136      136   (0)      3  : 0.0161 0.0000 0.0000 0.5868 0.0000 0.0377 0.3369 0.0224 0.0000
137      137   (0)      3  : 0.9691 0.0000 0.0000 0.0021 0.0084 0.0119 0.0067 0.0000 0.0016
138      138   (0)      3  : 0.0088 0.0000 0.0000 0.6996 0.0000 0.0442 0.1424 0.0441 0.0610
139      139   (0)      3  : 0.0000 0.0000 0.0000 0.5558 0.0042 0.0587 0.1630 0.1507 0.0676
140      140   (0)      3  : 0.0020 0.0000 0.0000 0.6055 0.0000 0.0000 0.2918 0.0957 0.0051
141      141   (0)      3  : 0.0000 0.0000 1.0000 0.0000 0.0000 0.0000 0.0000 0.0000 0.0000
142      142   (0)      3  : 0.0000 0.0000 1.0000 0.0000 0.0000 0.0000 0.0000 0.0000 0.0000
143      143   (0)      3  : 0.0000 0.0000 1.0000 0.0000 0.0000 0.0000 0.0000 0.0000 0.0000
144      144   (0)      3  : 0.0000 0.0000 1.0000 0.0000 0.0000 0.0000 0.0000 0.0000 0.0000
145      145   (0)      3  : 0.0000 0.0000 1.0000 0.0000 0.0000 0.0000 0.0000 0.0000 0.0000
146      146   (0)      3  : 0.9479 0.0000 0.0000 0.0214 0.0000 0.0000 0.0136 0.0136 0.0034
147      147   (0)      3  : 0.0000 0.0000 0.0000 0.4961 0.0000 0.0325 0.2346 0.1439 0.0928
148      148   (0)      3  : 0.0000 0.0000 1.0000 0.0000 0.0000 0.0000 0.0000 0.0000 0.0000
149      149   (0)      3  : 0.0000 0.0000 1.0000 0.0000 0.0000 0.0000 0.0000 0.0000 0.0000
150      150   (0)      3  : 0.0000 0.0042 0.0012 0.0000 0.8506 0.0394 0.0170 0.0170 0.0706
151      151   (0)      3  : 0.0000 0.0338 0.0000 0.0000 0.9493 0.0071 0.0093 0.0000 0.0006
152      152   (0)      3  : 0.0086 0.0000 0.0000 0.6153 0.0000 0.0086 0.2862 0.0637 0.0176
153      153   (0)      3  : 0.0000 0.0000 1.0000 0.0000 0.0000 0.0000 0.0000 0.0000 0.0000
154      154   (0)      3  : 0.0002 0.0000 0.0084 0.6346 0.0000 0.0707 0.1617 0.1203 0.0041
155      155   (0)      3  : 0.0000 0.0000 0.0000 0.6207 0.0000 0.0180 0.3383 0.0230 0.0000
156      156   (0)      3  : 0.9179 0.0000 0.0000 0.0272 0.0000 0.0000 0.0498 0.0011 0.0040
157      157   (0)      3  : 0.0010 0.0000 0.0000 0.5245 0.0000 0.0180 0.2916 0.1098 0.0551
158      158   (0)      3  : 0.9967 0.0000 0.0000 0.0000 0.0000 0.0002 0.0025 0.0000 0.0007
159      159   (0)      3  : 0.0044 0.0000 0.0000 0.6886 0.0042 0.0913 0.0998 0.0408 0.0708
160      160   (0)      3  : 0.9783 0.0000 0.0000 0.0042 0.0000 0.0014 0.0074 0.0036 0.0051
161      161   (0)      4  : 0.0086 0.0000 0.0000 0.5403 0.0009 0.0667 0.2035 0.0945 0.0855
162      162   (0)      4  : 0.0000 0.0000 0.0000 0.5949 0.0000 0.0220 0.3243 0.0588 0.0000
163      163   (0)      4  : 0.0000 0.0000 1.0000 0.0000 0.0000 0.0000 0.0000 0.0000 0.0000
164      164   (0)      4  : 0.9960 0.0000 0.0002 0.0000 0.0000 0.0000 0.0026 0.0001 0.0011
165      165   (0)      4  : 0.0000 0.0000 1.0000 0.0000 0.0000 0.0000 0.0000 0.0000 0.0000
166      166   (0)      4  : 0.0000 0.0000 1.0000 0.0000 0.0000 0.0000 0.0000 0.0000 0.0000
167      167   (0)      4  : 0.0062 0.0000 0.0000 0.6495 0.0000 0.0183 0.2387 0.0467 0.0405
168      168   (0)      4  : 0.0113 0.0000 0.0000 0.6725 0.0000 0.0076 0.2888 0.0000 0.0198
169      169   (0)      4  : 0.0170 0.0000 0.0000 0.4747 0.0000 0.0249 0.4464 0.0101 0.0268
170      170   (0)      4  : 0.0000 0.0000 0.0000 0.7164 0.0002 0.0000 0.1214 0.1101 0.0520
171      171   (0)      4  : 0.0100 0.0000 0.0000 0.7510 0.0000 0.0307 0.1318 0.0542 0.0223
172      172   (0)      4  : 0.0057 0.0000 0.0000 0.6729 0.0000 0.0424 0.1313 0.0804 0.0673
173      173   (0)      4  : 0.0005 0.0000 0.0000 0.7121 0.0000 0.0667 0.0510 0.1365 0.0331
174      174   (0)      4  : 0.9647 0.0000 0.0002 0.0028 0.0000 0.0051 0.0239 0.0001 0.0031
175      175   (0)      4  : 0.0000 0.0000 0.0000 0.6490 0.0000 0.0233 0.3017 0.0222 0.0038
176      176   (0)      4  : 0.0000 0.0000 1.0000 0.0000 0.0000 0.0000 0.0000 0.0000 0.0000
177      177   (0)      4  : 0.0263 0.0000 0.0011 0.6709 0.0000 0.0308 0.1056 0.0819 0.0835
178      178   (0)      4  : 0.0000 0.0000 1.0000 0.0000 0.0000 0.0000 0.0000 0.0000 0.0000
179      179   (0)      4  : 0.0000 0.0000 1.0000 0.0000 0.0000 0.0000 0.0000 0.0000 0.0000
180      180   (0)      4  : 0.0001 0.0000 0.0152 0.6023 0.0000 0.0124 0.2932 0.0680 0.0088
181      181   (0)      4  : 0.0000 0.0000 0.0000 0.6312 0.0000 0.0000 0.1680 0.1420 0.0588
182      182   (0)      4  : 0.0000 0.0000 0.0000 0.9053 0.0000 0.0000 0.0544 0.0403 0.0000
183      183   (0)      4  : 0.9921 0.0000 0.0000 0.0031 0.0000 0.0000 0.0028 0.0013 0.0006
184      184   (0)      4  : 0.9705 0.0000 0.0000 0.0154 0.0000 0.0000 0.0030 0.0051 0.0060
185      185   (0)      4  : 0.0000 0.0000 1.0000 0.0000 0.0000 0.0000 0.0000 0.0000 0.0000
186      186   (0)      4  : 0.0000 0.0000 0.0000 0.5513 0.0000 0.0229 0.4202 0.0000 0.0056
187      187   (0)      4  : 0.0420 0.0000 0.0000 0.7973 0.0000 0.0000 0.0997 0.0388 0.0223
188      188   (0)      4  : 0.0000 0.0000 1.0000 0.0000 0.0000 0.0000 0.0000 0.0000 0.0000
189      189   (0)      4  : 0.0013 0.0000 0.0000 0.7715 0.0000 0.0032 0.0824 0.0832 0.0584
190      190   (0)      4  : 0.9951 0.0000 0.0000 0.0000 0.0000 0.0000 0.0026 0.0014 0.0009
191      191   (0)      4  : 0.1259 0.0000 0.0985 0.2125 0.0161 0.1255 0.2593 0.0429 0.1194
192      192   (0)      4  : 0.0001 0.0000 0.0002 0.4717 0.0000 0.0869 0.4390 0.0000 0.0020
193      193   (0)      4  : 0.0265 0.0000 0.0093 0.5345 0.0000 0.0132 0.4165 0.0000 0.0000
194      194   (0)      4  : 0.0094 0.0000 0.0065 0.4293 0.0000 0.1034 0.3772 0.0000 0.0741
195      195   (0)      4  : 0.0000 0.0000 0.0000 0.6864 0.0000 0.0087 0.0267 0.2353 0.0429
196      196   (0)      4  : 0.0000 0.0000 0.0000 0.6481 0.0000 0.1062 0.0745 0.0875 0.0838
197      197   (0)      4  : 0.0005 0.0000 0.0012 0.7075 0.0000 0.0029 0.0939 0.1575 0.0365
198      198   (0)      4  : 0.0000 0.0000 0.0000 0.5594 0.0000 0.0831 0.2097 0.0843 0.0635
199      199   (0)      4  : 0.0080 0.0000 0.0031 0.6421 0.0000 0.0067 0.1183 0.1603 0.0614
200      200   (0)      4  : 0.9364 0.0000 0.0000 0.0233 0.0000 0.0077 0.0326 0.0000 0.0000
201      201   (0)      4  : 0.0000 0.0000 0.0000 0.6540 0.0024 0.0204 0.0503 0.1758 0.0971
202      202   (0)      4  : 0.0000 0.0000 0.0047 0.7649 0.0000 0.0693 0.0941 0.0588 0.0081
203      203   (0)      4  : 0.0158 0.0000 0.0076 0.7293 0.0000 0.0132 0.2052 0.0224 0.0066
204      204   (0)      4  : 0.0032 0.0000 0.0185 0.7619 0.0000 0.0000 0.1111 0.0972 0.0081
205      205   (0)      4  : 0.0128 0.0000 0.0000 0.5890 0.0049 0.0309 0.3183 0.0337 0.0104
206      206   (0)      4  : 0.0000 0.0000 0.0000 0.4876 0.0000 0.0723 0.2779 0.1132 0.0490
207      207   (0)      4  : 0.0000 0.0000 0.0000 0.6707 0.0000 0.0252 0.1930 0.1059 0.0052
208      208   (0)      4  : 0.9192 0.0000 0.0000 0.0468 0.0000 0.0016 0.0253 0.0056 0.0014
209      209   (0)      4  : 0.0030 0.0000 0.0000 0.4251 0.0001 0.0095 0.5349 0.0265 0.0009
210      210   (0)      4  : 0.0000 0.0000 0.0000 0.5790 0.0000 0.0890 0.1826 0.0932 0.0561
211      211   (0)      4  : 0.0064 0.0000 0.0020 0.6790 0.0000 0.0070 0.2746 0.0309 0.0000
212      212   (0)      4  : 0.9775 0.0000 0.0000 0.0129 0.0000 0.0000 0.0023 0.0042 0.0030
213      213   (0)      4  : 0.0060 0.0000 0.0000 0.6533 0.0001 0.0374 0.1803 0.0883 0.0346
214      214   (0)      4  : 0.0000 0.0000 0.0145 0.7322 0.0017 0.0028 0.0989 0.1245 0.0254
215      215   (0)      4  : 0.4890 0.0000 0.0056 0.3323 0.0000 0.0088 0.0372 0.1118 0.0154
216      216   (0)      4  : 0.0026 0.0000 0.0000 0.7855 0.0000 0.0000 0.1600 0.0519 0.0000
217      217   (0)      4  : 0.0000 0.0000 1.0000 0.0000 0.0000 0.0000 0.0000 0.0000 0.0000
218      218   (0)      4  : 0.0225 0.0000 0.0041 0.5103 0.0014 0.0598 0.1365 0.1686 0.0968
219      219   (0)      4  : 0.0192 0.0000 0.0000 0.7031 0.0000 0.0084 0.2032 0.0428 0.0233
220      220   (0)      5  : 0.0000 0.2574 0.0009 0.0000 0.0073 0.3625 0.0693 0.1966 0.1059
221      221   (0)      5  : 0.0000 0.7000 0.0000 0.0000 0.0000 0.1415 0.0000 0.1341 0.0244
222      222   (0)      6  : 0.0000 0.7579 0.0000 0.0000 0.0000 0.1397 0.0282 0.0587 0.0154
223      223   (0)      6  : 0.0000 0.6204 0.0000 0.0000 0.0000 0.1728 0.0478 0.1546 0.0045
224      224   (0)      6  : 0.0000 0.5633 0.0000 0.0000 0.0000 0.2000 0.0180 0.1879 0.0308
225      225   (0)      6  : 0.0000 0.5394 0.0000 0.0000 0.0327 0.1405 0.1239 0.0336 0.1299
226      226   (0)      6  : 0.0000 0.4521 0.0000 0.0000 0.0036 0.3760 0.0548 0.0693 0.0442
227      227   (0)      6  : 0.0000 0.5980 0.0000 0.0000 0.0000 0.2659 0.0000 0.1028 0.0333
228      228   (0)      6  : 0.0000 0.2648 0.0000 0.0000 0.0219 0.4154 0.0556 0.1010 0.1412
229      229   (0)      6  : 0.0000 0.3370 0.0000 0.0000 0.0000 0.2673 0.0335 0.2473 0.1149
230      230   (0)      6  : 0.0000 0.6013 0.0000 0.0000 0.0000 0.1961 0.0135 0.1609 0.0282
231      231   (0)      6  : 0.0000 0.3742 0.0000 0.0000 0.0374 0.3240 0.0022 0.2074 0.0547
232      232   (0)      6  : 0.0000 0.5222 0.0000 0.0000 0.0118 0.3534 0.0546 0.0541 0.0038
233      233   (0)      6  : 0.0000 0.4412 0.0000 0.0000 0.0032 0.3878 0.0000 0.1375 0.0302
234      234   (0)      6  : 0.0000 0.6040 0.0000 0.0000 0.0120 0.1457 0.0585 0.1798 0.0000
235      235   (0)      6  : 0.0000 0.5302 0.0069 0.0000 0.0292 0.2174 0.0539 0.1266 0.0358
236      236   (0)      6  : 0.0000 0.4985 0.0000 0.0000 0.0057 0.3298 0.1035 0.0626 0.0000
237      237   (0)      6  : 0.0000 0.3586 0.0000 0.0000 0.0000 0.3651 0.0208 0.1601 0.0953
238      238   (0)      6  : 0.0000 0.3980 0.0020 0.0000 0.0000 0.2897 0.0102 0.2272 0.0729
239      239   (0)      6  : 0.0000 0.4814 0.0030 0.0000 0.0094 0.1540 0.0223 0.2118 0.1181
240      240   (0)      6  : 0.0000 0.4584 0.0018 0.0000 0.0129 0.2673 0.0998 0.1057 0.0542
241      241   (0)      6  : 0.0000 0.5041 0.0000 0.0000 0.0018 0.1574 0.1025 0.1721 0.0622
242      242   (0)      6  : 0.0000 0.6859 0.0000 0.0000 0.0005 0.1212 0.1026 0.0621 0.0277
243      243   (0)      6  : 0.0000 0.3844 0.0000 0.0000 0.0545 0.3470 0.0237 0.1583 0.0320
244      244   (0)      6  : 0.0000 0.5721 0.0000 0.0000 0.0020 0.3030 0.0278 0.0860 0.0091
245      245   (0)      6  : 0.0000 0.3856 0.0000 0.0000 0.0070 0.2855 0.0356 0.1996 0.0867
246      246   (0)      6  : 0.0000 0.8393 0.0000 0.0000 0.0000 0.0871 0.0366 0.0300 0.0069
247      247   (0)      6  : 0.0000 0.5032 0.0000 0.0000 0.0000 0.3637 0.0529 0.0658 0.0143
248      248   (0)      6  : 0.0000 0.4792 0.0000 0.0000 0.0007 0.1988 0.0444 0.2046 0.0723
249      249   (0)      7  : 0.0000 0.6046 0.0000 0.0000 0.0000 0.0369 0.0141 0.2727 0.0718
250      250   (0)      7  : 0.0000 0.6504 0.0000 0.0000 0.0000 0.2071 0.0675 0.0503 0.0247
251      251   (0)      7  : 0.0000 0.5870 0.0000 0.0000 0.0000 0.2395 0.0178 0.1272 0.0286
252      252   (0)      7  : 0.0000 0.5188 0.0000 0.0000 0.0000 0.3078 0.0036 0.1631 0.0067
253      253   (0)      7  : 0.0000 0.7618 0.0000 0.0000 0.0000 0.0946 0.0249 0.1120 0.0067
254      254   (0)      7  : 0.0000 0.6279 0.0000 0.0000 0.0109 0.0983 0.0267 0.2241 0.0121
255      255   (0)      7  : 0.0000 0.3578 0.0000 0.0000 0.0016 0.5058 0.0330 0.0585 0.0434
256      256   (0)      7  : 0.0000 0.4835 0.0000 0.0000 0.0000 0.3306 0.0625 0.0639 0.0595
257      257   (0)      7  : 0.0000 0.4704 0.0000 0.0000 0.0000 0.1196 0.1176 0.1235 0.1689
258      258   (0)      7  : 0.0000 0.3930 0.0000 0.0000 0.0000 0.4531 0.0379 0.0838 0.0323
259      259   (0)      7  : 0.0000 0.5929 0.0000 0.0000 0.0000 0.1381 0.0457 0.1625 0.0608
260      260   (0)      7  : 0.0000 0.4224 0.0000 0.0000 0.0000 0.2698 0.0149 0.2610 0.0318
261      261   (0)      7  : 0.0000 0.7667 0.0000 0.0000 0.0019 0.0766 0.1316 0.0218 0.0015
262      262   (0)      7  : 0.0000 0.5556 0.0000 0.0000 0.0000 0.2517 0.0260 0.1517 0.0150
263      263   (0)      7  : 0.0000 0.3723 0.0000 0.0000 0.0063 0.3554 0.0284 0.1945 0.0431
264      264   (0)      7  : 0.0000 0.4398 0.0000 0.0000 0.0043 0.2986 0.0798 0.1430 0.0344
265      265   (0)      7  : 0.0000 0.6646 0.0002 0.0000 0.0000 0.0973 0.0578 0.1690 0.0111
266      266   (0)      7  : 0.0000 0.6469 0.0000 0.0000 0.0102 0.2306 0.0595 0.0334 0.0195
267      267   (0)      7  : 0.0000 0.6661 0.0041 0.0000 0.0296 0.0311 0.0023 0.2605 0.0062
268      268   (0)      7  : 0.0000 0.7966 0.0000 0.0000 0.0000 0.0591 0.0762 0.0469 0.0212
269      269   (0)      7  : 0.0000 0.6554 0.0002 0.0000 0.0168 0.1078 0.0630 0.1320 0.0247
270      270   (0)      7  : 0.0000 0.5270 0.0000 0.0000 0.0149 0.2809 0.1232 0.0417 0.0123
271      271   (0)      7  : 0.0000 0.5938 0.0000 0.0000 0.0000 0.1939 0.0551 0.1478 0.0094
272      272   (0)      7  : 0.0000 0.7513 0.0000 0.0000 0.0000 0.1244 0.0268 0.0884 0.0092
273      273   (0)      7  : 0.0000 0.4118 0.0000 0.0000 0.0000 0.2417 0.0241 0.2653 0.0571
274      274   (0)      7  : 0.0000 0.3131 0.0000 0.0000 0.0027 0.3346 0.0122 0.3024 0.0350
275      275   (0)      7  : 0.0000 0.6022 0.0065 0.0000 0.0013 0.0607 0.0530 0.2756 0.0007
276      276   (0)      7  : 0.0000 0.7170 0.0000 0.0000 0.0056 0.1332 0.0741 0.0696 0.0005
277      277   (0)      7  : 0.0000 0.7874 0.0000 0.0000 0.0000 0.1101 0.0218 0.0666 0.0142
278      278   (0)      7  : 0.0000 0.7820 0.0000 0.0000 0.0034 0.0473 0.0002 0.1230 0.0442
279      279   (0)      8  : 0.0000 0.6352 0.0000 0.0000 0.0000 0.1849 0.0956 0.0378 0.0465
280      280   (0)      8  : 0.0000 0.6394 0.0000 0.0000 0.0000 0.1565 0.1336 0.0683 0.0022
281      281   (0)      8  : 0.0000 0.7370 0.0000 0.0000 0.0000 0.1532 0.0373 0.0636 0.0090
282      282   (0)      8  : 0.0000 0.3647 0.0003 0.0000 0.0000 0.2867 0.1656 0.0537 0.1291
283      283   (0)      8  : 0.0000 0.4504 0.0047 0.0000 0.0089 0.3994 0.0000 0.1186 0.0180
284      284   (0)      8  : 0.0000 0.6667 0.0000 0.0000 0.0000 0.1332 0.0826 0.1035 0.0140
285      285   (0)      8  : 0.0000 0.6488 0.0000 0.0000 0.0000 0.1614 0.0543 0.0918 0.0437
286      286   (0)      8  : 0.0000 0.5933 0.0000 0.0000 0.0017 0.2253 0.1043 0.0476 0.0278
287      287   (0)      8  : 0.0000 0.4385 0.0000 0.0000 0.0000 0.3336 0.0596 0.1274 0.0409
288      288   (0)      8  : 0.0000 0.4392 0.0000 0.0000 0.0295 0.3969 0.0711 0.0297 0.0335
289      289   (0)      8  : 0.0000 0.3146 0.0033 0.0000 0.0044 0.3794 0.0000 0.2556 0.0427
290      290   (0)      5  : 0.0000 0.5083 0.0012 0.0000 0.0035 0.3254 0.0444 0.0871 0.0301
291      291   (0)      5  : 0.0000 0.5251 0.0000 0.0000 0.0000 0.1849 0.1085 0.0575 0.1240
292      292   (0)      5  : 0.0000 0.7053 0.0000 0.0000 0.0030 0.1522 0.0454 0.0793 0.0148
293      293   (0)      5  : 0.0000 0.5695 0.0000 0.0000 0.0007 0.0598 0.0374 0.3067 0.0259
294      294   (0)      5  : 0.0000 0.5874 0.0000 0.0000 0.0113 0.2059 0.0296 0.1285 0.0373
295      295   (0)      5  : 0.0000 0.5001 0.0004 0.0000 0.0000 0.3178 0.0000 0.1410 0.0407
296      296   (0)      5  : 0.0000 0.5430 0.0044 0.0000 0.0225 0.0832 0.0678 0.1727 0.1063
297      297   (0)      5  : 0.0000 0.3872 0.0088 0.0000 0.0240 0.2761 0.1238 0.0814 0.0988
298      298   (0)      5  : 0.0000 0.7319 0.0000 0.0000 0.0000 0.1813 0.0470 0.0236 0.0162
299      299   (0)      5  : 0.0000 0.4755 0.0000 0.0000 0.0058 0.4390 0.0523 0.0274 0.0000
300      300   (0)      5  : 0.0000 0.6237 0.0000 0.0000 0.0017 0.2404 0.0308 0.0838 0.0196
301      301   (0)      5  : 0.0000 0.5445 0.0000 0.0000 0.0029 0.1728 0.1418 0.1048 0.0332
302      302   (0)      5  : 0.0000 0.5779 0.0000 0.0000 0.0000 0.2080 0.0296 0.1772 0.0072
303      303   (0)      5  : 0.0000 0.4015 0.0000 0.0000 0.0000 0.4494 0.0358 0.0995 0.0139
304      304   (0)      5  : 0.0000 0.4268 0.0000 0.0000 0.0016 0.1931 0.0066 0.2903 0.0816
305      305   (0)      5  : 0.0000 0.6119 0.0010 0.0000 0.0009 0.2228 0.0068 0.1230 0.0336
306      306   (0)      5  : 0.0000 0.4116 0.0000 0.0000 0.0000 0.4239 0.0048 0.1598 0.0000
307      307   (0)      5  : 0.0000 0.4539 0.0000 0.0000 0.0501 0.3045 0.0726 0.0798 0.0391
308      308   (0)      5  : 0.0000 0.4140 0.0000 0.0000 0.0157 0.1804 0.0667 0.1839 0.1393
309      309   (0)      5  : 0.0000 0.5712 0.0000 0.0000 0.0010 0.1552 0.0355 0.1968 0.0403
310      310   (0)      5  : 0.0000 0.4537 0.0000 0.0000 0.0060 0.4019 0.1178 0.0001 0.0206
311      311   (0)      5  : 0.0000 0.5287 0.0000 0.0000 0.0031 0.1569 0.0368 0.1837 0.0909
312      312   (0)      5  : 0.0000 0.5722 0.0000 0.0000 0.0060 0.1423 0.0407 0.1244 0.1144
313      313   (0)      5  : 0.0000 0.2927 0.0000 0.0000 0.0043 0.2699 0.0000 0.3486 0.0844
314      314   (0)      5  : 0.0000 0.5328 0.0001 0.0000 0.0154 0.3056 0.0417 0.0957 0.0087
315      315   (0)      5  : 0.0000 0.6786 0.0000 0.0000 0.0005 0.2126 0.0686 0.0243 0.0154
316      316   (0)      5  : 0.0000 0.3682 0.0000 0.0000 0.0003 0.3229 0.0079 0.2572 0.0435
317      317   (0)      5  : 0.0000 0.7982 0.0000 0.0000 0.0000 0.0877 0.0133 0.0955 0.0053
318      318   (0)      8  : 0.0000 0.6613 0.0007 0.0000 0.0000 0.3080 0.0292 0.0008 0.0000
319      319   (0)      8  : 0.0000 0.6026 0.0000 0.0000 0.0000 0.1411 0.0798 0.1276 0.0489
320      320   (0)      9  : 0.0000 0.6840 0.0000 0.0000 0.0000 0.0553 0.0734 0.1023 0.0850
321      321   (0)      9  : 0.0000 0.6286 0.0105 0.0000 0.0000 0.1785 0.0957 0.0681 0.0185
322      322   (0)      9  : 0.0000 0.7013 0.0000 0.0000 0.0000 0.1616 0.0177 0.1120 0.0074
323      323   (0)      9  : 0.0000 0.6148 0.0000 0.0000 0.0037 0.2752 0.0006 0.0738 0.0317
324      324   (0)      9  : 0.0000 0.5869 0.0000 0.0000 0.0000 0.2482 0.0663 0.0542 0.0445
325      325   (0)      8  : 0.0000 0.3060 0.0001 0.0000 0.0000 0.3522 0.0168 0.2846 0.0403
326      326   (0)      8  : 0.0000 0.6211 0.0000 0.0000 0.0000 0.2946 0.0515 0.0236 0.0092
327      327   (0)      8  : 0.0000 0.6139 0.0000 0.0000 0.0000 0.0907 0.0605 0.1350 0.0998
328      328   (0)      8  : 0.0000 0.7245 0.0000 0.0000 0.0000 0.1485 0.0222 0.0952 0.0097
329      329   (0)      8  : 0.0000 0.7861 0.0000 0.0000 0.0000 0.0950 0.0174 0.0929 0.0086
330      330   (0)      9  : 0.0000 0.8426 0.0000 0.0000 0.0086 0.1030 0.0000 0.0444 0.0015
331      331   (0)      9  : 0.0000 0.6873 0.0000 0.0000 0.0000 0.1986 0.0410 0.0522 0.0209
332      332   (0)      9  : 0.0000 0.4979 0.0000 0.0000 0.0000 0.2655 0.1423 0.0595 0.0348
333      333   (0)      9  : 0.0000 0.5377 0.0000 0.0000 0.0000 0.2071 0.0108 0.2246 0.0197
334      334   (0)      9  : 0.0000 0.4879 0.0000 0.0000 0.0000 0.0796 0.0238 0.3699 0.0388
335      335   (0)      9  : 0.0000 0.4046 0.0000 0.0000 0.0000 0.5005 0.0340 0.0600 0.0009
336      336   (0)      8  : 0.0000 0.5318 0.0000 0.0000 0.0000 0.3432 0.0926 0.0302 0.0021
337      337   (0)      8  : 0.0000 0.4220 0.0000 0.0000 0.0000 0.2003 0.0841 0.1787 0.1150
338      338   (0)      8  : 0.0000 0.2846 0.0000 0.0000 0.0001 0.4384 0.0686 0.1481 0.0602
339      339   (0)      8  : 0.0000 0.4935 0.0000 0.0000 0.0000 0.2975 0.0459 0.0986 0.0645
340      340   (0)      8  : 0.0000 0.6800 0.0009 0.0000 0.0000 0.1578 0.0625 0.0723 0.0266
341      341   (0)      8  : 0.0000 0.5223 0.0002 0.0000 0.0464 0.1470 0.0951 0.1311 0.0580
342      342   (0)      8  : 0.0000 0.4622 0.0000 0.0000 0.0000 0.2779 0.1285 0.0498 0.0815
343      343   (0)      9  : 0.0000 0.3398 0.0000 0.0000 0.0000 0.4410 0.0506 0.1002 0.0684
344      344   (0)      9  : 0.0000 0.6428 0.0000 0.0000 0.0000 0.1173 0.0201 0.1760 0.0438
345      345   (0)      9  : 0.0000 0.8013 0.0000 0.0000 0.0000 0.1250 0.0233 0.0418 0.0087
346      346   (0)      9  : 0.0000 0.5460 0.0000 0.0000 0.0134 0.2376 0.0078 0.1573 0.0378
347      347   (0)      9  : 0.0000 0.6540 0.0009 0.0000 0.0150 0.0956 0.0005 0.2220 0.0119
348      348   (0)      9  : 0.0000 0.5595 0.0000 0.0000 0.0066 0.1986 0.0754 0.1240 0.0358
349      349   (0)      9  : 0.0000 0.4255 0.0000 0.0000 0.0305 0.2293 0.1248 0.0381 0.1519
350      350   (0)      9  : 0.0000 0.3423 0.0000 0.0000 0.0022 0.3642 0.0147 0.2394 0.0371
351      351   (0)      9  : 0.0000 0.5753 0.0000 0.0000 0.0298 0.1363 0.0000 0.2180 0.0407
352      352   (0)      9  : 0.0000 0.3123 0.0000 0.0000 0.0116 0.3123 0.0337 0.1867 0.1435
353      353   (0)      9  : 0.0000 0.4842 0.0000 0.0000 0.0175 0.2548 0.0555 0.1181 0.0699
354      354   (0)      9  : 0.0000 0.6807 0.0000 0.0000 0.0000 0.1734 0.0081 0.1177 0.0201
355      355   (0)      9  : 0.0000 0.6802 0.0000 0.0000 0.0000 0.1600 0.0636 0.0720 0.0240
356      356   (0)      9  : 0.0000 0.5616 0.0000 0.0000 0.0085 0.2327 0.0850 0.0978 0.0144
357      357   (0)      9  : 0.0000 0.5617 0.0005 0.0000 0.0000 0.1963 0.0714 0.1269 0.0432
358      358   (0)      9  : 0.0000 0.6724 0.0000 0.0000 0.0271 0.1614 0.0518 0.0578 0.0296
359      359   (0)      9  : 0.0000 0.4024 0.0000 0.0000 0.0076 0.3856 0.0154 0.1385 0.0506
360      360   (0)      9  : 0.0000 0.4887 0.0000 0.0000 0.0000 0.3048 0.0381 0.1391 0.0293
361      361   (0)      9  : 0.0000 0.4078 0.0000 0.0000 0.0000 0.3926 0.0649 0.1089 0.0258
362      362   (0)     10  : 0.0000 0.7662 0.0000 0.0000 0.0000 0.1265 0.0610 0.0225 0.0239
363      363   (0)     10  : 0.0000 0.7805 0.0000 0.0000 0.0000 0.1570 0.0000 0.0596 0.0029
364      364   (0)     10  : 0.0000 0.7647 0.0000 0.0000 0.0000 0.1559 0.0532 0.0216 0.0045
365      365   (0)     10  : 0.0000 0.7518 0.0085 0.0000 0.0000 0.0444 0.0000 0.1841 0.0112
366      366   (0)     10  : 0.0000 0.5750 0.0010 0.0000 0.0000 0.1823 0.0154 0.1994 0.0270
367      367   (0)     10  : 0.0000 0.7350 0.0000 0.0000 0.0192 0.1580 0.0681 0.0197 0.0000
368      368   (0)     10  : 0.0000 0.4000 0.0000 0.0000 0.0000 0.1056 0.0000 0.4188 0.0756
369      369   (0)     10  : 0.0000 0.2993 0.0000 0.0000 0.0000 0.3583 0.0110 0.2422 0.0893
370      370   (0)     10  : 0.0000 0.3304 0.0008 0.0000 0.0346 0.5510 0.0721 0.0110 0.0000
371      371   (0)     10  : 0.0000 0.5214 0.0000 0.0000 0.0069 0.1618 0.0101 0.2271 0.0727
372      372   (0)     10  : 0.0000 0.5362 0.0000 0.0000 0.0025 0.2532 0.0430 0.1579 0.0072
373      373   (0)     10  : 0.0000 0.7894 0.0000 0.0000 0.0000 0.0450 0.0983 0.0333 0.0341
374      374   (0)     10  : 0.0000 0.6793 0.0000 0.0000 0.0018 0.1283 0.0911 0.0560 0.0435
375      375   (0)     10  : 0.0000 0.8115 0.0000 0.0000 0.0000 0.1174 0.0174 0.0536 0.0000
376      376   (0)     10  : 0.0000 0.7297 0.0000 0.0000 0.0000 0.1710 0.0220 0.0545 0.0229
377      377   (0)     10  : 0.0000 0.6361 0.0000 0.0000 0.0072 0.1690 0.0866 0.0626 0.0385
378      378   (0)     10  : 0.0000 0.6044 0.0000 0.0006 0.0000 0.2690 0.0148 0.1070 0.0041
379      379   (0)     10  : 0.0000 0.5267 0.0001 0.0000 0.0422 0.2181 0.0297 0.1295 0.0537
380      380   (0)     10  : 0.0000 0.2840 0.0000 0.0000 0.0016 0.3778 0.0103 0.2239 0.1024
381      381   (0)     10  : 0.0000 0.7094 0.0000 0.0000 0.0097 0.1458 0.0041 0.1311 0.0000
382      382   (0)     10  : 0.0000 0.6631 0.0000 0.0000 0.0000 0.1843 0.0179 0.1060 0.0287
383      383   (0)     10  : 0.0000 0.3358 0.0000 0.0000 0.0352 0.3824 0.0515 0.0670 0.1282
384      384   (0)     10  : 0.0000 0.6361 0.0022 0.0000 0.0000 0.1981 0.0843 0.0756 0.0037
385      385   (0)     10  : 0.0000 0.5670 0.0000 0.0000 0.0000 0.3028 0.0111 0.1125 0.0066
386      386   (0)     10  : 0.0000 0.5807 0.0000 0.0000 0.0085 0.1553 0.0809 0.1569 0.0177
387      387   (0)     10  : 0.0000 0.7141 0.0103 0.0000 0.0000 0.1570 0.0515 0.0339 0.0332
388      388   (0)     10  : 0.0000 0.7329 0.0000 0.0000 0.0041 0.0697 0.0135 0.1462 0.0336
389      389   (0)     10  : 0.0000 0.5572 0.0000 0.0000 0.0000 0.2043 0.0476 0.1711 0.0198
390      390   (0)      8  : 0.0000 0.5954 0.0000 0.0000 0.0295 0.0277 0.0194 0.2862 0.0417
391      391   (0)      8  : 0.0000 0.5769 0.0035 0.0000 0.0000 0.2073 0.1117 0.0697 0.0309
392      392   (0)      8  : 0.0000 0.2304 0.0000 0.0000 0.0053 0.5981 0.0113 0.0942 0.0608
393      393   (0)     11  : 0.0000 0.3513 0.0000 0.0000 0.0022 0.3716 0.0887 0.1409 0.0453
394      394   (0)     11  : 0.0000 0.3395 0.0000 0.0000 0.0000 0.4612 0.1603 0.0218 0.0171
395      395   (0)     11  : 0.0116 0.3303 0.0000 0.0000 0.0015 0.3315 0.1344 0.1194 0.0714
396      396   (0)     11  : 0.0416 0.3519 0.0000 0.0000 0.0223 0.2805 0.0938 0.1098 0.1001
397      397   (0)     11  : 0.0000 0.4799 0.0037 0.0000 0.0000 0.3230 0.1573 0.0125 0.0237
398      398   (0)     11  : 0.0000 0.6588 0.0000 0.0000 0.0000 0.0927 0.0365 0.2045 0.0075
399      399   (0)     11  : 0.0000 0.6656 0.0000 0.0000 0.0000 0.1178 0.0990 0.0871 0.0305
400      400   (0)     11  : 0.0000 0.5653 0.0047 0.0000 0.0000 0.3528 0.0091 0.0482 0.0199
401      401   (0)     11  : 0.0044 0.2999 0.0000 0.0000 0.0000 0.4768 0.1100 0.0867 0.0223
402      402   (0)     11  : 0.0000 0.5375 0.0000 0.0000 0.0000 0.3064 0.0382 0.0975 0.0204
403      403   (0)     11  : 0.0000 0.4553 0.0000 0.0000 0.0000 0.3594 0.0097 0.1377 0.0380
404      404   (0)     11  : 0.0000 0.5750 0.0000 0.0000 0.0106 0.1424 0.0176 0.2116 0.0429
405      405   (0)     11  : 0.0019 0.2668 0.0000 0.0000 0.0705 0.4406 0.0271 0.1585 0.0347
406      406   (0)     11  : 0.0012 0.5031 0.0000 0.0000 0.0000 0.1661 0.0247 0.2653 0.0395
407      407   (0)     11  : 0.0000 0.4116 0.0000 0.0000 0.0000 0.4610 0.0317 0.0695 0.0262
408      408   (0)     11  : 0.0000 0.4240 0.0000 0.0000 0.0021 0.3572 0.0285 0.1779 0.0103
409      409   (0)     11  : 0.0001 0.5114 0.0040 0.0019 0.0078 0.2015 0.0706 0.1680 0.0348
410      410   (0)     11  : 0.0000 0.6743 0.0000 0.0000 0.0000 0.1362 0.0806 0.0926 0.0163
411      411   (0)     11  : 0.0000 0.6540 0.0000 0.0000 0.0000 0.0901 0.0915 0.1064 0.0579
412      412   (0)     11  : 0.0000 0.4873 0.0008 0.0000 0.0000 0.3879 0.0247 0.0591 0.0402
413      413   (0)     11  : 0.0000 0.5907 0.0000 0.0000 0.0378 0.1211 0.0759 0.1510 0.0235
414      414   (0)     11  : 0.0000 0.4574 0.0000 0.0000 0.0000 0.3068 0.1209 0.0762 0.0388
415      415   (0)     11  : 0.0000 0.6514 0.0000 0.0000 0.0000 0.1780 0.0125 0.1087 0.0493
416      416   (0)     11  : 0.0000 0.5649 0.0000 0.0000 0.0072 0.2183 0.0132 0.1570 0.0393
417      417   (0)     11  : 0.0000 0.5549 0.0000 0.0000 0.0000 0.2862 0.0668 0.0265 0.0656
418      418   (0)     11  : 0.0153 0.4444 0.0000 0.0000 0.0238 0.2373 0.1136 0.0732 0.0924
419      419   (0)     11  : 0.0000 0.2399 0.0000 0.0000 0.0046 0.5131 0.0000 0.1639 0.0784
420      420   (0)     11  : 0.0000 0.3183 0.0000 0.0000 0.0000 0.5353 0.0425 0.0348 0.0691
421      421   (0)     11  : 0.0000 0.2375 0.0011 0.0000 0.0000 0.4648 0.0162 0.1592 0.1212
422      422   (0)     11  : 0.0000 0.5597 0.0000 0.0000 0.0080 0.3896 0.0317 0.0110 0.0000
423      423   (0)     12  : 0.9925 0.0000 0.0000 0.0000 0.0000 0.0035 0.0022 0.0000 0.0018
424      424   (0)     12  : 0.0000 0.1073 0.0000 0.0000 0.7913 0.0137 0.0000 0.0383 0.0495
425      425   (0)     12  : 0.9964 0.0000 0.0000 0.0009 0.0000 0.0000 0.0000 0.0014 0.0012
426      426   (0)     12  : 0.0000 0.0267 0.0000 0.0000 0.6664 0.0107 0.0061 0.0567 0.2334
427      427   (0)     12  : 0.9767 0.0000 0.0000 0.0111 0.0000 0.0000 0.0087 0.0026 0.0010
428      428   (0)     12  : 0.8984 0.0000 0.0000 0.0203 0.0182 0.0000 0.0381 0.0101 0.0149
429      429   (0)     12  : 0.0000 0.0000 0.0319 0.0000 0.3210 0.0000 0.0000 0.1176 0.5294
430      430   (0)     12  : 0.9604 0.0000 0.0000 0.0084 0.0000 0.0085 0.0097 0.0039 0.0090
431      431   (0)     12  : 0.9474 0.0000 0.0038 0.0216 0.0000 0.0024 0.0173 0.0075 0.0001
432      432   (0)     12  : 0.0000 0.0161 0.0000 0.0000 0.9221 0.0124 0.0093 0.0214 0.0186
433      433   (0)     12  : 0.9838 0.0000 0.0000 0.0000 0.0059 0.0015 0.0000 0.0016 0.0071
434      434   (0)     12  : 0.9979 0.0000 0.0000 0.0005 0.0000 0.0000 0.0016 0.0000 0.0000
435      435   (0)     12  : 0.9071 0.0000 0.0013 0.0146 0.0039 0.0000 0.0447 0.0091 0.0193
436      436   (0)     12  : 0.9582 0.0000 0.0042 0.0046 0.0000 0.0028 0.0230 0.0023 0.0050
437      437   (0)     12  : 0.9603 0.0000 0.0000 0.0000 0.0128 0.0000 0.0001 0.0051 0.0217
438      438   (0)     12  : 0.9869 0.0000 0.0000 0.0000 0.0000 0.0063 0.0014 0.0021 0.0033
439      439   (0)     12  : 0.0000 0.0076 0.0000 0.0000 0.9418 0.0284 0.0106 0.0006 0.0109
440      440   (0)     12  : 0.0000 0.0149 0.0000 0.0000 0.9269 0.0102 0.0108 0.0213 0.0160
441      441   (0)     12  : 0.9880 0.0000 0.0000 0.0042 0.0000 0.0000 0.0078 0.0000 0.0000
442      442   (0)     12  : 0.0000 0.0000 0.0125 0.0000 0.6396 0.0000 0.0000 0.0629 0.2850
443      443   (0)     12  : 0.9727 0.0000 0.0000 0.0120 0.0000 0.0036 0.0016 0.0060 0.0042
444      444   (0)     12  : 0.9765 0.0000 0.0000 0.0137 0.0000 0.0008 0.0026 0.0065 0.0000
445      445   (0)     12  : 0.9622 0.0000 0.0000 0.0266 0.0000 0.0000 0.0014 0.0098 0.0000
446      446   (0)     12  : 0.9978 0.0000 0.0000 0.0000 0.0000 0.0011 0.0000 0.0011 0.0000
447      447   (0)     12  : 0.9660 0.0000 0.0000 0.0000 0.0000 0.0080 0.0104 0.0062 0.0095
448      448   (0)     12  : 0.9972 0.0000 0.0000 0.0000 0.0000 0.0000 0.0028 0.0000 0.0000
449      449   (0)     12  : 0.9841 0.0000 0.0000 0.0000 0.0000 0.0000 0.0108 0.0019 0.0032
450      450   (0)     12  : 0.9837 0.0000 0.0000 0.0000 0.0000 0.0042 0.0054 0.0054 0.0013
451      451   (0)     12  : 0.9421 0.0000 0.0000 0.0118 0.0000 0.0050 0.0389 0.0000 0.0021
452      452   (0)     12  : 0.9625 0.0000 0.0000 0.0051 0.0011 0.0078 0.0078 0.0095 0.0063
453      453   (0)     13  : 0.9964 0.0000 0.0000 0.0000 0.0000 0.0018 0.0004 0.0015 0.0000
454      454   (0)     13  : 0.9868 0.0000 0.0101 0.0011 0.0000 0.0000 0.0001 0.0019 0.0000
455      455   (0)     13  : 1.0000 0.0000 0.0000 0.0000 0.0000 0.0000 0.0000 0.0000 0.0000
456      456   (0)     13  : 0.0000 0.0098 0.0000 0.0000 0.9106 0.0259 0.0108 0.0147 0.0283
457      457   (0)     13  : 0.9331 0.0000 0.0000 0.0155 0.0004 0.0054 0.0138 0.0099 0.0220
458      458   (0)     13  : 0.9918 0.0000 0.0000 0.0005 0.0000 0.0012 0.0019 0.0009 0.0037
459      459   (0)     13  : 0.9974 0.0000 0.0000 0.0000 0.0000 0.0021 0.0000 0.0005 0.0000
460      460   (0)     13  : 0.9956 0.0000 0.0000 0.0010 0.0000 0.0000 0.0016 0.0000 0.0018
461      461   (0)     13  : 0.9931 0.0000 0.0000 0.0000 0.0000 0.0028 0.0031 0.0000 0.0009
462      462   (0)     13  : 0.9527 0.0000 0.0014 0.0297 0.0000 0.0000 0.0088 0.0031 0.0043
463      463   (0)     13  : 0.9632 0.0000 0.0004 0.0100 0.0000 0.0019 0.0129 0.0033 0.0083
464      464   (0)     13  : 0.0034 0.0000 0.0084 0.7785 0.0000 0.0000 0.1672 0.0382 0.0044
465      465   (0)     13  : 0.9550 0.0000 0.0026 0.0000 0.0115 0.0045 0.0112 0.0060 0.0093
466      466   (0)     13  : 0.9847 0.0000 0.0039 0.0000 0.0000 0.0015 0.0051 0.0000 0.0048
467      467   (0)     13  : 0.9557 0.0000 0.0021 0.0147 0.0000 0.0000 0.0156 0.0072 0.0047
468      468   (0)     13  : 0.0519 0.0005 0.0000 0.5364 0.0000 0.0000 0.2918 0.0917 0.0277
469      469   (0)     13  : 0.0000 0.0000 0.0000 0.6992 0.0000 0.0000 0.2592 0.0181 0.0235
470      470   (0)     13  : 0.9648 0.0000 0.0000 0.0054 0.0000 0.0075 0.0132 0.0014 0.0076
471      471   (0)     13  : 0.9472 0.0075 0.0000 0.0018 0.0000 0.0128 0.0096 0.0043 0.0169
472      472   (0)     13  : 0.9717 0.0000 0.0006 0.0041 0.0000 0.0060 0.0053 0.0094 0.0030
473      473   (0)     13  : 0.0476 0.0256 0.0000 0.0000 0.7987 0.0671 0.0030 0.0345 0.0236
474      474   (0)     13  : 0.9900 0.0000 0.0006 0.0029 0.0000 0.0003 0.0041 0.0022 0.0000
475      475   (0)     13  : 0.9885 0.0000 0.0000 0.0014 0.0000 0.0065 0.0036 0.0000 0.0000
476      476   (0)     13  : 0.0000 0.0108 0.0000 0.0000 0.9345 0.0149 0.0000 0.0106 0.0292
477      477   (0)     13  : 0.9346 0.0000 0.0000 0.0119 0.0120 0.0000 0.0276 0.0044 0.0096
478      478   (0)     13  : 0.9594 0.0000 0.0155 0.0040 0.0027 0.0000 0.0106 0.0001 0.0077
479      479   (0)     13  : 0.9824 0.0000 0.0000 0.0083 0.0000 0.0000 0.0002 0.0060 0.0032
480      480   (0)     13  : 0.0000 0.0070 0.0000 0.0000 0.8847 0.0211 0.0085 0.0213 0.0573
481      481   (0)     13  : 0.0899 0.0000 0.0139 0.4941 0.0017 0.0486 0.1944 0.1122 0.0451
482      482   (0)     13  : 0.9552 0.0000 0.0000 0.0199 0.0000 0.0000 0.0136 0.0033 0.0080
483      483   (0)     14  : 0.9874 0.0000 0.0000 0.0000 0.0000 0.0000 0.0126 0.0000 0.0000
484      484   (0)     14  : 0.9869 0.0000 0.0000 0.0021 0.0000 0.0028 0.0058 0.0002 0.0022
485      485   (0)     15  : 0.9766 0.0000 0.0000 0.0052 0.0000 0.0025 0.0123 0.0014 0.0020
486      486   (0)     15  : 0.9837 0.0000 0.0000 0.0021 0.0000 0.0014 0.0050 0.0041 0.0036
487      487   (0)     15  : 0.9678 0.0000 0.0026 0.0008 0.0000 0.0066 0.0128 0.0035 0.0059
488      488   (0)     15  : 0.9834 0.0000 0.0037 0.0000 0.0000 0.0020 0.0004 0.0036 0.0069
489      489   (0)     15  : 0.0000 0.0208 0.0000 0.0000 0.9178 0.0325 0.0145 0.0093 0.0051
490      490   (0)     15  : 0.0000 0.0115 0.0000 0.0000 0.9261 0.0162 0.0026 0.0202 0.0233
491      491   (0)     15  : 0.9881 0.0000 0.0000 0.0096 0.0000 0.0000 0.0000 0.0016 0.0008
492      492   (0)     15  : 0.0000 0.0187 0.0000 0.0000 0.9592 0.0212 0.0000 0.0009 0.0000
493      493   (0)     15  : 0.9578 0.0000 0.0167 0.0197 0.0000 0.0000 0.0020 0.0024 0.0015
494      494   (0)     15  : 0.9779 0.0000 0.0000 0.0032 0.0000 0.0052 0.0040 0.0037 0.0060
495      495   (0)     15  : 0.9820 0.0000 0.0039 0.0067 0.0000 0.0009 0.0008 0.0034 0.0023
496      496   (0)     15  : 0.9801 0.0000 0.0055 0.0009 0.0000 0.0000 0.0116 0.0009 0.0010
497      497   (0)     15  : 0.9610 0.0000 0.0000 0.0117 0.0000 0.0016 0.0107 0.0079 0.0071
498      498   (0)     15  : 0.9369 0.0000 0.0000 0.0254 0.0000 0.0051 0.0129 0.0098 0.0099
499      499   (0)     15  : 0.9732 0.0000 0.0000 0.0172 0.0000 0.0000 0.0051 0.0043 0.0002
500      500   (0)     15  : 0.9739 0.0000 0.0000 0.0029 0.0000 0.0000 0.0215 0.0017 0.0000
501      501   (0)     15  : 0.9582 0.0000 0.0014 0.0102 0.0054 0.0032 0.0046 0.0064 0.0107
502      502   (0)     15  : 0.9700 0.0000 0.0000 0.0123 0.0000 0.0033 0.0073 0.0071 0.0000
503      503   (0)     15  : 0.9869 0.0000 0.0000 0.0009 0.0000 0.0015 0.0054 0.0022 0.0031
504      504   (0)     15  : 0.9961 0.0000 0.0000 0.0000 0.0000 0.0000 0.0021 0.0018 0.0000
505      505   (0)     15  : 0.9493 0.0000 0.0010 0.0093 0.0000 0.0039 0.0233 0.0086 0.0046
506      506   (0)     15  : 0.9797 0.0000 0.0000 0.0109 0.0000 0.0000 0.0065 0.0029 0.0000
507      507   (0)     15  : 0.9701 0.0000 0.0000 0.0075 0.0000 0.0031 0.0030 0.0048 0.0115
508      508   (0)     15  : 0.9509 0.0000 0.0000 0.0107 0.0023 0.0083 0.0200 0.0004 0.0074
509      509   (0)     15  : 0.0000 0.0000 0.0000 0.0000 0.9478 0.0327 0.0000 0.0093 0.0102
510      510   (0)     15  : 0.0000 0.0155 0.0000 0.0000 0.9423 0.0227 0.0000 0.0095 0.0100
511      511   (0)     15  : 0.9344 0.0136 0.0084 0.0066 0.0103 0.0047 0.0159 0.0027 0.0035
512      512   (0)     15  : 0.9893 0.0000 0.0000 0.0000 0.0000 0.0060 0.0014 0.0021 0.0011
513      513   (0)     15  : 0.9660 0.0000 0.0000 0.0082 0.0000 0.0030 0.0128 0.0034 0.0066
514      514   (0)     15  : 0.9518 0.0000 0.0000 0.0095 0.0001 0.0039 0.0112 0.0131 0.0103
515      515   (0)     16  : 0.0195 0.0000 0.0011 0.5342 0.0000 0.0000 0.4095 0.0313 0.0045
516      516   (0)     16  : 0.9636 0.0000 0.0059 0.0227 0.0000 0.0000 0.0075 0.0003 0.0000
517      517   (0)     16  : 0.0000 0.0376 0.0000 0.0000 0.8470 0.0114 0.0000 0.0462 0.0577
518      518   (0)     16  : 0.9448 0.0000 0.0152 0.0161 0.0003 0.0032 0.0163 0.0026 0.0016
519      519   (0)     16  : 0.9662 0.0000 0.0000 0.0120 0.0000 0.0000 0.0016 0.0139 0.0063
520      520   (0)     16  : 0.9488 0.0000 0.0000 0.0193 0.0000 0.0000 0.0281 0.0033 0.0006
521      521   (0)     16  : 0.9615 0.0000 0.0000 0.0187 0.0000 0.0030 0.0053 0.0029 0.0085
522      522   (0)     16  : 0.0000 0.0000 0.0154 0.0000 0.3375 0.0000 0.0000 0.1176 0.5294
523      523   (0)     16  : 0.9730 0.0000 0.0000 0.0139 0.0000 0.0000 0.0114 0.0017 0.0000
524      524   (0)     16  : 0.0000 0.0791 0.0000 0.0000 0.8425 0.0009 0.0000 0.0152 0.0623
525      525   (0)     16  : 0.9777 0.0000 0.0000 0.0027 0.0000 0.0000 0.0091 0.0015 0.0090
526      526   (0)     16  : 0.9688 0.0000 0.0023 0.0159 0.0000 0.0043 0.0011 0.0028 0.0048
527      527   (0)     16  : 0.0000 0.0001 0.0000 0.0000 0.8722 0.0109 0.0000 0.0301 0.0867
528      528   (0)     16  : 0.9337 0.0000 0.0000 0.0332 0.0000 0.0000 0.0281 0.0050 0.0000
529      529   (0)     16  : 0.9620 0.0000 0.0000 0.0136 0.0000 0.0008 0.0105 0.0059 0.0072
530      530   (0)     16  : 0.9222 0.0000 0.0000 0.0561 0.0000 0.0073 0.0016 0.0044 0.0084
531      531   (0)     16  : 1.0000 0.0000 0.0000 0.0000 0.0000 0.0000 0.0000 0.0000 0.0000
532      532   (0)     16  : 0.0000 0.0000 0.0170 0.0000 0.3360 0.0000 0.0000 0.1176 0.5294
533      533   (0)     16  : 0.0000 0.0000 0.0246 0.0000 0.3283 0.0000 0.0000 0.1176 0.5294
534      534   (0)     16  : 0.9759 0.0000 0.0000 0.0096 0.0000 0.0021 0.0070 0.0010 0.0042
535      535   (0)     16  : 0.9808 0.0000 0.0000 0.0121 0.0000 0.0000 0.0007 0.0050 0.0015
536      536   (0)     16  : 0.9663 0.0000 0.0000 0.0091 0.0000 0.0093 0.0075 0.0029 0.0050
537      537   (0)     16  : 0.9761 0.0000 0.0000 0.0124 0.0024 0.0000 0.0005 0.0071 0.0016
538      538   (0)     16  : 0.9899 0.0000 0.0000 0.0013 0.0000 0.0000 0.0000 0.0052 0.0036
539      539   (0)     16  : 0.9725 0.0000 0.0000 0.0051 0.0000 0.0031 0.0043 0.0089 0.0062
540      540   (0)     16  : 0.9757 0.0000 0.0003 0.0129 0.0000 0.0026 0.0028 0.0056 0.0000
541      541   (0)     16  : 0.0000 0.0000 1.0000 0.0000 0.0000 0.0000 0.0000 0.0000 0.0000
542      542   (0)     16  : 0.9626 0.0000 0.0000 0.0188 0.0000 0.0046 0.0014 0.0118 0.0008
543      543   (0)     16  : 0.9967 0.0000 0.0000 0.0000 0.0000 0.0000 0.0033 0.0000 0.0000
544      544   (0)     16  : 0.9972 0.0000 0.0000 0.0000 0.0000 0.0002 0.0025 0.0000 0.0000
