1        1   (0)      1  : 0.0000 0.0000 0.0000 0.0000 0.0000 0.0000 0.5000 0.0000 0.0000 0.5000 0.0000 0.0000 0.0000 0.0000 0.0000 0.0000 0.0000 0.0000
2        2   (0)      1  : 0.1464 0.0003 0.0000 0.8192 0.0000 0.0000 0.0000 0.0000 0.0000 0.0341 0.0000 0.0000 0.0000 0.0000 0.0000 0.0000 0.0000 0.0000
3        3   (0)      1  : 0.5917 0.0250 0.0000 0.3570 0.0000 0.0000 0.0000 0.0000 0.0000 0.0000 0.0000 0.0000 0.0000 0.0000 0.0263 0.0000 0.0000 0.0000
4        4   (0)      1  : 0.0030 0.0242 0.0096 0.0123 0.0000 0.0000 0.3016 0.0000 0.0000 0.4992 0.0000 0.0000 0.0000 0.0000 0.0000 0.0000 0.0000 0.1500
5        5   (0)      1  : 0.0050 0.1077 0.0000 0.0075 0.0000 0.0000 0.0000 0.0000 0.0000 0.4270 0.0000 0.0000 0.0000 0.0000 0.2281 0.0000 0.0114 0.2133
6        6   (0)      1  : 0.0000 0.0000 0.0000 0.0002 0.0000 0.0000 0.0000 0.0000 0.0043 0.2412 0.0000 0.0000 0.0000 0.0000 0.6794 0.0000 0.0000 0.0749
7        7   (0)      1  : 0.5000 0.0000 0.0000 0.5000 0.0000 0.0000 0.0000 0.0000 0.0000 0.0000 0.0000 0.0000 0.0000 0.0000 0.0000 0.0000 0.0000 0.0000
8        8   (0)      1  : 0.0000 0.0000 0.0000 0.9996 0.0000 0.0000 0.0000 0.0000 0.0000 0.0000 0.0000 0.0000 0.0000 0.0000 0.0000 0.0000 0.0000 0.0004
9        9   (0)      1  : 0.0000 0.0000 0.0000 0.0000 0.0000 0.0000 0.2498 0.0000 0.0000 0.0000 0.0000 0.0000 0.0000 0.0000 0.7502 0.0000 0.0000 0.0000
10       10   (0)      1  : 0.2878 0.0129 0.0000 0.6795 0.0000 0.0000 0.0000 0.0000 0.0000 0.0000 0.0000 0.0000 0.0000 0.0000 0.0000 0.0000 0.0000 0.0198
11       11   (0)      1  : 0.0000 0.1932 0.0000 0.0000 0.0000 0.0000 0.6231 0.0000 0.0000 0.1837 0.0000 0.0000 0.0000 0.0000 0.0000 0.0000 0.0000 0.0000
12       12   (0)      1  : 0.0000 0.0000 0.0000 0.0000 0.0000 0.0000 0.5000 0.0000 0.0000 0.5000 0.0000 0.0000 0.0000 0.0000 0.0000 0.0000 0.0000 0.0000
13       13   (0)      1  : 0.0000 0.4793 0.0000 0.0000 0.0000 0.0000 0.1082 0.0000 0.0000 0.2582 0.0000 0.0000 0.0000 0.0000 0.0001 0.0000 0.0000 0.1543
14       14   (0)      1  : 0.0000 0.0000 0.0005 0.0000 0.0000 0.0000 0.0641 0.0000 0.0000 0.1211 0.0000 0.0000 0.0000 0.0000 0.8143 0.0000 0.0000 0.0000
15       15   (0)      1  : 0.0000 0.1495 0.0000 0.0000 0.0000 0.0000 0.6041 0.0000 0.0000 0.2464 0.0000 0.0000 0.0000 0.0000 0.0000 0.0000 0.0000 0.0000
16       16   (0)      1  : 0.0239 0.2621 0.0000 0.0279 0.0000 0.0000 0.1341 0.0000 0.0038 0.2911 0.0000 0.0000 0.0000 0.0000 0.1384 0.0000 0.0098 0.1089
17       17   (0)      1  : 0.0000 0.0000 0.0000 0.0000 0.0000 0.0000 0.2478 0.0000 0.0000 0.7522 0.0000 0.0000 0.0000 0.0000 0.0000 0.0000 0.0000 0.0000
18       18   (0)      1  : 0.0000 0.0945 0.0000 0.0000 0.0000 0.0000 0.1536 0.0000 0.0000 0.1092 0.0000 0.0000 0.0000 0.0000 0.1427 0.0000 0.0000 0.5000
19       19   (0)      1  : 0.0000 0.0995 0.0000 0.0000 0.0047 0.0000 0.2534 0.0000 0.0000 0.4004 0.0000 0.0000 0.0000 0.0000 0.1057 0.0000 0.0000 0.1363
20       20   (0)      1  : 0.0000 0.0000 0.0000 0.0000 0.0000 0.0000 0.0000 0.0000 0.0000 1.0000 0.0000 0.0000 0.0000 0.0000 0.0000 0.0000 0.0000 0.0000
21       21   (0)      1  : 0.0000 0.6749 0.0000 0.0000 0.0000 0.0000 0.0427 0.0000 0.0000 0.1603 0.0000 0.0000 0.0000 0.0000 0.1221 0.0000 0.0000 0.0000
22       22   (0)      1  : 0.6224 0.0000 0.0000 0.3311 0.0000 0.0000 0.0000 0.0000 0.0000 0.0465 0.0000 0.0000 0.0000 0.0000 0.0000 0.0000 0.0000 0.0000
23       23   (0)      1  : 0.0000 0.0013 0.0000 0.0000 0.0000 0.0000 0.0000 0.0000 0.0000 0.6710 0.0000 0.0000 0.0000 0.0000 0.0000 0.0000 0.0000 0.3278
24       24   (0)      1  : 0.0000 0.0000 0.0000 0.0000 0.0000 0.0000 0.0000 0.0000 0.0000 0.0000 0.0000 0.0000 0.0000 0.0000 0.0000 0.0000 1.0000 0.0000
25       25   (0)      1  : 0.0000 0.1528 0.0000 0.0000 0.0000 0.0000 0.2131 0.0000 0.0000 0.6341 0.0000 0.0000 0.0000 0.0000 0.0000 0.0000 0.0000 0.0000
26       26   (0)      1  : 0.0000 0.2036 0.0000 0.0000 0.0000 0.0000 0.2306 0.0000 0.0000 0.1639 0.0000 0.0000 0.0000 0.0000 0.2823 0.0000 0.0000 0.1196
27       27   (0)      1  : 0.0000 0.0000 0.0000 0.0000 0.9274 0.0000 0.0000 0.0000 0.0000 0.0000 0.0373 0.0000 0.0000 0.0000 0.0000 0.0352 0.0000 0.0000
28       28   (0)      1  : 0.0000 0.0000 0.0000 0.0000 0.3548 0.0000 0.0000 0.0000 0.0000 0.0000 0.0000 0.0000 0.0000 0.0000 0.0000 0.0000 0.6452 0.0000
29       29   (0)      1  : 0.0000 0.2893 0.0000 0.0000 0.0000 0.0000 0.4176 0.0000 0.0000 0.0000 0.0000 0.0000 0.0000 0.0000 0.0000 0.0000 0.0000 0.2931
30       30   (0)      1  : 0.0000 0.0000 0.0000 0.0000 0.0000 0.0000 0.0000 0.0000 0.0000 0.2353 0.0000 0.0000 0.0000 0.0000 0.2647 0.0000 0.0000 0.5000
31       31   (0)      1  : 0.0107 0.4668 0.0000 0.0029 0.0000 0.0000 0.2444 0.0000 0.0000 0.1639 0.0000 0.0000 0.0000 0.0000 0.1113 0.0000 0.0000 0.0000
32       32   (0)      1  : 0.3177 0.0000 0.0000 0.5190 0.0000 0.0000 0.0000 0.0000 0.0000 0.0000 0.0000 0.0000 0.0000 0.0000 0.0000 0.0000 0.1633 0.0000
33       33   (0)      1  : 0.0000 0.0000 0.0000 0.0000 0.0000 0.0000 0.0000 0.0000 0.0000 0.0000 0.0000 0.0000 0.0000 0.0000 0.0000 0.0000 1.0000 0.0000
34       34   (0)      1  : 0.0018 0.0000 0.0000 0.0000 0.0000 0.0000 0.0000 0.0000 0.0000 0.0000 0.0000 0.0000 0.0000 0.0000 0.7165 0.0000 0.0000 0.2817
35       35   (0)      1  : 0.0000 0.0000 1.0000 0.0000 0.0000 0.0000 0.0000 0.0000 0.0000 0.0000 0.0000 0.0000 0.0000 0.0000 0.0000 0.0000 0.0000 0.0000
36       36   (0)      1  : 0.0000 0.0000 1.0000 0.0000 0.0000 0.0000 0.0000 0.0000 0.0000 0.0000 0.0000 0.0000 0.0000 0.0000 0.0000 0.0000 0.0000 0.0000
37       37   (0)      1  : 0.0000 0.0000 1.0000 0.0000 0.0000 0.0000 0.0000 0.0000 0.0000 0.0000 0.0000 0.0000 0.0000 0.0000 0.0000 0.0000 0.0000 0.0000
38       38   (0)      1  : 0.0000 0.0000 0.0000 0.0000 1.0000 0.0000 0.0000 0.0000 0.0000 0.0000 0.0000 0.0000 0.0000 0.0000 0.0000 0.0000 0.0000 0.0000
39       39   (0)      1  : 0.0000 0.0000 0.0000 0.0000 0.9426 0.0000 0.0000 0.0000 0.0000 0.0000 0.0000 0.0000 0.0000 0.0574 0.0000 0.0000 0.0000 0.0000
40       40   (0)      1  : 0.0000 0.2216 0.0000 0.0000 0.0000 0.0000 0.4999 0.0000 0.0000 0.2784 0.0000 0.0000 0.0000 0.0000 0.0001 0.0000 0.0000 0.0000
41       41   (0)      1  : 0.0000 0.0000 0.0000 0.9799 0.0000 0.0000 0.0000 0.0000 0.0000 0.0000 0.0000 0.0000 0.0000 0.0000 0.0063 0.0000 0.0000 0.0138
42       42   (0)      1  : 0.0000 0.0000 0.0000 0.0000 1.0000 0.0000 0.0000 0.0000 0.0000 0.0000 0.0000 0.0000 0.0000 0.0000 0.0000 0.0000 0.0000 0.0000
43       43   (0)      1  : 0.0245 0.0000 0.0075 0.0000 0.0000 0.0000 0.0961 0.0000 0.0000 0.5972 0.0000 0.0000 0.0000 0.0000 0.0754 0.0000 0.0000 0.1993
44       44   (0)      1  : 0.4461 0.0000 0.0000 0.5411 0.0000 0.0000 0.0000 0.0000 0.0000 0.0000 0.0000 0.0000 0.0000 0.0000 0.0128 0.0000 0.0000 0.0000
45       45   (0)      1  : 0.0000 0.0000 0.0000 0.0000 1.0000 0.0000 0.0000 0.0000 0.0000 0.0000 0.0000 0.0000 0.0000 0.0000 0.0000 0.0000 0.0000 0.0000
46       46   (0)      1  : 0.0000 0.0000 0.0000 0.0000 0.0000 0.0000 0.0000 0.0000 0.0000 0.5394 0.0000 0.0000 0.0000 0.0000 0.3408 0.0000 0.0000 0.1197
47       47   (0)      1  : 0.0000 0.0000 0.0000 0.0000 0.9914 0.0000 0.0000 0.0000 0.0000 0.0000 0.0000 0.0086 0.0000 0.0000 0.0000 0.0000 0.0000 0.0000
48       48   (0)      1  : 0.5830 0.0000 0.0000 0.3885 0.0000 0.0000 0.0150 0.0000 0.0023 0.0112 0.0000 0.0000 0.0000 0.0000 0.0000 0.0000 0.0000 0.0000
49       49   (0)      1  : 0.1696 0.0000 0.0000 0.8304 0.0000 0.0000 0.0000 0.0000 0.0000 0.0000 0.0000 0.0000 0.0000 0.0000 0.0000 0.0000 0.0000 0.0000
50       50   (0)      1  : 0.0000 0.0000 0.0000 0.0000 1.0000 0.0000 0.0000 0.0000 0.0000 0.0000 0.0000 0.0000 0.0000 0.0000 0.0000 0.0000 0.0000 0.0000
51       51   (0)      1  : 0.0000 0.0000 0.0000 0.0000 1.0000 0.0000 0.0000 0.0000 0.0000 0.0000 0.0000 0.0000 0.0000 0.0000 0.0000 0.0000 0.0000 0.0000
52       52   (0)      1  : 0.0000 0.0000 0.0000 0.9369 0.0000 0.0000 0.0000 0.0000 0.0000 0.0631 0.0000 0.0000 0.0000 0.0000 0.0000 0.0000 0.0000 0.0000
53       53   (0)      1  : 0.0000 0.0000 0.0000 0.9935 0.0000 0.0000 0.0065 0.0000 0.0000 0.0000 0.0000 0.0000 0.0000 0.0000 0.0000 0.0000 0.0000 0.0000
54       54   (0)      1  : 0.5047 0.0250 0.0000 0.4541 0.0000 0.0000 0.0000 0.0000 0.0000 0.0000 0.0000 0.0000 0.0000 0.0000 0.0163 0.0000 0.0000 0.0000
55       55   (0)      1  : 0.0000 0.0000 0.0000 0.0000 0.9417 0.0000 0.0000 0.0000 0.0000 0.0000 0.0000 0.0308 0.0000 0.0275 0.0000 0.0000 0.0000 0.0000
56       56   (0)      2  : 0.0000 0.0000 0.0000 0.0087 0.0000 0.0000 0.0000 0.0000 0.0000 0.1962 0.0000 0.0000 0.0000 0.0000 0.7952 0.0000 0.0000 0.0000
57       57   (0)      2  : 0.0000 0.3502 0.0226 0.0000 0.0000 0.0000 0.0003 0.0000 0.0000 0.3680 0.0000 0.0000 0.0000 0.0000 0.2589 0.0000 0.0000 0.0000
58       58   (0)      2  : 0.0000 0.6617 0.0000 0.0000 0.0000 0.0000 0.2101 0.0000 0.0000 0.0000 0.0000 0.0000 0.0000 0.0000 0.0003 0.0000 0.0000 0.1279
59       59   (0)      2  : 0.0000 0.3867 0.0000 0.0000 0.0000 0.0000 0.1758 0.0000 0.0000 0.2780 0.0000 0.0000 0.0000 0.0000 0.0052 0.0000 0.0003 0.1540
60       60   (0)      2  : 0.1989 0.0000 0.0000 0.7595 0.0000 0.0000 0.0248 0.0000 0.0000 0.0000 0.0000 0.0000 0.0000 0.0000 0.0000 0.0000 0.0000 0.0169
61       61   (0)      2  : 0.0000 0.0000 0.0000 0.0000 0.0000 0.0000 0.0000 0.0000 0.0000 1.0000 0.0000 0.0000 0.0000 0.0000 0.0000 0.0000 0.0000 0.0000
62       62   (0)      2  : 0.0000 0.0000 1.0000 0.0000 0.0000 0.0000 0.0000 0.0000 0.0000 0.0000 0.0000 0.0000 0.0000 0.0000 0.0000 0.0000 0.0000 0.0000
63       63   (0)      2  : 0.0000 0.2148 0.0000 0.0158 0.0000 0.0000 0.1367 0.0000 0.0000 0.4425 0.0000 0.0000 0.0000 0.0000 0.1902 0.0000 0.0000 0.0000
64       64   (0)      2  : 0.0000 0.0000 1.0000 0.0000 0.0000 0.0000 0.0000 0.0000 0.0000 0.0000 0.0000 0.0000 0.0000 0.0000 0.0000 0.0000 0.0000 0.0000
65       65   (0)      2  : 0.0340 0.0000 0.0000 0.0052 0.0000 0.0000 0.1051 0.0000 0.0000 0.2036 0.0000 0.0000 0.0000 0.0000 0.4672 0.0000 0.0012 0.1838
66       66   (0)      2  : 0.0000 0.0000 1.0000 0.0000 0.0000 0.0000 0.0000 0.0000 0.0000 0.0000 0.0000 0.0000 0.0000 0.0000 0.0000 0.0000 0.0000 0.0000
67       67   (0)      2  : 0.0000 0.1068 0.0027 0.0000 0.0000 0.0000 0.0716 0.0000 0.0000 0.3986 0.0000 0.0000 0.0000 0.0000 0.1618 0.0000 0.0000 0.2585
68       68   (0)      2  : 0.0000 0.2267 0.0000 0.0162 0.0000 0.0000 0.0000 0.0000 0.0000 0.5226 0.0000 0.0000 0.0000 0.0000 0.1203 0.0000 0.0000 0.1142
69       69   (0)      2  : 0.3268 0.0000 0.0000 0.6608 0.0000 0.0000 0.0078 0.0000 0.0000 0.0046 0.0000 0.0000 0.0000 0.0000 0.0000 0.0000 0.0000 0.0000
70       70   (0)      2  : 0.0000 0.4102 0.0000 0.0000 0.0000 0.0000 0.0576 0.0000 0.0000 0.0470 0.0000 0.0000 0.0000 0.0000 0.4852 0.0000 0.0000 0.0000
71       71   (0)      2  : 0.0000 0.0000 1.0000 0.0000 0.0000 0.0000 0.0000 0.0000 0.0000 0.0000 0.0000 0.0000 0.0000 0.0000 0.0000 0.0000 0.0000 0.0000
72       72   (0)      2  : 0.0000 0.0000 1.0000 0.0000 0.0000 0.0000 0.0000 0.0000 0.0000 0.0000 0.0000 0.0000 0.0000 0.0000 0.0000 0.0000 0.0000 0.0000
73       73   (0)      2  : 0.0377 0.6331 0.0000 0.0000 0.0000 0.0000 0.2125 0.0000 0.0000 0.0000 0.0000 0.0000 0.0000 0.0000 0.1167 0.0000 0.0000 0.0000
74       74   (0)      2  : 0.0000 0.0000 0.0000 1.0000 0.0000 0.0000 0.0000 0.0000 0.0000 0.0000 0.0000 0.0000 0.0000 0.0000 0.0000 0.0000 0.0000 0.0000
75       75   (0)      2  : 0.0000 0.0000 0.0000 0.0000 0.9599 0.0000 0.0000 0.0000 0.0000 0.0000 0.0229 0.0000 0.0000 0.0172 0.0000 0.0000 0.0000 0.0000
76       76   (0)      2  : 0.1356 0.0000 0.0000 0.8537 0.0000 0.0000 0.0000 0.0000 0.0000 0.0107 0.0000 0.0000 0.0000 0.0000 0.0000 0.0000 0.0000 0.0000
77       77   (0)      2  : 0.0106 0.2694 0.0000 0.0350 0.0000 0.0000 0.2635 0.0000 0.0000 0.1386 0.0000 0.0000 0.0000 0.0000 0.0000 0.0000 0.0000 0.2829
78       78   (0)      2  : 0.0000 0.0000 1.0000 0.0000 0.0000 0.0000 0.0000 0.0000 0.0000 0.0000 0.0000 0.0000 0.0000 0.0000 0.0000 0.0000 0.0000 0.0000
79       79   (0)      2  : 0.0000 0.0000 0.0000 0.0000 1.0000 0.0000 0.0000 0.0000 0.0000 0.0000 0.0000 0.0000 0.0000 0.0000 0.0000 0.0000 0.0000 0.0000
80       80   (0)      2  : 0.0000 0.0000 1.0000 0.0000 0.0000 0.0000 0.0000 0.0000 0.0000 0.0000 0.0000 0.0000 0.0000 0.0000 0.0000 0.0000 0.0000 0.0000
81       81   (0)      2  : 0.0000 0.7517 0.0000 0.0000 0.0000 0.0000 0.0000 0.0000 0.0000 0.2483 0.0000 0.0000 0.0000 0.0000 0.0000 0.0000 0.0000 0.0000
82       82   (0)      2  : 0.0944 0.0000 0.0006 0.9040 0.0000 0.0000 0.0001 0.0000 0.0000 0.0009 0.0000 0.0000 0.0000 0.0000 0.0000 0.0000 0.0000 0.0000
83       83   (0)      2  : 0.3070 0.0000 0.0000 0.6930 0.0000 0.0000 0.0000 0.0000 0.0000 0.0000 0.0000 0.0000 0.0000 0.0000 0.0000 0.0000 0.0000 0.0000
84       84   (0)      2  : 0.0988 0.0082 0.0000 0.1067 0.0000 0.0000 0.0935 0.0000 0.0000 0.0313 0.0000 0.0000 0.0000 0.0000 0.4411 0.0000 0.0000 0.2205
85       85   (0)      2  : 0.0000 0.0689 0.0000 0.0019 0.0000 0.0000 0.0000 0.0000 0.0000 0.1315 0.0000 0.0000 0.0000 0.0000 0.2976 0.0000 0.0000 0.5000
86       86   (0)      2  : 0.0000 0.0000 0.0000 0.0008 0.0000 0.0000 0.2575 0.0000 0.0000 0.7416 0.0000 0.0000 0.0000 0.0000 0.0000 0.0000 0.0000 0.0000
87       87   (0)      2  : 0.0000 1.0000 0.0000 0.0000 0.0000 0.0000 0.0000 0.0000 0.0000 0.0000 0.0000 0.0000 0.0000 0.0000 0.0000 0.0000 0.0000 0.0000
88       88   (0)      2  : 0.0000 0.2127 0.0000 0.0000 0.0000 0.0000 0.2305 0.0000 0.0000 0.2873 0.0000 0.0000 0.0000 0.0000 0.0000 0.0000 0.0000 0.2695
89       89   (0)      2  : 0.0000 0.0000 0.0000 0.0000 0.0000 0.0000 0.0000 0.0000 0.0000 0.2534 0.0000 0.0000 0.0000 0.0000 0.2466 0.0000 0.0000 0.5000
90       90   (0)      2  : 0.0000 0.2131 0.0012 0.0164 0.0000 0.0000 0.3322 0.0000 0.0000 0.4370 0.0000 0.0000 0.0000 0.0000 0.0000 0.0000 0.0000 0.0000
91       91   (0)      2  : 0.0008 0.2138 0.0000 0.0000 0.0000 0.0000 0.1154 0.0000 0.0000 0.2144 0.0000 0.0000 0.0000 0.0000 0.2771 0.0000 0.0000 0.1785
92       92   (0)      2  : 0.0000 0.1875 0.0000 0.0148 0.0000 0.0000 0.1713 0.0000 0.0000 0.5568 0.0000 0.0000 0.0000 0.0000 0.0697 0.0000 0.0000 0.0000
93       93   (0)      2  : 0.6076 0.0000 0.0000 0.3924 0.0000 0.0000 0.0000 0.0000 0.0000 0.0000 0.0000 0.0000 0.0000 0.0000 0.0000 0.0000 0.0000 0.0000
94       94   (0)      2  : 0.2494 0.0002 0.0011 0.7184 0.0000 0.0000 0.0309 0.0000 0.0000 0.0000 0.0000 0.0000 0.0000 0.0000 0.0000 0.0000 0.0000 0.0000
95       95   (0)      2  : 0.0000 0.0000 1.0000 0.0000 0.0000 0.0000 0.0000 0.0000 0.0000 0.0000 0.0000 0.0000 0.0000 0.0000 0.0000 0.0000 0.0000 0.0000
96       96   (0)      2  : 0.5460 0.0183 0.0000 0.4099 0.0000 0.0000 0.0000 0.0000 0.0000 0.0258 0.0000 0.0000 0.0000 0.0000 0.0000 0.0000 0.0000 0.0000
97       97   (0)      2  : 0.8403 0.0309 0.0000 0.1286 0.0000 0.0000 0.0000 0.0000 0.0000 0.0002 0.0000 0.0000 0.0000 0.0000 0.0000 0.0000 0.0000 0.0000
98       98   (0)      2  : 0.0000 0.0000 0.0000 0.0000 0.0000 0.0000 0.2748 0.0000 0.0000 0.0000 0.0000 0.0000 0.0000 0.0000 0.7252 0.0000 0.0000 0.0000
99       99   (0)      2  : 0.0000 0.0000 1.0000 0.0000 0.0000 0.0000 0.0000 0.0000 0.0000 0.0000 0.0000 0.0000 0.0000 0.0000 0.0000 0.0000 0.0000 0.0000
100      100   (0)      2  : 0.0000 0.1222 0.0000 0.0000 0.0000 0.0000 0.3345 0.0000 0.0000 0.0000 0.0000 0.0000 0.0000 0.0000 0.5432 0.0000 0.0000 0.0000
101      101   (0)      3  : 0.0000 0.4643 0.0000 0.0000 0.0000 0.0000 0.1753 0.0000 0.0000 0.1771 0.0000 0.0000 0.0000 0.0000 0.1833 0.0000 0.0000 0.0000
102      102   (0)      3  : 0.0000 0.1549 0.0052 0.0000 0.0000 0.0000 0.0000 0.0000 0.0000 0.1492 0.0000 0.0000 0.0000 0.0000 0.6234 0.0000 0.0000 0.0673
103      103   (0)      3  : 0.0000 0.3061 0.0000 0.0000 0.0000 0.0000 0.3235 0.0000 0.0000 0.1992 0.0000 0.0000 0.0000 0.0000 0.1712 0.0000 0.0000 0.0000
104      104   (0)      3  : 0.0000 0.1401 0.0000 0.0077 0.0000 0.0000 0.2569 0.0000 0.0000 0.1393 0.0000 0.0000 0.0000 0.0000 0.4506 0.0000 0.0054 0.0000
105      105   (0)      3  : 0.0092 0.5678 0.0045 0.0000 0.0000 0.0000 0.1754 0.0000 0.0000 0.2431 0.0000 0.0000 0.0000 0.0000 0.0000 0.0000 0.0000 0.0000
106      106   (0)      3  : 0.0119 0.1364 0.0000 0.0000 0.0000 0.0000 0.2318 0.0000 0.0000 0.6156 0.0000 0.0000 0.0000 0.0000 0.0042 0.0000 0.0000 0.0000
107      107   (0)      3  : 0.0000 0.0000 0.0000 0.0000 0.0000 0.0000 0.0000 0.0000 0.0000 0.7121 0.0000 0.0000 0.0000 0.0000 0.0000 0.0000 0.0000 0.2879
108      108   (0)      3  : 0.0000 0.7263 0.0000 0.0000 0.0000 0.0000 0.1681 0.0000 0.0000 0.1057 0.0000 0.0000 0.0000 0.0000 0.0000 0.0000 0.0000 0.0000
109      109   (0)      3  : 0.0000 0.5000 0.0000 0.0000 0.0000 0.0000 0.2819 0.0000 0.0000 0.0000 0.0000 0.0000 0.0000 0.0000 0.2181 0.0000 0.0000 0.0000
110      110   (0)      3  : 0.0000 0.0749 0.0000 0.0000 0.0000 0.0000 0.3688 0.0000 0.0000 0.4131 0.0000 0.0000 0.0000 0.0000 0.1433 0.0000 0.0000 0.0000
111      111   (0)      3  : 0.0006 0.0000 0.0000 0.0000 0.0000 0.0000 0.0000 0.0000 0.0000 0.9835 0.0000 0.0000 0.0000 0.0000 0.0000 0.0000 0.0159 0.0000
112      112   (0)      3  : 0.0000 0.0000 0.0000 0.0000 0.0000 0.0000 0.0000 0.0000 0.0000 0.1555 0.0000 0.0000 0.0000 0.0000 0.8444 0.0000 0.0000 0.0000
113      113   (0)      3  : 0.0000 0.0000 0.0000 0.0000 0.0000 0.0000 0.0000 0.0000 0.0000 0.0000 0.0000 0.0000 0.0000 0.0000 1.0000 0.0000 0.0000 0.0000
114      114   (0)      3  : 0.0084 0.0001 0.0000 0.0122 0.0000 0.0000 0.1896 0.0000 0.0000 0.2510 0.0000 0.0000 0.0000 0.0000 0.5386 0.0000 0.0000 0.0000
115      115   (0)      3  : 0.0000 0.1867 0.0000 0.0398 0.0000 0.0000 0.1940 0.0000 0.0000 0.0000 0.0000 0.0000 0.0000 0.0000 0.5270 0.0000 0.0000 0.0525
116      116   (0)      3  : 0.0000 0.1164 0.0000 0.0000 0.0000 0.0000 0.5830 0.0000 0.0000 0.0000 0.0000 0.0000 0.0000 0.0000 0.1325 0.0000 0.0000 0.1681
117      117   (0)      3  : 0.0000 0.0819 0.0000 0.0444 0.0000 0.0000 0.2653 0.0000 0.0000 0.1852 0.0000 0.0000 0.0000 0.0000 0.2342 0.0000 0.0000 0.1891
118      118   (0)      3  : 0.0000 0.0713 0.0000 0.0000 0.0000 0.0000 0.0600 0.0000 0.0000 0.2197 0.0000 0.0000 0.0000 0.0000 0.5349 0.0000 0.0000 0.1141
119      119   (0)      3  : 0.0130 0.3552 0.0000 0.0153 0.0000 0.0000 0.1821 0.0000 0.0000 0.2921 0.0000 0.0000 0.0000 0.0000 0.1424 0.0000 0.0000 0.0000
120      120   (0)      3  : 0.0248 0.3837 0.0778 0.0186 0.0000 0.0000 0.1947 0.0000 0.0000 0.2165 0.0000 0.0000 0.0000 0.0000 0.0712 0.0000 0.0124 0.0002
121      121   (0)      3  : 0.0000 0.1481 0.0000 0.0000 0.0000 0.0000 0.1943 0.0000 0.0000 0.3301 0.0000 0.0000 0.0000 0.0000 0.3275 0.0000 0.0000 0.0000
122      122   (0)      3  : 0.0000 0.2166 0.0000 0.0083 0.0000 0.0000 0.0000 0.0000 0.0000 0.2751 0.0000 0.0000 0.0000 0.0000 0.5000 0.0000 0.0000 0.0000
123      123   (0)      3  : 0.0000 0.1570 0.0000 0.0000 0.0000 0.0000 0.1569 0.0000 0.0000 0.6860 0.0000 0.0000 0.0000 0.0000 0.0000 0.0000 0.0000 0.0000
124      124   (0)      3  : 0.0000 0.0000 0.0000 0.0000 0.0000 0.0000 0.1670 0.0000 0.0000 0.6485 0.0000 0.0000 0.0000 0.0000 0.0000 0.0000 0.0000 0.1845
125      125   (0)      3  : 0.0000 0.1341 0.0000 0.0000 0.0000 0.0000 0.0000 0.0000 0.0000 0.6334 0.0000 0.0000 0.0000 0.0000 0.0000 0.0000 0.0000 0.2325
126      126   (0)      3  : 0.0000 0.6638 0.0000 0.0144 0.0000 0.0000 0.1641 0.0000 0.0000 0.1576 0.0000 0.0000 0.0000 0.0000 0.0000 0.0000 0.0000 0.0000
127      127   (0)      3  : 0.0000 0.2249 0.0000 0.0274 0.0000 0.0000 0.5000 0.0000 0.0000 0.2424 0.0000 0.0000 0.0000 0.0000 0.0000 0.0000 0.0052 0.0000
128      128   (0)      3  : 0.0000 0.1340 0.0000 0.0000 0.0000 0.0000 0.0000 0.0000 0.0000 0.2064 0.0000 0.0000 0.0000 0.0000 0.6596 0.0000 0.0000 0.0000
129      129   (0)      3  : 0.0252 0.1019 0.0000 0.0000 0.0000 0.0000 0.5000 0.0000 0.0000 0.1927 0.0000 0.0000 0.0000 0.0000 0.1802 0.0000 0.0000 0.0000
130      130   (0)      3  : 0.5753 0.0000 0.0000 0.3899 0.0000 0.0000 0.0000 0.0000 0.0000 0.0206 0.0000 0.0000 0.0000 0.0000 0.0000 0.0000 0.0000 0.0142
131      131   (0)      3  : 0.4841 0.0000 0.0000 0.4289 0.0000 0.0000 0.0342 0.0000 0.0000 0.0528 0.0000 0.0000 0.0000 0.0000 0.0000 0.0000 0.0000 0.0000
132      132   (0)      3  : 0.0000 0.0000 1.0000 0.0000 0.0000 0.0000 0.0000 0.0000 0.0000 0.0000 0.0000 0.0000 0.0000 0.0000 0.0000 0.0000 0.0000 0.0000
133      133   (0)      3  : 0.0000 0.0000 0.0000 0.0000 0.8562 0.0000 0.0000 0.0000 0.0896 0.0000 0.0000 0.0000 0.0272 0.0000 0.0000 0.0269 0.0000 0.0000
134      134   (0)      3  : 0.2147 0.0000 0.0000 0.6446 0.0000 0.0000 0.0456 0.0000 0.0000 0.0471 0.0117 0.0000 0.0000 0.0000 0.0000 0.0000 0.0363 0.0000
135      135   (0)      3  : 0.0000 0.0000 0.0000 0.0000 0.0000 0.0000 0.0000 0.0000 0.0000 0.0000 0.0000 0.0000 0.0000 0.0000 1.0000 0.0000 0.0000 0.0000
136      136   (0)      3  : 0.0041 0.0000 0.0000 0.0000 0.0000 0.0000 0.0000 0.0000 0.0000 0.4959 0.0000 0.0000 0.0000 0.0000 0.0000 0.0000 0.0000 0.5000
137      137   (0)      3  : 0.9976 0.0000 0.0000 0.0024 0.0000 0.0000 0.0000 0.0000 0.0000 0.0000 0.0000 0.0000 0.0000 0.0000 0.0000 0.0000 0.0000 0.0000
138      138   (0)      3  : 0.0108 0.2084 0.0000 0.0000 0.0000 0.0000 0.0000 0.0000 0.0000 0.0474 0.0000 0.0000 0.0000 0.0000 0.5652 0.0000 0.0000 0.1682
139      139   (0)      3  : 0.0000 0.0000 0.0000 0.0000 0.0000 0.0000 0.5000 0.0000 0.0000 0.0000 0.0000 0.0000 0.0000 0.0000 0.5000 0.0000 0.0000 0.0000
140      140   (0)      3  : 0.0038 0.0014 0.0000 0.0000 0.0000 0.0000 0.1487 0.0000 0.0000 0.1795 0.0000 0.0000 0.0000 0.0000 0.6666 0.0000 0.0000 0.0000
141      141   (0)      3  : 0.0000 0.0000 1.0000 0.0000 0.0000 0.0000 0.0000 0.0000 0.0000 0.0000 0.0000 0.0000 0.0000 0.0000 0.0000 0.0000 0.0000 0.0000
142      142   (0)      3  : 0.0000 0.0000 1.0000 0.0000 0.0000 0.0000 0.0000 0.0000 0.0000 0.0000 0.0000 0.0000 0.0000 0.0000 0.0000 0.0000 0.0000 0.0000
143      143   (0)      3  : 0.0000 0.0000 1.0000 0.0000 0.0000 0.0000 0.0000 0.0000 0.0000 0.0000 0.0000 0.0000 0.0000 0.0000 0.0000 0.0000 0.0000 0.0000
144      144   (0)      3  : 0.0000 0.0000 1.0000 0.0000 0.0000 0.0000 0.0000 0.0000 0.0000 0.0000 0.0000 0.0000 0.0000 0.0000 0.0000 0.0000 0.0000 0.0000
145      145   (0)      3  : 0.0000 0.0000 1.0000 0.0000 0.0000 0.0000 0.0000 0.0000 0.0000 0.0000 0.0000 0.0000 0.0000 0.0000 0.0000 0.0000 0.0000 0.0000
146      146   (0)      3  : 0.3509 0.0427 0.0000 0.6065 0.0000 0.0000 0.0000 0.0000 0.0000 0.0000 0.0000 0.0000 0.0000 0.0000 0.0000 0.0000 0.0000 0.0000
147      147   (0)      3  : 0.0000 1.0000 0.0000 0.0000 0.0000 0.0000 0.0000 0.0000 0.0000 0.0000 0.0000 0.0000 0.0000 0.0000 0.0000 0.0000 0.0000 0.0000
148      148   (0)      3  : 0.0000 0.0000 1.0000 0.0000 0.0000 0.0000 0.0000 0.0000 0.0000 0.0000 0.0000 0.0000 0.0000 0.0000 0.0000 0.0000 0.0000 0.0000
149      149   (0)      3  : 0.0000 0.0000 1.0000 0.0000 0.0000 0.0000 0.0000 0.0000 0.0000 0.0000 0.0000 0.0000 0.0000 0.0000 0.0000 0.0000 0.0000 0.0000
150      150   (0)      3  : 0.0000 0.0000 0.0000 0.0000 0.8114 0.0000 0.0000 0.0000 0.1312 0.0000 0.0261 0.0314 0.0000 0.0000 0.0000 0.0000 0.0000 0.0000
151      151   (0)      3  : 0.0000 0.0000 0.0000 0.0000 1.0000 0.0000 0.0000 0.0000 0.0000 0.0000 0.0000 0.0000 0.0000 0.0000 0.0000 0.0000 0.0000 0.0000
152      152   (0)      3  : 0.0000 0.0000 0.0000 0.0000 0.0000 0.0000 0.5000 0.0000 0.0000 0.0000 0.0000 0.0000 0.0000 0.0000 0.0000 0.0000 0.0000 0.5000
153      153   (0)      3  : 0.0000 0.0000 1.0000 0.0000 0.0000 0.0000 0.0000 0.0000 0.0000 0.0000 0.0000 0.0000 0.0000 0.0000 0.0000 0.0000 0.0000 0.0000
154      154   (0)      3  : 0.0000 0.5000 0.0000 0.0000 0.0000 0.0000 0.5000 0.0000 0.0000 0.0000 0.0000 0.0000 0.0000 0.0000 0.0000 0.0000 0.0000 0.0000
155      155   (0)      3  : 0.0000 0.0000 0.0000 0.0000 0.0000 0.0000 0.0000 0.0000 0.0000 0.5000 0.0000 0.0000 0.0000 0.0000 0.5000 0.0000 0.0000 0.0000
156      156   (0)      3  : 0.1274 0.0332 0.0000 0.8018 0.0000 0.0000 0.0000 0.0000 0.0006 0.0000 0.0000 0.0000 0.0000 0.0000 0.0000 0.0000 0.0000 0.0370
157      157   (0)      3  : 0.0000 0.2707 0.0000 0.0000 0.0000 0.0000 0.0792 0.0000 0.0000 0.1420 0.0000 0.0000 0.0000 0.0000 0.1931 0.0000 0.0000 0.3150
158      158   (0)      3  : 0.2742 0.0000 0.0000 0.7258 0.0000 0.0000 0.0000 0.0000 0.0000 0.0000 0.0000 0.0000 0.0000 0.0000 0.0000 0.0000 0.0000 0.0000
159      159   (0)      3  : 0.0000 0.0000 0.0000 0.0000 0.0000 0.0000 0.0000 0.0000 0.0000 0.6623 0.0000 0.0000 0.0000 0.0000 0.3377 0.0000 0.0000 0.0000
160      160   (0)      3  : 0.2699 0.0000 0.0000 0.7265 0.0000 0.0000 0.0000 0.0000 0.0000 0.0032 0.0000 0.0000 0.0000 0.0000 0.0004 0.0000 0.0000 0.0000
161      161   (0)      4  : 0.0000 0.3284 0.0000 0.0000 0.0000 0.0000 0.6716 0.0000 0.0000 0.0000 0.0000 0.0000 0.0000 0.0000 0.0000 0.0000 0.0000 0.0000
162      162   (0)      4  : 0.0000 0.0000 0.0000 0.0000 0.0000 0.0000 0.0000 0.0000 0.0000 0.5000 0.0000 0.0000 0.0000 0.0000 0.0000 0.0000 0.0000 0.5000
163      163   (0)      4  : 0.0000 0.0000 1.0000 0.0000 0.0000 0.0000 0.0000 0.0000 0.0000 0.0000 0.0000 0.0000 0.0000 0.0000 0.0000 0.0000 0.0000 0.0000
164      164   (0)      4  : 0.6200 0.0000 0.0000 0.3800 0.0000 0.0000 0.0000 0.0000 0.0000 0.0000 0.0000 0.0000 0.0000 0.0000 0.0000 0.0000 0.0000 0.0000
165      165   (0)      4  : 0.0000 0.0000 1.0000 0.0000 0.0000 0.0000 0.0000 0.0000 0.0000 0.0000 0.0000 0.0000 0.0000 0.0000 0.0000 0.0000 0.0000 0.0000
166      166   (0)      4  : 0.0000 0.0000 1.0000 0.0000 0.0000 0.0000 0.0000 0.0000 0.0000 0.0000 0.0000 0.0000 0.0000 0.0000 0.0000 0.0000 0.0000 0.0000
167      167   (0)      4  : 0.0000 0.5000 0.0000 0.0000 0.0000 0.0000 0.5000 0.0000 0.0000 0.0000 0.0000 0.0000 0.0000 0.0000 0.0000 0.0000 0.0000 0.0000
168      168   (0)      4  : 0.0000 0.5732 0.0000 0.0000 0.0000 0.0000 0.0775 0.0000 0.0000 0.2145 0.0000 0.0000 0.0000 0.0000 0.1349 0.0000 0.0000 0.0000
169      169   (0)      4  : 0.0065 0.3529 0.0000 0.0000 0.0000 0.0000 0.0000 0.0000 0.0000 0.1075 0.0000 0.0000 0.0000 0.0000 0.3158 0.0000 0.0000 0.2173
170      170   (0)      4  : 0.0000 0.1966 0.0000 0.0000 0.0000 0.0000 0.3085 0.0000 0.0000 0.2007 0.0000 0.0000 0.0000 0.0000 0.2931 0.0000 0.0011 0.0000
171      171   (0)      4  : 0.0070 0.1374 0.0000 0.0000 0.0000 0.0000 0.1294 0.0000 0.0000 0.7240 0.0000 0.0000 0.0000 0.0000 0.0021 0.0000 0.0000 0.0000
172      172   (0)      4  : 0.0000 0.2929 0.0000 0.0000 0.0000 0.0000 0.0000 0.0000 0.0000 0.2071 0.0000 0.0000 0.0000 0.0000 0.0000 0.0000 0.0000 0.5000
173      173   (0)      4  : 0.0000 0.0000 0.0000 0.0000 0.0000 0.0000 0.1964 0.0000 0.0000 0.8036 0.0000 0.0000 0.0000 0.0000 0.0000 0.0000 0.0000 0.0000
174      174   (0)      4  : 0.0415 0.0000 0.0000 0.9220 0.0000 0.0000 0.0000 0.0000 0.0000 0.0000 0.0000 0.0000 0.0000 0.0000 0.0085 0.0000 0.0000 0.0280
175      175   (0)      4  : 0.0000 0.4578 0.0000 0.0000 0.0000 0.0000 0.0000 0.0000 0.0000 0.1751 0.0000 0.0000 0.0000 0.0000 0.3670 0.0000 0.0000 0.0000
176      176   (0)      4  : 0.0000 0.0000 1.0000 0.0000 0.0000 0.0000 0.0000 0.0000 0.0000 0.0000 0.0000 0.0000 0.0000 0.0000 0.0000 0.0000 0.0000 0.0000
177      177   (0)      4  : 0.0034 0.1920 0.0000 0.0016 0.0000 0.0000 0.1011 0.0000 0.0000 0.6116 0.0000 0.0000 0.0000 0.0000 0.0000 0.0000 0.0000 0.0904
178      178   (0)      4  : 0.0000 0.0000 1.0000 0.0000 0.0000 0.0000 0.0000 0.0000 0.0000 0.0000 0.0000 0.0000 0.0000 0.0000 0.0000 0.0000 0.0000 0.0000
179      179   (0)      4  : 0.0000 0.0000 1.0000 0.0000 0.0000 0.0000 0.0000 0.0000 0.0000 0.0000 0.0000 0.0000 0.0000 0.0000 0.0000 0.0000 0.0000 0.0000
180      180   (0)      4  : 0.0000 0.0000 0.0000 0.0000 0.0000 0.0000 0.0000 0.0000 0.0000 0.2146 0.0000 0.0000 0.0000 0.0000 0.5000 0.0000 0.0000 0.2854
181      181   (0)      4  : 0.0000 0.0000 0.0000 0.0000 0.0000 0.0000 0.1895 0.0000 0.0000 0.3105 0.0000 0.0000 0.0000 0.0000 0.5000 0.0000 0.0000 0.0000
182      182   (0)      4  : 0.0000 0.0608 0.0000 0.0000 0.0000 0.0000 0.2296 0.0000 0.0000 0.4417 0.0000 0.0000 0.0000 0.0000 0.2671 0.0000 0.0000 0.0008
183      183   (0)      4  : 0.3751 0.0000 0.0000 0.6249 0.0000 0.0000 0.0000 0.0000 0.0000 0.0000 0.0000 0.0000 0.0000 0.0000 0.0000 0.0000 0.0000 0.0000
184      184   (0)      4  : 0.3555 0.0000 0.0000 0.6217 0.0000 0.0000 0.0029 0.0000 0.0000 0.0000 0.0000 0.0000 0.0000 0.0000 0.0148 0.0000 0.0051 0.0000
185      185   (0)      4  : 0.0000 0.0000 1.0000 0.0000 0.0000 0.0000 0.0000 0.0000 0.0000 0.0000 0.0000 0.0000 0.0000 0.0000 0.0000 0.0000 0.0000 0.0000
186      186   (0)      4  : 0.0000 0.0000 0.0000 0.0000 0.0000 0.0000 0.0000 0.0000 0.0000 0.0000 0.0000 0.0000 0.0000 0.0000 0.8708 0.0000 0.0000 0.1292
187      187   (0)      4  : 0.0164 0.0000 0.0000 0.0000 0.0000 0.0000 0.5000 0.0000 0.0000 0.2299 0.0000 0.0000 0.0000 0.0000 0.2536 0.0000 0.0000 0.0000
188      188   (0)      4  : 0.0000 0.0000 1.0000 0.0000 0.0000 0.0000 0.0000 0.0000 0.0000 0.0000 0.0000 0.0000 0.0000 0.0000 0.0000 0.0000 0.0000 0.0000
189      189   (0)      4  : 0.0000 0.0983 0.0000 0.0000 0.0000 0.0000 0.0507 0.0000 0.0000 0.1152 0.0000 0.0000 0.0000 0.0000 0.7251 0.0000 0.0106 0.0000
190      190   (0)      4  : 0.4033 0.0000 0.0000 0.5967 0.0000 0.0000 0.0000 0.0000 0.0000 0.0000 0.0000 0.0000 0.0000 0.0000 0.0000 0.0000 0.0000 0.0000
191      191   (0)      4  : 0.0000 0.3306 0.1041 0.1386 0.0000 0.0000 0.0000 0.0000 0.0788 0.0000 0.0000 0.0000 0.0000 0.0000 0.0000 0.0000 0.0000 0.3479
192      192   (0)      4  : 0.0000 0.2712 0.0000 0.0000 0.0000 0.0000 0.1437 0.0000 0.0000 0.0000 0.0000 0.0000 0.0000 0.0000 0.5850 0.0000 0.0000 0.0000
193      193   (0)      4  : 0.0200 0.0000 0.0084 0.0000 0.0000 0.0000 0.0000 0.0000 0.0000 0.2245 0.0000 0.0000 0.0000 0.0000 0.2472 0.0000 0.0000 0.5000
194      194   (0)      4  : 0.0076 0.1475 0.0108 0.0000 0.0000 0.0000 0.0292 0.0000 0.0000 0.1505 0.0000 0.0000 0.0000 0.0000 0.4512 0.0000 0.0000 0.2033
195      195   (0)      4  : 0.0000 0.1421 0.0000 0.0000 0.0000 0.0000 0.2207 0.0000 0.0000 0.5050 0.0000 0.0000 0.0000 0.0000 0.1321 0.0000 0.0000 0.0000
196      196   (0)      4  : 0.0000 0.5000 0.0000 0.0000 0.0000 0.0000 0.1298 0.0000 0.0000 0.1517 0.0000 0.0000 0.0000 0.0000 0.0000 0.0000 0.0083 0.2101
197      197   (0)      4  : 0.0000 0.0000 0.0000 0.0000 0.0000 0.0000 0.0000 0.0000 0.0000 0.4982 0.0000 0.0000 0.0000 0.0000 0.5018 0.0000 0.0000 0.0000
198      198   (0)      4  : 0.0000 0.2051 0.0000 0.0000 0.0000 0.0000 0.1311 0.0000 0.0000 0.0000 0.0000 0.0000 0.0000 0.0000 0.4506 0.0000 0.0000 0.2132
199      199   (0)      4  : 0.0000 0.2896 0.0000 0.0000 0.0000 0.0000 0.5000 0.0000 0.0000 0.2104 0.0000 0.0000 0.0000 0.0000 0.0000 0.0000 0.0000 0.0000
200      200   (0)      4  : 0.0000 0.0000 0.0000 0.9552 0.0000 0.0000 0.0195 0.0000 0.0000 0.0000 0.0000 0.0000 0.0000 0.0000 0.0252 0.0000 0.0000 0.0000
201      201   (0)      4  : 0.0000 0.7623 0.0000 0.0000 0.0000 0.0000 0.0000 0.0000 0.0023 0.2355 0.0000 0.0000 0.0000 0.0000 0.0000 0.0000 0.0000 0.0000
202      202   (0)      4  : 0.0000 0.1715 0.0000 0.0000 0.0000 0.0000 0.1545 0.0000 0.0000 0.6739 0.0000 0.0000 0.0000 0.0000 0.0000 0.0000 0.0000 0.0000
203      203   (0)      4  : 0.0011 0.0000 0.0000 0.0000 0.0000 0.0000 0.0000 0.0000 0.0000 0.9989 0.0000 0.0000 0.0000 0.0000 0.0000 0.0000 0.0000 0.0000
204      204   (0)      4  : 0.0000 0.0000 0.0000 0.0000 0.0000 0.0000 0.0000 0.0000 0.0000 0.8671 0.0000 0.0000 0.0000 0.0000 0.1329 0.0000 0.0000 0.0000
205      205   (0)      4  : 0.0000 0.2130 0.0000 0.0126 0.0000 0.0000 0.5000 0.0000 0.0000 0.2745 0.0000 0.0000 0.0000 0.0000 0.0000 0.0000 0.0000 0.0000
206      206   (0)      4  : 0.0000 0.0779 0.0000 0.0000 0.0000 0.0000 0.2075 0.0000 0.0000 0.0000 0.0000 0.0000 0.0000 0.0000 0.5741 0.0000 0.0000 0.1405
207      207   (0)      4  : 0.0000 0.6299 0.0000 0.0000 0.0000 0.0000 0.0945 0.0000 0.0000 0.0000 0.0000 0.0000 0.0000 0.0000 0.2756 0.0000 0.0000 0.0000
208      208   (0)      4  : 0.0583 0.0000 0.0000 0.8666 0.0000 0.0000 0.0000 0.0000 0.0000 0.0361 0.0000 0.0000 0.0000 0.0000 0.0391 0.0000 0.0000 0.0000
209      209   (0)      4  : 0.0000 0.1356 0.0000 0.0000 0.0000 0.0000 0.0000 0.0000 0.0000 0.0000 0.0000 0.0000 0.0000 0.0000 0.3644 0.0000 0.0000 0.5000
210      210   (0)      4  : 0.0000 0.1020 0.0000 0.0000 0.0000 0.0000 0.4255 0.0000 0.0000 0.2056 0.0000 0.0000 0.0000 0.0000 0.1827 0.0000 0.0000 0.0841
211      211   (0)      4  : 0.0032 0.0000 0.0000 0.0003 0.0000 0.0000 0.3031 0.0000 0.0000 0.3399 0.0000 0.0000 0.0000 0.0000 0.3536 0.0000 0.0000 0.0000
212      212   (0)      4  : 0.4788 0.0239 0.0000 0.4874 0.0000 0.0000 0.0000 0.0000 0.0000 0.0099 0.0000 0.0000 0.0000 0.0000 0.0000 0.0000 0.0000 0.0000
213      213   (0)      4  : 0.0000 0.1447 0.0000 0.0000 0.0000 0.0000 0.1359 0.0000 0.0000 0.0014 0.0000 0.0000 0.0000 0.0000 0.7180 0.0000 0.0000 0.0000
214      214   (0)      4  : 0.0000 0.4965 0.0056 0.0000 0.0000 0.0000 0.2892 0.0000 0.0000 0.2087 0.0000 0.0000 0.0000 0.0000 0.0000 0.0000 0.0000 0.0000
215      215   (0)      4  : 0.0000 0.1702 0.0000 0.4918 0.0000 0.0000 0.2674 0.0000 0.0000 0.0000 0.0000 0.0000 0.0000 0.0000 0.0706 0.0000 0.0000 0.0000
216      216   (0)      4  : 0.0000 0.0000 0.0000 0.0000 0.0000 0.0000 0.2181 0.0000 0.0000 0.2769 0.0000 0.0000 0.0000 0.0000 0.5050 0.0000 0.0000 0.0000
217      217   (0)      4  : 0.0000 0.0000 1.0000 0.0000 0.0000 0.0000 0.0000 0.0000 0.0000 0.0000 0.0000 0.0000 0.0000 0.0000 0.0000 0.0000 0.0000 0.0000
218      218   (0)      4  : 0.0000 0.5000 0.0000 0.0000 0.0000 0.0000 0.5000 0.0000 0.0000 0.0000 0.0000 0.0000 0.0000 0.0000 0.0000 0.0000 0.0000 0.0000
219      219   (0)      4  : 0.0103 0.4190 0.0000 0.0035 0.0000 0.0000 0.1634 0.0000 0.0000 0.0000 0.0000 0.0000 0.0000 0.0000 0.4038 0.0000 0.0000 0.0000
220      220   (0)      5  : 0.0000 0.0000 0.0000 0.0000 0.0000 0.0000 0.0000 0.0277 0.0000 0.0000 0.1940 0.0763 0.3959 0.2134 0.0000 0.0926 0.0000 0.0000
221      221   (0)      5  : 0.0000 0.0000 0.0000 0.0000 0.0000 0.1183 0.0000 0.0000 0.0000 0.0000 0.0000 0.5611 0.0000 0.0000 0.0000 0.0254 0.0000 0.2952
222      222   (0)      6  : 0.0000 0.0000 0.0000 0.0000 0.0000 0.0000 0.0000 0.0000 0.0000 0.0000 0.0000 0.7995 0.0000 0.2005 0.0000 0.0000 0.0000 0.0000
223      223   (0)      6  : 0.0000 0.0000 0.0000 0.0000 0.0000 0.1280 0.0000 0.0996 0.0000 0.0000 0.0000 0.1848 0.0000 0.2725 0.0000 0.3152 0.0000 0.0000
224      224   (0)      6  : 0.0000 0.0000 0.0000 0.0000 0.0000 0.1508 0.0000 0.2586 0.0000 0.0000 0.1226 0.0000 0.0135 0.1142 0.0000 0.1703 0.0000 0.1700
225      225   (0)      6  : 0.0000 0.0000 0.0000 0.0000 0.0000 0.0000 0.0000 0.0000 0.0000 0.0000 0.0000 0.0000 0.5000 0.5000 0.0000 0.0000 0.0000 0.0000
226      226   (0)      6  : 0.0000 0.0000 0.0000 0.0000 0.0000 0.1100 0.0000 0.0159 0.0067 0.0000 0.3971 0.0841 0.1082 0.0000 0.0000 0.1371 0.0000 0.1408
227      227   (0)      6  : 0.0000 0.0000 0.0000 0.0000 0.0000 0.1505 0.0000 0.3066 0.0000 0.0000 0.1650 0.0977 0.1768 0.0709 0.0000 0.0326 0.0000 0.0000
228      228   (0)      6  : 0.0000 0.0000 0.0000 0.0000 0.0000 0.0000 0.0000 0.0000 0.0000 0.0000 1.0000 0.0000 0.0000 0.0000 0.0000 0.0000 0.0000 0.0000
229      229   (0)      6  : 0.0000 0.0000 0.0000 0.0000 0.0000 0.0000 0.0000 0.1241 0.0000 0.0000 0.1994 0.0055 0.5516 0.0000 0.0000 0.1193 0.0000 0.0000
230      230   (0)      6  : 0.0000 0.0000 0.0000 0.0000 0.0000 0.0735 0.0000 0.6664 0.0000 0.0000 0.0000 0.0000 0.2601 0.0000 0.0000 0.0000 0.0000 0.0000
231      231   (0)      6  : 0.0000 0.0000 0.0000 0.0000 0.0398 0.0000 0.0000 0.1427 0.0000 0.0000 0.2020 0.0000 0.0959 0.0982 0.0000 0.4213 0.0000 0.0000
232      232   (0)      6  : 0.0000 0.0000 0.0000 0.0000 0.0037 0.0631 0.0000 0.2980 0.0000 0.0000 0.0727 0.1787 0.1644 0.0000 0.0000 0.1352 0.0000 0.0843
233      233   (0)      6  : 0.0000 0.0000 0.0000 0.0000 0.0000 0.2087 0.0000 0.0000 0.0000 0.0000 0.0161 0.0000 0.2752 0.1159 0.0000 0.3841 0.0000 0.0000
234      234   (0)      6  : 0.0000 0.0000 0.0000 0.0000 0.0000 0.0460 0.0000 0.1706 0.0000 0.0000 0.0020 0.2005 0.0808 0.0000 0.0000 0.0000 0.0000 0.5000
235      235   (0)      6  : 0.0000 0.0000 0.0002 0.0000 0.0037 0.1480 0.0000 0.0851 0.0004 0.0000 0.0000 0.1636 0.0000 0.2338 0.0000 0.1223 0.0000 0.2429
236      236   (0)      6  : 0.0000 0.0000 0.0000 0.0000 0.0000 0.1101 0.0000 0.0000 0.0000 0.0000 0.0000 0.1265 0.4313 0.0002 0.0000 0.1340 0.0000 0.1979
237      237   (0)      6  : 0.0000 0.0000 0.0000 0.0000 0.0000 0.3986 0.0000 0.0000 0.0000 0.0000 0.2422 0.0016 0.0000 0.2995 0.0000 0.0581 0.0000 0.0000
238      238   (0)      6  : 0.0000 0.0000 0.0000 0.0000 0.0000 0.0000 0.0000 0.0837 0.0000 0.0000 0.2805 0.0000 0.0000 0.6357 0.0000 0.0000 0.0000 0.0000
239      239   (0)      6  : 0.0000 0.0000 0.0000 0.0000 0.0000 0.1217 0.0000 0.0060 0.0000 0.0000 0.0000 0.1079 0.2534 0.5110 0.0000 0.0000 0.0000 0.0000
240      240   (0)      6  : 0.0000 0.0000 0.0000 0.0000 0.0000 0.4293 0.0000 0.0000 0.0000 0.0000 0.3419 0.0000 0.0000 0.0808 0.0000 0.0439 0.0000 0.1041
241      241   (0)      6  : 0.0000 0.0000 0.0000 0.0000 0.0000 0.1484 0.0000 0.8514 0.0000 0.0000 0.0001 0.0000 0.0000 0.0000 0.0000 0.0000 0.0000 0.0000
242      242   (0)      6  : 0.0000 0.0000 0.0000 0.0000 0.0000 0.0874 0.0000 0.0000 0.0000 0.0000 0.0000 0.0010 0.1496 0.4234 0.0000 0.1445 0.0000 0.1941
243      243   (0)      6  : 0.0000 0.0000 0.0000 0.0000 0.0433 0.0000 0.0000 0.1318 0.0037 0.0000 0.2347 0.0000 0.4927 0.0015 0.0000 0.0924 0.0000 0.0000
244      244   (0)      6  : 0.0000 0.0000 0.0000 0.0000 0.0000 0.0000 0.0000 0.0000 0.0000 0.0000 0.0000 0.0548 0.0000 0.7211 0.0000 0.2240 0.0000 0.0000
245      245   (0)      6  : 0.0000 0.0000 0.0000 0.0000 0.0000 0.0015 0.0000 0.5056 0.0000 0.0000 0.3051 0.0001 0.0000 0.0905 0.0000 0.0000 0.0000 0.0973
246      246   (0)      6  : 0.0000 0.0000 0.0000 0.0000 0.0000 0.5208 0.0000 0.1456 0.0000 0.0000 0.0000 0.1401 0.0000 0.1935 0.0000 0.0000 0.0000 0.0000
247      247   (0)      6  : 0.0000 0.0000 0.0000 0.0000 0.0000 0.1668 0.0000 0.0002 0.0000 0.0000 0.2840 0.3774 0.0001 0.0000 0.0000 0.1715 0.0000 0.0000
248      248   (0)      6  : 0.0000 0.0000 0.0000 0.0000 0.0000 0.3158 0.0000 0.5617 0.0024 0.0000 0.1200 0.0000 0.0000 0.0000 0.0000 0.0000 0.0000 0.0000
249      249   (0)      7  : 0.0000 0.0000 0.0000 0.0000 0.0000 0.0000 0.0000 1.0000 0.0000 0.0000 0.0000 0.0000 0.0000 0.0000 0.0000 0.0000 0.0000 0.0000
250      250   (0)      7  : 0.0000 0.0000 0.0000 0.0000 0.0000 0.0000 0.0000 0.0000 0.0000 0.0000 0.0000 0.0000 0.5000 0.0000 0.0000 0.0000 0.0000 0.5000
251      251   (0)      7  : 0.0000 0.0000 0.0000 0.0000 0.0000 0.0000 0.0000 0.1877 0.0000 0.0000 0.0000 0.1505 0.1897 0.3686 0.0000 0.1035 0.0000 0.0000
252      252   (0)      7  : 0.0000 0.0000 0.0000 0.0000 0.0000 0.0608 0.0000 0.1071 0.0000 0.0000 0.3760 0.0906 0.1119 0.0915 0.0000 0.1620 0.0000 0.0000
253      253   (0)      7  : 0.0000 0.0000 0.0000 0.0000 0.0000 0.2254 0.0000 0.0000 0.0000 0.0000 0.0000 0.2170 0.1647 0.2421 0.0000 0.0000 0.0000 0.1509
254      254   (0)      7  : 0.0000 0.0000 0.0000 0.0000 0.0000 0.0010 0.0000 0.4123 0.0000 0.0000 0.0000 0.5147 0.0000 0.0000 0.0000 0.0721 0.0000 0.0000
255      255   (0)      7  : 0.0000 0.0000 0.0000 0.0000 0.0000 0.5000 0.0000 0.0000 0.0000 0.0000 0.5000 0.0000 0.0000 0.0000 0.0000 0.0000 0.0000 0.0000
256      256   (0)      7  : 0.0000 0.0000 0.0000 0.0000 0.0000 0.2497 0.0000 0.0599 0.0000 0.0000 0.3041 0.0000 0.1280 0.1342 0.0000 0.1241 0.0000 0.0000
257      257   (0)      7  : 0.0000 0.0000 0.0000 0.0000 0.0000 0.0000 0.0000 0.0000 0.0000 0.0000 0.2285 0.0000 0.0000 0.0000 0.0000 0.7715 0.0000 0.0000
258      258   (0)      7  : 0.0000 0.0000 0.0000 0.0000 0.0000 0.0000 0.0000 0.0000 0.0000 0.0000 0.0000 0.0001 0.3464 0.3349 0.0000 0.3185 0.0000 0.0000
259      259   (0)      7  : 0.0000 0.0000 0.0000 0.0000 0.0000 0.0000 0.0000 0.1987 0.0000 0.0000 0.0000 0.0000 0.3013 0.0000 0.0000 0.0000 0.0000 0.5000
260      260   (0)      7  : 0.0000 0.0000 0.0000 0.0000 0.0000 0.0083 0.0000 0.1686 0.0000 0.0000 0.3873 0.0829 0.0000 0.0000 0.0000 0.3528 0.0000 0.0001
261      261   (0)      7  : 0.0000 0.0000 0.0000 0.0000 0.0000 0.8172 0.0000 0.0000 0.0000 0.0000 0.0000 0.0000 0.0000 0.1828 0.0000 0.0000 0.0000 0.0000
262      262   (0)      7  : 0.0000 0.0000 0.0000 0.0000 0.0000 0.1459 0.0000 0.0423 0.0000 0.0000 0.0716 0.0276 0.2387 0.3520 0.0000 0.1219 0.0000 0.0000
263      263   (0)      7  : 0.0000 0.0000 0.0000 0.0000 0.0000 0.5024 0.0000 0.2097 0.0000 0.0000 0.2877 0.0002 0.0000 0.0000 0.0000 0.0000 0.0000 0.0000
264      264   (0)      7  : 0.0000 0.0000 0.0000 0.0000 0.0000 0.6792 0.0000 0.1798 0.0000 0.0000 0.1410 0.0000 0.0000 0.0000 0.0000 0.0000 0.0000 0.0000
265      265   (0)      7  : 0.0000 0.0000 0.0000 0.0000 0.0000 0.2553 0.0000 0.0000 0.0000 0.0000 0.0000 0.5861 0.1029 0.0557 0.0000 0.0000 0.0000 0.0000
266      266   (0)      7  : 0.0000 0.0000 0.0000 0.0000 0.0003 0.3803 0.0000 0.0000 0.0055 0.0000 0.0010 0.1014 0.0000 0.1095 0.0000 0.0000 0.0000 0.4020
267      267   (0)      7  : 0.0000 0.0000 0.0000 0.0000 0.0000 0.0000 0.0000 0.0000 0.0000 0.0000 0.0000 1.0000 0.0000 0.0000 0.0000 0.0000 0.0000 0.0000
268      268   (0)      7  : 0.0000 0.0000 0.0000 0.0000 0.0000 0.1630 0.0000 0.3854 0.0000 0.0000 0.0000 0.0000 0.1441 0.1648 0.0000 0.1428 0.0000 0.0000
269      269   (0)      7  : 0.0000 0.0000 0.0000 0.0000 0.0000 0.0000 0.0000 0.0000 0.0000 0.0000 0.0000 0.7219 0.0000 0.2781 0.0000 0.0000 0.0000 0.0000
270      270   (0)      7  : 0.0000 0.0000 0.0000 0.0000 0.0000 1.0000 0.0000 0.0000 0.0000 0.0000 0.0000 0.0000 0.0000 0.0000 0.0000 0.0000 0.0000 0.0000
271      271   (0)      7  : 0.0000 0.0000 0.0000 0.0000 0.0000 0.0002 0.0000 0.0000 0.0000 0.0000 0.0000 0.1255 0.8744 0.0000 0.0000 0.0000 0.0000 0.0000
272      272   (0)      7  : 0.0000 0.0000 0.0000 0.0000 0.0000 0.6751 0.0000 0.0000 0.0000 0.0000 0.0000 0.3248 0.0000 0.0000 0.0000 0.0000 0.0000 0.0000
273      273   (0)      7  : 0.0000 0.0000 0.0000 0.0000 0.0000 0.0697 0.0000 0.0403 0.0000 0.0000 0.2960 0.1344 0.0000 0.0000 0.0000 0.4596 0.0000 0.0000
274      274   (0)      7  : 0.0000 0.0000 0.0000 0.0000 0.0000 0.0000 0.0000 0.2158 0.0000 0.0000 0.3593 0.0000 0.0000 0.1407 0.0000 0.0000 0.0000 0.2842
275      275   (0)      7  : 0.0000 0.0000 0.0000 0.0000 0.0000 0.0000 0.0000 0.5695 0.0000 0.0000 0.0000 0.1596 0.2708 0.0000 0.0000 0.0000 0.0000 0.0000
276      276   (0)      7  : 0.0000 0.0000 0.0000 0.0000 0.0000 0.5071 0.0000 0.0000 0.0000 0.0000 0.1277 0.2947 0.0000 0.0000 0.0000 0.0705 0.0000 0.0000
277      277   (0)      7  : 0.0000 0.0000 0.0000 0.0000 0.0000 0.4772 0.0000 0.1365 0.0024 0.0000 0.0440 0.0000 0.1685 0.0000 0.0000 0.1714 0.0000 0.0000
278      278   (0)      7  : 0.0000 0.0000 0.0000 0.0000 0.0000 0.2836 0.0000 0.7164 0.0000 0.0000 0.0000 0.0000 0.0000 0.0000 0.0000 0.0000 0.0000 0.0000
279      279   (0)      8  : 0.0000 0.0000 0.0000 0.0000 0.0000 0.0000 0.0000 0.0000 0.0000 0.0000 0.0000 0.5000 0.0000 0.5000 0.0000 0.0000 0.0000 0.0000
280      280   (0)      8  : 0.0000 0.0000 0.0000 0.0000 0.0000 0.5000 0.0000 0.0000 0.0000 0.0000 0.0000 0.0000 0.0000 0.0000 0.0000 0.5000 0.0000 0.0000
281      281   (0)      8  : 0.0000 0.0000 0.0000 0.0000 0.0000 0.0000 0.0000 0.0000 0.0000 0.0000 0.0000 1.0000 0.0000 0.0000 0.0000 0.0000 0.0000 0.0000
282      282   (0)      8  : 0.0000 0.0000 0.0000 0.0000 0.0000 0.0000 0.0000 0.0000 0.0000 0.0000 0.3780 0.0000 0.3188 0.0000 0.0000 0.3032 0.0000 0.0000
283      283   (0)      8  : 0.0000 0.0000 0.0021 0.0000 0.0023 0.1151 0.0000 0.1451 0.0079 0.0000 0.2863 0.0000 0.0655 0.0075 0.0000 0.3682 0.0000 0.0000
284      284   (0)      8  : 0.0000 0.0000 0.0000 0.0000 0.0000 0.5000 0.0000 0.0000 0.0000 0.0000 0.0000 0.0000 0.0000 0.0000 0.0000 0.0000 0.0000 0.5000
285      285   (0)      8  : 0.0000 0.0000 0.0000 0.0000 0.0000 0.1239 0.0000 0.7840 0.0000 0.0000 0.0000 0.0000 0.0000 0.0921 0.0000 0.0000 0.0000 0.0000
286      286   (0)      8  : 0.0000 0.0000 0.0000 0.0000 0.0000 0.7034 0.0000 0.0000 0.0000 0.0000 0.0000 0.0000 0.0000 0.0000 0.0000 0.2966 0.0000 0.0000
287      287   (0)      8  : 0.0000 0.0000 0.0000 0.0000 0.0000 0.5448 0.0000 0.0000 0.0000 0.0000 0.3053 0.0000 0.0000 0.0000 0.0000 0.1499 0.0000 0.0000
288      288   (0)      8  : 0.0000 0.0000 0.0000 0.0000 0.0000 0.0000 0.0000 0.0000 0.0000 0.0000 0.0000 0.5000 0.0000 0.5000 0.0000 0.0000 0.0000 0.0000
289      289   (0)      8  : 0.0000 0.0000 0.0031 0.0000 0.0000 0.0000 0.0000 0.1916 0.0000 0.0000 0.5927 0.0000 0.0000 0.0527 0.0000 0.1599 0.0000 0.0000
290      290   (0)      5  : 0.0000 0.0000 0.0000 0.0000 0.0000 0.1324 0.0000 0.0000 0.0000 0.0000 0.5624 0.2691 0.0000 0.0000 0.0000 0.0360 0.0000 0.0000
291      291   (0)      5  : 0.0000 0.0000 0.0000 0.0000 0.0000 0.2003 0.0000 0.0000 0.0000 0.0000 0.0000 0.0000 0.0000 0.0000 0.0000 0.7997 0.0000 0.0000
292      292   (0)      5  : 0.0000 0.0000 0.0000 0.0000 0.0000 0.0000 0.0000 0.0000 0.0000 0.0000 0.0000 1.0000 0.0000 0.0000 0.0000 0.0000 0.0000 0.0000
293      293   (0)      5  : 0.0000 0.0000 0.0000 0.0000 0.0000 0.0006 0.0000 0.2930 0.0033 0.0000 0.0391 0.2101 0.0963 0.2143 0.0000 0.1433 0.0000 0.0000
294      294   (0)      5  : 0.0000 0.0000 0.0000 0.0000 0.0000 0.5153 0.0000 0.0782 0.0000 0.0000 0.0450 0.1759 0.0000 0.0000 0.0000 0.1857 0.0000 0.0000
295      295   (0)      5  : 0.0000 0.0000 0.0000 0.0000 0.0000 0.0000 0.0000 0.0000 0.0000 0.0000 0.3189 0.5000 0.0000 0.1811 0.0000 0.0000 0.0000 0.0000
296      296   (0)      5  : 0.0000 0.0000 0.0010 0.0000 0.0198 0.0000 0.0000 0.0377 0.0000 0.0000 0.0042 0.1829 0.0901 0.1028 0.0000 0.5615 0.0000 0.0000
297      297   (0)      5  : 0.0000 0.0000 0.0000 0.0000 0.0052 0.0227 0.0000 0.0000 0.0000 0.0000 0.3584 0.0000 0.5769 0.0121 0.0000 0.0246 0.0000 0.0000
298      298   (0)      5  : 0.0000 0.0000 0.0000 0.0000 0.0000 0.6519 0.0000 0.0000 0.0000 0.0000 0.0000 0.1514 0.0000 0.0000 0.0000 0.1967 0.0000 0.0000
299      299   (0)      5  : 0.0000 0.0000 0.0000 0.0000 0.0000 0.3827 0.0000 0.0000 0.0000 0.0000 0.1119 0.0000 0.2390 0.0826 0.0000 0.1838 0.0000 0.0000
300      300   (0)      5  : 0.0000 0.0000 0.0000 0.0000 0.0000 0.0224 0.0000 0.0552 0.0000 0.0000 0.0557 0.4243 0.0076 0.3063 0.0000 0.1285 0.0000 0.0000
301      301   (0)      5  : 0.0000 0.0000 0.0000 0.0000 0.0000 0.0000 0.0000 0.0000 0.0000 0.0000 0.0000 0.0000 0.7530 0.0000 0.0000 0.2470 0.0000 0.0000
302      302   (0)      5  : 0.0000 0.0000 0.0000 0.0000 0.0000 0.2126 0.0000 0.0000 0.0000 0.0000 0.0140 0.0908 0.0000 0.1448 0.0000 0.2989 0.0000 0.2389
303      303   (0)      5  : 0.0000 0.0000 0.0000 0.0000 0.0000 0.3177 0.0000 0.0000 0.0000 0.0000 0.0071 0.0826 0.3610 0.0602 0.0000 0.0000 0.0000 0.1715
304      304   (0)      5  : 0.0000 0.0000 0.0000 0.0000 0.0000 0.0000 0.0000 0.6586 0.0000 0.0000 0.1610 0.1021 0.0000 0.0782 0.0000 0.0000 0.0000 0.0000
305      305   (0)      5  : 0.0000 0.0000 0.0000 0.0000 0.0000 0.1783 0.0000 0.0961 0.0000 0.0000 0.0896 0.1051 0.0000 0.0000 0.0000 0.5310 0.0000 0.0000
306      306   (0)      5  : 0.0000 0.0000 0.0000 0.0000 0.0000 0.0000 0.0000 0.0000 0.0000 0.0000 0.5000 0.0000 0.0000 0.0000 0.0000 0.5000 0.0000 0.0000
307      307   (0)      5  : 0.0000 0.0000 0.0000 0.0000 0.0394 0.0000 0.0000 0.0697 0.0000 0.0000 0.0029 0.1735 0.2427 0.1463 0.0000 0.3254 0.0000 0.0000
308      308   (0)      5  : 0.0000 0.0000 0.0000 0.0000 0.0000 0.0000 0.0000 0.0000 0.0000 0.0000 0.0000 0.0000 0.0000 1.0000 0.0000 0.0000 0.0000 0.0000
309      309   (0)      5  : 0.0000 0.0000 0.0000 0.0000 0.0000 0.3615 0.0000 0.0000 0.0000 0.0000 0.0000 0.0000 0.1793 0.2547 0.0000 0.2045 0.0000 0.0000
310      310   (0)      5  : 0.0000 0.0000 0.0000 0.0000 0.0000 0.0000 0.0000 0.0000 0.0000 0.0000 0.0000 0.0000 1.0000 0.0000 0.0000 0.0000 0.0000 0.0000
311      311   (0)      5  : 0.0000 0.0000 0.0000 0.0000 0.0000 0.0000 0.0000 0.0000 0.0000 0.0000 0.1656 0.6872 0.0000 0.0003 0.0000 0.1468 0.0000 0.0000
312      312   (0)      5  : 0.0000 0.0000 0.0000 0.0000 0.0000 0.2415 0.0000 0.0000 0.0000 0.0000 0.0000 0.0000 0.0000 0.7585 0.0000 0.0000 0.0000 0.0000
313      313   (0)      5  : 0.0000 0.0000 0.0000 0.0000 0.0000 0.0000 0.0000 0.1248 0.0000 0.0000 0.5254 0.2432 0.0000 0.0291 0.0000 0.0776 0.0000 0.0000
314      314   (0)      5  : 0.0000 0.0000 0.0000 0.0000 0.0000 0.2395 0.0000 0.1599 0.0000 0.0000 0.0606 0.0000 0.1522 0.1083 0.0000 0.2794 0.0000 0.0000
315      315   (0)      5  : 0.0000 0.0000 0.0000 0.0000 0.0000 0.7219 0.0000 0.0000 0.0043 0.0000 0.0000 0.0742 0.0000 0.0000 0.0000 0.1995 0.0000 0.0000
316      316   (0)      5  : 0.0000 0.0000 0.0000 0.0000 0.0000 0.2166 0.0000 0.0000 0.0000 0.0000 0.0000 0.0000 0.0000 0.2821 0.0000 0.5000 0.0000 0.0012
317      317   (0)      5  : 0.0000 0.0000 0.0000 0.0000 0.0000 0.0000 0.0000 0.0000 0.0000 0.0000 0.0000 0.3265 0.2958 0.1436 0.0000 0.0000 0.0000 0.2341
318      318   (0)      8  : 0.0000 0.0000 0.0000 0.0000 0.0000 0.2610 0.0000 0.0370 0.0000 0.0000 0.0000 0.2258 0.1543 0.3219 0.0000 0.0000 0.0000 0.0000
319      319   (0)      8  : 0.0000 0.0000 0.0000 0.0000 0.0000 0.0410 0.0000 0.0000 0.0000 0.0000 0.0637 0.0000 0.1093 0.1554 0.0000 0.5000 0.0000 0.1306
320      320   (0)      9  : 0.0000 0.0000 0.0000 0.0000 0.0000 0.1652 0.0000 0.0000 0.0000 0.0000 0.0000 0.0000 0.0000 0.2492 0.0000 0.0856 0.0000 0.5000
321      321   (0)      9  : 0.0000 0.0000 0.0000 0.0000 0.0000 0.0000 0.0000 0.0000 0.0000 0.0000 0.0000 0.4921 0.3713 0.1354 0.0000 0.0000 0.0000 0.0011
322      322   (0)      9  : 0.0000 0.0000 0.0000 0.0000 0.0000 0.3752 0.0000 0.3098 0.0000 0.0000 0.0000 0.0000 0.0071 0.1443 0.0000 0.1636 0.0000 0.0000
323      323   (0)      9  : 0.0000 0.0000 0.0000 0.0000 0.0000 0.0923 0.0000 0.1026 0.0000 0.0000 0.0000 0.2579 0.0000 0.5472 0.0000 0.0000 0.0000 0.0000
324      324   (0)      9  : 0.0000 0.0000 0.0000 0.0000 0.0000 0.3201 0.0000 0.0000 0.0000 0.0000 0.1164 0.0000 0.0852 0.0834 0.0000 0.3949 0.0000 0.0000
325      325   (0)      8  : 0.0000 0.0000 0.0000 0.0000 0.0000 0.0000 0.0000 0.7657 0.0000 0.0000 0.2343 0.0000 0.0000 0.0000 0.0000 0.0000 0.0000 0.0000
326      326   (0)      8  : 0.0000 0.0000 0.0000 0.0000 0.0000 0.2321 0.0000 0.0000 0.0000 0.0000 0.2107 0.1623 0.0185 0.0000 0.0000 0.0000 0.0000 0.3764
327      327   (0)      8  : 0.0000 0.0000 0.0000 0.0000 0.0000 0.0000 0.0000 0.0434 0.0000 0.0000 0.0000 0.0000 0.1430 0.8136 0.0000 0.0000 0.0000 0.0000
328      328   (0)      8  : 0.0000 0.0000 0.0000 0.0000 0.0000 0.6390 0.0000 0.0000 0.0000 0.0000 0.0000 0.0000 0.0000 0.2008 0.0000 0.1602 0.0000 0.0000
329      329   (0)      8  : 0.0000 0.0000 0.0000 0.0000 0.0000 0.0000 0.0000 0.7856 0.0000 0.0000 0.0000 0.0737 0.0000 0.0000 0.0000 0.1407 0.0000 0.0000
330      330   (0)      9  : 0.0000 0.0000 0.0000 0.0000 0.0000 0.1853 0.0000 0.3561 0.0000 0.0000 0.0000 0.0000 0.2116 0.0000 0.0000 0.2469 0.0000 0.0000
331      331   (0)      9  : 0.0000 0.0000 0.0000 0.0000 0.0000 0.3507 0.0000 0.1540 0.0000 0.0000 0.1413 0.0000 0.0000 0.1423 0.0000 0.0000 0.0000 0.2117
332      332   (0)      9  : 0.0000 0.0000 0.0000 0.0000 0.0000 0.5000 0.0000 0.0000 0.0000 0.0000 0.0000 0.0000 0.1222 0.1116 0.0000 0.1248 0.0000 0.1414
333      333   (0)      9  : 0.0000 0.0000 0.0000 0.0000 0.0000 0.0435 0.0000 0.2373 0.0000 0.0000 0.0000 0.3848 0.1913 0.0000 0.0000 0.1432 0.0000 0.0000
334      334   (0)      9  : 0.0000 0.0000 0.0000 0.0000 0.0000 0.1818 0.0000 0.1658 0.0000 0.0000 0.2104 0.1523 0.0000 0.2896 0.0000 0.0000 0.0000 0.0000
335      335   (0)      9  : 0.0000 0.0000 0.0000 0.0000 0.0000 0.0000 0.0000 0.0650 0.0000 0.0000 0.1898 0.4581 0.1125 0.0000 0.0000 0.1744 0.0000 0.0000
336      336   (0)      8  : 0.0000 0.0000 0.0000 0.0000 0.0000 0.2298 0.0000 0.0000 0.0000 0.0000 0.2704 0.0000 0.0000 0.0000 0.0000 0.1747 0.0000 0.3251
337      337   (0)      8  : 0.0000 0.0000 0.0000 0.0000 0.0000 0.1490 0.0000 0.0000 0.0117 0.0000 0.2732 0.0000 0.0808 0.3170 0.0000 0.1683 0.0000 0.0000
338      338   (0)      8  : 0.0000 0.0000 0.0000 0.0000 0.0000 0.2747 0.0000 0.0000 0.0000 0.0000 0.4697 0.0000 0.0000 0.0000 0.0000 0.2556 0.0000 0.0000
339      339   (0)      8  : 0.0000 0.0000 0.0000 0.0000 0.0000 0.0000 0.0000 0.0000 0.0000 0.0000 0.1489 0.1512 0.1320 0.4425 0.0000 0.1254 0.0000 0.0000
340      340   (0)      8  : 0.0000 0.0000 0.0000 0.0000 0.0000 0.4285 0.0000 0.0524 0.0000 0.0000 0.0000 0.1924 0.0000 0.0715 0.0000 0.2552 0.0000 0.0000
341      341   (0)      8  : 0.0000 0.0000 0.0000 0.0000 0.0342 0.2428 0.0000 0.0000 0.0026 0.0000 0.0851 0.0000 0.0000 0.0841 0.0000 0.3559 0.0000 0.1953
342      342   (0)      8  : 0.0000 0.0000 0.0000 0.0000 0.0000 0.2908 0.0000 0.0000 0.0000 0.0000 0.1467 0.0000 0.0956 0.3071 0.0000 0.1598 0.0000 0.0000
343      343   (0)      9  : 0.0000 0.0000 0.0000 0.0000 0.0000 0.0000 0.0000 0.2617 0.0000 0.0000 0.2383 0.0000 0.0000 0.0000 0.0000 0.5000 0.0000 0.0000
344      344   (0)      9  : 0.0000 0.0000 0.0000 0.0000 0.0000 0.0310 0.0000 0.5189 0.0000 0.0000 0.0000 0.0000 0.0000 0.0000 0.0000 0.4502 0.0000 0.0000
345      345   (0)      9  : 0.0000 0.0000 0.0000 0.0000 0.0000 0.0457 0.0000 0.0001 0.0000 0.0000 0.0000 0.1066 0.3671 0.0000 0.0000 0.2367 0.0000 0.2439
346      346   (0)      9  : 0.0000 0.0000 0.0000 0.0000 0.0110 0.1875 0.0000 0.3164 0.0000 0.0000 0.1775 0.0000 0.0172 0.0000 0.0000 0.2107 0.0000 0.0797
347      347   (0)      9  : 0.0000 0.0000 0.0000 0.0000 0.0000 0.0000 0.0000 1.0000 0.0000 0.0000 0.0000 0.0000 0.0000 0.0000 0.0000 0.0000 0.0000 0.0000
348      348   (0)      9  : 0.0000 0.0000 0.0000 0.0000 0.0000 0.2595 0.0000 0.0000 0.0037 0.0000 0.0000 0.0000 0.0000 0.0000 0.0000 0.4096 0.0000 0.3271
349      349   (0)      9  : 0.0000 0.0000 0.0000 0.0000 0.0000 0.0000 0.0000 0.0000 0.0108 0.0000 0.1375 0.1182 0.0000 0.5000 0.0000 0.0000 0.0000 0.2335
350      350   (0)      9  : 0.0000 0.0000 0.0000 0.0000 0.0000 0.0041 0.0000 0.0000 0.0000 0.0000 0.4146 0.0987 0.2457 0.0642 0.0000 0.0969 0.0000 0.0757
351      351   (0)      9  : 0.0000 0.0000 0.0000 0.0000 0.0087 0.0542 0.0000 0.3691 0.0000 0.0000 0.2135 0.1717 0.0004 0.0000 0.0000 0.1824 0.0000 0.0000
352      352   (0)      9  : 0.0000 0.0000 0.0000 0.0000 0.0000 0.0080 0.0000 0.1522 0.0017 0.0000 0.5655 0.0642 0.1690 0.0000 0.0000 0.0394 0.0000 0.0000
353      353   (0)      9  : 0.0000 0.0000 0.0000 0.0000 0.0092 0.0803 0.0000 0.0000 0.0000 0.0000 0.0473 0.1422 0.1415 0.5794 0.0000 0.0000 0.0000 0.0000
354      354   (0)      9  : 0.0000 0.0000 0.0000 0.0000 0.0000 0.0620 0.0000 0.3327 0.0000 0.0000 0.0000 0.0000 0.3531 0.1035 0.0000 0.1487 0.0000 0.0000
355      355   (0)      9  : 0.0000 0.0000 0.0000 0.0000 0.0000 0.6881 0.0000 0.0000 0.0000 0.0000 0.0000 0.0000 0.0000 0.0000 0.0000 0.3119 0.0000 0.0000
356      356   (0)      9  : 0.0000 0.0000 0.0000 0.0000 0.0000 0.1023 0.0000 0.3405 0.0000 0.0000 0.0002 0.0392 0.5179 0.0000 0.0000 0.0000 0.0000 0.0000
357      357   (0)      9  : 0.0000 0.0000 0.0000 0.0000 0.0000 0.0731 0.0000 0.2183 0.0000 0.0000 0.0000 0.2829 0.0922 0.1574 0.0000 0.1761 0.0000 0.0000
358      358   (0)      9  : 0.0000 0.0000 0.0000 0.0000 0.0000 0.0000 0.0000 0.0000 0.0000 0.0000 0.0000 0.0000 0.5000 0.2477 0.0000 0.2523 0.0000 0.0000
359      359   (0)      9  : 0.0000 0.0000 0.0000 0.0000 0.0002 0.0000 0.0000 0.0869 0.0000 0.0000 0.1562 0.0000 0.4148 0.2544 0.0000 0.0875 0.0000 0.0000
360      360   (0)      9  : 0.0000 0.0000 0.0000 0.0000 0.0000 0.1854 0.0000 0.0783 0.0000 0.0000 0.2622 0.0000 0.1053 0.1317 0.0000 0.2371 0.0000 0.0000
361      361   (0)      9  : 0.0000 0.0000 0.0000 0.0000 0.0000 0.0000 0.0000 0.0000 0.0000 0.0000 0.1132 0.0000 0.6907 0.1960 0.0000 0.0000 0.0000 0.0000
362      362   (0)     10  : 0.0000 0.0000 0.0000 0.0000 0.0000 0.3764 0.0000 0.0541 0.0000 0.0000 0.0000 0.0162 0.2611 0.1348 0.0000 0.1574 0.0000 0.0000
363      363   (0)     10  : 0.0000 0.0000 0.0000 0.0000 0.0000 0.2290 0.0000 0.3286 0.0000 0.0000 0.0000 0.0000 0.1599 0.0000 0.0000 0.0482 0.0000 0.2342
364      364   (0)     10  : 0.0000 0.0000 0.0000 0.0000 0.0000 0.4325 0.0000 0.0000 0.0000 0.0000 0.1515 0.0404 0.0792 0.0000 0.0000 0.1020 0.0000 0.1946
365      365   (0)     10  : 0.0000 0.0000 0.0000 0.0000 0.0000 0.4066 0.0000 0.2766 0.0000 0.0000 0.0000 0.0000 0.0000 0.3166 0.0000 0.0002 0.0000 0.0000
366      366   (0)     10  : 0.0000 0.0000 0.0000 0.0000 0.0000 0.0000 0.0000 0.8436 0.0000 0.0000 0.0000 0.0000 0.1564 0.0000 0.0000 0.0000 0.0000 0.0000
367      367   (0)     10  : 0.0000 0.0000 0.0000 0.0000 0.0055 0.2832 0.0000 0.3364 0.0000 0.0000 0.0000 0.0000 0.0000 0.0000 0.0000 0.3041 0.0000 0.0708
368      368   (0)     10  : 0.0000 0.0000 0.0000 0.0000 0.0000 0.0000 0.0000 0.5527 0.0000 0.0000 0.1622 0.1961 0.0889 0.0000 0.0000 0.0000 0.0000 0.0000
369      369   (0)     10  : 0.0000 0.0000 0.0000 0.0000 0.0000 0.1460 0.0000 0.0000 0.0000 0.0000 0.6473 0.0000 0.0000 0.2068 0.0000 0.0000 0.0000 0.0000
370      370   (0)     10  : 0.0000 0.0000 0.0000 0.0000 0.0081 0.0000 0.0000 0.0000 0.0000 0.0000 0.1436 0.4999 0.2559 0.0925 0.0000 0.0000 0.0000 0.0000
371      371   (0)     10  : 0.0000 0.0000 0.0000 0.0000 0.0000 0.0000 0.0000 1.0000 0.0000 0.0000 0.0000 0.0000 0.0000 0.0000 0.0000 0.0000 0.0000 0.0000
372      372   (0)     10  : 0.0000 0.0000 0.0000 0.0000 0.0000 0.0522 0.0000 0.1401 0.0000 0.0000 0.0860 0.0774 0.0860 0.0000 0.0000 0.3677 0.0000 0.1905
373      373   (0)     10  : 0.0000 0.0000 0.0000 0.0000 0.0000 0.2579 0.0000 0.0000 0.0000 0.0000 0.0000 0.1364 0.2412 0.3646 0.0000 0.0000 0.0000 0.0000
374      374   (0)     10  : 0.0000 0.0000 0.0000 0.0000 0.0000 0.1996 0.0000 0.5537 0.0000 0.0000 0.0481 0.0000 0.0000 0.0000 0.0000 0.1985 0.0000 0.0000
375      375   (0)     10  : 0.0000 0.0000 0.0000 0.0000 0.0000 0.2799 0.0000 0.3211 0.0000 0.0000 0.0962 0.0953 0.0003 0.0000 0.0000 0.2072 0.0000 0.0000
376      376   (0)     10  : 0.0000 0.0000 0.0000 0.0000 0.0000 0.1083 0.0000 0.0000 0.0053 0.0000 0.0000 0.1592 0.0000 0.0824 0.0000 0.6449 0.0000 0.0000
377      377   (0)     10  : 0.0000 0.0000 0.0000 0.0000 0.0000 0.2742 0.0000 0.2200 0.0203 0.0000 0.0378 0.0040 0.0547 0.0000 0.0000 0.2221 0.0000 0.1670
378      378   (0)     10  : 0.0000 0.0000 0.0000 0.0000 0.0000 0.0000 0.0000 0.3236 0.0000 0.0000 0.0000 0.6762 0.0000 0.0000 0.0000 0.0002 0.0000 0.0000
379      379   (0)     10  : 0.0000 0.0000 0.0000 0.0000 0.0321 0.1515 0.0000 0.0842 0.0000 0.0000 0.1104 0.2688 0.0880 0.2501 0.0000 0.0149 0.0000 0.0000
380      380   (0)     10  : 0.0000 0.0000 0.0000 0.0000 0.0000 0.0000 0.0000 0.3469 0.0000 0.0000 0.3573 0.0000 0.1005 0.0003 0.0000 0.1950 0.0000 0.0000
381      381   (0)     10  : 0.0000 0.0000 0.0000 0.0000 0.0000 0.1415 0.0000 0.1788 0.0000 0.0000 0.0000 0.0000 0.1797 0.0887 0.0000 0.4088 0.0000 0.0025
382      382   (0)     10  : 0.0000 0.0000 0.0000 0.0000 0.0000 0.0000 0.0000 0.4075 0.0000 0.0000 0.0000 0.0017 0.1259 0.3243 0.0000 0.1406 0.0000 0.0000
383      383   (0)     10  : 0.0000 0.0000 0.0000 0.0000 0.0273 0.0000 0.0000 0.0000 0.0000 0.0000 0.1514 0.0000 0.7136 0.0000 0.0000 0.1044 0.0000 0.0033
384      384   (0)     10  : 0.0000 0.0000 0.0000 0.0000 0.0000 0.4918 0.0000 0.0000 0.0000 0.0000 0.0622 0.1535 0.0000 0.0000 0.0000 0.0928 0.0000 0.1997
385      385   (0)     10  : 0.0000 0.0000 0.0000 0.0000 0.0000 0.0141 0.0000 0.0709 0.0000 0.0000 0.1814 0.0000 0.2336 0.0000 0.0000 0.5000 0.0000 0.0000
386      386   (0)     10  : 0.0000 0.0000 0.0000 0.0000 0.0000 0.0000 0.0000 0.0000 0.0000 0.0000 0.0000 1.0000 0.0000 0.0000 0.0000 0.0000 0.0000 0.0000
387      387   (0)     10  : 0.0000 0.0000 0.0000 0.0000 0.0000 0.1945 0.0000 0.0000 0.0000 0.0000 0.0000 0.0000 0.3055 0.0000 0.0000 0.5000 0.0000 0.0000
388      388   (0)     10  : 0.0000 0.0000 0.0000 0.0000 0.0000 0.1556 0.0000 0.5307 0.0000 0.0000 0.0000 0.0000 0.0000 0.3137 0.0000 0.0000 0.0000 0.0000
389      389   (0)     10  : 0.0000 0.0000 0.0000 0.0000 0.0000 0.1735 0.0000 0.0686 0.0000 0.0000 0.1897 0.1535 0.3318 0.0000 0.0000 0.0828 0.0000 0.0000
390      390   (0)      8  : 0.0000 0.0000 0.0000 0.0000 0.0000 0.1826 0.0000 0.3790 0.0000 0.0000 0.0000 0.0372 0.0000 0.3125 0.0000 0.0000 0.0000 0.0885
391      391   (0)      8  : 0.0000 0.0000 0.0000 0.0000 0.0000 0.1567 0.0000 0.0000 0.0000 0.0000 0.0587 0.3214 0.2794 0.0649 0.0000 0.1190 0.0000 0.0000
392      392   (0)      8  : 0.0000 0.0000 0.0000 0.0000 0.0000 0.0000 0.0000 0.0000 0.0000 0.0000 1.0000 0.0000 0.0000 0.0000 0.0000 0.0000 0.0000 0.0000
393      393   (0)     11  : 0.0000 0.0000 0.0000 0.0000 0.0000 0.2992 0.0000 0.2435 0.0000 0.0000 0.4573 0.0000 0.0000 0.0000 0.0000 0.0000 0.0000 0.0000
394      394   (0)     11  : 0.0000 0.0000 0.0000 0.0000 0.0000 0.0000 0.0000 0.0000 0.0000 0.0000 0.0000 0.0000 0.8786 0.0000 0.0000 0.1214 0.0000 0.0000
395      395   (0)     11  : 0.0000 0.0000 0.0000 0.0000 0.0000 0.0000 0.0000 0.0000 0.0000 0.0000 0.0000 0.0000 0.5000 0.0000 0.0000 0.5000 0.0000 0.0000
396      396   (0)     11  : 0.0410 0.0000 0.0000 0.0000 0.0152 0.0579 0.0000 0.2617 0.0000 0.0000 0.1923 0.0000 0.2262 0.0787 0.0000 0.1268 0.0000 0.0000
397      397   (0)     11  : 0.0000 0.0000 0.0000 0.0000 0.0000 0.0000 0.0000 0.0000 0.0000 0.0000 0.0000 0.0681 0.1729 0.0000 0.0000 0.7590 0.0000 0.0000
398      398   (0)     11  : 0.0000 0.0000 0.0000 0.0000 0.0000 0.0758 0.0000 0.3549 0.0000 0.0000 0.1782 0.1611 0.0141 0.2159 0.0000 0.0000 0.0000 0.0000
399      399   (0)     11  : 0.0000 0.0000 0.0000 0.0000 0.0000 0.2076 0.0000 0.4297 0.0000 0.0000 0.0000 0.0000 0.2049 0.0000 0.0000 0.1578 0.0000 0.0000
400      400   (0)     11  : 0.0000 0.0000 0.0003 0.0000 0.0000 0.1600 0.0000 0.0000 0.0000 0.0000 0.1359 0.0064 0.0953 0.2270 0.0000 0.3751 0.0000 0.0000
401      401   (0)     11  : 0.0000 0.0000 0.0000 0.0000 0.0000 0.0000 0.0000 0.0000 0.0000 0.0000 0.0000 0.0000 1.0000 0.0000 0.0000 0.0000 0.0000 0.0000
402      402   (0)     11  : 0.0000 0.0000 0.0000 0.0000 0.0000 0.0985 0.0000 0.1266 0.0000 0.0000 0.2095 0.0034 0.1933 0.0904 0.0000 0.1789 0.0000 0.0994
403      403   (0)     11  : 0.0000 0.0000 0.0000 0.0000 0.0000 0.2438 0.0000 0.0000 0.0000 0.0000 0.4093 0.0000 0.0328 0.0000 0.0000 0.3141 0.0000 0.0000
404      404   (0)     11  : 0.0000 0.0000 0.0000 0.0000 0.0000 0.0000 0.0000 0.7185 0.0000 0.0000 0.0000 0.0000 0.0000 0.0000 0.0000 0.2815 0.0000 0.0000
405      405   (0)     11  : 0.0000 0.0000 0.0000 0.0000 0.0211 0.0000 0.0000 0.0000 0.0046 0.0000 0.6233 0.0000 0.0000 0.2188 0.0000 0.1323 0.0000 0.0000
406      406   (0)     11  : 0.0000 0.0000 0.0000 0.0000 0.0000 0.0000 0.0000 0.1495 0.0000 0.0000 0.0000 0.0000 0.0000 0.8505 0.0000 0.0000 0.0000 0.0000
407      407   (0)     11  : 0.0000 0.0000 0.0000 0.0000 0.0000 0.3992 0.0000 0.0361 0.0000 0.0000 0.2611 0.2953 0.0000 0.0082 0.0000 0.0000 0.0000 0.0000
408      408   (0)     11  : 0.0000 0.0000 0.0000 0.0000 0.0000 0.0390 0.0000 0.0000 0.0000 0.0000 0.4671 0.4237 0.0000 0.0000 0.0000 0.0702 0.0000 0.0000
409      409   (0)     11  : 0.0000 0.0000 0.0000 0.0000 0.0000 0.0000 0.0000 1.0000 0.0000 0.0000 0.0000 0.0000 0.0000 0.0000 0.0000 0.0000 0.0000 0.0000
410      410   (0)     11  : 0.0000 0.0000 0.0000 0.0000 0.0000 0.4431 0.0000 0.1014 0.0000 0.0000 0.2389 0.1104 0.0000 0.0000 0.0000 0.0000 0.0000 0.1062
411      411   (0)     11  : 0.0000 0.0000 0.0000 0.0000 0.0000 0.2072 0.0000 0.2792 0.0000 0.0000 0.0105 0.1183 0.0000 0.1030 0.0000 0.0805 0.0000 0.2013
412      412   (0)     11  : 0.0000 0.0000 0.0000 0.0000 0.0000 0.1008 0.0000 0.0000 0.0000 0.0000 0.1709 0.0822 0.0212 0.0794 0.0000 0.2119 0.0000 0.3336
413      413   (0)     11  : 0.0000 0.0000 0.0000 0.0000 0.0000 0.0913 0.0000 0.0000 0.0000 0.0000 0.1259 0.1481 0.0000 0.0000 0.0000 0.2607 0.0000 0.3741
414      414   (0)     11  : 0.0000 0.0000 0.0000 0.0000 0.0000 0.0000 0.0000 0.0000 0.0000 0.0000 0.0000 0.0000 0.5000 0.0000 0.0000 0.5000 0.0000 0.0000
415      415   (0)     11  : 0.0000 0.0000 0.0000 0.0000 0.0000 0.0000 0.0000 0.0003 0.0000 0.0000 0.3253 0.4814 0.0931 0.0000 0.0000 0.0999 0.0000 0.0000
416      416   (0)     11  : 0.0000 0.0000 0.0000 0.0000 0.0000 0.1416 0.0000 0.1008 0.0102 0.0000 0.0245 0.2061 0.0157 0.0000 0.0000 0.0011 0.0000 0.5000
417      417   (0)     11  : 0.0000 0.0000 0.0000 0.0000 0.0000 0.3114 0.0000 0.0000 0.0000 0.0000 0.1692 0.0000 0.1251 0.2162 0.0000 0.1781 0.0000 0.0000
418      418   (0)     11  : 0.0000 0.0000 0.0000 0.0004 0.0154 0.0012 0.0000 0.1283 0.0000 0.0000 0.0049 0.0000 0.7539 0.0083 0.0000 0.0876 0.0000 0.0000
419      419   (0)     11  : 0.0000 0.0000 0.0000 0.0000 0.0000 0.0000 0.0000 0.0000 0.0000 0.0000 1.0000 0.0000 0.0000 0.0000 0.0000 0.0000 0.0000 0.0000
420      420   (0)     11  : 0.0000 0.0000 0.0000 0.0000 0.0000 0.0000 0.0000 0.0000 0.0000 0.0000 0.6989 0.0000 0.0017 0.0000 0.0000 0.0064 0.0000 0.2930
421      421   (0)     11  : 0.0000 0.0000 0.0000 0.0000 0.0000 0.0000 0.0000 0.0000 0.0000 0.0000 0.7571 0.0000 0.0000 0.2429 0.0000 0.0000 0.0000 0.0000
422      422   (0)     11  : 0.0000 0.0000 0.0000 0.0000 0.0000 0.0000 0.0000 0.0000 0.0000 0.0000 0.0000 0.0000 0.5000 0.0000 0.0000 0.5000 0.0000 0.0000
423      423   (0)     12  : 0.5002 0.0000 0.0000 0.4998 0.0000 0.0000 0.0000 0.0000 0.0000 0.0000 0.0000 0.0000 0.0000 0.0000 0.0000 0.0000 0.0000 0.0000
424      424   (0)     12  : 0.0000 0.0000 0.0000 0.0000 0.7483 0.0430 0.0000 0.0000 0.0995 0.0000 0.0000 0.0242 0.0000 0.0000 0.0000 0.0000 0.0000 0.0850
425      425   (0)     12  : 0.2876 0.0000 0.0000 0.7124 0.0000 0.0000 0.0000 0.0000 0.0000 0.0000 0.0000 0.0000 0.0000 0.0000 0.0000 0.0000 0.0000 0.0000
426      426   (0)     12  : 0.0000 0.0000 0.0000 0.0000 0.4989 0.0000 0.0000 0.0000 0.4348 0.0000 0.0000 0.0000 0.0228 0.0000 0.0000 0.0435 0.0000 0.0000
427      427   (0)     12  : 0.1580 0.0000 0.0000 0.8312 0.0000 0.0000 0.0000 0.0000 0.0000 0.0108 0.0000 0.0000 0.0000 0.0000 0.0000 0.0000 0.0000 0.0000
428      428   (0)     12  : 0.1238 0.0426 0.0000 0.7797 0.0147 0.0000 0.0000 0.0000 0.0000 0.0000 0.0000 0.0000 0.0000 0.0000 0.0000 0.0000 0.0000 0.0392
429      429   (0)     12  : 0.0000 0.0000 0.0000 0.0000 0.0000 0.0000 0.0000 0.0000 1.0000 0.0000 0.0000 0.0000 0.0000 0.0000 0.0000 0.0000 0.0000 0.0000
430      430   (0)     12  : 0.7758 0.0000 0.0000 0.1775 0.0000 0.0000 0.0467 0.0000 0.0000 0.0000 0.0000 0.0000 0.0000 0.0000 0.0000 0.0000 0.0000 0.0000
431      431   (0)     12  : 0.9680 0.0000 0.0000 0.0000 0.0000 0.0000 0.0000 0.0000 0.0000 0.0098 0.0000 0.0000 0.0000 0.0000 0.0221 0.0000 0.0000 0.0000
432      432   (0)     12  : 0.0000 0.0000 0.0000 0.0000 0.8850 0.0000 0.0000 0.0364 0.0429 0.0000 0.0000 0.0000 0.0000 0.0000 0.0000 0.0357 0.0000 0.0000
433      433   (0)     12  : 0.9892 0.0000 0.0000 0.0000 0.0000 0.0000 0.0000 0.0000 0.0108 0.0000 0.0000 0.0000 0.0000 0.0000 0.0000 0.0000 0.0000 0.0000
434      434   (0)     12  : 1.0000 0.0000 0.0000 0.0000 0.0000 0.0000 0.0000 0.0000 0.0000 0.0000 0.0000 0.0000 0.0000 0.0000 0.0000 0.0000 0.0000 0.0000
435      435   (0)     12  : 0.8798 0.0000 0.0000 0.0431 0.0000 0.0000 0.0000 0.0000 0.0000 0.0000 0.0000 0.0000 0.0000 0.0000 0.0301 0.0000 0.0470 0.0000
436      436   (0)     12  : 0.9273 0.0000 0.0000 0.0630 0.0000 0.0000 0.0000 0.0000 0.0000 0.0000 0.0000 0.0000 0.0000 0.0000 0.0000 0.0000 0.0000 0.0097
437      437   (0)     12  : 0.8757 0.0000 0.0000 0.0910 0.0000 0.0000 0.0000 0.0000 0.0333 0.0000 0.0000 0.0000 0.0000 0.0000 0.0000 0.0000 0.0000 0.0000
438      438   (0)     12  : 0.5050 0.0000 0.0000 0.4950 0.0000 0.0000 0.0000 0.0000 0.0000 0.0000 0.0000 0.0000 0.0000 0.0000 0.0000 0.0000 0.0000 0.0000
439      439   (0)     12  : 0.0000 0.0000 0.0000 0.0000 1.0000 0.0000 0.0000 0.0000 0.0000 0.0000 0.0000 0.0000 0.0000 0.0000 0.0000 0.0000 0.0000 0.0000
440      440   (0)     12  : 0.0000 0.0000 0.0000 0.0000 0.9808 0.0000 0.0000 0.0000 0.0192 0.0000 0.0000 0.0000 0.0000 0.0000 0.0000 0.0000 0.0000 0.0000
441      441   (0)     12  : 0.7317 0.0000 0.0000 0.2683 0.0000 0.0000 0.0000 0.0000 0.0000 0.0000 0.0000 0.0000 0.0000 0.0000 0.0000 0.0000 0.0000 0.0000
442      442   (0)     12  : 0.0000 0.0000 0.0000 0.0000 0.4665 0.0000 0.0000 0.0000 0.5335 0.0000 0.0000 0.0000 0.0000 0.0000 0.0000 0.0000 0.0000 0.0000
443      443   (0)     12  : 0.4675 0.0122 0.0000 0.4979 0.0000 0.0000 0.0224 0.0000 0.0000 0.0000 0.0000 0.0000 0.0000 0.0000 0.0000 0.0000 0.0000 0.0000
444      444   (0)     12  : 0.9998 0.0002 0.0000 0.0000 0.0000 0.0000 0.0000 0.0000 0.0000 0.0000 0.0000 0.0000 0.0000 0.0000 0.0000 0.0000 0.0000 0.0000
445      445   (0)     12  : 0.2620 0.0000 0.0000 0.6937 0.0000 0.0000 0.0156 0.0000 0.0000 0.0287 0.0000 0.0000 0.0000 0.0000 0.0000 0.0000 0.0000 0.0000
446      446   (0)     12  : 0.2162 0.0000 0.0000 0.7838 0.0000 0.0000 0.0000 0.0000 0.0000 0.0000 0.0000 0.0000 0.0000 0.0000 0.0000 0.0000 0.0000 0.0000
447      447   (0)     12  : 0.9952 0.0000 0.0000 0.0000 0.0000 0.0000 0.0048 0.0000 0.0000 0.0000 0.0000 0.0000 0.0000 0.0000 0.0000 0.0000 0.0000 0.0000
448      448   (0)     12  : 0.9722 0.0000 0.0000 0.0278 0.0000 0.0000 0.0000 0.0000 0.0000 0.0000 0.0000 0.0000 0.0000 0.0000 0.0000 0.0000 0.0000 0.0000
449      449   (0)     12  : 1.0000 0.0000 0.0000 0.0000 0.0000 0.0000 0.0000 0.0000 0.0000 0.0000 0.0000 0.0000 0.0000 0.0000 0.0000 0.0000 0.0000 0.0000
450      450   (0)     12  : 0.8317 0.0000 0.0000 0.1683 0.0000 0.0000 0.0000 0.0000 0.0000 0.0000 0.0000 0.0000 0.0000 0.0000 0.0000 0.0000 0.0000 0.0000
451      451   (0)     12  : 0.6382 0.0000 0.0000 0.3096 0.0000 0.0000 0.0000 0.0000 0.0000 0.0180 0.0000 0.0000 0.0000 0.0000 0.0342 0.0000 0.0000 0.0000
452      452   (0)     12  : 0.1515 0.0236 0.0000 0.8068 0.0000 0.0000 0.0181 0.0000 0.0000 0.0000 0.0000 0.0000 0.0000 0.0000 0.0000 0.0000 0.0000 0.0000
453      453   (0)     13  : 0.5014 0.0000 0.0000 0.4986 0.0000 0.0000 0.0000 0.0000 0.0000 0.0000 0.0000 0.0000 0.0000 0.0000 0.0000 0.0000 0.0000 0.0000
454      454   (0)     13  : 0.5190 0.0000 0.0091 0.4673 0.0000 0.0000 0.0046 0.0000 0.0000 0.0000 0.0000 0.0000 0.0000 0.0000 0.0000 0.0000 0.0000 0.0000
455      455   (0)     13  : 0.6931 0.0000 0.0000 0.3069 0.0000 0.0000 0.0000 0.0000 0.0000 0.0000 0.0000 0.0000 0.0000 0.0000 0.0000 0.0000 0.0000 0.0000
456      456   (0)     13  : 0.0000 0.0000 0.0000 0.0000 0.9162 0.0000 0.0000 0.0000 0.0559 0.0000 0.0000 0.0000 0.0000 0.0000 0.0000 0.0000 0.0000 0.0279
457      457   (0)     13  : 0.7262 0.0618 0.0000 0.2086 0.0000 0.0000 0.0032 0.0000 0.0000 0.0000 0.0000 0.0000 0.0000 0.0000 0.0000 0.0000 0.0000 0.0001
458      458   (0)     13  : 0.7016 0.0000 0.0000 0.2984 0.0000 0.0000 0.0000 0.0000 0.0000 0.0000 0.0000 0.0000 0.0000 0.0000 0.0000 0.0000 0.0000 0.0000
459      459   (0)     13  : 0.6821 0.0000 0.0000 0.3179 0.0000 0.0000 0.0000 0.0000 0.0000 0.0000 0.0000 0.0000 0.0000 0.0000 0.0000 0.0000 0.0000 0.0000
460      460   (0)     13  : 0.9997 0.0000 0.0000 0.0003 0.0000 0.0000 0.0000 0.0000 0.0000 0.0000 0.0000 0.0000 0.0000 0.0000 0.0000 0.0000 0.0000 0.0000
461      461   (0)     13  : 0.2222 0.0000 0.0000 0.7778 0.0000 0.0000 0.0000 0.0000 0.0000 0.0000 0.0000 0.0000 0.0000 0.0000 0.0000 0.0000 0.0000 0.0000
462      462   (0)     13  : 0.0000 0.0256 0.0000 0.9630 0.0000 0.0000 0.0000 0.0000 0.0000 0.0114 0.0000 0.0000 0.0000 0.0000 0.0000 0.0000 0.0000 0.0000
463      463   (0)     13  : 0.6953 0.0047 0.0000 0.2621 0.0000 0.0000 0.0240 0.0000 0.0000 0.0000 0.0000 0.0000 0.0000 0.0000 0.0139 0.0000 0.0000 0.0000
464      464   (0)     13  : 0.0000 0.0000 0.0000 0.0000 0.0000 0.0000 0.0000 0.0000 0.0000 0.1542 0.0000 0.0000 0.0000 0.0000 0.8458 0.0000 0.0000 0.0000
465      465   (0)     13  : 0.9798 0.0000 0.0013 0.0188 0.0000 0.0000 0.0000 0.0000 0.0000 0.0000 0.0000 0.0000 0.0000 0.0000 0.0000 0.0000 0.0000 0.0000
466      466   (0)     13  : 0.5000 0.0000 0.0000 0.5000 0.0000 0.0000 0.0000 0.0000 0.0000 0.0000 0.0000 0.0000 0.0000 0.0000 0.0000 0.0000 0.0000 0.0000
467      467   (0)     13  : 0.1724 0.0254 0.0000 0.7817 0.0000 0.0000 0.0000 0.0000 0.0000 0.0000 0.0000 0.0000 0.0000 0.0000 0.0205 0.0000 0.0000 0.0000
468      468   (0)     13  : 0.0009 0.0000 0.0000 0.0587 0.0000 0.0000 0.0880 0.0000 0.0000 0.6495 0.0000 0.0000 0.0000 0.0000 0.1175 0.0000 0.0059 0.0795
469      469   (0)     13  : 0.0000 0.0000 0.0000 0.0000 0.0000 0.0000 0.0000 0.0000 0.0000 0.5000 0.0000 0.0000 0.0000 0.0000 0.5000 0.0000 0.0000 0.0000
470      470   (0)     13  : 0.8631 0.0000 0.0000 0.1165 0.0000 0.0000 0.0000 0.0000 0.0000 0.0000 0.0000 0.0000 0.0000 0.0000 0.0000 0.0000 0.0090 0.0115
471      471   (0)     13  : 0.4718 0.0000 0.0000 0.4876 0.0000 0.0000 0.0000 0.0000 0.0141 0.0000 0.0000 0.0000 0.0132 0.0132 0.0000 0.0000 0.0000 0.0000
472      472   (0)     13  : 0.4168 0.0000 0.0000 0.5800 0.0000 0.0000 0.0000 0.0000 0.0000 0.0032 0.0000 0.0000 0.0000 0.0000 0.0000 0.0000 0.0000 0.0000
473      473   (0)     13  : 0.0475 0.0000 0.0000 0.0000 0.8143 0.0000 0.0000 0.0000 0.0139 0.0000 0.0000 0.0000 0.1244 0.0000 0.0000 0.0000 0.0000 0.0000
474      474   (0)     13  : 0.2413 0.0000 0.0000 0.7505 0.0000 0.0000 0.0000 0.0000 0.0000 0.0082 0.0000 0.0000 0.0000 0.0000 0.0000 0.0000 0.0000 0.0000
475      475   (0)     13  : 0.7736 0.0000 0.0000 0.2264 0.0000 0.0000 0.0000 0.0000 0.0000 0.0000 0.0000 0.0000 0.0000 0.0000 0.0000 0.0000 0.0000 0.0000
476      476   (0)     13  : 0.0000 0.0000 0.0000 0.0000 0.9532 0.0000 0.0000 0.0000 0.0468 0.0000 0.0000 0.0000 0.0000 0.0000 0.0000 0.0000 0.0000 0.0000
477      477   (0)     13  : 0.9682 0.0000 0.0000 0.0000 0.0000 0.0000 0.0042 0.0000 0.0091 0.0185 0.0000 0.0000 0.0000 0.0000 0.0000 0.0000 0.0000 0.0000
478      478   (0)     13  : 0.4119 0.0000 0.0171 0.5621 0.0000 0.0000 0.0000 0.0000 0.0089 0.0000 0.0000 0.0000 0.0000 0.0000 0.0000 0.0000 0.0000 0.0000
479      479   (0)     13  : 0.6835 0.0000 0.0000 0.3127 0.0000 0.0000 0.0001 0.0000 0.0019 0.0000 0.0000 0.0000 0.0000 0.0000 0.0018 0.0000 0.0000 0.0000
480      480   (0)     13  : 0.0000 0.0000 0.0000 0.0000 0.8438 0.0000 0.0000 0.0000 0.1136 0.0000 0.0000 0.0000 0.0000 0.0000 0.0000 0.0426 0.0000 0.0000
481      481   (0)     13  : 0.0504 0.0000 0.0000 0.0000 0.0000 0.0000 0.5000 0.0000 0.0000 0.0000 0.0000 0.0000 0.0000 0.0000 0.4496 0.0000 0.0000 0.0000
482      482   (0)     13  : 0.3275 0.0000 0.0000 0.6353 0.0000 0.0000 0.0372 0.0000 0.0000 0.0000 0.0000 0.0000 0.0000 0.0000 0.0000 0.0000 0.0000 0.0000
483      483   (0)     14  : 1.0000 0.0000 0.0000 0.0000 0.0000 0.0000 0.0000 0.0000 0.0000 0.0000 0.0000 0.0000 0.0000 0.0000 0.0000 0.0000 0.0000 0.0000
484      484   (0)     14  : 0.5000 0.0000 0.0000 0.5000 0.0000 0.0000 0.0000 0.0000 0.0000 0.0000 0.0000 0.0000 0.0000 0.0000 0.0000 0.0000 0.0000 0.0000
485      485   (0)     15  : 0.9040 0.0000 0.0000 0.0952 0.0000 0.0000 0.0000 0.0000 0.0000 0.0000 0.0000 0.0000 0.0000 0.0000 0.0008 0.0000 0.0000 0.0000
486      486   (0)     15  : 0.8608 0.0000 0.0000 0.1353 0.0000 0.0000 0.0040 0.0000 0.0000 0.0000 0.0000 0.0000 0.0000 0.0000 0.0000 0.0000 0.0000 0.0000
487      487   (0)     15  : 0.9929 0.0000 0.0000 0.0021 0.0000 0.0000 0.0050 0.0000 0.0000 0.0000 0.0000 0.0000 0.0000 0.0000 0.0000 0.0000 0.0000 0.0000
488      488   (0)     15  : 0.8212 0.0000 0.0000 0.1788 0.0000 0.0000 0.0000 0.0000 0.0000 0.0000 0.0000 0.0000 0.0000 0.0000 0.0000 0.0000 0.0000 0.0000
489      489   (0)     15  : 0.0000 0.0000 0.0000 0.0000 0.9823 0.0000 0.0000 0.0000 0.0000 0.0000 0.0119 0.0000 0.0000 0.0000 0.0000 0.0000 0.0000 0.0058
490      490   (0)     15  : 0.0000 0.0000 0.0000 0.0000 0.9669 0.0000 0.0000 0.0000 0.0331 0.0000 0.0000 0.0000 0.0000 0.0000 0.0000 0.0000 0.0000 0.0000
491      491   (0)     15  : 0.3520 0.0053 0.0000 0.6368 0.0000 0.0000 0.0059 0.0000 0.0000 0.0000 0.0000 0.0000 0.0000 0.0000 0.0000 0.0000 0.0000 0.0000
492      492   (0)     15  : 0.0000 0.0000 0.0000 0.0000 1.0000 0.0000 0.0000 0.0000 0.0000 0.0000 0.0000 0.0000 0.0000 0.0000 0.0000 0.0000 0.0000 0.0000
493      493   (0)     15  : 0.1986 0.0000 0.0166 0.7721 0.0000 0.0000 0.0087 0.0000 0.0000 0.0006 0.0000 0.0000 0.0000 0.0000 0.0034 0.0000 0.0000 0.0000
494      494   (0)     15  : 0.7497 0.0000 0.0000 0.2409 0.0000 0.0000 0.0057 0.0000 0.0000 0.0037 0.0000 0.0000 0.0000 0.0000 0.0000 0.0000 0.0000 0.0000
495      495   (0)     15  : 0.5956 0.0000 0.0000 0.4044 0.0000 0.0000 0.0000 0.0000 0.0000 0.0000 0.0000 0.0000 0.0000 0.0000 0.0000 0.0000 0.0000 0.0000
496      496   (0)     15  : 0.6875 0.0000 0.0033 0.3093 0.0000 0.0000 0.0000 0.0000 0.0000 0.0000 0.0000 0.0000 0.0000 0.0000 0.0000 0.0000 0.0000 0.0000
497      497   (0)     15  : 0.0007 0.0000 0.0000 0.9622 0.0000 0.0000 0.0246 0.0000 0.0000 0.0000 0.0000 0.0000 0.0000 0.0000 0.0000 0.0000 0.0125 0.0000
498      498   (0)     15  : 0.7383 0.0258 0.0000 0.2079 0.0000 0.0000 0.0000 0.0000 0.0000 0.0000 0.0000 0.0000 0.0000 0.0000 0.0279 0.0000 0.0000 0.0002
499      499   (0)     15  : 0.7145 0.0000 0.0000 0.2489 0.0000 0.0000 0.0000 0.0000 0.0000 0.0189 0.0000 0.0000 0.0000 0.0000 0.0000 0.0000 0.0000 0.0178
500      500   (0)     15  : 0.9960 0.0000 0.0000 0.0000 0.0000 0.0000 0.0040 0.0000 0.0000 0.0000 0.0000 0.0000 0.0000 0.0000 0.0000 0.0000 0.0000 0.0000
501      501   (0)     15  : 0.6297 0.0000 0.0000 0.3264 0.0000 0.0000 0.0177 0.0000 0.0144 0.0000 0.0000 0.0000 0.0000 0.0000 0.0118 0.0000 0.0000 0.0000
502      502   (0)     15  : 0.7334 0.0168 0.0000 0.2399 0.0000 0.0000 0.0000 0.0000 0.0000 0.0000 0.0000 0.0000 0.0000 0.0000 0.0000 0.0000 0.0000 0.0100
503      503   (0)     15  : 0.5168 0.0062 0.0000 0.4770 0.0000 0.0000 0.0000 0.0000 0.0000 0.0000 0.0000 0.0000 0.0000 0.0000 0.0000 0.0000 0.0000 0.0000
504      504   (0)     15  : 0.8649 0.0000 0.0000 0.1351 0.0000 0.0000 0.0000 0.0000 0.0000 0.0000 0.0000 0.0000 0.0000 0.0000 0.0000 0.0000 0.0000 0.0000
505      505   (0)     15  : 0.3182 0.0298 0.0000 0.6431 0.0000 0.0000 0.0000 0.0000 0.0000 0.0000 0.0000 0.0000 0.0000 0.0000 0.0000 0.0000 0.0000 0.0088
506      506   (0)     15  : 0.0312 0.0000 0.0000 0.9688 0.0000 0.0000 0.0000 0.0000 0.0000 0.0000 0.0000 0.0000 0.0000 0.0000 0.0000 0.0000 0.0000 0.0000
507      507   (0)     15  : 0.7677 0.0000 0.0000 0.2178 0.0000 0.0000 0.0145 0.0000 0.0000 0.0000 0.0000 0.0000 0.0000 0.0000 0.0000 0.0000 0.0000 0.0000
508      508   (0)     15  : 0.6684 0.0000 0.0000 0.3004 0.0000 0.0000 0.0313 0.0000 0.0000 0.0000 0.0000 0.0000 0.0000 0.0000 0.0000 0.0000 0.0000 0.0000
509      509   (0)     15  : 0.0000 0.0000 0.0000 0.0000 1.0000 0.0000 0.0000 0.0000 0.0000 0.0000 0.0000 0.0000 0.0000 0.0000 0.0000 0.0000 0.0000 0.0000
510      510   (0)     15  : 0.0000 0.0000 0.0000 0.0000 1.0000 0.0000 0.0000 0.0000 0.0000 0.0000 0.0000 0.0000 0.0000 0.0000 0.0000 0.0000 0.0000 0.0000
511      511   (0)     15  : 0.9369 0.0000 0.0138 0.0043 0.0000 0.0000 0.0077 0.0000 0.0000 0.0093 0.0000 0.0000 0.0133 0.0126 0.0021 0.0000 0.0000 0.0000
512      512   (0)     15  : 0.1900 0.0000 0.0000 0.8009 0.0000 0.0000 0.0000 0.0000 0.0000 0.0000 0.0000 0.0000 0.0000 0.0000 0.0000 0.0000 0.0000 0.0091
513      513   (0)     15  : 0.5260 0.0173 0.0000 0.4378 0.0000 0.0000 0.0188 0.0000 0.0000 0.0000 0.0000 0.0000 0.0000 0.0000 0.0000 0.0000 0.0000 0.0000
514      514   (0)     15  : 0.4777 0.0016 0.0000 0.4766 0.0000 0.0000 0.0282 0.0000 0.0000 0.0000 0.0000 0.0000 0.0000 0.0000 0.0000 0.0000 0.0159 0.0000
515      515   (0)     16  : 0.0008 0.0000 0.0000 0.0000 0.0000 0.0000 0.0000 0.0000 0.0000 0.0000 0.0000 0.0000 0.0000 0.0000 0.8376 0.0000 0.0000 0.1615
516      516   (0)     16  : 0.3442 0.0000 0.0022 0.6103 0.0000 0.0000 0.0138 0.0000 0.0000 0.0296 0.0000 0.0000 0.0000 0.0000 0.0000 0.0000 0.0000 0.0000
517      517   (0)     16  : 0.0000 0.0000 0.0000 0.0000 0.8479 0.0000 0.0000 0.0000 0.0946 0.0000 0.0000 0.0166 0.0003 0.0000 0.0000 0.0407 0.0000 0.0000
518      518   (0)     16  : 0.4358 0.0000 0.0154 0.5123 0.0000 0.0000 0.0134 0.0000 0.0000 0.0168 0.0000 0.0000 0.0000 0.0000 0.0000 0.0000 0.0063 0.0000
519      519   (0)     16  : 0.0000 0.0000 0.0000 0.9946 0.0000 0.0000 0.0054 0.0000 0.0000 0.0000 0.0000 0.0000 0.0000 0.0000 0.0000 0.0000 0.0000 0.0000
520      520   (0)     16  : 0.1863 0.0000 0.0000 0.7670 0.0000 0.0000 0.0297 0.0000 0.0000 0.0000 0.0000 0.0000 0.0000 0.0000 0.0170 0.0000 0.0000 0.0000
521      521   (0)     16  : 0.0002 0.0000 0.0000 0.9729 0.0000 0.0000 0.0000 0.0000 0.0000 0.0000 0.0000 0.0000 0.0000 0.0000 0.0270 0.0000 0.0000 0.0000
522      522   (0)     16  : 0.0000 0.0000 0.0000 0.0000 0.0000 0.0000 0.0000 0.0000 1.0000 0.0000 0.0000 0.0000 0.0000 0.0000 0.0000 0.0000 0.0000 0.0000
523      523   (0)     16  : 0.3278 0.0010 0.0000 0.6482 0.0000 0.0000 0.0000 0.0000 0.0000 0.0133 0.0000 0.0000 0.0000 0.0000 0.0000 0.0000 0.0000 0.0097
524      524   (0)     16  : 0.0000 0.0000 0.0000 0.0000 0.8359 0.0000 0.0000 0.0000 0.0947 0.0000 0.0388 0.0307 0.0000 0.0000 0.0000 0.0000 0.0000 0.0000
525      525   (0)     16  : 1.0000 0.0000 0.0000 0.0000 0.0000 0.0000 0.0000 0.0000 0.0000 0.0000 0.0000 0.0000 0.0000 0.0000 0.0000 0.0000 0.0000 0.0000
526      526   (0)     16  : 0.1538 0.0000 0.0000 0.8251 0.0000 0.0000 0.0000 0.0000 0.0000 0.0210 0.0000 0.0000 0.0000 0.0000 0.0000 0.0000 0.0000 0.0000
527      527   (0)     16  : 0.0000 0.0000 0.0000 0.0000 0.8965 0.0000 0.0000 0.0001 0.1034 0.0000 0.0000 0.0000 0.0000 0.0000 0.0000 0.0000 0.0000 0.0000
528      528   (0)     16  : 0.5487 0.0000 0.0000 0.3797 0.0000 0.0000 0.0000 0.0000 0.0000 0.0000 0.0000 0.0000 0.0000 0.0000 0.0350 0.0000 0.0000 0.0366
529      529   (0)     16  : 0.5231 0.0000 0.0000 0.4510 0.0000 0.0000 0.0000 0.0000 0.0000 0.0136 0.0000 0.0000 0.0000 0.0000 0.0123 0.0000 0.0000 0.0000
530      530   (0)     16  : 0.2462 0.0000 0.0000 0.6819 0.0000 0.0000 0.0000 0.0000 0.0000 0.0368 0.0000 0.0000 0.0000 0.0000 0.0351 0.0000 0.0000 0.0000
531      531   (0)     16  : 0.2875 0.0000 0.0000 0.7125 0.0000 0.0000 0.0000 0.0000 0.0000 0.0000 0.0000 0.0000 0.0000 0.0000 0.0000 0.0000 0.0000 0.0000
532      532   (0)     16  : 0.0000 0.0000 0.0000 0.0000 0.0000 0.0000 0.0000 0.0000 1.0000 0.0000 0.0000 0.0000 0.0000 0.0000 0.0000 0.0000 0.0000 0.0000
533      533   (0)     16  : 0.0000 0.0000 0.0000 0.0000 0.0000 0.0000 0.0000 0.0000 1.0000 0.0000 0.0000 0.0000 0.0000 0.0000 0.0000 0.0000 0.0000 0.0000
534      534   (0)     16  : 0.2515 0.0000 0.0000 0.7253 0.0000 0.0000 0.0000 0.0000 0.0000 0.0096 0.0000 0.0000 0.0000 0.0000 0.0000 0.0000 0.0000 0.0136
535      535   (0)     16  : 0.0000 0.0008 0.0000 0.9992 0.0000 0.0000 0.0000 0.0000 0.0000 0.0000 0.0000 0.0000 0.0000 0.0000 0.0000 0.0000 0.0000 0.0000
536      536   (0)     16  : 0.7389 0.0324 0.0000 0.2113 0.0000 0.0000 0.0174 0.0000 0.0000 0.0000 0.0000 0.0000 0.0000 0.0000 0.0000 0.0000 0.0000 0.0000
537      537   (0)     16  : 0.0000 0.0000 0.0000 1.0000 0.0000 0.0000 0.0000 0.0000 0.0000 0.0000 0.0000 0.0000 0.0000 0.0000 0.0000 0.0000 0.0000 0.0000
538      538   (0)     16  : 0.3151 0.0047 0.0000 0.6802 0.0000 0.0000 0.0000 0.0000 0.0000 0.0000 0.0000 0.0000 0.0000 0.0000 0.0000 0.0000 0.0000 0.0000
539      539   (0)     16  : 0.0000 0.0246 0.0000 0.9665 0.0000 0.0000 0.0089 0.0000 0.0000 0.0000 0.0000 0.0000 0.0000 0.0000 0.0000 0.0000 0.0000 0.0000
540      540   (0)     16  : 0.2933 0.0055 0.0000 0.6841 0.0000 0.0000 0.0172 0.0000 0.0000 0.0000 0.0000 0.0000 0.0000 0.0000 0.0000 0.0000 0.0000 0.0000
541      541   (0)     16  : 0.0000 0.0000 1.0000 0.0000 0.0000 0.0000 0.0000 0.0000 0.0000 0.0000 0.0000 0.0000 0.0000 0.0000 0.0000 0.0000 0.0000 0.0000
542      542   (0)     16  : 0.3005 0.0000 0.0000 0.6657 0.0000 0.0000 0.0000 0.0000 0.0000 0.0339 0.0000 0.0000 0.0000 0.0000 0.0000 0.0000 0.0000 0.0000
543      543   (0)     16  : 0.2473 0.0000 0.0000 0.7527 0.0000 0.0000 0.0000 0.0000 0.0000 0.0000 0.0000 0.0000 0.0000 0.0000 0.0000 0.0000 0.0000 0.0000
544      544   (0)     16  : 0.2229 0.0000 0.0000 0.7771 0.0000 0.0000 0.0000 0.0000 0.0000 0.0000 0.0000 0.0000 0.0000 0.0000 0.0000 0.0000 0.0000 0.0000
