1        1   (0)      1  : 0.0065 0.0000 0.0000 0.0000 0.0000 0.0000 0.0000 0.0000 0.0000 0.3062 0.0000 0.0000 0.0000 0.0000 0.0000 0.0000 0.2819 0.4054
2        2   (0)      1  : 0.4234 0.0000 0.0000 0.5377 0.0000 0.0000 0.0000 0.0000 0.0000 0.0000 0.0000 0.0000 0.0000 0.0000 0.0000 0.0116 0.0000 0.0273
3        3   (0)      1  : 0.4834 0.0000 0.0000 0.2512 0.0000 0.0000 0.0000 0.0000 0.0000 0.0000 0.2342 0.0000 0.0000 0.0000 0.0000 0.0000 0.0000 0.0312
4        4   (0)      1  : 0.0000 0.0000 0.0000 0.0000 0.0000 0.0000 0.0000 0.0000 0.0000 0.7454 0.0000 0.0000 0.0000 0.0000 0.0000 0.0000 0.2546 0.0000
5        5   (0)      1  : 0.0000 0.0000 0.0000 0.0000 0.0000 0.0000 1.0000 0.0000 0.0000 0.0000 0.0000 0.0000 0.0000 0.0000 0.0000 0.0000 0.0000 0.0000
6        6   (0)      1  : 0.0000 0.0000 0.0000 0.0000 0.0000 0.0000 0.0130 0.0000 0.0000 0.2886 0.0000 0.0000 0.0000 0.0000 0.0000 0.0000 0.2288 0.4697
7        7   (0)      1  : 0.4105 0.0000 0.0000 0.5892 0.0000 0.0000 0.0000 0.0000 0.0000 0.0000 0.0003 0.0000 0.0000 0.0000 0.0000 0.0000 0.0000 0.0000
8        8   (0)      1  : 0.0000 0.0000 0.0000 1.0000 0.0000 0.0000 0.0000 0.0000 0.0000 0.0000 0.0000 0.0000 0.0000 0.0000 0.0000 0.0000 0.0000 0.0000
9        9   (0)      1  : 0.0000 0.0000 0.0000 0.0000 0.0000 0.0000 1.0000 0.0000 0.0000 0.0000 0.0000 0.0000 0.0000 0.0000 0.0000 0.0000 0.0000 0.0000
10       10   (0)      1  : 0.0000 0.0000 0.0000 0.2926 0.0000 0.0000 0.0000 0.0000 0.0000 0.0000 0.3129 0.0000 0.0000 0.0000 0.0000 0.3945 0.0000 0.0000
11       11   (0)      1  : 0.0000 0.0000 0.0000 0.0000 0.0000 0.0000 0.0000 0.0000 0.0000 0.0000 0.0000 0.0000 0.0000 0.0000 1.0000 0.0000 0.0000 0.0000
12       12   (0)      1  : 0.0000 0.0000 0.0000 0.0000 0.0000 0.0000 0.0000 0.0000 0.0000 0.0000 0.0000 0.0000 0.0000 0.0000 1.0000 0.0000 0.0000 0.0000
13       13   (0)      1  : 0.0000 0.1947 0.0000 0.0000 0.0000 0.0000 0.0000 0.0000 0.0000 0.0000 0.0000 0.0000 0.0000 0.0000 0.3981 0.0000 0.0000 0.4073
14       14   (0)      1  : 0.0000 0.0000 0.0000 0.0000 0.0000 0.0000 0.0000 0.0000 0.0000 0.0000 0.0000 0.0000 0.0000 0.0000 0.0000 0.0000 0.0000 1.0000
15       15   (0)      1  : 0.0000 0.0000 0.0000 0.0000 0.0000 0.0000 0.0000 0.0000 0.0000 0.0000 0.0000 0.0000 0.0000 0.0000 1.0000 0.0000 0.0000 0.0000
16       16   (0)      1  : 0.0000 0.2457 0.0000 0.0595 0.0000 0.0000 0.0000 0.0000 0.0000 0.0000 0.0000 0.0000 0.0000 0.0000 0.3892 0.0000 0.1558 0.1498
17       17   (0)      1  : 0.0000 0.0000 0.0000 0.0000 0.0000 0.0000 0.0000 0.0000 0.0000 0.0000 0.0000 0.0000 0.0000 0.0000 0.7653 0.0000 0.2347 0.0000
18       18   (0)      1  : 0.0000 0.6687 0.0000 0.0000 0.0000 0.0000 0.0000 0.0000 0.0000 0.0000 0.0000 0.0000 0.0000 0.0000 0.3313 0.0000 0.0000 0.0000
19       19   (0)      1  : 0.0000 0.0000 0.0000 0.0000 0.0000 0.0000 0.2988 0.0000 0.0000 0.4484 0.0000 0.0000 0.0000 0.0000 0.0000 0.0000 0.2527 0.0000
20       20   (0)      1  : 0.0000 0.0000 0.0000 0.0000 0.0000 0.0000 0.0071 0.0000 0.0000 0.0000 0.0000 0.0000 0.0000 0.0000 0.6764 0.0000 0.3165 0.0000
21       21   (0)      1  : 0.0000 0.5923 0.0000 0.0000 0.0000 0.0000 0.0000 0.0000 0.0000 0.4077 0.0000 0.0000 0.0000 0.0000 0.0000 0.0000 0.0000 0.0000
22       22   (0)      1  : 1.0000 0.0000 0.0000 0.0000 0.0000 0.0000 0.0000 0.0000 0.0000 0.0000 0.0000 0.0000 0.0000 0.0000 0.0000 0.0000 0.0000 0.0000
23       23   (0)      1  : 0.0000 0.0000 0.0000 0.0000 0.0000 0.0000 0.0000 0.0000 0.0000 1.0000 0.0000 0.0000 0.0000 0.0000 0.0000 0.0000 0.0000 0.0000
24       24   (0)      1  : 0.0000 0.0000 0.0000 0.0000 0.0000 0.0000 0.0000 0.0000 0.0000 0.0000 0.0000 0.0000 0.0000 0.0000 0.0000 0.0000 1.0000 0.0000
25       25   (0)      1  : 0.0002 0.0000 0.0000 0.0000 0.0000 0.0000 0.0000 0.0000 0.0000 0.4053 0.0000 0.0000 0.0000 0.0000 0.2356 0.0000 0.3589 0.0000
26       26   (0)      1  : 0.0000 0.1695 0.0000 0.0000 0.0000 0.0000 0.2793 0.0000 0.0000 0.0101 0.0000 0.0000 0.0000 0.0000 0.3432 0.0000 0.0000 0.1979
27       27   (0)      1  : 0.0000 0.0000 0.0000 0.0000 0.9141 0.0000 0.0000 0.0000 0.0000 0.0000 0.0000 0.0859 0.0000 0.0000 0.0000 0.0000 0.0000 0.0000
28       28   (0)      1  : 0.0000 0.0000 0.0000 0.0000 1.0000 0.0000 0.0000 0.0000 0.0000 0.0000 0.0000 0.0000 0.0000 0.0000 0.0000 0.0000 0.0000 0.0000
29       29   (0)      1  : 0.0000 0.0000 0.0000 0.0000 0.0000 0.0000 0.5965 0.0000 0.0000 0.0000 0.0000 0.0000 0.0000 0.0000 0.0000 0.0000 0.4035 0.0000
30       30   (0)      1  : 0.0000 0.5555 0.0000 0.0000 0.0000 0.0000 0.0000 0.0000 0.0000 0.0000 0.0000 0.0000 0.0000 0.0000 0.0000 0.0000 0.4445 0.0000
31       31   (0)      1  : 0.0000 0.0000 0.0000 0.0000 0.0000 0.0000 1.0000 0.0000 0.0000 0.0000 0.0000 0.0000 0.0000 0.0000 0.0000 0.0000 0.0000 0.0000
32       32   (0)      1  : 0.0000 0.0000 0.0000 0.0000 0.0000 0.0000 0.0000 0.0000 0.0000 0.0000 0.0000 0.0000 0.0000 0.0000 0.0000 1.0000 0.0000 0.0000
33       33   (0)      1  : 0.0000 0.0000 0.0000 0.0000 0.4101 0.0000 0.0000 0.0000 0.0000 0.0000 0.0000 0.0000 0.0000 0.0000 0.0000 0.1743 0.4156 0.0000
34       34   (0)      1  : 0.0000 0.0000 0.0000 0.0000 0.0000 0.0000 0.0000 0.0000 0.0000 0.0000 0.0000 0.0000 0.0000 0.0000 0.0000 0.0000 0.0000 1.0000
35       35   (0)      1  : 0.0000 0.0000 1.0000 0.0000 0.0000 0.0000 0.0000 0.0000 0.0000 0.0000 0.0000 0.0000 0.0000 0.0000 0.0000 0.0000 0.0000 0.0000
36       36   (0)      1  : 0.0000 0.0000 1.0000 0.0000 0.0000 0.0000 0.0000 0.0000 0.0000 0.0000 0.0000 0.0000 0.0000 0.0000 0.0000 0.0000 0.0000 0.0000
37       37   (0)      1  : 0.0000 0.0000 1.0000 0.0000 0.0000 0.0000 0.0000 0.0000 0.0000 0.0000 0.0000 0.0000 0.0000 0.0000 0.0000 0.0000 0.0000 0.0000
38       38   (0)      1  : 0.0000 0.0000 0.0000 0.0000 1.0000 0.0000 0.0000 0.0000 0.0000 0.0000 0.0000 0.0000 0.0000 0.0000 0.0000 0.0000 0.0000 0.0000
39       39   (0)      1  : 0.0000 0.0000 0.0000 0.0000 0.9991 0.0000 0.0000 0.0000 0.0000 0.0000 0.0000 0.0000 0.0000 0.0009 0.0000 0.0000 0.0000 0.0000
40       40   (0)      1  : 0.0000 0.0000 0.0000 0.0000 0.0000 0.0000 0.6286 0.0000 0.0000 0.0000 0.0000 0.0000 0.0000 0.0000 0.3714 0.0000 0.0000 0.0000
41       41   (0)      1  : 0.2883 0.0313 0.0000 0.4434 0.0000 0.0000 0.0000 0.0000 0.0000 0.0000 0.2371 0.0000 0.0000 0.0000 0.0000 0.0000 0.0000 0.0000
42       42   (0)      1  : 0.0000 0.0000 0.0000 0.0000 1.0000 0.0000 0.0000 0.0000 0.0000 0.0000 0.0000 0.0000 0.0000 0.0000 0.0000 0.0000 0.0000 0.0000
43       43   (0)      1  : 0.0000 0.0000 0.0000 0.0000 0.0000 0.0000 0.0000 0.0000 0.0000 1.0000 0.0000 0.0000 0.0000 0.0000 0.0000 0.0000 0.0000 0.0000
44       44   (0)      1  : 1.0000 0.0000 0.0000 0.0000 0.0000 0.0000 0.0000 0.0000 0.0000 0.0000 0.0000 0.0000 0.0000 0.0000 0.0000 0.0000 0.0000 0.0000
45       45   (0)      1  : 0.0000 0.0000 0.0000 0.0000 1.0000 0.0000 0.0000 0.0000 0.0000 0.0000 0.0000 0.0000 0.0000 0.0000 0.0000 0.0000 0.0000 0.0000
46       46   (0)      1  : 0.0000 0.0000 0.0000 0.0000 0.0000 0.0000 0.4919 0.0000 0.0000 0.0000 0.0000 0.0000 0.0000 0.0000 0.0000 0.0000 0.0000 0.5081
47       47   (0)      1  : 0.0000 0.0000 0.0000 0.0000 1.0000 0.0000 0.0000 0.0000 0.0000 0.0000 0.0000 0.0000 0.0000 0.0000 0.0000 0.0000 0.0000 0.0000
48       48   (0)      1  : 1.0000 0.0000 0.0000 0.0000 0.0000 0.0000 0.0000 0.0000 0.0000 0.0000 0.0000 0.0000 0.0000 0.0000 0.0000 0.0000 0.0000 0.0000
49       49   (0)      1  : 0.0000 0.0000 0.0000 0.2442 0.0000 0.0000 0.0000 0.0000 0.0000 0.0000 0.4986 0.0000 0.0000 0.0000 0.0000 0.2572 0.0000 0.0000
50       50   (0)      1  : 0.0000 0.0000 0.0000 0.0000 1.0000 0.0000 0.0000 0.0000 0.0000 0.0000 0.0000 0.0000 0.0000 0.0000 0.0000 0.0000 0.0000 0.0000
51       51   (0)      1  : 0.0000 0.0000 0.0000 0.0000 1.0000 0.0000 0.0000 0.0000 0.0000 0.0000 0.0000 0.0000 0.0000 0.0000 0.0000 0.0000 0.0000 0.0000
52       52   (0)      1  : 0.0001 0.0000 0.0000 0.3220 0.0000 0.0000 0.0782 0.0000 0.0000 0.0000 0.4653 0.0000 0.0000 0.0000 0.0000 0.1330 0.0009 0.0004
53       53   (0)      1  : 0.0000 0.0000 0.0000 0.3772 0.0000 0.0000 0.0000 0.0000 0.0000 0.0000 0.0000 0.0000 0.0000 0.0000 0.0000 0.6228 0.0000 0.0000
54       54   (0)      1  : 0.5078 0.0289 0.0000 0.4133 0.0000 0.0000 0.0000 0.0000 0.0000 0.0000 0.0000 0.0000 0.0000 0.0000 0.0000 0.0488 0.0000 0.0012
55       55   (0)      1  : 0.0000 0.0000 0.0000 0.0000 0.9861 0.0000 0.0000 0.0000 0.0000 0.0000 0.0000 0.0000 0.0139 0.0000 0.0000 0.0000 0.0000 0.0000
56       56   (0)      2  : 0.0000 0.0000 0.0000 0.0000 0.0000 0.0000 1.0000 0.0000 0.0000 0.0000 0.0000 0.0000 0.0000 0.0000 0.0000 0.0000 0.0000 0.0000
57       57   (0)      2  : 0.0000 0.0000 0.0000 0.0000 0.0000 0.0000 0.0000 0.0000 0.0000 1.0000 0.0000 0.0000 0.0000 0.0000 0.0000 0.0000 0.0000 0.0000
58       58   (0)      2  : 0.0000 1.0000 0.0000 0.0000 0.0000 0.0000 0.0000 0.0000 0.0000 0.0000 0.0000 0.0000 0.0000 0.0000 0.0000 0.0000 0.0000 0.0000
59       59   (0)      2  : 0.0000 0.0000 0.0000 0.0021 0.0000 0.0000 0.2910 0.0000 0.0000 0.0000 0.0000 0.0000 0.0000 0.0000 0.3310 0.0000 0.2133 0.1626
60       60   (0)      2  : 0.2325 0.0000 0.0000 0.0000 0.0000 0.0000 0.0000 0.0000 0.0000 0.0000 0.0000 0.0000 0.0000 0.0000 0.0000 0.7675 0.0000 0.0000
61       61   (0)      2  : 0.0000 0.0000 0.0000 0.0000 0.0000 0.0000 0.7106 0.0000 0.0000 0.0000 0.0000 0.0000 0.0000 0.0000 0.0000 0.0000 0.0000 0.2894
62       62   (0)      2  : 0.0000 0.0000 1.0000 0.0000 0.0000 0.0000 0.0000 0.0000 0.0000 0.0000 0.0000 0.0000 0.0000 0.0000 0.0000 0.0000 0.0000 0.0000
63       63   (0)      2  : 0.0000 0.4465 0.0000 0.0313 0.0000 0.0000 0.0000 0.0000 0.0000 0.2262 0.0000 0.0000 0.0000 0.0000 0.0000 0.0000 0.2961 0.0000
64       64   (0)      2  : 0.0000 0.0000 1.0000 0.0000 0.0000 0.0000 0.0000 0.0000 0.0000 0.0000 0.0000 0.0000 0.0000 0.0000 0.0000 0.0000 0.0000 0.0000
65       65   (0)      2  : 0.0000 0.0000 0.0000 0.0000 0.0000 0.0000 0.9490 0.0000 0.0000 0.0000 0.0510 0.0000 0.0000 0.0000 0.0000 0.0000 0.0000 0.0000
66       66   (0)      2  : 0.0000 0.0000 1.0000 0.0000 0.0000 0.0000 0.0000 0.0000 0.0000 0.0000 0.0000 0.0000 0.0000 0.0000 0.0000 0.0000 0.0000 0.0000
67       67   (0)      2  : 0.0000 0.3488 0.0000 0.0000 0.0000 0.0000 0.0000 0.0000 0.0000 0.0000 0.0000 0.0000 0.0000 0.0000 0.4709 0.0000 0.1803 0.0000
68       68   (0)      2  : 0.0000 0.0000 0.0000 0.0000 0.0000 0.0000 0.0000 0.0000 0.0000 0.0000 0.0000 0.0000 0.0000 0.0000 1.0000 0.0000 0.0000 0.0000
69       69   (0)      2  : 0.1820 0.0000 0.0000 0.4004 0.0000 0.0000 0.0000 0.0000 0.0000 0.0000 0.4176 0.0000 0.0000 0.0000 0.0000 0.0000 0.0000 0.0000
70       70   (0)      2  : 0.0000 0.0000 0.0000 0.0000 0.0000 0.0000 0.0000 0.0000 0.0000 0.0000 0.0000 0.0000 0.0000 0.0000 0.0000 0.0000 0.3476 0.6524
71       71   (0)      2  : 0.0000 0.0000 1.0000 0.0000 0.0000 0.0000 0.0000 0.0000 0.0000 0.0000 0.0000 0.0000 0.0000 0.0000 0.0000 0.0000 0.0000 0.0000
72       72   (0)      2  : 0.0000 0.0000 1.0000 0.0000 0.0000 0.0000 0.0000 0.0000 0.0000 0.0000 0.0000 0.0000 0.0000 0.0000 0.0000 0.0000 0.0000 0.0000
73       73   (0)      2  : 0.0000 0.0028 0.0000 0.0000 0.0000 0.0000 0.0000 0.0000 0.0000 0.2881 0.0937 0.0000 0.0000 0.0000 0.0000 0.0000 0.0000 0.6155
74       74   (0)      2  : 0.0000 0.0000 0.0000 0.5579 0.0000 0.0000 0.0000 0.0000 0.0000 0.0000 0.0000 0.0000 0.0000 0.0000 0.0000 0.4421 0.0000 0.0000
75       75   (0)      2  : 0.0000 0.0000 0.0000 0.0000 0.9923 0.0077 0.0000 0.0000 0.0000 0.0000 0.0000 0.0000 0.0000 0.0000 0.0000 0.0000 0.0000 0.0000
76       76   (0)      2  : 0.0020 0.0000 0.0000 0.5617 0.0000 0.0000 0.0000 0.0000 0.0000 0.0000 0.0000 0.0000 0.0000 0.0000 0.0000 0.4363 0.0000 0.0000
77       77   (0)      2  : 0.0000 0.1329 0.0000 0.0000 0.0000 0.0000 0.3530 0.0000 0.0000 0.1269 0.0000 0.0000 0.0000 0.0000 0.0000 0.0531 0.1745 0.1595
78       78   (0)      2  : 0.0000 0.0000 1.0000 0.0000 0.0000 0.0000 0.0000 0.0000 0.0000 0.0000 0.0000 0.0000 0.0000 0.0000 0.0000 0.0000 0.0000 0.0000
79       79   (0)      2  : 0.0000 0.0000 0.0000 0.0000 1.0000 0.0000 0.0000 0.0000 0.0000 0.0000 0.0000 0.0000 0.0000 0.0000 0.0000 0.0000 0.0000 0.0000
80       80   (0)      2  : 0.0000 0.0000 1.0000 0.0000 0.0000 0.0000 0.0000 0.0000 0.0000 0.0000 0.0000 0.0000 0.0000 0.0000 0.0000 0.0000 0.0000 0.0000
81       81   (0)      2  : 0.0000 0.5350 0.0000 0.0000 0.0000 0.0000 0.0000 0.0000 0.0000 0.0000 0.0000 0.0000 0.0000 0.0000 0.0000 0.0000 0.4650 0.0000
82       82   (0)      2  : 0.0000 0.0000 0.0000 1.0000 0.0000 0.0000 0.0000 0.0000 0.0000 0.0000 0.0000 0.0000 0.0000 0.0000 0.0000 0.0000 0.0000 0.0000
83       83   (0)      2  : 0.2518 0.0000 0.0000 0.2006 0.0000 0.0000 0.0000 0.0000 0.0000 0.0000 0.0776 0.0000 0.0000 0.0000 0.0000 0.4700 0.0000 0.0000
84       84   (0)      2  : 0.0020 0.6414 0.0000 0.0000 0.0000 0.0000 0.0010 0.0000 0.0000 0.0000 0.2223 0.0000 0.0000 0.0000 0.0000 0.0000 0.1286 0.0047
85       85   (0)      2  : 0.0000 1.0000 0.0000 0.0000 0.0000 0.0000 0.0000 0.0000 0.0000 0.0000 0.0000 0.0000 0.0000 0.0000 0.0000 0.0000 0.0000 0.0000
86       86   (0)      2  : 0.0000 0.0000 0.0000 0.0253 0.0000 0.0000 0.1962 0.0000 0.0000 0.1645 0.0000 0.0000 0.0000 0.0000 0.3069 0.0000 0.3072 0.0000
87       87   (0)      2  : 0.0000 0.0356 0.0000 0.0121 0.0000 0.0000 0.0000 0.0000 0.0000 0.2504 0.0000 0.0000 0.0000 0.0000 0.0000 0.0000 0.3525 0.3494
88       88   (0)      2  : 0.0000 0.0000 0.0000 0.0000 0.0000 0.0000 0.6118 0.0000 0.0000 0.0000 0.0000 0.0000 0.0000 0.0000 0.3882 0.0000 0.0000 0.0000
89       89   (0)      2  : 0.0000 0.5359 0.0000 0.0000 0.0000 0.0000 0.2525 0.0000 0.0000 0.0000 0.0000 0.0000 0.0000 0.0000 0.0000 0.0000 0.2116 0.0000
90       90   (0)      2  : 0.0000 0.0000 0.0000 0.0000 0.0000 0.0000 0.0000 0.0000 0.0000 0.0000 0.0000 0.0000 0.0000 0.0000 1.0000 0.0000 0.0000 0.0000
91       91   (0)      2  : 0.0000 0.5824 0.0000 0.0000 0.0000 0.0000 0.0000 0.0000 0.0000 0.0000 0.0000 0.0000 0.0000 0.0000 0.0000 0.0000 0.4176 0.0000
92       92   (0)      2  : 0.0000 0.0000 0.0000 0.0000 0.0000 0.0000 1.0000 0.0000 0.0000 0.0000 0.0000 0.0000 0.0000 0.0000 0.0000 0.0000 0.0000 0.0000
93       93   (0)      2  : 0.4508 0.0000 0.0000 0.0000 0.0000 0.0000 0.0000 0.0000 0.0000 0.0000 0.3775 0.0000 0.0000 0.0000 0.0000 0.1717 0.0000 0.0000
94       94   (0)      2  : 0.0687 0.0000 0.0000 0.3482 0.0000 0.0000 0.0000 0.0000 0.0000 0.0000 0.1318 0.0000 0.0000 0.0000 0.0000 0.4513 0.0000 0.0000
95       95   (0)      2  : 0.0000 0.0000 1.0000 0.0000 0.0000 0.0000 0.0000 0.0000 0.0000 0.0000 0.0000 0.0000 0.0000 0.0000 0.0000 0.0000 0.0000 0.0000
96       96   (0)      2  : 0.2947 0.0000 0.0000 0.2107 0.0000 0.0000 0.0371 0.0000 0.0000 0.0000 0.2513 0.0000 0.0000 0.0000 0.0000 0.2063 0.0000 0.0000
97       97   (0)      2  : 0.3360 0.0000 0.0000 0.0636 0.0000 0.0000 0.0006 0.0000 0.0000 0.0002 0.3986 0.0000 0.0000 0.0000 0.0000 0.1816 0.0194 0.0000
98       98   (0)      2  : 0.0000 0.0000 0.0000 0.0000 0.0000 0.0000 0.0000 0.0000 0.0000 0.0000 0.0000 0.0000 0.0000 0.0000 0.0000 0.0000 0.0000 1.0000
99       99   (0)      2  : 0.0000 0.0000 1.0000 0.0000 0.0000 0.0000 0.0000 0.0000 0.0000 0.0000 0.0000 0.0000 0.0000 0.0000 0.0000 0.0000 0.0000 0.0000
100      100   (0)      2  : 0.0000 0.0000 0.0000 0.0000 0.0000 0.0000 1.0000 0.0000 0.0000 0.0000 0.0000 0.0000 0.0000 0.0000 0.0000 0.0000 0.0000 0.0000
101      101   (0)      3  : 0.0000 0.0000 0.0000 0.0000 0.0000 0.0000 0.4438 0.0000 0.0000 0.5562 0.0000 0.0000 0.0000 0.0000 0.0000 0.0000 0.0000 0.0000
102      102   (0)      3  : 0.0000 0.3423 0.0000 0.0000 0.0000 0.0000 0.0000 0.0000 0.0000 0.0000 0.0000 0.0000 0.0000 0.0000 0.0000 0.0000 0.2291 0.4285
103      103   (0)      3  : 0.0000 0.0000 0.0000 0.0000 0.0000 0.0000 0.0000 0.0000 0.0000 1.0000 0.0000 0.0000 0.0000 0.0000 0.0000 0.0000 0.0000 0.0000
104      104   (0)      3  : 0.0000 0.0000 0.0000 0.0000 0.0000 0.0000 0.6062 0.0000 0.0000 0.0000 0.0000 0.0000 0.0000 0.0000 0.0000 0.0000 0.0000 0.3938
105      105   (0)      3  : 0.0000 0.0000 0.0000 0.0000 0.0000 0.0000 0.0000 0.0000 0.0000 0.3604 0.0027 0.0000 0.0000 0.0000 0.0000 0.0108 0.6261 0.0000
106      106   (0)      3  : 0.0000 0.0000 0.0000 0.0000 0.0000 0.0000 0.0000 0.0000 0.0000 0.0000 0.0000 0.0000 0.0000 0.0000 0.0000 0.0000 1.0000 0.0000
107      107   (0)      3  : 0.0000 0.2098 0.0000 0.0000 0.0000 0.0000 0.1080 0.0000 0.0000 0.2923 0.0000 0.0000 0.0000 0.0000 0.1894 0.0000 0.1928 0.0077
108      108   (0)      3  : 0.0000 0.4004 0.0000 0.0000 0.0000 0.0000 0.0119 0.0000 0.0000 0.0000 0.0000 0.0000 0.0000 0.0000 0.5877 0.0000 0.0000 0.0000
109      109   (0)      3  : 0.0000 0.0000 0.0000 0.0000 0.0000 0.0000 1.0000 0.0000 0.0000 0.0000 0.0000 0.0000 0.0000 0.0000 0.0000 0.0000 0.0000 0.0000
110      110   (0)      3  : 0.0000 0.0000 0.0000 0.0000 0.0000 0.0000 0.0000 0.0000 0.0000 0.5956 0.0000 0.0000 0.0000 0.0000 0.2188 0.0000 0.0000 0.1856
111      111   (0)      3  : 0.0000 0.0000 0.0029 0.0000 0.0000 0.0000 0.0000 0.0000 0.0000 0.0000 0.0000 0.0000 0.0000 0.0000 0.7286 0.0000 0.2685 0.0000
112      112   (0)      3  : 0.0000 0.0000 0.0000 0.0000 0.0000 0.0000 0.0000 0.0000 0.0000 0.0000 0.0000 0.0000 0.0000 0.0000 0.0000 0.0000 0.0000 1.0000
113      113   (0)      3  : 0.0000 0.0000 0.0000 0.0000 0.0000 0.0000 0.4875 0.0000 0.0000 0.0000 0.0000 0.0000 0.0000 0.0000 0.0000 0.0000 0.1999 0.3127
114      114   (0)      3  : 0.0000 0.0000 0.0000 0.0000 0.0000 0.0000 0.9982 0.0000 0.0000 0.0000 0.0000 0.0000 0.0000 0.0000 0.0000 0.0000 0.0018 0.0000
115      115   (0)      3  : 0.0000 1.0000 0.0000 0.0000 0.0000 0.0000 0.0000 0.0000 0.0000 0.0000 0.0000 0.0000 0.0000 0.0000 0.0000 0.0000 0.0000 0.0000
116      116   (0)      3  : 0.0000 0.0000 0.0000 0.0000 0.0000 0.0000 0.0000 0.0000 0.0000 1.0000 0.0000 0.0000 0.0000 0.0000 0.0000 0.0000 0.0000 0.0000
117      117   (0)      3  : 0.0000 0.0000 0.0000 0.0000 0.0000 0.0000 0.0000 0.0000 0.0000 0.0000 0.0000 0.0000 0.0000 0.0000 0.0000 0.0000 1.0000 0.0000
118      118   (0)      3  : 0.0000 0.2458 0.0000 0.0000 0.0000 0.0000 0.5150 0.0000 0.0000 0.0000 0.0000 0.0000 0.0000 0.0000 0.0000 0.0203 0.0004 0.2185
119      119   (0)      3  : 0.0000 0.0000 0.0000 0.0177 0.0000 0.0000 0.0000 0.0000 0.0000 0.3848 0.0000 0.0000 0.0000 0.0000 0.0968 0.0000 0.2541 0.2466
120      120   (0)      3  : 0.0479 0.0000 0.0709 0.0000 0.0000 0.0000 0.0000 0.0000 0.0000 0.4709 0.0000 0.0000 0.0000 0.0000 0.0000 0.0000 0.3880 0.0222
121      121   (0)      3  : 0.0000 0.0000 0.0000 0.0000 0.0000 0.0000 0.0000 0.0000 0.0000 0.5309 0.0000 0.0000 0.0000 0.0000 0.0000 0.0000 0.4691 0.0000
122      122   (0)      3  : 0.0000 0.6489 0.0000 0.0146 0.0000 0.0000 0.0000 0.0000 0.0000 0.0000 0.0000 0.0000 0.0000 0.0000 0.0000 0.0000 0.3365 0.0000
123      123   (0)      3  : 0.0000 0.0000 0.0000 0.0000 0.0000 0.0000 0.0000 0.0000 0.0000 0.0000 0.0000 0.0000 0.0000 0.0000 1.0000 0.0000 0.0000 0.0000
124      124   (0)      3  : 0.0000 0.0000 0.0000 0.0000 0.0000 0.0000 0.0000 0.0000 0.0000 0.0000 0.0000 0.0000 0.0000 0.0000 1.0000 0.0000 0.0000 0.0000
125      125   (0)      3  : 0.0000 0.0000 0.0019 0.0000 0.0000 0.0000 0.3691 0.0000 0.0000 0.0000 0.0000 0.0000 0.0000 0.0000 0.3539 0.0000 0.2751 0.0000
126      126   (0)      3  : 0.0000 0.4409 0.0000 0.0505 0.0000 0.0000 0.0000 0.0000 0.0000 0.0000 0.0000 0.0000 0.0000 0.0000 0.0000 0.0000 0.5086 0.0000
127      127   (0)      3  : 0.0539 0.0000 0.0000 0.0000 0.0000 0.0000 0.6332 0.0000 0.0000 0.2964 0.0000 0.0000 0.0000 0.0000 0.0001 0.0000 0.0164 0.0000
128      128   (0)      3  : 0.0000 0.0000 0.0000 0.0000 0.0000 0.0000 0.0000 0.0000 0.0000 0.4449 0.0000 0.0000 0.0000 0.0000 0.0000 0.0000 0.2427 0.3124
129      129   (0)      3  : 0.0000 0.0000 0.0000 0.0000 0.0000 0.0000 0.0000 0.0000 0.0000 1.0000 0.0000 0.0000 0.0000 0.0000 0.0000 0.0000 0.0000 0.0000
130      130   (0)      3  : 0.5655 0.0000 0.0000 0.2588 0.0000 0.0000 0.0000 0.0000 0.0000 0.0000 0.1596 0.0000 0.0000 0.0000 0.0000 0.0000 0.0161 0.0000
131      131   (0)      3  : 0.0016 0.0000 0.0000 0.3165 0.0000 0.0000 0.0000 0.0000 0.0000 0.0000 0.1999 0.0000 0.0000 0.0000 0.0000 0.4304 0.0516 0.0000
132      132   (0)      3  : 0.0000 0.0000 1.0000 0.0000 0.0000 0.0000 0.0000 0.0000 0.0000 0.0000 0.0000 0.0000 0.0000 0.0000 0.0000 0.0000 0.0000 0.0000
133      133   (0)      3  : 0.0000 0.0000 0.0000 0.0000 0.8712 0.0000 0.0000 0.0000 0.0873 0.0000 0.0000 0.0000 0.0415 0.0000 0.0000 0.0000 0.0000 0.0000
134      134   (0)      3  : 0.3265 0.0000 0.0000 0.5364 0.0000 0.0000 0.0000 0.0000 0.0000 0.0964 0.0191 0.0000 0.0000 0.0000 0.0000 0.0001 0.0215 0.0000
135      135   (0)      3  : 0.0000 1.0000 0.0000 0.0000 0.0000 0.0000 0.0000 0.0000 0.0000 0.0000 0.0000 0.0000 0.0000 0.0000 0.0000 0.0000 0.0000 0.0000
136      136   (0)      3  : 0.0000 0.0000 0.0000 0.0000 0.0000 0.0000 0.0000 0.0000 0.0000 0.0000 0.0000 0.0000 0.0000 0.0000 1.0000 0.0000 0.0000 0.0000
137      137   (0)      3  : 0.0000 0.0000 0.0000 0.0000 0.0000 0.0000 0.0000 0.0000 0.0000 0.0000 1.0000 0.0000 0.0000 0.0000 0.0000 0.0000 0.0000 0.0000
138      138   (0)      3  : 0.0000 0.0000 0.0000 0.0000 0.0000 0.0000 0.0000 0.0000 0.0000 0.0000 0.0000 0.0000 0.0000 0.0000 0.0000 0.0000 0.0000 1.0000
139      139   (0)      3  : 0.0000 0.1745 0.0000 0.0000 0.0000 0.0000 0.5339 0.0000 0.0000 0.0000 0.0000 0.0000 0.0000 0.0000 0.0003 0.0000 0.0000 0.2913
140      140   (0)      3  : 0.0000 0.0000 0.0000 0.0000 0.0000 0.0000 0.0000 0.0000 0.0000 0.0000 0.0000 0.0000 0.0000 0.0000 0.0000 0.0000 1.0000 0.0000
141      141   (0)      3  : 0.0000 0.0000 1.0000 0.0000 0.0000 0.0000 0.0000 0.0000 0.0000 0.0000 0.0000 0.0000 0.0000 0.0000 0.0000 0.0000 0.0000 0.0000
142      142   (0)      3  : 0.0000 0.0000 1.0000 0.0000 0.0000 0.0000 0.0000 0.0000 0.0000 0.0000 0.0000 0.0000 0.0000 0.0000 0.0000 0.0000 0.0000 0.0000
143      143   (0)      3  : 0.0000 0.0000 1.0000 0.0000 0.0000 0.0000 0.0000 0.0000 0.0000 0.0000 0.0000 0.0000 0.0000 0.0000 0.0000 0.0000 0.0000 0.0000
144      144   (0)      3  : 0.0000 0.0000 1.0000 0.0000 0.0000 0.0000 0.0000 0.0000 0.0000 0.0000 0.0000 0.0000 0.0000 0.0000 0.0000 0.0000 0.0000 0.0000
145      145   (0)      3  : 0.0000 0.0000 1.0000 0.0000 0.0000 0.0000 0.0000 0.0000 0.0000 0.0000 0.0000 0.0000 0.0000 0.0000 0.0000 0.0000 0.0000 0.0000
146      146   (0)      3  : 0.0000 0.0000 0.0000 0.2536 0.0000 0.0000 0.0508 0.0000 0.0000 0.0000 0.4087 0.0000 0.0000 0.0000 0.0000 0.2868 0.0000 0.0000
147      147   (0)      3  : 0.0000 1.0000 0.0000 0.0000 0.0000 0.0000 0.0000 0.0000 0.0000 0.0000 0.0000 0.0000 0.0000 0.0000 0.0000 0.0000 0.0000 0.0000
148      148   (0)      3  : 0.0000 0.0000 1.0000 0.0000 0.0000 0.0000 0.0000 0.0000 0.0000 0.0000 0.0000 0.0000 0.0000 0.0000 0.0000 0.0000 0.0000 0.0000
149      149   (0)      3  : 0.0000 0.0000 1.0000 0.0000 0.0000 0.0000 0.0000 0.0000 0.0000 0.0000 0.0000 0.0000 0.0000 0.0000 0.0000 0.0000 0.0000 0.0000
150      150   (0)      3  : 0.0000 0.0000 0.0000 0.0000 0.8102 0.0000 0.0000 0.0000 0.1358 0.0000 0.0000 0.0540 0.0000 0.0000 0.0000 0.0000 0.0000 0.0000
151      151   (0)      3  : 0.0000 0.0000 0.0000 0.0000 1.0000 0.0000 0.0000 0.0000 0.0000 0.0000 0.0000 0.0000 0.0000 0.0000 0.0000 0.0000 0.0000 0.0000
152      152   (0)      3  : 0.0000 0.0000 0.0000 0.0000 0.0000 0.0000 0.0000 0.0000 0.0000 0.0000 0.0000 0.0000 0.0000 0.0000 0.6759 0.0000 0.3241 0.0000
153      153   (0)      3  : 0.0000 0.0000 1.0000 0.0000 0.0000 0.0000 0.0000 0.0000 0.0000 0.0000 0.0000 0.0000 0.0000 0.0000 0.0000 0.0000 0.0000 0.0000
154      154   (0)      3  : 0.0000 0.3125 0.0000 0.0000 0.0000 0.0000 0.6875 0.0000 0.0000 0.0000 0.0000 0.0000 0.0000 0.0000 0.0000 0.0000 0.0000 0.0000
155      155   (0)      3  : 0.0000 0.0000 0.0000 0.0000 0.0000 0.0000 0.6396 0.0000 0.0000 0.0000 0.0000 0.0000 0.0000 0.0000 0.0000 0.0000 0.3604 0.0000
156      156   (0)      3  : 0.1098 0.0000 0.0000 0.4574 0.0000 0.0000 0.0000 0.0000 0.0000 0.0000 0.0000 0.0000 0.0000 0.0000 0.0000 0.3662 0.0666 0.0000
157      157   (0)      3  : 0.0000 1.0000 0.0000 0.0000 0.0000 0.0000 0.0000 0.0000 0.0000 0.0000 0.0000 0.0000 0.0000 0.0000 0.0000 0.0000 0.0000 0.0000
158      158   (0)      3  : 0.6348 0.0000 0.0000 0.3652 0.0000 0.0000 0.0000 0.0000 0.0000 0.0000 0.0000 0.0000 0.0000 0.0000 0.0000 0.0000 0.0000 0.0000
159      159   (0)      3  : 0.0000 0.0000 0.0000 0.0000 0.0000 0.0000 0.0000 0.0000 0.0000 0.3167 0.0000 0.0000 0.0000 0.0000 0.0000 0.0000 0.1200 0.5633
160      160   (0)      3  : 0.2523 0.0108 0.0000 0.2100 0.0000 0.0000 0.0000 0.0000 0.0000 0.0000 0.5268 0.0000 0.0000 0.0000 0.0000 0.0000 0.0000 0.0000
161      161   (0)      4  : 0.0000 0.0000 0.0000 0.0000 0.0000 0.0000 0.0000 0.0000 0.0000 1.0000 0.0000 0.0000 0.0000 0.0000 0.0000 0.0000 0.0000 0.0000
162      162   (0)      4  : 0.0000 0.0000 0.0000 0.0000 0.0000 0.0000 0.6973 0.0000 0.0000 0.0000 0.0000 0.0000 0.0000 0.0000 0.0000 0.0000 0.3027 0.0000
163      163   (0)      4  : 0.0000 0.0000 1.0000 0.0000 0.0000 0.0000 0.0000 0.0000 0.0000 0.0000 0.0000 0.0000 0.0000 0.0000 0.0000 0.0000 0.0000 0.0000
164      164   (0)      4  : 0.7663 0.0000 0.0000 0.0000 0.0000 0.0000 0.0000 0.0000 0.0000 0.0000 0.2337 0.0000 0.0000 0.0000 0.0000 0.0000 0.0000 0.0000
165      165   (0)      4  : 0.0000 0.0000 1.0000 0.0000 0.0000 0.0000 0.0000 0.0000 0.0000 0.0000 0.0000 0.0000 0.0000 0.0000 0.0000 0.0000 0.0000 0.0000
166      166   (0)      4  : 0.0000 0.0000 1.0000 0.0000 0.0000 0.0000 0.0000 0.0000 0.0000 0.0000 0.0000 0.0000 0.0000 0.0000 0.0000 0.0000 0.0000 0.0000
167      167   (0)      4  : 0.0000 0.4690 0.0000 0.0000 0.0000 0.0000 0.0000 0.0000 0.0000 0.0000 0.0000 0.0000 0.0000 0.0000 0.0000 0.0000 0.3471 0.1838
168      168   (0)      4  : 0.0000 0.3285 0.0000 0.0000 0.0000 0.0000 0.0000 0.0000 0.0000 0.0000 0.0000 0.0000 0.0000 0.0000 0.0000 0.0000 0.6715 0.0000
169      169   (0)      4  : 0.0000 1.0000 0.0000 0.0000 0.0000 0.0000 0.0000 0.0000 0.0000 0.0000 0.0000 0.0000 0.0000 0.0000 0.0000 0.0000 0.0000 0.0000
170      170   (0)      4  : 0.0000 0.1085 0.0000 0.0000 0.0000 0.0000 0.0000 0.0000 0.0000 0.0000 0.0000 0.0000 0.0000 0.0000 0.5048 0.0000 0.1476 0.2391
171      171   (0)      4  : 0.0000 0.0000 0.0000 0.0000 0.0000 0.0000 0.0000 0.0000 0.0000 0.0000 0.0000 0.0000 0.0000 0.0000 0.4988 0.0000 0.2735 0.2277
172      172   (0)      4  : 0.0000 0.0002 0.0000 0.0001 0.0000 0.0000 0.0004 0.0000 0.0000 0.0000 0.0000 0.0000 0.0000 0.0000 0.3250 0.0000 0.2646 0.4097
173      173   (0)      4  : 0.0000 0.0000 0.0000 0.0000 0.0000 0.0000 0.3781 0.0000 0.0000 0.0000 0.0000 0.0000 0.0000 0.0000 0.6219 0.0000 0.0000 0.0000
174      174   (0)      4  : 0.0039 0.0431 0.0000 0.0759 0.0000 0.0000 0.0000 0.0000 0.0000 0.0000 0.4383 0.0000 0.0000 0.0000 0.0000 0.4389 0.0000 0.0000
175      175   (0)      4  : 0.0000 0.5043 0.0000 0.0000 0.0000 0.0000 0.0000 0.0000 0.0000 0.0000 0.0000 0.0000 0.0000 0.0000 0.0000 0.0000 0.4957 0.0000
176      176   (0)      4  : 0.0000 0.0000 1.0000 0.0000 0.0000 0.0000 0.0000 0.0000 0.0000 0.0000 0.0000 0.0000 0.0000 0.0000 0.0000 0.0000 0.0000 0.0000
177      177   (0)      4  : 0.0000 0.0000 0.0000 0.0000 0.0000 0.0000 0.0000 0.0000 0.0000 0.0000 0.0000 0.0000 0.0000 0.0000 1.0000 0.0000 0.0000 0.0000
178      178   (0)      4  : 0.0000 0.0000 1.0000 0.0000 0.0000 0.0000 0.0000 0.0000 0.0000 0.0000 0.0000 0.0000 0.0000 0.0000 0.0000 0.0000 0.0000 0.0000
179      179   (0)      4  : 0.0000 0.0000 1.0000 0.0000 0.0000 0.0000 0.0000 0.0000 0.0000 0.0000 0.0000 0.0000 0.0000 0.0000 0.0000 0.0000 0.0000 0.0000
180      180   (0)      4  : 0.0000 0.3792 0.0134 0.0000 0.0000 0.0000 0.5929 0.0000 0.0000 0.0000 0.0000 0.0000 0.0000 0.0000 0.0000 0.0000 0.0144 0.0000
181      181   (0)      4  : 0.0000 0.0000 0.0000 0.0000 0.0000 0.0000 0.0000 0.0000 0.0000 0.0000 0.0000 0.0000 0.0000 0.0000 1.0000 0.0000 0.0000 0.0000
182      182   (0)      4  : 0.0000 0.0000 0.0000 0.0000 0.0000 0.0000 0.0000 0.0000 0.0000 0.0000 0.0000 0.0000 0.0000 0.0000 0.0000 0.0000 1.0000 0.0000
183      183   (0)      4  : 0.2639 0.0000 0.0000 0.3969 0.0000 0.0000 0.0000 0.0000 0.0000 0.0000 0.3392 0.0000 0.0000 0.0000 0.0000 0.0000 0.0000 0.0000
184      184   (0)      4  : 0.0000 0.0000 0.0000 0.2083 0.0000 0.0000 0.0000 0.0000 0.0000 0.0000 0.4346 0.0000 0.0000 0.0000 0.0000 0.3360 0.0211 0.0000
185      185   (0)      4  : 0.0000 0.0000 1.0000 0.0000 0.0000 0.0000 0.0000 0.0000 0.0000 0.0000 0.0000 0.0000 0.0000 0.0000 0.0000 0.0000 0.0000 0.0000
186      186   (0)      4  : 0.0000 0.0000 0.0000 0.0000 0.0000 0.0000 0.0000 0.0000 0.0000 0.0000 0.0000 0.0000 0.0000 0.0000 0.0000 0.0000 0.0000 1.0000
187      187   (0)      4  : 0.0000 0.0000 0.0000 0.0000 0.0000 0.0000 0.0000 0.0000 0.0000 0.0000 0.0000 0.0000 0.0000 0.0000 1.0000 0.0000 0.0000 0.0000
188      188   (0)      4  : 0.0000 0.0000 1.0000 0.0000 0.0000 0.0000 0.0000 0.0000 0.0000 0.0000 0.0000 0.0000 0.0000 0.0000 0.0000 0.0000 0.0000 0.0000
189      189   (0)      4  : 0.0000 0.0000 0.0000 0.0000 0.0000 0.0000 0.0000 0.0000 0.0000 0.0000 0.0170 0.0000 0.0000 0.0000 0.1000 0.0000 0.4393 0.4437
190      190   (0)      4  : 0.3789 0.0000 0.0000 0.3875 0.0000 0.0000 0.0000 0.0000 0.0000 0.0000 0.2336 0.0000 0.0000 0.0000 0.0000 0.0000 0.0000 0.0000
191      191   (0)      4  : 0.0000 0.6792 0.0976 0.0000 0.0000 0.0000 0.0000 0.0000 0.0786 0.0000 0.1446 0.0000 0.0000 0.0000 0.0000 0.0000 0.0000 0.0000
192      192   (0)      4  : 0.0000 0.4845 0.0000 0.0000 0.0000 0.0000 0.5155 0.0000 0.0000 0.0000 0.0000 0.0000 0.0000 0.0000 0.0000 0.0000 0.0000 0.0000
193      193   (0)      4  : 0.0000 0.6374 0.0000 0.0000 0.0000 0.0000 0.1406 0.0000 0.0000 0.0004 0.0534 0.0000 0.0000 0.0000 0.0000 0.0000 0.1682 0.0000
194      194   (0)      4  : 0.0000 0.5483 0.0000 0.0000 0.0000 0.0000 0.0000 0.0000 0.0000 0.0000 0.0000 0.0000 0.0000 0.0000 0.2597 0.0000 0.0000 0.1921
195      195   (0)      4  : 0.0000 0.0000 0.0000 0.0000 0.0000 0.0000 0.0000 0.0000 0.0000 0.0000 0.0000 0.0000 0.0000 0.0000 0.0000 0.0000 1.0000 0.0000
196      196   (0)      4  : 0.0000 0.2270 0.0000 0.0000 0.0000 0.0000 0.2132 0.0000 0.0000 0.0988 0.0000 0.0000 0.0000 0.0000 0.2732 0.0000 0.1878 0.0000
197      197   (0)      4  : 0.0000 0.0000 0.0000 0.0000 0.0000 0.0000 0.0000 0.0000 0.0000 0.0000 0.0000 0.0000 0.0000 0.0000 0.5853 0.0000 0.0000 0.4147
198      198   (0)      4  : 0.0000 0.5194 0.0000 0.0000 0.0000 0.0000 0.4806 0.0000 0.0000 0.0000 0.0000 0.0000 0.0000 0.0000 0.0000 0.0000 0.0000 0.0000
199      199   (0)      4  : 0.0000 0.0000 0.0000 0.0000 0.0000 0.0000 0.0000 0.0000 0.0000 1.0000 0.0000 0.0000 0.0000 0.0000 0.0000 0.0000 0.0000 0.0000
200      200   (0)      4  : 0.0982 0.0000 0.0000 0.3774 0.0000 0.0000 0.0000 0.0000 0.0000 0.0000 0.2219 0.0000 0.0000 0.0000 0.0000 0.2270 0.0000 0.0754
201      201   (0)      4  : 0.0000 0.0000 0.0000 0.0000 0.0000 0.0000 0.0000 0.0000 0.0000 0.0000 0.0000 0.0000 0.0000 0.0000 0.0000 0.0000 1.0000 0.0000
202      202   (0)      4  : 0.0000 0.0000 0.0000 0.0000 0.0000 0.0000 1.0000 0.0000 0.0000 0.0000 0.0000 0.0000 0.0000 0.0000 0.0000 0.0000 0.0000 0.0000
203      203   (0)      4  : 0.0000 0.0000 0.0000 0.0000 0.0000 0.0000 0.0000 0.0000 0.0000 0.0000 0.0000 0.0000 0.0000 0.0000 0.0000 0.0000 1.0000 0.0000
204      204   (0)      4  : 0.0000 0.0000 0.0000 0.0000 0.0000 0.0000 0.0000 0.0000 0.0000 0.0000 0.0000 0.0000 0.0000 0.0000 0.6836 0.0000 0.0000 0.3164
205      205   (0)      4  : 0.0000 0.0000 0.0000 0.0000 0.0000 0.0000 1.0000 0.0000 0.0000 0.0000 0.0000 0.0000 0.0000 0.0000 0.0000 0.0000 0.0000 0.0000
206      206   (0)      4  : 0.0000 1.0000 0.0000 0.0000 0.0000 0.0000 0.0000 0.0000 0.0000 0.0000 0.0000 0.0000 0.0000 0.0000 0.0000 0.0000 0.0000 0.0000
207      207   (0)      4  : 0.0210 0.2956 0.0000 0.0000 0.0000 0.0000 0.2724 0.0000 0.0000 0.0000 0.0000 0.0000 0.0000 0.0000 0.0001 0.0000 0.2476 0.1633
208      208   (0)      4  : 0.0000 0.0000 0.0000 0.3900 0.0000 0.0000 0.0000 0.0000 0.0000 0.0000 0.3757 0.0000 0.0000 0.0000 0.0649 0.1694 0.0000 0.0000
209      209   (0)      4  : 0.0000 0.6859 0.0000 0.0000 0.0000 0.0000 0.0000 0.0000 0.0000 0.0000 0.0000 0.0000 0.0000 0.0000 0.1338 0.0000 0.0000 0.1803
210      210   (0)      4  : 0.0000 0.0000 0.0000 0.0000 0.0000 0.0000 0.0000 0.0000 0.0000 0.7469 0.0000 0.0000 0.0000 0.0000 0.0000 0.0000 0.2531 0.0000
211      211   (0)      4  : 0.0000 0.0000 0.0000 0.0000 0.0000 0.0000 0.0000 0.0000 0.0000 0.0000 0.0000 0.0000 0.0000 0.0000 0.0000 0.0000 0.5105 0.4895
212      212   (0)      4  : 0.0000 0.0000 0.0000 0.0000 0.0000 0.0000 0.0000 0.0000 0.0000 0.0000 1.0000 0.0000 0.0000 0.0000 0.0000 0.0000 0.0000 0.0000
213      213   (0)      4  : 0.0000 0.0000 0.0000 0.0000 0.0000 0.0000 1.0000 0.0000 0.0000 0.0000 0.0000 0.0000 0.0000 0.0000 0.0000 0.0000 0.0000 0.0000
214      214   (0)      4  : 0.0000 0.1101 0.0132 0.0218 0.0000 0.0000 0.2238 0.0000 0.0000 0.3058 0.0000 0.0000 0.0000 0.0000 0.0000 0.0000 0.3253 0.0000
215      215   (0)      4  : 0.2005 0.1392 0.0060 0.1350 0.0000 0.0000 0.3578 0.0000 0.0000 0.0011 0.1558 0.0000 0.0000 0.0000 0.0000 0.0004 0.0042 0.0000
216      216   (0)      4  : 0.0000 0.0000 0.0000 0.0000 0.0000 0.0000 0.0000 0.0000 0.0000 0.0000 0.0000 0.0000 0.0000 0.0000 0.0000 0.0000 0.0000 1.0000
217      217   (0)      4  : 0.0000 0.0000 1.0000 0.0000 0.0000 0.0000 0.0000 0.0000 0.0000 0.0000 0.0000 0.0000 0.0000 0.0000 0.0000 0.0000 0.0000 0.0000
218      218   (0)      4  : 0.0000 0.0000 0.0000 0.0000 0.0000 0.0000 0.0000 0.0000 0.0000 0.0000 0.0000 0.0000 0.0000 0.0000 1.0000 0.0000 0.0000 0.0000
219      219   (0)      4  : 0.0000 0.3119 0.0000 0.0000 0.0000 0.0000 0.0000 0.0000 0.0000 0.0000 0.0000 0.0000 0.0000 0.0000 0.0000 0.0060 0.3073 0.3748
220      220   (0)      5  : 0.0000 0.0000 0.0000 0.0000 0.0000 0.0000 0.0000 0.0000 0.0000 0.0000 0.0000 0.0000 0.3405 0.6595 0.0000 0.0000 0.0000 0.0000
221      221   (0)      5  : 0.0000 0.0000 0.0000 0.0000 0.0000 0.0000 0.0000 0.4112 0.0000 0.0000 0.0000 0.5888 0.0000 0.0000 0.0000 0.0000 0.0000 0.0000
222      222   (0)      6  : 0.0000 0.0000 0.0000 0.0000 0.0000 0.0000 0.0000 0.0000 0.0000 0.0000 0.0000 1.0000 0.0000 0.0000 0.0000 0.0000 0.0000 0.0000
223      223   (0)      6  : 0.0000 0.0000 0.0000 0.0000 0.0000 0.0001 0.0000 0.2642 0.0000 0.0000 0.0000 0.3332 0.0000 0.4024 0.0000 0.0000 0.0000 0.0000
224      224   (0)      6  : 0.0000 0.0000 0.0000 0.0000 0.0000 0.1551 0.0000 0.5951 0.0000 0.0000 0.0000 0.0000 0.2497 0.0000 0.0000 0.0000 0.0000 0.0000
225      225   (0)      6  : 0.0000 0.0000 0.0000 0.0000 0.0003 0.0000 0.0000 0.0000 0.0000 0.0000 0.0000 0.0000 0.3755 0.6242 0.0000 0.0000 0.0000 0.0000
226      226   (0)      6  : 0.0000 0.0000 0.0000 0.0000 0.0000 0.3206 0.0000 0.0000 0.0155 0.0000 0.0000 0.0000 0.4553 0.2087 0.0000 0.0000 0.0000 0.0000
227      227   (0)      6  : 0.0000 0.0000 0.0000 0.0000 0.0000 0.4070 0.0000 0.0000 0.0000 0.0000 0.0000 0.2660 0.3270 0.0000 0.0000 0.0000 0.0000 0.0000
228      228   (0)      6  : 0.0000 0.0000 0.0000 0.0000 0.0000 0.0000 0.0000 0.0000 0.0270 0.0000 0.0000 0.0256 0.3117 0.6357 0.0000 0.0000 0.0000 0.0000
229      229   (0)      6  : 0.0000 0.0000 0.0000 0.0000 0.0000 0.5285 0.0000 0.0000 0.0000 0.0000 0.0000 0.0126 0.3252 0.1337 0.0000 0.0000 0.0000 0.0000
230      230   (0)      6  : 0.0000 0.0000 0.0000 0.0000 0.0000 0.5224 0.0000 0.2752 0.0000 0.0000 0.0000 0.0000 0.2024 0.0000 0.0000 0.0000 0.0000 0.0000
231      231   (0)      6  : 0.0000 0.0000 0.0000 0.0000 0.0373 0.3742 0.0000 0.0000 0.0000 0.0000 0.0000 0.0000 0.1674 0.4210 0.0000 0.0000 0.0000 0.0000
232      232   (0)      6  : 0.0000 0.0000 0.0000 0.0000 0.0000 0.3307 0.0000 0.0000 0.0000 0.0000 0.0000 0.2973 0.3720 0.0000 0.0000 0.0000 0.0000 0.0000
233      233   (0)      6  : 0.0000 0.0000 0.0000 0.0000 0.0000 0.0000 0.0000 0.0000 0.0000 0.0000 0.0000 0.0000 0.7706 0.2294 0.0000 0.0000 0.0000 0.0000
234      234   (0)      6  : 0.0000 0.0000 0.0000 0.0000 0.0000 0.2924 0.0000 0.4076 0.0000 0.0000 0.0000 0.1364 0.1636 0.0000 0.0000 0.0000 0.0000 0.0000
235      235   (0)      6  : 0.0000 0.0000 0.0000 0.0000 0.0000 0.0000 0.0000 0.2032 0.0000 0.0000 0.0000 0.3668 0.2585 0.1716 0.0000 0.0000 0.0000 0.0000
236      236   (0)      6  : 0.0000 0.0000 0.0000 0.0000 0.0000 0.0000 0.0000 0.0000 0.0000 0.0000 0.0000 0.6109 0.3852 0.0039 0.0000 0.0000 0.0000 0.0000
237      237   (0)      6  : 0.0000 0.0000 0.0000 0.0000 0.0000 0.0000 0.0000 0.2342 0.0000 0.0000 0.0000 0.0546 0.0000 0.7111 0.0000 0.0000 0.0000 0.0000
238      238   (0)      6  : 0.0000 0.0000 0.0000 0.0000 0.0000 0.4166 0.0000 0.1982 0.0000 0.0000 0.0000 0.2901 0.0951 0.0000 0.0000 0.0000 0.0000 0.0000
239      239   (0)      6  : 0.0000 0.0000 0.0000 0.0000 0.0000 0.0000 0.0000 0.0000 0.0000 0.0000 0.0000 0.0000 1.0000 0.0000 0.0000 0.0000 0.0000 0.0000
240      240   (0)      6  : 0.0000 0.0000 0.0000 0.0000 0.0176 0.5188 0.0000 0.2444 0.0000 0.0000 0.0000 0.0000 0.0000 0.2192 0.0000 0.0000 0.0000 0.0000
241      241   (0)      6  : 0.0000 0.0000 0.0000 0.0000 0.0000 1.0000 0.0000 0.0000 0.0000 0.0000 0.0000 0.0000 0.0000 0.0000 0.0000 0.0000 0.0000 0.0000
242      242   (0)      6  : 0.0000 0.0000 0.0000 0.0000 0.0000 0.0000 0.0000 0.4083 0.0000 0.0000 0.0000 0.1140 0.4585 0.0192 0.0000 0.0000 0.0000 0.0000
243      243   (0)      6  : 0.0000 0.0000 0.0000 0.0000 0.0557 0.2467 0.0000 0.0000 0.0000 0.0000 0.0000 0.0000 0.6976 0.0000 0.0000 0.0000 0.0000 0.0000
244      244   (0)      6  : 0.0000 0.0000 0.0000 0.0000 0.0000 0.0000 0.0000 0.0000 0.0000 0.0000 0.0000 0.0000 1.0000 0.0000 0.0000 0.0000 0.0000 0.0000
245      245   (0)      6  : 0.0000 0.0000 0.0000 0.0000 0.0000 0.5803 0.0000 0.4197 0.0000 0.0000 0.0000 0.0000 0.0000 0.0000 0.0000 0.0000 0.0000 0.0000
246      246   (0)      6  : 0.0000 0.0000 0.0000 0.0000 0.0000 0.0000 0.0000 0.6993 0.0000 0.0000 0.0000 0.3007 0.0000 0.0000 0.0000 0.0000 0.0000 0.0000
247      247   (0)      6  : 0.0000 0.0000 0.0000 0.0000 0.0000 0.3957 0.0000 0.0000 0.0000 0.0000 0.0000 0.2179 0.3865 0.0000 0.0000 0.0000 0.0000 0.0000
248      248   (0)      6  : 0.0000 0.0000 0.0000 0.0000 0.0000 1.0000 0.0000 0.0000 0.0000 0.0000 0.0000 0.0000 0.0000 0.0000 0.0000 0.0000 0.0000 0.0000
249      249   (0)      7  : 0.0000 0.0000 0.0000 0.0000 0.0000 0.5927 0.0000 0.4073 0.0000 0.0000 0.0000 0.0000 0.0000 0.0000 0.0000 0.0000 0.0000 0.0000
250      250   (0)      7  : 0.0000 0.0000 0.0000 0.0000 0.0000 0.0000 0.0000 0.2770 0.0000 0.0000 0.0000 0.1080 0.6151 0.0000 0.0000 0.0000 0.0000 0.0000
251      251   (0)      7  : 0.0000 0.0000 0.0000 0.0000 0.0000 0.0000 0.0000 0.0000 0.0000 0.0000 0.0000 0.3683 0.6317 0.0000 0.0000 0.0000 0.0000 0.0000
252      252   (0)      7  : 0.0000 0.0000 0.0000 0.0000 0.0000 0.3663 0.0000 0.2357 0.0000 0.0000 0.0000 0.1902 0.0000 0.2078 0.0000 0.0000 0.0000 0.0000
253      253   (0)      7  : 0.0000 0.0000 0.0000 0.0000 0.0000 0.0000 0.0000 0.4930 0.0000 0.0000 0.0000 0.4094 0.0976 0.0000 0.0000 0.0000 0.0000 0.0000
254      254   (0)      7  : 0.0000 0.0000 0.0000 0.0000 0.0000 0.3866 0.0000 0.0000 0.0000 0.0000 0.0000 0.6134 0.0000 0.0000 0.0000 0.0000 0.0000 0.0000
255      255   (0)      7  : 0.0000 0.0000 0.0000 0.0000 0.0000 0.5917 0.0000 0.0000 0.0000 0.0000 0.0000 0.0000 0.4083 0.0000 0.0000 0.0000 0.0000 0.0000
256      256   (0)      7  : 0.0000 0.0000 0.0000 0.0000 0.0000 0.3260 0.0000 0.0002 0.0000 0.0000 0.0000 0.0000 0.2309 0.4428 0.0000 0.0000 0.0000 0.0000
257      257   (0)      7  : 0.0000 0.0000 0.0000 0.0000 0.0000 0.0000 0.0000 0.0000 0.0000 0.0000 0.0000 0.0000 0.0000 1.0000 0.0000 0.0000 0.0000 0.0000
258      258   (0)      7  : 0.0000 0.0000 0.0000 0.0000 0.0000 0.0000 0.0000 0.0000 0.0000 0.0000 0.0000 0.0000 1.0000 0.0000 0.0000 0.0000 0.0000 0.0000
259      259   (0)      7  : 0.0000 0.0000 0.0000 0.0000 0.0000 0.0000 0.0000 0.1965 0.0000 0.0000 0.0000 0.0000 0.5633 0.2402 0.0000 0.0000 0.0000 0.0000
260      260   (0)      7  : 0.0000 0.0000 0.0000 0.0000 0.0000 1.0000 0.0000 0.0000 0.0000 0.0000 0.0000 0.0000 0.0000 0.0000 0.0000 0.0000 0.0000 0.0000
261      261   (0)      7  : 0.0000 0.0000 0.0000 0.0000 0.0000 0.0000 0.0000 1.0000 0.0000 0.0000 0.0000 0.0000 0.0000 0.0000 0.0000 0.0000 0.0000 0.0000
262      262   (0)      7  : 0.0000 0.0000 0.0000 0.0000 0.0000 0.0000 0.0000 0.1773 0.0000 0.0000 0.0000 0.1583 0.0875 0.5768 0.0000 0.0000 0.0000 0.0000
263      263   (0)      7  : 0.0000 0.0000 0.0000 0.0000 0.0000 0.3889 0.0000 0.0000 0.0000 0.0000 0.0000 0.0000 0.0000 0.6111 0.0000 0.0000 0.0000 0.0000
264      264   (0)      7  : 0.0000 0.0000 0.0000 0.0000 0.0000 0.4795 0.0000 0.0000 0.0000 0.0000 0.0000 0.0000 0.0000 0.5205 0.0000 0.0000 0.0000 0.0000
265      265   (0)      7  : 0.0000 0.0000 0.0000 0.0000 0.0000 0.0000 0.0000 0.0000 0.0000 0.0000 0.0000 0.5711 0.4289 0.0000 0.0000 0.0000 0.0000 0.0000
266      266   (0)      7  : 0.0000 0.0000 0.0000 0.0000 0.0000 0.0000 0.0000 0.7668 0.0074 0.0000 0.0000 0.2258 0.0000 0.0000 0.0000 0.0000 0.0000 0.0000
267      267   (0)      7  : 0.0000 0.0000 0.0000 0.0000 0.0000 0.0000 0.0000 0.0000 0.0000 0.0000 0.0000 1.0000 0.0000 0.0000 0.0000 0.0000 0.0000 0.0000
268      268   (0)      7  : 0.0000 0.0000 0.0000 0.0000 0.0000 0.2471 0.0000 0.6710 0.0000 0.0000 0.0000 0.0000 0.0818 0.0001 0.0000 0.0000 0.0000 0.0000
269      269   (0)      7  : 0.0000 0.0000 0.0000 0.0000 0.0000 0.0000 0.0000 0.0000 0.0000 0.0000 0.0000 1.0000 0.0000 0.0000 0.0000 0.0000 0.0000 0.0000
270      270   (0)      7  : 0.0000 0.0000 0.0000 0.0000 0.0110 0.0000 0.0000 0.5872 0.0000 0.0000 0.0000 0.0000 0.1277 0.2741 0.0000 0.0000 0.0000 0.0000
271      271   (0)      7  : 0.0000 0.0000 0.0000 0.0000 0.0000 0.0000 0.0000 0.0000 0.0000 0.0000 0.0000 0.0000 1.0000 0.0000 0.0000 0.0000 0.0000 0.0000
272      272   (0)      7  : 0.0000 0.0000 0.0000 0.0000 0.0000 0.0000 0.0000 0.4384 0.0000 0.0000 0.0000 0.5616 0.0000 0.0000 0.0000 0.0000 0.0000 0.0000
273      273   (0)      7  : 0.0000 0.0000 0.0000 0.0000 0.0000 0.0000 0.0000 0.0181 0.0000 0.0000 0.0000 0.0857 0.2751 0.6211 0.0000 0.0000 0.0000 0.0000
274      274   (0)      7  : 0.0000 0.0000 0.0000 0.0000 0.0000 0.3860 0.0000 0.0000 0.0094 0.0000 0.0000 0.3906 0.2140 0.0000 0.0000 0.0000 0.0000 0.0000
275      275   (0)      7  : 0.0000 0.0000 0.0004 0.0000 0.0000 0.0007 0.0000 0.2940 0.0000 0.0000 0.0000 0.5359 0.1691 0.0000 0.0000 0.0000 0.0000 0.0000
276      276   (0)      7  : 0.0000 0.0000 0.0000 0.0000 0.0000 0.3499 0.0000 0.6500 0.0000 0.0000 0.0000 0.0000 0.0000 0.0000 0.0000 0.0000 0.0000 0.0000
277      277   (0)      7  : 0.0000 0.0000 0.0000 0.0000 0.0000 0.3427 0.0000 0.3794 0.0058 0.0000 0.0000 0.0000 0.2721 0.0000 0.0000 0.0000 0.0000 0.0000
278      278   (0)      7  : 0.0000 0.0000 0.0000 0.0000 0.0000 0.0000 0.0000 1.0000 0.0000 0.0000 0.0000 0.0000 0.0000 0.0000 0.0000 0.0000 0.0000 0.0000
279      279   (0)      8  : 0.0000 0.0000 0.0000 0.0000 0.0000 0.0000 0.0000 0.0000 0.0000 0.0000 0.0000 1.0000 0.0000 0.0000 0.0000 0.0000 0.0000 0.0000
280      280   (0)      8  : 0.0000 0.0000 0.0000 0.0000 0.0000 0.0000 0.0000 0.0000 0.0000 0.0000 0.0000 0.2530 0.0000 0.7470 0.0000 0.0000 0.0000 0.0000
281      281   (0)      8  : 0.0000 0.0000 0.0000 0.0000 0.0000 0.0000 0.0000 0.0000 0.0000 0.0000 0.0000 1.0000 0.0000 0.0000 0.0000 0.0000 0.0000 0.0000
282      282   (0)      8  : 0.0000 0.0000 0.0000 0.0000 0.0000 0.2374 0.0000 0.0000 0.0038 0.0000 0.0000 0.2373 0.1193 0.4022 0.0000 0.0000 0.0000 0.0000
283      283   (0)      8  : 0.0000 0.0000 0.0000 0.0000 0.0001 0.2312 0.0000 0.4107 0.0139 0.0000 0.0000 0.0000 0.3440 0.0000 0.0000 0.0000 0.0000 0.0000
284      284   (0)      8  : 0.0000 0.0000 0.0000 0.0000 0.0000 0.0000 0.0000 0.6791 0.0000 0.0000 0.0000 0.2667 0.0000 0.0542 0.0000 0.0000 0.0000 0.0000
285      285   (0)      8  : 0.0000 0.0000 0.0000 0.0000 0.0000 0.9965 0.0000 0.0035 0.0000 0.0000 0.0000 0.0000 0.0000 0.0000 0.0000 0.0000 0.0000 0.0000
286      286   (0)      8  : 0.0000 0.0000 0.0000 0.0000 0.0000 0.0000 0.0000 0.4451 0.0000 0.0000 0.0000 0.0000 0.2938 0.2611 0.0000 0.0000 0.0000 0.0000
287      287   (0)      8  : 0.0000 0.0000 0.0000 0.0000 0.0000 0.2678 0.0000 0.0000 0.0000 0.0000 0.0000 0.0000 0.0000 0.7322 0.0000 0.0000 0.0000 0.0000
288      288   (0)      8  : 0.0000 0.0000 0.0000 0.0000 0.0000 0.0000 0.0000 0.0000 0.0000 0.0000 0.0000 1.0000 0.0000 0.0000 0.0000 0.0000 0.0000 0.0000
289      289   (0)      8  : 0.0000 0.0000 0.0000 0.0000 0.0000 1.0000 0.0000 0.0000 0.0000 0.0000 0.0000 0.0000 0.0000 0.0000 0.0000 0.0000 0.0000 0.0000
290      290   (0)      5  : 0.0000 0.0000 0.0000 0.0000 0.0000 0.0000 0.0000 0.7183 0.0000 0.0000 0.0000 0.2817 0.0000 0.0000 0.0000 0.0000 0.0000 0.0000
291      291   (0)      5  : 0.0000 0.0000 0.0000 0.0000 0.0000 0.0000 0.0000 0.0000 0.0000 0.0000 0.0000 0.0000 0.0000 1.0000 0.0000 0.0000 0.0000 0.0000
292      292   (0)      5  : 0.0000 0.0000 0.0000 0.0000 0.0000 0.0000 0.0000 0.0000 0.0000 0.0000 0.0000 1.0000 0.0000 0.0000 0.0000 0.0000 0.0000 0.0000
293      293   (0)      5  : 0.0000 0.0000 0.0000 0.0000 0.0000 0.2511 0.0000 0.3150 0.0193 0.0000 0.0000 0.3520 0.0000 0.0625 0.0000 0.0000 0.0000 0.0000
294      294   (0)      5  : 0.0000 0.0000 0.0000 0.0000 0.0016 0.2774 0.0000 0.3155 0.0000 0.0000 0.0000 0.2088 0.0000 0.1968 0.0000 0.0000 0.0000 0.0000
295      295   (0)      5  : 0.0000 0.0000 0.0000 0.0000 0.0000 0.0000 0.0000 0.0000 0.0000 0.0000 0.0000 0.1134 0.0000 0.8866 0.0000 0.0000 0.0000 0.0000
296      296   (0)      5  : 0.0000 0.0000 0.0060 0.0000 0.0370 0.2686 0.0000 0.0558 0.0002 0.0000 0.0000 0.0860 0.0704 0.4759 0.0000 0.0000 0.0000 0.0000
297      297   (0)      5  : 0.0000 0.0000 0.0106 0.0000 0.0284 0.5139 0.0000 0.0000 0.0027 0.0000 0.0000 0.0000 0.2040 0.2404 0.0000 0.0000 0.0000 0.0000
298      298   (0)      5  : 0.0000 0.0000 0.0000 0.0000 0.0000 0.2634 0.0000 0.3659 0.0000 0.0000 0.0000 0.0000 0.3707 0.0000 0.0000 0.0000 0.0000 0.0000
299      299   (0)      5  : 0.0000 0.0000 0.0000 0.0000 0.0000 0.0000 0.0000 0.0000 0.0000 0.0000 0.0000 0.0000 1.0000 0.0000 0.0000 0.0000 0.0000 0.0000
300      300   (0)      5  : 0.0000 0.0000 0.0000 0.0000 0.0000 0.0000 0.0000 0.0000 0.0000 0.0000 0.0000 0.4838 0.3124 0.2039 0.0000 0.0000 0.0000 0.0000
301      301   (0)      5  : 0.0000 0.0000 0.0000 0.0000 0.0000 0.0000 0.0000 0.0000 0.0000 0.0000 0.0000 0.0000 1.0000 0.0000 0.0000 0.0000 0.0000 0.0000
302      302   (0)      5  : 0.0000 0.0000 0.0000 0.0000 0.0000 0.0000 0.0000 1.0000 0.0000 0.0000 0.0000 0.0000 0.0000 0.0000 0.0000 0.0000 0.0000 0.0000
303      303   (0)      5  : 0.0000 0.0000 0.0000 0.0000 0.0000 0.0000 0.0000 0.0000 0.0000 0.0000 0.0000 0.0000 0.0000 1.0000 0.0000 0.0000 0.0000 0.0000
304      304   (0)      5  : 0.0000 0.0000 0.0000 0.0000 0.0000 0.7424 0.0000 0.2576 0.0000 0.0000 0.0000 0.0000 0.0000 0.0000 0.0000 0.0000 0.0000 0.0000
305      305   (0)      5  : 0.0000 0.0000 0.0000 0.0000 0.0000 0.3409 0.0000 0.2344 0.0129 0.0000 0.0000 0.2103 0.0001 0.2015 0.0000 0.0000 0.0000 0.0000
306      306   (0)      5  : 0.0000 0.0000 0.0000 0.0000 0.0000 0.0000 0.0000 0.0000 0.0000 0.0000 0.0000 0.0000 1.0000 0.0000 0.0000 0.0000 0.0000 0.0000
307      307   (0)      5  : 0.0000 0.0000 0.0000 0.0000 0.0265 0.4263 0.0000 0.0000 0.0000 0.0000 0.0000 0.0224 0.5248 0.0000 0.0000 0.0000 0.0000 0.0000
308      308   (0)      5  : 0.0000 0.0000 0.0000 0.0000 0.0000 0.0000 0.0000 0.0575 0.0122 0.0000 0.0000 0.1598 0.2466 0.5239 0.0000 0.0000 0.0000 0.0000
309      309   (0)      5  : 0.0000 0.0000 0.0000 0.0000 0.0000 0.0000 0.0000 0.6816 0.0000 0.0000 0.0000 0.0000 0.0000 0.3184 0.0000 0.0000 0.0000 0.0000
310      310   (0)      5  : 0.0000 0.0000 0.0000 0.0000 0.0000 0.0000 0.0000 0.0000 0.0000 0.0000 0.0000 0.0000 1.0000 0.0000 0.0000 0.0000 0.0000 0.0000
311      311   (0)      5  : 0.0000 0.0000 0.0000 0.0000 0.0000 0.2784 0.0000 0.0000 0.0031 0.0000 0.0000 0.2525 0.4661 0.0000 0.0000 0.0000 0.0000 0.0000
312      312   (0)      5  : 0.0000 0.0000 0.0000 0.0000 0.0000 0.0000 0.0000 0.3094 0.0240 0.0000 0.0000 0.0000 0.2767 0.3899 0.0000 0.0000 0.0000 0.0000
313      313   (0)      5  : 0.0000 0.0000 0.0000 0.0000 0.0000 0.2012 0.0000 0.3723 0.0000 0.0000 0.0000 0.4264 0.0000 0.0000 0.0000 0.0000 0.0000 0.0000
314      314   (0)      5  : 0.0000 0.0000 0.0000 0.0000 0.0000 0.0000 0.0000 0.3527 0.0000 0.0000 0.0000 0.0000 0.6473 0.0000 0.0000 0.0000 0.0000 0.0000
315      315   (0)      5  : 0.0000 0.0000 0.0000 0.0000 0.0000 0.3559 0.0000 0.3159 0.0067 0.0000 0.0000 0.0000 0.3214 0.0000 0.0000 0.0000 0.0000 0.0000
316      316   (0)      5  : 0.0000 0.0000 0.0000 0.0000 0.0000 0.0000 0.0000 0.0000 0.0000 0.0000 0.0000 0.0000 0.0000 1.0000 0.0000 0.0000 0.0000 0.0000
317      317   (0)      5  : 0.0000 0.0000 0.0000 0.0000 0.0000 0.0000 0.0000 0.4115 0.0000 0.0000 0.0000 0.3432 0.2453 0.0000 0.0000 0.0000 0.0000 0.0000
318      318   (0)      8  : 0.0000 0.0000 0.0000 0.0000 0.0000 0.0000 0.0000 0.4468 0.0000 0.0000 0.0000 0.1822 0.3710 0.0000 0.0000 0.0000 0.0000 0.0000
319      319   (0)      8  : 0.0000 0.0000 0.0000 0.0000 0.0000 0.0000 0.0000 0.3204 0.0000 0.0000 0.0000 0.2671 0.0000 0.4125 0.0000 0.0000 0.0000 0.0000
320      320   (0)      9  : 0.0000 0.0000 0.0000 0.0000 0.0000 0.0000 0.0000 1.0000 0.0000 0.0000 0.0000 0.0000 0.0000 0.0000 0.0000 0.0000 0.0000 0.0000
321      321   (0)      9  : 0.0000 0.0000 0.0014 0.0000 0.0000 0.0190 0.0000 0.0002 0.0005 0.0000 0.0000 0.4955 0.4834 0.0000 0.0000 0.0000 0.0000 0.0000
322      322   (0)      9  : 0.0000 0.0000 0.0000 0.0000 0.0000 0.1930 0.0000 0.8070 0.0000 0.0000 0.0000 0.0000 0.0000 0.0000 0.0000 0.0000 0.0000 0.0000
323      323   (0)      9  : 0.0000 0.0000 0.0000 0.0000 0.0000 0.1928 0.0000 0.2043 0.0000 0.0000 0.0000 0.1525 0.0000 0.4504 0.0000 0.0000 0.0000 0.0000
324      324   (0)      9  : 0.0000 0.0000 0.0000 0.0000 0.0000 0.3423 0.0000 0.0000 0.0000 0.0000 0.0000 0.0000 0.0055 0.6523 0.0000 0.0000 0.0000 0.0000
325      325   (0)      8  : 0.0000 0.0000 0.0000 0.0000 0.0000 1.0000 0.0000 0.0000 0.0000 0.0000 0.0000 0.0000 0.0000 0.0000 0.0000 0.0000 0.0000 0.0000
326      326   (0)      8  : 0.0000 0.0000 0.0000 0.0000 0.0000 0.0000 0.0000 0.2087 0.0000 0.0000 0.0000 0.2478 0.2567 0.2868 0.0000 0.0000 0.0000 0.0000
327      327   (0)      8  : 0.0000 0.0000 0.0000 0.0000 0.0000 0.0001 0.0000 0.5086 0.0000 0.0000 0.0000 0.0000 0.0000 0.4914 0.0000 0.0000 0.0000 0.0000
328      328   (0)      8  : 0.0000 0.0000 0.0000 0.0000 0.0000 0.0000 0.0000 0.1418 0.0000 0.0000 0.0000 0.0010 0.0000 0.8572 0.0000 0.0000 0.0000 0.0000
329      329   (0)      8  : 0.0000 0.0000 0.0000 0.0000 0.0000 0.4587 0.0000 0.5408 0.0000 0.0000 0.0000 0.0000 0.0005 0.0000 0.0000 0.0000 0.0000 0.0000
330      330   (0)      9  : 0.0000 0.0000 0.0000 0.0000 0.0000 0.0000 0.0000 0.3977 0.0000 0.0000 0.0000 0.0000 0.6023 0.0000 0.0000 0.0000 0.0000 0.0000
331      331   (0)      9  : 0.0000 0.0000 0.0000 0.0000 0.0000 0.0000 0.0000 0.6511 0.0000 0.0000 0.0000 0.0000 0.0000 0.3489 0.0000 0.0000 0.0000 0.0000
332      332   (0)      9  : 0.0000 0.0000 0.0000 0.0000 0.0000 0.0000 0.0000 0.0000 0.0000 0.0000 0.0000 0.0000 0.4118 0.5882 0.0000 0.0000 0.0000 0.0000
333      333   (0)      9  : 0.0000 0.0000 0.0000 0.0000 0.0000 0.5859 0.0000 0.0000 0.0000 0.0000 0.0000 0.3894 0.0247 0.0000 0.0000 0.0000 0.0000 0.0000
334      334   (0)      9  : 0.0000 0.0000 0.0000 0.0000 0.0000 0.0000 0.0000 0.5345 0.0000 0.0000 0.0000 0.0000 0.0000 0.4655 0.0000 0.0000 0.0000 0.0000
335      335   (0)      9  : 0.0000 0.0000 0.0000 0.0000 0.0000 0.3354 0.0000 0.0000 0.0000 0.0000 0.0000 0.4555 0.2091 0.0000 0.0000 0.0000 0.0000 0.0000
336      336   (0)      8  : 0.0000 0.0000 0.0000 0.0000 0.0000 0.0000 0.0000 0.0000 0.0000 0.0000 0.0000 0.0000 0.0000 1.0000 0.0000 0.0000 0.0000 0.0000
337      337   (0)      8  : 0.0000 0.0000 0.0000 0.0000 0.0000 0.0000 0.0000 0.0000 0.0085 0.0000 0.0000 0.0000 0.2927 0.6988 0.0000 0.0000 0.0000 0.0000
338      338   (0)      8  : 0.0000 0.0000 0.0000 0.0000 0.0000 0.0000 0.0000 0.0000 0.0000 0.0000 0.0000 0.0000 0.0000 1.0000 0.0000 0.0000 0.0000 0.0000
339      339   (0)      8  : 0.0000 0.0000 0.0000 0.0000 0.0000 0.3461 0.0000 0.0000 0.0000 0.0000 0.0000 0.0000 0.6012 0.0527 0.0000 0.0000 0.0000 0.0000
340      340   (0)      8  : 0.0000 0.0000 0.0000 0.0000 0.0000 0.0000 0.0000 0.6000 0.0000 0.0000 0.0000 0.0001 0.3999 0.0000 0.0000 0.0000 0.0000 0.0000
341      341   (0)      8  : 0.0000 0.0000 0.0000 0.0000 0.0384 0.0000 0.0000 0.4764 0.0036 0.0000 0.0000 0.0000 0.2395 0.2421 0.0000 0.0000 0.0000 0.0000
342      342   (0)      8  : 0.0000 0.0000 0.0000 0.0000 0.0000 0.1660 0.0000 0.0000 0.0000 0.0000 0.0000 0.1574 0.2625 0.4142 0.0000 0.0000 0.0000 0.0000
343      343   (0)      9  : 0.0000 0.0000 0.0000 0.0000 0.0000 0.7284 0.0000 0.0000 0.0000 0.0000 0.0000 0.0000 0.2716 0.0000 0.0000 0.0000 0.0000 0.0000
344      344   (0)      9  : 0.0000 0.0000 0.0000 0.0000 0.0000 0.5247 0.0000 0.0000 0.0000 0.0000 0.0000 0.0000 0.0000 0.4752 0.0000 0.0000 0.0000 0.0000
345      345   (0)      9  : 0.0000 0.0000 0.0000 0.0000 0.0000 0.0000 0.0000 0.3442 0.0000 0.0000 0.0000 0.2478 0.0000 0.4080 0.0000 0.0000 0.0000 0.0000
346      346   (0)      9  : 0.0000 0.0000 0.0000 0.0000 0.0081 0.2008 0.0000 0.4570 0.0000 0.0000 0.0000 0.0000 0.3186 0.0154 0.0000 0.0000 0.0000 0.0000
347      347   (0)      9  : 0.0000 0.0000 0.0000 0.0000 0.0000 1.0000 0.0000 0.0000 0.0000 0.0000 0.0000 0.0000 0.0000 0.0000 0.0000 0.0000 0.0000 0.0000
348      348   (0)      9  : 0.0000 0.0000 0.0000 0.0000 0.0000 0.0000 0.0000 0.2668 0.0258 0.0000 0.0000 0.0090 0.3080 0.3903 0.0000 0.0000 0.0000 0.0000
349      349   (0)      9  : 0.0000 0.0000 0.0000 0.0000 0.0343 0.5001 0.0000 0.0000 0.0253 0.0000 0.0000 0.2184 0.2219 0.0000 0.0000 0.0000 0.0000 0.0000
350      350   (0)      9  : 0.0000 0.0000 0.0000 0.0000 0.0000 0.3893 0.0000 0.0011 0.0000 0.0000 0.0000 0.1175 0.4640 0.0282 0.0000 0.0000 0.0000 0.0000
351      351   (0)      9  : 0.0000 0.0000 0.0000 0.0000 0.0214 0.1951 0.0000 0.2336 0.0000 0.0000 0.0000 0.2982 0.0000 0.2516 0.0000 0.0000 0.0000 0.0000
352      352   (0)      9  : 0.0000 0.0000 0.0000 0.0000 0.0000 0.3386 0.0000 0.0000 0.0060 0.0000 0.0000 0.0000 0.0000 0.6553 0.0000 0.0000 0.0000 0.0000
353      353   (0)      9  : 0.0000 0.0000 0.0000 0.0000 0.0186 0.0000 0.0000 0.0000 0.0000 0.0000 0.0000 0.1250 0.4133 0.4432 0.0000 0.0000 0.0000 0.0000
354      354   (0)      9  : 0.0000 0.0000 0.0000 0.0000 0.0000 0.2707 0.0000 0.4108 0.0000 0.0000 0.0000 0.0000 0.0097 0.3088 0.0000 0.0000 0.0000 0.0000
355      355   (0)      9  : 0.0000 0.0000 0.0000 0.0000 0.0000 0.2826 0.0000 0.4995 0.0076 0.0000 0.0000 0.0941 0.0000 0.1161 0.0000 0.0000 0.0000 0.0000
356      356   (0)      9  : 0.0000 0.0000 0.0000 0.0000 0.0000 0.6170 0.0000 0.0000 0.0000 0.0000 0.0000 0.0074 0.3755 0.0000 0.0000 0.0000 0.0000 0.0000
357      357   (0)      9  : 0.0000 0.0000 0.0000 0.0000 0.0000 0.2979 0.0000 0.0000 0.0000 0.0000 0.0000 0.2380 0.4640 0.0000 0.0000 0.0000 0.0000 0.0000
358      358   (0)      9  : 0.0000 0.0000 0.0000 0.0000 0.0000 0.0000 0.0000 0.0000 0.0000 0.0000 0.0000 0.0000 0.9945 0.0054 0.0000 0.0000 0.0000 0.0000
359      359   (0)      9  : 0.0000 0.0000 0.0000 0.0000 0.0086 0.1384 0.0000 0.0759 0.0000 0.0000 0.0000 0.0000 0.4233 0.3539 0.0000 0.0000 0.0000 0.0000
360      360   (0)      9  : 0.0000 0.0000 0.0000 0.0000 0.0000 0.0000 0.0000 0.0000 0.0000 0.0000 0.0000 0.0000 0.0000 1.0000 0.0000 0.0000 0.0000 0.0000
361      361   (0)      9  : 0.0000 0.0000 0.0000 0.0000 0.0000 0.0865 0.0000 0.0000 0.0000 0.0000 0.0000 0.1236 0.3863 0.4036 0.0000 0.0000 0.0000 0.0000
362      362   (0)     10  : 0.0000 0.0000 0.0000 0.0000 0.0000 0.0000 0.0000 0.4171 0.0000 0.0000 0.0000 0.0010 0.4411 0.1408 0.0000 0.0000 0.0000 0.0000
363      363   (0)     10  : 0.0000 0.0000 0.0000 0.0000 0.0000 0.0000 0.0000 0.7419 0.0000 0.0000 0.0000 0.0000 0.2581 0.0000 0.0000 0.0000 0.0000 0.0000
364      364   (0)     10  : 0.0000 0.0000 0.0000 0.0000 0.0000 0.0478 0.0000 0.5194 0.0000 0.0000 0.0000 0.1594 0.2690 0.0045 0.0000 0.0000 0.0000 0.0000
365      365   (0)     10  : 0.0000 0.0000 0.0000 0.0000 0.0000 0.0000 0.0000 1.0000 0.0000 0.0000 0.0000 0.0000 0.0000 0.0000 0.0000 0.0000 0.0000 0.0000
366      366   (0)     10  : 0.0000 0.0000 0.0000 0.0000 0.0000 1.0000 0.0000 0.0000 0.0000 0.0000 0.0000 0.0000 0.0000 0.0000 0.0000 0.0000 0.0000 0.0000
367      367   (0)     10  : 0.0000 0.0000 0.0000 0.0000 0.0016 0.2951 0.0000 0.7032 0.0000 0.0000 0.0000 0.0000 0.0001 0.0000 0.0000 0.0000 0.0000 0.0000
368      368   (0)     10  : 0.0000 0.0000 0.0000 0.0000 0.0000 0.4443 0.0000 0.2869 0.0000 0.0000 0.0000 0.2689 0.0000 0.0000 0.0000 0.0000 0.0000 0.0000
369      369   (0)     10  : 0.0000 0.0000 0.0000 0.0000 0.0000 0.3507 0.0000 0.0000 0.0000 0.0000 0.0000 0.0000 0.0000 0.6492 0.0000 0.0000 0.0000 0.0000
370      370   (0)     10  : 0.0000 0.0000 0.0000 0.0000 0.0000 0.0000 0.0000 0.0000 0.0000 0.0000 0.0000 1.0000 0.0000 0.0000 0.0000 0.0000 0.0000 0.0000
371      371   (0)     10  : 0.0000 0.0000 0.0000 0.0000 0.0000 1.0000 0.0000 0.0000 0.0000 0.0000 0.0000 0.0000 0.0000 0.0000 0.0000 0.0000 0.0000 0.0000
372      372   (0)     10  : 0.0000 0.0000 0.0000 0.0000 0.0000 0.1524 0.0000 0.2038 0.0000 0.0000 0.0000 0.3362 0.0000 0.3076 0.0000 0.0000 0.0000 0.0000
373      373   (0)     10  : 0.0000 0.0000 0.0000 0.0000 0.0000 0.0000 0.0000 0.2352 0.0000 0.0000 0.0000 0.0553 0.2465 0.4629 0.0000 0.0000 0.0000 0.0000
374      374   (0)     10  : 0.0000 0.0000 0.0000 0.0000 0.0000 0.5919 0.0000 0.4081 0.0000 0.0000 0.0000 0.0000 0.0000 0.0000 0.0000 0.0000 0.0000 0.0000
375      375   (0)     10  : 0.0000 0.0000 0.0000 0.0000 0.0000 0.2234 0.0000 0.3953 0.0000 0.0000 0.0000 0.1227 0.0169 0.2417 0.0000 0.0000 0.0000 0.0000
376      376   (0)     10  : 0.0000 0.0000 0.0000 0.0000 0.0000 0.0000 0.0000 0.2862 0.0191 0.0000 0.0000 0.5347 0.0003 0.1597 0.0000 0.0000 0.0000 0.0000
377      377   (0)     10  : 0.0000 0.0000 0.0000 0.0000 0.0000 0.0808 0.0000 0.3240 0.0253 0.0000 0.0000 0.2787 0.0000 0.2912 0.0000 0.0000 0.0000 0.0000
378      378   (0)     10  : 0.0000 0.0000 0.0000 0.0000 0.0000 0.0000 0.0000 0.0000 0.0000 0.0000 0.0000 0.0000 1.0000 0.0000 0.0000 0.0000 0.0000 0.0000
379      379   (0)     10  : 0.0000 0.0000 0.0000 0.0000 0.0429 0.1837 0.0000 0.3872 0.0000 0.0000 0.0000 0.1511 0.1889 0.0461 0.0000 0.0000 0.0000 0.0000
380      380   (0)     10  : 0.0000 0.0000 0.0000 0.0000 0.0000 0.3807 0.0000 0.0000 0.0000 0.0000 0.0000 0.0000 0.0000 0.6193 0.0000 0.0000 0.0000 0.0000
381      381   (0)     10  : 0.0000 0.0000 0.0000 0.0000 0.0000 0.0000 0.0000 0.4254 0.0000 0.0000 0.0000 0.0000 0.5746 0.0000 0.0000 0.0000 0.0000 0.0000
382      382   (0)     10  : 0.0000 0.0000 0.0000 0.0000 0.0000 0.4463 0.0000 0.3947 0.0000 0.0000 0.0000 0.0000 0.1590 0.0000 0.0000 0.0000 0.0000 0.0000
383      383   (0)     10  : 0.0000 0.0000 0.0000 0.0000 0.0000 0.0000 0.0000 0.0000 0.0000 0.0000 0.0000 0.0000 1.0000 0.0000 0.0000 0.0000 0.0000 0.0000
384      384   (0)     10  : 0.0000 0.0000 0.0000 0.0000 0.0000 0.0000 0.0000 0.7985 0.0000 0.0000 0.0000 0.0000 0.2015 0.0000 0.0000 0.0000 0.0000 0.0000
385      385   (0)     10  : 0.0000 0.0000 0.0000 0.0000 0.0000 0.0000 0.0000 0.0000 0.0000 0.0000 0.0000 0.0000 1.0000 0.0000 0.0000 0.0000 0.0000 0.0000
386      386   (0)     10  : 0.0000 0.0000 0.0000 0.0000 0.0000 0.0000 0.0000 0.0000 0.0000 0.0000 0.0000 1.0000 0.0000 0.0000 0.0000 0.0000 0.0000 0.0000
387      387   (0)     10  : 0.0000 0.0000 0.0000 0.0000 0.0000 0.0000 0.0000 0.0000 0.0000 0.0000 0.0000 0.0000 0.6814 0.3186 0.0000 0.0000 0.0000 0.0000
388      388   (0)     10  : 0.0000 0.0000 0.0000 0.0000 0.0000 0.4680 0.0000 0.2025 0.0000 0.0000 0.0000 0.0000 0.3295 0.0000 0.0000 0.0000 0.0000 0.0000
389      389   (0)     10  : 0.0000 0.0000 0.0000 0.0000 0.0000 0.0572 0.0000 0.0000 0.0000 0.0000 0.0000 0.2931 0.3018 0.3478 0.0000 0.0000 0.0000 0.0000
390      390   (0)      8  : 0.0000 0.0000 0.0000 0.0000 0.0000 0.0000 0.0000 1.0000 0.0000 0.0000 0.0000 0.0000 0.0000 0.0000 0.0000 0.0000 0.0000 0.0000
391      391   (0)      8  : 0.0000 0.0000 0.0000 0.0000 0.0000 0.3754 0.0000 0.2695 0.0000 0.0000 0.0000 0.3551 0.0000 0.0000 0.0000 0.0000 0.0000 0.0000
392      392   (0)      8  : 0.0000 0.0000 0.0000 0.0000 0.0000 0.0000 0.0000 0.0000 0.0000 0.0000 0.0000 0.0000 0.0000 1.0000 0.0000 0.0000 0.0000 0.0000
393      393   (0)     11  : 0.0000 0.0000 0.0000 0.0000 0.0000 0.6344 0.0000 0.0000 0.0000 0.0000 0.0000 0.0000 0.0000 0.3656 0.0000 0.0000 0.0000 0.0000
394      394   (0)     11  : 0.0000 0.0000 0.0000 0.0000 0.0000 0.0000 0.0000 0.0998 0.0000 0.0000 0.0000 0.0000 0.5551 0.3451 0.0000 0.0000 0.0000 0.0000
395      395   (0)     11  : 0.0000 0.0000 0.0000 0.0000 0.0000 0.2384 0.0000 0.0000 0.0210 0.0000 0.0000 0.0645 0.0000 0.6570 0.0000 0.0190 0.0000 0.0000
396      396   (0)     11  : 0.0000 0.0000 0.0000 0.0000 0.0000 0.9848 0.0000 0.0000 0.0000 0.0000 0.0152 0.0000 0.0000 0.0000 0.0000 0.0000 0.0000 0.0000
397      397   (0)     11  : 0.0000 0.0000 0.0000 0.0000 0.0000 0.0000 0.0000 0.2958 0.0000 0.0000 0.0000 0.1548 0.5411 0.0083 0.0000 0.0000 0.0000 0.0000
398      398   (0)     11  : 0.0000 0.0000 0.0000 0.0000 0.0000 0.0204 0.0000 0.6421 0.0000 0.0000 0.0000 0.3375 0.0000 0.0000 0.0000 0.0000 0.0000 0.0000
399      399   (0)     11  : 0.0000 0.0000 0.0000 0.0000 0.0000 0.6007 0.0000 0.0000 0.0000 0.0000 0.0000 0.0000 0.2952 0.1040 0.0000 0.0000 0.0000 0.0000
400      400   (0)     11  : 0.0000 0.0000 0.0000 0.0000 0.0000 0.0000 0.0000 0.0000 0.0000 0.0000 0.0000 0.0905 0.5391 0.3704 0.0000 0.0000 0.0000 0.0000
401      401   (0)     11  : 0.0000 0.0000 0.0000 0.0000 0.0000 0.0000 0.0000 0.0000 0.0000 0.0000 0.0000 0.0000 0.2610 0.7390 0.0000 0.0000 0.0000 0.0000
402      402   (0)     11  : 0.0000 0.0000 0.0000 0.0000 0.0000 0.2748 0.0000 0.4288 0.0000 0.0000 0.0000 0.0000 0.2827 0.0138 0.0000 0.0000 0.0000 0.0000
403      403   (0)     11  : 0.0000 0.0000 0.0000 0.0000 0.0000 0.0081 0.0000 0.0000 0.0000 0.0000 0.0000 0.0000 0.6467 0.3452 0.0000 0.0000 0.0000 0.0000
404      404   (0)     11  : 0.0000 0.0000 0.0000 0.0000 0.0000 0.6245 0.0000 0.2556 0.0000 0.0000 0.0000 0.0000 0.1199 0.0000 0.0000 0.0000 0.0000 0.0000
405      405   (0)     11  : 0.0000 0.0000 0.0000 0.0000 0.0708 0.0328 0.0000 0.0000 0.0140 0.0000 0.0000 0.1637 0.0000 0.7187 0.0000 0.0000 0.0000 0.0000
406      406   (0)     11  : 0.0000 0.0000 0.0000 0.0000 0.0000 0.0000 0.0000 0.6558 0.0000 0.0000 0.0000 0.3439 0.0001 0.0003 0.0000 0.0000 0.0000 0.0000
407      407   (0)     11  : 0.0000 0.0000 0.0000 0.0000 0.0000 0.2544 0.0000 0.0000 0.0000 0.0000 0.0000 0.3844 0.0732 0.2881 0.0000 0.0000 0.0000 0.0000
408      408   (0)     11  : 0.0000 0.0000 0.0000 0.0000 0.0000 0.2331 0.0000 0.0000 0.0000 0.0000 0.0000 0.3893 0.0000 0.3776 0.0000 0.0000 0.0000 0.0000
409      409   (0)     11  : 0.0000 0.0000 0.0042 0.0000 0.0000 0.4221 0.0000 0.2661 0.0214 0.0000 0.0000 0.0000 0.2862 0.0000 0.0000 0.0000 0.0000 0.0000
410      410   (0)     11  : 0.0000 0.0000 0.0000 0.0000 0.0000 0.4535 0.0000 0.5465 0.0000 0.0000 0.0000 0.0000 0.0000 0.0000 0.0000 0.0000 0.0000 0.0000
411      411   (0)     11  : 0.0000 0.0000 0.0000 0.0000 0.0000 0.0000 0.0000 1.0000 0.0000 0.0000 0.0000 0.0000 0.0000 0.0000 0.0000 0.0000 0.0000 0.0000
412      412   (0)     11  : 0.0000 0.0000 0.0000 0.0000 0.0000 0.0000 0.0000 0.0170 0.0061 0.0000 0.0000 0.3264 0.2343 0.4163 0.0000 0.0000 0.0000 0.0000
413      413   (0)     11  : 0.0000 0.0000 0.0000 0.0000 0.0000 0.0000 0.0000 1.0000 0.0000 0.0000 0.0000 0.0000 0.0000 0.0000 0.0000 0.0000 0.0000 0.0000
414      414   (0)     11  : 0.0000 0.0000 0.0000 0.0000 0.0000 0.4635 0.0000 0.0000 0.0000 0.0000 0.0000 0.0267 0.0000 0.5099 0.0000 0.0000 0.0000 0.0000
415      415   (0)     11  : 0.0000 0.0000 0.0000 0.0000 0.0000 0.5196 0.0000 0.0000 0.0011 0.0000 0.0000 0.4728 0.0000 0.0064 0.0000 0.0000 0.0000 0.0000
416      416   (0)     11  : 0.0000 0.0000 0.0000 0.0000 0.0000 0.0000 0.0000 0.4947 0.0248 0.0000 0.0000 0.4805 0.0000 0.0000 0.0000 0.0000 0.0000 0.0000
417      417   (0)     11  : 0.0000 0.0000 0.0000 0.0000 0.0000 0.0000 0.0000 0.0000 0.0000 0.0000 0.0000 0.0000 0.0000 1.0000 0.0000 0.0000 0.0000 0.0000
418      418   (0)     11  : 0.0000 0.0000 0.0000 0.0191 0.0238 0.2895 0.0000 0.2682 0.0000 0.0000 0.0000 0.0000 0.3993 0.0000 0.0000 0.0000 0.0000 0.0000
419      419   (0)     11  : 0.0000 0.0000 0.0000 0.0000 0.0000 0.0013 0.0000 0.0000 0.0000 0.0000 0.0000 0.0000 0.0000 0.9987 0.0000 0.0000 0.0000 0.0000
420      420   (0)     11  : 0.0000 0.0000 0.0000 0.0000 0.0000 1.0000 0.0000 0.0000 0.0000 0.0000 0.0000 0.0000 0.0000 0.0000 0.0000 0.0000 0.0000 0.0000
421      421   (0)     11  : 0.0000 0.0000 0.0000 0.0000 0.0000 0.2719 0.0000 0.0000 0.0127 0.0000 0.0000 0.0000 0.0000 0.7153 0.0000 0.0000 0.0000 0.0000
422      422   (0)     11  : 0.0000 0.0000 0.0000 0.0000 0.0000 0.0000 0.0000 0.0000 0.0000 0.0000 0.0000 0.0000 1.0000 0.0000 0.0000 0.0000 0.0000 0.0000
423      423   (0)     12  : 0.0000 0.0000 0.0000 0.0000 0.0000 0.0000 0.0000 0.0000 0.0000 0.0000 1.0000 0.0000 0.0000 0.0000 0.0000 0.0000 0.0000 0.0000
424      424   (0)     12  : 0.0000 0.0000 0.0000 0.0000 0.7922 0.0000 0.0000 0.1186 0.0892 0.0000 0.0000 0.0000 0.0000 0.0000 0.0000 0.0000 0.0000 0.0000
425      425   (0)     12  : 0.3603 0.0000 0.0000 0.2252 0.0000 0.0000 0.0000 0.0000 0.0000 0.0000 0.2519 0.0000 0.0000 0.0000 0.0000 0.1625 0.0000 0.0000
426      426   (0)     12  : 0.0000 0.0000 0.0000 0.0000 0.5058 0.0000 0.0000 0.0000 0.4347 0.0000 0.0000 0.0000 0.0595 0.0000 0.0000 0.0000 0.0000 0.0000
427      427   (0)     12  : 0.0000 0.0000 0.0000 0.3941 0.0000 0.0000 0.0000 0.0000 0.0000 0.0000 0.0000 0.0000 0.0000 0.0000 0.0000 0.6059 0.0000 0.0000
428      428   (0)     12  : 0.2233 0.0835 0.0000 0.4088 0.0071 0.0000 0.0000 0.0000 0.0000 0.0000 0.2773 0.0000 0.0000 0.0000 0.0000 0.0000 0.0000 0.0000
429      429   (0)     12  : 0.0000 0.0000 0.0000 0.0000 0.0000 0.0000 0.0000 0.0000 1.0000 0.0000 0.0000 0.0000 0.0000 0.0000 0.0000 0.0000 0.0000 0.0000
430      430   (0)     12  : 0.1777 0.0000 0.0000 0.0603 0.0000 0.0000 0.0000 0.0000 0.0000 0.0195 0.2193 0.0000 0.0000 0.0000 0.0000 0.5232 0.0000 0.0000
431      431   (0)     12  : 0.5942 0.0000 0.0000 0.0000 0.0000 0.0000 0.0000 0.0000 0.0000 0.0316 0.3742 0.0000 0.0000 0.0000 0.0000 0.0000 0.0000 0.0000
432      432   (0)     12  : 0.0000 0.0000 0.0000 0.0000 0.9548 0.0148 0.0000 0.0000 0.0304 0.0000 0.0000 0.0000 0.0000 0.0000 0.0000 0.0000 0.0000 0.0000
433      433   (0)     12  : 0.3509 0.0000 0.0000 0.0000 0.0000 0.0000 0.0000 0.0000 0.0000 0.0000 0.0000 0.0000 0.0000 0.0000 0.0000 0.6491 0.0000 0.0000
434      434   (0)     12  : 1.0000 0.0000 0.0000 0.0000 0.0000 0.0000 0.0000 0.0000 0.0000 0.0000 0.0000 0.0000 0.0000 0.0000 0.0000 0.0000 0.0000 0.0000
435      435   (0)     12  : 0.3799 0.0000 0.0000 0.2344 0.0000 0.0000 0.0000 0.0000 0.0121 0.0000 0.1390 0.0000 0.0000 0.0000 0.0000 0.1747 0.0598 0.0000
436      436   (0)     12  : 1.0000 0.0000 0.0000 0.0000 0.0000 0.0000 0.0000 0.0000 0.0000 0.0000 0.0000 0.0000 0.0000 0.0000 0.0000 0.0000 0.0000 0.0000
437      437   (0)     12  : 0.1559 0.0000 0.0000 0.0000 0.0000 0.0000 0.0000 0.0000 0.0276 0.0000 0.4030 0.0000 0.0000 0.0000 0.0000 0.4135 0.0000 0.0000
438      438   (0)     12  : 0.2804 0.0000 0.0000 0.1895 0.0000 0.0000 0.0000 0.0000 0.0000 0.0000 0.5302 0.0000 0.0000 0.0000 0.0000 0.0000 0.0000 0.0000
439      439   (0)     12  : 0.0000 0.0000 0.0000 0.0000 1.0000 0.0000 0.0000 0.0000 0.0000 0.0000 0.0000 0.0000 0.0000 0.0000 0.0000 0.0000 0.0000 0.0000
440      440   (0)     12  : 0.0000 0.0000 0.0000 0.0000 0.9774 0.0000 0.0000 0.0000 0.0226 0.0000 0.0000 0.0000 0.0000 0.0000 0.0000 0.0000 0.0000 0.0000
441      441   (0)     12  : 1.0000 0.0000 0.0000 0.0000 0.0000 0.0000 0.0000 0.0000 0.0000 0.0000 0.0000 0.0000 0.0000 0.0000 0.0000 0.0000 0.0000 0.0000
442      442   (0)     12  : 0.0000 0.0000 0.0000 0.0000 0.4616 0.0000 0.0000 0.0000 0.5384 0.0000 0.0000 0.0000 0.0000 0.0000 0.0000 0.0000 0.0000 0.0000
443      443   (0)     12  : 0.0000 0.0000 0.0000 0.5069 0.0000 0.0000 0.0000 0.0000 0.0000 0.0000 0.0000 0.0000 0.0000 0.0000 0.0000 0.4931 0.0000 0.0000
444      444   (0)     12  : 0.0000 0.0000 0.0000 0.0000 0.0000 0.0000 0.0000 0.0000 0.0000 0.0000 0.0000 0.0000 0.0000 0.0000 0.0000 1.0000 0.0000 0.0000
445      445   (0)     12  : 0.3888 0.0000 0.0000 0.3918 0.0000 0.0000 0.0000 0.0000 0.0000 0.0000 0.0000 0.0000 0.0000 0.0000 0.0247 0.1940 0.0007 0.0000
446      446   (0)     12  : 0.0000 0.0000 0.0000 0.0000 0.0000 0.0000 0.0000 0.0000 0.0000 0.0000 0.0000 0.0000 0.0000 0.0000 0.0000 1.0000 0.0000 0.0000
447      447   (0)     12  : 0.0000 0.0000 0.0000 0.0000 0.0000 0.0000 0.0000 0.0000 0.0000 0.0000 1.0000 0.0000 0.0000 0.0000 0.0000 0.0000 0.0000 0.0000
448      448   (0)     12  : 0.0000 0.0000 0.0000 0.0000 0.0000 0.0000 0.0000 0.0000 0.0000 0.0000 1.0000 0.0000 0.0000 0.0000 0.0000 0.0000 0.0000 0.0000
449      449   (0)     12  : 0.0284 0.0000 0.0000 0.0000 0.0000 0.0000 0.0000 0.0000 0.0000 0.0000 0.4219 0.0000 0.0000 0.0000 0.0000 0.5497 0.0000 0.0000
450      450   (0)     12  : 0.7013 0.0000 0.0000 0.0000 0.0000 0.0000 0.0000 0.0000 0.0000 0.0000 0.2987 0.0000 0.0000 0.0000 0.0000 0.0000 0.0000 0.0000
451      451   (0)     12  : 0.0513 0.0845 0.0000 0.3303 0.0000 0.0000 0.0000 0.0000 0.0000 0.0000 0.5339 0.0000 0.0000 0.0000 0.0000 0.0000 0.0000 0.0000
452      452   (0)     12  : 0.0000 0.0000 0.0000 0.3314 0.0000 0.0000 0.0000 0.0000 0.0000 0.0338 0.6348 0.0000 0.0000 0.0000 0.0000 0.0000 0.0000 0.0000
453      453   (0)     13  : 0.4845 0.0000 0.0000 0.1164 0.0000 0.0000 0.0000 0.0000 0.0000 0.0000 0.3991 0.0000 0.0000 0.0000 0.0000 0.0000 0.0000 0.0000
454      454   (0)     13  : 0.0000 0.0000 0.0000 0.0000 0.0000 0.0000 0.0000 0.0000 0.0000 0.0000 1.0000 0.0000 0.0000 0.0000 0.0000 0.0000 0.0000 0.0000
455      455   (0)     13  : 0.2176 0.0000 0.0000 0.0522 0.0000 0.0000 0.0000 0.0000 0.0000 0.0000 0.6432 0.0000 0.0000 0.0000 0.0000 0.0870 0.0000 0.0000
456      456   (0)     13  : 0.0000 0.0000 0.0000 0.0000 0.9473 0.0000 0.0000 0.0000 0.0527 0.0000 0.0000 0.0000 0.0000 0.0000 0.0000 0.0000 0.0000 0.0000
457      457   (0)     13  : 0.3053 0.0000 0.0000 0.0000 0.0000 0.0000 0.0000 0.0000 0.0000 0.0472 0.0000 0.0000 0.0000 0.0000 0.0000 0.6476 0.0000 0.0000
458      458   (0)     13  : 0.6555 0.0000 0.0000 0.0000 0.0000 0.0000 0.0000 0.0000 0.0000 0.0000 0.3445 0.0000 0.0000 0.0000 0.0000 0.0000 0.0000 0.0000
459      459   (0)     13  : 0.0000 0.0000 0.0000 0.0000 0.0000 0.0000 0.0000 0.0000 0.0000 0.0000 1.0000 0.0000 0.0000 0.0000 0.0000 0.0000 0.0000 0.0000
460      460   (0)     13  : 0.5698 0.0000 0.0000 0.0000 0.0000 0.0000 0.0000 0.0000 0.0000 0.0000 0.4302 0.0000 0.0000 0.0000 0.0000 0.0000 0.0000 0.0000
461      461   (0)     13  : 0.0000 0.0000 0.0000 0.1654 0.0000 0.0000 0.0000 0.0000 0.0000 0.0000 0.3823 0.0000 0.0000 0.0000 0.0000 0.4523 0.0000 0.0000
462      462   (0)     13  : 0.0000 0.0000 0.0000 1.0000 0.0000 0.0000 0.0000 0.0000 0.0000 0.0000 0.0000 0.0000 0.0000 0.0000 0.0000 0.0000 0.0000 0.0000
463      463   (0)     13  : 0.0000 0.0000 0.0000 0.0000 0.0000 0.0000 0.0000 0.0000 0.0000 0.0000 0.0000 0.0000 0.0000 0.0000 0.0000 1.0000 0.0000 0.0000
464      464   (0)     13  : 0.0000 0.0000 0.0000 0.0000 0.0000 0.0000 0.0000 0.0000 0.0000 0.3236 0.0000 0.0000 0.0000 0.0000 0.0000 0.0000 0.2191 0.4573
465      465   (0)     13  : 0.0000 0.0000 0.0000 0.0000 0.0000 0.0000 0.0000 0.0000 0.0000 0.0000 1.0000 0.0000 0.0000 0.0000 0.0000 0.0000 0.0000 0.0000
466      466   (0)     13  : 0.0000 0.0000 0.0000 0.4631 0.0000 0.0000 0.0000 0.0000 0.0000 0.0000 0.0000 0.0000 0.0000 0.0000 0.0000 0.5369 0.0000 0.0000
467      467   (0)     13  : 0.0145 0.0289 0.0000 0.3124 0.0000 0.0000 0.0000 0.0000 0.0000 0.0000 0.4569 0.0000 0.0000 0.0000 0.0000 0.1873 0.0000 0.0000
468      468   (0)     13  : 0.0000 0.0000 0.0000 0.0000 0.0000 0.0000 0.5947 0.0000 0.0000 0.0128 0.0777 0.0000 0.0000 0.0000 0.0000 0.0000 0.3148 0.0000
469      469   (0)     13  : 0.0000 0.0000 0.0000 0.0000 0.0000 0.0000 0.0000 0.0000 0.0000 0.5720 0.0000 0.0000 0.0000 0.0000 0.0000 0.0000 0.4280 0.0000
470      470   (0)     13  : 0.1832 0.0000 0.0000 0.1713 0.0000 0.0000 0.0000 0.0000 0.0000 0.0000 0.3855 0.0000 0.0000 0.0000 0.0000 0.2366 0.0218 0.0016
471      471   (0)     13  : 0.1578 0.0000 0.0000 0.4338 0.0000 0.0000 0.0000 0.0000 0.0134 0.0000 0.0000 0.0000 0.0009 0.0211 0.0000 0.3730 0.0000 0.0000
472      472   (0)     13  : 0.0000 0.0000 0.0000 0.2534 0.0000 0.0000 0.0000 0.0000 0.0000 0.0000 0.7466 0.0000 0.0000 0.0000 0.0000 0.0000 0.0000 0.0000
473      473   (0)     13  : 0.0512 0.0000 0.0000 0.0000 0.8368 0.0000 0.0000 0.0000 0.0111 0.0000 0.0000 0.0000 0.0000 0.1010 0.0000 0.0000 0.0000 0.0000
474      474   (0)     13  : 0.6608 0.0000 0.0000 0.3392 0.0000 0.0000 0.0000 0.0000 0.0000 0.0000 0.0000 0.0000 0.0000 0.0000 0.0000 0.0000 0.0000 0.0000
475      475   (0)     13  : 0.0000 0.0000 0.0000 0.1533 0.0000 0.0000 0.0000 0.0000 0.0000 0.0000 0.5466 0.0000 0.0000 0.0000 0.0000 0.2734 0.0000 0.0267
476      476   (0)     13  : 0.0000 0.0000 0.0000 0.0000 0.9508 0.0000 0.0000 0.0000 0.0492 0.0000 0.0000 0.0000 0.0000 0.0000 0.0000 0.0000 0.0000 0.0000
477      477   (0)     13  : 0.6553 0.0000 0.0000 0.0000 0.0000 0.0000 0.0000 0.0000 0.0000 0.0000 0.3003 0.0000 0.0000 0.0000 0.0000 0.0000 0.0000 0.0444
478      478   (0)     13  : 0.0000 0.0000 0.0000 0.3860 0.0000 0.0000 0.0000 0.0000 0.0000 0.0000 0.6140 0.0000 0.0000 0.0000 0.0000 0.0000 0.0000 0.0000
479      479   (0)     13  : 0.4038 0.0000 0.0000 0.0000 0.0000 0.0000 0.0000 0.0000 0.0000 0.0000 0.0000 0.0000 0.0000 0.0000 0.0000 0.5962 0.0000 0.0000
480      480   (0)     13  : 0.0000 0.0000 0.0000 0.0000 0.8911 0.0000 0.0000 0.0000 0.1089 0.0000 0.0000 0.0000 0.0000 0.0000 0.0000 0.0000 0.0000 0.0000
481      481   (0)     13  : 0.0000 0.0000 0.0000 0.0000 0.0000 0.0000 0.0000 0.0000 0.0000 0.4644 0.0000 0.0000 0.0000 0.0000 0.0000 0.0879 0.0000 0.4477
482      482   (0)     13  : 0.5132 0.0000 0.0000 0.0803 0.0000 0.0000 0.0000 0.0000 0.0000 0.0000 0.3655 0.0000 0.0000 0.0000 0.0000 0.0010 0.0000 0.0400
483      483   (0)     14  : 1.0000 0.0000 0.0000 0.0000 0.0000 0.0000 0.0000 0.0000 0.0000 0.0000 0.0000 0.0000 0.0000 0.0000 0.0000 0.0000 0.0000 0.0000
484      484   (0)     14  : 0.3915 0.0000 0.0000 0.4058 0.0000 0.0000 0.0000 0.0000 0.0000 0.0001 0.0000 0.0000 0.0000 0.0000 0.0000 0.2026 0.0000 0.0000
485      485   (0)     15  : 0.0000 0.0000 0.0000 0.0000 0.0000 0.0000 0.0000 0.0000 0.0000 0.0000 0.6812 0.0000 0.0000 0.0000 0.0000 0.3188 0.0000 0.0000
486      486   (0)     15  : 0.4910 0.0000 0.0000 0.1751 0.0000 0.0000 0.0000 0.0000 0.0000 0.0000 0.2655 0.0000 0.0000 0.0000 0.0000 0.0685 0.0000 0.0000
487      487   (0)     15  : 0.0814 0.0000 0.0000 0.0000 0.0000 0.0000 0.0000 0.0000 0.0000 0.0003 0.3818 0.0000 0.0000 0.0000 0.0000 0.5365 0.0000 0.0000
488      488   (0)     15  : 0.4832 0.0000 0.0000 0.0000 0.0000 0.0000 0.0000 0.0000 0.0000 0.0000 0.3962 0.0000 0.0000 0.0000 0.0000 0.1206 0.0000 0.0000
489      489   (0)     15  : 0.0000 0.0000 0.0000 0.0000 0.9680 0.0320 0.0000 0.0000 0.0000 0.0000 0.0000 0.0000 0.0000 0.0000 0.0000 0.0000 0.0000 0.0000
490      490   (0)     15  : 0.0000 0.0000 0.0000 0.0000 0.9624 0.0000 0.0000 0.0000 0.0376 0.0000 0.0000 0.0000 0.0000 0.0000 0.0000 0.0000 0.0000 0.0000
491      491   (0)     15  : 0.1648 0.0000 0.0000 0.1930 0.0000 0.0000 0.0000 0.0000 0.0000 0.0000 0.2758 0.0000 0.0000 0.0000 0.0000 0.3465 0.0199 0.0000
492      492   (0)     15  : 0.0000 0.0000 0.0000 0.0000 1.0000 0.0000 0.0000 0.0000 0.0000 0.0000 0.0000 0.0000 0.0000 0.0000 0.0000 0.0000 0.0000 0.0000
493      493   (0)     15  : 0.2949 0.0000 0.0017 0.1647 0.0000 0.0000 0.0000 0.0000 0.0000 0.0000 0.5074 0.0000 0.0000 0.0000 0.0000 0.0000 0.0312 0.0000
494      494   (0)     15  : 0.5830 0.0000 0.0000 0.4170 0.0000 0.0000 0.0000 0.0000 0.0000 0.0000 0.0000 0.0000 0.0000 0.0000 0.0000 0.0000 0.0000 0.0000
495      495   (0)     15  : 0.0579 0.0000 0.0000 0.0000 0.0000 0.0000 0.0000 0.0000 0.0000 0.0000 0.0000 0.0000 0.0000 0.0000 0.0000 0.9421 0.0000 0.0000
496      496   (0)     15  : 0.4517 0.0000 0.0000 0.5483 0.0000 0.0000 0.0000 0.0000 0.0000 0.0000 0.0000 0.0000 0.0000 0.0000 0.0000 0.0000 0.0000 0.0000
497      497   (0)     15  : 0.0000 0.0000 0.0000 0.3726 0.0000 0.0000 0.0000 0.0000 0.0000 0.0000 0.6274 0.0000 0.0000 0.0000 0.0000 0.0000 0.0000 0.0000
498      498   (0)     15  : 0.5693 0.0000 0.0000 0.2419 0.0000 0.0000 0.0000 0.0000 0.0000 0.0000 0.1162 0.0000 0.0000 0.0000 0.0000 0.0000 0.0000 0.0725
499      499   (0)     15  : 0.1243 0.0000 0.0000 0.0961 0.0000 0.0000 0.0000 0.0000 0.0000 0.0000 0.1693 0.0000 0.0000 0.0000 0.0092 0.6010 0.0000 0.0000
500      500   (0)     15  : 0.0000 0.0000 0.0000 0.0000 0.0000 0.0000 0.0000 0.0000 0.0000 0.0000 0.0000 0.0000 0.0000 0.0000 0.0000 1.0000 0.0000 0.0000
501      501   (0)     15  : 0.4035 0.0000 0.0000 0.0283 0.0000 0.0000 0.0012 0.0000 0.0130 0.0000 0.1530 0.0000 0.0000 0.0000 0.0000 0.4009 0.0000 0.0000
502      502   (0)     15  : 0.0000 0.0000 0.0000 0.0000 0.0000 0.0000 0.0000 0.0000 0.0000 0.0000 1.0000 0.0000 0.0000 0.0000 0.0000 0.0000 0.0000 0.0000
503      503   (0)     15  : 0.0000 0.0000 0.0000 0.3208 0.0000 0.0000 0.0000 0.0000 0.0000 0.0000 0.1474 0.0000 0.0000 0.0000 0.0000 0.5318 0.0000 0.0000
504      504   (0)     15  : 0.0000 0.0000 0.0000 0.0000 0.0000 0.0000 0.0000 0.0000 0.0000 0.0000 0.0000 0.0000 0.0000 0.0000 0.0000 1.0000 0.0000 0.0000
505      505   (0)     15  : 0.0000 0.0000 0.0000 0.0000 0.0000 0.0000 0.0000 0.0000 0.0000 0.0000 0.0000 0.0000 0.0000 0.0000 0.0000 1.0000 0.0000 0.0000
506      506   (0)     15  : 0.0000 0.0000 0.0000 0.3037 0.0000 0.0000 0.0000 0.0000 0.0000 0.0154 0.3024 0.0000 0.0000 0.0000 0.0000 0.3785 0.0000 0.0000
507      507   (0)     15  : 0.4157 0.0000 0.0000 0.0000 0.0000 0.0000 0.0000 0.0000 0.0000 0.0000 0.0000 0.0000 0.0000 0.0000 0.0000 0.5843 0.0000 0.0000
508      508   (0)     15  : 0.0035 0.0000 0.0000 0.0000 0.0000 0.0000 0.0000 0.0000 0.0000 0.0000 0.0000 0.0000 0.0000 0.0000 0.0000 0.9965 0.0000 0.0000
509      509   (0)     15  : 0.0000 0.0000 0.0000 0.0000 1.0000 0.0000 0.0000 0.0000 0.0000 0.0000 0.0000 0.0000 0.0000 0.0000 0.0000 0.0000 0.0000 0.0000
510      510   (0)     15  : 0.0000 0.0000 0.0000 0.0000 1.0000 0.0000 0.0000 0.0000 0.0000 0.0000 0.0000 0.0000 0.0000 0.0000 0.0000 0.0000 0.0000 0.0000
511      511   (0)     15  : 1.0000 0.0000 0.0000 0.0000 0.0000 0.0000 0.0000 0.0000 0.0000 0.0000 0.0000 0.0000 0.0000 0.0000 0.0000 0.0000 0.0000 0.0000
512      512   (0)     15  : 0.2441 0.0000 0.0000 0.3573 0.0000 0.0000 0.0000 0.0000 0.0000 0.0000 0.3986 0.0000 0.0000 0.0000 0.0000 0.0000 0.0000 0.0000
513      513   (0)     15  : 0.0000 0.0205 0.0000 0.0000 0.0000 0.0000 0.0000 0.0000 0.0000 0.0000 0.5069 0.0000 0.0000 0.0000 0.0000 0.4727 0.0000 0.0000
514      514   (0)     15  : 0.0000 0.0000 0.0000 0.4089 0.0000 0.0000 0.0000 0.0000 0.0000 0.0404 0.2793 0.0000 0.0000 0.0000 0.0000 0.2715 0.0000 0.0000
515      515   (0)     16  : 0.0000 0.7162 0.0000 0.0000 0.0000 0.0000 0.0000 0.0000 0.0000 0.0000 0.0000 0.0000 0.0000 0.0000 0.0000 0.0094 0.2745 0.0000
516      516   (0)     16  : 0.0000 0.0000 0.0000 0.2323 0.0000 0.0000 0.0029 0.0000 0.0000 0.0000 0.3407 0.0000 0.0000 0.0000 0.0000 0.4241 0.0000 0.0000
517      517   (0)     16  : 0.0000 0.0000 0.0000 0.0000 0.8242 0.0000 0.0000 0.0000 0.1023 0.0000 0.0000 0.0000 0.0000 0.0735 0.0000 0.0000 0.0000 0.0000
518      518   (0)     16  : 0.1548 0.0000 0.0111 0.3476 0.0000 0.0000 0.0000 0.0000 0.0000 0.0615 0.2460 0.0000 0.0000 0.0000 0.0000 0.1789 0.0000 0.0000
519      519   (0)     16  : 0.0000 0.0000 0.0000 1.0000 0.0000 0.0000 0.0000 0.0000 0.0000 0.0000 0.0000 0.0000 0.0000 0.0000 0.0000 0.0000 0.0000 0.0000
520      520   (0)     16  : 0.2425 0.0000 0.0000 0.3083 0.0000 0.0000 0.0146 0.0000 0.0000 0.0231 0.0000 0.0000 0.0000 0.0000 0.0000 0.4115 0.0000 0.0000
521      521   (0)     16  : 0.0000 0.0000 0.0000 0.6394 0.0000 0.0000 0.0000 0.0000 0.0000 0.0000 0.0000 0.0000 0.0000 0.0000 0.0000 0.3606 0.0000 0.0000
522      522   (0)     16  : 0.0000 0.0000 0.0000 0.0000 0.0000 0.0000 0.0000 0.0000 1.0000 0.0000 0.0000 0.0000 0.0000 0.0000 0.0000 0.0000 0.0000 0.0000
523      523   (0)     16  : 0.0000 0.0000 0.0000 0.4739 0.0000 0.0000 0.0000 0.0000 0.0000 0.0000 0.5261 0.0000 0.0000 0.0000 0.0000 0.0000 0.0000 0.0000
524      524   (0)     16  : 0.0000 0.0000 0.0000 0.0000 0.8144 0.0000 0.0000 0.0859 0.0996 0.0000 0.0000 0.0000 0.0000 0.0000 0.0000 0.0000 0.0000 0.0000
525      525   (0)     16  : 0.3621 0.0000 0.0000 0.2362 0.0000 0.0000 0.0000 0.0000 0.0000 0.0000 0.0000 0.0000 0.0000 0.0000 0.0000 0.4017 0.0000 0.0000
526      526   (0)     16  : 0.0000 0.0000 0.0000 1.0000 0.0000 0.0000 0.0000 0.0000 0.0000 0.0000 0.0000 0.0000 0.0000 0.0000 0.0000 0.0000 0.0000 0.0000
527      527   (0)     16  : 0.0000 0.0000 0.0000 0.0000 0.8918 0.0000 0.0000 0.0000 0.1082 0.0000 0.0000 0.0000 0.0000 0.0000 0.0000 0.0000 0.0000 0.0000
528      528   (0)     16  : 0.0000 0.0000 0.0000 0.0000 0.0000 0.0000 0.0000 0.0000 0.0000 0.0000 0.0000 0.0000 0.0000 0.0000 0.0000 1.0000 0.0000 0.0000
529      529   (0)     16  : 1.0000 0.0000 0.0000 0.0000 0.0000 0.0000 0.0000 0.0000 0.0000 0.0000 0.0000 0.0000 0.0000 0.0000 0.0000 0.0000 0.0000 0.0000
530      530   (0)     16  : 0.0000 0.0000 0.0000 0.0000 0.0000 0.0000 0.0000 0.0000 0.0000 0.0000 0.0000 0.0000 0.0000 0.0000 0.0000 1.0000 0.0000 0.0000
531      531   (0)     16  : 0.0000 0.0000 0.0000 0.0000 0.0000 0.0000 0.0000 0.0000 0.0000 0.0000 1.0000 0.0000 0.0000 0.0000 0.0000 0.0000 0.0000 0.0000
532      532   (0)     16  : 0.0000 0.0000 0.0000 0.0000 0.0000 0.0000 0.0000 0.0000 1.0000 0.0000 0.0000 0.0000 0.0000 0.0000 0.0000 0.0000 0.0000 0.0000
533      533   (0)     16  : 0.0000 0.0000 0.0000 0.0000 0.0000 0.0000 0.0000 0.0000 1.0000 0.0000 0.0000 0.0000 0.0000 0.0000 0.0000 0.0000 0.0000 0.0000
534      534   (0)     16  : 0.0000 0.0000 0.0000 0.0000 0.0000 0.0000 0.0000 0.0000 0.0000 0.0000 1.0000 0.0000 0.0000 0.0000 0.0000 0.0000 0.0000 0.0000
535      535   (0)     16  : 0.0000 0.0000 0.0000 0.3669 0.0000 0.0000 0.0050 0.0000 0.0000 0.0000 0.0720 0.0000 0.0000 0.0000 0.0000 0.5561 0.0000 0.0000
536      536   (0)     16  : 1.0000 0.0000 0.0000 0.0000 0.0000 0.0000 0.0000 0.0000 0.0000 0.0000 0.0000 0.0000 0.0000 0.0000 0.0000 0.0000 0.0000 0.0000
537      537   (0)     16  : 0.0000 0.0000 0.0000 0.6464 0.0000 0.0000 0.0000 0.0000 0.0000 0.0000 0.3536 0.0000 0.0000 0.0000 0.0000 0.0000 0.0000 0.0000
538      538   (0)     16  : 0.0000 0.0000 0.0000 1.0000 0.0000 0.0000 0.0000 0.0000 0.0000 0.0000 0.0000 0.0000 0.0000 0.0000 0.0000 0.0000 0.0000 0.0000
539      539   (0)     16  : 0.0000 0.0000 0.0000 1.0000 0.0000 0.0000 0.0000 0.0000 0.0000 0.0000 0.0000 0.0000 0.0000 0.0000 0.0000 0.0000 0.0000 0.0000
540      540   (0)     16  : 1.0000 0.0000 0.0000 0.0000 0.0000 0.0000 0.0000 0.0000 0.0000 0.0000 0.0000 0.0000 0.0000 0.0000 0.0000 0.0000 0.0000 0.0000
541      541   (0)     16  : 0.0000 0.0000 1.0000 0.0000 0.0000 0.0000 0.0000 0.0000 0.0000 0.0000 0.0000 0.0000 0.0000 0.0000 0.0000 0.0000 0.0000 0.0000
542      542   (0)     16  : 0.0000 0.0000 0.0000 0.0000 0.0000 0.0000 0.0000 0.0000 0.0000 0.0000 1.0000 0.0000 0.0000 0.0000 0.0000 0.0000 0.0000 0.0000
543      543   (0)     16  : 0.3818 0.0000 0.0000 0.4619 0.0000 0.0000 0.0000 0.0000 0.0000 0.0000 0.1564 0.0000 0.0000 0.0000 0.0000 0.0000 0.0000 0.0000
544      544   (0)     16  : 0.0000 0.0000 0.0000 0.2020 0.0000 0.0000 0.0000 0.0000 0.0000 0.0000 0.3626 0.0000 0.0000 0.0000 0.0000 0.4354 0.0000 0.0000
