1        1   (0)      1  : 0.0111 0.0000 0.0000 0.1711 0.0000 0.0000 0.0000 0.0000 0.0000 0.4562 0.3616 0.0001
2        2   (0)      1  : 0.9070 0.0000 0.0000 0.0184 0.0000 0.0000 0.0138 0.0000 0.0000 0.0025 0.0165 0.0418
3        3   (0)      1  : 0.8396 0.0000 0.0000 0.0240 0.0000 0.0000 0.0000 0.0000 0.0000 0.0218 0.0101 0.1046
4        4   (0)      1  : 0.0135 0.0000 0.0089 0.0711 0.0000 0.0000 0.1930 0.0000 0.0000 0.4759 0.1161 0.1214
5        5   (0)      1  : 0.0107 0.0000 0.0019 0.1154 0.0000 0.0000 0.1254 0.0000 0.0000 0.5890 0.0967 0.0608
6        6   (0)      1  : 0.0024 0.0000 0.0000 0.3886 0.0000 0.0000 0.0000 0.0000 0.0043 0.3867 0.0922 0.1258
7        7   (0)      1  : 0.9460 0.0000 0.0000 0.0000 0.0000 0.0000 0.0133 0.0000 0.0000 0.0000 0.0067 0.0341
8        8   (0)      1  : 0.9690 0.0000 0.0000 0.0110 0.0000 0.0000 0.0000 0.0000 0.0000 0.0113 0.0063 0.0024
9        9   (0)      1  : 0.0045 0.0000 0.0000 0.1710 0.0000 0.0000 0.1385 0.0000 0.0000 0.2799 0.4060 0.0000
10       10   (0)      1  : 0.8994 0.0000 0.0000 0.0457 0.0000 0.0000 0.0000 0.0000 0.0000 0.0000 0.0049 0.0500
11       11   (0)      1  : 0.0013 0.0000 0.0015 0.0000 0.0000 0.0000 0.4010 0.0000 0.0000 0.5634 0.0328 0.0001
12       12   (0)      1  : 0.0046 0.0000 0.0000 0.2834 0.0018 0.0000 0.0645 0.0000 0.0000 0.3254 0.1603 0.1601
13       13   (0)      1  : 0.0000 0.0000 0.0000 0.0000 0.0000 0.0000 0.2678 0.0000 0.0000 0.3434 0.1771 0.2118
14       14   (0)      1  : 0.0000 0.0000 0.0008 0.6195 0.0000 0.0000 0.0723 0.0000 0.0000 0.3065 0.0009 0.0000
15       15   (0)      1  : 0.0000 0.0000 0.0001 0.2192 0.0000 0.0000 0.2381 0.0000 0.0000 0.4991 0.0436 0.0000
16       16   (0)      1  : 0.0520 0.0000 0.0000 0.1508 0.0000 0.0000 0.1898 0.0000 0.0043 0.4040 0.1803 0.0187
17       17   (0)      1  : 0.0000 0.0000 0.0000 0.1917 0.0000 0.0000 0.0000 0.0000 0.0000 0.4271 0.3318 0.0495
18       18   (0)      1  : 0.0000 0.0000 0.0000 0.0000 0.0000 0.0000 0.3333 0.0000 0.0000 0.4726 0.1941 0.0000
19       19   (0)      1  : 0.0000 0.0000 0.0000 0.1539 0.0000 0.0000 0.1820 0.0000 0.0000 0.4061 0.0748 0.1832
20       20   (0)      1  : 0.0000 0.0000 0.0000 0.1894 0.0000 0.0000 0.0554 0.0000 0.0000 0.6965 0.0583 0.0004
21       21   (0)      1  : 0.0000 0.0000 0.0005 0.3041 0.0000 0.0000 0.2223 0.0000 0.0000 0.3285 0.1447 0.0000
22       22   (0)      1  : 0.9421 0.0000 0.0000 0.0021 0.0000 0.0000 0.0257 0.0000 0.0000 0.0301 0.0000 0.0000
23       23   (0)      1  : 0.0000 0.0000 0.0000 0.1387 0.0000 0.0000 0.0783 0.0000 0.0000 0.2472 0.1244 0.4114
24       24   (0)      1  : 0.0024 0.0000 0.0000 0.3277 0.0000 0.0000 0.3365 0.0000 0.0000 0.3333 0.0000 0.0000
25       25   (0)      1  : 0.0069 0.0000 0.0000 0.1336 0.0000 0.0000 0.0701 0.0000 0.0016 0.5419 0.2337 0.0123
26       26   (0)      1  : 0.0000 0.0000 0.0000 0.0339 0.0000 0.0000 0.1256 0.0000 0.0000 0.4738 0.1203 0.2464
27       27   (0)      1  : 0.0000 0.0056 0.0000 0.0000 0.9701 0.0068 0.0000 0.0114 0.0000 0.0000 0.0000 0.0062
28       28   (0)      1  : 0.0000 0.0000 0.0000 0.0000 0.8333 0.0000 0.1667 0.0000 0.0000 0.0000 0.0000 0.0000
29       29   (0)      1  : 0.0074 0.0000 0.0048 0.1616 0.0000 0.0000 0.3666 0.0000 0.0000 0.1750 0.2846 0.0000
30       30   (0)      1  : 0.0000 0.0000 0.0000 0.6582 0.0000 0.0000 0.0297 0.0000 0.0000 0.1454 0.1667 0.0000
31       31   (0)      1  : 0.0295 0.0000 0.0000 0.2992 0.0000 0.0000 0.2649 0.0000 0.0000 0.3259 0.0806 0.0000
32       32   (0)      1  : 0.9099 0.0000 0.0000 0.0177 0.0000 0.0000 0.0371 0.0000 0.0000 0.0353 0.0000 0.0000
33       33   (0)      1  : 0.1677 0.0000 0.0000 0.1301 0.3442 0.0000 0.2252 0.0000 0.0000 0.1328 0.0000 0.0000
34       34   (0)      1  : 0.0000 0.0000 0.0000 0.9546 0.0000 0.0000 0.0000 0.0000 0.0000 0.0415 0.0000 0.0039
35       35   (0)      1  : 0.0000 0.0000 0.8333 0.0000 0.0000 0.0000 0.1667 0.0000 0.0000 0.0000 0.0000 0.0000
36       36   (0)      1  : 0.0000 0.0000 0.8333 0.0000 0.0000 0.0000 0.1667 0.0000 0.0000 0.0000 0.0000 0.0000
37       37   (0)      1  : 0.0000 0.0000 1.0000 0.0000 0.0000 0.0000 0.0000 0.0000 0.0000 0.0000 0.0000 0.0000
38       38   (0)      1  : 0.0000 0.0000 0.0000 0.0000 0.9511 0.0000 0.0489 0.0000 0.0000 0.0000 0.0000 0.0000
39       39   (0)      1  : 0.0000 0.0000 0.0000 0.0000 1.0000 0.0000 0.0000 0.0000 0.0000 0.0000 0.0000 0.0000
40       40   (0)      1  : 0.0000 0.0000 0.0000 0.1041 0.0000 0.0000 0.1526 0.0000 0.0000 0.4145 0.1935 0.1354
41       41   (0)      1  : 0.8544 0.0000 0.0000 0.0581 0.0000 0.0000 0.0000 0.0000 0.0000 0.0000 0.0000 0.0875
42       42   (0)      1  : 0.0000 0.0000 0.0000 0.0000 1.0000 0.0000 0.0000 0.0000 0.0000 0.0000 0.0000 0.0000
43       43   (0)      1  : 0.0040 0.0000 0.0032 0.0410 0.0000 0.0000 0.0361 0.0000 0.0000 0.4157 0.0000 0.5000
44       44   (0)      1  : 0.9659 0.0000 0.0000 0.0168 0.0000 0.0000 0.0000 0.0000 0.0000 0.0000 0.0173 0.0000
45       45   (0)      1  : 0.0000 0.0000 0.0000 0.0000 1.0000 0.0000 0.0000 0.0000 0.0000 0.0000 0.0000 0.0000
46       46   (0)      1  : 0.0000 0.0000 0.0000 0.0000 0.0000 0.0000 0.0380 0.0000 0.0013 0.8572 0.0001 0.1034
47       47   (0)      1  : 0.0000 0.0000 0.0000 0.0000 1.0000 0.0000 0.0000 0.0000 0.0000 0.0000 0.0000 0.0000
48       48   (0)      1  : 0.8990 0.0000 0.0000 0.0139 0.0000 0.0000 0.0000 0.0000 0.0047 0.0000 0.0347 0.0476
49       49   (0)      1  : 0.9178 0.0000 0.0000 0.0011 0.0000 0.0000 0.0008 0.0000 0.0000 0.0033 0.0099 0.0671
50       50   (0)      1  : 0.0000 0.0000 0.0000 0.0000 1.0000 0.0000 0.0000 0.0000 0.0000 0.0000 0.0000 0.0000
51       51   (0)      1  : 0.0000 0.0000 0.0000 0.0000 1.0000 0.0000 0.0000 0.0000 0.0000 0.0000 0.0000 0.0000
52       52   (0)      1  : 0.8146 0.0000 0.0000 0.0456 0.0000 0.0000 0.0000 0.0000 0.0000 0.0499 0.0000 0.0899
53       53   (0)      1  : 0.8760 0.0000 0.0000 0.0173 0.0000 0.0000 0.0000 0.0000 0.0039 0.0256 0.0000 0.0772
54       54   (0)      1  : 0.8974 0.0000 0.0000 0.0205 0.0000 0.0000 0.0112 0.0000 0.0000 0.0051 0.0000 0.0658
55       55   (0)      1  : 0.0000 0.0000 0.0000 0.0000 0.9980 0.0000 0.0000 0.0000 0.0000 0.0000 0.0000 0.0020
56       56   (0)      2  : 0.0084 0.0000 0.0000 0.1887 0.0000 0.0000 0.0000 0.0000 0.0000 0.5591 0.2438 0.0000
57       57   (0)      2  : 0.0000 0.0000 0.0068 0.3925 0.0000 0.0000 0.1753 0.0000 0.0000 0.2286 0.1969 0.0000
58       58   (0)      2  : 0.0000 0.0000 0.0000 0.1565 0.0000 0.0000 0.5622 0.0000 0.0000 0.1838 0.0949 0.0026
59       59   (0)      2  : 0.0000 0.0000 0.0000 0.2706 0.0000 0.0000 0.2352 0.0000 0.0000 0.4299 0.0028 0.0615
60       60   (0)      2  : 0.8517 0.0000 0.0000 0.0401 0.0000 0.0000 0.0000 0.0000 0.0000 0.0242 0.0000 0.0840
61       61   (0)      2  : 0.0000 0.0000 0.0023 0.0748 0.0000 0.0000 0.0533 0.0000 0.0000 0.4257 0.2800 0.1639
62       62   (0)      2  : 0.0000 0.0000 0.8333 0.0000 0.0000 0.0000 0.1667 0.0000 0.0000 0.0000 0.0000 0.0000
63       63   (0)      2  : 0.0100 0.0000 0.0000 0.2003 0.0000 0.0000 0.0589 0.0000 0.0000 0.3350 0.3957 0.0000
64       64   (0)      2  : 0.0000 0.0000 0.8333 0.0000 0.0000 0.0000 0.1667 0.0000 0.0000 0.0000 0.0000 0.0000
65       65   (0)      2  : 0.0179 0.0000 0.0000 0.2328 0.0000 0.0000 0.0000 0.0000 0.0000 0.3660 0.3212 0.0622
66       66   (0)      2  : 0.0000 0.0000 1.0000 0.0000 0.0000 0.0000 0.0000 0.0000 0.0000 0.0000 0.0000 0.0000
67       67   (0)      2  : 0.0000 0.0000 0.0016 0.2188 0.0000 0.0000 0.1003 0.0000 0.0000 0.3385 0.3408 0.0000
68       68   (0)      2  : 0.0133 0.0000 0.0008 0.2526 0.0000 0.0000 0.0027 0.0000 0.0000 0.5868 0.1438 0.0000
69       69   (0)      2  : 0.9615 0.0000 0.0005 0.0000 0.0000 0.0000 0.0000 0.0000 0.0000 0.0169 0.0000 0.0211
70       70   (0)      2  : 0.0000 0.0000 0.0000 0.5571 0.0000 0.0000 0.0632 0.0000 0.0000 0.1318 0.2480 0.0000
71       71   (0)      2  : 0.0000 0.0000 0.8796 0.0000 0.0000 0.0000 0.1204 0.0000 0.0000 0.0000 0.0000 0.0000
72       72   (0)      2  : 0.0000 0.0000 1.0000 0.0000 0.0000 0.0000 0.0000 0.0000 0.0000 0.0000 0.0000 0.0000
73       73   (0)      2  : 0.0452 0.0000 0.0000 0.4208 0.0000 0.0000 0.2861 0.0000 0.0010 0.2455 0.0014 0.0000
74       74   (0)      2  : 0.8827 0.0000 0.0050 0.0001 0.0000 0.0000 0.0206 0.0000 0.0000 0.0105 0.0079 0.0732
75       75   (0)      2  : 0.0000 0.0000 0.0000 0.0000 0.9233 0.0002 0.0000 0.0000 0.0000 0.0000 0.0765 0.0000
76       76   (0)      2  : 0.7995 0.0000 0.0000 0.0000 0.0000 0.0000 0.0182 0.0000 0.0000 0.0156 0.0000 0.1667
77       77   (0)      2  : 0.0309 0.0000 0.0000 0.0687 0.0000 0.0000 0.1457 0.0000 0.0000 0.2837 0.1029 0.3681
78       78   (0)      2  : 0.0000 0.0000 0.8333 0.0000 0.0000 0.0000 0.1667 0.0000 0.0000 0.0000 0.0000 0.0000
79       79   (0)      2  : 0.0000 0.0000 0.0000 0.0000 1.0000 0.0000 0.0000 0.0000 0.0000 0.0000 0.0000 0.0000
80       80   (0)      2  : 0.0000 0.0000 0.9031 0.0000 0.0000 0.0000 0.0969 0.0000 0.0000 0.0000 0.0000 0.0000
81       81   (0)      2  : 0.0000 0.0000 0.0008 0.5139 0.0000 0.0000 0.1896 0.0000 0.0000 0.2957 0.0000 0.0000
82       82   (0)      2  : 0.9658 0.0000 0.0050 0.0000 0.0000 0.0000 0.0027 0.0000 0.0000 0.0084 0.0105 0.0076
83       83   (0)      2  : 0.9946 0.0000 0.0000 0.0000 0.0000 0.0000 0.0000 0.0000 0.0000 0.0000 0.0016 0.0038
84       84   (0)      2  : 0.1830 0.0000 0.0000 0.2820 0.0000 0.0000 0.1267 0.0000 0.0000 0.1923 0.1919 0.0241
85       85   (0)      2  : 0.0027 0.0000 0.0000 0.3400 0.0000 0.0000 0.2239 0.0000 0.0000 0.2021 0.2037 0.0276
86       86   (0)      2  : 0.0078 0.0000 0.0000 0.1516 0.0000 0.0000 0.0794 0.0000 0.0000 0.5946 0.0000 0.1667
87       87   (0)      2  : 0.0042 0.0000 0.0000 0.4845 0.0000 0.0000 0.2156 0.0000 0.0000 0.1155 0.0000 0.1802
88       88   (0)      2  : 0.0000 0.0000 0.0000 0.1277 0.0000 0.0000 0.1466 0.0000 0.0000 0.3422 0.1964 0.1872
89       89   (0)      2  : 0.0000 0.0000 0.0000 0.2724 0.0000 0.0000 0.1814 0.0000 0.0000 0.5068 0.0128 0.0266
90       90   (0)      2  : 0.0133 0.0000 0.0050 0.1326 0.0000 0.0000 0.2140 0.0000 0.0000 0.5726 0.0553 0.0072
91       91   (0)      2  : 0.0000 0.0000 0.0000 0.1632 0.0000 0.0000 0.2358 0.0000 0.0000 0.1995 0.4015 0.0000
92       92   (0)      2  : 0.0192 0.0000 0.0000 0.0645 0.0000 0.0000 0.0694 0.0000 0.0000 0.6287 0.0646 0.1536
93       93   (0)      2  : 0.9174 0.0000 0.0000 0.0000 0.0000 0.0000 0.0000 0.0000 0.0000 0.0000 0.0000 0.0826
94       94   (0)      2  : 0.9156 0.0000 0.0021 0.0000 0.0000 0.0000 0.0024 0.0000 0.0000 0.0379 0.0149 0.0271
95       95   (0)      2  : 0.0000 0.0000 0.8333 0.0000 0.0000 0.0000 0.1667 0.0000 0.0000 0.0000 0.0000 0.0000
96       96   (0)      2  : 0.8676 0.0000 0.0000 0.0348 0.0000 0.0000 0.0000 0.0000 0.0000 0.0000 0.0059 0.0917
97       97   (0)      2  : 0.9265 0.0000 0.0000 0.0097 0.0000 0.0000 0.0140 0.0000 0.0000 0.0044 0.0072 0.0381
98       98   (0)      2  : 0.0149 0.0000 0.0000 0.1809 0.0000 0.0000 0.0826 0.0000 0.0018 0.3337 0.3861 0.0000
99       99   (0)      2  : 0.0000 0.0000 1.0000 0.0000 0.0000 0.0000 0.0000 0.0000 0.0000 0.0000 0.0000 0.0000
100      100   (0)      2  : 0.0000 0.0000 0.0000 0.2041 0.0000 0.0000 0.2725 0.0000 0.0000 0.4901 0.0333 0.0000
101      101   (0)      3  : 0.0047 0.0000 0.0000 0.2550 0.0000 0.0000 0.2870 0.0000 0.0000 0.3166 0.1337 0.0029
102      102   (0)      3  : 0.0000 0.0000 0.0016 0.4051 0.0000 0.0000 0.0001 0.0000 0.0000 0.3506 0.2053 0.0374
103      103   (0)      3  : 0.0009 0.0000 0.0000 0.1462 0.0000 0.0000 0.0913 0.0000 0.0000 0.0949 0.5000 0.1667
104      104   (0)      3  : 0.0029 0.0000 0.0000 0.1951 0.0000 0.0000 0.1481 0.0000 0.0000 0.5095 0.0825 0.0619
105      105   (0)      3  : 0.0221 0.0000 0.0161 0.1917 0.0000 0.0000 0.2199 0.0000 0.0000 0.4856 0.0577 0.0070
106      106   (0)      3  : 0.0046 0.0000 0.0000 0.4617 0.0000 0.0000 0.3333 0.0000 0.0000 0.2003 0.0000 0.0000
107      107   (0)      3  : 0.0000 0.0000 0.0000 0.0847 0.0000 0.0000 0.0980 0.0000 0.0000 0.7405 0.0442 0.0325
108      108   (0)      3  : 0.0013 0.0000 0.0000 0.1322 0.0002 0.0000 0.1407 0.0000 0.0000 0.5275 0.1981 0.0000
109      109   (0)      3  : 0.0000 0.0000 0.0000 0.1808 0.0000 0.0000 0.4937 0.0000 0.0000 0.2735 0.0497 0.0023
110      110   (0)      3  : 0.0000 0.0000 0.0007 0.2779 0.0000 0.0000 0.0000 0.0000 0.0000 0.4570 0.1080 0.1565
111      111   (0)      3  : 0.0103 0.0000 0.0034 0.1324 0.0000 0.0000 0.3333 0.0000 0.0000 0.4685 0.0000 0.0520
112      112   (0)      3  : 0.0000 0.0000 0.0000 0.2099 0.0000 0.0000 0.0012 0.0000 0.0000 0.4690 0.2612 0.0587
113      113   (0)      3  : 0.0000 0.0000 0.0000 0.8152 0.0000 0.0000 0.0001 0.0000 0.0000 0.1299 0.0547 0.0000
114      114   (0)      3  : 0.0050 0.0000 0.0000 0.2263 0.0000 0.0000 0.2454 0.0000 0.0034 0.3808 0.1345 0.0047
115      115   (0)      3  : 0.0391 0.0000 0.0000 0.1999 0.0000 0.0000 0.3972 0.0000 0.0000 0.2995 0.0643 0.0000
116      116   (0)      3  : 0.0022 0.0000 0.0000 0.4107 0.0000 0.0000 0.0378 0.0000 0.0007 0.1069 0.1085 0.3333
117      117   (0)      3  : 0.0378 0.0000 0.0000 0.3514 0.0000 0.0000 0.1420 0.0000 0.0000 0.3043 0.0000 0.1646
118      118   (0)      3  : 0.0000 0.0000 0.0000 0.3723 0.0000 0.0000 0.1391 0.0000 0.0000 0.3510 0.1355 0.0022
119      119   (0)      3  : 0.0189 0.0000 0.0000 0.2392 0.0000 0.0000 0.0408 0.0000 0.0009 0.3223 0.0447 0.3333
120      120   (0)      3  : 0.0334 0.0000 0.0665 0.2032 0.0000 0.0000 0.4080 0.0000 0.0000 0.2345 0.0543 0.0000
121      121   (0)      3  : 0.0000 0.0000 0.0000 0.3999 0.0000 0.0000 0.0000 0.0000 0.0000 0.3345 0.2656 0.0000
122      122   (0)      3  : 0.0032 0.0000 0.0000 0.1062 0.0000 0.0000 0.2406 0.0000 0.0000 0.6500 0.0000 0.0000
123      123   (0)      3  : 0.0000 0.0000 0.0000 0.0348 0.0000 0.0000 0.0420 0.0000 0.0000 0.6287 0.2946 0.0000
124      124   (0)      3  : 0.0000 0.0000 0.0000 0.3214 0.0000 0.0000 0.1372 0.0000 0.0000 0.5021 0.0000 0.0393
125      125   (0)      3  : 0.0000 0.0000 0.0070 0.2783 0.0000 0.0000 0.0997 0.0000 0.0000 0.4658 0.1134 0.0359
126      126   (0)      3  : 0.0076 0.0000 0.0000 0.4449 0.0000 0.0000 0.2203 0.0000 0.0000 0.2889 0.0334 0.0049
127      127   (0)      3  : 0.0459 0.0000 0.0000 0.0900 0.0000 0.0000 0.2884 0.0000 0.0000 0.4540 0.1063 0.0154
128      128   (0)      3  : 0.0001 0.0000 0.0000 0.3921 0.0000 0.0000 0.0729 0.0000 0.0000 0.2016 0.3333 0.0000
129      129   (0)      3  : 0.0169 0.0000 0.0000 0.6506 0.0000 0.0000 0.0890 0.0000 0.0000 0.1259 0.1074 0.0102
130      130   (0)      3  : 0.8946 0.0000 0.0000 0.0000 0.0000 0.0000 0.0000 0.0000 0.0000 0.0128 0.0326 0.0601
131      131   (0)      3  : 0.8384 0.0000 0.0003 0.0403 0.0000 0.0000 0.0030 0.0000 0.0000 0.0454 0.0007 0.0718
132      132   (0)      3  : 0.0000 0.0000 1.0000 0.0000 0.0000 0.0000 0.0000 0.0000 0.0000 0.0000 0.0000 0.0000
133      133   (0)      3  : 0.0000 0.0003 0.0000 0.0000 0.7597 0.0019 0.0000 0.0009 0.0706 0.0000 0.1667 0.0000
134      134   (0)      3  : 0.8107 0.0017 0.0000 0.0138 0.0216 0.0056 0.0741 0.0000 0.0008 0.0385 0.0013 0.0322
135      135   (0)      3  : 0.0003 0.0000 0.0150 0.2975 0.0000 0.0000 0.2045 0.0000 0.0000 0.3040 0.1764 0.0024
136      136   (0)      3  : 0.0092 0.0000 0.0000 0.4584 0.0000 0.0000 0.0000 0.0000 0.0000 0.3901 0.1065 0.0358
137      137   (0)      3  : 0.9069 0.0000 0.0000 0.0280 0.0016 0.0000 0.0000 0.0000 0.0000 0.0000 0.0107 0.0528
138      138   (0)      3  : 0.0024 0.0000 0.0000 0.6739 0.0000 0.0000 0.0094 0.0000 0.0000 0.2495 0.0000 0.0649
139      139   (0)      3  : 0.0000 0.0000 0.0000 0.3666 0.0000 0.0000 0.1934 0.0000 0.0043 0.3515 0.0842 0.0000
140      140   (0)      3  : 0.0000 0.0000 0.0000 0.4142 0.0000 0.0000 0.0000 0.0000 0.0000 0.4953 0.0905 0.0000
141      141   (0)      3  : 0.0000 0.0000 1.0000 0.0000 0.0000 0.0000 0.0000 0.0000 0.0000 0.0000 0.0000 0.0000
142      142   (0)      3  : 0.0000 0.0000 1.0000 0.0000 0.0000 0.0000 0.0000 0.0000 0.0000 0.0000 0.0000 0.0000
143      143   (0)      3  : 0.0000 0.0000 1.0000 0.0000 0.0000 0.0000 0.0000 0.0000 0.0000 0.0000 0.0000 0.0000
144      144   (0)      3  : 0.0000 0.0000 1.0000 0.0000 0.0000 0.0000 0.0000 0.0000 0.0000 0.0000 0.0000 0.0000
145      145   (0)      3  : 0.0000 0.0000 0.9141 0.0000 0.0000 0.0000 0.0859 0.0000 0.0000 0.0000 0.0000 0.0000
146      146   (0)      3  : 0.8648 0.0000 0.0000 0.0004 0.0000 0.0000 0.0000 0.0000 0.0000 0.0196 0.0358 0.0794
147      147   (0)      3  : 0.0000 0.0000 0.0000 0.4066 0.0000 0.0000 0.3333 0.0000 0.0000 0.1992 0.0609 0.0000
148      148   (0)      3  : 0.0000 0.0000 1.0000 0.0000 0.0000 0.0000 0.0000 0.0000 0.0000 0.0000 0.0000 0.0000
149      149   (0)      3  : 0.0000 0.0000 0.8333 0.0000 0.0000 0.0000 0.1667 0.0000 0.0000 0.0000 0.0000 0.0000
150      150   (0)      3  : 0.0000 0.0070 0.0005 0.0000 0.7067 0.0110 0.0000 0.0000 0.1081 0.0000 0.1667 0.0000
151      151   (0)      3  : 0.0000 0.0000 0.0000 0.0000 0.8333 0.0000 0.1667 0.0000 0.0000 0.0000 0.0000 0.0000
152      152   (0)      3  : 0.0000 0.0000 0.0000 0.0703 0.0000 0.0000 0.0670 0.0000 0.0000 0.2391 0.2903 0.3333
153      153   (0)      3  : 0.0000 0.0000 0.9050 0.0000 0.0000 0.0000 0.0950 0.0000 0.0000 0.0000 0.0000 0.0000
154      154   (0)      3  : 0.0000 0.0000 0.0016 0.0000 0.0000 0.0000 0.6667 0.0000 0.0000 0.1651 0.1667 0.0000
155      155   (0)      3  : 0.0000 0.0000 0.0000 0.1667 0.0000 0.0000 0.0000 0.0000 0.0000 0.8333 0.0000 0.0000
156      156   (0)      3  : 0.8431 0.0000 0.0000 0.0148 0.0000 0.0000 0.0470 0.0000 0.0024 0.0102 0.0148 0.0676
157      157   (0)      3  : 0.0007 0.0000 0.0000 0.0388 0.0000 0.0000 0.4350 0.0000 0.0000 0.4205 0.1050 0.0000
158      158   (0)      3  : 0.9681 0.0000 0.0000 0.0000 0.0000 0.0000 0.0000 0.0000 0.0000 0.0000 0.0004 0.0315
159      159   (0)      3  : 0.0000 0.0000 0.0000 0.2652 0.0000 0.0000 0.0000 0.0000 0.0016 0.0867 0.5683 0.0782
160      160   (0)      3  : 0.9030 0.0000 0.0000 0.0000 0.0000 0.0000 0.0176 0.0000 0.0000 0.0163 0.0000 0.0631
161      161   (0)      4  : 0.0000 0.0000 0.0000 0.3333 0.0000 0.0000 0.3333 0.0000 0.0000 0.3333 0.0000 0.0000
162      162   (0)      4  : 0.0000 0.0000 0.0000 0.1432 0.0000 0.0000 0.0360 0.0000 0.0000 0.7295 0.0752 0.0162
163      163   (0)      4  : 0.0000 0.0000 0.8333 0.0000 0.0000 0.0000 0.1667 0.0000 0.0000 0.0000 0.0000 0.0000
164      164   (0)      4  : 0.9480 0.0000 0.0004 0.0057 0.0000 0.0000 0.0000 0.0000 0.0000 0.0000 0.0035 0.0425
165      165   (0)      4  : 0.0000 0.0000 1.0000 0.0000 0.0000 0.0000 0.0000 0.0000 0.0000 0.0000 0.0000 0.0000
166      166   (0)      4  : 0.0000 0.0000 0.8333 0.0000 0.0000 0.0000 0.1667 0.0000 0.0000 0.0000 0.0000 0.0000
167      167   (0)      4  : 0.0035 0.0000 0.0000 0.0993 0.0000 0.0000 0.1606 0.0000 0.0000 0.4633 0.0727 0.2007
168      168   (0)      4  : 0.0001 0.0000 0.0000 0.3136 0.0000 0.0000 0.0014 0.0000 0.0000 0.4888 0.1759 0.0201
169      169   (0)      4  : 0.0157 0.0000 0.0000 0.1356 0.0000 0.0000 0.2669 0.0000 0.0000 0.4912 0.0907 0.0000
170      170   (0)      4  : 0.0000 0.0000 0.0000 0.3210 0.0000 0.0000 0.1771 0.0000 0.0007 0.4079 0.0431 0.0502
171      171   (0)      4  : 0.0029 0.0000 0.0000 0.3812 0.0000 0.0000 0.0891 0.0000 0.0002 0.4359 0.0906 0.0002
172      172   (0)      4  : 0.0001 0.0000 0.0000 0.0947 0.0000 0.0000 0.0898 0.0000 0.0000 0.3140 0.4424 0.0590
173      173   (0)      4  : 0.0000 0.0000 0.0000 0.0000 0.0000 0.0000 0.0386 0.0000 0.0000 0.8968 0.0646 0.0000
174      174   (0)      4  : 0.8676 0.0000 0.0000 0.0385 0.0000 0.0000 0.0095 0.0000 0.0000 0.0034 0.0028 0.0782
175      175   (0)      4  : 0.0000 0.0000 0.0000 0.5602 0.0000 0.0000 0.0599 0.0000 0.0000 0.3069 0.0712 0.0018
176      176   (0)      4  : 0.0000 0.0000 1.0000 0.0000 0.0000 0.0000 0.0000 0.0000 0.0000 0.0000 0.0000 0.0000
177      177   (0)      4  : 0.0229 0.0000 0.0000 0.0399 0.0000 0.0000 0.1347 0.0000 0.0000 0.5188 0.2478 0.0358
178      178   (0)      4  : 0.0000 0.0000 1.0000 0.0000 0.0000 0.0000 0.0000 0.0000 0.0000 0.0000 0.0000 0.0000
179      179   (0)      4  : 0.0000 0.0000 0.8333 0.0000 0.0000 0.0000 0.1667 0.0000 0.0000 0.0000 0.0000 0.0000
180      180   (0)      4  : 0.0000 0.0000 0.0098 0.1282 0.0000 0.0000 0.2842 0.0000 0.0000 0.3971 0.1540 0.0265
181      181   (0)      4  : 0.0000 0.0000 0.0000 0.0281 0.0000 0.0000 0.0363 0.0000 0.0000 0.5425 0.2115 0.1817
182      182   (0)      4  : 0.0000 0.0000 0.0000 0.2345 0.0000 0.0000 0.0971 0.0000 0.0000 0.5302 0.0000 0.1382
183      183   (0)      4  : 0.9354 0.0000 0.0000 0.0100 0.0000 0.0000 0.0000 0.0000 0.0000 0.0000 0.0000 0.0546
184      184   (0)      4  : 0.8755 0.0000 0.0000 0.0013 0.0000 0.0000 0.0190 0.0000 0.0000 0.0099 0.0090 0.0853
185      185   (0)      4  : 0.0000 0.0000 0.9398 0.0000 0.0000 0.0000 0.0602 0.0000 0.0000 0.0000 0.0000 0.0000
186      186   (0)      4  : 0.0000 0.0000 0.0000 0.7880 0.0000 0.0000 0.0000 0.0000 0.0000 0.0000 0.2120 0.0000
187      187   (0)      4  : 0.0292 0.0000 0.0000 0.2298 0.0000 0.0000 0.0491 0.0000 0.0000 0.3252 0.3666 0.0003
188      188   (0)      4  : 0.0000 0.0000 1.0000 0.0000 0.0000 0.0000 0.0000 0.0000 0.0000 0.0000 0.0000 0.0000
189      189   (0)      4  : 0.0000 0.0000 0.0000 0.4951 0.0000 0.0000 0.1531 0.0000 0.0000 0.2677 0.0426 0.0415
190      190   (0)      4  : 0.9034 0.0000 0.0000 0.0000 0.0000 0.0000 0.0000 0.0000 0.0000 0.0029 0.0082 0.0855
191      191   (0)      4  : 0.0798 0.0000 0.0758 0.1077 0.0000 0.0000 0.0198 0.0000 0.0458 0.0000 0.5043 0.1667
192      192   (0)      4  : 0.0000 0.0000 0.0000 0.2351 0.0000 0.0000 0.2095 0.0000 0.0000 0.2372 0.3181 0.0000
193      193   (0)      4  : 0.0322 0.0000 0.0089 0.3183 0.0000 0.0000 0.0232 0.0000 0.0000 0.3243 0.2908 0.0023
194      194   (0)      4  : 0.0041 0.0000 0.0005 0.0000 0.0000 0.0000 0.1207 0.0000 0.0000 0.2232 0.6209 0.0306
195      195   (0)      4  : 0.0000 0.0000 0.0000 0.1542 0.0000 0.0000 0.0840 0.0000 0.0000 0.6205 0.0000 0.1413
196      196   (0)      4  : 0.0000 0.0000 0.0000 0.0718 0.0000 0.0000 0.3091 0.0000 0.0000 0.1637 0.3936 0.0618
197      197   (0)      4  : 0.0000 0.0000 0.0009 0.0887 0.0000 0.0000 0.0624 0.0000 0.0000 0.8229 0.0000 0.0252
198      198   (0)      4  : 0.0000 0.0000 0.0000 0.0308 0.0000 0.0000 0.3333 0.0000 0.0000 0.1359 0.5000 0.0000
199      199   (0)      4  : 0.0019 0.0000 0.0032 0.1226 0.0000 0.0000 0.0924 0.0000 0.0000 0.2037 0.2401 0.3361
200      200   (0)      4  : 0.8272 0.0000 0.0017 0.0248 0.0000 0.0000 0.0000 0.0000 0.0000 0.0403 0.0172 0.0888
201      201   (0)      4  : 0.0000 0.0000 0.0000 0.2124 0.0000 0.0000 0.4254 0.0000 0.0058 0.2306 0.1259 0.0000
202      202   (0)      4  : 0.0000 0.0000 0.0016 0.2332 0.0000 0.0000 0.1248 0.0000 0.0000 0.4343 0.1667 0.0395
203      203   (0)      4  : 0.0090 0.0000 0.0037 0.1972 0.0000 0.0000 0.0000 0.0000 0.0000 0.6320 0.1580 0.0000
204      204   (0)      4  : 0.0000 0.0000 0.0040 0.5472 0.0000 0.0000 0.0000 0.0000 0.0000 0.4489 0.0000 0.0000
205      205   (0)      4  : 0.0066 0.0000 0.0000 0.2016 0.0000 0.0000 0.0000 0.0000 0.0000 0.4532 0.1858 0.1528
206      206   (0)      4  : 0.0000 0.0000 0.0000 0.0000 0.0000 0.0000 0.3333 0.0000 0.0000 0.6667 0.0000 0.0000
207      207   (0)      4  : 0.0000 0.0000 0.0000 0.2580 0.0000 0.0000 0.2281 0.0000 0.0000 0.2839 0.0902 0.1398
208      208   (0)      4  : 0.8494 0.0000 0.0000 0.0303 0.0000 0.0000 0.0154 0.0000 0.0000 0.0158 0.0318 0.0573
209      209   (0)      4  : 0.0000 0.0000 0.0000 0.0000 0.0000 0.0000 0.2259 0.0000 0.0010 0.1657 0.2741 0.3333
210      210   (0)      4  : 0.0000 0.0000 0.0000 0.1592 0.0000 0.0000 0.1521 0.0000 0.0000 0.2841 0.4046 0.0000
211      211   (0)      4  : 0.0000 0.0000 0.0000 0.1578 0.0000 0.0000 0.1077 0.0000 0.0000 0.4868 0.1735 0.0742
212      212   (0)      4  : 0.8930 0.0000 0.0000 0.0133 0.0000 0.0000 0.0086 0.0000 0.0000 0.0156 0.0000 0.0695
213      213   (0)      4  : 0.0043 0.0000 0.0000 0.1677 0.0000 0.0021 0.0124 0.0000 0.0007 0.4526 0.3570 0.0031
214      214   (0)      4  : 0.0000 0.0000 0.0076 0.1183 0.0000 0.0000 0.5354 0.0000 0.0024 0.2625 0.0710 0.0027
215      215   (0)      4  : 0.3973 0.0000 0.0025 0.0769 0.0000 0.0000 0.2327 0.0000 0.0000 0.2012 0.0001 0.0892
216      216   (0)      4  : 0.0000 0.0000 0.0000 0.6203 0.0000 0.0000 0.0018 0.0000 0.0000 0.3740 0.0000 0.0038
217      217   (0)      4  : 0.0000 0.0000 1.0000 0.0000 0.0000 0.0000 0.0000 0.0000 0.0000 0.0000 0.0000 0.0000
218      218   (0)      4  : 0.0112 0.0000 0.0010 0.1845 0.0000 0.0000 0.3333 0.0000 0.0000 0.4669 0.0032 0.0000
219      219   (0)      4  : 0.0114 0.0000 0.0000 0.5369 0.0000 0.0000 0.1177 0.0000 0.0000 0.1981 0.0575 0.0784
220      220   (0)      5  : 0.0000 0.0336 0.0000 0.0000 0.0006 0.6143 0.0000 0.0409 0.0004 0.0000 0.0000 0.3101
221      221   (0)      5  : 0.0000 0.1030 0.0000 0.0000 0.0000 0.0850 0.0000 0.7157 0.0000 0.0000 0.0000 0.0964
222      222   (0)      6  : 0.0000 0.1795 0.0000 0.0000 0.0000 0.0592 0.0016 0.6445 0.0000 0.0000 0.0000 0.1152
223      223   (0)      6  : 0.0000 0.2317 0.0000 0.0000 0.0000 0.3482 0.0000 0.3889 0.0000 0.0000 0.0000 0.0311
224      224   (0)      6  : 0.0000 0.5271 0.0000 0.0000 0.0000 0.1642 0.0000 0.2668 0.0018 0.0000 0.0000 0.0401
225      225   (0)      6  : 0.0000 0.0386 0.0000 0.0000 0.0061 0.4515 0.0131 0.1575 0.0000 0.0000 0.0000 0.3332
226      226   (0)      6  : 0.0000 0.4035 0.0000 0.0000 0.0034 0.3258 0.0000 0.2135 0.0130 0.0000 0.0040 0.0368
227      227   (0)      6  : 0.0000 0.4366 0.0000 0.0000 0.0000 0.2588 0.0000 0.2163 0.0000 0.0000 0.0000 0.0884
228      228   (0)      6  : 0.0000 0.0000 0.0000 0.0000 0.0136 0.5293 0.0000 0.2045 0.0138 0.0000 0.0000 0.2388
229      229   (0)      6  : 0.0000 0.1890 0.0000 0.0000 0.0000 0.4222 0.0000 0.3131 0.0000 0.0000 0.0000 0.0756
230      230   (0)      6  : 0.0000 0.5985 0.0000 0.0000 0.0000 0.0846 0.0000 0.2196 0.0027 0.0000 0.0000 0.0945
231      231   (0)      6  : 0.0000 0.5125 0.0000 0.0000 0.0333 0.3067 0.0069 0.0852 0.0000 0.0000 0.0000 0.0553
232      232   (0)      6  : 0.0000 0.4833 0.0000 0.0000 0.0086 0.1125 0.0000 0.3918 0.0000 0.0000 0.0038 0.0000
233      233   (0)      6  : 0.0000 0.4852 0.0000 0.0000 0.0000 0.1390 0.0000 0.2651 0.0104 0.0000 0.0000 0.1004
234      234   (0)      6  : 0.0000 0.5290 0.0000 0.0000 0.0067 0.0880 0.0055 0.2988 0.0000 0.0000 0.0000 0.0720
235      235   (0)      6  : 0.0000 0.2516 0.0061 0.0000 0.0208 0.4083 0.0000 0.2793 0.0000 0.0000 0.0086 0.0252
236      236   (0)      6  : 0.0000 0.0479 0.0000 0.0000 0.0003 0.3887 0.0000 0.5235 0.0000 0.0000 0.0000 0.0397
237      237   (0)      6  : 0.0000 0.1419 0.0000 0.0000 0.0004 0.5448 0.0000 0.2658 0.0004 0.0000 0.0000 0.0467
238      238   (0)      6  : 0.0000 0.1301 0.0000 0.0000 0.0000 0.5043 0.0000 0.3085 0.0000 0.0000 0.0000 0.0571
239      239   (0)      6  : 0.0000 0.1914 0.0001 0.0000 0.0036 0.4716 0.0000 0.0564 0.0000 0.0000 0.0000 0.2770
240      240   (0)      6  : 0.0000 0.3131 0.0008 0.0000 0.0086 0.4696 0.0000 0.2078 0.0000 0.0000 0.0000 0.0002
241      241   (0)      6  : 0.0000 0.6021 0.0000 0.0000 0.0024 0.1562 0.0000 0.1609 0.0000 0.0000 0.0000 0.0784
242      242   (0)      6  : 0.0000 0.0695 0.0000 0.0000 0.0000 0.0776 0.0000 0.8149 0.0057 0.0000 0.0000 0.0323
243      243   (0)      6  : 0.0000 0.6294 0.0000 0.0000 0.0465 0.0780 0.0150 0.1272 0.0029 0.0000 0.0193 0.0816
244      244   (0)      6  : 0.0000 0.2403 0.0000 0.0000 0.0005 0.0534 0.0000 0.4569 0.0000 0.0000 0.0000 0.2490
245      245   (0)      6  : 0.0000 0.5583 0.0000 0.0000 0.0000 0.2892 0.0000 0.1525 0.0000 0.0000 0.0000 0.0000
246      246   (0)      6  : 0.0000 0.2564 0.0000 0.0000 0.0000 0.0323 0.0000 0.7112 0.0000 0.0000 0.0000 0.0000
247      247   (0)      6  : 0.0000 0.3941 0.0000 0.0000 0.0000 0.3685 0.0000 0.2309 0.0000 0.0000 0.0000 0.0065
248      248   (0)      6  : 0.0000 0.8636 0.0000 0.0000 0.0000 0.0517 0.0000 0.0800 0.0046 0.0000 0.0000 0.0000
249      249   (0)      7  : 0.0000 0.7284 0.0000 0.0000 0.0000 0.0337 0.0000 0.1004 0.0000 0.0000 0.0000 0.1374
250      250   (0)      7  : 0.0000 0.5008 0.0000 0.0000 0.0000 0.1291 0.0000 0.2372 0.0000 0.0000 0.0000 0.1329
251      251   (0)      7  : 0.0000 0.1778 0.0000 0.0000 0.0000 0.2260 0.0000 0.3777 0.0000 0.0000 0.0000 0.2185
252      252   (0)      7  : 0.0000 0.3818 0.0000 0.0000 0.0000 0.3016 0.0000 0.3167 0.0000 0.0000 0.0000 0.0000
253      253   (0)      7  : 0.0000 0.0735 0.0000 0.0000 0.0000 0.0718 0.0000 0.6393 0.0000 0.0000 0.0000 0.2153
254      254   (0)      7  : 0.0000 0.4233 0.0000 0.0000 0.0021 0.0995 0.0000 0.4554 0.0031 0.0000 0.0000 0.0166
255      255   (0)      7  : 0.0000 0.4720 0.0000 0.0000 0.0000 0.4076 0.0090 0.0906 0.0001 0.0000 0.0000 0.0206
256      256   (0)      7  : 0.0000 0.2609 0.0000 0.0000 0.0000 0.3837 0.0000 0.2918 0.0000 0.0000 0.0000 0.0636
257      257   (0)      7  : 0.0000 0.0517 0.0000 0.0000 0.0000 0.5295 0.0000 0.1390 0.0000 0.0000 0.0000 0.2797
258      258   (0)      7  : 0.0000 0.1968 0.0000 0.0000 0.0000 0.4085 0.0000 0.2640 0.0000 0.0000 0.0000 0.1307
259      259   (0)      7  : 0.0000 0.2913 0.0000 0.0000 0.0000 0.1645 0.0004 0.3412 0.0000 0.0000 0.0000 0.2026
260      260   (0)      7  : 0.0000 0.6763 0.0000 0.0000 0.0000 0.1572 0.0000 0.1563 0.0000 0.0000 0.0000 0.0102
261      261   (0)      7  : 0.0000 0.3580 0.0000 0.0000 0.0038 0.0245 0.0000 0.6137 0.0000 0.0000 0.0000 0.0000
262      262   (0)      7  : 0.0000 0.2324 0.0000 0.0000 0.0000 0.2858 0.0000 0.4670 0.0000 0.0000 0.0000 0.0149
263      263   (0)      7  : 0.0000 0.2713 0.0000 0.0000 0.0018 0.5055 0.0000 0.1842 0.0000 0.0000 0.0052 0.0320
264      264   (0)      7  : 0.0000 0.4018 0.0000 0.0000 0.0018 0.5725 0.0000 0.0238 0.0000 0.0000 0.0000 0.0000
265      265   (0)      7  : 0.0000 0.0465 0.0000 0.0000 0.0000 0.0874 0.0000 0.6213 0.0000 0.0000 0.0000 0.2448
266      266   (0)      7  : 0.0000 0.4087 0.0000 0.0000 0.0006 0.1061 0.0000 0.4570 0.0173 0.0000 0.0000 0.0103
267      267   (0)      7  : 0.0000 0.1637 0.0000 0.0000 0.0240 0.0000 0.0029 0.6895 0.0000 0.0000 0.0000 0.1199
268      268   (0)      7  : 0.0000 0.5547 0.0000 0.0000 0.0000 0.0145 0.0000 0.3091 0.0000 0.0000 0.0000 0.1217
269      269   (0)      7  : 0.0000 0.1427 0.0000 0.0000 0.0114 0.1505 0.0000 0.4806 0.0017 0.0000 0.0000 0.2131
270      270   (0)      7  : 0.0000 0.6205 0.0000 0.0000 0.0180 0.0696 0.0000 0.2918 0.0000 0.0000 0.0000 0.0000
271      271   (0)      7  : 0.0000 0.1398 0.0000 0.0000 0.0000 0.0702 0.0013 0.6855 0.0000 0.0000 0.0000 0.1032
272      272   (0)      7  : 0.0000 0.0996 0.0000 0.0000 0.0002 0.0678 0.0001 0.7962 0.0000 0.0000 0.0000 0.0361
273      273   (0)      7  : 0.0000 0.1892 0.0000 0.0000 0.0000 0.2413 0.0005 0.4409 0.0061 0.0000 0.0000 0.1219
274      274   (0)      7  : 0.0000 0.3105 0.0000 0.0000 0.0117 0.2518 0.0000 0.3302 0.0022 0.0000 0.0104 0.0833
275      275   (0)      7  : 0.0000 0.1917 0.0108 0.0000 0.0000 0.1324 0.0001 0.6651 0.0000 0.0000 0.0000 0.0001
276      276   (0)      7  : 0.0000 0.6869 0.0000 0.0000 0.0023 0.0793 0.0000 0.2315 0.0000 0.0000 0.0000 0.0000
277      277   (0)      7  : 0.0000 0.6766 0.0000 0.0000 0.0000 0.0694 0.0000 0.2468 0.0057 0.0000 0.0000 0.0015
278      278   (0)      7  : 0.0000 0.7482 0.0000 0.0000 0.0076 0.0000 0.0000 0.2036 0.0000 0.0000 0.0021 0.0385
279      279   (0)      8  : 0.0000 0.0639 0.0000 0.0000 0.0000 0.1506 0.0000 0.5232 0.0000 0.0000 0.0000 0.2622
280      280   (0)      8  : 0.0000 0.0000 0.0000 0.0000 0.0000 0.5377 0.0000 0.3504 0.0000 0.0000 0.0000 0.1118
281      281   (0)      8  : 0.0000 0.2219 0.0000 0.0000 0.0000 0.0197 0.0000 0.6787 0.0109 0.0000 0.0000 0.0688
282      282   (0)      8  : 0.0000 0.1056 0.0000 0.0000 0.0000 0.4390 0.0060 0.2843 0.0006 0.0000 0.0000 0.1645
283      283   (0)      8  : 0.0000 0.3758 0.0038 0.0000 0.0000 0.1726 0.0135 0.3603 0.0117 0.0000 0.0075 0.0547
284      284   (0)      8  : 0.0000 0.4969 0.0000 0.0000 0.0000 0.1708 0.0000 0.3323 0.0000 0.0000 0.0000 0.0000
285      285   (0)      8  : 0.0000 0.5903 0.0000 0.0000 0.0021 0.1190 0.0000 0.2775 0.0013 0.0000 0.0097 0.0000
286      286   (0)      8  : 0.0000 0.1603 0.0000 0.0000 0.0024 0.1650 0.0000 0.5525 0.0000 0.0000 0.0000 0.1198
287      287   (0)      8  : 0.0000 0.3965 0.0000 0.0000 0.0000 0.4029 0.0000 0.2006 0.0000 0.0000 0.0000 0.0000
288      288   (0)      8  : 0.0000 0.0869 0.0000 0.0000 0.0332 0.2850 0.0122 0.4774 0.0000 0.0000 0.0000 0.1054
289      289   (0)      8  : 0.0000 0.5839 0.0059 0.0000 0.0022 0.1655 0.0000 0.2339 0.0000 0.0000 0.0086 0.0000
290      290   (0)      5  : 0.0000 0.1962 0.0008 0.0000 0.0000 0.1668 0.0000 0.5512 0.0000 0.0000 0.0000 0.0851
291      291   (0)      5  : 0.0000 0.1171 0.0000 0.0000 0.0000 0.4940 0.0000 0.2957 0.0000 0.0000 0.0000 0.0932
292      292   (0)      5  : 0.0000 0.1510 0.0000 0.0000 0.0000 0.2784 0.0037 0.3995 0.0007 0.0000 0.0000 0.1667
293      293   (0)      5  : 0.0000 0.2114 0.0000 0.0000 0.0000 0.1442 0.0000 0.5397 0.0129 0.0000 0.0000 0.0918
294      294   (0)      5  : 0.0000 0.1398 0.0000 0.0000 0.0000 0.4611 0.0000 0.3991 0.0000 0.0000 0.0000 0.0000
295      295   (0)      5  : 0.0000 0.0633 0.0000 0.0000 0.0015 0.1795 0.0000 0.5509 0.0000 0.0000 0.0000 0.2048
296      296   (0)      5  : 0.0000 0.1878 0.0030 0.0000 0.0112 0.1124 0.0130 0.3830 0.0075 0.0000 0.0000 0.2821
297      297   (0)      5  : 0.0000 0.1644 0.0029 0.0000 0.0123 0.5179 0.0147 0.2364 0.0018 0.0000 0.0000 0.0496
298      298   (0)      5  : 0.0000 0.6050 0.0000 0.0000 0.0000 0.0000 0.0000 0.3950 0.0000 0.0000 0.0000 0.0000
299      299   (0)      5  : 0.0000 0.2473 0.0000 0.0000 0.0003 0.2720 0.0004 0.3845 0.0000 0.0000 0.0039 0.0917
300      300   (0)      5  : 0.0000 0.3723 0.0000 0.0000 0.0009 0.2021 0.0000 0.3686 0.0000 0.0000 0.0075 0.0486
301      301   (0)      5  : 0.0000 0.0000 0.0000 0.0000 0.0001 0.1681 0.0000 0.6651 0.0000 0.0000 0.0000 0.1667
302      302   (0)      5  : 0.0000 0.4028 0.0000 0.0000 0.0000 0.1404 0.0000 0.4156 0.0000 0.0000 0.0000 0.0412
303      303   (0)      5  : 0.0000 0.0684 0.0000 0.0000 0.0000 0.4265 0.0000 0.5050 0.0000 0.0000 0.0000 0.0001
304      304   (0)      5  : 0.0000 0.3190 0.0000 0.0000 0.0000 0.4281 0.0000 0.1984 0.0000 0.0000 0.0000 0.0546
305      305   (0)      5  : 0.0000 0.3118 0.0002 0.0000 0.0035 0.2397 0.0000 0.3871 0.0112 0.0000 0.0000 0.0465
306      306   (0)      5  : 0.0000 0.4055 0.0000 0.0000 0.0000 0.0945 0.0000 0.3243 0.0000 0.0000 0.0000 0.1757
307      307   (0)      5  : 0.0000 0.4440 0.0000 0.0000 0.0385 0.0856 0.0160 0.3207 0.0000 0.0000 0.0147 0.0804
308      308   (0)      5  : 0.0000 0.0000 0.0000 0.0000 0.0022 0.6132 0.0000 0.0451 0.0094 0.0000 0.0000 0.3302
309      309   (0)      5  : 0.0000 0.2283 0.0000 0.0000 0.0000 0.3334 0.0000 0.4303 0.0045 0.0000 0.0034 0.0000
310      310   (0)      5  : 0.0000 0.0759 0.0000 0.0000 0.0000 0.1667 0.0000 0.6660 0.0000 0.0000 0.0000 0.0914
311      311   (0)      5  : 0.0000 0.5597 0.0000 0.0000 0.0000 0.0940 0.0000 0.2084 0.0144 0.0000 0.0000 0.1236
312      312   (0)      5  : 0.0000 0.1828 0.0000 0.0000 0.0001 0.2742 0.0000 0.3635 0.0191 0.0000 0.0021 0.1583
313      313   (0)      5  : 0.0000 0.2042 0.0000 0.0000 0.0000 0.3037 0.0000 0.4195 0.0000 0.0000 0.0040 0.0686
314      314   (0)      5  : 0.0000 0.3684 0.0000 0.0000 0.0074 0.1002 0.0000 0.4089 0.0000 0.0000 0.0000 0.1152
315      315   (0)      5  : 0.0000 0.5155 0.0000 0.0000 0.0056 0.0666 0.0000 0.3991 0.0066 0.0000 0.0064 0.0002
316      316   (0)      5  : 0.0000 0.0000 0.0000 0.0000 0.0000 0.6337 0.0000 0.3663 0.0000 0.0000 0.0000 0.0000
317      317   (0)      5  : 0.0000 0.1998 0.0000 0.0000 0.0000 0.0191 0.0000 0.6724 0.0000 0.0000 0.0000 0.1087
318      318   (0)      8  : 0.0000 0.0674 0.0001 0.0000 0.0000 0.2178 0.0000 0.6418 0.0000 0.0000 0.0000 0.0729
319      319   (0)      8  : 0.0000 0.0000 0.0000 0.0000 0.0000 0.1755 0.0000 0.7258 0.0000 0.0000 0.0000 0.0987
320      320   (0)      9  : 0.0000 0.1609 0.0000 0.0000 0.0000 0.0469 0.0089 0.6406 0.0000 0.0000 0.0000 0.1427
321      321   (0)      9  : 0.0000 0.1977 0.0081 0.0000 0.0000 0.0098 0.0017 0.6104 0.0056 0.0000 0.0000 0.1667
322      322   (0)      9  : 0.0000 0.2435 0.0000 0.0000 0.0000 0.1561 0.0000 0.6005 0.0000 0.0000 0.0000 0.0000
323      323   (0)      9  : 0.0000 0.1999 0.0000 0.0000 0.0002 0.4639 0.0000 0.3360 0.0000 0.0000 0.0000 0.0000
324      324   (0)      9  : 0.0000 0.0738 0.0000 0.0000 0.0000 0.3103 0.0000 0.4263 0.0000 0.0000 0.0000 0.1896
325      325   (0)      8  : 0.0000 0.8004 0.0000 0.0000 0.0000 0.1995 0.0000 0.0001 0.0000 0.0000 0.0000 0.0000
326      326   (0)      8  : 0.0000 0.0886 0.0000 0.0000 0.0000 0.1053 0.0000 0.6834 0.0000 0.0000 0.0000 0.1226
327      327   (0)      8  : 0.0000 0.1781 0.0000 0.0000 0.0000 0.3789 0.0000 0.3254 0.0000 0.0000 0.0000 0.1176
328      328   (0)      8  : 0.0000 0.0473 0.0000 0.0000 0.0000 0.3948 0.0000 0.5524 0.0000 0.0000 0.0000 0.0055
329      329   (0)      8  : 0.0000 0.6625 0.0000 0.0000 0.0000 0.0891 0.0000 0.2484 0.0000 0.0000 0.0000 0.0000
330      330   (0)      9  : 0.0000 0.4176 0.0000 0.0000 0.0000 0.0000 0.0104 0.4845 0.0029 0.0000 0.0000 0.0845
331      331   (0)      9  : 0.0000 0.3943 0.0000 0.0000 0.0000 0.0499 0.0000 0.5559 0.0000 0.0000 0.0000 0.0000
332      332   (0)      9  : 0.0000 0.3632 0.0000 0.0000 0.0000 0.1077 0.0001 0.4227 0.0036 0.0000 0.0000 0.1028
333      333   (0)      9  : 0.0000 0.5004 0.0000 0.0000 0.0000 0.0607 0.0000 0.4389 0.0000 0.0000 0.0000 0.0000
334      334   (0)      9  : 0.0000 0.4858 0.0000 0.0000 0.0000 0.0734 0.0000 0.3454 0.0012 0.0000 0.0000 0.0942
335      335   (0)      9  : 0.0000 0.3886 0.0000 0.0000 0.0000 0.2504 0.0000 0.3498 0.0000 0.0000 0.0010 0.0102
336      336   (0)      8  : 0.0000 0.1887 0.0000 0.0000 0.0000 0.2644 0.0000 0.5047 0.0000 0.0000 0.0000 0.0422
337      337   (0)      8  : 0.0000 0.2167 0.0000 0.0000 0.0000 0.2835 0.0059 0.2422 0.0045 0.0000 0.0000 0.2472
338      338   (0)      8  : 0.0000 0.0009 0.0000 0.0000 0.0014 0.7253 0.0000 0.1769 0.0000 0.0000 0.0000 0.0956
339      339   (0)      8  : 0.0000 0.2302 0.0000 0.0000 0.0000 0.3654 0.0000 0.2715 0.0031 0.0000 0.0000 0.1298
340      340   (0)      8  : 0.0000 0.2818 0.0000 0.0000 0.0000 0.0614 0.0071 0.5540 0.0000 0.0000 0.0000 0.0958
341      341   (0)      8  : 0.0000 0.2901 0.0000 0.0000 0.0404 0.0485 0.0203 0.4906 0.0025 0.0000 0.0000 0.1077
342      342   (0)      8  : 0.0000 0.1501 0.0000 0.0000 0.0000 0.3369 0.0000 0.4380 0.0000 0.0000 0.0000 0.0750
343      343   (0)      9  : 0.0000 0.6054 0.0000 0.0000 0.0000 0.2272 0.0000 0.1372 0.0034 0.0000 0.0000 0.0267
344      344   (0)      9  : 0.0000 0.6551 0.0000 0.0000 0.0000 0.0732 0.0000 0.2447 0.0000 0.0000 0.0000 0.0270
345      345   (0)      9  : 0.0000 0.3679 0.0000 0.0000 0.0000 0.0293 0.0000 0.5537 0.0000 0.0000 0.0000 0.0492
346      346   (0)      9  : 0.0000 0.6149 0.0000 0.0000 0.0160 0.1209 0.0015 0.2057 0.0000 0.0000 0.0000 0.0410
347      347   (0)      9  : 0.0000 0.8333 0.0000 0.0000 0.0000 0.0000 0.0000 0.1667 0.0000 0.0000 0.0000 0.0000
348      348   (0)      9  : 0.0000 0.4120 0.0000 0.0000 0.0000 0.3333 0.0000 0.2346 0.0145 0.0000 0.0000 0.0056
349      349   (0)      9  : 0.0000 0.1571 0.0000 0.0000 0.0370 0.4392 0.0000 0.2358 0.0139 0.0000 0.0198 0.0970
350      350   (0)      9  : 0.0000 0.3221 0.0000 0.0000 0.0000 0.2180 0.0069 0.3848 0.0003 0.0000 0.0000 0.0678
351      351   (0)      9  : 0.0000 0.3203 0.0000 0.0000 0.0225 0.0681 0.0085 0.4981 0.0000 0.0000 0.0100 0.0724
352      352   (0)      9  : 0.0000 0.1045 0.0000 0.0000 0.0060 0.6116 0.0072 0.1289 0.0001 0.0000 0.0000 0.1418
353      353   (0)      9  : 0.0000 0.3399 0.0000 0.0000 0.0153 0.3605 0.0000 0.1105 0.0000 0.0000 0.0000 0.1738
354      354   (0)      9  : 0.0000 0.5384 0.0000 0.0000 0.0000 0.0945 0.0000 0.3496 0.0000 0.0000 0.0000 0.0175
355      355   (0)      9  : 0.0000 0.2220 0.0000 0.0000 0.0000 0.1533 0.0000 0.6183 0.0064 0.0000 0.0000 0.0000
356      356   (0)      9  : 0.0000 0.4128 0.0000 0.0000 0.0010 0.2244 0.0072 0.3393 0.0000 0.0000 0.0000 0.0152
357      357   (0)      9  : 0.0000 0.4818 0.0004 0.0000 0.0000 0.0563 0.0088 0.3863 0.0000 0.0000 0.0040 0.0625
358      358   (0)      9  : 0.0000 0.3421 0.0000 0.0000 0.0277 0.0766 0.0000 0.3601 0.0000 0.0000 0.0000 0.1935
359      359   (0)      9  : 0.0000 0.1243 0.0000 0.0000 0.0000 0.5765 0.0000 0.2093 0.0000 0.0000 0.0000 0.0899
360      360   (0)      9  : 0.0000 0.3845 0.0000 0.0000 0.0000 0.1712 0.0000 0.3511 0.0000 0.0000 0.0000 0.0932
361      361   (0)      9  : 0.0000 0.2666 0.0000 0.0000 0.0000 0.3423 0.0000 0.3325 0.0000 0.0000 0.0000 0.0585
362      362   (0)     10  : 0.0000 0.4732 0.0000 0.0000 0.0000 0.0160 0.0000 0.4501 0.0000 0.0000 0.0000 0.0608
363      363   (0)     10  : 0.0000 0.7560 0.0000 0.0000 0.0008 0.0000 0.0000 0.2415 0.0017 0.0000 0.0000 0.0000
364      364   (0)     10  : 0.0000 0.5723 0.0000 0.0000 0.0000 0.0102 0.0113 0.4062 0.0000 0.0000 0.0000 0.0000
365      365   (0)     10  : 0.0000 0.3443 0.0078 0.0000 0.0000 0.0502 0.0022 0.5835 0.0000 0.0000 0.0000 0.0119
366      366   (0)     10  : 0.0000 0.2426 0.0000 0.0000 0.0000 0.3319 0.0000 0.4255 0.0000 0.0000 0.0000 0.0000
367      367   (0)     10  : 0.0000 0.4737 0.0000 0.0000 0.0234 0.0315 0.0035 0.4415 0.0000 0.0000 0.0000 0.0264
368      368   (0)     10  : 0.0000 0.4044 0.0000 0.0000 0.0000 0.1488 0.0000 0.4115 0.0000 0.0000 0.0000 0.0353
369      369   (0)     10  : 0.0000 0.0382 0.0000 0.0000 0.0000 0.8898 0.0000 0.0433 0.0000 0.0000 0.0000 0.0288
370      370   (0)     10  : 0.0000 0.0008 0.0000 0.0000 0.0366 0.4011 0.0000 0.5201 0.0000 0.0000 0.0079 0.0334
371      371   (0)     10  : 0.0000 0.8642 0.0000 0.0000 0.0000 0.0725 0.0000 0.0633 0.0000 0.0000 0.0000 0.0000
372      372   (0)     10  : 0.0000 0.2727 0.0000 0.0000 0.0018 0.2598 0.0000 0.4603 0.0000 0.0000 0.0054 0.0000
373      373   (0)     10  : 0.0000 0.2701 0.0000 0.0000 0.0000 0.1082 0.0000 0.4551 0.0000 0.0000 0.0000 0.1667
374      374   (0)     10  : 0.0000 0.9172 0.0000 0.0000 0.0000 0.0000 0.0000 0.0828 0.0000 0.0000 0.0000 0.0000
375      375   (0)     10  : 0.0000 0.2800 0.0000 0.0000 0.0000 0.1470 0.0065 0.5183 0.0000 0.0000 0.0000 0.0483
376      376   (0)     10  : 0.0000 0.1147 0.0000 0.0000 0.0000 0.0000 0.0120 0.6957 0.0136 0.0000 0.0000 0.1641
377      377   (0)     10  : 0.0000 0.3090 0.0000 0.0000 0.0000 0.2527 0.0041 0.3768 0.0273 0.0000 0.0000 0.0302
378      378   (0)     10  : 0.0000 0.7472 0.0000 0.0000 0.0000 0.0479 0.0118 0.1909 0.0000 0.0000 0.0000 0.0023
379      379   (0)     10  : 0.0000 0.1276 0.0000 0.0000 0.0246 0.0496 0.0144 0.6841 0.0000 0.0000 0.0129 0.0869
380      380   (0)     10  : 0.0000 0.2832 0.0000 0.0000 0.0000 0.4236 0.0000 0.2932 0.0000 0.0000 0.0000 0.0000
381      381   (0)     10  : 0.0000 0.5627 0.0000 0.0000 0.0000 0.0000 0.0069 0.2847 0.0000 0.0000 0.0000 0.1457
382      382   (0)     10  : 0.0000 0.3380 0.0000 0.0000 0.0000 0.1542 0.0000 0.5079 0.0000 0.0000 0.0000 0.0000
383      383   (0)     10  : 0.0000 0.1558 0.0000 0.0000 0.0160 0.4648 0.0077 0.2058 0.0050 0.0000 0.0124 0.1325
384      384   (0)     10  : 0.0000 0.2619 0.0029 0.0000 0.0000 0.2598 0.0014 0.4741 0.0000 0.0000 0.0000 0.0000
385      385   (0)     10  : 0.0000 0.4710 0.0000 0.0000 0.0000 0.0777 0.0009 0.3589 0.0000 0.0000 0.0000 0.0914
386      386   (0)     10  : 0.0000 0.2608 0.0000 0.0000 0.0056 0.0942 0.0000 0.4998 0.0015 0.0000 0.0000 0.1382
387      387   (0)     10  : 0.0000 0.2534 0.0078 0.0000 0.0000 0.0734 0.0008 0.4151 0.0000 0.0000 0.0000 0.2495
388      388   (0)     10  : 0.0000 0.7176 0.0000 0.0000 0.0016 0.0000 0.0000 0.1600 0.0000 0.0000 0.0000 0.1208
389      389   (0)     10  : 0.0000 0.0885 0.0000 0.0000 0.0000 0.3260 0.0000 0.3853 0.0000 0.0000 0.0000 0.2002
390      390   (0)      8  : 0.0000 0.3497 0.0000 0.0000 0.0318 0.0022 0.0098 0.6059 0.0000 0.0000 0.0000 0.0007
391      391   (0)      8  : 0.0000 0.3050 0.0002 0.0000 0.0000 0.1861 0.0008 0.5079 0.0000 0.0000 0.0000 0.0000
392      392   (0)      8  : 0.0000 0.0099 0.0000 0.0000 0.0057 0.8481 0.0000 0.0772 0.0000 0.0000 0.0000 0.0591
393      393   (0)     11  : 0.0000 0.4482 0.0000 0.0000 0.0000 0.5310 0.0000 0.0208 0.0000 0.0000 0.0000 0.0000
394      394   (0)     11  : 0.0000 0.0516 0.0000 0.0000 0.0000 0.2361 0.0000 0.6666 0.0001 0.0000 0.0000 0.0456
395      395   (0)     11  : 0.0107 0.1218 0.0000 0.0015 0.0000 0.4384 0.0169 0.3879 0.0211 0.0000 0.0017 0.0000
396      396   (0)     11  : 0.0414 0.2257 0.0000 0.0000 0.0185 0.4707 0.0000 0.2217 0.0000 0.0000 0.0096 0.0124
397      397   (0)     11  : 0.0000 0.1938 0.0029 0.0000 0.0000 0.1669 0.0000 0.5839 0.0008 0.0000 0.0000 0.0516
398      398   (0)     11  : 0.0000 0.2209 0.0000 0.0000 0.0000 0.1381 0.0000 0.6410 0.0000 0.0000 0.0000 0.0000
399      399   (0)     11  : 0.0000 0.5093 0.0000 0.0000 0.0000 0.2848 0.0000 0.1621 0.0000 0.0000 0.0000 0.0437
400      400   (0)     11  : 0.0000 0.3812 0.0041 0.0000 0.0006 0.0298 0.0000 0.4946 0.0000 0.0000 0.0016 0.0881
401      401   (0)     11  : 0.0055 0.1642 0.0000 0.0000 0.0000 0.5954 0.0000 0.2349 0.0000 0.0000 0.0000 0.0000
402      402   (0)     11  : 0.0000 0.5001 0.0000 0.0000 0.0000 0.1943 0.0000 0.2957 0.0000 0.0000 0.0000 0.0099
403      403   (0)     11  : 0.0000 0.3178 0.0000 0.0000 0.0000 0.2877 0.0000 0.3176 0.0014 0.0000 0.0000 0.0754
404      404   (0)     11  : 0.0000 0.3617 0.0000 0.0000 0.0061 0.1417 0.0077 0.4827 0.0000 0.0000 0.0000 0.0000
405      405   (0)     11  : 0.0000 0.0802 0.0000 0.0000 0.0852 0.4520 0.0000 0.3280 0.0089 0.0000 0.0208 0.0248
406      406   (0)     11  : 0.0000 0.1353 0.0000 0.0000 0.0000 0.1688 0.0000 0.5933 0.0000 0.0000 0.0000 0.1026
407      407   (0)     11  : 0.0000 0.1647 0.0000 0.0000 0.0000 0.5026 0.0000 0.3204 0.0012 0.0000 0.0000 0.0112
408      408   (0)     11  : 0.0000 0.2758 0.0000 0.0000 0.0032 0.3295 0.0000 0.3865 0.0000 0.0000 0.0051 0.0000
409      409   (0)     11  : 0.0000 0.7266 0.0026 0.0039 0.0000 0.0397 0.0117 0.1761 0.0127 0.0000 0.0026 0.0240
410      410   (0)     11  : 0.0000 0.5802 0.0000 0.0000 0.0000 0.1215 0.0097 0.2876 0.0010 0.0000 0.0000 0.0000
411      411   (0)     11  : 0.0000 0.3292 0.0000 0.0000 0.0000 0.0194 0.0062 0.5802 0.0000 0.0000 0.0000 0.0650
412      412   (0)     11  : 0.0000 0.0001 0.0000 0.0000 0.0000 0.3495 0.0000 0.4780 0.0003 0.0000 0.0000 0.1721
413      413   (0)     11  : 0.0000 0.1357 0.0000 0.0000 0.0360 0.2020 0.0000 0.5132 0.0000 0.0000 0.0049 0.1081
414      414   (0)     11  : 0.0000 0.2730 0.0000 0.0000 0.0000 0.2969 0.0000 0.3951 0.0000 0.0000 0.0000 0.0350
415      415   (0)     11  : 0.0000 0.2672 0.0000 0.0000 0.0000 0.2288 0.0000 0.4059 0.0063 0.0000 0.0000 0.0917
416      416   (0)     11  : 0.0000 0.2252 0.0000 0.0000 0.0000 0.1321 0.0000 0.5551 0.0250 0.0000 0.0049 0.0577
417      417   (0)     11  : 0.0000 0.2000 0.0000 0.0000 0.0000 0.2343 0.0028 0.3758 0.0000 0.0000 0.0000 0.1871
418      418   (0)     11  : 0.0148 0.2872 0.0000 0.0000 0.0277 0.2934 0.0002 0.3217 0.0000 0.0000 0.0000 0.0550
419      419   (0)     11  : 0.0000 0.0000 0.0000 0.0000 0.0000 1.0000 0.0000 0.0000 0.0000 0.0000 0.0000 0.0000
420      420   (0)     11  : 0.0000 0.3695 0.0000 0.0000 0.0000 0.3844 0.0000 0.2457 0.0003 0.0000 0.0000 0.0000
421      421   (0)     11  : 0.0000 0.0000 0.0000 0.0000 0.0000 0.9984 0.0000 0.0000 0.0016 0.0000 0.0000 0.0000
422      422   (0)     11  : 0.0000 0.2473 0.0000 0.0000 0.0016 0.1343 0.0054 0.5295 0.0000 0.0000 0.0000 0.0819
423      423   (0)     12  : 0.8905 0.0000 0.0000 0.0000 0.0000 0.0000 0.0000 0.0000 0.0000 0.0001 0.0131 0.0963
424      424   (0)     12  : 0.0000 0.0590 0.0000 0.0000 0.6199 0.0000 0.0474 0.0313 0.0757 0.0000 0.1667 0.0000
425      425   (0)     12  : 0.9100 0.0000 0.0000 0.0000 0.0000 0.0000 0.0000 0.0000 0.0000 0.0009 0.0094 0.0797
426      426   (0)     12  : 0.0000 0.0000 0.0000 0.0000 0.4493 0.0047 0.0000 0.0186 0.4381 0.0000 0.0793 0.0099
427      427   (0)     12  : 0.7931 0.0000 0.0000 0.0043 0.0000 0.0000 0.0159 0.0000 0.0000 0.0110 0.0091 0.1667
428      428   (0)     12  : 0.8198 0.0000 0.0000 0.0000 0.0143 0.0000 0.0163 0.0000 0.0002 0.0224 0.0340 0.0931
429      429   (0)     12  : 0.0000 0.0000 0.0000 0.0000 0.0000 0.0000 0.0000 0.0000 1.0000 0.0000 0.0000 0.0000
430      430   (0)     12  : 0.8792 0.0000 0.0000 0.0074 0.0000 0.0000 0.0002 0.0000 0.0047 0.0046 0.0049 0.0990
431      431   (0)     12  : 0.9409 0.0000 0.0008 0.0137 0.0000 0.0000 0.0000 0.0000 0.0008 0.0000 0.0438 0.0000
432      432   (0)     12  : 0.0000 0.0242 0.0000 0.0000 0.7702 0.0000 0.0000 0.0000 0.0294 0.0000 0.1667 0.0095
433      433   (0)     12  : 0.9829 0.0000 0.0000 0.0009 0.0000 0.0000 0.0000 0.0000 0.0140 0.0000 0.0023 0.0000
434      434   (0)     12  : 0.9962 0.0000 0.0000 0.0020 0.0000 0.0000 0.0000 0.0000 0.0000 0.0000 0.0018 0.0000
435      435   (0)     12  : 0.8588 0.0000 0.0011 0.0599 0.0004 0.0000 0.0163 0.0000 0.0113 0.0067 0.0087 0.0368
436      436   (0)     12  : 0.9430 0.0000 0.0004 0.0190 0.0000 0.0000 0.0013 0.0000 0.0000 0.0193 0.0000 0.0170
437      437   (0)     12  : 0.9589 0.0000 0.0000 0.0031 0.0000 0.0000 0.0000 0.0000 0.0379 0.0000 0.0000 0.0000
438      438   (0)     12  : 0.9023 0.0000 0.0000 0.0000 0.0000 0.0000 0.0011 0.0000 0.0000 0.0011 0.0010 0.0944
439      439   (0)     12  : 0.0000 0.0000 0.0000 0.0000 0.8333 0.0000 0.0000 0.0000 0.0000 0.0000 0.1667 0.0000
440      440   (0)     12  : 0.0000 0.0000 0.0000 0.0000 0.8169 0.0000 0.0000 0.0000 0.0164 0.0000 0.1667 0.0000
441      441   (0)     12  : 0.9850 0.0000 0.0000 0.0029 0.0000 0.0000 0.0000 0.0000 0.0000 0.0052 0.0068 0.0000
442      442   (0)     12  : 0.0000 0.0000 0.0000 0.0000 0.3845 0.0000 0.0655 0.0000 0.5500 0.0000 0.0000 0.0000
443      443   (0)     12  : 0.8859 0.0000 0.0000 0.0250 0.0000 0.0000 0.0206 0.0000 0.0001 0.0000 0.0014 0.0670
444      444   (0)     12  : 0.8829 0.0000 0.0000 0.0249 0.0000 0.0000 0.0229 0.0000 0.0000 0.0002 0.0000 0.0692
445      445   (0)     12  : 0.8983 0.0000 0.0000 0.0166 0.0000 0.0000 0.0174 0.0000 0.0000 0.0131 0.0000 0.0546
446      446   (0)     12  : 0.9262 0.0000 0.0000 0.0000 0.0000 0.0000 0.0000 0.0000 0.0000 0.0000 0.0000 0.0738
447      447   (0)     12  : 0.8793 0.0000 0.0000 0.0303 0.0010 0.0000 0.0000 0.0000 0.0000 0.0000 0.0051 0.0843
448      448   (0)     12  : 0.9063 0.0000 0.0000 0.0000 0.0000 0.0000 0.0000 0.0000 0.0000 0.0000 0.0018 0.0920
449      449   (0)     12  : 0.9457 0.0000 0.0000 0.0174 0.0000 0.0000 0.0000 0.0000 0.0000 0.0000 0.0028 0.0341
450      450   (0)     12  : 0.9826 0.0000 0.0000 0.0000 0.0000 0.0000 0.0000 0.0000 0.0000 0.0000 0.0174 0.0000
451      451   (0)     12  : 0.8589 0.0000 0.0000 0.0298 0.0000 0.0002 0.0269 0.0000 0.0000 0.0084 0.0083 0.0675
452      452   (0)     12  : 0.7854 0.0000 0.0000 0.0000 0.0000 0.0000 0.0110 0.0000 0.0000 0.0044 0.0120 0.1872
453      453   (0)     13  : 0.9414 0.0000 0.0000 0.0000 0.0000 0.0000 0.0015 0.0000 0.0000 0.0028 0.0000 0.0543
454      454   (0)     13  : 0.8125 0.0000 0.0066 0.0088 0.0000 0.0000 0.0054 0.0000 0.0000 0.0000 0.0000 0.1667
455      455   (0)     13  : 0.9455 0.0000 0.0000 0.0000 0.0000 0.0000 0.0000 0.0000 0.0000 0.0000 0.0000 0.0545
456      456   (0)     13  : 0.0000 0.0000 0.0000 0.0000 0.8650 0.0000 0.0000 0.0000 0.0445 0.0000 0.0905 0.0000
457      457   (0)     13  : 0.8247 0.0000 0.0000 0.0099 0.0000 0.0000 0.0149 0.0000 0.0000 0.0000 0.0114 0.1391
458      458   (0)     13  : 0.9646 0.0000 0.0000 0.0016 0.0000 0.0000 0.0000 0.0000 0.0000 0.0000 0.0000 0.0337
459      459   (0)     13  : 0.8203 0.0000 0.0000 0.0064 0.0000 0.0000 0.0000 0.0000 0.0000 0.0000 0.0000 0.1732
460      460   (0)     13  : 0.9412 0.0000 0.0000 0.0000 0.0000 0.0000 0.0109 0.0000 0.0000 0.0032 0.0000 0.0446
461      461   (0)     13  : 0.8280 0.0000 0.0000 0.0000 0.0000 0.0000 0.0000 0.0000 0.0000 0.0000 0.0028 0.1692
462      462   (0)     13  : 0.7795 0.0000 0.0000 0.0000 0.0000 0.0000 0.0113 0.0000 0.0000 0.0075 0.0000 0.2017
463      463   (0)     13  : 0.8804 0.0000 0.0002 0.0479 0.0000 0.0000 0.0006 0.0000 0.0000 0.0098 0.0001 0.0611
464      464   (0)     13  : 0.0000 0.0000 0.0021 0.9496 0.0000 0.0000 0.0000 0.0000 0.0000 0.0463 0.0000 0.0020
465      465   (0)     13  : 0.8923 0.0000 0.0032 0.0254 0.0091 0.0000 0.0000 0.0000 0.0000 0.0000 0.0025 0.0675
466      466   (0)     13  : 0.9044 0.0000 0.0046 0.0114 0.0000 0.0000 0.0044 0.0000 0.0000 0.0000 0.0033 0.0719
467      467   (0)     13  : 0.8640 0.0000 0.0001 0.0427 0.0000 0.0000 0.0124 0.0000 0.0000 0.0000 0.0000 0.0808
468      468   (0)     13  : 0.0478 0.0000 0.0000 0.0458 0.0000 0.0000 0.1124 0.0000 0.0003 0.4164 0.1666 0.2108
469      469   (0)     13  : 0.0000 0.0000 0.0000 0.3660 0.0000 0.0000 0.0000 0.0000 0.0043 0.4624 0.1673 0.0000
470      470   (0)     13  : 0.9417 0.0000 0.0000 0.0332 0.0000 0.0000 0.0000 0.0000 0.0000 0.0042 0.0039 0.0169
471      471   (0)     13  : 0.8964 0.0078 0.0000 0.0000 0.0000 0.0119 0.0149 0.0025 0.0143 0.0000 0.0000 0.0522
472      472   (0)     13  : 0.8040 0.0000 0.0001 0.0081 0.0000 0.0000 0.0002 0.0000 0.0000 0.0000 0.0080 0.1796
473      473   (0)     13  : 0.0366 0.0000 0.0000 0.0000 0.7786 0.0843 0.0630 0.0000 0.0085 0.0000 0.0290 0.0000
474      474   (0)     13  : 0.9753 0.0000 0.0003 0.0000 0.0000 0.0000 0.0000 0.0000 0.0000 0.0244 0.0000 0.0000
475      475   (0)     13  : 0.9814 0.0000 0.0000 0.0136 0.0000 0.0000 0.0000 0.0000 0.0000 0.0000 0.0050 0.0000
476      476   (0)     13  : 0.0000 0.0000 0.0000 0.0000 0.9495 0.0000 0.0000 0.0000 0.0505 0.0000 0.0000 0.0000
477      477   (0)     13  : 0.9273 0.0000 0.0000 0.0000 0.0000 0.0000 0.0024 0.0000 0.0127 0.0049 0.0312 0.0215
478      478   (0)     13  : 0.8728 0.0000 0.0150 0.0000 0.0000 0.0000 0.0036 0.0000 0.0089 0.0000 0.0067 0.0931
479      479   (0)     13  : 0.9636 0.0000 0.0000 0.0084 0.0000 0.0000 0.0247 0.0000 0.0032 0.0000 0.0000 0.0001
480      480   (0)     13  : 0.0000 0.0000 0.0000 0.0000 0.8338 0.0000 0.0530 0.0000 0.1132 0.0000 0.0000 0.0000
481      481   (0)     13  : 0.0702 0.0000 0.0037 0.1674 0.0000 0.0000 0.3174 0.0000 0.0044 0.1224 0.3143 0.0004
482      482   (0)     13  : 0.8485 0.0000 0.0000 0.0224 0.0000 0.0000 0.0236 0.0000 0.0000 0.0075 0.0063 0.0917
483      483   (0)     14  : 0.9854 0.0000 0.0000 0.0054 0.0000 0.0000 0.0025 0.0000 0.0000 0.0000 0.0021 0.0047
484      484   (0)     14  : 0.9698 0.0000 0.0000 0.0154 0.0000 0.0000 0.0142 0.0000 0.0000 0.0006 0.0000 0.0000
485      485   (0)     15  : 0.8857 0.0000 0.0000 0.0140 0.0000 0.0000 0.0000 0.0000 0.0000 0.0068 0.0082 0.0853
486      486   (0)     15  : 0.9782 0.0000 0.0000 0.0105 0.0000 0.0000 0.0059 0.0000 0.0000 0.0048 0.0000 0.0006
487      487   (0)     15  : 0.8712 0.0000 0.0011 0.0092 0.0000 0.0000 0.0000 0.0000 0.0000 0.0020 0.0020 0.1145
488      488   (0)     15  : 0.9211 0.0000 0.0017 0.0055 0.0000 0.0000 0.0019 0.0000 0.0000 0.0000 0.0197 0.0501
489      489   (0)     15  : 0.0000 0.0052 0.0000 0.0000 0.9236 0.0000 0.0283 0.0000 0.0000 0.0000 0.0429 0.0000
490      490   (0)     15  : 0.0000 0.0000 0.0000 0.0000 0.8020 0.0000 0.0000 0.0000 0.0313 0.0000 0.1667 0.0000
491      491   (0)     15  : 0.8083 0.0000 0.0000 0.0000 0.0000 0.0000 0.0197 0.0000 0.0000 0.0053 0.0000 0.1667
492      492   (0)     15  : 0.0000 0.0000 0.0000 0.0000 0.8333 0.0000 0.1667 0.0000 0.0000 0.0000 0.0000 0.0000
493      493   (0)     15  : 0.8902 0.0000 0.0143 0.0198 0.0000 0.0000 0.0000 0.0000 0.0000 0.0179 0.0116 0.0462
494      494   (0)     15  : 0.8917 0.0000 0.0000 0.0000 0.0000 0.0000 0.0000 0.0000 0.0000 0.0250 0.0201 0.0632
495      495   (0)     15  : 0.9788 0.0000 0.0022 0.0000 0.0000 0.0000 0.0040 0.0000 0.0000 0.0000 0.0150 0.0000
496      496   (0)     15  : 0.8885 0.0000 0.0055 0.0051 0.0000 0.0000 0.0000 0.0000 0.0000 0.0000 0.0000 0.1009
497      497   (0)     15  : 0.7845 0.0000 0.0000 0.0122 0.0000 0.0000 0.0234 0.0000 0.0000 0.0000 0.0132 0.1667
498      498   (0)     15  : 0.9124 0.0000 0.0000 0.0000 0.0000 0.0000 0.0288 0.0000 0.0000 0.0324 0.0010 0.0254
499      499   (0)     15  : 0.9306 0.0000 0.0000 0.0000 0.0000 0.0000 0.0000 0.0000 0.0000 0.0239 0.0000 0.0455
500      500   (0)     15  : 0.8953 0.0000 0.0000 0.0110 0.0000 0.0000 0.0000 0.0000 0.0000 0.0023 0.0124 0.0791
501      501   (0)     15  : 0.9381 0.0000 0.0001 0.0000 0.0000 0.0000 0.0000 0.0000 0.0141 0.0037 0.0229 0.0210
502      502   (0)     15  : 0.8902 0.0000 0.0000 0.0096 0.0000 0.0000 0.0001 0.0000 0.0000 0.0078 0.0000 0.0923
503      503   (0)     15  : 0.8108 0.0000 0.0000 0.0062 0.0000 0.0000 0.0092 0.0000 0.0000 0.0000 0.0071 0.1667
504      504   (0)     15  : 0.9458 0.0000 0.0000 0.0038 0.0000 0.0000 0.0050 0.0000 0.0000 0.0051 0.0000 0.0403
505      505   (0)     15  : 0.9280 0.0000 0.0000 0.0694 0.0000 0.0000 0.0000 0.0000 0.0000 0.0023 0.0003 0.0000
506      506   (0)     15  : 0.9045 0.0000 0.0000 0.0288 0.0000 0.0000 0.0000 0.0000 0.0000 0.0000 0.0094 0.0573
507      507   (0)     15  : 0.8915 0.0000 0.0000 0.0090 0.0000 0.0000 0.0000 0.0000 0.0000 0.0050 0.0148 0.0796
508      508   (0)     15  : 0.9219 0.0000 0.0000 0.0109 0.0008 0.0000 0.0000 0.0000 0.0000 0.0098 0.0256 0.0311
509      509   (0)     15  : 0.0000 0.0000 0.0000 0.0000 1.0000 0.0000 0.0000 0.0000 0.0000 0.0000 0.0000 0.0000
510      510   (0)     15  : 0.0000 0.0000 0.0000 0.0000 0.9573 0.0000 0.0000 0.0000 0.0000 0.0000 0.0427 0.0000
511      511   (0)     15  : 0.9232 0.0081 0.0078 0.0001 0.0083 0.0000 0.0000 0.0085 0.0000 0.0076 0.0281 0.0082
512      512   (0)     15  : 0.8782 0.0000 0.0000 0.0000 0.0000 0.0000 0.0000 0.0000 0.0000 0.0000 0.0018 0.1200
513      513   (0)     15  : 0.8660 0.0000 0.0000 0.0032 0.0000 0.0000 0.0000 0.0000 0.0000 0.0236 0.0259 0.0814
514      514   (0)     15  : 0.8264 0.0000 0.0000 0.0004 0.0009 0.0000 0.0393 0.0000 0.0000 0.0057 0.0049 0.1224
515      515   (0)     16  : 0.0141 0.0000 0.0000 0.7765 0.0000 0.0000 0.0000 0.0000 0.0000 0.2094 0.0000 0.0000
516      516   (0)     16  : 0.8755 0.0000 0.0019 0.0090 0.0000 0.0000 0.0013 0.0000 0.0000 0.0049 0.0000 0.1074
517      517   (0)     16  : 0.0000 0.0070 0.0000 0.0000 0.8138 0.0080 0.0473 0.0226 0.1014 0.0000 0.0000 0.0000
518      518   (0)     16  : 0.8783 0.0000 0.0139 0.0286 0.0010 0.0000 0.0068 0.0000 0.0000 0.0000 0.0021 0.0693
519      519   (0)     16  : 0.8657 0.0000 0.0000 0.0159 0.0000 0.0000 0.0234 0.0000 0.0000 0.0102 0.0000 0.0848
520      520   (0)     16  : 0.8326 0.0000 0.0000 0.0046 0.0000 0.0000 0.0243 0.0000 0.0000 0.0070 0.0000 0.1316
521      521   (0)     16  : 0.9046 0.0000 0.0000 0.0213 0.0000 0.0000 0.0000 0.0000 0.0000 0.0000 0.0394 0.0347
522      522   (0)     16  : 0.0000 0.0000 0.0000 0.0000 0.0000 0.0000 0.0000 0.0000 1.0000 0.0000 0.0000 0.0000
523      523   (0)     16  : 0.9652 0.0000 0.0000 0.0046 0.0000 0.0000 0.0000 0.0000 0.0000 0.0163 0.0138 0.0000
524      524   (0)     16  : 0.0000 0.0000 0.0000 0.0000 0.8687 0.0010 0.0000 0.0370 0.0933 0.0000 0.0000 0.0000
525      525   (0)     16  : 0.9615 0.0000 0.0000 0.0347 0.0000 0.0000 0.0000 0.0000 0.0000 0.0021 0.0018 0.0000
526      526   (0)     16  : 0.9493 0.0000 0.0000 0.0000 0.0000 0.0000 0.0008 0.0000 0.0000 0.0499 0.0000 0.0000
527      527   (0)     16  : 0.0000 0.0000 0.0000 0.0000 0.8929 0.0000 0.0000 0.0000 0.1071 0.0000 0.0000 0.0000
528      528   (0)     16  : 0.8313 0.0000 0.0000 0.0882 0.0000 0.0000 0.0000 0.0000 0.0000 0.0000 0.0000 0.0805
529      529   (0)     16  : 0.9557 0.0000 0.0000 0.0012 0.0000 0.0000 0.0000 0.0000 0.0000 0.0033 0.0398 0.0000
530      530   (0)     16  : 0.8444 0.0000 0.0000 0.0453 0.0000 0.0000 0.0217 0.0000 0.0000 0.0020 0.0281 0.0584
531      531   (0)     16  : 0.8333 0.0000 0.0000 0.0000 0.0000 0.0000 0.0000 0.0000 0.0000 0.0000 0.0000 0.1667
532      532   (0)     16  : 0.0000 0.0000 0.0000 0.0000 0.0000 0.0000 0.0000 0.0000 1.0000 0.0000 0.0000 0.0000
533      533   (0)     16  : 0.0000 0.0000 0.0000 0.0000 0.0000 0.0000 0.0000 0.0000 1.0000 0.0000 0.0000 0.0000
534      534   (0)     16  : 0.9596 0.0000 0.0000 0.0049 0.0000 0.0000 0.0000 0.0000 0.0000 0.0089 0.0157 0.0110
535      535   (0)     16  : 0.8027 0.0000 0.0000 0.0055 0.0000 0.0000 0.0149 0.0000 0.0000 0.0004 0.0098 0.1667
536      536   (0)     16  : 0.9537 0.0000 0.0000 0.0265 0.0000 0.0000 0.0000 0.0000 0.0000 0.0197 0.0001 0.0000
537      537   (0)     16  : 0.8748 0.0000 0.0000 0.0001 0.0004 0.0000 0.0000 0.0000 0.0000 0.0214 0.0000 0.1033
538      538   (0)     16  : 0.9087 0.0000 0.0000 0.0046 0.0000 0.0000 0.0000 0.0000 0.0000 0.0043 0.0003 0.0821
539      539   (0)     16  : 0.8740 0.0000 0.0000 0.0023 0.0000 0.0000 0.0116 0.0000 0.0000 0.0012 0.0126 0.0983
540      540   (0)     16  : 0.8818 0.0000 0.0000 0.0000 0.0000 0.0000 0.0246 0.0000 0.0000 0.0121 0.0000 0.0815
541      541   (0)     16  : 0.0000 0.0000 0.8333 0.0000 0.0000 0.0000 0.1667 0.0000 0.0000 0.0000 0.0000 0.0000
542      542   (0)     16  : 0.8591 0.0000 0.0000 0.0042 0.0000 0.0000 0.0000 0.0000 0.0000 0.0498 0.0000 0.0869
543      543   (0)     16  : 0.9285 0.0000 0.0000 0.0000 0.0000 0.0000 0.0000 0.0000 0.0000 0.0000 0.0000 0.0715
544      544   (0)     16  : 0.9253 0.0000 0.0000 0.0017 0.0000 0.0000 0.0000 0.0000 0.0000 0.0000 0.0020 0.0710
