1        1   (0)      1  : 0.0004 0.0000 0.0000 0.0054 0.0000 0.0000 0.0366 0.0000 0.0000 0.1001 0.6264 0.0000 0.0234 0.2078
2        2   (0)      1  : 0.1157 0.0000 0.0000 0.8235 0.0000 0.0000 0.0000 0.0000 0.0000 0.0336 0.0058 0.0000 0.0000 0.0214
3        3   (0)      1  : 0.3462 0.0000 0.0000 0.5903 0.0000 0.0000 0.0338 0.0000 0.0000 0.0000 0.0100 0.0000 0.0091 0.0106
4        4   (0)      1  : 0.0099 0.0000 0.0080 0.0026 0.0000 0.0000 0.0892 0.0000 0.0000 0.1558 0.2096 0.2362 0.1368 0.1518
5        5   (0)      1  : 0.0006 0.0000 0.0007 0.0060 0.0000 0.0000 0.3306 0.0000 0.0000 0.1186 0.1165 0.1160 0.0519 0.2591
6        6   (0)      1  : 0.0042 0.0000 0.0000 0.0000 0.0000 0.0000 0.2827 0.0000 0.0020 0.3658 0.2979 0.0000 0.0003 0.0471
7        7   (0)      1  : 0.1779 0.0000 0.0000 0.8162 0.0000 0.0000 0.0000 0.0000 0.0000 0.0000 0.0000 0.0059 0.0000 0.0000
8        8   (0)      1  : 0.0000 0.0000 0.0000 0.9647 0.0000 0.0000 0.0000 0.0000 0.0000 0.0000 0.0000 0.0000 0.0287 0.0066
9        9   (0)      1  : 0.0000 0.0000 0.0000 0.0137 0.0000 0.0000 0.1502 0.0000 0.0000 0.1008 0.4595 0.1967 0.0790 0.0000
10       10   (0)      1  : 0.1619 0.0000 0.0000 0.7843 0.0000 0.0000 0.0268 0.0000 0.0000 0.0000 0.0000 0.0059 0.0000 0.0210
11       11   (0)      1  : 0.0032 0.0000 0.0000 0.0000 0.0000 0.0000 0.3157 0.0000 0.0000 0.1057 0.2164 0.2129 0.0487 0.0974
12       12   (0)      1  : 0.0000 0.0000 0.0000 0.0000 0.0000 0.0000 0.3491 0.0000 0.0000 0.0880 0.5120 0.0509 0.0000 0.0000
13       13   (0)      1  : 0.0000 0.0000 0.0000 0.0000 0.0000 0.0000 0.3504 0.0000 0.0000 0.2193 0.2878 0.0000 0.0818 0.0607
14       14   (0)      1  : 0.0000 0.0000 0.0010 0.0000 0.0000 0.0000 0.5987 0.0000 0.0000 0.0891 0.0000 0.1112 0.0000 0.2000
15       15   (0)      1  : 0.0000 0.0000 0.0000 0.0000 0.0000 0.0000 0.1996 0.0000 0.0000 0.0000 0.7108 0.0896 0.0000 0.0000
16       16   (0)      1  : 0.0099 0.0000 0.0000 0.0457 0.0000 0.0000 0.2299 0.0000 0.0021 0.1480 0.1642 0.2275 0.0698 0.1030
17       17   (0)      1  : 0.0000 0.0000 0.0000 0.0000 0.0000 0.0000 0.0000 0.0000 0.0000 0.2135 0.0000 0.3993 0.0499 0.3373
18       18   (0)      1  : 0.0000 0.0000 0.0000 0.0000 0.0000 0.0000 0.0942 0.0000 0.0000 0.1059 0.7999 0.0000 0.0000 0.0000
19       19   (0)      1  : 0.0000 0.0000 0.0000 0.0000 0.0000 0.0000 0.1670 0.0000 0.0000 0.0000 0.5862 0.1325 0.0000 0.1143
20       20   (0)      1  : 0.0000 0.0000 0.0000 0.0000 0.0000 0.0000 0.0967 0.0000 0.0000 0.0000 0.3144 0.2087 0.0960 0.2842
21       21   (0)      1  : 0.0000 0.0000 0.0000 0.0000 0.0000 0.0000 0.0862 0.0000 0.0000 0.0032 0.5939 0.1168 0.1682 0.0318
22       22   (0)      1  : 0.4815 0.0000 0.0000 0.4549 0.0000 0.0000 0.0401 0.0000 0.0000 0.0000 0.0000 0.0235 0.0000 0.0000
23       23   (0)      1  : 0.0000 0.0000 0.0000 0.0000 0.0000 0.0000 0.1672 0.0000 0.0000 0.1043 0.4268 0.0000 0.2112 0.0905
24       24   (0)      1  : 0.0000 0.0000 0.0000 0.0000 0.0000 0.0000 0.2000 0.0000 0.0000 0.0000 0.0000 0.0000 0.8000 0.0000
25       25   (0)      1  : 0.0006 0.0000 0.0000 0.0000 0.0000 0.0000 0.2190 0.0000 0.0000 0.0644 0.1896 0.1000 0.1271 0.2993
26       26   (0)      1  : 0.0000 0.0000 0.0000 0.0000 0.0000 0.0000 0.1212 0.0000 0.0000 0.4665 0.1646 0.0445 0.0000 0.2031
27       27   (0)      1  : 0.0000 0.0085 0.0000 0.0000 0.9685 0.0162 0.0000 0.0068 0.0000 0.0000 0.0000 0.0000 0.0000 0.0000
28       28   (0)      1  : 0.0000 0.0000 0.0000 0.0000 0.7489 0.0000 0.0000 0.0000 0.0000 0.0000 0.0000 0.0000 0.2511 0.0000
29       29   (0)      1  : 0.0000 0.0000 0.0000 0.0011 0.0000 0.0000 0.0000 0.0000 0.0000 0.4192 0.3905 0.0693 0.0918 0.0282
30       30   (0)      1  : 0.0000 0.0000 0.0000 0.0000 0.0000 0.0000 0.0000 0.0000 0.0000 0.6099 0.0000 0.0000 0.1096 0.2805
31       31   (0)      1  : 0.0044 0.0000 0.0000 0.0075 0.0000 0.0000 0.2736 0.0000 0.0000 0.1170 0.1265 0.1926 0.2782 0.0000
32       32   (0)      1  : 0.1630 0.0000 0.0000 0.6909 0.0000 0.0000 0.0246 0.0000 0.0000 0.0000 0.0000 0.0000 0.1215 0.0000
33       33   (0)      1  : 0.0000 0.0000 0.0000 0.0776 0.2457 0.0000 0.0893 0.0000 0.0000 0.0000 0.0000 0.0000 0.5874 0.0000
34       34   (0)      1  : 0.0000 0.0000 0.0000 0.0000 0.0000 0.0000 0.0000 0.0000 0.0000 0.0000 0.6000 0.0000 0.0000 0.4000
35       35   (0)      1  : 0.0000 0.0000 1.0000 0.0000 0.0000 0.0000 0.0000 0.0000 0.0000 0.0000 0.0000 0.0000 0.0000 0.0000
36       36   (0)      1  : 0.0000 0.0000 1.0000 0.0000 0.0000 0.0000 0.0000 0.0000 0.0000 0.0000 0.0000 0.0000 0.0000 0.0000
37       37   (0)      1  : 0.0000 0.0000 1.0000 0.0000 0.0000 0.0000 0.0000 0.0000 0.0000 0.0000 0.0000 0.0000 0.0000 0.0000
38       38   (0)      1  : 0.0000 0.0000 0.0000 0.0000 1.0000 0.0000 0.0000 0.0000 0.0000 0.0000 0.0000 0.0000 0.0000 0.0000
39       39   (0)      1  : 0.0000 0.0000 0.0000 0.0000 1.0000 0.0000 0.0000 0.0000 0.0000 0.0000 0.0000 0.0000 0.0000 0.0000
40       40   (0)      1  : 0.0000 0.0000 0.0000 0.0000 0.0000 0.0000 0.1940 0.0000 0.0000 0.4000 0.0000 0.2060 0.0000 0.2000
41       41   (0)      1  : 0.1392 0.0000 0.0000 0.8231 0.0000 0.0000 0.0000 0.0000 0.0000 0.0167 0.0145 0.0000 0.0031 0.0034
42       42   (0)      1  : 0.0000 0.0000 0.0000 0.0000 1.0000 0.0000 0.0000 0.0000 0.0000 0.0000 0.0000 0.0000 0.0000 0.0000
43       43   (0)      1  : 0.0000 0.0000 0.0067 0.0000 0.0000 0.0000 0.5073 0.0000 0.0000 0.0000 0.2878 0.0000 0.0000 0.1982
44       44   (0)      1  : 0.1302 0.0000 0.0000 0.8544 0.0000 0.0000 0.0000 0.0000 0.0000 0.0042 0.0000 0.0000 0.0019 0.0092
45       45   (0)      1  : 0.0000 0.0000 0.0000 0.0000 1.0000 0.0000 0.0000 0.0000 0.0000 0.0000 0.0000 0.0000 0.0000 0.0000
46       46   (0)      1  : 0.0000 0.0000 0.0000 0.0000 0.0000 0.0000 0.2007 0.0000 0.0000 0.3088 0.0904 0.1249 0.0000 0.2751
47       47   (0)      1  : 0.0000 0.0000 0.0000 0.0000 1.0000 0.0000 0.0000 0.0000 0.0000 0.0000 0.0000 0.0000 0.0000 0.0000
48       48   (0)      1  : 0.5305 0.0000 0.0000 0.4365 0.0000 0.0000 0.0000 0.0000 0.0014 0.0000 0.0261 0.0055 0.0000 0.0000
49       49   (0)      1  : 0.1300 0.0000 0.0000 0.8644 0.0000 0.0000 0.0021 0.0000 0.0000 0.0000 0.0000 0.0009 0.0000 0.0026
50       50   (0)      1  : 0.0000 0.0000 0.0000 0.0000 1.0000 0.0000 0.0000 0.0000 0.0000 0.0000 0.0000 0.0000 0.0000 0.0000
51       51   (0)      1  : 0.0000 0.0000 0.0000 0.0000 0.9989 0.0000 0.0000 0.0000 0.0011 0.0000 0.0000 0.0000 0.0000 0.0000
52       52   (0)      1  : 0.1707 0.0000 0.0000 0.7241 0.0000 0.0000 0.0000 0.0000 0.0000 0.0622 0.0000 0.0180 0.0249 0.0000
53       53   (0)      1  : 0.1908 0.0000 0.0000 0.7551 0.0000 0.0000 0.0000 0.0000 0.0000 0.0086 0.0000 0.0075 0.0000 0.0380
54       54   (0)      1  : 0.4166 0.0000 0.0000 0.5330 0.0000 0.0000 0.0000 0.0000 0.0000 0.0093 0.0268 0.0073 0.0000 0.0069
55       55   (0)      1  : 0.0000 0.0000 0.0000 0.0000 1.0000 0.0000 0.0000 0.0000 0.0000 0.0000 0.0000 0.0000 0.0000 0.0000
56       56   (0)      2  : 0.0000 0.0000 0.0000 0.0000 0.0000 0.0000 0.0991 0.0000 0.0000 0.2210 0.0000 0.5041 0.1758 0.0000
57       57   (0)      2  : 0.0000 0.0000 0.0060 0.0000 0.0000 0.0000 0.1083 0.0000 0.0000 0.0537 0.7512 0.0485 0.0000 0.0323
58       58   (0)      2  : 0.0000 0.0000 0.0000 0.0000 0.0000 0.0000 0.2000 0.0000 0.0000 0.0000 0.6000 0.2000 0.0000 0.0000
59       59   (0)      2  : 0.0000 0.0000 0.0000 0.0000 0.0000 0.0000 0.5033 0.0000 0.0000 0.0504 0.2651 0.0000 0.1812 0.0000
60       60   (0)      2  : 0.1535 0.0000 0.0000 0.7910 0.0000 0.0000 0.0120 0.0000 0.0000 0.0000 0.0000 0.0000 0.0000 0.0435
61       61   (0)      2  : 0.0000 0.0000 0.0021 0.0000 0.0000 0.0000 0.0776 0.0000 0.0000 0.6127 0.1076 0.0000 0.0000 0.2000
62       62   (0)      2  : 0.0000 0.0000 1.0000 0.0000 0.0000 0.0000 0.0000 0.0000 0.0000 0.0000 0.0000 0.0000 0.0000 0.0000
63       63   (0)      2  : 0.0000 0.0000 0.0000 0.0000 0.0000 0.0000 0.0000 0.0000 0.0000 0.0000 0.0000 0.6799 0.3201 0.0000
64       64   (0)      2  : 0.0000 0.0000 1.0000 0.0000 0.0000 0.0000 0.0000 0.0000 0.0000 0.0000 0.0000 0.0000 0.0000 0.0000
65       65   (0)      2  : 0.0313 0.0000 0.0000 0.0000 0.0000 0.0000 0.1736 0.0000 0.0000 0.3300 0.1387 0.0577 0.0596 0.2091
66       66   (0)      2  : 0.0000 0.0000 1.0000 0.0000 0.0000 0.0000 0.0000 0.0000 0.0000 0.0000 0.0000 0.0000 0.0000 0.0000
67       67   (0)      2  : 0.0000 0.0000 0.0000 0.0000 0.0000 0.0000 0.0760 0.0000 0.0000 0.2000 0.4764 0.0586 0.0043 0.1847
68       68   (0)      2  : 0.0000 0.0000 0.0000 0.0005 0.0000 0.0000 0.2140 0.0000 0.0000 0.3149 0.0277 0.0000 0.0429 0.4000
69       69   (0)      2  : 0.0869 0.0000 0.0000 0.8689 0.0000 0.0000 0.0098 0.0000 0.0000 0.0234 0.0054 0.0000 0.0000 0.0056
70       70   (0)      2  : 0.0000 0.0000 0.0000 0.0000 0.0000 0.0000 0.2446 0.0000 0.0000 0.0650 0.4000 0.2006 0.0899 0.0000
71       71   (0)      2  : 0.0000 0.0000 1.0000 0.0000 0.0000 0.0000 0.0000 0.0000 0.0000 0.0000 0.0000 0.0000 0.0000 0.0000
72       72   (0)      2  : 0.0000 0.0000 1.0000 0.0000 0.0000 0.0000 0.0000 0.0000 0.0000 0.0000 0.0000 0.0000 0.0000 0.0000
73       73   (0)      2  : 0.0536 0.0000 0.0000 0.0000 0.0000 0.0000 0.1857 0.0000 0.0000 0.0000 0.0836 0.2228 0.2543 0.2000
74       74   (0)      2  : 0.1324 0.0000 0.0011 0.8395 0.0000 0.0000 0.0000 0.0000 0.0000 0.0024 0.0000 0.0160 0.0000 0.0087
75       75   (0)      2  : 0.0000 0.0000 0.0000 0.0000 0.9953 0.0047 0.0000 0.0000 0.0000 0.0000 0.0000 0.0000 0.0000 0.0000
76       76   (0)      2  : 0.2863 0.0000 0.0000 0.6791 0.0000 0.0000 0.0031 0.0000 0.0000 0.0000 0.0000 0.0110 0.0204 0.0000
77       77   (0)      2  : 0.0233 0.0000 0.0000 0.0257 0.0000 0.0000 0.1175 0.0000 0.0000 0.3415 0.3223 0.0000 0.0541 0.1156
78       78   (0)      2  : 0.0000 0.0000 1.0000 0.0000 0.0000 0.0000 0.0000 0.0000 0.0000 0.0000 0.0000 0.0000 0.0000 0.0000
79       79   (0)      2  : 0.0000 0.0000 0.0000 0.0000 1.0000 0.0000 0.0000 0.0000 0.0000 0.0000 0.0000 0.0000 0.0000 0.0000
80       80   (0)      2  : 0.0000 0.0000 1.0000 0.0000 0.0000 0.0000 0.0000 0.0000 0.0000 0.0000 0.0000 0.0000 0.0000 0.0000
81       81   (0)      2  : 0.0000 0.0000 0.0000 0.0000 0.0000 0.0000 0.2266 0.0000 0.0000 0.1165 0.4545 0.0000 0.2023 0.0000
82       82   (0)      2  : 0.0000 0.0000 0.0003 0.9696 0.0000 0.0000 0.0000 0.0000 0.0000 0.0000 0.0000 0.0000 0.0000 0.0301
83       83   (0)      2  : 0.3881 0.0000 0.0000 0.6119 0.0000 0.0000 0.0000 0.0000 0.0000 0.0000 0.0000 0.0000 0.0000 0.0000
84       84   (0)      2  : 0.0818 0.0000 0.0000 0.1184 0.0000 0.0000 0.0000 0.0000 0.0000 0.3687 0.0676 0.1355 0.2082 0.0199
85       85   (0)      2  : 0.0016 0.0000 0.0000 0.0000 0.0000 0.0000 0.1492 0.0000 0.0000 0.3081 0.0527 0.0822 0.2061 0.2000
86       86   (0)      2  : 0.0000 0.0000 0.0000 0.0001 0.0000 0.0000 0.0608 0.0000 0.0000 0.2010 0.1382 0.0000 0.0733 0.5266
87       87   (0)      2  : 0.0018 0.0000 0.0000 0.0004 0.0000 0.0000 0.2961 0.0000 0.0000 0.1128 0.4406 0.0000 0.1483 0.0000
88       88   (0)      2  : 0.0000 0.0000 0.0000 0.0000 0.0000 0.0000 0.1539 0.0000 0.0000 0.4000 0.0000 0.2461 0.0000 0.2000
89       89   (0)      2  : 0.0000 0.0000 0.0000 0.0000 0.0000 0.0000 0.3678 0.0000 0.0000 0.2828 0.1446 0.0000 0.0000 0.2048
90       90   (0)      2  : 0.0000 0.0000 0.0000 0.0052 0.0000 0.0000 0.4362 0.0000 0.0000 0.1957 0.0733 0.0000 0.0000 0.2897
91       91   (0)      2  : 0.0000 0.0000 0.0000 0.0000 0.0000 0.0000 0.0603 0.0000 0.0000 0.0909 0.1987 0.2000 0.2501 0.2000
92       92   (0)      2  : 0.0052 0.0000 0.0000 0.0000 0.0000 0.0000 0.0703 0.0000 0.0000 0.0000 0.0000 0.3245 0.2000 0.4000
93       93   (0)      2  : 0.4710 0.0000 0.0000 0.5252 0.0000 0.0000 0.0000 0.0000 0.0000 0.0037 0.0000 0.0000 0.0000 0.0000
94       94   (0)      2  : 0.3140 0.0000 0.0000 0.6478 0.0000 0.0000 0.0088 0.0000 0.0000 0.0000 0.0055 0.0000 0.0000 0.0240
95       95   (0)      2  : 0.0000 0.0000 1.0000 0.0000 0.0000 0.0000 0.0000 0.0000 0.0000 0.0000 0.0000 0.0000 0.0000 0.0000
96       96   (0)      2  : 0.5732 0.0000 0.0000 0.3751 0.0000 0.0000 0.0000 0.0000 0.0000 0.0239 0.0000 0.0135 0.0000 0.0143
97       97   (0)      2  : 0.6227 0.0000 0.0000 0.3419 0.0000 0.0000 0.0000 0.0000 0.0000 0.0000 0.0000 0.0113 0.0001 0.0241
98       98   (0)      2  : 0.0000 0.0000 0.0000 0.0001 0.0000 0.0000 0.0000 0.0000 0.0000 0.1184 0.3238 0.2368 0.2000 0.1210
99       99   (0)      2  : 0.0000 0.0000 1.0000 0.0000 0.0000 0.0000 0.0000 0.0000 0.0000 0.0000 0.0000 0.0000 0.0000 0.0000
100      100   (0)      2  : 0.0000 0.0000 0.0000 0.0000 0.0000 0.0000 0.3770 0.0000 0.0000 0.0000 0.0132 0.5492 0.0607 0.0000
101      101   (0)      3  : 0.0000 0.0000 0.0000 0.0000 0.0000 0.0000 0.2533 0.0000 0.0000 0.0008 0.0968 0.5991 0.0000 0.0499
102      102   (0)      3  : 0.0000 0.0000 0.0019 0.0000 0.0000 0.0000 0.1250 0.0000 0.0000 0.1263 0.0000 0.3796 0.2890 0.0782
103      103   (0)      3  : 0.0038 0.0000 0.0000 0.0000 0.0000 0.0000 0.1041 0.0000 0.0000 0.0696 0.2766 0.3608 0.0708 0.1141
104      104   (0)      3  : 0.0000 0.0000 0.0000 0.0000 0.0000 0.0000 0.2249 0.0000 0.0000 0.0000 0.0000 0.2709 0.0541 0.4502
105      105   (0)      3  : 0.0000 0.0000 0.0000 0.0000 0.0000 0.0000 0.4743 0.0000 0.0000 0.0000 0.4000 0.0000 0.1257 0.0000
106      106   (0)      3  : 0.0000 0.0000 0.0000 0.0000 0.0000 0.0000 0.2000 0.0000 0.0000 0.0992 0.0000 0.1008 0.4000 0.2000
107      107   (0)      3  : 0.0000 0.0000 0.0000 0.0000 0.0000 0.0000 0.1763 0.0000 0.0000 0.1310 0.1725 0.4000 0.0000 0.1201
108      108   (0)      3  : 0.0001 0.0000 0.0000 0.0000 0.0000 0.0000 0.4707 0.0000 0.0000 0.0788 0.3159 0.0635 0.0271 0.0440
109      109   (0)      3  : 0.0000 0.0000 0.0000 0.0000 0.0000 0.0000 0.3903 0.0000 0.0000 0.0295 0.0685 0.3333 0.1220 0.0564
110      110   (0)      3  : 0.0000 0.0000 0.0000 0.0000 0.0000 0.0000 0.0000 0.0000 0.0000 0.6000 0.0000 0.0000 0.0000 0.4000
111      111   (0)      3  : 0.0021 0.0000 0.0042 0.0000 0.0000 0.0000 0.4634 0.0000 0.0000 0.0342 0.0000 0.0911 0.0051 0.4000
112      112   (0)      3  : 0.0000 0.0000 0.0000 0.0000 0.0000 0.0000 0.1057 0.0000 0.0000 0.2000 0.0000 0.4000 0.0000 0.2943
113      113   (0)      3  : 0.0000 0.0000 0.0000 0.0000 0.0000 0.0000 0.3495 0.0000 0.0000 0.3102 0.0000 0.0000 0.1403 0.2000
114      114   (0)      3  : 0.0000 0.0000 0.0000 0.0021 0.0000 0.0000 0.4939 0.0000 0.0000 0.3009 0.0194 0.0000 0.1837 0.0000
115      115   (0)      3  : 0.0000 0.0000 0.0000 0.0362 0.0000 0.0000 0.2418 0.0000 0.0000 0.0000 0.0000 0.5247 0.1069 0.0904
116      116   (0)      3  : 0.0000 0.0000 0.0000 0.0000 0.0000 0.0000 0.0000 0.0000 0.0000 0.5046 0.2249 0.0000 0.0000 0.2705
117      117   (0)      3  : 0.0090 0.0000 0.0000 0.0244 0.0000 0.0000 0.3032 0.0000 0.0000 0.2760 0.0143 0.0140 0.1167 0.2425
118      118   (0)      3  : 0.0000 0.0000 0.0000 0.0000 0.0000 0.0000 0.2213 0.0000 0.0000 0.4868 0.1448 0.0639 0.0000 0.0832
119      119   (0)      3  : 0.0019 0.0000 0.0000 0.0083 0.0000 0.0000 0.4583 0.0000 0.0000 0.2882 0.1549 0.0000 0.0541 0.0343
120      120   (0)      3  : 0.0329 0.0000 0.0790 0.0019 0.0000 0.0000 0.3958 0.0000 0.0000 0.2090 0.0765 0.0400 0.1053 0.0595
121      121   (0)      3  : 0.0000 0.0000 0.0000 0.0000 0.0000 0.0000 0.3740 0.0000 0.0000 0.1873 0.0588 0.0533 0.2094 0.1173
122      122   (0)      3  : 0.0000 0.0000 0.0000 0.0000 0.0000 0.0000 0.8794 0.0000 0.0000 0.1198 0.0007 0.0000 0.0000 0.0000
123      123   (0)      3  : 0.0000 0.0000 0.0000 0.0000 0.0000 0.0000 0.2008 0.0000 0.0000 0.0951 0.1041 0.0636 0.0000 0.5364
124      124   (0)      3  : 0.0000 0.0000 0.0000 0.0000 0.0000 0.0000 0.2014 0.0000 0.0000 0.2202 0.3107 0.0000 0.1689 0.0987
125      125   (0)      3  : 0.0000 0.0000 0.0008 0.0000 0.0000 0.0000 0.1603 0.0000 0.0000 0.3690 0.2389 0.0000 0.0888 0.1420
126      126   (0)      3  : 0.0032 0.0000 0.0000 0.0090 0.0000 0.0000 0.2479 0.0000 0.0000 0.1030 0.4497 0.0000 0.1871 0.0000
127      127   (0)      3  : 0.0550 0.0000 0.0000 0.0047 0.0000 0.0000 0.1663 0.0000 0.0000 0.2575 0.2624 0.1245 0.0033 0.1264
128      128   (0)      3  : 0.0000 0.0000 0.0000 0.0000 0.0000 0.0000 0.4000 0.0000 0.0000 0.0833 0.3432 0.0000 0.1735 0.0000
129      129   (0)      3  : 0.0306 0.0000 0.0000 0.0000 0.0000 0.0000 0.0882 0.0000 0.0000 0.5086 0.0476 0.1119 0.0000 0.2131
130      130   (0)      3  : 0.3837 0.0000 0.0000 0.5699 0.0000 0.0000 0.0000 0.0000 0.0000 0.0000 0.0033 0.0080 0.0000 0.0351
131      131   (0)      3  : 0.4671 0.0000 0.0000 0.4608 0.0000 0.0000 0.0068 0.0000 0.0000 0.0001 0.0000 0.0000 0.0000 0.0652
132      132   (0)      3  : 0.0000 0.0000 1.0000 0.0000 0.0000 0.0000 0.0000 0.0000 0.0000 0.0000 0.0000 0.0000 0.0000 0.0000
133      133   (0)      3  : 0.0000 0.0042 0.0000 0.0000 0.9078 0.0007 0.0000 0.0000 0.0872 0.0000 0.0000 0.0000 0.0000 0.0000
134      134   (0)      3  : 0.2381 0.0005 0.0000 0.6177 0.0146 0.0000 0.0122 0.0000 0.0000 0.0184 0.0301 0.0188 0.0497 0.0000
135      135   (0)      3  : 0.0000 0.0000 0.0060 0.0000 0.0000 0.0000 0.0021 0.0000 0.0000 0.2875 0.0792 0.5429 0.0000 0.0822
136      136   (0)      3  : 0.0071 0.0000 0.0000 0.0000 0.0000 0.0000 0.4530 0.0000 0.0000 0.1109 0.0290 0.0000 0.0000 0.4000
137      137   (0)      3  : 0.6662 0.0000 0.0000 0.3154 0.0000 0.0000 0.0000 0.0000 0.0000 0.0057 0.0000 0.0000 0.0033 0.0094
138      138   (0)      3  : 0.0026 0.0000 0.0000 0.0000 0.0000 0.0000 0.0545 0.0000 0.0000 0.2000 0.5749 0.0000 0.0000 0.1679
139      139   (0)      3  : 0.0000 0.0000 0.0000 0.0000 0.0000 0.0000 0.2706 0.0000 0.0017 0.2935 0.3766 0.0000 0.0000 0.0577
140      140   (0)      3  : 0.0000 0.0000 0.0000 0.0000 0.0000 0.0000 0.1766 0.0000 0.0000 0.5345 0.0000 0.0000 0.1131 0.1758
141      141   (0)      3  : 0.0000 0.0000 1.0000 0.0000 0.0000 0.0000 0.0000 0.0000 0.0000 0.0000 0.0000 0.0000 0.0000 0.0000
142      142   (0)      3  : 0.0000 0.0000 1.0000 0.0000 0.0000 0.0000 0.0000 0.0000 0.0000 0.0000 0.0000 0.0000 0.0000 0.0000
143      143   (0)      3  : 0.0000 0.0000 1.0000 0.0000 0.0000 0.0000 0.0000 0.0000 0.0000 0.0000 0.0000 0.0000 0.0000 0.0000
144      144   (0)      3  : 0.0000 0.0000 1.0000 0.0000 0.0000 0.0000 0.0000 0.0000 0.0000 0.0000 0.0000 0.0000 0.0000 0.0000
145      145   (0)      3  : 0.0000 0.0000 1.0000 0.0000 0.0000 0.0000 0.0000 0.0000 0.0000 0.0000 0.0000 0.0000 0.0000 0.0000
146      146   (0)      3  : 0.2916 0.0000 0.0000 0.6467 0.0000 0.0000 0.0196 0.0000 0.0000 0.0029 0.0092 0.0000 0.0000 0.0300
147      147   (0)      3  : 0.0000 0.0000 0.0000 0.0000 0.0000 0.0000 0.5323 0.0000 0.0000 0.0386 0.2327 0.1273 0.0000 0.0691
148      148   (0)      3  : 0.0000 0.0000 1.0000 0.0000 0.0000 0.0000 0.0000 0.0000 0.0000 0.0000 0.0000 0.0000 0.0000 0.0000
149      149   (0)      3  : 0.0000 0.0000 1.0000 0.0000 0.0000 0.0000 0.0000 0.0000 0.0000 0.0000 0.0000 0.0000 0.0000 0.0000
150      150   (0)      3  : 0.0000 0.0048 0.0003 0.0000 0.8414 0.0160 0.0000 0.0022 0.1353 0.0000 0.0000 0.0000 0.0000 0.0000
151      151   (0)      3  : 0.0000 0.0000 0.0000 0.0000 1.0000 0.0000 0.0000 0.0000 0.0000 0.0000 0.0000 0.0000 0.0000 0.0000
152      152   (0)      3  : 0.0000 0.0000 0.0000 0.0000 0.0000 0.0000 0.0372 0.0000 0.0000 0.7913 0.1715 0.0000 0.0000 0.0000
153      153   (0)      3  : 0.0000 0.0000 1.0000 0.0000 0.0000 0.0000 0.0000 0.0000 0.0000 0.0000 0.0000 0.0000 0.0000 0.0000
154      154   (0)      3  : 0.0000 0.0000 0.0000 0.0000 0.0000 0.0000 0.2810 0.0000 0.0000 0.2089 0.2000 0.2530 0.0571 0.0000
155      155   (0)      3  : 0.0000 0.0000 0.0000 0.0000 0.0000 0.0000 0.5442 0.0000 0.0000 0.3421 0.0000 0.1137 0.0000 0.0000
156      156   (0)      3  : 0.2217 0.0000 0.0000 0.6826 0.0000 0.0000 0.0000 0.0000 0.0000 0.0172 0.0000 0.0000 0.0610 0.0174
157      157   (0)      3  : 0.0000 0.0000 0.0000 0.0000 0.0000 0.0000 0.0990 0.0000 0.0000 0.0558 0.6069 0.1842 0.0541 0.0000
158      158   (0)      3  : 0.2781 0.0000 0.0000 0.7219 0.0000 0.0000 0.0000 0.0000 0.0000 0.0000 0.0000 0.0000 0.0000 0.0000
159      159   (0)      3  : 0.0000 0.0000 0.0000 0.0000 0.0000 0.0000 0.0000 0.0000 0.0000 0.2626 0.0000 0.4000 0.1374 0.2000
160      160   (0)      3  : 0.1960 0.0000 0.0000 0.7751 0.0000 0.0000 0.0005 0.0000 0.0000 0.0130 0.0154 0.0000 0.0000 0.0000
161      161   (0)      4  : 0.0000 0.0000 0.0000 0.0000 0.0000 0.0000 0.0270 0.0000 0.0000 0.0000 0.9730 0.0000 0.0000 0.0000
162      162   (0)      4  : 0.0000 0.0000 0.0000 0.0000 0.0000 0.0000 0.1848 0.0000 0.0000 0.6528 0.1082 0.0000 0.0000 0.0542
163      163   (0)      4  : 0.0000 0.0000 1.0000 0.0000 0.0000 0.0000 0.0000 0.0000 0.0000 0.0000 0.0000 0.0000 0.0000 0.0000
164      164   (0)      4  : 0.3216 0.0000 0.0000 0.6780 0.0000 0.0000 0.0000 0.0000 0.0000 0.0000 0.0004 0.0000 0.0000 0.0000
165      165   (0)      4  : 0.0000 0.0000 1.0000 0.0000 0.0000 0.0000 0.0000 0.0000 0.0000 0.0000 0.0000 0.0000 0.0000 0.0000
166      166   (0)      4  : 0.0000 0.0000 1.0000 0.0000 0.0000 0.0000 0.0000 0.0000 0.0000 0.0000 0.0000 0.0000 0.0000 0.0000
167      167   (0)      4  : 0.0000 0.0000 0.0000 0.0000 0.0000 0.0000 0.0387 0.0000 0.0000 0.3770 0.1113 0.0000 0.0000 0.4730
168      168   (0)      4  : 0.0000 0.0000 0.0000 0.0000 0.0000 0.0000 0.1219 0.0000 0.0000 0.2781 0.0000 0.0000 0.4000 0.2000
169      169   (0)      4  : 0.0000 0.0000 0.0000 0.0035 0.0000 0.0000 0.1044 0.0000 0.0000 0.4288 0.1727 0.1951 0.0000 0.0956
170      170   (0)      4  : 0.0000 0.0000 0.0000 0.0000 0.0000 0.0000 0.4901 0.0000 0.0000 0.0330 0.0588 0.1158 0.0479 0.2543
171      171   (0)      4  : 0.0003 0.0000 0.0000 0.0000 0.0000 0.0000 0.2292 0.0000 0.0000 0.0555 0.0000 0.4435 0.2000 0.0715
172      172   (0)      4  : 0.0001 0.0000 0.0000 0.0002 0.0000 0.0000 0.1793 0.0000 0.0000 0.0383 0.1876 0.3525 0.1618 0.0802
173      173   (0)      4  : 0.0000 0.0000 0.0000 0.0000 0.0000 0.0000 0.2744 0.0000 0.0000 0.0446 0.1905 0.1013 0.0785 0.3107
174      174   (0)      4  : 0.1996 0.0000 0.0000 0.7485 0.0000 0.0000 0.0248 0.0000 0.0000 0.0127 0.0000 0.0053 0.0000 0.0091
175      175   (0)      4  : 0.0000 0.0000 0.0000 0.0000 0.0000 0.0000 0.1557 0.0000 0.0000 0.1159 0.0000 0.3224 0.2105 0.1956
176      176   (0)      4  : 0.0000 0.0000 1.0000 0.0000 0.0000 0.0000 0.0000 0.0000 0.0000 0.0000 0.0000 0.0000 0.0000 0.0000
177      177   (0)      4  : 0.0123 0.0000 0.0000 0.0035 0.0000 0.0000 0.6130 0.0000 0.0000 0.0000 0.1419 0.1646 0.0000 0.0648
178      178   (0)      4  : 0.0000 0.0000 1.0000 0.0000 0.0000 0.0000 0.0000 0.0000 0.0000 0.0000 0.0000 0.0000 0.0000 0.0000
179      179   (0)      4  : 0.0000 0.0000 1.0000 0.0000 0.0000 0.0000 0.0000 0.0000 0.0000 0.0000 0.0000 0.0000 0.0000 0.0000
180      180   (0)      4  : 0.0000 0.0000 0.0123 0.0000 0.0000 0.0000 0.1179 0.0000 0.0000 0.3067 0.3395 0.1463 0.0187 0.0585
181      181   (0)      4  : 0.0000 0.0000 0.0000 0.0000 0.0000 0.0000 0.4571 0.0000 0.0000 0.2161 0.1450 0.0000 0.0232 0.1586
182      182   (0)      4  : 0.0000 0.0000 0.0000 0.0000 0.0000 0.0000 0.4459 0.0000 0.0000 0.0458 0.0606 0.0478 0.4000 0.0000
183      183   (0)      4  : 0.2994 0.0000 0.0000 0.6904 0.0000 0.0000 0.0000 0.0000 0.0000 0.0000 0.0055 0.0008 0.0039 0.0000
184      184   (0)      4  : 0.2811 0.0000 0.0000 0.6808 0.0000 0.0000 0.0154 0.0000 0.0000 0.0000 0.0000 0.0000 0.0111 0.0116
185      185   (0)      4  : 0.0000 0.0000 1.0000 0.0000 0.0000 0.0000 0.0000 0.0000 0.0000 0.0000 0.0000 0.0000 0.0000 0.0000
186      186   (0)      4  : 0.0000 0.0000 0.0000 0.0000 0.0000 0.0000 0.4000 0.0000 0.0000 0.4000 0.0000 0.0000 0.0000 0.2000
187      187   (0)      4  : 0.0070 0.0000 0.0000 0.0000 0.0000 0.0000 0.0000 0.0000 0.0000 0.1470 0.0000 0.4460 0.0000 0.4000
188      188   (0)      4  : 0.0000 0.0000 1.0000 0.0000 0.0000 0.0000 0.0000 0.0000 0.0000 0.0000 0.0000 0.0000 0.0000 0.0000
189      189   (0)      4  : 0.0000 0.0000 0.0000 0.0000 0.0000 0.0000 0.3361 0.0000 0.0000 0.0896 0.0400 0.0626 0.4122 0.0595
190      190   (0)      4  : 0.4074 0.0000 0.0000 0.5913 0.0000 0.0000 0.0000 0.0000 0.0000 0.0000 0.0012 0.0000 0.0000 0.0000
191      191   (0)      4  : 0.0296 0.0000 0.1019 0.0607 0.0000 0.0000 0.2693 0.0000 0.0722 0.0000 0.1352 0.1700 0.0000 0.1611
192      192   (0)      4  : 0.0000 0.0000 0.0000 0.0000 0.0000 0.0000 0.0637 0.0000 0.0000 0.5268 0.0478 0.0496 0.0000 0.3121
193      193   (0)      4  : 0.0000 0.0000 0.0000 0.0000 0.0000 0.0000 0.0000 0.0000 0.0000 1.0000 0.0000 0.0000 0.0000 0.0000
194      194   (0)      4  : 0.0012 0.0000 0.0022 0.0000 0.0000 0.0000 0.0000 0.0000 0.0000 0.4941 0.0454 0.1345 0.0000 0.3226
195      195   (0)      4  : 0.0000 0.0000 0.0000 0.0000 0.0000 0.0000 0.4456 0.0000 0.0000 0.0000 0.3856 0.0000 0.1154 0.0533
196      196   (0)      4  : 0.0000 0.0000 0.0000 0.0000 0.0000 0.0000 0.3233 0.0000 0.0000 0.0000 0.0414 0.3110 0.1538 0.1706
197      197   (0)      4  : 0.0000 0.0000 0.0000 0.0000 0.0000 0.0000 0.6505 0.0000 0.0000 0.0000 0.1731 0.1325 0.0000 0.0440
198      198   (0)      4  : 0.0000 0.0000 0.0000 0.0000 0.0000 0.0000 0.0000 0.0000 0.0000 0.0000 0.0000 1.0000 0.0000 0.0000
199      199   (0)      4  : 0.0000 0.0000 0.0000 0.0000 0.0000 0.0000 0.2747 0.0000 0.0000 0.0000 0.7253 0.0000 0.0000 0.0000
200      200   (0)      4  : 0.0971 0.0000 0.0000 0.8344 0.0000 0.0000 0.0000 0.0000 0.0000 0.0114 0.0000 0.0477 0.0000 0.0095
201      201   (0)      4  : 0.0000 0.0000 0.0000 0.0000 0.0000 0.0000 0.0858 0.0000 0.0000 0.0000 0.6565 0.0000 0.1435 0.1142
202      202   (0)      4  : 0.0000 0.0000 0.0000 0.0000 0.0000 0.0000 0.0000 0.0000 0.0000 0.1169 0.0000 0.5770 0.1061 0.2000
203      203   (0)      4  : 0.0148 0.0000 0.0002 0.0000 0.0000 0.0000 0.1912 0.0000 0.0000 0.2498 0.0000 0.1117 0.2217 0.2106
204      204   (0)      4  : 0.0000 0.0000 0.0063 0.0000 0.0000 0.0000 0.5297 0.0000 0.0000 0.0000 0.1314 0.0009 0.0000 0.3317
205      205   (0)      4  : 0.0000 0.0000 0.0000 0.0003 0.0000 0.0000 0.0553 0.0000 0.0000 0.5925 0.0000 0.0185 0.0000 0.3334
206      206   (0)      4  : 0.0000 0.0000 0.0000 0.0000 0.0000 0.0000 0.0967 0.0000 0.0000 0.1033 0.4000 0.4000 0.0000 0.0000
207      207   (0)      4  : 0.0000 0.0000 0.0000 0.0000 0.0000 0.0000 0.2726 0.0000 0.0000 0.1161 0.0000 0.3523 0.1649 0.0942
208      208   (0)      4  : 0.0000 0.0000 0.0000 0.9121 0.0000 0.0000 0.0000 0.0000 0.0000 0.0514 0.0000 0.0000 0.0248 0.0116
209      209   (0)      4  : 0.0000 0.0000 0.0000 0.0000 0.0000 0.0000 0.0000 0.0000 0.0000 0.6775 0.3225 0.0000 0.0000 0.0000
210      210   (0)      4  : 0.0000 0.0000 0.0000 0.0000 0.0000 0.0000 0.0000 0.0000 0.0000 0.1309 0.6163 0.0528 0.0000 0.2000
211      211   (0)      4  : 0.0047 0.0000 0.0000 0.0000 0.0000 0.0000 0.0964 0.0000 0.0000 0.5134 0.0000 0.1507 0.0299 0.2049
212      212   (0)      4  : 0.4211 0.0000 0.0000 0.5446 0.0000 0.0000 0.0046 0.0000 0.0000 0.0000 0.0080 0.0000 0.0217 0.0000
213      213   (0)      4  : 0.0000 0.0000 0.0000 0.0000 0.0000 0.0000 0.1754 0.0000 0.0000 0.0189 0.0000 0.6952 0.0000 0.1105
214      214   (0)      4  : 0.0000 0.0000 0.0113 0.0000 0.0000 0.0000 0.3757 0.0000 0.0000 0.2563 0.1256 0.0000 0.2310 0.0000
215      215   (0)      4  : 0.0323 0.0000 0.0000 0.4475 0.0000 0.0000 0.0865 0.0000 0.0000 0.0246 0.2607 0.1457 0.0000 0.0027
216      216   (0)      4  : 0.0000 0.0000 0.0000 0.0000 0.0000 0.0000 0.1881 0.0000 0.0000 0.6472 0.0000 0.0000 0.0000 0.1647
217      217   (0)      4  : 0.0000 0.0000 1.0000 0.0000 0.0000 0.0000 0.0000 0.0000 0.0000 0.0000 0.0000 0.0000 0.0000 0.0000
218      218   (0)      4  : 0.0003 0.0000 0.0000 0.0041 0.0000 0.0000 0.4968 0.0000 0.0000 0.0000 0.1284 0.3265 0.0000 0.0439
219      219   (0)      4  : 0.0000 0.0000 0.0000 0.0000 0.0000 0.0000 0.2224 0.0000 0.0000 0.3191 0.0059 0.0848 0.2795 0.0882
220      220   (0)      5  : 0.0000 0.7178 0.0000 0.0000 0.0047 0.2541 0.0000 0.0234 0.0000 0.0000 0.0000 0.0000 0.0000 0.0000
221      221   (0)      5  : 0.0000 0.4814 0.0000 0.0000 0.0000 0.3253 0.0000 0.1933 0.0000 0.0000 0.0000 0.0000 0.0000 0.0000
222      222   (0)      6  : 0.0000 0.3592 0.0000 0.0000 0.0000 0.5302 0.0000 0.1106 0.0000 0.0000 0.0000 0.0000 0.0000 0.0000
223      223   (0)      6  : 0.0000 0.0400 0.0000 0.0000 0.0000 0.6895 0.0000 0.2705 0.0000 0.0000 0.0000 0.0000 0.0000 0.0000
224      224   (0)      6  : 0.0000 0.0000 0.0000 0.0000 0.0000 0.0621 0.0000 0.9361 0.0019 0.0000 0.0000 0.0000 0.0000 0.0000
225      225   (0)      6  : 0.0000 0.7698 0.0000 0.0000 0.0237 0.2065 0.0000 0.0000 0.0000 0.0000 0.0000 0.0000 0.0000 0.0000
226      226   (0)      6  : 0.0000 0.3037 0.0000 0.0000 0.0000 0.2225 0.0000 0.4550 0.0188 0.0000 0.0000 0.0000 0.0000 0.0000
227      227   (0)      6  : 0.0000 0.3872 0.0000 0.0000 0.0000 0.2621 0.0000 0.3507 0.0000 0.0000 0.0000 0.0000 0.0000 0.0000
228      228   (0)      6  : 0.0000 0.5723 0.0000 0.0000 0.0116 0.3376 0.0000 0.0519 0.0266 0.0000 0.0000 0.0000 0.0000 0.0000
229      229   (0)      6  : 0.0000 0.2942 0.0000 0.0000 0.0000 0.7058 0.0000 0.0000 0.0000 0.0000 0.0000 0.0000 0.0000 0.0000
230      230   (0)      6  : 0.0000 0.1730 0.0000 0.0000 0.0000 0.2809 0.0000 0.5439 0.0022 0.0000 0.0000 0.0000 0.0000 0.0000
231      231   (0)      6  : 0.0000 0.1755 0.0000 0.0000 0.0477 0.5030 0.0000 0.2738 0.0000 0.0000 0.0000 0.0000 0.0000 0.0000
232      232   (0)      6  : 0.0000 0.2407 0.0000 0.0000 0.0207 0.1989 0.0000 0.5396 0.0000 0.0000 0.0000 0.0000 0.0000 0.0000
233      233   (0)      6  : 0.0000 0.1669 0.0000 0.0000 0.0000 0.1006 0.0000 0.7214 0.0110 0.0000 0.0000 0.0000 0.0000 0.0000
234      234   (0)      6  : 0.0000 0.1280 0.0000 0.0000 0.0111 0.2726 0.0000 0.5883 0.0000 0.0000 0.0000 0.0000 0.0000 0.0000
235      235   (0)      6  : 0.0000 0.3195 0.0074 0.0000 0.0300 0.2488 0.0000 0.3943 0.0000 0.0000 0.0000 0.0000 0.0000 0.0000
236      236   (0)      6  : 0.0000 0.5932 0.0000 0.0000 0.0056 0.3503 0.0000 0.0509 0.0000 0.0000 0.0000 0.0000 0.0000 0.0000
237      237   (0)      6  : 0.0000 0.1178 0.0000 0.0000 0.0031 0.6956 0.0000 0.1834 0.0000 0.0000 0.0000 0.0000 0.0000 0.0000
238      238   (0)      6  : 0.0000 0.1251 0.0000 0.0000 0.0000 0.8281 0.0000 0.0468 0.0000 0.0000 0.0000 0.0000 0.0000 0.0000
239      239   (0)      6  : 0.0000 0.3131 0.0026 0.0000 0.0099 0.3176 0.0000 0.3569 0.0000 0.0000 0.0000 0.0000 0.0000 0.0000
240      240   (0)      6  : 0.0000 0.1706 0.0016 0.0000 0.0155 0.6538 0.0000 0.1584 0.0000 0.0000 0.0000 0.0000 0.0000 0.0000
241      241   (0)      6  : 0.0000 0.0900 0.0000 0.0000 0.0000 0.3105 0.0000 0.5995 0.0000 0.0000 0.0000 0.0000 0.0000 0.0000
242      242   (0)      6  : 0.0000 0.6203 0.0000 0.0000 0.0000 0.2699 0.0000 0.1042 0.0056 0.0000 0.0000 0.0000 0.0000 0.0000
243      243   (0)      6  : 0.0000 0.2552 0.0000 0.0000 0.0628 0.0790 0.0000 0.5900 0.0131 0.0000 0.0000 0.0000 0.0000 0.0000
244      244   (0)      6  : 0.0000 0.6558 0.0000 0.0000 0.0014 0.0457 0.0000 0.2971 0.0000 0.0000 0.0000 0.0000 0.0000 0.0000
245      245   (0)      6  : 0.0000 0.0008 0.0000 0.0000 0.0003 0.5629 0.0000 0.4360 0.0000 0.0000 0.0000 0.0000 0.0000 0.0000
246      246   (0)      6  : 0.0000 0.1065 0.0000 0.0000 0.0000 0.2190 0.0000 0.6745 0.0000 0.0000 0.0000 0.0000 0.0000 0.0000
247      247   (0)      6  : 0.0000 0.2432 0.0000 0.0000 0.0000 0.4619 0.0000 0.2948 0.0000 0.0000 0.0000 0.0000 0.0000 0.0000
248      248   (0)      6  : 0.0000 0.0000 0.0000 0.0000 0.0000 0.2310 0.0000 0.7586 0.0104 0.0000 0.0000 0.0000 0.0000 0.0000
249      249   (0)      7  : 0.0000 0.0000 0.0000 0.0000 0.0000 0.2078 0.0000 0.7908 0.0014 0.0000 0.0000 0.0000 0.0000 0.0000
250      250   (0)      7  : 0.0000 0.4286 0.0000 0.0000 0.0000 0.0602 0.0000 0.5112 0.0000 0.0000 0.0000 0.0000 0.0000 0.0000
251      251   (0)      7  : 0.0000 0.4254 0.0000 0.0000 0.0000 0.3020 0.0000 0.2726 0.0000 0.0000 0.0000 0.0000 0.0000 0.0000
252      252   (0)      7  : 0.0000 0.0999 0.0000 0.0000 0.0000 0.5462 0.0000 0.3538 0.0000 0.0000 0.0000 0.0000 0.0000 0.0000
253      253   (0)      7  : 0.0000 0.6315 0.0000 0.0000 0.0000 0.2269 0.0000 0.1416 0.0000 0.0000 0.0000 0.0000 0.0000 0.0000
254      254   (0)      7  : 0.0000 0.2106 0.0000 0.0000 0.0090 0.6679 0.0000 0.1102 0.0023 0.0000 0.0000 0.0000 0.0000 0.0000
255      255   (0)      7  : 0.0000 0.2084 0.0000 0.0000 0.0000 0.3441 0.0000 0.4476 0.0000 0.0000 0.0000 0.0000 0.0000 0.0000
256      256   (0)      7  : 0.0000 0.4474 0.0000 0.0000 0.0000 0.4740 0.0000 0.0786 0.0000 0.0000 0.0000 0.0000 0.0000 0.0000
257      257   (0)      7  : 0.0000 0.6238 0.0000 0.0000 0.0000 0.2609 0.0000 0.1153 0.0000 0.0000 0.0000 0.0000 0.0000 0.0000
258      258   (0)      7  : 0.0000 0.5106 0.0000 0.0000 0.0000 0.4030 0.0000 0.0863 0.0001 0.0000 0.0000 0.0000 0.0000 0.0000
259      259   (0)      7  : 0.0000 0.7058 0.0000 0.0000 0.0000 0.0938 0.0000 0.2004 0.0001 0.0000 0.0000 0.0000 0.0000 0.0000
260      260   (0)      7  : 0.0000 0.0728 0.0000 0.0000 0.0000 0.6985 0.0000 0.2287 0.0000 0.0000 0.0000 0.0000 0.0000 0.0000
261      261   (0)      7  : 0.0000 0.0518 0.0000 0.0000 0.0000 0.2201 0.0000 0.7280 0.0001 0.0000 0.0000 0.0000 0.0000 0.0000
262      262   (0)      7  : 0.0000 0.4075 0.0000 0.0000 0.0000 0.4882 0.0000 0.1043 0.0000 0.0000 0.0000 0.0000 0.0000 0.0000
263      263   (0)      7  : 0.0000 0.1631 0.0000 0.0000 0.0143 0.5101 0.0000 0.3126 0.0000 0.0000 0.0000 0.0000 0.0000 0.0000
264      264   (0)      7  : 0.0000 0.0783 0.0000 0.0000 0.0001 0.3945 0.0000 0.5272 0.0000 0.0000 0.0000 0.0000 0.0000 0.0000
265      265   (0)      7  : 0.0000 0.5207 0.0000 0.0000 0.0000 0.3107 0.0000 0.1686 0.0000 0.0000 0.0000 0.0000 0.0000 0.0000
266      266   (0)      7  : 0.0000 0.0922 0.0000 0.0000 0.0048 0.1406 0.0000 0.7533 0.0091 0.0000 0.0000 0.0000 0.0000 0.0000
267      267   (0)      7  : 0.0000 0.3102 0.0000 0.0000 0.0282 0.5078 0.0000 0.1538 0.0000 0.0000 0.0000 0.0000 0.0000 0.0000
268      268   (0)      7  : 0.0000 0.1616 0.0000 0.0000 0.0000 0.0099 0.0000 0.8285 0.0000 0.0000 0.0000 0.0000 0.0000 0.0000
269      269   (0)      7  : 0.0000 0.5273 0.0000 0.0000 0.0098 0.2981 0.0000 0.1648 0.0000 0.0000 0.0000 0.0000 0.0000 0.0000
270      270   (0)      7  : 0.0000 0.0000 0.0000 0.0000 0.0045 0.0528 0.0000 0.9427 0.0000 0.0000 0.0000 0.0000 0.0000 0.0000
271      271   (0)      7  : 0.0000 0.7195 0.0000 0.0000 0.0000 0.1148 0.0000 0.1657 0.0000 0.0000 0.0000 0.0000 0.0000 0.0000
272      272   (0)      7  : 0.0000 0.4255 0.0000 0.0000 0.0000 0.4406 0.0000 0.1339 0.0000 0.0000 0.0000 0.0000 0.0000 0.0000
273      273   (0)      7  : 0.0000 0.2350 0.0000 0.0000 0.0000 0.4325 0.0000 0.3251 0.0073 0.0000 0.0000 0.0000 0.0000 0.0000
274      274   (0)      7  : 0.0000 0.3611 0.0000 0.0000 0.0118 0.3921 0.0000 0.2262 0.0088 0.0000 0.0000 0.0000 0.0000 0.0000
275      275   (0)      7  : 0.0000 0.2000 0.0056 0.0000 0.0000 0.3898 0.0000 0.4046 0.0000 0.0000 0.0000 0.0000 0.0000 0.0000
276      276   (0)      7  : 0.0000 0.0269 0.0000 0.0000 0.0000 0.1348 0.0000 0.8384 0.0000 0.0000 0.0000 0.0000 0.0000 0.0000
277      277   (0)      7  : 0.0000 0.1617 0.0000 0.0000 0.0000 0.1911 0.0000 0.6412 0.0060 0.0000 0.0000 0.0000 0.0000 0.0000
278      278   (0)      7  : 0.0000 0.0000 0.0000 0.0000 0.0000 0.0000 0.0000 1.0000 0.0000 0.0000 0.0000 0.0000 0.0000 0.0000
279      279   (0)      8  : 0.0000 0.6441 0.0000 0.0000 0.0000 0.3559 0.0000 0.0000 0.0000 0.0000 0.0000 0.0000 0.0000 0.0000
280      280   (0)      8  : 0.0000 0.5477 0.0000 0.0000 0.0000 0.2885 0.0000 0.1625 0.0014 0.0000 0.0000 0.0000 0.0000 0.0000
281      281   (0)      8  : 0.0000 0.0561 0.0000 0.0000 0.0000 0.4854 0.0000 0.4506 0.0079 0.0000 0.0000 0.0000 0.0000 0.0000
282      282   (0)      8  : 0.0000 0.4730 0.0000 0.0000 0.0000 0.3521 0.0000 0.1660 0.0088 0.0000 0.0000 0.0000 0.0000 0.0000
283      283   (0)      8  : 0.0000 0.2657 0.0034 0.0000 0.0053 0.2538 0.0000 0.4534 0.0184 0.0000 0.0000 0.0000 0.0000 0.0000
284      284   (0)      8  : 0.0000 0.1048 0.0000 0.0000 0.0000 0.0534 0.0000 0.8418 0.0000 0.0000 0.0000 0.0000 0.0000 0.0000
285      285   (0)      8  : 0.0000 0.0471 0.0000 0.0000 0.0000 0.4110 0.0000 0.5408 0.0011 0.0000 0.0000 0.0000 0.0000 0.0000
286      286   (0)      8  : 0.0000 0.3870 0.0000 0.0000 0.0000 0.0993 0.0000 0.5137 0.0000 0.0000 0.0000 0.0000 0.0000 0.0000
287      287   (0)      8  : 0.0000 0.0896 0.0000 0.0000 0.0000 0.5074 0.0000 0.4029 0.0000 0.0000 0.0000 0.0000 0.0000 0.0000
288      288   (0)      8  : 0.0000 0.2855 0.0000 0.0000 0.0263 0.6882 0.0000 0.0000 0.0000 0.0000 0.0000 0.0000 0.0000 0.0000
289      289   (0)      8  : 0.0000 0.1088 0.0026 0.0000 0.0078 0.7852 0.0000 0.0837 0.0119 0.0000 0.0000 0.0000 0.0000 0.0000
290      290   (0)      5  : 0.0000 0.4939 0.0011 0.0000 0.0000 0.2950 0.0000 0.2100 0.0000 0.0000 0.0000 0.0000 0.0000 0.0000
291      291   (0)      5  : 0.0000 0.5482 0.0000 0.0000 0.0000 0.3620 0.0000 0.0898 0.0000 0.0000 0.0000 0.0000 0.0000 0.0000
292      292   (0)      5  : 0.0000 0.2320 0.0000 0.0000 0.0041 0.5829 0.0000 0.1744 0.0067 0.0000 0.0000 0.0000 0.0000 0.0000
293      293   (0)      5  : 0.0000 0.2742 0.0000 0.0000 0.0000 0.4900 0.0000 0.2244 0.0114 0.0000 0.0000 0.0000 0.0000 0.0000
294      294   (0)      5  : 0.0000 0.0625 0.0000 0.0000 0.0032 0.8345 0.0000 0.0998 0.0000 0.0000 0.0000 0.0000 0.0000 0.0000
295      295   (0)      5  : 0.0000 0.5235 0.0000 0.0000 0.0000 0.4657 0.0000 0.0108 0.0000 0.0000 0.0000 0.0000 0.0000 0.0000
296      296   (0)      5  : 0.0000 0.4817 0.0056 0.0000 0.0180 0.3404 0.0000 0.1472 0.0071 0.0000 0.0000 0.0000 0.0000 0.0000
297      297   (0)      5  : 0.0000 0.3681 0.0091 0.0000 0.0298 0.5930 0.0000 0.0000 0.0000 0.0000 0.0000 0.0000 0.0000 0.0000
298      298   (0)      5  : 0.0000 0.3036 0.0000 0.0000 0.0000 0.0374 0.0000 0.6590 0.0000 0.0000 0.0000 0.0000 0.0000 0.0000
299      299   (0)      5  : 0.0000 0.4964 0.0000 0.0000 0.0028 0.1676 0.0000 0.3332 0.0000 0.0000 0.0000 0.0000 0.0000 0.0000
300      300   (0)      5  : 0.0000 0.4430 0.0000 0.0000 0.0000 0.4570 0.0000 0.1001 0.0000 0.0000 0.0000 0.0000 0.0000 0.0000
301      301   (0)      5  : 0.0000 0.9259 0.0000 0.0000 0.0000 0.0741 0.0000 0.0000 0.0000 0.0000 0.0000 0.0000 0.0000 0.0000
302      302   (0)      5  : 0.0000 0.2806 0.0000 0.0000 0.0000 0.3036 0.0000 0.4158 0.0000 0.0000 0.0000 0.0000 0.0000 0.0000
303      303   (0)      5  : 0.0000 0.4243 0.0000 0.0000 0.0000 0.5177 0.0000 0.0580 0.0000 0.0000 0.0000 0.0000 0.0000 0.0000
304      304   (0)      5  : 0.0000 0.1257 0.0000 0.0000 0.0000 0.6833 0.0000 0.1909 0.0000 0.0000 0.0000 0.0000 0.0000 0.0000
305      305   (0)      5  : 0.0000 0.0885 0.0000 0.0000 0.0000 0.6670 0.0000 0.2334 0.0111 0.0000 0.0000 0.0000 0.0000 0.0000
306      306   (0)      5  : 0.0000 0.4160 0.0000 0.0000 0.0000 0.0795 0.0000 0.5044 0.0000 0.0000 0.0000 0.0000 0.0000 0.0000
307      307   (0)      5  : 0.0000 0.3774 0.0000 0.0000 0.0601 0.3426 0.0000 0.2198 0.0000 0.0000 0.0000 0.0000 0.0000 0.0000
308      308   (0)      5  : 0.0000 0.6028 0.0000 0.0000 0.0144 0.3084 0.0000 0.0650 0.0094 0.0000 0.0000 0.0000 0.0000 0.0000
309      309   (0)      5  : 0.0000 0.2033 0.0000 0.0000 0.0010 0.2420 0.0000 0.5537 0.0000 0.0000 0.0000 0.0000 0.0000 0.0000
310      310   (0)      5  : 0.0000 0.8000 0.0000 0.0000 0.0003 0.1997 0.0000 0.0000 0.0000 0.0000 0.0000 0.0000 0.0000 0.0000
311      311   (0)      5  : 0.0000 0.3354 0.0000 0.0000 0.0000 0.2073 0.0000 0.4387 0.0186 0.0000 0.0000 0.0000 0.0000 0.0000
312      312   (0)      5  : 0.0000 0.5781 0.0011 0.0000 0.0025 0.0597 0.0000 0.3431 0.0155 0.0000 0.0000 0.0000 0.0000 0.0000
313      313   (0)      5  : 0.0000 0.2443 0.0000 0.0000 0.0000 0.5406 0.0000 0.2150 0.0000 0.0000 0.0000 0.0000 0.0000 0.0000
314      314   (0)      5  : 0.0000 0.3535 0.0000 0.0000 0.0001 0.1931 0.0000 0.4504 0.0029 0.0000 0.0000 0.0000 0.0000 0.0000
315      315   (0)      5  : 0.0000 0.1568 0.0000 0.0000 0.0000 0.1901 0.0000 0.6437 0.0094 0.0000 0.0000 0.0000 0.0000 0.0000
316      316   (0)      5  : 0.0000 0.1054 0.0000 0.0000 0.0000 0.8926 0.0000 0.0000 0.0020 0.0000 0.0000 0.0000 0.0000 0.0000
317      317   (0)      5  : 0.0000 0.7187 0.0000 0.0000 0.0000 0.1910 0.0000 0.0903 0.0000 0.0000 0.0000 0.0000 0.0000 0.0000
318      318   (0)      8  : 0.0000 0.3566 0.0003 0.0000 0.0000 0.4570 0.0000 0.1861 0.0000 0.0000 0.0000 0.0000 0.0000 0.0000
319      319   (0)      8  : 0.0000 0.6327 0.0000 0.0000 0.0000 0.2879 0.0000 0.0794 0.0000 0.0000 0.0000 0.0000 0.0000 0.0000
320      320   (0)      9  : 0.0000 0.4745 0.0000 0.0000 0.0000 0.2448 0.0000 0.2797 0.0011 0.0000 0.0000 0.0000 0.0000 0.0000
321      321   (0)      9  : 0.0000 0.8172 0.0042 0.0000 0.0000 0.1314 0.0000 0.0404 0.0067 0.0000 0.0000 0.0000 0.0000 0.0000
322      322   (0)      9  : 0.0000 0.0623 0.0000 0.0000 0.0000 0.5932 0.0000 0.3445 0.0000 0.0000 0.0000 0.0000 0.0000 0.0000
323      323   (0)      9  : 0.0000 0.3050 0.0000 0.0000 0.0020 0.6325 0.0000 0.0605 0.0000 0.0000 0.0000 0.0000 0.0000 0.0000
324      324   (0)      9  : 0.0000 0.6152 0.0000 0.0000 0.0000 0.3848 0.0000 0.0000 0.0000 0.0000 0.0000 0.0000 0.0000 0.0000
325      325   (0)      8  : 0.0000 0.0488 0.0000 0.0000 0.0000 0.5222 0.0000 0.4291 0.0000 0.0000 0.0000 0.0000 0.0000 0.0000
326      326   (0)      8  : 0.0000 0.6316 0.0000 0.0000 0.0000 0.1384 0.0000 0.2300 0.0000 0.0000 0.0000 0.0000 0.0000 0.0000
327      327   (0)      8  : 0.0000 0.4089 0.0000 0.0000 0.0000 0.3633 0.0000 0.2278 0.0000 0.0000 0.0000 0.0000 0.0000 0.0000
328      328   (0)      8  : 0.0000 0.1396 0.0000 0.0000 0.0000 0.7442 0.0000 0.1162 0.0000 0.0000 0.0000 0.0000 0.0000 0.0000
329      329   (0)      8  : 0.0000 0.0834 0.0000 0.0000 0.0000 0.3281 0.0000 0.5884 0.0000 0.0000 0.0000 0.0000 0.0000 0.0000
330      330   (0)      9  : 0.0000 0.4033 0.0000 0.0000 0.0000 0.0000 0.0000 0.5959 0.0008 0.0000 0.0000 0.0000 0.0000 0.0000
331      331   (0)      9  : 0.0000 0.2202 0.0000 0.0000 0.0000 0.1120 0.0000 0.6678 0.0000 0.0000 0.0000 0.0000 0.0000 0.0000
332      332   (0)      9  : 0.0000 0.5113 0.0000 0.0000 0.0000 0.1461 0.0000 0.3387 0.0038 0.0000 0.0000 0.0000 0.0000 0.0000
333      333   (0)      9  : 0.0000 0.2100 0.0000 0.0000 0.0000 0.5428 0.0000 0.2472 0.0000 0.0000 0.0000 0.0000 0.0000 0.0000
334      334   (0)      9  : 0.0000 0.1139 0.0000 0.0000 0.0000 0.1960 0.0000 0.6896 0.0005 0.0000 0.0000 0.0000 0.0000 0.0000
335      335   (0)      9  : 0.0000 0.2969 0.0000 0.0000 0.0000 0.6610 0.0000 0.0421 0.0000 0.0000 0.0000 0.0000 0.0000 0.0000
336      336   (0)      8  : 0.0000 0.4968 0.0000 0.0000 0.0000 0.3758 0.0000 0.1274 0.0000 0.0000 0.0000 0.0000 0.0000 0.0000
337      337   (0)      8  : 0.0000 0.4957 0.0000 0.0000 0.0000 0.0906 0.0000 0.3995 0.0142 0.0000 0.0000 0.0000 0.0000 0.0000
338      338   (0)      8  : 0.0000 0.3194 0.0000 0.0000 0.0001 0.5469 0.0000 0.1334 0.0002 0.0000 0.0000 0.0000 0.0000 0.0000
339      339   (0)      8  : 0.0000 0.4557 0.0000 0.0000 0.0000 0.3917 0.0000 0.1476 0.0050 0.0000 0.0000 0.0000 0.0000 0.0000
340      340   (0)      8  : 0.0000 0.1617 0.0000 0.0000 0.0000 0.2399 0.0000 0.5984 0.0000 0.0000 0.0000 0.0000 0.0000 0.0000
341      341   (0)      8  : 0.0000 0.2003 0.0000 0.0000 0.0531 0.2185 0.0000 0.5233 0.0048 0.0000 0.0000 0.0000 0.0000 0.0000
342      342   (0)      8  : 0.0000 0.5111 0.0000 0.0000 0.0000 0.4704 0.0000 0.0185 0.0000 0.0000 0.0000 0.0000 0.0000 0.0000
343      343   (0)      9  : 0.0000 0.0622 0.0000 0.0000 0.0000 0.5081 0.0000 0.4227 0.0070 0.0000 0.0000 0.0000 0.0000 0.0000
344      344   (0)      9  : 0.0000 0.0003 0.0000 0.0000 0.0000 0.2360 0.0000 0.7637 0.0000 0.0000 0.0000 0.0000 0.0000 0.0000
345      345   (0)      9  : 0.0000 0.7056 0.0000 0.0000 0.0000 0.1514 0.0000 0.1430 0.0000 0.0000 0.0000 0.0000 0.0000 0.0000
346      346   (0)      9  : 0.0000 0.1561 0.0000 0.0000 0.0180 0.1665 0.0000 0.6593 0.0000 0.0000 0.0000 0.0000 0.0000 0.0000
347      347   (0)      9  : 0.0000 0.0006 0.0000 0.0000 0.0043 0.0884 0.0000 0.9067 0.0000 0.0000 0.0000 0.0000 0.0000 0.0000
348      348   (0)      9  : 0.0000 0.1888 0.0000 0.0000 0.0063 0.0982 0.0000 0.6897 0.0170 0.0000 0.0000 0.0000 0.0000 0.0000
349      349   (0)      9  : 0.0000 0.4275 0.0000 0.0000 0.0435 0.4367 0.0003 0.0660 0.0234 0.0000 0.0000 0.0026 0.0000 0.0000
350      350   (0)      9  : 0.0000 0.3796 0.0000 0.0000 0.0000 0.3943 0.0000 0.2260 0.0000 0.0000 0.0000 0.0000 0.0000 0.0000
351      351   (0)      9  : 0.0000 0.3012 0.0000 0.0000 0.0210 0.2899 0.0000 0.3879 0.0000 0.0000 0.0000 0.0000 0.0000 0.0000
352      352   (0)      9  : 0.0000 0.5013 0.0000 0.0000 0.0162 0.3978 0.0000 0.0823 0.0024 0.0000 0.0000 0.0000 0.0000 0.0000
353      353   (0)      9  : 0.0000 0.1933 0.0000 0.0000 0.0290 0.3215 0.0000 0.4562 0.0000 0.0000 0.0000 0.0000 0.0000 0.0000
354      354   (0)      9  : 0.0000 0.2585 0.0000 0.0000 0.0000 0.2722 0.0000 0.4694 0.0000 0.0000 0.0000 0.0000 0.0000 0.0000
355      355   (0)      9  : 0.0000 0.3016 0.0000 0.0000 0.0000 0.4222 0.0000 0.2684 0.0078 0.0000 0.0000 0.0000 0.0000 0.0000
356      356   (0)      9  : 0.0000 0.5545 0.0000 0.0000 0.0064 0.4356 0.0000 0.0000 0.0034 0.0000 0.0000 0.0000 0.0000 0.0000
357      357   (0)      9  : 0.0000 0.3115 0.0000 0.0000 0.0000 0.3403 0.0000 0.3482 0.0000 0.0000 0.0000 0.0000 0.0000 0.0000
358      358   (0)      9  : 0.0000 0.6265 0.0000 0.0000 0.0211 0.1162 0.0000 0.2363 0.0000 0.0000 0.0000 0.0000 0.0000 0.0000
359      359   (0)      9  : 0.0000 0.3941 0.0000 0.0000 0.0078 0.5974 0.0000 0.0007 0.0000 0.0000 0.0000 0.0000 0.0000 0.0000
360      360   (0)      9  : 0.0000 0.2099 0.0000 0.0000 0.0000 0.1509 0.0000 0.6392 0.0000 0.0000 0.0000 0.0000 0.0000 0.0000
361      361   (0)      9  : 0.0000 0.5671 0.0000 0.0000 0.0000 0.3574 0.0000 0.0755 0.0000 0.0000 0.0000 0.0000 0.0000 0.0000
362      362   (0)     10  : 0.0000 0.4829 0.0000 0.0000 0.0000 0.0888 0.0000 0.4283 0.0000 0.0000 0.0000 0.0000 0.0000 0.0000
363      363   (0)     10  : 0.0000 0.0460 0.0000 0.0000 0.0000 0.0000 0.0000 0.9540 0.0000 0.0000 0.0000 0.0000 0.0000 0.0000
364      364   (0)     10  : 0.0000 0.1973 0.0000 0.0000 0.0000 0.2051 0.0000 0.5976 0.0000 0.0000 0.0000 0.0000 0.0000 0.0000
365      365   (0)     10  : 0.0000 0.4000 0.0000 0.0000 0.0000 0.2000 0.0000 0.4000 0.0000 0.0000 0.0000 0.0000 0.0000 0.0000
366      366   (0)     10  : 0.0000 0.1513 0.0000 0.0000 0.0000 0.7785 0.0000 0.0702 0.0000 0.0000 0.0000 0.0000 0.0000 0.0000
367      367   (0)     10  : 0.0000 0.1352 0.0000 0.0000 0.0163 0.1015 0.0000 0.7470 0.0000 0.0000 0.0000 0.0000 0.0000 0.0000
368      368   (0)     10  : 0.0000 0.2022 0.0000 0.0000 0.0000 0.5994 0.0000 0.1984 0.0000 0.0000 0.0000 0.0000 0.0000 0.0000
369      369   (0)     10  : 0.0000 0.1072 0.0000 0.0000 0.0000 0.8184 0.0000 0.0743 0.0000 0.0000 0.0000 0.0000 0.0000 0.0000
370      370   (0)     10  : 0.0000 0.3598 0.0000 0.0000 0.0535 0.5411 0.0000 0.0456 0.0000 0.0000 0.0000 0.0000 0.0000 0.0000
371      371   (0)     10  : 0.0000 0.0000 0.0000 0.0000 0.0002 0.4905 0.0000 0.5092 0.0000 0.0000 0.0000 0.0000 0.0000 0.0000
372      372   (0)     10  : 0.0000 0.2849 0.0000 0.0000 0.0013 0.3608 0.0000 0.3530 0.0000 0.0000 0.0000 0.0000 0.0000 0.0000
373      373   (0)     10  : 0.0000 0.6210 0.0000 0.0000 0.0000 0.1128 0.0000 0.2662 0.0000 0.0000 0.0000 0.0000 0.0000 0.0000
374      374   (0)     10  : 0.0000 0.0000 0.0000 0.0000 0.0000 0.0726 0.0000 0.9274 0.0000 0.0000 0.0000 0.0000 0.0000 0.0000
375      375   (0)     10  : 0.0000 0.3595 0.0000 0.0000 0.0000 0.3213 0.0000 0.3192 0.0000 0.0000 0.0000 0.0000 0.0000 0.0000
376      376   (0)     10  : 0.0000 0.7215 0.0000 0.0000 0.0000 0.2560 0.0000 0.0000 0.0224 0.0000 0.0000 0.0000 0.0000 0.0000
377      377   (0)     10  : 0.0000 0.2431 0.0000 0.0000 0.0000 0.3563 0.0000 0.3689 0.0317 0.0000 0.0000 0.0000 0.0000 0.0000
378      378   (0)     10  : 0.0000 0.2856 0.0000 0.0000 0.0000 0.0216 0.0000 0.6929 0.0000 0.0000 0.0000 0.0000 0.0000 0.0000
379      379   (0)     10  : 0.0000 0.4739 0.0000 0.0000 0.0592 0.4474 0.0000 0.0195 0.0000 0.0000 0.0000 0.0000 0.0000 0.0000
380      380   (0)     10  : 0.0000 0.0610 0.0000 0.0000 0.0000 0.9310 0.0000 0.0080 0.0000 0.0000 0.0000 0.0000 0.0000 0.0000
381      381   (0)     10  : 0.0000 0.1992 0.0000 0.0000 0.0000 0.0475 0.0000 0.7533 0.0000 0.0000 0.0000 0.0000 0.0000 0.0000
382      382   (0)     10  : 0.0000 0.2917 0.0000 0.0000 0.0000 0.6257 0.0000 0.0826 0.0000 0.0000 0.0000 0.0000 0.0000 0.0000
383      383   (0)     10  : 0.0000 0.5363 0.0000 0.0000 0.0395 0.1764 0.0000 0.2394 0.0085 0.0000 0.0000 0.0000 0.0000 0.0000
384      384   (0)     10  : 0.0000 0.0000 0.0037 0.0000 0.0000 0.3025 0.0000 0.6938 0.0000 0.0000 0.0000 0.0000 0.0000 0.0000
385      385   (0)     10  : 0.0000 0.5618 0.0000 0.0000 0.0000 0.0963 0.0000 0.3419 0.0000 0.0000 0.0000 0.0000 0.0000 0.0000
386      386   (0)     10  : 0.0000 0.0724 0.0000 0.0000 0.0108 0.4973 0.0000 0.4184 0.0012 0.0000 0.0000 0.0000 0.0000 0.0000
387      387   (0)     10  : 0.0000 0.6431 0.0068 0.0000 0.0000 0.0927 0.0000 0.2574 0.0000 0.0000 0.0000 0.0000 0.0000 0.0000
388      388   (0)     10  : 0.0000 0.0000 0.0000 0.0000 0.0000 0.0831 0.0000 0.9169 0.0000 0.0000 0.0000 0.0000 0.0000 0.0000
389      389   (0)     10  : 0.0000 0.4756 0.0000 0.0000 0.0000 0.2972 0.0000 0.2272 0.0000 0.0000 0.0000 0.0000 0.0000 0.0000
390      390   (0)      8  : 0.0000 0.1313 0.0000 0.0000 0.0174 0.3742 0.0000 0.4771 0.0000 0.0000 0.0000 0.0000 0.0000 0.0000
391      391   (0)      8  : 0.0000 0.4000 0.0000 0.0000 0.0000 0.6000 0.0000 0.0000 0.0000 0.0000 0.0000 0.0000 0.0000 0.0000
392      392   (0)      8  : 0.0000 0.3373 0.0000 0.0000 0.0025 0.6556 0.0000 0.0000 0.0046 0.0000 0.0000 0.0000 0.0000 0.0000
393      393   (0)     11  : 0.0000 0.0693 0.0000 0.0000 0.0000 0.5328 0.0000 0.3979 0.0000 0.0000 0.0000 0.0000 0.0000 0.0000
394      394   (0)     11  : 0.0000 0.7563 0.0000 0.0000 0.0000 0.2437 0.0000 0.0000 0.0000 0.0000 0.0000 0.0000 0.0000 0.0000
395      395   (0)     11  : 0.0211 0.0841 0.0000 0.0002 0.0000 0.6431 0.0000 0.2280 0.0234 0.0000 0.0000 0.0000 0.0000 0.0000
396      396   (0)     11  : 0.0385 0.2182 0.0000 0.0094 0.0331 0.6146 0.0000 0.0861 0.0000 0.0000 0.0000 0.0000 0.0000 0.0000
397      397   (0)     11  : 0.0000 0.3902 0.0022 0.0000 0.0000 0.1838 0.0000 0.4230 0.0009 0.0000 0.0000 0.0000 0.0000 0.0000
398      398   (0)     11  : 0.0000 0.0649 0.0000 0.0000 0.0000 0.6041 0.0000 0.3310 0.0000 0.0000 0.0000 0.0000 0.0000 0.0000
399      399   (0)     11  : 0.0000 0.1058 0.0000 0.0000 0.0000 0.2824 0.0000 0.6118 0.0000 0.0000 0.0000 0.0000 0.0000 0.0000
400      400   (0)     11  : 0.0000 0.5696 0.0032 0.0000 0.0000 0.0583 0.0000 0.3689 0.0000 0.0000 0.0000 0.0000 0.0000 0.0000
401      401   (0)     11  : 0.0109 0.4214 0.0000 0.0040 0.0000 0.5108 0.0000 0.0529 0.0000 0.0000 0.0000 0.0000 0.0000 0.0000
402      402   (0)     11  : 0.0000 0.3209 0.0000 0.0000 0.0000 0.3562 0.0000 0.3229 0.0000 0.0000 0.0000 0.0000 0.0000 0.0000
403      403   (0)     11  : 0.0000 0.3745 0.0000 0.0000 0.0000 0.0934 0.0000 0.5313 0.0007 0.0000 0.0000 0.0000 0.0000 0.0000
404      404   (0)     11  : 0.0000 0.0636 0.0000 0.0000 0.0023 0.6851 0.0000 0.2490 0.0000 0.0000 0.0000 0.0000 0.0000 0.0000
405      405   (0)     11  : 0.0000 0.1081 0.0000 0.0000 0.0737 0.7891 0.0000 0.0129 0.0161 0.0000 0.0000 0.0000 0.0000 0.0000
406      406   (0)     11  : 0.0000 0.3052 0.0000 0.0013 0.0000 0.5119 0.0000 0.1816 0.0000 0.0000 0.0000 0.0000 0.0000 0.0000
407      407   (0)     11  : 0.0000 0.3672 0.0000 0.0000 0.0000 0.5642 0.0000 0.0635 0.0051 0.0000 0.0000 0.0000 0.0000 0.0000
408      408   (0)     11  : 0.0000 0.1115 0.0000 0.0000 0.0015 0.7157 0.0000 0.1713 0.0000 0.0000 0.0000 0.0000 0.0000 0.0000
409      409   (0)     11  : 0.0000 0.0000 0.0060 0.0000 0.0000 0.2239 0.0000 0.7517 0.0145 0.0020 0.0000 0.0000 0.0000 0.0019
410      410   (0)     11  : 0.0000 0.1439 0.0000 0.0000 0.0000 0.4544 0.0000 0.3968 0.0014 0.0000 0.0000 0.0000 0.0034 0.0000
411      411   (0)     11  : 0.0000 0.1325 0.0000 0.0000 0.0000 0.3787 0.0000 0.4888 0.0000 0.0000 0.0000 0.0000 0.0000 0.0000
412      412   (0)     11  : 0.0000 0.7202 0.0000 0.0000 0.0000 0.2329 0.0000 0.0443 0.0026 0.0000 0.0000 0.0000 0.0000 0.0000
413      413   (0)     11  : 0.0000 0.4673 0.0000 0.0000 0.0342 0.2918 0.0000 0.2068 0.0000 0.0000 0.0000 0.0000 0.0000 0.0000
414      414   (0)     11  : 0.0000 0.3045 0.0000 0.0000 0.0000 0.4574 0.0000 0.2381 0.0000 0.0000 0.0000 0.0000 0.0000 0.0000
415      415   (0)     11  : 0.0000 0.4165 0.0000 0.0000 0.0000 0.5369 0.0000 0.0328 0.0138 0.0000 0.0000 0.0000 0.0000 0.0000
416      416   (0)     11  : 0.0000 0.2609 0.0000 0.0000 0.0000 0.3619 0.0000 0.3489 0.0284 0.0000 0.0000 0.0000 0.0000 0.0000
417      417   (0)     11  : 0.0000 0.5011 0.0000 0.0000 0.0000 0.4978 0.0000 0.0011 0.0000 0.0000 0.0000 0.0000 0.0000 0.0000
418      418   (0)     11  : 0.0111 0.4413 0.0000 0.0073 0.0348 0.3815 0.0000 0.1239 0.0000 0.0000 0.0000 0.0000 0.0000 0.0000
419      419   (0)     11  : 0.0000 0.1517 0.0000 0.0000 0.0040 0.8443 0.0000 0.0000 0.0000 0.0000 0.0000 0.0000 0.0000 0.0000
420      420   (0)     11  : 0.0000 0.3971 0.0000 0.0000 0.0000 0.5710 0.0000 0.0290 0.0028 0.0000 0.0000 0.0000 0.0000 0.0000
421      421   (0)     11  : 0.0000 0.1983 0.0000 0.0000 0.0000 0.7979 0.0000 0.0000 0.0038 0.0000 0.0000 0.0000 0.0000 0.0000
422      422   (0)     11  : 0.0000 0.7294 0.0000 0.0000 0.0023 0.2682 0.0000 0.0000 0.0000 0.0000 0.0000 0.0000 0.0000 0.0000
423      423   (0)     12  : 0.0915 0.0000 0.0000 0.9061 0.0000 0.0000 0.0000 0.0000 0.0000 0.0000 0.0000 0.0025 0.0000 0.0000
424      424   (0)     12  : 0.0000 0.0000 0.0000 0.0000 0.7949 0.0000 0.0000 0.1108 0.0942 0.0000 0.0000 0.0000 0.0000 0.0000
425      425   (0)     12  : 0.2489 0.0000 0.0000 0.7450 0.0000 0.0000 0.0000 0.0000 0.0000 0.0000 0.0012 0.0000 0.0048 0.0001
426      426   (0)     12  : 0.0000 0.0389 0.0000 0.0000 0.5267 0.0029 0.0000 0.0000 0.4315 0.0000 0.0000 0.0000 0.0000 0.0000
427      427   (0)     12  : 0.2707 0.0000 0.0000 0.7142 0.0000 0.0000 0.0000 0.0000 0.0000 0.0151 0.0000 0.0000 0.0000 0.0000
428      428   (0)     12  : 0.1435 0.0000 0.0000 0.7592 0.0112 0.0000 0.0001 0.0000 0.0007 0.0306 0.0000 0.0406 0.0000 0.0141
429      429   (0)     12  : 0.0000 0.0000 0.0000 0.0000 0.0000 0.0000 0.0000 0.0000 1.0000 0.0000 0.0000 0.0000 0.0000 0.0000
430      430   (0)     12  : 0.7748 0.0000 0.0000 0.1805 0.0000 0.0000 0.0037 0.0000 0.0000 0.0000 0.0000 0.0113 0.0092 0.0205
431      431   (0)     12  : 0.4257 0.0000 0.0013 0.5143 0.0000 0.0000 0.0237 0.0000 0.0000 0.0000 0.0000 0.0091 0.0138 0.0121
432      432   (0)     12  : 0.0000 0.0000 0.0000 0.0000 0.9461 0.0000 0.0000 0.0199 0.0340 0.0000 0.0000 0.0000 0.0000 0.0000
433      433   (0)     12  : 0.5621 0.0000 0.0000 0.4266 0.0000 0.0000 0.0000 0.0000 0.0113 0.0000 0.0000 0.0000 0.0000 0.0000
434      434   (0)     12  : 0.4851 0.0000 0.0000 0.5149 0.0000 0.0000 0.0000 0.0000 0.0000 0.0000 0.0000 0.0000 0.0000 0.0000
435      435   (0)     12  : 0.6715 0.0000 0.0000 0.2581 0.0000 0.0000 0.0000 0.0000 0.0000 0.0000 0.0000 0.0000 0.0608 0.0095
436      436   (0)     12  : 0.4976 0.0000 0.0000 0.4589 0.0000 0.0000 0.0181 0.0000 0.0000 0.0080 0.0000 0.0000 0.0051 0.0123
437      437   (0)     12  : 0.7716 0.0000 0.0000 0.2005 0.0000 0.0000 0.0000 0.0000 0.0280 0.0000 0.0000 0.0000 0.0000 0.0000
438      438   (0)     12  : 0.7213 0.0000 0.0000 0.2721 0.0000 0.0000 0.0000 0.0000 0.0000 0.0000 0.0000 0.0007 0.0000 0.0059
439      439   (0)     12  : 0.0000 0.0000 0.0000 0.0000 1.0000 0.0000 0.0000 0.0000 0.0000 0.0000 0.0000 0.0000 0.0000 0.0000
440      440   (0)     12  : 0.0000 0.0000 0.0000 0.0000 0.9772 0.0000 0.0000 0.0000 0.0228 0.0000 0.0000 0.0000 0.0000 0.0000
441      441   (0)     12  : 0.6630 0.0000 0.0000 0.3347 0.0000 0.0000 0.0000 0.0000 0.0000 0.0000 0.0000 0.0000 0.0023 0.0000
442      442   (0)     12  : 0.0000 0.0000 0.0000 0.0000 0.4661 0.0000 0.0000 0.0000 0.5339 0.0000 0.0000 0.0000 0.0000 0.0000
443      443   (0)     12  : 0.2485 0.0000 0.0000 0.7036 0.0000 0.0000 0.0027 0.0000 0.0000 0.0000 0.0266 0.0186 0.0000 0.0000
444      444   (0)     12  : 0.7601 0.0000 0.0000 0.2185 0.0000 0.0000 0.0085 0.0000 0.0000 0.0000 0.0000 0.0081 0.0000 0.0048
445      445   (0)     12  : 0.2770 0.0000 0.0000 0.6733 0.0000 0.0000 0.0000 0.0000 0.0000 0.0104 0.0058 0.0000 0.0335 0.0000
446      446   (0)     12  : 0.2153 0.0000 0.0000 0.7846 0.0000 0.0000 0.0000 0.0000 0.0000 0.0000 0.0000 0.0000 0.0000 0.0000
447      447   (0)     12  : 0.7640 0.0000 0.0000 0.2128 0.0000 0.0000 0.0000 0.0000 0.0000 0.0000 0.0000 0.0077 0.0000 0.0155
448      448   (0)     12  : 0.4966 0.0000 0.0000 0.5034 0.0000 0.0000 0.0000 0.0000 0.0000 0.0000 0.0000 0.0000 0.0000 0.0000
449      449   (0)     12  : 0.8898 0.0000 0.0000 0.1102 0.0000 0.0000 0.0000 0.0000 0.0000 0.0000 0.0000 0.0000 0.0000 0.0000
450      450   (0)     12  : 0.5762 0.0000 0.0000 0.4182 0.0000 0.0000 0.0000 0.0000 0.0000 0.0000 0.0054 0.0002 0.0000 0.0000
451      451   (0)     12  : 0.2471 0.0000 0.0000 0.6782 0.0000 0.0000 0.0007 0.0000 0.0000 0.0176 0.0000 0.0238 0.0000 0.0326
452      452   (0)     12  : 0.2808 0.0000 0.0000 0.6807 0.0000 0.0000 0.0220 0.0000 0.0000 0.0000 0.0161 0.0003 0.0000 0.0000
453      453   (0)     13  : 0.5176 0.0000 0.0000 0.4658 0.0000 0.0000 0.0000 0.0000 0.0000 0.0119 0.0000 0.0000 0.0000 0.0047
454      454   (0)     13  : 0.6572 0.0000 0.0018 0.3209 0.0000 0.0000 0.0000 0.0000 0.0000 0.0006 0.0000 0.0142 0.0054 0.0000
455      455   (0)     13  : 0.3354 0.0000 0.0000 0.6605 0.0000 0.0000 0.0040 0.0000 0.0000 0.0000 0.0000 0.0000 0.0000 0.0000
456      456   (0)     13  : 0.0000 0.0000 0.0000 0.0000 0.9452 0.0000 0.0000 0.0000 0.0548 0.0000 0.0000 0.0000 0.0000 0.0000
457      457   (0)     13  : 0.8458 0.0000 0.0000 0.1099 0.0000 0.0000 0.0142 0.0000 0.0000 0.0000 0.0036 0.0105 0.0148 0.0014
458      458   (0)     13  : 0.6026 0.0000 0.0000 0.3973 0.0000 0.0000 0.0000 0.0000 0.0000 0.0000 0.0000 0.0000 0.0000 0.0001
459      459   (0)     13  : 0.6674 0.0000 0.0000 0.3326 0.0000 0.0000 0.0000 0.0000 0.0000 0.0000 0.0000 0.0000 0.0000 0.0000
460      460   (0)     13  : 0.2364 0.0000 0.0000 0.7602 0.0000 0.0000 0.0014 0.0000 0.0000 0.0004 0.0000 0.0000 0.0016 0.0000
461      461   (0)     13  : 0.5586 0.0000 0.0000 0.4414 0.0000 0.0000 0.0000 0.0000 0.0000 0.0000 0.0000 0.0000 0.0000 0.0000
462      462   (0)     13  : 0.2415 0.0000 0.0000 0.7093 0.0000 0.0000 0.0000 0.0000 0.0000 0.0000 0.0388 0.0000 0.0000 0.0105
463      463   (0)     13  : 0.4768 0.0000 0.0000 0.4746 0.0000 0.0000 0.0357 0.0000 0.0000 0.0030 0.0000 0.0000 0.0000 0.0099
464      464   (0)     13  : 0.0000 0.0000 0.0015 0.0000 0.0000 0.0000 0.1010 0.0000 0.0000 0.3803 0.0000 0.1883 0.1289 0.2000
465      465   (0)     13  : 0.7994 0.0000 0.0021 0.1909 0.0000 0.0000 0.0000 0.0000 0.0000 0.0000 0.0000 0.0000 0.0075 0.0000
466      466   (0)     13  : 0.2440 0.0000 0.0007 0.7459 0.0000 0.0000 0.0000 0.0000 0.0000 0.0000 0.0043 0.0050 0.0000 0.0000
467      467   (0)     13  : 0.1921 0.0000 0.0011 0.7634 0.0000 0.0000 0.0062 0.0000 0.0000 0.0122 0.0048 0.0201 0.0000 0.0000
468      468   (0)     13  : 0.0087 0.0000 0.0000 0.0219 0.0000 0.0000 0.1763 0.0000 0.0000 0.5247 0.1140 0.0000 0.1545 0.0000
469      469   (0)     13  : 0.0000 0.0000 0.0000 0.0000 0.0000 0.0000 0.0623 0.0000 0.0001 0.3430 0.0285 0.1780 0.2295 0.1585
470      470   (0)     13  : 0.7836 0.0000 0.0000 0.1993 0.0000 0.0000 0.0000 0.0000 0.0000 0.0000 0.0000 0.0000 0.0066 0.0105
471      471   (0)     13  : 0.4856 0.0175 0.0000 0.4629 0.0000 0.0020 0.0000 0.0042 0.0146 0.0000 0.0000 0.0133 0.0000 0.0000
472      472   (0)     13  : 0.6269 0.0000 0.0000 0.3726 0.0000 0.0000 0.0003 0.0000 0.0000 0.0001 0.0000 0.0000 0.0000 0.0000
473      473   (0)     13  : 0.0561 0.0063 0.0000 0.0000 0.8438 0.0703 0.0000 0.0088 0.0148 0.0000 0.0000 0.0000 0.0000 0.0000
474      474   (0)     13  : 0.1981 0.0000 0.0000 0.7776 0.0000 0.0000 0.0101 0.0000 0.0000 0.0122 0.0019 0.0000 0.0000 0.0000
475      475   (0)     13  : 0.2643 0.0000 0.0000 0.7044 0.0000 0.0000 0.0147 0.0000 0.0000 0.0075 0.0000 0.0000 0.0000 0.0091
476      476   (0)     13  : 0.0000 0.0000 0.0000 0.0000 0.9478 0.0000 0.0000 0.0000 0.0522 0.0000 0.0000 0.0000 0.0000 0.0000
477      477   (0)     13  : 0.6233 0.0000 0.0000 0.3176 0.0000 0.0000 0.0000 0.0000 0.0117 0.0099 0.0000 0.0103 0.0000 0.0272
478      478   (0)     13  : 0.2025 0.0000 0.0125 0.7559 0.0000 0.0000 0.0000 0.0000 0.0070 0.0000 0.0000 0.0000 0.0221 0.0000
479      479   (0)     13  : 0.4213 0.0000 0.0000 0.5527 0.0000 0.0000 0.0000 0.0000 0.0000 0.0000 0.0087 0.0033 0.0140 0.0000
480      480   (0)     13  : 0.0000 0.0000 0.0000 0.0000 0.8913 0.0002 0.0000 0.0000 0.1085 0.0000 0.0000 0.0000 0.0000 0.0000
481      481   (0)     13  : 0.0399 0.0000 0.0045 0.0205 0.0000 0.0000 0.5896 0.0000 0.0022 0.0082 0.0874 0.0994 0.0899 0.0583
482      482   (0)     13  : 0.3427 0.0000 0.0000 0.6018 0.0000 0.0000 0.0000 0.0000 0.0000 0.0005 0.0000 0.0430 0.0000 0.0121
483      483   (0)     14  : 0.6851 0.0000 0.0000 0.3084 0.0000 0.0000 0.0000 0.0000 0.0000 0.0065 0.0000 0.0000 0.0000 0.0000
484      484   (0)     14  : 0.6047 0.0000 0.0000 0.3893 0.0000 0.0000 0.0008 0.0000 0.0000 0.0052 0.0000 0.0000 0.0000 0.0000
485      485   (0)     15  : 0.2996 0.0000 0.0000 0.6579 0.0000 0.0000 0.0113 0.0000 0.0000 0.0065 0.0000 0.0000 0.0163 0.0084
486      486   (0)     15  : 0.6880 0.0000 0.0000 0.3087 0.0000 0.0000 0.0033 0.0000 0.0000 0.0000 0.0000 0.0000 0.0000 0.0000
487      487   (0)     15  : 0.9983 0.0000 0.0000 0.0000 0.0000 0.0000 0.0000 0.0000 0.0000 0.0000 0.0000 0.0000 0.0000 0.0017
488      488   (0)     15  : 0.5305 0.0000 0.0008 0.4596 0.0000 0.0000 0.0000 0.0000 0.0000 0.0043 0.0048 0.0000 0.0000 0.0000
489      489   (0)     15  : 0.0000 0.0000 0.0000 0.0000 1.0000 0.0000 0.0000 0.0000 0.0000 0.0000 0.0000 0.0000 0.0000 0.0000
490      490   (0)     15  : 0.0000 0.0000 0.0000 0.0000 0.9562 0.0000 0.0000 0.0000 0.0438 0.0000 0.0000 0.0000 0.0000 0.0000
491      491   (0)     15  : 0.3897 0.0000 0.0000 0.5969 0.0000 0.0000 0.0005 0.0000 0.0000 0.0000 0.0000 0.0008 0.0120 0.0000
492      492   (0)     15  : 0.0000 0.0000 0.0000 0.0000 1.0000 0.0000 0.0000 0.0000 0.0000 0.0000 0.0000 0.0000 0.0000 0.0000
493      493   (0)     15  : 0.1729 0.0000 0.0109 0.7774 0.0000 0.0000 0.0015 0.0000 0.0000 0.0000 0.0000 0.0142 0.0230 0.0000
494      494   (0)     15  : 0.5278 0.0000 0.0000 0.4489 0.0000 0.0000 0.0000 0.0000 0.0000 0.0057 0.0076 0.0000 0.0000 0.0099
495      495   (0)     15  : 0.4995 0.0000 0.0000 0.4891 0.0000 0.0000 0.0000 0.0000 0.0000 0.0000 0.0000 0.0090 0.0000 0.0024
496      496   (0)     15  : 0.5447 0.0000 0.0016 0.4454 0.0000 0.0000 0.0000 0.0000 0.0000 0.0083 0.0000 0.0000 0.0000 0.0000
497      497   (0)     15  : 0.2000 0.0000 0.0000 0.7522 0.0000 0.0000 0.0000 0.0000 0.0000 0.0000 0.0000 0.0149 0.0000 0.0329
498      498   (0)     15  : 0.6884 0.0000 0.0000 0.2674 0.0000 0.0000 0.0162 0.0000 0.0000 0.0000 0.0034 0.0174 0.0000 0.0073
499      499   (0)     15  : 0.6126 0.0000 0.0000 0.3519 0.0000 0.0000 0.0032 0.0000 0.0000 0.0055 0.0104 0.0000 0.0000 0.0165
500      500   (0)     15  : 0.9168 0.0000 0.0000 0.0794 0.0000 0.0000 0.0000 0.0000 0.0000 0.0017 0.0000 0.0000 0.0000 0.0021
501      501   (0)     15  : 0.6114 0.0000 0.0000 0.3596 0.0000 0.0000 0.0078 0.0000 0.0086 0.0000 0.0104 0.0000 0.0000 0.0023
502      502   (0)     15  : 0.6799 0.0000 0.0000 0.2971 0.0000 0.0000 0.0183 0.0000 0.0000 0.0000 0.0000 0.0000 0.0000 0.0047
503      503   (0)     15  : 0.8858 0.0000 0.0000 0.1087 0.0000 0.0000 0.0000 0.0000 0.0000 0.0000 0.0000 0.0000 0.0000 0.0055
504      504   (0)     15  : 0.8675 0.0000 0.0000 0.1324 0.0000 0.0000 0.0000 0.0000 0.0000 0.0000 0.0000 0.0000 0.0000 0.0000
505      505   (0)     15  : 0.4813 0.0000 0.0000 0.4645 0.0000 0.0000 0.0000 0.0000 0.0000 0.0333 0.0000 0.0149 0.0000 0.0060
506      506   (0)     15  : 0.1979 0.0000 0.0000 0.7639 0.0000 0.0000 0.0000 0.0000 0.0000 0.0036 0.0000 0.0007 0.0338 0.0000
507      507   (0)     15  : 0.6442 0.0000 0.0000 0.3270 0.0000 0.0000 0.0000 0.0000 0.0000 0.0188 0.0000 0.0000 0.0000 0.0099
508      508   (0)     15  : 0.6509 0.0000 0.0000 0.3001 0.0000 0.0000 0.0000 0.0000 0.0000 0.0000 0.0000 0.0000 0.0000 0.0490
509      509   (0)     15  : 0.0000 0.0000 0.0000 0.0000 1.0000 0.0000 0.0000 0.0000 0.0000 0.0000 0.0000 0.0000 0.0000 0.0000
510      510   (0)     15  : 0.0000 0.0000 0.0000 0.0000 1.0000 0.0000 0.0000 0.0000 0.0000 0.0000 0.0000 0.0000 0.0000 0.0000
511      511   (0)     15  : 0.8447 0.0000 0.0044 0.0991 0.0031 0.0037 0.0000 0.0045 0.0000 0.0086 0.0056 0.0000 0.0000 0.0263
512      512   (0)     15  : 0.2024 0.0000 0.0000 0.7746 0.0000 0.0000 0.0149 0.0000 0.0000 0.0033 0.0000 0.0048 0.0000 0.0000
513      513   (0)     15  : 0.4661 0.0000 0.0000 0.4898 0.0000 0.0000 0.0032 0.0000 0.0000 0.0107 0.0095 0.0000 0.0208 0.0000
514      514   (0)     15  : 0.5198 0.0000 0.0000 0.4334 0.0000 0.0000 0.0047 0.0000 0.0000 0.0000 0.0000 0.0264 0.0068 0.0090
515      515   (0)     16  : 0.0075 0.0000 0.0000 0.0000 0.0000 0.0000 0.1362 0.0000 0.0000 0.5063 0.0000 0.0496 0.1004 0.2000
516      516   (0)     16  : 0.4848 0.0000 0.0006 0.4698 0.0000 0.0000 0.0000 0.0000 0.0000 0.0088 0.0000 0.0000 0.0109 0.0250
517      517   (0)     16  : 0.0000 0.0204 0.0000 0.0000 0.8701 0.0099 0.0000 0.0000 0.0996 0.0000 0.0000 0.0000 0.0000 0.0000
518      518   (0)     16  : 0.3638 0.0000 0.0149 0.5753 0.0000 0.0000 0.0066 0.0000 0.0000 0.0276 0.0000 0.0000 0.0070 0.0048
519      519   (0)     16  : 0.2661 0.0000 0.0000 0.7134 0.0000 0.0000 0.0000 0.0000 0.0000 0.0000 0.0205 0.0000 0.0000 0.0000
520      520   (0)     16  : 0.2927 0.0000 0.0000 0.6587 0.0000 0.0000 0.0000 0.0000 0.0000 0.0002 0.0177 0.0000 0.0000 0.0308
521      521   (0)     16  : 0.1559 0.0000 0.0000 0.7974 0.0000 0.0000 0.0001 0.0000 0.0000 0.0036 0.0000 0.0281 0.0150 0.0000
522      522   (0)     16  : 0.0000 0.0000 0.0000 0.0000 0.0000 0.0000 0.0000 0.0000 1.0000 0.0000 0.0000 0.0000 0.0000 0.0000
523      523   (0)     16  : 0.1310 0.0000 0.0000 0.8365 0.0000 0.0000 0.0320 0.0000 0.0000 0.0000 0.0005 0.0000 0.0000 0.0000
524      524   (0)     16  : 0.0000 0.0123 0.0000 0.0000 0.8588 0.0221 0.0000 0.0111 0.0957 0.0000 0.0000 0.0000 0.0000 0.0000
525      525   (0)     16  : 0.3184 0.0000 0.0000 0.6400 0.0000 0.0000 0.0000 0.0000 0.0000 0.0151 0.0065 0.0000 0.0000 0.0200
526      526   (0)     16  : 0.0847 0.0000 0.0010 0.8837 0.0000 0.0000 0.0008 0.0000 0.0000 0.0022 0.0000 0.0000 0.0000 0.0276
527      527   (0)     16  : 0.0000 0.0000 0.0000 0.0000 0.8813 0.0072 0.0000 0.0001 0.1114 0.0000 0.0000 0.0000 0.0000 0.0000
528      528   (0)     16  : 0.4286 0.0000 0.0000 0.4996 0.0000 0.0000 0.0000 0.0000 0.0000 0.0562 0.0000 0.0000 0.0000 0.0156
529      529   (0)     16  : 0.1861 0.0000 0.0000 0.7649 0.0000 0.0000 0.0008 0.0000 0.0000 0.0000 0.0215 0.0009 0.0120 0.0139
530      530   (0)     16  : 0.3815 0.0000 0.0000 0.5404 0.0000 0.0000 0.0112 0.0000 0.0000 0.0000 0.0000 0.0484 0.0000 0.0185
531      531   (0)     16  : 0.2754 0.0000 0.0000 0.7246 0.0000 0.0000 0.0000 0.0000 0.0000 0.0000 0.0000 0.0000 0.0000 0.0000
532      532   (0)     16  : 0.0000 0.0000 0.0000 0.0000 0.0000 0.0000 0.0000 0.0000 1.0000 0.0000 0.0000 0.0000 0.0000 0.0000
533      533   (0)     16  : 0.0000 0.0000 0.0000 0.0000 0.0000 0.0000 0.0000 0.0000 1.0000 0.0000 0.0000 0.0000 0.0000 0.0000
534      534   (0)     16  : 0.0704 0.0000 0.0000 0.8990 0.0000 0.0000 0.0000 0.0000 0.0000 0.0029 0.0009 0.0000 0.0000 0.0267
535      535   (0)     16  : 0.3431 0.0000 0.0000 0.6451 0.0000 0.0000 0.0005 0.0000 0.0000 0.0000 0.0000 0.0098 0.0000 0.0014
536      536   (0)     16  : 0.3938 0.0000 0.0000 0.5773 0.0000 0.0000 0.0000 0.0000 0.0000 0.0011 0.0000 0.0050 0.0000 0.0228
537      537   (0)     16  : 0.0432 0.0000 0.0000 0.9215 0.0000 0.0000 0.0000 0.0000 0.0000 0.0000 0.0000 0.0000 0.0118 0.0235
538      538   (0)     16  : 0.2851 0.0000 0.0000 0.7032 0.0000 0.0000 0.0000 0.0000 0.0000 0.0000 0.0117 0.0000 0.0000 0.0000
539      539   (0)     16  : 0.2000 0.0000 0.0000 0.7620 0.0000 0.0000 0.0266 0.0000 0.0000 0.0000 0.0113 0.0000 0.0000 0.0000
540      540   (0)     16  : 0.4195 0.0000 0.0000 0.5482 0.0000 0.0000 0.0136 0.0000 0.0000 0.0000 0.0000 0.0186 0.0000 0.0000
541      541   (0)     16  : 0.0000 0.0000 1.0000 0.0000 0.0000 0.0000 0.0000 0.0000 0.0000 0.0000 0.0000 0.0000 0.0000 0.0000
542      542   (0)     16  : 0.2145 0.0000 0.0000 0.7316 0.0000 0.0000 0.0053 0.0000 0.0000 0.0000 0.0006 0.0000 0.0153 0.0327
543      543   (0)     16  : 0.1101 0.0000 0.0000 0.8899 0.0000 0.0000 0.0000 0.0000 0.0000 0.0000 0.0000 0.0000 0.0000 0.0000
544      544   (0)     16  : 0.0956 0.0000 0.0000 0.9044 0.0000 0.0000 0.0000 0.0000 0.0000 0.0000 0.0000 0.0000 0.0000 0.0000
