1        1   (0)      1  : 0.0179 0.0000 0.0000 0.6131 0.0000 0.0000 0.3690
2        2   (0)      1  : 0.8864 0.0000 0.0000 0.0343 0.0000 0.0000 0.0793
3        3   (0)      1  : 0.6253 0.0000 0.0000 0.0000 0.0000 0.0000 0.3747
4        4   (0)      1  : 0.0171 0.0000 0.0127 0.6037 0.0000 0.0334 0.3331
5        5   (0)      1  : 0.0287 0.0000 0.0042 0.7102 0.0000 0.0421 0.2147
6        6   (0)      1  : 0.0000 0.0000 0.0000 0.7295 0.0000 0.2548 0.0157
7        7   (0)      1  : 0.8698 0.0000 0.0000 0.0000 0.0000 0.0000 0.1302
8        8   (0)      1  : 0.9800 0.0000 0.0000 0.0132 0.0000 0.0068 0.0000
9        9   (0)      1  : 0.0227 0.0000 0.0000 0.6610 0.0000 0.1275 0.1888
10       10   (0)      1  : 0.8923 0.0000 0.0000 0.0018 0.0000 0.0326 0.0734
11       11   (0)      1  : 0.0033 0.0000 0.0042 0.6882 0.0000 0.0000 0.3043
12       12   (0)      1  : 0.0000 0.0000 0.0000 0.6741 0.0039 0.2268 0.0952
13       13   (0)      1  : 0.0000 0.0000 0.0000 0.6551 0.0000 0.0983 0.2467
14       14   (0)      1  : 0.0000 0.0000 0.0025 0.5588 0.0024 0.4266 0.0096
15       15   (0)      1  : 0.0000 0.0000 0.0030 0.5552 0.0000 0.1602 0.2816
16       16   (0)      1  : 0.0373 0.0000 0.0000 0.6374 0.0047 0.1052 0.2155
17       17   (0)      1  : 0.0120 0.0000 0.0000 0.7263 0.0000 0.1483 0.1134
18       18   (0)      1  : 0.0000 0.0000 0.0000 0.3333 0.0000 0.0000 0.6667
19       19   (0)      1  : 0.0000 0.0000 0.0000 0.8159 0.0056 0.0000 0.1785
20       20   (0)      1  : 0.0092 0.0000 0.0000 0.7598 0.0000 0.0000 0.2310
21       21   (0)      1  : 0.0067 0.0000 0.0011 0.6707 0.0000 0.0000 0.3215
22       22   (0)      1  : 0.7799 0.0000 0.0000 0.0248 0.0000 0.0190 0.1763
23       23   (0)      1  : 0.0000 0.0000 0.0000 0.4948 0.0000 0.0000 0.5052
24       24   (0)      1  : 0.0000 0.0000 0.0000 0.6501 0.0000 0.3333 0.0165
25       25   (0)      1  : 0.0239 0.0000 0.0000 0.7184 0.0000 0.0021 0.2556
26       26   (0)      1  : 0.0000 0.0000 0.0000 0.5602 0.0000 0.0000 0.4398
27       27   (0)      1  : 0.0000 0.1318 0.0000 0.0000 0.8682 0.0000 0.0000
28       28   (0)      1  : 0.0000 0.0261 0.0000 0.0000 0.9584 0.0155 0.0000
29       29   (0)      1  : 0.0034 0.0000 0.0085 0.5914 0.0000 0.0806 0.3162
30       30   (0)      1  : 0.0000 0.0000 0.0017 0.8651 0.0000 0.0203 0.1129
31       31   (0)      1  : 0.0280 0.0000 0.0000 0.7811 0.0000 0.1120 0.0790
32       32   (0)      1  : 0.8891 0.0000 0.0000 0.0265 0.0000 0.0844 0.0000
33       33   (0)      1  : 0.1435 0.0000 0.0000 0.2436 0.3998 0.2131 0.0000
34       34   (0)      1  : 0.0000 0.0000 0.0000 0.3193 0.0000 0.1250 0.5558
35       35   (0)      1  : 0.0000 0.0000 1.0000 0.0000 0.0000 0.0000 0.0000
36       36   (0)      1  : 0.0000 0.0000 1.0000 0.0000 0.0000 0.0000 0.0000
37       37   (0)      1  : 0.0000 0.0000 1.0000 0.0000 0.0000 0.0000 0.0000
38       38   (0)      1  : 0.0000 0.0445 0.0000 0.0000 0.9555 0.0000 0.0000
39       39   (0)      1  : 0.0000 0.0832 0.0000 0.0000 0.9168 0.0000 0.0000
40       40   (0)      1  : 0.0000 0.0000 0.0011 0.7707 0.0000 0.0929 0.1354
41       41   (0)      1  : 0.8456 0.0000 0.0000 0.0159 0.0000 0.0000 0.1385
42       42   (0)      1  : 0.0000 0.0376 0.0000 0.0000 0.9624 0.0000 0.0000
43       43   (0)      1  : 0.0204 0.0000 0.0125 0.4697 0.0000 0.0019 0.4956
44       44   (0)      1  : 0.8583 0.0000 0.0000 0.0080 0.0000 0.0028 0.1309
45       45   (0)      1  : 0.0000 0.0551 0.0000 0.0000 0.9449 0.0000 0.0000
46       46   (0)      1  : 0.0048 0.0056 0.0000 0.7883 0.0000 0.0014 0.1999
47       47   (0)      1  : 0.0000 0.0849 0.0000 0.0000 0.9151 0.0000 0.0000
48       48   (0)      1  : 0.6425 0.0000 0.0000 0.0000 0.0000 0.0086 0.3489
49       49   (0)      1  : 0.8793 0.0000 0.0000 0.0000 0.0000 0.0000 0.1207
50       50   (0)      1  : 0.0000 0.0657 0.0000 0.0000 0.9343 0.0000 0.0000
51       51   (0)      1  : 0.0000 0.0625 0.0000 0.0000 0.9352 0.0022 0.0000
52       52   (0)      1  : 0.9269 0.0000 0.0000 0.0372 0.0000 0.0359 0.0000
53       53   (0)      1  : 0.7819 0.0000 0.0000 0.0036 0.0000 0.0011 0.2134
54       54   (0)      1  : 0.7922 0.0000 0.0000 0.0046 0.0000 0.0187 0.1845
55       55   (0)      1  : 0.0000 0.0767 0.0000 0.0000 0.9233 0.0000 0.0000
56       56   (0)      2  : 0.0156 0.0000 0.0000 0.5815 0.0024 0.4005 0.0000
57       57   (0)      2  : 0.0029 0.0000 0.0186 0.4975 0.0000 0.0000 0.4810
58       58   (0)      2  : 0.0124 0.0000 0.0000 0.3209 0.0000 0.0000 0.6667
59       59   (0)      2  : 0.0000 0.0000 0.0000 0.6616 0.0000 0.0397 0.2988
60       60   (0)      2  : 0.7570 0.0000 0.0000 0.0210 0.0000 0.0000 0.2220
61       61   (0)      2  : 0.0000 0.0000 0.0080 0.7232 0.0000 0.0024 0.2665
62       62   (0)      2  : 0.0000 0.0000 1.0000 0.0000 0.0000 0.0000 0.0000
63       63   (0)      2  : 0.0325 0.0000 0.0000 0.6575 0.0000 0.0017 0.3082
64       64   (0)      2  : 0.0000 0.0000 1.0000 0.0000 0.0000 0.0000 0.0000
65       65   (0)      2  : 0.0190 0.0000 0.0000 0.7210 0.0000 0.1500 0.1100
66       66   (0)      2  : 0.0000 0.0000 1.0000 0.0000 0.0000 0.0000 0.0000
67       67   (0)      2  : 0.0000 0.0000 0.0057 0.6889 0.0000 0.0067 0.2988
68       68   (0)      2  : 0.0189 0.0000 0.0049 0.8666 0.0000 0.1006 0.0089
69       69   (0)      2  : 0.8840 0.0000 0.0000 0.0072 0.0000 0.0122 0.0966
70       70   (0)      2  : 0.0000 0.0000 0.0000 0.7195 0.0000 0.2686 0.0119
71       71   (0)      2  : 0.0000 0.0000 1.0000 0.0000 0.0000 0.0000 0.0000
72       72   (0)      2  : 0.0000 0.0000 1.0000 0.0000 0.0000 0.0000 0.0000
73       73   (0)      2  : 0.0602 0.0000 0.0000 0.4594 0.0020 0.4013 0.0771
74       74   (0)      2  : 0.9706 0.0000 0.0052 0.0241 0.0000 0.0000 0.0000
75       75   (0)      2  : 0.0000 0.0970 0.0000 0.0000 0.9030 0.0000 0.0000
76       76   (0)      2  : 0.9808 0.0000 0.0000 0.0039 0.0000 0.0153 0.0001
77       77   (0)      2  : 0.0643 0.0000 0.0000 0.5998 0.0000 0.0001 0.3358
78       78   (0)      2  : 0.0000 0.0000 1.0000 0.0000 0.0000 0.0000 0.0000
79       79   (0)      2  : 0.0000 0.0175 0.0000 0.0000 0.9825 0.0000 0.0000
80       80   (0)      2  : 0.0000 0.0000 1.0000 0.0000 0.0000 0.0000 0.0000
81       81   (0)      2  : 0.0000 0.0000 0.0066 0.8170 0.0040 0.0773 0.0951
82       82   (0)      2  : 0.9082 0.0000 0.0063 0.0026 0.0000 0.0000 0.0829
83       83   (0)      2  : 0.9136 0.0000 0.0000 0.0000 0.0000 0.0000 0.0864
84       84   (0)      2  : 0.1931 0.0000 0.0000 0.4827 0.0000 0.0354 0.2888
85       85   (0)      2  : 0.0205 0.0000 0.0000 0.6640 0.0000 0.1140 0.2016
86       86   (0)      2  : 0.0229 0.0000 0.0000 0.5826 0.0000 0.0000 0.3945
87       87   (0)      2  : 0.0457 0.0000 0.0000 0.8841 0.0000 0.0004 0.0698
88       88   (0)      2  : 0.0000 0.0000 0.0000 0.8774 0.0000 0.1115 0.0111
89       89   (0)      2  : 0.0000 0.0000 0.0000 0.6984 0.0000 0.0003 0.3013
90       90   (0)      2  : 0.0452 0.0000 0.0112 0.7674 0.0000 0.0000 0.1762
91       91   (0)      2  : 0.0171 0.0000 0.0000 0.6100 0.0000 0.0253 0.3476
92       92   (0)      2  : 0.0419 0.0000 0.0000 0.8786 0.0000 0.0795 0.0000
93       93   (0)      2  : 0.7695 0.0000 0.0000 0.0000 0.0000 0.0000 0.2305
94       94   (0)      2  : 0.8692 0.0000 0.0027 0.0000 0.0000 0.0361 0.0920
95       95   (0)      2  : 0.0000 0.0000 1.0000 0.0000 0.0000 0.0000 0.0000
96       96   (0)      2  : 0.8099 0.0000 0.0000 0.0160 0.0000 0.0029 0.1712
97       97   (0)      2  : 0.8107 0.0000 0.0000 0.0161 0.0000 0.0198 0.1533
98       98   (0)      2  : 0.0113 0.0000 0.0000 0.5763 0.0013 0.3860 0.0252
99       99   (0)      2  : 0.0000 0.0000 1.0000 0.0000 0.0000 0.0000 0.0000
100      100   (0)      2  : 0.0100 0.0000 0.0000 0.5809 0.0000 0.4092 0.0000
101      101   (0)      3  : 0.0226 0.0000 0.0000 0.7921 0.0000 0.1752 0.0101
102      102   (0)      3  : 0.0106 0.0000 0.0051 0.6155 0.0000 0.2318 0.1369
103      103   (0)      3  : 0.0000 0.0000 0.0000 0.6607 0.0000 0.0718 0.2675
104      104   (0)      3  : 0.0182 0.0000 0.0027 0.5668 0.0000 0.4123 0.0000
105      105   (0)      3  : 0.0331 0.0000 0.0118 0.4840 0.0000 0.0000 0.4712
106      106   (0)      3  : 0.0203 0.0000 0.0049 0.6415 0.0000 0.3333 0.0000
107      107   (0)      3  : 0.0021 0.0000 0.0000 0.6930 0.0000 0.0015 0.3034
108      108   (0)      3  : 0.0041 0.0000 0.0000 0.8760 0.0112 0.0086 0.1000
109      109   (0)      3  : 0.0059 0.0000 0.0000 0.6826 0.0000 0.1969 0.1145
110      110   (0)      3  : 0.0001 0.0000 0.0001 0.7268 0.0000 0.1199 0.1532
111      111   (0)      3  : 0.0203 0.0000 0.0087 0.6377 0.0000 0.1395 0.1939
112      112   (0)      3  : 0.0000 0.0000 0.0004 0.6581 0.0000 0.1816 0.1599
113      113   (0)      3  : 0.0000 0.0000 0.0001 0.5576 0.0000 0.4297 0.0126
114      114   (0)      3  : 0.0091 0.0000 0.0021 0.9297 0.0000 0.0443 0.0148
115      115   (0)      3  : 0.0437 0.0000 0.0000 0.5331 0.0000 0.2573 0.1659
116      116   (0)      3  : 0.0064 0.0000 0.0005 0.7536 0.0014 0.1476 0.0905
117      117   (0)      3  : 0.0465 0.0000 0.0001 0.6839 0.0000 0.1656 0.1039
118      118   (0)      3  : 0.0000 0.0000 0.0000 0.6243 0.0000 0.1961 0.1796
119      119   (0)      3  : 0.0195 0.0000 0.0000 0.6374 0.0000 0.1472 0.1959
120      120   (0)      3  : 0.0553 0.0000 0.0830 0.6577 0.0000 0.1603 0.0438
121      121   (0)      3  : 0.0000 0.0000 0.0006 0.8490 0.0000 0.1397 0.0107
122      122   (0)      3  : 0.0202 0.0000 0.0028 0.5516 0.0000 0.0487 0.3768
123      123   (0)      3  : 0.0000 0.0000 0.0000 0.7754 0.0000 0.0194 0.2051
124      124   (0)      3  : 0.0080 0.0000 0.0000 0.6789 0.0000 0.0345 0.2787
125      125   (0)      3  : 0.0000 0.0000 0.0075 0.7462 0.0000 0.0179 0.2284
126      126   (0)      3  : 0.0401 0.0000 0.0000 0.5541 0.0000 0.0354 0.3703
127      127   (0)      3  : 0.0550 0.0000 0.0000 0.6644 0.0000 0.0503 0.2303
128      128   (0)      3  : 0.0055 0.0000 0.0000 0.6752 0.0000 0.1289 0.1904
129      129   (0)      3  : 0.0622 0.0000 0.0000 0.7576 0.0000 0.1802 0.0000
130      130   (0)      3  : 0.8128 0.0000 0.0000 0.0251 0.0000 0.0000 0.1621
131      131   (0)      3  : 0.8282 0.0000 0.0002 0.0440 0.0000 0.0284 0.0992
132      132   (0)      3  : 0.0000 0.0000 1.0000 0.0000 0.0000 0.0000 0.0000
133      133   (0)      3  : 0.0000 0.0696 0.0000 0.0000 0.9025 0.0279 0.0000
134      134   (0)      3  : 0.7513 0.0055 0.0000 0.0992 0.0254 0.0074 0.1111
135      135   (0)      3  : 0.0095 0.0000 0.0166 0.5816 0.0000 0.0000 0.3923
136      136   (0)      3  : 0.0135 0.0000 0.0000 0.8630 0.0000 0.0000 0.1235
137      137   (0)      3  : 0.7474 0.0000 0.0000 0.0000 0.0049 0.0218 0.2258
138      138   (0)      3  : 0.0066 0.0000 0.0000 0.5040 0.0000 0.2129 0.2765
139      139   (0)      3  : 0.0000 0.0000 0.0000 0.5540 0.0055 0.1790 0.2614
140      140   (0)      3  : 0.0000 0.0000 0.0000 0.7376 0.0000 0.1611 0.1013
141      141   (0)      3  : 0.0000 0.0000 1.0000 0.0000 0.0000 0.0000 0.0000
142      142   (0)      3  : 0.0000 0.0000 1.0000 0.0000 0.0000 0.0000 0.0000
143      143   (0)      3  : 0.0000 0.0000 1.0000 0.0000 0.0000 0.0000 0.0000
144      144   (0)      3  : 0.0000 0.0000 1.0000 0.0000 0.0000 0.0000 0.0000
145      145   (0)      3  : 0.0000 0.0000 1.0000 0.0000 0.0000 0.0000 0.0000
146      146   (0)      3  : 0.8436 0.0000 0.0000 0.0063 0.0000 0.0305 0.1196
147      147   (0)      3  : 0.0000 0.0000 0.0001 0.6218 0.0000 0.0222 0.3560
148      148   (0)      3  : 0.0000 0.0000 1.0000 0.0000 0.0000 0.0000 0.0000
149      149   (0)      3  : 0.0000 0.0000 1.0000 0.0000 0.0000 0.0000 0.0000
150      150   (0)      3  : 0.0000 0.0567 0.0044 0.0000 0.8956 0.0432 0.0000
151      151   (0)      3  : 0.0000 0.0565 0.0000 0.0000 0.9435 0.0000 0.0000
152      152   (0)      3  : 0.0069 0.0000 0.0000 0.7174 0.0000 0.0065 0.2692
153      153   (0)      3  : 0.0000 0.0000 1.0000 0.0000 0.0000 0.0000 0.0000
154      154   (0)      3  : 0.0000 0.0000 0.0092 0.6492 0.0000 0.0000 0.3416
155      155   (0)      3  : 0.0000 0.0000 0.0000 1.0000 0.0000 0.0000 0.0000
156      156   (0)      3  : 0.9249 0.0000 0.0000 0.0536 0.0000 0.0211 0.0004
157      157   (0)      3  : 0.0000 0.0000 0.0000 0.4443 0.0000 0.0332 0.5225
158      158   (0)      3  : 0.8581 0.0000 0.0000 0.0000 0.0000 0.0000 0.1419
159      159   (0)      3  : 0.0001 0.0000 0.0000 0.5290 0.0048 0.4134 0.0527
160      160   (0)      3  : 0.9816 0.0000 0.0000 0.0184 0.0000 0.0000 0.0000
161      161   (0)      4  : 0.0000 0.0000 0.0000 0.3144 0.0000 0.0013 0.6842
162      162   (0)      4  : 0.0000 0.0000 0.0000 0.9066 0.0000 0.0000 0.0933
163      163   (0)      4  : 0.0000 0.0000 1.0000 0.0000 0.0000 0.0000 0.0000
164      164   (0)      4  : 0.8811 0.0000 0.0003 0.0000 0.0000 0.0000 0.1186
165      165   (0)      4  : 0.0000 0.0000 1.0000 0.0000 0.0000 0.0000 0.0000
166      166   (0)      4  : 0.0000 0.0000 1.0000 0.0000 0.0000 0.0000 0.0000
167      167   (0)      4  : 0.0023 0.0000 0.0000 0.7214 0.0000 0.1478 0.1285
168      168   (0)      4  : 0.0156 0.0000 0.0000 0.9227 0.0000 0.0616 0.0000
169      169   (0)      4  : 0.0204 0.0000 0.0000 0.6320 0.0000 0.0589 0.2888
170      170   (0)      4  : 0.0000 0.0000 0.0000 0.7114 0.0000 0.2829 0.0058
171      171   (0)      4  : 0.0030 0.0000 0.0000 0.8127 0.0000 0.1663 0.0180
172      172   (0)      4  : 0.0172 0.0000 0.0000 0.8244 0.0000 0.0513 0.1071
173      173   (0)      4  : 0.0132 0.0000 0.0000 0.8547 0.0000 0.0135 0.1186
174      174   (0)      4  : 0.9693 0.0000 0.0000 0.0167 0.0000 0.0000 0.0140
175      175   (0)      4  : 0.0054 0.0000 0.0000 0.7891 0.0000 0.0544 0.1511
176      176   (0)      4  : 0.0000 0.0000 1.0000 0.0000 0.0000 0.0000 0.0000
177      177   (0)      4  : 0.0360 0.0000 0.0010 0.8065 0.0000 0.0000 0.1565
178      178   (0)      4  : 0.0000 0.0000 1.0000 0.0000 0.0000 0.0000 0.0000
179      179   (0)      4  : 0.0000 0.0000 1.0000 0.0000 0.0000 0.0000 0.0000
180      180   (0)      4  : 0.0000 0.0000 0.0169 0.6204 0.0000 0.0000 0.3627
181      181   (0)      4  : 0.0055 0.0000 0.0008 0.7236 0.0000 0.1091 0.1610
182      182   (0)      4  : 0.0000 0.0000 0.0000 0.9586 0.0000 0.0370 0.0044
183      183   (0)      4  : 0.9852 0.0000 0.0000 0.0000 0.0000 0.0148 0.0000
184      184   (0)      4  : 0.8893 0.0000 0.0000 0.0064 0.0000 0.0216 0.0827
185      185   (0)      4  : 0.0000 0.0000 1.0000 0.0000 0.0000 0.0000 0.0000
186      186   (0)      4  : 0.0000 0.0000 0.0000 0.5498 0.0000 0.4399 0.0103
187      187   (0)      4  : 0.0340 0.0000 0.0000 0.6749 0.0000 0.1402 0.1509
188      188   (0)      4  : 0.0000 0.0000 1.0000 0.0000 0.0000 0.0000 0.0000
189      189   (0)      4  : 0.0160 0.0000 0.0000 0.6818 0.0000 0.3022 0.0000
190      190   (0)      4  : 0.8127 0.0000 0.0000 0.0000 0.0000 0.0000 0.1873
191      191   (0)      4  : 0.1782 0.0000 0.1194 0.1979 0.0403 0.0351 0.4291
192      192   (0)      4  : 0.0081 0.0000 0.0001 0.6584 0.0000 0.1181 0.2152
193      193   (0)      4  : 0.0223 0.0000 0.0133 0.7753 0.0000 0.0906 0.0985
194      194   (0)      4  : 0.0077 0.0000 0.0106 0.6344 0.0000 0.1165 0.2309
195      195   (0)      4  : 0.0075 0.0000 0.0000 0.5086 0.0000 0.0000 0.4839
196      196   (0)      4  : 0.0024 0.0000 0.0000 0.6952 0.0000 0.0444 0.2580
197      197   (0)      4  : 0.0091 0.0000 0.0000 0.5911 0.0000 0.2827 0.1170
198      198   (0)      4  : 0.0000 0.0000 0.0000 0.5650 0.0000 0.2118 0.2232
199      199   (0)      4  : 0.0053 0.0000 0.0038 0.7792 0.0000 0.0000 0.2117
200      200   (0)      4  : 0.8170 0.0000 0.0000 0.0367 0.0000 0.0251 0.1211
201      201   (0)      4  : 0.0000 0.0000 0.0000 0.4722 0.0000 0.0071 0.5207
202      202   (0)      4  : 0.0000 0.0000 0.0071 0.9929 0.0000 0.0000 0.0000
203      203   (0)      4  : 0.0041 0.0000 0.0049 0.8868 0.0000 0.0865 0.0178
204      204   (0)      4  : 0.0122 0.0000 0.0169 0.8378 0.0000 0.1331 0.0000
205      205   (0)      4  : 0.0204 0.0000 0.0000 0.8408 0.0030 0.1358 0.0000
206      206   (0)      4  : 0.0000 0.0000 0.0000 0.4819 0.0000 0.0000 0.5181
207      207   (0)      4  : 0.0000 0.0000 0.0000 0.6704 0.0000 0.2230 0.1066
208      208   (0)      4  : 0.7653 0.0000 0.0000 0.0760 0.0000 0.0000 0.1588
209      209   (0)      4  : 0.0050 0.0000 0.0000 0.5806 0.0000 0.0046 0.4098
210      210   (0)      4  : 0.0056 0.0000 0.0000 0.5565 0.0000 0.0000 0.4379
211      211   (0)      4  : 0.0054 0.0000 0.0010 0.7093 0.0000 0.1738 0.1104
212      212   (0)      4  : 0.8307 0.0000 0.0000 0.0000 0.0000 0.0000 0.1693
213      213   (0)      4  : 0.0000 0.0000 0.0000 0.6082 0.0019 0.3730 0.0169
214      214   (0)      4  : 0.0090 0.0000 0.0198 0.7880 0.0000 0.0611 0.1222
215      215   (0)      4  : 0.4150 0.0000 0.0041 0.2066 0.0000 0.0000 0.3743
216      216   (0)      4  : 0.0000 0.0000 0.0000 0.6545 0.0000 0.3333 0.0121
217      217   (0)      4  : 0.0000 0.0000 1.0000 0.0000 0.0000 0.0000 0.0000
218      218   (0)      4  : 0.0403 0.0000 0.0039 0.5524 0.0041 0.2120 0.1872
219      219   (0)      4  : 0.0000 0.0000 0.0000 0.5568 0.0000 0.4248 0.0184
220      220   (0)      5  : 0.0000 0.9689 0.0055 0.0000 0.0256 0.0000 0.0000
221      221   (0)      5  : 0.0000 1.0000 0.0000 0.0000 0.0000 0.0000 0.0000
222      222   (0)      6  : 0.0000 1.0000 0.0000 0.0000 0.0000 0.0000 0.0000
223      223   (0)      6  : 0.0000 1.0000 0.0000 0.0000 0.0000 0.0000 0.0000
224      224   (0)      6  : 0.0000 0.9951 0.0000 0.0000 0.0008 0.0041 0.0000
225      225   (0)      6  : 0.0000 0.9596 0.0000 0.0000 0.0404 0.0000 0.0000
226      226   (0)      6  : 0.0000 0.9689 0.0000 0.0000 0.0217 0.0094 0.0000
227      227   (0)      6  : 0.0000 0.9983 0.0000 0.0000 0.0000 0.0017 0.0000
228      228   (0)      6  : 0.0000 0.9321 0.0000 0.0000 0.0602 0.0077 0.0000
229      229   (0)      6  : 0.0000 1.0000 0.0000 0.0000 0.0000 0.0000 0.0000
230      230   (0)      6  : 0.0000 0.9946 0.0000 0.0000 0.0004 0.0050 0.0000
231      231   (0)      6  : 0.0000 0.9544 0.0000 0.0000 0.0456 0.0000 0.0000
232      232   (0)      6  : 0.0000 0.9701 0.0000 0.0000 0.0299 0.0000 0.0000
233      233   (0)      6  : 0.0000 0.9705 0.0000 0.0000 0.0225 0.0070 0.0000
234      234   (0)      6  : 0.0000 0.9816 0.0000 0.0000 0.0184 0.0000 0.0000
235      235   (0)      6  : 0.0000 0.9477 0.0095 0.0000 0.0428 0.0001 0.0000
236      236   (0)      6  : 0.0000 0.9895 0.0000 0.0000 0.0105 0.0000 0.0000
237      237   (0)      6  : 0.0000 0.9905 0.0000 0.0000 0.0056 0.0039 0.0000
238      238   (0)      6  : 0.0000 0.9928 0.0072 0.0000 0.0000 0.0000 0.0000
239      239   (0)      6  : 0.0000 0.9764 0.0084 0.0000 0.0152 0.0000 0.0000
240      240   (0)      6  : 0.0000 0.9661 0.0056 0.0000 0.0282 0.0000 0.0000
241      241   (0)      6  : 0.0000 0.9948 0.0000 0.0000 0.0052 0.0000 0.0000
242      242   (0)      6  : 0.0000 0.9901 0.0000 0.0000 0.0040 0.0059 0.0000
243      243   (0)      6  : 0.0000 0.9157 0.0000 0.0000 0.0799 0.0044 0.0000
244      244   (0)      6  : 0.0000 0.9954 0.0000 0.0000 0.0046 0.0000 0.0000
245      245   (0)      6  : 0.0000 0.9688 0.0000 0.0000 0.0312 0.0000 0.0000
246      246   (0)      6  : 0.0000 1.0000 0.0000 0.0000 0.0000 0.0000 0.0000
247      247   (0)      6  : 0.0000 0.9986 0.0000 0.0000 0.0000 0.0014 0.0000
248      248   (0)      6  : 0.0000 0.9893 0.0000 0.0000 0.0048 0.0059 0.0000
249      249   (0)      7  : 0.0000 0.9984 0.0000 0.0000 0.0000 0.0016 0.0000
250      250   (0)      7  : 0.0000 1.0000 0.0000 0.0000 0.0000 0.0000 0.0000
251      251   (0)      7  : 0.0000 1.0000 0.0000 0.0000 0.0000 0.0000 0.0000
252      252   (0)      7  : 0.0000 1.0000 0.0000 0.0000 0.0000 0.0000 0.0000
253      253   (0)      7  : 0.0000 1.0000 0.0000 0.0000 0.0000 0.0000 0.0000
254      254   (0)      7  : 0.0000 0.9772 0.0000 0.0000 0.0228 0.0000 0.0000
255      255   (0)      7  : 0.0000 0.9925 0.0000 0.0000 0.0075 0.0000 0.0000
256      256   (0)      7  : 0.0000 1.0000 0.0000 0.0000 0.0000 0.0000 0.0000
257      257   (0)      7  : 0.0000 1.0000 0.0000 0.0000 0.0000 0.0000 0.0000
258      258   (0)      7  : 0.0000 0.9939 0.0021 0.0000 0.0000 0.0040 0.0000
259      259   (0)      7  : 0.0000 0.9953 0.0000 0.0000 0.0000 0.0047 0.0000
260      260   (0)      7  : 0.0000 1.0000 0.0000 0.0000 0.0000 0.0000 0.0000
261      261   (0)      7  : 0.0000 0.9882 0.0000 0.0000 0.0111 0.0007 0.0000
262      262   (0)      7  : 0.0000 1.0000 0.0000 0.0000 0.0000 0.0000 0.0000
263      263   (0)      7  : 0.0000 0.9787 0.0000 0.0000 0.0213 0.0000 0.0000
264      264   (0)      7  : 0.0000 0.9904 0.0000 0.0000 0.0096 0.0000 0.0000
265      265   (0)      7  : 0.0000 0.9986 0.0014 0.0000 0.0000 0.0000 0.0000
266      266   (0)      7  : 0.0000 0.9652 0.0000 0.0000 0.0261 0.0087 0.0000
267      267   (0)      7  : 0.0000 0.9529 0.0093 0.0000 0.0378 0.0000 0.0000
268      268   (0)      7  : 0.0000 1.0000 0.0000 0.0000 0.0000 0.0000 0.0000
269      269   (0)      7  : 0.0000 0.9702 0.0000 0.0000 0.0297 0.0000 0.0000
270      270   (0)      7  : 0.0000 0.9714 0.0000 0.0000 0.0286 0.0000 0.0000
271      271   (0)      7  : 0.0000 0.9991 0.0000 0.0000 0.0000 0.0009 0.0000
272      272   (0)      7  : 0.0000 0.9998 0.0000 0.0000 0.0002 0.0000 0.0000
273      273   (0)      7  : 0.0000 0.9881 0.0000 0.0000 0.0053 0.0066 0.0000
274      274   (0)      7  : 0.0000 0.9619 0.0000 0.0000 0.0299 0.0082 0.0000
275      275   (0)      7  : 0.0000 0.9727 0.0107 0.0036 0.0036 0.0000 0.0094
276      276   (0)      7  : 0.0000 0.9955 0.0000 0.0000 0.0045 0.0000 0.0000
277      277   (0)      7  : 0.0000 0.9975 0.0000 0.0000 0.0000 0.0025 0.0000
278      278   (0)      7  : 0.0000 0.9943 0.0000 0.0000 0.0057 0.0000 0.0000
279      279   (0)      8  : 0.0000 0.9978 0.0000 0.0000 0.0000 0.0022 0.0000
280      280   (0)      8  : 0.0000 0.9940 0.0000 0.0000 0.0036 0.0024 0.0000
281      281   (0)      8  : 0.0000 0.9902 0.0000 0.0000 0.0000 0.0098 0.0000
282      282   (0)      8  : 0.0000 0.9920 0.0025 0.0000 0.0004 0.0051 0.0000
283      283   (0)      8  : 0.0000 0.9623 0.0089 0.0000 0.0224 0.0064 0.0000
284      284   (0)      8  : 0.0000 1.0000 0.0000 0.0000 0.0000 0.0000 0.0000
285      285   (0)      8  : 0.0000 0.9978 0.0000 0.0000 0.0000 0.0022 0.0000
286      286   (0)      8  : 0.0000 0.9951 0.0000 0.0000 0.0049 0.0000 0.0000
287      287   (0)      8  : 0.0000 1.0000 0.0000 0.0000 0.0000 0.0000 0.0000
288      288   (0)      8  : 0.0000 0.9506 0.0000 0.0000 0.0494 0.0000 0.0000
289      289   (0)      8  : 0.0000 0.9649 0.0124 0.0000 0.0205 0.0021 0.0000
290      290   (0)      5  : 0.0000 0.9872 0.0042 0.0000 0.0086 0.0000 0.0000
291      291   (0)      5  : 0.0000 1.0000 0.0000 0.0000 0.0000 0.0000 0.0000
292      292   (0)      5  : 0.0000 0.9841 0.0000 0.0000 0.0092 0.0068 0.0000
293      293   (0)      5  : 0.0000 0.9664 0.0000 0.0000 0.0188 0.0147 0.0000
294      294   (0)      5  : 0.0000 0.9862 0.0000 0.0000 0.0138 0.0000 0.0000
295      295   (0)      5  : 0.0000 0.9992 0.0008 0.0000 0.0000 0.0000 0.0000
296      296   (0)      5  : 0.0000 0.9481 0.0104 0.0000 0.0390 0.0025 0.0000
297      297   (0)      5  : 0.0000 0.9346 0.0198 0.0000 0.0456 0.0000 0.0000
298      298   (0)      5  : 0.0000 1.0000 0.0000 0.0000 0.0000 0.0000 0.0000
299      299   (0)      5  : 0.0000 0.9921 0.0000 0.0000 0.0079 0.0000 0.0000
300      300   (0)      5  : 0.0000 0.9977 0.0000 0.0000 0.0023 0.0000 0.0000
301      301   (0)      5  : 0.0000 0.9908 0.0000 0.0000 0.0092 0.0000 0.0000
302      302   (0)      5  : 0.0000 1.0000 0.0000 0.0000 0.0000 0.0000 0.0000
303      303   (0)      5  : 0.0000 1.0000 0.0000 0.0000 0.0000 0.0000 0.0000
304      304   (0)      5  : 0.0000 0.9952 0.0000 0.0000 0.0048 0.0000 0.0000
305      305   (0)      5  : 0.0000 0.9811 0.0059 0.0000 0.0071 0.0059 0.0000
306      306   (0)      5  : 0.0000 1.0000 0.0000 0.0000 0.0000 0.0000 0.0000
307      307   (0)      5  : 0.0000 0.9367 0.0000 0.0000 0.0633 0.0000 0.0000
308      308   (0)      5  : 0.0000 0.9556 0.0000 0.0000 0.0382 0.0062 0.0000
309      309   (0)      5  : 0.0000 0.9869 0.0000 0.0000 0.0073 0.0058 0.0000
310      310   (0)      5  : 0.0000 0.9777 0.0000 0.0000 0.0223 0.0000 0.0000
311      311   (0)      5  : 0.0000 0.9765 0.0000 0.0000 0.0139 0.0096 0.0000
312      312   (0)      5  : 0.0000 0.9595 0.0000 0.0000 0.0282 0.0122 0.0000
313      313   (0)      5  : 0.0000 0.9838 0.0000 0.0000 0.0162 0.0000 0.0000
314      314   (0)      5  : 0.0000 0.9779 0.0000 0.0000 0.0221 0.0000 0.0000
315      315   (0)      5  : 0.0000 0.9861 0.0000 0.0000 0.0079 0.0060 0.0000
316      316   (0)      5  : 0.0000 0.9894 0.0000 0.0000 0.0069 0.0037 0.0000
317      317   (0)      5  : 0.0000 1.0000 0.0000 0.0000 0.0000 0.0000 0.0000
318      318   (0)      8  : 0.0000 0.9971 0.0029 0.0000 0.0000 0.0000 0.0000
319      319   (0)      8  : 0.0000 0.9991 0.0000 0.0000 0.0000 0.0009 0.0000
320      320   (0)      9  : 0.0000 0.9971 0.0000 0.0000 0.0000 0.0029 0.0000
321      321   (0)      9  : 0.0000 0.9754 0.0181 0.0000 0.0000 0.0065 0.0000
322      322   (0)      9  : 0.0000 1.0000 0.0000 0.0000 0.0000 0.0000 0.0000
323      323   (0)      9  : 0.0000 0.9930 0.0000 0.0000 0.0070 0.0000 0.0000
324      324   (0)      9  : 0.0000 1.0000 0.0000 0.0000 0.0000 0.0000 0.0000
325      325   (0)      8  : 0.0000 0.9999 0.0000 0.0000 0.0001 0.0000 0.0000
326      326   (0)      8  : 0.0000 1.0000 0.0000 0.0000 0.0000 0.0000 0.0000
327      327   (0)      8  : 0.0000 1.0000 0.0000 0.0000 0.0000 0.0000 0.0000
328      328   (0)      8  : 0.0000 1.0000 0.0000 0.0000 0.0000 0.0000 0.0000
329      329   (0)      8  : 0.0000 1.0000 0.0000 0.0000 0.0000 0.0000 0.0000
330      330   (0)      9  : 0.0000 0.9718 0.0000 0.0000 0.0267 0.0015 0.0000
331      331   (0)      9  : 0.0000 1.0000 0.0000 0.0000 0.0000 0.0000 0.0000
332      332   (0)      9  : 0.0000 0.9955 0.0000 0.0000 0.0010 0.0036 0.0000
333      333   (0)      9  : 0.0000 1.0000 0.0000 0.0000 0.0000 0.0000 0.0000
334      334   (0)      9  : 0.0000 0.9973 0.0000 0.0000 0.0000 0.0027 0.0000
335      335   (0)      9  : 0.0000 0.9973 0.0000 0.0000 0.0000 0.0027 0.0000
336      336   (0)      8  : 0.0000 0.9964 0.0000 0.0000 0.0000 0.0036 0.0000
337      337   (0)      8  : 0.0000 0.9861 0.0000 0.0000 0.0074 0.0065 0.0000
338      338   (0)      8  : 0.0000 0.9974 0.0002 0.0000 0.0004 0.0020 0.0000
339      339   (0)      8  : 0.0000 0.9955 0.0000 0.0000 0.0000 0.0045 0.0000
340      340   (0)      8  : 0.0000 1.0000 0.0000 0.0000 0.0000 0.0000 0.0000
341      341   (0)      8  : 0.0000 0.9280 0.0018 0.0000 0.0678 0.0023 0.0000
342      342   (0)      8  : 0.0000 1.0000 0.0000 0.0000 0.0000 0.0000 0.0000
343      343   (0)      9  : 0.0000 0.9966 0.0000 0.0000 0.0000 0.0034 0.0000
344      344   (0)      9  : 0.0000 1.0000 0.0000 0.0000 0.0000 0.0000 0.0000
345      345   (0)      9  : 0.0000 1.0000 0.0000 0.0000 0.0000 0.0000 0.0000
346      346   (0)      9  : 0.0000 0.9867 0.0000 0.0000 0.0133 0.0000 0.0000
347      347   (0)      9  : 0.0000 0.9782 0.0000 0.0000 0.0218 0.0000 0.0000
348      348   (0)      9  : 0.0000 0.9619 0.0000 0.0000 0.0254 0.0127 0.0000
349      349   (0)      9  : 0.0000 0.9193 0.0000 0.0000 0.0588 0.0219 0.0000
350      350   (0)      9  : 0.0000 0.9922 0.0000 0.0000 0.0078 0.0000 0.0000
351      351   (0)      9  : 0.0000 0.9636 0.0000 0.0000 0.0364 0.0000 0.0000
352      352   (0)      9  : 0.0000 0.9718 0.0000 0.0000 0.0282 0.0000 0.0000
353      353   (0)      9  : 0.0000 0.9690 0.0000 0.0000 0.0310 0.0000 0.0000
354      354   (0)      9  : 0.0000 1.0000 0.0000 0.0000 0.0000 0.0000 0.0000
355      355   (0)      9  : 0.0000 0.9951 0.0000 0.0000 0.0003 0.0046 0.0000
356      356   (0)      9  : 0.0000 0.9759 0.0000 0.0000 0.0230 0.0012 0.0000
357      357   (0)      9  : 0.0000 0.9965 0.0035 0.0000 0.0000 0.0000 0.0000
358      358   (0)      9  : 0.0000 0.9601 0.0000 0.0000 0.0399 0.0000 0.0000
359      359   (0)      9  : 0.0000 0.9864 0.0000 0.0000 0.0136 0.0000 0.0000
360      360   (0)      9  : 0.0000 1.0000 0.0000 0.0000 0.0000 0.0000 0.0000
361      361   (0)      9  : 0.0000 0.9992 0.0000 0.0000 0.0000 0.0008 0.0000
362      362   (0)     10  : 0.0000 0.9969 0.0000 0.0000 0.0000 0.0031 0.0000
363      363   (0)     10  : 0.0000 0.9940 0.0000 0.0000 0.0000 0.0060 0.0000
364      364   (0)     10  : 0.0000 1.0000 0.0000 0.0000 0.0000 0.0000 0.0000
365      365   (0)     10  : 0.0000 0.9886 0.0114 0.0000 0.0000 0.0000 0.0000
366      366   (0)     10  : 0.0000 0.9921 0.0079 0.0000 0.0000 0.0000 0.0000
367      367   (0)     10  : 0.0000 0.9749 0.0000 0.0000 0.0251 0.0000 0.0000
368      368   (0)     10  : 0.0000 1.0000 0.0000 0.0000 0.0000 0.0000 0.0000
369      369   (0)     10  : 0.0000 0.9998 0.0000 0.0000 0.0002 0.0000 0.0000
370      370   (0)     10  : 0.0000 0.9425 0.0067 0.0000 0.0508 0.0000 0.0000
371      371   (0)     10  : 0.0000 0.9840 0.0000 0.0000 0.0160 0.0000 0.0000
372      372   (0)     10  : 0.0000 0.9962 0.0000 0.0000 0.0038 0.0000 0.0000
373      373   (0)     10  : 0.0000 1.0000 0.0000 0.0000 0.0000 0.0000 0.0000
374      374   (0)     10  : 0.0000 0.9975 0.0000 0.0000 0.0025 0.0000 0.0000
375      375   (0)     10  : 0.0000 1.0000 0.0000 0.0000 0.0000 0.0000 0.0000
376      376   (0)     10  : 0.0000 0.9914 0.0000 0.0000 0.0000 0.0086 0.0000
377      377   (0)     10  : 0.0000 0.9663 0.0000 0.0000 0.0218 0.0119 0.0000
378      378   (0)     10  : 0.0000 0.9912 0.0000 0.0030 0.0000 0.0031 0.0027
379      379   (0)     10  : 0.0000 0.9470 0.0000 0.0000 0.0530 0.0000 0.0000
380      380   (0)     10  : 0.0000 0.9954 0.0000 0.0000 0.0046 0.0000 0.0000
381      381   (0)     10  : 0.0000 0.9897 0.0000 0.0000 0.0103 0.0000 0.0000
382      382   (0)     10  : 0.0000 1.0000 0.0000 0.0000 0.0000 0.0000 0.0000
383      383   (0)     10  : 0.0000 0.9369 0.0003 0.0000 0.0574 0.0054 0.0000
384      384   (0)     10  : 0.0000 0.9933 0.0067 0.0000 0.0000 0.0000 0.0000
385      385   (0)     10  : 0.0000 1.0000 0.0000 0.0000 0.0000 0.0000 0.0000
386      386   (0)     10  : 0.0000 0.9712 0.0000 0.0000 0.0279 0.0008 0.0000
387      387   (0)     10  : 0.0000 0.9826 0.0174 0.0000 0.0000 0.0000 0.0000
388      388   (0)     10  : 0.0000 0.9884 0.0000 0.0000 0.0116 0.0000 0.0000
389      389   (0)     10  : 0.0000 1.0000 0.0000 0.0000 0.0000 0.0000 0.0000
390      390   (0)      8  : 0.0000 0.9572 0.0000 0.0000 0.0428 0.0000 0.0000
391      391   (0)      8  : 0.0000 0.9895 0.0105 0.0000 0.0000 0.0000 0.0000
392      392   (0)      8  : 0.0000 0.9599 0.0000 0.0000 0.0377 0.0024 0.0000
393      393   (0)     11  : 0.0000 0.9888 0.0000 0.0000 0.0112 0.0000 0.0000
394      394   (0)     11  : 0.0000 0.9997 0.0000 0.0000 0.0000 0.0003 0.0000
395      395   (0)     11  : 0.0150 0.9517 0.0000 0.0000 0.0114 0.0129 0.0091
396      396   (0)     11  : 0.0459 0.9101 0.0000 0.0000 0.0436 0.0000 0.0005
397      397   (0)     11  : 0.0000 0.9884 0.0099 0.0000 0.0000 0.0017 0.0000
398      398   (0)     11  : 0.0000 1.0000 0.0000 0.0000 0.0000 0.0000 0.0000
399      399   (0)     11  : 0.0006 0.9982 0.0000 0.0000 0.0000 0.0000 0.0012
400      400   (0)     11  : 0.0000 0.9913 0.0087 0.0000 0.0000 0.0000 0.0000
401      401   (0)     11  : 0.0120 0.9812 0.0000 0.0000 0.0000 0.0000 0.0068
402      402   (0)     11  : 0.0000 1.0000 0.0000 0.0000 0.0000 0.0000 0.0000
403      403   (0)     11  : 0.0000 0.9972 0.0000 0.0000 0.0000 0.0028 0.0000
404      404   (0)     11  : 0.0000 0.9753 0.0000 0.0000 0.0247 0.0000 0.0000
405      405   (0)     11  : 0.0070 0.8892 0.0000 0.0000 0.0980 0.0017 0.0041
406      406   (0)     11  : 0.0046 0.9917 0.0000 0.0000 0.0000 0.0036 0.0000
407      407   (0)     11  : 0.0000 0.9962 0.0000 0.0000 0.0000 0.0038 0.0000
408      408   (0)     11  : 0.0000 0.9950 0.0000 0.0000 0.0050 0.0000 0.0000
409      409   (0)     11  : 0.0001 0.9565 0.0064 0.0030 0.0210 0.0100 0.0030
410      410   (0)     11  : 0.0000 0.9961 0.0000 0.0005 0.0000 0.0034 0.0000
411      411   (0)     11  : 0.0000 1.0000 0.0000 0.0000 0.0000 0.0000 0.0000
412      412   (0)     11  : 0.0000 0.9960 0.0000 0.0000 0.0000 0.0040 0.0000
413      413   (0)     11  : 0.0000 0.9606 0.0000 0.0000 0.0394 0.0000 0.0000
414      414   (0)     11  : 0.0000 1.0000 0.0000 0.0000 0.0000 0.0000 0.0000
415      415   (0)     11  : 0.0000 0.9937 0.0000 0.0000 0.0000 0.0063 0.0000
416      416   (0)     11  : 0.0000 0.9648 0.0000 0.0000 0.0233 0.0119 0.0000
417      417   (0)     11  : 0.0000 1.0000 0.0000 0.0000 0.0000 0.0000 0.0000
418      418   (0)     11  : 0.0124 0.9485 0.0000 0.0000 0.0325 0.0000 0.0066
419      419   (0)     11  : 0.0000 0.9795 0.0000 0.0000 0.0205 0.0000 0.0000
420      420   (0)     11  : 0.0000 0.9983 0.0000 0.0000 0.0000 0.0017 0.0000
421      421   (0)     11  : 0.0000 0.9730 0.0072 0.0000 0.0156 0.0043 0.0000
422      422   (0)     11  : 0.0000 0.9888 0.0000 0.0000 0.0112 0.0000 0.0000
423      423   (0)     12  : 0.8279 0.0000 0.0000 0.0000 0.0000 0.0001 0.1720
424      424   (0)     12  : 0.0000 0.1494 0.0000 0.0000 0.8188 0.0319 0.0000
425      425   (0)     12  : 0.8040 0.0000 0.0000 0.0000 0.0000 0.0138 0.1822
426      426   (0)     12  : 0.0000 0.0068 0.0000 0.0000 0.8471 0.1460 0.0000
427      427   (0)     12  : 0.8157 0.0000 0.0000 0.0221 0.0000 0.0000 0.1622
428      428   (0)     12  : 0.9164 0.0000 0.0000 0.0117 0.0137 0.0090 0.0492
429      429   (0)     12  : 0.0000 0.0000 0.0659 0.0000 0.6008 0.3333 0.0000
430      430   (0)     12  : 0.6384 0.0000 0.0000 0.0000 0.0000 0.0000 0.3616
431      431   (0)     12  : 0.6225 0.0000 0.0011 0.0011 0.0000 0.0420 0.3333
432      432   (0)     12  : 0.0000 0.0787 0.0000 0.0000 0.9116 0.0097 0.0000
433      433   (0)     12  : 0.7280 0.0000 0.0000 0.0000 0.0112 0.0038 0.2571
434      434   (0)     12  : 0.7938 0.0000 0.0000 0.0000 0.0000 0.0000 0.2062
435      435   (0)     12  : 0.5782 0.0000 0.0013 0.0000 0.0037 0.0835 0.3333
436      436   (0)     12  : 0.6269 0.0000 0.0016 0.0000 0.0000 0.0155 0.3560
437      437   (0)     12  : 0.7346 0.0000 0.0000 0.0000 0.0242 0.0183 0.2229
438      438   (0)     12  : 0.7929 0.0000 0.0000 0.0000 0.0000 0.0000 0.2071
439      439   (0)     12  : 0.0000 0.0608 0.0000 0.0000 0.9392 0.0000 0.0000
440      440   (0)     12  : 0.0000 0.0491 0.0000 0.0000 0.9430 0.0079 0.0000
441      441   (0)     12  : 0.7788 0.0000 0.0000 0.0000 0.0000 0.0119 0.2093
442      442   (0)     12  : 0.0000 0.0000 0.0264 0.0000 0.7954 0.1783 0.0000
443      443   (0)     12  : 0.8281 0.0000 0.0000 0.0000 0.0000 0.0001 0.1719
444      444   (0)     12  : 0.6400 0.0000 0.0000 0.0110 0.0000 0.0156 0.3333
445      445   (0)     12  : 0.7913 0.0000 0.0000 0.0145 0.0000 0.0000 0.1942
446      446   (0)     12  : 0.8803 0.0000 0.0000 0.0000 0.0000 0.0000 0.1197
447      447   (0)     12  : 0.7395 0.0000 0.0000 0.0000 0.0000 0.0371 0.2234
448      448   (0)     12  : 0.7730 0.0000 0.0000 0.0000 0.0000 0.0000 0.2270
449      449   (0)     12  : 0.7987 0.0000 0.0000 0.0000 0.0000 0.0257 0.1756
450      450   (0)     12  : 0.7606 0.0000 0.0000 0.0070 0.0000 0.0000 0.2324
451      451   (0)     12  : 0.8184 0.0000 0.0000 0.0089 0.0000 0.0127 0.1599
452      452   (0)     12  : 0.7722 0.0000 0.0000 0.0117 0.0023 0.0000 0.2138
453      453   (0)     13  : 0.9045 0.0000 0.0000 0.0033 0.0000 0.0000 0.0923
454      454   (0)     13  : 0.8819 0.0000 0.0092 0.0031 0.0000 0.0044 0.1015
455      455   (0)     13  : 0.8017 0.0000 0.0000 0.0000 0.0000 0.0000 0.1983
456      456   (0)     13  : 0.0000 0.0505 0.0000 0.0000 0.9319 0.0175 0.0000
457      457   (0)     13  : 0.7274 0.0000 0.0000 0.0134 0.0001 0.0140 0.2452
458      458   (0)     13  : 0.8001 0.0000 0.0000 0.0000 0.0000 0.0112 0.1887
459      459   (0)     13  : 0.8403 0.0000 0.0000 0.0000 0.0000 0.0000 0.1597
460      460   (0)     13  : 0.8110 0.0000 0.0000 0.0000 0.0000 0.0083 0.1808
461      461   (0)     13  : 0.9988 0.0000 0.0000 0.0000 0.0000 0.0000 0.0012
462      462   (0)     13  : 0.9589 0.0000 0.0000 0.0022 0.0000 0.0000 0.0389
463      463   (0)     13  : 0.8292 0.0000 0.0001 0.0161 0.0000 0.0194 0.1352
464      464   (0)     13  : 0.0000 0.0000 0.0051 0.6380 0.0000 0.3429 0.0139
465      465   (0)     13  : 0.9657 0.0000 0.0019 0.0000 0.0082 0.0242 0.0000
466      466   (0)     13  : 0.8113 0.0000 0.0032 0.0022 0.0000 0.0000 0.1833
467      467   (0)     13  : 0.8113 0.0000 0.0001 0.0230 0.0000 0.0000 0.1656
468      468   (0)     13  : 0.0338 0.0000 0.0000 0.6524 0.0000 0.0614 0.2524
469      469   (0)     13  : 0.0000 0.0000 0.0000 0.9485 0.0000 0.0513 0.0002
470      470   (0)     13  : 0.7198 0.0000 0.0000 0.0107 0.0000 0.0237 0.2458
471      471   (0)     13  : 0.7950 0.0292 0.0000 0.0030 0.0000 0.0247 0.1480
472      472   (0)     13  : 0.7547 0.0000 0.0000 0.0000 0.0000 0.0000 0.2453
473      473   (0)     13  : 0.0349 0.1475 0.0000 0.0000 0.7944 0.0045 0.0186
474      474   (0)     13  : 0.8536 0.0000 0.0000 0.0143 0.0000 0.0000 0.1321
475      475   (0)     13  : 0.8045 0.0000 0.0000 0.0005 0.0000 0.0049 0.1901
476      476   (0)     13  : 0.0000 0.0019 0.0000 0.0000 0.9783 0.0198 0.0000
477      477   (0)     13  : 0.7131 0.0000 0.0000 0.0352 0.0149 0.0051 0.2318
478      478   (0)     13  : 0.8049 0.0000 0.0156 0.0000 0.0038 0.0233 0.1524
479      479   (0)     13  : 0.8078 0.0000 0.0000 0.0087 0.0000 0.0000 0.1835
480      480   (0)     13  : 0.0000 0.0449 0.0000 0.0000 0.9184 0.0367 0.0000
481      481   (0)     13  : 0.0567 0.0000 0.0140 0.5241 0.0000 0.3551 0.0500
482      482   (0)     13  : 0.8240 0.0000 0.0000 0.0255 0.0000 0.0000 0.1506
483      483   (0)     14  : 0.7691 0.0000 0.0000 0.0067 0.0000 0.0000 0.2242
484      484   (0)     14  : 0.7955 0.0000 0.0000 0.0000 0.0000 0.0000 0.2045
485      485   (0)     15  : 0.7680 0.0000 0.0000 0.0001 0.0000 0.0168 0.2151
486      486   (0)     15  : 0.6532 0.0000 0.0000 0.0070 0.0000 0.0064 0.3333
487      487   (0)     15  : 0.6367 0.0000 0.0004 0.0145 0.0000 0.0151 0.3333
488      488   (0)     15  : 0.6554 0.0000 0.0040 0.0000 0.0000 0.0073 0.3333
489      489   (0)     15  : 0.0000 0.0953 0.0000 0.0000 0.9047 0.0000 0.0000
490      490   (0)     15  : 0.0000 0.0272 0.0000 0.0000 0.9584 0.0144 0.0000
491      491   (0)     15  : 0.8631 0.0000 0.0000 0.0033 0.0000 0.0134 0.1201
492      492   (0)     15  : 0.0000 0.0132 0.0000 0.0000 0.9868 0.0000 0.0000
493      493   (0)     15  : 0.8225 0.0000 0.0135 0.0000 0.0000 0.0288 0.1351
494      494   (0)     15  : 0.8088 0.0000 0.0000 0.0000 0.0000 0.0000 0.1912
495      495   (0)     15  : 0.8358 0.0000 0.0020 0.0000 0.0000 0.0151 0.1471
496      496   (0)     15  : 0.8241 0.0000 0.0067 0.0001 0.0000 0.0000 0.1691
497      497   (0)     15  : 0.9606 0.0000 0.0000 0.0000 0.0000 0.0394 0.0000
498      498   (0)     15  : 0.6971 0.0000 0.0000 0.0096 0.0000 0.0595 0.2338
499      499   (0)     15  : 0.7774 0.0000 0.0000 0.0106 0.0000 0.0000 0.2120
500      500   (0)     15  : 0.6456 0.0000 0.0000 0.0123 0.0000 0.0088 0.3333
501      501   (0)     15  : 0.6327 0.0000 0.0026 0.0138 0.0091 0.0000 0.3417
502      502   (0)     15  : 0.7809 0.0000 0.0000 0.0152 0.0000 0.0125 0.1913
503      503   (0)     15  : 0.8217 0.0000 0.0000 0.0000 0.0000 0.0005 0.1777
504      504   (0)     15  : 0.7514 0.0000 0.0000 0.0055 0.0000 0.0000 0.2431
505      505   (0)     15  : 0.9581 0.0000 0.0000 0.0000 0.0000 0.0387 0.0033
506      506   (0)     15  : 0.8911 0.0000 0.0000 0.0182 0.0000 0.0006 0.0901
507      507   (0)     15  : 0.9772 0.0000 0.0000 0.0000 0.0000 0.0082 0.0147
508      508   (0)     15  : 0.8619 0.0000 0.0000 0.0025 0.0000 0.0355 0.1001
509      509   (0)     15  : 0.0000 0.0348 0.0000 0.0000 0.9652 0.0000 0.0000
510      510   (0)     15  : 0.0000 0.0641 0.0000 0.0000 0.9359 0.0000 0.0000
511      511   (0)     15  : 0.7240 0.0218 0.0103 0.0101 0.0062 0.0152 0.2123
512      512   (0)     15  : 0.8923 0.0000 0.0000 0.0022 0.0000 0.0000 0.1055
513      513   (0)     15  : 0.8435 0.0000 0.0000 0.0006 0.0000 0.0203 0.1355
514      514   (0)     15  : 0.7236 0.0000 0.0000 0.0161 0.0000 0.0026 0.2577
515      515   (0)     16  : 0.0016 0.0000 0.0015 0.5617 0.0000 0.4111 0.0241
516      516   (0)     16  : 0.9731 0.0000 0.0046 0.0130 0.0000 0.0093 0.0000
517      517   (0)     16  : 0.0000 0.0829 0.0000 0.0000 0.8833 0.0338 0.0000
518      518   (0)     16  : 0.8145 0.0000 0.0165 0.0033 0.0003 0.0296 0.1358
519      519   (0)     16  : 0.8340 0.0000 0.0000 0.0124 0.0000 0.0160 0.1376
520      520   (0)     16  : 0.7501 0.0000 0.0000 0.0250 0.0000 0.0000 0.2249
521      521   (0)     16  : 0.9542 0.0000 0.0000 0.0000 0.0000 0.0458 0.0000
522      522   (0)     16  : 0.0000 0.0000 0.0370 0.0000 0.6297 0.3333 0.0000
523      523   (0)     16  : 0.8719 0.0000 0.0000 0.0145 0.0000 0.0000 0.1136
524      524   (0)     16  : 0.0000 0.0910 0.0000 0.0000 0.8773 0.0317 0.0000
525      525   (0)     16  : 0.7793 0.0000 0.0000 0.0000 0.0000 0.0104 0.2103
526      526   (0)     16  : 0.8140 0.0000 0.0026 0.0117 0.0000 0.0122 0.1594
527      527   (0)     16  : 0.0000 0.0445 0.0000 0.0000 0.9160 0.0395 0.0000
528      528   (0)     16  : 0.6125 0.0000 0.0000 0.0263 0.0000 0.0279 0.3333
529      529   (0)     16  : 0.7713 0.0000 0.0000 0.0025 0.0000 0.0000 0.2262
530      530   (0)     16  : 0.8066 0.0000 0.0000 0.0164 0.0000 0.0596 0.1173
531      531   (0)     16  : 1.0000 0.0000 0.0000 0.0000 0.0000 0.0000 0.0000
532      532   (0)     16  : 0.0000 0.0000 0.0403 0.0000 0.6264 0.3333 0.0000
533      533   (0)     16  : 0.0000 0.0000 0.0519 0.0000 0.6148 0.3333 0.0000
534      534   (0)     16  : 0.8497 0.0000 0.0000 0.0087 0.0000 0.0211 0.1204
535      535   (0)     16  : 0.8879 0.0000 0.0000 0.0012 0.0000 0.0136 0.0972
536      536   (0)     16  : 0.6380 0.0000 0.0000 0.0111 0.0000 0.0175 0.3333
537      537   (0)     16  : 0.8568 0.0000 0.0000 0.0175 0.0008 0.0001 0.1247
538      538   (0)     16  : 0.8151 0.0000 0.0000 0.0000 0.0000 0.0000 0.1849
539      539   (0)     16  : 0.9728 0.0000 0.0000 0.0000 0.0000 0.0070 0.0202
540      540   (0)     16  : 0.8793 0.0000 0.0000 0.0113 0.0000 0.0000 0.1094
541      541   (0)     16  : 0.0000 0.0000 1.0000 0.0000 0.0000 0.0000 0.0000
542      542   (0)     16  : 0.8180 0.0000 0.0000 0.0363 0.0000 0.0000 0.1457
543      543   (0)     16  : 0.8332 0.0000 0.0000 0.0000 0.0000 0.0000 0.1668
544      544   (0)     16  : 0.9211 0.0000 0.0000 0.0000 0.0000 0.0005 0.0784
