  1        1   (0)      1 :  0.0000 0.0000 0.0011 0.0392 0.0000 0.0000 0.0000 0.0023 0.3930 0.0360 0.4709 0.0000 0.0107 0.0113 0.0045 0.0000 0.0011 0.0299 
  2        2   (0)      1 :  0.0000 0.0000 0.0000 0.2008 0.0206 0.0000 0.0000 0.0168 0.3559 0.0511 0.0446 0.0002 0.1367 0.0079 0.1395 0.0000 0.0260 0.0000 
  3        3   (0)      1 :  0.0000 0.0723 0.1538 0.0084 0.0000 0.5325 0.0000 0.2203 0.0008 0.0017 0.0066 0.0000 0.0000 0.0001 0.0036 0.0000 0.0000 0.0000 
  4        4   (0)      1 :  0.0000 0.0000 0.0000 0.0562 0.1150 0.0000 0.0000 0.0000 0.5345 0.0740 0.1139 0.0000 0.0812 0.0031 0.0058 0.0000 0.0163 0.0000 
  5        5   (0)      1 :  0.0000 0.0000 0.0000 0.0122 0.0087 0.0000 0.0000 0.0819 0.6878 0.0385 0.0000 0.0048 0.0112 0.0077 0.1403 0.0000 0.0070 0.0000 
  6        6   (0)      1 :  0.0000 0.0000 0.0000 0.1124 0.0000 0.2444 0.0000 0.0524 0.0131 0.0318 0.3622 0.0000 0.1308 0.0090 0.0066 0.0090 0.0000 0.0283 
  7        7   (0)      1 :  0.0000 0.0652 0.5720 0.0298 0.0071 0.0000 0.0000 0.0304 0.0384 0.0000 0.0000 0.0097 0.0000 0.0038 0.2436 0.0000 0.0000 0.0000 
  8        8   (0)      2 :  0.0000 0.0000 0.0000 0.0125 0.0051 0.0000 0.0000 0.0000 0.7568 0.0580 0.0041 0.0000 0.1038 0.0023 0.0156 0.0000 0.0418 0.0000 
  9        9   (0)      1 :  0.0000 0.0000 0.0069 0.0291 0.0000 0.0000 0.0000 0.0000 0.5554 0.1336 0.0000 0.0040 0.2259 0.0166 0.0099 0.0000 0.0186 0.0000 
 10       10   (0)      3 :  0.0000 0.0000 0.0000 0.1995 0.2937 0.0000 0.0000 0.0258 0.0000 0.0055 0.0856 0.0000 0.0061 0.3758 0.0000 0.0000 0.0080 0.0000 
 11       11   (0)      4 :  0.0000 0.0021 0.0000 0.0000 0.0314 0.0000 0.0020 0.9398 0.0060 0.0000 0.0000 0.0000 0.0000 0.0183 0.0000 0.0000 0.0000 0.0003 
 12       12   (0)      4 :  0.0000 0.0022 0.0000 0.1437 0.0887 0.0000 0.0003 0.0000 0.0146 0.1692 0.0659 0.0228 0.1093 0.2555 0.1234 0.0000 0.0043 0.0000 
 13       13   (0)      4 :  0.0000 0.0000 0.0000 0.0496 0.2594 0.0545 0.0019 0.0611 0.0689 0.0242 0.1757 0.0028 0.0000 0.1002 0.2017 0.0000 0.0000 0.0000 
 14       14   (0)      4 :  0.0000 0.0000 0.0000 0.0000 0.0000 0.0000 0.0000 0.9881 0.0119 0.0000 0.0000 0.0000 0.0000 0.0000 0.0000 0.0000 0.0000 0.0000 
 15       15   (0)      4 :  0.0000 0.0009 0.0000 0.2085 0.0053 0.0000 0.0006 0.0415 0.1753 0.0154 0.0000 0.0014 0.0183 0.4679 0.0498 0.0000 0.0145 0.0007 
 16       16   (0)      4 :  0.0000 0.0000 0.0611 0.0048 0.0000 0.6316 0.0000 0.0000 0.0000 0.0091 0.2857 0.0000 0.0000 0.0072 0.0005 0.0000 0.0000 0.0000 
 17       17   (0)      5 :  0.0000 0.0000 0.0000 0.1133 0.1244 0.0000 0.0027 0.0000 0.1250 0.1735 0.1307 0.0000 0.0105 0.1996 0.1073 0.0000 0.0129 0.0000 
 18       18   (0)      4 :  0.0000 0.0000 0.0000 0.1046 0.0819 0.0035 0.0000 0.0591 0.0120 0.0241 0.3548 0.0000 0.0020 0.3112 0.0313 0.0000 0.0154 0.0000 
 19       19   (0)      5 :  0.0000 0.0000 0.0000 0.2971 0.0505 0.0000 0.0000 0.0243 0.2043 0.0438 0.0127 0.0000 0.0270 0.3132 0.0271 0.0000 0.0000 0.0000 
 20       20   (0)      5 :  0.0000 0.0000 0.0000 0.1369 0.0946 0.0000 0.0000 0.0085 0.0009 0.0800 0.0000 0.0000 0.0354 0.5090 0.1346 0.0000 0.0000 0.0000 
 21       21   (0)      5 :  0.0000 0.0000 0.0000 0.0823 0.1889 0.0000 0.0000 0.0180 0.0000 0.0067 0.1021 0.0000 0.0000 0.5707 0.0094 0.0000 0.0219 0.0000 
 22       22   (0)      5 :  0.0000 0.0000 0.0000 0.2062 0.0260 0.0000 0.0000 0.0283 0.0000 0.0334 0.0000 0.0000 0.0666 0.6112 0.0283 0.0000 0.0000 0.0000 
 23       23   (0)      5 :  0.0000 0.0000 0.0000 0.0365 0.0184 0.0000 0.0000 0.0249 0.0000 0.0278 0.5740 0.0000 0.0000 0.2435 0.0749 0.0000 0.0000 0.0000 
 24       24   (0)      5 :  0.0000 0.0000 0.0000 0.1087 0.1241 0.0000 0.0000 0.0317 0.0000 0.0000 0.1865 0.0000 0.0000 0.5491 0.0000 0.0000 0.0000 0.0000 
 25       25   (0)      5 :  0.0000 0.0000 0.0021 0.0867 0.0319 0.0006 0.0000 0.0202 0.0000 0.1058 0.1714 0.0000 0.0339 0.2736 0.2647 0.0000 0.0091 0.0000 
 26       26   (0)      5 :  0.0000 0.0000 0.0033 0.1162 0.1162 0.0027 0.0000 0.0302 0.0000 0.0204 0.2258 0.0000 0.0000 0.4842 0.0000 0.0000 0.0010 0.0000 
 27       27   (0)      5 :  0.0136 0.0000 0.0000 0.0605 0.2010 0.0000 0.0131 0.0125 0.0311 0.0654 0.0000 0.0000 0.0000 0.5220 0.0808 0.0000 0.0000 0.0000 
 28       28   (0)      5 :  0.0000 0.0000 0.0000 0.0718 0.0111 0.0000 0.0000 0.0316 0.0000 0.0228 0.4615 0.0000 0.0000 0.3102 0.0911 0.0000 0.0000 0.0000 
 29       29   (0)      5 :  0.0000 0.0000 0.0000 0.1186 0.0231 0.0000 0.0000 0.0840 0.0000 0.0083 0.0000 0.0000 0.0000 0.7246 0.0381 0.0000 0.0033 0.0000 
 30       30   (0)      5 :  0.0000 0.0000 0.0000 0.2276 0.0151 0.0000 0.0000 0.0051 0.0000 0.1471 0.0000 0.0000 0.1837 0.3268 0.0946 0.0000 0.0000 0.0000 
 31       31   (0)      5 :  0.0000 0.0000 0.0000 0.1715 0.0904 0.0000 0.0032 0.0597 0.0180 0.1183 0.1598 0.0003 0.0075 0.2729 0.0900 0.0000 0.0084 0.0000 
 32       32   (0)      5 :  0.0000 0.0000 0.0000 0.0386 0.0768 0.0000 0.0000 0.0234 0.0000 0.0533 0.1274 0.0000 0.0000 0.3819 0.2986 0.0000 0.0000 0.0000 
 33       33   (0)      5 :  0.0000 0.0000 0.0007 0.1541 0.0013 0.0000 0.0064 0.0007 0.0000 0.1196 0.4930 0.0025 0.0118 0.1422 0.0676 0.0000 0.0000 0.0000 
 34       34   (0)      5 :  0.0000 0.0000 0.0000 0.1859 0.0451 0.0000 0.0000 0.0081 0.0000 0.0776 0.3308 0.0000 0.0266 0.2957 0.0245 0.0000 0.0058 0.0000 
 35       35   (0)      5 :  0.0000 0.0000 0.0000 0.1860 0.0357 0.0000 0.0000 0.0000 0.0016 0.1735 0.0905 0.0000 0.1123 0.3174 0.0829 0.0000 0.0000 0.0000 
 36       36   (0)      5 :  0.0000 0.0000 0.0000 0.1792 0.0101 0.0000 0.0190 0.0996 0.0000 0.0355 0.0000 0.0000 0.0046 0.6280 0.0241 0.0000 0.0000 0.0000 
 37       37   (0)      5 :  0.0000 0.0000 0.0000 0.2907 0.0085 0.0000 0.0013 0.0130 0.0000 0.0045 0.0944 0.0000 0.0404 0.4144 0.1328 0.0000 0.0000 0.0000 
 38       38   (0)      5 :  0.0000 0.0000 0.0000 0.1943 0.0107 0.0000 0.0000 0.0276 0.0013 0.0183 0.1552 0.0000 0.0000 0.5627 0.0060 0.0000 0.0238 0.0000 
 39       39   (0)      5 :  0.0000 0.0000 0.0000 0.1982 0.0000 0.0000 0.0000 0.2752 0.0000 0.0208 0.0671 0.0000 0.0060 0.4083 0.0119 0.0000 0.0125 0.0000 
 40       40   (0)      5 :  0.0000 0.0000 0.0000 0.2735 0.0123 0.0000 0.0000 0.0346 0.0000 0.0659 0.0625 0.0000 0.0647 0.3339 0.1526 0.0000 0.0000 0.0000 
 41       41   (0)      5 :  0.0000 0.0000 0.0000 0.0866 0.0177 0.0000 0.0000 0.0255 0.0000 0.0273 0.3919 0.0000 0.0003 0.3503 0.1004 0.0000 0.0000 0.0000 
 42       42   (0)      5 :  0.0000 0.0000 0.0000 0.2160 0.0508 0.0000 0.0000 0.0003 0.0000 0.1529 0.0000 0.0000 0.1244 0.3616 0.0941 0.0000 0.0000 0.0000 
 43       43   (0)      5 :  0.0000 0.0000 0.0000 0.0000 0.0041 0.9902 0.0000 0.0000 0.0000 0.0000 0.0027 0.0000 0.0000 0.0000 0.0000 0.0000 0.0030 0.0000 
 44       44   (0)      5 :  0.0000 0.0000 0.0000 0.1362 0.0193 0.0000 0.0000 0.0560 0.0004 0.0213 0.3502 0.0000 0.0251 0.2144 0.1732 0.0000 0.0038 0.0000 
 45       45   (0)      4 :  0.0000 0.0000 0.0000 0.0000 0.0098 0.0000 0.0000 0.6498 0.0000 0.0000 0.0000 0.0018 0.0000 0.3386 0.0000 0.0000 0.0000 0.0000 
 46       46   (0)      4 :  0.0000 0.0000 0.0084 0.1350 0.0188 0.0042 0.0000 0.0499 0.0684 0.1020 0.1884 0.0000 0.0407 0.0621 0.3091 0.0000 0.0130 0.0000 
 47       47   (0)      4 :  0.0000 0.0000 0.0000 0.0355 0.0212 0.0000 0.0000 0.0025 0.0000 0.0257 0.6166 0.0000 0.0000 0.2748 0.0200 0.0000 0.0038 0.0000 
 48       48   (0)      4 :  0.0000 0.0000 0.0000 0.2008 0.0241 0.0000 0.0044 0.1945 0.0028 0.0854 0.0003 0.0000 0.2063 0.2282 0.0519 0.0000 0.0014 0.0000 
 49       49   (0)      5 :  0.0000 0.0001 0.0015 0.1087 0.0093 0.0000 0.0000 0.0623 0.0096 0.1013 0.2785 0.0083 0.0284 0.1486 0.2313 0.0000 0.0121 0.0000 
 50       50   (0)      4 :  0.0000 0.0000 0.0000 0.0689 0.5407 0.0000 0.0000 0.0099 0.0089 0.0209 0.1262 0.0000 0.0000 0.2246 0.0000 0.0000 0.0000 0.0000 
 51       51   (0)      4 :  0.0000 0.0000 0.0000 0.0356 0.1220 0.6919 0.0000 0.0000 0.0008 0.0353 0.0756 0.0000 0.0011 0.0137 0.0241 0.0000 0.0000 0.0000 
 52       52   (0)      4 :  0.0000 0.0000 0.0143 0.1386 0.0259 0.0000 0.0000 0.0000 0.0369 0.1681 0.0334 0.0208 0.0352 0.2884 0.2005 0.0000 0.0266 0.0114 
 53       53   (0)      4 :  0.0000 0.0000 0.0795 0.0094 0.1644 0.7182 0.0000 0.0000 0.0000 0.0045 0.0179 0.0000 0.0000 0.0040 0.0020 0.0000 0.0000 0.0000 
 54       54   (0)      4 :  0.0000 0.0000 0.0035 0.1179 0.0463 0.0000 0.0238 0.1472 0.0126 0.0869 0.0000 0.0020 0.0505 0.4405 0.0687 0.0000 0.0000 0.0000 
 55       55   (0)      4 :  0.0000 0.0000 0.0000 0.0239 0.0000 0.9271 0.0000 0.0000 0.0000 0.0206 0.0096 0.0000 0.0020 0.0060 0.0109 0.0000 0.0000 0.0000 
 56       56   (0)      4 :  0.0000 0.0000 0.0000 0.1200 0.0047 0.7779 0.0000 0.0076 0.0000 0.0071 0.0028 0.0000 0.0158 0.0641 0.0000 0.0000 0.0000 0.0000 
 57       57   (0)      4 :  0.0000 0.0000 0.0000 0.1382 0.0032 0.0000 0.0000 0.2610 0.0220 0.0298 0.0000 0.0000 0.0000 0.5175 0.0283 0.0000 0.0000 0.0000 
 58       58   (0)      5 :  0.0000 0.0000 0.0112 0.1270 0.0130 0.0000 0.0000 0.0460 0.0218 0.1045 0.1552 0.0007 0.0443 0.1291 0.3363 0.0000 0.0110 0.0000 
 59       59   (0)      4 :  0.0000 0.0000 0.1016 0.0696 0.0017 0.3694 0.0000 0.0000 0.0000 0.0680 0.2642 0.0000 0.0171 0.0380 0.0366 0.0328 0.0010 0.0000 
 60       60   (0)      4 :  0.0000 0.0000 0.0000 0.0082 0.0930 0.7590 0.0000 0.1034 0.0000 0.0000 0.0205 0.0000 0.0000 0.0000 0.0158 0.0000 0.0000 0.0000 
 61       61   (0)      4 :  0.0000 0.0000 0.0000 0.1559 0.0092 0.0000 0.0000 0.0715 0.1075 0.1466 0.1620 0.0000 0.0292 0.2107 0.0948 0.0000 0.0125 0.0000 
 62       62   (0)      5 :  0.0000 0.0000 0.0000 0.1414 0.1132 0.0000 0.0000 0.0712 0.0702 0.0744 0.2055 0.0000 0.0029 0.2435 0.0641 0.0036 0.0099 0.0000 
 63       63   (0)      6 :  0.0056 0.0000 0.0000 0.0504 0.0000 0.5029 0.0000 0.0943 0.0455 0.0297 0.1432 0.0000 0.0006 0.0910 0.0195 0.0006 0.0167 0.0000 
 64       64   (0)      6 :  0.0000 0.0000 0.1445 0.0130 0.0000 0.6393 0.0000 0.0000 0.0005 0.0297 0.1335 0.0000 0.0000 0.0073 0.0134 0.0000 0.0143 0.0047 
 65       65   (0)      6 :  0.0000 0.0000 0.0000 0.0127 0.0000 0.0000 0.0143 0.0000 0.7987 0.0386 0.0000 0.0507 0.0000 0.0307 0.0434 0.0000 0.0109 0.0000 
 66       66   (0)      6 :  0.0000 0.0000 0.0000 0.0797 0.0679 0.0000 0.0000 0.0000 0.1534 0.1193 0.2398 0.0000 0.0103 0.2122 0.1094 0.0000 0.0080 0.0000 
 67       67   (0)      6 :  0.0000 0.0000 0.0000 0.0000 0.0000 0.0000 0.0000 0.9846 0.0119 0.0000 0.0000 0.0000 0.0000 0.0000 0.0000 0.0000 0.0035 0.0000 
 68       68   (0)      6 :  0.0000 0.0000 0.0000 0.0033 0.2372 0.0000 0.0107 0.0000 0.5723 0.0197 0.1568 0.0000 0.0000 0.0000 0.0000 0.0000 0.0000 0.0000 
 69       69   (0)      6 :  0.0000 0.0000 0.0000 0.0285 0.0027 0.0000 0.0000 0.0000 0.3507 0.0919 0.3803 0.0000 0.0236 0.0677 0.0455 0.0000 0.0092 0.0000 
 70       70   (0)      6 :  0.0000 0.0000 0.0029 0.0760 0.0000 0.0363 0.0000 0.0000 0.1963 0.0780 0.4098 0.0270 0.0074 0.1025 0.0523 0.0035 0.0000 0.0080 
 71       71   (0)      6 :  0.0000 0.0000 0.0000 0.0632 0.0712 0.0000 0.0098 0.0066 0.0011 0.0307 0.6635 0.0003 0.0000 0.0817 0.0004 0.0000 0.0716 0.0000 
 72       72   (0)      6 :  0.0000 0.0000 0.0000 0.0448 0.0003 0.0000 0.0000 0.0031 0.3282 0.0759 0.3516 0.0000 0.0016 0.1786 0.0158 0.0000 0.0000 0.0000 
 73       73   (0)      7 :  0.0017 0.0000 0.0000 0.2613 0.0004 0.0000 0.0116 0.0142 0.0044 0.1132 0.0000 0.0000 0.0838 0.4032 0.0859 0.0000 0.0203 0.0000 
 74       74   (0)      7 :  0.0000 0.0000 0.0000 0.2105 0.0006 0.0112 0.0000 0.0000 0.0656 0.1723 0.0162 0.0726 0.1014 0.2090 0.1145 0.0000 0.0259 0.0000 
 75       75   (0)      7 :  0.0000 0.0000 0.0005 0.0940 0.0669 0.0000 0.0000 0.0267 0.1855 0.1153 0.0984 0.0065 0.0000 0.1392 0.2589 0.0000 0.0080 0.0000 
 76       76   (0)      7 :  0.0000 0.0000 0.0063 0.0544 0.0093 0.0000 0.0000 0.0037 0.1219 0.1754 0.0000 0.0000 0.1302 0.3037 0.1406 0.0025 0.0521 0.0000 
 77       77   (0)      7 :  0.0000 0.0000 0.0000 0.0165 0.0677 0.0000 0.0012 0.0080 0.0012 0.0498 0.0000 0.0000 0.0460 0.5387 0.2547 0.0000 0.0161 0.0000 
 78       78   (0)      7 :  0.0000 0.0000 0.0000 0.0245 0.0193 0.0000 0.0000 0.0728 0.1834 0.0867 0.0842 0.0042 0.0011 0.1936 0.3018 0.0000 0.0283 0.0000 
 79       79   (0)      7 :  0.0002 0.0000 0.0002 0.1236 0.0142 0.0000 0.0000 0.0000 0.0117 0.1618 0.0000 0.0000 0.0964 0.3809 0.1707 0.0000 0.0404 0.0000 
 80       80   (0)      7 :  0.0000 0.0000 0.0000 0.1573 0.0153 0.0000 0.0000 0.0000 0.1056 0.1792 0.0000 0.0174 0.2345 0.1715 0.1004 0.0000 0.0188 0.0000 
 81       81   (0)      7 :  0.0000 0.0000 0.0000 0.0728 0.0248 0.0000 0.0000 0.0000 0.1044 0.1479 0.0167 0.0000 0.0295 0.4848 0.1022 0.0000 0.0168 0.0000 
 82       82   (0)      7 :  0.0000 0.0000 0.0000 0.0196 0.0224 0.0000 0.0000 0.0497 0.0382 0.0451 0.0000 0.0000 0.0206 0.7052 0.0819 0.0000 0.0172 0.0000 
 83       83   (0)      7 :  0.0000 0.0000 0.0229 0.2466 0.0053 0.0425 0.0008 0.0172 0.0168 0.1313 0.0753 0.0000 0.1494 0.0679 0.2067 0.0000 0.0164 0.0009 
 84       84   (0)      7 :  0.0000 0.0000 0.0551 0.0739 0.0000 0.7193 0.0000 0.0024 0.0113 0.0552 0.0000 0.0000 0.0308 0.0188 0.0298 0.0000 0.0034 0.0000 
 85       85   (0)      7 :  0.0000 0.0000 0.0011 0.1673 0.0004 0.0000 0.0000 0.0305 0.0293 0.1361 0.0000 0.0115 0.0802 0.3932 0.0905 0.0000 0.0598 0.0000 
 86       86   (0)      7 :  0.0000 0.0000 0.0000 0.0325 0.0211 0.0000 0.0000 0.0389 0.1572 0.0529 0.0000 0.0000 0.0164 0.5831 0.0758 0.0000 0.0220 0.0000 
 87       87   (0)      7 :  0.0000 0.0000 0.0000 0.0727 0.0000 0.7253 0.0000 0.0000 0.0000 0.0363 0.1209 0.0000 0.0218 0.0137 0.0093 0.0000 0.0000 0.0000 
 88       88   (0)      7 :  0.0000 0.0000 0.0000 0.0246 0.0022 0.0000 0.0010 0.0000 0.0293 0.0981 0.5357 0.0000 0.0000 0.2029 0.0842 0.0000 0.0221 0.0000 
 89       89   (0)      7 :  0.0000 0.0000 0.0000 0.0000 0.0000 0.8382 0.0000 0.0687 0.0000 0.0018 0.0866 0.0000 0.0000 0.0045 0.0000 0.0000 0.0002 0.0000 
 90       90   (0)      7 :  0.0000 0.0000 0.0000 0.1366 0.0113 0.0014 0.0000 0.1109 0.0022 0.1203 0.0096 0.0007 0.0359 0.3859 0.1742 0.0000 0.0102 0.0008 
 91       91   (0)      7 :  0.0022 0.0000 0.0000 0.1530 0.0399 0.0011 0.0019 0.0000 0.0287 0.1830 0.2276 0.0000 0.0321 0.2125 0.1118 0.0000 0.0062 0.0000 
 92       92   (0)      7 :  0.0000 0.0000 0.0000 0.1033 0.0261 0.0018 0.0530 0.0072 0.0142 0.1619 0.0000 0.0000 0.0848 0.4452 0.0985 0.0000 0.0041 0.0000 
 93       93   (0)      7 :  0.0000 0.0000 0.0060 0.0550 0.0244 0.0149 0.0102 0.0452 0.0903 0.0437 0.0000 0.0000 0.0285 0.3114 0.3473 0.0000 0.0234 0.0000 
 94       94   (0)      7 :  0.0000 0.0000 0.0000 0.3036 0.0000 0.0000 0.0000 0.0121 0.1368 0.0335 0.1920 0.0000 0.0527 0.2277 0.0371 0.0000 0.0046 0.0000 
 95       95   (0)      7 :  0.0000 0.0000 0.0000 0.0554 0.0078 0.0000 0.0000 0.1303 0.1382 0.0368 0.0000 0.0000 0.0054 0.5432 0.0617 0.0000 0.0213 0.0000 
 96       96   (0)      7 :  0.0000 0.0000 0.0121 0.0430 0.0232 0.0141 0.0000 0.0334 0.0069 0.0765 0.1863 0.0000 0.0000 0.3006 0.2959 0.0081 0.0000 0.0000 
 97       97   (0)      7 :  0.0000 0.0000 0.0000 0.0416 0.0258 0.0000 0.0000 0.0495 0.0268 0.0186 0.0000 0.0000 0.0000 0.5954 0.2276 0.0000 0.0149 0.0000 
 98       98   (0)      7 :  0.0000 0.0000 0.0000 0.0081 0.0421 0.0000 0.0000 0.0705 0.0303 0.0063 0.0000 0.0000 0.0000 0.4352 0.4076 0.0000 0.0000 0.0000 
 99       99   (0)      7 :  0.0000 0.0000 0.0000 0.0086 0.0359 0.0102 0.0000 0.1862 0.0000 0.0000 0.0000 0.0000 0.0000 0.6175 0.1383 0.0000 0.0034 0.0000 
100      100   (0)      7 :  0.0000 0.0000 0.0000 0.0118 0.0008 0.7376 0.0000 0.0031 0.2180 0.0000 0.0000 0.0000 0.0000 0.0268 0.0018 0.0000 0.0000 0.0000 
101      101   (0)      6 :  0.0000 0.0000 0.0000 0.1543 0.0014 0.0000 0.0000 0.0000 0.5422 0.0997 0.0000 0.0000 0.0515 0.1043 0.0450 0.0000 0.0017 0.0000 
102      102   (0)      6 :  0.0000 0.0000 0.0000 0.1603 0.1255 0.0000 0.0097 0.0118 0.4406 0.0075 0.0375 0.0213 0.0005 0.0977 0.0031 0.0061 0.0785 0.0000 
103      103   (0)      6 :  0.0000 0.0000 0.0000 0.0218 0.0000 0.0000 0.0005 0.0183 0.2367 0.0485 0.6247 0.0000 0.0000 0.0316 0.0100 0.0000 0.0080 0.0000 
104      104   (0)      6 :  0.0000 0.0000 0.0000 0.2172 0.0032 0.0000 0.0000 0.0000 0.4813 0.1138 0.0000 0.0000 0.1204 0.0337 0.0305 0.0000 0.0000 0.0000 
105      105   (0)      6 :  0.0000 0.0000 0.0000 0.0040 0.0000 0.0000 0.0000 0.0037 0.3037 0.0452 0.6185 0.0000 0.0000 0.0249 0.0000 0.0000 0.0000 0.0000 
106      106   (0)      6 :  0.0000 0.0000 0.0000 0.1220 0.0862 0.0003 0.0000 0.0777 0.5083 0.0374 0.0560 0.0000 0.0114 0.0373 0.0635 0.0000 0.0000 0.0000 
107      107   (0)      6 :  0.0000 0.0000 0.0011 0.1689 0.0256 0.0096 0.0098 0.0013 0.4124 0.0558 0.2055 0.0014 0.0471 0.0228 0.0114 0.0000 0.0273 0.0000 
108      108   (0)      6 :  0.0000 0.0000 0.0059 0.1212 0.0792 0.0000 0.0000 0.0007 0.3864 0.0465 0.2688 0.0000 0.0168 0.0148 0.0597 0.0000 0.0000 0.0000 
109      109   (0)      6 :  0.0000 0.0000 0.0000 0.0000 0.0000 0.9385 0.0000 0.0000 0.0002 0.0120 0.0046 0.0000 0.0297 0.0000 0.0000 0.0000 0.0149 0.0000 
110      110   (0)      7 :  0.0000 0.0000 0.0000 0.1025 0.0596 0.0157 0.0000 0.0029 0.1266 0.1067 0.2583 0.0000 0.0050 0.2491 0.0706 0.0000 0.0029 0.0000 
111      111   (0)      7 :  0.0000 0.0024 0.0000 0.0000 0.0000 0.0042 0.0000 0.9326 0.0214 0.0120 0.0000 0.0000 0.0000 0.0030 0.0244 0.0000 0.0000 0.0000 
112      112   (0)      6 :  0.0000 0.0007 0.0000 0.0177 0.0000 0.0020 0.0000 0.1791 0.6829 0.0369 0.0283 0.0000 0.0000 0.0191 0.0272 0.0000 0.0061 0.0000 
113      113   (0)      6 :  0.0000 0.0000 0.0020 0.0016 0.0000 0.0000 0.0000 0.0000 0.8812 0.0000 0.0000 0.0726 0.0000 0.0000 0.0000 0.0000 0.0425 0.0000 
114      114   (0)      6 :  0.0101 0.0105 0.0002 0.0000 0.0000 0.8095 0.0000 0.0766 0.0915 0.0015 0.0000 0.0000 0.0000 0.0000 0.0000 0.0000 0.0000 0.0000 
115      115   (0)      6 :  0.0000 0.0000 0.0029 0.0157 0.0153 0.0000 0.0000 0.0083 0.5172 0.0139 0.0000 0.0363 0.0524 0.2882 0.0199 0.0000 0.0297 0.0000 
116      116   (0)      6 :  0.0033 0.0860 0.1292 0.0076 0.0000 0.3695 0.0000 0.1843 0.1874 0.0048 0.0000 0.0000 0.0000 0.0000 0.0280 0.0000 0.0000 0.0000 
117      117   (0)      6 :  0.0000 0.0217 0.0000 0.0457 0.0063 0.0544 0.0000 0.0579 0.4496 0.0190 0.1117 0.0001 0.0380 0.1181 0.0509 0.0000 0.0266 0.0000 
118      118   (0)      6 :  0.0000 0.0000 0.0000 0.0081 0.2097 0.0000 0.0000 0.0000 0.6839 0.0000 0.0961 0.0008 0.0000 0.0000 0.0000 0.0000 0.0015 0.0000 
119      119   (0)      6 :  0.0000 0.0000 0.0000 0.0090 0.0000 0.0000 0.0021 0.0000 0.7638 0.0282 0.1731 0.0000 0.0062 0.0053 0.0110 0.0000 0.0014 0.0000 
120      120   (0)      6 :  0.0000 0.0000 0.0000 0.0152 0.0053 0.0000 0.0000 0.0000 0.8207 0.0202 0.0000 0.0000 0.0000 0.1077 0.0228 0.0000 0.0082 0.0000 
121      121   (0)      6 :  0.0000 0.0000 0.0000 0.0262 0.0000 0.0000 0.0000 0.0000 0.8128 0.0564 0.0037 0.0040 0.0000 0.0303 0.0499 0.0000 0.0167 0.0000 
122      122   (0)      6 :  0.0152 0.0157 0.0711 0.0041 0.0000 0.6665 0.0000 0.0016 0.2166 0.0008 0.0000 0.0016 0.0000 0.0000 0.0000 0.0000 0.0068 0.0000 
123      123   (0)      8 :  0.0000 0.0000 0.0185 0.1065 0.0105 0.0006 0.0000 0.0606 0.0689 0.0000 0.4187 0.0000 0.0102 0.0352 0.2704 0.0000 0.0000 0.0000 
124      124   (0)      8 :  0.0002 0.0013 0.0004 0.4054 0.0000 0.0264 0.0000 0.0561 0.0044 0.0000 0.3475 0.0000 0.0623 0.0950 0.0000 0.0000 0.0009 0.0000 
125      125   (0)      8 :  0.0000 0.0000 0.0105 0.0095 0.0212 0.0000 0.0000 0.0353 0.0000 0.0157 0.6506 0.0000 0.0000 0.0113 0.2311 0.0000 0.0147 0.0000 
126      126   (0)      8 :  0.0000 0.0000 0.0000 0.4705 0.0009 0.0061 0.0000 0.0555 0.0000 0.0486 0.0132 0.0042 0.1154 0.2375 0.0481 0.0000 0.0000 0.0000 
127      127   (0)      8 :  0.0074 0.0000 0.0000 0.3438 0.0002 0.0000 0.0000 0.1962 0.0000 0.0149 0.0000 0.0000 0.1274 0.2878 0.0216 0.0000 0.0007 0.0000 
128      128   (0)      8 :  0.0000 0.0000 0.0000 0.1380 0.2703 0.0000 0.0000 0.0653 0.0000 0.0196 0.1831 0.0000 0.0000 0.3120 0.0079 0.0000 0.0037 0.0000 
129      129   (0)      8 :  0.0000 0.0000 0.0053 0.2193 0.0135 0.0000 0.0000 0.0266 0.0000 0.0079 0.4384 0.0004 0.0504 0.1088 0.1130 0.0000 0.0164 0.0000 
130      130   (0)      8 :  0.0000 0.0000 0.0195 0.1775 0.1061 0.0000 0.0000 0.0497 0.0702 0.0000 0.4548 0.0019 0.0000 0.0409 0.0794 0.0000 0.0000 0.0000 
131      131   (0)      8 :  0.0000 0.0000 0.0000 0.3313 0.1316 0.0000 0.0007 0.1811 0.0390 0.0137 0.0203 0.0000 0.0536 0.0211 0.2075 0.0002 0.0000 0.0000 
132      132   (0)      8 :  0.0000 0.0000 0.0000 0.3238 0.0092 0.0000 0.0000 0.0045 0.0000 0.0069 0.3198 0.0000 0.0600 0.1807 0.0759 0.0000 0.0192 0.0000 
133      133   (0)      8 :  0.0000 0.0000 0.0029 0.2310 0.0050 0.0000 0.0000 0.0173 0.0000 0.0364 0.3766 0.0000 0.1468 0.0428 0.1413 0.0000 0.0000 0.0000 
134      134   (0)      8 :  0.0000 0.0000 0.0010 0.2012 0.0378 0.0002 0.0000 0.0345 0.0015 0.0944 0.1415 0.0000 0.0165 0.3497 0.0781 0.0005 0.0433 0.0000 
135      135   (0)      8 :  0.0000 0.0015 0.0000 0.0242 0.0000 0.0000 0.0000 0.9640 0.0000 0.0000 0.0000 0.0000 0.0037 0.0066 0.0000 0.0000 0.0000 0.0000 
136      136   (0)      8 :  0.0000 0.0000 0.0000 0.1082 0.0782 0.0000 0.0000 0.0020 0.0000 0.0145 0.7515 0.0000 0.0086 0.0245 0.0000 0.0000 0.0125 0.0000 
137      137   (0)      8 :  0.0000 0.0000 0.0140 0.1888 0.0508 0.0000 0.0000 0.0754 0.0588 0.0568 0.0020 0.0082 0.1811 0.1752 0.1890 0.0000 0.0000 0.0000 
138      138   (0)      8 :  0.0000 0.0000 0.0000 0.5107 0.0000 0.0000 0.0000 0.0304 0.0000 0.0276 0.0212 0.0000 0.1957 0.1903 0.0133 0.0000 0.0108 0.0000 
139      139   (0)      8 :  0.0000 0.0000 0.0000 0.4274 0.0182 0.0148 0.0000 0.0076 0.0000 0.0861 0.0212 0.0000 0.2090 0.1689 0.0465 0.0000 0.0003 0.0000 
140      140   (0)      8 :  0.0000 0.0000 0.0000 0.5235 0.0000 0.0000 0.0000 0.0098 0.0028 0.0752 0.0000 0.0000 0.1922 0.1822 0.0138 0.0000 0.0005 0.0000 
141      141   (0)      8 :  0.0000 0.0000 0.0000 0.3871 0.0169 0.0000 0.0109 0.0547 0.0000 0.0145 0.2555 0.0000 0.1286 0.1318 0.0000 0.0000 0.0000 0.0000 
142      142   (0)      8 :  0.0000 0.0000 0.0000 0.1746 0.3023 0.0000 0.0004 0.0150 0.0000 0.0200 0.0742 0.0000 0.0156 0.3484 0.0490 0.0000 0.0005 0.0000 
143      143   (0)      8 :  0.0000 0.0000 0.0000 0.3482 0.0214 0.0000 0.0047 0.0026 0.0016 0.1093 0.0852 0.0000 0.1995 0.1436 0.0814 0.0000 0.0024 0.0000 
144      144   (0)      8 :  0.0000 0.0000 0.0000 0.0000 0.0000 0.0000 0.0000 0.9872 0.0083 0.0000 0.0000 0.0000 0.0029 0.0000 0.0000 0.0000 0.0017 0.0000 
145      145   (0)      8 :  0.0029 0.0000 0.0000 0.2301 0.1347 0.0006 0.0000 0.0530 0.0019 0.0810 0.0258 0.0016 0.1897 0.1467 0.1202 0.0000 0.0118 0.0000 
146      146   (0)      3 :  0.0000 0.0000 0.0000 0.1421 0.0342 0.0000 0.0000 0.0355 0.0000 0.0415 0.4266 0.0017 0.0219 0.1758 0.1129 0.0000 0.0079 0.0000 
147      147   (0)      3 :  0.0000 0.0000 0.1086 0.0980 0.0000 0.4774 0.0000 0.0007 0.0000 0.0282 0.2324 0.0000 0.0321 0.0226 0.0000 0.0000 0.0000 0.0000 
148      148   (0)      3 :  0.0000 0.0000 0.0000 0.0541 0.1546 0.0000 0.0000 0.0000 0.0000 0.0516 0.6977 0.0000 0.0085 0.0089 0.0085 0.0000 0.0161 0.0000 
149      149   (0)      3 :  0.0000 0.0000 0.0003 0.4056 0.0000 0.0113 0.0000 0.0195 0.0000 0.0729 0.0742 0.0000 0.1351 0.2290 0.0521 0.0000 0.0000 0.0000 
150      150   (0)      3 :  0.0000 0.0000 0.0000 0.1848 0.1180 0.0000 0.0045 0.0018 0.0000 0.1091 0.2721 0.0000 0.0949 0.1089 0.1029 0.0000 0.0031 0.0000 
151      151   (0)      3 :  0.0000 0.0000 0.0000 0.2662 0.2226 0.0491 0.0097 0.0728 0.0002 0.0000 0.2541 0.0000 0.0133 0.1120 0.0000 0.0000 0.0000 0.0000 
152      152   (0)      3 :  0.0000 0.0000 0.0000 0.5495 0.0030 0.0000 0.0010 0.0498 0.0000 0.0000 0.0000 0.0000 0.1527 0.2401 0.0039 0.0000 0.0000 0.0000 
153      153   (0)      3 :  0.0000 0.0000 0.0000 0.4283 0.0087 0.0000 0.0000 0.0626 0.0000 0.0246 0.1042 0.0000 0.0850 0.2824 0.0044 0.0000 0.0000 0.0000 
154      154   (0)      3 :  0.0000 0.0000 0.0020 0.2455 0.0671 0.0000 0.0000 0.0200 0.0000 0.0435 0.1259 0.0000 0.0761 0.3961 0.0131 0.0000 0.0106 0.0000 
155      155   (0)      3 :  0.0000 0.0000 0.0000 0.3213 0.0137 0.0000 0.0000 0.0779 0.0000 0.0339 0.0526 0.0000 0.0937 0.3805 0.0211 0.0000 0.0054 0.0000 
156      156   (0)      3 :  0.0016 0.0000 0.0342 0.3172 0.0023 0.0015 0.0000 0.2140 0.0000 0.0160 0.0000 0.0000 0.0509 0.3521 0.0101 0.0000 0.0000 0.0000 
157      157   (0)      3 :  0.0000 0.0000 0.0635 0.3479 0.0050 0.0000 0.0000 0.0153 0.0000 0.0488 0.0523 0.0000 0.0883 0.2031 0.1754 0.0000 0.0004 0.0000 
158      158   (0)      3 :  0.0000 0.0000 0.0001 0.4561 0.0053 0.0000 0.0004 0.0343 0.0000 0.0477 0.0214 0.0000 0.1623 0.1428 0.1297 0.0000 0.0000 0.0000 
159      159   (0)      3 :  0.0000 0.0000 0.0006 0.4498 0.0001 0.0000 0.0000 0.0110 0.0209 0.0518 0.0195 0.0000 0.1182 0.2218 0.1050 0.0000 0.0014 0.0000 
160      160   (0)      3 :  0.0000 0.0002 0.1485 0.1867 0.0000 0.5358 0.0000 0.0000 0.0000 0.0421 0.0000 0.0000 0.0616 0.0162 0.0089 0.0000 0.0000 0.0000 
161      161   (0)      3 :  0.0000 0.0000 0.0000 0.3994 0.2881 0.0000 0.0154 0.0414 0.0433 0.0143 0.0237 0.0000 0.0792 0.0952 0.0000 0.0000 0.0000 0.0000 
162      162   (0)      3 :  0.0000 0.0000 0.0000 0.2224 0.0071 0.0000 0.0000 0.0426 0.0000 0.0076 0.5588 0.0000 0.0362 0.1151 0.0000 0.0000 0.0102 0.0000 
163      163   (0)      3 :  0.0000 0.0000 0.0000 0.3809 0.0258 0.0000 0.0000 0.0158 0.0000 0.0801 0.0005 0.0000 0.2370 0.2491 0.0108 0.0000 0.0000 0.0000 
164      164   (0)      3 :  0.0000 0.0000 0.0000 0.2029 0.2108 0.0000 0.0000 0.0099 0.0000 0.0668 0.0680 0.0000 0.0768 0.3387 0.0261 0.0000 0.0000 0.0000 
165      165   (0)      3 :  0.0000 0.0000 0.0000 0.4943 0.0000 0.0000 0.0000 0.0360 0.0000 0.0102 0.0015 0.0000 0.1452 0.2564 0.0563 0.0000 0.0000 0.0000 
166      166   (0)      3 :  0.0000 0.0000 0.0058 0.1995 0.0878 0.0000 0.0000 0.0843 0.0041 0.0128 0.4538 0.0000 0.0020 0.1111 0.0000 0.0000 0.0388 0.0000 
167      167   (0)      3 :  0.0000 0.0000 0.0000 0.2826 0.1082 0.0000 0.0000 0.0092 0.0000 0.0583 0.0011 0.0000 0.0901 0.3474 0.1031 0.0000 0.0000 0.0000 
168      168   (0)      3 :  0.0000 0.0000 0.0005 0.3459 0.0030 0.0000 0.0000 0.0253 0.0058 0.1015 0.2255 0.0000 0.1349 0.1115 0.0277 0.0015 0.0169 0.0000 
169      169   (0)      3 :  0.0000 0.0000 0.0012 0.3786 0.0086 0.0000 0.0000 0.0993 0.0023 0.0358 0.0139 0.0000 0.1042 0.1896 0.1664 0.0000 0.0000 0.0000 
170      170   (0)      3 :  0.0000 0.0000 0.0003 0.2240 0.0502 0.0000 0.0000 0.0646 0.0009 0.0595 0.0000 0.0000 0.1692 0.3886 0.0426 0.0000 0.0000 0.0000 
171      171   (0)      3 :  0.0000 0.0000 0.0000 0.4415 0.0020 0.0060 0.0000 0.0104 0.0007 0.1057 0.0041 0.0000 0.2094 0.1593 0.0602 0.0000 0.0007 0.0000 
172      172   (0)      3 :  0.0000 0.0000 0.0000 0.3140 0.0195 0.0000 0.0000 0.0163 0.0000 0.0590 0.0031 0.0001 0.2047 0.3425 0.0210 0.0000 0.0197 0.0000 
173      173   (0)      3 :  0.0000 0.0000 0.0000 0.4242 0.0210 0.0000 0.0000 0.0943 0.0276 0.0282 0.0001 0.0000 0.1442 0.2448 0.0157 0.0000 0.0000 0.0000 
174      174   (0)      3 :  0.0000 0.0000 0.0000 0.2461 0.2418 0.0000 0.0000 0.0121 0.0000 0.0620 0.0816 0.0000 0.0786 0.2617 0.0162 0.0000 0.0000 0.0000 
175      175   (0)      8 :  0.0000 0.0000 0.0000 0.2083 0.2062 0.0000 0.0000 0.0138 0.0000 0.0189 0.1814 0.0000 0.0227 0.3067 0.0244 0.0000 0.0175 0.0000 
176      176   (0)      8 :  0.0000 0.0000 0.0000 0.0000 0.0076 0.0000 0.0000 0.8358 0.0211 0.0000 0.0000 0.0000 0.0000 0.0000 0.1336 0.0019 0.0000 0.0000 
177      177   (0)      8 :  0.0000 0.0000 0.0000 0.3389 0.0013 0.0000 0.0000 0.0122 0.0018 0.0471 0.3072 0.0000 0.1099 0.1222 0.0572 0.0000 0.0020 0.0000 
178      178   (0)      8 :  0.0000 0.0000 0.0000 0.3033 0.2187 0.0000 0.0000 0.1337 0.1292 0.0167 0.0000 0.0000 0.0972 0.0809 0.0202 0.0000 0.0000 0.0000 
179      179   (0)      8 :  0.0000 0.0000 0.0014 0.2589 0.0118 0.0000 0.0000 0.0151 0.0010 0.0444 0.3371 0.0001 0.0915 0.1732 0.0325 0.0000 0.0331 0.0000 
180      180   (0)      8 :  0.0000 0.0000 0.0213 0.3014 0.0481 0.0000 0.0000 0.0160 0.0170 0.0103 0.2535 0.0046 0.0575 0.2396 0.0308 0.0000 0.0000 0.0000 
181      181   (0)      8 :  0.0027 0.0000 0.0000 0.2875 0.0152 0.0000 0.0000 0.0302 0.0000 0.0444 0.2092 0.0000 0.0827 0.2592 0.0430 0.0000 0.0259 0.0000 
182      182   (0)      1 :  0.0000 0.0000 0.0000 0.2829 0.0135 0.0000 0.0029 0.0012 0.1073 0.1386 0.0000 0.0000 0.4004 0.0414 0.0101 0.0000 0.0015 0.0000 
183      183   (0)      1 :  0.0000 0.0000 0.0000 0.0312 0.0467 0.0000 0.0023 0.0000 0.2778 0.0776 0.3022 0.0000 0.1890 0.0098 0.0195 0.0000 0.0439 0.0000 
184      184   (0)      1 :  0.0000 0.0000 0.0000 0.2045 0.1172 0.0000 0.0232 0.0081 0.2896 0.0857 0.0000 0.0000 0.2717 0.0000 0.0000 0.0000 0.0000 0.0000 
185      185   (0)      1 :  0.0000 0.0000 0.0000 0.0085 0.0146 0.0497 0.0000 0.0000 0.2945 0.0762 0.3577 0.0000 0.1712 0.0087 0.0000 0.0000 0.0189 0.0000 
186      186   (0)      1 :  0.0000 0.0000 0.0000 0.2168 0.0134 0.0000 0.0000 0.0000 0.3193 0.1431 0.0130 0.0000 0.2735 0.0021 0.0190 0.0000 0.0000 0.0000 
187      187   (0)      1 :  0.0000 0.0000 0.0238 0.2119 0.0019 0.0000 0.0000 0.0404 0.2363 0.0191 0.1844 0.0133 0.0886 0.0607 0.1086 0.0001 0.0023 0.0086 
188      188   (0)      1 :  0.0000 0.0000 0.0000 0.2476 0.0318 0.0000 0.0000 0.0000 0.1943 0.1375 0.0054 0.0000 0.3711 0.0061 0.0060 0.0000 0.0001 0.0000 
189      189   (0)      1 :  0.0000 0.0000 0.0000 0.2386 0.0223 0.0000 0.0000 0.0000 0.1046 0.1547 0.0822 0.0000 0.3655 0.0096 0.0082 0.0000 0.0142 0.0000 
190      190   (0)      2 :  0.0000 0.0000 0.0000 0.0369 0.3796 0.0000 0.0000 0.0000 0.1016 0.0332 0.4435 0.0000 0.0017 0.0000 0.0035 0.0000 0.0000 0.0000 
191      191   (0)      2 :  0.0001 0.0000 0.0000 0.3040 0.0000 0.0000 0.0000 0.0042 0.0393 0.1409 0.0049 0.0000 0.1805 0.2519 0.0665 0.0000 0.0077 0.0000 
192      192   (0)      2 :  0.0000 0.0000 0.0000 0.2856 0.0050 0.0003 0.0000 0.0142 0.0899 0.0451 0.0976 0.0000 0.3114 0.1326 0.0093 0.0000 0.0089 0.0000 
193      193   (0)      2 :  0.0043 0.0000 0.0000 0.0527 0.0510 0.0000 0.0000 0.0079 0.0000 0.0336 0.5058 0.0000 0.0000 0.2767 0.0138 0.0000 0.0541 0.0000 
194      194   (0)      2 :  0.0000 0.0000 0.0000 0.3089 0.0032 0.0000 0.0039 0.0014 0.0143 0.1909 0.1554 0.0000 0.1426 0.0840 0.0953 0.0000 0.0000 0.0000 
195      195   (0)      2 :  0.0000 0.0000 0.0000 0.0938 0.0198 0.0000 0.0000 0.0067 0.0000 0.0194 0.7585 0.0000 0.0000 0.0872 0.0000 0.0000 0.0146 0.0000 
196      196   (0)      2 :  0.0000 0.0000 0.0000 0.1064 0.2784 0.0000 0.0000 0.0000 0.3881 0.0552 0.0428 0.0000 0.0827 0.0127 0.0336 0.0000 0.0000 0.0000 
197      197   (0)      2 :  0.0000 0.0000 0.0000 0.0620 0.5338 0.0000 0.0000 0.0000 0.1398 0.0567 0.0317 0.0000 0.0033 0.1204 0.0523 0.0000 0.0000 0.0000 
198      198   (0)      1 :  0.0000 0.0000 0.0000 0.0915 0.1084 0.0000 0.0146 0.0000 0.1230 0.1015 0.3996 0.0000 0.0993 0.0222 0.0286 0.0000 0.0114 0.0000 
199      199   (0)      1 :  0.0000 0.0000 0.0000 0.1364 0.0000 0.0000 0.0000 0.0066 0.4689 0.0954 0.0000 0.0000 0.2276 0.0178 0.0146 0.0000 0.0326 0.0000 
200      200   (0)      1 :  0.0000 0.0000 0.0000 0.0966 0.0977 0.0000 0.0044 0.0320 0.3484 0.0486 0.2270 0.0000 0.0450 0.0578 0.0000 0.0000 0.0424 0.0000 
201      201   (0)      1 :  0.0000 0.0000 0.0170 0.0632 0.0802 0.0000 0.0000 0.0000 0.7054 0.0050 0.0791 0.0472 0.0028 0.0000 0.0000 0.0000 0.0000 0.0000 
202      202   (0)      1 :  0.0000 0.0000 0.0000 0.0063 0.2494 0.0091 0.0000 0.0000 0.5791 0.0000 0.1537 0.0000 0.0024 0.0000 0.0000 0.0000 0.0000 0.0000 
203      203   (0)      1 :  0.0003 0.0000 0.0000 0.0000 0.0530 0.0000 0.0000 0.0000 0.8372 0.0118 0.0000 0.0003 0.0974 0.0000 0.0000 0.0000 0.0000 0.0000 
204      204   (0)      2 :  0.0000 0.0000 0.0000 0.1031 0.1809 0.4689 0.0000 0.0612 0.0177 0.0005 0.1202 0.0000 0.0000 0.0475 0.0000 0.0000 0.0000 0.0000 
205      205   (0)      2 :  0.0000 0.0000 0.0000 0.0544 0.2650 0.0000 0.0020 0.0030 0.3246 0.0301 0.2687 0.0007 0.0026 0.0138 0.0212 0.0000 0.0139 0.0000 
206      206   (0)      2 :  0.0000 0.0000 0.0471 0.0687 0.0000 0.7286 0.0000 0.0080 0.0000 0.0000 0.0778 0.0000 0.0000 0.0698 0.0000 0.0000 0.0000 0.0000 
207      207   (0)      2 :  0.0000 0.0000 0.0007 0.1936 0.0279 0.0000 0.0000 0.0036 0.0506 0.1176 0.0003 0.0037 0.3614 0.1486 0.0702 0.0000 0.0221 0.0000 
208      208   (0)      2 :  0.0000 0.0000 0.0000 0.0073 0.1377 0.0000 0.0000 0.0000 0.0000 0.0000 0.8125 0.0000 0.0000 0.0000 0.0005 0.0000 0.0420 0.0000 
209      209   (0)      2 :  0.0000 0.0000 0.0000 0.2942 0.0513 0.0143 0.0000 0.0000 0.0000 0.1974 0.0029 0.0000 0.2794 0.0866 0.0738 0.0000 0.0000 0.0000 
210      210   (0)      2 :  0.0000 0.0000 0.0000 0.0450 0.5701 0.0000 0.0013 0.0000 0.0087 0.0393 0.2485 0.0000 0.0000 0.0383 0.0175 0.0000 0.0313 0.0000 
211      211   (0)      1 :  0.0000 0.0000 0.0000 0.0000 0.2997 0.0000 0.0077 0.0000 0.1459 0.0179 0.4164 0.0000 0.0419 0.0000 0.0005 0.0000 0.0699 0.0000 
212      212   (0)      1 :  0.0000 0.0000 0.0000 0.1427 0.0146 0.0000 0.0000 0.1175 0.4806 0.0084 0.0000 0.0035 0.1392 0.0489 0.0446 0.0000 0.0000 0.0000 
213      213   (0)      1 :  0.0003 0.0003 0.0000 0.0996 0.0594 0.0000 0.0000 0.0117 0.2826 0.0684 0.1178 0.0000 0.2174 0.0700 0.0138 0.0000 0.0588 0.0000 
214      214   (0)      1 :  0.0000 0.0004 0.0012 0.0367 0.0218 0.0000 0.0000 0.0000 0.4241 0.0846 0.0000 0.0353 0.2904 0.0340 0.0543 0.0000 0.0172 0.0000 
215      215   (0)      1 :  0.0000 0.0000 0.0000 0.0000 0.0812 0.0000 0.0000 0.0000 0.1496 0.0226 0.6625 0.0002 0.0483 0.0000 0.0000 0.0000 0.0356 0.0000 
216      216   (0)      1 :  0.0000 0.0000 0.0000 0.1895 0.0578 0.0000 0.0014 0.0000 0.5271 0.0476 0.0000 0.0000 0.1763 0.0000 0.0000 0.0000 0.0004 0.0000 
217      217   (0)      1 :  0.0000 0.0000 0.0000 0.0951 0.0401 0.0000 0.0002 0.0000 0.5288 0.0798 0.0062 0.0134 0.2273 0.0052 0.0000 0.0000 0.0038 0.0000 
218      218   (0)      1 :  0.0000 0.0000 0.0000 0.0343 0.0046 0.0000 0.0000 0.0031 0.4930 0.0397 0.3571 0.0128 0.0000 0.0271 0.0036 0.0000 0.0247 0.0000 
219      219   (0)      2 :  0.0000 0.0000 0.0000 0.1624 0.0511 0.0000 0.0000 0.0000 0.1481 0.0671 0.3886 0.0000 0.1627 0.0114 0.0086 0.0000 0.0000 0.0000 
220      220   (0)      2 :  0.0000 0.0000 0.0000 0.1434 0.2405 0.0000 0.0000 0.0564 0.1104 0.0101 0.3143 0.0000 0.0035 0.0738 0.0186 0.0000 0.0289 0.0000 
221      221   (0)      2 :  0.0000 0.0000 0.0000 0.2650 0.0907 0.0000 0.0000 0.0088 0.2032 0.1047 0.0000 0.0000 0.2245 0.0363 0.0595 0.0073 0.0000 0.0000 
222      222   (0)      2 :  0.0000 0.0004 0.0000 0.2031 0.0054 0.0000 0.0000 0.0004 0.1989 0.1206 0.1145 0.0000 0.1584 0.0947 0.0931 0.0000 0.0105 0.0000 
223      223   (0)      2 :  0.0000 0.0000 0.0000 0.3102 0.0177 0.0000 0.0000 0.0457 0.4155 0.0511 0.0000 0.0000 0.1218 0.0112 0.0249 0.0000 0.0020 0.0000 
224      224   (0)      2 :  0.0000 0.0000 0.0000 0.0455 0.0810 0.0182 0.0000 0.0000 0.0000 0.0843 0.7222 0.0000 0.0213 0.0160 0.0000 0.0000 0.0116 0.0000 
225      225   (0)      2 :  0.0000 0.0000 0.0000 0.1149 0.4656 0.0000 0.0000 0.0000 0.0777 0.0759 0.2130 0.0000 0.0385 0.0117 0.0026 0.0000 0.0000 0.0000 
226      226   (0)      2 :  0.0000 0.0000 0.0022 0.3585 0.0378 0.0000 0.0000 0.0042 0.1174 0.0885 0.0000 0.0235 0.3078 0.0078 0.0519 0.0000 0.0002 0.0002 
227      227   (0)      2 :  0.0000 0.0000 0.0000 0.2593 0.0475 0.0000 0.0014 0.0000 0.0448 0.1871 0.1038 0.0000 0.3430 0.0041 0.0017 0.0000 0.0073 0.0000 
228      228   (0)      2 :  0.0000 0.0000 0.0000 0.2988 0.0334 0.0000 0.0000 0.0000 0.0367 0.1856 0.1075 0.0000 0.2930 0.0170 0.0246 0.0000 0.0033 0.0000 
229      229   (0)      2 :  0.0000 0.0000 0.0000 0.4098 0.0000 0.0000 0.0000 0.0000 0.0000 0.1835 0.0367 0.0005 0.3247 0.0179 0.0270 0.0000 0.0000 0.0000 
230      230   (0)      2 :  0.0000 0.0000 0.0000 0.0665 0.0000 0.6438 0.0000 0.0000 0.0000 0.0185 0.2477 0.0000 0.0220 0.0000 0.0000 0.0014 0.0000 0.0000 
231      231   (0)      2 :  0.0000 0.0000 0.0000 0.2037 0.0081 0.0000 0.0000 0.0517 0.0455 0.0996 0.1382 0.0000 0.1846 0.0986 0.1481 0.0000 0.0218 0.0000 
232      232   (0)      2 :  0.0000 0.0000 0.0012 0.1384 0.0233 0.0000 0.0000 0.0000 0.0525 0.1437 0.3453 0.0001 0.1280 0.0550 0.0879 0.0000 0.0245 0.0000 
233      233   (0)      9 :  0.0000 0.0000 0.0000 0.0000 0.0000 0.0000 1.0000 0.0000 0.0000 0.0000 0.0000 0.0000 0.0000 0.0000 0.0000 0.0000 0.0000 0.0000 
234      234   (0)      9 :  0.4600 0.0330 0.0261 0.0022 0.0000 0.0000 0.0000 0.0000 0.0000 0.2501 0.0000 0.0000 0.0000 0.0000 0.0730 0.0492 0.1062 0.0000 
235      235   (0)      9 :  0.0000 0.0000 0.0000 0.0000 0.0000 0.0000 1.0000 0.0000 0.0000 0.0000 0.0000 0.0000 0.0000 0.0000 0.0000 0.0000 0.0000 0.0000 
236      236   (0)      9 :  0.4698 0.0996 0.0117 0.0001 0.0044 0.0000 0.0000 0.0000 0.0000 0.1506 0.0000 0.0000 0.0000 0.0177 0.1466 0.0424 0.0570 0.0000 
237      237   (0)      9 :  0.0000 0.0000 0.0000 0.0000 0.0000 0.0000 0.9952 0.0000 0.0000 0.0000 0.0000 0.0048 0.0000 0.0000 0.0000 0.0000 0.0000 0.0000 
238      238   (0)      9 :  0.0000 0.0000 0.0000 0.0000 0.0000 0.0000 0.8738 0.0000 0.0000 0.0000 0.0000 0.1259 0.0000 0.0000 0.0000 0.0000 0.0003 0.0000 
239      239   (0)      9 :  0.6265 0.0258 0.0012 0.0000 0.0105 0.0000 0.0000 0.0000 0.0000 0.1427 0.0025 0.0000 0.0000 0.0000 0.0205 0.0000 0.0794 0.0909 
240      240   (0)      9 :  0.7327 0.0755 0.0025 0.0000 0.0000 0.0000 0.0000 0.0000 0.0000 0.1213 0.0000 0.0000 0.0000 0.0000 0.0130 0.0035 0.0515 0.0000 
241      241   (0)     10 :  0.4634 0.0000 0.0000 0.0000 0.0000 0.0000 0.0000 0.0000 0.0000 0.3015 0.0000 0.0009 0.0000 0.0000 0.0482 0.0000 0.1853 0.0007 
242      242   (0)     10 :  0.8736 0.0000 0.0000 0.0000 0.0000 0.0000 0.0000 0.0000 0.0000 0.0574 0.0000 0.0009 0.0000 0.0000 0.0000 0.0005 0.0676 0.0000 
243      243   (0)     10 :  0.4012 0.0000 0.0000 0.0063 0.0013 0.0000 0.0000 0.0000 0.0000 0.3068 0.0000 0.0000 0.0093 0.0090 0.0801 0.0000 0.1860 0.0000 
244      244   (0)     11 :  0.0000 0.0002 0.0000 0.0000 0.0000 0.0000 0.0102 0.0000 0.0000 0.0000 0.0000 0.9894 0.0000 0.0000 0.0000 0.0000 0.0002 0.0000 
245      245   (0)     11 :  0.0000 0.0000 0.0000 0.0000 0.0000 0.0000 0.0538 0.0000 0.0000 0.0000 0.0000 0.9186 0.0000 0.0000 0.0030 0.0000 0.0245 0.0000 
246      246   (0)     11 :  0.0000 0.0000 0.0000 0.0000 0.0054 0.0000 0.0287 0.0000 0.0000 0.0022 0.0000 0.9615 0.0013 0.0000 0.0008 0.0000 0.0000 0.0000 
247      247   (0)     11 :  0.0000 0.0000 0.0047 0.0000 0.0000 0.0000 0.4448 0.0000 0.0000 0.0007 0.0000 0.4640 0.0000 0.0000 0.0015 0.0000 0.0844 0.0000 
248      248   (0)     11 :  0.0000 0.0000 0.0000 0.0000 0.0000 0.0000 0.0118 0.0000 0.0000 0.0000 0.0000 0.9882 0.0000 0.0000 0.0000 0.0000 0.0000 0.0000 
249      249   (0)     11 :  0.3443 0.3473 0.0000 0.0000 0.0000 0.0000 0.0000 0.0000 0.0000 0.1337 0.0000 0.0471 0.0000 0.0000 0.0180 0.0291 0.0779 0.0024 
250      250   (0)     11 :  0.1769 0.2690 0.0000 0.0000 0.0000 0.0000 0.0063 0.0109 0.0000 0.1613 0.0000 0.0000 0.0000 0.0000 0.0648 0.0583 0.0865 0.1660 
251      251   (0)     10 :  0.3926 0.0000 0.0000 0.0123 0.0000 0.0000 0.0761 0.0015 0.0216 0.2643 0.0000 0.0000 0.0000 0.0015 0.0373 0.0000 0.1928 0.0000 
252      252   (0)     10 :  0.6314 0.0000 0.0114 0.0004 0.0000 0.0051 0.0000 0.0000 0.0000 0.2076 0.0000 0.0000 0.0000 0.0000 0.0206 0.0000 0.1235 0.0000 
253      253   (0)     10 :  0.9453 0.0000 0.0000 0.0000 0.0000 0.0000 0.0000 0.0000 0.0000 0.0355 0.0000 0.0000 0.0000 0.0000 0.0000 0.0000 0.0192 0.0000 
254      254   (0)     10 :  0.7932 0.0000 0.0000 0.0000 0.0005 0.0000 0.0000 0.0000 0.0149 0.0954 0.0000 0.0000 0.0000 0.0000 0.0065 0.0325 0.0569 0.0000 
255      255   (0)     10 :  0.3828 0.0897 0.0000 0.0000 0.0159 0.0000 0.0000 0.0000 0.0000 0.2373 0.0922 0.0000 0.0000 0.0000 0.0186 0.0006 0.1630 0.0000 
256      256   (0)     10 :  0.4044 0.0770 0.0043 0.0000 0.0000 0.0000 0.0000 0.0137 0.0000 0.2474 0.0000 0.0307 0.0000 0.0000 0.0675 0.0016 0.1534 0.0000 
257      257   (0)     10 :  0.5347 0.0739 0.0086 0.0006 0.0000 0.0255 0.0121 0.0000 0.0000 0.2068 0.0000 0.0000 0.0000 0.0000 0.0416 0.0000 0.0961 0.0000 
258      258   (0)     10 :  0.7030 0.0416 0.0000 0.0000 0.0000 0.0000 0.0000 0.0000 0.0000 0.1572 0.0000 0.0000 0.0000 0.0000 0.0093 0.0000 0.0889 0.0000 
259      259   (0)     10 :  0.4133 0.0000 0.0311 0.0014 0.0000 0.0000 0.0112 0.0000 0.0000 0.3177 0.0000 0.0036 0.0000 0.0000 0.0494 0.0000 0.1722 0.0000 
260      260   (0)     10 :  0.4275 0.0337 0.0000 0.0050 0.0000 0.0000 0.0000 0.0000 0.0000 0.2294 0.0000 0.0000 0.0000 0.0018 0.0432 0.1237 0.1354 0.0004 
261      261   (0)     10 :  0.1598 0.0015 0.0000 0.0000 0.0000 0.0000 0.2248 0.0000 0.0000 0.2868 0.0000 0.0169 0.0000 0.0000 0.0851 0.0208 0.2042 0.0000 
262      262   (0)     10 :  0.1943 0.0074 0.0029 0.0000 0.0000 0.0000 0.0000 0.0000 0.0000 0.3500 0.0000 0.0276 0.0000 0.0146 0.1212 0.0075 0.2580 0.0166 
263      263   (0)     10 :  0.5452 0.0000 0.0147 0.0000 0.0000 0.0000 0.0000 0.0000 0.0000 0.2605 0.0000 0.0000 0.0000 0.0000 0.0216 0.0018 0.1563 0.0000 
264      264   (0)     10 :  0.3617 0.0000 0.0000 0.0000 0.0000 0.0000 0.0000 0.0000 0.0000 0.3700 0.0000 0.0000 0.0000 0.0000 0.0494 0.0000 0.2186 0.0003 
265      265   (0)     10 :  0.3869 0.1240 0.0000 0.0000 0.0000 0.0000 0.0000 0.0000 0.0000 0.2929 0.0000 0.0000 0.0000 0.0000 0.0325 0.0000 0.1637 0.0000 
266      266   (0)     10 :  0.8546 0.0000 0.0087 0.0014 0.0000 0.0000 0.0000 0.0000 0.0000 0.0380 0.0000 0.0000 0.0000 0.0000 0.0000 0.0708 0.0265 0.0000 
267      267   (0)     10 :  0.0376 0.0000 0.0025 0.0000 0.0444 0.0000 0.6193 0.0000 0.0000 0.0047 0.0099 0.2156 0.0000 0.0000 0.0000 0.0009 0.0651 0.0000 
268      268   (0)     10 :  0.4650 0.0000 0.0000 0.0060 0.0000 0.0000 0.0000 0.0037 0.0000 0.2657 0.0000 0.0000 0.0000 0.0091 0.0270 0.0430 0.1776 0.0030 
269      269   (0)     10 :  0.2707 0.0000 0.0000 0.0001 0.0000 0.0000 0.0089 0.0000 0.0000 0.3886 0.0000 0.0000 0.0000 0.0073 0.0805 0.0000 0.2408 0.0030 
270      270   (0)     10 :  0.6014 0.0000 0.0007 0.0000 0.0000 0.0000 0.0000 0.0000 0.0217 0.2196 0.0000 0.0045 0.0000 0.0000 0.0173 0.0000 0.1349 0.0000 
271      271   (0)     10 :  0.5877 0.0028 0.0000 0.0000 0.0000 0.0000 0.0000 0.0197 0.0000 0.2254 0.0000 0.0000 0.0000 0.0000 0.0211 0.0000 0.1433 0.0000 
272      272   (0)     10 :  0.9565 0.0000 0.0000 0.0000 0.0000 0.0000 0.0000 0.0000 0.0000 0.0256 0.0000 0.0000 0.0000 0.0000 0.0000 0.0000 0.0179 0.0000 
273      273   (0)     12 :  0.0000 0.1059 0.0037 0.0000 0.0000 0.0000 0.0000 0.0000 0.0000 0.0000 0.0000 0.0000 0.0000 0.0000 0.0000 0.0000 0.0000 0.8904 
274      274   (0)     12 :  0.0000 0.0000 0.0065 0.0000 0.0000 0.0000 0.0000 0.0000 0.0000 0.0000 0.0000 0.0000 0.0000 0.0000 0.0000 0.0000 0.0021 0.9914 
275      275   (0)     12 :  0.0000 0.0000 0.0000 0.0000 0.0000 0.0000 0.0000 0.0000 0.0000 0.0013 0.0000 0.0000 0.0000 0.0000 0.0011 0.0000 0.0000 0.9976 
276      276   (0)     12 :  0.0000 0.0064 0.0000 0.0000 0.0000 0.0000 0.0000 0.0000 0.0000 0.0009 0.0000 0.0000 0.0000 0.0000 0.0000 0.1350 0.0000 0.8577 
277      277   (0)     12 :  0.0001 0.0000 0.0087 0.0000 0.0000 0.0000 0.0261 0.0000 0.0000 0.0001 0.0000 0.0000 0.0000 0.0030 0.0023 0.0000 0.0038 0.9558 
278      278   (0)     12 :  0.0000 0.0000 0.0500 0.0000 0.0000 0.0000 0.0000 0.0000 0.0000 0.0130 0.0000 0.4670 0.0000 0.0000 0.0035 0.0000 0.2504 0.2161 
279      279   (0)     12 :  0.0000 0.0000 0.0500 0.0000 0.0000 0.0000 0.0000 0.0000 0.0000 0.0061 0.0000 0.6117 0.0000 0.0000 0.0031 0.0000 0.2690 0.0602 
280      280   (0)     12 :  0.0000 0.0000 0.0000 0.0000 0.0000 0.0000 0.0000 0.0000 0.0000 0.0000 0.0000 0.0000 0.0000 0.0000 0.0000 0.0000 0.0000 1.0000 
281      281   (0)     12 :  0.0000 0.1300 0.0000 0.0000 0.0000 0.0000 0.0000 0.0000 0.0000 0.0070 0.0000 0.0000 0.0000 0.0000 0.0000 0.0000 0.0000 0.8631 
282      282   (0)     12 :  0.0225 0.0000 0.0069 0.0003 0.0000 0.0000 0.0000 0.0006 0.0000 0.0432 0.0000 0.0336 0.0000 0.0000 0.0083 0.0303 0.0647 0.7896 
283      283   (0)     12 :  0.0000 0.0000 0.0055 0.0000 0.0000 0.0000 0.0000 0.0000 0.0000 0.0001 0.0000 0.0000 0.0000 0.0000 0.0018 0.0000 0.0120 0.9806 
284      284   (0)     12 :  0.0000 0.0000 0.0500 0.0000 0.0000 0.0000 0.0000 0.0000 0.0000 0.0000 0.0000 0.6223 0.0000 0.0000 0.0000 0.0000 0.3168 0.0109 
285      285   (0)     12 :  0.0000 0.0000 0.0500 0.0000 0.0000 0.0000 0.0003 0.0000 0.0000 0.0000 0.0000 0.5957 0.0000 0.0000 0.0000 0.0000 0.2518 0.1022 
286      286   (0)     12 :  0.0000 0.0000 0.0500 0.0000 0.0000 0.0000 0.0000 0.0001 0.0000 0.0000 0.0000 0.6155 0.0000 0.0000 0.0056 0.0000 0.1174 0.2114 
287      287   (0)     12 :  0.0000 0.0000 0.0000 0.0000 0.0000 0.0000 0.0000 0.0000 0.0000 0.0000 0.0000 0.0000 0.0000 0.0000 0.0000 0.0000 0.0000 1.0000 
288      288   (0)     12 :  0.0000 0.0000 0.0000 0.0000 0.0000 0.0000 0.0000 0.0000 0.0000 0.0000 0.0000 0.0000 0.0000 0.0000 0.0000 0.0000 0.0000 1.0000 
289      289   (0)     12 :  0.0000 0.0000 0.0000 0.0000 0.0000 0.0000 0.0000 0.0000 0.0000 0.0000 0.0000 0.0000 0.0000 0.0000 0.0000 0.0000 0.0000 1.0000 
290      290   (0)     12 :  0.0000 0.0000 0.0000 0.0000 0.0000 0.0000 0.0000 0.0000 0.0000 0.0061 0.0000 0.0000 0.0000 0.0000 0.0000 0.0000 0.0000 0.9939 
291      291   (0)     12 :  0.0000 0.0000 0.0000 0.0000 0.0000 0.0000 0.0000 0.0000 0.0000 0.0025 0.0000 0.0000 0.0000 0.0000 0.0000 0.0000 0.0000 0.9975 
292      292   (0)     12 :  0.0000 0.0000 0.0000 0.0000 0.0000 0.0000 0.0000 0.0000 0.0000 0.0000 0.0000 0.0000 0.0000 0.0000 0.0000 0.0000 0.0000 1.0000 
293      293   (0)     12 :  0.0000 0.0000 0.0000 0.0000 0.0000 0.0000 0.0000 0.0000 0.0000 0.0000 0.0000 0.0000 0.0000 0.0000 0.0000 0.0000 0.0000 1.0000 
294      294   (0)     12 :  0.0000 0.0000 0.0000 0.0000 0.0000 0.0000 0.0000 0.0000 0.0000 0.0000 0.0000 0.0000 0.0000 0.0000 0.0000 0.0152 0.0000 0.9848 
295      295   (0)     12 :  0.0000 0.0000 0.0500 0.0000 0.0000 0.0000 0.0000 0.0000 0.0000 0.0000 0.0000 0.6377 0.0000 0.0000 0.0000 0.0000 0.3123 0.0000 
296      296   (0)     12 :  0.0000 0.0101 0.0000 0.0000 0.0000 0.0000 0.0000 0.0000 0.0000 0.0000 0.0000 0.0000 0.0000 0.0000 0.0000 0.0000 0.0004 0.9895 
297      297   (0)     12 :  0.0000 0.0406 0.0000 0.0000 0.0000 0.0000 0.0000 0.0000 0.0000 0.0040 0.0000 0.0000 0.0000 0.0000 0.0002 0.0705 0.0000 0.8847 
298      298   (0)     12 :  0.0000 0.0000 0.0500 0.0000 0.0000 0.0000 0.0000 0.0000 0.0000 0.0233 0.0000 0.5191 0.0000 0.0001 0.0099 0.0000 0.2922 0.1053 
299      299   (0)     12 :  0.0000 0.0000 0.0000 0.0000 0.0000 0.0000 0.0000 0.0000 0.0000 0.0000 0.0000 0.0000 0.0000 0.0000 0.0000 0.0000 0.0000 1.0000 
300      300   (0)     12 :  0.0000 0.0000 0.0500 0.0000 0.0000 0.0000 0.0000 0.0000 0.0000 0.0000 0.0000 0.6328 0.0000 0.0000 0.0000 0.0000 0.2554 0.0618 
301      301   (0)     13 :  0.0000 0.9026 0.0049 0.0000 0.0000 0.0000 0.0000 0.0000 0.0000 0.0002 0.0000 0.0831 0.0000 0.0000 0.0023 0.0000 0.0069 0.0000 
302      302   (0)     13 :  0.0000 1.0000 0.0000 0.0000 0.0000 0.0000 0.0000 0.0000 0.0000 0.0000 0.0000 0.0000 0.0000 0.0000 0.0000 0.0000 0.0000 0.0000 
303      303   (0)     13 :  0.0000 0.9962 0.0000 0.0000 0.0000 0.0000 0.0000 0.0000 0.0000 0.0038 0.0000 0.0000 0.0000 0.0000 0.0000 0.0000 0.0000 0.0000 
304      304   (0)     13 :  0.0918 0.4977 0.0000 0.0000 0.0000 0.0000 0.0726 0.0000 0.0000 0.0183 0.0000 0.0000 0.0000 0.0000 0.0009 0.2098 0.0141 0.0949 
305      305   (0)     13 :  0.0000 1.0000 0.0000 0.0000 0.0000 0.0000 0.0000 0.0000 0.0000 0.0000 0.0000 0.0000 0.0000 0.0000 0.0000 0.0000 0.0000 0.0000 
306      306   (0)     13 :  0.0000 0.9991 0.0000 0.0000 0.0000 0.0000 0.0000 0.0000 0.0000 0.0000 0.0000 0.0009 0.0000 0.0000 0.0000 0.0000 0.0000 0.0000 
307      307   (0)     13 :  0.0844 0.8966 0.0038 0.0000 0.0000 0.0000 0.0000 0.0000 0.0000 0.0152 0.0000 0.0000 0.0000 0.0000 0.0000 0.0000 0.0000 0.0000 
308      308   (0)     13 :  0.0000 0.2604 0.0000 0.0000 0.0000 0.0000 0.3629 0.0000 0.0117 0.0000 0.0000 0.2993 0.0000 0.0000 0.0021 0.0000 0.0636 0.0000 
309      309   (0)     13 :  0.0000 0.5297 0.0085 0.0000 0.0000 0.0000 0.0080 0.0000 0.0000 0.0409 0.0000 0.3600 0.0003 0.0000 0.0108 0.0000 0.0417 0.0000 
310      310   (0)     13 :  0.0000 0.8407 0.0000 0.0000 0.0000 0.0000 0.0000 0.0000 0.0000 0.0050 0.0000 0.0000 0.0000 0.0000 0.0000 0.0000 0.0000 0.1543 
311      311   (0)     13 :  0.0000 1.0000 0.0000 0.0000 0.0000 0.0000 0.0000 0.0000 0.0000 0.0000 0.0000 0.0000 0.0000 0.0000 0.0000 0.0000 0.0000 0.0000 
312      312   (0)     13 :  0.0000 0.9805 0.0000 0.0000 0.0000 0.0000 0.0000 0.0041 0.0000 0.0000 0.0000 0.0000 0.0000 0.0000 0.0154 0.0000 0.0000 0.0000 
313      313   (0)     13 :  0.0000 1.0000 0.0000 0.0000 0.0000 0.0000 0.0000 0.0000 0.0000 0.0000 0.0000 0.0000 0.0000 0.0000 0.0000 0.0000 0.0000 0.0000 
314      314   (0)     13 :  0.0000 1.0000 0.0000 0.0000 0.0000 0.0000 0.0000 0.0000 0.0000 0.0000 0.0000 0.0000 0.0000 0.0000 0.0000 0.0000 0.0000 0.0000 
315      315   (0)     13 :  0.0000 1.0000 0.0000 0.0000 0.0000 0.0000 0.0000 0.0000 0.0000 0.0000 0.0000 0.0000 0.0000 0.0000 0.0000 0.0000 0.0000 0.0000 
316      316   (0)     13 :  0.1268 0.8206 0.0000 0.0000 0.0000 0.0000 0.0000 0.0000 0.0000 0.0142 0.0000 0.0209 0.0000 0.0000 0.0000 0.0000 0.0174 0.0000 
317      317   (0)     13 :  0.0000 0.9237 0.0000 0.0000 0.0000 0.0000 0.0000 0.0000 0.0000 0.0415 0.0000 0.0000 0.0000 0.0000 0.0119 0.0000 0.0230 0.0000 
318      318   (0)     13 :  0.0000 1.0000 0.0000 0.0000 0.0000 0.0000 0.0000 0.0000 0.0000 0.0000 0.0000 0.0000 0.0000 0.0000 0.0000 0.0000 0.0000 0.0000 
319      319   (0)     13 :  0.0015 0.9985 0.0000 0.0000 0.0000 0.0000 0.0000 0.0000 0.0000 0.0000 0.0000 0.0000 0.0000 0.0000 0.0000 0.0000 0.0000 0.0000 
320      320   (0)     13 :  0.0000 0.1986 0.0000 0.0000 0.0000 0.0000 0.0895 0.0000 0.0000 0.0151 0.0000 0.5941 0.0000 0.0000 0.0093 0.0000 0.0774 0.0160 
321      321   (0)     13 :  0.0000 1.0000 0.0000 0.0000 0.0000 0.0000 0.0000 0.0000 0.0000 0.0000 0.0000 0.0000 0.0000 0.0000 0.0000 0.0000 0.0000 0.0000 
322      322   (0)     13 :  0.0000 0.9186 0.0000 0.0000 0.0000 0.0000 0.0000 0.0000 0.0000 0.0000 0.0000 0.0145 0.0000 0.0000 0.0000 0.0000 0.0669 0.0000 
323      323   (0)     13 :  0.0000 0.8955 0.0000 0.0000 0.0000 0.0000 0.0000 0.0000 0.0000 0.0000 0.0000 0.0000 0.0000 0.0000 0.0000 0.1045 0.0000 0.0000 
324      324   (0)     13 :  0.0000 0.7437 0.0000 0.0000 0.0000 0.0000 0.0000 0.0000 0.0000 0.0000 0.0000 0.0000 0.0000 0.0000 0.0000 0.2563 0.0000 0.0000 
325      325   (0)     14 :  0.2853 0.6673 0.0000 0.0000 0.0000 0.0000 0.0000 0.0000 0.0000 0.0401 0.0000 0.0000 0.0000 0.0000 0.0020 0.0000 0.0051 0.0002 
326      326   (0)     14 :  0.9612 0.0176 0.0000 0.0000 0.0000 0.0000 0.0000 0.0000 0.0000 0.0212 0.0000 0.0000 0.0000 0.0000 0.0000 0.0000 0.0000 0.0000 
327      327   (0)     14 :  0.0000 0.0000 0.0000 0.0000 0.0000 0.0000 1.0000 0.0000 0.0000 0.0000 0.0000 0.0000 0.0000 0.0000 0.0000 0.0000 0.0000 0.0000 
328      328   (0)     14 :  0.4978 0.1904 0.0000 0.0000 0.0000 0.0000 0.0000 0.0000 0.0000 0.0589 0.0000 0.0000 0.0000 0.0000 0.0051 0.0099 0.0005 0.2374 
329      329   (0)     14 :  0.0000 0.0000 0.0000 0.0000 0.0000 0.0000 0.1063 0.0000 0.0000 0.0000 0.0000 0.8937 0.0000 0.0000 0.0000 0.0000 0.0000 0.0000 
330      330   (0)     14 :  0.0000 0.0000 0.0000 0.0000 0.0000 0.0000 0.9845 0.0000 0.0008 0.0045 0.0000 0.0000 0.0000 0.0000 0.0046 0.0000 0.0055 0.0000 
331      331   (0)     14 :  0.0000 0.0031 0.0122 0.0000 0.0000 0.0000 0.4911 0.0233 0.0000 0.0000 0.0000 0.4404 0.0007 0.0000 0.0004 0.0000 0.0289 0.0000 
332      332   (0)     14 :  0.1333 0.2519 0.0000 0.0000 0.0000 0.0000 0.0868 0.0000 0.0000 0.2094 0.0000 0.0000 0.0000 0.0000 0.0593 0.0506 0.1067 0.1019 
333      333   (0)     14 :  0.0000 0.0000 0.0067 0.0000 0.0000 0.0000 0.8484 0.0000 0.0000 0.0000 0.0000 0.0643 0.0000 0.0000 0.0000 0.0000 0.0806 0.0000 
334      334   (0)     14 :  0.7553 0.1621 0.0000 0.0000 0.0000 0.0000 0.0000 0.0000 0.0000 0.0643 0.0000 0.0109 0.0004 0.0000 0.0000 0.0000 0.0071 0.0000 
335      335   (0)     14 :  0.1863 0.3235 0.0000 0.0000 0.0000 0.0000 0.0682 0.0000 0.0001 0.2180 0.0000 0.0008 0.0000 0.0000 0.0481 0.0319 0.1103 0.0129 
336      336   (0)     11 :  0.0000 0.0124 0.0000 0.0000 0.0000 0.0000 0.1678 0.0000 0.0000 0.0013 0.0000 0.8185 0.0000 0.0000 0.0000 0.0000 0.0000 0.0000 
337      337   (0)     11 :  0.4209 0.3893 0.0104 0.0000 0.0000 0.0000 0.0000 0.0000 0.0000 0.0709 0.0000 0.0000 0.0000 0.0000 0.0244 0.0000 0.0000 0.0841 
338      338   (0)     11 :  0.0008 0.0000 0.0000 0.0000 0.0000 0.0000 0.0631 0.0000 0.0014 0.0000 0.0000 0.9346 0.0000 0.0000 0.0000 0.0000 0.0000 0.0000 
339      339   (0)     10 :  0.9211 0.0000 0.0000 0.0000 0.0000 0.0000 0.0000 0.0000 0.0000 0.0789 0.0000 0.0000 0.0000 0.0000 0.0000 0.0000 0.0000 0.0000 
340      340   (0)     10 :  0.0000 0.0000 0.0000 0.0000 0.0143 0.0000 0.4623 0.0000 0.0000 0.0000 0.0000 0.2124 0.0000 0.0577 0.2533 0.0000 0.0000 0.0000 
341      341   (0)     11 :  0.0000 0.0032 0.0000 0.0000 0.0000 0.0000 0.1258 0.0000 0.0000 0.0832 0.0000 0.7174 0.0002 0.0000 0.0227 0.0000 0.0474 0.0000 
342      342   (0)     11 :  0.0000 0.0000 0.0000 0.0000 0.0000 0.0000 0.0226 0.0000 0.0000 0.0000 0.0000 0.9774 0.0000 0.0000 0.0000 0.0000 0.0000 0.0000 
343      343   (0)     11 :  0.0000 0.0000 0.0000 0.0000 0.0000 0.0000 0.4708 0.0000 0.0000 0.0000 0.0000 0.5292 0.0000 0.0000 0.0000 0.0000 0.0000 0.0000 
344      344   (0)     11 :  0.0102 0.0000 0.0000 0.0065 0.0000 0.0000 0.0595 0.0000 0.0000 0.0227 0.0000 0.8607 0.0006 0.0036 0.0127 0.0000 0.0235 0.0000 
345      345   (0)     11 :  0.0026 0.0012 0.0000 0.0000 0.0000 0.0000 0.0225 0.0000 0.0000 0.0000 0.0000 0.9736 0.0000 0.0000 0.0000 0.0000 0.0000 0.0000 
346      346   (0)     11 :  0.0000 0.0000 0.0000 0.0000 0.0000 0.0000 0.1596 0.0000 0.0000 0.0000 0.0000 0.8404 0.0000 0.0000 0.0000 0.0000 0.0000 0.0000 
347      347   (0)     11 :  0.3989 0.4894 0.0000 0.0000 0.0000 0.0000 0.0000 0.0000 0.0000 0.0573 0.0000 0.0032 0.0000 0.0000 0.0000 0.0000 0.0177 0.0336 
348      348   (0)     11 :  0.0000 0.0000 0.0000 0.0000 0.0000 0.0000 0.1950 0.0000 0.0000 0.0000 0.0000 0.7973 0.0000 0.0000 0.0000 0.0000 0.0078 0.0000 
349      349   (0)     11 :  0.0031 0.0000 0.0008 0.0000 0.0000 0.0000 0.3092 0.0000 0.0000 0.0000 0.0000 0.6788 0.0000 0.0000 0.0000 0.0000 0.0081 0.0000 
350      350   (0)     11 :  0.0153 0.0010 0.0000 0.0000 0.0000 0.0000 0.0407 0.0000 0.0000 0.0751 0.0000 0.7137 0.0000 0.0000 0.0220 0.0003 0.1318 0.0000 
351      351   (0)     11 :  0.0000 0.0000 0.0000 0.0000 0.0000 0.0000 0.0178 0.0000 0.0000 0.0000 0.0000 0.9822 0.0000 0.0000 0.0000 0.0000 0.0000 0.0000 
352      352   (0)     11 :  0.4673 0.0839 0.0000 0.0000 0.0000 0.0000 0.0009 0.0000 0.0000 0.1579 0.0000 0.0304 0.0000 0.0000 0.0123 0.0491 0.0575 0.1406 
353      353   (0)     11 :  0.0000 0.0000 0.0000 0.0000 0.0000 0.0000 0.0289 0.0000 0.0000 0.0000 0.0000 0.9711 0.0000 0.0000 0.0000 0.0000 0.0000 0.0000 
354      354   (0)     11 :  0.6386 0.1910 0.0000 0.0000 0.0000 0.0000 0.0000 0.0000 0.0000 0.1224 0.0000 0.0000 0.0000 0.0000 0.0063 0.0000 0.0121 0.0297 
355      355   (0)     11 :  0.0000 0.0000 0.0000 0.0000 0.0000 0.0000 0.0269 0.0000 0.0000 0.0000 0.0000 0.9731 0.0000 0.0000 0.0000 0.0000 0.0000 0.0000 
356      356   (0)     14 :  0.0000 0.0000 0.0000 0.0000 0.0010 0.0000 0.6101 0.0000 0.0000 0.0024 0.0000 0.2748 0.0000 0.0042 0.0190 0.0841 0.0043 0.0000 
357      357   (0)     14 :  0.5607 0.2559 0.0000 0.0000 0.0000 0.0000 0.0000 0.0000 0.0000 0.0862 0.0000 0.0000 0.0000 0.0000 0.0000 0.0140 0.0024 0.0808 
358      358   (0)     14 :  0.0000 0.0000 0.0000 0.0000 0.0000 0.0000 0.4380 0.0000 0.0000 0.0000 0.0000 0.4790 0.0000 0.0000 0.0000 0.0000 0.0830 0.0000 
359      359   (0)     14 :  0.5743 0.2061 0.0000 0.0000 0.0000 0.0000 0.0312 0.0000 0.0000 0.0057 0.0000 0.0000 0.0000 0.0000 0.0004 0.1708 0.0065 0.0052 
360      360   (0)     14 :  0.0000 0.0000 0.0000 0.0000 0.0000 0.0000 1.0000 0.0000 0.0000 0.0000 0.0000 0.0000 0.0000 0.0000 0.0000 0.0000 0.0000 0.0000 
361      361   (0)     14 :  0.0000 0.0228 0.0000 0.0000 0.0000 0.0000 0.7003 0.0000 0.0000 0.0173 0.0000 0.2447 0.0000 0.0000 0.0061 0.0000 0.0088 0.0000 
362      362   (0)     14 :  0.0000 0.0000 0.0000 0.0000 0.0000 0.0000 0.7155 0.0000 0.0000 0.0043 0.0000 0.2695 0.0000 0.0000 0.0028 0.0000 0.0079 0.0000 
363      363   (0)     14 :  0.0000 0.0000 0.0046 0.0003 0.0020 0.0000 0.5298 0.0000 0.0000 0.0000 0.0000 0.4606 0.0027 0.0000 0.0000 0.0000 0.0000 0.0000 
364      364   (0)     14 :  0.0000 0.0000 0.0000 0.0000 0.0000 0.0000 0.5540 0.0000 0.0000 0.0000 0.0000 0.4276 0.0000 0.0000 0.0184 0.0000 0.0000 0.0000 
365      365   (0)     14 :  0.0000 0.0992 0.0000 0.0000 0.0000 0.0000 0.4981 0.0000 0.0000 0.0254 0.0000 0.3468 0.0000 0.0000 0.0112 0.0000 0.0191 0.0000 
366      366   (0)     14 :  0.5033 0.1922 0.0000 0.0000 0.0000 0.0000 0.0025 0.0000 0.0000 0.0854 0.0000 0.0550 0.0000 0.0000 0.0007 0.1156 0.0454 0.0000 
367      367   (0)      9 :  0.8269 0.0200 0.0022 0.0000 0.0000 0.0000 0.0146 0.0000 0.0000 0.0583 0.0000 0.0000 0.0000 0.0000 0.0000 0.0762 0.0017 0.0000 
368      368   (0)      9 :  0.0937 0.0000 0.0000 0.0000 0.0020 0.0000 0.6684 0.0000 0.0000 0.0273 0.0000 0.1549 0.0000 0.0071 0.0465 0.0000 0.0000 0.0000 
369      369   (0)      9 :  0.8795 0.0837 0.0031 0.0000 0.0000 0.0000 0.0000 0.0000 0.0000 0.0162 0.0000 0.0031 0.0000 0.0000 0.0000 0.0000 0.0144 0.0000 
370      370   (0)      9 :  0.7474 0.0000 0.0018 0.0000 0.0000 0.0000 0.0000 0.0000 0.0000 0.1019 0.0000 0.0385 0.0000 0.0000 0.0159 0.0021 0.0924 0.0000 
371      371   (0)      9 :  0.8329 0.0166 0.0000 0.0000 0.0000 0.0000 0.0000 0.0000 0.0000 0.0991 0.0000 0.0000 0.0000 0.0000 0.0132 0.0000 0.0382 0.0000 
372      372   (0)      9 :  0.0000 0.0000 0.0000 0.0000 0.0000 0.0000 1.0000 0.0000 0.0000 0.0000 0.0000 0.0000 0.0000 0.0000 0.0000 0.0000 0.0000 0.0000 
373      373   (0)     14 :  0.0000 0.0000 0.0000 0.0000 0.0000 0.0000 0.4861 0.0000 0.0000 0.0008 0.0000 0.5131 0.0000 0.0000 0.0000 0.0000 0.0000 0.0000 
374      374   (0)     14 :  0.7581 0.1037 0.0000 0.0000 0.0000 0.0000 0.0013 0.0000 0.0000 0.0978 0.0000 0.0359 0.0000 0.0000 0.0000 0.0000 0.0031 0.0000 
375      375   (0)     14 :  0.0000 0.0000 0.0000 0.0000 0.0000 0.0000 0.9171 0.0000 0.0000 0.0261 0.0000 0.0000 0.0000 0.0000 0.0080 0.0000 0.0297 0.0191 
376      376   (0)     14 :  0.0000 0.0000 0.0000 0.0000 0.0000 0.0000 1.0000 0.0000 0.0000 0.0000 0.0000 0.0000 0.0000 0.0000 0.0000 0.0000 0.0000 0.0000 
377      377   (0)     14 :  0.7286 0.1684 0.0030 0.0000 0.0000 0.0000 0.0000 0.0000 0.0000 0.1000 0.0000 0.0000 0.0000 0.0000 0.0000 0.0000 0.0000 0.0000 
378      378   (0)      9 :  0.9797 0.0000 0.0000 0.0000 0.0000 0.0000 0.0000 0.0000 0.0000 0.0123 0.0000 0.0000 0.0000 0.0000 0.0000 0.0000 0.0072 0.0008 
379      379   (0)      9 :  0.0000 0.0000 0.0000 0.0000 0.0000 0.0000 0.9978 0.0000 0.0000 0.0022 0.0000 0.0000 0.0000 0.0000 0.0000 0.0000 0.0000 0.0000 
380      380   (0)      9 :  0.0000 0.0000 0.0000 0.0000 0.0000 0.0000 0.9990 0.0000 0.0000 0.0000 0.0000 0.0000 0.0006 0.0000 0.0000 0.0000 0.0003 0.0000 
381      381   (0)      9 :  0.0000 0.0000 0.0000 0.0000 0.0234 0.0000 0.9397 0.0000 0.0000 0.0028 0.0341 0.0000 0.0000 0.0000 0.0000 0.0000 0.0000 0.0000 
382      382   (0)      9 :  0.7201 0.0197 0.0000 0.0000 0.0000 0.0000 0.0417 0.0000 0.0000 0.1331 0.0000 0.0000 0.0000 0.0000 0.0185 0.0000 0.0669 0.0000 
383      383   (0)      9 :  0.9648 0.0000 0.0000 0.0000 0.0000 0.0000 0.0000 0.0000 0.0000 0.0352 0.0000 0.0000 0.0000 0.0000 0.0000 0.0000 0.0000 0.0000 
384      384   (0)      9 :  0.7992 0.0000 0.0000 0.0000 0.0000 0.0000 0.0000 0.0000 0.0000 0.1275 0.0000 0.0000 0.0000 0.0000 0.0070 0.0000 0.0664 0.0000 
385      385   (0)      9 :  0.0000 0.0000 0.0000 0.0000 0.0656 0.0000 0.8858 0.0000 0.0000 0.0000 0.0367 0.0000 0.0000 0.0000 0.0000 0.0000 0.0120 0.0000 
386      386   (0)      9 :  0.6589 0.0236 0.0000 0.0000 0.0000 0.0000 0.0000 0.0000 0.0000 0.1956 0.0000 0.0000 0.0000 0.0000 0.0312 0.0000 0.0820 0.0087 
387      387   (0)      9 :  0.8311 0.0000 0.0228 0.0011 0.0000 0.0000 0.0107 0.0000 0.0000 0.0879 0.0000 0.0013 0.0000 0.0000 0.0009 0.0000 0.0440 0.0000 
388      388   (0)      9 :  0.0000 0.0000 0.0000 0.0000 0.0000 0.0000 1.0000 0.0000 0.0000 0.0000 0.0000 0.0000 0.0000 0.0000 0.0000 0.0000 0.0000 0.0000 
389      389   (0)      9 :  0.0000 0.0000 0.0000 0.0000 0.0000 0.0000 1.0000 0.0000 0.0000 0.0000 0.0000 0.0000 0.0000 0.0000 0.0000 0.0000 0.0000 0.0000 
390      390   (0)      9 :  0.4059 0.0000 0.0327 0.0000 0.0000 0.0000 0.0000 0.0115 0.0000 0.2873 0.0000 0.0000 0.0000 0.0000 0.1992 0.0000 0.0634 0.0000 
391      391   (0)      9 :  0.0000 0.0000 0.0000 0.0000 0.0782 0.0000 0.8583 0.0000 0.0000 0.0000 0.0485 0.0000 0.0000 0.0000 0.0000 0.0000 0.0150 0.0000 
392      392   (0)     15 :  0.2677 0.0610 0.0000 0.0000 0.0000 0.0000 0.0000 0.0000 0.0000 0.0303 0.0000 0.0000 0.0000 0.0000 0.0000 0.6404 0.0006 0.0000 
393      393   (0)     15 :  0.0000 0.1509 0.0000 0.0000 0.0000 0.0000 0.0000 0.0000 0.0000 0.0000 0.0000 0.0000 0.0000 0.0000 0.0000 0.8491 0.0000 0.0000 
394      394   (0)     15 :  0.0000 0.0000 0.0000 0.0000 0.0000 0.0000 0.0001 0.0000 0.0000 0.0000 0.0000 0.0000 0.0000 0.0000 0.0000 0.9220 0.0779 0.0000 
395      395   (0)     15 :  0.0000 0.0223 0.0000 0.0000 0.0134 0.0000 0.0000 0.0000 0.0000 0.0000 0.0681 0.0190 0.0000 0.0000 0.0000 0.7835 0.0937 0.0000 
396      396   (0)     15 :  0.0000 0.0166 0.0000 0.0000 0.0000 0.0000 0.0000 0.0000 0.0000 0.0000 0.0000 0.0000 0.0000 0.0000 0.0000 0.9834 0.0000 0.0000 
397      397   (0)     15 :  0.0000 0.0000 0.0000 0.0000 0.0000 0.0000 0.0000 0.0000 0.0000 0.0000 0.0000 0.0000 0.0000 0.0000 0.0000 1.0000 0.0000 0.0000 
398      398   (0)     15 :  0.0000 0.0000 0.0000 0.0000 0.0000 0.0000 0.0000 0.0000 0.0000 0.0000 0.0000 0.0000 0.0000 0.0000 0.0000 1.0000 0.0000 0.0000 
399      399   (0)     15 :  0.0000 0.0000 0.0000 0.0000 0.0000 0.0000 0.0349 0.0000 0.0000 0.0000 0.0000 0.2926 0.0000 0.0000 0.0007 0.0677 0.6041 0.0000 
400      400   (0)     15 :  0.0000 0.0000 0.0000 0.0000 0.0000 0.0000 0.0000 0.0000 0.0000 0.0000 0.0000 0.0000 0.0000 0.0000 0.0000 1.0000 0.0000 0.0000 
401      401   (0)     15 :  0.0000 0.0000 0.0000 0.0000 0.0000 0.0000 0.0000 0.0000 0.0000 0.0000 0.0000 0.0000 0.0000 0.0000 0.0000 1.0000 0.0000 0.0000 
402      402   (0)     15 :  0.0000 0.0000 0.0000 0.0000 0.0000 0.0000 0.0000 0.0000 0.0000 0.0000 0.0000 0.3154 0.0000 0.0000 0.0000 0.0846 0.6000 0.0000 
403      403   (0)     15 :  0.0000 0.0000 0.0000 0.0000 0.0000 0.0000 0.1731 0.0000 0.0000 0.0000 0.0000 0.3091 0.0000 0.0000 0.0000 0.0000 0.5179 0.0000 
404      404   (0)     15 :  0.0000 0.0000 0.0000 0.0000 0.0000 0.0000 0.0000 0.0000 0.0000 0.0000 0.0000 0.0017 0.0000 0.0000 0.0000 0.9983 0.0000 0.0000 
405      405   (0)     15 :  0.0010 0.0001 0.0000 0.0000 0.0000 0.0000 0.0000 0.0000 0.0000 0.0000 0.0000 0.0000 0.0000 0.0000 0.0000 0.9990 0.0000 0.0000 
406      406   (0)     15 :  0.0000 0.2092 0.0000 0.0000 0.0000 0.0000 0.0000 0.0000 0.0000 0.0000 0.0000 0.0000 0.0000 0.0000 0.0000 0.7908 0.0000 0.0000 
407      407   (0)     15 :  0.0188 0.0000 0.0000 0.0000 0.0000 0.0000 0.0000 0.0000 0.0000 0.0033 0.0000 0.0475 0.0000 0.0000 0.0016 0.7208 0.2080 0.0000 
408      408   (0)     15 :  0.0000 0.0000 0.0000 0.0000 0.0000 0.0000 0.0000 0.0000 0.0000 0.0000 0.0000 0.3571 0.0000 0.0000 0.0000 0.0429 0.6000 0.0000 
409      409   (0)     15 :  0.0000 0.0000 0.0000 0.0000 0.0000 0.0000 0.0000 0.0000 0.0000 0.0000 0.0000 0.0011 0.0000 0.0000 0.0000 0.9412 0.0576 0.0000 
410      410   (0)     15 :  0.0000 0.0000 0.0000 0.0000 0.0000 0.0000 0.0000 0.0000 0.0000 0.0000 0.0000 0.3185 0.0000 0.0000 0.0000 0.0815 0.6000 0.0000 
411      411   (0)     15 :  0.0000 0.0847 0.0000 0.0000 0.0000 0.0000 0.0000 0.0000 0.0000 0.0000 0.0000 0.0000 0.0000 0.0000 0.0000 0.9153 0.0000 0.0000 
412      412   (0)     15 :  0.0000 0.0000 0.0026 0.0000 0.0000 0.0000 0.0000 0.0000 0.0000 0.0000 0.0000 0.0521 0.0000 0.0000 0.0000 0.7648 0.1804 0.0000 
413      413   (0)     15 :  0.0000 0.1018 0.0000 0.0000 0.0000 0.0000 0.0000 0.0000 0.0000 0.0000 0.0000 0.0000 0.0000 0.0000 0.0000 0.8982 0.0000 0.0000 
414      414   (0)     15 :  0.0024 0.0673 0.0012 0.0000 0.0001 0.0000 0.0000 0.0113 0.0000 0.0064 0.0000 0.0000 0.0000 0.0000 0.0495 0.7604 0.0001 0.1013 
415      415   (0)     15 :  0.0222 0.0000 0.0000 0.0004 0.0000 0.0000 0.0000 0.0002 0.0111 0.0031 0.0000 0.0435 0.0000 0.0007 0.0017 0.6633 0.1883 0.0656 
416      416   (0)     15 :  0.0000 0.0000 0.0000 0.0000 0.0000 0.0000 0.0000 0.0000 0.0000 0.0000 0.0000 0.0000 0.0000 0.0000 0.0000 1.0000 0.0000 0.0000 
417      417   (0)     15 :  0.0000 0.0000 0.0000 0.0000 0.0000 0.0000 0.0000 0.0000 0.0000 0.0000 0.0000 0.3657 0.0000 0.0000 0.0000 0.0343 0.6000 0.0000 
418      418   (0)     15 :  0.0000 0.0579 0.0000 0.0000 0.0000 0.0000 0.0000 0.0000 0.0000 0.0067 0.0000 0.0000 0.0000 0.0000 0.0000 0.9354 0.0000 0.0000 
419      419   (0)     15 :  0.0000 0.0000 0.0000 0.0000 0.0000 0.0000 0.0000 0.0000 0.0000 0.0000 0.0000 0.3581 0.0000 0.0000 0.0000 0.0419 0.6000 0.0000 
420      420   (0)     15 :  0.0000 0.0000 0.0000 0.0000 0.0000 0.0000 0.0000 0.0000 0.0000 0.0000 0.0000 0.3843 0.0000 0.0000 0.0000 0.0157 0.6000 0.0000 
421      421   (0)     16 :  0.0000 0.0000 0.0000 0.0827 0.0912 0.0187 0.0000 0.0000 0.0000 0.0405 0.3853 0.0000 0.3815 0.0000 0.0000 0.0000 0.0001 0.0000 
422      422   (0)     16 :  0.0000 0.0000 0.0000 0.0795 0.0480 0.0000 0.0000 0.0870 0.0000 0.0098 0.5000 0.0000 0.1753 0.0269 0.0000 0.0000 0.0734 0.0000 
423      423   (0)     16 :  0.0000 0.0000 0.0006 0.1548 0.0731 0.0000 0.0019 0.0905 0.0955 0.0230 0.0000 0.0113 0.4824 0.0109 0.0016 0.0000 0.0545 0.0000 
424      424   (0)     16 :  0.0000 0.0000 0.0000 0.1152 0.2060 0.0000 0.0566 0.0526 0.0022 0.0304 0.1564 0.0004 0.3176 0.0206 0.0007 0.0000 0.0413 0.0000 
425      425   (0)     16 :  0.0000 0.0000 0.0000 0.0253 0.3447 0.0000 0.0097 0.1691 0.0056 0.0031 0.3450 0.0000 0.0974 0.0000 0.0000 0.0000 0.0000 0.0000 
426      426   (0)     16 :  0.0000 0.0000 0.0000 0.2150 0.1727 0.0000 0.0000 0.0696 0.1241 0.0139 0.0000 0.0000 0.3769 0.0279 0.0000 0.0000 0.0000 0.0000 
427      427   (0)     16 :  0.0000 0.0028 0.0000 0.0013 0.1384 0.0000 0.0000 0.0000 0.0000 0.0003 0.4374 0.0000 0.3994 0.0078 0.0000 0.0000 0.0126 0.0000 
428      428   (0)     16 :  0.0000 0.0000 0.0000 0.0414 0.0459 0.0000 0.0000 0.0000 0.0000 0.1248 0.0000 0.0000 0.7548 0.0000 0.0000 0.0000 0.0331 0.0000 
429      429   (0)     16 :  0.0000 0.0000 0.0000 0.0262 0.5118 0.0000 0.0000 0.0000 0.0000 0.0212 0.0482 0.0000 0.2821 0.0286 0.0105 0.0000 0.0715 0.0000 
430      430   (0)     16 :  0.0000 0.0000 0.0023 0.2259 0.0164 0.0000 0.0000 0.0044 0.0100 0.0920 0.0000 0.0000 0.5923 0.0150 0.0416 0.0000 0.0001 0.0000 
431      431   (0)     16 :  0.0000 0.0000 0.0000 0.0301 0.2208 0.0000 0.0000 0.0280 0.0000 0.0191 0.1689 0.0000 0.1393 0.2022 0.1510 0.0000 0.0407 0.0000 
432      432   (0)     16 :  0.0000 0.0000 0.0000 0.1654 0.0940 0.0000 0.0107 0.0000 0.0257 0.0579 0.0020 0.0028 0.6290 0.0053 0.0072 0.0000 0.0000 0.0000 
433      433   (0)     16 :  0.0000 0.0000 0.0000 0.0000 0.0567 0.0000 0.0000 0.0000 0.0000 0.0076 0.6937 0.0000 0.2016 0.0000 0.0008 0.0000 0.0396 0.0000 
434      434   (0)     16 :  0.0000 0.0000 0.0006 0.1309 0.0374 0.0000 0.0005 0.0011 0.0012 0.1161 0.2310 0.0000 0.4106 0.0473 0.0122 0.0050 0.0061 0.0000 
435      435   (0)     16 :  0.0000 0.0000 0.0000 0.1104 0.0576 0.0000 0.0018 0.0000 0.0000 0.0623 0.3998 0.0000 0.3597 0.0000 0.0000 0.0000 0.0083 0.0000 
436      436   (0)     16 :  0.0000 0.0000 0.0048 0.0059 0.1035 0.0000 0.0000 0.0000 0.0000 0.0384 0.6681 0.0000 0.0483 0.0059 0.0898 0.0000 0.0353 0.0000 
437      437   (0)     16 :  0.0000 0.0000 0.0000 0.0865 0.0344 0.0000 0.0000 0.0059 0.0000 0.0915 0.0000 0.0000 0.6423 0.0989 0.0303 0.0000 0.0102 0.0000 
438      438   (0)     16 :  0.0000 0.0000 0.0000 0.3125 0.0157 0.0000 0.0000 0.0061 0.0000 0.1085 0.0064 0.0000 0.5163 0.0267 0.0079 0.0000 0.0000 0.0000 
439      439   (0)     16 :  0.0000 0.0000 0.0009 0.1224 0.0644 0.0000 0.0084 0.0000 0.0000 0.1194 0.0000 0.0000 0.5784 0.0597 0.0283 0.0000 0.0181 0.0000 
440      440   (0)     16 :  0.0000 0.0000 0.0009 0.0108 0.3134 0.0000 0.0000 0.0011 0.0650 0.0000 0.0000 0.0050 0.5696 0.0000 0.0000 0.0000 0.0341 0.0000 
441      441   (0)     16 :  0.0000 0.0016 0.0005 0.1005 0.0461 0.0000 0.0000 0.0000 0.0000 0.0205 0.3398 0.0334 0.4436 0.0043 0.0059 0.0000 0.0000 0.0038 
442      442   (0)     16 :  0.0000 0.0000 0.0000 0.1285 0.0152 0.0000 0.0000 0.0014 0.0000 0.1485 0.0111 0.0000 0.6347 0.0511 0.0000 0.0000 0.0096 0.0000 
443      443   (0)     16 :  0.0000 0.0000 0.0000 0.0457 0.1599 0.0000 0.0021 0.0000 0.1442 0.0236 0.0005 0.0571 0.5670 0.0000 0.0000 0.0000 0.0000 0.0000 
444      444   (0)     16 :  0.0000 0.0000 0.0000 0.0472 0.0427 0.0000 0.0002 0.0000 0.0036 0.1338 0.0000 0.0107 0.7207 0.0235 0.0176 0.0000 0.0000 0.0000 
445      445   (0)     16 :  0.0000 0.0000 0.0000 0.0000 0.0000 0.9886 0.0000 0.0000 0.0000 0.0020 0.0094 0.0000 0.0000 0.0000 0.0000 0.0000 0.0000 0.0000 
446      446   (0)     16 :  0.0000 0.0000 0.0000 0.0148 0.0207 0.0000 0.0009 0.0000 0.0000 0.1045 0.3467 0.0000 0.4756 0.0000 0.0000 0.0000 0.0368 0.0000 
447      447   (0)     16 :  0.0000 0.0000 0.0000 0.0403 0.3202 0.0033 0.0000 0.0000 0.0040 0.0037 0.0072 0.0071 0.6143 0.0000 0.0000 0.0000 0.0000 0.0000 
448      448   (0)     16 :  0.0000 0.0000 0.0000 0.0924 0.1525 0.0000 0.0000 0.0000 0.0000 0.0271 0.0019 0.0000 0.7221 0.0000 0.0039 0.0000 0.0000 0.0000 
449      449   (0)     16 :  0.0000 0.0000 0.0000 0.1338 0.0258 0.0000 0.0104 0.0000 0.0000 0.1112 0.2645 0.0000 0.3956 0.0050 0.0186 0.0000 0.0350 0.0000 
450      450   (0)     16 :  0.0000 0.0000 0.0000 0.0514 0.0230 0.0000 0.0000 0.0027 0.0046 0.1181 0.0332 0.0000 0.6387 0.0919 0.0271 0.0000 0.0094 0.0000 
451      451   (0)     17 :  0.0000 0.0000 0.0031 0.0891 0.0096 0.0000 0.0000 0.0476 0.0428 0.1282 0.1121 0.0149 0.3120 0.0250 0.1377 0.0000 0.0774 0.0004 
452      452   (0)     17 :  0.0000 0.0000 0.0000 0.2031 0.0363 0.0000 0.0002 0.0000 0.0149 0.1645 0.0425 0.0311 0.4600 0.0091 0.0086 0.0000 0.0296 0.0000 
453      453   (0)     17 :  0.0000 0.0000 0.0000 0.2415 0.0221 0.0000 0.0000 0.0000 0.0000 0.1750 0.0000 0.0000 0.5267 0.0131 0.0118 0.0000 0.0099 0.0000 
454      454   (0)     17 :  0.0000 0.0481 0.0000 0.0000 0.0031 0.8722 0.0000 0.0000 0.0000 0.0056 0.0000 0.0032 0.0568 0.0000 0.0000 0.0000 0.0109 0.0000 
455      455   (0)     17 :  0.0006 0.0000 0.0000 0.0000 0.0965 0.0000 0.0000 0.0000 0.0000 0.0473 0.5743 0.0000 0.1813 0.0000 0.0000 0.0000 0.1000 0.0000 
456      456   (0)     17 :  0.0008 0.0000 0.0000 0.0000 0.0000 0.9913 0.0000 0.0000 0.0000 0.0019 0.0000 0.0000 0.0060 0.0000 0.0000 0.0000 0.0000 0.0000 
457      457   (0)     17 :  0.0000 0.0000 0.0000 0.0000 0.0644 0.0000 0.0000 0.0000 0.0000 0.0429 0.6198 0.0000 0.1795 0.0000 0.0000 0.0000 0.0933 0.0000 
458      458   (0)     17 :  0.0000 0.0000 0.0000 0.1293 0.0198 0.0000 0.0000 0.0000 0.0000 0.1493 0.0639 0.0052 0.5324 0.0533 0.0322 0.0000 0.0145 0.0000 
459      459   (0)     17 :  0.0000 0.0000 0.0000 0.1353 0.0081 0.0000 0.0005 0.0000 0.0000 0.2552 0.0009 0.0000 0.5871 0.0016 0.0000 0.0000 0.0113 0.0000 
460      460   (0)     17 :  0.0000 0.0000 0.0000 0.0000 0.5765 0.0000 0.0000 0.0000 0.2820 0.0151 0.0779 0.0000 0.0486 0.0000 0.0000 0.0000 0.0000 0.0000 
461      461   (0)     17 :  0.0000 0.0000 0.0000 0.0295 0.2347 0.0000 0.0007 0.0015 0.0011 0.0626 0.0865 0.0282 0.4862 0.0000 0.0068 0.0000 0.0622 0.0000 
462      462   (0)     17 :  0.0000 0.0000 0.0143 0.0000 0.0319 0.0000 0.0000 0.0420 0.0000 0.0788 0.0000 0.0000 0.1804 0.0345 0.5493 0.0000 0.0633 0.0055 
463      463   (0)     17 :  0.0257 0.0112 0.0807 0.0045 0.0333 0.5832 0.0000 0.0000 0.0000 0.0166 0.1135 0.0000 0.0635 0.0000 0.0078 0.0019 0.0258 0.0323 
464      464   (0)     17 :  0.0004 0.0000 0.0009 0.0204 0.0628 0.0026 0.0018 0.0538 0.0000 0.0497 0.0369 0.0250 0.6836 0.0328 0.0111 0.0000 0.0182 0.0000 
465      465   (0)     17 :  0.0000 0.0000 0.0780 0.1846 0.0170 0.0000 0.0000 0.0210 0.0000 0.1118 0.0000 0.0000 0.2303 0.0186 0.3388 0.0000 0.0000 0.0000 
466      466   (0)     17 :  0.0000 0.0000 0.0183 0.0952 0.0528 0.0000 0.0012 0.0106 0.1618 0.1577 0.0000 0.0548 0.3708 0.0205 0.0462 0.0000 0.0100 0.0000 
467      467   (0)     17 :  0.0000 0.0000 0.0012 0.0449 0.0073 0.0019 0.0237 0.0073 0.1509 0.1314 0.2197 0.0042 0.1913 0.0967 0.0955 0.0021 0.0218 0.0000 
468      468   (0)     17 :  0.0000 0.0000 0.0050 0.0142 0.2505 0.0000 0.0000 0.0000 0.5784 0.0288 0.0000 0.0408 0.0823 0.0000 0.0000 0.0000 0.0000 0.0000 
469      469   (0)     17 :  0.0000 0.0000 0.0000 0.0682 0.0264 0.0085 0.0721 0.1119 0.0070 0.1195 0.2455 0.0000 0.2128 0.0069 0.0905 0.0000 0.0306 0.0000 
470      470   (0)     17 :  0.0020 0.0000 0.0015 0.1223 0.0352 0.0000 0.0000 0.0000 0.0008 0.1952 0.0000 0.0429 0.4635 0.0116 0.0468 0.0000 0.0779 0.0003 
471      471   (0)     17 :  0.0000 0.0000 0.0000 0.0000 0.0995 0.0000 0.0000 0.0000 0.0585 0.0425 0.2342 0.0005 0.4643 0.0000 0.0000 0.0024 0.0981 0.0000 
472      472   (0)     17 :  0.0000 0.0000 0.0000 0.0253 0.0632 0.0000 0.0000 0.0135 0.3646 0.0571 0.0000 0.0000 0.1686 0.2389 0.0294 0.0000 0.0394 0.0000 
473      473   (0)     17 :  0.0000 0.0000 0.0011 0.0186 0.1040 0.0000 0.0000 0.0455 0.3450 0.0585 0.0000 0.0148 0.2502 0.0748 0.0512 0.0006 0.0358 0.0000 
474      474   (0)     17 :  0.0000 0.0000 0.0001 0.0610 0.1137 0.0000 0.0000 0.0032 0.0046 0.0237 0.5293 0.0277 0.1290 0.0288 0.0043 0.0000 0.0746 0.0000 
475      475   (0)     17 :  0.0000 0.0000 0.0008 0.0124 0.1026 0.0000 0.0000 0.0000 0.0843 0.0630 0.0620 0.0023 0.4611 0.0323 0.1248 0.0000 0.0543 0.0000 
476      476   (0)     17 :  0.0004 0.0000 0.0000 0.0000 0.0410 0.0000 0.0000 0.0130 0.0010 0.0629 0.4508 0.0056 0.2525 0.0029 0.0757 0.0000 0.0942 0.0000 
477      477   (0)     17 :  0.0000 0.0000 0.0000 0.1683 0.0711 0.0000 0.0000 0.0104 0.0007 0.1047 0.0000 0.0000 0.5723 0.0072 0.0473 0.0000 0.0181 0.0000 
478      478   (0)     17 :  0.0000 0.0000 0.0000 0.0066 0.1990 0.0000 0.0000 0.0000 0.0117 0.0537 0.5409 0.0000 0.0688 0.0000 0.0049 0.0000 0.1146 0.0000 
479      479   (0)     17 :  0.0000 0.0000 0.0000 0.1287 0.0107 0.0141 0.0000 0.0000 0.0263 0.2623 0.0050 0.0000 0.3670 0.0437 0.0814 0.0000 0.0608 0.0000 
480      480   (0)     17 :  0.0000 0.0000 0.0000 0.0664 0.1432 0.0076 0.0000 0.2093 0.2514 0.0474 0.0000 0.0626 0.0959 0.0313 0.0654 0.0000 0.0194 0.0000 
481      481   (0)     18 :  0.0000 0.0000 0.0202 0.0000 0.1996 0.0000 0.0000 0.0187 0.0000 0.0000 0.0000 0.0000 0.0000 0.1306 0.6309 0.0000 0.0000 0.0000 
482      482   (0)     18 :  0.0000 0.0000 0.9500 0.0500 0.0000 0.0000 0.0000 0.0000 0.0000 0.0000 0.0000 0.0000 0.0000 0.0000 0.0000 0.0000 0.0000 0.0000 
483      483   (0)     18 :  0.0000 0.0000 0.9500 0.0500 0.0000 0.0000 0.0000 0.0000 0.0000 0.0000 0.0000 0.0000 0.0000 0.0000 0.0000 0.0000 0.0000 0.0000 
484      484   (0)     18 :  0.0000 0.0000 0.9500 0.0500 0.0000 0.0000 0.0000 0.0000 0.0000 0.0000 0.0000 0.0000 0.0000 0.0000 0.0000 0.0000 0.0000 0.0000 
485      485   (0)     18 :  0.0000 0.0000 0.7713 0.0618 0.0007 0.1356 0.0000 0.0000 0.0000 0.0098 0.0000 0.0000 0.0209 0.0000 0.0000 0.0000 0.0000 0.0000 
486      486   (0)     18 :  0.0000 0.0000 0.8777 0.0456 0.0000 0.0000 0.0000 0.0000 0.0000 0.0000 0.0000 0.0000 0.0000 0.0000 0.0767 0.0000 0.0000 0.0000 
487      487   (0)     18 :  0.0000 0.0000 0.9500 0.0500 0.0000 0.0000 0.0000 0.0000 0.0000 0.0000 0.0000 0.0000 0.0000 0.0000 0.0000 0.0000 0.0000 0.0000 
488      488   (0)     18 :  0.0000 0.0000 0.0217 0.1015 0.5168 0.0000 0.0000 0.0000 0.0000 0.0477 0.0000 0.0000 0.1148 0.0131 0.1844 0.0000 0.0000 0.0000 
489      489   (0)     18 :  0.0000 0.0000 0.0000 0.0000 0.2185 0.0000 0.0000 0.0128 0.0000 0.0000 0.0000 0.0000 0.0000 0.2340 0.5347 0.0000 0.0000 0.0000 
490      490   (0)     18 :  0.0000 0.0000 0.9500 0.0500 0.0000 0.0000 0.0000 0.0000 0.0000 0.0000 0.0000 0.0000 0.0000 0.0000 0.0000 0.0000 0.0000 0.0000 
491      491   (0)     18 :  0.0000 0.0000 0.8607 0.0458 0.0184 0.0000 0.0031 0.0000 0.0000 0.0041 0.0000 0.0000 0.0494 0.0029 0.0049 0.0000 0.0107 0.0000 
492      492   (0)     18 :  0.0000 0.0000 0.0603 0.1795 0.0380 0.4531 0.0022 0.0000 0.0000 0.0985 0.0000 0.0000 0.1194 0.0237 0.0252 0.0000 0.0000 0.0000 
493      493   (0)     18 :  0.0000 0.0000 0.0059 0.0127 0.1495 0.0000 0.0000 0.0086 0.0000 0.0427 0.3430 0.0000 0.0000 0.1378 0.2773 0.0000 0.0225 0.0000 
494      494   (0)     18 :  0.0000 0.0000 0.8857 0.0468 0.0024 0.0000 0.0000 0.0034 0.0000 0.0000 0.0000 0.0000 0.0000 0.0343 0.0273 0.0000 0.0000 0.0000 
495      495   (0)     18 :  0.0000 0.0000 0.9500 0.0500 0.0000 0.0000 0.0000 0.0000 0.0000 0.0000 0.0000 0.0000 0.0000 0.0000 0.0000 0.0000 0.0000 0.0000 
496      496   (0)     18 :  0.0000 0.0000 0.5399 0.0421 0.0030 0.3747 0.0000 0.0000 0.0000 0.0157 0.0000 0.0000 0.0174 0.0019 0.0053 0.0000 0.0000 0.0000 
497      497   (0)     18 :  0.0000 0.0000 0.0000 0.0168 0.5020 0.0000 0.0000 0.0126 0.0000 0.0014 0.0157 0.0003 0.0334 0.1865 0.2312 0.0000 0.0000 0.0000 
498      498   (0)     18 :  0.0000 0.0000 0.7931 0.0937 0.0000 0.0314 0.0000 0.0000 0.0000 0.0233 0.0045 0.0000 0.0454 0.0038 0.0048 0.0000 0.0000 0.0000 
499      499   (0)     18 :  0.0000 0.0000 0.4541 0.1086 0.0000 0.2166 0.0000 0.0007 0.0000 0.0147 0.1499 0.0000 0.0305 0.0249 0.0000 0.0000 0.0000 0.0000 
500      500   (0)     18 :  0.0000 0.0000 0.0103 0.0000 0.2772 0.0000 0.0000 0.0566 0.0000 0.0000 0.0000 0.0000 0.0000 0.0514 0.6045 0.0000 0.0000 0.0000 
501      501   (0)     18 :  0.0000 0.0000 0.0066 0.0293 0.1852 0.0000 0.0000 0.0029 0.0000 0.0379 0.0000 0.0001 0.1645 0.3419 0.2315 0.0000 0.0000 0.0000 
502      502   (0)     18 :  0.0009 0.0000 0.3472 0.0977 0.0000 0.2956 0.0000 0.0000 0.0000 0.0520 0.1440 0.0000 0.0345 0.0125 0.0083 0.0000 0.0071 0.0000 
503      503   (0)     18 :  0.0000 0.0000 0.9500 0.0500 0.0000 0.0000 0.0000 0.0000 0.0000 0.0000 0.0000 0.0000 0.0000 0.0000 0.0000 0.0000 0.0000 0.0000 
504      504   (0)     18 :  0.0000 0.0000 0.3827 0.0225 0.0806 0.4344 0.0000 0.0000 0.0000 0.0123 0.0000 0.0000 0.0673 0.0000 0.0002 0.0000 0.0000 0.0000 
505      505   (0)     18 :  0.0009 0.0000 0.3286 0.0180 0.0088 0.5221 0.0624 0.0000 0.0000 0.0000 0.0000 0.0000 0.0592 0.0000 0.0000 0.0000 0.0000 0.0000 
506      506   (0)     18 :  0.0000 0.0000 0.0000 0.0000 0.7163 0.0000 0.0000 0.0000 0.0000 0.0000 0.0426 0.0000 0.0000 0.0391 0.2017 0.0000 0.0003 0.0000 
507      507   (0)     18 :  0.0000 0.0000 0.6038 0.1354 0.0302 0.0543 0.0000 0.0000 0.0000 0.0425 0.0101 0.0000 0.0497 0.0625 0.0115 0.0000 0.0000 0.0000 
508      508   (0)     18 :  0.0000 0.0000 0.0008 0.0312 0.5594 0.0000 0.0000 0.0000 0.0000 0.0131 0.0135 0.0000 0.0185 0.2335 0.1242 0.0000 0.0059 0.0000 
509      509   (0)     18 :  0.0000 0.0000 0.2234 0.0121 0.0063 0.7582 0.0000 0.0000 0.0000 0.0000 0.0000 0.0000 0.0000 0.0000 0.0000 0.0000 0.0000 0.0000 
510      510   (0)     19 :  0.0000 0.0000 0.0000 0.1986 0.0330 0.0000 0.0000 0.0000 0.0000 0.0579 0.2091 0.0000 0.4009 0.0135 0.0870 0.0000 0.0000 0.0000 
511      511   (0)     19 :  0.0000 0.0000 0.0000 0.1423 0.2204 0.0000 0.0000 0.0000 0.0000 0.1488 0.3051 0.0000 0.0855 0.0194 0.0784 0.0000 0.0000 0.0000 
512      512   (0)     19 :  0.0000 0.0000 0.0000 0.0064 0.0595 0.0000 0.0000 0.0000 0.0000 0.0483 0.4277 0.0000 0.4533 0.0048 0.0001 0.0000 0.0000 0.0000 
513      513   (0)     19 :  0.0000 0.0000 0.0000 0.0000 0.1398 0.0000 0.0000 0.0000 0.0000 0.0500 0.7573 0.0000 0.0000 0.0000 0.0000 0.0000 0.0529 0.0000 
514      514   (0)     19 :  0.0000 0.0000 0.0000 0.0570 0.3329 0.0000 0.0340 0.0000 0.1459 0.0295 0.0000 0.0000 0.4007 0.0000 0.0000 0.0000 0.0000 0.0000 
515      515   (0)     19 :  0.0000 0.0000 0.0000 0.1450 0.0856 0.0000 0.0108 0.0001 0.0000 0.0374 0.4221 0.0000 0.2639 0.0040 0.0287 0.0000 0.0025 0.0000 
516      516   (0)     19 :  0.0000 0.0000 0.0000 0.0060 0.0092 0.0000 0.0000 0.0000 0.0000 0.0148 0.7070 0.0000 0.1641 0.0000 0.0000 0.0000 0.0989 0.0000 
517      517   (0)     19 :  0.0000 0.0000 0.0000 0.2026 0.0241 0.0000 0.0005 0.0203 0.0000 0.0693 0.0000 0.0017 0.6576 0.0240 0.0000 0.0000 0.0000 0.0000 
518      518   (0)     19 :  0.0000 0.0000 0.0000 0.0169 0.0433 0.0000 0.0000 0.0003 0.0343 0.0548 0.4351 0.0000 0.4001 0.0000 0.0049 0.0000 0.0106 0.0000 
519      519   (0)     19 :  0.0000 0.0000 0.0000 0.0000 0.0000 0.0000 0.0000 0.9836 0.0095 0.0000 0.0000 0.0000 0.0069 0.0000 0.0000 0.0000 0.0000 0.0000 
520      520   (0)     19 :  0.0000 0.0000 0.0000 0.2405 0.0217 0.0000 0.0000 0.0012 0.0000 0.1142 0.1073 0.0000 0.4274 0.0254 0.0612 0.0000 0.0011 0.0000 
521      521   (0)     19 :  0.0000 0.0000 0.0000 0.1417 0.0251 0.0000 0.0000 0.0186 0.0000 0.0249 0.6128 0.0000 0.0000 0.1154 0.0042 0.0000 0.0573 0.0000 
522      522   (0)     19 :  0.0000 0.0000 0.0000 0.0187 0.2471 0.0000 0.0000 0.0000 0.0000 0.0427 0.5408 0.0000 0.1507 0.0000 0.0000 0.0000 0.0000 0.0000 
523      523   (0)     19 :  0.0000 0.0000 0.0000 0.0223 0.8607 0.0000 0.0000 0.0000 0.0049 0.0000 0.0917 0.0000 0.0204 0.0000 0.0000 0.0000 0.0000 0.0000 
524      524   (0)     19 :  0.0000 0.0000 0.0000 0.0655 0.0571 0.0000 0.0000 0.0000 0.0000 0.0178 0.2680 0.0000 0.5872 0.0043 0.0000 0.0000 0.0000 0.0000 
525      525   (0)     19 :  0.0000 0.0000 0.0000 0.0600 0.1037 0.0172 0.0000 0.0006 0.0000 0.0186 0.2511 0.0000 0.5146 0.0000 0.0000 0.0059 0.0283 0.0000 
526      526   (0)     19 :  0.0000 0.0000 0.0000 0.1148 0.0815 0.0000 0.0000 0.0004 0.0028 0.0457 0.0267 0.0000 0.6884 0.0138 0.0107 0.0002 0.0151 0.0000 
527      527   (0)     19 :  0.0000 0.0000 0.0000 0.1521 0.4421 0.0000 0.0052 0.0000 0.0102 0.0090 0.0178 0.0000 0.2308 0.0556 0.0772 0.0000 0.0000 0.0000 
528      528   (0)     19 :  0.0000 0.0000 0.0000 0.1039 0.0785 0.0000 0.0000 0.0019 0.0031 0.0561 0.0538 0.0000 0.5165 0.1516 0.0285 0.0000 0.0061 0.0000 
529      529   (0)     19 :  0.0000 0.0000 0.0000 0.1243 0.0577 0.0000 0.0000 0.0000 0.0199 0.1055 0.0000 0.0000 0.6451 0.0110 0.0312 0.0000 0.0053 0.0000 
530      530   (0)     19 :  0.0000 0.0000 0.0000 0.0250 0.3647 0.0000 0.0000 0.0000 0.0036 0.0147 0.1980 0.0000 0.3835 0.0000 0.0000 0.0000 0.0106 0.0000 
531      531   (0)     19 :  0.0000 0.0000 0.0000 0.0052 0.2026 0.0000 0.0000 0.0000 0.0609 0.0205 0.2117 0.0055 0.3973 0.0043 0.0128 0.0000 0.0791 0.0000 
532      532   (0)     19 :  0.0049 0.0008 0.0000 0.0000 0.1324 0.0000 0.0000 0.0000 0.0013 0.0077 0.4136 0.0005 0.3768 0.0000 0.0022 0.0000 0.0491 0.0106 
533      533   (0)     19 :  0.0000 0.0025 0.0037 0.0495 0.0038 0.6363 0.0000 0.0000 0.0000 0.0267 0.0000 0.0033 0.2621 0.0000 0.0024 0.0000 0.0098 0.0000 
534      534   (0)     19 :  0.0000 0.0000 0.0000 0.1125 0.2639 0.0000 0.0000 0.0000 0.0000 0.0949 0.0018 0.0000 0.3595 0.1154 0.0521 0.0000 0.0000 0.0000 
535      535   (0)     19 :  0.0000 0.0000 0.0000 0.0122 0.0714 0.0000 0.0000 0.0000 0.0000 0.0276 0.5365 0.0002 0.2738 0.0484 0.0056 0.0000 0.0244 0.0000 
536      536   (0)     19 :  0.0000 0.0001 0.0060 0.0031 0.1496 0.0000 0.0000 0.0420 0.0000 0.0090 0.4925 0.0000 0.1879 0.0002 0.0131 0.0000 0.0916 0.0050 
537      537   (0)     19 :  0.0000 0.0000 0.0044 0.0696 0.0002 0.0000 0.0288 0.0608 0.0000 0.0471 0.3146 0.0206 0.2792 0.1153 0.0380 0.0000 0.0213 0.0000 
538      538   (0)     19 :  0.0000 0.0000 0.3883 0.0776 0.0010 0.3900 0.0000 0.0084 0.0000 0.0008 0.0427 0.0000 0.0667 0.0174 0.0000 0.0000 0.0070 0.0000 
539      539   (0)     19 :  0.0000 0.0000 0.0172 0.0020 0.1069 0.0000 0.0000 0.0000 0.0011 0.0216 0.7585 0.0010 0.0310 0.0000 0.0000 0.0000 0.0607 0.0000 
