1        1   (0)      1  : 0.0119 0.0315 0.0000 0.0742 0.0003 0.0000 0.4594 0.0000 0.3880 0.0000 0.0000 0.0000 0.0000 0.0025 0.0026 0.0018 0.0000 0.0278
2        2   (0)      1  : 0.1519 0.0000 0.0000 0.2137 0.0000 0.0000 0.0465 0.0000 0.3588 0.0000 0.0000 0.0200 0.0003 0.0428 0.0085 0.0129 0.0672 0.0775
3        3   (0)      1  : 0.0000 0.0000 0.0000 0.0000 0.1628 0.0000 0.0003 0.0000 0.0009 0.5314 0.0724 0.0000 0.0000 0.0021 0.2234 0.0001 0.0010 0.0057
4        4   (0)      1  : 0.0902 0.0000 0.0000 0.0954 0.0000 0.0000 0.1321 0.0000 0.5412 0.0000 0.0000 0.1133 0.0000 0.0009 0.0000 0.0027 0.0054 0.0188
5        5   (0)      1  : 0.0124 0.0000 0.0000 0.0445 0.0000 0.0000 0.0000 0.0000 0.6951 0.0000 0.0000 0.0097 0.0053 0.0552 0.0629 0.0086 0.0572 0.0491
6        6   (0)      1  : 0.1251 0.0292 0.0000 0.1367 0.0000 0.0000 0.3378 0.0085 0.0101 0.2428 0.0000 0.0000 0.0000 0.0000 0.0582 0.0016 0.0000 0.0499
7        7   (0)      1  : 0.0000 0.0000 0.0000 0.0153 0.5935 0.0000 0.0000 0.0000 0.0334 0.0000 0.0683 0.0079 0.0108 0.1012 0.0112 0.0042 0.0868 0.0674
8        8   (0)      2  : 0.1153 0.0000 0.0000 0.0657 0.0000 0.0000 0.0000 0.0000 0.7588 0.0000 0.0000 0.0056 0.0000 0.0357 0.0000 0.0000 0.0117 0.0071
9        9   (0)      1  : 0.2510 0.0000 0.0000 0.1254 0.0084 0.0000 0.0000 0.0000 0.5525 0.0000 0.0000 0.0000 0.0045 0.0003 0.0000 0.0059 0.0142 0.0378
10       10   (0)      3  : 0.0068 0.0000 0.0000 0.0708 0.0000 0.0000 0.0870 0.0000 0.0000 0.0000 0.0000 0.2909 0.0000 0.0000 0.0287 0.4162 0.0000 0.0995
11       11   (0)      4  : 0.0000 0.0004 0.0022 0.0000 0.0000 0.0000 0.0000 0.0000 0.0067 0.0000 0.0024 0.0295 0.0000 0.0000 0.9472 0.0117 0.0000 0.0000
12       12   (0)      4  : 0.1055 0.0000 0.0003 0.2962 0.0000 0.0000 0.0585 0.0000 0.0162 0.0000 0.0025 0.0986 0.0254 0.0059 0.0000 0.2340 0.0145 0.1425
13       13   (0)      4  : 0.0000 0.0000 0.0021 0.0326 0.0000 0.0000 0.2146 0.0000 0.0766 0.0549 0.0000 0.2377 0.0031 0.0671 0.0414 0.1026 0.0732 0.0941
14       14   (0)      4  : 0.0000 0.0000 0.0000 0.0000 0.0000 0.0000 0.0000 0.0000 0.0132 0.0000 0.0000 0.0000 0.0000 0.0000 0.9868 0.0000 0.0000 0.0000
15       15   (0)      4  : 0.0203 0.0007 0.0007 0.1612 0.0000 0.0000 0.0000 0.0000 0.1718 0.0000 0.0010 0.0059 0.0016 0.0115 0.0461 0.4960 0.0269 0.0564
16       16   (0)      4  : 0.0000 0.0000 0.0000 0.0092 0.0651 0.0000 0.2644 0.0000 0.0000 0.6327 0.0000 0.0000 0.0000 0.0000 0.0000 0.0035 0.0000 0.0250
17       17   (0)      5  : 0.0117 0.0000 0.0030 0.2391 0.0000 0.0000 0.1620 0.0000 0.1389 0.0000 0.0000 0.1140 0.0000 0.0014 0.0000 0.1904 0.0168 0.1227
18       18   (0)      4  : 0.0022 0.0000 0.0000 0.0563 0.0000 0.0000 0.3476 0.0000 0.0133 0.0039 0.0000 0.0806 0.0000 0.0098 0.0603 0.3333 0.0085 0.0841
19       19   (0)      5  : 0.0300 0.0000 0.0000 0.2268 0.0000 0.0000 0.0175 0.0000 0.2107 0.0000 0.0000 0.0450 0.0000 0.0006 0.0270 0.3452 0.0004 0.0967
20       20   (0)      5  : 0.0393 0.0000 0.0000 0.2040 0.0000 0.0000 0.0000 0.0000 0.0010 0.0000 0.0000 0.1026 0.0000 0.0365 0.0094 0.4950 0.0372 0.0750
21       21   (0)      5  : 0.0000 0.0000 0.0000 0.0385 0.0000 0.0000 0.0853 0.0000 0.0000 0.0000 0.0000 0.2099 0.0000 0.0111 0.0200 0.5825 0.0068 0.0459
22       22   (0)      5  : 0.0657 0.0000 0.0000 0.1612 0.0000 0.0000 0.0000 0.0000 0.0000 0.0000 0.0000 0.0289 0.0000 0.0000 0.0314 0.6461 0.0000 0.0666
23       23   (0)      5  : 0.0000 0.0000 0.0000 0.0229 0.0000 0.0000 0.5836 0.0000 0.0000 0.0000 0.0000 0.0204 0.0000 0.0238 0.0181 0.2555 0.0285 0.0471
24       24   (0)      5  : 0.0000 0.0000 0.0000 0.0400 0.0000 0.0000 0.1599 0.0000 0.0000 0.0000 0.0000 0.1272 0.0000 0.0000 0.0352 0.5761 0.0000 0.0617
25       25   (0)      5  : 0.0377 0.0000 0.0000 0.1981 0.0007 0.0000 0.1565 0.0000 0.0000 0.0006 0.0000 0.0354 0.0000 0.0759 0.0086 0.2538 0.0793 0.1532
26       26   (0)      5  : 0.0000 0.0000 0.0000 0.0556 0.0044 0.0000 0.2335 0.0000 0.0000 0.0030 0.0000 0.1225 0.0000 0.0003 0.0335 0.4915 0.0000 0.0558
27       27   (0)      5  : 0.0000 0.0000 0.0130 0.1297 0.0000 0.0151 0.0000 0.0000 0.0346 0.0000 0.0000 0.2020 0.0000 0.0088 0.0139 0.5021 0.0056 0.0753
28       28   (0)      5  : 0.0000 0.0000 0.0000 0.0258 0.0000 0.0000 0.4726 0.0000 0.0000 0.0000 0.0000 0.0123 0.0000 0.0284 0.0237 0.3357 0.0341 0.0674
29       29   (0)      5  : 0.0000 0.0000 0.0000 0.0371 0.0000 0.0000 0.0000 0.0000 0.0000 0.0000 0.0000 0.0257 0.0000 0.0062 0.0934 0.7566 0.0156 0.0654
30       30   (0)      5  : 0.1861 0.0000 0.0000 0.3336 0.0000 0.0000 0.0000 0.0000 0.0000 0.0000 0.0000 0.0168 0.0000 0.0004 0.0056 0.3392 0.0008 0.1174
31       31   (0)      5  : 0.0083 0.0000 0.0036 0.2606 0.0000 0.0000 0.1417 0.0000 0.0200 0.0000 0.0000 0.0881 0.0004 0.0034 0.0636 0.2737 0.0123 0.1243
32       32   (0)      5  : 0.0000 0.0000 0.0000 0.1078 0.0000 0.0000 0.1097 0.0000 0.0000 0.0000 0.0000 0.0854 0.0000 0.0937 0.0106 0.3520 0.0980 0.1427
33       33   (0)      5  : 0.0123 0.0000 0.0049 0.2556 0.0000 0.0000 0.4572 0.0000 0.0000 0.0000 0.0000 0.0014 0.0028 0.0043 0.0008 0.1312 0.0047 0.1247
34       34   (0)      5  : 0.0296 0.0000 0.0000 0.1607 0.0000 0.0000 0.3492 0.0000 0.0000 0.0000 0.0000 0.0428 0.0000 0.0000 0.0090 0.3157 0.0064 0.0867
35       35   (0)      5  : 0.1092 0.0000 0.0000 0.3564 0.0000 0.0000 0.0628 0.0000 0.0018 0.0000 0.0000 0.0397 0.0000 0.0000 0.0000 0.2899 0.0000 0.1402
36       36   (0)      5  : 0.0051 0.0000 0.0189 0.1238 0.0000 0.0000 0.0000 0.0000 0.0000 0.0000 0.0000 0.0112 0.0000 0.0000 0.1107 0.6637 0.0000 0.0666
37       37   (0)      5  : 0.0446 0.0000 0.0015 0.2055 0.0000 0.0000 0.0796 0.0000 0.0000 0.0000 0.0000 0.0094 0.0000 0.0515 0.0145 0.4334 0.0470 0.1129
38       38   (0)      5  : 0.0000 0.0000 0.0000 0.0562 0.0000 0.0000 0.1905 0.0000 0.0014 0.0000 0.0000 0.0119 0.0000 0.0038 0.0307 0.6134 0.0092 0.0829
39       39   (0)      5  : 0.0066 0.0000 0.0000 0.0500 0.0000 0.0000 0.0702 0.0000 0.0000 0.0000 0.0000 0.0000 0.0000 0.0000 0.2944 0.4579 0.0104 0.1104
40       40   (0)      5  : 0.0719 0.0000 0.0000 0.2698 0.0000 0.0000 0.0541 0.0000 0.0000 0.0000 0.0000 0.0137 0.0000 0.0490 0.0238 0.3472 0.0524 0.1182
41       41   (0)      5  : 0.0003 0.0000 0.0000 0.0398 0.0000 0.0000 0.4119 0.0000 0.0000 0.0000 0.0000 0.0197 0.0000 0.0344 0.0217 0.3638 0.0334 0.0750
42       42   (0)      5  : 0.1246 0.0000 0.0000 0.3557 0.0000 0.0000 0.0000 0.0000 0.0000 0.0000 0.0000 0.0565 0.0000 0.0000 0.0003 0.3577 0.0000 0.1052
43       43   (0)      5  : 0.0000 0.0000 0.0000 0.0000 0.0000 0.0000 0.0000 0.0000 0.0000 0.9925 0.0000 0.0046 0.0000 0.0000 0.0000 0.0000 0.0000 0.0030
44       44   (0)      5  : 0.0279 0.0000 0.0000 0.0540 0.0000 0.0000 0.3733 0.0000 0.0004 0.0000 0.0000 0.0176 0.0000 0.0608 0.0430 0.2360 0.0650 0.1219
45       45   (0)      4  : 0.0000 0.0000 0.0000 0.0000 0.0000 0.0000 0.0000 0.0000 0.0000 0.0000 0.0000 0.0109 0.0020 0.0000 0.6514 0.3356 0.0000 0.0000
46       46   (0)      4  : 0.0452 0.0000 0.0000 0.2413 0.0052 0.0000 0.1698 0.0000 0.0760 0.0047 0.0000 0.0180 0.0000 0.1063 0.0294 0.0542 0.0992 0.1506
47       47   (0)      4  : 0.0000 0.0000 0.0000 0.0459 0.0000 0.0000 0.5690 0.0000 0.0000 0.0000 0.0000 0.0235 0.0000 0.0095 0.0028 0.2738 0.0082 0.0674
48       48   (0)      4  : 0.1952 0.0000 0.0048 0.2613 0.0000 0.0000 0.0000 0.0000 0.0031 0.0000 0.0000 0.0267 0.0000 0.0000 0.2049 0.2226 0.0015 0.0798
49       49   (0)      5  : 0.0316 0.0000 0.0000 0.2249 0.0009 0.0000 0.2577 0.0000 0.0107 0.0000 0.0001 0.0103 0.0092 0.0600 0.0428 0.1396 0.0723 0.1397
50       50   (0)      4  : 0.0000 0.0000 0.0000 0.0340 0.0000 0.0000 0.1586 0.0000 0.0099 0.0000 0.0000 0.5172 0.0000 0.0000 0.0110 0.2219 0.0000 0.0473
51       51   (0)      4  : 0.0013 0.0000 0.0000 0.0735 0.0000 0.0000 0.0719 0.0000 0.0009 0.6961 0.0000 0.1136 0.0000 0.0000 0.0000 0.0073 0.0000 0.0354
52       52   (0)      4  : 0.0391 0.0117 0.0000 0.2903 0.0144 0.0000 0.0299 0.0000 0.0381 0.0000 0.0000 0.0288 0.0188 0.0461 0.0000 0.2507 0.0760 0.1561
53       53   (0)      4  : 0.0000 0.0000 0.0000 0.0016 0.0844 0.0000 0.0130 0.0000 0.0000 0.7216 0.0000 0.1571 0.0000 0.0000 0.0000 0.0044 0.0022 0.0157
54       54   (0)      4  : 0.0431 0.0000 0.0252 0.1840 0.0000 0.0000 0.0000 0.0000 0.0100 0.0000 0.0000 0.0514 0.0023 0.0050 0.1578 0.4276 0.0060 0.0877
55       55   (0)      4  : 0.0022 0.0000 0.0000 0.0440 0.0000 0.0000 0.0038 0.0000 0.0000 0.9283 0.0000 0.0000 0.0000 0.0000 0.0000 0.0019 0.0000 0.0198
56       56   (0)      4  : 0.0175 0.0000 0.0000 0.0717 0.0000 0.0000 0.0031 0.0000 0.0000 0.7796 0.0000 0.0027 0.0000 0.0000 0.0085 0.0814 0.0000 0.0354
57       57   (0)      4  : 0.0000 0.0000 0.0000 0.0848 0.0000 0.0000 0.0000 0.0000 0.0244 0.0000 0.0000 0.0036 0.0000 0.0000 0.2674 0.5536 0.0000 0.0661
58       58   (0)      5  : 0.0492 0.0000 0.0000 0.2583 0.0087 0.0000 0.1437 0.0001 0.0242 0.0000 0.0000 0.0144 0.0008 0.0896 0.0252 0.1107 0.1050 0.1703
59       59   (0)      4  : 0.0190 0.0000 0.0000 0.1310 0.1076 0.0000 0.2516 0.0336 0.0000 0.3701 0.0000 0.0019 0.0000 0.0000 0.0000 0.0254 0.0000 0.0598
60       60   (0)      4  : 0.0000 0.0000 0.0000 0.0037 0.0000 0.0000 0.0171 0.0000 0.0000 0.7616 0.0000 0.0852 0.0000 0.0060 0.1037 0.0000 0.0064 0.0163
61       61   (0)      4  : 0.0324 0.0000 0.0000 0.2716 0.0000 0.0000 0.1497 0.0000 0.1103 0.0000 0.0000 0.0103 0.0000 0.0000 0.0794 0.1920 0.0139 0.1403
62       62   (0)      5  : 0.0032 0.0000 0.0000 0.1465 0.0000 0.0000 0.1959 0.0040 0.0780 0.0000 0.0000 0.1049 0.0000 0.0019 0.0736 0.2631 0.0098 0.1189
63       63   (0)      6  : 0.0007 0.0000 0.0000 0.0308 0.0000 0.0036 0.1315 0.0007 0.0458 0.5039 0.0000 0.0000 0.0000 0.0367 0.0980 0.1009 0.0040 0.0435
64       64   (0)      6  : 0.0000 0.0030 0.0000 0.0211 0.1528 0.0000 0.1201 0.0000 0.0005 0.6413 0.0000 0.0000 0.0000 0.0307 0.0000 0.0017 0.0043 0.0245
65       65   (0)      6  : 0.0000 0.0000 0.0110 0.0438 0.0000 0.0000 0.0000 0.0000 0.8085 0.0000 0.0000 0.0000 0.0563 0.0012 0.0000 0.0242 0.0171 0.0380
66       66   (0)      6  : 0.0114 0.0000 0.0000 0.1479 0.0000 0.0000 0.2615 0.0000 0.1563 0.0000 0.0000 0.0681 0.0000 0.0307 0.0000 0.1867 0.0418 0.0955
67       67   (0)      6  : 0.0000 0.0000 0.0000 0.0000 0.0000 0.0000 0.0000 0.0000 0.0133 0.0000 0.0000 0.0000 0.0000 0.0000 0.9829 0.0000 0.0039 0.0000
68       68   (0)      6  : 0.0000 0.0000 0.0119 0.0037 0.0000 0.0000 0.1826 0.0000 0.5795 0.0000 0.0000 0.2214 0.0000 0.0000 0.0000 0.0000 0.0000 0.0008
69       69   (0)      6  : 0.0222 0.0000 0.0000 0.1015 0.0000 0.0000 0.3794 0.0000 0.3562 0.0000 0.0000 0.0030 0.0000 0.0003 0.0000 0.0516 0.0111 0.0748
70       70   (0)      6  : 0.0082 0.0089 0.0000 0.1566 0.0020 0.0000 0.3808 0.0039 0.1985 0.0403 0.0000 0.0000 0.0278 0.0000 0.0000 0.0887 0.0000 0.0842
71       71   (0)      6  : 0.0000 0.0000 0.0093 0.0166 0.0000 0.0000 0.7039 0.0000 0.0012 0.0000 0.0000 0.0790 0.0003 0.0037 0.0073 0.0959 0.0365 0.0460
72       72   (0)      6  : 0.0018 0.0000 0.0000 0.0662 0.0000 0.0000 0.3721 0.0000 0.3320 0.0000 0.0000 0.0004 0.0000 0.0000 0.0035 0.1778 0.0000 0.0463
73       73   (0)      7  : 0.0931 0.0000 0.0129 0.3141 0.0000 0.0019 0.0000 0.0000 0.0049 0.0000 0.0000 0.0005 0.0000 0.0032 0.0158 0.4235 0.0212 0.1089
74       74   (0)      7  : 0.1127 0.0000 0.0000 0.3667 0.0000 0.0000 0.0131 0.0000 0.0729 0.0125 0.0000 0.0007 0.0753 0.0087 0.0001 0.1952 0.0198 0.1223
75       75   (0)      7  : 0.0001 0.0000 0.0000 0.2243 0.0000 0.0000 0.1003 0.0000 0.2061 0.0000 0.0000 0.0591 0.0072 0.0535 0.0106 0.1254 0.0676 0.1457
76       76   (0)      7  : 0.1447 0.0000 0.0000 0.1802 0.0057 0.0000 0.0000 0.0019 0.1215 0.0000 0.0000 0.0103 0.0000 0.0584 0.0041 0.2793 0.0619 0.1322
77       77   (0)      7  : 0.0511 0.0000 0.0013 0.0679 0.0000 0.0000 0.0000 0.0000 0.0014 0.0000 0.0000 0.0752 0.0000 0.0769 0.0089 0.4964 0.1043 0.1165
78       78   (0)      7  : 0.0012 0.0000 0.0000 0.1166 0.0000 0.0000 0.0884 0.0000 0.1913 0.0000 0.0000 0.0214 0.0047 0.0908 0.0616 0.1655 0.1095 0.1488
79       79   (0)      7  : 0.1066 0.0000 0.0000 0.2537 0.0000 0.0002 0.0000 0.0000 0.0130 0.0000 0.0000 0.0158 0.0000 0.0860 0.0000 0.3716 0.0473 0.1058
80       80   (0)      7  : 0.2508 0.0000 0.0000 0.3067 0.0000 0.0000 0.0000 0.0000 0.1169 0.0000 0.0000 0.0170 0.0180 0.0103 0.0000 0.1568 0.0216 0.1020
81       81   (0)      7  : 0.0328 0.0000 0.0000 0.1943 0.0000 0.0000 0.0208 0.0000 0.1149 0.0000 0.0000 0.0232 0.0000 0.0009 0.0000 0.4680 0.0190 0.1261
82       82   (0)      7  : 0.0228 0.0000 0.0000 0.0688 0.0000 0.0000 0.0000 0.0000 0.0417 0.0000 0.0000 0.0249 0.0000 0.0071 0.0553 0.6804 0.0261 0.0727
83       83   (0)      7  : 0.1660 0.0006 0.0009 0.3550 0.0197 0.0000 0.0708 0.0000 0.0187 0.0465 0.0000 0.0059 0.0000 0.0629 0.0061 0.0563 0.0702 0.1204
84       84   (0)      7  : 0.0342 0.0000 0.0000 0.1286 0.0594 0.0000 0.0000 0.0000 0.0125 0.7206 0.0000 0.0000 0.0000 0.0015 0.0006 0.0089 0.0056 0.0282
85       85   (0)      7  : 0.0891 0.0000 0.0000 0.2516 0.0000 0.0000 0.0000 0.0000 0.0325 0.0000 0.0000 0.0004 0.0128 0.0011 0.0339 0.4013 0.0665 0.1107
86       86   (0)      7  : 0.0182 0.0000 0.0000 0.0502 0.0000 0.0000 0.0000 0.0000 0.1519 0.0000 0.0000 0.0235 0.0000 0.0215 0.0431 0.5684 0.0439 0.0792
87       87   (0)      7  : 0.0242 0.0000 0.0000 0.1218 0.0000 0.0000 0.1025 0.0000 0.0000 0.7255 0.0000 0.0000 0.0000 0.0000 0.0000 0.0023 0.0000 0.0236
88       88   (0)      7  : 0.0000 0.0000 0.0011 0.1015 0.0000 0.0000 0.5549 0.0000 0.0326 0.0000 0.0000 0.0024 0.0000 0.0029 0.0000 0.1926 0.0285 0.0836
89       89   (0)      7  : 0.0000 0.0000 0.0000 0.0013 0.0000 0.0000 0.0800 0.0000 0.0000 0.8379 0.0000 0.0000 0.0000 0.0000 0.0738 0.0037 0.0002 0.0031
90       90   (0)      7  : 0.0399 0.0009 0.0000 0.2381 0.0000 0.0000 0.0106 0.0000 0.0024 0.0015 0.0000 0.0126 0.0007 0.0257 0.1126 0.3728 0.0441 0.1380
91       91   (0)      7  : 0.0357 0.0000 0.0022 0.3217 0.0000 0.0024 0.2020 0.0000 0.0319 0.0013 0.0000 0.0443 0.0000 0.0142 0.0000 0.1935 0.0008 0.1500
92       92   (0)      7  : 0.0942 0.0000 0.0541 0.2388 0.0000 0.0000 0.0000 0.0000 0.0158 0.0020 0.0000 0.0290 0.0000 0.0000 0.0080 0.4309 0.0045 0.1227
93       93   (0)      7  : 0.0316 0.0000 0.0099 0.0495 0.0036 0.0000 0.0000 0.0000 0.1003 0.0165 0.0000 0.0271 0.0000 0.1230 0.0155 0.3220 0.1372 0.1637
94       94   (0)      7  : 0.0585 0.0000 0.0000 0.2232 0.0000 0.0000 0.1745 0.0000 0.1394 0.0000 0.0000 0.0000 0.0000 0.0052 0.0134 0.2613 0.0056 0.1189
95       95   (0)      7  : 0.0060 0.0000 0.0000 0.0418 0.0000 0.0000 0.0000 0.0000 0.1323 0.0000 0.0000 0.0087 0.0000 0.0248 0.1401 0.5360 0.0311 0.0792
96       96   (0)      7  : 0.0000 0.0000 0.0000 0.1289 0.0081 0.0000 0.1711 0.0090 0.0076 0.0157 0.0000 0.0258 0.0000 0.0926 0.0168 0.2776 0.0910 0.1558
97       97   (0)      7  : 0.0000 0.0000 0.0000 0.0432 0.0000 0.0000 0.0000 0.0000 0.0254 0.0000 0.0000 0.0286 0.0000 0.0923 0.0461 0.5968 0.0824 0.0852
98       98   (0)      7  : 0.0000 0.0000 0.0000 0.0445 0.0000 0.0000 0.0000 0.0000 0.0279 0.0000 0.0000 0.0468 0.0000 0.1418 0.0522 0.4010 0.1499 0.1361
99       99   (0)      7  : 0.0000 0.0000 0.0000 0.0273 0.0000 0.0000 0.0000 0.0000 0.0000 0.0091 0.0000 0.0399 0.0000 0.0428 0.1907 0.5870 0.0485 0.0548
100      100   (0)      7  : 0.0000 0.0000 0.0000 0.0100 0.0000 0.0000 0.0000 0.0000 0.2176 0.7377 0.0000 0.0009 0.0000 0.0000 0.0034 0.0269 0.0002 0.0033
101      101   (0)      6  : 0.0572 0.0000 0.0000 0.2432 0.0000 0.0000 0.0000 0.0000 0.5465 0.0000 0.0000 0.0015 0.0000 0.0000 0.0000 0.0942 0.0019 0.0555
102      102   (0)      6  : 0.0005 0.0000 0.0097 0.0793 0.0000 0.0000 0.0329 0.0054 0.4429 0.0000 0.0000 0.1140 0.0173 0.0010 0.0131 0.1215 0.0883 0.0739
103      103   (0)      6  : 0.0000 0.0000 0.0005 0.0657 0.0000 0.0000 0.5812 0.0000 0.2308 0.0000 0.0000 0.0000 0.0000 0.0000 0.0203 0.0192 0.0089 0.0734
104      104   (0)      6  : 0.1338 0.0000 0.0000 0.3153 0.0000 0.0000 0.0000 0.0000 0.4859 0.0000 0.0000 0.0035 0.0000 0.0000 0.0000 0.0202 0.0000 0.0414
105      105   (0)      6  : 0.0000 0.0000 0.0000 0.0137 0.0000 0.0000 0.6427 0.0000 0.3077 0.0000 0.0000 0.0000 0.0000 0.0000 0.0041 0.0184 0.0000 0.0134
106      106   (0)      6  : 0.0126 0.0000 0.0000 0.0935 0.0000 0.0000 0.0712 0.0000 0.5170 0.0003 0.0000 0.0753 0.0000 0.0189 0.0788 0.0436 0.0193 0.0695
107      107   (0)      6  : 0.0524 0.0000 0.0077 0.1995 0.0000 0.0000 0.1949 0.0000 0.4149 0.0106 0.0000 0.0219 0.0015 0.0000 0.0014 0.0199 0.0304 0.0449
108      108   (0)      6  : 0.0187 0.0000 0.0000 0.1603 0.0058 0.0000 0.2720 0.0000 0.3909 0.0000 0.0000 0.0739 0.0000 0.0199 0.0008 0.0099 0.0203 0.0275
109      109   (0)      6  : 0.0330 0.0000 0.0000 0.0067 0.0000 0.0000 0.0082 0.0000 0.0003 0.9424 0.0000 0.0000 0.0000 0.0000 0.0000 0.0000 0.0058 0.0036
110      110   (0)      7  : 0.0056 0.0000 0.0000 0.2015 0.0000 0.0000 0.2427 0.0000 0.1315 0.0174 0.0000 0.0581 0.0000 0.0000 0.0032 0.2357 0.0033 0.1010
111      111   (0)      7  : 0.0000 0.0000 0.0000 0.0112 0.0000 0.0000 0.0000 0.0000 0.0238 0.0046 0.0027 0.0000 0.0000 0.0000 0.9443 0.0000 0.0000 0.0134
112      112   (0)      6  : 0.0000 0.0000 0.0000 0.0532 0.0000 0.0000 0.0224 0.0000 0.6891 0.0023 0.0008 0.0000 0.0000 0.0024 0.1837 0.0126 0.0057 0.0279
113      113   (0)      6  : 0.0000 0.0000 0.0000 0.0018 0.0000 0.0000 0.0000 0.0000 0.8768 0.0000 0.0000 0.0000 0.0720 0.0000 0.0000 0.0000 0.0472 0.0022
114      114   (0)      6  : 0.0000 0.0000 0.0000 0.0000 0.0000 0.0112 0.0000 0.0000 0.0868 0.8049 0.0100 0.0000 0.0000 0.0000 0.0852 0.0000 0.0000 0.0019
115      115   (0)      6  : 0.0487 0.0000 0.0000 0.0424 0.0000 0.0000 0.0000 0.0000 0.5183 0.0000 0.0000 0.0170 0.0358 0.0023 0.0093 0.2878 0.0330 0.0053
116      116   (0)      6  : 0.0000 0.0000 0.0000 0.0005 0.1368 0.0036 0.0000 0.0000 0.1847 0.3677 0.0860 0.0000 0.0000 0.0170 0.1848 0.0000 0.0054 0.0135
117      117   (0)      6  : 0.0423 0.0000 0.0000 0.0376 0.0000 0.0000 0.1139 0.0000 0.4505 0.0538 0.0225 0.0070 0.0001 0.0269 0.0605 0.1190 0.0247 0.0413
118      118   (0)      6  : 0.0000 0.0000 0.0000 0.0090 0.0000 0.0000 0.0937 0.0000 0.6878 0.0000 0.0000 0.1939 0.0008 0.0000 0.0000 0.0000 0.0016 0.0131
119      119   (0)      6  : 0.0044 0.0000 0.0023 0.0272 0.0000 0.0000 0.1802 0.0000 0.7705 0.0000 0.0000 0.0000 0.0000 0.0000 0.0000 0.0000 0.0015 0.0140
120      120   (0)      6  : 0.0000 0.0000 0.0000 0.0334 0.0000 0.0000 0.0000 0.0000 0.8234 0.0000 0.0000 0.0059 0.0000 0.0052 0.0000 0.0983 0.0149 0.0191
121      121   (0)      6  : 0.0000 0.0000 0.0000 0.0841 0.0000 0.0000 0.0000 0.0000 0.8302 0.0000 0.0000 0.0000 0.0044 0.0097 0.0000 0.0200 0.0151 0.0364
122      122   (0)      6  : 0.0000 0.0000 0.0000 0.0000 0.0761 0.0169 0.0000 0.0000 0.2142 0.6656 0.0153 0.0000 0.0018 0.0000 0.0017 0.0000 0.0076 0.0009
123      123   (0)      8  : 0.0113 0.0000 0.0000 0.0561 0.0130 0.0000 0.3946 0.0000 0.0676 0.0007 0.0000 0.0089 0.0000 0.1083 0.0468 0.0458 0.0970 0.1500
124      124   (0)      8  : 0.0692 0.0000 0.0000 0.2123 0.0004 0.0002 0.3299 0.0000 0.0049 0.0262 0.0014 0.0000 0.0000 0.0000 0.0623 0.1372 0.0010 0.1548
125      125   (0)      8  : 0.0000 0.0000 0.0000 0.0181 0.0078 0.0000 0.6562 0.0000 0.0000 0.0000 0.0000 0.0207 0.0000 0.0862 0.0141 0.0188 0.0879 0.0902
126      126   (0)      8  : 0.1242 0.0000 0.0000 0.3698 0.0000 0.0000 0.0117 0.0000 0.0000 0.0068 0.0000 0.0010 0.0047 0.0000 0.0617 0.2814 0.0000 0.1387
127      127   (0)      8  : 0.1311 0.0000 0.0000 0.2460 0.0000 0.0078 0.0000 0.0000 0.0000 0.0000 0.0000 0.0003 0.0000 0.0011 0.2060 0.3290 0.0000 0.0788
128      128   (0)      8  : 0.0000 0.0000 0.0000 0.0393 0.0000 0.0000 0.2109 0.0000 0.0000 0.0000 0.0000 0.2589 0.0000 0.0012 0.0689 0.3349 0.0040 0.0820
129      129   (0)      8  : 0.0560 0.0000 0.0000 0.1295 0.0034 0.0000 0.4281 0.0000 0.0000 0.0000 0.0000 0.0092 0.0004 0.0402 0.0162 0.1385 0.0522 0.1263
130      130   (0)      8  : 0.0000 0.0000 0.0000 0.0396 0.0167 0.0000 0.4421 0.0000 0.0733 0.0000 0.0000 0.0872 0.0022 0.0382 0.0552 0.0655 0.0245 0.1556
131      131   (0)      8  : 0.0596 0.0000 0.0007 0.2433 0.0000 0.0000 0.0239 0.0002 0.0433 0.0000 0.0000 0.1221 0.0000 0.0694 0.1686 0.0429 0.0743 0.1517
132      132   (0)      8  : 0.0667 0.0000 0.0000 0.1843 0.0000 0.0000 0.3068 0.0000 0.0000 0.0000 0.0000 0.0102 0.0000 0.0354 0.0050 0.2161 0.0300 0.1455
133      133   (0)      8  : 0.1488 0.0000 0.0000 0.1922 0.0026 0.0000 0.3717 0.0000 0.0000 0.0000 0.0000 0.0055 0.0000 0.0538 0.0071 0.0571 0.0522 0.1090
134      134   (0)      8  : 0.0183 0.0000 0.0000 0.1658 0.0009 0.0000 0.1393 0.0005 0.0017 0.0002 0.0000 0.0420 0.0000 0.0480 0.0383 0.3902 0.0161 0.1387
135      135   (0)      8  : 0.0041 0.0000 0.0000 0.0000 0.0000 0.0000 0.0000 0.0000 0.0000 0.0000 0.0016 0.0000 0.0000 0.0000 0.9802 0.0073 0.0000 0.0067
136      136   (0)      8  : 0.0096 0.0000 0.0000 0.0450 0.0000 0.0000 0.7538 0.0000 0.0000 0.0000 0.0000 0.0713 0.0000 0.0000 0.0022 0.0368 0.0000 0.0813
137      137   (0)      8  : 0.1826 0.0000 0.0000 0.2079 0.0114 0.0000 0.0015 0.0000 0.0618 0.0000 0.0000 0.0532 0.0091 0.0549 0.0622 0.1848 0.0600 0.1106
138      138   (0)      8  : 0.2158 0.0000 0.0000 0.3321 0.0000 0.0000 0.0204 0.0000 0.0000 0.0000 0.0000 0.0000 0.0000 0.0016 0.0338 0.2473 0.0043 0.1445
139      139   (0)      8  : 0.2216 0.0000 0.0000 0.3873 0.0000 0.0000 0.0219 0.0000 0.0000 0.0148 0.0000 0.0194 0.0000 0.0130 0.0084 0.1946 0.0138 0.1052
140      140   (0)      8  : 0.2135 0.0000 0.0000 0.4301 0.0000 0.0000 0.0000 0.0000 0.0031 0.0000 0.0000 0.0000 0.0000 0.0000 0.0109 0.2224 0.0006 0.1194
141      141   (0)      8  : 0.1279 0.0000 0.0115 0.2176 0.0000 0.0000 0.2587 0.0000 0.0000 0.0000 0.0000 0.0147 0.0000 0.0000 0.0608 0.1745 0.0000 0.1344
142      142   (0)      8  : 0.0174 0.0000 0.0005 0.0630 0.0000 0.0000 0.1047 0.0000 0.0000 0.0000 0.0000 0.2920 0.0000 0.0179 0.0167 0.3723 0.0226 0.0930
143      143   (0)      8  : 0.2103 0.0000 0.0048 0.3975 0.0000 0.0000 0.0753 0.0000 0.0017 0.0000 0.0000 0.0238 0.0000 0.0197 0.0029 0.1462 0.0231 0.0946
144      144   (0)      8  : 0.0032 0.0000 0.0000 0.0000 0.0000 0.0000 0.0000 0.0000 0.0092 0.0000 0.0000 0.0000 0.0000 0.0000 0.9858 0.0000 0.0019 0.0000
145      145   (0)      8  : 0.1800 0.0000 0.0000 0.2659 0.0000 0.0017 0.0102 0.0000 0.0021 0.0007 0.0000 0.1385 0.0018 0.0490 0.0561 0.1400 0.0332 0.1208
146      146   (0)      3  : 0.0244 0.0000 0.0000 0.0812 0.0000 0.0000 0.4687 0.0000 0.0000 0.0000 0.0000 0.0290 0.0018 0.0376 0.0283 0.1936 0.0404 0.0949
147      147   (0)      3  : 0.0356 0.0000 0.0000 0.0849 0.1154 0.0000 0.2383 0.0000 0.0000 0.4781 0.0000 0.0000 0.0000 0.0000 0.0008 0.0251 0.0000 0.0217
148      148   (0)      3  : 0.0095 0.0000 0.0000 0.0825 0.0000 0.0000 0.7269 0.0000 0.0000 0.0000 0.0000 0.1488 0.0000 0.0004 0.0000 0.0049 0.0020 0.0250
149      149   (0)      3  : 0.1501 0.0000 0.0000 0.3306 0.0003 0.0000 0.0775 0.0000 0.0000 0.0103 0.0000 0.0000 0.0000 0.0150 0.0217 0.2598 0.0127 0.1219
150      150   (0)      3  : 0.1054 0.0000 0.0050 0.1854 0.0000 0.0000 0.3222 0.0000 0.0000 0.0000 0.0000 0.1078 0.0000 0.0346 0.0020 0.1142 0.0390 0.0845
151      151   (0)      3  : 0.0147 0.0000 0.0107 0.0976 0.0000 0.0000 0.2465 0.0000 0.0002 0.0506 0.0000 0.2065 0.0000 0.0000 0.0809 0.1458 0.0000 0.1465
152      152   (0)      3  : 0.1510 0.0000 0.0011 0.3200 0.0000 0.0000 0.0000 0.0000 0.0000 0.0000 0.0000 0.0034 0.0000 0.0000 0.0553 0.3087 0.0000 0.1605
153      153   (0)      3  : 0.0944 0.0000 0.0000 0.2630 0.0000 0.0000 0.1078 0.0000 0.0000 0.0000 0.0000 0.0070 0.0000 0.0000 0.0695 0.3345 0.0000 0.1238
154      154   (0)      3  : 0.0846 0.0000 0.0000 0.1427 0.0024 0.0000 0.1474 0.0000 0.0000 0.0000 0.0000 0.0739 0.0000 0.0041 0.0223 0.4341 0.0043 0.0844
155      155   (0)      3  : 0.0926 0.0000 0.0000 0.2277 0.0000 0.0000 0.0587 0.0000 0.0000 0.0000 0.0000 0.0153 0.0000 0.0000 0.0866 0.4130 0.0000 0.1062
156      156   (0)      3  : 0.0566 0.0000 0.0000 0.1849 0.0380 0.0018 0.0000 0.0000 0.0000 0.0000 0.0000 0.0026 0.0000 0.0020 0.2234 0.3961 0.0032 0.0916
157      157   (0)      3  : 0.0982 0.0000 0.0000 0.3048 0.0629 0.0000 0.0460 0.0000 0.0000 0.0000 0.0000 0.0056 0.0000 0.0625 0.0112 0.2222 0.0592 0.1274
158      158   (0)      3  : 0.1720 0.0000 0.0004 0.3824 0.0001 0.0000 0.0207 0.0000 0.0000 0.0000 0.0000 0.0059 0.0000 0.0389 0.0232 0.1815 0.0411 0.1338
159      159   (0)      3  : 0.1313 0.0000 0.0000 0.3579 0.0006 0.0000 0.0191 0.0000 0.0208 0.0000 0.0000 0.0001 0.0000 0.0336 0.0122 0.2558 0.0367 0.1318
160      160   (0)      3  : 0.0685 0.0000 0.0000 0.1921 0.1583 0.0000 0.0000 0.0000 0.0000 0.5320 0.0002 0.0000 0.0000 0.0000 0.0000 0.0154 0.0000 0.0335
161      161   (0)      3  : 0.0880 0.0000 0.0160 0.2584 0.0000 0.0000 0.0196 0.0000 0.0481 0.0000 0.0000 0.2767 0.0000 0.0000 0.0460 0.1283 0.0000 0.1189
162      162   (0)      3  : 0.0402 0.0000 0.0000 0.0848 0.0000 0.0000 0.5516 0.0000 0.0000 0.0000 0.0000 0.0079 0.0000 0.0000 0.0473 0.1516 0.0000 0.1166
163      163   (0)      3  : 0.2534 0.0000 0.0000 0.3414 0.0000 0.0000 0.0005 0.0000 0.0000 0.0000 0.0000 0.0279 0.0000 0.0000 0.0176 0.2755 0.0017 0.0820
164      164   (0)      3  : 0.0748 0.0000 0.0000 0.2162 0.0000 0.0000 0.0657 0.0000 0.0000 0.0000 0.0000 0.2147 0.0000 0.0000 0.0110 0.3476 0.0002 0.0698
165      165   (0)      3  : 0.1500 0.0000 0.0000 0.3043 0.0000 0.0000 0.0008 0.0000 0.0000 0.0000 0.0000 0.0000 0.0000 0.0208 0.0400 0.3094 0.0230 0.1517
166      166   (0)      3  : 0.0022 0.0000 0.0000 0.0285 0.0070 0.0000 0.4951 0.0000 0.0045 0.0000 0.0000 0.0877 0.0000 0.0000 0.0936 0.1442 0.0000 0.1370
167      167   (0)      3  : 0.1001 0.0000 0.0000 0.2640 0.0000 0.0000 0.0012 0.0000 0.0000 0.0000 0.0000 0.1078 0.0000 0.0343 0.0102 0.3537 0.0383 0.0904
168      168   (0)      3  : 0.1499 0.0000 0.0000 0.3104 0.0000 0.0000 0.2606 0.0017 0.0065 0.0000 0.0000 0.0033 0.0000 0.0013 0.0281 0.1263 0.0000 0.1119
169      169   (0)      3  : 0.1158 0.0000 0.0000 0.3064 0.0014 0.0000 0.0129 0.0000 0.0025 0.0000 0.0000 0.0096 0.0000 0.0509 0.0869 0.2262 0.0537 0.1336
170      170   (0)      3  : 0.1604 0.0000 0.0000 0.2414 0.0000 0.0000 0.0000 0.0000 0.0010 0.0000 0.0000 0.0558 0.0000 0.0000 0.0718 0.3998 0.0000 0.0697
171      171   (0)      3  : 0.2327 0.0000 0.0000 0.4318 0.0000 0.0000 0.0046 0.0000 0.0008 0.0067 0.0000 0.0022 0.0000 0.0088 0.0077 0.1862 0.0129 0.1056
172      172   (0)      3  : 0.2274 0.0000 0.0000 0.2285 0.0000 0.0000 0.0057 0.0000 0.0000 0.0000 0.0000 0.0217 0.0001 0.0149 0.0181 0.3800 0.0135 0.0902
173      173   (0)      3  : 0.1513 0.0000 0.0000 0.3129 0.0000 0.0000 0.0001 0.0000 0.0248 0.0000 0.0000 0.0201 0.0000 0.0005 0.1018 0.2865 0.0019 0.1001
174      174   (0)      3  : 0.0874 0.0000 0.0000 0.1947 0.0000 0.0000 0.1095 0.0000 0.0000 0.0000 0.0000 0.2320 0.0000 0.0026 0.0134 0.2852 0.0043 0.0707
175      175   (0)      8  : 0.0252 0.0000 0.0000 0.0922 0.0000 0.0000 0.2000 0.0000 0.0000 0.0000 0.0000 0.2086 0.0000 0.0110 0.0153 0.3383 0.0115 0.0978
176      176   (0)      8  : 0.0000 0.0000 0.0000 0.0092 0.0000 0.0000 0.0000 0.0021 0.0234 0.0000 0.0000 0.0085 0.0000 0.0492 0.8176 0.0000 0.0509 0.0391
177      177   (0)      8  : 0.1174 0.0000 0.0000 0.2800 0.0000 0.0000 0.2989 0.0000 0.0020 0.0000 0.0000 0.0014 0.0000 0.0148 0.0097 0.1447 0.0157 0.1154
178      178   (0)      8  : 0.0914 0.0000 0.0000 0.2570 0.0000 0.0000 0.0000 0.0000 0.1349 0.0000 0.0000 0.2106 0.0000 0.0000 0.1388 0.1049 0.0000 0.0623
179      179   (0)      8  : 0.1017 0.0000 0.0000 0.1851 0.0000 0.0000 0.3435 0.0000 0.0011 0.0000 0.0000 0.0118 0.0001 0.0061 0.0168 0.2040 0.0150 0.1148
180      180   (0)      8  : 0.0618 0.0000 0.0000 0.1688 0.0209 0.0000 0.2493 0.0000 0.0189 0.0000 0.0000 0.0388 0.0051 0.0163 0.0178 0.2835 0.0086 0.1102
181      181   (0)      8  : 0.0874 0.0000 0.0000 0.2060 0.0000 0.0030 0.2079 0.0000 0.0000 0.0000 0.0000 0.0168 0.0000 0.0334 0.0336 0.2930 0.0090 0.1099
182      182   (0)      1  : 0.4182 0.0000 0.0032 0.3692 0.0000 0.0000 0.0000 0.0000 0.1064 0.0000 0.0000 0.0150 0.0000 0.0000 0.0013 0.0341 0.0017 0.0507
183      183   (0)      1  : 0.2099 0.0000 0.0026 0.0843 0.0000 0.0000 0.3118 0.0000 0.2806 0.0000 0.0000 0.0519 0.0000 0.0117 0.0000 0.0048 0.0063 0.0360
184      184   (0)      1  : 0.2924 0.0000 0.0234 0.2448 0.0000 0.0000 0.0000 0.0000 0.2948 0.0000 0.0000 0.1097 0.0000 0.0000 0.0090 0.0014 0.0000 0.0244
185      185   (0)      1  : 0.1815 0.0000 0.0000 0.0436 0.0000 0.0000 0.3783 0.0000 0.2956 0.0506 0.0000 0.0162 0.0000 0.0000 0.0000 0.0035 0.0014 0.0293
186      186   (0)      1  : 0.3038 0.0000 0.0000 0.2957 0.0000 0.0000 0.0168 0.0000 0.3232 0.0000 0.0000 0.0148 0.0000 0.0075 0.0000 0.0023 0.0047 0.0310
187      187   (0)      1  : 0.0900 0.0072 0.0000 0.1426 0.0227 0.0000 0.1776 0.0001 0.2323 0.0000 0.0000 0.0021 0.0147 0.0531 0.0449 0.0773 0.0368 0.0984
188      188   (0)      1  : 0.3951 0.0000 0.0000 0.3352 0.0000 0.0000 0.0085 0.0000 0.1972 0.0000 0.0000 0.0318 0.0000 0.0001 0.0000 0.0004 0.0002 0.0318
189      189   (0)      1  : 0.4061 0.0000 0.0000 0.3180 0.0000 0.0000 0.1003 0.0000 0.1085 0.0000 0.0000 0.0248 0.0000 0.0004 0.0000 0.0013 0.0000 0.0405
190      190   (0)      2  : 0.0018 0.0000 0.0000 0.0488 0.0000 0.0000 0.4613 0.0000 0.1089 0.0000 0.0000 0.3586 0.0000 0.0000 0.0000 0.0000 0.0015 0.0189
191      191   (0)      2  : 0.1992 0.0000 0.0000 0.3686 0.0000 0.0001 0.0054 0.0000 0.0426 0.0000 0.0000 0.0000 0.0000 0.0142 0.0047 0.2571 0.0146 0.0935
192      192   (0)      2  : 0.3193 0.0000 0.0000 0.2313 0.0000 0.0000 0.0964 0.0000 0.0882 0.0004 0.0000 0.0055 0.0000 0.0000 0.0158 0.1562 0.0032 0.0837
193      193   (0)      2  : 0.0000 0.0000 0.0000 0.0269 0.0000 0.0048 0.4957 0.0000 0.0000 0.0000 0.0000 0.0567 0.0000 0.0542 0.0088 0.2856 0.0078 0.0595
194      194   (0)      2  : 0.1585 0.0000 0.0044 0.5125 0.0000 0.0000 0.1413 0.0000 0.0159 0.0000 0.0000 0.0035 0.0000 0.0000 0.0016 0.0556 0.0000 0.1068
195      195   (0)      2  : 0.0000 0.0000 0.0000 0.0168 0.0000 0.0000 0.7686 0.0000 0.0000 0.0000 0.0000 0.0199 0.0000 0.0000 0.0075 0.1104 0.0000 0.0769
196      196   (0)      2  : 0.0728 0.0000 0.0000 0.1756 0.0000 0.0000 0.0334 0.0000 0.3947 0.0000 0.0000 0.2763 0.0000 0.0000 0.0000 0.0047 0.0000 0.0425
197      197   (0)      2  : 0.0036 0.0000 0.0000 0.0966 0.0000 0.0000 0.0328 0.0000 0.1524 0.0000 0.0000 0.5231 0.0000 0.0000 0.0000 0.1261 0.0000 0.0654
198      198   (0)      1  : 0.1103 0.0000 0.0162 0.1265 0.0000 0.0000 0.4609 0.0000 0.1277 0.0000 0.0000 0.0934 0.0000 0.0065 0.0000 0.0205 0.0083 0.0297
199      199   (0)      1  : 0.2529 0.0000 0.0000 0.1907 0.0000 0.0000 0.0000 0.0000 0.4687 0.0000 0.0000 0.0000 0.0000 0.0187 0.0074 0.0168 0.0138 0.0310
200      200   (0)      1  : 0.0500 0.0000 0.0049 0.0456 0.0000 0.0000 0.2746 0.0000 0.3483 0.0000 0.0000 0.1086 0.0000 0.0000 0.0356 0.0745 0.0000 0.0578
201      201   (0)      1  : 0.0032 0.0000 0.0000 0.0540 0.0179 0.0000 0.0787 0.0000 0.7039 0.0000 0.0000 0.0696 0.0513 0.0000 0.0000 0.0014 0.0000 0.0200
202      202   (0)      1  : 0.0026 0.0000 0.0000 0.0028 0.0000 0.0000 0.1381 0.0000 0.5832 0.0095 0.0000 0.2364 0.0000 0.0000 0.0000 0.0000 0.0000 0.0274
203      203   (0)      1  : 0.0845 0.0000 0.0000 0.0131 0.0000 0.0004 0.0000 0.0000 0.8429 0.0000 0.0000 0.0589 0.0003 0.0000 0.0000 0.0000 0.0000 0.0000
204      204   (0)      2  : 0.0000 0.0000 0.0000 0.0282 0.0000 0.0000 0.1127 0.0000 0.0196 0.4695 0.0000 0.1664 0.0000 0.0000 0.0680 0.0615 0.0000 0.0742
205      205   (0)      2  : 0.0029 0.0000 0.0022 0.0929 0.0000 0.0000 0.2621 0.0000 0.3289 0.0000 0.0000 0.2553 0.0007 0.0000 0.0034 0.0096 0.0000 0.0419
206      206   (0)      2  : 0.0000 0.0000 0.0000 0.0110 0.0509 0.0000 0.0689 0.0000 0.0000 0.7315 0.0000 0.0000 0.0000 0.0000 0.0089 0.0878 0.0000 0.0410
207      207   (0)      2  : 0.3529 0.0000 0.0000 0.3080 0.0000 0.0000 0.0003 0.0000 0.0537 0.0000 0.0000 0.0310 0.0041 0.0000 0.0040 0.1372 0.0245 0.0843
208      208   (0)      2  : 0.0000 0.0000 0.0000 0.0034 0.0000 0.0000 0.7949 0.0000 0.0000 0.0000 0.0000 0.1396 0.0000 0.0018 0.0000 0.0000 0.0000 0.0603
209      209   (0)      2  : 0.2981 0.0000 0.0000 0.4743 0.0000 0.0000 0.0032 0.0000 0.0000 0.0159 0.0000 0.0570 0.0000 0.0000 0.0000 0.0681 0.0000 0.0834
210      210   (0)      2  : 0.0000 0.0000 0.0014 0.0427 0.0000 0.0000 0.2716 0.0000 0.0097 0.0000 0.0000 0.5570 0.0000 0.0096 0.0000 0.0425 0.0045 0.0609
211      211   (0)      1  : 0.0465 0.0000 0.0086 0.0067 0.0000 0.0000 0.4525 0.0000 0.1495 0.0000 0.0000 0.3075 0.0000 0.0022 0.0000 0.0000 0.0032 0.0234
212      212   (0)      1  : 0.1371 0.0000 0.0000 0.0744 0.0000 0.0000 0.0000 0.0000 0.4792 0.0000 0.0000 0.0162 0.0039 0.0169 0.1235 0.0674 0.0152 0.0662
213      213   (0)      1  : 0.2318 0.0000 0.0000 0.0655 0.0000 0.0003 0.1323 0.0000 0.2806 0.0000 0.0004 0.0660 0.0000 0.0479 0.0130 0.0877 0.0138 0.0606
214      214   (0)      1  : 0.2922 0.0000 0.0000 0.1256 0.0000 0.0000 0.0000 0.0000 0.4291 0.0000 0.0005 0.0242 0.0368 0.0019 0.0000 0.0236 0.0226 0.0436
215      215   (0)      1  : 0.0451 0.0000 0.0000 0.0045 0.0000 0.0000 0.6850 0.0000 0.1528 0.0000 0.0000 0.0903 0.0002 0.0000 0.0000 0.0000 0.0000 0.0221
216      216   (0)      1  : 0.1765 0.0000 0.0015 0.2260 0.0000 0.0000 0.0000 0.0000 0.5282 0.0000 0.0000 0.0559 0.0000 0.0000 0.0000 0.0007 0.0004 0.0107
217      217   (0)      1  : 0.2436 0.0000 0.0002 0.1382 0.0000 0.0000 0.0085 0.0000 0.5261 0.0000 0.0000 0.0412 0.0149 0.0000 0.0000 0.0058 0.0042 0.0172
218      218   (0)      1  : 0.0000 0.0000 0.0000 0.0237 0.0000 0.0000 0.4002 0.0000 0.4943 0.0000 0.0000 0.0051 0.0142 0.0011 0.0035 0.0363 0.0008 0.0208
219      219   (0)      2  : 0.1569 0.0000 0.0000 0.2323 0.0000 0.0000 0.3598 0.0000 0.1478 0.0000 0.0000 0.0535 0.0000 0.0002 0.0000 0.0017 0.0000 0.0478
220      220   (0)      2  : 0.0039 0.0000 0.0000 0.0304 0.0000 0.0000 0.3378 0.0000 0.1173 0.0000 0.0000 0.2273 0.0000 0.0109 0.0627 0.0955 0.0072 0.1070
221      221   (0)      2  : 0.2301 0.0000 0.0000 0.3683 0.0000 0.0000 0.0000 0.0081 0.2085 0.0000 0.0000 0.0921 0.0000 0.0056 0.0098 0.0300 0.0031 0.0443
222      222   (0)      2  : 0.1760 0.0000 0.0000 0.2267 0.0000 0.0000 0.1385 0.0000 0.2032 0.0000 0.0004 0.0060 0.0000 0.0360 0.0005 0.0971 0.0312 0.0844
223      223   (0)      2  : 0.1148 0.0000 0.0000 0.3308 0.0000 0.0000 0.0000 0.0000 0.4128 0.0000 0.0000 0.0197 0.0000 0.0000 0.0508 0.0123 0.0022 0.0567
224      224   (0)      2  : 0.0236 0.0000 0.0000 0.0685 0.0000 0.0000 0.7863 0.0000 0.0000 0.0202 0.0000 0.0787 0.0000 0.0000 0.0000 0.0131 0.0000 0.0095
225      225   (0)      2  : 0.0428 0.0000 0.0000 0.1377 0.0000 0.0000 0.2650 0.0000 0.0864 0.0000 0.0000 0.4408 0.0000 0.0000 0.0000 0.0130 0.0000 0.0143
226      226   (0)      2  : 0.3270 0.0003 0.0000 0.3761 0.0000 0.0000 0.0000 0.0000 0.1203 0.0000 0.0000 0.0349 0.0215 0.0207 0.0046 0.0200 0.0161 0.0585
227      227   (0)      2  : 0.3811 0.0000 0.0015 0.3496 0.0000 0.0000 0.1258 0.0000 0.0498 0.0000 0.0000 0.0491 0.0000 0.0000 0.0000 0.0045 0.0000 0.0386
228      228   (0)      2  : 0.3256 0.0000 0.0000 0.4015 0.0000 0.0000 0.1242 0.0000 0.0408 0.0000 0.0000 0.0318 0.0000 0.0094 0.0000 0.0123 0.0084 0.0461
229      229   (0)      2  : 0.3608 0.0000 0.0000 0.5767 0.0000 0.0000 0.0408 0.0000 0.0000 0.0000 0.0000 0.0000 0.0005 0.0000 0.0000 0.0000 0.0000 0.0212
230      230   (0)      2  : 0.0245 0.0000 0.0000 0.0783 0.0000 0.0000 0.2370 0.0016 0.0000 0.6451 0.0000 0.0000 0.0000 0.0000 0.0000 0.0005 0.0000 0.0130
231      231   (0)      2  : 0.2051 0.0000 0.0000 0.1974 0.0000 0.0000 0.1613 0.0000 0.0506 0.0000 0.0000 0.0090 0.0000 0.0594 0.0386 0.1120 0.0547 0.1120
232      232   (0)      2  : 0.1422 0.0000 0.0000 0.2621 0.0000 0.0000 0.3540 0.0000 0.0583 0.0000 0.0000 0.0254 0.0001 0.0083 0.0000 0.0376 0.0184 0.0936
233      233   (0)      9  : 0.0000 0.0000 1.0000 0.0000 0.0000 0.0000 0.0000 0.0000 0.0000 0.0000 0.0000 0.0000 0.0000 0.0000 0.0000 0.0000 0.0000 0.0000
234      234   (0)      9  : 0.0000 0.0000 0.0000 0.0000 0.0246 0.4196 0.0000 0.0469 0.0000 0.0000 0.0317 0.0000 0.0000 0.3614 0.0000 0.0000 0.0062 0.1096
235      235   (0)      9  : 0.0000 0.0000 1.0000 0.0000 0.0000 0.0000 0.0000 0.0000 0.0000 0.0000 0.0000 0.0000 0.0000 0.0000 0.0000 0.0000 0.0000 0.0000
236      236   (0)      9  : 0.0000 0.0000 0.0000 0.0078 0.0082 0.4471 0.0000 0.0390 0.0000 0.0000 0.0985 0.0049 0.0000 0.2345 0.0000 0.0087 0.0412 0.1102
237      237   (0)      9  : 0.0000 0.0000 0.9947 0.0000 0.0000 0.0000 0.0000 0.0000 0.0000 0.0000 0.0000 0.0000 0.0053 0.0000 0.0000 0.0000 0.0000 0.0000
238      238   (0)      9  : 0.0000 0.0000 0.8745 0.0000 0.0000 0.0000 0.0000 0.0000 0.0000 0.0000 0.0000 0.0000 0.1252 0.0000 0.0000 0.0000 0.0003 0.0000
239      239   (0)      9  : 0.0000 0.0902 0.0000 0.0000 0.0009 0.6024 0.0019 0.0000 0.0000 0.0000 0.0246 0.0097 0.0000 0.2173 0.0000 0.0000 0.0000 0.0531
240      240   (0)      9  : 0.0000 0.0000 0.0000 0.0000 0.0021 0.7132 0.0000 0.0039 0.0000 0.0000 0.0744 0.0000 0.0000 0.1479 0.0000 0.0000 0.0000 0.0585
241      241   (0)     10  : 0.0000 0.0007 0.0000 0.0000 0.0000 0.4038 0.0000 0.0000 0.0000 0.0000 0.0000 0.0000 0.0010 0.5104 0.0000 0.0000 0.0000 0.0840
242      242   (0)     10  : 0.0000 0.0000 0.0000 0.0000 0.0000 0.8600 0.0000 0.0001 0.0000 0.0000 0.0000 0.0000 0.0010 0.0831 0.0000 0.0000 0.0191 0.0367
243      243   (0)     10  : 0.0082 0.0000 0.0000 0.0000 0.0000 0.3439 0.0000 0.0000 0.0000 0.0000 0.0000 0.0014 0.0000 0.5548 0.0000 0.0099 0.0000 0.0818
244      244   (0)     11  : 0.0000 0.0000 0.0114 0.0000 0.0000 0.0000 0.0000 0.0000 0.0000 0.0000 0.0002 0.0000 0.9882 0.0002 0.0000 0.0000 0.0000 0.0000
245      245   (0)     11  : 0.0000 0.0000 0.0456 0.0000 0.0000 0.0000 0.0000 0.0000 0.0000 0.0000 0.0000 0.0000 0.9238 0.0299 0.0000 0.0000 0.0007 0.0000
246      246   (0)     11  : 0.0014 0.0000 0.0289 0.0016 0.0000 0.0000 0.0000 0.0000 0.0000 0.0000 0.0000 0.0061 0.9611 0.0000 0.0000 0.0000 0.0000 0.0009
247      247   (0)     11  : 0.0000 0.0000 0.4430 0.0000 0.0000 0.0000 0.0000 0.0000 0.0000 0.0000 0.0000 0.0000 0.4557 0.0093 0.0000 0.0000 0.0869 0.0052
248      248   (0)     11  : 0.0000 0.0000 0.0131 0.0000 0.0000 0.0000 0.0000 0.0000 0.0000 0.0000 0.0000 0.0000 0.9869 0.0000 0.0000 0.0000 0.0000 0.0000
249      249   (0)     11  : 0.0000 0.0018 0.0000 0.0000 0.0000 0.3227 0.0000 0.0287 0.0000 0.0000 0.3441 0.0000 0.0475 0.1969 0.0000 0.0000 0.0000 0.0584
250      250   (0)     11  : 0.0000 0.1645 0.0050 0.0026 0.0000 0.1527 0.0000 0.0592 0.0000 0.0000 0.2683 0.0000 0.0000 0.2621 0.0030 0.0000 0.0138 0.0689
251      251   (0)     10  : 0.0000 0.0000 0.0723 0.0021 0.0000 0.3465 0.0000 0.0000 0.0220 0.0000 0.0000 0.0000 0.0000 0.4530 0.0017 0.0017 0.0175 0.0831
252      252   (0)     10  : 0.0000 0.0000 0.0000 0.0000 0.0103 0.5945 0.0000 0.0000 0.0000 0.0044 0.0000 0.0000 0.0000 0.3058 0.0000 0.0000 0.0021 0.0829
253      253   (0)     10  : 0.0000 0.0000 0.0000 0.0000 0.0000 0.9392 0.0000 0.0000 0.0000 0.0000 0.0000 0.0000 0.0000 0.0253 0.0000 0.0000 0.0000 0.0355
254      254   (0)     10  : 0.0000 0.0000 0.0000 0.0021 0.0000 0.7780 0.0000 0.0322 0.0128 0.0000 0.0000 0.0005 0.0000 0.1327 0.0000 0.0000 0.0000 0.0417
255      255   (0)     10  : 0.0000 0.0000 0.0000 0.0000 0.0000 0.3426 0.0938 0.0006 0.0000 0.0000 0.0896 0.0177 0.0000 0.3727 0.0000 0.0000 0.0000 0.0829
256      256   (0)     10  : 0.0000 0.0000 0.0000 0.0027 0.0024 0.3657 0.0000 0.0017 0.0000 0.0000 0.0766 0.0000 0.0276 0.4075 0.0043 0.0000 0.0141 0.0974
257      257   (0)     10  : 0.0000 0.0000 0.0112 0.0000 0.0083 0.5012 0.0000 0.0000 0.0000 0.0249 0.0716 0.0000 0.0000 0.2852 0.0000 0.0000 0.0000 0.0976
258      258   (0)     10  : 0.0000 0.0000 0.0000 0.0000 0.0000 0.6755 0.0000 0.0000 0.0000 0.0000 0.0407 0.0000 0.0000 0.2204 0.0000 0.0000 0.0000 0.0634
259      259   (0)     10  : 0.0000 0.0000 0.0073 0.0000 0.0296 0.3598 0.0000 0.0000 0.0000 0.0000 0.0000 0.0000 0.0040 0.4981 0.0000 0.0000 0.0000 0.1012
260      260   (0)     10  : 0.0000 0.0000 0.0000 0.0000 0.0000 0.3864 0.0000 0.1234 0.0000 0.0000 0.0340 0.0000 0.0000 0.3760 0.0000 0.0020 0.0000 0.0782
261      261   (0)     10  : 0.0000 0.0000 0.2085 0.0000 0.0000 0.1166 0.0000 0.0157 0.0000 0.0000 0.0003 0.0000 0.0187 0.5914 0.0000 0.0000 0.0031 0.0457
262      262   (0)     10  : 0.0000 0.0119 0.0000 0.0000 0.0002 0.1421 0.0000 0.0067 0.0000 0.0000 0.0032 0.0000 0.0210 0.7458 0.0000 0.0047 0.0089 0.0556
263      263   (0)     10  : 0.0000 0.0000 0.0000 0.0000 0.0126 0.4983 0.0000 0.0020 0.0000 0.0000 0.0000 0.0000 0.0000 0.4015 0.0000 0.0000 0.0000 0.0856
264      264   (0)     10  : 0.0000 0.0002 0.0000 0.0000 0.0000 0.2908 0.0000 0.0000 0.0000 0.0000 0.0000 0.0000 0.0000 0.6206 0.0000 0.0000 0.0000 0.0883
265      265   (0)     10  : 0.0000 0.0000 0.0000 0.0000 0.0000 0.3315 0.0000 0.0000 0.0000 0.0000 0.1250 0.0000 0.0000 0.4328 0.0000 0.0000 0.0000 0.1107
266      266   (0)     10  : 0.0000 0.0000 0.0000 0.0006 0.0092 0.8478 0.0000 0.0706 0.0000 0.0000 0.0000 0.0000 0.0000 0.0383 0.0000 0.0000 0.0000 0.0334
267      267   (0)     10  : 0.0000 0.0000 0.6175 0.0000 0.0000 0.0380 0.0074 0.0003 0.0000 0.0000 0.0000 0.0413 0.2115 0.0073 0.0000 0.0000 0.0650 0.0117
268      268   (0)     10  : 0.0000 0.0024 0.0000 0.0000 0.0000 0.4205 0.0000 0.0404 0.0000 0.0000 0.0000 0.0000 0.0000 0.4334 0.0041 0.0101 0.0000 0.0891
269      269   (0)     10  : 0.0000 0.0021 0.0064 0.0000 0.0000 0.1987 0.0000 0.0000 0.0000 0.0000 0.0000 0.0000 0.0000 0.6889 0.0000 0.0040 0.0015 0.0984
270      270   (0)     10  : 0.0000 0.0000 0.0000 0.0000 0.0000 0.5632 0.0000 0.0000 0.0187 0.0000 0.0000 0.0000 0.0042 0.3312 0.0000 0.0000 0.0000 0.0826
271      271   (0)     10  : 0.0000 0.0000 0.0000 0.0000 0.0000 0.5467 0.0000 0.0000 0.0000 0.0000 0.0031 0.0000 0.0000 0.3319 0.0170 0.0000 0.0158 0.0854
272      272   (0)     10  : 0.0000 0.0000 0.0000 0.0000 0.0000 0.9516 0.0000 0.0000 0.0000 0.0000 0.0000 0.0000 0.0000 0.0259 0.0000 0.0000 0.0000 0.0224
273      273   (0)     12  : 0.0000 0.8905 0.0000 0.0000 0.0000 0.0000 0.0000 0.0000 0.0000 0.0000 0.1054 0.0000 0.0000 0.0000 0.0000 0.0000 0.0000 0.0042
274      274   (0)     12  : 0.0000 0.9905 0.0000 0.0000 0.0000 0.0000 0.0000 0.0000 0.0000 0.0000 0.0000 0.0000 0.0000 0.0000 0.0000 0.0000 0.0023 0.0072
275      275   (0)     12  : 0.0000 0.9973 0.0000 0.0000 0.0000 0.0000 0.0000 0.0000 0.0000 0.0000 0.0000 0.0000 0.0000 0.0013 0.0000 0.0000 0.0000 0.0014
276      276   (0)     12  : 0.0000 0.8576 0.0000 0.0000 0.0000 0.0000 0.0000 0.1360 0.0000 0.0000 0.0054 0.0000 0.0000 0.0000 0.0000 0.0000 0.0000 0.0011
277      277   (0)     12  : 0.0000 0.9541 0.0259 0.0000 0.0000 0.0001 0.0000 0.0000 0.0000 0.0000 0.0000 0.0000 0.0000 0.0069 0.0000 0.0033 0.0000 0.0097
278      278   (0)     12  : 0.0000 0.2125 0.0000 0.0000 0.0000 0.0000 0.0000 0.0000 0.0000 0.0000 0.0000 0.0000 0.4354 0.0343 0.0000 0.0000 0.2599 0.0579
279      279   (0)     12  : 0.0000 0.0589 0.0000 0.0000 0.0000 0.0000 0.0000 0.0000 0.0000 0.0000 0.0000 0.0000 0.5765 0.0256 0.0000 0.0000 0.2825 0.0566
280      280   (0)     12  : 0.0000 1.0000 0.0000 0.0000 0.0000 0.0000 0.0000 0.0000 0.0000 0.0000 0.0000 0.0000 0.0000 0.0000 0.0000 0.0000 0.0000 0.0000
281      281   (0)     12  : 0.0000 0.8627 0.0000 0.0000 0.0000 0.0000 0.0000 0.0000 0.0000 0.0000 0.1295 0.0000 0.0000 0.0000 0.0000 0.0000 0.0000 0.0077
282      282   (0)     12  : 0.0000 0.7890 0.0000 0.0007 0.0000 0.0170 0.0000 0.0290 0.0000 0.0000 0.0000 0.0000 0.0275 0.0773 0.0007 0.0000 0.0410 0.0178
283      283   (0)     12  : 0.0000 0.9784 0.0000 0.0000 0.0000 0.0000 0.0000 0.0000 0.0000 0.0000 0.0000 0.0000 0.0000 0.0059 0.0000 0.0000 0.0096 0.0061
284      284   (0)     12  : 0.0000 0.0091 0.0000 0.0000 0.0000 0.0000 0.0000 0.0000 0.0000 0.0000 0.0000 0.0000 0.5833 0.0000 0.0000 0.0000 0.3520 0.0556
285      285   (0)     12  : 0.0000 0.1027 0.0004 0.0000 0.0000 0.0000 0.0000 0.0000 0.0000 0.0000 0.0000 0.0000 0.5616 0.0000 0.0000 0.0000 0.2798 0.0556
286      286   (0)     12  : 0.0000 0.2116 0.0000 0.0000 0.0000 0.0000 0.0000 0.0000 0.0000 0.0000 0.0000 0.0000 0.5962 0.0025 0.0000 0.0000 0.1331 0.0565
287      287   (0)     12  : 0.0000 1.0000 0.0000 0.0000 0.0000 0.0000 0.0000 0.0000 0.0000 0.0000 0.0000 0.0000 0.0000 0.0000 0.0000 0.0000 0.0000 0.0000
288      288   (0)     12  : 0.0000 1.0000 0.0000 0.0000 0.0000 0.0000 0.0000 0.0000 0.0000 0.0000 0.0000 0.0000 0.0000 0.0000 0.0000 0.0000 0.0000 0.0000
289      289   (0)     12  : 0.0000 1.0000 0.0000 0.0000 0.0000 0.0000 0.0000 0.0000 0.0000 0.0000 0.0000 0.0000 0.0000 0.0000 0.0000 0.0000 0.0000 0.0000
290      290   (0)     12  : 0.0000 0.9932 0.0000 0.0000 0.0000 0.0000 0.0000 0.0000 0.0000 0.0000 0.0000 0.0000 0.0000 0.0000 0.0000 0.0000 0.0000 0.0068
291      291   (0)     12  : 0.0000 0.9973 0.0000 0.0000 0.0000 0.0000 0.0000 0.0000 0.0000 0.0000 0.0000 0.0000 0.0000 0.0000 0.0000 0.0000 0.0000 0.0027
292      292   (0)     12  : 0.0000 1.0000 0.0000 0.0000 0.0000 0.0000 0.0000 0.0000 0.0000 0.0000 0.0000 0.0000 0.0000 0.0000 0.0000 0.0000 0.0000 0.0000
293      293   (0)     12  : 0.0000 1.0000 0.0000 0.0000 0.0000 0.0000 0.0000 0.0000 0.0000 0.0000 0.0000 0.0000 0.0000 0.0000 0.0000 0.0000 0.0000 0.0000
294      294   (0)     12  : 0.0000 0.9852 0.0000 0.0000 0.0000 0.0000 0.0000 0.0148 0.0000 0.0000 0.0000 0.0000 0.0000 0.0000 0.0000 0.0000 0.0000 0.0000
295      295   (0)     12  : 0.0000 0.0000 0.0000 0.0000 0.0000 0.0000 0.0000 0.0000 0.0000 0.0000 0.0000 0.0000 0.5974 0.0000 0.0000 0.0000 0.3470 0.0556
296      296   (0)     12  : 0.0000 0.9897 0.0000 0.0000 0.0000 0.0000 0.0000 0.0000 0.0000 0.0000 0.0098 0.0000 0.0000 0.0000 0.0000 0.0000 0.0004 0.0000
297      297   (0)     12  : 0.0000 0.8854 0.0000 0.0000 0.0000 0.0000 0.0000 0.0720 0.0000 0.0000 0.0379 0.0000 0.0000 0.0002 0.0000 0.0000 0.0000 0.0044
298      298   (0)     12  : 0.0000 0.1008 0.0000 0.0000 0.0000 0.0000 0.0000 0.0000 0.0000 0.0000 0.0000 0.0000 0.4821 0.0611 0.0000 0.0000 0.2962 0.0599
299      299   (0)     12  : 0.0000 1.0000 0.0000 0.0000 0.0000 0.0000 0.0000 0.0000 0.0000 0.0000 0.0000 0.0000 0.0000 0.0000 0.0000 0.0000 0.0000 0.0000
300      300   (0)     12  : 0.0000 0.0615 0.0000 0.0000 0.0000 0.0000 0.0000 0.0000 0.0000 0.0000 0.0000 0.0000 0.5991 0.0000 0.0000 0.0000 0.2838 0.0556
301      301   (0)     13  : 0.0000 0.0000 0.0000 0.0000 0.0000 0.0000 0.0000 0.0000 0.0000 0.0000 0.9028 0.0000 0.0813 0.0105 0.0000 0.0000 0.0000 0.0054
302      302   (0)     13  : 0.0000 0.0000 0.0000 0.0000 0.0000 0.0000 0.0000 0.0000 0.0000 0.0000 1.0000 0.0000 0.0000 0.0000 0.0000 0.0000 0.0000 0.0000
303      303   (0)     13  : 0.0000 0.0000 0.0000 0.0000 0.0000 0.0000 0.0000 0.0000 0.0000 0.0000 0.9957 0.0000 0.0000 0.0000 0.0000 0.0000 0.0000 0.0043
304      304   (0)     13  : 0.0000 0.0948 0.0732 0.0000 0.0000 0.0883 0.0000 0.2099 0.0000 0.0000 0.4969 0.0000 0.0000 0.0275 0.0000 0.0000 0.0000 0.0095
305      305   (0)     13  : 0.0000 0.0000 0.0000 0.0000 0.0000 0.0000 0.0000 0.0000 0.0000 0.0000 1.0000 0.0000 0.0000 0.0000 0.0000 0.0000 0.0000 0.0000
306      306   (0)     13  : 0.0000 0.0000 0.0000 0.0000 0.0000 0.0000 0.0000 0.0000 0.0000 0.0000 0.9990 0.0000 0.0010 0.0000 0.0000 0.0000 0.0000 0.0000
307      307   (0)     13  : 0.0000 0.0000 0.0000 0.0000 0.0006 0.0859 0.0000 0.0000 0.0000 0.0000 0.8965 0.0000 0.0000 0.0000 0.0000 0.0000 0.0000 0.0169
308      308   (0)     13  : 0.0000 0.0000 0.3586 0.0000 0.0000 0.0000 0.0000 0.0000 0.0103 0.0000 0.2604 0.0000 0.2976 0.0009 0.0000 0.0000 0.0720 0.0001
309      309   (0)     13  : 0.0004 0.0000 0.0086 0.0022 0.0000 0.0000 0.0000 0.0000 0.0000 0.0000 0.5253 0.0000 0.3581 0.0822 0.0000 0.0000 0.0076 0.0156
310      310   (0)     13  : 0.0000 0.1545 0.0000 0.0000 0.0000 0.0000 0.0000 0.0000 0.0000 0.0000 0.8399 0.0000 0.0000 0.0000 0.0000 0.0000 0.0000 0.0056
311      311   (0)     13  : 0.0000 0.0000 0.0000 0.0000 0.0000 0.0000 0.0000 0.0000 0.0000 0.0000 1.0000 0.0000 0.0000 0.0000 0.0000 0.0000 0.0000 0.0000
312      312   (0)     13  : 0.0000 0.0000 0.0000 0.0000 0.0000 0.0000 0.0000 0.0000 0.0000 0.0000 0.9829 0.0000 0.0000 0.0094 0.0000 0.0000 0.0041 0.0036
313      313   (0)     13  : 0.0000 0.0000 0.0000 0.0000 0.0000 0.0000 0.0000 0.0000 0.0000 0.0000 1.0000 0.0000 0.0000 0.0000 0.0000 0.0000 0.0000 0.0000
314      314   (0)     13  : 0.0000 0.0000 0.0000 0.0000 0.0000 0.0000 0.0000 0.0000 0.0000 0.0000 1.0000 0.0000 0.0000 0.0000 0.0000 0.0000 0.0000 0.0000
315      315   (0)     13  : 0.0000 0.0000 0.0000 0.0000 0.0000 0.0000 0.0000 0.0000 0.0000 0.0000 1.0000 0.0000 0.0000 0.0000 0.0000 0.0000 0.0000 0.0000
316      316   (0)     13  : 0.0000 0.0000 0.0000 0.0000 0.0000 0.1348 0.0000 0.0000 0.0000 0.0000 0.8155 0.0000 0.0146 0.0000 0.0000 0.0000 0.0194 0.0158
317      317   (0)     13  : 0.0000 0.0000 0.0000 0.0000 0.0000 0.0000 0.0000 0.0000 0.0000 0.0000 0.9152 0.0000 0.0000 0.0785 0.0000 0.0000 0.0000 0.0063
318      318   (0)     13  : 0.0000 0.0000 0.0000 0.0000 0.0000 0.0000 0.0000 0.0000 0.0000 0.0000 1.0000 0.0000 0.0000 0.0000 0.0000 0.0000 0.0000 0.0000
319      319   (0)     13  : 0.0000 0.0000 0.0000 0.0000 0.0000 0.0017 0.0000 0.0000 0.0000 0.0000 0.9983 0.0000 0.0000 0.0000 0.0000 0.0000 0.0000 0.0000
320      320   (0)     13  : 0.0000 0.0174 0.0817 0.0000 0.0000 0.0000 0.0000 0.0000 0.0000 0.0000 0.1941 0.0000 0.5936 0.0427 0.0000 0.0000 0.0680 0.0024
321      321   (0)     13  : 0.0000 0.0000 0.0000 0.0000 0.0000 0.0000 0.0000 0.0000 0.0000 0.0000 1.0000 0.0000 0.0000 0.0000 0.0000 0.0000 0.0000 0.0000
322      322   (0)     13  : 0.0000 0.0000 0.0000 0.0000 0.0000 0.0000 0.0000 0.0000 0.0000 0.0000 0.9140 0.0000 0.0117 0.0000 0.0000 0.0000 0.0743 0.0000
323      323   (0)     13  : 0.0000 0.0000 0.0000 0.0000 0.0000 0.0000 0.0000 0.1046 0.0000 0.0000 0.8954 0.0000 0.0000 0.0000 0.0000 0.0000 0.0000 0.0000
324      324   (0)     13  : 0.0000 0.0000 0.0000 0.0000 0.0000 0.0000 0.0000 0.2589 0.0000 0.0000 0.7411 0.0000 0.0000 0.0000 0.0000 0.0000 0.0000 0.0000
325      325   (0)     14  : 0.0000 0.0002 0.0000 0.0000 0.0000 0.2813 0.0000 0.0000 0.0000 0.0000 0.6661 0.0000 0.0000 0.0224 0.0000 0.0000 0.0000 0.0300
326      326   (0)     14  : 0.0000 0.0000 0.0000 0.0000 0.0000 0.9642 0.0000 0.0000 0.0000 0.0000 0.0123 0.0000 0.0000 0.0000 0.0000 0.0000 0.0000 0.0235
327      327   (0)     14  : 0.0000 0.0000 1.0000 0.0000 0.0000 0.0000 0.0000 0.0000 0.0000 0.0000 0.0000 0.0000 0.0000 0.0000 0.0000 0.0000 0.0000 0.0000
328      328   (0)     14  : 0.0000 0.2387 0.0000 0.0000 0.0000 0.4934 0.0000 0.0110 0.0000 0.0000 0.1852 0.0000 0.0000 0.0062 0.0000 0.0000 0.0000 0.0655
329      329   (0)     14  : 0.0000 0.0000 0.0920 0.0000 0.0000 0.0000 0.0000 0.0000 0.0000 0.0000 0.0000 0.0000 0.9080 0.0000 0.0000 0.0000 0.0000 0.0000
330      330   (0)     14  : 0.0000 0.0000 0.9828 0.0026 0.0000 0.0000 0.0000 0.0000 0.0009 0.0000 0.0000 0.0000 0.0000 0.0134 0.0000 0.0000 0.0000 0.0002
331      331   (0)     14  : 0.0008 0.0000 0.4871 0.0000 0.0000 0.0000 0.0000 0.0000 0.0000 0.0000 0.0021 0.0000 0.4401 0.0036 0.0239 0.0000 0.0289 0.0136
332      332   (0)     14  : 0.0000 0.1001 0.0788 0.0000 0.0000 0.1062 0.0000 0.0493 0.0000 0.0000 0.2485 0.0000 0.0000 0.3539 0.0000 0.0000 0.0000 0.0633
333      333   (0)     14  : 0.0000 0.0000 0.8446 0.0000 0.0000 0.0000 0.0000 0.0000 0.0000 0.0000 0.0000 0.0000 0.0584 0.0000 0.0000 0.0000 0.0895 0.0075
334      334   (0)     14  : 0.0004 0.0000 0.0000 0.0000 0.0000 0.7601 0.0000 0.0000 0.0000 0.0000 0.1532 0.0000 0.0069 0.0000 0.0000 0.0000 0.0078 0.0715
335      335   (0)     14  : 0.0000 0.0126 0.0638 0.0000 0.0000 0.1533 0.0000 0.0306 0.0000 0.0000 0.3207 0.0000 0.0009 0.3505 0.0000 0.0000 0.0020 0.0656
336      336   (0)     11  : 0.0000 0.0000 0.1469 0.0000 0.0000 0.0001 0.0000 0.0000 0.0000 0.0000 0.0100 0.0000 0.8416 0.0000 0.0000 0.0000 0.0000 0.0014
337      337   (0)     11  : 0.0000 0.0845 0.0000 0.0019 0.0076 0.4202 0.0000 0.0000 0.0000 0.0000 0.3818 0.0000 0.0000 0.0081 0.0000 0.0000 0.0092 0.0867
338      338   (0)     11  : 0.0000 0.0000 0.0561 0.0000 0.0000 0.0009 0.0000 0.0000 0.0016 0.0000 0.0000 0.0000 0.9414 0.0000 0.0000 0.0000 0.0000 0.0000
339      339   (0)     10  : 0.0000 0.0000 0.0000 0.0000 0.0000 0.9123 0.0000 0.0000 0.0000 0.0000 0.0000 0.0000 0.0000 0.0000 0.0000 0.0000 0.0000 0.0877
340      340   (0)     10  : 0.0000 0.0000 0.4487 0.0172 0.0000 0.0000 0.0000 0.0000 0.0000 0.0000 0.0000 0.0159 0.2222 0.0971 0.0000 0.0317 0.0955 0.0716
341      341   (0)     11  : 0.0002 0.0000 0.1134 0.0161 0.0000 0.0000 0.0000 0.0000 0.0000 0.0000 0.0000 0.0000 0.7276 0.1127 0.0000 0.0000 0.0148 0.0152
342      342   (0)     11  : 0.0000 0.0000 0.0252 0.0000 0.0000 0.0000 0.0000 0.0000 0.0000 0.0000 0.0000 0.0000 0.9748 0.0000 0.0000 0.0000 0.0000 0.0000
343      343   (0)     11  : 0.0000 0.0000 0.4507 0.0000 0.0000 0.0000 0.0000 0.0000 0.0000 0.0000 0.0000 0.0000 0.5493 0.0000 0.0000 0.0000 0.0000 0.0000
344      344   (0)     11  : 0.0006 0.0000 0.0507 0.0072 0.0000 0.0034 0.0000 0.0000 0.0000 0.0000 0.0000 0.0000 0.8725 0.0487 0.0000 0.0000 0.0066 0.0102
345      345   (0)     11  : 0.0000 0.0000 0.0230 0.0000 0.0000 0.0029 0.0000 0.0000 0.0000 0.0000 0.0014 0.0000 0.9728 0.0000 0.0000 0.0000 0.0000 0.0000
346      346   (0)     11  : 0.0000 0.0000 0.1550 0.0000 0.0000 0.0000 0.0000 0.0000 0.0000 0.0000 0.0000 0.0000 0.8450 0.0000 0.0000 0.0000 0.0000 0.0000
347      347   (0)     11  : 0.0000 0.0345 0.0000 0.0000 0.0000 0.3934 0.0000 0.0000 0.0000 0.0000 0.4853 0.0000 0.0035 0.0193 0.0000 0.0000 0.0132 0.0508
348      348   (0)     11  : 0.0000 0.0000 0.1866 0.0000 0.0000 0.0000 0.0000 0.0000 0.0000 0.0000 0.0000 0.0000 0.8048 0.0086 0.0000 0.0000 0.0000 0.0000
349      349   (0)     11  : 0.0000 0.0000 0.3062 0.0000 0.0000 0.0011 0.0000 0.0000 0.0000 0.0000 0.0000 0.0000 0.6828 0.0088 0.0000 0.0000 0.0002 0.0009
350      350   (0)     11  : 0.0000 0.0000 0.0325 0.0000 0.0000 0.0059 0.0000 0.0003 0.0000 0.0000 0.0000 0.0000 0.7068 0.1720 0.0000 0.0000 0.0704 0.0119
351      351   (0)     11  : 0.0000 0.0000 0.0198 0.0000 0.0000 0.0000 0.0000 0.0000 0.0000 0.0000 0.0000 0.0000 0.9802 0.0000 0.0000 0.0000 0.0000 0.0000
352      352   (0)     11  : 0.0000 0.1413 0.0010 0.0000 0.0000 0.4440 0.0000 0.0497 0.0000 0.0000 0.0799 0.0000 0.0310 0.1614 0.0000 0.0000 0.0000 0.0916
353      353   (0)     11  : 0.0000 0.0000 0.0310 0.0000 0.0000 0.0000 0.0000 0.0000 0.0000 0.0000 0.0000 0.0000 0.9690 0.0000 0.0000 0.0000 0.0000 0.0000
354      354   (0)     11  : 0.0000 0.0329 0.0000 0.0000 0.0000 0.6318 0.0000 0.0000 0.0000 0.0000 0.1788 0.0000 0.0000 0.0407 0.0000 0.0000 0.0000 0.1157
355      355   (0)     11  : 0.0000 0.0000 0.0299 0.0000 0.0000 0.0000 0.0000 0.0000 0.0000 0.0000 0.0000 0.0000 0.9701 0.0000 0.0000 0.0000 0.0000 0.0000
356      356   (0)     14  : 0.0000 0.0000 0.6017 0.0014 0.0000 0.0000 0.0000 0.0830 0.0000 0.0000 0.0000 0.0011 0.2831 0.0093 0.0000 0.0025 0.0092 0.0086
357      357   (0)     14  : 0.0000 0.0819 0.0000 0.0000 0.0000 0.5586 0.0000 0.0156 0.0000 0.0000 0.2455 0.0000 0.0000 0.0000 0.0000 0.0000 0.0027 0.0957
358      358   (0)     14  : 0.0000 0.0000 0.4345 0.0000 0.0000 0.0000 0.0000 0.0000 0.0000 0.0000 0.0000 0.0000 0.4733 0.0000 0.0000 0.0000 0.0922 0.0000
359      359   (0)     14  : 0.0000 0.0038 0.0313 0.0000 0.0000 0.5706 0.0000 0.1778 0.0000 0.0000 0.2026 0.0000 0.0000 0.0087 0.0000 0.0000 0.0000 0.0052
360      360   (0)     14  : 0.0000 0.0000 1.0000 0.0000 0.0000 0.0000 0.0000 0.0000 0.0000 0.0000 0.0000 0.0000 0.0000 0.0000 0.0000 0.0000 0.0000 0.0000
361      361   (0)     14  : 0.0000 0.0000 0.6871 0.0000 0.0000 0.0000 0.0000 0.0000 0.0000 0.0000 0.0192 0.0000 0.2579 0.0330 0.0000 0.0000 0.0000 0.0028
362      362   (0)     14  : 0.0000 0.0000 0.7129 0.0000 0.0000 0.0000 0.0000 0.0000 0.0000 0.0000 0.0000 0.0000 0.2704 0.0160 0.0000 0.0000 0.0000 0.0007
363      363   (0)     14  : 0.0030 0.0000 0.5232 0.0004 0.0000 0.0000 0.0000 0.0000 0.0000 0.0000 0.0000 0.0022 0.4661 0.0000 0.0000 0.0000 0.0000 0.0052
364      364   (0)     14  : 0.0000 0.0000 0.5471 0.0011 0.0000 0.0000 0.0000 0.0000 0.0000 0.0000 0.0000 0.0000 0.4324 0.0071 0.0000 0.0000 0.0086 0.0037
365      365   (0)     14  : 0.0000 0.0000 0.4865 0.0009 0.0000 0.0000 0.0000 0.0000 0.0000 0.0000 0.0934 0.0000 0.3581 0.0515 0.0000 0.0000 0.0049 0.0047
366      366   (0)     14  : 0.0000 0.0000 0.0027 0.0000 0.0000 0.4882 0.0000 0.1167 0.0000 0.0000 0.1892 0.0000 0.0570 0.1031 0.0000 0.0000 0.0000 0.0430
367      367   (0)      9  : 0.0000 0.0000 0.0163 0.0000 0.0000 0.8210 0.0000 0.0785 0.0000 0.0000 0.0151 0.0000 0.0000 0.0000 0.0000 0.0000 0.0019 0.0672
368      368   (0)      9  : 0.0000 0.0000 0.6520 0.0067 0.0000 0.0944 0.0000 0.0000 0.0000 0.0000 0.0000 0.0023 0.1721 0.0223 0.0000 0.0053 0.0134 0.0314
369      369   (0)      9  : 0.0000 0.0000 0.0000 0.0000 0.0000 0.8772 0.0000 0.0000 0.0000 0.0000 0.0820 0.0000 0.0035 0.0170 0.0000 0.0000 0.0000 0.0204
370      370   (0)      9  : 0.0000 0.0000 0.0000 0.0000 0.0000 0.7291 0.0000 0.0019 0.0000 0.0000 0.0000 0.0000 0.0334 0.1434 0.0000 0.0000 0.0587 0.0335
371      371   (0)      9  : 0.0000 0.0000 0.0000 0.0000 0.0000 0.8189 0.0000 0.0000 0.0000 0.0000 0.0139 0.0000 0.0000 0.1130 0.0000 0.0000 0.0000 0.0542
372      372   (0)      9  : 0.0000 0.0000 1.0000 0.0000 0.0000 0.0000 0.0000 0.0000 0.0000 0.0000 0.0000 0.0000 0.0000 0.0000 0.0000 0.0000 0.0000 0.0000
373      373   (0)     14  : 0.0000 0.0000 0.4775 0.0000 0.0000 0.0000 0.0000 0.0000 0.0000 0.0000 0.0000 0.0000 0.5216 0.0000 0.0000 0.0000 0.0000 0.0009
374      374   (0)     14  : 0.0000 0.0000 0.0011 0.0000 0.0000 0.7552 0.0000 0.0000 0.0000 0.0000 0.0916 0.0000 0.0399 0.0000 0.0000 0.0000 0.0035 0.1086
375      375   (0)     14  : 0.0000 0.0158 0.9134 0.0000 0.0000 0.0000 0.0000 0.0000 0.0000 0.0000 0.0000 0.0000 0.0000 0.0500 0.0000 0.0000 0.0168 0.0041
376      376   (0)     14  : 0.0000 0.0000 1.0000 0.0000 0.0000 0.0000 0.0000 0.0000 0.0000 0.0000 0.0000 0.0000 0.0000 0.0000 0.0000 0.0000 0.0000 0.0000
377      377   (0)     14  : 0.0000 0.0000 0.0000 0.0000 0.0022 0.7453 0.0000 0.0000 0.0000 0.0000 0.1414 0.0000 0.0000 0.0000 0.0000 0.0000 0.0000 0.1111
378      378   (0)      9  : 0.0000 0.0003 0.0000 0.0000 0.0000 0.9780 0.0000 0.0000 0.0000 0.0000 0.0000 0.0000 0.0000 0.0000 0.0000 0.0000 0.0080 0.0136
379      379   (0)      9  : 0.0000 0.0000 0.9975 0.0025 0.0000 0.0000 0.0000 0.0000 0.0000 0.0000 0.0000 0.0000 0.0000 0.0000 0.0000 0.0000 0.0000 0.0000
380      380   (0)      9  : 0.0007 0.0000 0.9989 0.0000 0.0000 0.0000 0.0000 0.0000 0.0000 0.0000 0.0000 0.0000 0.0000 0.0004 0.0000 0.0000 0.0000 0.0000
381      381   (0)      9  : 0.0000 0.0000 0.9404 0.0000 0.0000 0.0000 0.0410 0.0000 0.0000 0.0000 0.0000 0.0186 0.0000 0.0000 0.0000 0.0000 0.0000 0.0000
382      382   (0)      9  : 0.0000 0.0000 0.0415 0.0000 0.0000 0.6972 0.0000 0.0000 0.0000 0.0000 0.0185 0.0000 0.0000 0.1853 0.0000 0.0000 0.0000 0.0574
383      383   (0)      9  : 0.0000 0.0000 0.0000 0.0000 0.0000 0.9609 0.0000 0.0000 0.0000 0.0000 0.0000 0.0000 0.0000 0.0000 0.0000 0.0000 0.0000 0.0391
384      384   (0)      9  : 0.0000 0.0000 0.0000 0.0000 0.0000 0.7769 0.0000 0.0000 0.0000 0.0000 0.0000 0.0000 0.0000 0.1727 0.0000 0.0000 0.0000 0.0504
385      385   (0)      9  : 0.0000 0.0000 0.8864 0.0000 0.0000 0.0000 0.0356 0.0000 0.0000 0.0000 0.0000 0.0729 0.0000 0.0000 0.0000 0.0000 0.0000 0.0052
386      386   (0)      9  : 0.0000 0.0081 0.0000 0.0000 0.0000 0.6269 0.0000 0.0000 0.0000 0.0000 0.0219 0.0000 0.0000 0.2565 0.0000 0.0000 0.0000 0.0867
387      387   (0)      9  : 0.0000 0.0000 0.0113 0.0000 0.0225 0.8171 0.0000 0.0000 0.0000 0.0000 0.0000 0.0000 0.0015 0.1084 0.0000 0.0000 0.0000 0.0393
388      388   (0)      9  : 0.0000 0.0000 1.0000 0.0000 0.0000 0.0000 0.0000 0.0000 0.0000 0.0000 0.0000 0.0000 0.0000 0.0000 0.0000 0.0000 0.0000 0.0000
389      389   (0)      9  : 0.0000 0.0000 1.0000 0.0000 0.0000 0.0000 0.0000 0.0000 0.0000 0.0000 0.0000 0.0000 0.0000 0.0000 0.0000 0.0000 0.0000 0.0000
390      390   (0)      9  : 0.0000 0.0000 0.0000 0.0118 0.0228 0.3662 0.0000 0.0000 0.0000 0.0000 0.0000 0.0000 0.0000 0.3785 0.0000 0.0000 0.0562 0.1645
391      391   (0)      9  : 0.0000 0.0000 0.8593 0.0000 0.0000 0.0000 0.0469 0.0000 0.0000 0.0000 0.0000 0.0869 0.0000 0.0000 0.0000 0.0000 0.0000 0.0070
392      392   (0)     15  : 0.0000 0.0000 0.0000 0.0000 0.0000 0.2688 0.0000 0.6467 0.0000 0.0000 0.0501 0.0000 0.0000 0.0007 0.0000 0.0000 0.0000 0.0336
393      393   (0)     15  : 0.0000 0.0000 0.0000 0.0000 0.0000 0.0000 0.0000 0.8522 0.0000 0.0000 0.1478 0.0000 0.0000 0.0000 0.0000 0.0000 0.0000 0.0000
394      394   (0)     15  : 0.0000 0.0000 0.0002 0.0000 0.0000 0.0000 0.0000 0.9133 0.0000 0.0000 0.0000 0.0000 0.0000 0.0000 0.0000 0.0000 0.0865 0.0000
395      395   (0)     15  : 0.0000 0.0000 0.0000 0.0000 0.0000 0.0000 0.0704 0.7804 0.0000 0.0000 0.0202 0.0149 0.0174 0.0000 0.0000 0.0000 0.0915 0.0054
396      396   (0)     15  : 0.0000 0.0000 0.0000 0.0000 0.0000 0.0000 0.0000 0.9863 0.0000 0.0000 0.0137 0.0000 0.0000 0.0000 0.0000 0.0000 0.0000 0.0000
397      397   (0)     15  : 0.0000 0.0000 0.0000 0.0000 0.0000 0.0000 0.0000 1.0000 0.0000 0.0000 0.0000 0.0000 0.0000 0.0000 0.0000 0.0000 0.0000 0.0000
398      398   (0)     15  : 0.0000 0.0000 0.0000 0.0000 0.0000 0.0000 0.0000 1.0000 0.0000 0.0000 0.0000 0.0000 0.0000 0.0000 0.0000 0.0000 0.0000 0.0000
399      399   (0)     15  : 0.0000 0.0000 0.0280 0.0000 0.0000 0.0000 0.0000 0.0554 0.0000 0.0000 0.0000 0.0000 0.2447 0.0060 0.0000 0.0000 0.6659 0.0000
400      400   (0)     15  : 0.0000 0.0000 0.0000 0.0000 0.0000 0.0000 0.0000 1.0000 0.0000 0.0000 0.0000 0.0000 0.0000 0.0000 0.0000 0.0000 0.0000 0.0000
401      401   (0)     15  : 0.0000 0.0000 0.0000 0.0000 0.0000 0.0000 0.0000 1.0000 0.0000 0.0000 0.0000 0.0000 0.0000 0.0000 0.0000 0.0000 0.0000 0.0000
402      402   (0)     15  : 0.0000 0.0000 0.0000 0.0000 0.0000 0.0000 0.0000 0.0686 0.0000 0.0000 0.0000 0.0000 0.2647 0.0000 0.0000 0.0000 0.6667 0.0000
403      403   (0)     15  : 0.0000 0.0000 0.1669 0.0000 0.0000 0.0000 0.0000 0.0000 0.0000 0.0000 0.0000 0.0000 0.2577 0.0000 0.0000 0.0000 0.5754 0.0000
404      404   (0)     15  : 0.0000 0.0000 0.0000 0.0000 0.0000 0.0000 0.0000 0.9982 0.0000 0.0000 0.0000 0.0000 0.0018 0.0000 0.0000 0.0000 0.0000 0.0000
405      405   (0)     15  : 0.0000 0.0000 0.0000 0.0000 0.0000 0.0011 0.0000 0.9989 0.0000 0.0000 0.0001 0.0000 0.0000 0.0000 0.0000 0.0000 0.0000 0.0000
406      406   (0)     15  : 0.0000 0.0000 0.0000 0.0000 0.0000 0.0000 0.0000 0.7935 0.0000 0.0000 0.2065 0.0000 0.0000 0.0000 0.0000 0.0000 0.0000 0.0000
407      407   (0)     15  : 0.0000 0.0000 0.0000 0.0000 0.0000 0.0200 0.0000 0.7033 0.0000 0.0000 0.0000 0.0000 0.0401 0.0045 0.0000 0.0000 0.2283 0.0037
408      408   (0)     15  : 0.0000 0.0000 0.0000 0.0000 0.0000 0.0000 0.0000 0.0352 0.0000 0.0000 0.0000 0.0000 0.2981 0.0000 0.0000 0.0000 0.6667 0.0000
409      409   (0)     15  : 0.0000 0.0000 0.0000 0.0000 0.0000 0.0000 0.0000 0.9347 0.0000 0.0000 0.0000 0.0000 0.0013 0.0000 0.0000 0.0000 0.0640 0.0000
410      410   (0)     15  : 0.0000 0.0000 0.0000 0.0000 0.0000 0.0000 0.0000 0.0663 0.0000 0.0000 0.0000 0.0000 0.2671 0.0000 0.0000 0.0000 0.6667 0.0000
411      411   (0)     15  : 0.0000 0.0000 0.0000 0.0000 0.0000 0.0000 0.0000 0.9185 0.0000 0.0000 0.0815 0.0000 0.0000 0.0000 0.0000 0.0000 0.0000 0.0000
412      412   (0)     15  : 0.0000 0.0000 0.0000 0.0000 0.0000 0.0000 0.0000 0.7526 0.0000 0.0000 0.0000 0.0000 0.0441 0.0000 0.0000 0.0000 0.2005 0.0029
413      413   (0)     15  : 0.0000 0.0000 0.0000 0.0000 0.0000 0.0000 0.0000 0.9020 0.0000 0.0000 0.0980 0.0000 0.0000 0.0000 0.0000 0.0000 0.0000 0.0000
414      414   (0)     15  : 0.0000 0.1014 0.0000 0.0030 0.0013 0.0027 0.0000 0.7632 0.0000 0.0000 0.0648 0.0001 0.0000 0.0237 0.0042 0.0000 0.0156 0.0199
415      415   (0)     15  : 0.0000 0.0634 0.0000 0.0000 0.0000 0.0234 0.0000 0.6522 0.0076 0.0000 0.0000 0.0000 0.0379 0.0047 0.0002 0.0008 0.2065 0.0032
416      416   (0)     15  : 0.0000 0.0000 0.0000 0.0000 0.0000 0.0000 0.0000 1.0000 0.0000 0.0000 0.0000 0.0000 0.0000 0.0000 0.0000 0.0000 0.0000 0.0000
417      417   (0)     15  : 0.0000 0.0000 0.0000 0.0000 0.0000 0.0000 0.0000 0.0273 0.0000 0.0000 0.0000 0.0000 0.3061 0.0000 0.0000 0.0000 0.6667 0.0000
418      418   (0)     15  : 0.0000 0.0000 0.0000 0.0000 0.0000 0.0000 0.0000 0.9391 0.0000 0.0000 0.0535 0.0000 0.0000 0.0000 0.0000 0.0000 0.0000 0.0075
419      419   (0)     15  : 0.0000 0.0000 0.0000 0.0000 0.0000 0.0000 0.0000 0.0336 0.0000 0.0000 0.0000 0.0000 0.2997 0.0000 0.0000 0.0000 0.6667 0.0000
420      420   (0)     15  : 0.0000 0.0000 0.0000 0.0000 0.0000 0.0000 0.0000 0.0132 0.0000 0.0000 0.0000 0.0000 0.3202 0.0000 0.0000 0.0000 0.6667 0.0000
421      421   (0)     16  : 0.3684 0.0000 0.0000 0.1062 0.0000 0.0000 0.3908 0.0000 0.0000 0.0207 0.0000 0.1014 0.0000 0.0001 0.0000 0.0000 0.0000 0.0125
422      422   (0)     16  : 0.1948 0.0000 0.0000 0.0104 0.0000 0.0000 0.5374 0.0000 0.0000 0.0000 0.0000 0.0533 0.0000 0.0000 0.0966 0.0378 0.0000 0.0698
423      423   (0)     16  : 0.4782 0.0000 0.0007 0.1448 0.0000 0.0000 0.0000 0.0000 0.0909 0.0000 0.0000 0.0812 0.0090 0.0100 0.0960 0.0176 0.0463 0.0253
424      424   (0)     16  : 0.3406 0.0000 0.0575 0.0666 0.0000 0.0000 0.1580 0.0000 0.0025 0.0000 0.0000 0.2098 0.0000 0.0072 0.0585 0.0296 0.0029 0.0669
425      425   (0)     16  : 0.0838 0.0000 0.0108 0.0150 0.0000 0.0000 0.3464 0.0000 0.0062 0.0000 0.0000 0.3327 0.0000 0.0000 0.1762 0.0000 0.0000 0.0289
426      426   (0)     16  : 0.3640 0.0000 0.0000 0.1896 0.0000 0.0000 0.0000 0.0000 0.1223 0.0000 0.0000 0.1772 0.0000 0.0000 0.0762 0.0394 0.0000 0.0313
427      427   (0)     16  : 0.3794 0.0000 0.0000 0.0007 0.0000 0.0000 0.4218 0.0000 0.0000 0.0000 0.0031 0.1538 0.0000 0.0003 0.0000 0.0087 0.0000 0.0322
428      428   (0)     16  : 0.8002 0.0000 0.0000 0.0876 0.0000 0.0000 0.0214 0.0000 0.0000 0.0000 0.0000 0.0510 0.0000 0.0005 0.0000 0.0000 0.0065 0.0328
429      429   (0)     16  : 0.2753 0.0000 0.0000 0.0285 0.0000 0.0000 0.0401 0.0000 0.0000 0.0000 0.0000 0.5622 0.0000 0.0242 0.0000 0.0221 0.0178 0.0299
430      430   (0)     16  : 0.5949 0.0000 0.0000 0.2984 0.0026 0.0000 0.0000 0.0000 0.0093 0.0000 0.0000 0.0182 0.0000 0.0113 0.0027 0.0037 0.0078 0.0511
431      431   (0)     16  : 0.1367 0.0000 0.0000 0.0253 0.0000 0.0000 0.2088 0.0000 0.0000 0.0000 0.0000 0.2453 0.0000 0.0543 0.0181 0.1893 0.0574 0.0648
432      432   (0)     16  : 0.6159 0.0000 0.0119 0.2321 0.0000 0.0000 0.0013 0.0000 0.0236 0.0000 0.0000 0.1045 0.0031 0.0000 0.0000 0.0000 0.0000 0.0076
433      433   (0)     16  : 0.2045 0.0000 0.0000 0.0076 0.0000 0.0000 0.6781 0.0000 0.0000 0.0000 0.0000 0.0630 0.0000 0.0020 0.0000 0.0000 0.0050 0.0398
434      434   (0)     16  : 0.4056 0.0000 0.0006 0.2126 0.0000 0.0000 0.2361 0.0056 0.0014 0.0000 0.0000 0.0416 0.0000 0.0000 0.0013 0.0362 0.0067 0.0526
435      435   (0)     16  : 0.3639 0.0000 0.0019 0.1410 0.0000 0.0000 0.4112 0.0000 0.0000 0.0000 0.0000 0.0640 0.0000 0.0000 0.0000 0.0000 0.0000 0.0180
436      436   (0)     16  : 0.0536 0.0000 0.0000 0.0132 0.0032 0.0000 0.7054 0.0000 0.0000 0.0000 0.0000 0.1068 0.0000 0.0319 0.0000 0.0051 0.0362 0.0445
437      437   (0)     16  : 0.6480 0.0000 0.0000 0.1608 0.0000 0.0000 0.0000 0.0000 0.0000 0.0000 0.0000 0.0382 0.0000 0.0000 0.0066 0.0903 0.0114 0.0448
438      438   (0)     16  : 0.5340 0.0000 0.0000 0.3800 0.0000 0.0000 0.0002 0.0000 0.0000 0.0000 0.0000 0.0174 0.0000 0.0000 0.0067 0.0235 0.0000 0.0382
439      439   (0)     16  : 0.5848 0.0000 0.0075 0.1957 0.0000 0.0000 0.0000 0.0000 0.0000 0.0000 0.0000 0.0715 0.0000 0.0000 0.0000 0.0528 0.0207 0.0669
440      440   (0)     16  : 0.5415 0.0000 0.0000 0.0120 0.0000 0.0000 0.0000 0.0000 0.0723 0.0000 0.0000 0.3285 0.0056 0.0003 0.0012 0.0000 0.0375 0.0010
441      441   (0)     16  : 0.4223 0.0043 0.0000 0.1382 0.0000 0.0000 0.3158 0.0000 0.0000 0.0000 0.0018 0.0513 0.0371 0.0000 0.0000 0.0000 0.0000 0.0294
442      442   (0)     16  : 0.6695 0.0000 0.0000 0.1761 0.0000 0.0000 0.0140 0.0000 0.0000 0.0000 0.0000 0.0169 0.0000 0.0000 0.0015 0.0521 0.0100 0.0598
443      443   (0)     16  : 0.5576 0.0000 0.0024 0.0590 0.0000 0.0000 0.0005 0.0000 0.1417 0.0000 0.0000 0.1688 0.0592 0.0000 0.0000 0.0000 0.0000 0.0108
444      444   (0)     16  : 0.7306 0.0000 0.0002 0.1184 0.0000 0.0000 0.0000 0.0000 0.0040 0.0000 0.0000 0.0474 0.0119 0.0000 0.0000 0.0150 0.0000 0.0724
445      445   (0)     16  : 0.0000 0.0000 0.0000 0.0000 0.0000 0.0000 0.0084 0.0000 0.0000 0.9916 0.0000 0.0000 0.0000 0.0000 0.0000 0.0000 0.0000 0.0000
446      446   (0)     16  : 0.5038 0.0000 0.0010 0.0370 0.0000 0.0000 0.4108 0.0000 0.0000 0.0000 0.0000 0.0229 0.0000 0.0000 0.0000 0.0000 0.0000 0.0245
447      447   (0)     16  : 0.5946 0.0000 0.0000 0.0448 0.0000 0.0000 0.0121 0.0000 0.0044 0.0036 0.0000 0.3326 0.0078 0.0000 0.0000 0.0000 0.0000 0.0000
448      448   (0)     16  : 0.6912 0.0000 0.0000 0.1248 0.0000 0.0000 0.0021 0.0000 0.0000 0.0000 0.0000 0.1695 0.0000 0.0000 0.0000 0.0000 0.0000 0.0124
449      449   (0)     16  : 0.4257 0.0000 0.0115 0.1958 0.0000 0.0000 0.2841 0.0000 0.0000 0.0000 0.0000 0.0287 0.0000 0.0157 0.0000 0.0009 0.0102 0.0274
450      450   (0)     16  : 0.6362 0.0000 0.0000 0.1327 0.0000 0.0000 0.0263 0.0000 0.0051 0.0000 0.0000 0.0256 0.0000 0.0000 0.0030 0.0784 0.0104 0.0823
451      451   (0)     17  : 0.3467 0.0004 0.0000 0.1289 0.0000 0.0000 0.1332 0.0000 0.0475 0.0000 0.0000 0.0107 0.0113 0.1013 0.0371 0.0262 0.0728 0.0838
452      452   (0)     17  : 0.5111 0.0000 0.0002 0.3051 0.0000 0.0000 0.0508 0.0000 0.0166 0.0000 0.0000 0.0403 0.0313 0.0007 0.0000 0.0000 0.0117 0.0322
453      453   (0)     17  : 0.5572 0.0000 0.0000 0.3584 0.0000 0.0000 0.0000 0.0000 0.0000 0.0000 0.0000 0.0245 0.0000 0.0000 0.0000 0.0028 0.0110 0.0462
454      454   (0)     17  : 0.0631 0.0000 0.0000 0.0063 0.0000 0.0000 0.0000 0.0000 0.0000 0.8657 0.0493 0.0035 0.0000 0.0000 0.0000 0.0000 0.0122 0.0000
455      455   (0)     17  : 0.2014 0.0000 0.0000 0.0000 0.0000 0.0007 0.6768 0.0000 0.0000 0.0000 0.0000 0.1072 0.0000 0.0000 0.0000 0.0000 0.0000 0.0138
456      456   (0)     17  : 0.0067 0.0000 0.0000 0.0000 0.0000 0.0009 0.0000 0.0000 0.0000 0.9903 0.0000 0.0000 0.0000 0.0000 0.0000 0.0000 0.0000 0.0021
457      457   (0)     17  : 0.1995 0.0000 0.0000 0.0000 0.0000 0.0000 0.7059 0.0000 0.0000 0.0000 0.0000 0.0716 0.0000 0.0000 0.0000 0.0000 0.0000 0.0230
458      458   (0)     17  : 0.5559 0.0000 0.0000 0.2238 0.0000 0.0000 0.0774 0.0000 0.0000 0.0000 0.0000 0.0220 0.0058 0.0000 0.0000 0.0407 0.0066 0.0678
459      459   (0)     17  : 0.6523 0.0000 0.0006 0.2614 0.0000 0.0000 0.0058 0.0000 0.0000 0.0000 0.0000 0.0090 0.0000 0.0000 0.0000 0.0018 0.0125 0.0565
460      460   (0)     17  : 0.0540 0.0000 0.0000 0.0021 0.0000 0.0000 0.1011 0.0000 0.2847 0.0000 0.0000 0.5580 0.0000 0.0000 0.0000 0.0000 0.0000 0.0000
461      461   (0)     17  : 0.5075 0.0000 0.0008 0.0615 0.0000 0.0000 0.1154 0.0000 0.0013 0.0000 0.0000 0.2555 0.0313 0.0000 0.0017 0.0000 0.0143 0.0109
462      462   (0)     17  : 0.2004 0.0016 0.0000 0.0692 0.0045 0.0000 0.0000 0.0000 0.0000 0.0000 0.0000 0.0354 0.0000 0.2758 0.0167 0.0384 0.2051 0.1529
463      463   (0)     17  : 0.0706 0.0315 0.0000 0.0026 0.0845 0.0262 0.1169 0.0021 0.0000 0.5821 0.0114 0.0370 0.0000 0.0086 0.0000 0.0000 0.0016 0.0249
464      464   (0)     17  : 0.6831 0.0000 0.0007 0.0342 0.0015 0.0005 0.0450 0.0000 0.0000 0.0018 0.0000 0.0698 0.0278 0.0000 0.0597 0.0324 0.0095 0.0339
465      465   (0)     17  : 0.2559 0.0000 0.0000 0.2424 0.0722 0.0000 0.0000 0.0000 0.0000 0.0000 0.0000 0.0188 0.0000 0.1240 0.0048 0.0210 0.1234 0.1375
466      466   (0)     17  : 0.4120 0.0000 0.0013 0.1685 0.0168 0.0000 0.0000 0.0000 0.1640 0.0000 0.0000 0.0587 0.0534 0.0130 0.0020 0.0165 0.0283 0.0656
467      467   (0)     17  : 0.2126 0.0000 0.0226 0.1111 0.0015 0.0000 0.2488 0.0017 0.1495 0.0021 0.0000 0.0081 0.0046 0.0308 0.0081 0.0790 0.0452 0.0742
468      468   (0)     17  : 0.0914 0.0000 0.0000 0.0298 0.0000 0.0000 0.0000 0.0000 0.5797 0.0000 0.0000 0.2442 0.0423 0.0000 0.0000 0.0000 0.0000 0.0125
469      469   (0)     17  : 0.2365 0.0000 0.0740 0.1083 0.0000 0.0000 0.3041 0.0000 0.0078 0.0094 0.0000 0.0254 0.0000 0.0327 0.1054 0.0077 0.0371 0.0516
470      470   (0)     17  : 0.5150 0.0003 0.0000 0.2219 0.0000 0.0010 0.0000 0.0000 0.0009 0.0000 0.0000 0.0391 0.0349 0.0989 0.0000 0.0068 0.0286 0.0525
471      471   (0)     17  : 0.4796 0.0000 0.0000 0.0210 0.0000 0.0000 0.2793 0.0027 0.0560 0.0000 0.0000 0.1106 0.0005 0.0000 0.0000 0.0000 0.0432 0.0072
472      472   (0)     17  : 0.1731 0.0000 0.0000 0.0926 0.0000 0.0000 0.0000 0.0000 0.3642 0.0000 0.0000 0.0702 0.0000 0.0017 0.0150 0.2289 0.0311 0.0232
473      473   (0)     17  : 0.2460 0.0000 0.0000 0.0731 0.0000 0.0000 0.0000 0.0000 0.3514 0.0000 0.0000 0.1155 0.0127 0.0178 0.0456 0.0726 0.0355 0.0298
474      474   (0)     17  : 0.1433 0.0000 0.0000 0.0108 0.0001 0.0000 0.6008 0.0000 0.0051 0.0000 0.0000 0.1209 0.0308 0.0029 0.0036 0.0385 0.0019 0.0413
475      475   (0)     17  : 0.4823 0.0000 0.0000 0.0589 0.0000 0.0000 0.0666 0.0000 0.0834 0.0000 0.0000 0.1140 0.0025 0.0418 0.0000 0.0200 0.0761 0.0544
476      476   (0)     17  : 0.2659 0.0000 0.0000 0.0206 0.0000 0.0005 0.5297 0.0000 0.0011 0.0000 0.0000 0.0456 0.0062 0.0674 0.0047 0.0032 0.0318 0.0233
477      477   (0)     17  : 0.6003 0.0000 0.0000 0.2590 0.0000 0.0000 0.0000 0.0000 0.0007 0.0000 0.0000 0.0790 0.0000 0.0094 0.0049 0.0016 0.0186 0.0266
478      478   (0)     17  : 0.0764 0.0000 0.0000 0.0148 0.0000 0.0000 0.6291 0.0000 0.0130 0.0000 0.0000 0.2211 0.0000 0.0221 0.0000 0.0000 0.0098 0.0137
479      479   (0)     17  : 0.4078 0.0000 0.0000 0.3114 0.0000 0.0000 0.0039 0.0000 0.0284 0.0156 0.0000 0.0119 0.0000 0.0507 0.0000 0.0212 0.0289 0.1202
480      480   (0)     17  : 0.0864 0.0000 0.0000 0.1194 0.0000 0.0000 0.0000 0.0000 0.2550 0.0075 0.0000 0.1460 0.0617 0.0132 0.2109 0.0253 0.0331 0.0415
481      481   (0)     18  : 0.0000 0.0000 0.0000 0.0556 0.0103 0.0000 0.0000 0.0000 0.0000 0.0000 0.0000 0.2013 0.0000 0.2088 0.0066 0.0808 0.2494 0.1872
482      482   (0)     18  : 0.0000 0.0000 0.0000 0.0000 1.0000 0.0000 0.0000 0.0000 0.0000 0.0000 0.0000 0.0000 0.0000 0.0000 0.0000 0.0000 0.0000 0.0000
483      483   (0)     18  : 0.0000 0.0000 0.0000 0.0000 1.0000 0.0000 0.0000 0.0000 0.0000 0.0000 0.0000 0.0000 0.0000 0.0000 0.0000 0.0000 0.0000 0.0000
484      484   (0)     18  : 0.0000 0.0000 0.0000 0.0000 1.0000 0.0000 0.0000 0.0000 0.0000 0.0000 0.0000 0.0000 0.0000 0.0000 0.0000 0.0000 0.0000 0.0000
485      485   (0)     18  : 0.0232 0.0000 0.0000 0.0293 0.8199 0.0000 0.0000 0.0000 0.0000 0.1264 0.0000 0.0008 0.0000 0.0000 0.0000 0.0000 0.0000 0.0004
486      486   (0)     18  : 0.0000 0.0000 0.0000 0.0049 0.9148 0.0000 0.0000 0.0000 0.0000 0.0000 0.0000 0.0000 0.0000 0.0306 0.0000 0.0000 0.0287 0.0211
487      487   (0)     18  : 0.0000 0.0000 0.0000 0.0000 1.0000 0.0000 0.0000 0.0000 0.0000 0.0000 0.0000 0.0000 0.0000 0.0000 0.0000 0.0000 0.0000 0.0000
488      488   (0)     18  : 0.1276 0.0000 0.0000 0.1822 0.0205 0.0000 0.0000 0.0000 0.0000 0.0000 0.0000 0.5048 0.0000 0.0314 0.0000 0.0146 0.0621 0.0567
489      489   (0)     18  : 0.0000 0.0000 0.0000 0.0556 0.0000 0.0000 0.0000 0.0000 0.0000 0.0000 0.0000 0.2221 0.0000 0.1542 0.0142 0.1696 0.2213 0.1631
490      490   (0)     18  : 0.0000 0.0000 0.0000 0.0000 1.0000 0.0000 0.0000 0.0000 0.0000 0.0000 0.0000 0.0000 0.0000 0.0000 0.0000 0.0000 0.0000 0.0000
491      491   (0)     18  : 0.0549 0.0000 0.0034 0.0124 0.9051 0.0000 0.0000 0.0000 0.0000 0.0000 0.0000 0.0205 0.0000 0.0000 0.0000 0.0000 0.0000 0.0037
492      492   (0)     18  : 0.1302 0.0000 0.0025 0.2730 0.0648 0.0000 0.0000 0.0000 0.0000 0.4517 0.0000 0.0379 0.0000 0.0000 0.0000 0.0115 0.0000 0.0284
493      493   (0)     18  : 0.0000 0.0000 0.0000 0.0342 0.0041 0.0000 0.4039 0.0000 0.0000 0.0000 0.0000 0.1438 0.0000 0.0766 0.0096 0.1085 0.1134 0.1061
494      494   (0)     18  : 0.0000 0.0000 0.0000 0.0035 0.9350 0.0000 0.0000 0.0000 0.0000 0.0000 0.0000 0.0027 0.0000 0.0066 0.0037 0.0283 0.0115 0.0088
495      495   (0)     18  : 0.0000 0.0000 0.0000 0.0000 1.0000 0.0000 0.0000 0.0000 0.0000 0.0000 0.0000 0.0000 0.0000 0.0000 0.0000 0.0000 0.0000 0.0000
496      496   (0)     18  : 0.0161 0.0000 0.0000 0.0297 0.5712 0.0000 0.0000 0.0000 0.0000 0.3712 0.0000 0.0033 0.0000 0.0000 0.0000 0.0000 0.0000 0.0086
497      497   (0)     18  : 0.0272 0.0000 0.0000 0.0323 0.0000 0.0000 0.0190 0.0000 0.0000 0.0000 0.0000 0.5096 0.0003 0.0620 0.0140 0.1543 0.0957 0.0856
498      498   (0)     18  : 0.0471 0.0000 0.0000 0.0751 0.8396 0.0000 0.0000 0.0000 0.0000 0.0234 0.0000 0.0000 0.0000 0.0000 0.0000 0.0000 0.0000 0.0149
499      499   (0)     18  : 0.0339 0.0000 0.0000 0.0760 0.4809 0.0000 0.1517 0.0000 0.0000 0.2128 0.0000 0.0000 0.0000 0.0000 0.0008 0.0291 0.0000 0.0149
500      500   (0)     18  : 0.0000 0.0000 0.0000 0.0556 0.0056 0.0000 0.0000 0.0000 0.0000 0.0000 0.0000 0.2737 0.0000 0.1939 0.0211 0.0280 0.2409 0.1813
501      501   (0)     18  : 0.1499 0.0000 0.0000 0.0717 0.0059 0.0000 0.0000 0.0000 0.0000 0.0000 0.0000 0.1998 0.0001 0.0686 0.0032 0.3055 0.0875 0.1077
502      502   (0)     18  : 0.0384 0.0000 0.0000 0.1375 0.3686 0.0004 0.1282 0.0000 0.0000 0.2917 0.0000 0.0000 0.0000 0.0085 0.0000 0.0002 0.0045 0.0220
503      503   (0)     18  : 0.0000 0.0000 0.0000 0.0000 1.0000 0.0000 0.0000 0.0000 0.0000 0.0000 0.0000 0.0000 0.0000 0.0000 0.0000 0.0000 0.0000 0.0000
504      504   (0)     18  : 0.0748 0.0000 0.0000 0.0078 0.4058 0.0000 0.0000 0.0000 0.0000 0.4336 0.0000 0.0778 0.0000 0.0000 0.0000 0.0000 0.0002 0.0000
505      505   (0)     18  : 0.0584 0.0000 0.0626 0.0000 0.3485 0.0010 0.0000 0.0000 0.0000 0.5197 0.0000 0.0098 0.0000 0.0000 0.0000 0.0000 0.0000 0.0000
506      506   (0)     18  : 0.0000 0.0000 0.0000 0.0216 0.0000 0.0000 0.0474 0.0000 0.0000 0.0000 0.0000 0.7114 0.0000 0.0497 0.0000 0.0169 0.0898 0.0633
507      507   (0)     18  : 0.0477 0.0000 0.0000 0.1565 0.6401 0.0000 0.0000 0.0000 0.0000 0.0455 0.0000 0.0336 0.0000 0.0000 0.0000 0.0483 0.0000 0.0284
508      508   (0)     18  : 0.0206 0.0000 0.0000 0.0353 0.0008 0.0000 0.0186 0.0000 0.0000 0.0000 0.0000 0.5621 0.0000 0.0284 0.0000 0.2122 0.0540 0.0679
509      509   (0)     18  : 0.0000 0.0000 0.0000 0.0000 0.2370 0.0000 0.0000 0.0000 0.0000 0.7560 0.0000 0.0070 0.0000 0.0000 0.0000 0.0000 0.0000 0.0000
510      510   (0)     19  : 0.4066 0.0000 0.0000 0.2242 0.0000 0.0000 0.1961 0.0000 0.0000 0.0000 0.0000 0.0366 0.0000 0.0299 0.0000 0.0176 0.0324 0.0567
511      511   (0)     19  : 0.0950 0.0000 0.0000 0.1953 0.0000 0.0000 0.3903 0.0000 0.0000 0.0000 0.0000 0.2028 0.0000 0.0205 0.0000 0.0181 0.0256 0.0523
512      512   (0)     19  : 0.4405 0.0000 0.0000 0.0153 0.0000 0.0000 0.4577 0.0000 0.0000 0.0000 0.0000 0.0661 0.0000 0.0000 0.0000 0.0014 0.0000 0.0190
513      513   (0)     19  : 0.0000 0.0000 0.0000 0.0000 0.0000 0.0000 0.8565 0.0000 0.0000 0.0000 0.0000 0.1435 0.0000 0.0000 0.0000 0.0000 0.0000 0.0000
514      514   (0)     19  : 0.3992 0.0000 0.0337 0.0712 0.0000 0.0000 0.0000 0.0000 0.1513 0.0000 0.0000 0.3354 0.0000 0.0000 0.0000 0.0000 0.0000 0.0092
515      515   (0)     19  : 0.2612 0.0000 0.0120 0.1282 0.0000 0.0000 0.4360 0.0000 0.0000 0.0000 0.0000 0.0823 0.0000 0.0095 0.0001 0.0111 0.0107 0.0490
516      516   (0)     19  : 0.1823 0.0000 0.0000 0.0029 0.0000 0.0000 0.7381 0.0000 0.0000 0.0000 0.0000 0.0102 0.0000 0.0000 0.0000 0.0018 0.0000 0.0646
517      517   (0)     19  : 0.6739 0.0000 0.0005 0.1912 0.0000 0.0000 0.0000 0.0000 0.0000 0.0000 0.0000 0.0268 0.0019 0.0000 0.0226 0.0341 0.0000 0.0490
518      518   (0)     19  : 0.4026 0.0000 0.0000 0.0277 0.0000 0.0000 0.4580 0.0000 0.0360 0.0000 0.0000 0.0481 0.0000 0.0008 0.0003 0.0000 0.0026 0.0240
519      519   (0)     19  : 0.0077 0.0000 0.0000 0.0000 0.0000 0.0000 0.0000 0.0000 0.0105 0.0000 0.0000 0.0000 0.0000 0.0000 0.9818 0.0000 0.0000 0.0000
520      520   (0)     19  : 0.4335 0.0000 0.0000 0.3467 0.0000 0.0000 0.0945 0.0000 0.0000 0.0000 0.0000 0.0242 0.0000 0.0123 0.0013 0.0127 0.0136 0.0612
521      521   (0)     19  : 0.0000 0.0000 0.0000 0.0203 0.0000 0.0000 0.6935 0.0000 0.0000 0.0000 0.0000 0.0279 0.0000 0.0015 0.0206 0.1468 0.0014 0.0880
522      522   (0)     19  : 0.1411 0.0000 0.0000 0.0317 0.0000 0.0000 0.5545 0.0000 0.0000 0.0000 0.0000 0.2525 0.0000 0.0000 0.0000 0.0000 0.0000 0.0202
523      523   (0)     19  : 0.0227 0.0000 0.0000 0.0094 0.0000 0.0000 0.0800 0.0000 0.0054 0.0000 0.0000 0.8452 0.0000 0.0000 0.0000 0.0000 0.0000 0.0373
524      524   (0)     19  : 0.5772 0.0000 0.0000 0.0874 0.0000 0.0000 0.2492 0.0000 0.0000 0.0000 0.0000 0.0635 0.0000 0.0000 0.0000 0.0024 0.0000 0.0204
525      525   (0)     19  : 0.5159 0.0000 0.0000 0.0748 0.0000 0.0000 0.2446 0.0066 0.0000 0.0167 0.0000 0.1152 0.0000 0.0000 0.0007 0.0000 0.0063 0.0191
526      526   (0)     19  : 0.6543 0.0000 0.0000 0.1693 0.0000 0.0000 0.0214 0.0002 0.0031 0.0000 0.0000 0.0906 0.0000 0.0000 0.0005 0.0033 0.0168 0.0406
527      527   (0)     19  : 0.2095 0.0000 0.0058 0.1419 0.0000 0.0000 0.0220 0.0000 0.0113 0.0000 0.0000 0.4449 0.0000 0.0306 0.0000 0.0470 0.0328 0.0541
528      528   (0)     19  : 0.5164 0.0000 0.0000 0.1359 0.0000 0.0000 0.0516 0.0000 0.0035 0.0000 0.0000 0.0872 0.0000 0.0061 0.0021 0.1490 0.0157 0.0324
529      529   (0)     19  : 0.6537 0.0000 0.0000 0.2161 0.0000 0.0000 0.0000 0.0000 0.0220 0.0000 0.0000 0.0642 0.0000 0.0000 0.0000 0.0024 0.0000 0.0416
530      530   (0)     19  : 0.3680 0.0000 0.0000 0.0278 0.0000 0.0000 0.2298 0.0000 0.0040 0.0000 0.0000 0.3639 0.0000 0.0000 0.0000 0.0000 0.0000 0.0065
531      531   (0)     19  : 0.3915 0.0000 0.0000 0.0267 0.0000 0.0000 0.2150 0.0000 0.0667 0.0000 0.0000 0.2230 0.0061 0.0000 0.0000 0.0035 0.0378 0.0295
532      532   (0)     19  : 0.3654 0.0092 0.0000 0.0052 0.0000 0.0055 0.4041 0.0000 0.0006 0.0000 0.0009 0.1471 0.0005 0.0058 0.0000 0.0000 0.0265 0.0292
533      533   (0)     19  : 0.2590 0.0000 0.0000 0.0673 0.0037 0.0000 0.0000 0.0000 0.0000 0.6324 0.0027 0.0042 0.0037 0.0193 0.0000 0.0000 0.0044 0.0032
534      534   (0)     19  : 0.3396 0.0000 0.0000 0.2003 0.0000 0.0000 0.0020 0.0000 0.0000 0.0000 0.0000 0.2790 0.0000 0.0000 0.0000 0.1021 0.0000 0.0770
535      535   (0)     19  : 0.2666 0.0000 0.0000 0.0336 0.0000 0.0000 0.5231 0.0000 0.0000 0.0000 0.0000 0.0793 0.0003 0.0000 0.0000 0.0430 0.0000 0.0542
536      536   (0)     19  : 0.2088 0.0056 0.0000 0.0108 0.0072 0.0000 0.5092 0.0000 0.0000 0.0000 0.0001 0.1662 0.0000 0.0000 0.0467 0.0000 0.0016 0.0438
537      537   (0)     19  : 0.2790 0.0000 0.0312 0.0660 0.0000 0.0000 0.3473 0.0000 0.0000 0.0000 0.0000 0.0002 0.0192 0.0090 0.0664 0.1111 0.0073 0.0632
538      538   (0)     19  : 0.0742 0.0000 0.0000 0.0264 0.4146 0.0000 0.0475 0.0000 0.0000 0.3823 0.0000 0.0012 0.0000 0.0000 0.0093 0.0238 0.0000 0.0208
539      539   (0)     19  : 0.0344 0.0000 0.0000 0.0008 0.0204 0.0000 0.7973 0.0000 0.0013 0.0000 0.0000 0.1188 0.0011 0.0000 0.0000 0.0000 0.0001 0.0258
