1        1   (0)      1  : 0.0000 0.1171 0.0000 0.0048 0.0000 0.0000 0.0000 0.0000 0.0000 0.0000 0.0000 0.0000 0.0000 0.0000 0.8781 0.0000
2        2   (0)      1  : 0.0087 0.0000 0.0000 0.8484 0.0000 0.0000 0.0076 0.0000 0.0000 0.0003 0.0000 0.0000 0.0000 0.0000 0.0000 0.1350
3        3   (0)      1  : 0.9898 0.0047 0.0000 0.0000 0.0000 0.0000 0.0000 0.0000 0.0000 0.0000 0.0000 0.0000 0.0000 0.0000 0.0041 0.0014
4        4   (0)      1  : 0.0000 0.0975 0.0043 0.0000 0.0000 0.0000 0.8202 0.0000 0.0000 0.0779 0.0000 0.0000 0.0000 0.0000 0.0000 0.0000
5        5   (0)      1  : 0.0012 0.3760 0.0015 0.0033 0.0000 0.0000 0.1226 0.0000 0.0000 0.4955 0.0000 0.0000 0.0000 0.0000 0.0000 0.0000
6        6   (0)      1  : 0.0000 0.0000 0.0000 0.0000 0.0000 0.0000 0.0000 0.0000 0.0000 0.3333 0.0000 0.0000 0.0000 0.0000 0.6667 0.0000
7        7   (0)      1  : 0.2084 0.0000 0.0000 0.6085 0.0000 0.0000 0.0000 0.0000 0.0000 0.0000 0.0000 0.0000 0.0000 0.0000 0.0000 0.1831
8        8   (0)      1  : 0.2842 0.0000 0.0000 0.5055 0.0000 0.0000 0.0053 0.0000 0.0000 0.0000 0.0000 0.0000 0.0000 0.0000 0.0000 0.2050
9        9   (0)      1  : 0.0000 0.0000 0.0000 0.0151 0.0000 0.0000 0.3333 0.0000 0.0000 0.6516 0.0000 0.0000 0.0000 0.0000 0.0000 0.0000
10       10   (0)      1  : 0.1539 0.0000 0.0000 0.4891 0.0000 0.0000 0.0237 0.0000 0.0000 0.0000 0.0000 0.0000 0.0000 0.0000 0.0000 0.3333
11       11   (0)      1  : 0.0000 0.1917 0.0000 0.0000 0.0000 0.0000 0.1271 0.0000 0.0000 0.5396 0.0000 0.0000 0.0000 0.0000 0.1416 0.0000
12       12   (0)      1  : 0.0000 0.0000 0.0000 0.0000 0.0000 0.0000 0.0000 0.0000 0.0000 0.3333 0.0000 0.0000 0.0000 0.0000 0.6667 0.0000
13       13   (0)      1  : 0.0000 0.0971 0.0000 0.0000 0.0000 0.0000 0.0254 0.0000 0.0000 0.6667 0.0000 0.0000 0.0000 0.0000 0.2109 0.0000
14       14   (0)      1  : 0.0000 0.0930 0.0000 0.0000 0.0000 0.0000 0.1701 0.0000 0.0000 0.0000 0.0000 0.0000 0.0000 0.0000 0.7370 0.0000
15       15   (0)      1  : 0.0000 0.1293 0.0000 0.0000 0.0000 0.0000 0.0000 0.0000 0.0000 0.2040 0.0000 0.0000 0.0000 0.0000 0.6667 0.0000
16       16   (0)      1  : 0.0000 0.2515 0.0000 0.0570 0.0000 0.0000 0.0898 0.0000 0.0095 0.2546 0.0000 0.0000 0.0000 0.0000 0.3375 0.0000
17       17   (0)      1  : 0.0000 0.0681 0.0000 0.0000 0.0000 0.0000 0.0000 0.0000 0.0000 0.7114 0.0000 0.0000 0.0000 0.0000 0.2204 0.0000
18       18   (0)      1  : 0.0000 0.6833 0.0000 0.0000 0.0000 0.0000 0.0000 0.0000 0.0000 0.3167 0.0000 0.0000 0.0000 0.0000 0.0000 0.0000
19       19   (0)      1  : 0.0000 0.1667 0.0000 0.0000 0.0000 0.0000 0.4689 0.0000 0.0000 0.2093 0.0000 0.0000 0.0000 0.0000 0.1550 0.0000
20       20   (0)      1  : 0.0000 0.1861 0.0000 0.0000 0.0000 0.0000 0.1660 0.0000 0.0000 0.3762 0.0000 0.0000 0.0000 0.0000 0.2717 0.0000
21       21   (0)      1  : 0.0000 0.2776 0.0001 0.0000 0.0000 0.0000 0.1236 0.0000 0.0000 0.5048 0.0000 0.0000 0.0000 0.0000 0.0938 0.0000
22       22   (0)      1  : 0.4390 0.0085 0.0000 0.4456 0.0000 0.0000 0.0203 0.0000 0.0000 0.0000 0.0000 0.0000 0.0000 0.0000 0.0002 0.0863
23       23   (0)      1  : 0.0000 0.1483 0.0000 0.0000 0.0000 0.0000 0.0000 0.0000 0.0000 0.8517 0.0000 0.0000 0.0000 0.0000 0.0000 0.0000
24       24   (0)      1  : 0.0000 0.3333 0.0000 0.0000 0.0000 0.0000 0.0000 0.0000 0.0000 0.6667 0.0000 0.0000 0.0000 0.0000 0.0000 0.0000
25       25   (0)      1  : 0.0000 0.1352 0.0000 0.0148 0.0000 0.0000 0.1937 0.0000 0.0000 0.6547 0.0000 0.0000 0.0000 0.0000 0.0000 0.0016
26       26   (0)      1  : 0.0000 0.1272 0.0000 0.0000 0.0000 0.0000 0.3313 0.0000 0.0000 0.3919 0.0000 0.0000 0.0000 0.0000 0.1495 0.0000
27       27   (0)      1  : 0.0000 0.0000 0.0000 0.0000 0.9098 0.0000 0.0000 0.0000 0.0000 0.0000 0.0597 0.0000 0.0000 0.0305 0.0000 0.0000
28       28   (0)      1  : 0.0000 0.0000 0.0000 0.0000 1.0000 0.0000 0.0000 0.0000 0.0000 0.0000 0.0000 0.0000 0.0000 0.0000 0.0000 0.0000
29       29   (0)      1  : 0.0085 0.0000 0.0000 0.0000 0.0000 0.0000 0.3346 0.0000 0.0000 0.3236 0.0000 0.0000 0.0000 0.0000 0.3333 0.0000
30       30   (0)      1  : 0.0000 0.2631 0.0000 0.0000 0.0000 0.0000 0.0000 0.0000 0.0000 0.5294 0.0000 0.0000 0.0000 0.0000 0.2075 0.0000
31       31   (0)      1  : 0.0000 0.0000 0.0000 0.0000 0.0000 0.0000 1.0000 0.0000 0.0000 0.0000 0.0000 0.0000 0.0000 0.0000 0.0000 0.0000
32       32   (0)      1  : 0.0000 0.0000 0.0000 0.9645 0.0000 0.0000 0.0000 0.0000 0.0000 0.0355 0.0000 0.0000 0.0000 0.0000 0.0000 0.0000
33       33   (0)      1  : 0.0000 0.1312 0.0000 0.1903 0.4150 0.0000 0.0000 0.0000 0.0000 0.2635 0.0000 0.0000 0.0000 0.0000 0.0000 0.0000
34       34   (0)      1  : 0.0000 0.8232 0.0000 0.0000 0.0000 0.0000 0.0000 0.0000 0.0000 0.1018 0.0000 0.0000 0.0000 0.0000 0.0670 0.0080
35       35   (0)      1  : 0.0000 0.0000 1.0000 0.0000 0.0000 0.0000 0.0000 0.0000 0.0000 0.0000 0.0000 0.0000 0.0000 0.0000 0.0000 0.0000
36       36   (0)      1  : 0.0000 0.0000 1.0000 0.0000 0.0000 0.0000 0.0000 0.0000 0.0000 0.0000 0.0000 0.0000 0.0000 0.0000 0.0000 0.0000
37       37   (0)      1  : 0.0000 0.0000 1.0000 0.0000 0.0000 0.0000 0.0000 0.0000 0.0000 0.0000 0.0000 0.0000 0.0000 0.0000 0.0000 0.0000
38       38   (0)      1  : 0.0000 0.0000 0.0000 0.0000 1.0000 0.0000 0.0000 0.0000 0.0000 0.0000 0.0000 0.0000 0.0000 0.0000 0.0000 0.0000
39       39   (0)      1  : 0.0000 0.0000 0.0000 0.0000 0.9917 0.0000 0.0000 0.0000 0.0000 0.0000 0.0000 0.0000 0.0000 0.0083 0.0000 0.0000
40       40   (0)      1  : 0.0000 0.0000 0.0000 0.0000 0.0000 0.0000 0.8400 0.0000 0.0000 0.1600 0.0000 0.0000 0.0000 0.0000 0.0000 0.0000
41       41   (0)      1  : 0.3439 0.0000 0.0000 0.6351 0.0000 0.0000 0.0000 0.0000 0.0000 0.0211 0.0000 0.0000 0.0000 0.0000 0.0000 0.0000
42       42   (0)      1  : 0.0000 0.0000 0.0000 0.0000 1.0000 0.0000 0.0000 0.0000 0.0000 0.0000 0.0000 0.0000 0.0000 0.0000 0.0000 0.0000
43       43   (0)      1  : 0.0236 0.2296 0.0117 0.0000 0.0000 0.0000 0.0000 0.0000 0.0000 0.4024 0.0000 0.0000 0.0000 0.0000 0.3326 0.0000
44       44   (0)      1  : 0.3172 0.0101 0.0000 0.5828 0.0000 0.0000 0.0000 0.0000 0.0000 0.0000 0.0000 0.0000 0.0000 0.0000 0.0000 0.0899
45       45   (0)      1  : 0.0000 0.0000 0.0000 0.0000 1.0000 0.0000 0.0000 0.0000 0.0000 0.0000 0.0000 0.0000 0.0000 0.0000 0.0000 0.0000
46       46   (0)      1  : 0.0000 0.1169 0.0000 0.0000 0.0000 0.0033 0.1015 0.0000 0.0002 0.2605 0.0000 0.0000 0.0000 0.0000 0.5176 0.0000
47       47   (0)      1  : 0.0000 0.0000 0.0000 0.0000 1.0000 0.0000 0.0000 0.0000 0.0000 0.0000 0.0000 0.0000 0.0000 0.0000 0.0000 0.0000
48       48   (0)      1  : 0.8910 0.0000 0.0000 0.1073 0.0000 0.0000 0.0000 0.0000 0.0000 0.0000 0.0000 0.0000 0.0000 0.0000 0.0017 0.0000
49       49   (0)      1  : 0.0587 0.0000 0.0000 0.7910 0.0000 0.0000 0.0000 0.0000 0.0000 0.0000 0.0000 0.0000 0.0000 0.0000 0.0000 0.1503
50       50   (0)      1  : 0.0000 0.0000 0.0000 0.0000 1.0000 0.0000 0.0000 0.0000 0.0000 0.0000 0.0000 0.0000 0.0000 0.0000 0.0000 0.0000
51       51   (0)      1  : 0.0000 0.0000 0.0000 0.0000 1.0000 0.0000 0.0000 0.0000 0.0000 0.0000 0.0000 0.0000 0.0000 0.0000 0.0000 0.0000
52       52   (0)      1  : 0.1174 0.0000 0.0000 0.8148 0.0000 0.0000 0.0526 0.0000 0.0000 0.0000 0.0000 0.0000 0.0000 0.0000 0.0152 0.0000
53       53   (0)      1  : 0.1974 0.0085 0.0000 0.5720 0.0000 0.0000 0.0000 0.0000 0.0015 0.0000 0.0000 0.0000 0.0000 0.0000 0.0122 0.2084
54       54   (0)      1  : 0.4030 0.0439 0.0000 0.3704 0.0000 0.0000 0.0000 0.0000 0.0000 0.0000 0.0000 0.0000 0.0000 0.0000 0.0000 0.1828
55       55   (0)      1  : 0.0000 0.0000 0.0000 0.0000 0.9809 0.0000 0.0000 0.0000 0.0000 0.0000 0.0191 0.0000 0.0000 0.0000 0.0000 0.0000
56       56   (0)      2  : 0.0000 0.0000 0.0000 0.0000 0.0000 0.0000 1.0000 0.0000 0.0000 0.0000 0.0000 0.0000 0.0000 0.0000 0.0000 0.0000
57       57   (0)      2  : 0.0000 0.7313 0.0045 0.0000 0.0000 0.0000 0.0000 0.0000 0.0000 0.0000 0.0000 0.0000 0.0000 0.0000 0.2641 0.0000
58       58   (0)      2  : 0.0000 0.7996 0.0000 0.0000 0.0000 0.0000 0.2004 0.0000 0.0000 0.0000 0.0000 0.0000 0.0000 0.0000 0.0000 0.0000
59       59   (0)      2  : 0.0000 0.1848 0.0000 0.0000 0.0000 0.0000 0.1784 0.0000 0.0000 0.2630 0.0000 0.0000 0.0000 0.0000 0.3737 0.0000
60       60   (0)      2  : 0.0386 0.0527 0.0000 0.7593 0.0000 0.0000 0.0000 0.0000 0.0000 0.0000 0.0000 0.0000 0.0000 0.0000 0.0000 0.1494
61       61   (0)      2  : 0.0000 0.1583 0.0025 0.0000 0.0000 0.0000 0.1558 0.0000 0.0000 0.4727 0.0000 0.0000 0.0000 0.0000 0.2106 0.0000
62       62   (0)      2  : 0.0000 0.0000 1.0000 0.0000 0.0000 0.0000 0.0000 0.0000 0.0000 0.0000 0.0000 0.0000 0.0000 0.0000 0.0000 0.0000
63       63   (0)      2  : 0.0000 0.4387 0.0000 0.0090 0.0000 0.0000 0.0297 0.0000 0.0000 0.0000 0.0000 0.0000 0.0000 0.0000 0.5227 0.0000
64       64   (0)      2  : 0.0000 0.0000 1.0000 0.0000 0.0000 0.0000 0.0000 0.0000 0.0000 0.0000 0.0000 0.0000 0.0000 0.0000 0.0000 0.0000
65       65   (0)      2  : 0.0360 0.0661 0.0000 0.0000 0.0000 0.0000 0.0850 0.0000 0.0000 0.5233 0.0000 0.0000 0.0000 0.0000 0.2896 0.0000
66       66   (0)      2  : 0.0000 0.0000 1.0000 0.0000 0.0000 0.0000 0.0000 0.0000 0.0000 0.0000 0.0000 0.0000 0.0000 0.0000 0.0000 0.0000
67       67   (0)      2  : 0.0000 0.0495 0.0022 0.0000 0.0000 0.0000 0.0000 0.0000 0.0000 0.5357 0.0000 0.0000 0.0000 0.0000 0.4126 0.0000
68       68   (0)      2  : 0.0000 0.0000 0.0000 0.0000 0.0000 0.0000 0.0000 0.0000 0.0000 0.7533 0.0000 0.0000 0.0000 0.0000 0.2442 0.0025
69       69   (0)      2  : 0.3787 0.0000 0.0000 0.6108 0.0000 0.0000 0.0105 0.0000 0.0000 0.0000 0.0000 0.0000 0.0000 0.0000 0.0000 0.0000
70       70   (0)      2  : 0.0000 0.0000 0.0000 0.0000 0.0000 0.0000 0.0000 0.0000 0.0000 0.0000 0.0000 0.0000 0.0000 0.0000 1.0000 0.0000
71       71   (0)      2  : 0.0000 0.0000 1.0000 0.0000 0.0000 0.0000 0.0000 0.0000 0.0000 0.0000 0.0000 0.0000 0.0000 0.0000 0.0000 0.0000
72       72   (0)      2  : 0.0000 0.0000 1.0000 0.0000 0.0000 0.0000 0.0000 0.0000 0.0000 0.0000 0.0000 0.0000 0.0000 0.0000 0.0000 0.0000
73       73   (0)      2  : 0.0247 0.2892 0.0000 0.0531 0.0000 0.0000 0.5286 0.0000 0.0000 0.0979 0.0000 0.0000 0.0000 0.0000 0.0035 0.0030
74       74   (0)      2  : 0.0000 0.0000 0.0000 1.0000 0.0000 0.0000 0.0000 0.0000 0.0000 0.0000 0.0000 0.0000 0.0000 0.0000 0.0000 0.0000
75       75   (0)      2  : 0.0000 0.0000 0.0000 0.0000 0.9640 0.0000 0.0000 0.0053 0.0000 0.0000 0.0000 0.0307 0.0000 0.0000 0.0000 0.0000
76       76   (0)      2  : 0.0024 0.0000 0.0000 0.9965 0.0000 0.0000 0.0000 0.0000 0.0000 0.0011 0.0000 0.0000 0.0000 0.0000 0.0000 0.0000
77       77   (0)      2  : 0.0000 0.1404 0.0000 0.0533 0.0000 0.0000 0.0000 0.0000 0.0000 0.3574 0.0000 0.0000 0.0000 0.0000 0.4489 0.0000
78       78   (0)      2  : 0.0000 0.0000 1.0000 0.0000 0.0000 0.0000 0.0000 0.0000 0.0000 0.0000 0.0000 0.0000 0.0000 0.0000 0.0000 0.0000
79       79   (0)      2  : 0.0000 0.0000 0.0000 0.0000 1.0000 0.0000 0.0000 0.0000 0.0000 0.0000 0.0000 0.0000 0.0000 0.0000 0.0000 0.0000
80       80   (0)      2  : 0.0000 0.0000 1.0000 0.0000 0.0000 0.0000 0.0000 0.0000 0.0000 0.0000 0.0000 0.0000 0.0000 0.0000 0.0000 0.0000
81       81   (0)      2  : 0.0000 0.5000 0.0000 0.0000 0.0000 0.0000 0.0000 0.0000 0.0000 0.4991 0.0000 0.0000 0.0000 0.0000 0.0009 0.0000
82       82   (0)      2  : 0.0000 0.0000 0.0000 0.6667 0.0000 0.0000 0.0000 0.0000 0.0000 0.0000 0.0000 0.0000 0.0000 0.0000 0.0000 0.3333
83       83   (0)      2  : 0.3106 0.0000 0.0000 0.6894 0.0000 0.0000 0.0000 0.0000 0.0000 0.0000 0.0000 0.0000 0.0000 0.0000 0.0000 0.0000
84       84   (0)      2  : 0.2135 0.0000 0.0000 0.0000 0.0000 0.0000 0.0836 0.0000 0.0000 0.5235 0.0000 0.0000 0.0000 0.0000 0.1794 0.0000
85       85   (0)      2  : 0.0020 0.5142 0.0000 0.0000 0.0000 0.0000 0.1335 0.0000 0.0000 0.3397 0.0000 0.0000 0.0000 0.0000 0.0000 0.0106
86       86   (0)      2  : 0.0000 0.1277 0.0000 0.0173 0.0000 0.0000 0.0000 0.0000 0.0000 0.4116 0.0000 0.0000 0.0000 0.0000 0.4369 0.0065
87       87   (0)      2  : 0.0000 0.1627 0.0000 0.0155 0.0000 0.0000 0.0458 0.0000 0.0000 0.2143 0.0000 0.0000 0.0000 0.0000 0.5617 0.0000
88       88   (0)      2  : 0.0000 0.0000 0.0000 0.0000 0.0000 0.0000 0.8269 0.0000 0.0000 0.1731 0.0000 0.0000 0.0000 0.0000 0.0000 0.0000
89       89   (0)      2  : 0.0000 0.3526 0.0000 0.0000 0.0000 0.0000 0.2010 0.0000 0.0000 0.2664 0.0000 0.0000 0.0000 0.0000 0.1801 0.0000
90       90   (0)      2  : 0.0000 0.0949 0.0060 0.0317 0.0000 0.0000 0.3503 0.0000 0.0000 0.3525 0.0000 0.0000 0.0000 0.0000 0.1646 0.0000
91       91   (0)      2  : 0.0000 0.3333 0.0000 0.0000 0.0000 0.0000 0.0000 0.0000 0.0000 0.6667 0.0000 0.0000 0.0000 0.0000 0.0000 0.0000
92       92   (0)      2  : 0.0284 0.0000 0.0000 0.0000 0.0000 0.0000 0.4410 0.0000 0.0000 0.1833 0.0000 0.0000 0.0000 0.0000 0.3473 0.0000
93       93   (0)      2  : 0.6179 0.0000 0.0000 0.2888 0.0000 0.0000 0.0000 0.0000 0.0000 0.0000 0.0000 0.0000 0.0000 0.0000 0.0000 0.0933
94       94   (0)      2  : 0.2236 0.0000 0.0001 0.7583 0.0000 0.0000 0.0000 0.0000 0.0000 0.0000 0.0000 0.0000 0.0000 0.0000 0.0180 0.0000
95       95   (0)      2  : 0.0000 0.0000 1.0000 0.0000 0.0000 0.0000 0.0000 0.0000 0.0000 0.0000 0.0000 0.0000 0.0000 0.0000 0.0000 0.0000
96       96   (0)      2  : 0.5057 0.0000 0.0000 0.3117 0.0000 0.0000 0.0275 0.0000 0.0000 0.0175 0.0000 0.0000 0.0000 0.0000 0.0000 0.1375
97       97   (0)      2  : 0.6874 0.0000 0.0000 0.2647 0.0000 0.0000 0.0000 0.0000 0.0000 0.0000 0.0000 0.0000 0.0000 0.0000 0.0191 0.0287
98       98   (0)      2  : 0.0000 0.3264 0.0000 0.0060 0.0000 0.0000 0.1371 0.0000 0.0000 0.0000 0.0000 0.0000 0.0000 0.0000 0.5305 0.0000
99       99   (0)      2  : 0.0000 0.0000 1.0000 0.0000 0.0000 0.0000 0.0000 0.0000 0.0000 0.0000 0.0000 0.0000 0.0000 0.0000 0.0000 0.0000
100      100   (0)      2  : 0.0000 0.1321 0.0000 0.0000 0.0000 0.0000 0.8679 0.0000 0.0000 0.0000 0.0000 0.0000 0.0000 0.0000 0.0000 0.0000
101      101   (0)      3  : 0.0000 0.2121 0.0000 0.0000 0.0000 0.0000 0.4546 0.0000 0.0000 0.3333 0.0000 0.0000 0.0000 0.0000 0.0000 0.0000
102      102   (0)      3  : 0.0000 0.3777 0.0000 0.0000 0.0000 0.0000 0.0000 0.0000 0.0000 0.2602 0.0000 0.0000 0.0000 0.0000 0.3621 0.0000
103      103   (0)      3  : 0.0236 0.2657 0.0000 0.0076 0.0000 0.0000 0.3920 0.0000 0.0000 0.3112 0.0000 0.0000 0.0000 0.0000 0.0000 0.0000
104      104   (0)      3  : 0.0000 0.0000 0.0000 0.0000 0.0000 0.0000 0.7853 0.0000 0.0000 0.0000 0.0000 0.0000 0.0000 0.0000 0.2147 0.0000
105      105   (0)      3  : 0.0000 0.1733 0.0042 0.0090 0.0000 0.0000 0.0000 0.0000 0.0000 0.8012 0.0000 0.0000 0.0000 0.0000 0.0000 0.0123
106      106   (0)      3  : 0.0000 0.0000 0.0000 0.0000 0.0000 0.0000 0.0000 0.0000 0.0000 0.3333 0.0000 0.0000 0.0000 0.0000 0.6667 0.0000
107      107   (0)      3  : 0.0000 0.8291 0.0000 0.0000 0.0000 0.0000 0.0002 0.0000 0.0000 0.1145 0.0000 0.0000 0.0000 0.0000 0.0561 0.0000
108      108   (0)      3  : 0.0000 0.2202 0.0000 0.0000 0.0000 0.0000 0.0000 0.0000 0.0000 0.1680 0.0000 0.0000 0.0000 0.0000 0.6060 0.0058
109      109   (0)      3  : 0.0000 0.0000 0.0000 0.0000 0.0000 0.0000 1.0000 0.0000 0.0000 0.0000 0.0000 0.0000 0.0000 0.0000 0.0000 0.0000
110      110   (0)      3  : 0.0000 0.0000 0.0000 0.0000 0.0000 0.0000 0.0000 0.0000 0.0000 0.4334 0.0000 0.0000 0.0000 0.0000 0.5666 0.0000
111      111   (0)      3  : 0.0000 0.3333 0.0000 0.0019 0.0000 0.0000 0.0000 0.0000 0.0000 0.6648 0.0000 0.0000 0.0000 0.0000 0.0000 0.0000
112      112   (0)      3  : 0.0000 0.6667 0.0000 0.0000 0.0000 0.0000 0.1136 0.0000 0.0000 0.0000 0.0000 0.0000 0.0000 0.0000 0.2197 0.0000
113      113   (0)      3  : 0.0000 0.0000 0.0000 0.0000 0.0000 0.0000 0.8006 0.0000 0.0000 0.0000 0.0000 0.0000 0.0000 0.0000 0.1994 0.0000
114      114   (0)      3  : 0.0000 0.0000 0.0000 0.0000 0.0000 0.0000 0.7410 0.0000 0.0000 0.2590 0.0000 0.0000 0.0000 0.0000 0.0000 0.0000
115      115   (0)      3  : 0.0000 0.6683 0.0000 0.0346 0.0000 0.0000 0.0000 0.0000 0.0000 0.2971 0.0000 0.0000 0.0000 0.0000 0.0000 0.0000
116      116   (0)      3  : 0.0000 0.1790 0.0000 0.0000 0.0000 0.0000 0.0000 0.0000 0.0000 0.3333 0.0000 0.0000 0.0000 0.0000 0.4877 0.0000
117      117   (0)      3  : 0.0000 0.0888 0.0000 0.0432 0.0000 0.0000 0.0000 0.0000 0.0000 0.3426 0.0000 0.0000 0.0000 0.0000 0.5255 0.0000
118      118   (0)      3  : 0.0000 0.0000 0.0000 0.0000 0.0000 0.0000 0.2582 0.0000 0.0000 0.2738 0.0000 0.0000 0.0000 0.0000 0.4680 0.0000
119      119   (0)      3  : 0.0000 0.0720 0.0000 0.0199 0.0000 0.0000 0.0000 0.0000 0.0000 0.3417 0.0000 0.0000 0.0000 0.0000 0.5550 0.0114
120      120   (0)      3  : 0.0107 0.1812 0.0814 0.0289 0.0000 0.0000 0.3755 0.0000 0.0000 0.1606 0.0000 0.0000 0.0000 0.0000 0.1617 0.0000
121      121   (0)      3  : 0.0000 0.0000 0.0000 0.0000 0.0000 0.0000 0.0000 0.0000 0.0000 0.6659 0.0000 0.0000 0.0000 0.0000 0.3341 0.0000
122      122   (0)      3  : 0.0000 0.3333 0.0000 0.0058 0.0000 0.0000 0.3490 0.0000 0.0000 0.2936 0.0000 0.0000 0.0000 0.0000 0.0182 0.0000
123      123   (0)      3  : 0.0000 0.1253 0.0000 0.0000 0.0000 0.0000 0.0700 0.0000 0.0000 0.4344 0.0000 0.0000 0.0000 0.0000 0.3703 0.0000
124      124   (0)      3  : 0.0000 0.2013 0.0000 0.0000 0.0000 0.0000 0.2024 0.0000 0.0000 0.4795 0.0000 0.0000 0.0000 0.0000 0.1168 0.0000
125      125   (0)      3  : 0.0000 0.0846 0.0006 0.0000 0.0000 0.0000 0.0000 0.0000 0.0000 0.8594 0.0000 0.0000 0.0000 0.0000 0.0554 0.0000
126      126   (0)      3  : 0.0000 0.1699 0.0000 0.0133 0.0000 0.0000 0.0287 0.0000 0.0000 0.6666 0.0000 0.0000 0.0000 0.0000 0.1215 0.0000
127      127   (0)      3  : 0.0474 0.0839 0.0000 0.0204 0.0000 0.0000 0.2231 0.0000 0.0000 0.5061 0.0000 0.0000 0.0000 0.0000 0.1191 0.0000
128      128   (0)      3  : 0.0000 0.2464 0.0000 0.0000 0.0000 0.0000 0.0000 0.0000 0.0000 0.3626 0.0000 0.0000 0.0000 0.0000 0.3909 0.0000
129      129   (0)      3  : 0.0000 0.0000 0.0000 0.0393 0.0000 0.0000 0.4581 0.0000 0.0000 0.5013 0.0000 0.0000 0.0000 0.0000 0.0014 0.0000
130      130   (0)      3  : 0.4983 0.0000 0.0000 0.3637 0.0000 0.0000 0.0246 0.0000 0.0000 0.0000 0.0000 0.0000 0.0000 0.0000 0.0000 0.1133
131      131   (0)      3  : 0.4707 0.0000 0.0000 0.3510 0.0000 0.0000 0.0515 0.0000 0.0000 0.0218 0.0000 0.0000 0.0000 0.0000 0.0000 0.1050
132      132   (0)      3  : 0.0000 0.0000 1.0000 0.0000 0.0000 0.0000 0.0000 0.0000 0.0000 0.0000 0.0000 0.0000 0.0000 0.0000 0.0000 0.0000
133      133   (0)      3  : 0.0000 0.0000 0.0000 0.0000 0.8585 0.0000 0.0000 0.0000 0.0896 0.0000 0.0520 0.0000 0.0000 0.0000 0.0000 0.0000
134      134   (0)      3  : 0.2207 0.0292 0.0000 0.6444 0.0092 0.0000 0.0789 0.0000 0.0048 0.0000 0.0000 0.0127 0.0000 0.0000 0.0000 0.0001
135      135   (0)      3  : 0.0000 0.6667 0.0065 0.0000 0.0000 0.0000 0.1675 0.0000 0.0000 0.0000 0.0000 0.0000 0.0000 0.0000 0.1594 0.0000
136      136   (0)      3  : 0.0000 0.0000 0.0000 0.0000 0.0000 0.0000 0.0000 0.0000 0.0000 0.3333 0.0000 0.0000 0.0000 0.0000 0.6667 0.0000
137      137   (0)      3  : 0.9976 0.0000 0.0000 0.0024 0.0000 0.0000 0.0000 0.0000 0.0000 0.0000 0.0000 0.0000 0.0000 0.0000 0.0000 0.0000
138      138   (0)      3  : 0.0041 0.1344 0.0000 0.0000 0.0000 0.0000 0.0000 0.0000 0.0000 0.0000 0.0000 0.0000 0.0000 0.0000 0.8615 0.0000
139      139   (0)      3  : 0.0000 0.0841 0.0000 0.0000 0.0000 0.0000 0.5629 0.0000 0.0000 0.0000 0.0000 0.0000 0.0000 0.0000 0.3531 0.0000
140      140   (0)      3  : 0.0000 0.0000 0.0000 0.0000 0.0000 0.0000 0.0000 0.0000 0.0000 0.1982 0.0000 0.0000 0.0000 0.0000 0.8018 0.0000
141      141   (0)      3  : 0.0000 0.0000 1.0000 0.0000 0.0000 0.0000 0.0000 0.0000 0.0000 0.0000 0.0000 0.0000 0.0000 0.0000 0.0000 0.0000
142      142   (0)      3  : 0.0000 0.0000 1.0000 0.0000 0.0000 0.0000 0.0000 0.0000 0.0000 0.0000 0.0000 0.0000 0.0000 0.0000 0.0000 0.0000
143      143   (0)      3  : 0.0000 0.0000 1.0000 0.0000 0.0000 0.0000 0.0000 0.0000 0.0000 0.0000 0.0000 0.0000 0.0000 0.0000 0.0000 0.0000
144      144   (0)      3  : 0.0000 0.0000 1.0000 0.0000 0.0000 0.0000 0.0000 0.0000 0.0000 0.0000 0.0000 0.0000 0.0000 0.0000 0.0000 0.0000
145      145   (0)      3  : 0.0000 0.0000 1.0000 0.0000 0.0000 0.0000 0.0000 0.0000 0.0000 0.0000 0.0000 0.0000 0.0000 0.0000 0.0000 0.0000
146      146   (0)      3  : 0.2788 0.0000 0.0000 0.5491 0.0000 0.0000 0.0000 0.0000 0.0000 0.0000 0.0000 0.0000 0.0000 0.0000 0.0336 0.1385
147      147   (0)      3  : 0.0000 0.5287 0.0000 0.0000 0.0000 0.0000 0.0000 0.0000 0.0000 0.4713 0.0000 0.0000 0.0000 0.0000 0.0000 0.0000
148      148   (0)      3  : 0.0000 0.0000 1.0000 0.0000 0.0000 0.0000 0.0000 0.0000 0.0000 0.0000 0.0000 0.0000 0.0000 0.0000 0.0000 0.0000
149      149   (0)      3  : 0.0000 0.0000 1.0000 0.0000 0.0000 0.0000 0.0000 0.0000 0.0000 0.0000 0.0000 0.0000 0.0000 0.0000 0.0000 0.0000
150      150   (0)      3  : 0.0000 0.0000 0.0000 0.0000 0.8099 0.0000 0.0000 0.0163 0.1347 0.0000 0.0391 0.0000 0.0000 0.0000 0.0000 0.0000
151      151   (0)      3  : 0.0000 0.0000 0.0000 0.0000 1.0000 0.0000 0.0000 0.0000 0.0000 0.0000 0.0000 0.0000 0.0000 0.0000 0.0000 0.0000
152      152   (0)      3  : 0.0000 0.0000 0.0000 0.0000 0.0000 0.0000 0.0000 0.0000 0.0000 0.6667 0.0000 0.0000 0.0000 0.0000 0.3333 0.0000
153      153   (0)      3  : 0.0000 0.0000 1.0000 0.0000 0.0000 0.0000 0.0000 0.0000 0.0000 0.0000 0.0000 0.0000 0.0000 0.0000 0.0000 0.0000
154      154   (0)      3  : 0.0000 0.0000 0.0000 0.0000 0.0000 0.0000 1.0000 0.0000 0.0000 0.0000 0.0000 0.0000 0.0000 0.0000 0.0000 0.0000
155      155   (0)      3  : 0.0000 0.0000 0.0000 0.0000 0.0000 0.0000 0.0000 0.0000 0.0000 0.0000 0.0000 0.0000 0.0000 0.0000 1.0000 0.0000
156      156   (0)      3  : 0.0020 0.0000 0.0000 0.8567 0.0000 0.0000 0.0000 0.0000 0.0000 0.0705 0.0000 0.0000 0.0000 0.0000 0.0000 0.0708
157      157   (0)      3  : 0.0000 0.6432 0.0000 0.0000 0.0000 0.0000 0.0003 0.0000 0.0000 0.3564 0.0000 0.0000 0.0000 0.0000 0.0000 0.0000
158      158   (0)      3  : 0.6667 0.0000 0.0000 0.3333 0.0000 0.0000 0.0000 0.0000 0.0000 0.0000 0.0000 0.0000 0.0000 0.0000 0.0000 0.0000
159      159   (0)      3  : 0.0000 0.1569 0.0000 0.0000 0.0000 0.0000 0.5097 0.0000 0.0000 0.3333 0.0000 0.0000 0.0000 0.0000 0.0000 0.0000
160      160   (0)      3  : 0.4251 0.0000 0.0000 0.5635 0.0000 0.0000 0.0000 0.0000 0.0000 0.0114 0.0000 0.0000 0.0000 0.0000 0.0000 0.0000
161      161   (0)      4  : 0.0187 0.3333 0.0000 0.0000 0.0000 0.0000 0.2256 0.0000 0.0000 0.2912 0.0000 0.0000 0.0000 0.0000 0.1311 0.0000
162      162   (0)      4  : 0.0000 0.0000 0.0000 0.0000 0.0000 0.0000 0.0000 0.0000 0.0000 0.8115 0.0000 0.0000 0.0000 0.0000 0.1885 0.0000
163      163   (0)      4  : 0.0000 0.0000 1.0000 0.0000 0.0000 0.0000 0.0000 0.0000 0.0000 0.0000 0.0000 0.0000 0.0000 0.0000 0.0000 0.0000
164      164   (0)      4  : 0.8958 0.0000 0.0000 0.0000 0.0000 0.0000 0.0000 0.0000 0.0000 0.0000 0.0000 0.0000 0.0000 0.0000 0.0000 0.1042
165      165   (0)      4  : 0.0000 0.0000 1.0000 0.0000 0.0000 0.0000 0.0000 0.0000 0.0000 0.0000 0.0000 0.0000 0.0000 0.0000 0.0000 0.0000
166      166   (0)      4  : 0.0000 0.0000 1.0000 0.0000 0.0000 0.0000 0.0000 0.0000 0.0000 0.0000 0.0000 0.0000 0.0000 0.0000 0.0000 0.0000
167      167   (0)      4  : 0.0000 0.0000 0.0000 0.0000 0.0000 0.0000 0.0000 0.0000 0.0000 0.4388 0.0000 0.0000 0.0000 0.0000 0.5612 0.0000
168      168   (0)      4  : 0.0000 0.0000 0.0000 0.0000 0.0000 0.0000 0.0000 0.0000 0.0000 1.0000 0.0000 0.0000 0.0000 0.0000 0.0000 0.0000
169      169   (0)      4  : 0.0000 0.6667 0.0000 0.0054 0.0000 0.0000 0.0000 0.0000 0.0000 0.1130 0.0000 0.0000 0.0000 0.0000 0.2150 0.0000
170      170   (0)      4  : 0.0000 0.0000 0.0000 0.0000 0.0000 0.0000 0.3413 0.0000 0.0044 0.2520 0.0000 0.0000 0.0000 0.0000 0.4023 0.0000
171      171   (0)      4  : 0.0000 0.0000 0.0000 0.0000 0.0000 0.0000 0.0000 0.0000 0.0000 0.0000 0.0000 0.0000 0.0000 0.0000 1.0000 0.0000
172      172   (0)      4  : 0.0000 0.0000 0.0000 0.0058 0.0000 0.0000 0.5861 0.0000 0.0000 0.1495 0.0000 0.0000 0.0000 0.0000 0.2585 0.0000
173      173   (0)      4  : 0.0000 0.1750 0.0000 0.0067 0.0000 0.0000 0.0000 0.0000 0.0000 0.8183 0.0000 0.0000 0.0000 0.0000 0.0000 0.0000
174      174   (0)      4  : 0.0000 0.0198 0.0000 0.9000 0.0000 0.0000 0.0000 0.0000 0.0000 0.0000 0.0000 0.0000 0.0000 0.0000 0.0000 0.0803
175      175   (0)      4  : 0.0000 0.3487 0.0000 0.0000 0.0000 0.0000 0.1368 0.0000 0.0000 0.5145 0.0000 0.0000 0.0000 0.0000 0.0000 0.0000
176      176   (0)      4  : 0.0000 0.0000 1.0000 0.0000 0.0000 0.0000 0.0000 0.0000 0.0000 0.0000 0.0000 0.0000 0.0000 0.0000 0.0000 0.0000
177      177   (0)      4  : 0.0229 0.0930 0.0000 0.0000 0.0000 0.0000 0.2209 0.0000 0.0000 0.4761 0.0000 0.0000 0.0000 0.0000 0.1770 0.0100
178      178   (0)      4  : 0.0000 0.0000 1.0000 0.0000 0.0000 0.0000 0.0000 0.0000 0.0000 0.0000 0.0000 0.0000 0.0000 0.0000 0.0000 0.0000
179      179   (0)      4  : 0.0000 0.0000 1.0000 0.0000 0.0000 0.0000 0.0000 0.0000 0.0000 0.0000 0.0000 0.0000 0.0000 0.0000 0.0000 0.0000
180      180   (0)      4  : 0.0000 0.4317 0.0064 0.0001 0.0000 0.0000 0.0816 0.0000 0.0000 0.4798 0.0000 0.0000 0.0000 0.0000 0.0004 0.0000
181      181   (0)      4  : 0.0000 0.0954 0.0000 0.0000 0.0000 0.0000 0.0000 0.0000 0.0000 0.5953 0.0000 0.0000 0.0000 0.0000 0.3093 0.0000
182      182   (0)      4  : 0.0000 0.0000 0.0000 0.0000 0.0000 0.0000 0.3676 0.0000 0.0000 0.0799 0.0000 0.0000 0.0000 0.0000 0.5526 0.0000
183      183   (0)      4  : 0.1567 0.0000 0.0000 0.8433 0.0000 0.0000 0.0000 0.0000 0.0000 0.0000 0.0000 0.0000 0.0000 0.0000 0.0000 0.0000
184      184   (0)      4  : 0.2267 0.0000 0.0000 0.6447 0.0000 0.0000 0.0110 0.0000 0.0000 0.0000 0.0000 0.0000 0.0000 0.0000 0.0000 0.1175
185      185   (0)      4  : 0.0000 0.0000 1.0000 0.0000 0.0000 0.0000 0.0000 0.0000 0.0000 0.0000 0.0000 0.0000 0.0000 0.0000 0.0000 0.0000
186      186   (0)      4  : 0.0000 0.0000 0.0000 0.0000 0.0000 0.0000 0.3333 0.0000 0.0000 0.0000 0.0000 0.0000 0.0000 0.0000 0.6667 0.0000
187      187   (0)      4  : 0.0435 0.0000 0.0000 0.0000 0.0000 0.0000 0.4041 0.0000 0.0000 0.3554 0.0000 0.0000 0.0000 0.0000 0.1785 0.0185
188      188   (0)      4  : 0.0000 0.0000 1.0000 0.0000 0.0000 0.0000 0.0000 0.0000 0.0000 0.0000 0.0000 0.0000 0.0000 0.0000 0.0000 0.0000
189      189   (0)      4  : 0.0095 0.1346 0.0000 0.0000 0.0000 0.0000 0.2890 0.0000 0.0000 0.5227 0.0000 0.0000 0.0000 0.0000 0.0443 0.0000
190      190   (0)      4  : 0.4454 0.0000 0.0000 0.4937 0.0000 0.0000 0.0000 0.0000 0.0000 0.0000 0.0000 0.0000 0.0000 0.0000 0.0000 0.0608
191      191   (0)      4  : 0.1504 0.4651 0.1093 0.0000 0.0000 0.0000 0.0000 0.0000 0.0710 0.0000 0.0000 0.0000 0.0000 0.0000 0.2042 0.0000
192      192   (0)      4  : 0.0000 0.0000 0.0000 0.0000 0.0000 0.0000 1.0000 0.0000 0.0000 0.0000 0.0000 0.0000 0.0000 0.0000 0.0000 0.0000
193      193   (0)      4  : 0.0000 0.2163 0.0053 0.0198 0.0000 0.0000 0.0000 0.0000 0.0000 0.6370 0.0000 0.0000 0.0000 0.0000 0.1156 0.0060
194      194   (0)      4  : 0.0139 0.3018 0.0024 0.0000 0.0000 0.0000 0.1977 0.0000 0.0000 0.3311 0.0000 0.0000 0.0000 0.0000 0.1443 0.0086
195      195   (0)      4  : 0.0000 0.3333 0.0000 0.0000 0.0000 0.0000 0.0000 0.0000 0.0000 0.0000 0.0000 0.0000 0.0000 0.0000 0.6667 0.0000
196      196   (0)      4  : 0.0000 0.1770 0.0000 0.0000 0.0000 0.0000 0.3513 0.0000 0.0000 0.4717 0.0000 0.0000 0.0000 0.0000 0.0000 0.0000
197      197   (0)      4  : 0.0000 0.3333 0.0000 0.0000 0.0000 0.0000 0.2950 0.0000 0.0000 0.2458 0.0000 0.0000 0.0000 0.0000 0.1258 0.0000
198      198   (0)      4  : 0.0000 0.3033 0.0000 0.0000 0.0000 0.0000 0.6967 0.0000 0.0000 0.0000 0.0000 0.0000 0.0000 0.0000 0.0000 0.0000
199      199   (0)      4  : 0.0000 0.1580 0.0004 0.0000 0.0000 0.0000 0.0000 0.0000 0.0000 0.1820 0.0000 0.0000 0.0000 0.0000 0.6597 0.0000
200      200   (0)      4  : 0.2023 0.0000 0.0000 0.7603 0.0000 0.0000 0.0000 0.0000 0.0000 0.0000 0.0000 0.0000 0.0000 0.0000 0.0374 0.0000
201      201   (0)      4  : 0.0000 0.3333 0.0000 0.0000 0.0000 0.0000 0.0000 0.0000 0.0111 0.4832 0.0000 0.0000 0.0000 0.0000 0.1724 0.0000
202      202   (0)      4  : 0.0000 0.0000 0.0000 0.0000 0.0000 0.0000 1.0000 0.0000 0.0000 0.0000 0.0000 0.0000 0.0000 0.0000 0.0000 0.0000
203      203   (0)      4  : 0.0284 0.0352 0.0050 0.0000 0.0000 0.0000 0.0004 0.0000 0.0000 0.5466 0.0000 0.0000 0.0000 0.0000 0.3845 0.0000
204      204   (0)      4  : 0.0000 0.1011 0.0043 0.0000 0.0000 0.0000 0.0000 0.0000 0.0000 0.0000 0.0000 0.0000 0.0000 0.0000 0.8946 0.0000
205      205   (0)      4  : 0.0000 0.1281 0.0000 0.0205 0.0000 0.0000 0.3093 0.0000 0.0000 0.4703 0.0000 0.0000 0.0000 0.0000 0.0717 0.0000
206      206   (0)      4  : 0.0000 0.8469 0.0000 0.0000 0.0000 0.0000 0.0630 0.0000 0.0000 0.0000 0.0000 0.0000 0.0000 0.0000 0.0901 0.0000
207      207   (0)      4  : 0.0000 0.5110 0.0000 0.0000 0.0000 0.0000 0.0000 0.0000 0.0000 0.4890 0.0000 0.0000 0.0000 0.0000 0.0000 0.0000
208      208   (0)      4  : 0.0000 0.0000 0.0000 0.7704 0.0000 0.0000 0.0617 0.0000 0.0000 0.0000 0.0000 0.0000 0.0000 0.0000 0.0000 0.1679
209      209   (0)      4  : 0.0000 0.3060 0.0000 0.0000 0.0000 0.0000 0.0000 0.0000 0.0000 0.3607 0.0000 0.0000 0.0000 0.0000 0.3333 0.0000
210      210   (0)      4  : 0.0000 0.0000 0.0000 0.0000 0.0000 0.0000 0.1625 0.0000 0.0000 0.2067 0.0000 0.0000 0.0000 0.0000 0.6308 0.0000
211      211   (0)      4  : 0.0053 0.0000 0.0000 0.0000 0.0000 0.0000 0.8434 0.0000 0.0000 0.1512 0.0000 0.0000 0.0000 0.0000 0.0001 0.0000
212      212   (0)      4  : 0.4856 0.0000 0.0000 0.3202 0.0000 0.0000 0.0000 0.0000 0.0000 0.0000 0.0000 0.0000 0.0000 0.0000 0.0068 0.1874
213      213   (0)      4  : 0.0000 0.0000 0.0000 0.0000 0.0000 0.0000 0.5868 0.0000 0.0000 0.1422 0.0000 0.0000 0.0000 0.0000 0.2709 0.0000
214      214   (0)      4  : 0.0002 0.0274 0.0079 0.0000 0.0000 0.0000 0.0954 0.0000 0.0000 0.6634 0.0000 0.0000 0.0000 0.0000 0.2057 0.0000
215      215   (0)      4  : 0.0000 0.2787 0.0036 0.4953 0.0000 0.0000 0.2224 0.0000 0.0000 0.0000 0.0000 0.0000 0.0000 0.0000 0.0000 0.0000
216      216   (0)      4  : 0.0000 0.0000 0.0000 0.0000 0.0000 0.0000 0.3293 0.0000 0.0000 0.0000 0.0000 0.0000 0.0000 0.0000 0.6707 0.0000
217      217   (0)      4  : 0.0000 0.0000 1.0000 0.0000 0.0000 0.0000 0.0000 0.0000 0.0000 0.0000 0.0000 0.0000 0.0000 0.0000 0.0000 0.0000
218      218   (0)      4  : 0.0015 0.1374 0.0033 0.0296 0.0000 0.0000 0.2845 0.0000 0.0000 0.3722 0.0000 0.0000 0.0000 0.0000 0.1715 0.0000
219      219   (0)      4  : 0.0175 0.0000 0.0000 0.0000 0.0000 0.0000 0.1161 0.0000 0.0000 0.5372 0.0000 0.0000 0.0000 0.0000 0.3292 0.0000
220      220   (0)      5  : 0.0000 0.0000 0.0000 0.0000 0.0000 0.1499 0.0000 0.0000 0.0000 0.0000 0.3808 0.2383 0.0368 0.1942 0.0000 0.0000
221      221   (0)      5  : 0.0000 0.0000 0.0000 0.0000 0.0000 0.0030 0.0000 0.0000 0.0000 0.0000 0.3363 0.5662 0.0945 0.0000 0.0000 0.0000
222      222   (0)      6  : 0.0000 0.0000 0.0000 0.0000 0.0000 0.3774 0.0000 0.2319 0.0000 0.0000 0.0000 0.3699 0.0207 0.0000 0.0000 0.0000
223      223   (0)      6  : 0.0000 0.0000 0.0000 0.0000 0.0000 0.0000 0.0000 0.2895 0.0000 0.0000 0.1012 0.2322 0.3606 0.0166 0.0000 0.0000
224      224   (0)      6  : 0.0000 0.0000 0.0000 0.0000 0.0000 0.0577 0.0000 0.0440 0.0000 0.0000 0.3919 0.2412 0.0000 0.2652 0.0000 0.0000
225      225   (0)      6  : 0.0000 0.0000 0.0000 0.0000 0.0004 0.0002 0.0000 0.0000 0.0000 0.0000 0.0000 0.0000 0.6998 0.0000 0.0000 0.2996
226      226   (0)      6  : 0.0000 0.0000 0.0000 0.0000 0.0000 0.1380 0.0000 0.4828 0.0085 0.0000 0.3707 0.0000 0.0000 0.0000 0.0000 0.0000
227      227   (0)      6  : 0.0000 0.0000 0.0000 0.0000 0.0000 0.3987 0.0000 0.2218 0.0000 0.0000 0.0000 0.1115 0.0000 0.2680 0.0000 0.0000
228      228   (0)      6  : 0.0000 0.0000 0.0000 0.0000 0.0000 0.0000 0.0000 0.3636 0.0213 0.0000 0.0000 0.0000 0.0000 0.6151 0.0000 0.0000
229      229   (0)      6  : 0.0000 0.0000 0.0000 0.0000 0.0000 0.1579 0.0000 0.0000 0.0000 0.0000 0.0000 0.0890 0.7530 0.0001 0.0000 0.0000
230      230   (0)      6  : 0.0000 0.0000 0.0000 0.0000 0.0000 0.2368 0.0000 0.1004 0.0000 0.0000 0.0184 0.2169 0.1952 0.1629 0.0000 0.0694
231      231   (0)      6  : 0.0000 0.0000 0.0000 0.0000 0.0267 0.1715 0.0000 0.0000 0.0000 0.0000 0.0997 0.0000 0.3314 0.3706 0.0000 0.0000
232      232   (0)      6  : 0.0000 0.0000 0.0000 0.0000 0.0000 0.0801 0.0000 0.1692 0.0000 0.0000 0.6667 0.0841 0.0000 0.0000 0.0000 0.0000
233      233   (0)      6  : 0.0000 0.0000 0.0000 0.0000 0.0000 0.0000 0.0000 0.1067 0.0000 0.0000 0.0250 0.0000 0.0344 0.8339 0.0000 0.0000
234      234   (0)      6  : 0.0000 0.0000 0.0000 0.0000 0.0000 0.4331 0.0000 0.0576 0.0000 0.0000 0.0000 0.0000 0.0961 0.0000 0.0000 0.4132
235      235   (0)      6  : 0.0000 0.0000 0.0034 0.0000 0.0048 0.0000 0.0000 0.0602 0.0000 0.0000 0.7952 0.0767 0.0000 0.0597 0.0000 0.0000
236      236   (0)      6  : 0.0000 0.0000 0.0000 0.0000 0.0000 0.0000 0.0000 0.1295 0.0000 0.0000 0.4151 0.1548 0.2677 0.0329 0.0000 0.0000
237      237   (0)      6  : 0.0000 0.0000 0.0000 0.0000 0.0000 0.0000 0.0000 0.6667 0.0000 0.0000 0.0000 0.1544 0.0000 0.1790 0.0000 0.0000
238      238   (0)      6  : 0.0000 0.0000 0.0000 0.0000 0.0000 0.0000 0.0000 0.0000 0.0000 0.0000 0.0000 0.8208 0.0005 0.1787 0.0000 0.0000
239      239   (0)      6  : 0.0000 0.0000 0.0000 0.0000 0.0000 0.0000 0.0000 0.0000 0.0000 0.0000 0.1783 0.0149 0.7079 0.0989 0.0000 0.0000
240      240   (0)      6  : 0.0000 0.0000 0.0000 0.0000 0.0000 0.3433 0.0000 0.5185 0.0000 0.0000 0.0000 0.0000 0.0000 0.1382 0.0000 0.0000
241      241   (0)      6  : 0.0000 0.0000 0.0000 0.0000 0.0000 0.1528 0.0000 0.0454 0.0000 0.0000 0.1003 0.0000 0.0036 0.6979 0.0000 0.0000
242      242   (0)      6  : 0.0000 0.0000 0.0000 0.0000 0.0000 0.0000 0.0000 0.0000 0.0084 0.0000 0.0683 0.3417 0.3426 0.0000 0.0000 0.2391
243      243   (0)      6  : 0.0000 0.0000 0.0000 0.0000 0.0717 0.3690 0.0000 0.0000 0.0000 0.0000 0.0042 0.0000 0.3518 0.2033 0.0000 0.0000
244      244   (0)      6  : 0.0000 0.0000 0.0000 0.0000 0.0000 0.0000 0.0000 0.0000 0.0000 0.0000 0.4059 0.1624 0.0034 0.1273 0.0000 0.3009
245      245   (0)      6  : 0.0000 0.0000 0.0000 0.0000 0.0000 0.3333 0.0000 0.2500 0.0000 0.0000 0.0000 0.1292 0.0000 0.0000 0.0000 0.2875
246      246   (0)      6  : 0.0000 0.0000 0.0000 0.0000 0.0000 0.1778 0.0000 0.1127 0.0000 0.0000 0.1871 0.5224 0.0000 0.0000 0.0000 0.0000
247      247   (0)      6  : 0.0000 0.0000 0.0000 0.0000 0.0000 0.2584 0.0000 0.4296 0.0000 0.0000 0.1594 0.0000 0.0000 0.1526 0.0000 0.0000
248      248   (0)      6  : 0.0000 0.0000 0.0000 0.0000 0.0000 0.4665 0.0000 0.1506 0.0000 0.0000 0.0000 0.0000 0.0000 0.3736 0.0000 0.0093
249      249   (0)      7  : 0.0000 0.0000 0.0000 0.0000 0.0000 0.3333 0.0000 0.0000 0.0000 0.0000 0.0000 0.0000 0.0000 0.0000 0.0000 0.6667
250      250   (0)      7  : 0.0000 0.0000 0.0000 0.0000 0.0000 0.2638 0.0000 0.0000 0.0000 0.0000 0.4028 0.0000 0.3333 0.0000 0.0000 0.0000
251      251   (0)      7  : 0.0000 0.0000 0.0000 0.0000 0.0000 0.0000 0.0000 0.0000 0.0000 0.0000 0.4509 0.3123 0.1660 0.0708 0.0000 0.0000
252      252   (0)      7  : 0.0000 0.0000 0.0000 0.0000 0.0000 0.2955 0.0000 0.4031 0.0000 0.0000 0.1307 0.1706 0.0000 0.0000 0.0000 0.0000
253      253   (0)      7  : 0.0000 0.0000 0.0000 0.0000 0.0000 0.1286 0.0000 0.0000 0.0000 0.0000 0.0000 0.4325 0.1813 0.0000 0.0000 0.2576
254      254   (0)      7  : 0.0000 0.0000 0.0000 0.0000 0.0000 0.3751 0.0000 0.0000 0.0000 0.0000 0.0000 0.1139 0.2308 0.2801 0.0000 0.0000
255      255   (0)      7  : 0.0000 0.0000 0.0000 0.0000 0.0000 0.1757 0.0000 0.5541 0.0000 0.0000 0.0020 0.0000 0.2683 0.0000 0.0000 0.0000
256      256   (0)      7  : 0.0000 0.0000 0.0000 0.0000 0.0000 0.1988 0.0000 0.3100 0.0000 0.0000 0.0000 0.0000 0.3061 0.0687 0.0000 0.1164
257      257   (0)      7  : 0.0000 0.0000 0.0000 0.0000 0.0000 0.0000 0.0000 0.0000 0.0000 0.0000 0.3333 0.0000 0.6667 0.0000 0.0000 0.0000
258      258   (0)      7  : 0.0000 0.0000 0.0000 0.0000 0.0000 0.0000 0.0000 0.0000 0.0000 0.0000 0.1997 0.2100 0.0175 0.5728 0.0000 0.0000
259      259   (0)      7  : 0.0000 0.0000 0.0000 0.0000 0.0000 0.0000 0.0000 0.0000 0.0000 0.0000 1.0000 0.0000 0.0000 0.0000 0.0000 0.0000
260      260   (0)      7  : 0.0000 0.0000 0.0000 0.0000 0.0000 0.4112 0.0000 0.0000 0.0000 0.0000 0.0000 0.0000 0.0000 0.5888 0.0000 0.0000
261      261   (0)      7  : 0.0000 0.0000 0.0000 0.0000 0.0000 0.0000 0.0000 0.8590 0.0000 0.0000 0.0000 0.1410 0.0000 0.0000 0.0000 0.0000
262      262   (0)      7  : 0.0000 0.0000 0.0000 0.0000 0.0000 0.2967 0.0000 0.0239 0.0000 0.0000 0.0298 0.1548 0.1336 0.2001 0.0000 0.1610
263      263   (0)      7  : 0.0000 0.0000 0.0000 0.0000 0.0000 0.0513 0.0000 0.7819 0.0000 0.0000 0.0000 0.0460 0.0000 0.1208 0.0000 0.0000
264      264   (0)      7  : 0.0000 0.0000 0.0000 0.0000 0.0000 0.0698 0.0000 0.9302 0.0000 0.0000 0.0000 0.0000 0.0000 0.0000 0.0000 0.0000
265      265   (0)      7  : 0.0000 0.0000 0.0000 0.0000 0.0000 0.0105 0.0000 0.0696 0.0000 0.0000 0.0242 0.3913 0.3870 0.0000 0.0000 0.1174
266      266   (0)      7  : 0.0000 0.0000 0.0000 0.0000 0.0000 0.0000 0.0000 1.0000 0.0000 0.0000 0.0000 0.0000 0.0000 0.0000 0.0000 0.0000
267      267   (0)      7  : 0.0000 0.0000 0.0000 0.0000 0.0000 0.0000 0.0000 0.0000 0.0000 0.0000 0.0000 1.0000 0.0000 0.0000 0.0000 0.0000
268      268   (0)      7  : 0.0000 0.0000 0.0000 0.0000 0.0000 0.2846 0.0000 0.0000 0.0000 0.0000 0.0969 0.1009 0.2744 0.2433 0.0000 0.0000
269      269   (0)      7  : 0.0000 0.0000 0.0000 0.0000 0.0061 0.4779 0.0000 0.0000 0.0000 0.0000 0.0000 0.0525 0.3926 0.0392 0.0000 0.0318
270      270   (0)      7  : 0.0000 0.0000 0.0000 0.0000 0.0000 0.0000 0.0000 0.7687 0.0000 0.0000 0.0000 0.0000 0.0000 0.2313 0.0000 0.0000
271      271   (0)      7  : 0.0000 0.0000 0.0000 0.0000 0.0000 0.1766 0.0000 0.0000 0.0000 0.0000 0.2439 0.1469 0.4326 0.0000 0.0000 0.0000
272      272   (0)      7  : 0.0000 0.0000 0.0000 0.0000 0.0000 0.1371 0.0000 0.3075 0.0000 0.0000 0.0000 0.5554 0.0000 0.0000 0.0000 0.0000
273      273   (0)      7  : 0.0000 0.0000 0.0000 0.0000 0.0000 0.0210 0.0000 0.1413 0.0031 0.0000 0.3270 0.3475 0.0000 0.1601 0.0000 0.0000
274      274   (0)      7  : 0.0000 0.0000 0.0000 0.0000 0.0000 0.0000 0.0000 0.0000 0.0000 0.0000 0.0000 0.0000 0.0000 1.0000 0.0000 0.0000
275      275   (0)      7  : 0.0000 0.0000 0.0000 0.0000 0.0000 0.0871 0.0000 0.0000 0.0000 0.0000 0.0000 0.5950 0.0000 0.3179 0.0000 0.0000
276      276   (0)      7  : 0.0000 0.0000 0.0000 0.0000 0.0000 0.4368 0.0000 0.3254 0.0000 0.0000 0.1762 0.0000 0.0000 0.0000 0.0000 0.0616
277      277   (0)      7  : 0.0000 0.0000 0.0000 0.0000 0.0000 0.7633 0.0000 0.0000 0.0000 0.0000 0.0853 0.0000 0.1514 0.0000 0.0000 0.0000
278      278   (0)      7  : 0.0000 0.0000 0.0000 0.0000 0.0000 0.0000 0.0000 0.1533 0.0000 0.0000 0.1194 0.0606 0.0000 0.0000 0.0000 0.6667
279      279   (0)      8  : 0.0000 0.0000 0.0000 0.0000 0.0000 0.0485 0.0000 0.0000 0.0000 0.0000 0.0000 0.0871 0.8645 0.0000 0.0000 0.0000
280      280   (0)      8  : 0.0000 0.0000 0.0000 0.0000 0.0000 0.0507 0.0000 0.0000 0.0000 0.0000 0.4293 0.1302 0.0517 0.0000 0.0000 0.3380
281      281   (0)      8  : 0.0000 0.0000 0.0000 0.0000 0.0000 0.3954 0.0000 0.0000 0.0000 0.0000 0.1391 0.2621 0.2034 0.0000 0.0000 0.0000
282      282   (0)      8  : 0.0000 0.0000 0.0000 0.0000 0.0000 0.0435 0.0000 0.0000 0.0000 0.0000 0.0000 0.0000 0.5799 0.3766 0.0000 0.0000
283      283   (0)      8  : 0.0000 0.0000 0.0000 0.0000 0.0002 0.0081 0.0000 0.0000 0.0032 0.0000 0.4153 0.4315 0.0000 0.1417 0.0000 0.0000
284      284   (0)      8  : 0.0000 0.0000 0.0000 0.0000 0.0000 0.0963 0.0000 0.5502 0.0000 0.0000 0.2824 0.0000 0.0000 0.0000 0.0000 0.0712
285      285   (0)      8  : 0.0000 0.0000 0.0000 0.0000 0.0000 0.1934 0.0000 0.3754 0.0000 0.0000 0.2631 0.0036 0.1645 0.0000 0.0000 0.0000
286      286   (0)      8  : 0.0000 0.0000 0.0000 0.0000 0.0000 0.0000 0.0000 0.0474 0.0000 0.0000 0.5620 0.3906 0.0000 0.0000 0.0000 0.0000
287      287   (0)      8  : 0.0000 0.0000 0.0000 0.0000 0.0000 0.1729 0.0000 0.3995 0.0000 0.0000 0.0716 0.1757 0.0694 0.1111 0.0000 0.0000
288      288   (0)      8  : 0.0000 0.0000 0.0000 0.0000 0.0093 0.2909 0.0000 0.0000 0.0000 0.0000 0.0000 0.0840 0.4986 0.1171 0.0000 0.0000
289      289   (0)      8  : 0.0000 0.0000 0.0000 0.0000 0.0000 0.2137 0.0000 0.0000 0.0000 0.0000 0.0000 0.0000 0.0000 0.7863 0.0000 0.0000
290      290   (0)      5  : 0.0000 0.0000 0.0000 0.0000 0.0000 0.1240 0.0000 0.2677 0.0000 0.0000 0.1055 0.3621 0.0791 0.0593 0.0000 0.0023
291      291   (0)      5  : 0.0000 0.0000 0.0000 0.0000 0.0000 0.0000 0.0000 0.2910 0.0000 0.0000 0.3352 0.0000 0.3738 0.0000 0.0000 0.0000
292      292   (0)      5  : 0.0000 0.0000 0.0000 0.0000 0.0000 0.6667 0.0000 0.0000 0.0027 0.0000 0.0000 0.1530 0.1266 0.0510 0.0000 0.0000
293      293   (0)      5  : 0.0000 0.0000 0.0000 0.0000 0.0000 0.0000 0.0000 0.0767 0.0000 0.0000 0.0000 0.0934 0.8300 0.0000 0.0000 0.0000
294      294   (0)      5  : 0.0000 0.0000 0.0000 0.0000 0.0030 0.2469 0.0000 0.2675 0.0000 0.0000 0.0016 0.3506 0.1079 0.0000 0.0000 0.0225
295      295   (0)      5  : 0.0000 0.0000 0.0000 0.0000 0.0000 0.2666 0.0000 0.2905 0.0000 0.0000 0.0000 0.0528 0.1178 0.1141 0.0000 0.1582
296      296   (0)      5  : 0.0000 0.0000 0.0037 0.0000 0.0032 0.1059 0.0000 0.0000 0.0000 0.0000 0.1633 0.0413 0.6825 0.0000 0.0000 0.0000
297      297   (0)      5  : 0.0000 0.0000 0.0000 0.0000 0.0052 0.1416 0.0000 0.0000 0.0000 0.0000 0.0000 0.0000 0.6493 0.2039 0.0000 0.0000
298      298   (0)      5  : 0.0000 0.0000 0.0000 0.0000 0.0000 0.2282 0.0000 0.4092 0.0000 0.0000 0.2111 0.0000 0.0000 0.0000 0.0000 0.1515
299      299   (0)      5  : 0.0000 0.0000 0.0000 0.0000 0.0000 0.0000 0.0000 0.1619 0.0000 0.0000 0.3624 0.1034 0.1436 0.2287 0.0000 0.0000
300      300   (0)      5  : 0.0000 0.0000 0.0000 0.0000 0.0000 0.4219 0.0000 0.0000 0.0000 0.0000 0.0791 0.0793 0.2053 0.0651 0.0000 0.1492
301      301   (0)      5  : 0.0000 0.0000 0.0000 0.0000 0.0000 0.0000 0.0000 0.0000 0.0000 0.0000 0.0800 0.0976 0.7654 0.0569 0.0000 0.0000
302      302   (0)      5  : 0.0000 0.0000 0.0000 0.0000 0.0000 0.0828 0.0000 0.1311 0.0000 0.0000 0.0000 0.0004 0.1133 0.0057 0.0000 0.6667
303      303   (0)      5  : 0.0000 0.0000 0.0000 0.0000 0.0000 0.0791 0.0000 0.7424 0.0000 0.0000 0.0959 0.0825 0.0000 0.0000 0.0000 0.0000
304      304   (0)      5  : 0.0000 0.0000 0.0000 0.0000 0.0000 0.1193 0.0000 0.3052 0.0000 0.0000 0.0000 0.2861 0.0986 0.0925 0.0000 0.0982
305      305   (0)      5  : 0.0000 0.0000 0.0000 0.0000 0.0000 0.2026 0.0000 0.0000 0.0041 0.0000 0.1308 0.2232 0.4394 0.0000 0.0000 0.0000
306      306   (0)      5  : 0.0000 0.0000 0.0000 0.0000 0.0000 0.0000 0.0000 0.0000 0.0000 0.0000 0.6667 0.0000 0.0000 0.3333 0.0000 0.0000
307      307   (0)      5  : 0.0000 0.0000 0.0000 0.0000 0.0608 0.2200 0.0000 0.0000 0.0000 0.0000 0.0798 0.0000 0.4893 0.1484 0.0000 0.0017
308      308   (0)      5  : 0.0000 0.0000 0.0000 0.0000 0.0000 0.0000 0.0000 0.0000 0.0066 0.0000 0.0889 0.0953 0.2117 0.1645 0.0000 0.4330
309      309   (0)      5  : 0.0000 0.0000 0.0000 0.0000 0.0000 0.0005 0.0000 0.0166 0.0000 0.0000 0.1930 0.5170 0.1743 0.0000 0.0000 0.0986
310      310   (0)      5  : 0.0000 0.0000 0.0000 0.0000 0.0000 0.0000 0.0000 0.0000 0.0000 0.0000 0.0000 0.0000 1.0000 0.0000 0.0000 0.0000
311      311   (0)      5  : 0.0000 0.0000 0.0000 0.0000 0.0000 0.7851 0.0000 0.0000 0.0032 0.0000 0.0964 0.0000 0.1052 0.0101 0.0000 0.0000
312      312   (0)      5  : 0.0000 0.0000 0.0000 0.0000 0.0000 0.0000 0.0000 0.3003 0.0020 0.0000 0.0930 0.0803 0.0259 0.1321 0.0000 0.3664
313      313   (0)      5  : 0.0000 0.0000 0.0000 0.0000 0.0000 0.0000 0.0000 0.0000 0.0000 0.0000 0.0000 0.8117 0.0000 0.1883 0.0000 0.0000
314      314   (0)      5  : 0.0000 0.0000 0.0000 0.0000 0.0000 0.0000 0.0000 0.0000 0.0000 0.0000 0.3119 0.4512 0.0000 0.2368 0.0000 0.0000
315      315   (0)      5  : 0.0000 0.0000 0.0000 0.0000 0.0000 0.2798 0.0000 0.4667 0.0005 0.0000 0.0020 0.0567 0.0377 0.1566 0.0000 0.0000
316      316   (0)      5  : 0.0000 0.0000 0.0000 0.0000 0.0000 0.0729 0.0000 0.0007 0.0000 0.0000 0.1239 0.3860 0.1289 0.2469 0.0000 0.0407
317      317   (0)      5  : 0.0000 0.0000 0.0000 0.0000 0.0000 0.2063 0.0000 0.0000 0.0000 0.0000 0.1830 0.3903 0.2204 0.0000 0.0000 0.0000
318      318   (0)      8  : 0.0000 0.0000 0.0000 0.0000 0.0000 0.0000 0.0000 0.0590 0.0000 0.0000 0.0000 0.9410 0.0000 0.0000 0.0000 0.0000
319      319   (0)      8  : 0.0000 0.0000 0.0000 0.0000 0.0000 0.0143 0.0000 0.2192 0.0000 0.0000 0.0000 0.5845 0.1795 0.0000 0.0000 0.0025
320      320   (0)      9  : 0.0000 0.0000 0.0000 0.0000 0.0000 0.0000 0.0000 0.0675 0.0000 0.0000 0.0558 0.1123 0.0977 0.0000 0.0000 0.6667
321      321   (0)      9  : 0.0000 0.0000 0.0000 0.0000 0.0000 0.6667 0.0000 0.0000 0.0000 0.0000 0.0000 0.0000 0.3333 0.0000 0.0000 0.0000
322      322   (0)      9  : 0.0000 0.0000 0.0000 0.0000 0.0000 0.0623 0.0000 0.1156 0.0000 0.0000 0.0000 0.5536 0.1012 0.1673 0.0000 0.0000
323      323   (0)      9  : 0.0000 0.0000 0.0000 0.0000 0.0000 0.2605 0.0000 0.6535 0.0000 0.0000 0.0000 0.0442 0.0000 0.0419 0.0000 0.0000
324      324   (0)      9  : 0.0000 0.0000 0.0000 0.0000 0.0000 0.1796 0.0000 0.3174 0.0000 0.0000 0.0000 0.0650 0.4380 0.0000 0.0000 0.0000
325      325   (0)      8  : 0.0000 0.0000 0.0000 0.0000 0.0000 0.4665 0.0000 0.0000 0.0000 0.0000 0.0000 0.0000 0.0000 0.2445 0.0000 0.2891
326      326   (0)      8  : 0.0000 0.0000 0.0000 0.0000 0.0000 0.0381 0.0000 0.3874 0.0000 0.0000 0.2493 0.2184 0.1068 0.0000 0.0000 0.0000
327      327   (0)      8  : 0.0000 0.0000 0.0000 0.0000 0.0000 0.0000 0.0000 0.1418 0.0000 0.0000 0.0000 0.0000 0.5369 0.0000 0.0000 0.3213
328      328   (0)      8  : 0.0000 0.0000 0.0000 0.0000 0.0000 0.2000 0.0000 0.3879 0.0000 0.0000 0.0349 0.2814 0.0000 0.0000 0.0000 0.0957
329      329   (0)      8  : 0.0000 0.0000 0.0000 0.0000 0.0000 0.3623 0.0000 0.0000 0.0000 0.0000 0.1087 0.0946 0.0000 0.2300 0.0000 0.2044
330      330   (0)      9  : 0.0000 0.0000 0.0000 0.0000 0.0000 0.0000 0.0000 0.0000 0.0000 0.0000 0.6101 0.0000 0.0000 0.0000 0.0000 0.3899
331      331   (0)      9  : 0.0000 0.0000 0.0000 0.0000 0.0000 0.0000 0.0000 0.6492 0.0000 0.0000 0.1634 0.1875 0.0000 0.0000 0.0000 0.0000
332      332   (0)      9  : 0.0000 0.0000 0.0000 0.0000 0.0000 0.0000 0.0000 0.2687 0.0000 0.0000 0.4105 0.0000 0.0570 0.0000 0.0000 0.2638
333      333   (0)      9  : 0.0000 0.0000 0.0000 0.0000 0.0000 0.6953 0.0000 0.0430 0.0000 0.0000 0.0000 0.0256 0.0630 0.1732 0.0000 0.0000
334      334   (0)      9  : 0.0000 0.0000 0.0000 0.0000 0.0000 0.1015 0.0000 0.0333 0.0000 0.0000 0.0397 0.7881 0.0000 0.0374 0.0000 0.0000
335      335   (0)      9  : 0.0000 0.0000 0.0000 0.0000 0.0000 0.4711 0.0000 0.0000 0.0000 0.0000 0.1611 0.0000 0.0952 0.2726 0.0000 0.0000
336      336   (0)      8  : 0.0000 0.0000 0.0000 0.0000 0.0000 0.0000 0.0000 0.7892 0.0000 0.0000 0.2108 0.0000 0.0000 0.0000 0.0000 0.0000
337      337   (0)      8  : 0.0000 0.0000 0.0000 0.0000 0.0000 0.0531 0.0000 0.0000 0.0014 0.0000 0.1686 0.0000 0.0000 0.1102 0.0000 0.6667
338      338   (0)      8  : 0.0000 0.0000 0.0000 0.0000 0.0000 0.0000 0.0000 0.4532 0.0000 0.0000 0.0000 0.0000 0.0000 0.5468 0.0000 0.0000
339      339   (0)      8  : 0.0000 0.0000 0.0000 0.0000 0.0000 0.2960 0.0000 0.0975 0.0000 0.0000 0.0000 0.0000 0.4641 0.1425 0.0000 0.0000
340      340   (0)      8  : 0.0000 0.0000 0.0000 0.0000 0.0000 0.0000 0.0000 0.0062 0.0000 0.0000 0.3271 0.0000 0.4578 0.0000 0.0000 0.2089
341      341   (0)      8  : 0.0000 0.0000 0.0000 0.0000 0.0069 0.0147 0.0000 0.0396 0.0130 0.0000 0.2783 0.2034 0.2258 0.2183 0.0000 0.0000
342      342   (0)      8  : 0.0000 0.0000 0.0000 0.0000 0.0000 0.2172 0.0000 0.1667 0.0000 0.0000 0.0000 0.0000 0.2327 0.1614 0.0000 0.2219
343      343   (0)      9  : 0.0000 0.0000 0.0000 0.0000 0.0000 0.1289 0.0000 0.0000 0.0000 0.0000 0.1015 0.0000 0.0000 0.7697 0.0000 0.0000
344      344   (0)      9  : 0.0000 0.0000 0.0000 0.0000 0.0000 0.3333 0.0000 0.0000 0.0000 0.0000 0.0000 0.0000 0.0000 0.6667 0.0000 0.0000
345      345   (0)      9  : 0.0000 0.0000 0.0000 0.0000 0.0000 0.4215 0.0000 0.0000 0.0000 0.0000 0.2452 0.0000 0.3333 0.0000 0.0000 0.0000
346      346   (0)      9  : 0.0000 0.0000 0.0000 0.0000 0.0000 0.0873 0.0000 0.1664 0.0000 0.0000 0.3343 0.0929 0.0000 0.0026 0.0000 0.3165
347      347   (0)      9  : 0.0000 0.0000 0.0000 0.0000 0.0000 0.5297 0.0000 0.0000 0.0000 0.0000 0.0000 0.0000 0.0154 0.2829 0.0000 0.1720
348      348   (0)      9  : 0.0000 0.0000 0.0000 0.0000 0.0000 0.0000 0.0000 0.0000 0.0000 0.0000 1.0000 0.0000 0.0000 0.0000 0.0000 0.0000
349      349   (0)      9  : 0.0000 0.0000 0.0000 0.0000 0.0301 0.1445 0.0000 0.3878 0.0170 0.0000 0.2445 0.0319 0.0233 0.1210 0.0000 0.0000
350      350   (0)      9  : 0.0000 0.0000 0.0000 0.0000 0.0000 0.0862 0.0000 0.0820 0.0000 0.0000 0.1185 0.2438 0.2641 0.2054 0.0000 0.0000
351      351   (0)      9  : 0.0000 0.0000 0.0000 0.0000 0.0223 0.2583 0.0000 0.0222 0.0000 0.0000 0.1241 0.3158 0.0347 0.0973 0.0000 0.1253
352      352   (0)      9  : 0.0000 0.0000 0.0000 0.0000 0.0091 0.0804 0.0000 0.1988 0.0000 0.0000 0.0573 0.2649 0.0000 0.2692 0.0000 0.1205
353      353   (0)      9  : 0.0000 0.0000 0.0000 0.0000 0.0000 0.1327 0.0000 0.0000 0.0000 0.0000 0.0003 0.0000 0.1464 0.5562 0.0000 0.1643
354      354   (0)      9  : 0.0000 0.0000 0.0000 0.0000 0.0000 0.3747 0.0000 0.0000 0.0000 0.0000 0.0641 0.0000 0.1918 0.0870 0.0000 0.2824
355      355   (0)      9  : 0.0000 0.0000 0.0000 0.0000 0.0000 0.3376 0.0000 0.4544 0.0100 0.0000 0.0000 0.1295 0.0670 0.0000 0.0000 0.0015
356      356   (0)      9  : 0.0000 0.0000 0.0000 0.0000 0.0000 0.7406 0.0000 0.0000 0.0000 0.0000 0.0000 0.0847 0.1746 0.0000 0.0000 0.0000
357      357   (0)      9  : 0.0000 0.0000 0.0000 0.0000 0.0000 0.4196 0.0000 0.0000 0.0000 0.0000 0.1871 0.1184 0.2735 0.0014 0.0000 0.0000
358      358   (0)      9  : 0.0000 0.0000 0.0000 0.0000 0.0000 0.0000 0.0000 0.0000 0.0000 0.0000 0.1464 0.0007 0.1862 0.0000 0.0000 0.6667
359      359   (0)      9  : 0.0000 0.0000 0.0000 0.0000 0.0000 0.0001 0.0000 0.0000 0.0000 0.0000 0.0368 0.3389 0.2627 0.3616 0.0000 0.0000
360      360   (0)      9  : 0.0000 0.0000 0.0000 0.0000 0.0000 0.0777 0.0000 0.0900 0.0000 0.0000 0.0925 0.0000 0.0000 0.7399 0.0000 0.0000
361      361   (0)      9  : 0.0000 0.0000 0.0000 0.0000 0.0000 0.2504 0.0000 0.1901 0.0000 0.0000 0.1185 0.0000 0.2904 0.1007 0.0000 0.0500
362      362   (0)     10  : 0.0000 0.0000 0.0000 0.0000 0.0000 0.0000 0.0000 0.0338 0.0000 0.0000 0.1169 0.0000 0.1827 0.0000 0.0000 0.6667
363      363   (0)     10  : 0.0000 0.0000 0.0000 0.0000 0.0000 0.2758 0.0000 0.1180 0.0000 0.0000 0.1936 0.0254 0.1083 0.0000 0.0000 0.2789
364      364   (0)     10  : 0.0000 0.0000 0.0000 0.0000 0.0000 0.2182 0.0000 0.1925 0.0000 0.0000 0.1281 0.0002 0.2956 0.0000 0.0000 0.1653
365      365   (0)     10  : 0.0000 0.0000 0.0041 0.0000 0.0000 0.0921 0.0000 0.0000 0.0000 0.0000 0.0000 0.1901 0.0470 0.0000 0.0000 0.6667
366      366   (0)     10  : 0.0000 0.0000 0.0000 0.0000 0.0000 0.5517 0.0000 0.0000 0.0000 0.0000 0.0000 0.2301 0.2182 0.0000 0.0000 0.0000
367      367   (0)     10  : 0.0000 0.0000 0.0000 0.0000 0.0094 0.0777 0.0000 0.1469 0.0000 0.0000 0.2509 0.1540 0.0009 0.1867 0.0000 0.1736
368      368   (0)     10  : 0.0000 0.0000 0.0000 0.0000 0.0000 0.0538 0.0000 0.0000 0.0000 0.0000 0.0000 0.6157 0.0000 0.3305 0.0000 0.0000
369      369   (0)     10  : 0.0000 0.0000 0.0000 0.0000 0.0000 0.0000 0.0000 0.7317 0.0000 0.0000 0.0000 0.0576 0.0000 0.2107 0.0000 0.0000
370      370   (0)     10  : 0.0000 0.0000 0.0000 0.0000 0.0066 0.0000 0.0000 0.6760 0.0000 0.0000 0.2528 0.0000 0.0646 0.0000 0.0000 0.0000
371      371   (0)     10  : 0.0000 0.0000 0.0000 0.0000 0.0000 1.0000 0.0000 0.0000 0.0000 0.0000 0.0000 0.0000 0.0000 0.0000 0.0000 0.0000
372      372   (0)     10  : 0.0000 0.0000 0.0000 0.0000 0.0000 0.0639 0.0000 0.2203 0.0000 0.0000 0.4826 0.1846 0.0444 0.0042 0.0000 0.0000
373      373   (0)     10  : 0.0000 0.0000 0.0000 0.0000 0.0000 0.3319 0.0000 0.0000 0.0000 0.0000 0.0000 0.0000 0.3333 0.0000 0.0000 0.3348
374      374   (0)     10  : 0.0000 0.0000 0.0000 0.0000 0.0000 0.0922 0.0000 0.4565 0.0000 0.0000 0.0918 0.0000 0.0000 0.0000 0.0000 0.3595
375      375   (0)     10  : 0.0000 0.0000 0.0000 0.0000 0.0000 0.1736 0.0000 0.1402 0.0000 0.0000 0.2658 0.3013 0.0719 0.0000 0.0000 0.0472
376      376   (0)     10  : 0.0000 0.0000 0.0000 0.0000 0.0000 0.1492 0.0000 0.0513 0.0177 0.0000 0.2498 0.2020 0.2432 0.0000 0.0000 0.0867
377      377   (0)     10  : 0.0000 0.0000 0.0000 0.0000 0.0000 0.1090 0.0000 0.4485 0.0233 0.0000 0.2234 0.0836 0.0326 0.0136 0.0000 0.0660
378      378   (0)     10  : 0.0000 0.0000 0.0000 0.0000 0.0000 0.2070 0.0000 0.0000 0.0000 0.0000 0.7930 0.0000 0.0000 0.0000 0.0000 0.0000
379      379   (0)     10  : 0.0000 0.0000 0.0008 0.0000 0.0155 0.0000 0.0000 0.0000 0.0000 0.0000 0.0000 0.7859 0.1000 0.0977 0.0000 0.0000
380      380   (0)     10  : 0.0000 0.0000 0.0000 0.0000 0.0000 0.3333 0.0000 0.0000 0.0000 0.0000 0.0000 0.3386 0.0000 0.3281 0.0000 0.0000
381      381   (0)     10  : 0.0000 0.0000 0.0000 0.0000 0.0000 0.0000 0.0000 0.0000 0.0000 0.0000 0.7218 0.0000 0.0000 0.0000 0.0000 0.2782
382      382   (0)     10  : 0.0000 0.0000 0.0000 0.0000 0.0000 0.4615 0.0000 0.0000 0.0000 0.0000 0.0000 0.2811 0.1041 0.1532 0.0000 0.0000
383      383   (0)     10  : 0.0000 0.0000 0.0000 0.0000 0.0000 0.0000 0.0000 0.0000 0.0000 0.0000 1.0000 0.0000 0.0000 0.0000 0.0000 0.0000
384      384   (0)     10  : 0.0000 0.0000 0.0000 0.0000 0.0000 0.0000 0.0000 0.3237 0.0000 0.0000 0.3369 0.3390 0.0004 0.0000 0.0000 0.0000
385      385   (0)     10  : 0.0000 0.0000 0.0000 0.0000 0.0000 0.1381 0.0000 0.0000 0.0000 0.0000 0.4242 0.0000 0.0723 0.0601 0.0000 0.3054
386      386   (0)     10  : 0.0000 0.0000 0.0000 0.0000 0.0000 0.0286 0.0000 0.3601 0.0000 0.0000 0.0000 0.4279 0.1534 0.0300 0.0000 0.0000
387      387   (0)     10  : 0.0000 0.0000 0.0000 0.0000 0.0000 0.0000 0.0000 0.0002 0.0000 0.0000 0.4612 0.0000 0.1546 0.0000 0.0000 0.3840
388      388   (0)     10  : 0.0000 0.0000 0.0000 0.0000 0.0000 0.1098 0.0000 0.0614 0.0000 0.0000 0.0841 0.0000 0.0000 0.4522 0.0000 0.2925
389      389   (0)     10  : 0.0000 0.0000 0.0000 0.0000 0.0000 0.0000 0.0000 0.3251 0.0000 0.0000 0.1085 0.0672 0.2646 0.0725 0.0000 0.1621
390      390   (0)      8  : 0.0000 0.0000 0.0000 0.0000 0.0000 0.0000 0.0000 0.0000 0.0000 0.0000 0.0373 0.9627 0.0000 0.0000 0.0000 0.0000
391      391   (0)      8  : 0.0000 0.0000 0.0000 0.0000 0.0000 0.1490 0.0000 0.2028 0.0000 0.0000 0.0000 0.1468 0.5013 0.0000 0.0000 0.0000
392      392   (0)      8  : 0.0000 0.0000 0.0000 0.0000 0.0000 0.0000 0.0000 0.6667 0.0000 0.0000 0.0000 0.0000 0.0000 0.3333 0.0000 0.0000
393      393   (0)     11  : 0.0000 0.0000 0.0000 0.0000 0.0000 0.2342 0.0000 0.4784 0.0000 0.0000 0.0000 0.0000 0.0000 0.2875 0.0000 0.0000
394      394   (0)     11  : 0.0000 0.0000 0.0000 0.0000 0.0000 0.0000 0.0000 0.2080 0.0000 0.0000 0.2280 0.0000 0.5640 0.0000 0.0000 0.0000
395      395   (0)     11  : 0.0086 0.0000 0.0000 0.0000 0.0000 0.4850 0.0000 0.0078 0.0036 0.0000 0.1534 0.0000 0.3416 0.0000 0.0000 0.0000
396      396   (0)     11  : 0.0142 0.0000 0.0000 0.0000 0.0060 0.1642 0.0000 0.0799 0.0000 0.0000 0.0000 0.0226 0.0465 0.6667 0.0000 0.0000
397      397   (0)     11  : 0.0000 0.0000 0.0000 0.0000 0.0000 0.0000 0.0000 0.0000 0.0000 0.0000 0.7484 0.0000 0.2516 0.0000 0.0000 0.0000
398      398   (0)     11  : 0.0000 0.0000 0.0000 0.0000 0.0000 0.1970 0.0000 0.0000 0.0000 0.0000 0.0000 0.7087 0.0944 0.0000 0.0000 0.0000
399      399   (0)     11  : 0.0000 0.0000 0.0000 0.0000 0.0000 0.3925 0.0000 0.0000 0.0000 0.0000 0.1008 0.0000 0.0000 0.3048 0.0000 0.2019
400      400   (0)     11  : 0.0000 0.0000 0.0000 0.0000 0.0000 0.0000 0.0000 0.0000 0.0000 0.0000 0.6294 0.0000 0.0000 0.3706 0.0000 0.0000
401      401   (0)     11  : 0.0000 0.0000 0.0000 0.0000 0.0000 0.0000 0.0000 0.2027 0.0000 0.0000 0.6667 0.0000 0.0527 0.0780 0.0000 0.0000
402      402   (0)     11  : 0.0000 0.0000 0.0000 0.0000 0.0000 0.3167 0.0000 0.2546 0.0000 0.0000 0.2411 0.0254 0.1258 0.0363 0.0000 0.0000
403      403   (0)     11  : 0.0000 0.0000 0.0000 0.0000 0.0000 0.0000 0.0000 0.0000 0.0000 0.0000 0.8494 0.0000 0.0000 0.1506 0.0000 0.0000
404      404   (0)     11  : 0.0000 0.0000 0.0000 0.0000 0.0000 0.0978 0.0000 0.0000 0.0000 0.0000 0.1260 0.1095 0.6667 0.0000 0.0000 0.0000
405      405   (0)     11  : 0.0000 0.0000 0.0000 0.0000 0.0624 0.0546 0.0000 0.1173 0.0123 0.0000 0.0000 0.3735 0.1427 0.2372 0.0000 0.0000
406      406   (0)     11  : 0.0000 0.0000 0.0000 0.0000 0.0000 0.0000 0.0000 0.0000 0.0000 0.0000 0.0000 0.8617 0.1383 0.0000 0.0000 0.0000
407      407   (0)     11  : 0.0000 0.0000 0.0000 0.0000 0.0000 0.1690 0.0000 0.6844 0.0000 0.0000 0.0000 0.0266 0.0000 0.1199 0.0000 0.0000
408      408   (0)     11  : 0.0000 0.0000 0.0000 0.0000 0.0000 0.1290 0.0000 0.2756 0.0000 0.0000 0.0343 0.3434 0.1731 0.0446 0.0000 0.0000
409      409   (0)     11  : 0.0000 0.0000 0.0000 0.0000 0.0094 0.1431 0.0000 0.0010 0.0024 0.0000 0.0971 0.0000 0.0000 0.7471 0.0000 0.0000
410      410   (0)     11  : 0.0000 0.0000 0.0000 0.0000 0.0000 0.5484 0.0000 0.3497 0.0000 0.0000 0.0000 0.0000 0.1017 0.0000 0.0000 0.0001
411      411   (0)     11  : 0.0000 0.0000 0.0000 0.0000 0.0000 0.0850 0.0000 0.0000 0.0000 0.0000 0.0000 0.4532 0.2296 0.0000 0.0000 0.2322
412      412   (0)     11  : 0.0000 0.0000 0.0000 0.0000 0.0000 0.0000 0.0000 0.1680 0.0000 0.0000 0.3972 0.0916 0.2694 0.0737 0.0000 0.0000
413      413   (0)     11  : 0.0000 0.0000 0.0000 0.0000 0.0000 0.0000 0.0000 0.0000 0.0000 0.0000 0.0000 0.0000 0.3333 0.0000 0.0000 0.6667
414      414   (0)     11  : 0.0000 0.0000 0.0000 0.0000 0.0000 0.1899 0.0000 0.1434 0.0000 0.0000 0.2977 0.0000 0.3689 0.0000 0.0000 0.0000
415      415   (0)     11  : 0.0000 0.0000 0.0000 0.0000 0.0000 0.5689 0.0000 0.0058 0.0021 0.0000 0.0000 0.0681 0.3551 0.0000 0.0000 0.0000
416      416   (0)     11  : 0.0000 0.0000 0.0000 0.0000 0.0000 0.0000 0.0000 0.3043 0.0174 0.0000 0.1783 0.4059 0.0000 0.0574 0.0000 0.0367
417      417   (0)     11  : 0.0000 0.0000 0.0000 0.0000 0.0000 0.0245 0.0000 0.4287 0.0000 0.0000 0.0100 0.0000 0.3909 0.0566 0.0000 0.0893
418      418   (0)     11  : 0.0000 0.0000 0.0000 0.0000 0.0056 0.0000 0.0000 0.0001 0.0000 0.0000 0.6238 0.0860 0.0674 0.2119 0.0000 0.0052
419      419   (0)     11  : 0.0000 0.0000 0.0000 0.0000 0.0000 0.0000 0.0000 0.6128 0.0000 0.0000 0.1706 0.0000 0.0000 0.2166 0.0000 0.0000
420      420   (0)     11  : 0.0000 0.0000 0.0000 0.0000 0.0000 0.1189 0.0000 0.8811 0.0000 0.0000 0.0000 0.0000 0.0000 0.0000 0.0000 0.0000
421      421   (0)     11  : 0.0000 0.0000 0.0000 0.0000 0.0000 0.0000 0.0000 0.6667 0.0000 0.0000 0.0000 0.0000 0.0000 0.3333 0.0000 0.0000
422      422   (0)     11  : 0.0000 0.0000 0.0000 0.0000 0.0000 0.0870 0.0000 0.0000 0.0000 0.0000 0.3879 0.0000 0.5252 0.0000 0.0000 0.0000
423      423   (0)     12  : 0.6667 0.0000 0.0000 0.0000 0.0000 0.0000 0.0000 0.0000 0.0000 0.0000 0.0000 0.0000 0.0000 0.0000 0.0000 0.3333
424      424   (0)     12  : 0.0000 0.0000 0.0000 0.0000 0.7833 0.0000 0.0000 0.0000 0.0894 0.0000 0.0410 0.0863 0.0000 0.0000 0.0000 0.0000
425      425   (0)     12  : 0.3306 0.0000 0.0000 0.6693 0.0000 0.0000 0.0000 0.0000 0.0000 0.0000 0.0000 0.0000 0.0000 0.0000 0.0000 0.0001
426      426   (0)     12  : 0.0000 0.0000 0.0000 0.0000 0.4791 0.0000 0.0000 0.0000 0.4354 0.0000 0.0657 0.0000 0.0198 0.0000 0.0000 0.0000
427      427   (0)     12  : 0.4308 0.0000 0.0000 0.4977 0.0000 0.0000 0.0000 0.0000 0.0000 0.0023 0.0000 0.0000 0.0000 0.0000 0.0127 0.0566
428      428   (0)     12  : 0.0000 0.0734 0.0000 0.9198 0.0068 0.0000 0.0000 0.0000 0.0000 0.0000 0.0000 0.0000 0.0000 0.0000 0.0000 0.0000
429      429   (0)     12  : 0.0000 0.0000 0.0000 0.0000 0.0000 0.0000 0.0000 0.0000 1.0000 0.0000 0.0000 0.0000 0.0000 0.0000 0.0000 0.0000
430      430   (0)     12  : 0.7064 0.0000 0.0000 0.2622 0.0000 0.0000 0.0314 0.0000 0.0000 0.0000 0.0000 0.0000 0.0000 0.0000 0.0000 0.0000
431      431   (0)     12  : 0.8385 0.0000 0.0021 0.0505 0.0000 0.0000 0.0000 0.0000 0.0000 0.0115 0.0000 0.0000 0.0000 0.0000 0.0000 0.0973
432      432   (0)     12  : 0.0000 0.0000 0.0000 0.0000 0.8684 0.0228 0.0000 0.0000 0.0450 0.0000 0.0000 0.0000 0.0000 0.0639 0.0000 0.0000
433      433   (0)     12  : 0.4805 0.0000 0.0000 0.1786 0.0000 0.0000 0.0000 0.0000 0.0075 0.0000 0.0000 0.0000 0.0000 0.0000 0.0000 0.3333
434      434   (0)     12  : 0.8531 0.0000 0.0000 0.1467 0.0000 0.0000 0.0000 0.0000 0.0000 0.0000 0.0000 0.0000 0.0000 0.0000 0.0000 0.0003
435      435   (0)     12  : 0.8045 0.0216 0.0000 0.0000 0.0000 0.0000 0.0000 0.0000 0.0009 0.0000 0.0000 0.0000 0.0000 0.0000 0.0000 0.1730
436      436   (0)     12  : 0.6605 0.0005 0.0000 0.3266 0.0000 0.0000 0.0022 0.0000 0.0000 0.0102 0.0000 0.0000 0.0000 0.0000 0.0000 0.0000
437      437   (0)     12  : 0.8989 0.0000 0.0000 0.0000 0.0000 0.0000 0.0000 0.0000 0.0292 0.0000 0.0000 0.0000 0.0000 0.0000 0.0000 0.0719
438      438   (0)     12  : 0.8657 0.0000 0.0000 0.0000 0.0000 0.0000 0.0000 0.0000 0.0000 0.0000 0.0000 0.0000 0.0000 0.0000 0.0000 0.1343
439      439   (0)     12  : 0.0000 0.0000 0.0000 0.0000 1.0000 0.0000 0.0000 0.0000 0.0000 0.0000 0.0000 0.0000 0.0000 0.0000 0.0000 0.0000
440      440   (0)     12  : 0.0000 0.0000 0.0000 0.0000 0.9782 0.0000 0.0000 0.0000 0.0218 0.0000 0.0000 0.0000 0.0000 0.0000 0.0000 0.0000
441      441   (0)     12  : 1.0000 0.0000 0.0000 0.0000 0.0000 0.0000 0.0000 0.0000 0.0000 0.0000 0.0000 0.0000 0.0000 0.0000 0.0000 0.0000
442      442   (0)     12  : 0.0000 0.0000 0.0000 0.0000 0.4625 0.0000 0.0000 0.0000 0.5375 0.0000 0.0000 0.0000 0.0000 0.0000 0.0000 0.0000
443      443   (0)     12  : 0.1174 0.0000 0.0000 0.8351 0.0000 0.0000 0.0000 0.0000 0.0000 0.0088 0.0000 0.0000 0.0000 0.0000 0.0133 0.0254
444      444   (0)     12  : 0.6735 0.0190 0.0000 0.2389 0.0000 0.0000 0.0000 0.0000 0.0000 0.0000 0.0000 0.0000 0.0000 0.0000 0.0000 0.0686
445      445   (0)     12  : 0.1920 0.0000 0.0000 0.6687 0.0000 0.0000 0.0000 0.0000 0.0000 0.0172 0.0000 0.0000 0.0000 0.0000 0.0000 0.1221
446      446   (0)     12  : 0.0000 0.0000 0.0000 1.0000 0.0000 0.0000 0.0000 0.0000 0.0000 0.0000 0.0000 0.0000 0.0000 0.0000 0.0000 0.0000
447      447   (0)     12  : 0.7070 0.0000 0.0000 0.2764 0.0000 0.0000 0.0166 0.0000 0.0000 0.0000 0.0000 0.0000 0.0000 0.0000 0.0000 0.0000
448      448   (0)     12  : 0.9898 0.0000 0.0000 0.0102 0.0000 0.0000 0.0000 0.0000 0.0000 0.0000 0.0000 0.0000 0.0000 0.0000 0.0000 0.0000
449      449   (0)     12  : 0.8583 0.0000 0.0000 0.1417 0.0000 0.0000 0.0000 0.0000 0.0000 0.0000 0.0000 0.0000 0.0000 0.0000 0.0000 0.0000
450      450   (0)     12  : 0.9098 0.0000 0.0000 0.0902 0.0000 0.0000 0.0000 0.0000 0.0000 0.0000 0.0000 0.0000 0.0000 0.0000 0.0000 0.0000
451      451   (0)     12  : 0.2111 0.0000 0.0000 0.5977 0.0000 0.0000 0.0496 0.0000 0.0000 0.0000 0.0000 0.0000 0.0000 0.0000 0.0000 0.1416
452      452   (0)     12  : 0.4156 0.0000 0.0000 0.5719 0.0007 0.0000 0.0001 0.0000 0.0000 0.0117 0.0000 0.0000 0.0000 0.0000 0.0000 0.0000
453      453   (0)     13  : 0.7024 0.0000 0.0000 0.2976 0.0000 0.0000 0.0000 0.0000 0.0000 0.0000 0.0000 0.0000 0.0000 0.0000 0.0000 0.0000
454      454   (0)     13  : 0.3355 0.0000 0.0000 0.6645 0.0000 0.0000 0.0000 0.0000 0.0000 0.0000 0.0000 0.0000 0.0000 0.0000 0.0000 0.0000
455      455   (0)     13  : 0.2721 0.0000 0.0000 0.3946 0.0000 0.0000 0.0000 0.0000 0.0000 0.0000 0.0000 0.0000 0.0000 0.0000 0.0000 0.3333
456      456   (0)     13  : 0.0000 0.0000 0.0000 0.0000 0.9504 0.0000 0.0000 0.0002 0.0494 0.0000 0.0000 0.0000 0.0000 0.0000 0.0000 0.0000
457      457   (0)     13  : 0.5566 0.0130 0.0000 0.3953 0.0000 0.0000 0.0068 0.0000 0.0000 0.0282 0.0000 0.0000 0.0000 0.0000 0.0000 0.0000
458      458   (0)     13  : 0.6863 0.0000 0.0000 0.3137 0.0000 0.0000 0.0000 0.0000 0.0000 0.0000 0.0000 0.0000 0.0000 0.0000 0.0000 0.0000
459      459   (0)     13  : 0.6935 0.0000 0.0000 0.3065 0.0000 0.0000 0.0000 0.0000 0.0000 0.0000 0.0000 0.0000 0.0000 0.0000 0.0000 0.0000
460      460   (0)     13  : 0.3633 0.0000 0.0000 0.5174 0.0000 0.0000 0.0000 0.0000 0.0000 0.0000 0.0000 0.0000 0.0000 0.0000 0.0000 0.1193
461      461   (0)     13  : 0.3333 0.0000 0.0000 0.6667 0.0000 0.0000 0.0000 0.0000 0.0000 0.0000 0.0000 0.0000 0.0000 0.0000 0.0000 0.0000
462      462   (0)     13  : 0.1635 0.0101 0.0000 0.7993 0.0000 0.0000 0.0000 0.0000 0.0000 0.0271 0.0000 0.0000 0.0000 0.0000 0.0000 0.0000
463      463   (0)     13  : 0.3303 0.0000 0.0000 0.5881 0.0000 0.0000 0.0000 0.0000 0.0000 0.0000 0.0000 0.0000 0.0000 0.0000 0.0298 0.0518
464      464   (0)     13  : 0.0000 0.2745 0.0000 0.0000 0.0000 0.0000 0.2747 0.0000 0.0000 0.4508 0.0000 0.0000 0.0000 0.0000 0.0000 0.0000
465      465   (0)     13  : 1.0000 0.0000 0.0000 0.0000 0.0000 0.0000 0.0000 0.0000 0.0000 0.0000 0.0000 0.0000 0.0000 0.0000 0.0000 0.0000
466      466   (0)     13  : 0.0000 0.0000 0.0000 0.7780 0.0000 0.0000 0.0000 0.0000 0.0000 0.0000 0.0000 0.0000 0.0000 0.0000 0.0000 0.2220
467      467   (0)     13  : 0.2814 0.0301 0.0000 0.6103 0.0000 0.0000 0.0097 0.0000 0.0000 0.0000 0.0000 0.0000 0.0000 0.0000 0.0000 0.0685
468      468   (0)     13  : 0.0000 0.1143 0.0000 0.0271 0.0000 0.0000 0.0000 0.0000 0.0000 0.6625 0.0000 0.0000 0.0000 0.0000 0.1782 0.0179
469      469   (0)     13  : 0.0000 0.0000 0.0000 0.0000 0.0000 0.0000 0.0003 0.0000 0.0000 0.9997 0.0000 0.0000 0.0000 0.0000 0.0000 0.0000
470      470   (0)     13  : 0.9818 0.0000 0.0000 0.0000 0.0000 0.0000 0.0000 0.0000 0.0000 0.0000 0.0000 0.0000 0.0000 0.0000 0.0000 0.0182
471      471   (0)     13  : 0.4284 0.0000 0.0000 0.5260 0.0000 0.0000 0.0000 0.0000 0.0153 0.0000 0.0245 0.0000 0.0001 0.0000 0.0000 0.0056
472      472   (0)     13  : 0.4753 0.0000 0.0000 0.3978 0.0000 0.0000 0.0000 0.0000 0.0000 0.0000 0.0000 0.0000 0.0000 0.0000 0.0212 0.1058
473      473   (0)     13  : 0.0558 0.0000 0.0000 0.0000 0.8206 0.0000 0.0000 0.0176 0.0176 0.0000 0.0358 0.0000 0.0000 0.0526 0.0000 0.0000
474      474   (0)     13  : 0.2336 0.0000 0.0000 0.7664 0.0000 0.0000 0.0000 0.0000 0.0000 0.0000 0.0000 0.0000 0.0000 0.0000 0.0000 0.0000
475      475   (0)     13  : 0.4911 0.0000 0.0000 0.3511 0.0000 0.0000 0.0000 0.0000 0.0000 0.0000 0.0000 0.0000 0.0000 0.0000 0.0000 0.1578
476      476   (0)     13  : 0.0000 0.0000 0.0000 0.0000 0.9497 0.0000 0.0000 0.0000 0.0503 0.0000 0.0000 0.0000 0.0000 0.0000 0.0000 0.0000
477      477   (0)     13  : 0.8621 0.0000 0.0000 0.0047 0.0000 0.0000 0.0000 0.0000 0.0045 0.0299 0.0000 0.0000 0.0000 0.0000 0.0071 0.0916
478      478   (0)     13  : 0.4007 0.0000 0.0174 0.5143 0.0000 0.0000 0.0000 0.0000 0.0078 0.0000 0.0000 0.0000 0.0000 0.0000 0.0000 0.0597
479      479   (0)     13  : 0.3644 0.0000 0.0000 0.6259 0.0000 0.0000 0.0073 0.0000 0.0023 0.0000 0.0000 0.0000 0.0000 0.0000 0.0000 0.0000
480      480   (0)     13  : 0.0000 0.0000 0.0000 0.0000 0.8579 0.0000 0.0000 0.0000 0.1153 0.0000 0.0000 0.0000 0.0269 0.0000 0.0000 0.0000
481      481   (0)     13  : 0.0677 0.0000 0.0000 0.0000 0.0000 0.0000 0.9058 0.0000 0.0000 0.0000 0.0000 0.0000 0.0000 0.0000 0.0000 0.0264
482      482   (0)     13  : 0.4095 0.0000 0.0000 0.5623 0.0000 0.0000 0.0000 0.0000 0.0000 0.0000 0.0000 0.0000 0.0000 0.0000 0.0282 0.0000
483      483   (0)     14  : 0.6952 0.0000 0.0000 0.2642 0.0000 0.0000 0.0000 0.0000 0.0000 0.0000 0.0000 0.0000 0.0000 0.0000 0.0000 0.0406
484      484   (0)     14  : 0.4544 0.0097 0.0000 0.4009 0.0000 0.0000 0.0000 0.0000 0.0000 0.0000 0.0000 0.0000 0.0000 0.0000 0.0000 0.1350
485      485   (0)     15  : 0.5832 0.0000 0.0000 0.4162 0.0000 0.0000 0.0000 0.0000 0.0000 0.0005 0.0000 0.0000 0.0000 0.0000 0.0000 0.0000
486      486   (0)     15  : 0.8488 0.0000 0.0000 0.0853 0.0000 0.0000 0.0000 0.0000 0.0000 0.0000 0.0000 0.0000 0.0000 0.0000 0.0000 0.0659
487      487   (0)     15  : 1.0000 0.0000 0.0000 0.0000 0.0000 0.0000 0.0000 0.0000 0.0000 0.0000 0.0000 0.0000 0.0000 0.0000 0.0000 0.0000
488      488   (0)     15  : 0.8184 0.0000 0.0000 0.0000 0.0000 0.0000 0.0000 0.0000 0.0000 0.0000 0.0000 0.0000 0.0000 0.0000 0.0000 0.1816
489      489   (0)     15  : 0.0000 0.0000 0.0000 0.0000 0.9445 0.0107 0.0000 0.0000 0.0000 0.0000 0.0000 0.0000 0.0000 0.0448 0.0000 0.0000
490      490   (0)     15  : 0.0000 0.0000 0.0000 0.0000 0.9648 0.0000 0.0000 0.0000 0.0352 0.0000 0.0000 0.0000 0.0000 0.0000 0.0000 0.0000
491      491   (0)     15  : 0.4901 0.0000 0.0000 0.5001 0.0000 0.0000 0.0098 0.0000 0.0000 0.0000 0.0000 0.0000 0.0000 0.0000 0.0000 0.0000
492      492   (0)     15  : 0.0000 0.0000 0.0000 0.0000 1.0000 0.0000 0.0000 0.0000 0.0000 0.0000 0.0000 0.0000 0.0000 0.0000 0.0000 0.0000
493      493   (0)     15  : 0.2279 0.0000 0.0108 0.7406 0.0000 0.0000 0.0207 0.0000 0.0000 0.0000 0.0000 0.0000 0.0000 0.0000 0.0000 0.0000
494      494   (0)     15  : 1.0000 0.0000 0.0000 0.0000 0.0000 0.0000 0.0000 0.0000 0.0000 0.0000 0.0000 0.0000 0.0000 0.0000 0.0000 0.0000
495      495   (0)     15  : 0.2007 0.0000 0.0000 0.7900 0.0000 0.0000 0.0000 0.0000 0.0000 0.0000 0.0000 0.0000 0.0000 0.0000 0.0093 0.0000
496      496   (0)     15  : 0.6720 0.0000 0.0008 0.2083 0.0000 0.0000 0.0000 0.0000 0.0000 0.0010 0.0000 0.0000 0.0000 0.0000 0.0000 0.1179
497      497   (0)     15  : 0.0000 0.0065 0.0000 0.9935 0.0000 0.0000 0.0000 0.0000 0.0000 0.0000 0.0000 0.0000 0.0000 0.0000 0.0000 0.0000
498      498   (0)     15  : 0.9114 0.0426 0.0000 0.0460 0.0000 0.0000 0.0000 0.0000 0.0000 0.0000 0.0000 0.0000 0.0000 0.0000 0.0000 0.0000
499      499   (0)     15  : 0.5335 0.0000 0.0000 0.4458 0.0000 0.0000 0.0000 0.0000 0.0000 0.0169 0.0000 0.0000 0.0000 0.0000 0.0028 0.0010
500      500   (0)     15  : 0.7735 0.0000 0.0000 0.2193 0.0000 0.0000 0.0073 0.0000 0.0000 0.0000 0.0000 0.0000 0.0000 0.0000 0.0000 0.0000
501      501   (0)     15  : 0.4849 0.0044 0.0000 0.4187 0.0000 0.0000 0.0000 0.0000 0.0146 0.0012 0.0000 0.0000 0.0000 0.0000 0.0000 0.0762
502      502   (0)     15  : 1.0000 0.0000 0.0000 0.0000 0.0000 0.0000 0.0000 0.0000 0.0000 0.0000 0.0000 0.0000 0.0000 0.0000 0.0000 0.0000
503      503   (0)     15  : 0.3333 0.0000 0.0000 0.6667 0.0000 0.0000 0.0000 0.0000 0.0000 0.0000 0.0000 0.0000 0.0000 0.0000 0.0000 0.0000
504      504   (0)     15  : 0.8277 0.0000 0.0000 0.1723 0.0000 0.0000 0.0000 0.0000 0.0000 0.0000 0.0000 0.0000 0.0000 0.0000 0.0000 0.0000
505      505   (0)     15  : 0.1389 0.0000 0.0000 0.8482 0.0000 0.0000 0.0000 0.0000 0.0000 0.0122 0.0000 0.0000 0.0000 0.0000 0.0007 0.0000
506      506   (0)     15  : 0.0000 0.0000 0.0000 0.6667 0.0000 0.0000 0.0000 0.0000 0.0000 0.0000 0.0000 0.0000 0.0000 0.0000 0.0000 0.3333
507      507   (0)     15  : 0.3880 0.0000 0.0000 0.5399 0.0000 0.0000 0.0156 0.0000 0.0000 0.0096 0.0000 0.0000 0.0000 0.0000 0.0000 0.0469
508      508   (0)     15  : 0.4037 0.0000 0.0000 0.5828 0.0000 0.0000 0.0000 0.0000 0.0000 0.0000 0.0000 0.0000 0.0000 0.0000 0.0135 0.0000
509      509   (0)     15  : 0.0000 0.0000 0.0000 0.0000 1.0000 0.0000 0.0000 0.0000 0.0000 0.0000 0.0000 0.0000 0.0000 0.0000 0.0000 0.0000
510      510   (0)     15  : 0.0000 0.0000 0.0000 0.0000 1.0000 0.0000 0.0000 0.0000 0.0000 0.0000 0.0000 0.0000 0.0000 0.0000 0.0000 0.0000
511      511   (0)     15  : 0.9771 0.0000 0.0018 0.0000 0.0000 0.0000 0.0000 0.0000 0.0000 0.0000 0.0024 0.0186 0.0000 0.0000 0.0000 0.0000
512      512   (0)     15  : 0.3542 0.0000 0.0000 0.5025 0.0000 0.0000 0.0002 0.0000 0.0000 0.0000 0.0000 0.0000 0.0000 0.0000 0.0000 0.1431
513      513   (0)     15  : 0.1027 0.0000 0.0000 0.7634 0.0000 0.0000 0.0000 0.0000 0.0000 0.0042 0.0000 0.0000 0.0000 0.0000 0.0121 0.1175
514      514   (0)     15  : 0.5052 0.0001 0.0000 0.3683 0.0000 0.0000 0.0302 0.0000 0.0000 0.0050 0.0000 0.0000 0.0000 0.0000 0.0000 0.0912
515      515   (0)     16  : 0.0243 0.1885 0.0000 0.0000 0.0000 0.0000 0.1341 0.0000 0.0000 0.4498 0.0000 0.0000 0.0000 0.0000 0.2033 0.0000
516      516   (0)     16  : 0.3298 0.0000 0.0021 0.5849 0.0000 0.0000 0.0234 0.0000 0.0000 0.0000 0.0000 0.0000 0.0000 0.0000 0.0000 0.0598
517      517   (0)     16  : 0.0000 0.0000 0.0000 0.0000 0.8254 0.0000 0.0000 0.0000 0.1059 0.0000 0.0000 0.0179 0.0001 0.0000 0.0000 0.0506
518      518   (0)     16  : 0.4763 0.0167 0.0135 0.4764 0.0000 0.0000 0.0008 0.0000 0.0000 0.0044 0.0000 0.0037 0.0000 0.0000 0.0000 0.0082
519      519   (0)     16  : 0.2375 0.0000 0.0000 0.6108 0.0000 0.0000 0.0000 0.0000 0.0000 0.0000 0.0000 0.0000 0.0000 0.0000 0.0140 0.1376
520      520   (0)     16  : 0.0507 0.0287 0.0000 0.8192 0.0000 0.0000 0.0000 0.0000 0.0000 0.0000 0.0000 0.0000 0.0000 0.0000 0.0119 0.0896
521      521   (0)     16  : 0.0000 0.0000 0.0000 1.0000 0.0000 0.0000 0.0000 0.0000 0.0000 0.0000 0.0000 0.0000 0.0000 0.0000 0.0000 0.0000
522      522   (0)     16  : 0.0000 0.0000 0.0000 0.0000 0.0000 0.0000 0.0000 0.0000 1.0000 0.0000 0.0000 0.0000 0.0000 0.0000 0.0000 0.0000
523      523   (0)     16  : 0.2280 0.0000 0.0000 0.4238 0.0000 0.0000 0.0000 0.0000 0.0000 0.0000 0.0000 0.0000 0.0000 0.0000 0.0149 0.3333
524      524   (0)     16  : 0.0000 0.0000 0.0000 0.0000 0.8165 0.0000 0.0000 0.0000 0.1005 0.0000 0.0000 0.0829 0.0000 0.0000 0.0000 0.0001
525      525   (0)     16  : 0.0000 0.0000 0.0000 0.6667 0.0000 0.0000 0.0000 0.0000 0.0000 0.0000 0.0000 0.0000 0.0000 0.0000 0.0000 0.3333
526      526   (0)     16  : 0.0000 0.0000 0.0000 0.8259 0.0000 0.0000 0.0000 0.0000 0.0000 0.0000 0.0000 0.0000 0.0000 0.0000 0.0000 0.1741
527      527   (0)     16  : 0.0000 0.0000 0.0000 0.0000 0.8740 0.0000 0.0000 0.0000 0.1080 0.0000 0.0020 0.0160 0.0000 0.0000 0.0000 0.0000
528      528   (0)     16  : 0.7445 0.0184 0.0000 0.0000 0.0000 0.0000 0.0184 0.0000 0.0000 0.0000 0.0000 0.0000 0.0000 0.0000 0.0000 0.2187
529      529   (0)     16  : 0.0000 0.0142 0.0000 0.9858 0.0000 0.0000 0.0000 0.0000 0.0000 0.0000 0.0000 0.0000 0.0000 0.0000 0.0000 0.0000
530      530   (0)     16  : 0.2172 0.0000 0.0000 0.7162 0.0000 0.0000 0.0507 0.0000 0.0000 0.0000 0.0000 0.0000 0.0000 0.0000 0.0159 0.0000
531      531   (0)     16  : 0.1755 0.0000 0.0000 0.8245 0.0000 0.0000 0.0000 0.0000 0.0000 0.0000 0.0000 0.0000 0.0000 0.0000 0.0000 0.0000
532      532   (0)     16  : 0.0000 0.0000 0.0000 0.0000 0.0000 0.0000 0.0000 0.0000 1.0000 0.0000 0.0000 0.0000 0.0000 0.0000 0.0000 0.0000
533      533   (0)     16  : 0.0000 0.0000 0.0000 0.0000 0.0000 0.0000 0.0000 0.0000 1.0000 0.0000 0.0000 0.0000 0.0000 0.0000 0.0000 0.0000
534      534   (0)     16  : 0.3309 0.0000 0.0000 0.4446 0.0000 0.0000 0.0000 0.0000 0.0000 0.0000 0.0000 0.0000 0.0000 0.0000 0.0001 0.2244
535      535   (0)     16  : 0.2619 0.0000 0.0000 0.5802 0.0000 0.0000 0.0110 0.0000 0.0000 0.0000 0.0000 0.0000 0.0000 0.0000 0.0000 0.1468
536      536   (0)     16  : 0.6667 0.0000 0.0000 0.0000 0.0000 0.0000 0.0000 0.0000 0.0000 0.0000 0.0000 0.0000 0.0000 0.0000 0.0000 0.3333
537      537   (0)     16  : 0.0961 0.0000 0.0000 0.8812 0.0000 0.0000 0.0000 0.0000 0.0000 0.0000 0.0000 0.0000 0.0000 0.0000 0.0005 0.0223
538      538   (0)     16  : 0.2331 0.0000 0.0000 0.4336 0.0000 0.0000 0.0000 0.0000 0.0000 0.0000 0.0000 0.0000 0.0000 0.0000 0.0000 0.3333
539      539   (0)     16  : 0.0000 0.0031 0.0000 0.8867 0.0000 0.0000 0.0000 0.0000 0.0000 0.0000 0.0000 0.0000 0.0000 0.0000 0.0002 0.1100
540      540   (0)     16  : 0.4200 0.0000 0.0000 0.5663 0.0000 0.0000 0.0137 0.0000 0.0000 0.0000 0.0000 0.0000 0.0000 0.0000 0.0000 0.0000
541      541   (0)     16  : 0.0000 0.0000 1.0000 0.0000 0.0000 0.0000 0.0000 0.0000 0.0000 0.0000 0.0000 0.0000 0.0000 0.0000 0.0000 0.0000
542      542   (0)     16  : 0.0000 0.0000 0.0000 0.6558 0.0000 0.0000 0.0000 0.0000 0.0000 0.0000 0.0000 0.0000 0.0000 0.0000 0.0109 0.3333
543      543   (0)     16  : 0.0642 0.0000 0.0000 0.8636 0.0000 0.0000 0.0000 0.0000 0.0000 0.0000 0.0000 0.0000 0.0000 0.0000 0.0000 0.0723
544      544   (0)     16  : 0.0000 0.0000 0.0000 1.0000 0.0000 0.0000 0.0000 0.0000 0.0000 0.0000 0.0000 0.0000 0.0000 0.0000 0.0000 0.0000
