1        1   (0)      1  : 0.0122 0.0000 0.0000 0.0045 0.0000 0.0000 0.0194 0.0000 0.0000 0.8806 0.0832 0.0000 0.0000 0.0000
2        2   (0)      1  : 0.1520 0.0000 0.0000 0.8217 0.0000 0.0000 0.0184 0.0000 0.0000 0.0030 0.0039 0.0000 0.0009 0.0000
3        3   (0)      1  : 0.3497 0.0000 0.0000 0.5733 0.0000 0.0000 0.0080 0.0000 0.0000 0.0062 0.0133 0.0000 0.0495 0.0000
4        4   (0)      1  : 0.0037 0.0000 0.0108 0.0148 0.0000 0.0000 0.4390 0.0000 0.0000 0.3540 0.1425 0.0000 0.0352 0.0000
5        5   (0)      1  : 0.0044 0.0000 0.0007 0.0155 0.0000 0.0000 0.2959 0.0000 0.0000 0.4075 0.2314 0.0000 0.0423 0.0023
6        6   (0)      1  : 0.0069 0.0000 0.0000 0.0026 0.0000 0.0000 0.1582 0.0000 0.0096 0.6130 0.1711 0.0000 0.0117 0.0269
7        7   (0)      1  : 0.0582 0.0000 0.0000 0.8929 0.0000 0.0000 0.0000 0.0000 0.0000 0.0000 0.0000 0.0000 0.0489 0.0000
8        8   (0)      1  : 0.3123 0.0000 0.0000 0.6836 0.0000 0.0000 0.0002 0.0000 0.0000 0.0029 0.0000 0.0000 0.0010 0.0000
9        9   (0)      1  : 0.0000 0.0000 0.0000 0.0232 0.0000 0.0000 0.2486 0.0000 0.0000 0.5895 0.1207 0.0001 0.0179 0.0000
10       10   (0)      1  : 0.4792 0.0000 0.0000 0.4800 0.0000 0.0000 0.0120 0.0000 0.0000 0.0000 0.0083 0.0000 0.0205 0.0000
11       11   (0)      1  : 0.0017 0.0000 0.0014 0.0044 0.0000 0.0000 0.3404 0.0000 0.0000 0.3887 0.2002 0.0000 0.0633 0.0000
12       12   (0)      1  : 0.0021 0.0000 0.0000 0.0009 0.0000 0.0000 0.2258 0.0000 0.0000 0.6148 0.0981 0.0000 0.0583 0.0000
13       13   (0)      1  : 0.0000 0.0000 0.0000 0.0000 0.0000 0.0000 0.3481 0.0000 0.0000 0.4258 0.2261 0.0000 0.0000 0.0000
14       14   (0)      1  : 0.0000 0.0000 0.0027 0.0000 0.0003 0.0000 0.1022 0.0000 0.0003 0.3489 0.5131 0.0000 0.0323 0.0000
15       15   (0)      1  : 0.0000 0.0000 0.0003 0.0000 0.0000 0.0000 0.2746 0.0000 0.0000 0.4538 0.2711 0.0000 0.0003 0.0000
16       16   (0)      1  : 0.0072 0.0000 0.0000 0.0486 0.0002 0.0000 0.1784 0.0000 0.0056 0.4238 0.2557 0.0000 0.0503 0.0301
17       17   (0)      1  : 0.0000 0.0000 0.0000 0.0000 0.0000 0.0000 0.1825 0.0000 0.0000 0.6692 0.0372 0.0000 0.0000 0.1111
18       18   (0)      1  : 0.0000 0.0000 0.0000 0.0000 0.0000 0.0000 0.2093 0.0000 0.0000 0.4013 0.3894 0.0000 0.0000 0.0000
19       19   (0)      1  : 0.0000 0.0000 0.0000 0.0000 0.0061 0.0000 0.3059 0.0000 0.0000 0.3930 0.2295 0.0000 0.0480 0.0175
20       20   (0)      1  : 0.0000 0.0000 0.0000 0.0000 0.0000 0.0000 0.3014 0.0000 0.0000 0.4388 0.1717 0.0000 0.0880 0.0000
21       21   (0)      1  : 0.0000 0.0000 0.0000 0.0000 0.0000 0.0000 0.5813 0.0000 0.0000 0.1951 0.1122 0.0000 0.0504 0.0610
22       22   (0)      1  : 0.5113 0.0000 0.0000 0.4500 0.0000 0.0000 0.0228 0.0000 0.0000 0.0106 0.0000 0.0000 0.0053 0.0000
23       23   (0)      1  : 0.0000 0.0000 0.0000 0.0000 0.0000 0.0000 0.5361 0.0000 0.0000 0.3100 0.1118 0.0000 0.0421 0.0000
24       24   (0)      1  : 0.0006 0.0000 0.0000 0.0000 0.0000 0.0000 0.1111 0.0000 0.0000 0.2216 0.3333 0.0000 0.3333 0.0000
25       25   (0)      1  : 0.0021 0.0000 0.0000 0.0065 0.0000 0.0000 0.3224 0.0000 0.0000 0.4944 0.1228 0.0000 0.0517 0.0000
26       26   (0)      1  : 0.0000 0.0000 0.0000 0.0000 0.0000 0.0000 0.3411 0.0000 0.0000 0.5655 0.0934 0.0000 0.0000 0.0000
27       27   (0)      1  : 0.0000 0.0136 0.0000 0.0000 0.9414 0.0175 0.0000 0.0095 0.0000 0.0000 0.0000 0.0164 0.0000 0.0016
28       28   (0)      1  : 0.0000 0.0000 0.0000 0.0000 0.9286 0.0000 0.0000 0.0000 0.0000 0.0000 0.0000 0.0000 0.0714 0.0000
29       29   (0)      1  : 0.0000 0.0000 0.0020 0.0157 0.0000 0.0000 0.4350 0.0000 0.0000 0.2882 0.2050 0.0000 0.0541 0.0001
30       30   (0)      1  : 0.0000 0.0000 0.0001 0.0000 0.0000 0.0000 0.3862 0.0000 0.0000 0.3949 0.1771 0.0000 0.0417 0.0000
31       31   (0)      1  : 0.0078 0.0000 0.0000 0.0160 0.0000 0.0000 0.6532 0.0000 0.0000 0.1706 0.1134 0.0000 0.0389 0.0000
32       32   (0)      1  : 0.4701 0.0000 0.0000 0.4488 0.0000 0.0000 0.0066 0.0000 0.0000 0.0108 0.0180 0.0000 0.0457 0.0000
33       33   (0)      1  : 0.0743 0.0000 0.0000 0.0752 0.3649 0.0000 0.0434 0.0000 0.0000 0.0847 0.1402 0.0000 0.2174 0.0000
34       34   (0)      1  : 0.0000 0.0000 0.0000 0.0021 0.0000 0.0000 0.3309 0.0000 0.0000 0.3427 0.3243 0.0000 0.0000 0.0000
35       35   (0)      1  : 0.0000 0.0000 0.8889 0.0000 0.0000 0.0000 0.0000 0.0000 0.0000 0.0000 0.0000 0.0000 0.0000 0.1111
36       36   (0)      1  : 0.0000 0.0000 0.7778 0.0000 0.0000 0.0000 0.0000 0.0000 0.0000 0.0000 0.0000 0.0000 0.1111 0.1111
37       37   (0)      1  : 0.0000 0.0000 0.8889 0.0000 0.0000 0.0000 0.0000 0.0000 0.0000 0.0000 0.0000 0.0000 0.1111 0.0000
38       38   (0)      1  : 0.0000 0.0000 0.0000 0.0000 1.0000 0.0000 0.0000 0.0000 0.0000 0.0000 0.0000 0.0000 0.0000 0.0000
39       39   (0)      1  : 0.0000 0.0000 0.0000 0.0000 0.9809 0.0071 0.0000 0.0000 0.0000 0.0000 0.0000 0.0000 0.0000 0.0121
40       40   (0)      1  : 0.0000 0.0000 0.0000 0.0000 0.0000 0.0000 0.6392 0.0000 0.0000 0.2957 0.0646 0.0000 0.0004 0.0000
41       41   (0)      1  : 0.1064 0.0000 0.0000 0.8147 0.0000 0.0000 0.0070 0.0000 0.0000 0.0001 0.0000 0.0000 0.0718 0.0000
42       42   (0)      1  : 0.0000 0.0000 0.0000 0.0000 1.0000 0.0000 0.0000 0.0000 0.0000 0.0000 0.0000 0.0000 0.0000 0.0000
43       43   (0)      1  : 0.0112 0.0000 0.0047 0.0000 0.0000 0.0000 0.1618 0.0000 0.0000 0.6151 0.1769 0.0000 0.0296 0.0007
44       44   (0)      1  : 0.4134 0.0000 0.0000 0.5815 0.0000 0.0000 0.0021 0.0000 0.0000 0.0000 0.0029 0.0000 0.0000 0.0000
45       45   (0)      1  : 0.0000 0.0000 0.0000 0.0000 1.0000 0.0000 0.0000 0.0000 0.0000 0.0000 0.0000 0.0000 0.0000 0.0000
46       46   (0)      1  : 0.0000 0.0000 0.0000 0.0000 0.0000 0.0000 0.0307 0.0000 0.0000 0.6599 0.3055 0.0000 0.0039 0.0000
47       47   (0)      1  : 0.0000 0.0001 0.0000 0.0000 0.9999 0.0000 0.0000 0.0000 0.0000 0.0000 0.0000 0.0000 0.0000 0.0000
48       48   (0)      1  : 0.5883 0.0000 0.0000 0.3563 0.0000 0.0000 0.0063 0.0000 0.0016 0.0065 0.0017 0.0000 0.0395 0.0000
49       49   (0)      1  : 0.3471 0.0000 0.0000 0.6250 0.0000 0.0000 0.0000 0.0000 0.0000 0.0000 0.0000 0.0000 0.0279 0.0000
50       50   (0)      1  : 0.0000 0.0000 0.0000 0.0000 1.0000 0.0000 0.0000 0.0000 0.0000 0.0000 0.0000 0.0000 0.0000 0.0000
51       51   (0)      1  : 0.0000 0.0000 0.0000 0.0000 1.0000 0.0000 0.0000 0.0000 0.0000 0.0000 0.0000 0.0000 0.0000 0.0000
52       52   (0)      1  : 0.2242 0.0000 0.0000 0.6794 0.0000 0.0000 0.0150 0.0000 0.0000 0.0264 0.0168 0.0000 0.0286 0.0095
53       53   (0)      1  : 0.1395 0.0000 0.0000 0.7775 0.0000 0.0000 0.0036 0.0000 0.0003 0.0084 0.0015 0.0000 0.0692 0.0000
54       54   (0)      1  : 0.4674 0.0000 0.0000 0.4662 0.0000 0.0000 0.0102 0.0000 0.0000 0.0034 0.0156 0.0000 0.0372 0.0000
55       55   (0)      1  : 0.0000 0.0085 0.0000 0.0000 0.9914 0.0000 0.0000 0.0000 0.0000 0.0000 0.0000 0.0000 0.0000 0.0000
56       56   (0)      2  : 0.0000 0.0000 0.0000 0.0138 0.0000 0.0000 0.2755 0.0000 0.0000 0.5330 0.1611 0.0000 0.0166 0.0000
57       57   (0)      2  : 0.0000 0.0000 0.0098 0.0000 0.0000 0.0000 0.3681 0.0000 0.0000 0.1941 0.4280 0.0000 0.0000 0.0000
58       58   (0)      2  : 0.0002 0.0000 0.0000 0.0000 0.0000 0.0000 0.6199 0.0000 0.0000 0.1730 0.2069 0.0000 0.0000 0.0000
59       59   (0)      2  : 0.0014 0.0000 0.0000 0.0000 0.0000 0.0000 0.3951 0.0000 0.0000 0.4576 0.1195 0.0000 0.0264 0.0000
60       60   (0)      2  : 0.5037 0.0000 0.0000 0.4501 0.0000 0.0000 0.0067 0.0000 0.0000 0.0031 0.0021 0.0000 0.0343 0.0000
61       61   (0)      2  : 0.0000 0.0000 0.0029 0.0000 0.0000 0.0000 0.3791 0.0000 0.0000 0.5190 0.0991 0.0000 0.0000 0.0000
62       62   (0)      2  : 0.0000 0.0000 0.8889 0.0000 0.0000 0.0000 0.0000 0.0000 0.0000 0.0000 0.0000 0.0000 0.0000 0.1111
63       63   (0)      2  : 0.0000 0.0000 0.0000 0.0183 0.0000 0.0000 0.2743 0.0000 0.0000 0.3442 0.3293 0.0000 0.0340 0.0000
64       64   (0)      2  : 0.0000 0.0000 0.8889 0.0000 0.0000 0.0000 0.0000 0.0000 0.0000 0.0000 0.0000 0.0000 0.0000 0.1111
65       65   (0)      2  : 0.0156 0.0000 0.0000 0.0182 0.0000 0.0000 0.1927 0.0000 0.0000 0.4816 0.2547 0.0000 0.0051 0.0320
66       66   (0)      2  : 0.0000 0.0000 0.9345 0.0000 0.0000 0.0000 0.0000 0.0000 0.0000 0.0000 0.0000 0.0000 0.0655 0.0000
67       67   (0)      2  : 0.0000 0.0000 0.0029 0.0000 0.0000 0.0000 0.3550 0.0000 0.0000 0.5434 0.0542 0.0000 0.0445 0.0000
68       68   (0)      2  : 0.0000 0.0000 0.0013 0.0097 0.0000 0.0000 0.1685 0.0000 0.0000 0.5680 0.1170 0.0000 0.0489 0.0866
69       69   (0)      2  : 0.2922 0.0000 0.0000 0.6894 0.0000 0.0000 0.0020 0.0000 0.0000 0.0049 0.0000 0.0000 0.0092 0.0023
70       70   (0)      2  : 0.0000 0.0000 0.0000 0.0000 0.0000 0.0000 0.1641 0.0000 0.0000 0.1916 0.5332 0.0000 0.0302 0.0809
71       71   (0)      2  : 0.0000 0.0000 0.9249 0.0000 0.0000 0.0000 0.0000 0.0000 0.0000 0.0000 0.0000 0.0000 0.0000 0.0751
72       72   (0)      2  : 0.0000 0.0000 0.8889 0.0000 0.0000 0.0000 0.0000 0.0000 0.0000 0.0000 0.0000 0.0000 0.1111 0.0000
73       73   (0)      2  : 0.0409 0.0000 0.0000 0.0209 0.0000 0.0000 0.3035 0.0000 0.0022 0.1347 0.4722 0.0000 0.0175 0.0081
74       74   (0)      2  : 0.1151 0.0000 0.0003 0.8287 0.0000 0.0000 0.0000 0.0000 0.0000 0.0033 0.0015 0.0000 0.0510 0.0000
75       75   (0)      2  : 0.0000 0.0000 0.0000 0.0000 0.9388 0.0058 0.0000 0.0000 0.0000 0.0000 0.0000 0.0000 0.0035 0.0519
76       76   (0)      2  : 0.2063 0.0000 0.0000 0.7596 0.0000 0.0000 0.0001 0.0000 0.0000 0.0000 0.0009 0.0000 0.0331 0.0000
77       77   (0)      2  : 0.0371 0.0000 0.0000 0.0162 0.0000 0.0000 0.3320 0.0000 0.0000 0.4619 0.1358 0.0000 0.0169 0.0000
78       78   (0)      2  : 0.0000 0.0000 0.8889 0.0000 0.0000 0.0000 0.0000 0.0000 0.0000 0.0000 0.0000 0.0000 0.0000 0.1111
79       79   (0)      2  : 0.0000 0.0000 0.0000 0.0000 1.0000 0.0000 0.0000 0.0000 0.0000 0.0000 0.0000 0.0000 0.0000 0.0000
80       80   (0)      2  : 0.0000 0.0000 0.8889 0.0000 0.0000 0.0000 0.0000 0.0000 0.0000 0.0000 0.0000 0.0000 0.1111 0.0000
81       81   (0)      2  : 0.0018 0.0000 0.0010 0.0000 0.0000 0.0000 0.6337 0.0000 0.0000 0.1251 0.0781 0.0000 0.1603 0.0000
82       82   (0)      2  : 0.0000 0.0000 0.0007 0.9993 0.0000 0.0000 0.0000 0.0000 0.0000 0.0000 0.0000 0.0000 0.0000 0.0000
83       83   (0)      2  : 0.5630 0.0000 0.0000 0.4370 0.0000 0.0000 0.0000 0.0000 0.0000 0.0000 0.0000 0.0000 0.0000 0.0000
84       84   (0)      2  : 0.0673 0.0000 0.0000 0.1457 0.0000 0.0000 0.3140 0.0000 0.0000 0.2494 0.2225 0.0000 0.0011 0.0000
85       85   (0)      2  : 0.0001 0.0000 0.0000 0.0098 0.0000 0.0000 0.3541 0.0000 0.0000 0.2985 0.3300 0.0000 0.0074 0.0000
86       86   (0)      2  : 0.0000 0.0000 0.0000 0.0116 0.0000 0.0000 0.1115 0.0000 0.0000 0.6851 0.1039 0.0000 0.0878 0.0000
87       87   (0)      2  : 0.0000 0.0000 0.0000 0.0220 0.0000 0.0000 0.4149 0.0000 0.0000 0.1984 0.2508 0.0000 0.0431 0.0708
88       88   (0)      2  : 0.0012 0.0000 0.0000 0.0001 0.0000 0.0000 0.6201 0.0000 0.0000 0.1769 0.1446 0.0000 0.0302 0.0269
89       89   (0)      2  : 0.0000 0.0000 0.0000 0.0000 0.0000 0.0000 0.2509 0.0000 0.0000 0.3622 0.3446 0.0000 0.0423 0.0000
90       90   (0)      2  : 0.0001 0.0000 0.0034 0.0314 0.0000 0.0000 0.4809 0.0000 0.0000 0.4014 0.0567 0.0000 0.0262 0.0000
91       91   (0)      2  : 0.0007 0.0000 0.0000 0.0024 0.0000 0.0000 0.4554 0.0000 0.0000 0.2609 0.1551 0.0000 0.1256 0.0000
92       92   (0)      2  : 0.0065 0.0000 0.0000 0.0093 0.0000 0.0000 0.0272 0.0000 0.0000 0.6105 0.2646 0.0000 0.0499 0.0320
93       93   (0)      2  : 0.7187 0.0000 0.0000 0.2637 0.0000 0.0000 0.0000 0.0000 0.0000 0.0000 0.0000 0.0000 0.0175 0.0000
94       94   (0)      2  : 0.4357 0.0000 0.0023 0.5168 0.0000 0.0000 0.0029 0.0000 0.0000 0.0056 0.0084 0.0000 0.0270 0.0014
95       95   (0)      2  : 0.0000 0.0000 0.8537 0.0000 0.0000 0.0000 0.0000 0.0000 0.0000 0.0000 0.0000 0.0000 0.1111 0.0351
96       96   (0)      2  : 0.6460 0.0000 0.0000 0.3235 0.0000 0.0000 0.0134 0.0000 0.0000 0.0133 0.0000 0.0000 0.0000 0.0038
97       97   (0)      2  : 0.7434 0.0000 0.0000 0.2355 0.0000 0.0000 0.0123 0.0000 0.0000 0.0030 0.0038 0.0000 0.0000 0.0021
98       98   (0)      2  : 0.0059 0.0000 0.0000 0.0000 0.0000 0.0000 0.0724 0.0000 0.0000 0.3901 0.4940 0.0000 0.0000 0.0375
99       99   (0)      2  : 0.0000 0.0000 0.8889 0.0000 0.0000 0.0000 0.0000 0.0000 0.0000 0.0000 0.0000 0.0000 0.1111 0.0000
100      100   (0)      2  : 0.0000 0.0000 0.0000 0.0000 0.0000 0.0000 0.3881 0.0000 0.0000 0.2033 0.3897 0.0000 0.0189 0.0000
101      101   (0)      3  : 0.0000 0.0000 0.0000 0.0110 0.0000 0.0000 0.3978 0.0000 0.0000 0.2449 0.2668 0.0000 0.0106 0.0689
102      102   (0)      3  : 0.0000 0.0000 0.0007 0.0038 0.0000 0.0000 0.2470 0.0000 0.0000 0.1991 0.4927 0.0000 0.0158 0.0409
103      103   (0)      3  : 0.0014 0.0000 0.0000 0.0021 0.0000 0.0000 0.3500 0.0000 0.0000 0.2897 0.2283 0.0000 0.0174 0.1111
104      104   (0)      3  : 0.0000 0.0000 0.0001 0.0041 0.0000 0.0000 0.1264 0.0000 0.0000 0.2160 0.5123 0.0000 0.1411 0.0000
105      105   (0)      3  : 0.0205 0.0000 0.0090 0.0089 0.0000 0.0000 0.3166 0.0000 0.0000 0.5141 0.1234 0.0000 0.0075 0.0000
106      106   (0)      3  : 0.0046 0.0000 0.0012 0.0000 0.0000 0.0000 0.1372 0.0000 0.0000 0.4206 0.3145 0.0000 0.1218 0.0000
107      107   (0)      3  : 0.0000 0.0000 0.0000 0.0000 0.0000 0.0000 0.1736 0.0000 0.0000 0.4678 0.3586 0.0000 0.0000 0.0000
108      108   (0)      3  : 0.0024 0.0000 0.0000 0.0000 0.0016 0.0000 0.2445 0.0000 0.0000 0.3681 0.2694 0.0000 0.0028 0.1111
109      109   (0)      3  : 0.0000 0.0000 0.0000 0.0000 0.0000 0.0000 0.4919 0.0000 0.0000 0.2125 0.2720 0.0000 0.0236 0.0000
110      110   (0)      3  : 0.0000 0.0000 0.0000 0.0005 0.0000 0.0000 0.1758 0.0000 0.0000 0.6128 0.0996 0.0000 0.0000 0.1112
111      111   (0)      3  : 0.0174 0.0000 0.0067 0.0093 0.0000 0.0000 0.0885 0.0000 0.0000 0.4640 0.1918 0.0000 0.2222 0.0000
112      112   (0)      3  : 0.0000 0.0000 0.0000 0.0000 0.0000 0.0000 0.2913 0.0000 0.0000 0.2882 0.4205 0.0000 0.0000 0.0000
113      113   (0)      3  : 0.0000 0.0000 0.0001 0.0000 0.0000 0.0000 0.3333 0.0000 0.0000 0.3139 0.3186 0.0000 0.0340 0.0000
114      114   (0)      3  : 0.0064 0.0000 0.0000 0.0064 0.0000 0.0000 0.6942 0.0000 0.0017 0.1933 0.0575 0.0000 0.0404 0.0000
115      115   (0)      3  : 0.0080 0.0000 0.0000 0.0238 0.0000 0.0000 0.2383 0.0000 0.0000 0.2209 0.4713 0.0000 0.0377 0.0000
116      116   (0)      3  : 0.0132 0.0000 0.0001 0.0000 0.0000 0.0000 0.1822 0.0000 0.0009 0.4696 0.2229 0.0000 0.0000 0.1111
117      117   (0)      3  : 0.0057 0.0000 0.0000 0.0296 0.0000 0.0000 0.1414 0.0000 0.0000 0.5150 0.1550 0.0000 0.1533 0.0000
118      118   (0)      3  : 0.0003 0.0000 0.0000 0.0000 0.0000 0.0000 0.4814 0.0000 0.0000 0.3641 0.1336 0.0000 0.0026 0.0181
119      119   (0)      3  : 0.0036 0.0000 0.0000 0.0244 0.0000 0.0000 0.2418 0.0000 0.0020 0.4226 0.1677 0.0000 0.0268 0.1111
120      120   (0)      3  : 0.0288 0.0000 0.0605 0.0091 0.0000 0.0000 0.6322 0.0000 0.0000 0.1148 0.0566 0.0000 0.0884 0.0094
121      121   (0)      3  : 0.0000 0.0000 0.0000 0.0000 0.0000 0.0000 0.1837 0.0000 0.0000 0.6086 0.0964 0.0000 0.0000 0.1113
122      122   (0)      3  : 0.0000 0.0000 0.0004 0.0055 0.0000 0.0000 0.3336 0.0000 0.0000 0.4389 0.1777 0.0000 0.0439 0.0000
123      123   (0)      3  : 0.0000 0.0000 0.0000 0.0000 0.0000 0.0000 0.1385 0.0000 0.0000 0.5424 0.1859 0.0000 0.0734 0.0598
124      124   (0)      3  : 0.0000 0.0000 0.0000 0.0000 0.0000 0.0000 0.2932 0.0000 0.0000 0.5218 0.1225 0.0000 0.0624 0.0000
125      125   (0)      3  : 0.0000 0.0000 0.0035 0.0000 0.0000 0.0000 0.5002 0.0000 0.0000 0.3906 0.0721 0.0000 0.0321 0.0014
126      126   (0)      3  : 0.0048 0.0000 0.0000 0.0243 0.0000 0.0000 0.2843 0.0000 0.0000 0.4118 0.2175 0.0000 0.0572 0.0000
127      127   (0)      3  : 0.0119 0.0000 0.0000 0.0308 0.0000 0.0000 0.2417 0.0000 0.0000 0.3371 0.3221 0.0000 0.0088 0.0476
128      128   (0)      3  : 0.0000 0.0000 0.0000 0.0000 0.0000 0.0000 0.3718 0.0000 0.0000 0.4204 0.0967 0.0000 0.0000 0.1111
129      129   (0)      3  : 0.0257 0.0000 0.0000 0.0160 0.0000 0.0000 0.6726 0.0000 0.0000 0.1262 0.0704 0.0000 0.0276 0.0614
130      130   (0)      3  : 0.4844 0.0000 0.0000 0.4634 0.0000 0.0000 0.0013 0.0000 0.0000 0.0070 0.0081 0.0000 0.0358 0.0000
131      131   (0)      3  : 0.4361 0.0000 0.0002 0.4816 0.0000 0.0000 0.0189 0.0000 0.0000 0.0294 0.0000 0.0000 0.0337 0.0000
132      132   (0)      3  : 0.0000 0.0000 0.8889 0.0000 0.0000 0.0000 0.0000 0.0000 0.0000 0.0000 0.0000 0.0000 0.1111 0.0000
133      133   (0)      3  : 0.0000 0.0098 0.0000 0.0000 0.8522 0.0000 0.0000 0.0000 0.0868 0.0000 0.0000 0.0174 0.0000 0.0338
134      134   (0)      3  : 0.2492 0.0000 0.0000 0.5525 0.0121 0.0028 0.0759 0.0000 0.0003 0.0229 0.0003 0.0028 0.0779 0.0032
135      135   (0)      3  : 0.0000 0.0000 0.0114 0.0000 0.0000 0.0000 0.2347 0.0000 0.0000 0.2872 0.4643 0.0000 0.0024 0.0000
136      136   (0)      3  : 0.0168 0.0000 0.0000 0.0000 0.0000 0.0000 0.5566 0.0000 0.0000 0.1782 0.2483 0.0000 0.0000 0.0000
137      137   (0)      3  : 0.7494 0.0000 0.0005 0.2056 0.0000 0.0000 0.0000 0.0000 0.0000 0.0000 0.0031 0.0000 0.0415 0.0000
138      138   (0)      3  : 0.0178 0.0000 0.0000 0.0032 0.0000 0.0000 0.4969 0.0000 0.0000 0.2427 0.1860 0.0000 0.0190 0.0344
139      139   (0)      3  : 0.0000 0.0000 0.0000 0.0000 0.0000 0.0000 0.5605 0.0000 0.0058 0.2743 0.1593 0.0000 0.0000 0.0000
140      140   (0)      3  : 0.0052 0.0000 0.0000 0.0000 0.0000 0.0000 0.1942 0.0000 0.0000 0.4731 0.2034 0.0000 0.0444 0.0797
141      141   (0)      3  : 0.0000 0.0000 0.9380 0.0000 0.0000 0.0000 0.0000 0.0000 0.0000 0.0000 0.0000 0.0000 0.0620 0.0000
142      142   (0)      3  : 0.0000 0.0000 0.8889 0.0000 0.0000 0.0000 0.0000 0.0000 0.0000 0.0000 0.0000 0.0000 0.1111 0.0000
143      143   (0)      3  : 0.0000 0.0000 1.0000 0.0000 0.0000 0.0000 0.0000 0.0000 0.0000 0.0000 0.0000 0.0000 0.0000 0.0000
144      144   (0)      3  : 0.0000 0.0000 0.9728 0.0000 0.0000 0.0000 0.0000 0.0000 0.0000 0.0000 0.0000 0.0000 0.0272 0.0000
145      145   (0)      3  : 0.0000 0.0000 0.9752 0.0000 0.0000 0.0000 0.0000 0.0000 0.0000 0.0000 0.0000 0.0000 0.0000 0.0248
146      146   (0)      3  : 0.4828 0.0000 0.0000 0.4858 0.0000 0.0000 0.0090 0.0000 0.0000 0.0186 0.0039 0.0000 0.0000 0.0000
147      147   (0)      3  : 0.0025 0.0000 0.0000 0.0000 0.0000 0.0000 0.4300 0.0000 0.0000 0.1350 0.3665 0.0000 0.0000 0.0661
148      148   (0)      3  : 0.0000 0.0000 0.8657 0.0000 0.0000 0.0000 0.0000 0.0000 0.0000 0.0000 0.0000 0.0000 0.0640 0.0703
149      149   (0)      3  : 0.0000 0.0000 0.8889 0.0000 0.0000 0.0000 0.0000 0.0000 0.0000 0.0000 0.0000 0.0000 0.0000 0.1111
150      150   (0)      3  : 0.0000 0.0241 0.0006 0.0000 0.7285 0.0000 0.0000 0.0000 0.1206 0.0000 0.0000 0.0035 0.0081 0.1146
151      151   (0)      3  : 0.0000 0.0000 0.0000 0.0000 1.0000 0.0000 0.0000 0.0000 0.0000 0.0000 0.0000 0.0000 0.0000 0.0000
152      152   (0)      3  : 0.0029 0.0000 0.0000 0.0003 0.0000 0.0000 0.1623 0.0000 0.0000 0.7235 0.1111 0.0000 0.0000 0.0000
153      153   (0)      3  : 0.0000 0.0000 0.9617 0.0000 0.0000 0.0000 0.0000 0.0000 0.0000 0.0000 0.0000 0.0000 0.0000 0.0383
154      154   (0)      3  : 0.0000 0.0000 0.0009 0.0000 0.0000 0.0000 0.6662 0.0000 0.0000 0.1670 0.1658 0.0000 0.0000 0.0000
155      155   (0)      3  : 0.0000 0.0000 0.0000 0.0000 0.0000 0.0000 0.1111 0.0000 0.0000 0.5495 0.3394 0.0000 0.0000 0.0000
156      156   (0)      3  : 0.2711 0.0000 0.0000 0.6194 0.0000 0.0000 0.0355 0.0000 0.0011 0.0123 0.0063 0.0000 0.0543 0.0000
157      157   (0)      3  : 0.0028 0.0000 0.0000 0.0001 0.0000 0.0000 0.5061 0.0000 0.0000 0.2933 0.1967 0.0000 0.0010 0.0000
158      158   (0)      3  : 0.4795 0.0000 0.0000 0.5106 0.0000 0.0000 0.0000 0.0000 0.0000 0.0000 0.0000 0.0000 0.0099 0.0000
159      159   (0)      3  : 0.0017 0.0000 0.0000 0.0025 0.0000 0.0000 0.1690 0.0000 0.0017 0.3612 0.3528 0.0000 0.0000 0.1111
160      160   (0)      3  : 0.4507 0.0000 0.0000 0.5258 0.0000 0.0000 0.0020 0.0000 0.0000 0.0059 0.0037 0.0000 0.0119 0.0000
161      161   (0)      4  : 0.0071 0.0000 0.0000 0.0033 0.0000 0.0000 0.4762 0.0000 0.0000 0.2931 0.2203 0.0000 0.0000 0.0000
162      162   (0)      4  : 0.0000 0.0000 0.0000 0.0000 0.0000 0.0000 0.2611 0.0000 0.0000 0.6351 0.0740 0.0000 0.0298 0.0000
163      163   (0)      4  : 0.0000 0.0000 0.8889 0.0000 0.0000 0.0000 0.0000 0.0000 0.0000 0.0000 0.0000 0.0000 0.0000 0.1111
164      164   (0)      4  : 0.6019 0.0000 0.0000 0.3854 0.0000 0.0000 0.0000 0.0000 0.0000 0.0000 0.0000 0.0000 0.0128 0.0000
165      165   (0)      4  : 0.0000 0.0000 0.8096 0.0000 0.0000 0.0000 0.0000 0.0000 0.0000 0.0000 0.0000 0.0000 0.1111 0.0793
166      166   (0)      4  : 0.0000 0.0000 0.8889 0.0000 0.0000 0.0000 0.0000 0.0000 0.0000 0.0000 0.0000 0.0000 0.0000 0.1111
167      167   (0)      4  : 0.0009 0.0000 0.0000 0.0022 0.0000 0.0000 0.0892 0.0000 0.0000 0.5117 0.2685 0.0000 0.0163 0.1111
168      168   (0)      4  : 0.0028 0.0000 0.0000 0.0063 0.0000 0.0000 0.3847 0.0000 0.0000 0.2959 0.1992 0.0000 0.0338 0.0773
169      169   (0)      4  : 0.0164 0.0000 0.0000 0.0000 0.0000 0.0000 0.3805 0.0000 0.0000 0.2354 0.3677 0.0000 0.0000 0.0000
170      170   (0)      4  : 0.0000 0.0000 0.0000 0.0000 0.0000 0.0000 0.2028 0.0000 0.0022 0.4644 0.1171 0.0000 0.1515 0.0621
171      171   (0)      4  : 0.0096 0.0000 0.0000 0.0011 0.0000 0.0000 0.1478 0.0000 0.0000 0.4029 0.4347 0.0000 0.0039 0.0000
172      172   (0)      4  : 0.0013 0.0000 0.0000 0.0000 0.0000 0.0000 0.1318 0.0000 0.0000 0.0611 0.8058 0.0000 0.0000 0.0000
173      173   (0)      4  : 0.0000 0.0000 0.0000 0.0000 0.0000 0.0000 0.2479 0.0000 0.0000 0.5585 0.1316 0.0000 0.0620 0.0000
174      174   (0)      4  : 0.2572 0.0000 0.0000 0.7026 0.0000 0.0000 0.0117 0.0000 0.0000 0.0015 0.0036 0.0000 0.0234 0.0000
175      175   (0)      4  : 0.0000 0.0000 0.0000 0.0000 0.0000 0.0000 0.4084 0.0000 0.0000 0.2133 0.2727 0.0000 0.0897 0.0160
176      176   (0)      4  : 0.0000 0.0000 0.9654 0.0000 0.0000 0.0000 0.0000 0.0000 0.0000 0.0000 0.0000 0.0000 0.0346 0.0000
177      177   (0)      4  : 0.0293 0.0000 0.0000 0.0042 0.0000 0.0000 0.3594 0.0000 0.0000 0.3225 0.2654 0.0000 0.0192 0.0000
178      178   (0)      4  : 0.0000 0.0000 0.8889 0.0000 0.0000 0.0000 0.0000 0.0000 0.0000 0.0000 0.0000 0.0000 0.1111 0.0000
179      179   (0)      4  : 0.0000 0.0000 0.8280 0.0000 0.0000 0.0000 0.0000 0.0000 0.0000 0.0000 0.0000 0.0000 0.0609 0.1111
180      180   (0)      4  : 0.0000 0.0000 0.0065 0.0000 0.0000 0.0000 0.4227 0.0000 0.0000 0.3355 0.2126 0.0000 0.0209 0.0018
181      181   (0)      4  : 0.0000 0.0000 0.0000 0.0000 0.0000 0.0000 0.2754 0.0000 0.0000 0.7013 0.0233 0.0000 0.0000 0.0000
182      182   (0)      4  : 0.0000 0.0000 0.0000 0.0000 0.0000 0.0000 0.1509 0.0000 0.0000 0.6018 0.1173 0.0000 0.1300 0.0000
183      183   (0)      4  : 0.4348 0.0000 0.0000 0.5338 0.0000 0.0000 0.0000 0.0000 0.0000 0.0000 0.0000 0.0000 0.0314 0.0000
184      184   (0)      4  : 0.3828 0.0000 0.0000 0.5638 0.0000 0.0000 0.0005 0.0000 0.0000 0.0024 0.0027 0.0000 0.0478 0.0000
185      185   (0)      4  : 0.0000 0.0000 0.9572 0.0000 0.0000 0.0000 0.0000 0.0000 0.0000 0.0000 0.0000 0.0000 0.0000 0.0428
186      186   (0)      4  : 0.0022 0.0000 0.0000 0.0000 0.0000 0.0000 0.1191 0.0000 0.0000 0.2619 0.6168 0.0000 0.0000 0.0000
187      187   (0)      4  : 0.0089 0.0000 0.0000 0.0278 0.0000 0.0000 0.0571 0.0000 0.0000 0.6417 0.1071 0.0001 0.1080 0.0494
188      188   (0)      4  : 0.0000 0.0000 0.8889 0.0000 0.0000 0.0000 0.0000 0.0000 0.0000 0.0000 0.0000 0.0000 0.1111 0.0000
189      189   (0)      4  : 0.0037 0.0000 0.0000 0.0000 0.0000 0.0000 0.2216 0.0000 0.0002 0.3656 0.2576 0.0000 0.0919 0.0595
190      190   (0)      4  : 0.3367 0.0000 0.0000 0.6130 0.0000 0.0000 0.0000 0.0000 0.0000 0.0000 0.0000 0.0000 0.0503 0.0000
191      191   (0)      4  : 0.0563 0.0000 0.0990 0.0685 0.0000 0.0000 0.0733 0.0000 0.0702 0.0995 0.4471 0.0000 0.0000 0.0860
192      192   (0)      4  : 0.0009 0.0000 0.0000 0.0000 0.0000 0.0000 0.3741 0.0000 0.0000 0.2984 0.2715 0.0000 0.0244 0.0307
193      193   (0)      4  : 0.0292 0.0000 0.0058 0.0000 0.0000 0.0000 0.6035 0.0000 0.0000 0.1940 0.0874 0.0000 0.0243 0.0558
194      194   (0)      4  : 0.0069 0.0000 0.0054 0.0037 0.0000 0.0000 0.2341 0.0000 0.0000 0.3818 0.3653 0.0000 0.0000 0.0029
195      195   (0)      4  : 0.0000 0.0000 0.0000 0.0000 0.0000 0.0000 0.0818 0.0000 0.0001 0.5743 0.2857 0.0000 0.0580 0.0000
196      196   (0)      4  : 0.0000 0.0000 0.0000 0.0000 0.0000 0.0000 0.2336 0.0000 0.0000 0.1007 0.6657 0.0000 0.0000 0.0000
197      197   (0)      4  : 0.0000 0.0000 0.0000 0.0009 0.0000 0.0000 0.3717 0.0000 0.0000 0.4091 0.1743 0.0000 0.0439 0.0001
198      198   (0)      4  : 0.0000 0.0000 0.0000 0.0000 0.0000 0.0000 0.1366 0.0000 0.0000 0.0247 0.8388 0.0000 0.0000 0.0000
199      199   (0)      4  : 0.0014 0.0000 0.0002 0.0031 0.0000 0.0000 0.3320 0.0000 0.0000 0.6115 0.0495 0.0000 0.0022 0.0000
200      200   (0)      4  : 0.1066 0.0000 0.0000 0.7538 0.0000 0.0000 0.0067 0.0000 0.0000 0.0000 0.0218 0.0000 0.1111 0.0000
201      201   (0)      4  : 0.0000 0.0000 0.0000 0.0000 0.0000 0.0000 0.4294 0.0000 0.0024 0.0731 0.3515 0.0000 0.1437 0.0000
202      202   (0)      4  : 0.0000 0.0000 0.0009 0.0000 0.0000 0.0000 0.4899 0.0000 0.0000 0.2245 0.1740 0.0000 0.0503 0.0604
203      203   (0)      4  : 0.0185 0.0000 0.0057 0.0000 0.0000 0.0000 0.2090 0.0000 0.0000 0.5590 0.0723 0.0000 0.1354 0.0000
204      204   (0)      4  : 0.0000 0.0000 0.0051 0.0016 0.0000 0.0000 0.2739 0.0000 0.0000 0.5574 0.0508 0.0000 0.0431 0.0680
205      205   (0)      4  : 0.0000 0.0000 0.0000 0.0150 0.0000 0.0000 0.7043 0.0000 0.0000 0.2028 0.0456 0.0000 0.0204 0.0120
206      206   (0)      4  : 0.0000 0.0000 0.0000 0.0000 0.0000 0.0000 0.3350 0.0000 0.0000 0.3626 0.3024 0.0000 0.0000 0.0000
207      207   (0)      4  : 0.0000 0.0000 0.0000 0.0000 0.0000 0.0000 0.3769 0.0000 0.0000 0.3126 0.2251 0.0000 0.0446 0.0407
208      208   (0)      4  : 0.0580 0.0000 0.0000 0.8184 0.0000 0.0000 0.0296 0.0000 0.0000 0.0217 0.0008 0.0000 0.0715 0.0000
209      209   (0)      4  : 0.0000 0.0000 0.0000 0.0000 0.0000 0.0000 0.4775 0.0000 0.0017 0.4656 0.0552 0.0000 0.0000 0.0000
210      210   (0)      4  : 0.0000 0.0000 0.0000 0.0000 0.0000 0.0000 0.3678 0.0000 0.0000 0.3908 0.2065 0.0000 0.0000 0.0349
211      211   (0)      4  : 0.0090 0.0000 0.0009 0.0000 0.0000 0.0000 0.4405 0.0000 0.0000 0.3677 0.1542 0.0000 0.0277 0.0000
212      212   (0)      4  : 0.5132 0.0000 0.0000 0.4723 0.0000 0.0000 0.0088 0.0000 0.0000 0.0039 0.0012 0.0000 0.0006 0.0000
213      213   (0)      4  : 0.0039 0.0000 0.0000 0.0048 0.0000 0.0012 0.1595 0.0000 0.0000 0.2836 0.5349 0.0000 0.0121 0.0000
214      214   (0)      4  : 0.0000 0.0000 0.0060 0.0002 0.0000 0.0000 0.5731 0.0000 0.0023 0.2008 0.1452 0.0000 0.0724 0.0000
215      215   (0)      4  : 0.0239 0.0000 0.0002 0.4327 0.0000 0.0000 0.1957 0.0000 0.0000 0.1072 0.1855 0.0000 0.0548 0.0000
216      216   (0)      4  : 0.0024 0.0000 0.0000 0.0000 0.0000 0.0000 0.4933 0.0000 0.0000 0.4293 0.0000 0.0000 0.0001 0.0749
217      217   (0)      4  : 0.0000 0.0000 0.8889 0.0000 0.0000 0.0000 0.0000 0.0000 0.0000 0.0000 0.0000 0.0000 0.0000 0.1111
218      218   (0)      4  : 0.0225 0.0000 0.0029 0.0150 0.0000 0.0000 0.2465 0.0000 0.0009 0.2514 0.4600 0.0000 0.0008 0.0000
219      219   (0)      4  : 0.0181 0.0000 0.0000 0.0057 0.0000 0.0000 0.3563 0.0000 0.0000 0.2833 0.2441 0.0000 0.0372 0.0553
220      220   (0)      5  : 0.0000 0.0870 0.0000 0.0000 0.0000 0.4403 0.0000 0.0089 0.0000 0.0000 0.0000 0.1076 0.0770 0.2791
221      221   (0)      5  : 0.0000 0.0721 0.0000 0.0000 0.0000 0.0616 0.0000 0.6544 0.0000 0.0000 0.0000 0.1586 0.0175 0.0358
222      222   (0)      6  : 0.0000 0.0585 0.0000 0.0000 0.0000 0.0627 0.0000 0.6850 0.0000 0.0000 0.0000 0.0373 0.1356 0.0208
223      223   (0)      6  : 0.0000 0.2408 0.0000 0.0000 0.0000 0.0761 0.0000 0.3606 0.0000 0.0000 0.0000 0.1935 0.0954 0.0336
224      224   (0)      6  : 0.0000 0.4597 0.0000 0.0000 0.0000 0.1274 0.0000 0.1175 0.0030 0.0000 0.0000 0.1773 0.0290 0.0862
225      225   (0)      6  : 0.0000 0.0975 0.0000 0.0000 0.0194 0.0655 0.0000 0.2226 0.0000 0.0000 0.0000 0.1780 0.0000 0.4170
226      226   (0)      6  : 0.0000 0.3156 0.0000 0.0000 0.0000 0.1765 0.0000 0.0945 0.0130 0.0000 0.0000 0.2442 0.0983 0.0579
227      227   (0)      6  : 0.0000 0.4263 0.0000 0.0000 0.0000 0.1107 0.0000 0.2169 0.0000 0.0000 0.0000 0.1252 0.0844 0.0364
228      228   (0)      6  : 0.0000 0.0749 0.0000 0.0000 0.0036 0.4021 0.0000 0.0373 0.0097 0.0000 0.0000 0.2005 0.0347 0.2372
229      229   (0)      6  : 0.0000 0.1001 0.0000 0.0000 0.0000 0.2911 0.0000 0.0181 0.0000 0.0000 0.0000 0.1961 0.0714 0.3232
230      230   (0)      6  : 0.0000 0.3827 0.0000 0.0000 0.0000 0.1496 0.0000 0.1222 0.0000 0.0000 0.0000 0.2417 0.0626 0.0412
231      231   (0)      6  : 0.0000 0.4675 0.0000 0.0000 0.0332 0.0830 0.0000 0.0652 0.0000 0.0000 0.0000 0.1421 0.0371 0.1719
232      232   (0)      6  : 0.0000 0.4238 0.0000 0.0000 0.0073 0.0483 0.0000 0.3521 0.0000 0.0000 0.0000 0.0290 0.0581 0.0814
233      233   (0)      6  : 0.0000 0.4018 0.0000 0.0000 0.0000 0.1824 0.0000 0.0583 0.0095 0.0000 0.0000 0.2641 0.0000 0.0838
234      234   (0)      6  : 0.0000 0.3076 0.0000 0.0000 0.0061 0.0707 0.0000 0.2683 0.0000 0.0000 0.0000 0.2218 0.0984 0.0271
235      235   (0)      6  : 0.0000 0.2833 0.0060 0.0000 0.0136 0.1393 0.0000 0.2629 0.0006 0.0000 0.0000 0.2520 0.0379 0.0044
236      236   (0)      6  : 0.0000 0.0141 0.0000 0.0000 0.0000 0.0762 0.0000 0.4074 0.0000 0.0000 0.0000 0.3203 0.0891 0.0929
237      237   (0)      6  : 0.0000 0.0524 0.0000 0.0000 0.0000 0.4263 0.0000 0.0831 0.0000 0.0000 0.0000 0.1910 0.1599 0.0874
238      238   (0)      6  : 0.0000 0.0303 0.0000 0.0000 0.0000 0.5512 0.0000 0.0928 0.0000 0.0000 0.0000 0.1113 0.0786 0.1358
239      239   (0)      6  : 0.0000 0.1621 0.0000 0.0000 0.0000 0.1709 0.0000 0.0322 0.0000 0.0000 0.0000 0.2408 0.0770 0.3171
240      240   (0)      6  : 0.0000 0.0943 0.0000 0.0000 0.0059 0.3157 0.0000 0.1145 0.0000 0.0000 0.0000 0.1817 0.1920 0.0960
241      241   (0)      6  : 0.0000 0.3883 0.0000 0.0000 0.0000 0.1185 0.0000 0.0843 0.0000 0.0000 0.0000 0.1641 0.0770 0.1679
242      242   (0)      6  : 0.0000 0.1417 0.0000 0.0000 0.0000 0.0496 0.0000 0.4540 0.0036 0.0000 0.0000 0.1990 0.0000 0.1521
243      243   (0)      6  : 0.0000 0.5941 0.0000 0.0000 0.0375 0.1144 0.0000 0.0559 0.0035 0.0000 0.0000 0.0743 0.0280 0.0923
244      244   (0)      6  : 0.0000 0.2799 0.0000 0.0000 0.0000 0.0926 0.0000 0.1456 0.0000 0.0000 0.0000 0.3263 0.0000 0.1556
245      245   (0)      6  : 0.0000 0.2731 0.0000 0.0000 0.0000 0.3766 0.0000 0.0362 0.0000 0.0000 0.0000 0.0643 0.0936 0.1562
246      246   (0)      6  : 0.0000 0.1431 0.0000 0.0000 0.0000 0.0484 0.0000 0.6454 0.0000 0.0000 0.0000 0.0469 0.1160 0.0001
247      247   (0)      6  : 0.0000 0.5440 0.0000 0.0000 0.0000 0.1220 0.0000 0.1184 0.0005 0.0000 0.0000 0.0937 0.1215 0.0000
248      248   (0)      6  : 0.0000 0.4568 0.0000 0.0000 0.0000 0.2549 0.0000 0.1442 0.0063 0.0000 0.0000 0.0340 0.0613 0.0426
249      249   (0)      7  : 0.0000 0.4249 0.0000 0.0000 0.0000 0.1384 0.0000 0.0908 0.0000 0.0000 0.0000 0.1669 0.0473 0.1317
250      250   (0)      7  : 0.0000 0.1949 0.0000 0.0000 0.0000 0.0241 0.0000 0.2966 0.0000 0.0000 0.0000 0.3127 0.0673 0.1044
251      251   (0)      7  : 0.0000 0.2767 0.0000 0.0000 0.0000 0.0565 0.0000 0.1999 0.0000 0.0000 0.0000 0.3759 0.0000 0.0909
252      252   (0)      7  : 0.0000 0.2286 0.0000 0.0000 0.0000 0.1901 0.0000 0.2438 0.0000 0.0000 0.0000 0.1053 0.1384 0.0939
253      253   (0)      7  : 0.0000 0.0782 0.0000 0.0000 0.0000 0.0434 0.0000 0.5175 0.0000 0.0000 0.0000 0.2533 0.0280 0.0796
254      254   (0)      7  : 0.0000 0.2811 0.0000 0.0000 0.0050 0.0391 0.0000 0.4982 0.0004 0.0000 0.0000 0.0001 0.1242 0.0520
255      255   (0)      7  : 0.0000 0.4183 0.0000 0.0000 0.0000 0.3220 0.0000 0.0689 0.0000 0.0000 0.0000 0.0748 0.0229 0.0931
256      256   (0)      7  : 0.0000 0.1791 0.0000 0.0000 0.0000 0.2652 0.0000 0.2003 0.0000 0.0000 0.0000 0.1175 0.0497 0.1883
257      257   (0)      7  : 0.0000 0.0775 0.0000 0.0000 0.0000 0.1922 0.0000 0.1127 0.0000 0.0000 0.0000 0.2144 0.0000 0.4032
258      258   (0)      7  : 0.0000 0.2204 0.0000 0.0000 0.0000 0.2848 0.0000 0.0373 0.0000 0.0000 0.0000 0.1791 0.0152 0.2631
259      259   (0)      7  : 0.0000 0.2337 0.0000 0.0000 0.0000 0.0473 0.0000 0.0938 0.0000 0.0000 0.0000 0.4722 0.0000 0.1529
260      260   (0)      7  : 0.0000 0.6124 0.0000 0.0000 0.0000 0.1221 0.0000 0.1158 0.0000 0.0000 0.0000 0.0000 0.1229 0.0268
261      261   (0)      7  : 0.0000 0.1252 0.0000 0.0000 0.0005 0.0629 0.0000 0.4248 0.0000 0.0000 0.0000 0.2638 0.0865 0.0362
262      262   (0)      7  : 0.0000 0.1685 0.0000 0.0000 0.0000 0.1839 0.0000 0.4107 0.0000 0.0000 0.0000 0.0824 0.0650 0.0895
263      263   (0)      7  : 0.0000 0.1949 0.0000 0.0000 0.0000 0.4576 0.0000 0.1742 0.0000 0.0000 0.0000 0.0281 0.0907 0.0545
264      264   (0)      7  : 0.0000 0.2492 0.0000 0.0000 0.0012 0.3215 0.0000 0.1836 0.0000 0.0000 0.0000 0.1332 0.1111 0.0001
265      265   (0)      7  : 0.0000 0.0841 0.0000 0.0000 0.0000 0.0000 0.0000 0.5119 0.0000 0.0000 0.0000 0.2489 0.0624 0.0927
266      266   (0)      7  : 0.0000 0.0717 0.0000 0.0000 0.0000 0.1036 0.0000 0.4817 0.0144 0.0000 0.0000 0.1603 0.1603 0.0079
267      267   (0)      7  : 0.0000 0.0197 0.0017 0.0000 0.0088 0.0327 0.0000 0.5408 0.0000 0.0000 0.0000 0.2806 0.0000 0.1157
268      268   (0)      7  : 0.0000 0.2211 0.0000 0.0000 0.0000 0.0794 0.0000 0.2946 0.0000 0.0000 0.0000 0.2625 0.0480 0.0944
269      269   (0)      7  : 0.0000 0.0851 0.0000 0.0000 0.0054 0.0520 0.0000 0.5755 0.0000 0.0000 0.0000 0.0258 0.1934 0.0627
270      270   (0)      7  : 0.0000 0.1670 0.0000 0.0000 0.0068 0.0457 0.0000 0.1995 0.0000 0.0000 0.0000 0.3900 0.1113 0.0796
271      271   (0)      7  : 0.0000 0.1371 0.0000 0.0000 0.0000 0.0008 0.0000 0.2568 0.0000 0.0000 0.0000 0.4986 0.0350 0.0717
272      272   (0)      7  : 0.0000 0.0000 0.0000 0.0000 0.0000 0.0095 0.0000 0.6742 0.0000 0.0000 0.0000 0.2337 0.0826 0.0000
273      273   (0)      7  : 0.0000 0.2242 0.0000 0.0000 0.0000 0.3149 0.0000 0.1253 0.0022 0.0000 0.0000 0.2139 0.0000 0.1195
274      274   (0)      7  : 0.0000 0.1725 0.0000 0.0000 0.0000 0.3479 0.0000 0.2524 0.0023 0.0000 0.0000 0.0601 0.0000 0.1649
275      275   (0)      7  : 0.0000 0.1353 0.0004 0.0000 0.0000 0.0000 0.0000 0.3606 0.0000 0.0000 0.0000 0.4742 0.0000 0.0295
276      276   (0)      7  : 0.0000 0.3876 0.0000 0.0000 0.0000 0.0764 0.0000 0.2616 0.0000 0.0000 0.0000 0.1123 0.1240 0.0381
277      277   (0)      7  : 0.0000 0.2605 0.0000 0.0000 0.0000 0.0680 0.0000 0.2964 0.0020 0.0000 0.0000 0.1958 0.1442 0.0331
278      278   (0)      7  : 0.0000 0.5345 0.0000 0.0000 0.0001 0.0096 0.0000 0.2442 0.0000 0.0000 0.0000 0.0740 0.0901 0.0476
279      279   (0)      8  : 0.0000 0.0305 0.0000 0.0000 0.0000 0.0218 0.0000 0.6947 0.0000 0.0000 0.0000 0.0317 0.1045 0.1169
280      280   (0)      8  : 0.0000 0.0170 0.0000 0.0000 0.0000 0.0022 0.0000 0.4759 0.0000 0.0000 0.0000 0.4804 0.0000 0.0245
281      281   (0)      8  : 0.0000 0.2088 0.0000 0.0000 0.0000 0.0000 0.0000 0.5020 0.0049 0.0000 0.0000 0.1215 0.1107 0.0522
282      282   (0)      8  : 0.0000 0.0962 0.0000 0.0000 0.0000 0.2510 0.0000 0.1300 0.0008 0.0000 0.0000 0.0838 0.1017 0.3365
283      283   (0)      8  : 0.0000 0.3178 0.0011 0.0000 0.0063 0.0895 0.0000 0.1089 0.0053 0.0000 0.0000 0.4112 0.0016 0.0582
284      284   (0)      8  : 0.0000 0.1726 0.0000 0.0000 0.0000 0.0923 0.0000 0.5031 0.0000 0.0000 0.0000 0.0992 0.1328 0.0000
285      285   (0)      8  : 0.0000 0.5483 0.0000 0.0000 0.0000 0.1246 0.0000 0.1888 0.0005 0.0000 0.0000 0.0014 0.1173 0.0190
286      286   (0)      8  : 0.0000 0.0629 0.0000 0.0000 0.0023 0.0591 0.0000 0.1740 0.0000 0.0000 0.0000 0.5992 0.0495 0.0529
287      287   (0)      8  : 0.0000 0.2416 0.0000 0.0000 0.0000 0.4295 0.0000 0.1559 0.0000 0.0000 0.0000 0.0497 0.0315 0.0918
288      288   (0)      8  : 0.0000 0.1111 0.0000 0.0000 0.0115 0.2555 0.0000 0.4061 0.0000 0.0000 0.0000 0.0408 0.1111 0.0638
289      289   (0)      8  : 0.0000 0.4816 0.0007 0.0000 0.0004 0.1816 0.0000 0.0647 0.0027 0.0000 0.0000 0.0000 0.1111 0.1573
290      290   (0)      5  : 0.0000 0.0000 0.0000 0.0000 0.0000 0.3927 0.0000 0.4012 0.0000 0.0000 0.0000 0.1244 0.0817 0.0000
291      291   (0)      5  : 0.0000 0.0967 0.0000 0.0000 0.0000 0.1746 0.0000 0.1674 0.0000 0.0000 0.0000 0.1388 0.0000 0.4225
292      292   (0)      5  : 0.0000 0.1702 0.0000 0.0000 0.0002 0.0294 0.0000 0.5516 0.0005 0.0000 0.0000 0.0524 0.1111 0.0846
293      293   (0)      5  : 0.0000 0.0921 0.0000 0.0000 0.0000 0.0345 0.0000 0.4732 0.0030 0.0000 0.0000 0.1441 0.1111 0.1420
294      294   (0)      5  : 0.0000 0.0814 0.0000 0.0000 0.0053 0.2041 0.0000 0.3733 0.0000 0.0000 0.0000 0.2236 0.0469 0.0654
295      295   (0)      5  : 0.0000 0.0911 0.0000 0.0000 0.0000 0.4255 0.0000 0.2775 0.0000 0.0000 0.0000 0.0933 0.0466 0.0659
296      296   (0)      5  : 0.0000 0.0811 0.0028 0.0000 0.0202 0.0690 0.0000 0.2340 0.0021 0.0000 0.0000 0.3014 0.1125 0.1769
297      297   (0)      5  : 0.0000 0.1354 0.0009 0.0000 0.0058 0.2917 0.0000 0.0710 0.0049 0.0000 0.0000 0.0764 0.1182 0.2955
298      298   (0)      5  : 0.0000 0.5558 0.0000 0.0000 0.0000 0.0000 0.0000 0.3011 0.0000 0.0000 0.0000 0.0820 0.0609 0.0002
299      299   (0)      5  : 0.0000 0.1704 0.0000 0.0000 0.0015 0.0339 0.0000 0.1101 0.0000 0.0000 0.0000 0.5368 0.0000 0.1474
300      300   (0)      5  : 0.0000 0.4350 0.0000 0.0000 0.0000 0.0803 0.0000 0.3115 0.0000 0.0000 0.0000 0.0000 0.1067 0.0665
301      301   (0)      5  : 0.0000 0.0000 0.0000 0.0000 0.0000 0.0016 0.0000 0.3019 0.0000 0.0000 0.0000 0.5576 0.0000 0.1388
302      302   (0)      5  : 0.0000 0.2967 0.0000 0.0000 0.0000 0.0770 0.0000 0.4491 0.0000 0.0000 0.0000 0.0771 0.0124 0.0877
303      303   (0)      5  : 0.0000 0.0000 0.0000 0.0000 0.0000 0.2987 0.0000 0.3041 0.0000 0.0000 0.0000 0.1696 0.2170 0.0106
304      304   (0)      5  : 0.0000 0.3455 0.0000 0.0000 0.0003 0.2559 0.0000 0.0633 0.0000 0.0000 0.0000 0.0881 0.0375 0.2094
305      305   (0)      5  : 0.0000 0.2989 0.0004 0.0000 0.0000 0.0875 0.0000 0.2191 0.0039 0.0000 0.0000 0.2211 0.0355 0.1335
306      306   (0)      5  : 0.0000 0.7646 0.0000 0.0000 0.0000 0.0805 0.0000 0.0000 0.0000 0.0000 0.0000 0.1036 0.0000 0.0512
307      307   (0)      5  : 0.0000 0.5198 0.0000 0.0000 0.0287 0.0258 0.0000 0.0841 0.0000 0.0000 0.0000 0.1388 0.0325 0.1702
308      308   (0)      5  : 0.0000 0.0000 0.0000 0.0000 0.0000 0.1393 0.0000 0.0569 0.0048 0.0000 0.0000 0.4249 0.1111 0.2630
309      309   (0)      5  : 0.0000 0.1362 0.0000 0.0000 0.0000 0.1806 0.0000 0.3493 0.0015 0.0000 0.0000 0.2635 0.0000 0.0689
310      310   (0)      5  : 0.0000 0.1114 0.0000 0.0000 0.0000 0.0000 0.0000 0.1944 0.0000 0.0000 0.0000 0.4011 0.0000 0.2931
311      311   (0)      5  : 0.0000 0.5272 0.0000 0.0000 0.0000 0.1143 0.0000 0.0850 0.0081 0.0000 0.0000 0.0752 0.0802 0.1100
312      312   (0)      5  : 0.0000 0.1526 0.0000 0.0000 0.0000 0.2397 0.0000 0.1685 0.0090 0.0000 0.0000 0.1972 0.0000 0.2329
313      313   (0)      5  : 0.0000 0.0000 0.0000 0.0000 0.0000 0.4653 0.0000 0.0726 0.0000 0.0000 0.0000 0.1671 0.1111 0.1838
314      314   (0)      5  : 0.0000 0.0902 0.0000 0.0000 0.0017 0.0413 0.0000 0.1364 0.0000 0.0000 0.0000 0.5753 0.0000 0.1552
315      315   (0)      5  : 0.0000 0.2464 0.0000 0.0000 0.0000 0.0061 0.0000 0.2099 0.0038 0.0000 0.0000 0.3593 0.1425 0.0320
316      316   (0)      5  : 0.0000 0.0433 0.0000 0.0000 0.0000 0.6713 0.0000 0.1291 0.0000 0.0000 0.0000 0.0000 0.0000 0.1563
317      317   (0)      5  : 0.0000 0.0637 0.0000 0.0000 0.0000 0.0758 0.0000 0.6715 0.0000 0.0000 0.0000 0.1095 0.0440 0.0355
318      318   (0)      8  : 0.0000 0.0403 0.0000 0.0000 0.0000 0.0690 0.0000 0.2622 0.0000 0.0000 0.0000 0.5455 0.0000 0.0830
319      319   (0)      8  : 0.0000 0.0387 0.0000 0.0000 0.0000 0.1842 0.0000 0.4485 0.0000 0.0000 0.0000 0.1217 0.0375 0.1694
320      320   (0)      9  : 0.0000 0.0000 0.0000 0.0000 0.0000 0.1604 0.0000 0.4391 0.0000 0.0000 0.0000 0.1736 0.0231 0.2038
321      321   (0)      9  : 0.0000 0.1979 0.0057 0.0000 0.0000 0.1447 0.0000 0.4184 0.0067 0.0000 0.0000 0.0463 0.0900 0.0903
322      322   (0)      9  : 0.0000 0.1168 0.0000 0.0000 0.0001 0.1627 0.0000 0.2332 0.0000 0.0000 0.0000 0.3476 0.0474 0.0922
323      323   (0)      9  : 0.0000 0.1307 0.0000 0.0000 0.0000 0.3686 0.0000 0.3081 0.0000 0.0000 0.0000 0.0407 0.1246 0.0272
324      324   (0)      9  : 0.0000 0.0000 0.0000 0.0000 0.0000 0.1537 0.0000 0.3766 0.0000 0.0000 0.0000 0.2590 0.0900 0.1207
325      325   (0)      8  : 0.0000 0.3917 0.0000 0.0000 0.0000 0.3016 0.0000 0.1654 0.0000 0.0000 0.0000 0.0000 0.0135 0.1277
326      326   (0)      8  : 0.0000 0.0978 0.0000 0.0000 0.0000 0.1470 0.0000 0.5073 0.0000 0.0000 0.0000 0.1923 0.0012 0.0544
327      327   (0)      8  : 0.0000 0.1059 0.0000 0.0000 0.0000 0.1184 0.0000 0.3943 0.0000 0.0000 0.0000 0.1978 0.0273 0.1562
328      328   (0)      8  : 0.0000 0.0512 0.0000 0.0000 0.0000 0.1378 0.0000 0.5133 0.0000 0.0000 0.0000 0.1611 0.0803 0.0562
329      329   (0)      8  : 0.0000 0.5496 0.0000 0.0000 0.0000 0.0834 0.0000 0.2036 0.0000 0.0000 0.0000 0.0379 0.0972 0.0284
330      330   (0)      9  : 0.0000 0.2761 0.0000 0.0000 0.0000 0.0000 0.0000 0.2285 0.0004 0.0000 0.0000 0.3801 0.0000 0.1149
331      331   (0)      9  : 0.0000 0.0991 0.0000 0.0000 0.0000 0.0632 0.0000 0.4919 0.0000 0.0000 0.0000 0.1720 0.1727 0.0012
332      332   (0)      9  : 0.0000 0.1660 0.0000 0.0000 0.0000 0.2121 0.0000 0.1610 0.0009 0.0000 0.0000 0.2677 0.0000 0.1923
333      333   (0)      9  : 0.0000 0.3283 0.0000 0.0000 0.0000 0.0753 0.0000 0.3737 0.0000 0.0000 0.0000 0.0591 0.1097 0.0540
334      334   (0)      9  : 0.0000 0.2561 0.0000 0.0000 0.0000 0.4358 0.0000 0.0283 0.0000 0.0000 0.0000 0.1135 0.0000 0.1664
335      335   (0)      9  : 0.0000 0.3766 0.0000 0.0000 0.0000 0.0337 0.0000 0.2578 0.0000 0.0000 0.0000 0.0250 0.2100 0.0969
336      336   (0)      8  : 0.0000 0.1440 0.0000 0.0000 0.0000 0.2171 0.0000 0.4155 0.0000 0.0000 0.0000 0.1164 0.0392 0.0677
337      337   (0)      8  : 0.0000 0.2782 0.0000 0.0000 0.0000 0.1155 0.0000 0.0103 0.0040 0.0000 0.0000 0.2835 0.0405 0.2680
338      338   (0)      8  : 0.0000 0.0456 0.0000 0.0000 0.0000 0.4065 0.0000 0.0860 0.0000 0.0000 0.0000 0.1473 0.0000 0.3145
339      339   (0)      8  : 0.0000 0.2832 0.0000 0.0000 0.0000 0.1879 0.0000 0.1458 0.0038 0.0000 0.0000 0.1203 0.1031 0.1560
340      340   (0)      8  : 0.0000 0.2269 0.0000 0.0000 0.0000 0.0000 0.0000 0.2003 0.0000 0.0000 0.0000 0.3286 0.0368 0.2074
341      341   (0)      8  : 0.0000 0.1937 0.0000 0.0000 0.0133 0.0901 0.0000 0.1636 0.0085 0.0000 0.0000 0.3526 0.0145 0.1636
342      342   (0)      8  : 0.0000 0.0570 0.0000 0.0000 0.0000 0.1945 0.0000 0.2891 0.0000 0.0000 0.0000 0.1679 0.0721 0.2195
343      343   (0)      9  : 0.0000 0.5678 0.0000 0.0000 0.0000 0.0288 0.0000 0.0312 0.0017 0.0000 0.0000 0.1514 0.0245 0.1947
344      344   (0)      9  : 0.0000 0.4762 0.0000 0.0000 0.0000 0.0956 0.0000 0.1508 0.0000 0.0000 0.0000 0.0862 0.0934 0.0977
345      345   (0)      9  : 0.0000 0.1125 0.0000 0.0000 0.0000 0.0000 0.0000 0.6406 0.0000 0.0000 0.0000 0.0962 0.0622 0.0885
346      346   (0)      9  : 0.0000 0.5117 0.0000 0.0000 0.0136 0.1411 0.0000 0.0811 0.0000 0.0000 0.0000 0.1842 0.0284 0.0399
347      347   (0)      9  : 0.0000 0.6502 0.0000 0.0000 0.0098 0.1089 0.0000 0.0817 0.0000 0.0000 0.0000 0.0265 0.0464 0.0765
348      348   (0)      9  : 0.0000 0.2962 0.0000 0.0000 0.0000 0.0396 0.0000 0.2239 0.0141 0.0000 0.0000 0.3498 0.0000 0.0765
349      349   (0)      9  : 0.0000 0.0883 0.0000 0.0000 0.0085 0.3857 0.0000 0.1317 0.0148 0.0000 0.0000 0.1126 0.1111 0.1473
350      350   (0)      9  : 0.0000 0.4181 0.0000 0.0000 0.0000 0.1929 0.0000 0.1577 0.0000 0.0000 0.0000 0.0238 0.0000 0.2075
351      351   (0)      9  : 0.0000 0.2033 0.0000 0.0000 0.0192 0.2198 0.0000 0.2226 0.0000 0.0000 0.0000 0.2799 0.0008 0.0544
352      352   (0)      9  : 0.0000 0.0408 0.0000 0.0000 0.0001 0.5015 0.0000 0.0154 0.0000 0.0000 0.0000 0.1206 0.0265 0.2952
353      353   (0)      9  : 0.0000 0.3783 0.0000 0.0000 0.0107 0.1341 0.0000 0.0673 0.0000 0.0000 0.0000 0.1206 0.1111 0.1778
354      354   (0)      9  : 0.0000 0.4460 0.0000 0.0000 0.0000 0.1212 0.0000 0.2756 0.0000 0.0000 0.0000 0.0500 0.0743 0.0328
355      355   (0)      9  : 0.0000 0.0052 0.0000 0.0000 0.0000 0.0802 0.0000 0.4740 0.0067 0.0000 0.0000 0.2798 0.0886 0.0655
356      356   (0)      9  : 0.0000 0.2151 0.0000 0.0000 0.0069 0.1851 0.0000 0.1897 0.0000 0.0000 0.0000 0.1470 0.1380 0.1182
357      357   (0)      9  : 0.0000 0.3939 0.0000 0.0000 0.0000 0.0218 0.0000 0.0893 0.0000 0.0000 0.0000 0.3044 0.0870 0.1035
358      358   (0)      9  : 0.0000 0.4034 0.0000 0.0000 0.0060 0.0215 0.0000 0.1857 0.0000 0.0000 0.0000 0.2744 0.0000 0.1089
359      359   (0)      9  : 0.0000 0.0221 0.0000 0.0000 0.0000 0.3436 0.0000 0.0678 0.0000 0.0000 0.0000 0.2559 0.0000 0.3106
360      360   (0)      9  : 0.0000 0.3264 0.0000 0.0000 0.0000 0.1790 0.0000 0.0920 0.0007 0.0000 0.0000 0.2279 0.0703 0.1038
361      361   (0)      9  : 0.0000 0.2326 0.0000 0.0000 0.0000 0.2413 0.0000 0.2549 0.0000 0.0000 0.0000 0.0571 0.0768 0.1373
362      362   (0)     10  : 0.0000 0.2515 0.0000 0.0000 0.0000 0.0000 0.0000 0.3921 0.0000 0.0000 0.0000 0.2726 0.0189 0.0649
363      363   (0)     10  : 0.0000 0.4309 0.0000 0.0000 0.0000 0.0161 0.0000 0.3512 0.0000 0.0000 0.0000 0.1188 0.0830 0.0000
364      364   (0)     10  : 0.0000 0.3185 0.0000 0.0000 0.0000 0.0178 0.0000 0.4948 0.0000 0.0000 0.0000 0.0528 0.0807 0.0354
365      365   (0)     10  : 0.0000 0.1867 0.0031 0.0000 0.0000 0.0598 0.0000 0.4788 0.0000 0.0000 0.0000 0.1796 0.0000 0.0921
366      366   (0)     10  : 0.0000 0.0632 0.0000 0.0000 0.0000 0.3184 0.0000 0.2094 0.0000 0.0000 0.0000 0.1372 0.1871 0.0847
367      367   (0)     10  : 0.0000 0.1300 0.0000 0.0000 0.0162 0.0160 0.0000 0.3501 0.0000 0.0000 0.0000 0.3418 0.0341 0.1119
368      368   (0)     10  : 0.0000 0.1986 0.0000 0.0000 0.0000 0.4242 0.0000 0.0570 0.0000 0.0000 0.0000 0.1196 0.0316 0.1689
369      369   (0)     10  : 0.0000 0.0942 0.0000 0.0000 0.0000 0.5659 0.0000 0.0621 0.0000 0.0000 0.0000 0.1116 0.0447 0.1215
370      370   (0)     10  : 0.0000 0.1663 0.0000 0.0000 0.0294 0.1510 0.0000 0.3182 0.0000 0.0000 0.0000 0.1279 0.1671 0.0402
371      371   (0)     10  : 0.0000 0.3685 0.0000 0.0000 0.0007 0.2863 0.0000 0.1796 0.0000 0.0000 0.0000 0.0245 0.0969 0.0435
372      372   (0)     10  : 0.0000 0.2853 0.0000 0.0000 0.0000 0.0853 0.0000 0.4141 0.0000 0.0000 0.0000 0.1101 0.0308 0.0745
373      373   (0)     10  : 0.0000 0.2302 0.0000 0.0000 0.0000 0.1113 0.0000 0.4189 0.0000 0.0000 0.0000 0.0309 0.1486 0.0601
374      374   (0)     10  : 0.0000 0.5957 0.0000 0.0000 0.0000 0.0231 0.0000 0.2293 0.0000 0.0000 0.0000 0.0428 0.0642 0.0449
375      375   (0)     10  : 0.0000 0.2965 0.0000 0.0000 0.0000 0.0400 0.0000 0.4036 0.0000 0.0000 0.0000 0.1695 0.0670 0.0233
376      376   (0)     10  : 0.0000 0.0119 0.0000 0.0000 0.0000 0.0000 0.0000 0.6456 0.0198 0.0000 0.0000 0.2085 0.0000 0.1141
377      377   (0)     10  : 0.0000 0.1361 0.0000 0.0000 0.0000 0.1369 0.0000 0.3880 0.0265 0.0000 0.0000 0.1697 0.0715 0.0713
378      378   (0)     10  : 0.0000 0.7844 0.0000 0.0000 0.0000 0.0000 0.0000 0.1111 0.0000 0.0000 0.0000 0.1044 0.0000 0.0000
379      379   (0)     10  : 0.0000 0.0642 0.0012 0.0000 0.0271 0.3974 0.0000 0.2498 0.0000 0.0000 0.0000 0.1552 0.0545 0.0505
380      380   (0)     10  : 0.0000 0.0827 0.0000 0.0000 0.0000 0.6072 0.0000 0.0010 0.0000 0.0000 0.0000 0.0000 0.0191 0.2899
381      381   (0)     10  : 0.0000 0.6966 0.0000 0.0000 0.0000 0.0000 0.0000 0.0673 0.0000 0.0000 0.0000 0.2078 0.0000 0.0284
382      382   (0)     10  : 0.0000 0.1800 0.0000 0.0000 0.0000 0.1803 0.0000 0.2412 0.0000 0.0000 0.0000 0.1478 0.1091 0.1416
383      383   (0)     10  : 0.0000 0.1794 0.0000 0.0000 0.0219 0.1714 0.0000 0.0384 0.0052 0.0000 0.0000 0.3502 0.0021 0.2315
384      384   (0)     10  : 0.0000 0.1201 0.0005 0.0000 0.0000 0.0956 0.0000 0.3782 0.0000 0.0000 0.0000 0.3221 0.0835 0.0000
385      385   (0)     10  : 0.0000 0.5994 0.0000 0.0000 0.0000 0.0022 0.0000 0.0466 0.0000 0.0000 0.0000 0.2745 0.0354 0.0419
386      386   (0)     10  : 0.0000 0.0527 0.0000 0.0000 0.0046 0.0569 0.0000 0.4328 0.0015 0.0000 0.0000 0.1701 0.2222 0.0592
387      387   (0)     10  : 0.0000 0.1286 0.0025 0.0000 0.0000 0.0340 0.0000 0.3474 0.0000 0.0000 0.0000 0.3269 0.0017 0.1590
388      388   (0)     10  : 0.0000 0.5147 0.0000 0.0000 0.0000 0.0690 0.0000 0.0570 0.0000 0.0000 0.0000 0.0816 0.0984 0.1792
389      389   (0)     10  : 0.0000 0.0891 0.0000 0.0000 0.0000 0.1220 0.0000 0.2635 0.0000 0.0000 0.0000 0.2596 0.1684 0.0974
390      390   (0)      8  : 0.0000 0.1192 0.0000 0.0000 0.0094 0.2722 0.0000 0.1982 0.0000 0.0000 0.0000 0.2506 0.0000 0.1504
391      391   (0)      8  : 0.0000 0.0561 0.0000 0.0000 0.0000 0.0278 0.0000 0.5639 0.0000 0.0000 0.0000 0.1240 0.1427 0.0855
392      392   (0)      8  : 0.0000 0.1182 0.0000 0.0000 0.0004 0.6294 0.0000 0.0367 0.0000 0.0000 0.0000 0.0615 0.0696 0.0842
393      393   (0)     11  : 0.0000 0.1784 0.0000 0.0000 0.0000 0.5610 0.0000 0.0384 0.0000 0.0000 0.0000 0.0000 0.1679 0.0543
394      394   (0)     11  : 0.0000 0.1235 0.0000 0.0000 0.0000 0.0499 0.0000 0.1821 0.0000 0.0000 0.0000 0.2775 0.0336 0.3333
395      395   (0)     11  : 0.0049 0.2286 0.0000 0.0005 0.0000 0.2064 0.0000 0.1035 0.0157 0.0000 0.0000 0.0730 0.1274 0.2400
396      396   (0)     11  : 0.0228 0.1148 0.0000 0.0037 0.0134 0.2339 0.0000 0.1257 0.0000 0.0000 0.0019 0.0495 0.1177 0.3166
397      397   (0)     11  : 0.0000 0.2851 0.0001 0.0000 0.0000 0.0232 0.0000 0.2133 0.0000 0.0000 0.0000 0.3454 0.0193 0.1136
398      398   (0)     11  : 0.0000 0.0169 0.0000 0.0000 0.0000 0.1707 0.0000 0.4400 0.0000 0.0000 0.0000 0.2072 0.0792 0.0859
399      399   (0)     11  : 0.0000 0.3602 0.0000 0.0000 0.0000 0.1008 0.0000 0.2719 0.0000 0.0000 0.0000 0.0925 0.1044 0.0702
400      400   (0)     11  : 0.0000 0.3827 0.0014 0.0000 0.0000 0.0598 0.0000 0.1622 0.0007 0.0000 0.0000 0.3024 0.0244 0.0664
401      401   (0)     11  : 0.0000 0.0513 0.0000 0.0000 0.0000 0.3941 0.0000 0.0949 0.0000 0.0000 0.0000 0.1264 0.1034 0.2299
402      402   (0)     11  : 0.0000 0.3198 0.0000 0.0000 0.0000 0.2829 0.0000 0.1572 0.0000 0.0000 0.0000 0.0430 0.0785 0.1185
403      403   (0)     11  : 0.0000 0.3256 0.0000 0.0000 0.0000 0.1392 0.0000 0.0770 0.0025 0.0000 0.0000 0.3803 0.0376 0.0377
404      404   (0)     11  : 0.0000 0.3104 0.0000 0.0000 0.0003 0.1068 0.0000 0.1075 0.0000 0.0000 0.0000 0.3003 0.0000 0.1747
405      405   (0)     11  : 0.0000 0.1182 0.0000 0.0000 0.0576 0.5871 0.0000 0.0617 0.0062 0.0000 0.0000 0.0502 0.0462 0.0728
406      406   (0)     11  : 0.0000 0.1680 0.0000 0.0000 0.0000 0.1324 0.0000 0.2403 0.0000 0.0000 0.0000 0.1352 0.0275 0.2965
407      407   (0)     11  : 0.0000 0.0668 0.0000 0.0000 0.0000 0.3060 0.0000 0.3162 0.0013 0.0000 0.0000 0.0953 0.1941 0.0203
408      408   (0)     11  : 0.0000 0.1943 0.0000 0.0000 0.0019 0.1735 0.0000 0.3927 0.0000 0.0000 0.0000 0.1427 0.0666 0.0283
409      409   (0)     11  : 0.0000 0.4838 0.0040 0.0000 0.0037 0.0951 0.0000 0.0576 0.0111 0.0012 0.0007 0.2127 0.0737 0.0565
410      410   (0)     11  : 0.0000 0.1307 0.0000 0.0000 0.0000 0.1900 0.0000 0.4257 0.0005 0.0000 0.0000 0.0131 0.2231 0.0168
411      411   (0)     11  : 0.0000 0.1529 0.0000 0.0000 0.0000 0.1690 0.0000 0.4038 0.0000 0.0000 0.0000 0.1052 0.0620 0.1071
412      412   (0)     11  : 0.0000 0.0055 0.0000 0.0000 0.0000 0.1962 0.0000 0.3211 0.0006 0.0000 0.0000 0.3392 0.0149 0.1224
413      413   (0)     11  : 0.0000 0.0209 0.0000 0.0000 0.0223 0.0646 0.0000 0.5390 0.0000 0.0000 0.0000 0.2541 0.0000 0.0991
414      414   (0)     11  : 0.0000 0.2186 0.0000 0.0000 0.0000 0.0559 0.0000 0.3300 0.0000 0.0000 0.0000 0.1108 0.0786 0.2061
415      415   (0)     11  : 0.0000 0.2127 0.0000 0.0000 0.0000 0.0880 0.0000 0.3908 0.0070 0.0000 0.0000 0.0753 0.1368 0.0894
416      416   (0)     11  : 0.0000 0.0795 0.0000 0.0000 0.0000 0.0708 0.0000 0.4260 0.0267 0.0000 0.0000 0.2974 0.0630 0.0366
417      417   (0)     11  : 0.0000 0.1037 0.0000 0.0000 0.0000 0.2042 0.0000 0.2543 0.0000 0.0000 0.0000 0.1930 0.0929 0.1520
418      418   (0)     11  : 0.0021 0.1952 0.0000 0.0075 0.0191 0.1260 0.0000 0.1170 0.0000 0.0000 0.0000 0.2632 0.0181 0.2518
419      419   (0)     11  : 0.0000 0.1082 0.0000 0.0000 0.0000 0.6502 0.0000 0.0569 0.0000 0.0000 0.0000 0.0539 0.0844 0.0465
420      420   (0)     11  : 0.0000 0.2793 0.0000 0.0000 0.0000 0.2665 0.0000 0.1417 0.0000 0.0000 0.0000 0.0111 0.1832 0.1183
421      421   (0)     11  : 0.0000 0.0125 0.0000 0.0000 0.0000 0.6480 0.0000 0.0718 0.0024 0.0000 0.0000 0.1402 0.0637 0.0614
422      422   (0)     11  : 0.0000 0.2400 0.0000 0.0000 0.0016 0.0485 0.0000 0.2551 0.0000 0.0000 0.0000 0.2935 0.0000 0.1612
423      423   (0)     12  : 0.2865 0.0000 0.0000 0.7135 0.0000 0.0000 0.0000 0.0000 0.0000 0.0000 0.0000 0.0000 0.0000 0.0000
424      424   (0)     12  : 0.0000 0.0282 0.0000 0.0000 0.7508 0.0144 0.0000 0.0486 0.0878 0.0000 0.0000 0.0130 0.0000 0.0574
425      425   (0)     12  : 0.5059 0.0000 0.0000 0.4673 0.0000 0.0000 0.0000 0.0000 0.0000 0.0000 0.0000 0.0000 0.0268 0.0000
426      426   (0)     12  : 0.0000 0.0005 0.0000 0.0000 0.4401 0.0000 0.0000 0.0335 0.4320 0.0000 0.0000 0.0241 0.0000 0.0698
427      427   (0)     12  : 0.3083 0.0000 0.0000 0.6265 0.0000 0.0000 0.0040 0.0000 0.0000 0.0026 0.0026 0.0000 0.0560 0.0001
428      428   (0)     12  : 0.3483 0.0000 0.0000 0.5623 0.0113 0.0019 0.0170 0.0008 0.0000 0.0130 0.0349 0.0005 0.0098 0.0000
429      429   (0)     12  : 0.0000 0.0000 0.0000 0.0000 0.0000 0.0000 0.0000 0.0000 1.0000 0.0000 0.0000 0.0000 0.0000 0.0000
430      430   (0)     12  : 0.7744 0.0000 0.0000 0.1590 0.0000 0.0000 0.0108 0.0000 0.0000 0.0078 0.0027 0.0000 0.0452 0.0000
431      431   (0)     12  : 0.6476 0.0000 0.0024 0.3181 0.0000 0.0000 0.0042 0.0000 0.0000 0.0045 0.0233 0.0000 0.0000 0.0000
432      432   (0)     12  : 0.0000 0.0339 0.0000 0.0000 0.8145 0.0000 0.0000 0.0000 0.0337 0.0000 0.0000 0.0001 0.0000 0.1178
433      433   (0)     12  : 0.8067 0.0000 0.0000 0.1841 0.0000 0.0000 0.0000 0.0000 0.0091 0.0000 0.0000 0.0000 0.0000 0.0000
434      434   (0)     12  : 0.7074 0.0000 0.0000 0.2926 0.0000 0.0000 0.0000 0.0000 0.0000 0.0000 0.0000 0.0000 0.0000 0.0000
435      435   (0)     12  : 0.6680 0.0000 0.0013 0.2532 0.0000 0.0000 0.0000 0.0000 0.0046 0.0063 0.0349 0.0000 0.0317 0.0000
436      436   (0)     12  : 0.6682 0.0000 0.0003 0.2839 0.0000 0.0000 0.0025 0.0000 0.0000 0.0026 0.0107 0.0000 0.0318 0.0000
437      437   (0)     12  : 0.9750 0.0000 0.0000 0.0000 0.0000 0.0000 0.0000 0.0000 0.0250 0.0000 0.0000 0.0000 0.0000 0.0000
438      438   (0)     12  : 0.5930 0.0000 0.0000 0.3735 0.0000 0.0000 0.0000 0.0000 0.0000 0.0000 0.0006 0.0000 0.0328 0.0000
439      439   (0)     12  : 0.0000 0.0000 0.0000 0.0000 0.9312 0.0000 0.0000 0.0000 0.0000 0.0000 0.0000 0.0000 0.0000 0.0688
440      440   (0)     12  : 0.0000 0.0000 0.0000 0.0000 0.8689 0.0000 0.0000 0.0000 0.0200 0.0000 0.0000 0.0000 0.0000 0.1111
441      441   (0)     12  : 0.9411 0.0000 0.0000 0.0589 0.0000 0.0000 0.0000 0.0000 0.0000 0.0000 0.0000 0.0000 0.0000 0.0000
442      442   (0)     12  : 0.0000 0.0000 0.0000 0.0000 0.4109 0.0000 0.0000 0.0000 0.5335 0.0000 0.0000 0.0000 0.0000 0.0557
443      443   (0)     12  : 0.4898 0.0000 0.0000 0.4555 0.0000 0.0000 0.0144 0.0000 0.0000 0.0000 0.0009 0.0000 0.0394 0.0000
444      444   (0)     12  : 0.9484 0.0000 0.0000 0.0465 0.0000 0.0000 0.0045 0.0000 0.0000 0.0000 0.0000 0.0000 0.0006 0.0000
445      445   (0)     12  : 0.1396 0.0000 0.0000 0.7907 0.0000 0.0000 0.0000 0.0000 0.0000 0.0086 0.0047 0.0000 0.0564 0.0000
446      446   (0)     12  : 0.4654 0.0000 0.0000 0.5013 0.0000 0.0000 0.0000 0.0000 0.0000 0.0000 0.0000 0.0000 0.0333 0.0000
447      447   (0)     12  : 0.9090 0.0000 0.0000 0.0842 0.0000 0.0000 0.0000 0.0000 0.0000 0.0000 0.0068 0.0000 0.0000 0.0000
448      448   (0)     12  : 0.6969 0.0000 0.0000 0.3031 0.0000 0.0000 0.0000 0.0000 0.0000 0.0000 0.0000 0.0000 0.0000 0.0000
449      449   (0)     12  : 0.9596 0.0000 0.0000 0.0352 0.0000 0.0000 0.0000 0.0000 0.0000 0.0000 0.0000 0.0000 0.0052 0.0000
450      450   (0)     12  : 0.8000 0.0000 0.0000 0.1988 0.0000 0.0000 0.0012 0.0000 0.0000 0.0000 0.0000 0.0000 0.0000 0.0000
451      451   (0)     12  : 0.4440 0.0000 0.0000 0.5063 0.0000 0.0000 0.0263 0.0001 0.0000 0.0070 0.0100 0.0000 0.0064 0.0000
452      452   (0)     12  : 0.2777 0.0000 0.0000 0.5887 0.0000 0.0000 0.0037 0.0000 0.0000 0.0030 0.0158 0.0000 0.1111 0.0000
453      453   (0)     13  : 0.5676 0.0000 0.0000 0.4324 0.0000 0.0000 0.0000 0.0000 0.0000 0.0000 0.0000 0.0000 0.0000 0.0000
454      454   (0)     13  : 0.7378 0.0000 0.0022 0.2581 0.0000 0.0000 0.0009 0.0000 0.0000 0.0000 0.0000 0.0000 0.0000 0.0010
455      455   (0)     13  : 0.5138 0.0000 0.0000 0.4862 0.0000 0.0000 0.0000 0.0000 0.0000 0.0000 0.0000 0.0000 0.0000 0.0000
456      456   (0)     13  : 0.0000 0.0000 0.0000 0.0000 0.8785 0.0083 0.0000 0.0000 0.0494 0.0000 0.0000 0.0000 0.0000 0.0638
457      457   (0)     13  : 0.6934 0.0000 0.0000 0.2420 0.0000 0.0000 0.0253 0.0000 0.0000 0.0059 0.0108 0.0000 0.0225 0.0000
458      458   (0)     13  : 0.7497 0.0000 0.0000 0.2503 0.0000 0.0000 0.0000 0.0000 0.0000 0.0000 0.0000 0.0000 0.0000 0.0000
459      459   (0)     13  : 0.6612 0.0000 0.0000 0.3179 0.0000 0.0000 0.0000 0.0000 0.0000 0.0000 0.0000 0.0000 0.0210 0.0000
460      460   (0)     13  : 0.4202 0.0000 0.0000 0.5533 0.0000 0.0000 0.0000 0.0000 0.0000 0.0000 0.0000 0.0000 0.0265 0.0000
461      461   (0)     13  : 0.5417 0.0000 0.0000 0.4398 0.0000 0.0000 0.0000 0.0000 0.0000 0.0000 0.0000 0.0000 0.0185 0.0000
462      462   (0)     13  : 0.2200 0.0000 0.0003 0.6972 0.0000 0.0000 0.0093 0.0000 0.0000 0.0091 0.0000 0.0000 0.0641 0.0000
463      463   (0)     13  : 0.7854 0.0000 0.0000 0.1873 0.0000 0.0000 0.0094 0.0000 0.0000 0.0081 0.0055 0.0000 0.0042 0.0000
464      464   (0)     13  : 0.0000 0.0000 0.0003 0.0000 0.0000 0.0000 0.2665 0.0000 0.0000 0.4358 0.1497 0.0000 0.0780 0.0696
465      465   (0)     13  : 0.9991 0.0000 0.0009 0.0000 0.0000 0.0000 0.0000 0.0000 0.0000 0.0000 0.0000 0.0000 0.0000 0.0000
466      466   (0)     13  : 0.2272 0.0000 0.0001 0.7417 0.0000 0.0000 0.0000 0.0000 0.0000 0.0008 0.0000 0.0000 0.0302 0.0000
467      467   (0)     13  : 0.4227 0.0000 0.0008 0.5217 0.0000 0.0000 0.0133 0.0000 0.0000 0.0001 0.0135 0.0000 0.0279 0.0000
468      468   (0)     13  : 0.0170 0.0000 0.0000 0.0333 0.0000 0.0000 0.4055 0.0007 0.0000 0.4233 0.0488 0.0018 0.0696 0.0000
469      469   (0)     13  : 0.0000 0.0000 0.0000 0.0000 0.0000 0.0000 0.2111 0.0000 0.0051 0.4631 0.3207 0.0000 0.0000 0.0000
470      470   (0)     13  : 0.7306 0.0000 0.0000 0.2043 0.0000 0.0000 0.0010 0.0000 0.0000 0.0010 0.0213 0.0000 0.0419 0.0000
471      471   (0)     13  : 0.5211 0.0028 0.0000 0.4052 0.0000 0.0003 0.0000 0.0025 0.0148 0.0000 0.0007 0.0112 0.0332 0.0082
472      472   (0)     13  : 0.4942 0.0000 0.0000 0.4661 0.0000 0.0000 0.0026 0.0000 0.0000 0.0033 0.0000 0.0000 0.0337 0.0000
473      473   (0)     13  : 0.0367 0.0097 0.0000 0.0073 0.8440 0.0521 0.0000 0.0087 0.0144 0.0000 0.0000 0.0000 0.0135 0.0137
474      474   (0)     13  : 0.3841 0.0000 0.0000 0.5906 0.0000 0.0000 0.0005 0.0000 0.0000 0.0004 0.0000 0.0000 0.0244 0.0000
475      475   (0)     13  : 0.6276 0.0000 0.0000 0.3691 0.0000 0.0000 0.0000 0.0000 0.0000 0.0000 0.0033 0.0000 0.0000 0.0000
476      476   (0)     13  : 0.0000 0.0000 0.0000 0.0000 0.8426 0.0000 0.0000 0.0000 0.0462 0.0000 0.0000 0.0000 0.0000 0.1111
477      477   (0)     13  : 0.7731 0.0000 0.0000 0.1911 0.0003 0.0000 0.0021 0.0000 0.0115 0.0218 0.0000 0.0000 0.0000 0.0000
478      478   (0)     13  : 0.2582 0.0000 0.0114 0.6787 0.0000 0.0000 0.0000 0.0000 0.0064 0.0000 0.0000 0.0000 0.0454 0.0000
479      479   (0)     13  : 0.7899 0.0000 0.0000 0.1758 0.0000 0.0000 0.0087 0.0000 0.0008 0.0000 0.0000 0.0000 0.0248 0.0000
480      480   (0)     13  : 0.0000 0.0013 0.0000 0.0000 0.8870 0.0000 0.0000 0.0000 0.1112 0.0000 0.0000 0.0000 0.0000 0.0004
481      481   (0)     13  : 0.0992 0.0000 0.0055 0.0006 0.0000 0.0000 0.3983 0.0000 0.0091 0.0946 0.3495 0.0000 0.0015 0.0415
482      482   (0)     13  : 0.5146 0.0000 0.0000 0.4261 0.0000 0.0000 0.0091 0.0000 0.0000 0.0056 0.0208 0.0000 0.0237 0.0000
483      483   (0)     14  : 0.7948 0.0000 0.0000 0.2052 0.0000 0.0000 0.0000 0.0000 0.0000 0.0000 0.0000 0.0000 0.0000 0.0000
484      484   (0)     14  : 0.9093 0.0000 0.0000 0.0907 0.0000 0.0000 0.0000 0.0000 0.0000 0.0000 0.0000 0.0000 0.0000 0.0000
485      485   (0)     15  : 0.9041 0.0000 0.0000 0.0936 0.0000 0.0000 0.0000 0.0000 0.0000 0.0019 0.0000 0.0000 0.0000 0.0004
486      486   (0)     15  : 0.9186 0.0000 0.0000 0.0813 0.0000 0.0000 0.0001 0.0000 0.0000 0.0000 0.0000 0.0000 0.0000 0.0000
487      487   (0)     15  : 0.9374 0.0000 0.0000 0.0552 0.0000 0.0000 0.0030 0.0000 0.0000 0.0000 0.0021 0.0000 0.0000 0.0023
488      488   (0)     15  : 0.5718 0.0000 0.0019 0.4038 0.0000 0.0000 0.0000 0.0000 0.0000 0.0000 0.0000 0.0000 0.0216 0.0009
489      489   (0)     15  : 0.0000 0.0017 0.0000 0.0000 0.9888 0.0022 0.0000 0.0023 0.0000 0.0000 0.0000 0.0000 0.0049 0.0000
490      490   (0)     15  : 0.0000 0.0000 0.0000 0.0000 0.8545 0.0000 0.0000 0.0000 0.0344 0.0000 0.0000 0.0000 0.0000 0.1111
491      491   (0)     15  : 0.4141 0.0000 0.0000 0.5163 0.0000 0.0000 0.0009 0.0000 0.0000 0.0000 0.0019 0.0000 0.0667 0.0000
492      492   (0)     15  : 0.0000 0.0000 0.0000 0.0000 1.0000 0.0000 0.0000 0.0000 0.0000 0.0000 0.0000 0.0000 0.0000 0.0000
493      493   (0)     15  : 0.3197 0.0000 0.0147 0.5992 0.0000 0.0000 0.0036 0.0000 0.0000 0.0052 0.0029 0.0000 0.0547 0.0000
494      494   (0)     15  : 0.5199 0.0000 0.0000 0.4456 0.0000 0.0000 0.0000 0.0000 0.0000 0.0072 0.0000 0.0000 0.0254 0.0020
495      495   (0)     15  : 0.7613 0.0000 0.0000 0.2387 0.0000 0.0000 0.0000 0.0000 0.0000 0.0000 0.0000 0.0000 0.0000 0.0000
496      496   (0)     15  : 0.2364 0.0000 0.0029 0.7073 0.0000 0.0000 0.0020 0.0000 0.0000 0.0000 0.0000 0.0000 0.0511 0.0003
497      497   (0)     15  : 0.2473 0.0000 0.0000 0.7344 0.0000 0.0000 0.0000 0.0000 0.0000 0.0016 0.0046 0.0000 0.0087 0.0033
498      498   (0)     15  : 0.5738 0.0000 0.0000 0.3475 0.0000 0.0000 0.0000 0.0000 0.0000 0.0158 0.0283 0.0000 0.0346 0.0000
499      499   (0)     15  : 0.7322 0.0000 0.0000 0.2135 0.0000 0.0000 0.0049 0.0000 0.0000 0.0170 0.0022 0.0000 0.0302 0.0000
500      500   (0)     15  : 0.9293 0.0000 0.0000 0.0635 0.0000 0.0000 0.0015 0.0000 0.0000 0.0057 0.0000 0.0000 0.0000 0.0000
501      501   (0)     15  : 0.8427 0.0000 0.0000 0.1322 0.0000 0.0000 0.0014 0.0000 0.0108 0.0128 0.0000 0.0000 0.0000 0.0000
502      502   (0)     15  : 0.8285 0.0000 0.0000 0.1642 0.0000 0.0000 0.0066 0.0000 0.0000 0.0006 0.0000 0.0000 0.0000 0.0000
503      503   (0)     15  : 0.3370 0.0000 0.0000 0.5519 0.0000 0.0000 0.0000 0.0000 0.0000 0.0000 0.0000 0.0000 0.1111 0.0000
504      504   (0)     15  : 0.9722 0.0000 0.0000 0.0274 0.0000 0.0000 0.0003 0.0000 0.0000 0.0000 0.0000 0.0000 0.0000 0.0000
505      505   (0)     15  : 0.8275 0.0000 0.0000 0.1492 0.0000 0.0000 0.0089 0.0000 0.0000 0.0000 0.0102 0.0000 0.0000 0.0042
506      506   (0)     15  : 0.4392 0.0000 0.0000 0.5539 0.0000 0.0000 0.0000 0.0000 0.0000 0.0010 0.0056 0.0000 0.0002 0.0000
507      507   (0)     15  : 0.6172 0.0000 0.0000 0.3699 0.0000 0.0000 0.0048 0.0000 0.0000 0.0081 0.0000 0.0000 0.0000 0.0000
508      508   (0)     15  : 0.6982 0.0000 0.0000 0.2809 0.0000 0.0000 0.0042 0.0000 0.0000 0.0066 0.0032 0.0000 0.0069 0.0000
509      509   (0)     15  : 0.0000 0.0000 0.0000 0.0000 0.9989 0.0000 0.0000 0.0000 0.0011 0.0000 0.0000 0.0000 0.0000 0.0000
510      510   (0)     15  : 0.0000 0.0000 0.0000 0.0000 0.8850 0.0000 0.0000 0.0000 0.0000 0.0000 0.0000 0.0028 0.0010 0.1111
511      511   (0)     15  : 0.8122 0.0000 0.0087 0.1223 0.0028 0.0032 0.0051 0.0088 0.0002 0.0062 0.0048 0.0020 0.0169 0.0067
512      512   (0)     15  : 0.1698 0.0000 0.0000 0.7866 0.0000 0.0000 0.0000 0.0000 0.0000 0.0000 0.0000 0.0000 0.0436 0.0000
513      513   (0)     15  : 0.5346 0.0000 0.0000 0.4036 0.0000 0.0000 0.0027 0.0000 0.0000 0.0079 0.0069 0.0000 0.0410 0.0034
514      514   (0)     15  : 0.4984 0.0000 0.0000 0.4074 0.0000 0.0000 0.0177 0.0000 0.0000 0.0000 0.0054 0.0000 0.0710 0.0000
515      515   (0)     16  : 0.0168 0.0000 0.0000 0.0000 0.0000 0.0000 0.5412 0.0000 0.0000 0.2244 0.1111 0.0000 0.0457 0.0607
516      516   (0)     16  : 0.6832 0.0000 0.0011 0.3019 0.0000 0.0000 0.0066 0.0000 0.0000 0.0066 0.0000 0.0000 0.0006 0.0000
517      517   (0)     16  : 0.0000 0.0074 0.0000 0.0000 0.7467 0.0061 0.0000 0.0166 0.0902 0.0000 0.0000 0.0088 0.0069 0.1173
518      518   (0)     16  : 0.5885 0.0000 0.0146 0.3324 0.0000 0.0000 0.0047 0.0000 0.0000 0.0087 0.0020 0.0000 0.0491 0.0000
519      519   (0)     16  : 0.0289 0.0000 0.0000 0.8589 0.0000 0.0000 0.0000 0.0000 0.0000 0.0011 0.0000 0.0000 0.1111 0.0000
520      520   (0)     16  : 0.2526 0.0000 0.0000 0.6029 0.0000 0.0000 0.0041 0.0000 0.0000 0.0131 0.0098 0.0000 0.1175 0.0000
521      521   (0)     16  : 0.1332 0.0000 0.0000 0.8489 0.0000 0.0000 0.0027 0.0000 0.0000 0.0010 0.0112 0.0000 0.0029 0.0000
522      522   (0)     16  : 0.0000 0.0000 0.0000 0.0000 0.0000 0.0000 0.0000 0.0000 1.0000 0.0000 0.0000 0.0000 0.0000 0.0000
523      523   (0)     16  : 0.2229 0.0000 0.0000 0.7614 0.0000 0.0000 0.0000 0.0000 0.0000 0.0016 0.0008 0.0000 0.0133 0.0000
524      524   (0)     16  : 0.0000 0.0000 0.0000 0.0000 0.8380 0.0163 0.0000 0.0312 0.0971 0.0000 0.0000 0.0174 0.0000 0.0000
525      525   (0)     16  : 0.5854 0.0000 0.0000 0.4063 0.0000 0.0000 0.0074 0.0000 0.0000 0.0009 0.0000 0.0000 0.0000 0.0000
526      526   (0)     16  : 0.0000 0.0000 0.0000 0.8889 0.0000 0.0000 0.0000 0.0000 0.0000 0.0000 0.0000 0.0000 0.1111 0.0000
527      527   (0)     16  : 0.0000 0.0000 0.0000 0.0000 0.7821 0.0047 0.0000 0.0043 0.0970 0.0000 0.0000 0.0006 0.0000 0.1113
528      528   (0)     16  : 0.3707 0.0000 0.0000 0.5151 0.0000 0.0000 0.0193 0.0000 0.0000 0.0167 0.0139 0.0000 0.0644 0.0000
529      529   (0)     16  : 0.2994 0.0000 0.0000 0.6782 0.0000 0.0000 0.0044 0.0000 0.0000 0.0057 0.0124 0.0000 0.0000 0.0000
530      530   (0)     16  : 0.1768 0.0000 0.0000 0.6482 0.0000 0.0000 0.0000 0.0000 0.0000 0.0145 0.0495 0.0000 0.1111 0.0000
531      531   (0)     16  : 0.3814 0.0000 0.0000 0.5462 0.0000 0.0000 0.0000 0.0000 0.0000 0.0000 0.0000 0.0000 0.0723 0.0000
532      532   (0)     16  : 0.0000 0.0000 0.0000 0.0000 0.0000 0.0000 0.0000 0.0000 1.0000 0.0000 0.0000 0.0000 0.0000 0.0000
533      533   (0)     16  : 0.0000 0.0000 0.0000 0.0000 0.0000 0.0000 0.0000 0.0000 1.0000 0.0000 0.0000 0.0000 0.0000 0.0000
534      534   (0)     16  : 0.2445 0.0000 0.0000 0.7217 0.0000 0.0000 0.0000 0.0000 0.0000 0.0026 0.0029 0.0000 0.0283 0.0000
535      535   (0)     16  : 0.1188 0.0000 0.0000 0.7674 0.0000 0.0000 0.0007 0.0000 0.0000 0.0000 0.0000 0.0000 0.1132 0.0000
536      536   (0)     16  : 0.2742 0.0000 0.0000 0.6452 0.0000 0.0000 0.0073 0.0000 0.0000 0.0000 0.0148 0.0000 0.0585 0.0000
537      537   (0)     16  : 0.0657 0.0000 0.0000 0.8215 0.0000 0.0000 0.0000 0.0000 0.0002 0.0006 0.0000 0.0000 0.1121 0.0000
538      538   (0)     16  : 0.1142 0.0000 0.0000 0.8104 0.0000 0.0000 0.0000 0.0000 0.0000 0.0000 0.0000 0.0000 0.0754 0.0000
539      539   (0)     16  : 0.0000 0.0000 0.0000 0.8853 0.0000 0.0000 0.0007 0.0000 0.0000 0.0000 0.0029 0.0000 0.1111 0.0000
540      540   (0)     16  : 0.2720 0.0000 0.0000 0.6749 0.0000 0.0000 0.0079 0.0000 0.0000 0.0019 0.0039 0.0000 0.0395 0.0000
541      541   (0)     16  : 0.0000 0.0000 0.8318 0.0000 0.0000 0.0000 0.0000 0.0000 0.0000 0.0000 0.0000 0.0000 0.0571 0.1111
542      542   (0)     16  : 0.2335 0.0000 0.0000 0.7132 0.0000 0.0000 0.0007 0.0000 0.0000 0.0098 0.0043 0.0000 0.0385 0.0000
543      543   (0)     16  : 0.1910 0.0000 0.0000 0.7683 0.0000 0.0000 0.0000 0.0000 0.0000 0.0000 0.0000 0.0000 0.0407 0.0000
544      544   (0)     16  : 0.2767 0.0000 0.0000 0.6855 0.0000 0.0000 0.0000 0.0000 0.0000 0.0000 0.0000 0.0000 0.0378 0.0000
