1        1   (0)      1  : 0.0248 0.0000 0.0000 0.2384 0.0000 0.0281 0.4458 0.0000 0.0000 0.2457 0.0173
2        2   (0)      1  : 0.9561 0.0000 0.0000 0.0125 0.0000 0.0000 0.0073 0.0000 0.0000 0.0241 0.0000
3        3   (0)      1  : 0.9518 0.0000 0.0000 0.0226 0.0000 0.0000 0.0098 0.0000 0.0000 0.0158 0.0000
4        4   (0)      1  : 0.0090 0.0000 0.0098 0.2730 0.0000 0.0089 0.1318 0.0000 0.0000 0.5437 0.0238
5        5   (0)      1  : 0.0168 0.0000 0.0015 0.5582 0.0000 0.0007 0.1938 0.0000 0.0000 0.2052 0.0237
6        6   (0)      1  : 0.0092 0.0000 0.0000 0.3713 0.0000 0.0695 0.2059 0.0000 0.0073 0.2980 0.0388
7        7   (0)      1  : 0.9809 0.0000 0.0000 0.0036 0.0000 0.0000 0.0074 0.0000 0.0000 0.0081 0.0000
8        8   (0)      1  : 0.9751 0.0000 0.0000 0.0103 0.0000 0.0058 0.0006 0.0000 0.0000 0.0054 0.0026
9        9   (0)      1  : 0.0037 0.0000 0.0000 0.6161 0.0000 0.0424 0.0956 0.0000 0.0000 0.2422 0.0000
10       10   (0)      1  : 0.9567 0.0000 0.0000 0.0250 0.0000 0.0000 0.0094 0.0000 0.0000 0.0089 0.0000
11       11   (0)      1  : 0.0013 0.0000 0.0016 0.1418 0.0000 0.0357 0.2744 0.0000 0.0000 0.5452 0.0000
12       12   (0)      1  : 0.0003 0.0000 0.0000 0.1161 0.0000 0.0708 0.3174 0.0000 0.0000 0.4682 0.0272
13       13   (0)      1  : 0.0000 0.0000 0.0000 0.4511 0.0000 0.1165 0.1276 0.0000 0.0000 0.3048 0.0000
14       14   (0)      1  : 0.0000 0.0000 0.0040 0.3772 0.0030 0.0325 0.2183 0.0000 0.0000 0.3127 0.0524
15       15   (0)      1  : 0.0000 0.0000 0.0007 0.1211 0.0000 0.0000 0.4484 0.0000 0.0000 0.4299 0.0000
16       16   (0)      1  : 0.0581 0.0000 0.0000 0.2583 0.0017 0.0579 0.2549 0.0000 0.0038 0.3437 0.0217
17       17   (0)      1  : 0.0000 0.0000 0.0000 0.3244 0.0000 0.0356 0.5309 0.0000 0.0000 0.0804 0.0287
18       18   (0)      1  : 0.0000 0.0000 0.0000 0.2489 0.0000 0.0000 0.4529 0.0000 0.0000 0.2982 0.0000
19       19   (0)      1  : 0.0000 0.0000 0.0000 0.3358 0.0079 0.0000 0.2905 0.0000 0.0000 0.3433 0.0224
20       20   (0)      1  : 0.0000 0.0000 0.0000 0.2504 0.0000 0.0000 0.4317 0.0000 0.0000 0.2944 0.0235
21       21   (0)      1  : 0.0000 0.0000 0.0000 0.2961 0.0000 0.1134 0.1856 0.0000 0.0000 0.4049 0.0000
22       22   (0)      1  : 0.9460 0.0000 0.0000 0.0031 0.0000 0.0000 0.0074 0.0000 0.0000 0.0356 0.0079
23       23   (0)      1  : 0.0000 0.0000 0.0000 0.3310 0.0000 0.0502 0.4491 0.0000 0.0000 0.1570 0.0127
24       24   (0)      1  : 0.0042 0.0000 0.0000 0.4958 0.0000 0.0000 0.3000 0.0000 0.0000 0.0000 0.2000
25       25   (0)      1  : 0.0043 0.0000 0.0000 0.2237 0.0000 0.0142 0.3601 0.0000 0.0002 0.3656 0.0319
26       26   (0)      1  : 0.0000 0.0000 0.0000 0.3335 0.0000 0.0313 0.1716 0.0000 0.0000 0.4636 0.0000
27       27   (0)      1  : 0.0000 0.0165 0.0000 0.0000 0.8387 0.0000 0.0000 0.0042 0.0057 0.0000 0.1350
28       28   (0)      1  : 0.0000 0.0000 0.0000 0.0000 0.8841 0.0000 0.0000 0.0000 0.0000 0.0000 0.1159
29       29   (0)      1  : 0.0051 0.0000 0.0040 0.5953 0.0000 0.0389 0.2044 0.0000 0.0000 0.1370 0.0154
30       30   (0)      1  : 0.0000 0.0000 0.0003 0.9570 0.0000 0.0000 0.0000 0.0000 0.0000 0.0428 0.0000
31       31   (0)      1  : 0.0197 0.0000 0.0000 0.1498 0.0000 0.0640 0.0701 0.0000 0.0000 0.6653 0.0312
32       32   (0)      1  : 0.9145 0.0000 0.0000 0.0348 0.0000 0.0000 0.0246 0.0000 0.0000 0.0000 0.0260
33       33   (0)      1  : 0.1630 0.0000 0.0000 0.1902 0.3688 0.0000 0.1267 0.0000 0.0000 0.0000 0.1513
34       34   (0)      1  : 0.0000 0.0000 0.0000 0.4852 0.0000 0.0478 0.4196 0.0000 0.0000 0.0474 0.0000
35       35   (0)      1  : 0.0000 0.0000 1.0000 0.0000 0.0000 0.0000 0.0000 0.0000 0.0000 0.0000 0.0000
36       36   (0)      1  : 0.0000 0.0000 1.0000 0.0000 0.0000 0.0000 0.0000 0.0000 0.0000 0.0000 0.0000
37       37   (0)      1  : 0.0000 0.0000 1.0000 0.0000 0.0000 0.0000 0.0000 0.0000 0.0000 0.0000 0.0000
38       38   (0)      1  : 0.0000 0.0000 0.0000 0.0000 0.9823 0.0177 0.0000 0.0000 0.0000 0.0000 0.0000
39       39   (0)      1  : 0.0000 0.0023 0.0000 0.0000 0.9497 0.0000 0.0000 0.0000 0.0040 0.0000 0.0440
40       40   (0)      1  : 0.0000 0.0000 0.0000 0.1580 0.0000 0.0155 0.0164 0.0000 0.0000 0.8101 0.0000
41       41   (0)      1  : 0.9536 0.0000 0.0000 0.0280 0.0000 0.0088 0.0033 0.0000 0.0000 0.0064 0.0000
42       42   (0)      1  : 0.0000 0.0000 0.0000 0.0000 0.9859 0.0000 0.0000 0.0141 0.0000 0.0000 0.0000
43       43   (0)      1  : 0.0103 0.0000 0.0095 0.2499 0.0000 0.0122 0.5533 0.0000 0.0000 0.1482 0.0166
44       44   (0)      1  : 0.9820 0.0000 0.0000 0.0147 0.0000 0.0029 0.0000 0.0000 0.0000 0.0003 0.0000
45       45   (0)      1  : 0.0000 0.0000 0.0000 0.0000 0.9830 0.0000 0.0000 0.0169 0.0000 0.0000 0.0000
46       46   (0)      1  : 0.0000 0.0000 0.0000 0.3506 0.0000 0.0595 0.1354 0.0017 0.0003 0.4510 0.0015
47       47   (0)      1  : 0.0000 0.0197 0.0000 0.0000 0.9803 0.0000 0.0000 0.0000 0.0000 0.0000 0.0000
48       48   (0)      1  : 0.9610 0.0000 0.0000 0.0029 0.0000 0.0044 0.0096 0.0000 0.0035 0.0185 0.0000
49       49   (0)      1  : 0.9956 0.0000 0.0000 0.0000 0.0000 0.0000 0.0044 0.0000 0.0000 0.0000 0.0000
50       50   (0)      1  : 0.0000 0.0000 0.0000 0.0000 0.9804 0.0000 0.0000 0.0196 0.0000 0.0000 0.0000
51       51   (0)      1  : 0.0000 0.0000 0.0000 0.0000 0.9809 0.0000 0.0000 0.0000 0.0000 0.0000 0.0190
52       52   (0)      1  : 0.9072 0.0000 0.0000 0.0535 0.0000 0.0000 0.0094 0.0000 0.0000 0.0177 0.0122
53       53   (0)      1  : 0.9438 0.0000 0.0000 0.0138 0.0000 0.0000 0.0218 0.0000 0.0034 0.0172 0.0000
54       54   (0)      1  : 0.9501 0.0000 0.0000 0.0142 0.0000 0.0148 0.0050 0.0000 0.0000 0.0158 0.0000
55       55   (0)      1  : 0.0000 0.0000 0.0000 0.0000 0.8801 0.0000 0.0000 0.0000 0.0000 0.0000 0.1199
56       56   (0)      2  : 0.0038 0.0000 0.0000 0.3298 0.0000 0.0493 0.1000 0.0000 0.0000 0.4868 0.0303
57       57   (0)      2  : 0.0000 0.0000 0.0164 0.1913 0.0000 0.1000 0.3260 0.0000 0.0000 0.3663 0.0000
58       58   (0)      2  : 0.0000 0.0000 0.0000 0.1030 0.0000 0.0000 0.2326 0.0000 0.0000 0.6644 0.0000
59       59   (0)      2  : 0.0000 0.0000 0.0000 0.2701 0.0000 0.1000 0.4611 0.0000 0.0000 0.1687 0.0000
60       60   (0)      2  : 0.9444 0.0000 0.0000 0.0340 0.0000 0.0000 0.0000 0.0000 0.0000 0.0156 0.0060
61       61   (0)      2  : 0.0000 0.0000 0.0016 0.6190 0.0000 0.1000 0.0538 0.0000 0.0000 0.2256 0.0000
62       62   (0)      2  : 0.0000 0.0000 1.0000 0.0000 0.0000 0.0000 0.0000 0.0000 0.0000 0.0000 0.0000
63       63   (0)      2  : 0.0145 0.0000 0.0000 0.1428 0.0000 0.0246 0.4874 0.0000 0.0000 0.3127 0.0180
64       64   (0)      2  : 0.0000 0.0000 1.0000 0.0000 0.0000 0.0000 0.0000 0.0000 0.0000 0.0000 0.0000
65       65   (0)      2  : 0.0343 0.0000 0.0000 0.6209 0.0000 0.0207 0.1652 0.0000 0.0000 0.1227 0.0361
66       66   (0)      2  : 0.0000 0.0000 1.0000 0.0000 0.0000 0.0000 0.0000 0.0000 0.0000 0.0000 0.0000
67       67   (0)      2  : 0.0000 0.0000 0.0005 0.4404 0.0000 0.0424 0.3418 0.0000 0.0000 0.1748 0.0000
68       68   (0)      2  : 0.0172 0.0000 0.0026 0.4863 0.0000 0.0569 0.1994 0.0000 0.0000 0.2151 0.0226
69       69   (0)      2  : 0.9715 0.0000 0.0000 0.0183 0.0000 0.0038 0.0000 0.0000 0.0000 0.0000 0.0063
70       70   (0)      2  : 0.0000 0.0000 0.0000 0.3578 0.0000 0.1000 0.2139 0.0000 0.0000 0.2900 0.0383
71       71   (0)      2  : 0.0000 0.0000 1.0000 0.0000 0.0000 0.0000 0.0000 0.0000 0.0000 0.0000 0.0000
72       72   (0)      2  : 0.0000 0.0000 1.0000 0.0000 0.0000 0.0000 0.0000 0.0000 0.0000 0.0000 0.0000
73       73   (0)      2  : 0.0623 0.0000 0.0000 0.1094 0.0000 0.0000 0.2070 0.0000 0.0026 0.6187 0.0000
74       74   (0)      2  : 0.9580 0.0000 0.0080 0.0103 0.0000 0.0000 0.0128 0.0000 0.0000 0.0109 0.0000
75       75   (0)      2  : 0.0000 0.0000 0.0000 0.0000 0.9743 0.0025 0.0000 0.0001 0.0000 0.0000 0.0231
76       76   (0)      2  : 0.9764 0.0000 0.0000 0.0027 0.0000 0.0000 0.0163 0.0000 0.0000 0.0000 0.0047
77       77   (0)      2  : 0.0412 0.0000 0.0000 0.3584 0.0000 0.1000 0.2374 0.0000 0.0000 0.2630 0.0000
78       78   (0)      2  : 0.0000 0.0000 1.0000 0.0000 0.0000 0.0000 0.0000 0.0000 0.0000 0.0000 0.0000
79       79   (0)      2  : 0.0000 0.0000 0.0000 0.0000 0.8876 0.0000 0.0000 0.0000 0.0000 0.0000 0.1124
80       80   (0)      2  : 0.0000 0.0000 1.0000 0.0000 0.0000 0.0000 0.0000 0.0000 0.0000 0.0000 0.0000
81       81   (0)      2  : 0.0021 0.0000 0.0026 0.2265 0.0000 0.1000 0.3688 0.0000 0.0000 0.2000 0.1000
82       82   (0)      2  : 0.9778 0.0000 0.0095 0.0032 0.0000 0.0000 0.0028 0.0000 0.0000 0.0066 0.0000
83       83   (0)      2  : 1.0000 0.0000 0.0000 0.0000 0.0000 0.0000 0.0000 0.0000 0.0000 0.0000 0.0000
84       84   (0)      2  : 0.2067 0.0000 0.0000 0.6234 0.0000 0.0911 0.0175 0.0000 0.0000 0.0612 0.0000
85       85   (0)      2  : 0.0090 0.0000 0.0008 0.5673 0.0000 0.1000 0.1158 0.0000 0.0000 0.1819 0.0252
86       86   (0)      2  : 0.0078 0.0000 0.0000 0.3379 0.0000 0.0000 0.4347 0.0000 0.0000 0.1749 0.0446
87       87   (0)      2  : 0.0162 0.0000 0.0000 0.1704 0.0000 0.0697 0.4320 0.0000 0.0000 0.2834 0.0284
88       88   (0)      2  : 0.0000 0.0000 0.0000 0.2000 0.0000 0.0417 0.0221 0.0000 0.0000 0.7362 0.0000
89       89   (0)      2  : 0.0000 0.0000 0.0000 0.6993 0.0000 0.0000 0.1271 0.0000 0.0000 0.1591 0.0146
90       90   (0)      2  : 0.0095 0.0000 0.0024 0.1370 0.0000 0.0000 0.2120 0.0000 0.0000 0.6392 0.0000
91       91   (0)      2  : 0.0000 0.0000 0.0000 0.4349 0.0000 0.0290 0.3846 0.0000 0.0000 0.1212 0.0303
92       92   (0)      2  : 0.0151 0.0000 0.0000 0.2412 0.0000 0.0536 0.0914 0.0000 0.0000 0.5724 0.0264
93       93   (0)      2  : 0.9984 0.0000 0.0000 0.0016 0.0000 0.0000 0.0000 0.0000 0.0000 0.0000 0.0000
94       94   (0)      2  : 0.9560 0.0000 0.0060 0.0000 0.0000 0.0000 0.0240 0.0000 0.0000 0.0140 0.0000
95       95   (0)      2  : 0.0000 0.0000 1.0000 0.0000 0.0000 0.0000 0.0000 0.0000 0.0000 0.0000 0.0000
96       96   (0)      2  : 0.9485 0.0000 0.0000 0.0346 0.0000 0.0000 0.0098 0.0000 0.0000 0.0070 0.0000
97       97   (0)      2  : 0.9543 0.0000 0.0000 0.0109 0.0000 0.0000 0.0242 0.0000 0.0000 0.0086 0.0021
98       98   (0)      2  : 0.0109 0.0000 0.0000 0.1471 0.0000 0.0000 0.2515 0.0000 0.0000 0.5905 0.0000
99       99   (0)      2  : 0.0000 0.0000 1.0000 0.0000 0.0000 0.0000 0.0000 0.0000 0.0000 0.0000 0.0000
100      100   (0)      2  : 0.0000 0.0000 0.0000 0.1957 0.0000 0.0000 0.1790 0.0000 0.0000 0.5917 0.0335
101      101   (0)      3  : 0.0033 0.0000 0.0000 0.2578 0.0000 0.0228 0.1399 0.0000 0.0000 0.5556 0.0206
102      102   (0)      3  : 0.0000 0.0000 0.0026 0.1459 0.0000 0.0527 0.4209 0.0000 0.0000 0.3429 0.0349
103      103   (0)      3  : 0.0010 0.0000 0.0000 0.2054 0.0000 0.0276 0.4351 0.0000 0.0000 0.3088 0.0222
104      104   (0)      3  : 0.0039 0.0000 0.0020 0.2454 0.0000 0.0000 0.0784 0.0000 0.0000 0.6194 0.0509
105      105   (0)      3  : 0.0222 0.0000 0.0116 0.6661 0.0000 0.0000 0.1673 0.0000 0.0000 0.1329 0.0000
106      106   (0)      3  : 0.0113 0.0000 0.0033 0.3426 0.0000 0.0000 0.4834 0.0000 0.0000 0.0594 0.1000
107      107   (0)      3  : 0.0000 0.0000 0.0000 0.3793 0.0000 0.0000 0.2869 0.0000 0.0000 0.3339 0.0000
108      108   (0)      3  : 0.0014 0.0000 0.0000 0.2257 0.0060 0.0481 0.2693 0.0000 0.0000 0.4496 0.0000
109      109   (0)      3  : 0.0000 0.0000 0.0000 0.1748 0.0000 0.0268 0.1304 0.0000 0.0000 0.6433 0.0246
110      110   (0)      3  : 0.0001 0.0000 0.0001 0.5555 0.0000 0.0743 0.1160 0.0000 0.0000 0.2339 0.0201
111      111   (0)      3  : 0.0093 0.0000 0.0079 0.3244 0.0000 0.0000 0.5404 0.0000 0.0000 0.0466 0.0714
112      112   (0)      3  : 0.0000 0.0000 0.0000 0.3889 0.0000 0.0000 0.2344 0.0000 0.0000 0.3768 0.0000
113      113   (0)      3  : 0.0000 0.0000 0.0001 0.4093 0.0000 0.0179 0.1080 0.0000 0.0012 0.4058 0.0578
114      114   (0)      3  : 0.0186 0.0000 0.0001 0.4515 0.0000 0.0340 0.1459 0.0000 0.0046 0.3150 0.0302
115      115   (0)      3  : 0.0447 0.0000 0.0000 0.3147 0.0000 0.0000 0.2460 0.0000 0.0000 0.3945 0.0000
116      116   (0)      3  : 0.0013 0.0000 0.0005 0.6432 0.0000 0.1000 0.0177 0.0000 0.0002 0.2041 0.0330
117      117   (0)      3  : 0.0374 0.0000 0.0000 0.4864 0.0000 0.0718 0.2412 0.0000 0.0000 0.1075 0.0557
118      118   (0)      3  : 0.0004 0.0000 0.0000 0.5764 0.0000 0.1018 0.0750 0.0000 0.0000 0.2463 0.0000
119      119   (0)      3  : 0.0273 0.0000 0.0000 0.3624 0.0000 0.0878 0.2054 0.0000 0.0000 0.3039 0.0133
120      120   (0)      3  : 0.0334 0.0000 0.0823 0.1251 0.0000 0.0631 0.1946 0.0000 0.0000 0.4568 0.0447
121      121   (0)      3  : 0.0000 0.0000 0.0001 0.6135 0.0000 0.0286 0.2203 0.0000 0.0000 0.0990 0.0385
122      122   (0)      3  : 0.0091 0.0000 0.0001 0.2573 0.0000 0.0000 0.1243 0.0000 0.0000 0.6092 0.0000
123      123   (0)      3  : 0.0000 0.0000 0.0000 0.4006 0.0000 0.0000 0.3126 0.0000 0.0000 0.2868 0.0000
124      124   (0)      3  : 0.0000 0.0000 0.0000 0.2917 0.0000 0.0009 0.4164 0.0000 0.0000 0.2424 0.0486
125      125   (0)      3  : 0.0000 0.0000 0.0042 0.5482 0.0000 0.0293 0.3381 0.0000 0.0000 0.0802 0.0000
126      126   (0)      3  : 0.0172 0.0000 0.0000 0.3836 0.0000 0.0339 0.3816 0.0000 0.0000 0.1696 0.0142
127      127   (0)      3  : 0.0501 0.0000 0.0000 0.3884 0.0000 0.0000 0.1762 0.0000 0.0000 0.3853 0.0000
128      128   (0)      3  : 0.0000 0.0000 0.0000 0.2968 0.0000 0.0456 0.4935 0.0000 0.0000 0.1218 0.0423
129      129   (0)      3  : 0.0408 0.0000 0.0000 0.3856 0.0000 0.0618 0.0527 0.0000 0.0000 0.4591 0.0000
130      130   (0)      3  : 0.9597 0.0000 0.0000 0.0177 0.0000 0.0000 0.0000 0.0000 0.0000 0.0226 0.0000
131      131   (0)      3  : 0.9195 0.0000 0.0001 0.0214 0.0000 0.0000 0.0402 0.0000 0.0000 0.0080 0.0107
132      132   (0)      3  : 0.0000 0.0000 1.0000 0.0000 0.0000 0.0000 0.0000 0.0000 0.0000 0.0000 0.0000
133      133   (0)      3  : 0.0000 0.0100 0.0000 0.0000 0.8957 0.0000 0.0171 0.0000 0.0598 0.0000 0.0174
134      134   (0)      3  : 0.8543 0.0046 0.0000 0.0110 0.0180 0.0000 0.0209 0.0026 0.0011 0.0811 0.0065
135      135   (0)      3  : 0.0000 0.0000 0.0135 0.2552 0.0000 0.0000 0.1219 0.0000 0.0000 0.6094 0.0000
136      136   (0)      3  : 0.0036 0.0000 0.0000 0.6229 0.0000 0.0500 0.0237 0.0000 0.0000 0.2998 0.0000
137      137   (0)      3  : 0.9685 0.0000 0.0000 0.0210 0.0074 0.0000 0.0000 0.0000 0.0000 0.0000 0.0031
138      138   (0)      3  : 0.0055 0.0000 0.0000 0.2844 0.0000 0.0434 0.3329 0.0000 0.0000 0.3173 0.0165
139      139   (0)      3  : 0.0000 0.0000 0.0000 0.1336 0.0000 0.0566 0.1749 0.0000 0.0023 0.6326 0.0000
140      140   (0)      3  : 0.0023 0.0000 0.0000 0.8032 0.0000 0.0000 0.1327 0.0000 0.0000 0.0000 0.0618
141      141   (0)      3  : 0.0000 0.0000 1.0000 0.0000 0.0000 0.0000 0.0000 0.0000 0.0000 0.0000 0.0000
142      142   (0)      3  : 0.0000 0.0000 1.0000 0.0000 0.0000 0.0000 0.0000 0.0000 0.0000 0.0000 0.0000
143      143   (0)      3  : 0.0000 0.0000 1.0000 0.0000 0.0000 0.0000 0.0000 0.0000 0.0000 0.0000 0.0000
144      144   (0)      3  : 0.0000 0.0000 1.0000 0.0000 0.0000 0.0000 0.0000 0.0000 0.0000 0.0000 0.0000
145      145   (0)      3  : 0.0000 0.0000 1.0000 0.0000 0.0000 0.0000 0.0000 0.0000 0.0000 0.0000 0.0000
146      146   (0)      3  : 0.9437 0.0000 0.0000 0.0316 0.0000 0.0075 0.0066 0.0000 0.0000 0.0105 0.0000
147      147   (0)      3  : 0.0000 0.0000 0.0000 0.1675 0.0000 0.0309 0.3670 0.0000 0.0000 0.4345 0.0000
148      148   (0)      3  : 0.0000 0.0000 1.0000 0.0000 0.0000 0.0000 0.0000 0.0000 0.0000 0.0000 0.0000
149      149   (0)      3  : 0.0000 0.0000 1.0000 0.0000 0.0000 0.0000 0.0000 0.0000 0.0000 0.0000 0.0000
150      150   (0)      3  : 0.0000 0.0045 0.0002 0.0000 0.8312 0.0000 0.0263 0.0163 0.0927 0.0000 0.0288
151      151   (0)      3  : 0.0000 0.0156 0.0000 0.0000 0.9844 0.0000 0.0000 0.0000 0.0000 0.0000 0.0000
152      152   (0)      3  : 0.0020 0.0000 0.0000 0.6424 0.0000 0.1000 0.2084 0.0000 0.0000 0.0472 0.0000
153      153   (0)      3  : 0.0000 0.0000 1.0000 0.0000 0.0000 0.0000 0.0000 0.0000 0.0000 0.0000 0.0000
154      154   (0)      3  : 0.0000 0.0000 0.0009 0.0991 0.0000 0.0000 0.0000 0.0000 0.0000 0.8999 0.0000
155      155   (0)      3  : 0.0000 0.0000 0.0000 0.6665 0.0000 0.0541 0.1559 0.0000 0.0000 0.1201 0.0034
156      156   (0)      3  : 0.9120 0.0000 0.0000 0.0841 0.0000 0.0000 0.0011 0.0000 0.0018 0.0000 0.0010
157      157   (0)      3  : 0.0003 0.0000 0.0000 0.3161 0.0000 0.0617 0.2116 0.0000 0.0000 0.4102 0.0000
158      158   (0)      3  : 0.9972 0.0000 0.0000 0.0028 0.0000 0.0000 0.0000 0.0000 0.0000 0.0000 0.0000
159      159   (0)      3  : 0.0000 0.0000 0.0000 0.2940 0.0000 0.0443 0.1238 0.0000 0.0003 0.5000 0.0376
160      160   (0)      3  : 0.9724 0.0000 0.0000 0.0122 0.0000 0.0054 0.0092 0.0000 0.0000 0.0007 0.0000
161      161   (0)      4  : 0.0018 0.0000 0.0000 0.1206 0.0000 0.0000 0.4387 0.0000 0.0000 0.4388 0.0000
162      162   (0)      4  : 0.0000 0.0000 0.0000 0.6658 0.0000 0.0622 0.1775 0.0000 0.0000 0.0945 0.0000
163      163   (0)      4  : 0.0000 0.0000 1.0000 0.0000 0.0000 0.0000 0.0000 0.0000 0.0000 0.0000 0.0000
164      164   (0)      4  : 0.9969 0.0000 0.0000 0.0000 0.0000 0.0001 0.0031 0.0000 0.0000 0.0000 0.0000
165      165   (0)      4  : 0.0000 0.0000 1.0000 0.0000 0.0000 0.0000 0.0000 0.0000 0.0000 0.0000 0.0000
166      166   (0)      4  : 0.0000 0.0000 1.0000 0.0000 0.0000 0.0000 0.0000 0.0000 0.0000 0.0000 0.0000
167      167   (0)      4  : 0.0008 0.0000 0.0000 0.5550 0.0000 0.0550 0.3062 0.0000 0.0000 0.0611 0.0218
168      168   (0)      4  : 0.0046 0.0000 0.0000 0.6430 0.0000 0.0320 0.1992 0.0000 0.0000 0.0893 0.0319
169      169   (0)      4  : 0.0197 0.0000 0.0000 0.5418 0.0000 0.0553 0.0596 0.0000 0.0011 0.3224 0.0000
170      170   (0)      4  : 0.0000 0.0000 0.0000 0.4131 0.0000 0.0507 0.1027 0.0000 0.0027 0.4080 0.0227
171      171   (0)      4  : 0.0030 0.0000 0.0000 0.1961 0.0000 0.0941 0.1899 0.0000 0.0000 0.4832 0.0337
172      172   (0)      4  : 0.0029 0.0000 0.0000 0.3390 0.0000 0.0000 0.2547 0.0000 0.0000 0.3686 0.0348
173      173   (0)      4  : 0.0000 0.0000 0.0000 0.3561 0.0000 0.0000 0.1818 0.0000 0.0000 0.4621 0.0000
174      174   (0)      4  : 0.9569 0.0000 0.0001 0.0283 0.0000 0.0053 0.0000 0.0000 0.0000 0.0094 0.0000
175      175   (0)      4  : 0.0000 0.0000 0.0000 0.6125 0.0000 0.0673 0.1594 0.0000 0.0000 0.1306 0.0301
176      176   (0)      4  : 0.0000 0.0000 1.0000 0.0000 0.0000 0.0000 0.0000 0.0000 0.0000 0.0000 0.0000
177      177   (0)      4  : 0.0167 0.0000 0.0000 0.1375 0.0000 0.0000 0.3976 0.0000 0.0000 0.4331 0.0151
178      178   (0)      4  : 0.0000 0.0000 1.0000 0.0000 0.0000 0.0000 0.0000 0.0000 0.0000 0.0000 0.0000
179      179   (0)      4  : 0.0000 0.0000 1.0000 0.0000 0.0000 0.0000 0.0000 0.0000 0.0000 0.0000 0.0000
180      180   (0)      4  : 0.0003 0.0000 0.0155 0.4451 0.0000 0.0285 0.2652 0.0000 0.0000 0.2455 0.0000
181      181   (0)      4  : 0.0000 0.0000 0.0000 0.3844 0.0000 0.0608 0.4073 0.0000 0.0000 0.1476 0.0000
182      182   (0)      4  : 0.0000 0.0000 0.0000 0.4040 0.0000 0.0000 0.1624 0.0000 0.0000 0.3336 0.1000
183      183   (0)      4  : 0.9900 0.0000 0.0000 0.0000 0.0000 0.0042 0.0001 0.0000 0.0000 0.0014 0.0043
184      184   (0)      4  : 0.9736 0.0000 0.0000 0.0071 0.0000 0.0000 0.0127 0.0000 0.0000 0.0001 0.0064
185      185   (0)      4  : 0.0000 0.0000 1.0000 0.0000 0.0000 0.0000 0.0000 0.0000 0.0000 0.0000 0.0000
186      186   (0)      4  : 0.0000 0.0000 0.0000 0.9408 0.0000 0.0132 0.0000 0.0000 0.0000 0.0161 0.0298
187      187   (0)      4  : 0.0374 0.0000 0.0000 0.3686 0.0000 0.0442 0.1857 0.0000 0.0000 0.3108 0.0533
188      188   (0)      4  : 0.0000 0.0000 1.0000 0.0000 0.0000 0.0000 0.0000 0.0000 0.0000 0.0000 0.0000
189      189   (0)      4  : 0.0001 0.0000 0.0000 0.3646 0.0000 0.0371 0.4110 0.0000 0.0000 0.1207 0.0665
190      190   (0)      4  : 0.9940 0.0000 0.0000 0.0020 0.0000 0.0000 0.0040 0.0000 0.0000 0.0000 0.0000
191      191   (0)      4  : 0.1509 0.0000 0.1083 0.3917 0.0055 0.0000 0.2233 0.0000 0.0565 0.0639 0.0000
192      192   (0)      4  : 0.0000 0.0000 0.0000 0.5772 0.0000 0.0000 0.0356 0.0000 0.0000 0.3872 0.0000
193      193   (0)      4  : 0.0154 0.0000 0.0056 0.7004 0.0000 0.0572 0.0000 0.0000 0.0000 0.2215 0.0000
194      194   (0)      4  : 0.0051 0.0000 0.0049 0.3267 0.0000 0.0000 0.0272 0.0000 0.0000 0.6361 0.0000
195      195   (0)      4  : 0.0000 0.0000 0.0000 0.2368 0.0000 0.0000 0.5357 0.0000 0.0000 0.1929 0.0347
196      196   (0)      4  : 0.0000 0.0000 0.0000 0.2694 0.0000 0.0000 0.4031 0.0000 0.0000 0.3175 0.0099
197      197   (0)      4  : 0.0012 0.0000 0.0000 0.2058 0.0000 0.0000 0.1268 0.0000 0.0000 0.6380 0.0282
198      198   (0)      4  : 0.0000 0.0000 0.0000 0.2409 0.0000 0.0000 0.1470 0.0000 0.0000 0.6120 0.0000
199      199   (0)      4  : 0.0023 0.0000 0.0009 0.1310 0.0000 0.1381 0.1894 0.0000 0.0000 0.5383 0.0000
200      200   (0)      4  : 0.9297 0.0000 0.0000 0.0539 0.0000 0.0000 0.0165 0.0000 0.0000 0.0000 0.0000
201      201   (0)      4  : 0.0000 0.0000 0.0000 0.1678 0.0000 0.0000 0.5269 0.0000 0.0005 0.2865 0.0183
202      202   (0)      4  : 0.0000 0.0000 0.0034 0.2669 0.0000 0.0000 0.1824 0.0000 0.0000 0.5051 0.0422
203      203   (0)      4  : 0.0127 0.0000 0.0066 0.5632 0.0000 0.0530 0.1964 0.0000 0.0000 0.1420 0.0261
204      204   (0)      4  : 0.0000 0.0000 0.0129 0.2415 0.0000 0.0782 0.2117 0.0000 0.0000 0.4188 0.0368
205      205   (0)      4  : 0.0027 0.0000 0.0000 0.5384 0.0000 0.1000 0.0000 0.0000 0.0000 0.3589 0.0000
206      206   (0)      4  : 0.0000 0.0000 0.0000 0.1698 0.0000 0.0000 0.4330 0.0000 0.0000 0.3972 0.0000
207      207   (0)      4  : 0.0000 0.0000 0.0000 0.3480 0.0000 0.0530 0.2445 0.0000 0.0000 0.3061 0.0485
208      208   (0)      4  : 0.9136 0.0000 0.0000 0.0156 0.0000 0.0209 0.0084 0.0000 0.0000 0.0416 0.0000
209      209   (0)      4  : 0.0009 0.0000 0.0000 0.6957 0.0000 0.0819 0.0534 0.0000 0.0023 0.1658 0.0000
210      210   (0)      4  : 0.0000 0.0000 0.0000 0.3274 0.0000 0.0000 0.2665 0.0000 0.0000 0.4061 0.0000
211      211   (0)      4  : 0.0015 0.0000 0.0000 0.6300 0.0000 0.0000 0.0515 0.0000 0.0000 0.2862 0.0308
212      212   (0)      4  : 0.9681 0.0000 0.0000 0.0012 0.0000 0.0114 0.0153 0.0000 0.0000 0.0039 0.0000
213      213   (0)      4  : 0.0014 0.0000 0.0000 0.1316 0.0000 0.0363 0.0597 0.0000 0.0014 0.7358 0.0338
214      214   (0)      4  : 0.0000 0.0000 0.0123 0.3059 0.0000 0.1000 0.2436 0.0000 0.0012 0.3370 0.0000
215      215   (0)      4  : 0.4815 0.0000 0.0030 0.0493 0.0000 0.0000 0.1729 0.0000 0.0000 0.2934 0.0000
216      216   (0)      4  : 0.0000 0.0000 0.0000 0.4716 0.0000 0.1496 0.0502 0.0000 0.0000 0.3286 0.0000
217      217   (0)      4  : 0.0000 0.0000 1.0000 0.0000 0.0000 0.0000 0.0000 0.0000 0.0000 0.0000 0.0000
218      218   (0)      4  : 0.0150 0.0000 0.0020 0.0212 0.0000 0.0000 0.2621 0.0000 0.0000 0.6998 0.0000
219      219   (0)      4  : 0.0128 0.0000 0.0000 0.4273 0.0000 0.1153 0.1512 0.0000 0.0000 0.2473 0.0460
220      220   (0)      5  : 0.0000 0.3672 0.0000 0.0000 0.0000 0.5046 0.0000 0.0000 0.0281 0.0000 0.1000
221      221   (0)      5  : 0.0000 0.3240 0.0000 0.0000 0.0000 0.0118 0.0000 0.3739 0.0000 0.0000 0.2902
222      222   (0)      6  : 0.0000 0.0349 0.0000 0.0000 0.0000 0.0000 0.0000 0.6310 0.0349 0.0000 0.2991
223      223   (0)      6  : 0.0000 0.2692 0.0000 0.0000 0.0000 0.0157 0.0000 0.3110 0.0658 0.0000 0.3383
224      224   (0)      6  : 0.0000 0.2164 0.0000 0.0000 0.0000 0.1459 0.0003 0.4583 0.0565 0.0000 0.1226
225      225   (0)      6  : 0.0000 0.6915 0.0000 0.0000 0.0073 0.2000 0.0000 0.0000 0.1012 0.0000 0.0000
226      226   (0)      6  : 0.0000 0.3591 0.0000 0.0000 0.0000 0.1760 0.0034 0.1981 0.0776 0.0000 0.1857
227      227   (0)      6  : 0.0000 0.4133 0.0000 0.0000 0.0000 0.0751 0.0000 0.3171 0.0460 0.0000 0.1484
228      228   (0)      6  : 0.0000 0.2279 0.0000 0.0000 0.0133 0.2350 0.0000 0.0231 0.3142 0.0000 0.1864
229      229   (0)      6  : 0.0000 0.2850 0.0000 0.0000 0.0000 0.5351 0.0000 0.0995 0.0003 0.0000 0.0801
230      230   (0)      6  : 0.0000 0.1498 0.0000 0.0000 0.0009 0.3496 0.0000 0.3670 0.0023 0.0000 0.1304
231      231   (0)      6  : 0.0000 0.5580 0.0000 0.0000 0.0370 0.2560 0.0000 0.0502 0.0233 0.0000 0.0755
232      232   (0)      6  : 0.0000 0.2121 0.0000 0.0000 0.0045 0.0429 0.0000 0.3847 0.0448 0.0000 0.3109
233      233   (0)      6  : 0.0000 0.7668 0.0000 0.0000 0.0000 0.0513 0.0000 0.0839 0.0533 0.0000 0.0446
234      234   (0)      6  : 0.0000 0.2382 0.0000 0.0000 0.0127 0.1436 0.0000 0.4810 0.0000 0.0000 0.1244
235      235   (0)      6  : 0.0000 0.2203 0.0045 0.0000 0.0107 0.0890 0.0000 0.2809 0.0006 0.0000 0.3940
236      236   (0)      6  : 0.0000 0.2025 0.0000 0.0000 0.0031 0.0000 0.0000 0.2168 0.0239 0.0000 0.5538
237      237   (0)      6  : 0.0000 0.1063 0.0000 0.0000 0.0013 0.3201 0.0000 0.3651 0.1309 0.0000 0.0762
238      238   (0)      6  : 0.0000 0.1801 0.0000 0.0000 0.0000 0.4244 0.0000 0.2896 0.0419 0.0000 0.0640
239      239   (0)      6  : 0.0000 0.5344 0.0008 0.0000 0.0024 0.1940 0.0000 0.1684 0.1000 0.0000 0.0000
240      240   (0)      6  : 0.0000 0.1880 0.0010 0.0000 0.0145 0.2460 0.0000 0.4802 0.0421 0.0000 0.0281
241      241   (0)      6  : 0.0000 0.3021 0.0000 0.0000 0.0000 0.3918 0.0000 0.2405 0.0445 0.0000 0.0212
242      242   (0)      6  : 0.0000 0.6483 0.0000 0.0000 0.0000 0.0000 0.0003 0.2944 0.0159 0.0000 0.0411
243      243   (0)      6  : 0.0000 0.2964 0.0000 0.0000 0.0612 0.1113 0.0000 0.2705 0.0077 0.0000 0.2530
244      244   (0)      6  : 0.0000 0.8325 0.0000 0.0000 0.0000 0.0000 0.0000 0.0134 0.0652 0.0000 0.0888
245      245   (0)      6  : 0.0000 0.1295 0.0000 0.0000 0.0003 0.5305 0.0000 0.2252 0.0000 0.0000 0.1144
246      246   (0)      6  : 0.0000 0.0000 0.0000 0.0000 0.0000 0.0463 0.0000 0.8291 0.0246 0.0000 0.1000
247      247   (0)      6  : 0.0000 0.4762 0.0000 0.0000 0.0000 0.1117 0.0000 0.1890 0.0868 0.0000 0.1363
248      248   (0)      6  : 0.0000 0.1350 0.0000 0.0000 0.0000 0.1799 0.0013 0.6793 0.0046 0.0000 0.0000
249      249   (0)      7  : 0.0000 0.2244 0.0000 0.0000 0.0000 0.5655 0.0000 0.1645 0.0172 0.0000 0.0284
250      250   (0)      7  : 0.0000 0.5514 0.0000 0.0000 0.0000 0.0157 0.0000 0.2145 0.0000 0.0000 0.2184
251      251   (0)      7  : 0.0000 0.4599 0.0000 0.0000 0.0000 0.0079 0.0000 0.1224 0.0418 0.0000 0.3680
252      252   (0)      7  : 0.0000 0.1122 0.0000 0.0000 0.0000 0.2464 0.0000 0.3696 0.0484 0.0000 0.2234
253      253   (0)      7  : 0.0000 0.2890 0.0000 0.0000 0.0000 0.1249 0.0000 0.3785 0.0605 0.0000 0.1471
254      254   (0)      7  : 0.0000 0.2181 0.0000 0.0000 0.0050 0.2327 0.0000 0.3662 0.0018 0.0000 0.1763
255      255   (0)      7  : 0.0000 0.3869 0.0000 0.0000 0.0004 0.1832 0.0000 0.3420 0.0554 0.0000 0.0322
256      256   (0)      7  : 0.0000 0.3796 0.0000 0.0000 0.0000 0.1945 0.0000 0.2473 0.1174 0.0000 0.0611
257      257   (0)      7  : 0.0000 0.4907 0.0000 0.0000 0.0000 0.3769 0.0000 0.0548 0.0603 0.0000 0.0173
258      258   (0)      7  : 0.0000 0.6110 0.0000 0.0000 0.0000 0.1272 0.0000 0.0000 0.0000 0.0000 0.2618
259      259   (0)      7  : 0.0000 0.4876 0.0000 0.0000 0.0000 0.3058 0.0000 0.0749 0.0009 0.0000 0.1307
260      260   (0)      7  : 0.0000 0.4851 0.0000 0.0000 0.0000 0.3501 0.0000 0.1080 0.0202 0.0000 0.0366
261      261   (0)      7  : 0.0000 0.0072 0.0000 0.0000 0.0000 0.0000 0.0000 0.8507 0.0838 0.0000 0.0584
262      262   (0)      7  : 0.0000 0.4186 0.0000 0.0000 0.0000 0.0653 0.0000 0.3990 0.0705 0.0000 0.0467
263      263   (0)      7  : 0.0000 0.1008 0.0000 0.0000 0.0076 0.2530 0.0000 0.5275 0.0618 0.0000 0.0494
264      264   (0)      7  : 0.0000 0.2242 0.0000 0.0000 0.0050 0.2050 0.0000 0.4822 0.0358 0.0000 0.0479
265      265   (0)      7  : 0.0000 0.3086 0.0000 0.0000 0.0000 0.0949 0.0000 0.3951 0.0363 0.0000 0.1650
266      266   (0)      7  : 0.0000 0.0576 0.0000 0.0000 0.0024 0.0000 0.0020 0.6817 0.0070 0.0000 0.2494
267      267   (0)      7  : 0.0000 0.2997 0.0008 0.0000 0.0140 0.0174 0.0000 0.5361 0.0003 0.0000 0.1317
268      268   (0)      7  : 0.0000 0.4854 0.0000 0.0000 0.0000 0.0687 0.0000 0.3898 0.0322 0.0000 0.0240
269      269   (0)      7  : 0.0000 0.2586 0.0000 0.0000 0.0115 0.0992 0.0000 0.3600 0.0799 0.0000 0.1908
270      270   (0)      7  : 0.0000 0.1791 0.0000 0.0000 0.0094 0.0879 0.0000 0.6905 0.0000 0.0000 0.0331
271      271   (0)      7  : 0.0000 0.3988 0.0000 0.0000 0.0000 0.0289 0.0000 0.4185 0.0000 0.0000 0.1538
272      272   (0)      7  : 0.0000 0.0000 0.0000 0.0000 0.0000 0.0363 0.0000 0.8104 0.0000 0.0000 0.1532
273      273   (0)      7  : 0.0000 0.4361 0.0000 0.0000 0.0000 0.1631 0.0009 0.2041 0.0853 0.0000 0.1106
274      274   (0)      7  : 0.0000 0.0744 0.0000 0.0000 0.0047 0.3247 0.0000 0.2388 0.3069 0.0000 0.0505
275      275   (0)      7  : 0.0000 0.0819 0.0034 0.0000 0.0006 0.3408 0.0000 0.3586 0.0534 0.0000 0.1612
276      276   (0)      7  : 0.0000 0.1319 0.0000 0.0000 0.0000 0.0708 0.0000 0.6948 0.0000 0.0000 0.1025
277      277   (0)      7  : 0.0000 0.3233 0.0000 0.0000 0.0000 0.0929 0.0002 0.4816 0.0020 0.0000 0.1000
278      278   (0)      7  : 0.0000 0.1108 0.0000 0.0000 0.0003 0.0897 0.0000 0.7584 0.0000 0.0000 0.0409
279      279   (0)      8  : 0.0000 0.6289 0.0000 0.0000 0.0000 0.0853 0.0000 0.1614 0.0033 0.0000 0.1212
280      280   (0)      8  : 0.0000 0.3041 0.0000 0.0000 0.0001 0.0349 0.0000 0.3163 0.0390 0.0000 0.3056
281      281   (0)      8  : 0.0000 0.3263 0.0000 0.0000 0.0000 0.0258 0.0000 0.4761 0.0684 0.0000 0.1033
282      282   (0)      8  : 0.0000 0.2571 0.0000 0.0000 0.0000 0.3398 0.0000 0.1422 0.1314 0.0000 0.1294
283      283   (0)      8  : 0.0000 0.3869 0.0033 0.0000 0.0089 0.1765 0.0017 0.2179 0.0106 0.0000 0.1943
284      284   (0)      8  : 0.0000 0.0436 0.0000 0.0000 0.0000 0.0451 0.0000 0.7768 0.0000 0.0000 0.1345
285      285   (0)      8  : 0.0000 0.2122 0.0000 0.0000 0.0005 0.1287 0.0000 0.4143 0.0042 0.0000 0.2401
286      286   (0)      8  : 0.0000 0.3450 0.0000 0.0000 0.0006 0.0411 0.0000 0.3902 0.0180 0.0000 0.2051
287      287   (0)      8  : 0.0000 0.3212 0.0000 0.0000 0.0000 0.2395 0.0000 0.3697 0.0359 0.0000 0.0336
288      288   (0)      8  : 0.0000 0.2393 0.0000 0.0000 0.0109 0.0000 0.0000 0.1533 0.1413 0.0000 0.4552
289      289   (0)      8  : 0.0000 0.3495 0.0035 0.0000 0.0018 0.4114 0.0000 0.1177 0.1137 0.0000 0.0024
290      290   (0)      5  : 0.0000 0.1188 0.0000 0.0000 0.0011 0.1054 0.0000 0.4910 0.0036 0.0000 0.2801
291      291   (0)      5  : 0.0000 0.5431 0.0000 0.0000 0.0000 0.3341 0.0000 0.0795 0.0347 0.0000 0.0087
292      292   (0)      5  : 0.0000 0.3224 0.0000 0.0000 0.0005 0.0674 0.0000 0.3373 0.0547 0.0000 0.2177
293      293   (0)      5  : 0.0000 0.2067 0.0000 0.0000 0.0000 0.1242 0.0000 0.5476 0.0434 0.0000 0.0782
294      294   (0)      5  : 0.0000 0.0389 0.0000 0.0000 0.0036 0.1110 0.0000 0.5876 0.0000 0.0000 0.2588
295      295   (0)      5  : 0.0000 0.5341 0.0000 0.0000 0.0000 0.0945 0.0000 0.2203 0.1037 0.0000 0.0474
296      296   (0)      5  : 0.0000 0.5093 0.0028 0.0000 0.0106 0.2457 0.0011 0.2027 0.0278 0.0000 0.0000
297      297   (0)      5  : 0.0000 0.4621 0.0034 0.0000 0.0249 0.4141 0.0000 0.0471 0.0484 0.0000 0.0000
298      298   (0)      5  : 0.0000 0.3057 0.0000 0.0000 0.0000 0.0710 0.0000 0.5564 0.0133 0.0000 0.0536
299      299   (0)      5  : 0.0000 0.5969 0.0000 0.0000 0.0061 0.0386 0.0000 0.1501 0.0299 0.0000 0.1784
300      300   (0)      5  : 0.0000 0.6731 0.0000 0.0000 0.0001 0.0404 0.0000 0.1116 0.0144 0.0000 0.1604
301      301   (0)      5  : 0.0000 0.6513 0.0000 0.0000 0.0005 0.0889 0.0000 0.1090 0.0289 0.0000 0.1214
302      302   (0)      5  : 0.0000 0.2774 0.0000 0.0000 0.0000 0.1598 0.0000 0.4246 0.0663 0.0000 0.0718
303      303   (0)      5  : 0.0000 0.1695 0.0000 0.0000 0.0000 0.1556 0.0000 0.3906 0.0533 0.0000 0.2310
304      304   (0)      5  : 0.0000 0.1557 0.0000 0.0000 0.0000 0.3600 0.0000 0.2797 0.0585 0.0000 0.1460
305      305   (0)      5  : 0.0000 0.4616 0.0000 0.0000 0.0009 0.1921 0.0014 0.2590 0.0064 0.0000 0.0785
306      306   (0)      5  : 0.0000 0.3682 0.0000 0.0000 0.0000 0.0351 0.0000 0.1014 0.1504 0.0000 0.3448
307      307   (0)      5  : 0.0000 0.4312 0.0000 0.0000 0.0437 0.1683 0.0000 0.1359 0.0009 0.0000 0.2202
308      308   (0)      5  : 0.0000 0.2589 0.0000 0.0000 0.0064 0.4987 0.0014 0.0404 0.1593 0.0000 0.0349
309      309   (0)      5  : 0.0000 0.1063 0.0000 0.0000 0.0000 0.0904 0.0006 0.6373 0.0026 0.0000 0.1628
310      310   (0)      5  : 0.0000 0.5860 0.0000 0.0000 0.0024 0.0239 0.0000 0.0396 0.0004 0.0000 0.3477
311      311   (0)      5  : 0.0000 0.5605 0.0000 0.0000 0.0000 0.1431 0.0010 0.1588 0.0147 0.0000 0.1219
312      312   (0)      5  : 0.0000 0.4324 0.0000 0.0000 0.0005 0.1101 0.0031 0.2767 0.1616 0.0000 0.0157
313      313   (0)      5  : 0.0000 0.0448 0.0000 0.0000 0.0000 0.5366 0.0000 0.3073 0.0003 0.0000 0.1110
314      314   (0)      5  : 0.0000 0.5791 0.0000 0.0000 0.0093 0.0668 0.0000 0.3140 0.0000 0.0000 0.0307
315      315   (0)      5  : 0.0000 0.3144 0.0000 0.0000 0.0000 0.0276 0.0010 0.5530 0.0063 0.0000 0.0977
316      316   (0)      5  : 0.0000 0.2627 0.0000 0.0000 0.0000 0.3403 0.0000 0.2498 0.1212 0.0000 0.0261
317      317   (0)      5  : 0.0000 0.4382 0.0000 0.0000 0.0000 0.0000 0.0000 0.4524 0.0000 0.0000 0.1094
318      318   (0)      8  : 0.0000 0.2069 0.0000 0.0000 0.0000 0.0018 0.0000 0.3525 0.0000 0.0000 0.4388
319      319   (0)      8  : 0.0000 0.3042 0.0000 0.0000 0.0000 0.1466 0.0000 0.4370 0.0477 0.0000 0.0645
320      320   (0)      9  : 0.0000 0.1196 0.0000 0.0000 0.0000 0.1397 0.0000 0.7202 0.0005 0.0000 0.0200
321      321   (0)      9  : 0.0000 0.5734 0.0092 0.0000 0.0000 0.0000 0.0008 0.2548 0.0066 0.0000 0.1552
322      322   (0)      9  : 0.0000 0.2339 0.0000 0.0000 0.0000 0.0832 0.0000 0.5563 0.0431 0.0000 0.0836
323      323   (0)      9  : 0.0000 0.4201 0.0000 0.0000 0.0060 0.0848 0.0000 0.3193 0.0466 0.0000 0.1232
324      324   (0)      9  : 0.0000 0.6154 0.0000 0.0000 0.0000 0.1605 0.0000 0.0769 0.0660 0.0000 0.0812
325      325   (0)      8  : 0.0000 0.1703 0.0003 0.0000 0.0010 0.5632 0.0000 0.1963 0.0321 0.0000 0.0369
326      326   (0)      8  : 0.0000 0.3960 0.0000 0.0000 0.0000 0.0350 0.0000 0.3262 0.0656 0.0000 0.1772
327      327   (0)      8  : 0.0000 0.2544 0.0000 0.0000 0.0000 0.3366 0.0000 0.3876 0.0213 0.0000 0.0001
328      328   (0)      8  : 0.0000 0.2476 0.0000 0.0000 0.0000 0.0401 0.0000 0.5717 0.0406 0.0000 0.1000
329      329   (0)      8  : 0.0000 0.2483 0.0000 0.0000 0.0000 0.1983 0.0000 0.4876 0.0000 0.0000 0.0658
330      330   (0)      9  : 0.0000 0.8048 0.0000 0.0000 0.0013 0.0540 0.0000 0.1389 0.0010 0.0000 0.0000
331      331   (0)      9  : 0.0000 0.0252 0.0000 0.0000 0.0000 0.0478 0.0000 0.6200 0.0537 0.0000 0.2534
332      332   (0)      9  : 0.0000 0.5123 0.0000 0.0000 0.0000 0.0603 0.0000 0.2928 0.0291 0.0000 0.1055
333      333   (0)      9  : 0.0000 0.2411 0.0000 0.0000 0.0000 0.1484 0.0000 0.5678 0.0000 0.0000 0.0426
334      334   (0)      9  : 0.0000 0.0741 0.0000 0.0000 0.0000 0.3322 0.0000 0.5609 0.0328 0.0000 0.0000
335      335   (0)      9  : 0.0000 0.3973 0.0000 0.0000 0.0000 0.1445 0.0000 0.1185 0.0169 0.0000 0.3227
336      336   (0)      8  : 0.0000 0.3803 0.0000 0.0000 0.0000 0.0437 0.0000 0.2457 0.2303 0.0000 0.1000
337      337   (0)      8  : 0.0000 0.5207 0.0000 0.0000 0.0000 0.1084 0.0000 0.0001 0.2670 0.0000 0.1039
338      338   (0)      8  : 0.0000 0.3126 0.0000 0.0000 0.0000 0.2874 0.0000 0.0000 0.3000 0.0000 0.1000
339      339   (0)      8  : 0.0000 0.6980 0.0000 0.0000 0.0000 0.1137 0.0000 0.0850 0.0529 0.0000 0.0505
340      340   (0)      8  : 0.0000 0.4249 0.0000 0.0000 0.0000 0.0713 0.0000 0.2768 0.0538 0.0000 0.1732
341      341   (0)      8  : 0.0000 0.5570 0.0000 0.0000 0.0487 0.1542 0.0000 0.1566 0.0449 0.0000 0.0385
342      342   (0)      8  : 0.0000 0.6060 0.0000 0.0000 0.0000 0.1353 0.0000 0.1479 0.1056 0.0000 0.0052
343      343   (0)      9  : 0.0000 0.3009 0.0000 0.0000 0.0000 0.4996 0.0000 0.1306 0.0689 0.0000 0.0000
344      344   (0)      9  : 0.0000 0.3893 0.0000 0.0000 0.0000 0.2172 0.0000 0.3299 0.0165 0.0000 0.0471
345      345   (0)      9  : 0.0000 0.4571 0.0000 0.0000 0.0000 0.0236 0.0000 0.4871 0.0000 0.0000 0.0322
346      346   (0)      9  : 0.0000 0.2812 0.0000 0.0000 0.0180 0.2358 0.0000 0.3286 0.0306 0.0000 0.1059
347      347   (0)      9  : 0.0000 0.2322 0.0000 0.0000 0.0084 0.1003 0.0000 0.6589 0.0000 0.0000 0.0003
348      348   (0)      9  : 0.0000 0.3319 0.0000 0.0000 0.0022 0.0636 0.0016 0.3743 0.0707 0.0000 0.1557
349      349   (0)      9  : 0.0000 0.2914 0.0000 0.0000 0.0393 0.3034 0.0055 0.2301 0.0652 0.0011 0.0639
350      350   (0)      9  : 0.0000 0.4221 0.0000 0.0000 0.0002 0.2042 0.0000 0.2302 0.0886 0.0000 0.0547
351      351   (0)      9  : 0.0000 0.2023 0.0000 0.0000 0.0284 0.2266 0.0000 0.4202 0.0000 0.0000 0.1225
352      352   (0)      9  : 0.0000 0.2377 0.0000 0.0000 0.0008 0.5951 0.0003 0.0356 0.0996 0.0000 0.0310
353      353   (0)      9  : 0.0000 0.4590 0.0000 0.0000 0.0219 0.0323 0.0000 0.1186 0.2117 0.0000 0.1565
354      354   (0)      9  : 0.0000 0.4733 0.0000 0.0000 0.0000 0.1059 0.0000 0.3787 0.0000 0.0000 0.0421
355      355   (0)      9  : 0.0000 0.1254 0.0000 0.0000 0.0000 0.0799 0.0013 0.7231 0.0055 0.0000 0.0648
356      356   (0)      9  : 0.0000 0.4119 0.0000 0.0000 0.0008 0.2846 0.0000 0.2406 0.0018 0.0000 0.0602
357      357   (0)      9  : 0.0000 0.5457 0.0000 0.0000 0.0000 0.0707 0.0000 0.3231 0.0000 0.0000 0.0605
358      358   (0)      9  : 0.0000 0.6207 0.0000 0.0000 0.0080 0.0182 0.0000 0.0461 0.0000 0.0000 0.3070
359      359   (0)      9  : 0.0000 0.5040 0.0000 0.0000 0.0060 0.3767 0.0000 0.0364 0.0316 0.0000 0.0453
360      360   (0)      9  : 0.0000 0.5045 0.0000 0.0000 0.0000 0.0852 0.0000 0.1206 0.1108 0.0000 0.1788
361      361   (0)      9  : 0.0000 0.4258 0.0000 0.0000 0.0000 0.1911 0.0000 0.1240 0.0771 0.0000 0.1821
362      362   (0)     10  : 0.0000 0.5858 0.0000 0.0000 0.0000 0.0173 0.0000 0.3301 0.0073 0.0000 0.0596
363      363   (0)     10  : 0.0000 0.2073 0.0000 0.0000 0.0000 0.0998 0.0000 0.6337 0.0003 0.0000 0.0590
364      364   (0)     10  : 0.0000 0.3220 0.0000 0.0000 0.0000 0.0585 0.0000 0.5371 0.0031 0.0000 0.0793
365      365   (0)     10  : 0.0000 0.1630 0.0068 0.0000 0.0000 0.1612 0.0000 0.6287 0.0000 0.0000 0.0404
366      366   (0)     10  : 0.0000 0.1459 0.0004 0.0000 0.0000 0.4602 0.0000 0.3368 0.0000 0.0000 0.0566
367      367   (0)     10  : 0.0000 0.3290 0.0000 0.0000 0.0180 0.0789 0.0000 0.5333 0.0000 0.0000 0.0408
368      368   (0)     10  : 0.0000 0.1076 0.0000 0.0000 0.0000 0.6212 0.0000 0.2086 0.0000 0.0000 0.0625
369      369   (0)     10  : 0.0000 0.1314 0.0000 0.0000 0.0000 0.5347 0.0000 0.1182 0.1352 0.0000 0.0805
370      370   (0)     10  : 0.0000 0.1322 0.0000 0.0000 0.0186 0.0346 0.0000 0.1916 0.1309 0.0000 0.4921
371      371   (0)     10  : 0.0000 0.2576 0.0000 0.0000 0.0037 0.1715 0.0000 0.5409 0.0000 0.0000 0.0263
372      372   (0)     10  : 0.0000 0.1140 0.0000 0.0000 0.0034 0.1693 0.0000 0.2920 0.0721 0.0000 0.3492
373      373   (0)     10  : 0.0000 0.5229 0.0000 0.0000 0.0000 0.0000 0.0000 0.3591 0.0745 0.0000 0.0435
374      374   (0)     10  : 0.0000 0.2756 0.0000 0.0000 0.0001 0.1003 0.0000 0.6021 0.0219 0.0000 0.0000
375      375   (0)     10  : 0.0000 0.1031 0.0000 0.0000 0.0000 0.0414 0.0000 0.4630 0.0000 0.0000 0.3925
376      376   (0)     10  : 0.0000 0.5363 0.0000 0.0000 0.0000 0.0000 0.0039 0.3284 0.0463 0.0000 0.0850
377      377   (0)     10  : 0.0000 0.1865 0.0000 0.0000 0.0024 0.0532 0.0059 0.4883 0.0993 0.0000 0.1644
378      378   (0)     10  : 0.0000 0.3092 0.0000 0.0000 0.0000 0.0798 0.0000 0.1897 0.0000 0.0000 0.4213
379      379   (0)     10  : 0.0000 0.2306 0.0008 0.0000 0.0439 0.1541 0.0000 0.3879 0.0240 0.0000 0.1587
380      380   (0)     10  : 0.0000 0.1317 0.0000 0.0000 0.0000 0.7049 0.0000 0.0972 0.0557 0.0000 0.0105
381      381   (0)     10  : 0.0000 0.6409 0.0000 0.0000 0.0070 0.1118 0.0000 0.1528 0.0000 0.0000 0.0876
382      382   (0)     10  : 0.0000 0.5173 0.0000 0.0000 0.0000 0.1091 0.0000 0.3394 0.0000 0.0000 0.0342
383      383   (0)     10  : 0.0000 0.3857 0.0000 0.0000 0.0237 0.1420 0.0013 0.0504 0.0230 0.0000 0.3737
384      384   (0)     10  : 0.0000 0.1203 0.0010 0.0000 0.0000 0.0257 0.0000 0.6305 0.0000 0.0000 0.2226
385      385   (0)     10  : 0.0000 0.8335 0.0000 0.0000 0.0000 0.0331 0.0000 0.0026 0.0308 0.0000 0.1000
386      386   (0)     10  : 0.0000 0.0000 0.0000 0.0000 0.0024 0.0329 0.0000 0.4227 0.0656 0.0000 0.4764
387      387   (0)     10  : 0.0000 0.7029 0.0046 0.0000 0.0000 0.0407 0.0000 0.1149 0.0266 0.0000 0.1104
388      388   (0)     10  : 0.0000 0.5053 0.0000 0.0000 0.0031 0.0663 0.0000 0.3253 0.1000 0.0000 0.0000
389      389   (0)     10  : 0.0000 0.2420 0.0000 0.0000 0.0000 0.1379 0.0000 0.2661 0.1337 0.0000 0.2203
390      390   (0)      8  : 0.0000 0.1313 0.0000 0.0000 0.0378 0.1608 0.0000 0.5374 0.0469 0.0000 0.0859
391      391   (0)      8  : 0.0000 0.2281 0.0010 0.0000 0.0000 0.2049 0.0000 0.3699 0.0209 0.0000 0.1753
392      392   (0)      8  : 0.0000 0.1470 0.0000 0.0000 0.0026 0.4764 0.0000 0.0495 0.2009 0.0000 0.1236
393      393   (0)     11  : 0.0000 0.1348 0.0000 0.0000 0.0007 0.4583 0.0000 0.3611 0.0439 0.0000 0.0012
394      394   (0)     11  : 0.0000 0.2953 0.0000 0.0000 0.0000 0.0794 0.0000 0.1149 0.0433 0.0000 0.4671
395      395   (0)     11  : 0.0073 0.1379 0.0000 0.0003 0.0000 0.1620 0.0030 0.2231 0.0954 0.0000 0.3710
396      396   (0)     11  : 0.0353 0.1461 0.0000 0.0000 0.0162 0.4786 0.0001 0.2585 0.0210 0.0000 0.0442
397      397   (0)     11  : 0.0000 0.2703 0.0019 0.0000 0.0000 0.0153 0.0000 0.2176 0.0633 0.0000 0.4316
398      398   (0)     11  : 0.0000 0.0004 0.0000 0.0000 0.0000 0.1635 0.0000 0.6966 0.0395 0.0000 0.1000
399      399   (0)     11  : 0.0000 0.5197 0.0000 0.0000 0.0000 0.1246 0.0000 0.2634 0.0000 0.0000 0.0922
400      400   (0)     11  : 0.0000 0.6123 0.0018 0.0000 0.0000 0.0284 0.0000 0.0998 0.0487 0.0000 0.2089
401      401   (0)     11  : 0.0029 0.2449 0.0000 0.0000 0.0000 0.2310 0.0000 0.0695 0.0575 0.0000 0.3942
402      402   (0)     11  : 0.0000 0.3065 0.0000 0.0000 0.0000 0.2909 0.0000 0.3389 0.0000 0.0000 0.0638
403      403   (0)     11  : 0.0000 0.3161 0.0000 0.0000 0.0000 0.0639 0.0000 0.1058 0.0594 0.0000 0.4548
404      404   (0)     11  : 0.0000 0.2189 0.0000 0.0000 0.0053 0.2540 0.0000 0.4729 0.0000 0.0000 0.0488
405      405   (0)     11  : 0.0010 0.3065 0.0000 0.0000 0.0713 0.2884 0.0017 0.1112 0.0815 0.0000 0.1384
406      406   (0)     11  : 0.0004 0.1201 0.0000 0.0000 0.0000 0.2494 0.0000 0.2712 0.1154 0.0000 0.2434
407      407   (0)     11  : 0.0000 0.2990 0.0000 0.0000 0.0000 0.1762 0.0000 0.3188 0.0769 0.0000 0.1291
408      408   (0)     11  : 0.0000 0.1807 0.0000 0.0000 0.0028 0.1667 0.0000 0.3541 0.1110 0.0000 0.1848
409      409   (0)     11  : 0.0000 0.2815 0.0027 0.0000 0.0090 0.3050 0.0026 0.2236 0.1005 0.0000 0.0752
410      410   (0)     11  : 0.0000 0.1181 0.0000 0.0000 0.0000 0.2041 0.0000 0.6765 0.0003 0.0000 0.0011
411      411   (0)     11  : 0.0000 0.0951 0.0000 0.0000 0.0000 0.1227 0.0000 0.6405 0.0232 0.0000 0.1184
412      412   (0)     11  : 0.0000 0.5969 0.0000 0.0000 0.0000 0.0882 0.0000 0.1408 0.0656 0.0000 0.1084
413      413   (0)     11  : 0.0000 0.2053 0.0000 0.0000 0.0268 0.1831 0.0000 0.4654 0.0130 0.0000 0.1065
414      414   (0)     11  : 0.0000 0.2901 0.0000 0.0000 0.0000 0.1526 0.0000 0.2339 0.0740 0.0000 0.2493
415      415   (0)     11  : 0.0000 0.2266 0.0000 0.0000 0.0000 0.0911 0.0000 0.5451 0.0077 0.0000 0.1296
416      416   (0)     11  : 0.0000 0.1845 0.0000 0.0000 0.0033 0.1295 0.0051 0.3729 0.0471 0.0000 0.2577
417      417   (0)     11  : 0.0000 0.5814 0.0000 0.0000 0.0000 0.0842 0.0000 0.1860 0.1483 0.0000 0.0001
418      418   (0)     11  : 0.0112 0.2579 0.0000 0.0000 0.0183 0.3729 0.0000 0.1704 0.0003 0.0000 0.1689
419      419   (0)     11  : 0.0000 0.2997 0.0000 0.0000 0.0019 0.3580 0.0000 0.0404 0.2000 0.0000 0.1000
420      420   (0)     11  : 0.0000 0.1860 0.0000 0.0000 0.0000 0.1843 0.0000 0.2716 0.0498 0.0000 0.3083
421      421   (0)     11  : 0.0000 0.2074 0.0000 0.0000 0.0000 0.2815 0.0000 0.0001 0.2285 0.0000 0.2824
422      422   (0)     11  : 0.0000 0.8180 0.0000 0.0000 0.0000 0.0465 0.0000 0.0158 0.0127 0.0000 0.1069
423      423   (0)     12  : 0.9955 0.0000 0.0000 0.0021 0.0000 0.0000 0.0000 0.0000 0.0000 0.0024 0.0000
424      424   (0)     12  : 0.0000 0.0000 0.0000 0.0000 0.7671 0.0000 0.0192 0.1039 0.0630 0.0000 0.0467
425      425   (0)     12  : 0.9931 0.0000 0.0000 0.0042 0.0000 0.0024 0.0003 0.0000 0.0000 0.0000 0.0000
426      426   (0)     12  : 0.0000 0.0236 0.0000 0.0000 0.5659 0.0085 0.0874 0.0052 0.3034 0.0000 0.0060
427      427   (0)     12  : 0.9709 0.0000 0.0000 0.0138 0.0000 0.0098 0.0023 0.0000 0.0000 0.0031 0.0000
428      428   (0)     12  : 0.8968 0.0000 0.0000 0.0513 0.0188 0.0000 0.0164 0.0000 0.0000 0.0138 0.0030
429      429   (0)     12  : 0.0000 0.0000 0.0088 0.0000 0.0912 0.0000 0.2000 0.0000 0.7000 0.0000 0.0000
430      430   (0)     12  : 0.9573 0.0000 0.0000 0.0000 0.0000 0.0000 0.0127 0.0000 0.0028 0.0272 0.0000
431      431   (0)     12  : 0.9452 0.0000 0.0041 0.0237 0.0000 0.0141 0.0039 0.0000 0.0007 0.0084 0.0000
432      432   (0)     12  : 0.0000 0.0000 0.0000 0.0000 0.9358 0.0174 0.0053 0.0000 0.0218 0.0000 0.0196
433      433   (0)     12  : 0.9813 0.0000 0.0000 0.0000 0.0017 0.0000 0.0026 0.0000 0.0094 0.0050 0.0000
434      434   (0)     12  : 0.9994 0.0000 0.0000 0.0000 0.0000 0.0000 0.0000 0.0000 0.0000 0.0006 0.0000
435      435   (0)     12  : 0.9116 0.0000 0.0011 0.0220 0.0019 0.0060 0.0327 0.0000 0.0092 0.0038 0.0117
436      436   (0)     12  : 0.9588 0.0000 0.0047 0.0230 0.0000 0.0000 0.0042 0.0000 0.0000 0.0093 0.0000
437      437   (0)     12  : 0.9603 0.0000 0.0000 0.0000 0.0038 0.0016 0.0076 0.0000 0.0260 0.0000 0.0007
438      438   (0)     12  : 0.9908 0.0000 0.0000 0.0022 0.0000 0.0000 0.0033 0.0000 0.0000 0.0037 0.0000
439      439   (0)     12  : 0.0000 0.0174 0.0000 0.0000 0.9826 0.0000 0.0000 0.0000 0.0001 0.0000 0.0000
440      440   (0)     12  : 0.0000 0.0000 0.0000 0.0000 0.9205 0.0000 0.0049 0.0185 0.0143 0.0000 0.0418
441      441   (0)     12  : 0.9923 0.0000 0.0000 0.0000 0.0000 0.0025 0.0000 0.0000 0.0000 0.0000 0.0052
442      442   (0)     12  : 0.0000 0.0000 0.0035 0.0000 0.4667 0.0000 0.1076 0.0000 0.3747 0.0000 0.0475
443      443   (0)     12  : 0.9657 0.0000 0.0000 0.0091 0.0000 0.0054 0.0130 0.0000 0.0000 0.0068 0.0000
444      444   (0)     12  : 0.9758 0.0000 0.0000 0.0009 0.0000 0.0045 0.0128 0.0000 0.0000 0.0000 0.0059
445      445   (0)     12  : 0.9560 0.0000 0.0000 0.0025 0.0000 0.0000 0.0203 0.0000 0.0000 0.0213 0.0000
446      446   (0)     12  : 0.9996 0.0000 0.0000 0.0000 0.0000 0.0000 0.0004 0.0000 0.0000 0.0000 0.0000
447      447   (0)     12  : 0.9616 0.0000 0.0000 0.0036 0.0007 0.0000 0.0105 0.0000 0.0000 0.0223 0.0013
448      448   (0)     12  : 1.0000 0.0000 0.0000 0.0000 0.0000 0.0000 0.0000 0.0000 0.0000 0.0000 0.0000
449      449   (0)     12  : 0.9887 0.0000 0.0000 0.0078 0.0000 0.0000 0.0035 0.0000 0.0000 0.0000 0.0000
450      450   (0)     12  : 0.9851 0.0000 0.0000 0.0070 0.0000 0.0000 0.0066 0.0000 0.0000 0.0012 0.0000
451      451   (0)     12  : 0.9351 0.0000 0.0000 0.0380 0.0000 0.0000 0.0042 0.0000 0.0015 0.0191 0.0022
452      452   (0)     12  : 0.9550 0.0000 0.0000 0.0018 0.0002 0.0000 0.0216 0.0000 0.0000 0.0203 0.0011
453      453   (0)     13  : 0.9958 0.0000 0.0000 0.0000 0.0000 0.0034 0.0000 0.0000 0.0000 0.0007 0.0000
454      454   (0)     13  : 0.9822 0.0000 0.0095 0.0001 0.0000 0.0024 0.0000 0.0000 0.0000 0.0058 0.0000
455      455   (0)     13  : 0.9986 0.0000 0.0000 0.0000 0.0000 0.0000 0.0000 0.0000 0.0000 0.0000 0.0014
456      456   (0)     13  : 0.0000 0.0000 0.0000 0.0000 0.8909 0.0000 0.0099 0.0001 0.0356 0.0000 0.0636
457      457   (0)     13  : 0.9252 0.0000 0.0000 0.0261 0.0002 0.0102 0.0172 0.0000 0.0000 0.0197 0.0014
458      458   (0)     13  : 0.9950 0.0000 0.0000 0.0004 0.0000 0.0000 0.0022 0.0000 0.0000 0.0025 0.0000
459      459   (0)     13  : 0.9965 0.0000 0.0000 0.0023 0.0000 0.0011 0.0000 0.0000 0.0000 0.0000 0.0000
460      460   (0)     13  : 0.9959 0.0000 0.0000 0.0000 0.0000 0.0016 0.0000 0.0000 0.0000 0.0000 0.0025
461      461   (0)     13  : 0.9976 0.0000 0.0000 0.0024 0.0000 0.0000 0.0000 0.0000 0.0000 0.0000 0.0000
462      462   (0)     13  : 0.9430 0.0000 0.0003 0.0089 0.0000 0.0012 0.0430 0.0000 0.0000 0.0035 0.0000
463      463   (0)     13  : 0.9535 0.0000 0.0002 0.0244 0.0000 0.0074 0.0000 0.0000 0.0000 0.0087 0.0058
464      464   (0)     13  : 0.0000 0.0000 0.0084 0.4443 0.0000 0.1000 0.1463 0.0000 0.0000 0.2009 0.1000
465      465   (0)     13  : 0.9676 0.0000 0.0038 0.0000 0.0090 0.0053 0.0075 0.0000 0.0039 0.0000 0.0029
466      466   (0)     13  : 0.9885 0.0000 0.0059 0.0027 0.0000 0.0000 0.0000 0.0000 0.0000 0.0029 0.0000
467      467   (0)     13  : 0.9495 0.0000 0.0008 0.0111 0.0000 0.0000 0.0006 0.0000 0.0000 0.0379 0.0000
468      468   (0)     13  : 0.0487 0.0000 0.0000 0.6876 0.0000 0.0565 0.1526 0.0007 0.0000 0.0433 0.0106
469      469   (0)     13  : 0.0000 0.0000 0.0000 0.8856 0.0000 0.0000 0.0827 0.0000 0.0012 0.0000 0.0305
470      470   (0)     13  : 0.9684 0.0000 0.0000 0.0199 0.0000 0.0000 0.0049 0.0000 0.0000 0.0000 0.0068
471      471   (0)     13  : 0.9468 0.0137 0.0000 0.0013 0.0000 0.0048 0.0098 0.0000 0.0151 0.0008 0.0077
472      472   (0)     13  : 0.9671 0.0000 0.0004 0.0040 0.0000 0.0000 0.0053 0.0000 0.0000 0.0232 0.0000
473      473   (0)     13  : 0.0414 0.0279 0.0000 0.0000 0.8323 0.0036 0.0034 0.0000 0.0467 0.0000 0.0446
474      474   (0)     13  : 0.9882 0.0000 0.0000 0.0038 0.0000 0.0022 0.0000 0.0000 0.0000 0.0019 0.0039
475      475   (0)     13  : 0.9931 0.0000 0.0000 0.0067 0.0000 0.0000 0.0002 0.0000 0.0000 0.0000 0.0000
476      476   (0)     13  : 0.0000 0.0000 0.0000 0.0000 0.9432 0.0000 0.0103 0.0000 0.0352 0.0000 0.0113
477      477   (0)     13  : 0.9290 0.0000 0.0000 0.0204 0.0073 0.0019 0.0214 0.0000 0.0086 0.0099 0.0015
478      478   (0)     13  : 0.9650 0.0000 0.0184 0.0000 0.0012 0.0055 0.0023 0.0000 0.0067 0.0000 0.0009
479      479   (0)     13  : 0.9733 0.0000 0.0000 0.0010 0.0000 0.0006 0.0012 0.0000 0.0041 0.0159 0.0039
480      480   (0)     13  : 0.0000 0.0117 0.0000 0.0000 0.7999 0.0002 0.0220 0.0000 0.0661 0.0000 0.1000
481      481   (0)     13  : 0.0894 0.0000 0.0124 0.1319 0.0000 0.0489 0.0376 0.0000 0.0049 0.6674 0.0074
482      482   (0)     13  : 0.9505 0.0000 0.0000 0.0109 0.0000 0.0000 0.0056 0.0000 0.0000 0.0331 0.0000
483      483   (0)     14  : 0.9857 0.0000 0.0000 0.0143 0.0000 0.0000 0.0000 0.0000 0.0000 0.0000 0.0000
484      484   (0)     14  : 0.9818 0.0000 0.0000 0.0098 0.0000 0.0000 0.0000 0.0000 0.0000 0.0084 0.0000
485      485   (0)     15  : 0.9693 0.0000 0.0000 0.0215 0.0000 0.0044 0.0021 0.0000 0.0000 0.0027 0.0000
486      486   (0)     15  : 0.9851 0.0000 0.0000 0.0059 0.0000 0.0043 0.0000 0.0000 0.0000 0.0048 0.0000
487      487   (0)     15  : 0.9657 0.0000 0.0025 0.0087 0.0000 0.0107 0.0029 0.0000 0.0000 0.0097 0.0000
488      488   (0)     15  : 0.9872 0.0000 0.0042 0.0000 0.0000 0.0028 0.0057 0.0000 0.0000 0.0001 0.0000
489      489   (0)     15  : 0.0000 0.0000 0.0000 0.0000 0.8722 0.0000 0.0000 0.0245 0.0000 0.0000 0.1032
490      490   (0)     15  : 0.0000 0.0000 0.0000 0.0000 0.9509 0.0000 0.0076 0.0000 0.0271 0.0000 0.0145
491      491   (0)     15  : 0.9859 0.0000 0.0000 0.0022 0.0000 0.0000 0.0046 0.0000 0.0000 0.0032 0.0041
492      492   (0)     15  : 0.0000 0.0000 0.0000 0.0000 0.8858 0.0000 0.0000 0.0000 0.0000 0.0000 0.1142
493      493   (0)     15  : 0.9518 0.0000 0.0163 0.0138 0.0000 0.0000 0.0000 0.0000 0.0000 0.0148 0.0034
494      494   (0)     15  : 0.9762 0.0000 0.0000 0.0101 0.0000 0.0000 0.0066 0.0000 0.0000 0.0071 0.0000
495      495   (0)     15  : 0.9801 0.0000 0.0048 0.0014 0.0000 0.0000 0.0075 0.0000 0.0000 0.0062 0.0000
496      496   (0)     15  : 0.9835 0.0000 0.0060 0.0032 0.0000 0.0067 0.0000 0.0000 0.0000 0.0006 0.0000
497      497   (0)     15  : 0.9624 0.0000 0.0000 0.0030 0.0000 0.0000 0.0180 0.0000 0.0000 0.0148 0.0018
498      498   (0)     15  : 0.9308 0.0000 0.0000 0.0117 0.0000 0.0000 0.0338 0.0000 0.0000 0.0233 0.0004
499      499   (0)     15  : 0.9671 0.0000 0.0000 0.0206 0.0000 0.0037 0.0081 0.0000 0.0000 0.0000 0.0006
500      500   (0)     15  : 0.9644 0.0000 0.0000 0.0261 0.0000 0.0080 0.0000 0.0000 0.0000 0.0015 0.0000
501      501   (0)     15  : 0.9489 0.0000 0.0001 0.0228 0.0016 0.0068 0.0039 0.0000 0.0103 0.0055 0.0000
502      502   (0)     15  : 0.9557 0.0000 0.0000 0.0016 0.0000 0.0129 0.0116 0.0000 0.0000 0.0181 0.0000
503      503   (0)     15  : 0.9803 0.0000 0.0000 0.0015 0.0000 0.0074 0.0079 0.0000 0.0000 0.0029 0.0000
504      504   (0)     15  : 0.9928 0.0000 0.0000 0.0038 0.0000 0.0028 0.0000 0.0000 0.0000 0.0006 0.0000
505      505   (0)     15  : 0.9439 0.0000 0.0002 0.0237 0.0000 0.0165 0.0101 0.0000 0.0000 0.0057 0.0000
506      506   (0)     15  : 0.9740 0.0000 0.0000 0.0145 0.0000 0.0049 0.0000 0.0000 0.0000 0.0066 0.0000
507      507   (0)     15  : 0.9657 0.0000 0.0000 0.0077 0.0000 0.0000 0.0153 0.0000 0.0000 0.0113 0.0000
508      508   (0)     15  : 0.9500 0.0000 0.0000 0.0196 0.0054 0.0000 0.0086 0.0000 0.0000 0.0155 0.0009
509      509   (0)     15  : 0.0000 0.0000 0.0000 0.0000 0.9835 0.0000 0.0000 0.0000 0.0165 0.0000 0.0000
510      510   (0)     15  : 0.0000 0.0000 0.0000 0.0000 0.9823 0.0000 0.0000 0.0177 0.0000 0.0000 0.0000
511      511   (0)     15  : 0.9213 0.0000 0.0071 0.0343 0.0064 0.0023 0.0000 0.0093 0.0000 0.0071 0.0123
512      512   (0)     15  : 0.9910 0.0000 0.0000 0.0000 0.0000 0.0000 0.0001 0.0000 0.0000 0.0089 0.0000
513      513   (0)     15  : 0.9601 0.0000 0.0000 0.0018 0.0000 0.0000 0.0250 0.0000 0.0000 0.0088 0.0043
514      514   (0)     15  : 0.9480 0.0000 0.0000 0.0136 0.0000 0.0000 0.0181 0.0000 0.0000 0.0192 0.0011
515      515   (0)     16  : 0.0128 0.0000 0.0002 0.7374 0.0000 0.1000 0.0000 0.0000 0.0000 0.1014 0.0483
516      516   (0)     16  : 0.9608 0.0000 0.0062 0.0042 0.0000 0.0077 0.0109 0.0000 0.0000 0.0102 0.0000
517      517   (0)     16  : 0.0000 0.0536 0.0000 0.0000 0.7523 0.0050 0.0201 0.0078 0.0613 0.0000 0.1000
518      518   (0)     16  : 0.9438 0.0003 0.0160 0.0088 0.0005 0.0051 0.0037 0.0000 0.0000 0.0204 0.0015
519      519   (0)     16  : 0.9623 0.0000 0.0000 0.0046 0.0000 0.0000 0.0229 0.0000 0.0000 0.0102 0.0000
520      520   (0)     16  : 0.9415 0.0000 0.0000 0.0339 0.0000 0.0090 0.0000 0.0000 0.0000 0.0156 0.0000
521      521   (0)     16  : 0.9555 0.0000 0.0000 0.0105 0.0000 0.0000 0.0301 0.0000 0.0000 0.0025 0.0013
522      522   (0)     16  : 0.0000 0.0000 0.0040 0.0000 0.0960 0.0000 0.2000 0.0000 0.7000 0.0000 0.0000
523      523   (0)     16  : 0.9652 0.0000 0.0000 0.0260 0.0000 0.0000 0.0085 0.0000 0.0000 0.0002 0.0000
524      524   (0)     16  : 0.0000 0.0000 0.0000 0.0000 0.7533 0.0084 0.0201 0.0405 0.0580 0.0000 0.1196
525      525   (0)     16  : 0.9722 0.0000 0.0000 0.0164 0.0000 0.0043 0.0026 0.0000 0.0000 0.0045 0.0000
526      526   (0)     16  : 0.9593 0.0000 0.0007 0.0068 0.0000 0.0000 0.0294 0.0000 0.0000 0.0024 0.0014
527      527   (0)     16  : 0.0000 0.0002 0.0000 0.0000 0.8860 0.0001 0.0220 0.0157 0.0761 0.0000 0.0000
528      528   (0)     16  : 0.9247 0.0000 0.0000 0.0559 0.0000 0.0094 0.0000 0.0000 0.0000 0.0000 0.0101
529      529   (0)     16  : 0.9533 0.0000 0.0000 0.0000 0.0000 0.0068 0.0172 0.0000 0.0000 0.0227 0.0000
530      530   (0)     16  : 0.9166 0.0000 0.0000 0.0199 0.0000 0.0000 0.0171 0.0000 0.0000 0.0357 0.0107
531      531   (0)     16  : 1.0000 0.0000 0.0000 0.0000 0.0000 0.0000 0.0000 0.0000 0.0000 0.0000 0.0000
532      532   (0)     16  : 0.0000 0.0000 0.0045 0.0000 0.0955 0.0000 0.2000 0.0000 0.7000 0.0000 0.0000
533      533   (0)     16  : 0.0000 0.0000 0.0067 0.0000 0.0933 0.0000 0.2000 0.0000 0.7000 0.0000 0.0000
534      534   (0)     16  : 0.9723 0.0000 0.0000 0.0148 0.0000 0.0000 0.0073 0.0000 0.0000 0.0000 0.0055
535      535   (0)     16  : 0.9787 0.0000 0.0000 0.0024 0.0000 0.0000 0.0063 0.0000 0.0000 0.0126 0.0000
536      536   (0)     16  : 0.9599 0.0000 0.0000 0.0037 0.0000 0.0065 0.0053 0.0000 0.0000 0.0206 0.0040
537      537   (0)     16  : 0.9718 0.0000 0.0000 0.0000 0.0006 0.0066 0.0067 0.0000 0.0000 0.0129 0.0013
538      538   (0)     16  : 0.9901 0.0000 0.0000 0.0026 0.0000 0.0000 0.0073 0.0000 0.0000 0.0000 0.0000
539      539   (0)     16  : 0.9546 0.0000 0.0000 0.0018 0.0000 0.0051 0.0259 0.0000 0.0000 0.0126 0.0000
540      540   (0)     16  : 0.9671 0.0000 0.0000 0.0000 0.0000 0.0000 0.0054 0.0000 0.0000 0.0276 0.0000
541      541   (0)     16  : 0.0000 0.0000 1.0000 0.0000 0.0000 0.0000 0.0000 0.0000 0.0000 0.0000 0.0000
542      542   (0)     16  : 0.9522 0.0000 0.0000 0.0102 0.0000 0.0000 0.0020 0.0000 0.0000 0.0357 0.0000
543      543   (0)     16  : 1.0000 0.0000 0.0000 0.0000 0.0000 0.0000 0.0000 0.0000 0.0000 0.0000 0.0000
544      544   (0)     16  : 1.0000 0.0000 0.0000 0.0000 0.0000 0.0000 0.0000 0.0000 0.0000 0.0000 0.0000
