1        1   (0)      1  : 0.1250 0.0334 0.0000 0.0000 0.0003 0.0000 0.4433 0.0000 0.3880 0.0075 0.0000 0.0024 0.0000
2        2   (0)      1  : 0.3303 0.0000 0.0000 0.0787 0.0000 0.0000 0.0425 0.0092 0.3929 0.0000 0.0000 0.0634 0.0831
3        3   (0)      1  : 0.0000 0.0000 0.0000 0.0186 0.1604 0.0000 0.0005 0.0000 0.0161 0.5954 0.0813 0.0000 0.1276
4        4   (0)      1  : 0.0880 0.0000 0.0000 0.0022 0.0000 0.0000 0.2231 0.0000 0.5666 0.0000 0.0000 0.1200 0.0001
5        5   (0)      1  : 0.0080 0.0000 0.0000 0.0253 0.0209 0.0000 0.0000 0.0000 0.7653 0.0000 0.0000 0.0116 0.1688
6        6   (0)      1  : 0.2573 0.0262 0.0000 0.0004 0.0000 0.0000 0.3486 0.0120 0.0339 0.2647 0.0000 0.0180 0.0388
7        7   (0)      1  : 0.0000 0.0000 0.0000 0.0000 0.7035 0.0000 0.0000 0.0000 0.1187 0.0000 0.0455 0.0000 0.1323
8        8   (0)      2  : 0.1020 0.0000 0.0000 0.0000 0.0000 0.0000 0.0000 0.0000 0.7841 0.0000 0.0000 0.1051 0.0088
9        9   (0)      1  : 0.3308 0.0000 0.0000 0.0000 0.0167 0.0000 0.0000 0.0077 0.6015 0.0000 0.0000 0.0432 0.0000
10       10   (0)      3  : 0.0525 0.0000 0.0000 0.4078 0.0000 0.0000 0.3689 0.0000 0.0000 0.0000 0.0000 0.0706 0.1002
11       11   (0)      4  : 0.0000 0.0111 0.0253 0.1796 0.0000 0.0035 0.0000 0.0000 0.0841 0.0000 0.0107 0.0401 0.6457
12       12   (0)      4  : 0.4395 0.0000 0.0219 0.3418 0.0015 0.0000 0.1020 0.0000 0.0345 0.0000 0.0079 0.0463 0.0045
13       13   (0)      4  : 0.0000 0.0000 0.0046 0.2576 0.0060 0.0000 0.3564 0.0000 0.1127 0.0378 0.0000 0.0397 0.1851
14       14   (0)      4  : 0.0000 0.0000 0.0020 0.1451 0.0000 0.0000 0.0000 0.0000 0.1622 0.0000 0.0000 0.0000 0.6907
15       15   (0)      4  : 0.2759 0.0000 0.0075 0.4317 0.0000 0.0000 0.0000 0.0024 0.1682 0.0000 0.0030 0.0000 0.1114
16       16   (0)      4  : 0.0117 0.0000 0.0000 0.0000 0.0591 0.0000 0.2732 0.0000 0.0000 0.6560 0.0000 0.0000 0.0000
17       17   (0)      5  : 0.2797 0.0000 0.0010 0.2560 0.0000 0.0000 0.2388 0.0000 0.2075 0.0000 0.0000 0.0041 0.0130
18       18   (0)      4  : 0.0221 0.0000 0.0000 0.3357 0.0000 0.0000 0.4593 0.0000 0.0367 0.0089 0.0000 0.0006 0.1368
19       19   (0)      5  : 0.2730 0.0000 0.0000 0.3333 0.0000 0.0000 0.0495 0.0000 0.2362 0.0000 0.0000 0.0000 0.1079
20       20   (0)      5  : 0.2660 0.0000 0.0000 0.6312 0.0000 0.0000 0.0000 0.0000 0.0000 0.0000 0.0000 0.0705 0.0323
21       21   (0)      5  : 0.0000 0.0000 0.0000 0.6183 0.0000 0.0000 0.3032 0.0000 0.0000 0.0000 0.0000 0.0195 0.0590
22       22   (0)      5  : 0.3420 0.0000 0.0000 0.5655 0.0000 0.0000 0.0000 0.0000 0.0000 0.0000 0.0000 0.0001 0.0924
23       23   (0)      5  : 0.0064 0.0000 0.0000 0.2743 0.0000 0.0000 0.6239 0.0000 0.0000 0.0000 0.0000 0.0000 0.0954
24       24   (0)      5  : 0.0000 0.0000 0.0000 0.5393 0.0000 0.0000 0.3516 0.0000 0.0000 0.0000 0.0000 0.0000 0.1090
25       25   (0)      5  : 0.2332 0.0000 0.0000 0.4016 0.0128 0.0000 0.1662 0.0000 0.0087 0.0042 0.0000 0.0442 0.1291
26       26   (0)      5  : 0.0000 0.0000 0.0000 0.4449 0.0038 0.0006 0.3915 0.0000 0.0000 0.0091 0.0000 0.0000 0.1501
27       27   (0)      5  : 0.0850 0.0000 0.0252 0.6675 0.0000 0.0058 0.0000 0.0000 0.1070 0.0067 0.0000 0.0827 0.0201
28       28   (0)      5  : 0.0181 0.0000 0.0000 0.3248 0.0000 0.0000 0.5173 0.0000 0.0000 0.0000 0.0000 0.0000 0.1398
29       29   (0)      5  : 0.0519 0.0000 0.0000 0.6944 0.0000 0.0000 0.0000 0.0000 0.0000 0.0000 0.0000 0.0000 0.2538
30       30   (0)      5  : 0.6406 0.0000 0.0000 0.3131 0.0000 0.0000 0.0000 0.0000 0.0000 0.0000 0.0000 0.0203 0.0259
31       31   (0)      5  : 0.2514 0.0000 0.0012 0.3174 0.0000 0.0000 0.2493 0.0071 0.0642 0.0000 0.0000 0.0185 0.0909
32       32   (0)      5  : 0.0701 0.0000 0.0000 0.5589 0.0053 0.0000 0.1776 0.0000 0.0000 0.0000 0.0000 0.0272 0.1608
33       33   (0)      5  : 0.3187 0.0000 0.0028 0.0923 0.0000 0.0000 0.5537 0.0000 0.0000 0.0000 0.0000 0.0000 0.0325
34       34   (0)      5  : 0.2215 0.0000 0.0000 0.3037 0.0000 0.0000 0.4403 0.0000 0.0000 0.0000 0.0000 0.0000 0.0345
35       35   (0)      5  : 0.5754 0.0000 0.0000 0.3005 0.0000 0.0000 0.0864 0.0000 0.0023 0.0000 0.0000 0.0313 0.0041
36       36   (0)      5  : 0.2170 0.0000 0.0071 0.5690 0.0000 0.0000 0.0000 0.0000 0.0000 0.0000 0.0000 0.0000 0.2069
37       37   (0)      5  : 0.3160 0.0000 0.0000 0.4862 0.0000 0.0000 0.0915 0.0000 0.0000 0.0000 0.0000 0.0000 0.1063
38       38   (0)      5  : 0.0301 0.0000 0.0000 0.5409 0.0000 0.0000 0.3014 0.0000 0.0000 0.0000 0.0000 0.0000 0.1276
39       39   (0)      5  : 0.1600 0.0000 0.0001 0.3863 0.0000 0.0000 0.0986 0.0000 0.0000 0.0000 0.0000 0.0000 0.3550
40       40   (0)      5  : 0.4129 0.0000 0.0000 0.3704 0.0012 0.0000 0.0335 0.0000 0.0000 0.0000 0.0000 0.0000 0.1820
41       41   (0)      5  : 0.0000 0.0000 0.0000 0.4034 0.0000 0.0000 0.4747 0.0000 0.0000 0.0000 0.0000 0.0000 0.1219
42       42   (0)      5  : 0.5819 0.0000 0.0000 0.3933 0.0000 0.0000 0.0000 0.0000 0.0000 0.0000 0.0000 0.0248 0.0000
43       43   (0)      5  : 0.0000 0.0000 0.0000 0.0000 0.0000 0.0000 0.0000 0.0000 0.0000 1.0000 0.0000 0.0000 0.0000
44       44   (0)      5  : 0.0426 0.0000 0.0000 0.3271 0.0000 0.0000 0.4363 0.0000 0.0029 0.0000 0.0000 0.0000 0.1910
45       45   (0)      4  : 0.0000 0.0000 0.0128 0.3887 0.0000 0.0000 0.0000 0.0000 0.0146 0.0019 0.0000 0.0000 0.5821
46       46   (0)      4  : 0.2647 0.0000 0.0000 0.1999 0.0357 0.0000 0.1648 0.0012 0.1388 0.0026 0.0000 0.0191 0.1732
47       47   (0)      4  : 0.0170 0.0000 0.0000 0.2769 0.0000 0.0000 0.6796 0.0000 0.0000 0.0000 0.0000 0.0000 0.0265
48       48   (0)      4  : 0.4733 0.0000 0.0021 0.2465 0.0000 0.0000 0.0000 0.0014 0.0225 0.0000 0.0000 0.0783 0.1759
49       49   (0)      5  : 0.2667 0.0000 0.0269 0.2491 0.0096 0.0000 0.2662 0.0050 0.0208 0.0008 0.0020 0.0000 0.1529
50       50   (0)      4  : 0.0000 0.0000 0.0000 0.3267 0.0000 0.0000 0.5017 0.0000 0.0141 0.0000 0.0000 0.1392 0.0183
51       51   (0)      4  : 0.0368 0.0000 0.0000 0.0000 0.0000 0.0000 0.1952 0.0000 0.0032 0.7503 0.0000 0.0145 0.0000
52       52   (0)      4  : 0.3541 0.0233 0.0033 0.4280 0.0142 0.0000 0.0190 0.0256 0.0876 0.0026 0.0000 0.0015 0.0408
53       53   (0)      4  : 0.0000 0.0000 0.0000 0.0252 0.0789 0.0000 0.0861 0.0000 0.0000 0.7755 0.0000 0.0343 0.0000
54       54   (0)      4  : 0.2589 0.0000 0.0205 0.4887 0.0000 0.0000 0.0000 0.0000 0.0620 0.0000 0.0000 0.0329 0.1369
55       55   (0)      4  : 0.0349 0.0000 0.0000 0.0000 0.0000 0.0000 0.0099 0.0000 0.0000 0.9551 0.0000 0.0000 0.0000
56       56   (0)      4  : 0.1212 0.0000 0.0000 0.0494 0.0000 0.0000 0.0000 0.0000 0.0000 0.7938 0.0000 0.0000 0.0356
57       57   (0)      4  : 0.1239 0.0000 0.0000 0.4839 0.0000 0.0000 0.0000 0.0000 0.0715 0.0000 0.0000 0.0000 0.3208
58       58   (0)      5  : 0.3108 0.0000 0.0000 0.2433 0.0439 0.0000 0.1185 0.0000 0.0714 0.0000 0.0000 0.0000 0.2122
59       59   (0)      4  : 0.1516 0.0000 0.0000 0.0001 0.0986 0.0000 0.2850 0.0294 0.0000 0.4269 0.0082 0.0000 0.0000
60       60   (0)      4  : 0.0000 0.0000 0.0000 0.0303 0.0000 0.0000 0.0840 0.0000 0.0000 0.7975 0.0011 0.0000 0.0871
61       61   (0)      4  : 0.3128 0.0000 0.0000 0.2442 0.0000 0.0000 0.1911 0.0023 0.1891 0.0000 0.0000 0.0000 0.0605
62       62   (0)      5  : 0.0637 0.0000 0.0000 0.3001 0.0000 0.0000 0.3497 0.0009 0.1584 0.0000 0.0000 0.0090 0.1181
63       63   (0)      6  : 0.0201 0.0000 0.0000 0.0997 0.0000 0.0161 0.1374 0.0000 0.0706 0.5586 0.0000 0.0061 0.0915
64       64   (0)      6  : 0.0085 0.0106 0.0000 0.0000 0.1460 0.0000 0.1225 0.0039 0.0000 0.6956 0.0000 0.0056 0.0072
65       65   (0)      6  : 0.0249 0.0000 0.0420 0.0191 0.0000 0.0000 0.0000 0.0000 0.9098 0.0000 0.0000 0.0000 0.0042
66       66   (0)      6  : 0.1853 0.0000 0.0000 0.3173 0.0000 0.0000 0.2809 0.0000 0.1961 0.0000 0.0000 0.0000 0.0203
67       67   (0)      6  : 0.0000 0.0000 0.0051 0.1395 0.0000 0.0000 0.0000 0.0051 0.1853 0.0000 0.0000 0.0018 0.6633
68       68   (0)      6  : 0.0000 0.0000 0.0156 0.0000 0.0000 0.0000 0.3653 0.0000 0.6088 0.0000 0.0000 0.0103 0.0000
69       69   (0)      6  : 0.1419 0.0000 0.0000 0.0433 0.0000 0.0000 0.3993 0.0000 0.4043 0.0000 0.0000 0.0000 0.0113
70       70   (0)      6  : 0.1583 0.0187 0.0000 0.0715 0.0081 0.0000 0.4279 0.0085 0.2406 0.0582 0.0000 0.0000 0.0082
71       71   (0)      6  : 0.0000 0.0000 0.0254 0.0616 0.0000 0.0000 0.8555 0.0128 0.0000 0.0000 0.0000 0.0000 0.0447
72       72   (0)      6  : 0.1234 0.0000 0.0000 0.1337 0.0000 0.0000 0.3893 0.0000 0.3336 0.0000 0.0000 0.0000 0.0200
73       73   (0)      7  : 0.5251 0.0000 0.0038 0.3591 0.0000 0.0117 0.0000 0.0040 0.0013 0.0000 0.0000 0.0024 0.0927
74       74   (0)      7  : 0.4802 0.0000 0.0495 0.2273 0.0000 0.0000 0.0104 0.0077 0.1570 0.0355 0.0000 0.0078 0.0247
75       75   (0)      7  : 0.1044 0.0000 0.0006 0.2505 0.0031 0.0000 0.1840 0.0000 0.3363 0.0000 0.0000 0.0000 0.1211
76       76   (0)      7  : 0.3723 0.0000 0.0000 0.3228 0.0081 0.0000 0.0000 0.0095 0.2030 0.0000 0.0009 0.0104 0.0730
77       77   (0)      7  : 0.0545 0.0000 0.0009 0.7544 0.0000 0.0000 0.0000 0.0000 0.0312 0.0000 0.0000 0.0972 0.0618
78       78   (0)      7  : 0.0636 0.0000 0.0094 0.3763 0.0152 0.0000 0.0897 0.0021 0.2944 0.0000 0.0006 0.0046 0.1441
79       79   (0)      7  : 0.3513 0.0000 0.0007 0.4668 0.0000 0.0000 0.0002 0.0150 0.0430 0.0196 0.0000 0.0363 0.0671
80       80   (0)      7  : 0.5211 0.0000 0.0211 0.1661 0.0000 0.0000 0.0000 0.0000 0.1736 0.0000 0.0000 0.0994 0.0187
81       81   (0)      7  : 0.2621 0.0000 0.0000 0.4980 0.0000 0.0000 0.0319 0.0000 0.1726 0.0000 0.0000 0.0098 0.0256
82       82   (0)      7  : 0.0901 0.0000 0.0000 0.7280 0.0000 0.0000 0.0000 0.0000 0.0875 0.0000 0.0000 0.0072 0.0872
83       83   (0)      7  : 0.5328 0.0060 0.0003 0.1237 0.0543 0.0000 0.0464 0.0005 0.0649 0.0418 0.0000 0.0221 0.1073
84       84   (0)      7  : 0.1757 0.0000 0.0000 0.0000 0.0603 0.0000 0.0000 0.0000 0.0179 0.7399 0.0000 0.0000 0.0061
85       85   (0)      7  : 0.4567 0.0000 0.0224 0.3414 0.0000 0.0000 0.0000 0.0189 0.0745 0.0000 0.0000 0.0000 0.0860
86       86   (0)      7  : 0.0684 0.0000 0.0000 0.6043 0.0000 0.0000 0.0000 0.0000 0.2197 0.0000 0.0000 0.0000 0.1077
87       87   (0)      7  : 0.1843 0.0000 0.0000 0.0000 0.0000 0.0000 0.0607 0.0000 0.0000 0.7550 0.0000 0.0000 0.0000
88       88   (0)      7  : 0.0719 0.0000 0.0010 0.2131 0.0000 0.0000 0.5847 0.0000 0.0782 0.0000 0.0000 0.0000 0.0511
89       89   (0)      7  : 0.0000 0.0000 0.0000 0.0000 0.0000 0.0000 0.0748 0.0000 0.0022 0.9130 0.0000 0.0000 0.0100
90       90   (0)      7  : 0.3287 0.0006 0.0000 0.4618 0.0000 0.0000 0.0000 0.0000 0.0327 0.0042 0.0000 0.0000 0.1721
91       91   (0)      7  : 0.3913 0.0000 0.0101 0.2273 0.0000 0.0155 0.2886 0.0000 0.0490 0.0127 0.0000 0.0033 0.0023
92       92   (0)      7  : 0.3691 0.0000 0.0493 0.4453 0.0000 0.0000 0.0000 0.0000 0.0393 0.0049 0.0000 0.0710 0.0212
93       93   (0)      7  : 0.1031 0.0000 0.0189 0.4235 0.0408 0.0000 0.0000 0.0000 0.1522 0.0000 0.0000 0.0001 0.2615
94       94   (0)      7  : 0.3431 0.0000 0.0000 0.2131 0.0000 0.0000 0.2135 0.0000 0.1328 0.0003 0.0000 0.0000 0.0971
95       95   (0)      7  : 0.0745 0.0000 0.0000 0.4910 0.0000 0.0000 0.0000 0.0007 0.2003 0.0000 0.0000 0.0000 0.2336
96       96   (0)      7  : 0.0654 0.0000 0.0000 0.4361 0.0466 0.0000 0.2100 0.0112 0.0494 0.0035 0.0019 0.0000 0.1759
97       97   (0)      7  : 0.0321 0.0000 0.0000 0.7050 0.0000 0.0000 0.0000 0.0000 0.0596 0.0000 0.0000 0.0039 0.1994
98       98   (0)      7  : 0.0000 0.0000 0.0000 0.6903 0.0000 0.0000 0.0000 0.0055 0.0645 0.0000 0.0000 0.0000 0.2397
99       99   (0)      7  : 0.0000 0.0000 0.0000 0.7226 0.0000 0.0000 0.0000 0.0000 0.0138 0.0266 0.0000 0.0000 0.2369
100      100   (0)      7  : 0.0000 0.0000 0.0000 0.0192 0.0000 0.0000 0.0000 0.0000 0.2245 0.7479 0.0000 0.0000 0.0084
101      101   (0)      6  : 0.3441 0.0000 0.0000 0.0948 0.0000 0.0000 0.0000 0.0000 0.5611 0.0000 0.0000 0.0000 0.0000
102      102   (0)      6  : 0.0259 0.0000 0.0500 0.1295 0.0000 0.0000 0.1695 0.0569 0.5148 0.0000 0.0000 0.0000 0.0533
103      103   (0)      6  : 0.0227 0.0000 0.0000 0.0000 0.0000 0.0000 0.6555 0.0026 0.2958 0.0000 0.0000 0.0000 0.0234
104      104   (0)      6  : 0.4626 0.0000 0.0000 0.0209 0.0000 0.0000 0.0000 0.0001 0.5059 0.0000 0.0000 0.0105 0.0000
105      105   (0)      6  : 0.0000 0.0000 0.0000 0.0007 0.0000 0.0000 0.6668 0.0000 0.3325 0.0000 0.0000 0.0000 0.0000
106      106   (0)      6  : 0.0479 0.0000 0.0000 0.1101 0.0000 0.0000 0.1590 0.0000 0.5813 0.0006 0.0000 0.0000 0.1010
107      107   (0)      6  : 0.2631 0.0008 0.0143 0.0153 0.0000 0.0000 0.2368 0.0148 0.4311 0.0150 0.0000 0.0000 0.0088
108      108   (0)      6  : 0.1475 0.0000 0.0000 0.0509 0.0193 0.0000 0.3435 0.0000 0.4268 0.0000 0.0000 0.0000 0.0120
109      109   (0)      6  : 0.0060 0.0000 0.0000 0.0000 0.0000 0.0000 0.0175 0.0000 0.0000 0.9717 0.0000 0.0048 0.0000
110      110   (0)      7  : 0.2263 0.0000 0.0000 0.2478 0.0000 0.0000 0.3216 0.0000 0.1621 0.0327 0.0000 0.0000 0.0095
111      111   (0)      7  : 0.0000 0.0000 0.0000 0.1149 0.0000 0.0000 0.0000 0.0000 0.2115 0.0679 0.0246 0.0000 0.5811
112      112   (0)      6  : 0.0456 0.0000 0.0000 0.0132 0.0000 0.0000 0.0250 0.0000 0.7754 0.0273 0.0039 0.0004 0.1093
113      113   (0)      6  : 0.0000 0.0000 0.0609 0.0000 0.0000 0.0000 0.0000 0.0280 0.9111 0.0000 0.0000 0.0000 0.0000
114      114   (0)      6  : 0.0000 0.0012 0.0000 0.0000 0.0000 0.0055 0.0000 0.0000 0.1192 0.8425 0.0162 0.0000 0.0154
115      115   (0)      6  : 0.0604 0.0000 0.0331 0.2560 0.0000 0.0000 0.0000 0.0146 0.5638 0.0000 0.0005 0.0528 0.0187
116      116   (0)      6  : 0.0000 0.0000 0.0000 0.0139 0.1440 0.0023 0.0000 0.0000 0.2287 0.3938 0.0923 0.0000 0.1250
117      117   (0)      6  : 0.0560 0.0037 0.0000 0.1629 0.0000 0.0000 0.1329 0.0000 0.4777 0.0607 0.0195 0.0157 0.0708
118      118   (0)      6  : 0.0000 0.0000 0.0000 0.0002 0.0000 0.0000 0.2380 0.0000 0.7180 0.0000 0.0000 0.0437 0.0000
119      119   (0)      6  : 0.0444 0.0000 0.0000 0.0000 0.0000 0.0000 0.1790 0.0000 0.7766 0.0000 0.0000 0.0000 0.0000
120      120   (0)      6  : 0.0377 0.0000 0.0000 0.1064 0.0000 0.0000 0.0000 0.0000 0.8526 0.0000 0.0000 0.0000 0.0033
121      121   (0)      6  : 0.0627 0.0000 0.0000 0.0000 0.0000 0.0000 0.0000 0.0000 0.9210 0.0000 0.0000 0.0065 0.0098
122      122   (0)      6  : 0.0000 0.0007 0.0000 0.0000 0.0691 0.0030 0.0000 0.0024 0.2100 0.6804 0.0322 0.0000 0.0021
123      123   (0)      8  : 0.0146 0.0000 0.0000 0.1485 0.0736 0.0000 0.4373 0.0000 0.1102 0.0004 0.0000 0.0000 0.2154
124      124   (0)      8  : 0.3179 0.0000 0.0000 0.1014 0.0000 0.0000 0.4207 0.0000 0.0008 0.0286 0.0002 0.0000 0.1304
125      125   (0)      8  : 0.0000 0.0000 0.0000 0.0710 0.0507 0.0000 0.6981 0.0000 0.0000 0.0000 0.0000 0.0025 0.1777
126      126   (0)      8  : 0.5864 0.0000 0.0014 0.2501 0.0000 0.0000 0.0264 0.0000 0.0000 0.0086 0.0000 0.0030 0.1240
127      127   (0)      8  : 0.4512 0.0000 0.0000 0.2736 0.0000 0.0075 0.0000 0.0000 0.0000 0.0000 0.0000 0.0155 0.2522
128      128   (0)      8  : 0.0000 0.0000 0.0000 0.3622 0.0000 0.0000 0.4675 0.0000 0.0000 0.0000 0.0000 0.0356 0.1346
129      129   (0)      8  : 0.2084 0.0000 0.0000 0.1509 0.0207 0.0000 0.4770 0.0030 0.0000 0.0000 0.0000 0.0000 0.1401
130      130   (0)      8  : 0.0000 0.0000 0.0000 0.0465 0.0375 0.0000 0.6538 0.0000 0.0624 0.0000 0.0000 0.0000 0.1999
131      131   (0)      8  : 0.2722 0.0000 0.0000 0.1633 0.0000 0.0000 0.1000 0.0000 0.1208 0.0000 0.0008 0.0056 0.3373
132      132   (0)      8  : 0.2652 0.0000 0.0000 0.2725 0.0000 0.0000 0.3934 0.0000 0.0000 0.0000 0.0000 0.0000 0.0689
133      133   (0)      8  : 0.3816 0.0000 0.0000 0.0949 0.0216 0.0000 0.3745 0.0000 0.0000 0.0000 0.0000 0.0172 0.1102
134      134   (0)      8  : 0.1461 0.0000 0.0000 0.3891 0.0000 0.0000 0.2483 0.0084 0.0000 0.0344 0.0019 0.0259 0.1460
135      135   (0)      8  : 0.0540 0.0000 0.0003 0.1747 0.0000 0.0092 0.0000 0.0000 0.0285 0.0000 0.0059 0.0122 0.7153
136      136   (0)      8  : 0.0474 0.0000 0.0000 0.0076 0.0000 0.0000 0.9181 0.0000 0.0000 0.0000 0.0000 0.0000 0.0269
137      137   (0)      8  : 0.3532 0.0000 0.0000 0.2448 0.0404 0.0000 0.0000 0.0022 0.0750 0.0000 0.0000 0.0930 0.1915
138      138   (0)      8  : 0.5969 0.0000 0.0000 0.2008 0.0000 0.0000 0.0329 0.0000 0.0000 0.0000 0.0000 0.0396 0.1299
139      139   (0)      8  : 0.6300 0.0000 0.0000 0.2366 0.0000 0.0000 0.0305 0.0000 0.0000 0.0184 0.0000 0.0477 0.0368
140      140   (0)      8  : 0.7505 0.0000 0.0000 0.1854 0.0000 0.0000 0.0000 0.0000 0.0000 0.0000 0.0000 0.0158 0.0482
141      141   (0)      8  : 0.3839 0.0000 0.0025 0.1326 0.0000 0.0000 0.3370 0.0000 0.0000 0.0000 0.0000 0.0100 0.1340
142      142   (0)      8  : 0.0000 0.0000 0.0000 0.4587 0.0000 0.0000 0.3351 0.0000 0.0000 0.0000 0.0000 0.1375 0.0687
143      143   (0)      8  : 0.6228 0.0000 0.0026 0.2030 0.0000 0.0000 0.0977 0.0003 0.0166 0.0000 0.0000 0.0289 0.0281
144      144   (0)      8  : 0.0286 0.0000 0.0000 0.1234 0.0000 0.0000 0.0000 0.0106 0.1165 0.0155 0.0000 0.0252 0.6801
145      145   (0)      8  : 0.4096 0.0000 0.0030 0.2591 0.0000 0.0071 0.0525 0.0092 0.0128 0.0002 0.0000 0.1545 0.0920
146      146   (0)      3  : 0.0963 0.0000 0.0000 0.2545 0.0000 0.0000 0.5171 0.0000 0.0000 0.0000 0.0000 0.0000 0.1321
147      147   (0)      3  : 0.1543 0.0000 0.0000 0.0056 0.1123 0.0000 0.2247 0.0000 0.0000 0.5000 0.0000 0.0000 0.0032
148      148   (0)      3  : 0.0638 0.0000 0.0000 0.0125 0.0000 0.0000 0.8728 0.0000 0.0000 0.0000 0.0000 0.0493 0.0015
149      149   (0)      3  : 0.5656 0.0000 0.0000 0.2601 0.0011 0.0000 0.0705 0.0000 0.0000 0.0129 0.0000 0.0000 0.0899
150      150   (0)      3  : 0.2599 0.0000 0.0102 0.2569 0.0015 0.0000 0.4415 0.0000 0.0000 0.0000 0.0000 0.0055 0.0244
151      151   (0)      3  : 0.0000 0.0000 0.0147 0.0988 0.0000 0.0000 0.6026 0.0000 0.0000 0.0568 0.0000 0.0114 0.2156
152      152   (0)      3  : 0.5629 0.0000 0.0000 0.2437 0.0000 0.0000 0.0000 0.0000 0.0000 0.0000 0.0000 0.0205 0.1730
153      153   (0)      3  : 0.4117 0.0000 0.0000 0.2541 0.0000 0.0000 0.1545 0.0000 0.0000 0.0000 0.0000 0.0000 0.1797
154      154   (0)      3  : 0.2491 0.0000 0.0000 0.4140 0.0004 0.0000 0.2413 0.0000 0.0000 0.0000 0.0000 0.0163 0.0788
155      155   (0)      3  : 0.3658 0.0000 0.0000 0.3900 0.0000 0.0000 0.0792 0.0000 0.0000 0.0000 0.0000 0.0060 0.1590
156      156   (0)      3  : 0.3253 0.0000 0.0000 0.3680 0.0307 0.0018 0.0000 0.0000 0.0000 0.0118 0.0000 0.0000 0.2625
157      157   (0)      3  : 0.4755 0.0000 0.0000 0.2745 0.1038 0.0000 0.0077 0.0000 0.0000 0.0000 0.0000 0.0000 0.1385
158      158   (0)      3  : 0.5919 0.0000 0.0000 0.1886 0.0018 0.0000 0.0208 0.0000 0.0000 0.0000 0.0000 0.0191 0.1777
159      159   (0)      3  : 0.5413 0.0000 0.0000 0.3075 0.0000 0.0000 0.0265 0.0052 0.0240 0.0000 0.0000 0.0069 0.0885
160      160   (0)      3  : 0.2977 0.0000 0.0000 0.0013 0.1519 0.0000 0.0000 0.0000 0.0000 0.5491 0.0000 0.0000 0.0000
161      161   (0)      3  : 0.3004 0.0000 0.0230 0.1143 0.0000 0.0000 0.1923 0.0000 0.0881 0.0000 0.0000 0.1404 0.1415
162      162   (0)      3  : 0.1275 0.0000 0.0000 0.1073 0.0000 0.0000 0.6369 0.0000 0.0000 0.0000 0.0000 0.0000 0.1284
163      163   (0)      3  : 0.6312 0.0000 0.0000 0.2668 0.0000 0.0000 0.0000 0.0000 0.0000 0.0000 0.0000 0.0529 0.0490
164      164   (0)      3  : 0.2884 0.0000 0.0000 0.3828 0.0000 0.0000 0.2146 0.0000 0.0000 0.0000 0.0000 0.0906 0.0236
165      165   (0)      3  : 0.5257 0.0000 0.0000 0.3230 0.0000 0.0000 0.0003 0.0000 0.0000 0.0000 0.0000 0.0151 0.1360
166      166   (0)      3  : 0.0000 0.0000 0.0000 0.0793 0.0080 0.0000 0.7025 0.0000 0.0000 0.0000 0.0000 0.0000 0.2102
167      167   (0)      3  : 0.3840 0.0000 0.0000 0.4749 0.0000 0.0000 0.0403 0.0000 0.0000 0.0000 0.0000 0.0593 0.0415
168      168   (0)      3  : 0.5226 0.0000 0.0000 0.0934 0.0000 0.0000 0.3017 0.0038 0.0057 0.0000 0.0000 0.0108 0.0620
169      169   (0)      3  : 0.4675 0.0000 0.0000 0.2628 0.0105 0.0000 0.0092 0.0000 0.0040 0.0000 0.0000 0.0097 0.2364
170      170   (0)      3  : 0.4205 0.0000 0.0000 0.3912 0.0000 0.0000 0.0000 0.0000 0.0009 0.0000 0.0000 0.1067 0.0808
171      171   (0)      3  : 0.7259 0.0000 0.0000 0.1709 0.0000 0.0000 0.0000 0.0000 0.0000 0.0168 0.0000 0.0236 0.0628
172      172   (0)      3  : 0.4543 0.0000 0.0000 0.3588 0.0000 0.0000 0.0103 0.0000 0.0000 0.0000 0.0000 0.0875 0.0892
173      173   (0)      3  : 0.5332 0.0000 0.0000 0.2755 0.0000 0.0000 0.0000 0.0000 0.0158 0.0000 0.0000 0.0271 0.1484
174      174   (0)      3  : 0.2341 0.0000 0.0000 0.3206 0.0006 0.0000 0.2996 0.0000 0.0000 0.0005 0.0000 0.1049 0.0398
175      175   (0)      8  : 0.0426 0.0000 0.0000 0.3819 0.0000 0.0000 0.4235 0.0000 0.0000 0.0000 0.0000 0.0884 0.0635
176      176   (0)      8  : 0.0000 0.0025 0.0000 0.1405 0.0026 0.0027 0.0000 0.0217 0.1307 0.0000 0.0000 0.0012 0.6982
177      177   (0)      8  : 0.4571 0.0000 0.0000 0.1314 0.0000 0.0000 0.3283 0.0000 0.0000 0.0000 0.0000 0.0000 0.0832
178      178   (0)      8  : 0.3406 0.0000 0.0000 0.1611 0.0000 0.0000 0.0000 0.0000 0.1897 0.0000 0.0000 0.1741 0.1345
179      179   (0)      8  : 0.3089 0.0000 0.0000 0.1619 0.0000 0.0000 0.4162 0.0043 0.0067 0.0000 0.0000 0.0165 0.0855
180      180   (0)      8  : 0.2705 0.0000 0.0000 0.2504 0.0370 0.0000 0.3455 0.0000 0.0000 0.0000 0.0000 0.0000 0.0966
181      181   (0)      8  : 0.3096 0.0000 0.0000 0.2674 0.0000 0.0165 0.2740 0.0000 0.0000 0.0000 0.0000 0.0119 0.1206
182      182   (0)      1  : 0.7502 0.0000 0.0005 0.0098 0.0000 0.0000 0.0000 0.0000 0.1286 0.0000 0.0000 0.0983 0.0127
183      183   (0)      1  : 0.1915 0.0000 0.0002 0.0000 0.0000 0.0000 0.3505 0.0000 0.3205 0.0000 0.0000 0.1346 0.0027
184      184   (0)      1  : 0.4245 0.0000 0.0030 0.0009 0.0000 0.0000 0.0000 0.0000 0.3447 0.0000 0.0000 0.2160 0.0108
185      185   (0)      1  : 0.1823 0.0000 0.0000 0.0000 0.0000 0.0000 0.3786 0.0000 0.3230 0.0521 0.0000 0.0640 0.0000
186      186   (0)      1  : 0.5187 0.0000 0.0000 0.0089 0.0000 0.0000 0.0166 0.0000 0.3362 0.0000 0.0000 0.1142 0.0056
187      187   (0)      1  : 0.2198 0.0205 0.0000 0.1100 0.0536 0.0000 0.1964 0.0000 0.2536 0.0000 0.0000 0.0226 0.1235
188      188   (0)      1  : 0.6301 0.0000 0.0000 0.0020 0.0000 0.0000 0.0053 0.0000 0.2205 0.0000 0.0000 0.1421 0.0001
189      189   (0)      1  : 0.6634 0.0000 0.0000 0.0000 0.0000 0.0000 0.0887 0.0000 0.1131 0.0000 0.0000 0.1341 0.0006
190      190   (0)      2  : 0.0000 0.0000 0.0000 0.0088 0.0000 0.0000 0.6612 0.0000 0.1413 0.0000 0.0000 0.1887 0.0000
191      191   (0)      2  : 0.6225 0.0000 0.0000 0.2384 0.0000 0.0000 0.0000 0.0000 0.0632 0.0000 0.0000 0.0176 0.0583
192      192   (0)      2  : 0.5762 0.0000 0.0000 0.1026 0.0000 0.0000 0.1037 0.0001 0.0884 0.0000 0.0000 0.0614 0.0676
193      193   (0)      2  : 0.0000 0.0000 0.0000 0.2904 0.0000 0.0305 0.6225 0.0000 0.0000 0.0000 0.0000 0.0083 0.0483
194      194   (0)      2  : 0.7260 0.0000 0.0000 0.0392 0.0000 0.0000 0.1513 0.0000 0.0479 0.0000 0.0000 0.0074 0.0281
195      195   (0)      2  : 0.0000 0.0000 0.0000 0.0874 0.0000 0.0000 0.8715 0.0000 0.0000 0.0000 0.0000 0.0000 0.0410
196      196   (0)      2  : 0.1832 0.0000 0.0000 0.0115 0.0000 0.0000 0.1617 0.0004 0.4431 0.0000 0.0000 0.2001 0.0000
197      197   (0)      2  : 0.0000 0.0000 0.0000 0.2371 0.0000 0.0000 0.2264 0.0000 0.2113 0.0000 0.0000 0.3253 0.0000
198      198   (0)      1  : 0.1812 0.0000 0.0065 0.0625 0.0000 0.0000 0.5187 0.0000 0.1500 0.0000 0.0000 0.0772 0.0038
199      199   (0)      1  : 0.4134 0.0000 0.0000 0.0114 0.0000 0.0000 0.0000 0.0000 0.5048 0.0000 0.0000 0.0556 0.0148
200      200   (0)      1  : 0.0000 0.0000 0.0051 0.0337 0.0000 0.0000 0.4363 0.0000 0.3613 0.0000 0.0000 0.0713 0.0923
201      201   (0)      1  : 0.0252 0.0000 0.0131 0.0000 0.0312 0.0000 0.1759 0.0000 0.7536 0.0000 0.0000 0.0009 0.0000
202      202   (0)      1  : 0.0000 0.0000 0.0000 0.0000 0.0000 0.0000 0.3381 0.0000 0.5763 0.0128 0.0000 0.0711 0.0018
203      203   (0)      1  : 0.0000 0.0000 0.0000 0.0000 0.0000 0.0000 0.0000 0.0000 0.8393 0.0000 0.0000 0.1607 0.0000
204      204   (0)      2  : 0.0000 0.0000 0.0000 0.0358 0.0000 0.0000 0.3058 0.0000 0.0399 0.4863 0.0000 0.0000 0.1323
205      205   (0)      2  : 0.0401 0.0000 0.0020 0.0117 0.0000 0.0000 0.4611 0.0000 0.3646 0.0000 0.0000 0.1200 0.0004
206      206   (0)      2  : 0.0000 0.0000 0.0000 0.0536 0.0491 0.0000 0.0902 0.0000 0.0000 0.7541 0.0000 0.0000 0.0530
207      207   (0)      2  : 0.5875 0.0000 0.0003 0.1205 0.0000 0.0000 0.0000 0.0073 0.1231 0.0000 0.0000 0.1494 0.0119
208      208   (0)      2  : 0.0000 0.0000 0.0000 0.0000 0.0000 0.0000 0.9827 0.0000 0.0000 0.0000 0.0000 0.0173 0.0000
209      209   (0)      2  : 0.7449 0.0000 0.0000 0.0799 0.0000 0.0000 0.0000 0.0000 0.0000 0.0314 0.0000 0.1437 0.0000
210      210   (0)      2  : 0.0000 0.0000 0.0001 0.1242 0.0000 0.0000 0.6167 0.0000 0.0138 0.0000 0.0000 0.2447 0.0005
211      211   (0)      1  : 0.0000 0.0000 0.0101 0.0000 0.0000 0.0000 0.6233 0.0034 0.1595 0.0000 0.0000 0.2037 0.0000
212      212   (0)      1  : 0.1345 0.0000 0.0000 0.0537 0.0011 0.0000 0.0000 0.0000 0.4908 0.0000 0.0000 0.1191 0.2007
213      213   (0)      1  : 0.1479 0.0000 0.0000 0.0619 0.0000 0.0134 0.2134 0.0000 0.3081 0.0000 0.0000 0.1871 0.0681
214      214   (0)      1  : 0.3159 0.0000 0.0000 0.0032 0.0033 0.0000 0.0000 0.0020 0.4898 0.0000 0.0011 0.1801 0.0045
215      215   (0)      1  : 0.0000 0.0000 0.0000 0.0000 0.0000 0.0000 0.7818 0.0000 0.1563 0.0000 0.0000 0.0620 0.0000
216      216   (0)      1  : 0.3437 0.0000 0.0000 0.0000 0.0000 0.0000 0.0000 0.0000 0.5289 0.0000 0.0000 0.1274 0.0000
217      217   (0)      1  : 0.2874 0.0000 0.0256 0.0006 0.0000 0.0000 0.0126 0.0000 0.5454 0.0000 0.0000 0.1283 0.0000
218      218   (0)      1  : 0.0000 0.0000 0.0000 0.0144 0.0000 0.0000 0.4475 0.0000 0.5116 0.0000 0.0000 0.0000 0.0265
219      219   (0)      2  : 0.3621 0.0000 0.0000 0.0000 0.0000 0.0000 0.4247 0.0000 0.1589 0.0000 0.0000 0.0543 0.0000
220      220   (0)      2  : 0.0000 0.0000 0.0000 0.1007 0.0000 0.0000 0.5601 0.0000 0.1328 0.0000 0.0000 0.0753 0.1312
221      221   (0)      2  : 0.5079 0.0000 0.0000 0.0484 0.0000 0.0000 0.0000 0.0112 0.2612 0.0000 0.0027 0.1558 0.0128
222      222   (0)      2  : 0.4180 0.0000 0.0000 0.1784 0.0000 0.0000 0.1405 0.0000 0.2129 0.0000 0.0068 0.0167 0.0267
223      223   (0)      2  : 0.4789 0.0000 0.0000 0.0000 0.0000 0.0000 0.0000 0.0027 0.4404 0.0000 0.0000 0.0294 0.0487
224      224   (0)      2  : 0.0962 0.0000 0.0000 0.0033 0.0000 0.0000 0.8741 0.0000 0.0000 0.0264 0.0000 0.0000 0.0000
225      225   (0)      2  : 0.0218 0.0000 0.0000 0.0751 0.0000 0.0000 0.5247 0.0000 0.1379 0.0000 0.0000 0.2406 0.0000
226      226   (0)      2  : 0.6494 0.0106 0.0056 0.0352 0.0000 0.0000 0.0000 0.0000 0.1398 0.0000 0.0000 0.1282 0.0312
227      227   (0)      2  : 0.6469 0.0000 0.0000 0.0000 0.0000 0.0000 0.1097 0.0000 0.0708 0.0000 0.0000 0.1725 0.0000
228      228   (0)      2  : 0.7277 0.0007 0.0000 0.0364 0.0000 0.0000 0.1284 0.0000 0.0418 0.0000 0.0000 0.0576 0.0074
229      229   (0)      2  : 0.9173 0.0000 0.0000 0.0000 0.0000 0.0000 0.0482 0.0000 0.0000 0.0000 0.0000 0.0345 0.0000
230      230   (0)      2  : 0.1018 0.0000 0.0000 0.0000 0.0000 0.0000 0.2371 0.0000 0.0000 0.6592 0.0019 0.0000 0.0000
231      231   (0)      2  : 0.4327 0.0000 0.0000 0.1560 0.0005 0.0000 0.1512 0.0000 0.0476 0.0000 0.0000 0.0416 0.1704
232      232   (0)      2  : 0.3979 0.0000 0.0000 0.0589 0.0000 0.0000 0.3719 0.0000 0.1034 0.0010 0.0000 0.0550 0.0119
233      233   (0)      9  : 0.0370 0.0000 0.9630 0.0000 0.0000 0.0000 0.0000 0.0000 0.0000 0.0000 0.0000 0.0000 0.0000
234      234   (0)      9  : 0.0000 0.0000 0.0000 0.0000 0.0515 0.6940 0.0000 0.0391 0.0000 0.0000 0.0690 0.0679 0.0784
235      235   (0)      9  : 0.0000 0.0000 1.0000 0.0000 0.0000 0.0000 0.0000 0.0000 0.0000 0.0000 0.0000 0.0000 0.0000
236      236   (0)      9  : 0.0000 0.0000 0.0000 0.0696 0.0501 0.6136 0.0000 0.0365 0.0000 0.0000 0.1293 0.0381 0.0628
237      237   (0)      9  : 0.0237 0.0000 0.9763 0.0000 0.0000 0.0000 0.0000 0.0000 0.0000 0.0000 0.0000 0.0000 0.0000
238      238   (0)      9  : 0.0000 0.0000 0.9784 0.0000 0.0000 0.0000 0.0000 0.0039 0.0000 0.0000 0.0000 0.0177 0.0000
239      239   (0)      9  : 0.0000 0.0941 0.0000 0.0000 0.0053 0.7754 0.0093 0.0000 0.0000 0.0000 0.0372 0.0390 0.0398
240      240   (0)      9  : 0.0000 0.0000 0.0000 0.0000 0.0059 0.8472 0.0000 0.0000 0.0000 0.0000 0.0877 0.0284 0.0309
241      241   (0)     10  : 0.0000 0.0033 0.0000 0.0000 0.0000 0.8124 0.0000 0.0000 0.0000 0.0000 0.0000 0.0899 0.0944
242      242   (0)     10  : 0.0000 0.0000 0.0000 0.0000 0.0000 0.9823 0.0000 0.0177 0.0000 0.0000 0.0000 0.0000 0.0000
243      243   (0)     10  : 0.0000 0.0000 0.0000 0.0131 0.0000 0.7496 0.0000 0.0000 0.0000 0.0000 0.0000 0.1059 0.1314
244      244   (0)     11  : 0.0000 0.0006 0.8411 0.0000 0.0199 0.0000 0.0000 0.0661 0.0000 0.0000 0.0723 0.0000 0.0000
245      245   (0)     11  : 0.0000 0.0048 0.8424 0.0020 0.0000 0.0000 0.0000 0.0498 0.0000 0.0000 0.0745 0.0218 0.0047
246      246   (0)     11  : 0.0000 0.0000 0.9283 0.0103 0.0000 0.0016 0.0000 0.0055 0.0000 0.0000 0.0000 0.0543 0.0000
247      247   (0)     11  : 0.0109 0.0000 0.9408 0.0000 0.0000 0.0000 0.0000 0.0390 0.0000 0.0000 0.0010 0.0064 0.0020
248      248   (0)     11  : 0.0000 0.0000 0.8991 0.0000 0.0000 0.0000 0.0000 0.0602 0.0407 0.0000 0.0000 0.0000 0.0000
249      249   (0)     11  : 0.0000 0.0177 0.0114 0.0000 0.0000 0.5028 0.0000 0.0303 0.0130 0.0003 0.3616 0.0336 0.0292
250      250   (0)     11  : 0.0000 0.1756 0.0092 0.0000 0.0158 0.3372 0.0000 0.0347 0.0000 0.0000 0.2993 0.0483 0.0799
251      251   (0)     10  : 0.0136 0.0000 0.0763 0.0000 0.0000 0.6880 0.0000 0.0098 0.0509 0.0000 0.0000 0.0765 0.0850
252      252   (0)     10  : 0.0000 0.0000 0.0000 0.0000 0.0232 0.8723 0.0000 0.0015 0.0000 0.0079 0.0000 0.0450 0.0500
253      253   (0)     10  : 0.0000 0.0000 0.0000 0.0000 0.0000 1.0000 0.0000 0.0000 0.0000 0.0000 0.0000 0.0000 0.0000
254      254   (0)     10  : 0.0000 0.0000 0.0000 0.0000 0.0000 0.9045 0.0000 0.0271 0.0297 0.0000 0.0015 0.0168 0.0204
255      255   (0)     10  : 0.0000 0.0000 0.0000 0.0000 0.0000 0.6496 0.1356 0.0000 0.0000 0.0000 0.0919 0.0600 0.0630
256      256   (0)     10  : 0.0000 0.0005 0.0170 0.0000 0.0312 0.6615 0.0000 0.0129 0.0138 0.0000 0.0877 0.0669 0.1085
257      257   (0)     10  : 0.0000 0.0000 0.0036 0.0000 0.0115 0.7576 0.0000 0.0000 0.0000 0.0304 0.0916 0.0505 0.0549
258      258   (0)     10  : 0.0000 0.0000 0.0000 0.0000 0.0000 0.8823 0.0000 0.0000 0.0000 0.0000 0.0418 0.0364 0.0395
259      259   (0)     10  : 0.0000 0.0000 0.0269 0.0000 0.0485 0.7331 0.0000 0.0000 0.0000 0.0000 0.0000 0.0901 0.1014
260      260   (0)     10  : 0.0000 0.0013 0.0000 0.0119 0.0000 0.6926 0.0000 0.0868 0.0000 0.0000 0.0703 0.0615 0.0756
261      261   (0)     10  : 0.0000 0.0000 0.3026 0.0000 0.0000 0.4362 0.0000 0.0220 0.0000 0.0000 0.0211 0.1159 0.1023
262      262   (0)     10  : 0.0000 0.0595 0.0161 0.0533 0.0171 0.5103 0.0000 0.0377 0.0000 0.0000 0.0235 0.1250 0.1576
263      263   (0)     10  : 0.0000 0.0000 0.0000 0.0000 0.0294 0.8230 0.0000 0.0057 0.0000 0.0000 0.0000 0.0685 0.0734
264      264   (0)     10  : 0.0000 0.0009 0.0000 0.0000 0.0000 0.7622 0.0000 0.0000 0.0000 0.0000 0.0000 0.1119 0.1250
265      265   (0)     10  : 0.0000 0.0000 0.0000 0.0000 0.0000 0.7455 0.0000 0.0000 0.0000 0.0000 0.1099 0.0729 0.0717
266      266   (0)     10  : 0.0000 0.0000 0.0000 0.0000 0.0125 0.9264 0.0000 0.0505 0.0000 0.0000 0.0106 0.0000 0.0000
267      267   (0)     10  : 0.0000 0.0000 0.8378 0.0000 0.0000 0.0526 0.0669 0.0427 0.0000 0.0000 0.0000 0.0000 0.0000
268      268   (0)     10  : 0.0000 0.0078 0.0000 0.0185 0.0000 0.7568 0.0000 0.0547 0.0000 0.0000 0.0000 0.0641 0.0981
269      269   (0)     10  : 0.0000 0.0041 0.0073 0.0171 0.0000 0.7056 0.0000 0.0046 0.0000 0.0000 0.0000 0.1250 0.1362
270      270   (0)     10  : 0.0000 0.0000 0.0000 0.0000 0.0000 0.8447 0.0000 0.0009 0.0484 0.0000 0.0000 0.0507 0.0554
271      271   (0)     10  : 0.0001 0.0000 0.0006 0.0004 0.0000 0.8510 0.0000 0.0061 0.0000 0.0000 0.0005 0.0573 0.0840
272      272   (0)     10  : 0.0000 0.0000 0.0000 0.0000 0.0000 1.0000 0.0000 0.0000 0.0000 0.0000 0.0000 0.0000 0.0000
273      273   (0)     12  : 0.0000 0.8880 0.0000 0.0000 0.0000 0.0000 0.0000 0.0000 0.0000 0.0000 0.1120 0.0000 0.0000
274      274   (0)     12  : 0.0000 1.0000 0.0000 0.0000 0.0000 0.0000 0.0000 0.0000 0.0000 0.0000 0.0000 0.0000 0.0000
275      275   (0)     12  : 0.0000 1.0000 0.0000 0.0000 0.0000 0.0000 0.0000 0.0000 0.0000 0.0000 0.0000 0.0000 0.0000
276      276   (0)     12  : 0.0000 0.8505 0.0000 0.0000 0.0000 0.0000 0.0000 0.0837 0.0000 0.0000 0.0658 0.0000 0.0000
277      277   (0)     12  : 0.0000 0.9771 0.0181 0.0005 0.0000 0.0022 0.0000 0.0000 0.0000 0.0000 0.0000 0.0010 0.0012
278      278   (0)     12  : 0.0000 0.3462 0.5049 0.0000 0.0000 0.0000 0.0000 0.1424 0.0000 0.0000 0.0000 0.0027 0.0037
279      279   (0)     12  : 0.0000 0.1841 0.6679 0.0000 0.0000 0.0000 0.0000 0.1407 0.0000 0.0000 0.0000 0.0050 0.0021
280      280   (0)     12  : 0.0000 1.0000 0.0000 0.0000 0.0000 0.0000 0.0000 0.0000 0.0000 0.0000 0.0000 0.0000 0.0000
281      281   (0)     12  : 0.0000 0.8777 0.0000 0.0000 0.0000 0.0000 0.0000 0.0000 0.0000 0.0000 0.1223 0.0000 0.0000
282      282   (0)     12  : 0.0000 0.8049 0.0344 0.0000 0.0000 0.0623 0.0000 0.0621 0.0000 0.0000 0.0000 0.0160 0.0203
283      283   (0)     12  : 0.0000 0.9919 0.0000 0.0000 0.0000 0.0000 0.0000 0.0066 0.0000 0.0000 0.0000 0.0013 0.0003
284      284   (0)     12  : 0.0000 0.1580 0.6749 0.0000 0.0000 0.0000 0.0000 0.1671 0.0000 0.0000 0.0000 0.0000 0.0000
285      285   (0)     12  : 0.0000 0.1915 0.7133 0.0000 0.0000 0.0000 0.0000 0.0952 0.0000 0.0000 0.0000 0.0000 0.0000
286      286   (0)     12  : 0.0000 0.3305 0.5885 0.0000 0.0000 0.0000 0.0000 0.0727 0.0000 0.0000 0.0000 0.0000 0.0083
287      287   (0)     12  : 0.0000 1.0000 0.0000 0.0000 0.0000 0.0000 0.0000 0.0000 0.0000 0.0000 0.0000 0.0000 0.0000
288      288   (0)     12  : 0.0000 1.0000 0.0000 0.0000 0.0000 0.0000 0.0000 0.0000 0.0000 0.0000 0.0000 0.0000 0.0000
289      289   (0)     12  : 0.0000 1.0000 0.0000 0.0000 0.0000 0.0000 0.0000 0.0000 0.0000 0.0000 0.0000 0.0000 0.0000
290      290   (0)     12  : 0.0000 1.0000 0.0000 0.0000 0.0000 0.0000 0.0000 0.0000 0.0000 0.0000 0.0000 0.0000 0.0000
291      291   (0)     12  : 0.0000 1.0000 0.0000 0.0000 0.0000 0.0000 0.0000 0.0000 0.0000 0.0000 0.0000 0.0000 0.0000
292      292   (0)     12  : 0.0000 1.0000 0.0000 0.0000 0.0000 0.0000 0.0000 0.0000 0.0000 0.0000 0.0000 0.0000 0.0000
293      293   (0)     12  : 0.0000 1.0000 0.0000 0.0000 0.0000 0.0000 0.0000 0.0000 0.0000 0.0000 0.0000 0.0000 0.0000
294      294   (0)     12  : 0.0000 0.9893 0.0000 0.0000 0.0000 0.0000 0.0000 0.0107 0.0000 0.0000 0.0000 0.0000 0.0000
295      295   (0)     12  : 0.0000 0.0909 0.7567 0.0000 0.0000 0.0000 0.0000 0.1524 0.0000 0.0000 0.0000 0.0000 0.0000
296      296   (0)     12  : 0.0000 0.9851 0.0000 0.0000 0.0000 0.0000 0.0000 0.0000 0.0000 0.0000 0.0149 0.0000 0.0000
297      297   (0)     12  : 0.0000 0.8750 0.0000 0.0000 0.0000 0.0000 0.0000 0.0409 0.0000 0.0000 0.0842 0.0000 0.0000
298      298   (0)     12  : 0.0000 0.1701 0.6171 0.0000 0.0000 0.0000 0.0000 0.2044 0.0000 0.0000 0.0000 0.0032 0.0052
299      299   (0)     12  : 0.0000 1.0000 0.0000 0.0000 0.0000 0.0000 0.0000 0.0000 0.0000 0.0000 0.0000 0.0000 0.0000
300      300   (0)     12  : 0.0000 0.1324 0.6656 0.0000 0.0000 0.0000 0.0000 0.1609 0.0411 0.0000 0.0000 0.0000 0.0000
301      301   (0)     13  : 0.0000 0.0244 0.0642 0.0000 0.0000 0.0061 0.0000 0.0000 0.0000 0.0000 0.9053 0.0000 0.0000
302      302   (0)     13  : 0.0000 0.0271 0.0000 0.0000 0.0000 0.0102 0.0000 0.0000 0.0000 0.0000 0.9627 0.0000 0.0000
303      303   (0)     13  : 0.0000 0.0000 0.0000 0.0000 0.0062 0.0181 0.0000 0.0000 0.0000 0.0000 0.9757 0.0000 0.0000
304      304   (0)     13  : 0.0000 0.0968 0.0459 0.0000 0.0000 0.1526 0.0000 0.1451 0.0000 0.0000 0.5459 0.0079 0.0058
305      305   (0)     13  : 0.0000 0.0000 0.0000 0.0000 0.0000 0.0000 0.0000 0.0000 0.0000 0.0000 1.0000 0.0000 0.0000
306      306   (0)     13  : 0.0000 0.0469 0.0000 0.0000 0.0000 0.0000 0.0000 0.0000 0.0137 0.0000 0.9362 0.0000 0.0032
307      307   (0)     13  : 0.0000 0.0000 0.0000 0.0000 0.0335 0.0787 0.0000 0.0000 0.0000 0.0000 0.8878 0.0000 0.0000
308      308   (0)     13  : 0.0000 0.0000 0.6895 0.0000 0.0000 0.0000 0.0000 0.0147 0.0333 0.0000 0.2603 0.0000 0.0023
309      309   (0)     13  : 0.0000 0.0304 0.3630 0.0000 0.0000 0.0000 0.0000 0.0000 0.0000 0.0000 0.5639 0.0139 0.0288
310      310   (0)     13  : 0.0000 0.1721 0.0000 0.0000 0.0000 0.0000 0.0000 0.0000 0.0000 0.0000 0.8279 0.0000 0.0000
311      311   (0)     13  : 0.0000 0.0000 0.0000 0.0000 0.0000 0.0107 0.0000 0.0000 0.0000 0.0000 0.9893 0.0000 0.0000
312      312   (0)     13  : 0.0000 0.0000 0.0000 0.0000 0.0351 0.0000 0.0000 0.0000 0.0000 0.0000 0.9470 0.0000 0.0179
313      313   (0)     13  : 0.0000 0.0000 0.0000 0.0000 0.0000 0.0000 0.0000 0.0000 0.0000 0.0000 1.0000 0.0000 0.0000
314      314   (0)     13  : 0.0000 0.0000 0.0000 0.0000 0.0000 0.0000 0.0000 0.0000 0.0000 0.0000 1.0000 0.0000 0.0000
315      315   (0)     13  : 0.0000 0.0220 0.0000 0.0000 0.0000 0.0017 0.0000 0.0000 0.0000 0.0000 0.9763 0.0000 0.0000
316      316   (0)     13  : 0.0000 0.0000 0.0034 0.0000 0.0000 0.1431 0.0000 0.0000 0.0000 0.0000 0.8535 0.0000 0.0000
317      317   (0)     13  : 0.0000 0.0042 0.0000 0.0000 0.0000 0.0000 0.0000 0.0000 0.0000 0.0000 0.9638 0.0142 0.0177
318      318   (0)     13  : 0.0000 0.0000 0.0000 0.0000 0.0143 0.0000 0.0000 0.0000 0.0000 0.0000 0.9857 0.0000 0.0000
319      319   (0)     13  : 0.0000 0.0000 0.0000 0.0000 0.0000 0.0128 0.0000 0.0000 0.0000 0.0000 0.9872 0.0000 0.0000
320      320   (0)     13  : 0.0000 0.0617 0.6609 0.0000 0.0000 0.0000 0.0000 0.0261 0.0000 0.0000 0.2309 0.0097 0.0106
321      321   (0)     13  : 0.0000 0.0178 0.0000 0.0000 0.0000 0.0103 0.0000 0.0000 0.0000 0.0000 0.9719 0.0000 0.0000
322      322   (0)     13  : 0.0000 0.0442 0.0000 0.0000 0.0000 0.0282 0.0000 0.0192 0.0000 0.0000 0.9084 0.0000 0.0000
323      323   (0)     13  : 0.0000 0.0108 0.0000 0.0000 0.0000 0.0000 0.0000 0.0607 0.0000 0.0000 0.9285 0.0000 0.0000
324      324   (0)     13  : 0.0000 0.0064 0.0000 0.0000 0.0000 0.0031 0.0000 0.1628 0.0000 0.0000 0.8276 0.0000 0.0000
325      325   (0)     14  : 0.0000 0.0000 0.0000 0.0000 0.0000 0.3106 0.0000 0.0000 0.0000 0.0000 0.6808 0.0048 0.0037
326      326   (0)     14  : 0.0000 0.0000 0.0000 0.0000 0.0000 0.9468 0.0000 0.0000 0.0000 0.0000 0.0532 0.0000 0.0000
327      327   (0)     14  : 0.0000 0.0000 1.0000 0.0000 0.0000 0.0000 0.0000 0.0000 0.0000 0.0000 0.0000 0.0000 0.0000
328      328   (0)     14  : 0.0000 0.2257 0.0000 0.0000 0.0000 0.5440 0.0000 0.0000 0.0000 0.0000 0.2293 0.0011 0.0000
329      329   (0)     14  : 0.0000 0.0000 0.9729 0.0000 0.0000 0.0000 0.0000 0.0271 0.0000 0.0000 0.0000 0.0000 0.0000
330      330   (0)     14  : 0.0257 0.0000 0.9188 0.0000 0.0000 0.0244 0.0000 0.0000 0.0000 0.0057 0.0024 0.0133 0.0097
331      331   (0)     14  : 0.0000 0.0000 0.9348 0.0000 0.0000 0.0000 0.0000 0.0167 0.0000 0.0000 0.0241 0.0141 0.0103
332      332   (0)     14  : 0.0000 0.1169 0.1017 0.0000 0.0000 0.3166 0.0000 0.0421 0.0000 0.0000 0.2759 0.0733 0.0735
333      333   (0)     14  : 0.0000 0.0000 0.9759 0.0000 0.0000 0.0000 0.0000 0.0241 0.0000 0.0000 0.0000 0.0000 0.0000
334      334   (0)     14  : 0.0000 0.0098 0.0000 0.0000 0.0000 0.7733 0.0000 0.0038 0.0000 0.0000 0.2062 0.0069 0.0000
335      335   (0)     14  : 0.0000 0.0120 0.0819 0.0000 0.0000 0.4006 0.0000 0.0267 0.0033 0.0000 0.3394 0.0725 0.0636
336      336   (0)     11  : 0.0000 0.0000 0.9574 0.0000 0.0000 0.0036 0.0000 0.0000 0.0000 0.0000 0.0390 0.0000 0.0000
337      337   (0)     11  : 0.0000 0.0811 0.0000 0.0000 0.0415 0.4677 0.0000 0.0000 0.0000 0.0000 0.4085 0.0000 0.0013
338      338   (0)     11  : 0.0000 0.0195 0.8475 0.0000 0.0000 0.0000 0.0000 0.0172 0.0835 0.0000 0.0322 0.0000 0.0000
339      339   (0)     10  : 0.0000 0.0000 0.0000 0.0000 0.0000 1.0000 0.0000 0.0000 0.0000 0.0000 0.0000 0.0000 0.0000
340      340   (0)     10  : 0.0000 0.0000 0.7113 0.2209 0.0209 0.0000 0.0024 0.0000 0.0000 0.0000 0.0000 0.0006 0.0438
341      341   (0)     11  : 0.0101 0.0657 0.8576 0.0000 0.0005 0.0012 0.0000 0.0000 0.0000 0.0000 0.0096 0.0300 0.0254
342      342   (0)     11  : 0.0000 0.0000 1.0000 0.0000 0.0000 0.0000 0.0000 0.0000 0.0000 0.0000 0.0000 0.0000 0.0000
343      343   (0)     11  : 0.0000 0.0000 1.0000 0.0000 0.0000 0.0000 0.0000 0.0000 0.0000 0.0000 0.0000 0.0000 0.0000
344      344   (0)     11  : 0.0111 0.0000 0.8153 0.0145 0.0000 0.0619 0.0000 0.0333 0.0000 0.0000 0.0046 0.0353 0.0240
345      345   (0)     11  : 0.0000 0.0000 0.9152 0.0000 0.0000 0.0000 0.0000 0.0027 0.0000 0.0000 0.0733 0.0000 0.0089
346      346   (0)     11  : 0.0000 0.0000 0.9801 0.0000 0.0000 0.0000 0.0000 0.0199 0.0000 0.0000 0.0000 0.0000 0.0000
347      347   (0)     11  : 0.0000 0.0282 0.0000 0.0000 0.0000 0.4582 0.0000 0.0029 0.0000 0.0000 0.4931 0.0077 0.0099
348      348   (0)     11  : 0.0000 0.0000 0.9857 0.0000 0.0000 0.0000 0.0000 0.0100 0.0000 0.0000 0.0000 0.0042 0.0000
349      349   (0)     11  : 0.0000 0.0000 0.9426 0.0000 0.0000 0.0231 0.0000 0.0223 0.0000 0.0000 0.0000 0.0061 0.0059
350      350   (0)     11  : 0.0000 0.0000 0.7374 0.0000 0.0000 0.0649 0.0000 0.1204 0.0000 0.0000 0.0060 0.0375 0.0339
351      351   (0)     11  : 0.0000 0.0196 0.9803 0.0000 0.0000 0.0000 0.0000 0.0000 0.0000 0.0000 0.0000 0.0000 0.0000
352      352   (0)     11  : 0.0000 0.1478 0.0167 0.0000 0.0000 0.6284 0.0000 0.0374 0.0000 0.0000 0.1038 0.0310 0.0348
353      353   (0)     11  : 0.0000 0.0000 0.9778 0.0000 0.0000 0.0000 0.0000 0.0222 0.0000 0.0000 0.0000 0.0000 0.0000
354      354   (0)     11  : 0.0000 0.0217 0.0000 0.0000 0.0000 0.7140 0.0000 0.0000 0.0000 0.0000 0.2451 0.0111 0.0081
355      355   (0)     11  : 0.0000 0.0000 1.0000 0.0000 0.0000 0.0000 0.0000 0.0000 0.0000 0.0000 0.0000 0.0000 0.0000
356      356   (0)     14  : 0.0006 0.0000 0.8770 0.0125 0.0000 0.0000 0.0071 0.0795 0.0000 0.0000 0.0134 0.0000 0.0098
357      357   (0)     14  : 0.0000 0.0896 0.0000 0.0000 0.0000 0.6010 0.0000 0.0000 0.0000 0.0000 0.3093 0.0000 0.0000
358      358   (0)     14  : 0.0000 0.0000 0.9651 0.0000 0.0000 0.0000 0.0000 0.0349 0.0000 0.0000 0.0000 0.0000 0.0000
359      359   (0)     14  : 0.0000 0.0133 0.0101 0.0000 0.0000 0.6232 0.0000 0.0706 0.0000 0.0000 0.2744 0.0056 0.0027
360      360   (0)     14  : 0.0000 0.0000 1.0000 0.0000 0.0000 0.0000 0.0000 0.0000 0.0000 0.0000 0.0000 0.0000 0.0000
361      361   (0)     14  : 0.0000 0.0000 0.9317 0.0000 0.0000 0.0137 0.0000 0.0000 0.0000 0.0000 0.0309 0.0138 0.0099
362      362   (0)     14  : 0.0000 0.0000 0.9737 0.0000 0.0000 0.0000 0.0000 0.0000 0.0000 0.0000 0.0095 0.0095 0.0073
363      363   (0)     14  : 0.0038 0.0000 0.9556 0.0000 0.0000 0.0000 0.0000 0.0037 0.0000 0.0000 0.0000 0.0369 0.0000
364      364   (0)     14  : 0.0000 0.0000 0.9870 0.0079 0.0000 0.0000 0.0000 0.0000 0.0000 0.0000 0.0000 0.0000 0.0052
365      365   (0)     14  : 0.0000 0.0000 0.8301 0.0000 0.0000 0.0000 0.0000 0.0016 0.0000 0.0000 0.1368 0.0153 0.0161
366      366   (0)     14  : 0.0000 0.0003 0.0382 0.0000 0.0000 0.6000 0.0000 0.0800 0.0000 0.0000 0.2403 0.0195 0.0218
367      367   (0)      9  : 0.0000 0.0000 0.0000 0.0000 0.0000 0.8924 0.0000 0.0446 0.0000 0.0000 0.0630 0.0000 0.0000
368      368   (0)      9  : 0.0000 0.0000 0.8374 0.0354 0.0000 0.1125 0.0000 0.0000 0.0000 0.0000 0.0000 0.0000 0.0146
369      369   (0)      9  : 0.0000 0.0000 0.0033 0.0000 0.0000 0.9131 0.0000 0.0000 0.0000 0.0000 0.0836 0.0000 0.0000
370      370   (0)      9  : 0.0000 0.0000 0.0368 0.0000 0.0000 0.8477 0.0000 0.0462 0.0000 0.0000 0.0000 0.0339 0.0353
371      371   (0)      9  : 0.0000 0.0000 0.0000 0.0000 0.0000 0.9282 0.0000 0.0000 0.0000 0.0000 0.0279 0.0216 0.0223
372      372   (0)      9  : 0.0000 0.0000 0.9893 0.0000 0.0000 0.0000 0.0000 0.0107 0.0000 0.0000 0.0000 0.0000 0.0000
373      373   (0)     14  : 0.0000 0.0000 1.0000 0.0000 0.0000 0.0000 0.0000 0.0000 0.0000 0.0000 0.0000 0.0000 0.0000
374      374   (0)     14  : 0.0000 0.0000 0.0100 0.0000 0.0000 0.8247 0.0000 0.0000 0.0000 0.0000 0.1653 0.0000 0.0000
375      375   (0)     14  : 0.0000 0.0049 0.9333 0.0000 0.0000 0.0266 0.0000 0.0096 0.0000 0.0000 0.0000 0.0139 0.0116
376      376   (0)     14  : 0.0032 0.0000 0.9968 0.0000 0.0000 0.0000 0.0000 0.0000 0.0000 0.0000 0.0000 0.0000 0.0000
377      377   (0)     14  : 0.0000 0.0000 0.0000 0.0000 0.0073 0.6855 0.0000 0.0000 0.0000 0.0000 0.3071 0.0000 0.0000
378      378   (0)      9  : 0.0000 0.0051 0.0000 0.0000 0.0000 0.9856 0.0000 0.0093 0.0000 0.0000 0.0000 0.0000 0.0000
379      379   (0)      9  : 0.0708 0.0000 0.9149 0.0000 0.0000 0.0000 0.0000 0.0143 0.0000 0.0000 0.0000 0.0000 0.0000
380      380   (0)      9  : 0.0524 0.0000 0.9024 0.0000 0.0000 0.0000 0.0000 0.0000 0.0000 0.0000 0.0000 0.0395 0.0057
381      381   (0)      9  : 0.0000 0.0000 0.8768 0.0000 0.0000 0.0000 0.1232 0.0000 0.0000 0.0000 0.0000 0.0000 0.0000
382      382   (0)      9  : 0.0000 0.0000 0.0031 0.0000 0.0000 0.8947 0.0000 0.0000 0.0000 0.0000 0.0285 0.0359 0.0378
383      383   (0)      9  : 0.0000 0.0000 0.0000 0.0000 0.0000 1.0000 0.0000 0.0000 0.0000 0.0000 0.0000 0.0000 0.0000
384      384   (0)      9  : 0.0000 0.0000 0.0000 0.0000 0.0000 0.9314 0.0000 0.0000 0.0000 0.0000 0.0000 0.0326 0.0360
385      385   (0)      9  : 0.0000 0.0000 0.8479 0.0000 0.0000 0.0000 0.1521 0.0000 0.0000 0.0000 0.0000 0.0000 0.0000
386      386   (0)      9  : 0.0000 0.0092 0.0000 0.0000 0.0000 0.8595 0.0000 0.0000 0.0000 0.0000 0.0309 0.0487 0.0516
387      387   (0)      9  : 0.0000 0.0000 0.0004 0.0000 0.0340 0.9127 0.0000 0.0056 0.0000 0.0000 0.0000 0.0218 0.0255
388      388   (0)      9  : 0.0000 0.0000 0.9992 0.0000 0.0000 0.0000 0.0008 0.0000 0.0000 0.0000 0.0000 0.0000 0.0000
389      389   (0)      9  : 0.0038 0.0000 0.9804 0.0041 0.0000 0.0000 0.0000 0.0000 0.0000 0.0000 0.0000 0.0081 0.0036
390      390   (0)      9  : 0.0000 0.0000 0.0000 0.0000 0.1494 0.5879 0.0000 0.0000 0.0000 0.0000 0.0000 0.1057 0.1569
391      391   (0)      9  : 0.0000 0.0000 0.8110 0.0000 0.0000 0.0000 0.1890 0.0000 0.0000 0.0000 0.0000 0.0000 0.0000
392      392   (0)     15  : 0.0000 0.0000 0.0000 0.0000 0.0000 0.2671 0.0000 0.4688 0.0000 0.0000 0.2640 0.0000 0.0001
393      393   (0)     15  : 0.0000 0.0000 0.0000 0.0000 0.0000 0.0000 0.0000 0.6198 0.0000 0.0000 0.3802 0.0000 0.0000
394      394   (0)     15  : 0.0000 0.0000 0.0000 0.0000 0.0000 0.0000 0.0000 0.8734 0.0000 0.0000 0.1266 0.0000 0.0000
395      395   (0)     15  : 0.0000 0.0000 0.0000 0.0000 0.0000 0.0000 0.0945 0.7325 0.0000 0.0000 0.1730 0.0000 0.0000
396      396   (0)     15  : 0.0000 0.0000 0.0000 0.0000 0.0000 0.0000 0.0000 0.7540 0.0000 0.0000 0.2460 0.0000 0.0000
397      397   (0)     15  : 0.0000 0.0000 0.0000 0.0000 0.0000 0.0000 0.0000 0.8308 0.0000 0.0000 0.1691 0.0000 0.0001
398      398   (0)     15  : 0.0000 0.0000 0.0000 0.0000 0.0000 0.0000 0.0000 0.8240 0.0000 0.0000 0.1760 0.0000 0.0000
399      399   (0)     15  : 0.0000 0.0000 0.5147 0.0000 0.0000 0.0000 0.0000 0.4853 0.0000 0.0000 0.0000 0.0000 0.0000
400      400   (0)     15  : 0.0000 0.0000 0.0000 0.0000 0.0000 0.0000 0.0072 0.8012 0.0000 0.0000 0.1916 0.0000 0.0000
401      401   (0)     15  : 0.0000 0.0000 0.0000 0.0000 0.0000 0.0000 0.0000 0.8180 0.0000 0.0000 0.1820 0.0000 0.0000
402      402   (0)     15  : 0.0000 0.0000 0.4679 0.0000 0.0000 0.0000 0.0000 0.5321 0.0000 0.0000 0.0000 0.0000 0.0000
403      403   (0)     15  : 0.0000 0.0000 0.8169 0.0000 0.0000 0.0000 0.0000 0.1831 0.0000 0.0000 0.0000 0.0000 0.0000
404      404   (0)     15  : 0.0000 0.0000 0.0000 0.0000 0.0000 0.0000 0.0000 0.8341 0.0000 0.0000 0.1659 0.0000 0.0000
405      405   (0)     15  : 0.0000 0.0000 0.0000 0.0000 0.0000 0.0054 0.0000 0.7954 0.0000 0.0000 0.1992 0.0000 0.0000
406      406   (0)     15  : 0.0000 0.0000 0.0000 0.0000 0.0000 0.0027 0.0000 0.5986 0.0000 0.0000 0.3988 0.0000 0.0000
407      407   (0)     15  : 0.0000 0.0000 0.0352 0.0000 0.0000 0.0244 0.0000 0.8465 0.0000 0.0000 0.0828 0.0023 0.0089
408      408   (0)     15  : 0.0000 0.0000 0.5278 0.0000 0.0000 0.0000 0.0000 0.4722 0.0000 0.0000 0.0000 0.0000 0.0000
409      409   (0)     15  : 0.0000 0.0000 0.0000 0.0000 0.0000 0.0000 0.0000 0.8665 0.0000 0.0000 0.1335 0.0000 0.0000
410      410   (0)     15  : 0.0000 0.0000 0.4575 0.0000 0.0000 0.0000 0.0000 0.5425 0.0000 0.0000 0.0000 0.0000 0.0000
411      411   (0)     15  : 0.0000 0.0000 0.0000 0.0000 0.0000 0.0000 0.0000 0.6924 0.0000 0.0000 0.3076 0.0000 0.0000
412      412   (0)     15  : 0.0000 0.0000 0.0000 0.0000 0.0000 0.0000 0.0000 0.9103 0.0000 0.0000 0.0897 0.0000 0.0000
413      413   (0)     15  : 0.0000 0.0000 0.0000 0.0000 0.0000 0.0000 0.0000 0.6909 0.0000 0.0000 0.3091 0.0000 0.0000
414      414   (0)     15  : 0.0000 0.1151 0.0000 0.0000 0.0225 0.0091 0.0000 0.6117 0.0000 0.0000 0.2061 0.0039 0.0316
415      415   (0)     15  : 0.0000 0.0797 0.0141 0.0006 0.0000 0.0483 0.0000 0.7466 0.0291 0.0000 0.0796 0.0000 0.0019
416      416   (0)     15  : 0.0000 0.0000 0.0000 0.0000 0.0000 0.0000 0.0000 0.8318 0.0000 0.0000 0.1682 0.0000 0.0000
417      417   (0)     15  : 0.0000 0.0000 0.5545 0.0000 0.0000 0.0000 0.0000 0.4455 0.0000 0.0000 0.0000 0.0000 0.0000
418      418   (0)     15  : 0.0000 0.0000 0.0000 0.0000 0.0000 0.0000 0.0000 0.7124 0.0000 0.0000 0.2876 0.0000 0.0000
419      419   (0)     15  : 0.0000 0.0000 0.5484 0.0000 0.0000 0.0000 0.0000 0.4457 0.0059 0.0000 0.0000 0.0000 0.0000
420      420   (0)     15  : 0.0000 0.0000 0.5603 0.0000 0.0000 0.0000 0.0000 0.4397 0.0000 0.0000 0.0000 0.0000 0.0000
421      421   (0)     16  : 0.3509 0.0000 0.0000 0.0000 0.0000 0.0000 0.4125 0.0000 0.0000 0.0284 0.0000 0.2081 0.0000
422      422   (0)     16  : 0.0430 0.0000 0.0000 0.0312 0.0000 0.0000 0.6744 0.0000 0.0000 0.0000 0.0000 0.1369 0.1145
423      423   (0)     16  : 0.4339 0.0000 0.0321 0.0197 0.0000 0.0000 0.0000 0.0154 0.1064 0.0000 0.0000 0.3032 0.0893
424      424   (0)     16  : 0.1993 0.0000 0.0652 0.0301 0.0000 0.0000 0.3316 0.0000 0.0077 0.0000 0.0000 0.2884 0.0777
425      425   (0)     16  : 0.0000 0.0000 0.0015 0.0290 0.0000 0.0000 0.4976 0.0000 0.0479 0.0004 0.0000 0.3041 0.1195
426      426   (0)     16  : 0.4346 0.0000 0.0000 0.0321 0.0000 0.0000 0.0000 0.0000 0.1401 0.0000 0.0000 0.3079 0.0853
427      427   (0)     16  : 0.1435 0.0000 0.0000 0.0098 0.0000 0.0000 0.5222 0.0000 0.0000 0.0000 0.0027 0.3219 0.0000
428      428   (0)     16  : 0.6133 0.0000 0.0000 0.0000 0.0000 0.0000 0.0000 0.0000 0.0000 0.0000 0.0000 0.3867 0.0000
429      429   (0)     16  : 0.0078 0.0000 0.0000 0.0670 0.0000 0.0000 0.2061 0.0000 0.0065 0.0000 0.0000 0.7121 0.0005
430      430   (0)     16  : 0.7333 0.0000 0.0000 0.0000 0.0141 0.0000 0.0000 0.0000 0.0337 0.0000 0.0000 0.1794 0.0395
431      431   (0)     16  : 0.0000 0.0000 0.0000 0.2797 0.0000 0.0000 0.3437 0.0000 0.0000 0.0000 0.0000 0.2457 0.1309
432      432   (0)     16  : 0.6134 0.0000 0.0128 0.0000 0.0000 0.0000 0.0032 0.0000 0.0134 0.0000 0.0000 0.3573 0.0000
433      433   (0)     16  : 0.0503 0.0000 0.0000 0.0000 0.0000 0.0000 0.7599 0.0000 0.0000 0.0000 0.0000 0.1898 0.0000
434      434   (0)     16  : 0.5737 0.0000 0.0031 0.0063 0.0000 0.0000 0.2367 0.0134 0.0051 0.0000 0.0000 0.1583 0.0034
435      435   (0)     16  : 0.3998 0.0000 0.0023 0.0000 0.0000 0.0000 0.4266 0.0000 0.0000 0.0000 0.0000 0.1713 0.0000
436      436   (0)     16  : 0.0000 0.0000 0.0000 0.0200 0.0477 0.0000 0.7905 0.0000 0.0000 0.0000 0.0000 0.1294 0.0124
437      437   (0)     16  : 0.6497 0.0000 0.0000 0.0631 0.0000 0.0000 0.0000 0.0000 0.0000 0.0000 0.0000 0.2832 0.0040
438      438   (0)     16  : 0.8349 0.0000 0.0000 0.0115 0.0000 0.0000 0.0000 0.0000 0.0000 0.0000 0.0000 0.1369 0.0167
439      439   (0)     16  : 0.6048 0.0000 0.0164 0.0619 0.0000 0.0000 0.0000 0.0074 0.0000 0.0000 0.0000 0.3095 0.0000
440      440   (0)     16  : 0.1686 0.0000 0.0055 0.0000 0.0000 0.0000 0.0000 0.0073 0.1501 0.0000 0.0000 0.6685 0.0000
441      441   (0)     16  : 0.4598 0.0262 0.0024 0.0000 0.0000 0.0000 0.2849 0.0036 0.0000 0.0000 0.0044 0.2188 0.0000
442      442   (0)     16  : 0.7782 0.0000 0.0000 0.0250 0.0000 0.0000 0.0039 0.0000 0.0000 0.0000 0.0000 0.1838 0.0092
443      443   (0)     16  : 0.3634 0.0000 0.0550 0.0052 0.0000 0.0000 0.0034 0.0000 0.1469 0.0000 0.0000 0.4262 0.0000
444      444   (0)     16  : 0.6284 0.0000 0.0113 0.0013 0.0000 0.0000 0.0000 0.0000 0.0210 0.0000 0.0000 0.3380 0.0000
445      445   (0)     16  : 0.0000 0.0000 0.0000 0.0000 0.0000 0.0000 0.0000 0.0000 0.0000 1.0000 0.0000 0.0000 0.0000
446      446   (0)     16  : 0.3878 0.0000 0.0090 0.0000 0.0000 0.0000 0.3865 0.0000 0.0001 0.0000 0.0000 0.2167 0.0000
447      447   (0)     16  : 0.3485 0.0000 0.0087 0.0062 0.0000 0.0000 0.0551 0.0000 0.0205 0.0112 0.0000 0.5498 0.0000
448      448   (0)     16  : 0.5407 0.0000 0.0000 0.0000 0.0000 0.0000 0.0104 0.0000 0.0000 0.0000 0.0000 0.4489 0.0000
449      449   (0)     16  : 0.5033 0.0000 0.0133 0.0045 0.0000 0.0000 0.2567 0.0013 0.0000 0.0000 0.0000 0.2130 0.0078
450      450   (0)     16  : 0.6867 0.0000 0.0000 0.0380 0.0000 0.0000 0.0033 0.0000 0.0313 0.0000 0.0000 0.2380 0.0027
451      451   (0)     17  : 0.3845 0.0249 0.0180 0.1145 0.0087 0.0039 0.1026 0.0074 0.0723 0.0000 0.0000 0.1414 0.1219
452      452   (0)     17  : 0.6497 0.0000 0.0134 0.0003 0.0000 0.0000 0.0139 0.0000 0.0496 0.0000 0.0000 0.2718 0.0013
453      453   (0)     17  : 0.7984 0.0000 0.0000 0.0000 0.0000 0.0000 0.0000 0.0000 0.0000 0.0000 0.0000 0.2016 0.0000
454      454   (0)     17  : 0.0000 0.0000 0.0000 0.0000 0.0000 0.0000 0.0000 0.0070 0.0000 0.8904 0.0438 0.0587 0.0000
455      455   (0)     17  : 0.0064 0.0000 0.0000 0.0000 0.0000 0.0000 0.7836 0.0000 0.0001 0.0018 0.0000 0.2080 0.0000
456      456   (0)     17  : 0.0000 0.0000 0.0000 0.0000 0.0000 0.0000 0.0000 0.0000 0.0000 0.9983 0.0000 0.0017 0.0000
457      457   (0)     17  : 0.0524 0.0000 0.0000 0.0000 0.0000 0.0000 0.7861 0.0000 0.0000 0.0000 0.0000 0.1615 0.0000
458      458   (0)     17  : 0.7053 0.0000 0.0028 0.0234 0.0000 0.0000 0.0111 0.0000 0.0001 0.0000 0.0000 0.2574 0.0000
459      459   (0)     17  : 0.7312 0.0000 0.0000 0.0000 0.0000 0.0000 0.0000 0.0000 0.0000 0.0000 0.0000 0.2688 0.0000
460      460   (0)     17  : 0.0000 0.0000 0.0000 0.0000 0.0000 0.0000 0.2380 0.0000 0.3032 0.0000 0.0000 0.4588 0.0000
461      461   (0)     17  : 0.2884 0.0000 0.0260 0.0173 0.0000 0.0000 0.2136 0.0000 0.0321 0.0000 0.0000 0.4207 0.0020
462      462   (0)     17  : 0.0851 0.0493 0.0000 0.2819 0.0892 0.0000 0.0000 0.0000 0.0000 0.0000 0.0000 0.2350 0.2594
463      463   (0)     17  : 0.0000 0.0257 0.0000 0.0000 0.0996 0.0347 0.1368 0.0065 0.0000 0.5956 0.0155 0.0828 0.0029
464      464   (0)     17  : 0.4422 0.0000 0.0488 0.0262 0.0004 0.0000 0.0263 0.0000 0.0182 0.0122 0.0000 0.3877 0.0380
465      465   (0)     17  : 0.5678 0.0000 0.0025 0.1021 0.1884 0.0000 0.0000 0.0000 0.0000 0.0000 0.0000 0.0543 0.0848
466      466   (0)     17  : 0.4358 0.0000 0.0250 0.0358 0.0380 0.0000 0.0000 0.0000 0.2089 0.0000 0.0000 0.2417 0.0148
467      467   (0)     17  : 0.3092 0.0000 0.0298 0.1526 0.0191 0.0000 0.2181 0.0050 0.2026 0.0004 0.0000 0.0446 0.0187
468      468   (0)     17  : 0.0179 0.0000 0.0192 0.0002 0.0000 0.0000 0.0016 0.0000 0.6760 0.0000 0.0000 0.2851 0.0000
469      469   (0)     17  : 0.2702 0.0000 0.0466 0.0520 0.0180 0.0000 0.2935 0.0000 0.0608 0.0140 0.0000 0.1434 0.1015
470      470   (0)     17  : 0.5239 0.0012 0.0428 0.0068 0.0000 0.0392 0.0000 0.0001 0.0038 0.0000 0.0000 0.3571 0.0251
471      471   (0)     17  : 0.1801 0.0000 0.0066 0.0000 0.0000 0.0000 0.3601 0.0369 0.0978 0.0000 0.0000 0.3185 0.0000
472      472   (0)     17  : 0.0275 0.0000 0.0000 0.2470 0.0000 0.0000 0.0000 0.0004 0.4524 0.0000 0.0000 0.2616 0.0111
473      473   (0)     17  : 0.1447 0.0000 0.0000 0.1021 0.0000 0.0000 0.0000 0.0234 0.4265 0.0000 0.0000 0.2787 0.0247
474      474   (0)     17  : 0.0000 0.0000 0.0000 0.0134 0.0017 0.0000 0.7364 0.0010 0.0133 0.0000 0.0000 0.2029 0.0313
475      475   (0)     17  : 0.2622 0.0000 0.0000 0.1204 0.0019 0.0000 0.0544 0.0000 0.1443 0.0000 0.0000 0.3827 0.0340
476      476   (0)     17  : 0.0874 0.0024 0.0000 0.0003 0.0327 0.0063 0.5775 0.0000 0.0128 0.0000 0.0000 0.2191 0.0615
477      477   (0)     17  : 0.6365 0.0000 0.0000 0.0109 0.0057 0.0000 0.0000 0.0000 0.0071 0.0000 0.0000 0.3195 0.0202
478      478   (0)     17  : 0.0000 0.0000 0.0000 0.0080 0.0000 0.0000 0.7569 0.0000 0.0162 0.0000 0.0000 0.2157 0.0033
479      479   (0)     17  : 0.6570 0.0000 0.0000 0.0057 0.0000 0.0000 0.0011 0.0000 0.0662 0.0635 0.0000 0.1856 0.0209
480      480   (0)     17  : 0.0691 0.0000 0.0290 0.1159 0.0000 0.0000 0.0000 0.0140 0.3948 0.0320 0.0000 0.2009 0.1443
481      481   (0)     18  : 0.0000 0.0000 0.0000 0.6001 0.1193 0.0000 0.0000 0.0000 0.0000 0.0000 0.0000 0.1754 0.1053
482      482   (0)     18  : 0.0000 0.0000 0.0000 0.0000 1.0000 0.0000 0.0000 0.0000 0.0000 0.0000 0.0000 0.0000 0.0000
483      483   (0)     18  : 0.0000 0.0000 0.0000 0.0000 1.0000 0.0000 0.0000 0.0000 0.0000 0.0000 0.0000 0.0000 0.0000
484      484   (0)     18  : 0.0000 0.0000 0.0000 0.0000 1.0000 0.0000 0.0000 0.0000 0.0000 0.0000 0.0000 0.0000 0.0000
485      485   (0)     18  : 0.0107 0.0000 0.0000 0.0000 0.7553 0.0000 0.0000 0.0000 0.0000 0.2340 0.0000 0.0000 0.0000
486      486   (0)     18  : 0.0000 0.0000 0.0000 0.0000 0.9911 0.0000 0.0000 0.0000 0.0000 0.0000 0.0000 0.0000 0.0089
487      487   (0)     18  : 0.0000 0.0000 0.0000 0.0000 1.0000 0.0000 0.0000 0.0000 0.0000 0.0000 0.0000 0.0000 0.0000
488      488   (0)     18  : 0.1682 0.0000 0.0018 0.1818 0.0358 0.0000 0.0000 0.0000 0.0112 0.0000 0.0000 0.6012 0.0000
489      489   (0)     18  : 0.0000 0.0000 0.0000 0.7748 0.0033 0.0000 0.0000 0.0000 0.0000 0.0000 0.0034 0.1434 0.0750
490      490   (0)     18  : 0.0000 0.0000 0.0000 0.0000 1.0000 0.0000 0.0000 0.0000 0.0000 0.0000 0.0000 0.0000 0.0000
491      491   (0)     18  : 0.0076 0.0000 0.0043 0.0000 0.8943 0.0000 0.0000 0.0000 0.0001 0.0000 0.0000 0.0937 0.0000
492      492   (0)     18  : 0.3943 0.0000 0.0000 0.0137 0.0528 0.0000 0.0000 0.0000 0.0000 0.4951 0.0000 0.0442 0.0000
493      493   (0)     18  : 0.0000 0.0000 0.0000 0.3882 0.0347 0.0000 0.4043 0.0000 0.0000 0.0000 0.0000 0.1383 0.0345
494      494   (0)     18  : 0.0000 0.0000 0.0000 0.0482 0.9335 0.0000 0.0000 0.0000 0.0000 0.0000 0.0000 0.0000 0.0182
495      495   (0)     18  : 0.0000 0.0000 0.0000 0.0000 1.0000 0.0000 0.0000 0.0000 0.0000 0.0000 0.0000 0.0000 0.0000
496      496   (0)     18  : 0.0107 0.0000 0.0000 0.0000 0.5479 0.0000 0.0000 0.0000 0.0000 0.4409 0.0000 0.0006 0.0000
497      497   (0)     18  : 0.0000 0.0000 0.0038 0.4962 0.0025 0.0000 0.0755 0.0000 0.0033 0.0000 0.0000 0.4048 0.0140
498      498   (0)     18  : 0.1172 0.0000 0.0000 0.0000 0.7988 0.0000 0.0000 0.0000 0.0000 0.0839 0.0000 0.0000 0.0000
499      499   (0)     18  : 0.1446 0.0000 0.0000 0.0197 0.4556 0.0000 0.1207 0.0000 0.0000 0.2544 0.0000 0.0000 0.0050
500      500   (0)     18  : 0.0000 0.0000 0.0000 0.4465 0.0621 0.0000 0.0000 0.0000 0.0000 0.0000 0.0000 0.3304 0.1610
501      501   (0)     18  : 0.1254 0.0000 0.0000 0.5687 0.0225 0.0000 0.0000 0.0000 0.0000 0.0000 0.0000 0.2617 0.0217
502      502   (0)     18  : 0.2398 0.0000 0.0000 0.0000 0.3458 0.0004 0.0648 0.0000 0.0000 0.3487 0.0005 0.0000 0.0000
503      503   (0)     18  : 0.0000 0.0000 0.0000 0.0000 1.0000 0.0000 0.0000 0.0000 0.0000 0.0000 0.0000 0.0000 0.0000
504      504   (0)     18  : 0.0135 0.0000 0.0000 0.0136 0.3861 0.0000 0.0000 0.0000 0.0000 0.4834 0.0000 0.1034 0.0000
505      505   (0)     18  : 0.0041 0.0000 0.0278 0.0000 0.3238 0.0015 0.0000 0.0000 0.0000 0.5636 0.0000 0.0793 0.0000
506      506   (0)     18  : 0.0000 0.0000 0.0055 0.3219 0.0040 0.0000 0.1450 0.0000 0.0000 0.0000 0.0000 0.5235 0.0001
507      507   (0)     18  : 0.2106 0.0000 0.0000 0.0694 0.6019 0.0000 0.0000 0.0000 0.0000 0.1181 0.0000 0.0000 0.0000
508      508   (0)     18  : 0.0000 0.0000 0.0000 0.4810 0.0039 0.0000 0.1120 0.0000 0.0000 0.0000 0.0000 0.4031 0.0000
509      509   (0)     18  : 0.0000 0.0000 0.0000 0.0000 0.2259 0.0000 0.0000 0.0000 0.0000 0.7673 0.0000 0.0052 0.0017
510      510   (0)     19  : 0.5441 0.0000 0.0000 0.0753 0.0054 0.0000 0.1757 0.0000 0.0000 0.0000 0.0000 0.1859 0.0137
511      511   (0)     19  : 0.1581 0.0000 0.0000 0.1339 0.0043 0.0000 0.5608 0.0000 0.0000 0.0000 0.0000 0.1258 0.0172
512      512   (0)     19  : 0.3328 0.0000 0.0000 0.0000 0.0000 0.0000 0.4338 0.0000 0.0000 0.0000 0.0000 0.2334 0.0000
513      513   (0)     19  : 0.0000 0.0000 0.0000 0.0000 0.0000 0.0000 0.9220 0.0000 0.0000 0.0000 0.0000 0.0780 0.0000
514      514   (0)     19  : 0.2700 0.0000 0.0278 0.0101 0.0000 0.0000 0.0000 0.0000 0.2102 0.0000 0.0000 0.4819 0.0000
515      515   (0)     19  : 0.3036 0.0000 0.0047 0.0196 0.0000 0.0000 0.4836 0.0000 0.0000 0.0000 0.0000 0.1820 0.0064
516      516   (0)     19  : 0.2445 0.0000 0.0000 0.0000 0.0000 0.0000 0.7067 0.0000 0.0000 0.0000 0.0000 0.0488 0.0000
517      517   (0)     19  : 0.7244 0.0000 0.0037 0.0111 0.0000 0.0000 0.0000 0.0000 0.0000 0.0000 0.0000 0.2152 0.0456
518      518   (0)     19  : 0.2794 0.0000 0.0000 0.0000 0.0000 0.0000 0.4304 0.0036 0.0339 0.0000 0.0000 0.2528 0.0000
519      519   (0)     19  : 0.0000 0.0000 0.0029 0.1335 0.0000 0.0000 0.0000 0.0000 0.1478 0.0000 0.0000 0.0414 0.6745
520      520   (0)     19  : 0.7261 0.0000 0.0000 0.0290 0.0000 0.0000 0.0612 0.0006 0.0013 0.0000 0.0000 0.1675 0.0144
521      521   (0)     19  : 0.0000 0.0000 0.0000 0.0945 0.0000 0.0000 0.7962 0.0000 0.0000 0.0000 0.0000 0.0000 0.1094
522      522   (0)     19  : 0.0309 0.0000 0.0000 0.0000 0.0000 0.0000 0.7726 0.0000 0.0000 0.0000 0.0000 0.1965 0.0000
523      523   (0)     19  : 0.0000 0.0000 0.0000 0.0467 0.0000 0.0000 0.4336 0.0000 0.0221 0.0000 0.0000 0.4976 0.0000
524      524   (0)     19  : 0.5168 0.0000 0.0000 0.0000 0.0000 0.0000 0.2143 0.0000 0.0000 0.0000 0.0000 0.2688 0.0000
525      525   (0)     19  : 0.3371 0.0000 0.0000 0.0000 0.0000 0.0004 0.2904 0.0063 0.0000 0.0211 0.0000 0.3441 0.0007
526      526   (0)     19  : 0.5936 0.0000 0.0000 0.0000 0.0000 0.0000 0.0140 0.0193 0.0284 0.0000 0.0000 0.3447 0.0000
527      527   (0)     19  : 0.1682 0.0000 0.0070 0.2117 0.0000 0.0000 0.1525 0.0000 0.0268 0.0000 0.0000 0.4215 0.0124
528      528   (0)     19  : 0.5084 0.0000 0.0000 0.1698 0.0007 0.0000 0.0237 0.0000 0.0000 0.0000 0.0000 0.2935 0.0038
529      529   (0)     19  : 0.5961 0.0000 0.0000 0.0000 0.0000 0.0000 0.0000 0.0000 0.0375 0.0000 0.0000 0.3663 0.0000
530      530   (0)     19  : 0.0918 0.0000 0.0018 0.0000 0.0000 0.0000 0.4188 0.0000 0.0167 0.0000 0.0000 0.4709 0.0000
531      531   (0)     19  : 0.0949 0.0000 0.0224 0.0003 0.0000 0.0000 0.3622 0.0107 0.1249 0.0000 0.0000 0.3846 0.0000
532      532   (0)     19  : 0.1334 0.0218 0.0000 0.0000 0.0000 0.0011 0.5152 0.0125 0.0131 0.0000 0.0016 0.3014 0.0000
533      533   (0)     19  : 0.2407 0.0000 0.0004 0.0000 0.0092 0.0010 0.0000 0.0025 0.0000 0.6347 0.0143 0.0916 0.0055
534      534   (0)     19  : 0.4689 0.0000 0.0000 0.1392 0.0000 0.0000 0.0086 0.0000 0.0000 0.0000 0.0000 0.3833 0.0000
535      535   (0)     19  : 0.1619 0.0000 0.0006 0.0189 0.0000 0.0000 0.6027 0.0000 0.0000 0.0000 0.0000 0.2159 0.0000
536      536   (0)     19  : 0.0582 0.0213 0.0000 0.0015 0.0083 0.0000 0.6515 0.0000 0.0006 0.0000 0.0007 0.2452 0.0126
537      537   (0)     19  : 0.3433 0.0000 0.0680 0.1061 0.0000 0.0000 0.2962 0.0022 0.0000 0.0000 0.0000 0.0909 0.0933
538      538   (0)     19  : 0.1340 0.0000 0.0000 0.0048 0.3744 0.0000 0.0014 0.0000 0.0000 0.4563 0.0000 0.0135 0.0155
539      539   (0)     19  : 0.0000 0.0000 0.0000 0.0000 0.0221 0.0000 0.8854 0.0000 0.0011 0.0000 0.0000 0.0914 0.0000
