1        1   (0)      1  : 0.0221 0.0000 0.0000 0.6594 0.0000 0.0000 0.1429 0.0783 0.0973 0.0000
2        2   (0)      1  : 0.9583 0.0000 0.0000 0.0160 0.0000 0.0000 0.0175 0.0082 0.0000 0.0000
3        3   (0)      1  : 0.9493 0.0000 0.0000 0.0123 0.0000 0.0000 0.0099 0.0191 0.0094 0.0000
4        4   (0)      1  : 0.0188 0.0000 0.0154 0.6583 0.0000 0.0000 0.0612 0.2136 0.0328 0.0000
5        5   (0)      1  : 0.0166 0.0000 0.0028 0.5782 0.0000 0.0000 0.1356 0.2258 0.0409 0.0000
6        6   (0)      1  : 0.0102 0.0000 0.0000 0.7981 0.0000 0.0944 0.0489 0.0000 0.0484 0.0000
7        7   (0)      1  : 0.9799 0.0000 0.0000 0.0000 0.0000 0.0000 0.0029 0.0125 0.0047 0.0000
8        8   (0)      1  : 0.9705 0.0000 0.0000 0.0186 0.0000 0.0000 0.0109 0.0000 0.0000 0.0000
9        9   (0)      1  : 0.0074 0.0000 0.0000 0.4563 0.0000 0.0000 0.1077 0.4012 0.0274 0.0000
10       10   (0)      1  : 0.9614 0.0000 0.0000 0.0139 0.0000 0.0000 0.0177 0.0070 0.0000 0.0000
11       11   (0)      1  : 0.0032 0.0000 0.0018 0.3269 0.0000 0.0000 0.0000 0.6173 0.0508 0.0000
12       12   (0)      1  : 0.0026 0.0000 0.0000 0.7529 0.0000 0.0602 0.0988 0.0000 0.0855 0.0000
13       13   (0)      1  : 0.0000 0.0000 0.0000 0.2507 0.0000 0.0000 0.0858 0.6635 0.0000 0.0000
14       14   (0)      1  : 0.0000 0.0000 0.0028 0.3108 0.0047 0.1429 0.1429 0.3960 0.0000 0.0000
15       15   (0)      1  : 0.0000 0.0000 0.0033 0.5113 0.0000 0.0469 0.1818 0.2566 0.0000 0.0000
16       16   (0)      1  : 0.0532 0.0000 0.0000 0.5473 0.0067 0.0000 0.0302 0.2660 0.0966 0.0000
17       17   (0)      1  : 0.0000 0.0000 0.0000 0.8219 0.0000 0.0958 0.0027 0.0318 0.0478 0.0000
18       18   (0)      1  : 0.0000 0.0000 0.0000 0.2407 0.0000 0.0000 0.0268 0.6398 0.0926 0.0000
19       19   (0)      1  : 0.0000 0.0000 0.0000 0.6627 0.0083 0.0000 0.0502 0.1786 0.1001 0.0000
20       20   (0)      1  : 0.0000 0.0000 0.0000 0.8831 0.0000 0.0003 0.0000 0.0601 0.0565 0.0000
21       21   (0)      1  : 0.0000 0.0000 0.0000 0.3828 0.0000 0.0000 0.2741 0.3208 0.0223 0.0000
22       22   (0)      1  : 0.9480 0.0000 0.0000 0.0316 0.0000 0.0000 0.0000 0.0000 0.0204 0.0000
23       23   (0)      1  : 0.0000 0.0000 0.0000 0.5739 0.0000 0.0000 0.1281 0.2334 0.0646 0.0000
24       24   (0)      1  : 0.0104 0.0000 0.0000 0.8467 0.0000 0.0000 0.0000 0.1429 0.0000 0.0000
25       25   (0)      1  : 0.0085 0.0000 0.0000 0.8213 0.0000 0.0000 0.0959 0.0029 0.0713 0.0000
26       26   (0)      1  : 0.0000 0.0000 0.0000 0.3777 0.0000 0.0727 0.1678 0.3818 0.0000 0.0000
27       27   (0)      1  : 0.0000 0.0050 0.0000 0.0000 0.8006 0.0391 0.1187 0.0000 0.0000 0.0366
28       28   (0)      1  : 0.0000 0.0471 0.0000 0.0000 0.9017 0.0512 0.0000 0.0000 0.0000 0.0000
29       29   (0)      1  : 0.0079 0.0000 0.0048 0.4083 0.0000 0.0689 0.0785 0.4316 0.0000 0.0000
30       30   (0)      1  : 0.0000 0.0000 0.0000 0.4194 0.0000 0.0000 0.3327 0.2478 0.0000 0.0000
31       31   (0)      1  : 0.0283 0.0000 0.0000 0.5908 0.0000 0.0000 0.0634 0.2861 0.0313 0.0000
32       32   (0)      1  : 0.9241 0.0000 0.0000 0.0634 0.0000 0.0000 0.0000 0.0104 0.0021 0.0000
33       33   (0)      1  : 0.1953 0.0114 0.0000 0.3280 0.3904 0.0184 0.0000 0.0565 0.0000 0.0000
34       34   (0)      1  : 0.0060 0.0000 0.0000 0.3659 0.0000 0.0000 0.2350 0.2758 0.1172 0.0000
35       35   (0)      1  : 0.0000 0.0000 1.0000 0.0000 0.0000 0.0000 0.0000 0.0000 0.0000 0.0000
36       36   (0)      1  : 0.0000 0.0000 1.0000 0.0000 0.0000 0.0000 0.0000 0.0000 0.0000 0.0000
37       37   (0)      1  : 0.0000 0.0000 1.0000 0.0000 0.0000 0.0000 0.0000 0.0000 0.0000 0.0000
38       38   (0)      1  : 0.0000 0.0202 0.0000 0.0000 0.8860 0.0938 0.0000 0.0000 0.0000 0.0000
39       39   (0)      1  : 0.0000 0.0941 0.0000 0.0000 0.8521 0.0537 0.0000 0.0000 0.0000 0.0000
40       40   (0)      1  : 0.0000 0.0000 0.0000 0.4154 0.0000 0.0000 0.0910 0.3907 0.1030 0.0000
41       41   (0)      1  : 0.9553 0.0000 0.0000 0.0012 0.0000 0.0000 0.0102 0.0334 0.0000 0.0000
42       42   (0)      1  : 0.0000 0.0000 0.0000 0.0000 0.8974 0.1026 0.0000 0.0000 0.0000 0.0000
43       43   (0)      1  : 0.0156 0.0000 0.0124 0.3789 0.0000 0.0000 0.2153 0.3777 0.0000 0.0000
44       44   (0)      1  : 0.9799 0.0000 0.0000 0.0000 0.0000 0.0000 0.0160 0.0000 0.0041 0.0000
45       45   (0)      1  : 0.0000 0.0703 0.0000 0.0000 0.8906 0.0179 0.0000 0.0000 0.0000 0.0212
46       46   (0)      1  : 0.0000 0.0000 0.0000 0.6532 0.0000 0.0000 0.0006 0.3456 0.0005 0.0000
47       47   (0)      1  : 0.0000 0.1152 0.0000 0.0000 0.8587 0.0000 0.0000 0.0000 0.0000 0.0260
48       48   (0)      1  : 0.9657 0.0000 0.0000 0.0177 0.0000 0.0000 0.0000 0.0000 0.0166 0.0000
49       49   (0)      1  : 0.9912 0.0000 0.0000 0.0024 0.0000 0.0000 0.0000 0.0000 0.0064 0.0000
50       50   (0)      1  : 0.0000 0.0000 0.0000 0.0000 0.8760 0.0807 0.0000 0.0000 0.0000 0.0433
51       51   (0)      1  : 0.0000 0.0001 0.0000 0.0000 0.8631 0.0447 0.0000 0.0000 0.0922 0.0000
52       52   (0)      1  : 0.9045 0.0000 0.0000 0.0780 0.0000 0.0164 0.0011 0.0000 0.0000 0.0000
53       53   (0)      1  : 0.9453 0.0000 0.0000 0.0005 0.0000 0.0077 0.0100 0.0167 0.0197 0.0000
54       54   (0)      1  : 0.9458 0.0000 0.0000 0.0043 0.0000 0.0000 0.0198 0.0301 0.0000 0.0000
55       55   (0)      1  : 0.0000 0.0699 0.0000 0.0000 0.8802 0.0459 0.0040 0.0000 0.0000 0.0000
56       56   (0)      2  : 0.0155 0.0000 0.0000 0.6674 0.0000 0.1087 0.0653 0.0758 0.0673 0.0000
57       57   (0)      2  : 0.0000 0.0000 0.0209 0.5204 0.0000 0.0000 0.1021 0.2501 0.1064 0.0000
58       58   (0)      2  : 0.0018 0.0000 0.0000 0.1718 0.0000 0.0000 0.1094 0.5876 0.1294 0.0000
59       59   (0)      2  : 0.0000 0.0000 0.0000 0.7891 0.0000 0.0000 0.0000 0.2109 0.0000 0.0000
60       60   (0)      2  : 0.9377 0.0000 0.0000 0.0000 0.0000 0.0000 0.0375 0.0248 0.0000 0.0000
61       61   (0)      2  : 0.0000 0.0000 0.0035 0.5061 0.0000 0.0000 0.0998 0.3906 0.0000 0.0000
62       62   (0)      2  : 0.0000 0.0000 1.0000 0.0000 0.0000 0.0000 0.0000 0.0000 0.0000 0.0000
63       63   (0)      2  : 0.0154 0.0000 0.0000 0.5732 0.0000 0.0562 0.0000 0.2830 0.0722 0.0000
64       64   (0)      2  : 0.0000 0.0000 1.0000 0.0000 0.0000 0.0000 0.0000 0.0000 0.0000 0.0000
65       65   (0)      2  : 0.0367 0.0000 0.0000 0.5931 0.0000 0.0759 0.1054 0.1052 0.0837 0.0000
66       66   (0)      2  : 0.0000 0.0000 1.0000 0.0000 0.0000 0.0000 0.0000 0.0000 0.0000 0.0000
67       67   (0)      2  : 0.0000 0.0000 0.0026 0.4404 0.0000 0.0000 0.1481 0.3505 0.0584 0.0000
68       68   (0)      2  : 0.0091 0.0000 0.0035 0.6502 0.0000 0.0165 0.1211 0.0941 0.1057 0.0000
69       69   (0)      2  : 0.9738 0.0000 0.0000 0.0191 0.0000 0.0000 0.0072 0.0000 0.0000 0.0000
70       70   (0)      2  : 0.0000 0.0000 0.0000 0.5880 0.0000 0.0000 0.1554 0.0417 0.2149 0.0000
71       71   (0)      2  : 0.0000 0.0000 1.0000 0.0000 0.0000 0.0000 0.0000 0.0000 0.0000 0.0000
72       72   (0)      2  : 0.0000 0.0000 1.0000 0.0000 0.0000 0.0000 0.0000 0.0000 0.0000 0.0000
73       73   (0)      2  : 0.0562 0.0000 0.0000 0.2497 0.0057 0.1428 0.0386 0.4574 0.0470 0.0027
74       74   (0)      2  : 0.9633 0.0000 0.0069 0.0000 0.0000 0.0055 0.0047 0.0196 0.0000 0.0000
75       75   (0)      2  : 0.0000 0.0000 0.0000 0.0000 0.8455 0.0309 0.0000 0.0000 0.0000 0.1236
76       76   (0)      2  : 0.9757 0.0000 0.0000 0.0173 0.0000 0.0000 0.0000 0.0070 0.0000 0.0000
77       77   (0)      2  : 0.0451 0.0000 0.0000 0.4073 0.0000 0.0000 0.0952 0.4376 0.0148 0.0000
78       78   (0)      2  : 0.0000 0.0000 1.0000 0.0000 0.0000 0.0000 0.0000 0.0000 0.0000 0.0000
79       79   (0)      2  : 0.0000 0.0800 0.0000 0.0000 0.9067 0.0132 0.0000 0.0000 0.0000 0.0000
80       80   (0)      2  : 0.0000 0.0000 1.0000 0.0000 0.0000 0.0000 0.0000 0.0000 0.0000 0.0000
81       81   (0)      2  : 0.0039 0.0000 0.0038 0.7155 0.0000 0.0000 0.1191 0.1529 0.0048 0.0000
82       82   (0)      2  : 0.9725 0.0000 0.0059 0.0000 0.0000 0.0000 0.0153 0.0063 0.0000 0.0000
83       83   (0)      2  : 1.0000 0.0000 0.0000 0.0000 0.0000 0.0000 0.0000 0.0000 0.0000 0.0000
84       84   (0)      2  : 0.2133 0.0000 0.0000 0.1335 0.0000 0.0279 0.1134 0.5102 0.0016 0.0000
85       85   (0)      2  : 0.0111 0.0000 0.0000 0.4258 0.0000 0.0000 0.2496 0.2723 0.0413 0.0000
86       86   (0)      2  : 0.0135 0.0000 0.0000 0.8669 0.0000 0.0000 0.1195 0.0000 0.0000 0.0000
87       87   (0)      2  : 0.0254 0.0000 0.0000 0.7882 0.0000 0.0000 0.0732 0.0044 0.1088 0.0000
88       88   (0)      2  : 0.0000 0.0000 0.0000 0.7553 0.0000 0.0000 0.1605 0.0840 0.0003 0.0000
89       89   (0)      2  : 0.0000 0.0000 0.0000 0.3026 0.0000 0.0000 0.2177 0.4796 0.0000 0.0000
90       90   (0)      2  : 0.0190 0.0000 0.0080 0.4789 0.0000 0.0000 0.0000 0.3513 0.1429 0.0000
91       91   (0)      2  : 0.0056 0.0000 0.0000 0.4447 0.0000 0.0000 0.1712 0.3579 0.0206 0.0000
92       92   (0)      2  : 0.0269 0.0000 0.0000 0.7315 0.0000 0.0542 0.0341 0.1466 0.0067 0.0000
93       93   (0)      2  : 1.0000 0.0000 0.0000 0.0000 0.0000 0.0000 0.0000 0.0000 0.0000 0.0000
94       94   (0)      2  : 0.9588 0.0000 0.0074 0.0069 0.0000 0.0000 0.0151 0.0119 0.0000 0.0000
95       95   (0)      2  : 0.0000 0.0000 1.0000 0.0000 0.0000 0.0000 0.0000 0.0000 0.0000 0.0000
96       96   (0)      2  : 0.9508 0.0000 0.0000 0.0401 0.0000 0.0000 0.0091 0.0000 0.0001 0.0000
97       97   (0)      2  : 0.9528 0.0000 0.0000 0.0153 0.0000 0.0085 0.0056 0.0066 0.0112 0.0000
98       98   (0)      2  : 0.0187 0.0000 0.0000 0.2327 0.0030 0.0000 0.0942 0.4312 0.2203 0.0000
99       99   (0)      2  : 0.0000 0.0000 1.0000 0.0000 0.0000 0.0000 0.0000 0.0000 0.0000 0.0000
100      100   (0)      2  : 0.0000 0.0000 0.0000 0.4941 0.0000 0.0698 0.0452 0.3521 0.0388 0.0000
101      101   (0)      3  : 0.0055 0.0000 0.0000 0.4651 0.0000 0.0000 0.0294 0.4043 0.0957 0.0000
102      102   (0)      3  : 0.0014 0.0000 0.0086 0.5945 0.0000 0.1041 0.0397 0.1332 0.1184 0.0000
103      103   (0)      3  : 0.0071 0.0000 0.0000 0.4932 0.0000 0.0587 0.0334 0.1844 0.2232 0.0000
104      104   (0)      3  : 0.0000 0.0000 0.0020 0.5991 0.0000 0.0630 0.0615 0.2706 0.0038 0.0000
105      105   (0)      3  : 0.0275 0.0000 0.0142 0.3251 0.0000 0.0000 0.3015 0.3316 0.0000 0.0000
106      106   (0)      3  : 0.0146 0.0000 0.0030 0.9823 0.0000 0.0000 0.0000 0.0000 0.0000 0.0000
107      107   (0)      3  : 0.0000 0.0000 0.0000 0.2751 0.0000 0.0000 0.1644 0.4632 0.0973 0.0000
108      108   (0)      3  : 0.0045 0.0000 0.0000 0.4834 0.0000 0.0000 0.1236 0.2191 0.1694 0.0000
109      109   (0)      3  : 0.0000 0.0000 0.0000 0.5691 0.0000 0.0000 0.0000 0.4309 0.0000 0.0000
110      110   (0)      3  : 0.0000 0.0000 0.0000 0.8565 0.0000 0.0000 0.0911 0.0524 0.0000 0.0000
111      111   (0)      3  : 0.0268 0.0000 0.0099 0.7175 0.0000 0.0611 0.0241 0.1429 0.0177 0.0000
112      112   (0)      3  : 0.0000 0.0000 0.0000 0.2740 0.0000 0.0000 0.1680 0.4885 0.0695 0.0000
113      113   (0)      3  : 0.0000 0.0000 0.0000 0.3298 0.0000 0.0932 0.1553 0.3600 0.0617 0.0000
114      114   (0)      3  : 0.0181 0.0000 0.0012 0.4232 0.0000 0.0000 0.1703 0.3862 0.0009 0.0000
115      115   (0)      3  : 0.0102 0.0000 0.0000 0.1117 0.0000 0.0000 0.0748 0.7543 0.0489 0.0000
116      116   (0)      3  : 0.0030 0.0000 0.0013 0.7769 0.0000 0.0000 0.2028 0.0159 0.0000 0.0000
117      117   (0)      3  : 0.0405 0.0000 0.0000 0.6582 0.0000 0.0578 0.0795 0.1639 0.0000 0.0000
118      118   (0)      3  : 0.0000 0.0000 0.0000 0.2792 0.0000 0.0657 0.1429 0.5123 0.0000 0.0000
119      119   (0)      3  : 0.0249 0.0000 0.0000 0.7075 0.0000 0.0000 0.1524 0.1152 0.0000 0.0000
120      120   (0)      3  : 0.0447 0.0000 0.0811 0.6195 0.0000 0.0000 0.0863 0.1684 0.0000 0.0000
121      121   (0)      3  : 0.0000 0.0000 0.0018 0.7126 0.0000 0.0000 0.2665 0.0192 0.0000 0.0000
122      122   (0)      3  : 0.0065 0.0000 0.0000 0.4034 0.0000 0.0000 0.0827 0.5074 0.0000 0.0000
123      123   (0)      3  : 0.0000 0.0000 0.0000 0.6240 0.0000 0.0000 0.1241 0.2391 0.0128 0.0000
124      124   (0)      3  : 0.0000 0.0000 0.0000 0.6663 0.0000 0.0791 0.0085 0.1725 0.0735 0.0000
125      125   (0)      3  : 0.0000 0.0000 0.0082 0.5882 0.0000 0.0000 0.1975 0.2061 0.0000 0.0000
126      126   (0)      3  : 0.0152 0.0000 0.0000 0.3193 0.0000 0.0000 0.2278 0.4377 0.0000 0.0000
127      127   (0)      3  : 0.0480 0.0000 0.0000 0.2377 0.0000 0.0169 0.0312 0.6663 0.0000 0.0000
128      128   (0)      3  : 0.0000 0.0000 0.0000 0.5627 0.0000 0.0000 0.1559 0.2151 0.0663 0.0000
129      129   (0)      3  : 0.0342 0.0000 0.0000 0.4809 0.0000 0.0000 0.2295 0.2554 0.0000 0.0000
130      130   (0)      3  : 0.9650 0.0000 0.0000 0.0091 0.0000 0.0000 0.0058 0.0035 0.0166 0.0000
131      131   (0)      3  : 0.9129 0.0000 0.0000 0.0718 0.0000 0.0153 0.0000 0.0000 0.0000 0.0000
132      132   (0)      3  : 0.0000 0.0000 1.0000 0.0000 0.0000 0.0000 0.0000 0.0000 0.0000 0.0000
133      133   (0)      3  : 0.0000 0.0160 0.0000 0.0000 0.8507 0.0293 0.0797 0.0000 0.0242 0.0000
134      134   (0)      3  : 0.8524 0.0024 0.0000 0.0904 0.0145 0.0101 0.0000 0.0259 0.0004 0.0039
135      135   (0)      3  : 0.0000 0.0000 0.0058 0.1159 0.0000 0.0966 0.0100 0.5491 0.2226 0.0000
136      136   (0)      3  : 0.0114 0.0000 0.0000 0.6198 0.0000 0.0000 0.3465 0.0224 0.0000 0.0000
137      137   (0)      3  : 0.9664 0.0000 0.0000 0.0000 0.0079 0.0000 0.0139 0.0045 0.0073 0.0000
138      138   (0)      3  : 0.0084 0.0000 0.0000 0.3475 0.0000 0.0700 0.2418 0.3322 0.0001 0.0000
139      139   (0)      3  : 0.0000 0.0000 0.0000 0.0275 0.0000 0.1429 0.1429 0.6868 0.0000 0.0000
140      140   (0)      3  : 0.0000 0.0000 0.0000 0.6047 0.0000 0.0003 0.2618 0.0665 0.0667 0.0000
141      141   (0)      3  : 0.0000 0.0000 1.0000 0.0000 0.0000 0.0000 0.0000 0.0000 0.0000 0.0000
142      142   (0)      3  : 0.0000 0.0000 1.0000 0.0000 0.0000 0.0000 0.0000 0.0000 0.0000 0.0000
143      143   (0)      3  : 0.0000 0.0000 1.0000 0.0000 0.0000 0.0000 0.0000 0.0000 0.0000 0.0000
144      144   (0)      3  : 0.0000 0.0000 1.0000 0.0000 0.0000 0.0000 0.0000 0.0000 0.0000 0.0000
145      145   (0)      3  : 0.0000 0.0000 1.0000 0.0000 0.0000 0.0000 0.0000 0.0000 0.0000 0.0000
146      146   (0)      3  : 0.9408 0.0000 0.0000 0.0367 0.0000 0.0000 0.0201 0.0024 0.0000 0.0000
147      147   (0)      3  : 0.0000 0.0000 0.0000 0.1236 0.0000 0.0000 0.3300 0.5110 0.0354 0.0000
148      148   (0)      3  : 0.0000 0.0000 1.0000 0.0000 0.0000 0.0000 0.0000 0.0000 0.0000 0.0000
149      149   (0)      3  : 0.0000 0.0000 1.0000 0.0000 0.0000 0.0000 0.0000 0.0000 0.0000 0.0000
150      150   (0)      3  : 0.0000 0.0011 0.0002 0.0000 0.8592 0.0000 0.0001 0.0000 0.0994 0.0400
151      151   (0)      3  : 0.0000 0.0203 0.0000 0.0000 0.8898 0.0899 0.0000 0.0000 0.0000 0.0000
152      152   (0)      3  : 0.0057 0.0000 0.0000 0.5135 0.0000 0.0000 0.1288 0.3520 0.0000 0.0000
153      153   (0)      3  : 0.0000 0.0000 1.0000 0.0000 0.0000 0.0000 0.0000 0.0000 0.0000 0.0000
154      154   (0)      3  : 0.0000 0.0000 0.0000 0.1446 0.0000 0.0000 0.0000 0.8554 0.0000 0.0000
155      155   (0)      3  : 0.0000 0.0000 0.0000 0.5761 0.0000 0.0841 0.1025 0.2126 0.0247 0.0000
156      156   (0)      3  : 0.9142 0.0000 0.0000 0.0154 0.0000 0.0000 0.0398 0.0306 0.0000 0.0000
157      157   (0)      3  : 0.0001 0.0000 0.0000 0.1994 0.0000 0.0000 0.0544 0.7461 0.0000 0.0000
158      158   (0)      3  : 0.9984 0.0000 0.0000 0.0000 0.0000 0.0000 0.0000 0.0000 0.0016 0.0000
159      159   (0)      3  : 0.0000 0.0000 0.0000 0.5746 0.0032 0.1429 0.0608 0.0282 0.1904 0.0000
160      160   (0)      3  : 0.9735 0.0000 0.0000 0.0025 0.0000 0.0000 0.0056 0.0183 0.0000 0.0000
161      161   (0)      4  : 0.0000 0.0000 0.0000 0.0495 0.0000 0.0000 0.2362 0.7143 0.0000 0.0000
162      162   (0)      4  : 0.0000 0.0000 0.0000 0.7638 0.0000 0.0000 0.0826 0.1536 0.0000 0.0000
163      163   (0)      4  : 0.0000 0.0000 1.0000 0.0000 0.0000 0.0000 0.0000 0.0000 0.0000 0.0000
164      164   (0)      4  : 0.9922 0.0000 0.0001 0.0000 0.0000 0.0000 0.0000 0.0000 0.0077 0.0000
165      165   (0)      4  : 0.0000 0.0000 1.0000 0.0000 0.0000 0.0000 0.0000 0.0000 0.0000 0.0000
166      166   (0)      4  : 0.0000 0.0000 1.0000 0.0000 0.0000 0.0000 0.0000 0.0000 0.0000 0.0000
167      167   (0)      4  : 0.0054 0.0000 0.0000 0.4900 0.0000 0.0652 0.1119 0.3275 0.0000 0.0000
168      168   (0)      4  : 0.0002 0.0000 0.0000 0.7892 0.0000 0.0000 0.2106 0.0000 0.0000 0.0000
169      169   (0)      4  : 0.0004 0.0000 0.0000 0.0906 0.0000 0.0363 0.2827 0.5324 0.0575 0.0000
170      170   (0)      4  : 0.0000 0.0000 0.0000 0.5741 0.0000 0.0115 0.2009 0.2135 0.0000 0.0000
171      171   (0)      4  : 0.0046 0.0000 0.0000 0.6893 0.0000 0.0863 0.0395 0.0543 0.1259 0.0000
172      172   (0)      4  : 0.0071 0.0000 0.0000 0.6485 0.0000 0.0000 0.0026 0.2141 0.1277 0.0000
173      173   (0)      4  : 0.0000 0.0000 0.0000 0.7882 0.0000 0.0000 0.0803 0.1038 0.0277 0.0000
174      174   (0)      4  : 0.9563 0.0000 0.0000 0.0000 0.0000 0.0000 0.0237 0.0121 0.0079 0.0000
175      175   (0)      4  : 0.0000 0.0000 0.0000 0.6651 0.0000 0.0000 0.1982 0.0996 0.0371 0.0000
176      176   (0)      4  : 0.0000 0.0000 1.0000 0.0000 0.0000 0.0000 0.0000 0.0000 0.0000 0.0000
177      177   (0)      4  : 0.0310 0.0000 0.0001 0.6532 0.0000 0.0814 0.0735 0.1366 0.0242 0.0000
178      178   (0)      4  : 0.0000 0.0000 1.0000 0.0000 0.0000 0.0000 0.0000 0.0000 0.0000 0.0000
179      179   (0)      4  : 0.0000 0.0000 1.0000 0.0000 0.0000 0.0000 0.0000 0.0000 0.0000 0.0000
180      180   (0)      4  : 0.0000 0.0000 0.0144 0.3884 0.0000 0.0713 0.0840 0.4111 0.0308 0.0000
181      181   (0)      4  : 0.0000 0.0000 0.0000 0.4570 0.0000 0.0000 0.2404 0.3027 0.0000 0.0000
182      182   (0)      4  : 0.0000 0.0000 0.0000 0.8269 0.0000 0.0000 0.1187 0.0544 0.0000 0.0000
183      183   (0)      4  : 0.9926 0.0000 0.0000 0.0027 0.0000 0.0000 0.0001 0.0000 0.0046 0.0000
184      184   (0)      4  : 0.9734 0.0000 0.0000 0.0191 0.0000 0.0000 0.0000 0.0075 0.0000 0.0000
185      185   (0)      4  : 0.0000 0.0000 1.0000 0.0000 0.0000 0.0000 0.0000 0.0000 0.0000 0.0000
186      186   (0)      4  : 0.0000 0.0000 0.0000 0.4660 0.0000 0.0000 0.3911 0.1429 0.0000 0.0000
187      187   (0)      4  : 0.0449 0.0000 0.0000 0.7613 0.0000 0.0531 0.0048 0.0922 0.0438 0.0000
188      188   (0)      4  : 0.0000 0.0000 1.0000 0.0000 0.0000 0.0000 0.0000 0.0000 0.0000 0.0000
189      189   (0)      4  : 0.0005 0.0000 0.0000 0.5260 0.0000 0.0644 0.0934 0.2908 0.0249 0.0000
190      190   (0)      4  : 0.9933 0.0000 0.0000 0.0000 0.0000 0.0000 0.0000 0.0019 0.0048 0.0000
191      191   (0)      4  : 0.0910 0.0000 0.1023 0.0000 0.0371 0.0000 0.1429 0.3913 0.2354 0.0000
192      192   (0)      4  : 0.0000 0.0000 0.0000 0.0901 0.0000 0.0001 0.1587 0.7512 0.0000 0.0000
193      193   (0)      4  : 0.0255 0.0000 0.0096 0.4581 0.0000 0.0313 0.2532 0.1971 0.0253 0.0000
194      194   (0)      4  : 0.0103 0.0000 0.0069 0.2679 0.0000 0.0000 0.1521 0.5113 0.0515 0.0000
195      195   (0)      4  : 0.0000 0.0000 0.0000 0.4285 0.0000 0.0000 0.2254 0.2627 0.0834 0.0000
196      196   (0)      4  : 0.0000 0.0000 0.0000 0.4133 0.0000 0.0673 0.0204 0.2821 0.2169 0.0000
197      197   (0)      4  : 0.0001 0.0000 0.0000 0.5684 0.0000 0.0000 0.1328 0.2988 0.0000 0.0000
198      198   (0)      4  : 0.0000 0.0000 0.0000 0.0550 0.0000 0.1429 0.0000 0.6593 0.1429 0.0000
199      199   (0)      4  : 0.0105 0.0000 0.0041 0.5194 0.0000 0.0000 0.0000 0.3121 0.1540 0.0000
200      200   (0)      4  : 0.9330 0.0000 0.0000 0.0117 0.0000 0.0000 0.0239 0.0315 0.0000 0.0000
201      201   (0)      4  : 0.0000 0.0000 0.0000 0.3732 0.0000 0.0000 0.1544 0.3630 0.1095 0.0000
202      202   (0)      4  : 0.0000 0.0000 0.0032 0.7397 0.0000 0.0753 0.0456 0.0517 0.0845 0.0000
203      203   (0)      4  : 0.0134 0.0000 0.0056 0.8266 0.0000 0.0000 0.0683 0.0860 0.0000 0.0000
204      204   (0)      4  : 0.0000 0.0000 0.0106 0.7549 0.0000 0.0904 0.0013 0.0000 0.1429 0.0000
205      205   (0)      4  : 0.0089 0.0000 0.0000 0.5508 0.0042 0.0000 0.3070 0.1291 0.0000 0.0000
206      206   (0)      4  : 0.0000 0.0000 0.0000 0.0059 0.0000 0.0000 0.0674 0.9135 0.0133 0.0000
207      207   (0)      4  : 0.0000 0.0000 0.0000 0.6112 0.0000 0.0000 0.1095 0.2263 0.0531 0.0000
208      208   (0)      4  : 0.9196 0.0000 0.0000 0.0796 0.0000 0.0008 0.0000 0.0000 0.0000 0.0000
209      209   (0)      4  : 0.0000 0.0000 0.0000 0.0000 0.0000 0.0000 0.2857 0.7143 0.0000 0.0000
210      210   (0)      4  : 0.0000 0.0000 0.0000 0.3337 0.0000 0.0631 0.1593 0.2707 0.1732 0.0000
211      211   (0)      4  : 0.0055 0.0000 0.0009 0.5580 0.0000 0.0423 0.1555 0.2379 0.0000 0.0000
212      212   (0)      4  : 0.9720 0.0000 0.0000 0.0081 0.0000 0.0000 0.0005 0.0107 0.0087 0.0000
213      213   (0)      4  : 0.0050 0.0000 0.0000 0.5170 0.0000 0.1132 0.0725 0.2410 0.0513 0.0000
214      214   (0)      4  : 0.0000 0.0000 0.0124 0.5472 0.0021 0.0000 0.0000 0.4382 0.0001 0.0000
215      215   (0)      4  : 0.4855 0.0000 0.0054 0.1837 0.0000 0.0045 0.0010 0.3128 0.0071 0.0000
216      216   (0)      4  : 0.0000 0.0000 0.0000 0.5886 0.0000 0.1010 0.1995 0.1108 0.0000 0.0000
217      217   (0)      4  : 0.0000 0.0000 1.0000 0.0000 0.0000 0.0000 0.0000 0.0000 0.0000 0.0000
218      218   (0)      4  : 0.0000 0.0000 0.0000 0.0000 0.0000 0.1429 0.1429 0.7143 0.0000 0.0000
219      219   (0)      4  : 0.0222 0.0000 0.0000 0.6504 0.0000 0.0727 0.0804 0.1361 0.0381 0.0000
220      220   (0)      5  : 0.0000 0.0043 0.0000 0.0000 0.0072 0.5065 0.0285 0.0000 0.0000 0.4535
221      221   (0)      5  : 0.0000 0.6764 0.0000 0.0000 0.0000 0.0786 0.0036 0.0000 0.2414 0.0000
222      222   (0)      6  : 0.0000 0.7552 0.0000 0.0000 0.0000 0.0023 0.1153 0.0000 0.0892 0.0381
223      223   (0)      6  : 0.0000 0.3724 0.0000 0.0000 0.0000 0.1681 0.0005 0.0000 0.3393 0.1197
224      224   (0)      6  : 0.0000 0.5076 0.0000 0.0000 0.0000 0.0671 0.2651 0.0000 0.0018 0.1584
225      225   (0)      6  : 0.0000 0.0953 0.0000 0.0000 0.0077 0.7587 0.0000 0.0000 0.0000 0.1383
226      226   (0)      6  : 0.0000 0.0865 0.0000 0.0000 0.0047 0.2604 0.2947 0.0000 0.0042 0.3494
227      227   (0)      6  : 0.0000 0.3810 0.0000 0.0000 0.0000 0.1047 0.2068 0.0000 0.0000 0.3076
228      228   (0)      6  : 0.0000 0.0277 0.0000 0.0000 0.0101 0.3388 0.0000 0.0000 0.4329 0.1904
229      229   (0)      6  : 0.0000 0.0843 0.0000 0.0000 0.0000 0.1842 0.0000 0.0000 0.1726 0.5589
230      230   (0)      6  : 0.0000 0.3103 0.0000 0.0000 0.0000 0.1883 0.0000 0.0000 0.0000 0.5014
231      231   (0)      6  : 0.0000 0.0172 0.0000 0.0000 0.0237 0.2391 0.1590 0.0000 0.0000 0.5611
232      232   (0)      6  : 0.0000 0.2545 0.0000 0.0000 0.0017 0.0615 0.4286 0.0000 0.0000 0.2537
233      233   (0)      6  : 0.0000 0.0573 0.0000 0.0000 0.0012 0.3271 0.4286 0.0000 0.0027 0.1831
234      234   (0)      6  : 0.0000 0.4190 0.0000 0.0000 0.0030 0.0796 0.0001 0.0000 0.0000 0.4984
235      235   (0)      6  : 0.0000 0.4980 0.0025 0.0000 0.0053 0.1120 0.3042 0.0000 0.0008 0.0772
236      236   (0)      6  : 0.0000 0.2219 0.0000 0.0000 0.0001 0.2728 0.0000 0.0000 0.2831 0.2221
237      237   (0)      6  : 0.0000 0.1814 0.0000 0.0000 0.0000 0.2417 0.0000 0.0000 0.2162 0.3606
238      238   (0)      6  : 0.0000 0.2982 0.0005 0.0000 0.0000 0.2456 0.0000 0.0000 0.2570 0.1987
239      239   (0)      6  : 0.0000 0.1808 0.0011 0.0000 0.0000 0.3712 0.0000 0.0000 0.3414 0.1055
240      240   (0)      6  : 0.0000 0.0314 0.0000 0.0000 0.0065 0.2952 0.1457 0.0000 0.0624 0.4588
241      241   (0)      6  : 0.0000 0.2367 0.0000 0.0000 0.0000 0.2255 0.0000 0.0000 0.0000 0.5379
242      242   (0)      6  : 0.0000 0.6425 0.0000 0.0000 0.0000 0.2888 0.0000 0.0000 0.0029 0.0659
243      243   (0)      6  : 0.0000 0.1424 0.0000 0.0000 0.0575 0.1007 0.1061 0.0000 0.1352 0.4582
244      244   (0)      6  : 0.0000 0.3282 0.0000 0.0000 0.0000 0.4797 0.0948 0.0000 0.0000 0.0974
245      245   (0)      6  : 0.0000 0.0825 0.0000 0.0000 0.0000 0.0238 0.0000 0.0000 0.0000 0.8937
246      246   (0)      6  : 0.0000 1.0000 0.0000 0.0000 0.0000 0.0000 0.0000 0.0000 0.0000 0.0000
247      247   (0)      6  : 0.0000 0.1124 0.0000 0.0000 0.0000 0.0512 0.4286 0.0000 0.0000 0.4078
248      248   (0)      6  : 0.0000 0.1805 0.0000 0.0000 0.0000 0.0043 0.0000 0.0000 0.0044 0.8108
249      249   (0)      7  : 0.0000 0.3794 0.0000 0.0000 0.0000 0.1767 0.0000 0.0000 0.0000 0.4438
250      250   (0)      7  : 0.0000 0.2288 0.0000 0.0000 0.0000 0.4720 0.1780 0.0000 0.0026 0.1186
251      251   (0)      7  : 0.0000 0.3698 0.0000 0.0000 0.0000 0.2969 0.0000 0.0000 0.2111 0.1222
252      252   (0)      7  : 0.0000 0.3492 0.0000 0.0000 0.0000 0.0385 0.0033 0.0000 0.0000 0.6090
253      253   (0)      7  : 0.0000 0.8730 0.0000 0.0000 0.0000 0.1270 0.0000 0.0000 0.0000 0.0000
254      254   (0)      7  : 0.0000 0.3051 0.0000 0.0000 0.0041 0.0814 0.0000 0.0000 0.0894 0.5200
255      255   (0)      7  : 0.0000 0.0646 0.0000 0.0000 0.0000 0.2015 0.2980 0.0000 0.0000 0.4358
256      256   (0)      7  : 0.0000 0.2227 0.0000 0.0000 0.0000 0.2987 0.0462 0.0000 0.0000 0.4324
257      257   (0)      7  : 0.0000 0.1049 0.0000 0.0000 0.0000 0.7606 0.0000 0.0000 0.0000 0.1345
258      258   (0)      7  : 0.0000 0.0343 0.0000 0.0000 0.0000 0.4856 0.2668 0.0000 0.0000 0.2133
259      259   (0)      7  : 0.0000 0.3919 0.0000 0.0000 0.0000 0.4222 0.1456 0.0000 0.0000 0.0403
260      260   (0)      7  : 0.0000 0.0637 0.0000 0.0000 0.0000 0.0379 0.1585 0.0000 0.0000 0.7398
261      261   (0)      7  : 0.0000 0.6225 0.0000 0.0000 0.0000 0.3234 0.0000 0.0000 0.0000 0.0541
262      262   (0)      7  : 0.0000 0.4571 0.0000 0.0000 0.0000 0.0560 0.0000 0.0000 0.0000 0.4869
263      263   (0)      7  : 0.0000 0.2921 0.0000 0.0000 0.0000 0.0650 0.0009 0.0000 0.0908 0.5511
264      264   (0)      7  : 0.0000 0.0486 0.0000 0.0000 0.0014 0.2175 0.1075 0.0000 0.0000 0.6250
265      265   (0)      7  : 0.0000 0.8378 0.0000 0.0000 0.0000 0.1062 0.0000 0.0000 0.0000 0.0560
266      266   (0)      7  : 0.0000 0.5102 0.0000 0.0000 0.0094 0.1777 0.1983 0.0000 0.0904 0.0141
267      267   (0)      7  : 0.0000 0.9931 0.0000 0.0000 0.0069 0.0000 0.0000 0.0000 0.0000 0.0000
268      268   (0)      7  : 0.0000 0.4650 0.0000 0.0000 0.0000 0.3952 0.0000 0.0000 0.0000 0.1397
269      269   (0)      7  : 0.0000 0.5999 0.0000 0.0000 0.0072 0.0087 0.0000 0.0000 0.2269 0.1573
270      270   (0)      7  : 0.0000 0.1730 0.0000 0.0000 0.0119 0.4087 0.0000 0.0000 0.0000 0.4064
271      271   (0)      7  : 0.0000 0.4225 0.0000 0.0000 0.0000 0.2152 0.0000 0.0000 0.0000 0.3623
272      272   (0)      7  : 0.0000 0.9294 0.0000 0.0000 0.0000 0.0088 0.0000 0.0000 0.0000 0.0618
273      273   (0)      7  : 0.0000 0.2528 0.0000 0.0000 0.0000 0.3083 0.1906 0.0000 0.1107 0.1376
274      274   (0)      7  : 0.0000 0.1147 0.0000 0.0000 0.0000 0.1429 0.4286 0.0000 0.0000 0.3139
275      275   (0)      7  : 0.0000 0.7377 0.0039 0.0000 0.0000 0.0228 0.0000 0.0000 0.0000 0.2356
276      276   (0)      7  : 0.0000 0.4528 0.0000 0.0000 0.0000 0.1575 0.1750 0.0000 0.0080 0.2068
277      277   (0)      7  : 0.0000 0.2175 0.0000 0.0000 0.0000 0.2960 0.1369 0.0000 0.0019 0.3477
278      278   (0)      7  : 0.0000 0.6332 0.0000 0.0000 0.0000 0.0001 0.1395 0.0000 0.0000 0.2273
279      279   (0)      8  : 0.0000 0.2958 0.0000 0.0000 0.0000 0.4130 0.0000 0.0000 0.1359 0.1552
280      280   (0)      8  : 0.0000 0.6435 0.0000 0.0000 0.0000 0.1698 0.0000 0.0000 0.0000 0.1866
281      281   (0)      8  : 0.0000 0.5442 0.0000 0.0000 0.0000 0.0921 0.0000 0.0000 0.3150 0.0488
282      282   (0)      8  : 0.0000 0.0735 0.0000 0.0000 0.0000 0.3062 0.1051 0.0000 0.0989 0.4164
283      283   (0)      8  : 0.0000 0.2685 0.0055 0.0000 0.0154 0.2500 0.0722 0.0000 0.0066 0.3817
284      284   (0)      8  : 0.0000 0.5238 0.0000 0.0000 0.0000 0.1415 0.2870 0.0000 0.0000 0.0476
285      285   (0)      8  : 0.0000 0.1958 0.0000 0.0000 0.0000 0.1752 0.2497 0.0000 0.0689 0.3104
286      286   (0)      8  : 0.0000 0.4779 0.0000 0.0000 0.0018 0.4070 0.0674 0.0000 0.0000 0.0459
287      287   (0)      8  : 0.0000 0.0978 0.0000 0.0000 0.0000 0.1907 0.0641 0.0000 0.1720 0.4754
288      288   (0)      8  : 0.0000 0.1522 0.0000 0.0000 0.0221 0.1709 0.0000 0.0000 0.4286 0.2262
289      289   (0)      8  : 0.0000 0.1394 0.0049 0.0000 0.0015 0.0871 0.0000 0.0000 0.0004 0.7666
290      290   (0)      5  : 0.0000 0.4783 0.0000 0.0000 0.0000 0.0746 0.0000 0.0000 0.4286 0.0185
291      291   (0)      5  : 0.0000 0.0662 0.0000 0.0000 0.0000 0.6565 0.0000 0.0000 0.0000 0.2773
292      292   (0)      5  : 0.0000 0.7240 0.0000 0.0000 0.0000 0.0364 0.1876 0.0000 0.0015 0.0506
293      293   (0)      5  : 0.0000 0.6478 0.0000 0.0000 0.0013 0.1647 0.0580 0.0000 0.1280 0.0002
294      294   (0)      5  : 0.0000 0.3405 0.0000 0.0000 0.0024 0.0709 0.0000 0.0000 0.2783 0.3079
295      295   (0)      5  : 0.0000 0.3537 0.0000 0.0000 0.0000 0.2719 0.1010 0.0000 0.0000 0.2734
296      296   (0)      5  : 0.0000 0.3411 0.0058 0.0000 0.0246 0.4554 0.0000 0.0000 0.0923 0.0807
297      297   (0)      5  : 0.0000 0.0401 0.0116 0.0000 0.0226 0.2881 0.0000 0.0000 0.0291 0.6084
298      298   (0)      5  : 0.0000 0.3305 0.0000 0.0000 0.0000 0.2004 0.2270 0.0000 0.0000 0.2420
299      299   (0)      5  : 0.0000 0.5047 0.0000 0.0000 0.0025 0.2454 0.0000 0.0000 0.0000 0.2474
300      300   (0)      5  : 0.0000 0.6017 0.0000 0.0000 0.0000 0.0937 0.0000 0.0000 0.0872 0.2174
301      301   (0)      5  : 0.0000 0.0913 0.0000 0.0000 0.0000 0.7235 0.0000 0.0000 0.0000 0.1852
302      302   (0)      5  : 0.0000 0.4878 0.0000 0.0000 0.0000 0.0980 0.1049 0.0000 0.0001 0.3092
303      303   (0)      5  : 0.0000 0.0988 0.0000 0.0000 0.0000 0.2677 0.0000 0.0000 0.0925 0.5411
304      304   (0)      5  : 0.0000 0.4342 0.0000 0.0000 0.0000 0.0836 0.0105 0.0000 0.0013 0.4703
305      305   (0)      5  : 0.0000 0.2570 0.0011 0.0000 0.0008 0.1536 0.0000 0.0000 0.2540 0.3335
306      306   (0)      5  : 0.0000 0.0744 0.0000 0.0000 0.0000 0.2113 0.4286 0.0000 0.0000 0.2857
307      307   (0)      5  : 0.0000 0.0659 0.0000 0.0000 0.0407 0.2525 0.2015 0.0000 0.0000 0.4394
308      308   (0)      5  : 0.0000 0.4041 0.0000 0.0000 0.0099 0.4557 0.0000 0.0000 0.1303 0.0000
309      309   (0)      5  : 0.0000 0.6901 0.0000 0.0000 0.0006 0.0226 0.0667 0.0000 0.0013 0.2186
310      310   (0)      5  : 0.0000 0.0313 0.0000 0.0000 0.0018 0.5789 0.0000 0.0000 0.0000 0.3880
311      311   (0)      5  : 0.0000 0.2314 0.0000 0.0000 0.0039 0.2063 0.0000 0.0000 0.1378 0.4206
312      312   (0)      5  : 0.0000 0.4156 0.0000 0.0000 0.0089 0.3966 0.1055 0.0000 0.0030 0.0705
313      313   (0)      5  : 0.0000 0.2819 0.0000 0.0000 0.0000 0.1263 0.0127 0.0000 0.1303 0.4488
314      314   (0)      5  : 0.0000 0.3582 0.0000 0.0000 0.0016 0.4438 0.0000 0.0000 0.0000 0.1965
315      315   (0)      5  : 0.0000 0.2285 0.0000 0.0000 0.0008 0.2771 0.1611 0.0000 0.0857 0.2469
316      316   (0)      5  : 0.0000 0.2921 0.0000 0.0000 0.0000 0.1593 0.0001 0.0000 0.0183 0.5302
317      317   (0)      5  : 0.0000 0.8560 0.0000 0.0000 0.0000 0.1387 0.0003 0.0000 0.0000 0.0050
318      318   (0)      8  : 0.0000 0.6986 0.0000 0.0000 0.0000 0.2477 0.0000 0.0000 0.0000 0.0537
319      319   (0)      8  : 0.0000 0.5531 0.0000 0.0000 0.0000 0.3040 0.0000 0.0000 0.0740 0.0689
320      320   (0)      9  : 0.0000 0.3430 0.0000 0.0000 0.0000 0.5383 0.0000 0.0000 0.0000 0.1187
321      321   (0)      9  : 0.0000 0.4138 0.0152 0.0000 0.0000 0.3282 0.0796 0.0000 0.0032 0.1600
322      322   (0)      9  : 0.0000 0.3819 0.0000 0.0000 0.0000 0.2082 0.0000 0.0000 0.0923 0.3176
323      323   (0)      9  : 0.0000 0.3944 0.0000 0.0000 0.0002 0.1253 0.0000 0.0000 0.1889 0.2913
324      324   (0)      9  : 0.0000 0.3564 0.0000 0.0000 0.0000 0.4024 0.0000 0.0000 0.0000 0.2412
325      325   (0)      8  : 0.0000 0.1362 0.0000 0.0000 0.0000 0.0059 0.0000 0.0000 0.0000 0.8580
326      326   (0)      8  : 0.0000 0.3552 0.0000 0.0000 0.0000 0.2701 0.2451 0.0000 0.0000 0.1297
327      327   (0)      8  : 0.0000 0.4902 0.0000 0.0000 0.0000 0.3030 0.0000 0.0000 0.0000 0.2068
328      328   (0)      8  : 0.0000 0.8234 0.0000 0.0000 0.0000 0.0847 0.0000 0.0000 0.0000 0.0919
329      329   (0)      8  : 0.0000 0.2171 0.0000 0.0000 0.0000 0.1643 0.0000 0.0000 0.0000 0.6185
330      330   (0)      9  : 0.0000 0.5387 0.0000 0.0000 0.0032 0.3740 0.0000 0.0000 0.0005 0.0835
331      331   (0)      9  : 0.0000 0.6083 0.0000 0.0000 0.0000 0.1509 0.0695 0.0000 0.1294 0.0419
332      332   (0)      9  : 0.0000 0.0908 0.0000 0.0000 0.0000 0.5911 0.1353 0.0000 0.0000 0.1827
333      333   (0)      9  : 0.0000 0.3350 0.0000 0.0000 0.0000 0.0001 0.0000 0.0000 0.0716 0.5933
334      334   (0)      9  : 0.0000 0.5779 0.0000 0.0000 0.0000 0.0648 0.0000 0.0000 0.0000 0.3573
335      335   (0)      9  : 0.0000 0.0852 0.0000 0.0000 0.0000 0.0098 0.0010 0.0000 0.2110 0.6930
336      336   (0)      8  : 0.0000 0.1403 0.0000 0.0000 0.0000 0.3202 0.2068 0.0000 0.0077 0.3249
337      337   (0)      8  : 0.0000 0.2977 0.0000 0.0000 0.0000 0.5591 0.0000 0.0000 0.0024 0.1408
338      338   (0)      8  : 0.0000 0.1016 0.0000 0.0000 0.0000 0.2940 0.1907 0.0000 0.0030 0.4108
339      339   (0)      8  : 0.0000 0.1829 0.0000 0.0000 0.0000 0.3846 0.0573 0.0000 0.0135 0.3617
340      340   (0)      8  : 0.0000 0.2804 0.0000 0.0000 0.0000 0.4117 0.0000 0.0000 0.2367 0.0712
341      341   (0)      8  : 0.0000 0.2711 0.0000 0.0000 0.0482 0.4608 0.0980 0.0000 0.0006 0.1213
342      342   (0)      8  : 0.0000 0.0534 0.0000 0.0000 0.0000 0.4203 0.0000 0.0000 0.1511 0.3752
343      343   (0)      9  : 0.0000 0.0000 0.0000 0.0000 0.0000 0.0321 0.1513 0.0000 0.0011 0.8156
344      344   (0)      9  : 0.0000 0.2651 0.0000 0.0000 0.0000 0.1913 0.0961 0.0000 0.0000 0.4475
345      345   (0)      9  : 0.0000 0.3857 0.0000 0.0000 0.0000 0.4287 0.0000 0.0000 0.0000 0.1856
346      346   (0)      9  : 0.0000 0.3126 0.0000 0.0000 0.0056 0.1870 0.2219 0.0000 0.0000 0.2729
347      347   (0)      9  : 0.0000 0.4718 0.0000 0.0000 0.0033 0.0000 0.0000 0.0000 0.0000 0.5249
348      348   (0)      9  : 0.0000 0.3749 0.0000 0.0000 0.0032 0.1468 0.4286 0.0000 0.0055 0.0410
349      349   (0)      9  : 0.0000 0.0674 0.0000 0.0000 0.0369 0.3763 0.2505 0.0000 0.0077 0.2612
350      350   (0)      9  : 0.0000 0.1993 0.0000 0.0000 0.0000 0.0470 0.4286 0.0000 0.0000 0.3250
351      351   (0)      9  : 0.0000 0.3769 0.0000 0.0000 0.0173 0.1057 0.0000 0.0000 0.2248 0.2752
352      352   (0)      9  : 0.0000 0.2552 0.0000 0.0000 0.0124 0.2295 0.0000 0.0000 0.0000 0.5029
353      353   (0)      9  : 0.0000 0.2572 0.0000 0.0000 0.0038 0.2796 0.1770 0.0000 0.0888 0.1935
354      354   (0)      9  : 0.0000 0.1552 0.0000 0.0000 0.0000 0.1823 0.0000 0.0000 0.0000 0.6625
355      355   (0)      9  : 0.0000 0.2874 0.0000 0.0000 0.0000 0.2531 0.0000 0.0000 0.0012 0.4583
356      356   (0)      9  : 0.0000 0.0000 0.0000 0.0000 0.0004 0.2084 0.0000 0.0000 0.0000 0.7911
357      357   (0)      9  : 0.0000 0.2397 0.0000 0.0000 0.0000 0.3901 0.0001 0.0000 0.0221 0.3480
358      358   (0)      9  : 0.0000 0.3851 0.0000 0.0000 0.0084 0.4567 0.0000 0.0000 0.0000 0.1498
359      359   (0)      9  : 0.0000 0.0918 0.0000 0.0000 0.0032 0.4056 0.0000 0.0000 0.1046 0.3947
360      360   (0)      9  : 0.0000 0.1787 0.0000 0.0000 0.0000 0.2187 0.0765 0.0000 0.1349 0.3912
361      361   (0)      9  : 0.0000 0.0601 0.0000 0.0000 0.0000 0.2470 0.1618 0.0000 0.0000 0.5310
362      362   (0)     10  : 0.0000 0.4506 0.0000 0.0000 0.0000 0.4216 0.0000 0.0000 0.0000 0.1278
363      363   (0)     10  : 0.0000 0.5745 0.0000 0.0000 0.0000 0.0141 0.2008 0.0000 0.0004 0.2103
364      364   (0)     10  : 0.0000 0.4740 0.0000 0.0000 0.0000 0.1137 0.1432 0.0000 0.0421 0.2271
365      365   (0)     10  : 0.0000 0.9570 0.0041 0.0000 0.0000 0.0000 0.0000 0.0000 0.0000 0.0389
366      366   (0)     10  : 0.0000 0.0671 0.0000 0.0000 0.0000 0.0574 0.0000 0.0000 0.0000 0.8756
367      367   (0)     10  : 0.0000 0.4353 0.0000 0.0000 0.0120 0.3293 0.0000 0.0000 0.0000 0.2234
368      368   (0)     10  : 0.0000 0.2121 0.0000 0.0000 0.0000 0.0711 0.0000 0.0000 0.0000 0.7168
369      369   (0)     10  : 0.0000 0.1248 0.0000 0.0000 0.0000 0.0960 0.2894 0.0000 0.0000 0.4898
370      370   (0)     10  : 0.0000 0.0901 0.0000 0.0000 0.0224 0.0214 0.0000 0.0000 0.4286 0.4375
371      371   (0)     10  : 0.0000 0.2422 0.0000 0.0000 0.0000 0.0466 0.0000 0.0000 0.0000 0.7112
372      372   (0)     10  : 0.0000 0.3137 0.0000 0.0000 0.0012 0.1204 0.3244 0.0000 0.0000 0.2403
373      373   (0)     10  : 0.0000 0.4533 0.0000 0.0000 0.0000 0.3685 0.0000 0.0000 0.0000 0.1783
374      374   (0)     10  : 0.0000 0.1964 0.0000 0.0000 0.0000 0.4831 0.0000 0.0000 0.0000 0.3205
375      375   (0)     10  : 0.0000 0.5864 0.0000 0.0000 0.0000 0.1901 0.0000 0.0000 0.0000 0.2234
376      376   (0)     10  : 0.0000 0.6146 0.0000 0.0000 0.0000 0.3205 0.0000 0.0000 0.0064 0.0585
377      377   (0)     10  : 0.0000 0.2797 0.0000 0.0000 0.0129 0.2389 0.1607 0.0000 0.0897 0.2181
378      378   (0)     10  : 0.0000 0.1216 0.0000 0.0017 0.0000 0.0685 0.4286 0.0000 0.0000 0.3796
379      379   (0)     10  : 0.0000 0.3819 0.0000 0.0000 0.0291 0.2435 0.0000 0.0000 0.0996 0.2459
380      380   (0)     10  : 0.0000 0.0453 0.0000 0.0000 0.0000 0.0655 0.0000 0.0000 0.0000 0.8893
381      381   (0)     10  : 0.0000 0.4008 0.0000 0.0000 0.0020 0.3359 0.1551 0.0000 0.0000 0.1061
382      382   (0)     10  : 0.0000 0.3133 0.0000 0.0000 0.0000 0.2411 0.0000 0.0000 0.0000 0.4456
383      383   (0)     10  : 0.0000 0.0000 0.0000 0.0000 0.0321 0.4256 0.0000 0.0000 0.0964 0.4459
384      384   (0)     10  : 0.0000 0.3874 0.0012 0.0000 0.0000 0.0854 0.4286 0.0000 0.0000 0.0974
385      385   (0)     10  : 0.0000 0.1735 0.0000 0.0000 0.0000 0.3933 0.1935 0.0000 0.0000 0.2397
386      386   (0)     10  : 0.0000 0.5048 0.0000 0.0000 0.0000 0.0295 0.0000 0.0000 0.4305 0.0352
387      387   (0)     10  : 0.0000 0.2081 0.0026 0.0000 0.0000 0.7143 0.0000 0.0000 0.0000 0.0751
388      388   (0)     10  : 0.0000 0.6054 0.0000 0.0000 0.0000 0.1256 0.0000 0.0000 0.0000 0.2690
389      389   (0)     10  : 0.0000 0.4104 0.0000 0.0000 0.0000 0.2723 0.1579 0.0000 0.0000 0.1593
390      390   (0)      8  : 0.0000 0.5575 0.0000 0.0000 0.0230 0.1739 0.0000 0.0000 0.1075 0.1382
391      391   (0)      8  : 0.0000 0.2077 0.0010 0.0000 0.0000 0.1942 0.0000 0.0000 0.2841 0.3131
392      392   (0)      8  : 0.0000 0.0000 0.0000 0.0000 0.0000 0.1429 0.1714 0.0000 0.1248 0.5610
393      393   (0)     11  : 0.0000 0.0361 0.0000 0.0000 0.0000 0.0391 0.0000 0.0000 0.0000 0.9248
394      394   (0)     11  : 0.0000 0.0000 0.0000 0.0000 0.0000 0.3986 0.0000 0.0000 0.0000 0.6014
395      395   (0)     11  : 0.0076 0.1246 0.0000 0.0000 0.0023 0.1234 0.0013 0.0000 0.2334 0.5074
396      396   (0)     11  : 0.0367 0.0216 0.0000 0.0000 0.0136 0.1778 0.0009 0.0008 0.0000 0.7486
397      397   (0)     11  : 0.0000 0.1891 0.0019 0.0000 0.0000 0.3426 0.1736 0.0000 0.0791 0.2137
398      398   (0)     11  : 0.0000 0.6945 0.0000 0.0000 0.0000 0.0432 0.0000 0.0000 0.2127 0.0496
399      399   (0)     11  : 0.0000 0.3970 0.0000 0.0000 0.0000 0.0740 0.0000 0.0000 0.0000 0.5290
400      400   (0)     11  : 0.0000 0.1882 0.0020 0.0000 0.0000 0.3739 0.1704 0.0000 0.0859 0.1796
401      401   (0)     11  : 0.0061 0.0378 0.0000 0.0000 0.0000 0.2335 0.0000 0.0000 0.0000 0.7226
402      402   (0)     11  : 0.0000 0.1690 0.0000 0.0000 0.0000 0.1659 0.1335 0.0000 0.0000 0.5316
403      403   (0)     11  : 0.0000 0.0669 0.0000 0.0000 0.0000 0.2634 0.1761 0.0000 0.2537 0.2400
404      404   (0)     11  : 0.0000 0.3295 0.0000 0.0000 0.0032 0.2775 0.0000 0.0000 0.0015 0.3883
405      405   (0)     11  : 0.0010 0.1206 0.0000 0.0000 0.0548 0.1905 0.0000 0.0000 0.4296 0.2034
406      406   (0)     11  : 0.0000 0.8166 0.0000 0.0000 0.0000 0.1337 0.0000 0.0000 0.0008 0.0490
407      407   (0)     11  : 0.0000 0.0175 0.0000 0.0000 0.0000 0.1345 0.2006 0.0000 0.1811 0.4664
408      408   (0)     11  : 0.0000 0.2198 0.0000 0.0000 0.0000 0.0388 0.0000 0.0000 0.4286 0.3128
409      409   (0)     11  : 0.0002 0.0987 0.0036 0.0007 0.0063 0.0688 0.0000 0.0000 0.0026 0.8191
410      410   (0)     11  : 0.0000 0.2117 0.0000 0.0000 0.0000 0.1394 0.0000 0.0000 0.0953 0.5536
411      411   (0)     11  : 0.0000 0.4782 0.0000 0.0000 0.0000 0.2376 0.0000 0.0000 0.2604 0.0239
412      412   (0)     11  : 0.0000 0.3116 0.0000 0.0000 0.0000 0.3719 0.0254 0.0000 0.2057 0.0853
413      413   (0)     11  : 0.0000 0.6575 0.0000 0.0000 0.0192 0.3192 0.0036 0.0000 0.0005 0.0000
414      414   (0)     11  : 0.0000 0.1486 0.0000 0.0000 0.0000 0.2732 0.0000 0.0000 0.0000 0.5782
415      415   (0)     11  : 0.0000 0.3010 0.0000 0.0000 0.0000 0.0820 0.0000 0.0000 0.2760 0.3410
416      416   (0)     11  : 0.0000 0.5930 0.0000 0.0000 0.0184 0.0574 0.0801 0.0000 0.0328 0.2183
417      417   (0)     11  : 0.0000 0.1403 0.0000 0.0000 0.0000 0.4872 0.0000 0.0000 0.1781 0.1944
418      418   (0)     11  : 0.0052 0.0260 0.0000 0.0000 0.0099 0.1934 0.0387 0.0000 0.0000 0.7267
419      419   (0)     11  : 0.0000 0.0096 0.0000 0.0000 0.0000 0.1429 0.2432 0.0000 0.1853 0.4190
420      420   (0)     11  : 0.0000 0.0000 0.0000 0.0000 0.0000 0.1263 0.0000 0.0000 0.2153 0.6584
421      421   (0)     11  : 0.0000 0.0382 0.0016 0.0000 0.0000 0.1430 0.1651 0.0000 0.2666 0.3855
422      422   (0)     11  : 0.0000 0.0318 0.0000 0.0000 0.0048 0.4490 0.2226 0.0000 0.0000 0.2919
423      423   (0)     12  : 0.9914 0.0000 0.0000 0.0000 0.0000 0.0000 0.0000 0.0059 0.0028 0.0000
424      424   (0)     12  : 0.0000 0.0927 0.0000 0.0000 0.7756 0.0002 0.1053 0.0000 0.0261 0.0000
425      425   (0)     12  : 0.9940 0.0000 0.0000 0.0037 0.0000 0.0000 0.0000 0.0000 0.0022 0.0000
426      426   (0)     12  : 0.0000 0.0209 0.0000 0.0000 0.8000 0.0557 0.0000 0.0000 0.1234 0.0000
427      427   (0)     12  : 0.9661 0.0000 0.0000 0.0269 0.0000 0.0000 0.0070 0.0000 0.0000 0.0000
428      428   (0)     12  : 0.8926 0.0000 0.0000 0.0000 0.0191 0.0000 0.0167 0.0716 0.0000 0.0000
429      429   (0)     12  : 0.0000 0.0000 0.0635 0.0000 0.6508 0.0000 0.0000 0.0000 0.2857 0.0000
430      430   (0)     12  : 0.9577 0.0000 0.0000 0.0073 0.0000 0.0000 0.0088 0.0247 0.0016 0.0000
431      431   (0)     12  : 0.9461 0.0000 0.0050 0.0043 0.0000 0.0096 0.0096 0.0140 0.0113 0.0000
432      432   (0)     12  : 0.0000 0.0000 0.0000 0.0000 0.8741 0.0058 0.0000 0.0000 0.0078 0.1122
433      433   (0)     12  : 0.9797 0.0000 0.0000 0.0000 0.0119 0.0001 0.0000 0.0016 0.0068 0.0000
434      434   (0)     12  : 0.9964 0.0000 0.0000 0.0000 0.0000 0.0000 0.0036 0.0000 0.0000 0.0000
435      435   (0)     12  : 0.9104 0.0000 0.0031 0.0000 0.0119 0.0021 0.0159 0.0521 0.0046 0.0000
436      436   (0)     12  : 0.9562 0.0000 0.0037 0.0054 0.0000 0.0000 0.0150 0.0197 0.0000 0.0000
437      437   (0)     12  : 0.9596 0.0000 0.0000 0.0000 0.0264 0.0000 0.0033 0.0000 0.0106 0.0000
438      438   (0)     12  : 0.9837 0.0000 0.0000 0.0000 0.0000 0.0013 0.0031 0.0061 0.0058 0.0000
439      439   (0)     12  : 0.0000 0.0938 0.0000 0.0000 0.8832 0.0230 0.0000 0.0000 0.0000 0.0000
440      440   (0)     12  : 0.0000 0.0000 0.0000 0.0000 0.8798 0.0000 0.0000 0.0000 0.0787 0.0415
441      441   (0)     12  : 0.9920 0.0000 0.0000 0.0001 0.0000 0.0000 0.0031 0.0000 0.0048 0.0000
442      442   (0)     12  : 0.0000 0.0000 0.0248 0.0000 0.8218 0.0000 0.0000 0.0000 0.1534 0.0000
443      443   (0)     12  : 0.9662 0.0000 0.0000 0.0283 0.0000 0.0000 0.0000 0.0055 0.0000 0.0000
444      444   (0)     12  : 0.9734 0.0000 0.0000 0.0135 0.0000 0.0000 0.0041 0.0000 0.0091 0.0000
445      445   (0)     12  : 0.9535 0.0000 0.0000 0.0357 0.0000 0.0000 0.0000 0.0000 0.0108 0.0000
446      446   (0)     12  : 0.9967 0.0000 0.0000 0.0000 0.0000 0.0000 0.0000 0.0000 0.0033 0.0000
447      447   (0)     12  : 0.9570 0.0000 0.0000 0.0000 0.0000 0.0106 0.0000 0.0208 0.0117 0.0000
448      448   (0)     12  : 0.9998 0.0000 0.0000 0.0000 0.0000 0.0002 0.0000 0.0000 0.0000 0.0000
449      449   (0)     12  : 0.9867 0.0000 0.0000 0.0000 0.0000 0.0000 0.0092 0.0041 0.0000 0.0000
450      450   (0)     12  : 0.9870 0.0000 0.0000 0.0006 0.0000 0.0000 0.0000 0.0024 0.0099 0.0000
451      451   (0)     12  : 0.9352 0.0000 0.0000 0.0067 0.0000 0.0000 0.0048 0.0533 0.0000 0.0000
452      452   (0)     12  : 0.9548 0.0000 0.0000 0.0000 0.0000 0.0000 0.0000 0.0376 0.0076 0.0000
453      453   (0)     13  : 0.9942 0.0000 0.0000 0.0000 0.0000 0.0000 0.0030 0.0028 0.0000 0.0000
454      454   (0)     13  : 0.9826 0.0000 0.0097 0.0041 0.0000 0.0000 0.0000 0.0002 0.0035 0.0000
455      455   (0)     13  : 1.0000 0.0000 0.0000 0.0000 0.0000 0.0000 0.0000 0.0000 0.0000 0.0000
456      456   (0)     13  : 0.0000 0.0926 0.0000 0.0000 0.8689 0.0235 0.0000 0.0000 0.0151 0.0000
457      457   (0)     13  : 0.9325 0.0000 0.0000 0.0204 0.0017 0.0000 0.0240 0.0215 0.0000 0.0000
458      458   (0)     13  : 0.9904 0.0000 0.0000 0.0000 0.0000 0.0000 0.0055 0.0041 0.0000 0.0000
459      459   (0)     13  : 0.9962 0.0000 0.0000 0.0000 0.0000 0.0001 0.0001 0.0036 0.0000 0.0000
460      460   (0)     13  : 0.9934 0.0000 0.0000 0.0024 0.0000 0.0000 0.0042 0.0000 0.0000 0.0000
461      461   (0)     13  : 0.9966 0.0000 0.0000 0.0000 0.0000 0.0000 0.0034 0.0000 0.0000 0.0000
462      462   (0)     13  : 0.9499 0.0000 0.0001 0.0228 0.0000 0.0000 0.0063 0.0209 0.0000 0.0000
463      463   (0)     13  : 0.9565 0.0000 0.0000 0.0125 0.0000 0.0000 0.0218 0.0034 0.0057 0.0000
464      464   (0)     13  : 0.0000 0.0000 0.0055 0.7360 0.0000 0.1427 0.0661 0.0497 0.0000 0.0000
465      465   (0)     13  : 0.9549 0.0000 0.0030 0.0000 0.0115 0.0096 0.0109 0.0102 0.0000 0.0000
466      466   (0)     13  : 0.9860 0.0000 0.0046 0.0000 0.0000 0.0000 0.0072 0.0022 0.0000 0.0000
467      467   (0)     13  : 0.9518 0.0000 0.0009 0.0157 0.0000 0.0000 0.0010 0.0215 0.0091 0.0000
468      468   (0)     13  : 0.0529 0.0005 0.0000 0.4352 0.0000 0.0000 0.1121 0.3985 0.0008 0.0000
469      469   (0)     13  : 0.0000 0.0000 0.0000 0.8119 0.0000 0.0000 0.1838 0.0005 0.0039 0.0000
470      470   (0)     13  : 0.9656 0.0000 0.0000 0.0057 0.0000 0.0000 0.0061 0.0036 0.0190 0.0000
471      471   (0)     13  : 0.9522 0.0000 0.0000 0.0002 0.0000 0.0312 0.0000 0.0057 0.0072 0.0035
472      472   (0)     13  : 0.9671 0.0000 0.0005 0.0000 0.0000 0.0000 0.0114 0.0092 0.0118 0.0000
473      473   (0)     13  : 0.0483 0.0000 0.0000 0.0000 0.7488 0.0340 0.0000 0.0000 0.1103 0.0587
474      474   (0)     13  : 0.9851 0.0000 0.0000 0.0062 0.0000 0.0000 0.0087 0.0000 0.0000 0.0000
475      475   (0)     13  : 0.9885 0.0000 0.0000 0.0000 0.0000 0.0009 0.0086 0.0020 0.0000 0.0000
476      476   (0)     13  : 0.0000 0.0539 0.0000 0.0000 0.9064 0.0245 0.0000 0.0000 0.0152 0.0000
477      477   (0)     13  : 0.9338 0.0000 0.0000 0.0388 0.0169 0.0064 0.0000 0.0000 0.0041 0.0000
478      478   (0)     13  : 0.9642 0.0000 0.0174 0.0054 0.0078 0.0007 0.0000 0.0018 0.0028 0.0000
479      479   (0)     13  : 0.9768 0.0000 0.0000 0.0116 0.0000 0.0000 0.0000 0.0099 0.0017 0.0000
480      480   (0)     13  : 0.0000 0.0000 0.0000 0.0000 0.8809 0.0292 0.0537 0.0000 0.0320 0.0043
481      481   (0)     13  : 0.0651 0.0000 0.0059 0.0264 0.0000 0.1013 0.0000 0.6581 0.1432 0.0000
482      482   (0)     13  : 0.9472 0.0000 0.0000 0.0000 0.0000 0.0000 0.0202 0.0325 0.0000 0.0000
483      483   (0)     14  : 0.9912 0.0000 0.0000 0.0000 0.0000 0.0000 0.0084 0.0005 0.0000 0.0000
484      484   (0)     14  : 0.9742 0.0000 0.0000 0.0031 0.0000 0.0000 0.0009 0.0161 0.0057 0.0000
485      485   (0)     15  : 0.9780 0.0000 0.0000 0.0124 0.0000 0.0000 0.0083 0.0014 0.0000 0.0000
486      486   (0)     15  : 0.9782 0.0000 0.0000 0.0000 0.0000 0.0041 0.0061 0.0116 0.0000 0.0000
487      487   (0)     15  : 0.9628 0.0000 0.0028 0.0000 0.0000 0.0000 0.0086 0.0257 0.0000 0.0000
488      488   (0)     15  : 0.9759 0.0000 0.0026 0.0000 0.0000 0.0000 0.0055 0.0038 0.0123 0.0000
489      489   (0)     15  : 0.0000 0.0000 0.0000 0.0000 0.8508 0.0000 0.0000 0.0000 0.0000 0.1492
490      490   (0)     15  : 0.0000 0.0173 0.0000 0.0000 0.8913 0.0157 0.0000 0.0000 0.0756 0.0000
491      491   (0)     15  : 0.9844 0.0000 0.0000 0.0029 0.0000 0.0000 0.0000 0.0127 0.0000 0.0000
492      492   (0)     15  : 0.0000 0.0736 0.0000 0.0000 0.9125 0.0140 0.0000 0.0000 0.0000 0.0000
493      493   (0)     15  : 0.9533 0.0000 0.0165 0.0301 0.0000 0.0000 0.0001 0.0000 0.0000 0.0000
494      494   (0)     15  : 0.9742 0.0000 0.0000 0.0000 0.0000 0.0000 0.0007 0.0166 0.0085 0.0000
495      495   (0)     15  : 0.9786 0.0000 0.0025 0.0000 0.0000 0.0057 0.0000 0.0000 0.0132 0.0000
496      496   (0)     15  : 0.9830 0.0000 0.0055 0.0039 0.0000 0.0030 0.0046 0.0000 0.0000 0.0000
497      497   (0)     15  : 0.9629 0.0000 0.0000 0.0168 0.0000 0.0083 0.0005 0.0115 0.0000 0.0000
498      498   (0)     15  : 0.9198 0.0000 0.0000 0.0000 0.0000 0.0012 0.0165 0.0467 0.0158 0.0000
499      499   (0)     15  : 0.9696 0.0000 0.0000 0.0175 0.0000 0.0000 0.0068 0.0061 0.0000 0.0000
500      500   (0)     15  : 0.9714 0.0000 0.0000 0.0000 0.0000 0.0067 0.0091 0.0128 0.0000 0.0000
501      501   (0)     15  : 0.9528 0.0000 0.0014 0.0149 0.0110 0.0000 0.0083 0.0074 0.0042 0.0000
502      502   (0)     15  : 0.9671 0.0000 0.0000 0.0075 0.0000 0.0000 0.0110 0.0144 0.0000 0.0000
503      503   (0)     15  : 0.9801 0.0000 0.0000 0.0000 0.0000 0.0000 0.0051 0.0148 0.0000 0.0000
504      504   (0)     15  : 0.9939 0.0000 0.0000 0.0017 0.0000 0.0000 0.0016 0.0029 0.0000 0.0000
505      505   (0)     15  : 0.9365 0.0000 0.0003 0.0105 0.0000 0.0000 0.0262 0.0264 0.0000 0.0000
506      506   (0)     15  : 0.9692 0.0000 0.0000 0.0178 0.0000 0.0000 0.0130 0.0000 0.0000 0.0000
507      507   (0)     15  : 0.9654 0.0000 0.0000 0.0084 0.0000 0.0000 0.0148 0.0115 0.0000 0.0000
508      508   (0)     15  : 0.9477 0.0000 0.0000 0.0000 0.0000 0.0090 0.0201 0.0232 0.0000 0.0000
509      509   (0)     15  : 0.0000 0.0000 0.0000 0.0000 0.8884 0.0224 0.0000 0.0000 0.0719 0.0173
510      510   (0)     15  : 0.0000 0.0000 0.0000 0.0000 0.8755 0.0444 0.0000 0.0000 0.0801 0.0000
511      511   (0)     15  : 0.9313 0.0091 0.0081 0.0095 0.0073 0.0035 0.0172 0.0028 0.0113 0.0000
512      512   (0)     15  : 0.9832 0.0000 0.0000 0.0000 0.0000 0.0000 0.0011 0.0051 0.0106 0.0000
513      513   (0)     15  : 0.9610 0.0000 0.0000 0.0116 0.0000 0.0000 0.0188 0.0000 0.0086 0.0000
514      514   (0)     15  : 0.9508 0.0000 0.0000 0.0017 0.0010 0.0050 0.0021 0.0324 0.0071 0.0000
515      515   (0)     16  : 0.0212 0.0000 0.0006 0.4648 0.0000 0.0000 0.3216 0.1894 0.0024 0.0000
516      516   (0)     16  : 0.9568 0.0000 0.0055 0.0183 0.0000 0.0079 0.0000 0.0115 0.0000 0.0000
517      517   (0)     16  : 0.0000 0.0962 0.0000 0.0000 0.8364 0.0337 0.0000 0.0000 0.0288 0.0049
518      518   (0)     16  : 0.9405 0.0022 0.0157 0.0186 0.0000 0.0000 0.0173 0.0056 0.0000 0.0000
519      519   (0)     16  : 0.9604 0.0000 0.0000 0.0312 0.0000 0.0000 0.0084 0.0000 0.0000 0.0000
520      520   (0)     16  : 0.9418 0.0000 0.0000 0.0079 0.0000 0.0000 0.0107 0.0396 0.0000 0.0000
521      521   (0)     16  : 0.9587 0.0000 0.0000 0.0208 0.0000 0.0074 0.0000 0.0021 0.0109 0.0000
522      522   (0)     16  : 0.0000 0.0000 0.0303 0.0000 0.6840 0.0000 0.0000 0.0000 0.2857 0.0000
523      523   (0)     16  : 0.9685 0.0000 0.0000 0.0218 0.0000 0.0000 0.0097 0.0000 0.0000 0.0000
524      524   (0)     16  : 0.0000 0.1480 0.0000 0.0000 0.8242 0.0000 0.0000 0.0000 0.0277 0.0000
525      525   (0)     16  : 0.9776 0.0000 0.0000 0.0019 0.0000 0.0000 0.0205 0.0000 0.0000 0.0000
526      526   (0)     16  : 0.9642 0.0000 0.0016 0.0233 0.0000 0.0000 0.0000 0.0000 0.0109 0.0000
527      527   (0)     16  : 0.0000 0.0883 0.0000 0.0000 0.8630 0.0175 0.0000 0.0000 0.0312 0.0000
528      528   (0)     16  : 0.9321 0.0000 0.0000 0.0275 0.0000 0.0000 0.0136 0.0267 0.0000 0.0000
529      529   (0)     16  : 0.9533 0.0000 0.0000 0.0000 0.0000 0.0000 0.0137 0.0125 0.0206 0.0000
530      530   (0)     16  : 0.9123 0.0000 0.0000 0.0299 0.0000 0.0142 0.0000 0.0126 0.0311 0.0000
531      531   (0)     16  : 1.0000 0.0000 0.0000 0.0000 0.0000 0.0000 0.0000 0.0000 0.0000 0.0000
532      532   (0)     16  : 0.0000 0.0000 0.0330 0.0000 0.6813 0.0000 0.0000 0.0000 0.2857 0.0000
533      533   (0)     16  : 0.0000 0.0000 0.0492 0.0000 0.6651 0.0000 0.0000 0.0000 0.2857 0.0000
534      534   (0)     16  : 0.9814 0.0000 0.0000 0.0121 0.0000 0.0000 0.0003 0.0000 0.0063 0.0000
535      535   (0)     16  : 0.9788 0.0000 0.0000 0.0155 0.0000 0.0000 0.0000 0.0057 0.0000 0.0000
536      536   (0)     16  : 0.9558 0.0000 0.0000 0.0089 0.0000 0.0000 0.0170 0.0000 0.0182 0.0000
537      537   (0)     16  : 0.9714 0.0000 0.0000 0.0197 0.0027 0.0000 0.0000 0.0063 0.0000 0.0000
538      538   (0)     16  : 0.9893 0.0000 0.0000 0.0050 0.0000 0.0000 0.0057 0.0000 0.0000 0.0000
539      539   (0)     16  : 0.9617 0.0000 0.0000 0.0108 0.0000 0.0000 0.0000 0.0175 0.0100 0.0000
540      540   (0)     16  : 0.9725 0.0000 0.0000 0.0069 0.0000 0.0000 0.0000 0.0150 0.0056 0.0000
541      541   (0)     16  : 0.0000 0.0000 1.0000 0.0000 0.0000 0.0000 0.0000 0.0000 0.0000 0.0000
542      542   (0)     16  : 0.9571 0.0000 0.0000 0.0235 0.0000 0.0000 0.0084 0.0000 0.0110 0.0000
543      543   (0)     16  : 1.0000 0.0000 0.0000 0.0000 0.0000 0.0000 0.0000 0.0000 0.0000 0.0000
544      544   (0)     16  : 0.9992 0.0000 0.0000 0.0000 0.0000 0.0000 0.0008 0.0000 0.0000 0.0000
