1        1   (0)      1  : 0.0836 0.0256 0.0000 0.0018 0.0043 0.0000 0.4549 0.0068 0.4151 0.0000 0.0079
2        2   (0)      1  : 0.3813 0.0000 0.0000 0.0820 0.0000 0.0000 0.0244 0.0000 0.3844 0.0883 0.0396
3        3   (0)      1  : 0.0000 0.1512 0.0000 0.0000 0.3209 0.0069 0.0783 0.0771 0.0316 0.1732 0.1609
4        4   (0)      1  : 0.1220 0.0000 0.0000 0.0000 0.0000 0.0000 0.1892 0.0000 0.5810 0.0006 0.1072
5        5   (0)      1  : 0.0193 0.0000 0.0000 0.0109 0.0118 0.0000 0.0000 0.0000 0.7472 0.2108 0.0000
6        6   (0)      1  : 0.2958 0.0893 0.0000 0.0000 0.0379 0.0000 0.3921 0.0113 0.0498 0.0433 0.0805
7        7   (0)      1  : 0.0000 0.0224 0.0000 0.0000 0.6229 0.0000 0.0000 0.0212 0.0730 0.2605 0.0000
8        8   (0)      2  : 0.1083 0.0000 0.0000 0.0000 0.0000 0.0000 0.0000 0.0000 0.8447 0.0000 0.0470
9        9   (0)      1  : 0.3488 0.0000 0.0000 0.0000 0.0156 0.0000 0.0000 0.0000 0.6355 0.0000 0.0000
10       10   (0)      3  : 0.0331 0.0000 0.0000 0.4911 0.0000 0.0000 0.3282 0.0000 0.0000 0.0293 0.1184
11       11   (0)      4  : 0.0000 0.0000 0.0142 0.0000 0.0000 0.0000 0.0000 0.0000 0.0000 0.9431 0.0426
12       12   (0)      4  : 0.3694 0.0000 0.0187 0.3765 0.0031 0.0000 0.1194 0.0036 0.0726 0.0059 0.0308
13       13   (0)      4  : 0.0000 0.0092 0.0007 0.2047 0.0147 0.0000 0.3421 0.0000 0.0873 0.2453 0.0960
14       14   (0)      4  : 0.0000 0.0000 0.0000 0.0000 0.0000 0.0000 0.0000 0.0000 0.0000 1.0000 0.0000
15       15   (0)      4  : 0.1548 0.0000 0.0100 0.5768 0.0000 0.0000 0.0000 0.0000 0.2443 0.0142 0.0000
16       16   (0)      4  : 0.0222 0.1645 0.0000 0.0000 0.2386 0.0000 0.4022 0.0000 0.0000 0.0000 0.1724
17       17   (0)      5  : 0.2017 0.0000 0.0000 0.2964 0.0000 0.0000 0.2501 0.0000 0.2489 0.0000 0.0029
18       18   (0)      4  : 0.0000 0.0023 0.0000 0.3811 0.0000 0.0000 0.4582 0.0000 0.0436 0.1071 0.0077
19       19   (0)      5  : 0.1953 0.0000 0.0000 0.4198 0.0000 0.0000 0.0612 0.0000 0.2777 0.0460 0.0000
20       20   (0)      5  : 0.2111 0.0000 0.0000 0.7106 0.0000 0.0000 0.0000 0.0000 0.0126 0.0000 0.0656
21       21   (0)      5  : 0.0000 0.0000 0.0000 0.6978 0.0000 0.0000 0.2588 0.0000 0.0000 0.0000 0.0434
22       22   (0)      5  : 0.2982 0.0000 0.0000 0.6828 0.0000 0.0000 0.0000 0.0000 0.0000 0.0142 0.0048
23       23   (0)      5  : 0.0000 0.0000 0.0000 0.3006 0.0000 0.0000 0.6148 0.0000 0.0000 0.0846 0.0000
24       24   (0)      5  : 0.0000 0.0000 0.0000 0.6408 0.0000 0.0000 0.3353 0.0000 0.0000 0.0168 0.0071
25       25   (0)      5  : 0.1832 0.0037 0.0000 0.4521 0.0057 0.0000 0.1830 0.0000 0.0116 0.1251 0.0356
26       26   (0)      5  : 0.0000 0.0047 0.0000 0.5512 0.0090 0.0000 0.3565 0.0000 0.0000 0.0406 0.0380
27       27   (0)      5  : 0.0000 0.0034 0.0366 0.7024 0.0000 0.0000 0.0000 0.0000 0.1877 0.0066 0.0633
28       28   (0)      5  : 0.0000 0.0000 0.0000 0.3972 0.0000 0.0000 0.5066 0.0000 0.0000 0.0962 0.0000
29       29   (0)      5  : 0.0099 0.0000 0.0000 0.8009 0.0000 0.0000 0.0000 0.0000 0.0000 0.1891 0.0000
30       30   (0)      5  : 0.5833 0.0000 0.0000 0.4060 0.0000 0.0000 0.0000 0.0000 0.0000 0.0000 0.0107
31       31   (0)      5  : 0.1617 0.0000 0.0053 0.3685 0.0000 0.0000 0.2862 0.0000 0.1052 0.0732 0.0000
32       32   (0)      5  : 0.0201 0.0000 0.0000 0.6140 0.0021 0.0000 0.1869 0.0000 0.0000 0.1393 0.0375
33       33   (0)      5  : 0.2012 0.0000 0.0091 0.1677 0.0000 0.0000 0.6041 0.0000 0.0000 0.0179 0.0000
34       34   (0)      5  : 0.1129 0.0000 0.0000 0.3957 0.0000 0.0000 0.4830 0.0000 0.0000 0.0000 0.0084
35       35   (0)      5  : 0.4855 0.0000 0.0000 0.3836 0.0000 0.0000 0.1064 0.0000 0.0054 0.0000 0.0191
36       36   (0)      5  : 0.1620 0.0000 0.0111 0.7034 0.0000 0.0000 0.0000 0.0000 0.0000 0.1236 0.0000
37       37   (0)      5  : 0.2666 0.0000 0.0000 0.6303 0.0000 0.0000 0.1030 0.0000 0.0001 0.0000 0.0000
38       38   (0)      5  : 0.0000 0.0000 0.0000 0.6969 0.0000 0.0000 0.2929 0.0000 0.0000 0.0102 0.0000
39       39   (0)      5  : 0.0722 0.0000 0.0000 0.4482 0.0000 0.0000 0.1457 0.0000 0.0000 0.3340 0.0000
40       40   (0)      5  : 0.3366 0.0000 0.0000 0.4766 0.0011 0.0000 0.0580 0.0000 0.0000 0.1276 0.0000
41       41   (0)      5  : 0.0000 0.0000 0.0000 0.4647 0.0000 0.0000 0.4525 0.0000 0.0000 0.0828 0.0000
42       42   (0)      5  : 0.5099 0.0000 0.0000 0.4687 0.0000 0.0000 0.0000 0.0000 0.0000 0.0000 0.0214
43       43   (0)      5  : 0.0000 0.2500 0.0000 0.0000 0.2621 0.0772 0.1560 0.0000 0.0000 0.0048 0.2500
44       44   (0)      5  : 0.0102 0.0000 0.0000 0.3630 0.0000 0.0000 0.4423 0.0000 0.0016 0.1830 0.0000
45       45   (0)      4  : 0.0000 0.0000 0.0000 0.3119 0.0000 0.0000 0.0000 0.0000 0.0000 0.6881 0.0000
46       46   (0)      4  : 0.2466 0.0000 0.0000 0.2243 0.0272 0.0000 0.1829 0.0000 0.1390 0.1727 0.0072
47       47   (0)      4  : 0.0000 0.0000 0.0000 0.3281 0.0000 0.0000 0.6666 0.0000 0.0000 0.0000 0.0053
48       48   (0)      4  : 0.4971 0.0000 0.0000 0.2739 0.0000 0.0000 0.0000 0.0000 0.0272 0.1783 0.0236
49       49   (0)      5  : 0.1964 0.0000 0.0311 0.3019 0.0039 0.0000 0.2961 0.0000 0.0248 0.1457 0.0000
50       50   (0)      4  : 0.0000 0.0000 0.0000 0.2779 0.0000 0.0000 0.4525 0.0000 0.0000 0.0537 0.2159
51       51   (0)      4  : 0.0635 0.1874 0.0020 0.0000 0.1647 0.0037 0.2808 0.0000 0.0831 0.0173 0.1975
52       52   (0)      4  : 0.2454 0.0189 0.0123 0.5140 0.0202 0.0000 0.0274 0.0215 0.1403 0.0000 0.0000
53       53   (0)      4  : 0.0000 0.1936 0.0000 0.0015 0.2929 0.0147 0.2082 0.0000 0.0613 0.0183 0.2095
54       54   (0)      4  : 0.2046 0.0000 0.0231 0.5439 0.0000 0.0000 0.0000 0.0000 0.0905 0.1095 0.0284
55       55   (0)      4  : 0.0656 0.2370 0.0000 0.0000 0.2139 0.0256 0.1725 0.0000 0.0354 0.0000 0.2500
56       56   (0)      4  : 0.1077 0.1931 0.0144 0.0615 0.1878 0.0000 0.1143 0.0000 0.0829 0.0253 0.2130
57       57   (0)      4  : 0.0306 0.0000 0.0000 0.5894 0.0000 0.0000 0.0102 0.0000 0.1011 0.2687 0.0000
58       58   (0)      5  : 0.2571 0.0000 0.0000 0.3064 0.0337 0.0000 0.1484 0.0000 0.0626 0.1917 0.0000
59       59   (0)      4  : 0.1392 0.1099 0.0000 0.0029 0.2081 0.0000 0.3624 0.0415 0.0165 0.0000 0.1194
60       60   (0)      4  : 0.0000 0.1968 0.0000 0.0000 0.2082 0.0233 0.2169 0.0205 0.0000 0.1329 0.2014
61       61   (0)      4  : 0.2078 0.0000 0.0000 0.3153 0.0000 0.0000 0.2291 0.0000 0.2346 0.0131 0.0000
62       62   (0)      5  : 0.0054 0.0000 0.0000 0.3533 0.0000 0.0000 0.3686 0.0000 0.1905 0.0815 0.0007
63       63   (0)      6  : 0.0000 0.1426 0.0000 0.1347 0.1061 0.0496 0.2268 0.0000 0.1241 0.0643 0.1518
64       64   (0)      6  : 0.0000 0.2070 0.0000 0.0023 0.3247 0.0017 0.2292 0.0034 0.0457 0.0000 0.1861
65       65   (0)      6  : 0.0000 0.0000 0.0280 0.0008 0.0000 0.0000 0.0000 0.0000 0.9712 0.0000 0.0000
66       66   (0)      6  : 0.1236 0.0000 0.0000 0.3650 0.0000 0.0000 0.2775 0.0000 0.2240 0.0000 0.0099
67       67   (0)      6  : 0.0000 0.0000 0.0000 0.0000 0.0000 0.0000 0.0000 0.0000 0.1079 0.8921 0.0000
68       68   (0)      6  : 0.0000 0.0000 0.0091 0.0000 0.0000 0.0000 0.3124 0.0000 0.6201 0.0000 0.0584
69       69   (0)      6  : 0.0858 0.0000 0.0000 0.0601 0.0000 0.0000 0.4087 0.0000 0.4377 0.0000 0.0076
70       70   (0)      6  : 0.0639 0.0248 0.0000 0.1095 0.0172 0.0000 0.4677 0.0112 0.2805 0.0000 0.0252
71       71   (0)      6  : 0.0000 0.0000 0.0365 0.0825 0.0000 0.0000 0.8059 0.0000 0.0000 0.0245 0.0506
72       72   (0)      6  : 0.0505 0.0000 0.0000 0.1883 0.0000 0.0000 0.3910 0.0000 0.3702 0.0000 0.0000
73       73   (0)      7  : 0.4534 0.0000 0.0092 0.5052 0.0000 0.0180 0.0000 0.0000 0.0143 0.0000 0.0000
74       74   (0)      7  : 0.4041 0.0099 0.0542 0.2865 0.0000 0.0000 0.0290 0.0000 0.2069 0.0000 0.0094
75       75   (0)      7  : 0.0243 0.0000 0.0000 0.2705 0.0000 0.0000 0.2061 0.0000 0.3677 0.1313 0.0000
76       76   (0)      7  : 0.3217 0.0000 0.0000 0.4011 0.0121 0.0000 0.0000 0.0125 0.2526 0.0000 0.0000
77       77   (0)      7  : 0.0240 0.0000 0.0000 0.7762 0.0000 0.0000 0.0000 0.0000 0.0544 0.0410 0.1043
78       78   (0)      7  : 0.0214 0.0002 0.0164 0.3908 0.0094 0.0000 0.1020 0.0000 0.3140 0.1458 0.0000
79       79   (0)      7  : 0.2801 0.0131 0.0066 0.5526 0.0000 0.0108 0.0000 0.0001 0.1141 0.0000 0.0226
80       80   (0)      7  : 0.4918 0.0000 0.0221 0.2318 0.0000 0.0000 0.0000 0.0000 0.2144 0.0000 0.0399
81       81   (0)      7  : 0.1457 0.0000 0.0000 0.5723 0.0000 0.0000 0.0436 0.0000 0.2323 0.0000 0.0061
82       82   (0)      7  : 0.0115 0.0000 0.0000 0.8301 0.0000 0.0000 0.0000 0.0000 0.1345 0.0195 0.0044
83       83   (0)      7  : 0.4986 0.0111 0.0000 0.1705 0.0643 0.0000 0.0697 0.0011 0.0849 0.0864 0.0133
84       84   (0)      7  : 0.1898 0.1824 0.0000 0.0000 0.2522 0.0163 0.0628 0.0000 0.0989 0.0000 0.1976
85       85   (0)      7  : 0.3808 0.0000 0.0345 0.4640 0.0000 0.0000 0.0000 0.0000 0.1150 0.0057 0.0000
86       86   (0)      7  : 0.0027 0.0000 0.0000 0.6814 0.0000 0.0000 0.0000 0.0000 0.2712 0.0447 0.0000
87       87   (0)      7  : 0.1774 0.1878 0.0000 0.0000 0.1929 0.0139 0.1992 0.0021 0.0220 0.0000 0.2047
88       88   (0)      7  : 0.0025 0.0000 0.0000 0.2878 0.0000 0.0000 0.6003 0.0000 0.1094 0.0000 0.0000
89       89   (0)      7  : 0.0000 0.2324 0.0000 0.0000 0.2041 0.0308 0.1957 0.0000 0.0748 0.0222 0.2400
90       90   (0)      7  : 0.2635 0.0015 0.0000 0.5353 0.0001 0.0000 0.0066 0.0000 0.0511 0.1401 0.0019
91       91   (0)      7  : 0.2831 0.0028 0.0122 0.2879 0.0000 0.0148 0.3139 0.0000 0.0779 0.0000 0.0075
92       92   (0)      7  : 0.3060 0.0009 0.0490 0.5164 0.0000 0.0000 0.0000 0.0000 0.0821 0.0000 0.0457
93       93   (0)      7  : 0.0833 0.0000 0.0073 0.4668 0.0329 0.0000 0.0000 0.0000 0.1542 0.2554 0.0000
94       94   (0)      7  : 0.2474 0.0000 0.0000 0.3188 0.0000 0.0000 0.2466 0.0000 0.1555 0.0285 0.0031
95       95   (0)      7  : 0.0082 0.0000 0.0000 0.6226 0.0000 0.0000 0.0000 0.0000 0.2479 0.1213 0.0000
96       96   (0)      7  : 0.0000 0.0014 0.0000 0.4725 0.0392 0.0000 0.2458 0.0046 0.0524 0.1840 0.0000
97       97   (0)      7  : 0.0000 0.0000 0.0000 0.7944 0.0000 0.0000 0.0000 0.0000 0.0916 0.1140 0.0000
98       98   (0)      7  : 0.0000 0.0000 0.0000 0.6841 0.0000 0.0000 0.0000 0.0000 0.0721 0.2439 0.0000
99       99   (0)      7  : 0.0000 0.0067 0.0000 0.7407 0.0055 0.0000 0.0000 0.0000 0.0054 0.2225 0.0191
100      100   (0)      7  : 0.0260 0.1853 0.0000 0.0143 0.2262 0.0000 0.0000 0.0000 0.3501 0.0076 0.1905
101      101   (0)      6  : 0.2991 0.0000 0.0000 0.1100 0.0000 0.0000 0.0000 0.0000 0.5910 0.0000 0.0000
102      102   (0)      6  : 0.0008 0.0000 0.0952 0.1515 0.0000 0.0000 0.1679 0.0038 0.5449 0.0360 0.0000
103      103   (0)      6  : 0.0000 0.0000 0.0038 0.0059 0.0000 0.0000 0.6588 0.0000 0.3107 0.0209 0.0000
104      104   (0)      6  : 0.4446 0.0000 0.0000 0.0340 0.0000 0.0000 0.0000 0.0000 0.5214 0.0000 0.0000
105      105   (0)      6  : 0.0000 0.0000 0.0000 0.0017 0.0000 0.0000 0.6540 0.0000 0.3443 0.0000 0.0000
106      106   (0)      6  : 0.0415 0.0000 0.0000 0.0941 0.0000 0.0000 0.1579 0.0000 0.5816 0.1238 0.0011
107      107   (0)      6  : 0.2325 0.0039 0.0233 0.0283 0.0000 0.0000 0.2463 0.0000 0.4530 0.0042 0.0086
108      108   (0)      6  : 0.1106 0.0000 0.0000 0.0685 0.0188 0.0000 0.3311 0.0000 0.4456 0.0000 0.0255
109      109   (0)      6  : 0.0452 0.2419 0.0000 0.0000 0.2370 0.0091 0.1266 0.0000 0.0903 0.0000 0.2500
110      110   (0)      7  : 0.1169 0.0083 0.0000 0.3022 0.0000 0.0000 0.3584 0.0000 0.2035 0.0000 0.0106
111      111   (0)      7  : 0.0000 0.0043 0.0000 0.0009 0.0000 0.0000 0.0000 0.0000 0.1724 0.7850 0.0374
112      112   (0)      6  : 0.0001 0.0043 0.0000 0.0088 0.0000 0.0000 0.0355 0.0000 0.8086 0.1291 0.0136
113      113   (0)      6  : 0.0000 0.0000 0.1012 0.0000 0.0000 0.0000 0.0000 0.0048 0.8939 0.0000 0.0000
114      114   (0)      6  : 0.0000 0.2148 0.0000 0.0000 0.2330 0.0446 0.0086 0.0000 0.2601 0.0204 0.2185
115      115   (0)      6  : 0.0002 0.0000 0.0440 0.2915 0.0000 0.0000 0.0000 0.0012 0.6159 0.0000 0.0471
116      116   (0)      6  : 0.0000 0.1240 0.0000 0.0000 0.2728 0.0191 0.0000 0.0427 0.2746 0.1612 0.1057
117      117   (0)      6  : 0.0341 0.0453 0.0000 0.1830 0.0076 0.0000 0.1418 0.0009 0.5200 0.0466 0.0208
118      118   (0)      6  : 0.0000 0.0000 0.0000 0.0000 0.0000 0.0000 0.1907 0.0000 0.7212 0.0000 0.0881
119      119   (0)      6  : 0.0084 0.0000 0.0000 0.0000 0.0000 0.0000 0.1721 0.0000 0.8196 0.0000 0.0000
120      120   (0)      6  : 0.0000 0.0000 0.0000 0.1043 0.0000 0.0000 0.0000 0.0000 0.8957 0.0000 0.0000
121      121   (0)      6  : 0.0000 0.0000 0.0000 0.0039 0.0000 0.0000 0.0000 0.0000 0.9961 0.0000 0.0000
122      122   (0)      6  : 0.0000 0.1769 0.0000 0.0000 0.2809 0.0340 0.0000 0.0145 0.3207 0.0000 0.1731
123      123   (0)      8  : 0.0000 0.0000 0.0000 0.1851 0.0485 0.0000 0.4546 0.0000 0.0716 0.2402 0.0000
124      124   (0)      8  : 0.2905 0.0056 0.0000 0.1297 0.0031 0.0001 0.4412 0.0000 0.0025 0.1135 0.0138
125      125   (0)      8  : 0.0000 0.0000 0.0000 0.0459 0.0285 0.0000 0.6682 0.0000 0.0000 0.2139 0.0434
126      126   (0)      8  : 0.5491 0.0011 0.0000 0.3510 0.0000 0.0000 0.0310 0.0000 0.0000 0.0593 0.0085
127      127   (0)      8  : 0.4429 0.0000 0.0000 0.3363 0.0000 0.0027 0.0000 0.0000 0.0000 0.2181 0.0000
128      128   (0)      8  : 0.0000 0.0000 0.0000 0.3937 0.0000 0.0000 0.4099 0.0000 0.0000 0.1074 0.0890
129      129   (0)      8  : 0.1904 0.0000 0.0000 0.1767 0.0126 0.0000 0.4815 0.0000 0.0000 0.1388 0.0000
130      130   (0)      8  : 0.0000 0.0000 0.0000 0.0000 0.0234 0.0000 0.6827 0.0000 0.0054 0.2818 0.0067
131      131   (0)      8  : 0.3265 0.0000 0.0000 0.0996 0.0000 0.0000 0.1017 0.0000 0.0268 0.4405 0.0049
132      132   (0)      8  : 0.2218 0.0000 0.0000 0.3703 0.0000 0.0000 0.3952 0.0000 0.0000 0.0039 0.0088
133      133   (0)      8  : 0.3912 0.0000 0.0000 0.1297 0.0133 0.0000 0.3684 0.0000 0.0000 0.0974 0.0000
134      134   (0)      8  : 0.0591 0.0158 0.0000 0.5184 0.0037 0.0000 0.2830 0.0156 0.0186 0.0528 0.0331
135      135   (0)      8  : 0.0600 0.0000 0.0000 0.0263 0.0000 0.0000 0.0000 0.0000 0.0000 0.9137 0.0000
136      136   (0)      8  : 0.0294 0.0000 0.0000 0.0202 0.0000 0.0000 0.8827 0.0000 0.0000 0.0097 0.0579
137      137   (0)      8  : 0.3919 0.0000 0.0000 0.2510 0.0235 0.0000 0.0000 0.0000 0.0430 0.2370 0.0535
138      138   (0)      8  : 0.5952 0.0000 0.0000 0.2933 0.0000 0.0000 0.0464 0.0000 0.0000 0.0651 0.0001
139      139   (0)      8  : 0.6172 0.0043 0.0000 0.3038 0.0053 0.0000 0.0338 0.0000 0.0000 0.0080 0.0277
140      140   (0)      8  : 0.7095 0.0000 0.0000 0.2905 0.0000 0.0000 0.0000 0.0000 0.0000 0.0000 0.0000
141      141   (0)      8  : 0.3961 0.0000 0.0000 0.1909 0.0000 0.0000 0.3297 0.0000 0.0000 0.0833 0.0000
142      142   (0)      8  : 0.0000 0.0000 0.0000 0.5380 0.0000 0.0000 0.2810 0.0000 0.0000 0.0031 0.1779
143      143   (0)      8  : 0.5938 0.0000 0.0028 0.2626 0.0000 0.0000 0.1097 0.0000 0.0269 0.0000 0.0042
144      144   (0)      8  : 0.0747 0.0000 0.0000 0.0000 0.0000 0.0000 0.0000 0.0000 0.0000 0.9253 0.0000
145      145   (0)      8  : 0.4037 0.0000 0.0088 0.2975 0.0000 0.0153 0.0633 0.0004 0.0274 0.0772 0.1062
146      146   (0)      3  : 0.0749 0.0000 0.0000 0.2909 0.0000 0.0000 0.4984 0.0000 0.0000 0.1293 0.0066
147      147   (0)      3  : 0.1674 0.1237 0.0000 0.0098 0.2555 0.0000 0.3079 0.0000 0.0000 0.0000 0.1358
148      148   (0)      3  : 0.0705 0.0000 0.0000 0.0036 0.0000 0.0000 0.8320 0.0000 0.0000 0.0000 0.0939
149      149   (0)      3  : 0.5081 0.0011 0.0000 0.3643 0.0047 0.0000 0.0936 0.0000 0.0000 0.0201 0.0081
150      150   (0)      3  : 0.2480 0.0000 0.0104 0.2986 0.0000 0.0000 0.3827 0.0000 0.0000 0.0000 0.0604
151      151   (0)      3  : 0.0027 0.0054 0.0047 0.0756 0.0000 0.0000 0.6116 0.0000 0.0000 0.2435 0.0565
152      152   (0)      3  : 0.5597 0.0000 0.0000 0.3392 0.0000 0.0000 0.0000 0.0000 0.0000 0.1010 0.0000
153      153   (0)      3  : 0.3635 0.0000 0.0000 0.3496 0.0000 0.0000 0.1701 0.0000 0.0000 0.1169 0.0000
154      154   (0)      3  : 0.1933 0.0000 0.0000 0.5416 0.0000 0.0000 0.2304 0.0000 0.0000 0.0000 0.0347
155      155   (0)      3  : 0.3242 0.0000 0.0000 0.4803 0.0000 0.0000 0.0941 0.0000 0.0000 0.1013 0.0000
156      156   (0)      3  : 0.2749 0.0029 0.0000 0.4543 0.0294 0.0000 0.0000 0.0000 0.0000 0.2320 0.0065
157      157   (0)      3  : 0.4082 0.0000 0.0000 0.3704 0.0896 0.0000 0.0340 0.0000 0.0000 0.0979 0.0000
158      158   (0)      3  : 0.5750 0.0000 0.0000 0.2293 0.0005 0.0000 0.0321 0.0000 0.0000 0.1631 0.0000
159      159   (0)      3  : 0.4824 0.0000 0.0000 0.4124 0.0000 0.0000 0.0355 0.0000 0.0507 0.0190 0.0000
160      160   (0)      3  : 0.3676 0.1367 0.0000 0.0180 0.3066 0.0000 0.0080 0.0093 0.0000 0.0000 0.1539
161      161   (0)      3  : 0.3403 0.0000 0.0095 0.1189 0.0000 0.0000 0.1675 0.0000 0.0701 0.1568 0.1370
162      162   (0)      3  : 0.1237 0.0000 0.0000 0.1393 0.0000 0.0000 0.6352 0.0000 0.0000 0.1018 0.0000
163      163   (0)      3  : 0.6445 0.0000 0.0000 0.3359 0.0000 0.0000 0.0002 0.0000 0.0000 0.0079 0.0115
164      164   (0)      3  : 0.2689 0.0000 0.0025 0.4354 0.0000 0.0000 0.1872 0.0000 0.0000 0.0028 0.1033
165      165   (0)      3  : 0.5088 0.0000 0.0000 0.4352 0.0000 0.0000 0.0007 0.0000 0.0000 0.0553 0.0000
166      166   (0)      3  : 0.0000 0.0000 0.0000 0.0629 0.0056 0.0000 0.6974 0.0000 0.0000 0.2201 0.0140
167      167   (0)      3  : 0.3671 0.0000 0.0000 0.5421 0.0000 0.0000 0.0278 0.0000 0.0000 0.0000 0.0630
168      168   (0)      3  : 0.5137 0.0000 0.0000 0.1506 0.0000 0.0000 0.2978 0.0044 0.0017 0.0317 0.0000
169      169   (0)      3  : 0.4332 0.0000 0.0000 0.3264 0.0051 0.0000 0.0129 0.0000 0.0000 0.2222 0.0000
170      170   (0)      3  : 0.4144 0.0000 0.0000 0.4515 0.0000 0.0000 0.0000 0.0000 0.0158 0.0549 0.0634
171      171   (0)      3  : 0.7138 0.0048 0.0000 0.2445 0.0000 0.0000 0.0000 0.0000 0.0000 0.0303 0.0066
172      172   (0)      3  : 0.4578 0.0000 0.0000 0.4497 0.0000 0.0000 0.0078 0.0000 0.0000 0.0354 0.0493
173      173   (0)      3  : 0.5216 0.0000 0.0000 0.3365 0.0000 0.0000 0.0034 0.0000 0.0182 0.1203 0.0000
174      174   (0)      3  : 0.2435 0.0000 0.0000 0.3697 0.0008 0.0000 0.2470 0.0000 0.0000 0.0132 0.1257
175      175   (0)      8  : 0.0079 0.0000 0.0000 0.4752 0.0000 0.0000 0.3950 0.0000 0.0000 0.0000 0.1219
176      176   (0)      8  : 0.0000 0.0000 0.0000 0.0000 0.0000 0.0000 0.0000 0.0000 0.0164 0.9836 0.0000
177      177   (0)      8  : 0.4120 0.0000 0.0000 0.1884 0.0000 0.0000 0.3425 0.0000 0.0000 0.0571 0.0000
178      178   (0)      8  : 0.3777 0.0000 0.0000 0.1551 0.0000 0.0000 0.0000 0.0000 0.1754 0.1665 0.1253
179      179   (0)      8  : 0.2774 0.0000 0.0000 0.2454 0.0000 0.0000 0.4265 0.0000 0.0171 0.0326 0.0010
180      180   (0)      8  : 0.2371 0.0000 0.0000 0.3142 0.0223 0.0000 0.3381 0.0000 0.0000 0.0799 0.0084
181      181   (0)      8  : 0.2843 0.0000 0.0000 0.3663 0.0000 0.0192 0.2779 0.0000 0.0000 0.0501 0.0023
182      182   (0)      1  : 0.8017 0.0000 0.0000 0.0323 0.0000 0.0000 0.0000 0.0000 0.1378 0.0065 0.0217
183      183   (0)      1  : 0.2363 0.0000 0.0000 0.0000 0.0000 0.0000 0.3146 0.0000 0.3328 0.0000 0.1163
184      184   (0)      1  : 0.5261 0.0000 0.0012 0.0000 0.0000 0.0000 0.0000 0.0000 0.3490 0.0177 0.1060
185      185   (0)      1  : 0.2047 0.0128 0.0000 0.0000 0.0098 0.0000 0.3646 0.0000 0.3375 0.0000 0.0705
186      186   (0)      1  : 0.6129 0.0000 0.0000 0.0000 0.0000 0.0000 0.0089 0.0000 0.3321 0.0000 0.0462
187      187   (0)      1  : 0.2218 0.0254 0.0000 0.1657 0.0387 0.0000 0.1891 0.0006 0.2455 0.0979 0.0153
188      188   (0)      1  : 0.7161 0.0000 0.0000 0.0000 0.0000 0.0000 0.0055 0.0000 0.2327 0.0000 0.0456
189      189   (0)      1  : 0.7375 0.0000 0.0000 0.0014 0.0000 0.0000 0.0784 0.0000 0.1204 0.0000 0.0623
190      190   (0)      2  : 0.0000 0.0000 0.0000 0.0000 0.0000 0.0000 0.6233 0.0000 0.1373 0.0000 0.2394
191      191   (0)      2  : 0.5692 0.0000 0.0000 0.3375 0.0000 0.0000 0.0058 0.0000 0.0876 0.0000 0.0000
192      192   (0)      2  : 0.5795 0.0000 0.0000 0.1650 0.0000 0.0000 0.1118 0.0000 0.1099 0.0288 0.0051
193      193   (0)      2  : 0.0000 0.0000 0.0000 0.3476 0.0000 0.0385 0.5927 0.0000 0.0000 0.0000 0.0212
194      194   (0)      2  : 0.6954 0.0000 0.0000 0.0717 0.0000 0.0000 0.1618 0.0000 0.0483 0.0228 0.0000
195      195   (0)      2  : 0.0000 0.0000 0.0000 0.1266 0.0000 0.0000 0.8690 0.0000 0.0000 0.0044 0.0000
196      196   (0)      2  : 0.2067 0.0000 0.0000 0.0000 0.0000 0.0000 0.1360 0.0000 0.4789 0.0000 0.1784
197      197   (0)      2  : 0.0006 0.0000 0.0000 0.2341 0.0000 0.0000 0.1835 0.0000 0.2513 0.0000 0.3306
198      198   (0)      1  : 0.2277 0.0000 0.0016 0.0636 0.0000 0.0000 0.4669 0.0000 0.1478 0.0000 0.0925
199      199   (0)      1  : 0.4384 0.0000 0.0000 0.0239 0.0000 0.0000 0.0000 0.0000 0.5340 0.0037 0.0000
200      200   (0)      1  : 0.0000 0.0000 0.0006 0.0309 0.0000 0.0000 0.3980 0.0000 0.3735 0.0907 0.1063
201      201   (0)      1  : 0.0345 0.0000 0.0272 0.0000 0.0289 0.0000 0.1571 0.0000 0.7280 0.0000 0.0243
202      202   (0)      1  : 0.0000 0.0033 0.0000 0.0000 0.0000 0.0000 0.2900 0.0000 0.5761 0.0038 0.1267
203      203   (0)      1  : 0.0000 0.0000 0.0000 0.0000 0.0000 0.0000 0.0000 0.0000 0.8637 0.0000 0.1363
204      204   (0)      2  : 0.0000 0.1174 0.0000 0.0012 0.1100 0.0029 0.3905 0.0000 0.0703 0.1761 0.1315
205      205   (0)      2  : 0.0478 0.0000 0.0000 0.0021 0.0000 0.0000 0.4262 0.0000 0.3734 0.0036 0.1470
206      206   (0)      2  : 0.0000 0.1858 0.0000 0.0500 0.2800 0.0000 0.2477 0.0000 0.0000 0.0392 0.1974
207      207   (0)      2  : 0.6016 0.0000 0.0000 0.1632 0.0000 0.0000 0.0000 0.0000 0.1570 0.0000 0.0781
208      208   (0)      2  : 0.0000 0.0000 0.0000 0.0000 0.0000 0.0000 0.9156 0.0000 0.0000 0.0000 0.0844
209      209   (0)      2  : 0.7944 0.0084 0.0000 0.1199 0.0000 0.0000 0.0000 0.0000 0.0000 0.0000 0.0773
210      210   (0)      2  : 0.0000 0.0000 0.0000 0.1158 0.0000 0.0000 0.5504 0.0000 0.0283 0.0000 0.3055
211      211   (0)      1  : 0.0000 0.0000 0.0084 0.0000 0.0000 0.0000 0.5722 0.0000 0.1626 0.0000 0.2569
212      212   (0)      1  : 0.2062 0.0000 0.0004 0.0000 0.0002 0.0000 0.0000 0.0000 0.4540 0.2738 0.0655
213      213   (0)      1  : 0.1926 0.0000 0.0000 0.1025 0.0000 0.0178 0.1824 0.0000 0.3413 0.0295 0.1339
214      214   (0)      1  : 0.3446 0.0000 0.0000 0.0045 0.0001 0.0000 0.0000 0.0000 0.5328 0.0078 0.1103
215      215   (0)      1  : 0.0000 0.0000 0.0000 0.0000 0.0000 0.0000 0.7398 0.0000 0.1512 0.0000 0.1090
216      216   (0)      1  : 0.3724 0.0000 0.0000 0.0000 0.0000 0.0000 0.0000 0.0000 0.5400 0.0000 0.0877
217      217   (0)      1  : 0.3376 0.0000 0.0293 0.0000 0.0000 0.0000 0.0112 0.0000 0.5473 0.0000 0.0746
218      218   (0)      1  : 0.0000 0.0000 0.0068 0.0135 0.0000 0.0000 0.4184 0.0000 0.5113 0.0300 0.0200
219      219   (0)      2  : 0.3791 0.0000 0.0000 0.0000 0.0000 0.0000 0.4053 0.0000 0.1648 0.0000 0.0508
220      220   (0)      2  : 0.0000 0.0000 0.0000 0.0978 0.0000 0.0000 0.5287 0.0000 0.1091 0.1403 0.1241
221      221   (0)      2  : 0.5363 0.0000 0.0000 0.0732 0.0000 0.0000 0.0000 0.0133 0.2812 0.0056 0.0904
222      222   (0)      2  : 0.4168 0.0000 0.0000 0.2207 0.0000 0.0000 0.1325 0.0000 0.2300 0.0000 0.0000
223      223   (0)      2  : 0.5011 0.0000 0.0000 0.0074 0.0000 0.0000 0.0000 0.0000 0.4558 0.0345 0.0013
224      224   (0)      2  : 0.0908 0.0062 0.0000 0.0057 0.0000 0.0000 0.8289 0.0000 0.0000 0.0000 0.0684
225      225   (0)      2  : 0.0617 0.0000 0.0000 0.0645 0.0000 0.0000 0.4588 0.0000 0.1419 0.0000 0.2731
226      226   (0)      2  : 0.7055 0.0088 0.0101 0.0623 0.0000 0.0000 0.0000 0.0000 0.1469 0.0144 0.0521
227      227   (0)      2  : 0.7480 0.0000 0.0000 0.0001 0.0000 0.0000 0.0880 0.0000 0.0587 0.0000 0.1053
228      228   (0)      2  : 0.7484 0.0000 0.0000 0.0601 0.0000 0.0000 0.1179 0.0013 0.0440 0.0000 0.0282
229      229   (0)      2  : 0.9481 0.0000 0.0000 0.0000 0.0000 0.0000 0.0519 0.0000 0.0000 0.0000 0.0000
230      230   (0)      2  : 0.1287 0.1623 0.0000 0.0000 0.1640 0.0181 0.3286 0.0174 0.0000 0.0000 0.1809
231      231   (0)      2  : 0.4589 0.0000 0.0000 0.1897 0.0004 0.0000 0.1581 0.0000 0.0394 0.1536 0.0000
232      232   (0)      2  : 0.3851 0.0000 0.0000 0.0810 0.0000 0.0000 0.3691 0.0000 0.1118 0.0097 0.0433
233      233   (0)      9  : 0.0403 0.0000 0.9597 0.0000 0.0000 0.0000 0.0000 0.0000 0.0000 0.0000 0.0000
234      234   (0)      9  : 0.0000 0.0000 0.0000 0.0000 0.0559 0.8503 0.0000 0.0937 0.0000 0.0000 0.0000
235      235   (0)      9  : 0.0000 0.0000 1.0000 0.0000 0.0000 0.0000 0.0000 0.0000 0.0000 0.0000 0.0000
236      236   (0)      9  : 0.0000 0.0000 0.0000 0.0812 0.0579 0.7125 0.0000 0.1484 0.0000 0.0000 0.0000
237      237   (0)      9  : 0.0307 0.0000 0.9693 0.0000 0.0000 0.0000 0.0000 0.0000 0.0000 0.0000 0.0000
238      238   (0)      9  : 0.0000 0.0000 0.9646 0.0000 0.0000 0.0000 0.0000 0.0000 0.0000 0.0000 0.0354
239      239   (0)      9  : 0.0000 0.0848 0.0000 0.0000 0.0045 0.8677 0.0104 0.0281 0.0000 0.0000 0.0045
240      240   (0)      9  : 0.0000 0.0000 0.0000 0.0000 0.0134 0.9424 0.0000 0.0442 0.0000 0.0000 0.0000
241      241   (0)     10  : 0.0000 0.0000 0.0000 0.0000 0.0000 1.0000 0.0000 0.0000 0.0000 0.0000 0.0000
242      242   (0)     10  : 0.0000 0.0000 0.0000 0.0000 0.0000 1.0000 0.0000 0.0000 0.0000 0.0000 0.0000
243      243   (0)     10  : 0.0043 0.0000 0.0000 0.0214 0.0000 0.9318 0.0000 0.0000 0.0000 0.0420 0.0005
244      244   (0)     11  : 0.0000 0.0217 0.9310 0.0000 0.0210 0.0000 0.0000 0.0263 0.0000 0.0000 0.0000
245      245   (0)     11  : 0.0000 0.0359 0.9098 0.0000 0.0000 0.0000 0.0000 0.0473 0.0000 0.0000 0.0070
246      246   (0)     11  : 0.0014 0.0000 0.9403 0.0000 0.0000 0.0000 0.0000 0.0000 0.0115 0.0000 0.0468
247      247   (0)     11  : 0.0094 0.0000 0.9906 0.0000 0.0000 0.0000 0.0000 0.0000 0.0000 0.0000 0.0000
248      248   (0)     11  : 0.0000 0.0000 0.9645 0.0000 0.0000 0.0000 0.0000 0.0000 0.0355 0.0000 0.0000
249      249   (0)     11  : 0.0000 0.0723 0.0000 0.0000 0.0000 0.6481 0.0000 0.2657 0.0113 0.0000 0.0025
250      250   (0)     11  : 0.0000 0.1692 0.0000 0.0000 0.0120 0.4707 0.0000 0.2871 0.0000 0.0610 0.0000
251      251   (0)     10  : 0.0102 0.0000 0.1072 0.0065 0.0000 0.8050 0.0000 0.0000 0.0596 0.0115 0.0000
252      252   (0)     10  : 0.0000 0.0041 0.0000 0.0000 0.0335 0.9557 0.0000 0.0000 0.0000 0.0024 0.0043
253      253   (0)     10  : 0.0000 0.0000 0.0000 0.0000 0.0000 1.0000 0.0000 0.0000 0.0000 0.0000 0.0000
254      254   (0)     10  : 0.0000 0.0000 0.0000 0.0000 0.0000 0.9333 0.0000 0.0176 0.0492 0.0000 0.0000
255      255   (0)     10  : 0.0000 0.0000 0.0000 0.0000 0.0000 0.8110 0.1429 0.0461 0.0000 0.0000 0.0000
256      256   (0)     10  : 0.0000 0.0000 0.0216 0.0000 0.0216 0.7877 0.0000 0.0796 0.0043 0.0852 0.0000
257      257   (0)     10  : 0.0000 0.0155 0.0152 0.0000 0.0194 0.9362 0.0000 0.0000 0.0000 0.0000 0.0137
258      258   (0)     10  : 0.0000 0.0000 0.0000 0.0000 0.0000 0.9832 0.0000 0.0168 0.0000 0.0000 0.0000
259      259   (0)     10  : 0.0000 0.0000 0.0491 0.0000 0.0487 0.9022 0.0000 0.0000 0.0000 0.0000 0.0000
260      260   (0)     10  : 0.0000 0.0000 0.0000 0.0360 0.0000 0.8114 0.0000 0.1490 0.0000 0.0036 0.0000
261      261   (0)     10  : 0.0035 0.0000 0.3390 0.0000 0.0000 0.5881 0.0000 0.0498 0.0000 0.0000 0.0196
262      262   (0)     10  : 0.0000 0.0789 0.0460 0.1062 0.0198 0.6857 0.0000 0.0527 0.0000 0.0107 0.0000
263      263   (0)     10  : 0.0000 0.0000 0.0000 0.0000 0.0362 0.9638 0.0000 0.0000 0.0000 0.0000 0.0000
264      264   (0)     10  : 0.0000 0.0043 0.0000 0.0000 0.0000 0.9957 0.0000 0.0000 0.0000 0.0000 0.0000
265      265   (0)     10  : 0.0000 0.0000 0.0000 0.0000 0.0000 0.9738 0.0000 0.0262 0.0000 0.0000 0.0000
266      266   (0)     10  : 0.0000 0.0000 0.0000 0.0000 0.0230 0.9262 0.0000 0.0508 0.0000 0.0000 0.0000
267      267   (0)     10  : 0.0000 0.0000 0.8868 0.0000 0.0000 0.0394 0.0649 0.0000 0.0000 0.0000 0.0089
268      268   (0)     10  : 0.0000 0.0088 0.0000 0.0331 0.0000 0.8773 0.0000 0.0462 0.0000 0.0346 0.0000
269      269   (0)     10  : 0.0000 0.0000 0.0290 0.0452 0.0000 0.9258 0.0000 0.0000 0.0000 0.0000 0.0000
270      270   (0)     10  : 0.0000 0.0000 0.0000 0.0000 0.0000 0.9341 0.0000 0.0000 0.0659 0.0000 0.0000
271      271   (0)     10  : 0.0000 0.0000 0.0084 0.0000 0.0000 0.9504 0.0000 0.0000 0.0000 0.0411 0.0000
272      272   (0)     10  : 0.0000 0.0000 0.0000 0.0000 0.0000 1.0000 0.0000 0.0000 0.0000 0.0000 0.0000
273      273   (0)     12  : 0.0000 0.7500 0.0000 0.0000 0.0010 0.0068 0.0000 0.2422 0.0000 0.0000 0.0000
274      274   (0)     12  : 0.0000 0.7500 0.0150 0.0000 0.0000 0.0000 0.0000 0.2346 0.0000 0.0005 0.0000
275      275   (0)     12  : 0.0000 0.7500 0.0000 0.0000 0.0009 0.0000 0.0000 0.2491 0.0000 0.0000 0.0000
276      276   (0)     12  : 0.0000 0.6467 0.0000 0.0000 0.0069 0.0000 0.0000 0.3464 0.0000 0.0000 0.0000
277      277   (0)     12  : 0.0000 0.7114 0.0512 0.0199 0.0000 0.0233 0.0000 0.1926 0.0000 0.0017 0.0000
278      278   (0)     12  : 0.0000 0.2736 0.6503 0.0000 0.0000 0.0000 0.0000 0.0761 0.0000 0.0000 0.0000
279      279   (0)     12  : 0.0000 0.1500 0.8132 0.0000 0.0000 0.0000 0.0000 0.0369 0.0000 0.0000 0.0000
280      280   (0)     12  : 0.0000 0.7500 0.0000 0.0000 0.0000 0.0000 0.0000 0.2500 0.0000 0.0000 0.0000
281      281   (0)     12  : 0.0000 0.7541 0.0000 0.0000 0.0000 0.0068 0.0000 0.2391 0.0000 0.0000 0.0000
282      282   (0)     12  : 0.0000 0.6155 0.0708 0.0000 0.0000 0.0696 0.0000 0.2243 0.0000 0.0198 0.0000
283      283   (0)     12  : 0.0000 0.7500 0.0152 0.0096 0.0000 0.0042 0.0000 0.2201 0.0000 0.0008 0.0000
284      284   (0)     12  : 0.0000 0.1394 0.8263 0.0000 0.0000 0.0000 0.0000 0.0343 0.0000 0.0000 0.0000
285      285   (0)     12  : 0.0000 0.1414 0.8301 0.0000 0.0000 0.0000 0.0000 0.0284 0.0001 0.0000 0.0000
286      286   (0)     12  : 0.0000 0.2380 0.6828 0.0000 0.0039 0.0000 0.0000 0.0610 0.0000 0.0143 0.0000
287      287   (0)     12  : 0.0000 0.7500 0.0000 0.0000 0.0000 0.0114 0.0000 0.2386 0.0000 0.0000 0.0000
288      288   (0)     12  : 0.0000 0.7500 0.0000 0.0000 0.0000 0.0000 0.0000 0.2500 0.0000 0.0000 0.0000
289      289   (0)     12  : 0.0000 0.7500 0.0000 0.0000 0.0000 0.0000 0.0000 0.2500 0.0000 0.0000 0.0000
290      290   (0)     12  : 0.0000 0.7500 0.0000 0.0000 0.0016 0.0000 0.0000 0.2484 0.0000 0.0000 0.0000
291      291   (0)     12  : 0.0000 0.7500 0.0000 0.0000 0.0000 0.0090 0.0000 0.2410 0.0000 0.0000 0.0000
292      292   (0)     12  : 0.0000 0.7500 0.0055 0.0000 0.0000 0.0172 0.0000 0.2273 0.0000 0.0000 0.0000
293      293   (0)     12  : 0.0000 0.7500 0.0000 0.0000 0.0000 0.0000 0.0000 0.2500 0.0000 0.0000 0.0000
294      294   (0)     12  : 0.0000 0.7500 0.0000 0.0000 0.0072 0.0000 0.0000 0.2428 0.0000 0.0000 0.0000
295      295   (0)     12  : 0.0000 0.0769 0.9107 0.0000 0.0000 0.0000 0.0000 0.0123 0.0000 0.0000 0.0000
296      296   (0)     12  : 0.0000 0.7479 0.0000 0.0000 0.0000 0.0000 0.0000 0.2521 0.0000 0.0000 0.0000
297      297   (0)     12  : 0.0000 0.6864 0.0000 0.0000 0.0009 0.0000 0.0000 0.3127 0.0000 0.0000 0.0000
298      298   (0)     12  : 0.0000 0.1548 0.7899 0.0042 0.0000 0.0000 0.0000 0.0510 0.0000 0.0001 0.0000
299      299   (0)     12  : 0.0000 0.7500 0.0000 0.0044 0.0000 0.0273 0.0000 0.2183 0.0000 0.0001 0.0000
300      300   (0)     12  : 0.0000 0.1145 0.8163 0.0000 0.0000 0.0000 0.0000 0.0208 0.0483 0.0000 0.0000
301      301   (0)     13  : 0.0000 0.1397 0.0249 0.0000 0.0000 0.1807 0.0000 0.6548 0.0000 0.0000 0.0000
302      302   (0)     13  : 0.0000 0.2039 0.0000 0.0000 0.0203 0.0931 0.0000 0.6827 0.0000 0.0000 0.0000
303      303   (0)     13  : 0.0000 0.0787 0.0000 0.0000 0.0152 0.2047 0.0000 0.6866 0.0000 0.0148 0.0000
304      304   (0)     13  : 0.0000 0.1337 0.0016 0.0000 0.0000 0.2774 0.0000 0.5873 0.0000 0.0000 0.0000
305      305   (0)     13  : 0.0000 0.1328 0.0000 0.0000 0.0000 0.1136 0.0000 0.7537 0.0000 0.0000 0.0000
306      306   (0)     13  : 0.0000 0.2479 0.0000 0.0000 0.0033 0.1117 0.0000 0.6290 0.0081 0.0000 0.0000
307      307   (0)     13  : 0.0000 0.0817 0.0000 0.0000 0.0544 0.2754 0.0000 0.5884 0.0000 0.0000 0.0000
308      308   (0)     13  : 0.0000 0.0000 0.7129 0.0013 0.0000 0.0000 0.0000 0.2242 0.0615 0.0000 0.0000
309      309   (0)     13  : 0.0000 0.1315 0.3698 0.0000 0.0000 0.1043 0.0000 0.3910 0.0000 0.0000 0.0035
310      310   (0)     13  : 0.0000 0.2870 0.0000 0.0000 0.0052 0.0676 0.0000 0.6402 0.0000 0.0000 0.0000
311      311   (0)     13  : 0.0000 0.0012 0.0000 0.0000 0.0000 0.1443 0.0000 0.8544 0.0000 0.0000 0.0000
312      312   (0)     13  : 0.0000 0.0340 0.0000 0.0000 0.0868 0.1684 0.0000 0.6706 0.0000 0.0402 0.0000
313      313   (0)     13  : 0.0000 0.1484 0.0000 0.0000 0.0000 0.0858 0.0000 0.7658 0.0000 0.0000 0.0000
314      314   (0)     13  : 0.0000 0.1512 0.0000 0.0000 0.0000 0.2128 0.0000 0.6360 0.0000 0.0000 0.0000
315      315   (0)     13  : 0.0000 0.2077 0.0000 0.0000 0.0000 0.1914 0.0000 0.6008 0.0000 0.0000 0.0000
316      316   (0)     13  : 0.0000 0.0584 0.0000 0.0000 0.0192 0.3262 0.0000 0.5962 0.0000 0.0000 0.0000
317      317   (0)     13  : 0.0000 0.1340 0.0000 0.0000 0.0000 0.1834 0.0004 0.6822 0.0000 0.0000 0.0000
318      318   (0)     13  : 0.0000 0.1479 0.0000 0.0000 0.0887 0.0640 0.0000 0.6994 0.0000 0.0000 0.0000
319      319   (0)     13  : 0.0000 0.0057 0.0000 0.0000 0.0000 0.2462 0.0000 0.7481 0.0000 0.0000 0.0000
320      320   (0)     13  : 0.0000 0.1469 0.7236 0.0000 0.0018 0.0000 0.0000 0.1277 0.0000 0.0000 0.0000
321      321   (0)     13  : 0.0000 0.1553 0.0000 0.0000 0.0000 0.1527 0.0000 0.6920 0.0000 0.0000 0.0000
322      322   (0)     13  : 0.0000 0.2258 0.0000 0.0000 0.0000 0.1823 0.0000 0.5918 0.0000 0.0000 0.0000
323      323   (0)     13  : 0.0000 0.1342 0.0000 0.0000 0.0005 0.0233 0.0000 0.8420 0.0000 0.0000 0.0000
324      324   (0)     13  : 0.0000 0.1425 0.0000 0.0000 0.0000 0.0880 0.0000 0.7695 0.0000 0.0000 0.0000
325      325   (0)     14  : 0.0000 0.0754 0.0000 0.0000 0.0000 0.4730 0.0000 0.4516 0.0000 0.0000 0.0000
326      326   (0)     14  : 0.0000 0.0000 0.0000 0.0000 0.0000 1.0000 0.0000 0.0000 0.0000 0.0000 0.0000
327      327   (0)     14  : 0.0000 0.0000 1.0000 0.0000 0.0000 0.0000 0.0000 0.0000 0.0000 0.0000 0.0000
328      328   (0)     14  : 0.0000 0.2170 0.0000 0.0000 0.0000 0.6140 0.0000 0.1690 0.0000 0.0000 0.0000
329      329   (0)     14  : 0.0000 0.0000 1.0000 0.0000 0.0000 0.0000 0.0000 0.0000 0.0000 0.0000 0.0000
330      330   (0)     14  : 0.0432 0.0000 0.9210 0.0000 0.0000 0.0346 0.0000 0.0000 0.0000 0.0000 0.0013
331      331   (0)     14  : 0.0000 0.0000 0.9604 0.0000 0.0000 0.0000 0.0000 0.0142 0.0000 0.0254 0.0001
332      332   (0)     14  : 0.0000 0.1384 0.1034 0.0000 0.0000 0.5261 0.0000 0.2321 0.0000 0.0000 0.0000
333      333   (0)     14  : 0.0000 0.0000 1.0000 0.0000 0.0000 0.0000 0.0000 0.0000 0.0000 0.0000 0.0000
334      334   (0)     14  : 0.0000 0.0609 0.0000 0.0000 0.0000 0.8073 0.0000 0.1245 0.0000 0.0000 0.0073
335      335   (0)     14  : 0.0000 0.0728 0.0474 0.0000 0.0000 0.6354 0.0000 0.2151 0.0292 0.0000 0.0001
336      336   (0)     11  : 0.0000 0.0000 0.9680 0.0000 0.0000 0.0320 0.0000 0.0000 0.0000 0.0000 0.0000
337      337   (0)     11  : 0.0000 0.1580 0.0000 0.0000 0.0371 0.6281 0.0000 0.1702 0.0000 0.0067 0.0000
338      338   (0)     11  : 0.0000 0.0310 0.8763 0.0000 0.0000 0.0000 0.0000 0.0141 0.0785 0.0000 0.0000
339      339   (0)     10  : 0.0000 0.0000 0.0000 0.0000 0.0000 1.0000 0.0000 0.0000 0.0000 0.0000 0.0000
340      340   (0)     10  : 0.0000 0.0000 0.7227 0.2537 0.0173 0.0000 0.0026 0.0000 0.0000 0.0000 0.0037
341      341   (0)     11  : 0.0257 0.0616 0.8918 0.0000 0.0015 0.0193 0.0000 0.0000 0.0000 0.0000 0.0001
342      342   (0)     11  : 0.0000 0.0000 1.0000 0.0000 0.0000 0.0000 0.0000 0.0000 0.0000 0.0000 0.0000
343      343   (0)     11  : 0.0000 0.0000 1.0000 0.0000 0.0000 0.0000 0.0000 0.0000 0.0000 0.0000 0.0000
344      344   (0)     11  : 0.0010 0.0000 0.8685 0.0296 0.0000 0.0898 0.0000 0.0000 0.0000 0.0000 0.0110
345      345   (0)     11  : 0.0000 0.0000 0.9497 0.0000 0.0000 0.0057 0.0000 0.0260 0.0000 0.0186 0.0000
346      346   (0)     11  : 0.0000 0.0000 1.0000 0.0000 0.0000 0.0000 0.0000 0.0000 0.0000 0.0000 0.0000
347      347   (0)     11  : 0.0000 0.0703 0.0000 0.0000 0.0000 0.6258 0.0000 0.3039 0.0000 0.0000 0.0000
348      348   (0)     11  : 0.0000 0.0000 1.0000 0.0000 0.0000 0.0000 0.0000 0.0000 0.0000 0.0000 0.0000
349      349   (0)     11  : 0.0000 0.0000 0.9692 0.0000 0.0000 0.0308 0.0000 0.0000 0.0000 0.0000 0.0000
350      350   (0)     11  : 0.0000 0.0000 0.8489 0.0000 0.0000 0.0934 0.0000 0.0577 0.0000 0.0000 0.0000
351      351   (0)     11  : 0.0000 0.0142 0.9858 0.0000 0.0000 0.0000 0.0000 0.0000 0.0000 0.0000 0.0000
352      352   (0)     11  : 0.0000 0.1285 0.0263 0.0000 0.0000 0.7460 0.0000 0.0992 0.0000 0.0000 0.0000
353      353   (0)     11  : 0.0000 0.0000 1.0000 0.0000 0.0000 0.0000 0.0000 0.0000 0.0000 0.0000 0.0000
354      354   (0)     11  : 0.0000 0.1108 0.0000 0.0000 0.0000 0.8524 0.0000 0.0367 0.0000 0.0000 0.0000
355      355   (0)     11  : 0.0000 0.0000 1.0000 0.0000 0.0000 0.0000 0.0000 0.0000 0.0000 0.0000 0.0000
356      356   (0)     14  : 0.0000 0.0000 0.9160 0.0035 0.0000 0.0000 0.0076 0.0729 0.0000 0.0000 0.0000
357      357   (0)     14  : 0.0000 0.1322 0.0000 0.0000 0.0000 0.6759 0.0000 0.1919 0.0000 0.0000 0.0000
358      358   (0)     14  : 0.0000 0.0000 1.0000 0.0000 0.0000 0.0000 0.0000 0.0000 0.0000 0.0000 0.0000
359      359   (0)     14  : 0.0000 0.0225 0.0000 0.0000 0.0000 0.6885 0.0000 0.2889 0.0000 0.0000 0.0000
360      360   (0)     14  : 0.0000 0.0000 1.0000 0.0000 0.0000 0.0000 0.0000 0.0000 0.0000 0.0000 0.0000
361      361   (0)     14  : 0.0000 0.0000 0.9445 0.0000 0.0000 0.0555 0.0000 0.0000 0.0000 0.0000 0.0000
362      362   (0)     14  : 0.0000 0.0000 1.0000 0.0000 0.0000 0.0000 0.0000 0.0000 0.0000 0.0000 0.0000
363      363   (0)     14  : 0.0065 0.0000 0.9560 0.0000 0.0000 0.0000 0.0000 0.0000 0.0000 0.0000 0.0375
364      364   (0)     14  : 0.0000 0.0000 1.0000 0.0000 0.0000 0.0000 0.0000 0.0000 0.0000 0.0000 0.0000
365      365   (0)     14  : 0.0000 0.0000 0.8825 0.0000 0.0000 0.0181 0.0000 0.0995 0.0000 0.0000 0.0000
366      366   (0)     14  : 0.0000 0.0420 0.0309 0.0000 0.0000 0.6906 0.0000 0.2365 0.0000 0.0000 0.0000
367      367   (0)      9  : 0.0000 0.0076 0.0000 0.0000 0.0000 0.9218 0.0000 0.0706 0.0000 0.0000 0.0000
368      368   (0)      9  : 0.0000 0.0000 0.8502 0.0472 0.0000 0.1015 0.0000 0.0000 0.0000 0.0010 0.0000
369      369   (0)      9  : 0.0000 0.0146 0.0211 0.0000 0.0000 0.9578 0.0000 0.0066 0.0000 0.0000 0.0000
370      370   (0)      9  : 0.0000 0.0000 0.0635 0.0000 0.0000 0.9127 0.0000 0.0238 0.0000 0.0000 0.0000
371      371   (0)      9  : 0.0000 0.0000 0.0000 0.0000 0.0000 1.0000 0.0000 0.0000 0.0000 0.0000 0.0000
372      372   (0)      9  : 0.0000 0.0000 1.0000 0.0000 0.0000 0.0000 0.0000 0.0000 0.0000 0.0000 0.0000
373      373   (0)     14  : 0.0000 0.0000 0.9994 0.0000 0.0006 0.0000 0.0000 0.0000 0.0000 0.0000 0.0000
374      374   (0)     14  : 0.0000 0.0000 0.0198 0.0000 0.0000 0.9802 0.0000 0.0000 0.0000 0.0000 0.0000
375      375   (0)     14  : 0.0000 0.0000 0.9586 0.0000 0.0000 0.0414 0.0000 0.0000 0.0000 0.0000 0.0000
376      376   (0)     14  : 0.0002 0.0000 0.9998 0.0000 0.0000 0.0000 0.0000 0.0000 0.0000 0.0000 0.0000
377      377   (0)     14  : 0.0000 0.0610 0.0000 0.0000 0.0080 0.9113 0.0000 0.0196 0.0000 0.0000 0.0000
378      378   (0)      9  : 0.0000 0.0138 0.0000 0.0000 0.0000 0.9862 0.0000 0.0000 0.0000 0.0000 0.0000
379      379   (0)      9  : 0.0705 0.0000 0.9295 0.0000 0.0000 0.0000 0.0000 0.0000 0.0000 0.0000 0.0000
380      380   (0)      9  : 0.0717 0.0000 0.9043 0.0000 0.0000 0.0000 0.0000 0.0000 0.0000 0.0000 0.0240
381      381   (0)      9  : 0.0000 0.0000 0.8726 0.0000 0.0000 0.0000 0.1178 0.0000 0.0000 0.0000 0.0096
382      382   (0)      9  : 0.0000 0.0000 0.0001 0.0000 0.0000 0.9999 0.0000 0.0000 0.0000 0.0000 0.0000
383      383   (0)      9  : 0.0000 0.0000 0.0000 0.0000 0.0000 1.0000 0.0000 0.0000 0.0000 0.0000 0.0000
384      384   (0)      9  : 0.0000 0.0000 0.0000 0.0000 0.0000 1.0000 0.0000 0.0000 0.0000 0.0000 0.0000
385      385   (0)      9  : 0.0000 0.0000 0.8274 0.0000 0.0000 0.0000 0.1005 0.0000 0.0000 0.0000 0.0721
386      386   (0)      9  : 0.0000 0.0194 0.0000 0.0000 0.0000 0.9806 0.0000 0.0000 0.0000 0.0000 0.0000
387      387   (0)      9  : 0.0000 0.0000 0.0127 0.0000 0.0348 0.9525 0.0000 0.0000 0.0000 0.0000 0.0000
388      388   (0)      9  : 0.0000 0.0000 0.9976 0.0000 0.0000 0.0000 0.0024 0.0000 0.0000 0.0000 0.0000
389      389   (0)      9  : 0.0045 0.0000 0.9746 0.0000 0.0000 0.0000 0.0000 0.0000 0.0000 0.0154 0.0055
390      390   (0)      9  : 0.0000 0.0000 0.0000 0.0000 0.0954 0.7939 0.0000 0.0000 0.0000 0.1107 0.0000
391      391   (0)      9  : 0.0000 0.0000 0.7816 0.0000 0.0000 0.0000 0.1449 0.0000 0.0000 0.0000 0.0735
392      392   (0)     15  : 0.0000 0.0000 0.0018 0.0000 0.0000 0.3340 0.0000 0.6642 0.0000 0.0000 0.0000
393      393   (0)     15  : 0.0000 0.0000 0.0000 0.0000 0.0000 0.0000 0.0000 1.0000 0.0000 0.0000 0.0000
394      394   (0)     15  : 0.0000 0.0000 0.1242 0.0000 0.0000 0.0000 0.0000 0.8758 0.0000 0.0000 0.0000
395      395   (0)     15  : 0.0000 0.0000 0.0819 0.0000 0.0000 0.0000 0.1056 0.8125 0.0000 0.0000 0.0000
396      396   (0)     15  : 0.0000 0.0000 0.0158 0.0000 0.0000 0.0000 0.0000 0.9842 0.0000 0.0000 0.0000
397      397   (0)     15  : 0.0000 0.0000 0.0156 0.0000 0.0000 0.0000 0.0000 0.9844 0.0000 0.0000 0.0000
398      398   (0)     15  : 0.0000 0.0000 0.0063 0.0000 0.0000 0.0000 0.0000 0.9937 0.0000 0.0000 0.0000
399      399   (0)     15  : 0.0000 0.0000 0.8286 0.0000 0.0000 0.0000 0.0000 0.1714 0.0000 0.0000 0.0000
400      400   (0)     15  : 0.0000 0.0000 0.0000 0.0000 0.0000 0.0000 0.0219 0.9781 0.0000 0.0000 0.0000
401      401   (0)     15  : 0.0000 0.0000 0.0070 0.0000 0.0167 0.0000 0.0000 0.9763 0.0000 0.0000 0.0000
402      402   (0)     15  : 0.0000 0.0000 0.7674 0.0000 0.0000 0.0000 0.0000 0.2326 0.0000 0.0000 0.0000
403      403   (0)     15  : 0.0000 0.0000 1.0000 0.0000 0.0000 0.0000 0.0000 0.0000 0.0000 0.0000 0.0000
404      404   (0)     15  : 0.0000 0.0000 0.0515 0.0000 0.0000 0.0000 0.0000 0.9485 0.0000 0.0000 0.0000
405      405   (0)     15  : 0.0000 0.0000 0.0121 0.0000 0.0000 0.0142 0.0000 0.9737 0.0000 0.0000 0.0000
406      406   (0)     15  : 0.0000 0.0000 0.0016 0.0000 0.0000 0.0050 0.0000 0.9934 0.0000 0.0000 0.0000
407      407   (0)     15  : 0.0000 0.0000 0.2193 0.0000 0.0000 0.0047 0.0000 0.7760 0.0000 0.0000 0.0000
408      408   (0)     15  : 0.0000 0.0000 0.8323 0.0000 0.0000 0.0000 0.0000 0.1677 0.0000 0.0000 0.0000
409      409   (0)     15  : 0.0000 0.0000 0.0592 0.0000 0.0000 0.0000 0.0000 0.9408 0.0000 0.0000 0.0000
410      410   (0)     15  : 0.0000 0.0000 0.7529 0.0000 0.0000 0.0000 0.0000 0.2471 0.0000 0.0000 0.0000
411      411   (0)     15  : 0.0000 0.0000 0.0102 0.0000 0.0000 0.0000 0.0000 0.9898 0.0000 0.0000 0.0000
412      412   (0)     15  : 0.0000 0.0000 0.1603 0.0000 0.0000 0.0000 0.0030 0.8331 0.0000 0.0000 0.0037
413      413   (0)     15  : 0.0000 0.0000 0.0045 0.0000 0.0000 0.0000 0.0000 0.9955 0.0000 0.0000 0.0000
414      414   (0)     15  : 0.0000 0.0870 0.0000 0.0000 0.0090 0.0247 0.0000 0.8258 0.0000 0.0536 0.0000
415      415   (0)     15  : 0.0000 0.0598 0.1645 0.0000 0.0000 0.0006 0.0000 0.7062 0.0593 0.0095 0.0000
416      416   (0)     15  : 0.0000 0.0000 0.0000 0.0000 0.0000 0.0000 0.0000 1.0000 0.0000 0.0000 0.0000
417      417   (0)     15  : 0.0000 0.0000 0.8459 0.0000 0.0000 0.0000 0.0000 0.1541 0.0000 0.0000 0.0000
418      418   (0)     15  : 0.0000 0.0000 0.0000 0.0000 0.0000 0.0000 0.0000 1.0000 0.0000 0.0000 0.0000
419      419   (0)     15  : 0.0000 0.0000 0.8233 0.0000 0.0000 0.0000 0.0000 0.1645 0.0122 0.0000 0.0000
420      420   (0)     15  : 0.0000 0.0000 0.8555 0.0000 0.0000 0.0000 0.0000 0.1445 0.0000 0.0000 0.0000
421      421   (0)     16  : 0.4557 0.0063 0.0000 0.0000 0.0057 0.0000 0.3692 0.0000 0.0000 0.0000 0.1631
422      422   (0)     16  : 0.0906 0.0000 0.0000 0.0000 0.0000 0.0000 0.6435 0.0000 0.0000 0.1372 0.1287
423      423   (0)     16  : 0.5480 0.0000 0.0524 0.0000 0.0000 0.0000 0.0000 0.0000 0.0955 0.1239 0.1802
424      424   (0)     16  : 0.3169 0.0000 0.0550 0.0020 0.0000 0.0000 0.2826 0.0000 0.0000 0.1146 0.2287
425      425   (0)     16  : 0.0000 0.0000 0.0022 0.0000 0.0000 0.0000 0.4995 0.0000 0.0120 0.1865 0.2997
426      426   (0)     16  : 0.5223 0.0000 0.0000 0.0242 0.0000 0.0000 0.0000 0.0000 0.1311 0.1079 0.2146
427      427   (0)     16  : 0.2471 0.0000 0.0000 0.0000 0.0000 0.0022 0.4674 0.0000 0.0000 0.0083 0.2750
428      428   (0)     16  : 0.7775 0.0000 0.0000 0.0000 0.0000 0.0000 0.0000 0.0000 0.0000 0.0000 0.2225
429      429   (0)     16  : 0.0621 0.0003 0.0000 0.0937 0.0000 0.0088 0.1978 0.0000 0.0267 0.0087 0.6019
430      430   (0)     16  : 0.8412 0.0000 0.0000 0.0000 0.0066 0.0000 0.0000 0.0000 0.0344 0.0633 0.0545
431      431   (0)     16  : 0.0002 0.0000 0.0000 0.2699 0.0000 0.0000 0.3226 0.0000 0.0000 0.1520 0.2554
432      432   (0)     16  : 0.7387 0.0000 0.0084 0.0000 0.0000 0.0000 0.0058 0.0000 0.0197 0.0000 0.2274
433      433   (0)     16  : 0.0989 0.0000 0.0000 0.0000 0.0000 0.0000 0.7276 0.0000 0.0000 0.0000 0.1736
434      434   (0)     16  : 0.6296 0.0000 0.0085 0.0276 0.0000 0.0000 0.2203 0.0028 0.0120 0.0000 0.0992
435      435   (0)     16  : 0.4909 0.0000 0.0000 0.0000 0.0000 0.0000 0.3683 0.0000 0.0000 0.0000 0.1408
436      436   (0)     16  : 0.0186 0.0000 0.0000 0.0356 0.0317 0.0000 0.7306 0.0000 0.0000 0.0057 0.1778
437      437   (0)     16  : 0.7629 0.0000 0.0000 0.0899 0.0000 0.0000 0.0000 0.0000 0.0000 0.0000 0.1472
438      438   (0)     16  : 0.9213 0.0000 0.0000 0.0329 0.0000 0.0000 0.0000 0.0000 0.0000 0.0102 0.0356
439      439   (0)     16  : 0.7146 0.0000 0.0264 0.0680 0.0000 0.0000 0.0000 0.0000 0.0004 0.0045 0.1862
440      440   (0)     16  : 0.2890 0.0000 0.0132 0.0000 0.0000 0.0000 0.0000 0.0000 0.1775 0.0050 0.5153
441      441   (0)     16  : 0.5479 0.0215 0.0000 0.0000 0.0000 0.0000 0.2769 0.0078 0.0000 0.0000 0.1457
442      442   (0)     16  : 0.8861 0.0000 0.0000 0.0397 0.0000 0.0000 0.0036 0.0000 0.0000 0.0067 0.0639
443      443   (0)     16  : 0.5056 0.0000 0.0606 0.0000 0.0000 0.0000 0.0055 0.0000 0.1336 0.0071 0.2877
444      444   (0)     16  : 0.7784 0.0000 0.0082 0.0000 0.0000 0.0000 0.0000 0.0000 0.0291 0.0000 0.1843
445      445   (0)     16  : 0.0000 0.2500 0.0000 0.0000 0.2713 0.0066 0.2222 0.0000 0.0000 0.0000 0.2500
446      446   (0)     16  : 0.5182 0.0000 0.0077 0.0000 0.0000 0.0000 0.3470 0.0000 0.0019 0.0000 0.1253
447      447   (0)     16  : 0.5003 0.0030 0.0174 0.0000 0.0000 0.0000 0.0631 0.0000 0.0187 0.0000 0.3975
448      448   (0)     16  : 0.6832 0.0000 0.0000 0.0000 0.0000 0.0000 0.0118 0.0000 0.0000 0.0000 0.3050
449      449   (0)     16  : 0.6086 0.0000 0.0209 0.0000 0.0011 0.0000 0.2257 0.0000 0.0000 0.0000 0.1437
450      450   (0)     16  : 0.7759 0.0000 0.0000 0.0645 0.0000 0.0000 0.0059 0.0000 0.0419 0.0000 0.1117
451      451   (0)     17  : 0.4737 0.0286 0.0308 0.1411 0.0073 0.0086 0.0859 0.0000 0.0889 0.0881 0.0471
452      452   (0)     17  : 0.7384 0.0000 0.0103 0.0000 0.0000 0.0000 0.0201 0.0000 0.0740 0.0000 0.1572
453      453   (0)     17  : 0.9315 0.0000 0.0000 0.0000 0.0000 0.0000 0.0000 0.0000 0.0000 0.0000 0.0685
454      454   (0)     17  : 0.0871 0.2258 0.0030 0.0000 0.2104 0.0810 0.0000 0.0175 0.1178 0.0000 0.2574
455      455   (0)     17  : 0.0188 0.0000 0.0000 0.0000 0.0000 0.0000 0.7575 0.0000 0.0000 0.0000 0.2237
456      456   (0)     17  : 0.1083 0.2500 0.0000 0.0000 0.2764 0.0682 0.0000 0.0000 0.0152 0.0000 0.2820
457      457   (0)     17  : 0.0963 0.0000 0.0000 0.0000 0.0000 0.0000 0.7307 0.0000 0.0000 0.0000 0.1731
458      458   (0)     17  : 0.8047 0.0000 0.0030 0.0342 0.0000 0.0000 0.0158 0.0000 0.0000 0.0000 0.1422
459      459   (0)     17  : 0.8816 0.0000 0.0000 0.0000 0.0000 0.0000 0.0000 0.0000 0.0000 0.0000 0.1184
460      460   (0)     17  : 0.0000 0.0000 0.0000 0.0000 0.0000 0.0000 0.1977 0.0000 0.3109 0.0000 0.4914
461      461   (0)     17  : 0.4443 0.0000 0.0206 0.0000 0.0000 0.0000 0.1477 0.0000 0.0439 0.0044 0.3391
462      462   (0)     17  : 0.1483 0.0643 0.0000 0.3150 0.0815 0.0000 0.0000 0.0168 0.0000 0.2262 0.1479
463      463   (0)     17  : 0.0058 0.1593 0.0000 0.0000 0.2480 0.0819 0.2524 0.0345 0.0072 0.0000 0.2109
464      464   (0)     17  : 0.5933 0.0059 0.0509 0.0297 0.0025 0.0000 0.0318 0.0000 0.0181 0.0344 0.2333
465      465   (0)     17  : 0.6003 0.0088 0.0000 0.0801 0.1415 0.0000 0.0092 0.0000 0.0000 0.1442 0.0158
466      466   (0)     17  : 0.5477 0.0000 0.0336 0.0075 0.0306 0.0000 0.0000 0.0000 0.2080 0.0431 0.1296
467      467   (0)     17  : 0.3207 0.0000 0.0294 0.1871 0.0177 0.0000 0.1950 0.0000 0.2264 0.0000 0.0236
468      468   (0)     17  : 0.0492 0.0000 0.0274 0.0000 0.0000 0.0000 0.0000 0.0000 0.6923 0.0000 0.2311
469      469   (0)     17  : 0.3925 0.0013 0.0404 0.0310 0.0221 0.0000 0.2580 0.0000 0.0304 0.1360 0.0884
470      470   (0)     17  : 0.6430 0.0000 0.0627 0.0003 0.0000 0.0621 0.0000 0.0000 0.0194 0.0000 0.2126
471      471   (0)     17  : 0.2850 0.0000 0.0240 0.0000 0.0000 0.0000 0.3178 0.0066 0.1242 0.0000 0.2424
472      472   (0)     17  : 0.0419 0.0000 0.0000 0.2512 0.0000 0.0018 0.0000 0.0000 0.5071 0.0000 0.1980
473      473   (0)     17  : 0.1818 0.0000 0.0032 0.0880 0.0000 0.0000 0.0000 0.0134 0.4746 0.0319 0.2071
474      474   (0)     17  : 0.0120 0.0000 0.0000 0.0151 0.0024 0.0000 0.7041 0.0003 0.0111 0.0352 0.2198
475      475   (0)     17  : 0.3604 0.0000 0.0017 0.1310 0.0066 0.0000 0.0566 0.0000 0.1807 0.0000 0.2630
476      476   (0)     17  : 0.1683 0.0029 0.0000 0.0051 0.0234 0.0137 0.5231 0.0000 0.0121 0.0645 0.1870
477      477   (0)     17  : 0.7677 0.0000 0.0000 0.0000 0.0023 0.0000 0.0000 0.0000 0.0045 0.0353 0.1902
478      478   (0)     17  : 0.0000 0.0000 0.0000 0.0000 0.0000 0.0000 0.7123 0.0000 0.0326 0.0000 0.2551
479      479   (0)     17  : 0.7031 0.0210 0.0000 0.0079 0.0149 0.0000 0.0000 0.0000 0.1482 0.0000 0.1049
480      480   (0)     17  : 0.1443 0.0079 0.0397 0.0301 0.0041 0.0000 0.0000 0.0000 0.3775 0.2516 0.1448
481      481   (0)     18  : 0.0000 0.0000 0.0000 0.4900 0.0775 0.0000 0.0000 0.0000 0.0000 0.2527 0.1797
482      482   (0)     18  : 0.0000 0.0000 0.0000 0.0000 1.0000 0.0000 0.0000 0.0000 0.0000 0.0000 0.0000
483      483   (0)     18  : 0.0000 0.0000 0.0000 0.0000 0.9662 0.0000 0.0000 0.0000 0.0000 0.0338 0.0000
484      484   (0)     18  : 0.0000 0.0000 0.0000 0.0000 1.0000 0.0000 0.0000 0.0000 0.0000 0.0000 0.0000
485      485   (0)     18  : 0.0509 0.0653 0.0000 0.0000 0.8216 0.0000 0.0000 0.0000 0.0000 0.0000 0.0622
486      486   (0)     18  : 0.0000 0.0000 0.0000 0.0000 0.8925 0.0000 0.0000 0.0000 0.0000 0.1075 0.0000
487      487   (0)     18  : 0.0000 0.0000 0.0000 0.0000 1.0000 0.0000 0.0000 0.0000 0.0000 0.0000 0.0000
488      488   (0)     18  : 0.3217 0.0000 0.0000 0.0824 0.0478 0.0000 0.0000 0.0000 0.0000 0.0861 0.4620
489      489   (0)     18  : 0.0000 0.0000 0.0000 0.4774 0.0020 0.0000 0.0000 0.0000 0.0000 0.3826 0.1381
490      490   (0)     18  : 0.0000 0.0000 0.0000 0.0000 1.0000 0.0000 0.0000 0.0000 0.0000 0.0000 0.0000
491      491   (0)     18  : 0.0155 0.0000 0.0001 0.0000 0.8793 0.0000 0.0000 0.0000 0.0073 0.0000 0.0978
492      492   (0)     18  : 0.4867 0.1242 0.0000 0.0196 0.1907 0.0000 0.0000 0.0000 0.0309 0.0003 0.1475
493      493   (0)     18  : 0.0000 0.0000 0.0000 0.3018 0.0104 0.0000 0.3709 0.0000 0.0000 0.1328 0.1842
494      494   (0)     18  : 0.0000 0.0000 0.0000 0.0164 0.9132 0.0000 0.0000 0.0000 0.0000 0.0705 0.0000
495      495   (0)     18  : 0.0000 0.0000 0.0000 0.0000 1.0000 0.0000 0.0000 0.0000 0.0000 0.0000 0.0000
496      496   (0)     18  : 0.0950 0.1161 0.0000 0.0000 0.6765 0.0000 0.0000 0.0000 0.0000 0.0000 0.1124
497      497   (0)     18  : 0.0000 0.0000 0.0000 0.3495 0.0019 0.0000 0.1054 0.0000 0.0000 0.1552 0.3880
498      498   (0)     18  : 0.1075 0.0256 0.0000 0.0178 0.8196 0.0000 0.0010 0.0000 0.0000 0.0000 0.0286
499      499   (0)     18  : 0.1259 0.0657 0.0000 0.0427 0.5320 0.0000 0.1595 0.0000 0.0000 0.0000 0.0742
500      500   (0)     18  : 0.0000 0.0000 0.0000 0.1776 0.0197 0.0000 0.0000 0.0000 0.0000 0.4978 0.3048
501      501   (0)     18  : 0.1347 0.0000 0.0000 0.5540 0.0261 0.0000 0.0000 0.0000 0.0000 0.0424 0.2427
502      502   (0)     18  : 0.2309 0.0906 0.0000 0.0000 0.4435 0.0096 0.1239 0.0000 0.0000 0.0000 0.1015
503      503   (0)     18  : 0.0000 0.0000 0.0000 0.0000 0.9745 0.0000 0.0000 0.0000 0.0000 0.0000 0.0255
504      504   (0)     18  : 0.1250 0.1234 0.0000 0.0000 0.5359 0.0000 0.0000 0.0000 0.0000 0.0000 0.2158
505      505   (0)     18  : 0.1100 0.1437 0.0493 0.0000 0.5008 0.0000 0.0000 0.0000 0.0000 0.0000 0.1961
506      506   (0)     18  : 0.0000 0.0000 0.0000 0.1739 0.0000 0.0000 0.1691 0.0000 0.0000 0.1224 0.5346
507      507   (0)     18  : 0.1607 0.0350 0.0000 0.1032 0.6284 0.0000 0.0000 0.0000 0.0000 0.0000 0.0728
508      508   (0)     18  : 0.0276 0.0000 0.0000 0.4251 0.0068 0.0000 0.1112 0.0000 0.0000 0.0473 0.3819
509      509   (0)     18  : 0.1219 0.1907 0.0183 0.0000 0.4582 0.0000 0.0000 0.0000 0.0000 0.0148 0.1962
510      510   (0)     19  : 0.6156 0.0000 0.0000 0.0971 0.0031 0.0000 0.1629 0.0000 0.0000 0.0012 0.1201
511      511   (0)     19  : 0.2205 0.0000 0.0000 0.1774 0.0033 0.0000 0.4064 0.0000 0.0000 0.0000 0.1924
512      512   (0)     19  : 0.4278 0.0000 0.0000 0.0000 0.0000 0.0000 0.3902 0.0000 0.0000 0.0000 0.1819
513      513   (0)     19  : 0.0000 0.0000 0.0000 0.0000 0.0000 0.0000 0.8419 0.0000 0.0000 0.0000 0.1581
514      514   (0)     19  : 0.3927 0.0000 0.0361 0.0000 0.0000 0.0000 0.0000 0.0000 0.1920 0.0056 0.3736
515      515   (0)     19  : 0.3754 0.0000 0.0012 0.0270 0.0000 0.0000 0.4462 0.0000 0.0000 0.0000 0.1501
516      516   (0)     19  : 0.3164 0.0000 0.0000 0.0000 0.0000 0.0000 0.6567 0.0000 0.0000 0.0000 0.0269
517      517   (0)     19  : 0.8751 0.0000 0.0000 0.0000 0.0000 0.0000 0.0000 0.0000 0.0000 0.0497 0.0752
518      518   (0)     19  : 0.3882 0.0000 0.0000 0.0000 0.0000 0.0000 0.3818 0.0000 0.0395 0.0000 0.1906
519      519   (0)     19  : 0.0000 0.0000 0.0000 0.0000 0.0000 0.0000 0.0000 0.0000 0.0000 1.0000 0.0000
520      520   (0)     19  : 0.7965 0.0000 0.0000 0.0575 0.0000 0.0000 0.0442 0.0000 0.0000 0.0044 0.0974
521      521   (0)     19  : 0.0000 0.0000 0.0000 0.0743 0.0000 0.0000 0.7542 0.0000 0.0000 0.1155 0.0561
522      522   (0)     19  : 0.0591 0.0000 0.0000 0.0000 0.0000 0.0000 0.7308 0.0000 0.0000 0.0000 0.2101
523      523   (0)     19  : 0.0000 0.0000 0.0000 0.0000 0.0000 0.0000 0.3685 0.0000 0.0150 0.0160 0.6006
524      524   (0)     19  : 0.6412 0.0000 0.0000 0.0000 0.0000 0.0000 0.1804 0.0000 0.0000 0.0000 0.1783
525      525   (0)     19  : 0.4819 0.0054 0.0000 0.0000 0.0013 0.0078 0.2411 0.0025 0.0000 0.0000 0.2599
526      526   (0)     19  : 0.7300 0.0000 0.0000 0.0000 0.0000 0.0000 0.0180 0.0004 0.0498 0.0000 0.2018
527      527   (0)     19  : 0.2276 0.0000 0.0065 0.2216 0.0016 0.0000 0.1187 0.0000 0.0440 0.0000 0.3800
528      528   (0)     19  : 0.5993 0.0000 0.0000 0.1702 0.0000 0.0000 0.0276 0.0000 0.0025 0.0099 0.1905
529      529   (0)     19  : 0.7358 0.0000 0.0000 0.0000 0.0000 0.0000 0.0000 0.0000 0.0530 0.0000 0.2112
530      530   (0)     19  : 0.2098 0.0000 0.0037 0.0000 0.0000 0.0000 0.3689 0.0000 0.0133 0.0000 0.4043
531      531   (0)     19  : 0.1961 0.0000 0.0334 0.0000 0.0000 0.0000 0.3155 0.0000 0.1319 0.0000 0.3232
532      532   (0)     19  : 0.2444 0.0249 0.0053 0.0000 0.0000 0.0000 0.4577 0.0085 0.0088 0.0000 0.2503
533      533   (0)     19  : 0.3613 0.1734 0.0023 0.0000 0.1803 0.0295 0.0296 0.0000 0.0384 0.0000 0.1852
534      534   (0)     19  : 0.5313 0.0000 0.0000 0.1611 0.0000 0.0000 0.0124 0.0000 0.0000 0.0000 0.2952
535      535   (0)     19  : 0.2074 0.0000 0.0000 0.0324 0.0000 0.0000 0.5672 0.0000 0.0000 0.0000 0.1930
536      536   (0)     19  : 0.1236 0.0131 0.0000 0.0000 0.0052 0.0000 0.5880 0.0019 0.0000 0.0196 0.2487
537      537   (0)     19  : 0.3876 0.0000 0.0668 0.1300 0.0000 0.0000 0.2658 0.0000 0.0000 0.0852 0.0646
538      538   (0)     19  : 0.2398 0.1094 0.0000 0.0000 0.5173 0.0000 0.0001 0.0000 0.0000 0.0083 0.1251
539      539   (0)     19  : 0.0000 0.0000 0.0000 0.0000 0.0190 0.0000 0.8256 0.0000 0.0019 0.0000 0.1535
