1        1   (0)      1  : 0.1523 0.0294 0.0000 0.0000 0.0035 0.0000 0.4427 0.0000 0.3488 0.0112 0.0000 0.0119
2        2   (0)      1  : 0.4145 0.0000 0.0000 0.1386 0.0000 0.0000 0.0457 0.0000 0.3977 0.0000 0.0000 0.0035
3        3   (0)      1  : 0.0000 0.0016 0.0000 0.0793 0.1082 0.0000 0.0310 0.0000 0.0896 0.5967 0.0935 0.0000
4        4   (0)      1  : 0.1876 0.0000 0.0000 0.0000 0.0000 0.0000 0.2532 0.0000 0.5592 0.0000 0.0000 0.0000
5        5   (0)      1  : 0.0426 0.0000 0.0000 0.1262 0.0362 0.0000 0.0000 0.0000 0.7950 0.0000 0.0000 0.0000
6        6   (0)      1  : 0.2773 0.0256 0.0000 0.0123 0.0000 0.0000 0.3535 0.0167 0.0709 0.2436 0.0000 0.0000
7        7   (0)      1  : 0.0000 0.0000 0.0000 0.0648 0.4964 0.0000 0.0000 0.0000 0.1498 0.1885 0.0840 0.0165
8        8   (0)      2  : 0.2123 0.0000 0.0000 0.0000 0.0237 0.0000 0.0000 0.0000 0.7641 0.0000 0.0000 0.0000
9        9   (0)      1  : 0.4199 0.0000 0.0000 0.0000 0.0110 0.0000 0.0000 0.0000 0.5241 0.0046 0.0000 0.0405
10       10   (0)      3  : 0.0674 0.0000 0.0000 0.4960 0.0000 0.0000 0.4366 0.0000 0.0000 0.0000 0.0000 0.0000
11       11   (0)      4  : 0.0000 0.0283 0.0348 0.5805 0.0000 0.0148 0.0000 0.0000 0.3196 0.0000 0.0219 0.0000
12       12   (0)      4  : 0.5085 0.0000 0.0000 0.3204 0.0006 0.0000 0.1125 0.0000 0.0094 0.0000 0.0010 0.0476
13       13   (0)      4  : 0.0000 0.0000 0.0150 0.3978 0.0133 0.0000 0.3860 0.0000 0.1546 0.0332 0.0000 0.0000
14       14   (0)      4  : 0.0000 0.0000 0.0000 0.4966 0.0000 0.0000 0.0000 0.0000 0.5034 0.0000 0.0000 0.0000
15       15   (0)      4  : 0.2859 0.0000 0.0157 0.5333 0.0000 0.0000 0.0000 0.0000 0.1581 0.0000 0.0069 0.0000
16       16   (0)      4  : 0.0319 0.0000 0.0000 0.0000 0.0342 0.0000 0.3145 0.0000 0.0000 0.6193 0.0000 0.0000
17       17   (0)      5  : 0.3737 0.0000 0.0153 0.2181 0.0000 0.0000 0.2376 0.0000 0.1553 0.0000 0.0000 0.0000
18       18   (0)      4  : 0.0000 0.0000 0.0000 0.4469 0.0051 0.0000 0.4742 0.0000 0.0591 0.0147 0.0000 0.0000
19       19   (0)      5  : 0.2756 0.0000 0.0000 0.4252 0.0000 0.0000 0.0438 0.0000 0.2554 0.0000 0.0000 0.0000
20       20   (0)      5  : 0.3760 0.0000 0.0000 0.6240 0.0000 0.0000 0.0000 0.0000 0.0000 0.0000 0.0000 0.0000
21       21   (0)      5  : 0.0000 0.0000 0.0000 0.6443 0.0109 0.0000 0.3448 0.0000 0.0000 0.0000 0.0000 0.0000
22       22   (0)      5  : 0.3677 0.0000 0.0000 0.6323 0.0000 0.0000 0.0000 0.0000 0.0000 0.0000 0.0000 0.0000
23       23   (0)      5  : 0.0000 0.0000 0.0000 0.3754 0.0000 0.0000 0.6246 0.0000 0.0000 0.0000 0.0000 0.0000
24       24   (0)      5  : 0.0000 0.0000 0.0000 0.6430 0.0000 0.0000 0.3570 0.0000 0.0000 0.0000 0.0000 0.0000
25       25   (0)      5  : 0.2805 0.0000 0.0000 0.4850 0.0315 0.0000 0.1891 0.0000 0.0113 0.0025 0.0000 0.0000
26       26   (0)      5  : 0.0000 0.0000 0.0000 0.5796 0.0000 0.0000 0.4025 0.0000 0.0000 0.0179 0.0000 0.0000
27       27   (0)      5  : 0.1025 0.0000 0.0372 0.6682 0.0000 0.0064 0.0000 0.0000 0.1773 0.0083 0.0000 0.0000
28       28   (0)      5  : 0.0000 0.0000 0.0000 0.4865 0.0000 0.0000 0.5135 0.0000 0.0000 0.0000 0.0000 0.0000
29       29   (0)      5  : 0.0709 0.0000 0.0000 0.9291 0.0000 0.0000 0.0000 0.0000 0.0000 0.0000 0.0000 0.0000
30       30   (0)      5  : 0.6932 0.0000 0.0000 0.3068 0.0000 0.0000 0.0000 0.0000 0.0000 0.0000 0.0000 0.0000
31       31   (0)      5  : 0.2603 0.0000 0.0149 0.3872 0.0000 0.0000 0.2527 0.0000 0.0846 0.0002 0.0000 0.0000
32       32   (0)      5  : 0.0940 0.0000 0.0000 0.6787 0.0108 0.0000 0.2165 0.0000 0.0000 0.0000 0.0000 0.0000
33       33   (0)      5  : 0.2913 0.0000 0.0056 0.1461 0.0000 0.0000 0.5571 0.0000 0.0000 0.0000 0.0000 0.0000
34       34   (0)      5  : 0.2299 0.0000 0.0000 0.3260 0.0000 0.0000 0.4441 0.0000 0.0000 0.0000 0.0000 0.0000
35       35   (0)      5  : 0.6416 0.0000 0.0000 0.2791 0.0000 0.0000 0.0794 0.0000 0.0000 0.0000 0.0000 0.0000
36       36   (0)      5  : 0.2144 0.0000 0.0324 0.7533 0.0000 0.0000 0.0000 0.0000 0.0000 0.0000 0.0000 0.0000
37       37   (0)      5  : 0.3267 0.0000 0.0000 0.5814 0.0013 0.0000 0.0906 0.0000 0.0000 0.0000 0.0000 0.0000
38       38   (0)      5  : 0.0000 0.0000 0.0000 0.6661 0.0000 0.0000 0.3339 0.0000 0.0000 0.0000 0.0000 0.0000
39       39   (0)      5  : 0.1479 0.0000 0.0381 0.7090 0.0000 0.0000 0.1050 0.0000 0.0000 0.0000 0.0000 0.0000
40       40   (0)      5  : 0.4164 0.0000 0.0000 0.5566 0.0057 0.0000 0.0213 0.0000 0.0000 0.0000 0.0000 0.0000
41       41   (0)      5  : 0.0000 0.0000 0.0000 0.5210 0.0000 0.0000 0.4790 0.0000 0.0000 0.0000 0.0000 0.0000
42       42   (0)      5  : 0.6454 0.0000 0.0000 0.3546 0.0000 0.0000 0.0000 0.0000 0.0000 0.0000 0.0000 0.0000
43       43   (0)      5  : 0.0000 0.0000 0.0000 0.0000 0.0150 0.0394 0.0948 0.0000 0.0000 0.8508 0.0000 0.0000
44       44   (0)      5  : 0.0064 0.0000 0.0000 0.5035 0.0006 0.0000 0.4827 0.0000 0.0067 0.0000 0.0000 0.0000
45       45   (0)      4  : 0.0000 0.0000 0.0000 0.8557 0.0066 0.0000 0.0000 0.0000 0.1017 0.0031 0.0000 0.0328
46       46   (0)      4  : 0.3191 0.0000 0.0000 0.3265 0.0539 0.0000 0.1487 0.0018 0.1458 0.0042 0.0000 0.0000
47       47   (0)      4  : 0.0000 0.0000 0.0000 0.2895 0.0016 0.0000 0.7090 0.0000 0.0000 0.0000 0.0000 0.0000
48       48   (0)      4  : 0.5288 0.0000 0.0169 0.3688 0.0000 0.0000 0.0000 0.0000 0.0856 0.0000 0.0000 0.0000
49       49   (0)      5  : 0.2642 0.0000 0.0000 0.3838 0.0140 0.0000 0.2664 0.0000 0.0197 0.0017 0.0000 0.0503
50       50   (0)      4  : 0.0000 0.0000 0.0000 0.3169 0.0000 0.0000 0.6067 0.0000 0.0764 0.0000 0.0000 0.0000
51       51   (0)      4  : 0.0617 0.0000 0.0000 0.0000 0.0066 0.0000 0.2243 0.0000 0.0723 0.6351 0.0000 0.0000
52       52   (0)      4  : 0.4219 0.0244 0.0000 0.4081 0.0220 0.0000 0.0176 0.0000 0.0489 0.0089 0.0000 0.0482
53       53   (0)      4  : 0.0000 0.0000 0.0000 0.0163 0.0563 0.0113 0.1584 0.0000 0.0552 0.6986 0.0000 0.0039
54       54   (0)      4  : 0.2990 0.0000 0.0067 0.5816 0.0000 0.0000 0.0000 0.0000 0.0999 0.0000 0.0000 0.0128
55       55   (0)      4  : 0.0501 0.0000 0.0000 0.0000 0.0250 0.0000 0.0752 0.0001 0.0346 0.8149 0.0000 0.0000
56       56   (0)      4  : 0.1118 0.0000 0.0075 0.0741 0.0000 0.0000 0.0423 0.0051 0.0650 0.6943 0.0000 0.0000
57       57   (0)      4  : 0.1030 0.0000 0.0000 0.7320 0.0000 0.0000 0.0000 0.0000 0.1650 0.0000 0.0000 0.0000
58       58   (0)      5  : 0.3251 0.0000 0.0000 0.4224 0.0411 0.0000 0.1042 0.0000 0.0957 0.0114 0.0000 0.0000
59       59   (0)      4  : 0.1647 0.0000 0.0000 0.0000 0.0583 0.0028 0.3013 0.0467 0.0027 0.4236 0.0000 0.0000
60       60   (0)      4  : 0.0000 0.0008 0.0000 0.1027 0.0194 0.0000 0.1346 0.0023 0.0308 0.6941 0.0153 0.0000
61       61   (0)      4  : 0.3283 0.0000 0.0000 0.3087 0.0000 0.0000 0.1779 0.0000 0.1851 0.0000 0.0000 0.0000
62       62   (0)      5  : 0.0389 0.0000 0.0000 0.3851 0.0044 0.0000 0.3751 0.0000 0.1965 0.0000 0.0000 0.0000
63       63   (0)      6  : 0.0002 0.0000 0.0000 0.1677 0.0359 0.0166 0.1596 0.0000 0.1363 0.4838 0.0000 0.0000
64       64   (0)      6  : 0.0000 0.0130 0.0000 0.0000 0.1217 0.0000 0.1460 0.0031 0.0358 0.6803 0.0000 0.0000
65       65   (0)      6  : 0.0900 0.0000 0.0320 0.0061 0.0000 0.0000 0.0000 0.0000 0.8202 0.0000 0.0000 0.0517
66       66   (0)      6  : 0.2407 0.0000 0.0000 0.3020 0.0000 0.0000 0.2869 0.0000 0.1704 0.0000 0.0000 0.0000
67       67   (0)      6  : 0.0000 0.0026 0.0000 0.5054 0.0000 0.0000 0.0000 0.0000 0.4886 0.0000 0.0000 0.0034
68       68   (0)      6  : 0.0000 0.0000 0.0339 0.0000 0.0000 0.0000 0.3753 0.0000 0.5908 0.0000 0.0000 0.0000
69       69   (0)      6  : 0.2057 0.0000 0.0000 0.0242 0.0000 0.0000 0.3965 0.0000 0.3716 0.0000 0.0000 0.0020
70       70   (0)      6  : 0.1379 0.0102 0.0000 0.0833 0.0000 0.0000 0.4281 0.0082 0.2335 0.0848 0.0000 0.0140
71       71   (0)      6  : 0.0000 0.0000 0.0420 0.1130 0.0009 0.0000 0.8432 0.0000 0.0000 0.0000 0.0000 0.0008
72       72   (0)      6  : 0.1643 0.0000 0.0000 0.1575 0.0000 0.0000 0.3793 0.0000 0.2990 0.0000 0.0000 0.0000
73       73   (0)      7  : 0.5208 0.0000 0.0127 0.4481 0.0000 0.0185 0.0000 0.0000 0.0000 0.0000 0.0000 0.0000
74       74   (0)      7  : 0.5417 0.0000 0.0000 0.2321 0.0112 0.0000 0.0046 0.0000 0.1036 0.0278 0.0000 0.0792
75       75   (0)      7  : 0.1372 0.0000 0.0000 0.3419 0.0089 0.0000 0.1692 0.0000 0.3305 0.0000 0.0000 0.0123
76       76   (0)      7  : 0.4439 0.0000 0.0000 0.3416 0.0299 0.0000 0.0000 0.0129 0.1699 0.0018 0.0000 0.0000
77       77   (0)      7  : 0.1992 0.0000 0.0305 0.7567 0.0000 0.0000 0.0000 0.0000 0.0136 0.0000 0.0000 0.0000
78       78   (0)      7  : 0.1053 0.0000 0.0000 0.4620 0.0305 0.0000 0.0901 0.0000 0.2892 0.0000 0.0000 0.0228
79       79   (0)      7  : 0.4342 0.0000 0.0000 0.4554 0.0366 0.0006 0.0000 0.0000 0.0095 0.0376 0.0000 0.0260
80       80   (0)      7  : 0.6737 0.0000 0.0000 0.1313 0.0076 0.0000 0.0000 0.0000 0.1579 0.0000 0.0000 0.0295
81       81   (0)      7  : 0.3507 0.0000 0.0000 0.4739 0.0000 0.0000 0.0392 0.0000 0.1362 0.0000 0.0000 0.0000
82       82   (0)      7  : 0.1687 0.0000 0.0000 0.7569 0.0000 0.0000 0.0000 0.0000 0.0744 0.0000 0.0000 0.0000
83       83   (0)      7  : 0.6009 0.0180 0.0000 0.2075 0.0506 0.0000 0.0353 0.0000 0.0333 0.0543 0.0000 0.0000
84       84   (0)      7  : 0.1929 0.0000 0.0000 0.0000 0.0613 0.0000 0.0176 0.0000 0.0638 0.6644 0.0000 0.0000
85       85   (0)      7  : 0.4673 0.0000 0.0000 0.4166 0.0000 0.0000 0.0000 0.0000 0.0542 0.0000 0.0000 0.0619
86       86   (0)      7  : 0.1398 0.0000 0.0000 0.6691 0.0000 0.0000 0.0000 0.0000 0.1911 0.0000 0.0000 0.0000
87       87   (0)      7  : 0.2107 0.0000 0.0000 0.0000 0.0047 0.0050 0.0928 0.0068 0.0111 0.6689 0.0000 0.0000
88       88   (0)      7  : 0.1026 0.0000 0.0056 0.2474 0.0000 0.0000 0.5886 0.0000 0.0557 0.0000 0.0000 0.0000
89       89   (0)      7  : 0.0000 0.0006 0.0000 0.0000 0.0041 0.0079 0.1098 0.0000 0.0729 0.7926 0.0122 0.0000
90       90   (0)      7  : 0.3616 0.0039 0.0000 0.6117 0.0000 0.0000 0.0000 0.0000 0.0126 0.0055 0.0000 0.0046
91       91   (0)      7  : 0.4483 0.0000 0.0164 0.2010 0.0105 0.0068 0.2645 0.0000 0.0288 0.0236 0.0000 0.0000
92       92   (0)      7  : 0.4412 0.0000 0.0537 0.4537 0.0000 0.0000 0.0062 0.0000 0.0393 0.0060 0.0000 0.0000
93       93   (0)      7  : 0.1473 0.0000 0.0506 0.6331 0.0384 0.0000 0.0000 0.0000 0.1199 0.0107 0.0000 0.0000
94       94   (0)      7  : 0.3339 0.0000 0.0000 0.3236 0.0000 0.0000 0.2026 0.0000 0.1319 0.0080 0.0000 0.0000
95       95   (0)      7  : 0.0875 0.0000 0.0000 0.6932 0.0000 0.0000 0.0000 0.0057 0.2136 0.0000 0.0000 0.0000
96       96   (0)      7  : 0.0347 0.0000 0.0000 0.5825 0.0418 0.0000 0.2337 0.0293 0.0616 0.0165 0.0000 0.0000
97       97   (0)      7  : 0.0000 0.0000 0.0000 0.8669 0.0227 0.0000 0.0000 0.0000 0.1104 0.0000 0.0000 0.0000
98       98   (0)      7  : 0.0000 0.0000 0.0000 0.8643 0.0012 0.0000 0.0000 0.0141 0.1203 0.0000 0.0000 0.0000
99       99   (0)      7  : 0.0000 0.0000 0.0000 0.8930 0.0000 0.0000 0.0025 0.0000 0.0626 0.0419 0.0000 0.0000
100      100   (0)      7  : 0.0000 0.0000 0.0000 0.0172 0.0000 0.0045 0.0000 0.0000 0.3146 0.6637 0.0000 0.0000
101      101   (0)      6  : 0.4021 0.0000 0.0000 0.0685 0.0000 0.0000 0.0000 0.0000 0.5293 0.0000 0.0000 0.0000
102      102   (0)      6  : 0.0000 0.0000 0.0782 0.1651 0.0000 0.0000 0.1528 0.0196 0.5843 0.0000 0.0000 0.0000
103      103   (0)      6  : 0.0000 0.0000 0.0000 0.0182 0.0000 0.0000 0.6672 0.0000 0.2941 0.0000 0.0000 0.0205
104      104   (0)      6  : 0.5214 0.0000 0.0000 0.0000 0.0000 0.0000 0.0000 0.0000 0.4786 0.0000 0.0000 0.0000
105      105   (0)      6  : 0.0000 0.0000 0.0000 0.0000 0.0000 0.0000 0.6757 0.0000 0.3243 0.0000 0.0000 0.0000
106      106   (0)      6  : 0.0708 0.0000 0.0004 0.1832 0.0000 0.0000 0.1436 0.0000 0.5991 0.0030 0.0000 0.0000
107      107   (0)      6  : 0.2748 0.0024 0.0336 0.0222 0.0000 0.0000 0.2292 0.0000 0.4121 0.0235 0.0000 0.0022
108      108   (0)      6  : 0.1896 0.0000 0.0000 0.0264 0.0190 0.0000 0.3457 0.0000 0.4132 0.0061 0.0000 0.0000
109      109   (0)      6  : 0.0384 0.0000 0.0000 0.0000 0.0125 0.0000 0.0601 0.0000 0.0552 0.8294 0.0044 0.0000
110      110   (0)      7  : 0.2462 0.0000 0.0000 0.2477 0.0000 0.0000 0.3238 0.0013 0.1489 0.0320 0.0000 0.0000
111      111   (0)      7  : 0.0000 0.0000 0.0000 0.4380 0.0000 0.0000 0.0000 0.0000 0.4219 0.0851 0.0550 0.0000
112      112   (0)      6  : 0.0771 0.0000 0.0000 0.0710 0.0019 0.0000 0.0003 0.0000 0.8153 0.0240 0.0105 0.0000
113      113   (0)      6  : 0.0000 0.0000 0.0000 0.0000 0.0000 0.0000 0.0000 0.0000 0.8758 0.0000 0.0000 0.1242
114      114   (0)      6  : 0.0000 0.0000 0.0000 0.0000 0.0000 0.0203 0.0000 0.0000 0.2432 0.7091 0.0274 0.0000
115      115   (0)      6  : 0.1359 0.0000 0.0000 0.2393 0.0000 0.0000 0.0000 0.0000 0.5548 0.0000 0.0001 0.0699
116      116   (0)      6  : 0.0000 0.0000 0.0000 0.0727 0.0977 0.0057 0.0000 0.0000 0.3203 0.4028 0.1010 0.0000
117      117   (0)      6  : 0.1248 0.0000 0.0000 0.1958 0.0106 0.0000 0.1224 0.0000 0.4752 0.0385 0.0307 0.0021
118      118   (0)      6  : 0.0000 0.0000 0.0000 0.0000 0.0000 0.0000 0.2612 0.0000 0.7248 0.0000 0.0000 0.0140
119      119   (0)      6  : 0.0893 0.0000 0.0267 0.0000 0.0000 0.0000 0.1556 0.0000 0.7284 0.0000 0.0000 0.0000
120      120   (0)      6  : 0.0789 0.0000 0.0000 0.0944 0.0000 0.0000 0.0000 0.0000 0.8268 0.0000 0.0000 0.0000
121      121   (0)      6  : 0.1311 0.0000 0.0000 0.0000 0.0165 0.0000 0.0000 0.0000 0.8332 0.0000 0.0000 0.0191
122      122   (0)      6  : 0.0000 0.0000 0.0000 0.0000 0.0437 0.0222 0.0000 0.0000 0.2896 0.6095 0.0324 0.0025
123      123   (0)      8  : 0.0000 0.0000 0.0000 0.3243 0.0628 0.0000 0.4325 0.0000 0.1609 0.0194 0.0000 0.0000
124      124   (0)      8  : 0.3333 0.0000 0.0000 0.2215 0.0000 0.0000 0.3929 0.0000 0.0043 0.0446 0.0034 0.0000
125      125   (0)      8  : 0.0000 0.0000 0.0000 0.2173 0.0530 0.0000 0.7140 0.0000 0.0000 0.0157 0.0000 0.0000
126      126   (0)      8  : 0.6110 0.0000 0.0053 0.3529 0.0000 0.0000 0.0147 0.0000 0.0000 0.0161 0.0000 0.0000
127      127   (0)      8  : 0.4996 0.0000 0.0000 0.4759 0.0000 0.0244 0.0000 0.0000 0.0000 0.0000 0.0000 0.0000
128      128   (0)      8  : 0.0000 0.0000 0.0000 0.4957 0.0000 0.0000 0.5043 0.0000 0.0000 0.0000 0.0000 0.0000
129      129   (0)      8  : 0.2129 0.0000 0.0000 0.2865 0.0221 0.0000 0.4677 0.0000 0.0000 0.0045 0.0000 0.0063
130      130   (0)      8  : 0.0000 0.0000 0.0000 0.2024 0.0363 0.0000 0.6241 0.0000 0.1172 0.0164 0.0000 0.0036
131      131   (0)      8  : 0.2409 0.0000 0.0031 0.4341 0.0000 0.0000 0.0988 0.0115 0.2118 0.0000 0.0000 0.0000
132      132   (0)      8  : 0.2823 0.0000 0.0000 0.3279 0.0032 0.0000 0.3865 0.0000 0.0000 0.0000 0.0000 0.0000
133      133   (0)      8  : 0.4279 0.0000 0.0000 0.1954 0.0209 0.0000 0.3532 0.0000 0.0000 0.0026 0.0000 0.0000
134      134   (0)      8  : 0.1618 0.0000 0.0000 0.4964 0.0281 0.0000 0.2596 0.0128 0.0000 0.0413 0.0000 0.0000
135      135   (0)      8  : 0.0967 0.0000 0.0000 0.6723 0.0000 0.0343 0.0000 0.0000 0.1891 0.0000 0.0076 0.0000
136      136   (0)      8  : 0.0243 0.0000 0.0000 0.0476 0.0000 0.0000 0.9281 0.0000 0.0000 0.0000 0.0000 0.0000
137      137   (0)      8  : 0.4108 0.0000 0.0000 0.3845 0.0412 0.0000 0.0000 0.0000 0.1422 0.0111 0.0000 0.0102
138      138   (0)      8  : 0.6587 0.0000 0.0000 0.3098 0.0005 0.0000 0.0310 0.0000 0.0000 0.0000 0.0000 0.0000
139      139   (0)      8  : 0.6944 0.0000 0.0000 0.2514 0.0000 0.0000 0.0367 0.0000 0.0000 0.0175 0.0000 0.0000
140      140   (0)      8  : 0.7623 0.0000 0.0000 0.2377 0.0000 0.0000 0.0000 0.0000 0.0000 0.0000 0.0000 0.0000
141      141   (0)      8  : 0.4218 0.0000 0.0204 0.2384 0.0000 0.0000 0.3194 0.0000 0.0000 0.0000 0.0000 0.0000
142      142   (0)      8  : 0.0363 0.0000 0.0141 0.5175 0.0000 0.0000 0.4321 0.0000 0.0000 0.0000 0.0000 0.0000
143      143   (0)      8  : 0.6897 0.0000 0.0123 0.2152 0.0000 0.0000 0.0829 0.0000 0.0000 0.0000 0.0000 0.0000
144      144   (0)      8  : 0.0593 0.0000 0.0000 0.4289 0.0000 0.0000 0.0000 0.0000 0.4658 0.0460 0.0000 0.0000
145      145   (0)      8  : 0.4806 0.0000 0.0000 0.2999 0.0157 0.0112 0.0904 0.0006 0.0977 0.0000 0.0000 0.0039
146      146   (0)      3  : 0.0852 0.0000 0.0000 0.3839 0.0000 0.0000 0.5309 0.0000 0.0000 0.0000 0.0000 0.0000
147      147   (0)      3  : 0.1628 0.0000 0.0000 0.0123 0.0686 0.0000 0.2490 0.0000 0.0000 0.5073 0.0000 0.0000
148      148   (0)      3  : 0.0928 0.0000 0.0000 0.0000 0.0000 0.0000 0.9072 0.0000 0.0000 0.0000 0.0000 0.0000
149      149   (0)      3  : 0.5845 0.0000 0.0000 0.3404 0.0000 0.0000 0.0556 0.0000 0.0000 0.0195 0.0000 0.0000
150      150   (0)      3  : 0.3133 0.0000 0.0169 0.2382 0.0027 0.0000 0.4289 0.0000 0.0000 0.0000 0.0000 0.0000
151      151   (0)      3  : 0.0000 0.0000 0.0390 0.2706 0.0000 0.0000 0.6032 0.0000 0.0147 0.0724 0.0000 0.0000
152      152   (0)      3  : 0.5988 0.0000 0.0011 0.4000 0.0000 0.0000 0.0000 0.0000 0.0000 0.0000 0.0000 0.0000
153      153   (0)      3  : 0.4204 0.0000 0.0000 0.4281 0.0000 0.0000 0.1515 0.0000 0.0000 0.0000 0.0000 0.0000
154      154   (0)      3  : 0.2562 0.0000 0.0000 0.4802 0.0000 0.0000 0.2636 0.0000 0.0000 0.0000 0.0000 0.0000
155      155   (0)      3  : 0.3965 0.0000 0.0000 0.5212 0.0000 0.0000 0.0823 0.0000 0.0000 0.0000 0.0000 0.0000
156      156   (0)      3  : 0.3313 0.0000 0.0000 0.6097 0.0154 0.0086 0.0000 0.0000 0.0000 0.0350 0.0000 0.0000
157      157   (0)      3  : 0.4771 0.0000 0.0000 0.4149 0.0755 0.0000 0.0000 0.0000 0.0000 0.0324 0.0000 0.0000
158      158   (0)      3  : 0.6194 0.0000 0.0000 0.3603 0.0028 0.0000 0.0175 0.0000 0.0000 0.0000 0.0000 0.0000
159      159   (0)      3  : 0.5882 0.0000 0.0000 0.3811 0.0003 0.0000 0.0137 0.0010 0.0157 0.0000 0.0000 0.0000
160      160   (0)      3  : 0.3330 0.0000 0.0000 0.0000 0.0954 0.0035 0.0000 0.0000 0.0000 0.5620 0.0061 0.0000
161      161   (0)      3  : 0.3117 0.0000 0.0569 0.2281 0.0000 0.0000 0.2325 0.0000 0.1707 0.0000 0.0000 0.0000
162      162   (0)      3  : 0.1299 0.0000 0.0000 0.2309 0.0000 0.0000 0.6392 0.0000 0.0000 0.0000 0.0000 0.0000
163      163   (0)      3  : 0.6934 0.0000 0.0000 0.3066 0.0000 0.0000 0.0000 0.0000 0.0000 0.0000 0.0000 0.0000
164      164   (0)      3  : 0.3492 0.0000 0.0038 0.3959 0.0000 0.0000 0.2510 0.0000 0.0000 0.0000 0.0000 0.0000
165      165   (0)      3  : 0.5708 0.0000 0.0000 0.4292 0.0000 0.0000 0.0000 0.0000 0.0000 0.0000 0.0000 0.0000
166      166   (0)      3  : 0.0000 0.0000 0.0000 0.2770 0.0092 0.0000 0.7094 0.0000 0.0000 0.0043 0.0000 0.0000
167      167   (0)      3  : 0.4402 0.0000 0.0000 0.5002 0.0000 0.0000 0.0596 0.0000 0.0000 0.0000 0.0000 0.0000
168      168   (0)      3  : 0.5553 0.0000 0.0000 0.1544 0.0000 0.0000 0.2791 0.0111 0.0001 0.0000 0.0000 0.0000
169      169   (0)      3  : 0.4949 0.0000 0.0000 0.4762 0.0134 0.0000 0.0059 0.0000 0.0097 0.0000 0.0000 0.0000
170      170   (0)      3  : 0.5447 0.0000 0.0000 0.4553 0.0000 0.0000 0.0000 0.0000 0.0000 0.0000 0.0000 0.0000
171      171   (0)      3  : 0.7697 0.0000 0.0000 0.2122 0.0000 0.0000 0.0000 0.0000 0.0000 0.0181 0.0000 0.0000
172      172   (0)      3  : 0.5460 0.0000 0.0000 0.4193 0.0117 0.0000 0.0231 0.0000 0.0000 0.0000 0.0000 0.0000
173      173   (0)      3  : 0.5597 0.0000 0.0000 0.3846 0.0000 0.0000 0.0000 0.0000 0.0558 0.0000 0.0000 0.0000
174      174   (0)      3  : 0.2895 0.0000 0.0000 0.3577 0.0000 0.0000 0.3528 0.0000 0.0000 0.0000 0.0000 0.0000
175      175   (0)      8  : 0.0629 0.0000 0.0000 0.4315 0.0000 0.0000 0.5055 0.0000 0.0000 0.0000 0.0000 0.0000
176      176   (0)      8  : 0.0000 0.0117 0.0000 0.5494 0.0170 0.0000 0.0000 0.0472 0.3747 0.0000 0.0000 0.0000
177      177   (0)      8  : 0.4778 0.0000 0.0000 0.2170 0.0000 0.0000 0.3052 0.0000 0.0000 0.0000 0.0000 0.0000
178      178   (0)      8  : 0.4309 0.0000 0.0000 0.2522 0.0000 0.0000 0.0000 0.0000 0.3169 0.0000 0.0000 0.0000
179      179   (0)      8  : 0.3390 0.0000 0.0000 0.2433 0.0051 0.0000 0.4127 0.0000 0.0000 0.0000 0.0000 0.0000
180      180   (0)      8  : 0.2805 0.0000 0.0000 0.3285 0.0294 0.0000 0.3491 0.0000 0.0000 0.0126 0.0000 0.0000
181      181   (0)      8  : 0.3354 0.0000 0.0000 0.3667 0.0147 0.0108 0.2724 0.0000 0.0000 0.0000 0.0000 0.0000
182      182   (0)      1  : 0.8482 0.0000 0.0057 0.0206 0.0000 0.0000 0.0000 0.0000 0.1256 0.0000 0.0000 0.0000
183      183   (0)      1  : 0.2794 0.0000 0.0154 0.0000 0.0076 0.0000 0.3795 0.0000 0.3181 0.0000 0.0000 0.0000
184      184   (0)      1  : 0.5758 0.0000 0.0298 0.0000 0.0000 0.0000 0.0000 0.0000 0.3944 0.0000 0.0000 0.0000
185      185   (0)      1  : 0.2444 0.0000 0.0000 0.0000 0.0000 0.0034 0.3955 0.0000 0.3127 0.0439 0.0000 0.0000
186      186   (0)      1  : 0.6591 0.0000 0.0000 0.0000 0.0000 0.0000 0.0211 0.0000 0.3197 0.0000 0.0000 0.0000
187      187   (0)      1  : 0.2450 0.0271 0.0000 0.1984 0.0455 0.0000 0.1944 0.0000 0.2755 0.0109 0.0000 0.0033
188      188   (0)      1  : 0.7668 0.0000 0.0000 0.0000 0.0000 0.0000 0.0100 0.0000 0.2232 0.0000 0.0000 0.0000
189      189   (0)      1  : 0.7968 0.0000 0.0000 0.0000 0.0000 0.0000 0.0965 0.0000 0.1068 0.0000 0.0000 0.0000
190      190   (0)      2  : 0.0000 0.0000 0.0000 0.0000 0.0000 0.0000 0.7901 0.0000 0.2099 0.0000 0.0000 0.0000
191      191   (0)      2  : 0.6842 0.0000 0.0000 0.2822 0.0000 0.0000 0.0000 0.0000 0.0336 0.0000 0.0000 0.0000
192      192   (0)      2  : 0.6575 0.0000 0.0000 0.1566 0.0000 0.0000 0.0929 0.0000 0.0853 0.0076 0.0000 0.0000
193      193   (0)      2  : 0.0000 0.0000 0.0000 0.3100 0.0253 0.0254 0.6394 0.0000 0.0000 0.0000 0.0000 0.0000
194      194   (0)      2  : 0.7831 0.0000 0.0027 0.0698 0.0000 0.0000 0.1249 0.0000 0.0195 0.0000 0.0000 0.0000
195      195   (0)      2  : 0.0000 0.0000 0.0000 0.1406 0.0000 0.0000 0.8594 0.0000 0.0000 0.0000 0.0000 0.0000
196      196   (0)      2  : 0.2963 0.0000 0.0115 0.0000 0.0000 0.0000 0.2272 0.0000 0.4651 0.0000 0.0000 0.0000
197      197   (0)      2  : 0.0641 0.0000 0.0000 0.2320 0.0000 0.0000 0.3849 0.0000 0.3191 0.0000 0.0000 0.0000
198      198   (0)      1  : 0.2585 0.0000 0.0493 0.0500 0.0000 0.0000 0.5572 0.0000 0.0851 0.0000 0.0000 0.0000
199      199   (0)      1  : 0.5037 0.0000 0.0000 0.0090 0.0128 0.0000 0.0000 0.0000 0.4745 0.0000 0.0000 0.0000
200      200   (0)      1  : 0.0000 0.0000 0.0233 0.1050 0.0000 0.0000 0.4772 0.0000 0.3945 0.0000 0.0000 0.0000
201      201   (0)      1  : 0.0532 0.0000 0.0000 0.0000 0.0202 0.0000 0.1792 0.0000 0.6684 0.0071 0.0000 0.0719
202      202   (0)      1  : 0.0000 0.0000 0.0000 0.0000 0.0000 0.0000 0.3766 0.0000 0.6152 0.0082 0.0000 0.0000
203      203   (0)      1  : 0.0000 0.0000 0.0000 0.0000 0.0000 0.0000 0.0000 0.0000 1.0000 0.0000 0.0000 0.0000
204      204   (0)      2  : 0.0000 0.0000 0.0000 0.1318 0.0000 0.0084 0.3125 0.0000 0.1335 0.4137 0.0000 0.0000
205      205   (0)      2  : 0.0999 0.0000 0.0074 0.0000 0.0000 0.0000 0.5000 0.0000 0.3927 0.0000 0.0000 0.0000
206      206   (0)      2  : 0.0000 0.0000 0.0000 0.0923 0.0434 0.0000 0.1336 0.0000 0.0075 0.7231 0.0000 0.0000
207      207   (0)      2  : 0.7443 0.0000 0.0000 0.1188 0.0000 0.0000 0.0000 0.0000 0.1215 0.0000 0.0000 0.0153
208      208   (0)      2  : 0.0000 0.0000 0.0025 0.0000 0.0000 0.0000 0.9975 0.0000 0.0000 0.0000 0.0000 0.0000
209      209   (0)      2  : 0.9135 0.0000 0.0000 0.0607 0.0000 0.0000 0.0000 0.0000 0.0000 0.0258 0.0000 0.0000
210      210   (0)      2  : 0.0000 0.0000 0.0314 0.1102 0.0038 0.0000 0.7820 0.0000 0.0727 0.0000 0.0000 0.0000
211      211   (0)      1  : 0.0000 0.0000 0.0290 0.0000 0.0002 0.0000 0.7607 0.0000 0.2101 0.0000 0.0000 0.0000
212      212   (0)      1  : 0.1931 0.0000 0.0000 0.1931 0.0045 0.0000 0.0000 0.0000 0.6034 0.0000 0.0000 0.0059
213      213   (0)      1  : 0.2626 0.0000 0.0000 0.1012 0.0300 0.0164 0.2598 0.0000 0.3299 0.0000 0.0000 0.0000
214      214   (0)      1  : 0.5101 0.0000 0.0000 0.0019 0.0027 0.0000 0.0000 0.0000 0.4280 0.0000 0.0000 0.0572
215      215   (0)      1  : 0.0000 0.0000 0.0000 0.0000 0.0000 0.0000 0.8345 0.0000 0.1582 0.0000 0.0000 0.0073
216      216   (0)      1  : 0.4506 0.0000 0.0044 0.0000 0.0000 0.0000 0.0000 0.0000 0.5450 0.0000 0.0000 0.0000
217      217   (0)      1  : 0.3687 0.0000 0.0000 0.0000 0.0000 0.0000 0.0289 0.0000 0.5684 0.0000 0.0000 0.0339
218      218   (0)      1  : 0.0000 0.0000 0.0000 0.0427 0.0000 0.0000 0.4539 0.0000 0.4697 0.0000 0.0000 0.0337
219      219   (0)      2  : 0.4150 0.0000 0.0000 0.0000 0.0000 0.0000 0.4271 0.0000 0.1580 0.0000 0.0000 0.0000
220      220   (0)      2  : 0.0000 0.0000 0.0014 0.2089 0.0000 0.0000 0.6058 0.0000 0.1839 0.0000 0.0000 0.0000
221      221   (0)      2  : 0.6545 0.0000 0.0000 0.0304 0.0000 0.0000 0.0000 0.0161 0.2990 0.0000 0.0000 0.0000
222      222   (0)      2  : 0.4951 0.0000 0.0000 0.1954 0.0000 0.0000 0.1286 0.0000 0.1727 0.0000 0.0082 0.0000
223      223   (0)      2  : 0.5083 0.0000 0.0000 0.0000 0.0000 0.0000 0.0000 0.0000 0.4917 0.0000 0.0000 0.0000
224      224   (0)      2  : 0.1034 0.0000 0.0000 0.0000 0.0000 0.0000 0.8754 0.0000 0.0000 0.0212 0.0000 0.0000
225      225   (0)      2  : 0.0880 0.0000 0.0192 0.0690 0.0000 0.0000 0.6269 0.0000 0.1969 0.0000 0.0000 0.0000
226      226   (0)      2  : 0.7677 0.0093 0.0000 0.0323 0.0057 0.0000 0.0000 0.0000 0.1678 0.0000 0.0000 0.0171
227      227   (0)      2  : 0.7579 0.0000 0.0184 0.0000 0.0000 0.0000 0.1485 0.0000 0.0752 0.0000 0.0000 0.0000
228      228   (0)      2  : 0.8535 0.0120 0.0000 0.0000 0.0000 0.0000 0.1224 0.0000 0.0121 0.0000 0.0000 0.0000
229      229   (0)      2  : 0.9608 0.0000 0.0000 0.0000 0.0000 0.0000 0.0392 0.0000 0.0000 0.0000 0.0000 0.0000
230      230   (0)      2  : 0.1104 0.0000 0.0000 0.0000 0.0000 0.0117 0.2721 0.0081 0.0000 0.5916 0.0061 0.0000
231      231   (0)      2  : 0.4898 0.0000 0.0000 0.2994 0.0124 0.0000 0.1471 0.0000 0.0512 0.0000 0.0000 0.0000
232      232   (0)      2  : 0.4741 0.0000 0.0000 0.0613 0.0000 0.0000 0.3715 0.0000 0.0884 0.0048 0.0000 0.0000
233      233   (0)      9  : 0.0000 0.0000 1.0000 0.0000 0.0000 0.0000 0.0000 0.0000 0.0000 0.0000 0.0000 0.0000
234      234   (0)      9  : 0.0000 0.0000 0.0000 0.0000 0.2139 0.6732 0.0000 0.0625 0.0000 0.0099 0.0405 0.0000
235      235   (0)      9  : 0.0000 0.0000 1.0000 0.0000 0.0000 0.0000 0.0000 0.0000 0.0000 0.0000 0.0000 0.0000
236      236   (0)      9  : 0.0000 0.0000 0.0000 0.0661 0.1462 0.6042 0.0000 0.0661 0.0000 0.0145 0.1030 0.0000
237      237   (0)      9  : 0.0000 0.0000 1.0000 0.0000 0.0000 0.0000 0.0000 0.0000 0.0000 0.0000 0.0000 0.0000
238      238   (0)      9  : 0.0000 0.0000 0.8674 0.0000 0.0000 0.0000 0.0000 0.0000 0.0000 0.0000 0.0000 0.1326
239      239   (0)      9  : 0.0000 0.0979 0.0000 0.0000 0.0986 0.7658 0.0054 0.0000 0.0000 0.0000 0.0323 0.0000
240      240   (0)      9  : 0.0000 0.0000 0.0000 0.0000 0.0691 0.8460 0.0000 0.0000 0.0000 0.0000 0.0850 0.0000
241      241   (0)     10  : 0.0000 0.0003 0.0000 0.0000 0.2249 0.7748 0.0000 0.0000 0.0000 0.0000 0.0000 0.0000
242      242   (0)     10  : 0.0000 0.0000 0.0000 0.0000 0.0000 0.9987 0.0000 0.0013 0.0000 0.0000 0.0000 0.0000
243      243   (0)     10  : 0.0001 0.0000 0.0000 0.0300 0.2451 0.7248 0.0000 0.0000 0.0000 0.0000 0.0000 0.0000
244      244   (0)     11  : 0.0000 0.0000 0.0000 0.0000 0.0000 0.0000 0.0000 0.0000 0.0000 0.0000 0.0000 1.0000
245      245   (0)     11  : 0.0000 0.0000 0.1020 0.0000 0.0308 0.0000 0.0000 0.0000 0.0000 0.0000 0.0000 0.8672
246      246   (0)     11  : 0.0000 0.0000 0.0032 0.0000 0.0000 0.0000 0.0000 0.0000 0.0000 0.0000 0.0000 0.9968
247      247   (0)     11  : 0.0000 0.0000 0.4546 0.0000 0.0124 0.0000 0.0000 0.0000 0.0000 0.0000 0.0000 0.5330
248      248   (0)     11  : 0.0000 0.0000 0.0000 0.0000 0.0000 0.0000 0.0000 0.0000 0.0000 0.0000 0.0000 1.0000
249      249   (0)     11  : 0.0000 0.0064 0.0000 0.0000 0.0899 0.4704 0.0000 0.0286 0.0000 0.0000 0.3659 0.0388
250      250   (0)     11  : 0.0000 0.1799 0.0265 0.0000 0.1567 0.2948 0.0000 0.0475 0.0000 0.0000 0.2945 0.0000
251      251   (0)     10  : 0.0000 0.0000 0.1011 0.0000 0.1927 0.6475 0.0000 0.0000 0.0587 0.0000 0.0000 0.0000
252      252   (0)     10  : 0.0000 0.0000 0.0000 0.0000 0.1415 0.8504 0.0000 0.0000 0.0000 0.0081 0.0000 0.0000
253      253   (0)     10  : 0.0000 0.0000 0.0000 0.0000 0.0000 1.0000 0.0000 0.0000 0.0000 0.0000 0.0000 0.0000
254      254   (0)     10  : 0.0000 0.0000 0.0000 0.0000 0.0398 0.8948 0.0000 0.0391 0.0262 0.0000 0.0000 0.0000
255      255   (0)     10  : 0.0000 0.0000 0.0000 0.0000 0.1473 0.6297 0.1325 0.0000 0.0000 0.0000 0.0906 0.0000
256      256   (0)     10  : 0.0000 0.0000 0.0000 0.0000 0.2226 0.6279 0.0000 0.0000 0.0045 0.0000 0.0785 0.0666
257      257   (0)     10  : 0.0000 0.0000 0.0200 0.0000 0.1145 0.7447 0.0000 0.0000 0.0000 0.0252 0.0955 0.0000
258      258   (0)     10  : 0.0000 0.0000 0.0000 0.0000 0.0890 0.8625 0.0000 0.0000 0.0000 0.0000 0.0484 0.0000
259      259   (0)     10  : 0.0000 0.0000 0.0296 0.0000 0.2677 0.7026 0.0000 0.0000 0.0000 0.0000 0.0000 0.0000
260      260   (0)     10  : 0.0000 0.0047 0.0000 0.0129 0.1593 0.6684 0.0000 0.1239 0.0000 0.0000 0.0307 0.0000
261      261   (0)     10  : 0.0000 0.0000 0.3017 0.0000 0.2782 0.3672 0.0000 0.0442 0.0000 0.0000 0.0087 0.0000
262      262   (0)     10  : 0.0000 0.0413 0.0000 0.0618 0.3526 0.4511 0.0000 0.0049 0.0000 0.0000 0.0240 0.0644
263      263   (0)     10  : 0.0000 0.0000 0.0000 0.0000 0.1974 0.8020 0.0000 0.0005 0.0000 0.0000 0.0000 0.0000
264      264   (0)     10  : 0.0000 0.0004 0.0000 0.0000 0.2636 0.7361 0.0000 0.0000 0.0000 0.0000 0.0000 0.0000
265      265   (0)     10  : 0.0000 0.0000 0.0000 0.0000 0.1874 0.6875 0.0000 0.0000 0.0000 0.0000 0.1251 0.0000
266      266   (0)     10  : 0.0000 0.0000 0.0000 0.0000 0.0078 0.9195 0.0000 0.0727 0.0000 0.0000 0.0000 0.0000
267      267   (0)     10  : 0.0000 0.0000 0.6557 0.0000 0.0000 0.0417 0.0395 0.0109 0.0000 0.0000 0.0000 0.2522
268      268   (0)     10  : 0.0000 0.0055 0.0000 0.0339 0.1728 0.7239 0.0000 0.0640 0.0000 0.0000 0.0000 0.0000
269      269   (0)     10  : 0.0000 0.0103 0.0206 0.0183 0.3333 0.6174 0.0000 0.0000 0.0000 0.0000 0.0000 0.0000
270      270   (0)     10  : 0.0000 0.0000 0.0000 0.0000 0.1319 0.8264 0.0000 0.0000 0.0298 0.0000 0.0000 0.0118
271      271   (0)     10  : 0.0000 0.0000 0.0076 0.0000 0.1476 0.8417 0.0000 0.0000 0.0000 0.0000 0.0031 0.0000
272      272   (0)     10  : 0.0000 0.0000 0.0000 0.0000 0.0000 1.0000 0.0000 0.0000 0.0000 0.0000 0.0000 0.0000
273      273   (0)     12  : 0.0000 0.8906 0.0000 0.0000 0.0000 0.0000 0.0000 0.0000 0.0000 0.0000 0.1094 0.0000
274      274   (0)     12  : 0.0000 1.0000 0.0000 0.0000 0.0000 0.0000 0.0000 0.0000 0.0000 0.0000 0.0000 0.0000
275      275   (0)     12  : 0.0000 1.0000 0.0000 0.0000 0.0000 0.0000 0.0000 0.0000 0.0000 0.0000 0.0000 0.0000
276      276   (0)     12  : 0.0000 0.8556 0.0000 0.0000 0.0000 0.0000 0.0000 0.1220 0.0000 0.0000 0.0224 0.0000
277      277   (0)     12  : 0.0000 0.9698 0.0302 0.0000 0.0000 0.0000 0.0000 0.0000 0.0000 0.0000 0.0000 0.0000
278      278   (0)     12  : 0.0000 0.2388 0.0000 0.0000 0.0251 0.0000 0.0000 0.0000 0.0000 0.0000 0.0000 0.7360
279      279   (0)     12  : 0.0000 0.0658 0.0000 0.0000 0.0241 0.0000 0.0000 0.0000 0.0000 0.0000 0.0000 0.9101
280      280   (0)     12  : 0.0000 1.0000 0.0000 0.0000 0.0000 0.0000 0.0000 0.0000 0.0000 0.0000 0.0000 0.0000
281      281   (0)     12  : 0.0000 0.8642 0.0000 0.0000 0.0000 0.0000 0.0000 0.0000 0.0000 0.0000 0.1358 0.0000
282      282   (0)     12  : 0.0000 0.7929 0.0000 0.0000 0.0358 0.0501 0.0000 0.0408 0.0000 0.0000 0.0000 0.0804
283      283   (0)     12  : 0.0000 0.9977 0.0000 0.0000 0.0023 0.0000 0.0000 0.0000 0.0000 0.0000 0.0000 0.0000
284      284   (0)     12  : 0.0000 0.0432 0.0000 0.0000 0.0000 0.0000 0.0000 0.0000 0.0000 0.0000 0.0000 0.9568
285      285   (0)     12  : 0.0000 0.1031 0.0000 0.0000 0.0000 0.0000 0.0000 0.0000 0.0000 0.0000 0.0000 0.8969
286      286   (0)     12  : 0.0000 0.2157 0.0000 0.0000 0.0000 0.0000 0.0000 0.0000 0.0000 0.0000 0.0000 0.7843
287      287   (0)     12  : 0.0000 1.0000 0.0000 0.0000 0.0000 0.0000 0.0000 0.0000 0.0000 0.0000 0.0000 0.0000
288      288   (0)     12  : 0.0000 1.0000 0.0000 0.0000 0.0000 0.0000 0.0000 0.0000 0.0000 0.0000 0.0000 0.0000
289      289   (0)     12  : 0.0000 1.0000 0.0000 0.0000 0.0000 0.0000 0.0000 0.0000 0.0000 0.0000 0.0000 0.0000
290      290   (0)     12  : 0.0000 1.0000 0.0000 0.0000 0.0000 0.0000 0.0000 0.0000 0.0000 0.0000 0.0000 0.0000
291      291   (0)     12  : 0.0000 1.0000 0.0000 0.0000 0.0000 0.0000 0.0000 0.0000 0.0000 0.0000 0.0000 0.0000
292      292   (0)     12  : 0.0000 1.0000 0.0000 0.0000 0.0000 0.0000 0.0000 0.0000 0.0000 0.0000 0.0000 0.0000
293      293   (0)     12  : 0.0000 1.0000 0.0000 0.0000 0.0000 0.0000 0.0000 0.0000 0.0000 0.0000 0.0000 0.0000
294      294   (0)     12  : 0.0000 0.9790 0.0000 0.0000 0.0000 0.0000 0.0000 0.0210 0.0000 0.0000 0.0000 0.0000
295      295   (0)     12  : 0.0000 0.0000 0.0000 0.0000 0.0000 0.0000 0.0000 0.0000 0.0000 0.0000 0.0000 1.0000
296      296   (0)     12  : 0.0000 0.9864 0.0000 0.0000 0.0000 0.0000 0.0000 0.0000 0.0000 0.0000 0.0136 0.0000
297      297   (0)     12  : 0.0000 0.8767 0.0000 0.0000 0.0000 0.0000 0.0000 0.0562 0.0000 0.0000 0.0671 0.0000
298      298   (0)     12  : 0.0000 0.1242 0.0000 0.0000 0.0396 0.0000 0.0000 0.0000 0.0000 0.0000 0.0000 0.8362
299      299   (0)     12  : 0.0000 1.0000 0.0000 0.0000 0.0000 0.0000 0.0000 0.0000 0.0000 0.0000 0.0000 0.0000
300      300   (0)     12  : 0.0000 0.0725 0.0000 0.0000 0.0000 0.0000 0.0000 0.0000 0.0000 0.0000 0.0000 0.9275
301      301   (0)     13  : 0.0000 0.0000 0.0000 0.0000 0.0000 0.0000 0.0000 0.0000 0.0000 0.0000 0.8992 0.1008
302      302   (0)     13  : 0.0000 0.0000 0.0000 0.0000 0.0000 0.0000 0.0000 0.0000 0.0000 0.0000 1.0000 0.0000
303      303   (0)     13  : 0.0000 0.0000 0.0000 0.0000 0.0000 0.0000 0.0000 0.0000 0.0000 0.0000 1.0000 0.0000
304      304   (0)     13  : 0.0000 0.0937 0.0690 0.0000 0.0073 0.1137 0.0000 0.2081 0.0000 0.0000 0.5082 0.0000
305      305   (0)     13  : 0.0000 0.0000 0.0000 0.0000 0.0000 0.0000 0.0000 0.0000 0.0000 0.0000 1.0000 0.0000
306      306   (0)     13  : 0.0000 0.0000 0.0000 0.0000 0.0000 0.0000 0.0000 0.0000 0.0000 0.0000 0.9980 0.0020
307      307   (0)     13  : 0.0000 0.0000 0.0000 0.0000 0.0228 0.0813 0.0000 0.0000 0.0000 0.0010 0.8949 0.0000
308      308   (0)     13  : 0.0000 0.0000 0.4053 0.0000 0.0000 0.0000 0.0000 0.0000 0.0028 0.0000 0.2650 0.3269
309      309   (0)     13  : 0.0000 0.0000 0.0055 0.0000 0.0572 0.0000 0.0000 0.0000 0.0000 0.0000 0.5535 0.3837
310      310   (0)     13  : 0.0000 0.1574 0.0000 0.0000 0.0000 0.0000 0.0000 0.0000 0.0000 0.0000 0.8426 0.0000
311      311   (0)     13  : 0.0000 0.0000 0.0000 0.0000 0.0000 0.0000 0.0000 0.0000 0.0000 0.0000 1.0000 0.0000
312      312   (0)     13  : 0.0000 0.0000 0.0000 0.0000 0.0000 0.0000 0.0000 0.0000 0.0000 0.0000 1.0000 0.0000
313      313   (0)     13  : 0.0000 0.0000 0.0000 0.0000 0.0000 0.0000 0.0000 0.0000 0.0000 0.0000 1.0000 0.0000
314      314   (0)     13  : 0.0000 0.0000 0.0000 0.0000 0.0000 0.0000 0.0000 0.0000 0.0000 0.0000 1.0000 0.0000
315      315   (0)     13  : 0.0000 0.0000 0.0000 0.0000 0.0000 0.0000 0.0000 0.0000 0.0000 0.0000 1.0000 0.0000
316      316   (0)     13  : 0.0000 0.0000 0.0000 0.0000 0.0000 0.0879 0.0000 0.0000 0.0000 0.0000 0.8474 0.0647
317      317   (0)     13  : 0.0000 0.0000 0.0000 0.0000 0.0402 0.0000 0.0000 0.0000 0.0000 0.0000 0.9598 0.0000
318      318   (0)     13  : 0.0000 0.0000 0.0000 0.0000 0.0000 0.0000 0.0000 0.0000 0.0000 0.0000 1.0000 0.0000
319      319   (0)     13  : 0.0000 0.0000 0.0000 0.0000 0.0000 0.0000 0.0000 0.0000 0.0000 0.0000 1.0000 0.0000
320      320   (0)     13  : 0.0000 0.0053 0.1509 0.0000 0.0358 0.0000 0.0000 0.0000 0.0000 0.0000 0.2237 0.5843
321      321   (0)     13  : 0.0000 0.0000 0.0000 0.0000 0.0000 0.0000 0.0000 0.0000 0.0000 0.0000 1.0000 0.0000
322      322   (0)     13  : 0.0000 0.0000 0.0000 0.0000 0.0000 0.0000 0.0000 0.0000 0.0000 0.0000 0.9576 0.0424
323      323   (0)     13  : 0.0000 0.0000 0.0000 0.0000 0.0000 0.0000 0.0000 0.1009 0.0000 0.0000 0.8991 0.0000
324      324   (0)     13  : 0.0000 0.0000 0.0000 0.0000 0.0000 0.0000 0.0000 0.2397 0.0000 0.0000 0.7603 0.0000
325      325   (0)     14  : 0.0000 0.0000 0.0000 0.0000 0.0074 0.3146 0.0000 0.0000 0.0000 0.0000 0.6781 0.0000
326      326   (0)     14  : 0.0000 0.0000 0.0000 0.0000 0.0000 0.9510 0.0000 0.0000 0.0000 0.0000 0.0490 0.0000
327      327   (0)     14  : 0.0000 0.0000 1.0000 0.0000 0.0000 0.0000 0.0000 0.0000 0.0000 0.0000 0.0000 0.0000
328      328   (0)     14  : 0.0000 0.2344 0.0000 0.0000 0.0060 0.5301 0.0000 0.0034 0.0000 0.0000 0.2261 0.0000
329      329   (0)     14  : 0.0000 0.0000 0.2102 0.0000 0.0000 0.0000 0.0000 0.0000 0.0000 0.0000 0.0000 0.7898
330      330   (0)     14  : 0.0000 0.0000 0.9930 0.0000 0.0070 0.0000 0.0000 0.0000 0.0000 0.0000 0.0000 0.0000
331      331   (0)     14  : 0.0000 0.0000 0.5214 0.0000 0.0000 0.0000 0.0000 0.0000 0.0000 0.0000 0.0158 0.4628
332      332   (0)     14  : 0.0000 0.1209 0.1037 0.0000 0.1914 0.2537 0.0000 0.0567 0.0000 0.0000 0.2737 0.0000
333      333   (0)     14  : 0.0000 0.0000 0.8438 0.0000 0.0000 0.0000 0.0000 0.0000 0.0000 0.0000 0.0000 0.1562
334      334   (0)     14  : 0.0000 0.0000 0.0000 0.0000 0.0000 0.7498 0.0000 0.0000 0.0000 0.0000 0.2149 0.0353
335      335   (0)     14  : 0.0000 0.0146 0.0874 0.0000 0.1765 0.3340 0.0000 0.0364 0.0000 0.0000 0.3511 0.0000
336      336   (0)     11  : 0.0000 0.0000 0.3267 0.0000 0.0000 0.0000 0.0000 0.0000 0.0000 0.0000 0.0327 0.6406
337      337   (0)     11  : 0.0000 0.0871 0.0000 0.0000 0.0246 0.4438 0.0000 0.0000 0.0000 0.0000 0.4444 0.0000
338      338   (0)     11  : 0.0000 0.0000 0.0905 0.0000 0.0000 0.0000 0.0000 0.0000 0.0000 0.0000 0.0000 0.9095
339      339   (0)     10  : 0.0000 0.0000 0.0000 0.0000 0.0000 1.0000 0.0000 0.0000 0.0000 0.0000 0.0000 0.0000
340      340   (0)     10  : 0.0000 0.0000 0.5923 0.1924 0.0634 0.0000 0.0000 0.0000 0.0000 0.0000 0.0000 0.1518
341      341   (0)     11  : 0.0271 0.0001 0.2375 0.0000 0.0639 0.0257 0.0000 0.0000 0.0000 0.0000 0.0142 0.6315
342      342   (0)     11  : 0.0000 0.0000 0.0000 0.0000 0.0000 0.0000 0.0000 0.0000 0.0000 0.0000 0.0000 1.0000
343      343   (0)     11  : 0.0000 0.0000 0.6135 0.0000 0.0000 0.0000 0.0000 0.0000 0.0000 0.0000 0.0000 0.3865
344      344   (0)     11  : 0.0192 0.0000 0.1181 0.0000 0.0511 0.0513 0.0000 0.0000 0.0000 0.0000 0.0000 0.7603
345      345   (0)     11  : 0.0000 0.0000 0.0002 0.0000 0.0000 0.0023 0.0000 0.0000 0.0000 0.0000 0.0000 0.9975
346      346   (0)     11  : 0.0000 0.0000 0.1772 0.0000 0.0000 0.0000 0.0000 0.0000 0.0000 0.0000 0.0000 0.8228
347      347   (0)     11  : 0.0000 0.0282 0.0000 0.0000 0.0157 0.4369 0.0000 0.0000 0.0000 0.0000 0.5145 0.0047
348      348   (0)     11  : 0.0000 0.0000 0.2343 0.0000 0.0122 0.0000 0.0000 0.0000 0.0000 0.0000 0.0000 0.7534
349      349   (0)     11  : 0.0000 0.0000 0.3188 0.0000 0.0114 0.0148 0.0000 0.0000 0.0000 0.0000 0.0000 0.6549
350      350   (0)     11  : 0.0000 0.0000 0.0701 0.0000 0.0968 0.0693 0.0000 0.0000 0.0000 0.0000 0.0000 0.7639
351      351   (0)     11  : 0.0000 0.0000 0.0000 0.0000 0.0000 0.0000 0.0000 0.0000 0.0000 0.0000 0.0000 1.0000
352      352   (0)     11  : 0.0000 0.1396 0.0000 0.0000 0.0810 0.6034 0.0000 0.0434 0.0000 0.0000 0.1101 0.0225
353      353   (0)     11  : 0.0000 0.0000 0.0000 0.0000 0.0000 0.0000 0.0000 0.0000 0.0000 0.0000 0.0000 1.0000
354      354   (0)     11  : 0.0000 0.0129 0.0000 0.0000 0.0250 0.6915 0.0000 0.0000 0.0000 0.0000 0.2706 0.0000
355      355   (0)     11  : 0.0000 0.0000 0.0000 0.0000 0.0000 0.0000 0.0000 0.0000 0.0000 0.0000 0.0000 1.0000
356      356   (0)     14  : 0.0000 0.0000 0.6844 0.0000 0.0000 0.0000 0.0000 0.1030 0.0000 0.0000 0.0000 0.2126
357      357   (0)     14  : 0.0000 0.0833 0.0000 0.0000 0.0000 0.5905 0.0000 0.0024 0.0000 0.0000 0.3238 0.0000
358      358   (0)     14  : 0.0000 0.0000 0.4495 0.0000 0.0000 0.0000 0.0000 0.0000 0.0000 0.0000 0.0000 0.5505
359      359   (0)     14  : 0.0000 0.0152 0.0264 0.0000 0.0029 0.6013 0.0000 0.1257 0.0000 0.0000 0.2285 0.0000
360      360   (0)     14  : 0.0000 0.0000 1.0000 0.0000 0.0000 0.0000 0.0000 0.0000 0.0000 0.0000 0.0000 0.0000
361      361   (0)     14  : 0.0000 0.0000 0.7770 0.0000 0.0228 0.0000 0.0000 0.0000 0.0000 0.0000 0.0431 0.1572
362      362   (0)     14  : 0.0000 0.0000 0.6990 0.0000 0.0176 0.0000 0.0000 0.0000 0.0000 0.0000 0.0000 0.2833
363      363   (0)     14  : 0.0000 0.0000 0.5727 0.0000 0.0000 0.0000 0.0000 0.0000 0.0000 0.0000 0.0000 0.4273
364      364   (0)     14  : 0.0000 0.0000 0.5958 0.0000 0.0000 0.0000 0.0000 0.0000 0.0000 0.0000 0.0000 0.4042
365      365   (0)     14  : 0.0000 0.0000 0.5703 0.0000 0.0368 0.0000 0.0000 0.0000 0.0000 0.0000 0.1316 0.2614
366      366   (0)     14  : 0.0000 0.0000 0.0000 0.0000 0.0448 0.5974 0.0000 0.1094 0.0000 0.0000 0.2127 0.0357
367      367   (0)      9  : 0.0000 0.0000 0.0129 0.0000 0.0000 0.8745 0.0000 0.0667 0.0000 0.0000 0.0459 0.0000
368      368   (0)      9  : 0.0000 0.0000 0.8541 0.0380 0.0000 0.1079 0.0000 0.0000 0.0000 0.0000 0.0000 0.0000
369      369   (0)      9  : 0.0000 0.0000 0.0000 0.0000 0.0000 0.9041 0.0000 0.0000 0.0000 0.0000 0.0959 0.0000
370      370   (0)      9  : 0.0000 0.0000 0.0000 0.0000 0.0754 0.8346 0.0000 0.0060 0.0000 0.0000 0.0000 0.0840
371      371   (0)      9  : 0.0000 0.0000 0.0000 0.0000 0.0471 0.9194 0.0000 0.0000 0.0000 0.0000 0.0335 0.0000
372      372   (0)      9  : 0.0000 0.0000 1.0000 0.0000 0.0000 0.0000 0.0000 0.0000 0.0000 0.0000 0.0000 0.0000
373      373   (0)     14  : 0.0000 0.0000 0.5468 0.0000 0.0000 0.0000 0.0000 0.0000 0.0000 0.0000 0.0000 0.4532
374      374   (0)     14  : 0.0000 0.0000 0.0045 0.0000 0.0000 0.7872 0.0000 0.0000 0.0000 0.0000 0.1848 0.0235
375      375   (0)     14  : 0.0000 0.0355 0.9373 0.0000 0.0271 0.0000 0.0000 0.0000 0.0000 0.0000 0.0000 0.0000
376      376   (0)     14  : 0.0000 0.0000 1.0000 0.0000 0.0000 0.0000 0.0000 0.0000 0.0000 0.0000 0.0000 0.0000
377      377   (0)     14  : 0.0000 0.0000 0.0000 0.0000 0.0030 0.6686 0.0000 0.0000 0.0000 0.0000 0.3285 0.0000
378      378   (0)      9  : 0.0000 0.0030 0.0000 0.0000 0.0000 0.9970 0.0000 0.0000 0.0000 0.0000 0.0000 0.0000
379      379   (0)      9  : 0.0000 0.0000 1.0000 0.0000 0.0000 0.0000 0.0000 0.0000 0.0000 0.0000 0.0000 0.0000
380      380   (0)      9  : 0.0000 0.0000 1.0000 0.0000 0.0000 0.0000 0.0000 0.0000 0.0000 0.0000 0.0000 0.0000
381      381   (0)      9  : 0.0000 0.0000 0.9406 0.0000 0.0000 0.0000 0.0594 0.0000 0.0000 0.0000 0.0000 0.0000
382      382   (0)      9  : 0.0000 0.0000 0.0417 0.0000 0.0798 0.8519 0.0000 0.0000 0.0000 0.0000 0.0266 0.0000
383      383   (0)      9  : 0.0000 0.0000 0.0000 0.0000 0.0000 1.0000 0.0000 0.0000 0.0000 0.0000 0.0000 0.0000
384      384   (0)      9  : 0.0000 0.0000 0.0000 0.0000 0.0786 0.9214 0.0000 0.0000 0.0000 0.0000 0.0000 0.0000
385      385   (0)      9  : 0.0000 0.0000 0.9026 0.0000 0.0000 0.0000 0.0974 0.0000 0.0000 0.0000 0.0000 0.0000
386      386   (0)      9  : 0.0000 0.0096 0.0000 0.0000 0.1167 0.8392 0.0000 0.0000 0.0000 0.0000 0.0345 0.0000
387      387   (0)      9  : 0.0000 0.0000 0.0058 0.0000 0.0670 0.9233 0.0000 0.0000 0.0000 0.0038 0.0000 0.0000
388      388   (0)      9  : 0.0000 0.0000 1.0000 0.0000 0.0000 0.0000 0.0000 0.0000 0.0000 0.0000 0.0000 0.0000
389      389   (0)      9  : 0.0000 0.0000 1.0000 0.0000 0.0000 0.0000 0.0000 0.0000 0.0000 0.0000 0.0000 0.0000
390      390   (0)      9  : 0.0000 0.0000 0.0000 0.0000 0.4036 0.5747 0.0000 0.0000 0.0000 0.0217 0.0000 0.0000
391      391   (0)      9  : 0.0000 0.0000 0.8755 0.0000 0.0000 0.0000 0.1245 0.0000 0.0000 0.0000 0.0000 0.0000
392      392   (0)     15  : 0.0000 0.0000 0.0000 0.0000 0.0000 0.2746 0.0000 0.6000 0.0000 0.0000 0.1253 0.0000
393      393   (0)     15  : 0.0000 0.0000 0.0000 0.0000 0.0000 0.0000 0.0000 0.8166 0.0000 0.0000 0.1834 0.0000
394      394   (0)     15  : 0.0000 0.0000 0.0000 0.0000 0.0000 0.0000 0.0000 1.0000 0.0000 0.0000 0.0000 0.0000
395      395   (0)     15  : 0.0000 0.0000 0.0000 0.0000 0.0000 0.0000 0.0899 0.8182 0.0000 0.0000 0.0437 0.0482
396      396   (0)     15  : 0.0000 0.0000 0.0000 0.0000 0.0000 0.0000 0.0000 0.9463 0.0000 0.0000 0.0537 0.0000
397      397   (0)     15  : 0.0000 0.0000 0.0000 0.0000 0.0000 0.0000 0.0000 1.0000 0.0000 0.0000 0.0000 0.0000
398      398   (0)     15  : 0.0000 0.0000 0.0000 0.0000 0.0000 0.0000 0.0000 1.0000 0.0000 0.0000 0.0000 0.0000
399      399   (0)     15  : 0.0000 0.0000 0.1132 0.0000 0.0008 0.0000 0.0000 0.2013 0.0000 0.0000 0.0000 0.6847
400      400   (0)     15  : 0.0000 0.0000 0.0000 0.0000 0.0000 0.0000 0.0000 1.0000 0.0000 0.0000 0.0000 0.0000
401      401   (0)     15  : 0.0000 0.0000 0.0000 0.0000 0.0000 0.0000 0.0000 1.0000 0.0000 0.0000 0.0000 0.0000
402      402   (0)     15  : 0.0000 0.0000 0.0000 0.0000 0.0000 0.0000 0.0000 0.2423 0.0000 0.0000 0.0000 0.7577
403      403   (0)     15  : 0.0000 0.0000 0.2418 0.0000 0.0000 0.0000 0.0000 0.0000 0.0000 0.0000 0.0000 0.7582
404      404   (0)     15  : 0.0000 0.0000 0.0000 0.0000 0.0000 0.0000 0.0000 1.0000 0.0000 0.0000 0.0000 0.0000
405      405   (0)     15  : 0.0000 0.0000 0.0000 0.0000 0.0000 0.0051 0.0000 0.9932 0.0000 0.0000 0.0017 0.0000
406      406   (0)     15  : 0.0000 0.0000 0.0000 0.0000 0.0000 0.0000 0.0000 0.7615 0.0000 0.0000 0.2385 0.0000
407      407   (0)     15  : 0.0000 0.0000 0.0000 0.0000 0.0011 0.0074 0.0000 0.8830 0.0000 0.0000 0.0000 0.1085
408      408   (0)     15  : 0.0000 0.0000 0.0000 0.0000 0.0000 0.0000 0.0000 0.1310 0.0000 0.0000 0.0000 0.8690
409      409   (0)     15  : 0.0000 0.0000 0.0000 0.0000 0.0000 0.0000 0.0000 1.0000 0.0000 0.0000 0.0000 0.0000
410      410   (0)     15  : 0.0000 0.0000 0.0000 0.0000 0.0000 0.0000 0.0000 0.2363 0.0000 0.0000 0.0000 0.7637
411      411   (0)     15  : 0.0000 0.0000 0.0000 0.0000 0.0000 0.0000 0.0000 0.8800 0.0000 0.0000 0.1200 0.0000
412      412   (0)     15  : 0.0000 0.0000 0.0000 0.0000 0.0000 0.0000 0.0000 0.8851 0.0000 0.0000 0.0000 0.1149
413      413   (0)     15  : 0.0000 0.0000 0.0000 0.0000 0.0000 0.0000 0.0000 0.8626 0.0000 0.0000 0.1374 0.0000
414      414   (0)     15  : 0.0000 0.1157 0.0000 0.0000 0.0575 0.0022 0.0000 0.7199 0.0000 0.0000 0.1047 0.0000
415      415   (0)     15  : 0.0000 0.0860 0.0000 0.0000 0.0000 0.0179 0.0000 0.7663 0.0337 0.0000 0.0000 0.0961
416      416   (0)     15  : 0.0000 0.0000 0.0000 0.0000 0.0000 0.0000 0.0000 1.0000 0.0000 0.0000 0.0000 0.0000
417      417   (0)     15  : 0.0000 0.0000 0.0000 0.0000 0.0000 0.0000 0.0000 0.1115 0.0000 0.0000 0.0000 0.8885
418      418   (0)     15  : 0.0000 0.0000 0.0000 0.0000 0.0000 0.0000 0.0000 0.8992 0.0000 0.0000 0.1008 0.0000
419      419   (0)     15  : 0.0000 0.0000 0.0000 0.0000 0.0000 0.0000 0.0000 0.1319 0.0000 0.0000 0.0000 0.8681
420      420   (0)     15  : 0.0000 0.0000 0.0000 0.0000 0.0000 0.0000 0.0000 0.0675 0.0000 0.0000 0.0000 0.9325
421      421   (0)     16  : 0.4724 0.0000 0.0000 0.0000 0.0018 0.0000 0.4999 0.0000 0.0000 0.0259 0.0000 0.0000
422      422   (0)     16  : 0.1084 0.0000 0.0134 0.1288 0.0000 0.0000 0.7494 0.0000 0.0000 0.0000 0.0000 0.0000
423      423   (0)     16  : 0.6193 0.0000 0.0000 0.0836 0.0119 0.0000 0.0000 0.0000 0.2322 0.0000 0.0000 0.0530
424      424   (0)     16  : 0.3022 0.0000 0.0904 0.0866 0.0048 0.0041 0.4328 0.0000 0.0791 0.0000 0.0000 0.0001
425      425   (0)     16  : 0.0000 0.0000 0.0228 0.0911 0.0000 0.0000 0.6678 0.0000 0.2183 0.0000 0.0000 0.0000
426      426   (0)     16  : 0.6388 0.0000 0.0000 0.0863 0.0000 0.0000 0.0000 0.0000 0.2750 0.0000 0.0000 0.0000
427      427   (0)     16  : 0.3165 0.0000 0.0116 0.0063 0.0000 0.0000 0.6430 0.0000 0.0000 0.0000 0.0225 0.0000
428      428   (0)     16  : 0.9918 0.0000 0.0000 0.0000 0.0082 0.0000 0.0000 0.0000 0.0000 0.0000 0.0000 0.0000
429      429   (0)     16  : 0.1091 0.0000 0.0112 0.0991 0.0367 0.0147 0.5939 0.0000 0.1353 0.0000 0.0000 0.0000
430      430   (0)     16  : 0.9071 0.0000 0.0000 0.0120 0.0212 0.0000 0.0000 0.0000 0.0592 0.0006 0.0000 0.0000
431      431   (0)     16  : 0.0000 0.0000 0.0000 0.4185 0.0091 0.0000 0.5725 0.0000 0.0000 0.0000 0.0000 0.0000
432      432   (0)     16  : 0.8593 0.0000 0.0451 0.0000 0.0000 0.0000 0.0286 0.0000 0.0671 0.0000 0.0000 0.0000
433      433   (0)     16  : 0.1365 0.0000 0.0000 0.0000 0.0046 0.0000 0.8590 0.0000 0.0000 0.0000 0.0000 0.0000
434      434   (0)     16  : 0.6897 0.0000 0.0190 0.0125 0.0000 0.0000 0.2699 0.0089 0.0000 0.0000 0.0000 0.0000
435      435   (0)     16  : 0.5126 0.0000 0.0187 0.0000 0.0000 0.0000 0.4687 0.0000 0.0000 0.0000 0.0000 0.0000
436      436   (0)     16  : 0.0231 0.0000 0.0000 0.0312 0.0436 0.0000 0.9021 0.0000 0.0000 0.0000 0.0000 0.0000
437      437   (0)     16  : 0.9242 0.0000 0.0000 0.0758 0.0000 0.0000 0.0000 0.0000 0.0000 0.0000 0.0000 0.0000
438      438   (0)     16  : 0.9736 0.0000 0.0000 0.0264 0.0000 0.0000 0.0000 0.0000 0.0000 0.0000 0.0000 0.0000
439      439   (0)     16  : 0.8965 0.0000 0.0302 0.0436 0.0000 0.0000 0.0000 0.0000 0.0155 0.0000 0.0000 0.0143
440      440   (0)     16  : 0.5409 0.0000 0.0243 0.0000 0.0000 0.0000 0.0000 0.0000 0.4116 0.0000 0.0000 0.0232
441      441   (0)     16  : 0.5586 0.0078 0.0000 0.0000 0.0000 0.0000 0.3715 0.0000 0.0000 0.0000 0.0057 0.0564
442      442   (0)     16  : 0.9585 0.0000 0.0000 0.0306 0.0000 0.0000 0.0109 0.0000 0.0000 0.0000 0.0000 0.0000
443      443   (0)     16  : 0.5961 0.0000 0.0002 0.0000 0.0000 0.0000 0.0263 0.0000 0.3054 0.0000 0.0000 0.0720
444      444   (0)     16  : 0.9319 0.0000 0.0000 0.0000 0.0000 0.0000 0.0000 0.0000 0.0209 0.0000 0.0000 0.0473
445      445   (0)     16  : 0.0000 0.0000 0.0000 0.0000 0.0001 0.0082 0.1335 0.0000 0.0000 0.8581 0.0001 0.0000
446      446   (0)     16  : 0.5293 0.0000 0.0284 0.0000 0.0000 0.0000 0.4424 0.0000 0.0000 0.0000 0.0000 0.0000
447      447   (0)     16  : 0.5945 0.0000 0.0000 0.0000 0.0000 0.0000 0.2476 0.0000 0.1206 0.0003 0.0000 0.0370
448      448   (0)     16  : 0.9159 0.0000 0.0000 0.0000 0.0000 0.0000 0.0644 0.0000 0.0000 0.0000 0.0000 0.0197
449      449   (0)     16  : 0.6485 0.0000 0.0362 0.0000 0.0080 0.0000 0.3073 0.0000 0.0000 0.0000 0.0000 0.0000
450      450   (0)     16  : 0.9014 0.0000 0.0000 0.0290 0.0000 0.0000 0.0259 0.0000 0.0438 0.0000 0.0000 0.0000
451      451   (0)     17  : 0.5270 0.0193 0.0000 0.1781 0.0482 0.0023 0.1163 0.0000 0.0431 0.0000 0.0000 0.0657
452      452   (0)     17  : 0.8359 0.0000 0.0000 0.0000 0.0000 0.0000 0.0658 0.0000 0.0307 0.0000 0.0000 0.0676
453      453   (0)     17  : 1.0000 0.0000 0.0000 0.0000 0.0000 0.0000 0.0000 0.0000 0.0000 0.0000 0.0000 0.0000
454      454   (0)     17  : 0.0480 0.0000 0.0000 0.0000 0.0247 0.0096 0.0000 0.0000 0.0902 0.7562 0.0663 0.0051
455      455   (0)     17  : 0.0253 0.0000 0.0000 0.0000 0.0000 0.0000 0.9488 0.0000 0.0051 0.0000 0.0000 0.0208
456      456   (0)     17  : 0.0595 0.0000 0.0000 0.0000 0.0000 0.0448 0.0104 0.0000 0.0320 0.8532 0.0000 0.0000
457      457   (0)     17  : 0.0947 0.0000 0.0000 0.0000 0.0000 0.0000 0.9053 0.0000 0.0000 0.0000 0.0000 0.0000
458      458   (0)     17  : 0.8988 0.0000 0.0000 0.0084 0.0000 0.0000 0.0595 0.0000 0.0000 0.0000 0.0000 0.0333
459      459   (0)     17  : 0.9973 0.0000 0.0027 0.0000 0.0000 0.0000 0.0000 0.0000 0.0000 0.0000 0.0000 0.0000
460      460   (0)     17  : 0.0000 0.0000 0.0000 0.0000 0.0000 0.0000 0.5322 0.0000 0.4648 0.0000 0.0000 0.0030
461      461   (0)     17  : 0.4593 0.0000 0.0000 0.0000 0.0005 0.0000 0.3809 0.0000 0.1122 0.0000 0.0000 0.0471
462      462   (0)     17  : 0.2765 0.0587 0.0302 0.4532 0.1717 0.0000 0.0000 0.0000 0.0000 0.0041 0.0055 0.0000
463      463   (0)     17  : 0.0000 0.0278 0.0000 0.0000 0.0765 0.0676 0.2600 0.0121 0.0107 0.5365 0.0089 0.0000
464      464   (0)     17  : 0.6819 0.0000 0.0314 0.0318 0.0108 0.0000 0.1037 0.0000 0.1006 0.0046 0.0000 0.0351
465      465   (0)     17  : 0.6317 0.0064 0.0028 0.1601 0.1512 0.0000 0.0050 0.0000 0.0000 0.0429 0.0000 0.0000
466      466   (0)     17  : 0.6494 0.0000 0.0110 0.0218 0.0352 0.0000 0.0000 0.0000 0.2278 0.0095 0.0000 0.0452
467      467   (0)     17  : 0.4360 0.0000 0.0332 0.1444 0.0176 0.0000 0.1905 0.0045 0.1694 0.0044 0.0000 0.0000
468      468   (0)     17  : 0.1669 0.0000 0.0000 0.0000 0.0000 0.0000 0.0164 0.0000 0.7518 0.0000 0.0000 0.0649
469      469   (0)     17  : 0.3741 0.0000 0.0874 0.0935 0.0150 0.0000 0.3126 0.0000 0.1071 0.0104 0.0000 0.0000
470      470   (0)     17  : 0.8167 0.0000 0.0000 0.0000 0.0518 0.0334 0.0000 0.0000 0.0000 0.0000 0.0000 0.0981
471      471   (0)     17  : 0.3433 0.0000 0.0000 0.0000 0.0003 0.0000 0.4719 0.0088 0.1112 0.0000 0.0000 0.0645
472      472   (0)     17  : 0.2265 0.0000 0.0000 0.2350 0.0116 0.0018 0.0000 0.0000 0.5252 0.0000 0.0000 0.0000
473      473   (0)     17  : 0.3305 0.0000 0.0000 0.0882 0.0185 0.0000 0.0000 0.0048 0.5291 0.0000 0.0000 0.0289
474      474   (0)     17  : 0.0000 0.0000 0.0000 0.0549 0.0087 0.0000 0.8654 0.0000 0.0388 0.0000 0.0000 0.0322
475      475   (0)     17  : 0.5427 0.0000 0.0000 0.0543 0.0358 0.0000 0.1636 0.0000 0.1897 0.0000 0.0000 0.0138
476      476   (0)     17  : 0.1963 0.0077 0.0003 0.0173 0.0762 0.0002 0.6679 0.0000 0.0308 0.0000 0.0000 0.0034
477      477   (0)     17  : 0.9140 0.0000 0.0000 0.0096 0.0097 0.0000 0.0000 0.0000 0.0650 0.0017 0.0000 0.0000
478      478   (0)     17  : 0.0000 0.0000 0.0015 0.0000 0.0145 0.0000 0.9111 0.0000 0.0728 0.0000 0.0000 0.0000
479      479   (0)     17  : 0.8252 0.0000 0.0000 0.0000 0.0334 0.0000 0.0060 0.0000 0.0778 0.0577 0.0000 0.0000
480      480   (0)     17  : 0.2091 0.0000 0.0000 0.1827 0.0018 0.0000 0.0048 0.0000 0.4946 0.0168 0.0000 0.0901
481      481   (0)     18  : 0.0000 0.0000 0.0038 0.7424 0.1469 0.0000 0.0000 0.0000 0.0184 0.0266 0.0000 0.0619
482      482   (0)     18  : 0.0000 0.0000 0.0000 0.0000 0.6667 0.0000 0.0000 0.0000 0.0000 0.3333 0.0000 0.0000
483      483   (0)     18  : 0.0000 0.0000 0.0000 0.0000 0.6667 0.0000 0.0000 0.0000 0.0000 0.3333 0.0000 0.0000
484      484   (0)     18  : 0.0000 0.0000 0.0000 0.0000 0.6667 0.0000 0.0000 0.0000 0.0000 0.3333 0.0000 0.0000
485      485   (0)     18  : 0.0228 0.0000 0.0000 0.0000 0.4888 0.0000 0.0000 0.0000 0.0000 0.4884 0.0000 0.0000
486      486   (0)     18  : 0.0000 0.0000 0.0000 0.0426 0.6667 0.0000 0.0000 0.0000 0.0000 0.2907 0.0000 0.0000
487      487   (0)     18  : 0.0000 0.0000 0.0000 0.0000 0.6667 0.0000 0.0000 0.0000 0.0000 0.3333 0.0000 0.0000
488      488   (0)     18  : 0.5456 0.0000 0.0000 0.1817 0.0591 0.0000 0.0000 0.0000 0.1629 0.0195 0.0000 0.0312
489      489   (0)     18  : 0.0000 0.0000 0.0000 0.9116 0.0440 0.0000 0.0000 0.0000 0.0264 0.0000 0.0135 0.0044
490      490   (0)     18  : 0.0000 0.0000 0.0000 0.0000 0.6667 0.0000 0.0000 0.0000 0.0000 0.3333 0.0000 0.0000
491      491   (0)     18  : 0.0077 0.0000 0.0045 0.0000 0.5997 0.0000 0.0000 0.0000 0.0580 0.3099 0.0000 0.0204
492      492   (0)     18  : 0.4647 0.0000 0.0065 0.0041 0.0329 0.0000 0.0000 0.0000 0.0255 0.4663 0.0000 0.0000
493      493   (0)     18  : 0.0000 0.0000 0.0000 0.4553 0.0429 0.0000 0.4983 0.0000 0.0000 0.0035 0.0000 0.0000
494      494   (0)     18  : 0.0000 0.0000 0.0000 0.0865 0.6130 0.0000 0.0000 0.0000 0.0000 0.3004 0.0000 0.0000
495      495   (0)     18  : 0.0000 0.0000 0.0000 0.0000 0.6667 0.0000 0.0000 0.0000 0.0000 0.3333 0.0000 0.0000
496      496   (0)     18  : 0.0557 0.0000 0.0000 0.0000 0.3577 0.0000 0.0000 0.0000 0.0000 0.5866 0.0000 0.0000
497      497   (0)     18  : 0.0000 0.0000 0.0000 0.4963 0.0343 0.0000 0.3163 0.0000 0.0967 0.0042 0.0000 0.0522
498      498   (0)     18  : 0.0777 0.0000 0.0000 0.0066 0.5108 0.0000 0.0000 0.0000 0.0000 0.4048 0.0000 0.0000
499      499   (0)     18  : 0.1215 0.0000 0.0000 0.0349 0.2910 0.0000 0.1254 0.0000 0.0000 0.4273 0.0000 0.0000
500      500   (0)     18  : 0.0000 0.0000 0.0000 0.6432 0.1035 0.0000 0.0000 0.0000 0.1842 0.0109 0.0000 0.0581
501      501   (0)     18  : 0.3490 0.0000 0.0000 0.5487 0.0476 0.0000 0.0000 0.0000 0.0000 0.0049 0.0000 0.0499
502      502   (0)     18  : 0.2376 0.0000 0.0000 0.0000 0.2148 0.0013 0.0628 0.0000 0.0000 0.4754 0.0081 0.0000
503      503   (0)     18  : 0.0000 0.0000 0.0000 0.0043 0.6667 0.0000 0.0000 0.0000 0.0000 0.3290 0.0000 0.0000
504      504   (0)     18  : 0.1445 0.0000 0.0000 0.0000 0.2649 0.0000 0.0204 0.0000 0.0000 0.5702 0.0000 0.0000
505      505   (0)     18  : 0.0540 0.0000 0.0873 0.0000 0.2183 0.0112 0.0000 0.0000 0.0000 0.6293 0.0000 0.0000
506      506   (0)     18  : 0.0000 0.0000 0.0000 0.3503 0.0346 0.0000 0.4916 0.0000 0.0309 0.0000 0.0000 0.0926
507      507   (0)     18  : 0.2010 0.0000 0.0000 0.0515 0.3874 0.0000 0.0104 0.0000 0.0000 0.3497 0.0000 0.0000
508      508   (0)     18  : 0.0748 0.0000 0.0000 0.4425 0.0343 0.0000 0.3743 0.0000 0.0581 0.0114 0.0000 0.0046
509      509   (0)     18  : 0.0548 0.0000 0.0246 0.0000 0.1514 0.0000 0.0000 0.0000 0.0103 0.7589 0.0000 0.0000
510      510   (0)     19  : 0.6882 0.0000 0.0034 0.0830 0.0044 0.0000 0.2210 0.0000 0.0000 0.0000 0.0000 0.0000
511      511   (0)     19  : 0.0970 0.0000 0.0000 0.0543 0.0235 0.0000 0.8251 0.0000 0.0000 0.0000 0.0000 0.0000
512      512   (0)     19  : 0.4859 0.0000 0.0000 0.0000 0.0000 0.0000 0.5141 0.0000 0.0000 0.0000 0.0000 0.0000
513      513   (0)     19  : 0.0000 0.0000 0.0000 0.0000 0.0000 0.0000 1.0000 0.0000 0.0000 0.0000 0.0000 0.0000
514      514   (0)     19  : 0.5850 0.0000 0.0722 0.0000 0.0000 0.0000 0.0000 0.0000 0.3428 0.0000 0.0000 0.0000
515      515   (0)     19  : 0.4080 0.0000 0.0256 0.0229 0.0000 0.0000 0.5435 0.0000 0.0000 0.0000 0.0000 0.0000
516      516   (0)     19  : 0.2896 0.0000 0.0000 0.0000 0.0000 0.0000 0.7104 0.0000 0.0000 0.0000 0.0000 0.0000
517      517   (0)     19  : 0.9301 0.0000 0.0220 0.0480 0.0000 0.0000 0.0000 0.0000 0.0000 0.0000 0.0000 0.0000
518      518   (0)     19  : 0.4158 0.0000 0.0000 0.0000 0.0000 0.0000 0.5084 0.0000 0.0615 0.0000 0.0000 0.0143
519      519   (0)     19  : 0.0000 0.0000 0.0000 0.4535 0.0000 0.0000 0.0000 0.0000 0.5465 0.0000 0.0000 0.0000
520      520   (0)     19  : 0.8659 0.0000 0.0000 0.0248 0.0000 0.0000 0.0913 0.0000 0.0067 0.0000 0.0000 0.0113
521      521   (0)     19  : 0.0000 0.0000 0.0000 0.2131 0.0000 0.0000 0.7869 0.0000 0.0000 0.0000 0.0000 0.0000
522      522   (0)     19  : 0.0778 0.0000 0.0000 0.0000 0.0000 0.0000 0.9222 0.0000 0.0000 0.0000 0.0000 0.0000
523      523   (0)     19  : 0.0000 0.0000 0.0000 0.0188 0.0000 0.0000 0.8429 0.0000 0.1383 0.0000 0.0000 0.0000
524      524   (0)     19  : 0.6824 0.0000 0.0000 0.0000 0.0000 0.0000 0.3010 0.0000 0.0000 0.0000 0.0000 0.0165
525      525   (0)     19  : 0.5361 0.0000 0.0000 0.0000 0.0090 0.0086 0.4214 0.0168 0.0000 0.0082 0.0000 0.0000
526      526   (0)     19  : 0.8043 0.0000 0.0008 0.0000 0.0000 0.0000 0.0934 0.0164 0.0852 0.0000 0.0000 0.0000
527      527   (0)     19  : 0.2869 0.0000 0.0475 0.2035 0.0051 0.0000 0.3209 0.0000 0.1360 0.0000 0.0000 0.0000
528      528   (0)     19  : 0.7242 0.0000 0.0000 0.1402 0.0124 0.0000 0.1003 0.0000 0.0228 0.0000 0.0000 0.0000
529      529   (0)     19  : 0.8727 0.0000 0.0000 0.0000 0.0000 0.0000 0.0000 0.0000 0.1273 0.0000 0.0000 0.0000
530      530   (0)     19  : 0.2108 0.0000 0.0250 0.0000 0.0000 0.0000 0.6482 0.0000 0.1160 0.0000 0.0000 0.0000
531      531   (0)     19  : 0.2356 0.0000 0.0000 0.0000 0.0000 0.0000 0.5165 0.0000 0.1653 0.0000 0.0000 0.0826
532      532   (0)     19  : 0.2425 0.0130 0.0000 0.0000 0.0197 0.0102 0.6437 0.0000 0.0284 0.0000 0.0000 0.0426
533      533   (0)     19  : 0.3529 0.0000 0.0000 0.0000 0.0308 0.0000 0.0109 0.0000 0.0217 0.5458 0.0217 0.0161
534      534   (0)     19  : 0.7761 0.0000 0.0124 0.1542 0.0000 0.0000 0.0573 0.0000 0.0000 0.0000 0.0000 0.0000
535      535   (0)     19  : 0.2756 0.0000 0.0000 0.0200 0.0000 0.0000 0.6968 0.0000 0.0000 0.0000 0.0000 0.0076
536      536   (0)     19  : 0.1533 0.0319 0.0000 0.0000 0.0144 0.0000 0.7945 0.0000 0.0059 0.0000 0.0000 0.0000
537      537   (0)     19  : 0.4158 0.0000 0.0017 0.1884 0.0000 0.0000 0.3140 0.0000 0.0000 0.0000 0.0000 0.0800
538      538   (0)     19  : 0.1478 0.0000 0.0000 0.0000 0.2311 0.0000 0.0284 0.0000 0.0000 0.5926 0.0000 0.0000
539      539   (0)     19  : 0.0000 0.0000 0.0000 0.0000 0.0166 0.0000 0.9676 0.0000 0.0000 0.0068 0.0000 0.0090
