1        1   (0)      1  : 0.0172 0.0829 0.0000 0.3605 0.0000 0.0000 0.5336 0.0000 0.0000 0.0058 0.0000
2        2   (0)      1  : 0.9889 0.0000 0.0000 0.0000 0.0000 0.0000 0.0000 0.0000 0.0000 0.0000 0.0111
3        3   (0)      1  : 0.1621 0.0268 0.0000 0.0000 0.0000 0.0000 0.0000 0.0000 0.0000 0.7894 0.0217
4        4   (0)      1  : 0.0000 0.0000 0.0112 0.4235 0.0000 0.0000 0.3291 0.0000 0.0000 0.0158 0.2205
5        5   (0)      1  : 0.0226 0.1785 0.0014 0.3785 0.0000 0.0000 0.1501 0.0000 0.0000 0.0000 0.2691
6        6   (0)      1  : 0.0000 0.1628 0.0000 0.8371 0.0000 0.0000 0.0000 0.0000 0.0000 0.0001 0.0000
7        7   (0)      1  : 0.6720 0.0000 0.0000 0.0000 0.0000 0.0000 0.0046 0.0000 0.0000 0.3234 0.0000
8        8   (0)      1  : 0.7571 0.0000 0.0000 0.0113 0.0000 0.0000 0.0000 0.0000 0.0000 0.2316 0.0000
9        9   (0)      1  : 0.0054 0.2889 0.0000 0.0000 0.0000 0.0000 0.2057 0.0000 0.0000 0.0000 0.5000
10       10   (0)      1  : 0.6645 0.0284 0.0000 0.0000 0.0000 0.0000 0.0000 0.0000 0.0000 0.3071 0.0000
11       11   (0)      1  : 0.0000 0.3154 0.0003 0.1590 0.0000 0.0000 0.1351 0.0000 0.0000 0.0068 0.3834
12       12   (0)      1  : 0.0000 0.1530 0.0000 0.7417 0.0000 0.0000 0.1053 0.0000 0.0000 0.0000 0.0000
13       13   (0)      1  : 0.0000 0.2085 0.0000 0.0150 0.0000 0.0000 0.2867 0.0000 0.0000 0.0000 0.4899
14       14   (0)      1  : 0.0000 0.1244 0.0022 0.6843 0.0000 0.0000 0.0000 0.0000 0.0000 0.0000 0.1891
15       15   (0)      1  : 0.0000 0.5000 0.0000 0.1925 0.0000 0.0000 0.3075 0.0000 0.0000 0.0000 0.0000
16       16   (0)      1  : 0.0672 0.0532 0.0000 0.3190 0.0000 0.0000 0.1344 0.0000 0.0000 0.0000 0.4262
17       17   (0)      1  : 0.0000 0.3409 0.0000 0.4265 0.0000 0.0000 0.2325 0.0000 0.0000 0.0000 0.0000
18       18   (0)      1  : 0.0000 0.0000 0.0000 0.0000 0.0000 0.0000 0.5000 0.0000 0.0000 0.0000 0.5000
19       19   (0)      1  : 0.0000 0.2324 0.0000 0.0109 0.0014 0.0000 0.4335 0.0000 0.0000 0.0000 0.3218
20       20   (0)      1  : 0.0000 0.1669 0.0000 0.2315 0.0000 0.0000 0.5521 0.0000 0.0000 0.0000 0.0495
21       21   (0)      1  : 0.0000 0.2461 0.0000 0.0000 0.0000 0.0000 0.5611 0.0000 0.0000 0.0000 0.1928
22       22   (0)      1  : 0.4548 0.0000 0.0000 0.0472 0.0000 0.0000 0.0000 0.0000 0.0000 0.4981 0.0000
23       23   (0)      1  : 0.0000 0.0000 0.0000 0.0000 0.0000 0.0000 1.0000 0.0000 0.0000 0.0000 0.0000
24       24   (0)      1  : 0.0000 0.0000 0.0000 1.0000 0.0000 0.0000 0.0000 0.0000 0.0000 0.0000 0.0000
25       25   (0)      1  : 0.0000 0.0000 0.0000 0.4606 0.0000 0.0000 0.5394 0.0000 0.0000 0.0000 0.0000
26       26   (0)      1  : 0.0000 0.2225 0.0000 0.1778 0.0000 0.0000 0.4425 0.0000 0.0000 0.0000 0.1572
27       27   (0)      1  : 0.0000 0.0000 0.0000 0.0000 0.9679 0.0321 0.0000 0.0000 0.0000 0.0000 0.0000
28       28   (0)      1  : 0.0000 0.0000 0.0000 0.0000 1.0000 0.0000 0.0000 0.0000 0.0000 0.0000 0.0000
29       29   (0)      1  : 0.0137 0.3259 0.0061 0.2122 0.0000 0.0000 0.1215 0.0000 0.0000 0.0000 0.3207
30       30   (0)      1  : 0.0000 0.8777 0.0000 0.1223 0.0000 0.0000 0.0000 0.0000 0.0000 0.0000 0.0000
31       31   (0)      1  : 0.0191 0.2496 0.0000 0.3102 0.0000 0.0000 0.1014 0.0000 0.0000 0.0098 0.3099
32       32   (0)      1  : 0.9431 0.0000 0.0000 0.0569 0.0000 0.0000 0.0000 0.0000 0.0000 0.0000 0.0000
33       33   (0)      1  : 0.1826 0.0000 0.0000 0.4036 0.4138 0.0000 0.0000 0.0000 0.0000 0.0000 0.0000
34       34   (0)      1  : 0.0000 0.0000 0.0000 0.0000 0.0000 0.0000 1.0000 0.0000 0.0000 0.0000 0.0000
35       35   (0)      1  : 0.0000 0.0000 1.0000 0.0000 0.0000 0.0000 0.0000 0.0000 0.0000 0.0000 0.0000
36       36   (0)      1  : 0.0000 0.0000 1.0000 0.0000 0.0000 0.0000 0.0000 0.0000 0.0000 0.0000 0.0000
37       37   (0)      1  : 0.0000 0.0000 1.0000 0.0000 0.0000 0.0000 0.0000 0.0000 0.0000 0.0000 0.0000
38       38   (0)      1  : 0.0000 0.0000 0.0000 0.0000 1.0000 0.0000 0.0000 0.0000 0.0000 0.0000 0.0000
39       39   (0)      1  : 0.0000 0.0000 0.0000 0.0000 1.0000 0.0000 0.0000 0.0000 0.0000 0.0000 0.0000
40       40   (0)      1  : 0.0000 0.2225 0.0000 0.1571 0.0000 0.0000 0.0000 0.0000 0.0000 0.0000 0.6204
41       41   (0)      1  : 0.6433 0.0000 0.0000 0.0000 0.0000 0.0000 0.0296 0.0000 0.0000 0.3271 0.0000
42       42   (0)      1  : 0.0000 0.0000 0.0000 0.0000 1.0000 0.0000 0.0000 0.0000 0.0000 0.0000 0.0000
43       43   (0)      1  : 0.0000 0.0000 0.0000 0.0000 0.0000 0.0000 1.0000 0.0000 0.0000 0.0000 0.0000
44       44   (0)      1  : 0.6523 0.0110 0.0000 0.0000 0.0000 0.0000 0.0000 0.0000 0.0000 0.3367 0.0000
45       45   (0)      1  : 0.0000 0.0000 0.0000 0.0000 1.0000 0.0000 0.0000 0.0000 0.0000 0.0000 0.0000
46       46   (0)      1  : 0.0000 0.0000 0.0000 0.8309 0.0000 0.0000 0.0000 0.0000 0.0000 0.0000 0.1691
47       47   (0)      1  : 0.0000 0.0000 0.0000 0.0000 1.0000 0.0000 0.0000 0.0000 0.0000 0.0000 0.0000
48       48   (0)      1  : 0.3534 0.0000 0.0000 0.0000 0.0000 0.0000 0.0295 0.0000 0.0029 0.6143 0.0000
49       49   (0)      1  : 0.7534 0.0000 0.0000 0.0000 0.0000 0.0000 0.0000 0.0000 0.0000 0.2466 0.0000
50       50   (0)      1  : 0.0000 0.0000 0.0000 0.0000 1.0000 0.0000 0.0000 0.0000 0.0000 0.0000 0.0000
51       51   (0)      1  : 0.0000 0.0000 0.0000 0.0000 0.9999 0.0000 0.0000 0.0000 0.0001 0.0000 0.0000
52       52   (0)      1  : 0.8350 0.0000 0.0000 0.0723 0.0000 0.0000 0.0000 0.0000 0.0000 0.0927 0.0000
53       53   (0)      1  : 0.3065 0.0000 0.0000 0.0000 0.0000 0.0000 0.0226 0.0000 0.0000 0.6709 0.0000
54       54   (0)      1  : 0.3786 0.0228 0.0000 0.0000 0.0000 0.0000 0.0104 0.0000 0.0000 0.5882 0.0000
55       55   (0)      1  : 0.0000 0.0000 0.0000 0.0000 1.0000 0.0000 0.0000 0.0000 0.0000 0.0000 0.0000
56       56   (0)      2  : 0.0000 0.1869 0.0000 0.4931 0.0000 0.0000 0.0000 0.0000 0.0000 0.0000 0.3200
57       57   (0)      2  : 0.0000 0.1336 0.0103 0.0000 0.0000 0.0000 0.7294 0.0000 0.0000 0.0000 0.1267
58       58   (0)      2  : 0.0000 0.0000 0.0000 0.0000 0.0000 0.0000 0.5000 0.0000 0.0000 0.0000 0.5000
59       59   (0)      2  : 0.0000 0.0000 0.0000 0.4190 0.0000 0.0000 0.4229 0.0000 0.0000 0.0000 0.1581
60       60   (0)      2  : 0.2525 0.0268 0.0000 0.0000 0.0000 0.0000 0.0000 0.0000 0.0000 0.7206 0.0000
61       61   (0)      2  : 0.0000 0.2641 0.0000 0.1353 0.0000 0.0000 0.1894 0.0000 0.0014 0.0000 0.4098
62       62   (0)      2  : 0.0000 0.0000 1.0000 0.0000 0.0000 0.0000 0.0000 0.0000 0.0000 0.0000 0.0000
63       63   (0)      2  : 0.0097 0.7153 0.0000 0.0000 0.0000 0.0000 0.2750 0.0000 0.0000 0.0000 0.0000
64       64   (0)      2  : 0.0000 0.0000 1.0000 0.0000 0.0000 0.0000 0.0000 0.0000 0.0000 0.0000 0.0000
65       65   (0)      2  : 0.0000 0.5177 0.0000 0.2944 0.0000 0.0000 0.0623 0.0000 0.0000 0.0379 0.0878
66       66   (0)      2  : 0.0000 0.0000 1.0000 0.0000 0.0000 0.0000 0.0000 0.0000 0.0000 0.0000 0.0000
67       67   (0)      2  : 0.0000 0.4495 0.0010 0.1236 0.0000 0.0000 0.4258 0.0000 0.0000 0.0000 0.0000
68       68   (0)      2  : 0.0005 0.4452 0.0000 0.5427 0.0000 0.0000 0.0000 0.0000 0.0000 0.0115 0.0000
69       69   (0)      2  : 0.5994 0.0000 0.0000 0.0146 0.0000 0.0000 0.0000 0.0000 0.0000 0.3860 0.0000
70       70   (0)      2  : 0.0000 0.1758 0.0000 0.3242 0.0000 0.0000 0.0000 0.0000 0.0000 0.0000 0.5000
71       71   (0)      2  : 0.0000 0.0000 1.0000 0.0000 0.0000 0.0000 0.0000 0.0000 0.0000 0.0000 0.0000
72       72   (0)      2  : 0.0000 0.0000 1.0000 0.0000 0.0000 0.0000 0.0000 0.0000 0.0000 0.0000 0.0000
73       73   (0)      2  : 0.0389 0.0000 0.0000 0.1825 0.0000 0.0000 0.1556 0.0000 0.0044 0.0000 0.6186
74       74   (0)      2  : 1.0000 0.0000 0.0000 0.0000 0.0000 0.0000 0.0000 0.0000 0.0000 0.0000 0.0000
75       75   (0)      2  : 0.0000 0.0000 0.0000 0.0000 1.0000 0.0000 0.0000 0.0000 0.0000 0.0000 0.0000
76       76   (0)      2  : 0.9959 0.0000 0.0000 0.0000 0.0000 0.0000 0.0000 0.0000 0.0000 0.0000 0.0041
77       77   (0)      2  : 0.0489 0.0000 0.0000 0.0004 0.0000 0.0000 0.5839 0.0000 0.0000 0.0000 0.3668
78       78   (0)      2  : 0.0000 0.0000 1.0000 0.0000 0.0000 0.0000 0.0000 0.0000 0.0000 0.0000 0.0000
79       79   (0)      2  : 0.0000 0.0000 0.0000 0.0000 1.0000 0.0000 0.0000 0.0000 0.0000 0.0000 0.0000
80       80   (0)      2  : 0.0000 0.0000 1.0000 0.0000 0.0000 0.0000 0.0000 0.0000 0.0000 0.0000 0.0000
81       81   (0)      2  : 0.0000 0.1430 0.0034 0.1169 0.0000 0.0000 0.7367 0.0000 0.0000 0.0000 0.0000
82       82   (0)      2  : 0.5820 0.0000 0.0004 0.0000 0.0000 0.0000 0.0000 0.0000 0.0000 0.4176 0.0000
83       83   (0)      2  : 0.8065 0.0000 0.0000 0.0000 0.0000 0.0000 0.0000 0.0000 0.0000 0.1935 0.0000
84       84   (0)      2  : 0.1050 0.4024 0.0000 0.0000 0.0000 0.0000 0.0000 0.0000 0.0000 0.0976 0.3950
85       85   (0)      2  : 0.0000 0.0000 0.0000 0.4101 0.0000 0.0000 0.0669 0.0000 0.0000 0.0000 0.5230
86       86   (0)      2  : 0.0000 0.1734 0.0000 0.5636 0.0000 0.0000 0.2555 0.0000 0.0000 0.0075 0.0000
87       87   (0)      2  : 0.0141 0.0000 0.0000 0.2117 0.0000 0.0000 0.5555 0.0000 0.0000 0.0000 0.2187
88       88   (0)      2  : 0.0000 0.1291 0.0000 0.3559 0.0000 0.0000 0.0000 0.0000 0.0000 0.0000 0.5150
89       89   (0)      2  : 0.0000 0.6244 0.0000 0.1057 0.0000 0.0000 0.2065 0.0000 0.0000 0.0000 0.0634
90       90   (0)      2  : 0.0000 0.0000 0.0000 0.5000 0.0000 0.0000 0.0000 0.0000 0.0000 0.0000 0.5000
91       91   (0)      2  : 0.0000 0.2150 0.0000 0.0000 0.0000 0.0000 0.7850 0.0000 0.0000 0.0000 0.0000
92       92   (0)      2  : 0.0126 0.1969 0.0000 0.4303 0.0000 0.0000 0.1760 0.0000 0.0000 0.0128 0.1715
93       93   (0)      2  : 0.1948 0.0000 0.0000 0.0000 0.0000 0.0000 0.0000 0.0000 0.0000 0.8052 0.0000
94       94   (0)      2  : 0.5925 0.0000 0.0000 0.0295 0.0000 0.0000 0.0000 0.0000 0.0000 0.3780 0.0000
95       95   (0)      2  : 0.0000 0.0000 1.0000 0.0000 0.0000 0.0000 0.0000 0.0000 0.0000 0.0000 0.0000
96       96   (0)      2  : 0.1752 0.0201 0.0000 0.0000 0.0000 0.0000 0.0000 0.0000 0.0000 0.8047 0.0000
97       97   (0)      2  : 0.3627 0.0000 0.0000 0.0000 0.0000 0.0000 0.0171 0.0000 0.0000 0.6004 0.0198
98       98   (0)      2  : 0.0216 0.1378 0.0000 0.1601 0.0000 0.0000 0.0000 0.0000 0.0000 0.0000 0.6805
99       99   (0)      2  : 0.0000 0.0000 1.0000 0.0000 0.0000 0.0000 0.0000 0.0000 0.0000 0.0000 0.0000
100      100   (0)      2  : 0.0000 0.2670 0.0000 0.4156 0.0000 0.0000 0.0000 0.0000 0.0000 0.0000 0.3174
101      101   (0)      3  : 0.0101 0.3723 0.0000 0.2552 0.0000 0.0000 0.0000 0.0000 0.0000 0.0000 0.3624
102      102   (0)      3  : 0.0000 0.4372 0.0020 0.5606 0.0000 0.0000 0.0000 0.0000 0.0000 0.0000 0.0002
103      103   (0)      3  : 0.0000 0.0000 0.0000 0.0000 0.0000 0.0000 0.5670 0.0000 0.0000 0.0052 0.4278
104      104   (0)      3  : 0.0000 0.0000 0.0000 0.6814 0.0000 0.0000 0.0000 0.0000 0.0000 0.0000 0.3186
105      105   (0)      3  : 0.0000 0.3155 0.0021 0.0000 0.0000 0.0000 0.6654 0.0000 0.0000 0.0171 0.0000
106      106   (0)      3  : 0.0000 0.0000 0.0000 1.0000 0.0000 0.0000 0.0000 0.0000 0.0000 0.0000 0.0000
107      107   (0)      3  : 0.0000 0.3568 0.0000 0.0575 0.0000 0.0000 0.2621 0.0000 0.0000 0.0000 0.3235
108      108   (0)      3  : 0.0000 0.6531 0.0000 0.1253 0.0000 0.0000 0.0000 0.0000 0.0000 0.0052 0.2165
109      109   (0)      3  : 0.0000 0.0000 0.0000 0.4376 0.0000 0.0000 0.0000 0.0000 0.0000 0.0000 0.5624
110      110   (0)      3  : 0.0000 0.4698 0.0000 0.3894 0.0000 0.0000 0.1409 0.0000 0.0000 0.0000 0.0000
111      111   (0)      3  : 0.0000 0.0000 0.0000 1.0000 0.0000 0.0000 0.0000 0.0000 0.0000 0.0000 0.0000
112      112   (0)      3  : 0.0000 0.0000 0.0000 0.0000 0.0000 0.0000 0.0000 0.0000 0.0000 0.0000 1.0000
113      113   (0)      3  : 0.0000 0.2605 0.0000 0.4573 0.0000 0.0000 0.0000 0.0000 0.0000 0.0000 0.2822
114      114   (0)      3  : 0.0000 0.1312 0.0000 0.6001 0.0000 0.0000 0.0000 0.0000 0.0054 0.0102 0.2531
115      115   (0)      3  : 0.0289 0.6344 0.0000 0.1039 0.0000 0.0000 0.0002 0.0000 0.0000 0.0000 0.2326
116      116   (0)      3  : 0.0000 0.4852 0.0000 0.1650 0.0000 0.0000 0.0000 0.0000 0.0024 0.0018 0.3457
117      117   (0)      3  : 0.0245 0.3506 0.0000 0.4752 0.0000 0.0000 0.1285 0.0000 0.0000 0.0211 0.0000
118      118   (0)      3  : 0.0000 0.5021 0.0000 0.1886 0.0000 0.0000 0.0001 0.0000 0.0000 0.0000 0.3092
119      119   (0)      3  : 0.0282 0.3261 0.0000 0.3553 0.0000 0.0000 0.2242 0.0000 0.0000 0.0000 0.0662
120      120   (0)      3  : 0.0682 0.0000 0.0856 0.6939 0.0000 0.0000 0.0792 0.0000 0.0000 0.0000 0.0730
121      121   (0)      3  : 0.0000 0.2732 0.0000 0.4351 0.0000 0.0000 0.2917 0.0000 0.0000 0.0000 0.0000
122      122   (0)      3  : 0.0000 0.0000 0.0000 0.4479 0.0000 0.0000 0.5521 0.0000 0.0000 0.0000 0.0000
123      123   (0)      3  : 0.0000 0.1577 0.0000 0.5116 0.0000 0.0000 0.3085 0.0000 0.0000 0.0000 0.0222
124      124   (0)      3  : 0.0000 0.0000 0.0000 0.3947 0.0000 0.0000 0.5018 0.0000 0.0000 0.0000 0.1034
125      125   (0)      3  : 0.0000 0.2249 0.0000 0.2145 0.0000 0.0000 0.5606 0.0000 0.0000 0.0000 0.0000
126      126   (0)      3  : 0.0000 0.0000 0.0000 0.0000 0.0000 0.0000 1.0000 0.0000 0.0000 0.0000 0.0000
127      127   (0)      3  : 0.0220 0.3244 0.0000 0.1389 0.0000 0.0000 0.0403 0.0000 0.0000 0.0300 0.4445
128      128   (0)      3  : 0.0000 0.1532 0.0000 0.3562 0.0000 0.0000 0.4906 0.0000 0.0000 0.0000 0.0000
129      129   (0)      3  : 0.0274 0.6653 0.0000 0.0737 0.0000 0.0000 0.0057 0.0000 0.0000 0.0000 0.2280
130      130   (0)      3  : 0.4144 0.0000 0.0000 0.0000 0.0000 0.0000 0.0000 0.0000 0.0000 0.5701 0.0155
131      131   (0)      3  : 0.4382 0.0000 0.0000 0.0833 0.0000 0.0000 0.0000 0.0000 0.0000 0.4784 0.0000
132      132   (0)      3  : 0.0000 0.0000 1.0000 0.0000 0.0000 0.0000 0.0000 0.0000 0.0000 0.0000 0.0000
133      133   (0)      3  : 0.0000 0.0000 0.0000 0.0000 0.9142 0.0000 0.0000 0.0000 0.0858 0.0000 0.0000
134      134   (0)      3  : 0.5584 0.0000 0.0002 0.0489 0.0264 0.0000 0.0441 0.0000 0.0009 0.3133 0.0077
135      135   (0)      3  : 0.0000 0.2923 0.0071 0.0000 0.0000 0.0000 0.2007 0.0000 0.0000 0.0000 0.5000
136      136   (0)      3  : 0.0000 1.0000 0.0000 0.0000 0.0000 0.0000 0.0000 0.0000 0.0000 0.0000 0.0000
137      137   (0)      3  : 0.2044 0.0000 0.0012 0.0000 0.0000 0.0000 0.0000 0.0000 0.0000 0.7944 0.0000
138      138   (0)      3  : 0.0000 0.3818 0.0000 0.0242 0.0000 0.0000 0.5903 0.0000 0.0000 0.0037 0.0000
139      139   (0)      3  : 0.0000 0.1079 0.0000 0.1224 0.0000 0.0000 0.4196 0.0000 0.0033 0.0000 0.3468
140      140   (0)      3  : 0.0000 0.7732 0.0000 0.2268 0.0000 0.0000 0.0000 0.0000 0.0000 0.0000 0.0000
141      141   (0)      3  : 0.0000 0.0000 1.0000 0.0000 0.0000 0.0000 0.0000 0.0000 0.0000 0.0000 0.0000
142      142   (0)      3  : 0.0000 0.0000 1.0000 0.0000 0.0000 0.0000 0.0000 0.0000 0.0000 0.0000 0.0000
143      143   (0)      3  : 0.0000 0.0000 1.0000 0.0000 0.0000 0.0000 0.0000 0.0000 0.0000 0.0000 0.0000
144      144   (0)      3  : 0.0000 0.0000 1.0000 0.0000 0.0000 0.0000 0.0000 0.0000 0.0000 0.0000 0.0000
145      145   (0)      3  : 0.0000 0.0000 1.0000 0.0000 0.0000 0.0000 0.0000 0.0000 0.0000 0.0000 0.0000
146      146   (0)      3  : 0.4716 0.0006 0.0000 0.0392 0.0000 0.0000 0.0006 0.0000 0.0000 0.4880 0.0000
147      147   (0)      3  : 0.0000 0.2099 0.0000 0.0000 0.0000 0.0000 0.6791 0.0000 0.0000 0.0000 0.1110
148      148   (0)      3  : 0.0000 0.0000 1.0000 0.0000 0.0000 0.0000 0.0000 0.0000 0.0000 0.0000 0.0000
149      149   (0)      3  : 0.0000 0.0000 1.0000 0.0000 0.0000 0.0000 0.0000 0.0000 0.0000 0.0000 0.0000
150      150   (0)      3  : 0.0000 0.0000 0.0011 0.0000 0.8393 0.0229 0.0000 0.0000 0.1367 0.0000 0.0000
151      151   (0)      3  : 0.0000 0.0000 0.0000 0.0000 1.0000 0.0000 0.0000 0.0000 0.0000 0.0000 0.0000
152      152   (0)      3  : 0.0000 0.0000 0.0000 0.3232 0.0000 0.0000 0.1768 0.0000 0.0000 0.0000 0.5000
153      153   (0)      3  : 0.0000 0.0000 1.0000 0.0000 0.0000 0.0000 0.0000 0.0000 0.0000 0.0000 0.0000
154      154   (0)      3  : 0.0000 0.0000 0.0000 0.0000 0.0000 0.0000 0.0000 0.0000 0.0000 0.0000 1.0000
155      155   (0)      3  : 0.0000 1.0000 0.0000 0.0000 0.0000 0.0000 0.0000 0.0000 0.0000 0.0000 0.0000
156      156   (0)      3  : 0.9246 0.0400 0.0000 0.0000 0.0000 0.0000 0.0354 0.0000 0.0000 0.0000 0.0000
157      157   (0)      3  : 0.0000 0.2116 0.0000 0.0795 0.0000 0.0000 0.3983 0.0000 0.0000 0.0024 0.3083
158      158   (0)      3  : 0.8134 0.0000 0.0000 0.0000 0.0000 0.0000 0.0000 0.0000 0.0000 0.1866 0.0000
159      159   (0)      3  : 0.0000 0.0000 0.0000 0.4650 0.0000 0.0000 0.0000 0.0000 0.0000 0.0000 0.5350
160      160   (0)      3  : 0.7202 0.0000 0.0000 0.0000 0.0000 0.0000 0.0000 0.0000 0.0000 0.2720 0.0078
161      161   (0)      4  : 0.0000 0.0000 0.0000 0.0000 0.0000 0.0000 1.0000 0.0000 0.0000 0.0000 0.0000
162      162   (0)      4  : 0.0000 0.5874 0.0000 0.4124 0.0000 0.0000 0.0002 0.0000 0.0000 0.0000 0.0000
163      163   (0)      4  : 0.0000 0.0000 1.0000 0.0000 0.0000 0.0000 0.0000 0.0000 0.0000 0.0000 0.0000
164      164   (0)      4  : 0.7018 0.0000 0.0000 0.0000 0.0000 0.0000 0.0000 0.0000 0.0000 0.2982 0.0000
165      165   (0)      4  : 0.0000 0.0000 1.0000 0.0000 0.0000 0.0000 0.0000 0.0000 0.0000 0.0000 0.0000
166      166   (0)      4  : 0.0000 0.0000 1.0000 0.0000 0.0000 0.0000 0.0000 0.0000 0.0000 0.0000 0.0000
167      167   (0)      4  : 0.0000 0.5119 0.0000 0.3171 0.0000 0.0000 0.1672 0.0000 0.0000 0.0038 0.0000
168      168   (0)      4  : 0.0000 0.5000 0.0000 0.0000 0.0000 0.0000 0.5000 0.0000 0.0000 0.0000 0.0000
169      169   (0)      4  : 0.0000 0.5000 0.0000 0.0000 0.0000 0.0000 0.0000 0.0000 0.0000 0.0000 0.5000
170      170   (0)      4  : 0.0000 0.0000 0.0000 0.7667 0.0000 0.0000 0.0000 0.0000 0.0000 0.0000 0.2333
171      171   (0)      4  : 0.0000 0.0000 0.0000 0.4874 0.0000 0.0000 0.0000 0.0000 0.0000 0.0000 0.5126
172      172   (0)      4  : 0.0000 0.0000 0.0000 0.2067 0.0000 0.0000 0.0000 0.0000 0.0000 0.0000 0.7933
173      173   (0)      4  : 0.0000 0.3416 0.0000 0.4926 0.0000 0.0000 0.1658 0.0000 0.0000 0.0000 0.0000
174      174   (0)      4  : 0.9134 0.0141 0.0000 0.0000 0.0000 0.0000 0.0000 0.0000 0.0000 0.0713 0.0013
175      175   (0)      4  : 0.0000 0.3514 0.0000 0.2189 0.0000 0.0000 0.4289 0.0000 0.0000 0.0000 0.0008
176      176   (0)      4  : 0.0000 0.0000 1.0000 0.0000 0.0000 0.0000 0.0000 0.0000 0.0000 0.0000 0.0000
177      177   (0)      4  : 0.0231 0.2739 0.0000 0.1305 0.0000 0.0000 0.4324 0.0000 0.0000 0.0000 0.1401
178      178   (0)      4  : 0.0000 0.0000 1.0000 0.0000 0.0000 0.0000 0.0000 0.0000 0.0000 0.0000 0.0000
179      179   (0)      4  : 0.0000 0.0000 1.0000 0.0000 0.0000 0.0000 0.0000 0.0000 0.0000 0.0000 0.0000
180      180   (0)      4  : 0.0000 0.1765 0.0090 0.1651 0.0000 0.0000 0.3298 0.0000 0.0000 0.0000 0.3197
181      181   (0)      4  : 0.0000 0.6797 0.0000 0.1185 0.0000 0.0000 0.2018 0.0000 0.0000 0.0000 0.0000
182      182   (0)      4  : 0.0000 0.0000 0.0000 1.0000 0.0000 0.0000 0.0000 0.0000 0.0000 0.0000 0.0000
183      183   (0)      4  : 0.7499 0.0000 0.0000 0.0000 0.0000 0.0000 0.0000 0.0000 0.0000 0.2501 0.0000
184      184   (0)      4  : 0.5568 0.0000 0.0000 0.0293 0.0000 0.0000 0.0000 0.0000 0.0000 0.4140 0.0000
185      185   (0)      4  : 0.0000 0.0000 1.0000 0.0000 0.0000 0.0000 0.0000 0.0000 0.0000 0.0000 0.0000
186      186   (0)      4  : 0.0000 0.5000 0.0000 0.5000 0.0000 0.0000 0.0000 0.0000 0.0000 0.0000 0.0000
187      187   (0)      4  : 0.0000 0.0000 0.0000 0.8139 0.0000 0.0000 0.0000 0.0000 0.0000 0.0234 0.1627
188      188   (0)      4  : 0.0000 0.0000 1.0000 0.0000 0.0000 0.0000 0.0000 0.0000 0.0000 0.0000 0.0000
189      189   (0)      4  : 0.0000 0.1256 0.0000 0.6025 0.0000 0.0000 0.1747 0.0000 0.0000 0.0000 0.0972
190      190   (0)      4  : 0.3548 0.0000 0.0000 0.0000 0.0000 0.0000 0.0000 0.0000 0.0000 0.6452 0.0000
191      191   (0)      4  : 0.1534 0.0000 0.1119 0.0000 0.0000 0.0000 0.3293 0.0000 0.0768 0.0000 0.3286
192      192   (0)      4  : 0.0000 0.5000 0.0000 0.0000 0.0000 0.0000 0.0000 0.0000 0.0000 0.0000 0.5000
193      193   (0)      4  : 0.0000 1.0000 0.0000 0.0000 0.0000 0.0000 0.0000 0.0000 0.0000 0.0000 0.0000
194      194   (0)      4  : 0.0000 0.5000 0.0000 0.0000 0.0000 0.0000 0.0000 0.0000 0.0000 0.0000 0.5000
195      195   (0)      4  : 0.0000 0.0000 0.0000 0.1633 0.0000 0.0000 0.8367 0.0000 0.0000 0.0000 0.0000
196      196   (0)      4  : 0.0000 0.0000 0.0000 0.1021 0.0000 0.0000 0.2262 0.0000 0.0000 0.0000 0.6717
197      197   (0)      4  : 0.0000 0.0000 0.0000 1.0000 0.0000 0.0000 0.0000 0.0000 0.0000 0.0000 0.0000
198      198   (0)      4  : 0.0000 0.0000 0.0000 0.0000 0.0000 0.0000 0.0000 0.0000 0.0000 0.0000 1.0000
199      199   (0)      4  : 0.0000 0.0040 0.0000 0.2501 0.0000 0.0000 0.6614 0.0000 0.0000 0.0000 0.0845
200      200   (0)      4  : 0.8135 0.0276 0.0000 0.0000 0.0000 0.0000 0.0000 0.0000 0.0000 0.1300 0.0288
201      201   (0)      4  : 0.0000 0.0000 0.0000 0.0000 0.0000 0.0000 1.0000 0.0000 0.0000 0.0000 0.0000
202      202   (0)      4  : 0.0000 0.0000 0.0000 0.3641 0.0000 0.0000 0.0000 0.0000 0.0000 0.0000 0.6359
203      203   (0)      4  : 0.0102 0.4593 0.0015 0.5198 0.0000 0.0000 0.0000 0.0000 0.0000 0.0092 0.0000
204      204   (0)      4  : 0.0000 0.8865 0.0061 0.1074 0.0000 0.0000 0.0000 0.0000 0.0000 0.0000 0.0000
205      205   (0)      4  : 0.0000 1.0000 0.0000 0.0000 0.0000 0.0000 0.0000 0.0000 0.0000 0.0000 0.0000
206      206   (0)      4  : 0.0000 0.5000 0.0000 0.0000 0.0000 0.0000 0.5000 0.0000 0.0000 0.0000 0.0000
207      207   (0)      4  : 0.0000 0.4581 0.0000 0.1745 0.0000 0.0000 0.0000 0.0000 0.0000 0.0000 0.3674
208      208   (0)      4  : 0.6841 0.0009 0.0000 0.0367 0.0000 0.0000 0.0000 0.0000 0.0000 0.2402 0.0381
209      209   (0)      4  : 0.0000 0.0000 0.0000 0.0000 0.0000 0.0000 0.1732 0.0000 0.0000 0.0000 0.8268
210      210   (0)      4  : 0.0000 0.0000 0.0000 0.0000 0.0000 0.0000 1.0000 0.0000 0.0000 0.0000 0.0000
211      211   (0)      4  : 0.0000 0.2637 0.0000 0.4433 0.0000 0.0000 0.0000 0.0000 0.0000 0.0082 0.2849
212      212   (0)      4  : 0.0000 0.0000 0.0000 0.0000 0.0000 0.0000 0.0153 0.0000 0.0000 0.9847 0.0000
213      213   (0)      4  : 0.0000 0.3378 0.0000 0.4321 0.0000 0.0000 0.0000 0.0000 0.0000 0.0000 0.2301
214      214   (0)      4  : 0.0000 0.0964 0.0132 0.1749 0.0000 0.0000 0.3575 0.0000 0.0000 0.0000 0.3578
215      215   (0)      4  : 0.1801 0.0000 0.0050 0.0108 0.0000 0.0000 0.3133 0.0000 0.0000 0.3030 0.1877
216      216   (0)      4  : 0.0000 0.6391 0.0000 0.3609 0.0000 0.0000 0.0000 0.0000 0.0000 0.0000 0.0000
217      217   (0)      4  : 0.0000 0.0000 1.0000 0.0000 0.0000 0.0000 0.0000 0.0000 0.0000 0.0000 0.0000
218      218   (0)      4  : 0.0000 0.5000 0.0000 0.0000 0.0000 0.0000 0.1111 0.0000 0.0000 0.0002 0.3887
219      219   (0)      4  : 0.0103 0.3249 0.0000 0.4059 0.0000 0.0000 0.0000 0.0000 0.0000 0.0069 0.2520
220      220   (0)      5  : 0.0000 0.0000 0.0029 0.0000 0.0039 0.9909 0.0000 0.0000 0.0023 0.0000 0.0000
221      221   (0)      5  : 0.0000 0.0000 0.0000 0.0000 0.0000 0.2334 0.0000 0.7666 0.0000 0.0000 0.0000
222      222   (0)      6  : 0.0000 0.0000 0.0000 0.0000 0.0000 0.0077 0.0000 0.9923 0.0000 0.0000 0.0000
223      223   (0)      6  : 0.0000 0.0000 0.0000 0.0000 0.0000 0.3077 0.0000 0.6923 0.0000 0.0000 0.0000
224      224   (0)      6  : 0.0000 0.0000 0.0000 0.0000 0.0000 0.5783 0.0000 0.4136 0.0081 0.0000 0.0000
225      225   (0)      6  : 0.0000 0.0000 0.0000 0.0000 0.0522 0.3445 0.0000 0.6033 0.0000 0.0000 0.0000
226      226   (0)      6  : 0.0000 0.0000 0.0000 0.0000 0.0000 0.7923 0.0000 0.1891 0.0185 0.0000 0.0000
227      227   (0)      6  : 0.0000 0.0000 0.0000 0.0000 0.0000 0.5129 0.0000 0.4871 0.0000 0.0000 0.0000
228      228   (0)      6  : 0.0000 0.0000 0.0000 0.0000 0.0271 0.8498 0.0000 0.0963 0.0268 0.0000 0.0000
229      229   (0)      6  : 0.0000 0.0000 0.0000 0.0000 0.0000 0.7599 0.0000 0.2401 0.0000 0.0000 0.0000
230      230   (0)      6  : 0.0000 0.0000 0.0000 0.0000 0.0000 0.5467 0.0000 0.4506 0.0027 0.0000 0.0000
231      231   (0)      6  : 0.0000 0.0000 0.0000 0.0000 0.0438 0.8047 0.0000 0.1515 0.0000 0.0000 0.0000
232      232   (0)      6  : 0.0000 0.0000 0.0000 0.0000 0.0300 0.5235 0.0000 0.4464 0.0000 0.0000 0.0000
233      233   (0)      6  : 0.0000 0.0000 0.0000 0.0000 0.0000 0.8388 0.0000 0.1429 0.0183 0.0000 0.0000
234      234   (0)      6  : 0.0000 0.0000 0.0000 0.0000 0.0268 0.4737 0.0000 0.4995 0.0000 0.0000 0.0000
235      235   (0)      6  : 0.0000 0.0000 0.0096 0.0000 0.0467 0.5353 0.0000 0.4084 0.0000 0.0000 0.0000
236      236   (0)      6  : 0.0000 0.0000 0.0000 0.0000 0.0111 0.5018 0.0000 0.4872 0.0000 0.0000 0.0000
237      237   (0)      6  : 0.0000 0.0000 0.0000 0.0000 0.0000 0.5574 0.0000 0.4381 0.0045 0.0000 0.0000
238      238   (0)      6  : 0.0000 0.0000 0.0000 0.0000 0.0000 0.5026 0.0000 0.4974 0.0000 0.0000 0.0000
239      239   (0)      6  : 0.0000 0.0000 0.0050 0.0000 0.0180 0.6336 0.0000 0.3434 0.0000 0.0000 0.0000
240      240   (0)      6  : 0.0000 0.0000 0.0029 0.0000 0.0304 0.6137 0.0000 0.3530 0.0000 0.0000 0.0000
241      241   (0)      6  : 0.0000 0.0000 0.0000 0.0000 0.0000 0.7811 0.0000 0.2189 0.0000 0.0000 0.0000
242      242   (0)      6  : 0.0000 0.0000 0.0000 0.0000 0.0000 0.2875 0.0000 0.6988 0.0137 0.0000 0.0000
243      243   (0)      6  : 0.0000 0.0000 0.0000 0.0000 0.0752 0.7750 0.0000 0.1428 0.0070 0.0000 0.0000
244      244   (0)      6  : 0.0000 0.0000 0.0000 0.0000 0.0016 0.5954 0.0000 0.4030 0.0000 0.0000 0.0000
245      245   (0)      6  : 0.0000 0.0000 0.0000 0.0000 0.0075 0.8374 0.0000 0.1551 0.0000 0.0000 0.0000
246      246   (0)      6  : 0.0000 0.0000 0.0000 0.0000 0.0000 0.0000 0.0000 1.0000 0.0000 0.0000 0.0000
247      247   (0)      6  : 0.0000 0.0000 0.0000 0.0000 0.0000 0.7882 0.0000 0.2118 0.0000 0.0000 0.0000
248      248   (0)      6  : 0.0000 0.0000 0.0000 0.0000 0.0000 0.6071 0.0000 0.3782 0.0147 0.0000 0.0000
249      249   (0)      7  : 0.0000 0.0000 0.0000 0.0000 0.0000 0.5088 0.0000 0.4893 0.0019 0.0000 0.0000
250      250   (0)      7  : 0.0000 0.0000 0.0000 0.0000 0.0000 0.5965 0.0000 0.4035 0.0000 0.0000 0.0000
251      251   (0)      7  : 0.0000 0.0000 0.0000 0.0000 0.0000 0.5504 0.0000 0.4496 0.0000 0.0000 0.0000
252      252   (0)      7  : 0.0000 0.0000 0.0000 0.0000 0.0000 0.6284 0.0000 0.3716 0.0000 0.0000 0.0000
253      253   (0)      7  : 0.0000 0.0000 0.0000 0.0000 0.0000 0.0000 0.0000 1.0000 0.0000 0.0000 0.0000
254      254   (0)      7  : 0.0000 0.0000 0.0000 0.0000 0.0143 0.3387 0.0000 0.6438 0.0033 0.0000 0.0000
255      255   (0)      7  : 0.0000 0.0000 0.0000 0.0000 0.0005 0.8089 0.0000 0.1888 0.0018 0.0000 0.0000
256      256   (0)      7  : 0.0000 0.0000 0.0000 0.0000 0.0000 0.5864 0.0000 0.4136 0.0000 0.0000 0.0000
257      257   (0)      7  : 0.0000 0.0000 0.0000 0.0000 0.0000 0.6098 0.0000 0.3902 0.0000 0.0000 0.0000
258      258   (0)      7  : 0.0000 0.0000 0.0000 0.0000 0.0000 1.0000 0.0000 0.0000 0.0000 0.0000 0.0000
259      259   (0)      7  : 0.0000 0.0000 0.0000 0.0000 0.0000 0.6499 0.0000 0.3468 0.0033 0.0000 0.0000
260      260   (0)      7  : 0.0000 0.0000 0.0000 0.0000 0.0000 0.9638 0.0000 0.0362 0.0000 0.0000 0.0000
261      261   (0)      7  : 0.0000 0.0000 0.0000 0.0000 0.0000 0.1637 0.0000 0.8363 0.0000 0.0000 0.0000
262      262   (0)      7  : 0.0000 0.0000 0.0000 0.0000 0.0000 0.3918 0.0000 0.6082 0.0000 0.0000 0.0000
263      263   (0)      7  : 0.0000 0.0000 0.0000 0.0000 0.0165 0.7063 0.0000 0.2772 0.0000 0.0000 0.0000
264      264   (0)      7  : 0.0000 0.0000 0.0000 0.0000 0.0100 0.8328 0.0000 0.1571 0.0000 0.0000 0.0000
265      265   (0)      7  : 0.0000 0.0000 0.0000 0.0000 0.0000 0.0001 0.0000 0.9999 0.0000 0.0000 0.0000
266      266   (0)      7  : 0.0000 0.0000 0.0000 0.0000 0.0046 0.2088 0.0000 0.7693 0.0173 0.0000 0.0000
267      267   (0)      7  : 0.0000 0.0000 0.0040 0.0000 0.0220 0.0000 0.0000 0.9740 0.0000 0.0000 0.0000
268      268   (0)      7  : 0.0000 0.0000 0.0000 0.0000 0.0000 0.2778 0.0000 0.7222 0.0000 0.0000 0.0000
269      269   (0)      7  : 0.0000 0.0000 0.0000 0.0000 0.0207 0.1192 0.0000 0.8540 0.0060 0.0000 0.0000
270      270   (0)      7  : 0.0000 0.0000 0.0000 0.0000 0.0310 0.5780 0.0000 0.3910 0.0000 0.0000 0.0000
271      271   (0)      7  : 0.0000 0.0000 0.0000 0.0000 0.0000 0.4029 0.0000 0.5971 0.0000 0.0000 0.0000
272      272   (0)      7  : 0.0000 0.0000 0.0000 0.0000 0.0000 0.0000 0.0000 1.0000 0.0000 0.0000 0.0000
273      273   (0)      7  : 0.0000 0.0000 0.0000 0.0000 0.0000 0.6902 0.0000 0.2979 0.0119 0.0000 0.0000
274      274   (0)      7  : 0.0000 0.0000 0.0000 0.0000 0.0071 0.6174 0.0000 0.3519 0.0237 0.0000 0.0000
275      275   (0)      7  : 0.0000 0.0000 0.0044 0.0000 0.0000 0.2567 0.0061 0.7328 0.0000 0.0000 0.0000
276      276   (0)      7  : 0.0000 0.0000 0.0000 0.0000 0.0000 0.2875 0.0000 0.7125 0.0000 0.0000 0.0000
277      277   (0)      7  : 0.0000 0.0000 0.0000 0.0000 0.0000 0.4624 0.0000 0.5339 0.0036 0.0000 0.0000
278      278   (0)      7  : 0.0000 0.0000 0.0000 0.0000 0.0112 0.2530 0.0000 0.7358 0.0000 0.0000 0.0000
279      279   (0)      8  : 0.0000 0.0000 0.0000 0.0000 0.0000 0.0000 0.0000 1.0000 0.0000 0.0000 0.0000
280      280   (0)      8  : 0.0000 0.0000 0.0000 0.0000 0.0000 0.2251 0.0000 0.7725 0.0023 0.0000 0.0000
281      281   (0)      8  : 0.0000 0.0000 0.0000 0.0000 0.0000 0.0622 0.0000 0.9241 0.0136 0.0000 0.0000
282      282   (0)      8  : 0.0000 0.0000 0.0000 0.0000 0.0000 0.7940 0.0000 0.2001 0.0059 0.0000 0.0000
283      283   (0)      8  : 0.0000 0.0000 0.0042 0.0000 0.0012 0.6539 0.0000 0.3196 0.0212 0.0000 0.0000
284      284   (0)      8  : 0.0000 0.0000 0.0000 0.0000 0.0000 0.3223 0.0000 0.6777 0.0000 0.0000 0.0000
285      285   (0)      8  : 0.0000 0.0000 0.0000 0.0000 0.0000 0.5773 0.0000 0.4195 0.0032 0.0000 0.0000
286      286   (0)      8  : 0.0000 0.0000 0.0000 0.0000 0.0067 0.4068 0.0000 0.5865 0.0000 0.0000 0.0000
287      287   (0)      8  : 0.0000 0.0000 0.0000 0.0000 0.0000 0.7112 0.0000 0.2888 0.0000 0.0000 0.0000
288      288   (0)      8  : 0.0000 0.0000 0.0000 0.0000 0.0457 0.6100 0.0000 0.3442 0.0000 0.0000 0.0000
289      289   (0)      8  : 0.0000 0.0000 0.0049 0.0000 0.0102 0.7044 0.0000 0.2687 0.0118 0.0000 0.0000
290      290   (0)      5  : 0.0000 0.0000 0.0020 0.0000 0.0063 0.3616 0.0000 0.6301 0.0000 0.0000 0.0000
291      291   (0)      5  : 0.0000 0.0000 0.0000 0.0000 0.0000 0.7040 0.0000 0.2960 0.0000 0.0000 0.0000
292      292   (0)      5  : 0.0000 0.0000 0.0000 0.0000 0.0001 0.0000 0.0000 0.9983 0.0016 0.0000 0.0000
293      293   (0)      5  : 0.0000 0.0000 0.0000 0.0000 0.0000 0.0000 0.0000 0.9869 0.0131 0.0000 0.0000
294      294   (0)      5  : 0.0000 0.0000 0.0000 0.0000 0.0067 0.2919 0.0000 0.7014 0.0000 0.0000 0.0000
295      295   (0)      5  : 0.0000 0.0000 0.0000 0.0000 0.0000 0.5024 0.0000 0.4976 0.0000 0.0000 0.0000
296      296   (0)      5  : 0.0000 0.0000 0.0046 0.0000 0.0335 0.1552 0.0000 0.8015 0.0053 0.0000 0.0000
297      297   (0)      5  : 0.0000 0.0000 0.0125 0.0000 0.0245 0.7766 0.0000 0.1734 0.0130 0.0000 0.0000
298      298   (0)      5  : 0.0000 0.0000 0.0000 0.0000 0.0000 0.3617 0.0000 0.6383 0.0000 0.0000 0.0000
299      299   (0)      5  : 0.0000 0.0000 0.0000 0.0000 0.0082 0.9005 0.0000 0.0913 0.0000 0.0000 0.0000
300      300   (0)      5  : 0.0000 0.0000 0.0000 0.0000 0.0000 0.5471 0.0000 0.4529 0.0000 0.0000 0.0000
301      301   (0)      5  : 0.0000 0.0000 0.0000 0.0000 0.0139 0.4190 0.0000 0.5672 0.0000 0.0000 0.0000
302      302   (0)      5  : 0.0000 0.0000 0.0000 0.0000 0.0000 0.3360 0.0000 0.6640 0.0000 0.0000 0.0000
303      303   (0)      5  : 0.0000 0.0000 0.0000 0.0000 0.0000 0.5677 0.0000 0.4323 0.0000 0.0000 0.0000
304      304   (0)      5  : 0.0000 0.0000 0.0000 0.0000 0.0000 0.7209 0.0000 0.2789 0.0002 0.0000 0.0000
305      305   (0)      5  : 0.0000 0.0000 0.0000 0.0000 0.0000 0.4703 0.0000 0.5133 0.0164 0.0000 0.0000
306      306   (0)      5  : 0.0000 0.0000 0.0000 0.0000 0.0000 0.7267 0.0000 0.2733 0.0000 0.0000 0.0000
307      307   (0)      5  : 0.0000 0.0000 0.0000 0.0000 0.0592 0.7452 0.0000 0.1934 0.0022 0.0000 0.0000
308      308   (0)      5  : 0.0000 0.0000 0.0000 0.0000 0.0204 0.3722 0.0000 0.5876 0.0198 0.0000 0.0000
309      309   (0)      5  : 0.0000 0.0000 0.0000 0.0000 0.0000 0.3357 0.0000 0.6500 0.0143 0.0000 0.0000
310      310   (0)      5  : 0.0000 0.0000 0.0000 0.0000 0.0182 0.8718 0.0000 0.1100 0.0000 0.0000 0.0000
311      311   (0)      5  : 0.0000 0.0000 0.0000 0.0000 0.0000 0.7287 0.0000 0.2467 0.0247 0.0000 0.0000
312      312   (0)      5  : 0.0000 0.0000 0.0000 0.0000 0.0000 0.3132 0.0000 0.6512 0.0356 0.0000 0.0000
313      313   (0)      5  : 0.0000 0.0000 0.0000 0.0000 0.0049 0.6798 0.0000 0.3153 0.0000 0.0000 0.0000
314      314   (0)      5  : 0.0000 0.0000 0.0000 0.0000 0.0218 0.6118 0.0000 0.3664 0.0000 0.0000 0.0000
315      315   (0)      5  : 0.0000 0.0000 0.0000 0.0000 0.0000 0.5902 0.0000 0.3998 0.0100 0.0000 0.0000
316      316   (0)      5  : 0.0000 0.0000 0.0000 0.0000 0.0000 0.5645 0.0000 0.4283 0.0072 0.0000 0.0000
317      317   (0)      5  : 0.0000 0.0000 0.0000 0.0000 0.0000 0.0000 0.0000 1.0000 0.0000 0.0000 0.0000
318      318   (0)      8  : 0.0000 0.0000 0.0021 0.0000 0.0000 0.3137 0.0000 0.6842 0.0000 0.0000 0.0000
319      319   (0)      8  : 0.0000 0.0000 0.0000 0.0000 0.0000 0.0000 0.0000 1.0000 0.0000 0.0000 0.0000
320      320   (0)      9  : 0.0000 0.0000 0.0000 0.0000 0.0000 0.1080 0.0000 0.8897 0.0023 0.0000 0.0000
321      321   (0)      9  : 0.0000 0.0000 0.0143 0.0000 0.0000 0.2597 0.0000 0.7141 0.0120 0.0000 0.0000
322      322   (0)      9  : 0.0000 0.0000 0.0000 0.0000 0.0000 0.4229 0.0000 0.5771 0.0000 0.0000 0.0000
323      323   (0)      9  : 0.0000 0.0000 0.0000 0.0000 0.0052 0.4754 0.0000 0.5194 0.0000 0.0000 0.0000
324      324   (0)      9  : 0.0000 0.0000 0.0000 0.0000 0.0000 0.3314 0.0000 0.6686 0.0000 0.0000 0.0000
325      325   (0)      8  : 0.0000 0.0000 0.0000 0.0000 0.0000 0.8842 0.0000 0.1158 0.0000 0.0000 0.0000
326      326   (0)      8  : 0.0000 0.0000 0.0000 0.0000 0.0000 0.3486 0.0000 0.6514 0.0000 0.0000 0.0000
327      327   (0)      8  : 0.0000 0.0000 0.0000 0.0000 0.0000 0.1286 0.0000 0.8714 0.0000 0.0000 0.0000
328      328   (0)      8  : 0.0000 0.0000 0.0000 0.0000 0.0000 0.1394 0.0000 0.8604 0.0002 0.0000 0.0000
329      329   (0)      8  : 0.0000 0.0000 0.0000 0.0000 0.0000 0.5381 0.0000 0.4619 0.0000 0.0000 0.0000
330      330   (0)      9  : 0.0000 0.0000 0.0000 0.0000 0.0122 0.3394 0.0000 0.6441 0.0043 0.0000 0.0000
331      331   (0)      9  : 0.0000 0.0000 0.0000 0.0000 0.0000 0.2233 0.0000 0.7767 0.0000 0.0000 0.0000
332      332   (0)      9  : 0.0000 0.0000 0.0000 0.0000 0.0000 0.5971 0.0000 0.3960 0.0069 0.0000 0.0000
333      333   (0)      9  : 0.0000 0.0000 0.0000 0.0000 0.0000 0.4169 0.0000 0.5831 0.0000 0.0000 0.0000
334      334   (0)      9  : 0.0000 0.0000 0.0000 0.0000 0.0000 0.3635 0.0000 0.6325 0.0040 0.0000 0.0000
335      335   (0)      9  : 0.0000 0.0000 0.0000 0.0000 0.0000 0.8807 0.0000 0.1193 0.0000 0.0000 0.0000
336      336   (0)      8  : 0.0000 0.0000 0.0000 0.0000 0.0000 0.5000 0.0000 0.5000 0.0000 0.0000 0.0000
337      337   (0)      8  : 0.0000 0.0000 0.0000 0.0000 0.0000 0.6414 0.0000 0.3428 0.0158 0.0000 0.0000
338      338   (0)      8  : 0.0000 0.0000 0.0000 0.0000 0.0000 0.9436 0.0000 0.0563 0.0001 0.0000 0.0000
339      339   (0)      8  : 0.0000 0.0000 0.0000 0.0000 0.0000 0.6551 0.0000 0.3334 0.0115 0.0000 0.0000
340      340   (0)      8  : 0.0000 0.0000 0.0000 0.0000 0.0000 0.3408 0.0000 0.6592 0.0000 0.0000 0.0000
341      341   (0)      8  : 0.0000 0.0000 0.0000 0.0000 0.0693 0.3735 0.0000 0.5542 0.0030 0.0000 0.0000
342      342   (0)      8  : 0.0000 0.0000 0.0000 0.0000 0.0000 0.8000 0.0000 0.2000 0.0000 0.0000 0.0000
343      343   (0)      9  : 0.0000 0.0000 0.0000 0.0000 0.0000 0.9906 0.0000 0.0000 0.0094 0.0000 0.0000
344      344   (0)      9  : 0.0000 0.0000 0.0000 0.0000 0.0000 0.5376 0.0000 0.4624 0.0000 0.0000 0.0000
345      345   (0)      9  : 0.0000 0.0000 0.0000 0.0000 0.0000 0.2591 0.0000 0.7409 0.0000 0.0000 0.0000
346      346   (0)      9  : 0.0000 0.0000 0.0000 0.0000 0.0154 0.6657 0.0000 0.3188 0.0000 0.0000 0.0000
347      347   (0)      9  : 0.0000 0.0000 0.0000 0.0000 0.0235 0.3659 0.0000 0.6106 0.0000 0.0000 0.0000
348      348   (0)      9  : 0.0000 0.0000 0.0000 0.0000 0.0000 0.4865 0.0000 0.4890 0.0245 0.0000 0.0000
349      349   (0)      9  : 0.0000 0.0000 0.0000 0.0000 0.0424 0.6040 0.0000 0.3229 0.0251 0.0000 0.0056
350      350   (0)      9  : 0.0000 0.0000 0.0000 0.0000 0.0034 0.7819 0.0000 0.2147 0.0000 0.0000 0.0000
351      351   (0)      9  : 0.0000 0.0000 0.0000 0.0000 0.0381 0.3736 0.0000 0.5883 0.0000 0.0000 0.0000
352      352   (0)      9  : 0.0000 0.0000 0.0000 0.0000 0.0090 0.8743 0.0000 0.1103 0.0065 0.0000 0.0000
353      353   (0)      9  : 0.0000 0.0000 0.0000 0.0000 0.0377 0.6745 0.0000 0.2878 0.0000 0.0000 0.0000
354      354   (0)      9  : 0.0000 0.0000 0.0000 0.0000 0.0000 0.6003 0.0000 0.3997 0.0000 0.0000 0.0000
355      355   (0)      9  : 0.0000 0.0000 0.0000 0.0000 0.0000 0.1205 0.0000 0.8723 0.0072 0.0000 0.0000
356      356   (0)      9  : 0.0000 0.0000 0.0000 0.0000 0.0168 0.7633 0.0000 0.2171 0.0028 0.0000 0.0000
357      357   (0)      9  : 0.0000 0.0000 0.0008 0.0000 0.0000 0.5984 0.0000 0.4008 0.0000 0.0000 0.0000
358      358   (0)      9  : 0.0000 0.0000 0.0000 0.0000 0.0499 0.4565 0.0000 0.4937 0.0000 0.0000 0.0000
359      359   (0)      9  : 0.0000 0.0000 0.0000 0.0000 0.0112 0.8294 0.0000 0.1595 0.0000 0.0000 0.0000
360      360   (0)      9  : 0.0000 0.0000 0.0000 0.0000 0.0000 0.7582 0.0000 0.2418 0.0000 0.0000 0.0000
361      361   (0)      9  : 0.0000 0.0000 0.0000 0.0000 0.0000 0.9938 0.0000 0.0062 0.0000 0.0000 0.0000
362      362   (0)     10  : 0.0000 0.0000 0.0000 0.0000 0.0000 0.3556 0.0000 0.6433 0.0011 0.0000 0.0000
363      363   (0)     10  : 0.0000 0.0000 0.0000 0.0000 0.0000 0.2924 0.0000 0.7031 0.0044 0.0000 0.0000
364      364   (0)     10  : 0.0000 0.0000 0.0000 0.0000 0.0000 0.2632 0.0000 0.7368 0.0000 0.0000 0.0000
365      365   (0)     10  : 0.0000 0.0000 0.0096 0.0000 0.0000 0.0000 0.0000 0.9904 0.0000 0.0000 0.0000
366      366   (0)     10  : 0.0000 0.0000 0.0000 0.0000 0.0000 0.5585 0.0000 0.4415 0.0000 0.0000 0.0000
367      367   (0)     10  : 0.0000 0.0000 0.0000 0.0000 0.0306 0.2238 0.0000 0.7457 0.0000 0.0000 0.0000
368      368   (0)     10  : 0.0000 0.0000 0.0000 0.0000 0.0000 0.6291 0.0000 0.3709 0.0000 0.0000 0.0000
369      369   (0)     10  : 0.0000 0.0000 0.0000 0.0000 0.0000 0.8205 0.0000 0.1795 0.0000 0.0000 0.0000
370      370   (0)     10  : 0.0000 0.0000 0.0000 0.0000 0.0539 0.8118 0.0000 0.1343 0.0000 0.0000 0.0000
371      371   (0)     10  : 0.0000 0.0000 0.0000 0.0000 0.0212 0.6822 0.0000 0.2966 0.0000 0.0000 0.0000
372      372   (0)     10  : 0.0000 0.0000 0.0000 0.0000 0.0000 0.5407 0.0000 0.4593 0.0000 0.0000 0.0000
373      373   (0)     10  : 0.0000 0.0000 0.0000 0.0000 0.0000 0.3130 0.0000 0.6870 0.0000 0.0000 0.0000
374      374   (0)     10  : 0.0000 0.0000 0.0000 0.0000 0.0000 0.5000 0.0000 0.5000 0.0000 0.0000 0.0000
375      375   (0)     10  : 0.0000 0.0000 0.0000 0.0000 0.0000 0.3804 0.0000 0.6196 0.0000 0.0000 0.0000
376      376   (0)     10  : 0.0000 0.0000 0.0000 0.0000 0.0000 0.0001 0.0000 0.9753 0.0246 0.0000 0.0000
377      377   (0)     10  : 0.0000 0.0000 0.0000 0.0000 0.0000 0.3929 0.0000 0.5758 0.0313 0.0000 0.0000
378      378   (0)     10  : 0.0000 0.0000 0.0000 0.0000 0.0000 0.6526 0.0000 0.3433 0.0000 0.0000 0.0041
379      379   (0)     10  : 0.0000 0.0000 0.0024 0.0000 0.0553 0.3714 0.0000 0.5709 0.0000 0.0000 0.0000
380      380   (0)     10  : 0.0000 0.0000 0.0000 0.0000 0.0000 0.8452 0.0000 0.1548 0.0000 0.0000 0.0000
381      381   (0)     10  : 0.0000 0.0000 0.0000 0.0000 0.0000 0.5000 0.0000 0.5000 0.0000 0.0000 0.0000
382      382   (0)     10  : 0.0000 0.0000 0.0000 0.0000 0.0000 0.5457 0.0000 0.4543 0.0000 0.0000 0.0000
383      383   (0)     10  : 0.0000 0.0000 0.0000 0.0000 0.0398 0.8899 0.0000 0.0554 0.0149 0.0000 0.0000
384      384   (0)     10  : 0.0000 0.0000 0.0040 0.0000 0.0000 0.3263 0.0000 0.6697 0.0000 0.0000 0.0000
385      385   (0)     10  : 0.0000 0.0000 0.0000 0.0000 0.0000 0.7466 0.0000 0.2534 0.0000 0.0000 0.0000
386      386   (0)     10  : 0.0000 0.0000 0.0000 0.0000 0.0165 0.0942 0.0000 0.8820 0.0073 0.0000 0.0000
387      387   (0)     10  : 0.0000 0.0000 0.0138 0.0000 0.0000 0.4928 0.0000 0.4935 0.0000 0.0000 0.0000
388      388   (0)     10  : 0.0000 0.0000 0.0000 0.0000 0.0147 0.6252 0.0000 0.3601 0.0000 0.0000 0.0000
389      389   (0)     10  : 0.0000 0.0000 0.0000 0.0000 0.0000 0.4198 0.0000 0.5802 0.0000 0.0000 0.0000
390      390   (0)      8  : 0.0000 0.0000 0.0000 0.0000 0.0561 0.2183 0.0000 0.7256 0.0000 0.0000 0.0000
391      391   (0)      8  : 0.0000 0.0000 0.0039 0.0000 0.0000 0.2514 0.0000 0.7447 0.0000 0.0000 0.0000
392      392   (0)      8  : 0.0000 0.0000 0.0000 0.0000 0.0137 0.9824 0.0000 0.0003 0.0036 0.0000 0.0000
393      393   (0)     11  : 0.0000 0.0000 0.0000 0.0000 0.0000 1.0000 0.0000 0.0000 0.0000 0.0000 0.0000
394      394   (0)     11  : 0.0000 0.0000 0.0000 0.0000 0.0000 1.0000 0.0000 0.0000 0.0000 0.0000 0.0000
395      395   (0)     11  : 0.0081 0.0000 0.0000 0.0000 0.0000 0.7368 0.0000 0.2157 0.0268 0.0126 0.0000
396      396   (0)     11  : 0.0088 0.0000 0.0000 0.0000 0.0366 0.5736 0.0000 0.3449 0.0000 0.0361 0.0000
397      397   (0)     11  : 0.0000 0.0000 0.0079 0.0000 0.0000 0.5097 0.0000 0.4791 0.0032 0.0000 0.0000
398      398   (0)     11  : 0.0000 0.0000 0.0000 0.0000 0.0000 0.1211 0.0000 0.8789 0.0000 0.0000 0.0000
399      399   (0)     11  : 0.0000 0.0000 0.0000 0.0000 0.0000 0.5864 0.0000 0.4135 0.0000 0.0001 0.0000
400      400   (0)     11  : 0.0000 0.0000 0.0085 0.0000 0.0000 0.7089 0.0000 0.2826 0.0000 0.0000 0.0000
401      401   (0)     11  : 0.0000 0.0000 0.0000 0.0000 0.0000 0.8793 0.0000 0.1110 0.0000 0.0097 0.0000
402      402   (0)     11  : 0.0000 0.0000 0.0000 0.0000 0.0000 0.7278 0.0000 0.2722 0.0000 0.0000 0.0000
403      403   (0)     11  : 0.0000 0.0000 0.0000 0.0000 0.0000 0.8435 0.0000 0.1528 0.0038 0.0000 0.0000
404      404   (0)     11  : 0.0000 0.0000 0.0000 0.0000 0.0001 0.4984 0.0000 0.5015 0.0000 0.0000 0.0000
405      405   (0)     11  : 0.0000 0.0000 0.0000 0.0000 0.0777 0.6376 0.0000 0.2658 0.0142 0.0047 0.0000
406      406   (0)     11  : 0.0011 0.0000 0.0000 0.0000 0.0000 0.2640 0.0000 0.7303 0.0046 0.0000 0.0000
407      407   (0)     11  : 0.0000 0.0000 0.0000 0.0000 0.0000 0.6936 0.0000 0.2986 0.0078 0.0000 0.0000
408      408   (0)     11  : 0.0000 0.0000 0.0000 0.0000 0.0070 0.6225 0.0000 0.3705 0.0000 0.0000 0.0000
409      409   (0)     11  : 0.0000 0.0000 0.0040 0.0000 0.0141 0.7939 0.0000 0.1685 0.0175 0.0020 0.0000
410      410   (0)     11  : 0.0000 0.0000 0.0000 0.0000 0.0000 0.4464 0.0033 0.5455 0.0048 0.0000 0.0000
411      411   (0)     11  : 0.0000 0.0000 0.0000 0.0000 0.0000 0.0008 0.0000 0.9992 0.0000 0.0000 0.0000
412      412   (0)     11  : 0.0000 0.0000 0.0000 0.0000 0.0000 0.6073 0.0000 0.3844 0.0083 0.0000 0.0000
413      413   (0)     11  : 0.0000 0.0000 0.0000 0.0000 0.0567 0.1552 0.0000 0.7882 0.0000 0.0000 0.0000
414      414   (0)     11  : 0.0000 0.0000 0.0000 0.0000 0.0000 0.5587 0.0000 0.4413 0.0000 0.0000 0.0000
415      415   (0)     11  : 0.0000 0.0000 0.0000 0.0000 0.0000 0.2284 0.0000 0.7547 0.0169 0.0000 0.0000
416      416   (0)     11  : 0.0000 0.0000 0.0000 0.0000 0.0000 0.3479 0.0000 0.6211 0.0310 0.0000 0.0000
417      417   (0)     11  : 0.0000 0.0000 0.0000 0.0000 0.0000 0.5779 0.0000 0.4221 0.0000 0.0000 0.0000
418      418   (0)     11  : 0.0000 0.0000 0.0000 0.0000 0.0315 0.7416 0.0000 0.2078 0.0000 0.0191 0.0000
419      419   (0)     11  : 0.0000 0.0000 0.0000 0.0000 0.0077 0.9923 0.0000 0.0000 0.0000 0.0000 0.0000
420      420   (0)     11  : 0.0000 0.0000 0.0000 0.0000 0.0000 1.0000 0.0000 0.0000 0.0000 0.0000 0.0000
421      421   (0)     11  : 0.0000 0.0000 0.0019 0.0000 0.0000 0.9907 0.0000 0.0003 0.0072 0.0000 0.0000
422      422   (0)     11  : 0.0000 0.0000 0.0000 0.0000 0.0098 0.7981 0.0000 0.1921 0.0000 0.0000 0.0000
423      423   (0)     12  : 0.1492 0.0000 0.0000 0.0000 0.0000 0.0000 0.0000 0.0000 0.0000 0.8508 0.0000
424      424   (0)     12  : 0.0000 0.0000 0.0000 0.0000 0.8042 0.0000 0.0000 0.1046 0.0911 0.0000 0.0000
425      425   (0)     12  : 0.5743 0.0000 0.0000 0.0000 0.0000 0.0000 0.0000 0.0000 0.0000 0.4257 0.0000
426      426   (0)     12  : 0.0000 0.0000 0.0000 0.0000 0.5383 0.0078 0.0000 0.0194 0.4345 0.0000 0.0000
427      427   (0)     12  : 0.4703 0.0000 0.0000 0.0237 0.0000 0.0000 0.0000 0.0000 0.0000 0.5060 0.0000
428      428   (0)     12  : 0.5700 0.0784 0.0000 0.0000 0.0195 0.0000 0.0000 0.0000 0.0000 0.3321 0.0000
429      429   (0)     12  : 0.0000 0.0000 0.0000 0.0000 0.0000 0.0000 0.0000 0.0000 1.0000 0.0000 0.0000
430      430   (0)     12  : 0.0000 0.0000 0.0000 0.0078 0.0000 0.0000 0.0000 0.0000 0.0000 0.9921 0.0001
431      431   (0)     12  : 0.2518 0.0167 0.0030 0.0000 0.0000 0.0000 0.0000 0.0000 0.0000 0.7131 0.0154
432      432   (0)     12  : 0.0000 0.0000 0.0000 0.0000 0.9705 0.0000 0.0000 0.0000 0.0295 0.0000 0.0000
433      433   (0)     12  : 0.1369 0.0000 0.0000 0.0000 0.0000 0.0000 0.0000 0.0000 0.0107 0.8524 0.0000
434      434   (0)     12  : 0.3047 0.0000 0.0000 0.0000 0.0000 0.0000 0.0000 0.0000 0.0000 0.6953 0.0000
435      435   (0)     12  : 0.0000 0.0299 0.0011 0.0257 0.0000 0.0000 0.0000 0.0000 0.0000 0.9433 0.0000
436      436   (0)     12  : 0.2098 0.0000 0.0000 0.0000 0.0000 0.0000 0.0109 0.0000 0.0000 0.7793 0.0000
437      437   (0)     12  : 0.1451 0.0000 0.0000 0.0000 0.0000 0.0000 0.0000 0.0000 0.0314 0.8235 0.0000
438      438   (0)     12  : 0.0000 0.0000 0.0000 0.0000 0.0000 0.0000 0.0000 0.0000 0.0000 1.0000 0.0000
439      439   (0)     12  : 0.0000 0.0000 0.0000 0.0000 1.0000 0.0000 0.0000 0.0000 0.0000 0.0000 0.0000
440      440   (0)     12  : 0.0000 0.0000 0.0000 0.0000 0.9768 0.0000 0.0000 0.0000 0.0232 0.0000 0.0000
441      441   (0)     12  : 0.0000 0.0000 0.0000 0.0000 0.0000 0.0000 0.0000 0.0000 0.0000 1.0000 0.0000
442      442   (0)     12  : 0.0000 0.0000 0.0000 0.0000 0.4596 0.0000 0.0000 0.0000 0.5404 0.0000 0.0000
443      443   (0)     12  : 0.8039 0.0095 0.0000 0.0000 0.0000 0.0000 0.0000 0.0000 0.0000 0.1765 0.0101
444      444   (0)     12  : 0.1188 0.0000 0.0000 0.0000 0.0000 0.0000 0.0000 0.0000 0.0000 0.8812 0.0000
445      445   (0)     12  : 0.6089 0.0000 0.0000 0.0248 0.0000 0.0000 0.0000 0.0000 0.0000 0.3650 0.0012
446      446   (0)     12  : 0.7841 0.0000 0.0000 0.0000 0.0000 0.0000 0.0000 0.0000 0.0000 0.2159 0.0000
447      447   (0)     12  : 0.2183 0.0000 0.0000 0.0000 0.0000 0.0000 0.0000 0.0000 0.0000 0.7640 0.0177
448      448   (0)     12  : 0.2464 0.0000 0.0000 0.0000 0.0000 0.0000 0.0000 0.0000 0.0000 0.7536 0.0000
449      449   (0)     12  : 0.2584 0.0000 0.0000 0.0000 0.0000 0.0000 0.0000 0.0000 0.0000 0.7416 0.0000
450      450   (0)     12  : 0.4024 0.0071 0.0000 0.0000 0.0000 0.0000 0.0006 0.0000 0.0000 0.5899 0.0000
451      451   (0)     12  : 0.3651 0.0000 0.0000 0.0000 0.0000 0.0000 0.0510 0.0000 0.0000 0.5838 0.0000
452      452   (0)     12  : 0.2473 0.0000 0.0000 0.0000 0.0000 0.0000 0.0213 0.0000 0.0000 0.7190 0.0125
453      453   (0)     13  : 0.5344 0.0000 0.0000 0.0000 0.0000 0.0000 0.0000 0.0000 0.0000 0.4656 0.0000
454      454   (0)     13  : 0.0000 0.0000 0.0000 0.0000 0.0000 0.0000 0.0000 0.0000 0.0000 1.0000 0.0000
455      455   (0)     13  : 0.2160 0.0000 0.0000 0.0000 0.0000 0.0000 0.0000 0.0000 0.0000 0.7840 0.0000
456      456   (0)     13  : 0.0000 0.0000 0.0000 0.0000 0.9447 0.0000 0.0000 0.0000 0.0553 0.0000 0.0000
457      457   (0)     13  : 0.2538 0.0238 0.0000 0.0000 0.0000 0.0000 0.0309 0.0000 0.0000 0.6914 0.0000
458      458   (0)     13  : 0.1758 0.0000 0.0000 0.0000 0.0000 0.0000 0.0000 0.0000 0.0000 0.8242 0.0000
459      459   (0)     13  : 0.0000 0.0000 0.0000 0.0000 0.0000 0.0000 0.0000 0.0000 0.0000 1.0000 0.0000
460      460   (0)     13  : 0.5864 0.0000 0.0000 0.0000 0.0000 0.0000 0.0000 0.0000 0.0000 0.4136 0.0000
461      461   (0)     13  : 0.5648 0.0000 0.0000 0.0000 0.0000 0.0000 0.0000 0.0000 0.0000 0.4352 0.0000
462      462   (0)     13  : 0.6961 0.0000 0.0000 0.0000 0.0000 0.0000 0.0425 0.0000 0.0000 0.2614 0.0000
463      463   (0)     13  : 0.4779 0.0000 0.0000 0.0351 0.0000 0.0000 0.0000 0.0000 0.0000 0.4871 0.0000
464      464   (0)     13  : 0.0000 0.1631 0.0010 0.7580 0.0000 0.0000 0.0709 0.0000 0.0000 0.0070 0.0000
465      465   (0)     13  : 0.5000 0.0000 0.0005 0.0000 0.0000 0.0000 0.0000 0.0000 0.0000 0.4994 0.0001
466      466   (0)     13  : 0.5009 0.0000 0.0002 0.0000 0.0000 0.0000 0.0000 0.0000 0.0000 0.4989 0.0000
467      467   (0)     13  : 0.6657 0.0000 0.0012 0.0000 0.0000 0.0000 0.0000 0.0000 0.0000 0.3176 0.0155
468      468   (0)     13  : 0.0130 0.1950 0.0000 0.2519 0.0000 0.0000 0.3347 0.0000 0.0000 0.0433 0.1619
469      469   (0)     13  : 0.0000 0.6328 0.0000 0.1469 0.0000 0.0000 0.2171 0.0000 0.0032 0.0000 0.0000
470      470   (0)     13  : 0.2402 0.0000 0.0000 0.0000 0.0000 0.0000 0.0093 0.0000 0.0000 0.7380 0.0125
471      471   (0)     13  : 0.5204 0.0000 0.0000 0.0000 0.0000 0.0126 0.0000 0.0116 0.0162 0.4391 0.0000
472      472   (0)     13  : 0.0000 0.0000 0.0000 0.0000 0.0000 0.0000 0.0002 0.0000 0.0000 0.9998 0.0000
473      473   (0)     13  : 0.0000 0.0000 0.0000 0.0000 0.8344 0.0937 0.0000 0.0000 0.0161 0.0557 0.0000
474      474   (0)     13  : 0.8056 0.0000 0.0000 0.0000 0.0000 0.0000 0.0000 0.0000 0.0000 0.1944 0.0000
475      475   (0)     13  : 0.6874 0.0000 0.0000 0.0000 0.0000 0.0000 0.0000 0.0000 0.0000 0.3126 0.0000
476      476   (0)     13  : 0.0000 0.0000 0.0000 0.0000 0.9459 0.0000 0.0000 0.0000 0.0541 0.0000 0.0000
477      477   (0)     13  : 0.2594 0.0000 0.0000 0.0000 0.0000 0.0000 0.0430 0.0000 0.0141 0.6835 0.0000
478      478   (0)     13  : 0.4798 0.0000 0.0184 0.0000 0.0000 0.0000 0.0000 0.0000 0.0083 0.4935 0.0000
479      479   (0)     13  : 0.4997 0.0000 0.0000 0.0066 0.0000 0.0000 0.0000 0.0000 0.0000 0.4936 0.0001
480      480   (0)     13  : 0.0000 0.0000 0.0000 0.0000 0.8921 0.0000 0.0000 0.0000 0.1079 0.0000 0.0000
481      481   (0)     13  : 0.0000 0.0000 0.0112 0.1248 0.0000 0.0000 0.0001 0.0000 0.0000 0.1053 0.7587
482      482   (0)     13  : 0.4318 0.0166 0.0000 0.0000 0.0000 0.0000 0.0000 0.0000 0.0000 0.5259 0.0257
483      483   (0)     14  : 0.1904 0.0000 0.0000 0.0000 0.0000 0.0000 0.0000 0.0000 0.0000 0.8096 0.0000
484      484   (0)     14  : 0.2623 0.0000 0.0000 0.0000 0.0000 0.0000 0.0039 0.0000 0.0000 0.7337 0.0000
485      485   (0)     15  : 0.4982 0.0018 0.0000 0.0000 0.0000 0.0000 0.0000 0.0000 0.0000 0.5000 0.0000
486      486   (0)     15  : 0.0000 0.0000 0.0000 0.0000 0.0000 0.0000 0.0000 0.0000 0.0000 1.0000 0.0000
487      487   (0)     15  : 0.0000 0.0000 0.0000 0.0000 0.0000 0.0000 0.0000 0.0000 0.0000 1.0000 0.0000
488      488   (0)     15  : 0.0000 0.0000 0.0000 0.0000 0.0000 0.0000 0.0000 0.0000 0.0000 1.0000 0.0000
489      489   (0)     15  : 0.0000 0.0000 0.0000 0.0000 1.0000 0.0000 0.0000 0.0000 0.0000 0.0000 0.0000
490      490   (0)     15  : 0.0000 0.0000 0.0000 0.0000 0.9538 0.0000 0.0000 0.0000 0.0462 0.0000 0.0000
491      491   (0)     15  : 0.4312 0.0000 0.0000 0.0024 0.0000 0.0000 0.0000 0.0000 0.0000 0.5664 0.0001
492      492   (0)     15  : 0.0000 0.0000 0.0000 0.0000 1.0000 0.0000 0.0000 0.0000 0.0000 0.0000 0.0000
493      493   (0)     15  : 0.3171 0.0000 0.0128 0.0282 0.0000 0.0000 0.0000 0.0000 0.0000 0.6419 0.0000
494      494   (0)     15  : 0.3071 0.0079 0.0000 0.0078 0.0000 0.0000 0.0000 0.0000 0.0000 0.6773 0.0000
495      495   (0)     15  : 0.7640 0.0000 0.0000 0.0000 0.0000 0.0000 0.0000 0.0000 0.0000 0.2360 0.0000
496      496   (0)     15  : 0.2202 0.0000 0.0013 0.0000 0.0000 0.0000 0.0000 0.0000 0.0000 0.7785 0.0000
497      497   (0)     15  : 0.7586 0.0061 0.0000 0.0126 0.0000 0.0000 0.0000 0.0000 0.0000 0.2227 0.0000
498      498   (0)     15  : 0.0000 0.0000 0.0000 0.0069 0.0000 0.0000 0.0000 0.0000 0.0000 0.9757 0.0175
499      499   (0)     15  : 0.4917 0.0001 0.0000 0.0172 0.0000 0.0000 0.0000 0.0000 0.0000 0.4910 0.0000
500      500   (0)     15  : 0.1018 0.0081 0.0000 0.0000 0.0000 0.0000 0.0000 0.0000 0.0000 0.8823 0.0078
501      501   (0)     15  : 0.1932 0.0077 0.0000 0.0130 0.0000 0.0000 0.0000 0.0000 0.0134 0.7725 0.0002
502      502   (0)     15  : 0.0000 0.0000 0.0000 0.0000 0.0000 0.0000 0.0000 0.0000 0.0000 1.0000 0.0000
503      503   (0)     15  : 0.4794 0.0000 0.0000 0.0000 0.0000 0.0000 0.0000 0.0000 0.0000 0.5206 0.0000
504      504   (0)     15  : 0.0000 0.0000 0.0000 0.0000 0.0000 0.0000 0.0000 0.0000 0.0000 1.0000 0.0000
505      505   (0)     15  : 0.8586 0.0000 0.0000 0.0000 0.0000 0.0000 0.0208 0.0000 0.0000 0.1205 0.0000
506      506   (0)     15  : 0.7076 0.0000 0.0000 0.0000 0.0000 0.0000 0.0033 0.0000 0.0000 0.2891 0.0000
507      507   (0)     15  : 0.6554 0.0056 0.0000 0.0000 0.0000 0.0000 0.0000 0.0000 0.0000 0.3311 0.0079
508      508   (0)     15  : 0.7712 0.0350 0.0000 0.0000 0.0000 0.0000 0.0000 0.0000 0.0000 0.1938 0.0000
509      509   (0)     15  : 0.0000 0.0000 0.0000 0.0000 1.0000 0.0000 0.0000 0.0000 0.0000 0.0000 0.0000
510      510   (0)     15  : 0.0000 0.0000 0.0000 0.0000 1.0000 0.0000 0.0000 0.0000 0.0000 0.0000 0.0000
511      511   (0)     15  : 0.0000 0.0176 0.0102 0.0000 0.0015 0.0000 0.0000 0.0107 0.0052 0.9548 0.0000
512      512   (0)     15  : 0.4648 0.0000 0.0000 0.0000 0.0000 0.0000 0.0000 0.0000 0.0000 0.5274 0.0077
513      513   (0)     15  : 0.2355 0.0115 0.0000 0.0000 0.0000 0.0000 0.0163 0.0000 0.0000 0.7367 0.0000
514      514   (0)     15  : 0.1342 0.0000 0.0000 0.0182 0.0000 0.0000 0.0002 0.0000 0.0000 0.8474 0.0000
515      515   (0)     16  : 0.0000 0.7673 0.0000 0.1564 0.0000 0.0000 0.0000 0.0000 0.0000 0.0197 0.0567
516      516   (0)     16  : 0.7157 0.0000 0.0026 0.0000 0.0000 0.0000 0.0000 0.0000 0.0000 0.2794 0.0023
517      517   (0)     16  : 0.0000 0.0000 0.0000 0.0000 0.8686 0.0000 0.0000 0.0302 0.1012 0.0000 0.0000
518      518   (0)     16  : 0.5465 0.0000 0.0155 0.0446 0.0000 0.0000 0.0000 0.0000 0.0000 0.3934 0.0000
519      519   (0)     16  : 0.6589 0.0000 0.0000 0.0220 0.0000 0.0000 0.0000 0.0000 0.0000 0.3192 0.0000
520      520   (0)     16  : 0.1588 0.0000 0.0000 0.0298 0.0000 0.0000 0.0070 0.0000 0.0000 0.8044 0.0000
521      521   (0)     16  : 0.9847 0.0000 0.0000 0.0153 0.0000 0.0000 0.0000 0.0000 0.0000 0.0000 0.0000
522      522   (0)     16  : 0.0000 0.0000 0.0000 0.0000 0.0000 0.0000 0.0000 0.0000 1.0000 0.0000 0.0000
523      523   (0)     16  : 0.7657 0.0000 0.0000 0.0000 0.0000 0.0000 0.0111 0.0000 0.0000 0.2233 0.0000
524      524   (0)     16  : 0.0000 0.0000 0.0000 0.0000 0.8419 0.0000 0.0000 0.0580 0.1001 0.0000 0.0000
525      525   (0)     16  : 0.7320 0.0074 0.0000 0.0000 0.0000 0.0000 0.0000 0.0000 0.0000 0.2607 0.0000
526      526   (0)     16  : 0.6657 0.0092 0.0000 0.0103 0.0000 0.0000 0.0000 0.0000 0.0000 0.3148 0.0000
527      527   (0)     16  : 0.0000 0.0000 0.0000 0.0000 0.8833 0.0000 0.0000 0.0000 0.1167 0.0000 0.0000
528      528   (0)     16  : 0.1893 0.0330 0.0000 0.0115 0.0000 0.0000 0.0000 0.0000 0.0000 0.7662 0.0000
529      529   (0)     16  : 0.7024 0.0000 0.0000 0.0000 0.0000 0.0000 0.0000 0.0000 0.0000 0.2792 0.0183
530      530   (0)     16  : 0.9221 0.0000 0.0000 0.0638 0.0000 0.0000 0.0000 0.0000 0.0000 0.0142 0.0000
531      531   (0)     16  : 0.5592 0.0000 0.0000 0.0000 0.0000 0.0000 0.0000 0.0000 0.0000 0.4408 0.0000
532      532   (0)     16  : 0.0000 0.0000 0.0000 0.0000 0.0000 0.0000 0.0000 0.0000 1.0000 0.0000 0.0000
533      533   (0)     16  : 0.0000 0.0000 0.0000 0.0000 0.0000 0.0000 0.0000 0.0000 1.0000 0.0000 0.0000
534      534   (0)     16  : 0.8057 0.0000 0.0000 0.0001 0.0000 0.0000 0.0000 0.0000 0.0000 0.1942 0.0000
535      535   (0)     16  : 0.4999 0.0000 0.0000 0.0000 0.0000 0.0000 0.0000 0.0000 0.0000 0.5001 0.0000
536      536   (0)     16  : 0.2492 0.0000 0.0000 0.0000 0.0000 0.0000 0.0000 0.0000 0.0000 0.7390 0.0118
537      537   (0)     16  : 0.8418 0.0000 0.0000 0.0103 0.0000 0.0000 0.0000 0.0000 0.0000 0.1479 0.0000
538      538   (0)     16  : 0.4113 0.0000 0.0000 0.0000 0.0000 0.0000 0.0000 0.0000 0.0000 0.5887 0.0000
539      539   (0)     16  : 0.7741 0.0000 0.0000 0.0000 0.0000 0.0000 0.0156 0.0000 0.0000 0.2102 0.0000
540      540   (0)     16  : 0.6316 0.0000 0.0000 0.0011 0.0000 0.0000 0.0000 0.0000 0.0000 0.3598 0.0075
541      541   (0)     16  : 0.0000 0.0000 1.0000 0.0000 0.0000 0.0000 0.0000 0.0000 0.0000 0.0000 0.0000
542      542   (0)     16  : 0.4117 0.0195 0.0000 0.0107 0.0000 0.0000 0.0000 0.0000 0.0000 0.5580 0.0000
543      543   (0)     16  : 0.6057 0.0000 0.0000 0.0000 0.0000 0.0000 0.0000 0.0000 0.0000 0.3943 0.0000
544      544   (0)     16  : 0.7728 0.0000 0.0000 0.0000 0.0000 0.0000 0.0000 0.0000 0.0000 0.2272 0.0000
