1        1   (0)      1  : 0.0052 0.0000 0.0000 0.4319 0.0000 0.0100 0.5529 0.0000
2        2   (0)      1  : 0.9601 0.0000 0.0000 0.0145 0.0000 0.0092 0.0163 0.0000
3        3   (0)      1  : 0.8838 0.0000 0.0000 0.0062 0.0000 0.0721 0.0379 0.0000
4        4   (0)      1  : 0.0142 0.0000 0.0159 0.5296 0.0000 0.0775 0.3628 0.0000
5        5   (0)      1  : 0.0147 0.0000 0.0018 0.5529 0.0000 0.1603 0.2702 0.0000
6        6   (0)      1  : 0.0079 0.0000 0.0000 0.5512 0.0000 0.2206 0.2106 0.0097
7        7   (0)      1  : 0.9936 0.0000 0.0000 0.0000 0.0000 0.0040 0.0009 0.0014
8        8   (0)      1  : 0.9796 0.0000 0.0000 0.0155 0.0000 0.0049 0.0000 0.0000
9        9   (0)      1  : 0.0066 0.0000 0.0000 0.6314 0.0000 0.1722 0.1898 0.0000
10       10   (0)      1  : 0.9293 0.0000 0.0000 0.0128 0.0000 0.0460 0.0119 0.0000
11       11   (0)      1  : 0.0035 0.0000 0.0019 0.3399 0.0000 0.0507 0.5520 0.0520
12       12   (0)      1  : 0.0000 0.0000 0.0000 0.4719 0.0000 0.0932 0.4083 0.0265
13       13   (0)      1  : 0.0000 0.0000 0.0000 0.3809 0.0000 0.0000 0.5220 0.0970
14       14   (0)      1  : 0.0000 0.0000 0.0044 0.7041 0.0005 0.0627 0.1482 0.0800
15       15   (0)      1  : 0.0000 0.0000 0.0019 0.3238 0.0000 0.0023 0.6720 0.0000
16       16   (0)      1  : 0.0591 0.0000 0.0000 0.4186 0.0003 0.0706 0.3878 0.0636
17       17   (0)      1  : 0.0000 0.0000 0.0000 0.7977 0.0000 0.0492 0.1530 0.0000
18       18   (0)      1  : 0.0000 0.0000 0.0000 0.2805 0.0000 0.0549 0.6646 0.0000
19       19   (0)      1  : 0.0000 0.0000 0.0000 0.4605 0.0050 0.0616 0.4730 0.0000
20       20   (0)      1  : 0.0002 0.0000 0.0000 0.5523 0.0000 0.0488 0.3987 0.0000
21       21   (0)      1  : 0.0000 0.0000 0.0001 0.2030 0.0000 0.0000 0.7969 0.0000
22       22   (0)      1  : 0.8879 0.0000 0.0000 0.0200 0.0000 0.0794 0.0127 0.0000
23       23   (0)      1  : 0.0000 0.0000 0.0000 0.4136 0.0000 0.1083 0.4781 0.0000
24       24   (0)      1  : 0.0011 0.0000 0.0000 0.8322 0.0000 0.1668 0.0000 0.0000
25       25   (0)      1  : 0.0121 0.0000 0.0000 0.5097 0.0000 0.0207 0.3923 0.0651
26       26   (0)      1  : 0.0000 0.0000 0.0000 0.3535 0.0000 0.2049 0.4416 0.0000
27       27   (0)      1  : 0.0000 0.0405 0.0000 0.0000 0.7928 0.1667 0.0000 0.0000
28       28   (0)      1  : 0.0000 0.0045 0.0000 0.0000 0.8288 0.1667 0.0000 0.0000
29       29   (0)      1  : 0.0097 0.0000 0.0047 0.3992 0.0000 0.0639 0.4442 0.0782
30       30   (0)      1  : 0.0000 0.0000 0.0005 0.6483 0.0000 0.0000 0.3512 0.0000
31       31   (0)      1  : 0.0267 0.0000 0.0000 0.2406 0.0000 0.2343 0.4983 0.0000
32       32   (0)      1  : 0.9259 0.0000 0.0000 0.0596 0.0000 0.0146 0.0000 0.0000
33       33   (0)      1  : 0.1883 0.0000 0.0000 0.3231 0.3477 0.1409 0.0000 0.0000
34       34   (0)      1  : 0.0033 0.0000 0.0000 0.2355 0.0000 0.0000 0.7613 0.0000
35       35   (0)      1  : 0.0000 0.0000 1.0000 0.0000 0.0000 0.0000 0.0000 0.0000
36       36   (0)      1  : 0.0000 0.0000 1.0000 0.0000 0.0000 0.0000 0.0000 0.0000
37       37   (0)      1  : 0.0000 0.0000 0.8333 0.0000 0.0000 0.1667 0.0000 0.0000
38       38   (0)      1  : 0.0000 0.0106 0.0000 0.0000 0.9169 0.0725 0.0000 0.0000
39       39   (0)      1  : 0.0000 0.0205 0.0000 0.0000 0.9795 0.0000 0.0000 0.0000
40       40   (0)      1  : 0.0000 0.0000 0.0000 0.2742 0.0000 0.1989 0.5269 0.0000
41       41   (0)      1  : 0.9636 0.0000 0.0000 0.0160 0.0000 0.0040 0.0165 0.0000
42       42   (0)      1  : 0.0000 0.0091 0.0000 0.0000 0.8783 0.1126 0.0000 0.0000
43       43   (0)      1  : 0.0129 0.0000 0.0117 0.4012 0.0000 0.0235 0.5507 0.0000
44       44   (0)      1  : 0.9961 0.0000 0.0000 0.0000 0.0000 0.0000 0.0020 0.0019
45       45   (0)      1  : 0.0000 0.0134 0.0000 0.0000 0.8199 0.1667 0.0000 0.0000
46       46   (0)      1  : 0.0000 0.0043 0.0000 0.4894 0.0000 0.0890 0.2496 0.1677
47       47   (0)      1  : 0.0000 0.0209 0.0000 0.0000 0.9791 0.0000 0.0000 0.0000
48       48   (0)      1  : 0.9083 0.0000 0.0000 0.0055 0.0000 0.0617 0.0207 0.0038
49       49   (0)      1  : 0.9994 0.0000 0.0000 0.0000 0.0000 0.0000 0.0006 0.0000
50       50   (0)      1  : 0.0000 0.0162 0.0000 0.0000 0.9838 0.0000 0.0000 0.0000
51       51   (0)      1  : 0.0000 0.0155 0.0000 0.0000 0.8840 0.0982 0.0000 0.0023
52       52   (0)      1  : 0.9128 0.0000 0.0000 0.0775 0.0000 0.0000 0.0097 0.0000
53       53   (0)      1  : 0.9538 0.0000 0.0000 0.0058 0.0000 0.0000 0.0378 0.0027
54       54   (0)      1  : 0.8763 0.0000 0.0000 0.0110 0.0000 0.0848 0.0278 0.0000
55       55   (0)      1  : 0.0000 0.0190 0.0000 0.0000 0.8144 0.1667 0.0000 0.0000
56       56   (0)      2  : 0.0086 0.0000 0.0000 0.9366 0.0000 0.0548 0.0000 0.0000
57       57   (0)      2  : 0.0000 0.0000 0.0206 0.2338 0.0000 0.0454 0.7002 0.0000
58       58   (0)      2  : 0.0000 0.0000 0.0000 0.1254 0.0000 0.0813 0.7933 0.0000
59       59   (0)      2  : 0.0000 0.0000 0.0000 0.6299 0.0000 0.0760 0.2306 0.0636
60       60   (0)      2  : 0.9530 0.0000 0.0000 0.0298 0.0000 0.0000 0.0171 0.0000
61       61   (0)      2  : 0.0000 0.0000 0.0018 0.4525 0.0000 0.1667 0.3787 0.0003
62       62   (0)      2  : 0.0000 0.0000 1.0000 0.0000 0.0000 0.0000 0.0000 0.0000
63       63   (0)      2  : 0.0131 0.0000 0.0000 0.4567 0.0000 0.0061 0.5240 0.0000
64       64   (0)      2  : 0.0000 0.0000 0.8333 0.0000 0.0000 0.1667 0.0000 0.0000
65       65   (0)      2  : 0.0322 0.0000 0.0000 0.6284 0.0000 0.0696 0.2298 0.0401
66       66   (0)      2  : 0.0000 0.0000 0.8333 0.0000 0.0000 0.1667 0.0000 0.0000
67       67   (0)      2  : 0.0000 0.0000 0.0031 0.4353 0.0000 0.0288 0.4791 0.0537
68       68   (0)      2  : 0.0231 0.0000 0.0005 0.5573 0.0000 0.0314 0.3139 0.0739
69       69   (0)      2  : 0.9787 0.0000 0.0000 0.0213 0.0000 0.0000 0.0000 0.0000
70       70   (0)      2  : 0.0000 0.0000 0.0000 0.3406 0.0000 0.0636 0.5958 0.0000
71       71   (0)      2  : 0.0000 0.0000 1.0000 0.0000 0.0000 0.0000 0.0000 0.0000
72       72   (0)      2  : 0.0000 0.0000 1.0000 0.0000 0.0000 0.0000 0.0000 0.0000
73       73   (0)      2  : 0.0527 0.0000 0.0000 0.2074 0.0000 0.1026 0.4679 0.1694
74       74   (0)      2  : 0.9707 0.0000 0.0055 0.0160 0.0000 0.0078 0.0000 0.0000
75       75   (0)      2  : 0.0000 0.0238 0.0000 0.0000 0.9762 0.0000 0.0000 0.0000
76       76   (0)      2  : 0.9638 0.0000 0.0000 0.0110 0.0000 0.0252 0.0000 0.0000
77       77   (0)      2  : 0.0529 0.0000 0.0000 0.2641 0.0000 0.1459 0.5371 0.0000
78       78   (0)      2  : 0.0000 0.0000 0.8333 0.0000 0.0000 0.1667 0.0000 0.0000
79       79   (0)      2  : 0.0000 0.0039 0.0000 0.0000 0.8294 0.1667 0.0000 0.0000
80       80   (0)      2  : 0.0000 0.0000 0.8981 0.0000 0.0000 0.1019 0.0000 0.0000
81       81   (0)      2  : 0.0054 0.0000 0.0066 0.5364 0.0016 0.1012 0.3487 0.0000
82       82   (0)      2  : 0.9849 0.0000 0.0058 0.0041 0.0000 0.0014 0.0000 0.0039
83       83   (0)      2  : 0.9999 0.0000 0.0000 0.0000 0.0000 0.0001 0.0000 0.0000
84       84   (0)      2  : 0.2102 0.0000 0.0000 0.3447 0.0000 0.1033 0.3418 0.0000
85       85   (0)      2  : 0.0101 0.0000 0.0000 0.4704 0.0000 0.0901 0.4096 0.0199
86       86   (0)      2  : 0.0074 0.0000 0.0000 0.7091 0.0000 0.0040 0.2794 0.0000
87       87   (0)      2  : 0.0258 0.0000 0.0000 0.3245 0.0000 0.0648 0.5850 0.0000
88       88   (0)      2  : 0.0000 0.0000 0.0000 0.5362 0.0000 0.1761 0.2877 0.0000
89       89   (0)      2  : 0.0000 0.0000 0.0000 0.5978 0.0000 0.0968 0.3054 0.0000
90       90   (0)      2  : 0.0221 0.0000 0.0021 0.2729 0.0000 0.2977 0.4052 0.0000
91       91   (0)      2  : 0.0040 0.0000 0.0000 0.5911 0.0000 0.0461 0.3588 0.0000
92       92   (0)      2  : 0.0160 0.0000 0.0000 0.6607 0.0000 0.0278 0.2579 0.0377
93       93   (0)      2  : 0.9228 0.0000 0.0000 0.0000 0.0000 0.0772 0.0000 0.0000
94       94   (0)      2  : 0.9143 0.0000 0.0056 0.0080 0.0000 0.0597 0.0060 0.0066
95       95   (0)      2  : 0.0000 0.0000 1.0000 0.0000 0.0000 0.0000 0.0000 0.0000
96       96   (0)      2  : 0.8520 0.0000 0.0000 0.0277 0.0000 0.1113 0.0090 0.0000
97       97   (0)      2  : 0.8490 0.0000 0.0000 0.0000 0.0000 0.1153 0.0357 0.0000
98       98   (0)      2  : 0.0072 0.0000 0.0000 0.3367 0.0000 0.0603 0.4262 0.1696
99       99   (0)      2  : 0.0000 0.0000 0.8829 0.0000 0.0000 0.1171 0.0000 0.0000
100      100   (0)      2  : 0.0000 0.0000 0.0000 0.4949 0.0000 0.1667 0.2790 0.0595
101      101   (0)      3  : 0.0077 0.0000 0.0000 0.3789 0.0000 0.0341 0.4885 0.0908
102      102   (0)      3  : 0.0016 0.0000 0.0085 0.4204 0.0000 0.0334 0.4923 0.0439
103      103   (0)      3  : 0.0055 0.0000 0.0000 0.3171 0.0000 0.0741 0.6034 0.0000
104      104   (0)      3  : 0.0018 0.0000 0.0000 0.6509 0.0000 0.0845 0.1830 0.0798
105      105   (0)      3  : 0.0286 0.0000 0.0132 0.2358 0.0000 0.0000 0.7225 0.0000
106      106   (0)      3  : 0.0106 0.0000 0.0037 0.8402 0.0000 0.0098 0.1356 0.0000
107      107   (0)      3  : 0.0000 0.0000 0.0000 0.4199 0.0000 0.1281 0.4505 0.0015
108      108   (0)      3  : 0.0014 0.0000 0.0000 0.2546 0.0055 0.0030 0.7355 0.0000
109      109   (0)      3  : 0.0000 0.0000 0.0000 0.3732 0.0000 0.1667 0.3815 0.0786
110      110   (0)      3  : 0.0001 0.0000 0.0000 0.6817 0.0000 0.0000 0.2831 0.0351
111      111   (0)      3  : 0.0197 0.0000 0.0105 0.8316 0.0000 0.0938 0.0444 0.0000
112      112   (0)      3  : 0.0000 0.0000 0.0001 0.1759 0.0000 0.0748 0.5825 0.1667
113      113   (0)      3  : 0.0000 0.0000 0.0030 0.6966 0.0000 0.0678 0.1605 0.0721
114      114   (0)      3  : 0.0155 0.0000 0.0022 0.5471 0.0000 0.1667 0.2657 0.0028
115      115   (0)      3  : 0.0503 0.0000 0.0000 0.4191 0.0000 0.1609 0.3696 0.0001
116      116   (0)      3  : 0.0019 0.0000 0.0001 0.5160 0.0000 0.1716 0.3078 0.0026
117      117   (0)      3  : 0.0300 0.0000 0.0000 0.7870 0.0000 0.0858 0.0972 0.0000
118      118   (0)      3  : 0.0000 0.0000 0.0000 0.4282 0.0000 0.2035 0.3684 0.0000
119      119   (0)      3  : 0.0312 0.0000 0.0000 0.4308 0.0000 0.0531 0.4262 0.0586
120      120   (0)      3  : 0.0478 0.0000 0.0836 0.4306 0.0000 0.1779 0.2601 0.0000
121      121   (0)      3  : 0.0000 0.0000 0.0007 0.6783 0.0000 0.0735 0.2476 0.0000
122      122   (0)      3  : 0.0085 0.0000 0.0025 0.5167 0.0000 0.1667 0.2174 0.0883
123      123   (0)      3  : 0.0000 0.0000 0.0000 0.5711 0.0000 0.0312 0.3254 0.0723
124      124   (0)      3  : 0.0000 0.0000 0.0000 0.7373 0.0000 0.1366 0.1261 0.0000
125      125   (0)      3  : 0.0000 0.0000 0.0046 0.5708 0.0000 0.0851 0.3396 0.0000
126      126   (0)      3  : 0.0267 0.0000 0.0000 0.3668 0.0000 0.0719 0.5098 0.0248
127      127   (0)      3  : 0.0425 0.0000 0.0000 0.2695 0.0000 0.0627 0.5466 0.0787
128      128   (0)      3  : 0.0000 0.0000 0.0000 0.5360 0.0000 0.0865 0.3775 0.0000
129      129   (0)      3  : 0.0513 0.0000 0.0000 0.4523 0.0000 0.0371 0.4593 0.0000
130      130   (0)      3  : 0.9063 0.0000 0.0000 0.0213 0.0000 0.0694 0.0030 0.0000
131      131   (0)      3  : 0.8544 0.0000 0.0006 0.0645 0.0000 0.0717 0.0088 0.0000
132      132   (0)      3  : 0.0000 0.0000 0.8828 0.0000 0.0000 0.1172 0.0000 0.0000
133      133   (0)      3  : 0.0000 0.0169 0.0000 0.0000 0.7603 0.1674 0.0000 0.0554
134      134   (0)      3  : 0.8621 0.0034 0.0000 0.0532 0.0268 0.0206 0.0334 0.0004
135      135   (0)      3  : 0.0000 0.0000 0.0172 0.1902 0.0000 0.1269 0.6179 0.0477
136      136   (0)      3  : 0.0136 0.0000 0.0000 0.4114 0.0000 0.0000 0.5750 0.0000
137      137   (0)      3  : 0.8843 0.0000 0.0000 0.0060 0.0064 0.0984 0.0000 0.0049
138      138   (0)      3  : 0.0104 0.0000 0.0000 0.3046 0.0000 0.0569 0.6281 0.0000
139      139   (0)      3  : 0.0000 0.0000 0.0000 0.2591 0.0000 0.1813 0.5532 0.0064
140      140   (0)      3  : 0.0005 0.0000 0.0000 0.6237 0.0000 0.0000 0.3758 0.0000
141      141   (0)      3  : 0.0000 0.0000 1.0000 0.0000 0.0000 0.0000 0.0000 0.0000
142      142   (0)      3  : 0.0000 0.0000 1.0000 0.0000 0.0000 0.0000 0.0000 0.0000
143      143   (0)      3  : 0.0000 0.0000 1.0000 0.0000 0.0000 0.0000 0.0000 0.0000
144      144   (0)      3  : 0.0000 0.0000 0.8333 0.0000 0.0000 0.1667 0.0000 0.0000
145      145   (0)      3  : 0.0000 0.0000 0.8333 0.0000 0.0000 0.1667 0.0000 0.0000
146      146   (0)      3  : 0.9059 0.0000 0.0000 0.0075 0.0000 0.0559 0.0198 0.0109
147      147   (0)      3  : 0.0000 0.0000 0.0000 0.1753 0.0000 0.0018 0.8228 0.0000
148      148   (0)      3  : 0.0000 0.0000 0.8333 0.0000 0.0000 0.1667 0.0000 0.0000
149      149   (0)      3  : 0.0000 0.0000 0.8333 0.0000 0.0000 0.1667 0.0000 0.0000
150      150   (0)      3  : 0.0000 0.0150 0.0030 0.0000 0.8435 0.0338 0.0000 0.1047
151      151   (0)      3  : 0.0000 0.0139 0.0000 0.0000 0.8195 0.1667 0.0000 0.0000
152      152   (0)      3  : 0.0039 0.0000 0.0000 0.3685 0.0000 0.1680 0.4597 0.0000
153      153   (0)      3  : 0.0000 0.0000 1.0000 0.0000 0.0000 0.0000 0.0000 0.0000
154      154   (0)      3  : 0.0000 0.0000 0.0054 0.2852 0.0000 0.2640 0.4452 0.0002
155      155   (0)      3  : 0.0000 0.0000 0.0000 0.5553 0.0000 0.1667 0.2781 0.0000
156      156   (0)      3  : 0.8880 0.0000 0.0000 0.0458 0.0000 0.0380 0.0234 0.0048
157      157   (0)      3  : 0.0024 0.0000 0.0000 0.3004 0.0000 0.0663 0.5741 0.0568
158      158   (0)      3  : 0.9368 0.0000 0.0000 0.0000 0.0000 0.0632 0.0000 0.0000
159      159   (0)      3  : 0.0043 0.0000 0.0000 0.5784 0.0055 0.0622 0.3466 0.0029
160      160   (0)      3  : 0.9811 0.0000 0.0000 0.0107 0.0000 0.0000 0.0082 0.0000
161      161   (0)      4  : 0.0057 0.0000 0.0000 0.1633 0.0000 0.0034 0.8276 0.0000
162      162   (0)      4  : 0.0000 0.0000 0.0000 0.5312 0.0000 0.1667 0.3021 0.0000
163      163   (0)      4  : 0.0000 0.0000 0.8333 0.0000 0.0000 0.1667 0.0000 0.0000
164      164   (0)      4  : 0.9665 0.0000 0.0000 0.0000 0.0000 0.0335 0.0000 0.0000
165      165   (0)      4  : 0.0000 0.0000 1.0000 0.0000 0.0000 0.0000 0.0000 0.0000
166      166   (0)      4  : 0.0000 0.0000 0.9426 0.0000 0.0000 0.0574 0.0000 0.0000
167      167   (0)      4  : 0.0068 0.0000 0.0000 0.6254 0.0000 0.0000 0.3209 0.0470
168      168   (0)      4  : 0.0128 0.0000 0.0000 0.6773 0.0000 0.0000 0.2649 0.0450
169      169   (0)      4  : 0.0068 0.0000 0.0000 0.0872 0.0000 0.1483 0.7577 0.0000
170      170   (0)      4  : 0.0000 0.0000 0.0000 0.6071 0.0000 0.1032 0.2838 0.0058
171      171   (0)      4  : 0.0046 0.0000 0.0000 0.3480 0.0000 0.0294 0.5404 0.0776
172      172   (0)      4  : 0.0062 0.0000 0.0000 0.4197 0.0000 0.0329 0.4558 0.0854
173      173   (0)      4  : 0.0007 0.0000 0.0000 0.6997 0.0000 0.0729 0.2267 0.0000
174      174   (0)      4  : 0.9686 0.0000 0.0011 0.0110 0.0000 0.0163 0.0029 0.0000
175      175   (0)      4  : 0.0000 0.0000 0.0000 0.5940 0.0000 0.0477 0.3583 0.0000
176      176   (0)      4  : 0.0000 0.0000 1.0000 0.0000 0.0000 0.0000 0.0000 0.0000
177      177   (0)      4  : 0.0177 0.0000 0.0023 0.4241 0.0000 0.0070 0.5488 0.0000
178      178   (0)      4  : 0.0000 0.0000 0.8333 0.0000 0.0000 0.1667 0.0000 0.0000
179      179   (0)      4  : 0.0000 0.0000 0.9368 0.0000 0.0000 0.0632 0.0000 0.0000
180      180   (0)      4  : 0.0000 0.0000 0.0141 0.3504 0.0000 0.1663 0.4692 0.0000
181      181   (0)      4  : 0.0000 0.0000 0.0000 0.4595 0.0000 0.1103 0.4301 0.0000
182      182   (0)      4  : 0.0000 0.0000 0.0000 0.8690 0.0000 0.0393 0.0916 0.0000
183      183   (0)      4  : 0.9970 0.0000 0.0000 0.0000 0.0000 0.0015 0.0015 0.0000
184      184   (0)      4  : 0.9443 0.0000 0.0000 0.0181 0.0000 0.0376 0.0000 0.0000
185      185   (0)      4  : 0.0000 0.0000 0.8333 0.0000 0.0000 0.1667 0.0000 0.0000
186      186   (0)      4  : 0.0000 0.0000 0.0000 0.7570 0.0000 0.0000 0.1667 0.0763
187      187   (0)      4  : 0.0413 0.0000 0.0000 0.8864 0.0000 0.0012 0.0710 0.0000
188      188   (0)      4  : 0.0000 0.0000 0.8333 0.0000 0.0000 0.1667 0.0000 0.0000
189      189   (0)      4  : 0.0011 0.0000 0.0000 0.6336 0.0000 0.0689 0.2535 0.0428
190      190   (0)      4  : 0.9388 0.0000 0.0000 0.0000 0.0000 0.0582 0.0030 0.0000
191      191   (0)      4  : 0.1625 0.0000 0.0935 0.0000 0.0000 0.0181 0.5291 0.1968
192      192   (0)      4  : 0.0000 0.0000 0.0004 0.4271 0.0000 0.1635 0.3996 0.0093
193      193   (0)      4  : 0.0279 0.0000 0.0044 0.4718 0.0000 0.1359 0.3599 0.0000
194      194   (0)      4  : 0.0093 0.0000 0.0107 0.3264 0.0000 0.0045 0.4825 0.1667
195      195   (0)      4  : 0.0000 0.0000 0.0000 0.4688 0.0000 0.0315 0.4993 0.0004
196      196   (0)      4  : 0.0000 0.0000 0.0000 0.1899 0.0000 0.0853 0.5581 0.1667
197      197   (0)      4  : 0.0000 0.0000 0.0000 0.6777 0.0000 0.1667 0.1556 0.0000
198      198   (0)      4  : 0.0000 0.0000 0.0000 0.2042 0.0000 0.0701 0.5590 0.1667
199      199   (0)      4  : 0.0069 0.0000 0.0030 0.2640 0.0000 0.1667 0.5593 0.0000
200      200   (0)      4  : 0.9396 0.0000 0.0000 0.0291 0.0000 0.0000 0.0165 0.0149
201      201   (0)      4  : 0.0000 0.0000 0.0000 0.2410 0.0000 0.0674 0.6809 0.0107
202      202   (0)      4  : 0.0000 0.0000 0.0014 0.7689 0.0000 0.0007 0.2291 0.0000
203      203   (0)      4  : 0.0091 0.0000 0.0044 0.8052 0.0000 0.0344 0.1469 0.0000
204      204   (0)      4  : 0.0014 0.0000 0.0100 0.5083 0.0000 0.0042 0.4761 0.0000
205      205   (0)      4  : 0.0105 0.0000 0.0000 0.4153 0.0006 0.1667 0.4070 0.0000
206      206   (0)      4  : 0.0000 0.0000 0.0000 0.1221 0.0000 0.0515 0.7582 0.0682
207      207   (0)      4  : 0.0000 0.0000 0.0000 0.5729 0.0000 0.0535 0.3416 0.0319
208      208   (0)      4  : 0.9229 0.0000 0.0000 0.0423 0.0000 0.0000 0.0348 0.0000
209      209   (0)      4  : 0.0004 0.0000 0.0000 0.0723 0.0000 0.1667 0.7583 0.0024
210      210   (0)      4  : 0.0000 0.0000 0.0000 0.3890 0.0000 0.1405 0.4705 0.0000
211      211   (0)      4  : 0.0015 0.0000 0.0002 0.6637 0.0000 0.1294 0.2053 0.0000
212      212   (0)      4  : 0.9191 0.0000 0.0000 0.0014 0.0000 0.0666 0.0129 0.0000
213      213   (0)      4  : 0.0114 0.0000 0.0000 0.5169 0.0007 0.0506 0.3262 0.0941
214      214   (0)      4  : 0.0000 0.0000 0.0117 0.4284 0.0000 0.2374 0.3031 0.0194
215      215   (0)      4  : 0.4876 0.0000 0.0023 0.1157 0.0000 0.0877 0.2893 0.0174
216      216   (0)      4  : 0.0007 0.0000 0.0000 0.5492 0.0000 0.2144 0.2357 0.0000
217      217   (0)      4  : 0.0000 0.0000 1.0000 0.0000 0.0000 0.0000 0.0000 0.0000
218      218   (0)      4  : 0.0049 0.0000 0.0018 0.1545 0.0000 0.0116 0.6604 0.1667
219      219   (0)      4  : 0.0200 0.0000 0.0000 0.5825 0.0000 0.0311 0.2979 0.0686
220      220   (0)      5  : 0.0000 0.9499 0.0042 0.0000 0.0326 0.0133 0.0000 0.0000
221      221   (0)      5  : 0.0000 1.0000 0.0000 0.0000 0.0000 0.0000 0.0000 0.0000
222      222   (0)      6  : 0.0000 0.9875 0.0000 0.0000 0.0000 0.0125 0.0000 0.0000
223      223   (0)      6  : 0.0000 0.9998 0.0002 0.0000 0.0000 0.0000 0.0000 0.0000
224      224   (0)      6  : 0.0000 0.9846 0.0000 0.0000 0.0050 0.0007 0.0000 0.0097
225      225   (0)      6  : 0.0000 0.9419 0.0000 0.0000 0.0581 0.0000 0.0000 0.0000
226      226   (0)      6  : 0.0000 0.9568 0.0000 0.0000 0.0126 0.0141 0.0000 0.0165
227      227   (0)      6  : 0.0000 0.9921 0.0000 0.0000 0.0001 0.0000 0.0000 0.0078
228      228   (0)      6  : 0.0000 0.9184 0.0000 0.0000 0.0650 0.0000 0.0000 0.0166
229      229   (0)      6  : 0.0000 1.0000 0.0000 0.0000 0.0000 0.0000 0.0000 0.0000
230      230   (0)      6  : 0.0000 0.9796 0.0000 0.0000 0.0031 0.0073 0.0000 0.0100
231      231   (0)      6  : 0.0000 0.9288 0.0000 0.0000 0.0530 0.0182 0.0000 0.0000
232      232   (0)      6  : 0.0000 0.9532 0.0000 0.0000 0.0344 0.0124 0.0000 0.0000
233      233   (0)      6  : 0.0000 0.9642 0.0000 0.0000 0.0060 0.0141 0.0000 0.0157
234      234   (0)      6  : 0.0000 0.9569 0.0000 0.0000 0.0191 0.0241 0.0000 0.0000
235      235   (0)      6  : 0.0000 0.9360 0.0086 0.0000 0.0409 0.0120 0.0000 0.0025
236      236   (0)      6  : 0.0000 0.9715 0.0000 0.0000 0.0190 0.0095 0.0000 0.0000
237      237   (0)      6  : 0.0000 0.9702 0.0000 0.0000 0.0110 0.0129 0.0000 0.0059
238      238   (0)      6  : 0.0000 0.9792 0.0062 0.0000 0.0060 0.0086 0.0000 0.0000
239      239   (0)      6  : 0.0000 0.9590 0.0082 0.0000 0.0327 0.0000 0.0000 0.0000
240      240   (0)      6  : 0.0000 0.9503 0.0059 0.0000 0.0438 0.0000 0.0000 0.0000
241      241   (0)      6  : 0.0000 0.9755 0.0000 0.0000 0.0163 0.0082 0.0000 0.0000
242      242   (0)      6  : 0.0000 0.9739 0.0000 0.0000 0.0018 0.0119 0.0000 0.0124
243      243   (0)      6  : 0.0000 0.8917 0.0000 0.0000 0.0743 0.0269 0.0000 0.0071
244      244   (0)      6  : 0.0000 0.9702 0.0000 0.0000 0.0160 0.0138 0.0000 0.0000
245      245   (0)      6  : 0.0000 0.9586 0.0000 0.0000 0.0333 0.0080 0.0000 0.0000
246      246   (0)      6  : 0.0000 0.9894 0.0000 0.0000 0.0043 0.0063 0.0000 0.0000
247      247   (0)      6  : 0.0000 0.9931 0.0000 0.0000 0.0000 0.0000 0.0000 0.0069
248      248   (0)      6  : 0.0000 0.9760 0.0000 0.0000 0.0007 0.0083 0.0000 0.0150
249      249   (0)      7  : 0.0000 0.9920 0.0000 0.0000 0.0000 0.0018 0.0000 0.0062
250      250   (0)      7  : 0.0000 0.9886 0.0000 0.0000 0.0000 0.0114 0.0000 0.0000
251      251   (0)      7  : 0.0000 0.9833 0.0000 0.0000 0.0000 0.0167 0.0000 0.0000
252      252   (0)      7  : 0.0000 0.9922 0.0000 0.0000 0.0037 0.0042 0.0000 0.0000
253      253   (0)      7  : 0.0000 0.9936 0.0000 0.0000 0.0052 0.0004 0.0000 0.0008
254      254   (0)      7  : 0.0000 0.9578 0.0000 0.0000 0.0422 0.0000 0.0000 0.0000
255      255   (0)      7  : 0.0000 0.9748 0.0000 0.0000 0.0106 0.0146 0.0000 0.0001
256      256   (0)      7  : 0.0000 0.9952 0.0000 0.0000 0.0000 0.0034 0.0000 0.0014
257      257   (0)      7  : 0.0000 0.9922 0.0000 0.0000 0.0000 0.0078 0.0000 0.0000
258      258   (0)      7  : 0.0000 0.9801 0.0001 0.0000 0.0104 0.0007 0.0000 0.0086
259      259   (0)      7  : 0.0000 0.9855 0.0000 0.0000 0.0000 0.0002 0.0000 0.0144
260      260   (0)      7  : 0.0000 0.9991 0.0000 0.0000 0.0000 0.0000 0.0000 0.0009
261      261   (0)      7  : 0.0000 0.9716 0.0000 0.0000 0.0164 0.0104 0.0000 0.0016
262      262   (0)      7  : 0.0000 0.9901 0.0000 0.0000 0.0099 0.0000 0.0000 0.0000
263      263   (0)      7  : 0.0000 0.9597 0.0000 0.0000 0.0310 0.0093 0.0000 0.0000
264      264   (0)      7  : 0.0000 0.9684 0.0003 0.0000 0.0223 0.0089 0.0000 0.0000
265      265   (0)      7  : 0.0000 0.9968 0.0023 0.0000 0.0000 0.0001 0.0000 0.0008
266      266   (0)      7  : 0.0000 0.9535 0.0000 0.0000 0.0163 0.0133 0.0000 0.0169
267      267   (0)      7  : 0.0000 0.9220 0.0058 0.0000 0.0464 0.0257 0.0000 0.0000
268      268   (0)      7  : 0.0000 0.9899 0.0000 0.0000 0.0010 0.0091 0.0000 0.0000
269      269   (0)      7  : 0.0000 0.9474 0.0000 0.0000 0.0347 0.0157 0.0000 0.0022
270      270   (0)      7  : 0.0000 0.9540 0.0000 0.0000 0.0460 0.0000 0.0000 0.0000
271      271   (0)      7  : 0.0000 0.9902 0.0000 0.0000 0.0000 0.0056 0.0000 0.0042
272      272   (0)      7  : 0.0000 0.9781 0.0000 0.0000 0.0079 0.0140 0.0000 0.0000
273      273   (0)      7  : 0.0000 0.9730 0.0000 0.0000 0.0119 0.0000 0.0000 0.0151
274      274   (0)      7  : 0.0000 0.9458 0.0000 0.0000 0.0292 0.0127 0.0000 0.0123
275      275   (0)      7  : 0.0000 0.9574 0.0088 0.0014 0.0124 0.0109 0.0072 0.0020
276      276   (0)      7  : 0.0000 0.9820 0.0000 0.0000 0.0124 0.0056 0.0000 0.0000
277      277   (0)      7  : 0.0000 0.9835 0.0000 0.0000 0.0006 0.0094 0.0000 0.0065
278      278   (0)      7  : 0.0000 0.9727 0.0000 0.0000 0.0142 0.0131 0.0000 0.0000
279      279   (0)      8  : 0.0000 0.9942 0.0000 0.0000 0.0000 0.0000 0.0000 0.0058
280      280   (0)      8  : 0.0000 0.9772 0.0000 0.0000 0.0076 0.0109 0.0000 0.0044
281      281   (0)      8  : 0.0000 0.9735 0.0000 0.0000 0.0000 0.0002 0.0000 0.0263
282      282   (0)      8  : 0.0000 0.9769 0.0003 0.0000 0.0012 0.0091 0.0000 0.0126
283      283   (0)      8  : 0.0000 0.9450 0.0060 0.0000 0.0195 0.0175 0.0000 0.0120
284      284   (0)      8  : 0.0000 1.0000 0.0000 0.0000 0.0000 0.0000 0.0000 0.0000
285      285   (0)      8  : 0.0000 0.9803 0.0000 0.0000 0.0037 0.0103 0.0000 0.0057
286      286   (0)      8  : 0.0000 0.9746 0.0000 0.0000 0.0061 0.0193 0.0000 0.0000
287      287   (0)      8  : 0.0000 0.9841 0.0000 0.0000 0.0000 0.0159 0.0000 0.0000
288      288   (0)      8  : 0.0000 0.9233 0.0000 0.0000 0.0370 0.0396 0.0000 0.0000
289      289   (0)      8  : 0.0000 0.9460 0.0097 0.0000 0.0268 0.0145 0.0000 0.0030
290      290   (0)      5  : 0.0000 0.9635 0.0041 0.0000 0.0185 0.0140 0.0000 0.0000
291      291   (0)      5  : 0.0000 0.9926 0.0000 0.0000 0.0000 0.0074 0.0000 0.0000
292      292   (0)      5  : 0.0000 0.9553 0.0000 0.0000 0.0000 0.0347 0.0000 0.0099
293      293   (0)      5  : 0.0000 0.9462 0.0000 0.0000 0.0109 0.0157 0.0000 0.0272
294      294   (0)      5  : 0.0000 0.9668 0.0000 0.0000 0.0332 0.0000 0.0000 0.0000
295      295   (0)      5  : 0.0000 0.9864 0.0016 0.0000 0.0035 0.0085 0.0000 0.0000
296      296   (0)      5  : 0.0000 0.9294 0.0078 0.0000 0.0369 0.0215 0.0000 0.0043
297      297   (0)      5  : 0.0000 0.9156 0.0190 0.0000 0.0430 0.0224 0.0000 0.0000
298      298   (0)      5  : 0.0000 0.9972 0.0000 0.0000 0.0000 0.0000 0.0000 0.0028
299      299   (0)      5  : 0.0000 0.9651 0.0000 0.0000 0.0100 0.0249 0.0000 0.0000
300      300   (0)      5  : 0.0000 0.9709 0.0000 0.0000 0.0145 0.0146 0.0000 0.0000
301      301   (0)      5  : 0.0000 0.9729 0.0000 0.0000 0.0190 0.0081 0.0000 0.0000
302      302   (0)      5  : 0.0000 0.9867 0.0000 0.0000 0.0054 0.0078 0.0000 0.0000
303      303   (0)      5  : 0.0000 0.9975 0.0000 0.0000 0.0025 0.0000 0.0000 0.0000
304      304   (0)      5  : 0.0000 0.9754 0.0000 0.0000 0.0140 0.0105 0.0000 0.0001
305      305   (0)      5  : 0.0000 0.9657 0.0022 0.0000 0.0045 0.0154 0.0000 0.0123
306      306   (0)      5  : 0.0000 0.9839 0.0000 0.0000 0.0000 0.0161 0.0000 0.0000
307      307   (0)      5  : 0.0000 0.9122 0.0000 0.0000 0.0471 0.0407 0.0000 0.0000
308      308   (0)      5  : 0.0000 0.9318 0.0000 0.0000 0.0349 0.0220 0.0000 0.0112
309      309   (0)      5  : 0.0000 0.9710 0.0000 0.0000 0.0075 0.0129 0.0000 0.0085
310      310   (0)      5  : 0.0000 0.9580 0.0000 0.0000 0.0278 0.0142 0.0000 0.0000
311      311   (0)      5  : 0.0000 0.9621 0.0000 0.0000 0.0109 0.0059 0.0000 0.0211
312      312   (0)      5  : 0.0000 0.9410 0.0000 0.0000 0.0194 0.0184 0.0000 0.0212
313      313   (0)      5  : 0.0000 0.9672 0.0000 0.0000 0.0188 0.0141 0.0000 0.0000
314      314   (0)      5  : 0.0000 0.9571 0.0000 0.0000 0.0304 0.0125 0.0000 0.0000
315      315   (0)      5  : 0.0000 0.9727 0.0000 0.0000 0.0017 0.0111 0.0000 0.0145
316      316   (0)      5  : 0.0000 0.9777 0.0000 0.0000 0.0150 0.0000 0.0000 0.0073
317      317   (0)      5  : 0.0000 0.9808 0.0000 0.0000 0.0059 0.0133 0.0000 0.0000
318      318   (0)      8  : 0.0000 0.9943 0.0038 0.0000 0.0000 0.0019 0.0000 0.0000
319      319   (0)      8  : 0.0000 0.9939 0.0000 0.0000 0.0000 0.0000 0.0000 0.0061
320      320   (0)      9  : 0.0000 0.9781 0.0000 0.0000 0.0066 0.0112 0.0000 0.0042
321      321   (0)      9  : 0.0000 0.9564 0.0114 0.0000 0.0000 0.0178 0.0000 0.0145
322      322   (0)      9  : 0.0000 0.9873 0.0000 0.0000 0.0056 0.0071 0.0000 0.0000
323      323   (0)      9  : 0.0000 0.9724 0.0000 0.0000 0.0276 0.0000 0.0000 0.0000
324      324   (0)      9  : 0.0000 0.9932 0.0000 0.0000 0.0068 0.0000 0.0000 0.0000
325      325   (0)      8  : 0.0000 0.9867 0.0021 0.0000 0.0112 0.0000 0.0000 0.0000
326      326   (0)      8  : 0.0000 0.9916 0.0000 0.0000 0.0084 0.0000 0.0000 0.0000
327      327   (0)      8  : 0.0000 0.9990 0.0000 0.0000 0.0000 0.0002 0.0000 0.0008
328      328   (0)      8  : 0.0000 0.9960 0.0000 0.0000 0.0016 0.0024 0.0000 0.0000
329      329   (0)      8  : 0.0000 1.0000 0.0000 0.0000 0.0000 0.0000 0.0000 0.0000
330      330   (0)      9  : 0.0000 0.9499 0.0000 0.0000 0.0212 0.0276 0.0000 0.0013
331      331   (0)      9  : 0.0000 0.9956 0.0000 0.0000 0.0044 0.0000 0.0000 0.0000
332      332   (0)      9  : 0.0000 0.9821 0.0000 0.0000 0.0000 0.0071 0.0000 0.0109
333      333   (0)      9  : 0.0000 0.9958 0.0000 0.0000 0.0000 0.0039 0.0000 0.0004
334      334   (0)      9  : 0.0000 0.9883 0.0000 0.0000 0.0000 0.0000 0.0000 0.0117
335      335   (0)      9  : 0.0000 0.9756 0.0000 0.0000 0.0048 0.0135 0.0000 0.0061
336      336   (0)      8  : 0.0000 0.9902 0.0000 0.0000 0.0000 0.0000 0.0000 0.0098
337      337   (0)      8  : 0.0000 0.9740 0.0000 0.0000 0.0000 0.0103 0.0000 0.0156
338      338   (0)      8  : 0.0000 0.9791 0.0010 0.0000 0.0086 0.0082 0.0000 0.0030
339      339   (0)      8  : 0.0000 0.9848 0.0000 0.0000 0.0000 0.0008 0.0000 0.0144
340      340   (0)      8  : 0.0000 0.9880 0.0000 0.0000 0.0058 0.0062 0.0000 0.0000
341      341   (0)      8  : 0.0000 0.9111 0.0008 0.0000 0.0586 0.0248 0.0000 0.0047
342      342   (0)      8  : 0.0000 0.9978 0.0000 0.0000 0.0000 0.0011 0.0000 0.0011
343      343   (0)      9  : 0.0000 0.9900 0.0000 0.0000 0.0000 0.0000 0.0000 0.0100
344      344   (0)      9  : 0.0000 1.0000 0.0000 0.0000 0.0000 0.0000 0.0000 0.0000
345      345   (0)      9  : 0.0000 0.9996 0.0000 0.0000 0.0000 0.0000 0.0000 0.0004
346      346   (0)      9  : 0.0000 0.9619 0.0000 0.0000 0.0190 0.0191 0.0000 0.0000
347      347   (0)      9  : 0.0000 0.9533 0.0000 0.0000 0.0318 0.0150 0.0000 0.0000
348      348   (0)      9  : 0.0000 0.9532 0.0000 0.0000 0.0135 0.0028 0.0000 0.0305
349      349   (0)      9  : 0.0000 0.9024 0.0000 0.0019 0.0451 0.0249 0.0029 0.0227
350      350   (0)      9  : 0.0000 0.9637 0.0000 0.0000 0.0161 0.0203 0.0000 0.0000
351      351   (0)      9  : 0.0000 0.9416 0.0000 0.0000 0.0584 0.0000 0.0000 0.0000
352      352   (0)      9  : 0.0000 0.9476 0.0000 0.0000 0.0231 0.0293 0.0000 0.0000
353      353   (0)      9  : 0.0000 0.9424 0.0000 0.0000 0.0397 0.0178 0.0000 0.0000
354      354   (0)      9  : 0.0000 0.9985 0.0000 0.0000 0.0000 0.0000 0.0000 0.0015
355      355   (0)      9  : 0.0000 0.9803 0.0000 0.0000 0.0076 0.0000 0.0000 0.0121
356      356   (0)      9  : 0.0000 0.9540 0.0000 0.0000 0.0283 0.0162 0.0000 0.0016
357      357   (0)      9  : 0.0000 0.9749 0.0031 0.0000 0.0075 0.0145 0.0000 0.0000
358      358   (0)      9  : 0.0000 0.9347 0.0000 0.0000 0.0489 0.0164 0.0000 0.0000
359      359   (0)      9  : 0.0000 0.9622 0.0000 0.0000 0.0378 0.0000 0.0000 0.0000
360      360   (0)      9  : 0.0000 0.9945 0.0000 0.0000 0.0026 0.0017 0.0000 0.0013
361      361   (0)      9  : 0.0000 0.9888 0.0000 0.0000 0.0002 0.0081 0.0000 0.0029
362      362   (0)     10  : 0.0000 0.9887 0.0000 0.0000 0.0000 0.0022 0.0000 0.0091
363      363   (0)     10  : 0.0000 0.9750 0.0000 0.0000 0.0000 0.0160 0.0000 0.0090
364      364   (0)     10  : 0.0000 0.9851 0.0000 0.0000 0.0053 0.0097 0.0000 0.0000
365      365   (0)     10  : 0.0000 0.9721 0.0113 0.0000 0.0040 0.0126 0.0000 0.0000
366      366   (0)     10  : 0.0000 0.9785 0.0066 0.0000 0.0066 0.0083 0.0000 0.0000
367      367   (0)     10  : 0.0000 0.9497 0.0000 0.0000 0.0342 0.0161 0.0000 0.0000
368      368   (0)     10  : 0.0000 0.9905 0.0000 0.0000 0.0095 0.0000 0.0000 0.0000
369      369   (0)     10  : 0.0000 0.9872 0.0000 0.0000 0.0064 0.0063 0.0000 0.0000
370      370   (0)     10  : 0.0000 0.9213 0.0044 0.0000 0.0534 0.0209 0.0000 0.0000
371      371   (0)     10  : 0.0000 0.9651 0.0000 0.0000 0.0231 0.0118 0.0000 0.0000
372      372   (0)     10  : 0.0000 0.9757 0.0000 0.0000 0.0061 0.0183 0.0000 0.0000
373      373   (0)     10  : 0.0000 0.9872 0.0000 0.0000 0.0000 0.0128 0.0000 0.0000
374      374   (0)     10  : 0.0000 0.9716 0.0005 0.0000 0.0038 0.0241 0.0000 0.0000
375      375   (0)     10  : 0.0000 0.9893 0.0000 0.0000 0.0004 0.0103 0.0000 0.0000
376      376   (0)     10  : 0.0000 0.9719 0.0000 0.0000 0.0000 0.0000 0.0000 0.0281
377      377   (0)     10  : 0.0000 0.9608 0.0000 0.0000 0.0053 0.0003 0.0000 0.0337
378      378   (0)     10  : 0.0000 0.9613 0.0000 0.0056 0.0000 0.0331 0.0000 0.0000
379      379   (0)     10  : 0.0000 0.9271 0.0002 0.0000 0.0520 0.0207 0.0000 0.0000
380      380   (0)     10  : 0.0000 0.9812 0.0000 0.0000 0.0188 0.0000 0.0000 0.0000
381      381   (0)     10  : 0.0000 0.9614 0.0000 0.0000 0.0227 0.0158 0.0000 0.0000
382      382   (0)     10  : 0.0000 1.0000 0.0000 0.0000 0.0000 0.0000 0.0000 0.0000
383      383   (0)     10  : 0.0000 0.9239 0.0001 0.0000 0.0639 0.0000 0.0000 0.0121
384      384   (0)     10  : 0.0000 0.9915 0.0085 0.0000 0.0000 0.0000 0.0000 0.0000
385      385   (0)     10  : 0.0000 0.9876 0.0000 0.0000 0.0000 0.0110 0.0000 0.0014
386      386   (0)     10  : 0.0000 0.9514 0.0000 0.0000 0.0274 0.0199 0.0000 0.0012
387      387   (0)     10  : 0.0000 0.9751 0.0145 0.0000 0.0031 0.0073 0.0000 0.0000
388      388   (0)     10  : 0.0000 0.9689 0.0000 0.0000 0.0234 0.0078 0.0000 0.0000
389      389   (0)     10  : 0.0000 0.9947 0.0000 0.0000 0.0053 0.0000 0.0000 0.0000
390      390   (0)      8  : 0.0000 0.9344 0.0000 0.0000 0.0465 0.0191 0.0000 0.0000
391      391   (0)      8  : 0.0000 0.9840 0.0105 0.0000 0.0000 0.0045 0.0000 0.0010
392      392   (0)      8  : 0.0000 0.9432 0.0000 0.0000 0.0400 0.0131 0.0000 0.0036
393      393   (0)     11  : 0.0000 0.9724 0.0000 0.0000 0.0276 0.0000 0.0000 0.0000
394      394   (0)     11  : 0.0000 0.9886 0.0000 0.0000 0.0047 0.0054 0.0000 0.0012
395      395   (0)     11  : 0.0196 0.9436 0.0000 0.0000 0.0000 0.0135 0.0008 0.0226
396      396   (0)     11  : 0.0371 0.8932 0.0000 0.0000 0.0532 0.0145 0.0000 0.0019
397      397   (0)     11  : 0.0000 0.9835 0.0100 0.0000 0.0000 0.0006 0.0000 0.0059
398      398   (0)     11  : 0.0000 0.9994 0.0000 0.0000 0.0000 0.0000 0.0000 0.0006
399      399   (0)     11  : 0.0001 0.9953 0.0000 0.0000 0.0011 0.0035 0.0000 0.0000
400      400   (0)     11  : 0.0000 0.9765 0.0083 0.0000 0.0069 0.0083 0.0000 0.0000
401      401   (0)     11  : 0.0150 0.9777 0.0000 0.0000 0.0039 0.0034 0.0000 0.0000
402      402   (0)     11  : 0.0000 1.0000 0.0000 0.0000 0.0000 0.0000 0.0000 0.0000
403      403   (0)     11  : 0.0000 0.9886 0.0000 0.0000 0.0000 0.0000 0.0000 0.0114
404      404   (0)     11  : 0.0000 0.9551 0.0000 0.0000 0.0304 0.0145 0.0000 0.0000
405      405   (0)     11  : 0.0051 0.8574 0.0000 0.0000 0.1027 0.0321 0.0000 0.0026
406      406   (0)     11  : 0.0043 0.9799 0.0000 0.0000 0.0002 0.0079 0.0000 0.0077
407      407   (0)     11  : 0.0000 0.9857 0.0000 0.0000 0.0000 0.0009 0.0000 0.0134
408      408   (0)     11  : 0.0000 0.9671 0.0000 0.0000 0.0075 0.0254 0.0000 0.0000
409      409   (0)     11  : 0.0024 0.9376 0.0057 0.0024 0.0249 0.0202 0.0001 0.0069
410      410   (0)     11  : 0.0000 0.9833 0.0000 0.0000 0.0005 0.0096 0.0015 0.0051
411      411   (0)     11  : 0.0000 0.9912 0.0000 0.0000 0.0027 0.0061 0.0000 0.0000
412      412   (0)     11  : 0.0000 0.9752 0.0000 0.0000 0.0064 0.0086 0.0000 0.0098
413      413   (0)     11  : 0.0000 0.9358 0.0009 0.0000 0.0433 0.0200 0.0000 0.0000
414      414   (0)     11  : 0.0000 0.9984 0.0000 0.0000 0.0004 0.0000 0.0000 0.0012
415      415   (0)     11  : 0.0000 0.9805 0.0000 0.0000 0.0000 0.0000 0.0000 0.0195
416      416   (0)     11  : 0.0000 0.9467 0.0000 0.0000 0.0174 0.0163 0.0000 0.0195
417      417   (0)     11  : 0.0000 0.9915 0.0000 0.0000 0.0023 0.0061 0.0000 0.0000
418      418   (0)     11  : 0.0149 0.9321 0.0000 0.0000 0.0498 0.0032 0.0000 0.0000
419      419   (0)     11  : 0.0000 0.9633 0.0000 0.0000 0.0367 0.0000 0.0000 0.0000
420      420   (0)     11  : 0.0000 0.9867 0.0000 0.0000 0.0071 0.0000 0.0000 0.0062
421      421   (0)     11  : 0.0000 0.9667 0.0048 0.0000 0.0097 0.0052 0.0000 0.0137
422      422   (0)     11  : 0.0000 0.9696 0.0000 0.0000 0.0181 0.0124 0.0000 0.0000
423      423   (0)     12  : 0.9971 0.0000 0.0000 0.0023 0.0000 0.0006 0.0000 0.0000
424      424   (0)     12  : 0.0000 0.1088 0.0000 0.0000 0.7177 0.0977 0.0000 0.0758
425      425   (0)     12  : 0.9782 0.0000 0.0000 0.0000 0.0000 0.0204 0.0014 0.0000
426      426   (0)     12  : 0.0000 0.0097 0.0000 0.0000 0.6250 0.0000 0.0000 0.3653
427      427   (0)     12  : 0.9308 0.0000 0.0000 0.0088 0.0000 0.0495 0.0021 0.0087
428      428   (0)     12  : 0.9044 0.0000 0.0000 0.0097 0.0181 0.0042 0.0532 0.0105
429      429   (0)     12  : 0.0000 0.0000 0.0165 0.0000 0.1502 0.0000 0.0000 0.8333
430      430   (0)     12  : 0.7996 0.0000 0.0000 0.0000 0.0000 0.1667 0.0294 0.0043
431      431   (0)     12  : 0.8471 0.0000 0.0040 0.0197 0.0000 0.1191 0.0091 0.0010
432      432   (0)     12  : 0.0000 0.0196 0.0000 0.0000 0.9616 0.0000 0.0000 0.0188
433      433   (0)     12  : 0.8472 0.0000 0.0000 0.0000 0.0025 0.1355 0.0000 0.0148
434      434   (0)     12  : 0.9014 0.0000 0.0000 0.0000 0.0000 0.0986 0.0000 0.0000
435      435   (0)     12  : 0.7667 0.0000 0.0009 0.0196 0.0034 0.1825 0.0076 0.0193
436      436   (0)     12  : 0.8688 0.0000 0.0044 0.0081 0.0000 0.1060 0.0119 0.0008
437      437   (0)     12  : 0.8019 0.0000 0.0000 0.0000 0.0062 0.1642 0.0000 0.0278
438      438   (0)     12  : 0.8756 0.0000 0.0000 0.0000 0.0000 0.1239 0.0005 0.0000
439      439   (0)     12  : 0.0000 0.0148 0.0000 0.0000 0.8185 0.1667 0.0000 0.0000
440      440   (0)     12  : 0.0000 0.0119 0.0000 0.0000 0.9760 0.0000 0.0000 0.0121
441      441   (0)     12  : 0.8846 0.0000 0.0002 0.0004 0.0000 0.1148 0.0000 0.0000
442      442   (0)     12  : 0.0000 0.0000 0.0066 0.0000 0.4696 0.0719 0.0000 0.4519
443      443   (0)     12  : 0.9183 0.0000 0.0000 0.0016 0.0000 0.0561 0.0237 0.0002
444      444   (0)     12  : 0.8168 0.0000 0.0000 0.0081 0.0000 0.1667 0.0084 0.0000
445      445   (0)     12  : 0.9370 0.0000 0.0000 0.0124 0.0000 0.0327 0.0179 0.0000
446      446   (0)     12  : 1.0000 0.0000 0.0000 0.0000 0.0000 0.0000 0.0000 0.0000
447      447   (0)     12  : 0.8087 0.0000 0.0000 0.0118 0.0000 0.1755 0.0040 0.0000
448      448   (0)     12  : 0.9131 0.0000 0.0000 0.0000 0.0000 0.0869 0.0000 0.0000
449      449   (0)     12  : 0.8309 0.0000 0.0000 0.0000 0.0000 0.1667 0.0024 0.0000
450      450   (0)     12  : 0.8909 0.0000 0.0000 0.0000 0.0000 0.1022 0.0069 0.0000
451      451   (0)     12  : 0.9377 0.0000 0.0000 0.0178 0.0000 0.0188 0.0257 0.0000
452      452   (0)     12  : 0.9520 0.0000 0.0000 0.0053 0.0000 0.0140 0.0192 0.0096
453      453   (0)     13  : 0.9459 0.0000 0.0000 0.0000 0.0000 0.0541 0.0000 0.0000
454      454   (0)     13  : 0.9080 0.0000 0.0077 0.0001 0.0000 0.0841 0.0000 0.0000
455      455   (0)     13  : 0.9292 0.0000 0.0000 0.0000 0.0000 0.0708 0.0000 0.0000
456      456   (0)     13  : 0.0000 0.0121 0.0000 0.0000 0.9515 0.0001 0.0000 0.0363
457      457   (0)     13  : 0.7787 0.0000 0.0000 0.0102 0.0005 0.1861 0.0245 0.0000
458      458   (0)     13  : 0.9130 0.0000 0.0000 0.0000 0.0000 0.0844 0.0025 0.0000
459      459   (0)     13  : 0.9069 0.0000 0.0000 0.0000 0.0000 0.0931 0.0000 0.0000
460      460   (0)     13  : 0.9543 0.0000 0.0000 0.0000 0.0000 0.0457 0.0000 0.0000
461      461   (0)     13  : 0.9166 0.0000 0.0000 0.0000 0.0000 0.0834 0.0000 0.0000
462      462   (0)     13  : 0.9356 0.0000 0.0017 0.0132 0.0000 0.0282 0.0213 0.0000
463      463   (0)     13  : 0.8859 0.0000 0.0013 0.0164 0.0000 0.0904 0.0061 0.0000
464      464   (0)     13  : 0.0000 0.0000 0.0044 0.8967 0.0000 0.0598 0.0391 0.0000
465      465   (0)     13  : 0.8110 0.0000 0.0036 0.0000 0.0108 0.1697 0.0012 0.0037
466      466   (0)     13  : 0.9453 0.0000 0.0034 0.0000 0.0000 0.0493 0.0021 0.0000
467      467   (0)     13  : 0.9416 0.0000 0.0017 0.0050 0.0000 0.0277 0.0149 0.0092
468      468   (0)     13  : 0.0489 0.0000 0.0000 0.4834 0.0000 0.1955 0.2722 0.0000
469      469   (0)     13  : 0.0000 0.0000 0.0000 0.7256 0.0000 0.0000 0.1993 0.0752
470      470   (0)     13  : 0.8109 0.0000 0.0000 0.0105 0.0000 0.1667 0.0009 0.0110
471      471   (0)     13  : 0.8465 0.0239 0.0000 0.0005 0.0000 0.1106 0.0000 0.0185
472      472   (0)     13  : 0.8709 0.0000 0.0019 0.0019 0.0000 0.1055 0.0198 0.0000
473      473   (0)     13  : 0.0266 0.0745 0.0000 0.0000 0.8803 0.0102 0.0000 0.0083
474      474   (0)     13  : 0.9928 0.0000 0.0008 0.0064 0.0000 0.0000 0.0000 0.0000
475      475   (0)     13  : 0.9197 0.0000 0.0000 0.0000 0.0000 0.0803 0.0000 0.0000
476      476   (0)     13  : 0.0000 0.0004 0.0000 0.0000 0.6374 0.3333 0.0000 0.0289
477      477   (0)     13  : 0.8263 0.0000 0.0000 0.0282 0.0086 0.1275 0.0001 0.0093
478      478   (0)     13  : 0.9294 0.0000 0.0180 0.0000 0.0018 0.0421 0.0000 0.0087
479      479   (0)     13  : 0.9001 0.0000 0.0000 0.0049 0.0000 0.0907 0.0000 0.0042
480      480   (0)     13  : 0.0000 0.0110 0.0000 0.0000 0.8978 0.0000 0.0000 0.0913
481      481   (0)     13  : 0.0722 0.0000 0.0142 0.1863 0.0000 0.1616 0.4701 0.0956
482      482   (0)     13  : 0.9543 0.0000 0.0000 0.0000 0.0000 0.0105 0.0352 0.0000
483      483   (0)     14  : 0.8291 0.0000 0.0000 0.0000 0.0000 0.1709 0.0000 0.0000
484      484   (0)     14  : 0.8902 0.0000 0.0000 0.0000 0.0000 0.1032 0.0066 0.0000
485      485   (0)     15  : 0.8958 0.0000 0.0000 0.0201 0.0000 0.0839 0.0003 0.0000
486      486   (0)     15  : 0.8242 0.0000 0.0000 0.0000 0.0000 0.1667 0.0038 0.0054
487      487   (0)     15  : 0.8059 0.0000 0.0021 0.0000 0.0000 0.1759 0.0161 0.0000
488      488   (0)     15  : 0.8856 0.0000 0.0022 0.0000 0.0000 0.1093 0.0030 0.0000
489      489   (0)     15  : 0.0000 0.0236 0.0000 0.0000 0.8509 0.1255 0.0000 0.0000
490      490   (0)     15  : 0.0000 0.0065 0.0000 0.0000 0.9663 0.0000 0.0000 0.0272
491      491   (0)     15  : 0.9313 0.0000 0.0000 0.0050 0.0000 0.0637 0.0000 0.0000
492      492   (0)     15  : 0.0000 0.0030 0.0000 0.0000 0.8303 0.1667 0.0000 0.0000
493      493   (0)     15  : 0.9352 0.0000 0.0134 0.0270 0.0000 0.0245 0.0000 0.0000
494      494   (0)     15  : 0.8973 0.0000 0.0000 0.0011 0.0000 0.0867 0.0076 0.0073
495      495   (0)     15  : 0.8939 0.0000 0.0048 0.0035 0.0000 0.0944 0.0034 0.0000
496      496   (0)     15  : 0.9238 0.0000 0.0059 0.0000 0.0000 0.0704 0.0000 0.0000
497      497   (0)     15  : 0.9707 0.0000 0.0000 0.0022 0.0000 0.0067 0.0118 0.0085
498      498   (0)     15  : 0.7804 0.0000 0.0000 0.0000 0.0000 0.1667 0.0358 0.0171
499      499   (0)     15  : 0.8107 0.0000 0.0000 0.0139 0.0000 0.1667 0.0087 0.0000
500      500   (0)     15  : 0.8141 0.0000 0.0000 0.0099 0.0000 0.1741 0.0020 0.0000
501      501   (0)     15  : 0.8525 0.0000 0.0009 0.0077 0.0023 0.1151 0.0093 0.0122
502      502   (0)     15  : 0.8696 0.0000 0.0000 0.0042 0.0000 0.1122 0.0051 0.0089
503      503   (0)     15  : 0.8238 0.0000 0.0000 0.0000 0.0000 0.1693 0.0001 0.0069
504      504   (0)     15  : 0.8308 0.0000 0.0000 0.0020 0.0000 0.1673 0.0000 0.0000
505      505   (0)     15  : 0.8696 0.0000 0.0011 0.0000 0.0000 0.0958 0.0336 0.0000
506      506   (0)     15  : 0.9841 0.0000 0.0000 0.0080 0.0000 0.0038 0.0041 0.0000
507      507   (0)     15  : 0.8593 0.0000 0.0000 0.0121 0.0000 0.1184 0.0102 0.0000
508      508   (0)     15  : 0.7956 0.0000 0.0000 0.0041 0.0062 0.1667 0.0193 0.0081
509      509   (0)     15  : 0.0000 0.0084 0.0007 0.0000 0.9909 0.0000 0.0000 0.0000
510      510   (0)     15  : 0.0000 0.0159 0.0006 0.0000 0.8894 0.0941 0.0000 0.0000
511      511   (0)     15  : 0.7753 0.0129 0.0070 0.0204 0.0081 0.1736 0.0028 0.0000
512      512   (0)     15  : 0.9983 0.0000 0.0000 0.0000 0.0000 0.0015 0.0002 0.0000
513      513   (0)     15  : 0.8904 0.0000 0.0000 0.0107 0.0000 0.0775 0.0214 0.0000
514      514   (0)     15  : 0.8590 0.0000 0.0000 0.0131 0.0007 0.1094 0.0178 0.0000
515      515   (0)     16  : 0.0196 0.0000 0.0000 0.6195 0.0000 0.1104 0.2505 0.0000
516      516   (0)     16  : 0.8916 0.0000 0.0040 0.0264 0.0000 0.0767 0.0013 0.0000
517      517   (0)     16  : 0.0000 0.0307 0.0000 0.0000 0.7357 0.1667 0.0000 0.0670
518      518   (0)     16  : 0.8848 0.0000 0.0122 0.0153 0.0015 0.0793 0.0069 0.0000
519      519   (0)     16  : 0.9317 0.0000 0.0000 0.0156 0.0000 0.0482 0.0045 0.0000
520      520   (0)     16  : 0.9342 0.0000 0.0000 0.0184 0.0000 0.0378 0.0096 0.0000
521      521   (0)     16  : 0.9634 0.0000 0.0000 0.0173 0.0000 0.0100 0.0092 0.0001
522      522   (0)     16  : 0.0000 0.0000 0.0093 0.0000 0.1574 0.0000 0.0000 0.8333
523      523   (0)     16  : 0.9720 0.0000 0.0000 0.0213 0.0000 0.0000 0.0067 0.0000
524      524   (0)     16  : 0.0000 0.0344 0.0000 0.0000 0.8143 0.0781 0.0000 0.0732
525      525   (0)     16  : 0.9135 0.0000 0.0000 0.0075 0.0000 0.0700 0.0090 0.0000
526      526   (0)     16  : 0.9746 0.0000 0.0014 0.0165 0.0000 0.0043 0.0032 0.0000
527      527   (0)     16  : 0.0000 0.0105 0.0000 0.0000 0.8988 0.0000 0.0000 0.0907
528      528   (0)     16  : 0.7797 0.0000 0.0000 0.0446 0.0000 0.1588 0.0169 0.0000
529      529   (0)     16  : 0.9655 0.0000 0.0000 0.0000 0.0000 0.0000 0.0345 0.0000
530      530   (0)     16  : 0.9263 0.0000 0.0000 0.0325 0.0000 0.0136 0.0116 0.0160
531      531   (0)     16  : 1.0000 0.0000 0.0000 0.0000 0.0000 0.0000 0.0000 0.0000
532      532   (0)     16  : 0.0000 0.0000 0.0101 0.0000 0.1566 0.0000 0.0000 0.8333
533      533   (0)     16  : 0.0000 0.0000 0.0130 0.0000 0.1537 0.0000 0.0000 0.8333
534      534   (0)     16  : 0.9796 0.0000 0.0000 0.0204 0.0000 0.0000 0.0000 0.0000
535      535   (0)     16  : 0.9822 0.0000 0.0000 0.0075 0.0000 0.0071 0.0031 0.0000
536      536   (0)     16  : 0.9695 0.0000 0.0000 0.0042 0.0000 0.0000 0.0263 0.0000
537      537   (0)     16  : 0.9808 0.0000 0.0000 0.0078 0.0011 0.0071 0.0033 0.0000
538      538   (0)     16  : 0.9552 0.0000 0.0000 0.0000 0.0000 0.0396 0.0052 0.0000
539      539   (0)     16  : 0.9656 0.0000 0.0000 0.0055 0.0000 0.0000 0.0289 0.0000
540      540   (0)     16  : 0.9436 0.0000 0.0000 0.0087 0.0000 0.0413 0.0065 0.0000
541      541   (0)     16  : 0.0000 0.0000 0.9484 0.0000 0.0000 0.0516 0.0000 0.0000
542      542   (0)     16  : 0.9262 0.0000 0.0000 0.0034 0.0000 0.0467 0.0236 0.0000
543      543   (0)     16  : 1.0000 0.0000 0.0000 0.0000 0.0000 0.0000 0.0000 0.0000
544      544   (0)     16  : 1.0000 0.0000 0.0000 0.0000 0.0000 0.0000 0.0000 0.0000
