1        1   (0)      1  : 0.0401 0.0000 0.0000 0.9599 0.0000 0.0000 0.0000 0.0000 0.0000
2        2   (0)      1  : 0.7257 0.0000 0.0000 0.0232 0.0000 0.0000 0.0000 0.2511 0.0000
3        3   (0)      1  : 1.0000 0.0000 0.0000 0.0000 0.0000 0.0000 0.0000 0.0000 0.0000
4        4   (0)      1  : 0.0240 0.0000 0.0148 0.6304 0.0000 0.0000 0.0000 0.0000 0.3308
5        5   (0)      1  : 0.0000 0.0000 0.0037 0.8586 0.0000 0.0000 0.0000 0.0255 0.1121
6        6   (0)      1  : 0.0000 0.0000 0.0000 0.9816 0.0000 0.0000 0.0000 0.0184 0.0000
7        7   (0)      1  : 1.0000 0.0000 0.0000 0.0000 0.0000 0.0000 0.0000 0.0000 0.0000
8        8   (0)      1  : 1.0000 0.0000 0.0000 0.0000 0.0000 0.0000 0.0000 0.0000 0.0000
9        9   (0)      1  : 0.0246 0.0000 0.0000 0.6577 0.0000 0.0000 0.0000 0.0000 0.3177
10       10   (0)      1  : 0.5317 0.0000 0.0000 0.0000 0.0000 0.0000 0.0000 0.4563 0.0120
11       11   (0)      1  : 0.0000 0.0000 0.0000 0.5140 0.0000 0.0000 0.0000 0.0000 0.4860
12       12   (0)      1  : 0.0000 0.0000 0.0000 0.6540 0.0000 0.0000 0.0000 0.0102 0.3359
13       13   (0)      1  : 0.0000 0.0000 0.0000 0.7244 0.0000 0.0000 0.0000 0.0000 0.2756
14       14   (0)      1  : 0.0000 0.0000 0.0048 0.7722 0.0104 0.0000 0.0000 0.0014 0.2113
15       15   (0)      1  : 0.0000 0.0000 0.0038 0.6707 0.0000 0.0000 0.0000 0.0000 0.3255
16       16   (0)      1  : 0.0667 0.0000 0.0000 0.5956 0.0076 0.0000 0.0000 0.0000 0.3302
17       17   (0)      1  : 0.0000 0.0000 0.0000 0.9862 0.0000 0.0000 0.0000 0.0138 0.0000
18       18   (0)      1  : 0.0000 0.0000 0.0000 0.6173 0.0000 0.0000 0.0000 0.0000 0.3827
19       19   (0)      1  : 0.0000 0.0000 0.0000 0.6859 0.0152 0.0000 0.0000 0.0000 0.2989
20       20   (0)      1  : 0.0000 0.0000 0.0000 0.6248 0.0000 0.0000 0.0000 0.0000 0.3752
21       21   (0)      1  : 0.0000 0.0000 0.0000 0.6220 0.0000 0.0000 0.0000 0.0000 0.3780
22       22   (0)      1  : 0.6624 0.0000 0.0000 0.0000 0.0000 0.0000 0.0000 0.3047 0.0329
23       23   (0)      1  : 0.0000 0.0000 0.0000 0.7243 0.0000 0.0000 0.0000 0.0000 0.2757
24       24   (0)      1  : 0.0000 0.0000 0.0000 0.0000 0.0000 0.0000 0.0000 0.0000 1.0000
25       25   (0)      1  : 0.0266 0.0000 0.0000 0.7350 0.0000 0.0000 0.0000 0.0000 0.2384
26       26   (0)      1  : 0.0000 0.0000 0.0000 1.0000 0.0000 0.0000 0.0000 0.0000 0.0000
27       27   (0)      1  : 0.0000 0.2446 0.0000 0.0000 0.7554 0.0000 0.0000 0.0000 0.0000
28       28   (0)      1  : 0.0000 0.1138 0.0000 0.0000 0.8862 0.0000 0.0000 0.0000 0.0000
29       29   (0)      1  : 0.0139 0.0000 0.0080 0.5257 0.0000 0.0000 0.0000 0.0000 0.4524
30       30   (0)      1  : 0.0000 0.0000 0.0000 1.0000 0.0000 0.0000 0.0000 0.0000 0.0000
31       31   (0)      1  : 0.0421 0.0000 0.0000 0.4872 0.0000 0.0000 0.0000 0.0000 0.4707
32       32   (0)      1  : 0.0000 0.0000 0.0000 0.0000 0.0000 0.0000 0.0000 1.0000 0.0000
33       33   (0)      1  : 0.0000 0.0210 0.0000 0.0000 0.3835 0.0000 0.0000 0.1716 0.4239
34       34   (0)      1  : 0.0202 0.0000 0.0000 0.9798 0.0000 0.0000 0.0000 0.0000 0.0000
35       35   (0)      1  : 0.0000 0.0000 1.0000 0.0000 0.0000 0.0000 0.0000 0.0000 0.0000
36       36   (0)      1  : 0.0000 0.0000 1.0000 0.0000 0.0000 0.0000 0.0000 0.0000 0.0000
37       37   (0)      1  : 0.0000 0.0000 1.0000 0.0000 0.0000 0.0000 0.0000 0.0000 0.0000
38       38   (0)      1  : 0.0000 0.1298 0.0000 0.0000 0.8702 0.0000 0.0000 0.0000 0.0000
39       39   (0)      1  : 0.0000 0.0000 0.0000 0.0000 0.8280 0.0000 0.1720 0.0000 0.0000
40       40   (0)      1  : 0.0000 0.0000 0.0000 0.6223 0.0000 0.0000 0.0000 0.0000 0.3777
41       41   (0)      1  : 1.0000 0.0000 0.0000 0.0000 0.0000 0.0000 0.0000 0.0000 0.0000
42       42   (0)      1  : 0.0000 0.1268 0.0000 0.0000 0.8732 0.0000 0.0000 0.0000 0.0000
43       43   (0)      1  : 0.0241 0.0000 0.0183 0.6407 0.0000 0.0000 0.0000 0.0000 0.3168
44       44   (0)      1  : 0.8544 0.0000 0.0000 0.0000 0.0000 0.0000 0.0000 0.1456 0.0000
45       45   (0)      1  : 0.0000 0.1346 0.0000 0.0000 0.8654 0.0000 0.0000 0.0000 0.0000
46       46   (0)      1  : 0.0000 0.0177 0.0000 0.8220 0.0000 0.0000 0.0000 0.0000 0.1603
47       47   (0)      1  : 0.0000 0.1972 0.0000 0.0000 0.8028 0.0000 0.0000 0.0000 0.0000
48       48   (0)      1  : 0.6732 0.0000 0.0000 0.0000 0.0000 0.0000 0.0000 0.2988 0.0280
49       49   (0)      1  : 0.6924 0.0000 0.0000 0.0000 0.0000 0.0000 0.0000 0.3076 0.0000
50       50   (0)      1  : 0.0000 0.0000 0.0000 0.0000 0.8458 0.1542 0.0000 0.0000 0.0000
51       51   (0)      1  : 0.0000 0.1560 0.0000 0.0000 0.8440 0.0000 0.0000 0.0000 0.0000
52       52   (0)      1  : 0.6025 0.0000 0.0000 0.0692 0.0000 0.0000 0.0000 0.3283 0.0000
53       53   (0)      1  : 0.7012 0.0000 0.0000 0.0330 0.0000 0.0000 0.0000 0.2658 0.0000
54       54   (0)      1  : 0.6472 0.0000 0.0000 0.0063 0.0000 0.0000 0.0000 0.3292 0.0173
55       55   (0)      1  : 0.0000 0.1566 0.0000 0.0000 0.8434 0.0000 0.0000 0.0000 0.0000
56       56   (0)      2  : 0.0289 0.0000 0.0000 0.8081 0.0000 0.0000 0.0000 0.0000 0.1631
57       57   (0)      2  : 0.0000 0.0000 0.0302 0.7598 0.0000 0.0000 0.0000 0.0000 0.2100
58       58   (0)      2  : 0.0000 0.0000 0.0000 0.4590 0.0000 0.0000 0.0000 0.0000 0.5410
59       59   (0)      2  : 0.0000 0.0000 0.0000 0.3885 0.0000 0.0000 0.0000 0.0000 0.6115
60       60   (0)      2  : 0.4821 0.0000 0.0000 0.0280 0.0000 0.0000 0.0000 0.4899 0.0000
61       61   (0)      2  : 0.0000 0.0000 0.0069 0.9931 0.0000 0.0000 0.0000 0.0000 0.0000
62       62   (0)      2  : 0.0000 0.0000 1.0000 0.0000 0.0000 0.0000 0.0000 0.0000 0.0000
63       63   (0)      2  : 0.0261 0.0000 0.0000 0.6828 0.0000 0.0000 0.0000 0.0000 0.2911
64       64   (0)      2  : 0.0000 0.0000 1.0000 0.0000 0.0000 0.0000 0.0000 0.0000 0.0000
65       65   (0)      2  : 0.0584 0.0000 0.0000 0.9416 0.0000 0.0000 0.0000 0.0000 0.0000
66       66   (0)      2  : 0.0000 0.0000 1.0000 0.0000 0.0000 0.0000 0.0000 0.0000 0.0000
67       67   (0)      2  : 0.0000 0.0000 0.0074 0.7446 0.0000 0.0000 0.0000 0.0000 0.2480
68       68   (0)      2  : 0.0232 0.0000 0.0000 0.9768 0.0000 0.0000 0.0000 0.0000 0.0000
69       69   (0)      2  : 0.7629 0.0000 0.0000 0.0000 0.0000 0.0000 0.0000 0.2371 0.0000
70       70   (0)      2  : 0.0000 0.0000 0.0000 0.6171 0.0000 0.0000 0.0000 0.0000 0.3829
71       71   (0)      2  : 0.0000 0.0000 1.0000 0.0000 0.0000 0.0000 0.0000 0.0000 0.0000
72       72   (0)      2  : 0.0000 0.0000 1.0000 0.0000 0.0000 0.0000 0.0000 0.0000 0.0000
73       73   (0)      2  : 0.0000 0.0000 0.0000 0.0000 0.0000 0.0000 0.0000 0.0000 1.0000
74       74   (0)      2  : 0.5334 0.0000 0.0054 0.0058 0.0000 0.0000 0.0000 0.4554 0.0000
75       75   (0)      2  : 0.0000 0.0000 0.0000 0.0000 0.8004 0.1996 0.0000 0.0000 0.0000
76       76   (0)      2  : 0.5256 0.0000 0.0000 0.0000 0.0000 0.0000 0.0000 0.4674 0.0071
77       77   (0)      2  : 0.0000 0.0000 0.0000 0.6399 0.0000 0.0000 0.0000 0.0707 0.2893
78       78   (0)      2  : 0.0000 0.0000 1.0000 0.0000 0.0000 0.0000 0.0000 0.0000 0.0000
79       79   (0)      2  : 0.0000 0.1054 0.0000 0.0000 0.8946 0.0000 0.0000 0.0000 0.0000
80       80   (0)      2  : 0.0000 0.0000 1.0000 0.0000 0.0000 0.0000 0.0000 0.0000 0.0000
81       81   (0)      2  : 0.0104 0.0000 0.0105 0.4869 0.0000 0.0000 0.0000 0.0000 0.4921
82       82   (0)      2  : 1.0000 0.0000 0.0000 0.0000 0.0000 0.0000 0.0000 0.0000 0.0000
83       83   (0)      2  : 0.0001 0.0000 0.0000 0.0000 0.0000 0.0000 0.0000 0.9999 0.0000
84       84   (0)      2  : 0.1837 0.0000 0.0000 0.6699 0.0000 0.0000 0.0000 0.0387 0.1077
85       85   (0)      2  : 0.0003 0.0000 0.0000 0.8308 0.0000 0.0000 0.0000 0.0089 0.1600
86       86   (0)      2  : 0.0355 0.0000 0.0000 0.8438 0.0000 0.0000 0.0000 0.0000 0.1207
87       87   (0)      2  : 0.0343 0.0000 0.0000 0.5871 0.0000 0.0000 0.0000 0.0000 0.3786
88       88   (0)      2  : 0.0000 0.0000 0.0000 0.7371 0.0000 0.0000 0.0000 0.0000 0.2629
89       89   (0)      2  : 0.0000 0.0000 0.0000 0.8633 0.0000 0.0000 0.0000 0.0000 0.1367
90       90   (0)      2  : 0.0000 0.0000 0.0169 0.7409 0.0000 0.0000 0.0000 0.0396 0.2025
91       91   (0)      2  : 0.0000 0.0000 0.0000 0.6274 0.0000 0.0000 0.0000 0.0206 0.3520
92       92   (0)      2  : 0.0333 0.0000 0.0000 0.7071 0.0000 0.0000 0.0000 0.0000 0.2596
93       93   (0)      2  : 0.7911 0.0000 0.0000 0.0000 0.0000 0.0000 0.0000 0.2089 0.0000
94       94   (0)      2  : 0.3679 0.0000 0.0000 0.0000 0.0000 0.0000 0.0000 0.6321 0.0000
95       95   (0)      2  : 0.0000 0.0000 1.0000 0.0000 0.0000 0.0000 0.0000 0.0000 0.0000
96       96   (0)      2  : 0.4059 0.0000 0.0000 0.0065 0.0000 0.0000 0.0000 0.5876 0.0000
97       97   (0)      2  : 0.3908 0.0000 0.0000 0.0000 0.0000 0.0000 0.0000 0.6030 0.0062
98       98   (0)      2  : 0.0467 0.0000 0.0000 0.5164 0.0000 0.0000 0.0000 0.0000 0.4369
99       99   (0)      2  : 0.0000 0.0000 1.0000 0.0000 0.0000 0.0000 0.0000 0.0000 0.0000
100      100   (0)      2  : 0.0000 0.0000 0.0000 0.3779 0.0000 0.0000 0.0000 0.0000 0.6221
101      101   (0)      3  : 0.0080 0.0000 0.0000 0.6059 0.0000 0.0000 0.0000 0.0000 0.3861
102      102   (0)      3  : 0.0084 0.0000 0.0112 0.7374 0.0000 0.0000 0.0000 0.0000 0.2430
103      103   (0)      3  : 0.0077 0.0000 0.0000 0.5386 0.0000 0.0000 0.0000 0.0033 0.4504
104      104   (0)      3  : 0.0000 0.0000 0.0000 0.3416 0.0000 0.0000 0.0000 0.0000 0.6584
105      105   (0)      3  : 0.0406 0.0000 0.0213 0.9380 0.0000 0.0000 0.0000 0.0000 0.0000
106      106   (0)      3  : 0.0000 0.0000 0.0147 0.6958 0.0000 0.0000 0.0000 0.0389 0.2507
107      107   (0)      3  : 0.0000 0.0000 0.0000 1.0000 0.0000 0.0000 0.0000 0.0000 0.0000
108      108   (0)      3  : 0.0192 0.0000 0.0000 0.7233 0.0159 0.0000 0.0000 0.0000 0.2416
109      109   (0)      3  : 0.0000 0.0000 0.0000 0.0000 0.0000 0.0000 0.0000 0.0000 1.0000
110      110   (0)      3  : 0.0000 0.0000 0.0000 1.0000 0.0000 0.0000 0.0000 0.0000 0.0000
111      111   (0)      3  : 0.0000 0.0000 0.0172 0.4786 0.0000 0.0000 0.0000 0.0393 0.4649
112      112   (0)      3  : 0.0000 0.0000 0.0000 1.0000 0.0000 0.0000 0.0000 0.0000 0.0000
113      113   (0)      3  : 0.0009 0.0000 0.0042 0.6156 0.0000 0.0000 0.0000 0.0000 0.3793
114      114   (0)      3  : 0.0342 0.0000 0.0047 0.6312 0.0000 0.0000 0.0000 0.0000 0.3298
115      115   (0)      3  : 0.0045 0.0000 0.0000 0.3914 0.0000 0.0000 0.0000 0.0467 0.5574
116      116   (0)      3  : 0.0000 0.0000 0.0010 0.9737 0.0000 0.0000 0.0000 0.0252 0.0000
117      117   (0)      3  : 0.0438 0.0000 0.0000 0.6161 0.0000 0.0000 0.0000 0.0000 0.3401
118      118   (0)      3  : 0.0000 0.0000 0.0000 0.6838 0.0000 0.0000 0.0000 0.0002 0.3160
119      119   (0)      3  : 0.0401 0.0000 0.0000 0.7175 0.0000 0.0000 0.0000 0.0000 0.2424
120      120   (0)      3  : 0.0000 0.0000 0.0824 0.5161 0.0000 0.0000 0.0000 0.0632 0.3382
121      121   (0)      3  : 0.0087 0.0000 0.0000 0.9913 0.0000 0.0000 0.0000 0.0000 0.0000
122      122   (0)      3  : 0.0095 0.0000 0.0000 0.5192 0.0000 0.0000 0.0000 0.0000 0.4714
123      123   (0)      3  : 0.0000 0.0000 0.0000 0.8156 0.0000 0.0000 0.0000 0.0000 0.1844
124      124   (0)      3  : 0.0000 0.0000 0.0000 0.6208 0.0000 0.0000 0.0000 0.0000 0.3792
125      125   (0)      3  : 0.0000 0.0000 0.0148 0.8780 0.0000 0.0000 0.0000 0.0000 0.1072
126      126   (0)      3  : 0.0000 0.0000 0.0000 0.5042 0.0000 0.0000 0.0000 0.0341 0.4617
127      127   (0)      3  : 0.0556 0.0000 0.0000 0.5777 0.0000 0.0000 0.0000 0.0000 0.3667
128      128   (0)      3  : 0.0000 0.0000 0.0000 0.6182 0.0000 0.0000 0.0000 0.0000 0.3818
129      129   (0)      3  : 0.0000 0.0000 0.0000 0.7496 0.0000 0.0000 0.0000 0.0735 0.1769
130      130   (0)      3  : 0.6694 0.0000 0.0000 0.0148 0.0000 0.0000 0.0000 0.3159 0.0000
131      131   (0)      3  : 0.4227 0.0000 0.0000 0.0578 0.0000 0.0000 0.0000 0.5194 0.0000
132      132   (0)      3  : 0.0000 0.0000 1.0000 0.0000 0.0000 0.0000 0.0000 0.0000 0.0000
133      133   (0)      3  : 0.0000 0.1508 0.0000 0.0000 0.8491 0.0000 0.0001 0.0000 0.0000
134      134   (0)      3  : 0.8535 0.0000 0.0000 0.0000 0.0256 0.0000 0.0000 0.0000 0.1209
135      135   (0)      3  : 0.0000 0.0000 0.0239 0.7152 0.0000 0.0000 0.0000 0.0098 0.2510
136      136   (0)      3  : 0.0000 0.0000 0.0000 0.9525 0.0000 0.0000 0.0000 0.0475 0.0000
137      137   (0)      3  : 0.5257 0.0000 0.0000 0.0000 0.0000 0.0000 0.0000 0.4743 0.0000
138      138   (0)      3  : 0.0000 0.0000 0.0000 0.6360 0.0000 0.0000 0.0000 0.0180 0.3460
139      139   (0)      3  : 0.0000 0.0000 0.0000 0.5626 0.0000 0.0000 0.0000 0.0000 0.4374
140      140   (0)      3  : 0.0000 0.0000 0.0000 0.9931 0.0000 0.0000 0.0000 0.0069 0.0000
141      141   (0)      3  : 0.0000 0.0000 1.0000 0.0000 0.0000 0.0000 0.0000 0.0000 0.0000
142      142   (0)      3  : 0.0000 0.0000 1.0000 0.0000 0.0000 0.0000 0.0000 0.0000 0.0000
143      143   (0)      3  : 0.0000 0.0000 1.0000 0.0000 0.0000 0.0000 0.0000 0.0000 0.0000
144      144   (0)      3  : 0.0000 0.0000 1.0000 0.0000 0.0000 0.0000 0.0000 0.0000 0.0000
145      145   (0)      3  : 0.0000 0.0000 1.0000 0.0000 0.0000 0.0000 0.0000 0.0000 0.0000
146      146   (0)      3  : 0.6278 0.0000 0.0000 0.0365 0.0000 0.0000 0.0000 0.3357 0.0000
147      147   (0)      3  : 0.0000 0.0000 0.0000 0.5532 0.0000 0.0000 0.0000 0.0000 0.4468
148      148   (0)      3  : 0.0000 0.0000 1.0000 0.0000 0.0000 0.0000 0.0000 0.0000 0.0000
149      149   (0)      3  : 0.0000 0.0000 1.0000 0.0000 0.0000 0.0000 0.0000 0.0000 0.0000
150      150   (0)      3  : 0.0000 0.1275 0.0000 0.0000 0.8725 0.0000 0.0000 0.0000 0.0000
151      151   (0)      3  : 0.0000 0.1427 0.0000 0.0000 0.8573 0.0000 0.0000 0.0000 0.0000
152      152   (0)      3  : 0.0000 0.0000 0.0000 1.0000 0.0000 0.0000 0.0000 0.0000 0.0000
153      153   (0)      3  : 0.0000 0.0000 1.0000 0.0000 0.0000 0.0000 0.0000 0.0000 0.0000
154      154   (0)      3  : 0.0000 0.0000 0.0000 0.0000 0.0000 0.0000 0.0000 0.0000 1.0000
155      155   (0)      3  : 0.0000 0.0000 0.0000 1.0000 0.0000 0.0000 0.0000 0.0000 0.0000
156      156   (0)      3  : 0.3591 0.0000 0.0000 0.0600 0.0000 0.0000 0.0000 0.5810 0.0000
157      157   (0)      3  : 0.0000 0.0000 0.0000 0.5191 0.0000 0.0000 0.0000 0.0000 0.4809
158      158   (0)      3  : 0.5731 0.0000 0.0000 0.0000 0.0000 0.0000 0.0000 0.4269 0.0000
159      159   (0)      3  : 0.0000 0.0000 0.0000 0.7044 0.0154 0.0000 0.0000 0.0174 0.2627
160      160   (0)      3  : 0.5462 0.0000 0.0000 0.0000 0.0000 0.0000 0.0000 0.4538 0.0000
161      161   (0)      4  : 0.0000 0.0000 0.0000 0.0000 0.0000 0.0000 0.0000 0.0000 1.0000
162      162   (0)      4  : 0.0000 0.0000 0.0000 1.0000 0.0000 0.0000 0.0000 0.0000 0.0000
163      163   (0)      4  : 0.0000 0.0000 1.0000 0.0000 0.0000 0.0000 0.0000 0.0000 0.0000
164      164   (0)      4  : 0.6373 0.0000 0.0000 0.0000 0.0000 0.0000 0.0000 0.3627 0.0000
165      165   (0)      4  : 0.0000 0.0000 1.0000 0.0000 0.0000 0.0000 0.0000 0.0000 0.0000
166      166   (0)      4  : 0.0000 0.0000 1.0000 0.0000 0.0000 0.0000 0.0000 0.0000 0.0000
167      167   (0)      4  : 0.0247 0.0000 0.0000 0.7554 0.0000 0.0000 0.0000 0.0000 0.2199
168      168   (0)      4  : 0.0000 0.0000 0.0000 0.9727 0.0000 0.0000 0.0000 0.0273 0.0000
169      169   (0)      4  : 0.0357 0.0000 0.0000 0.9643 0.0000 0.0000 0.0000 0.0000 0.0000
170      170   (0)      4  : 0.0000 0.0000 0.0000 0.6674 0.0000 0.0000 0.0000 0.0000 0.3326
171      171   (0)      4  : 0.0000 0.0000 0.0000 0.7668 0.0000 0.0000 0.0000 0.0244 0.2088
172      172   (0)      4  : 0.0118 0.0000 0.0000 0.6451 0.0000 0.0000 0.0000 0.0000 0.3431
173      173   (0)      4  : 0.0000 0.0000 0.0000 0.9859 0.0000 0.0000 0.0000 0.0141 0.0000
174      174   (0)      4  : 0.5539 0.0000 0.0000 0.0158 0.0000 0.0000 0.0000 0.4304 0.0000
175      175   (0)      4  : 0.0000 0.0000 0.0000 0.7785 0.0000 0.0000 0.0000 0.0006 0.2208
176      176   (0)      4  : 0.0000 0.0000 1.0000 0.0000 0.0000 0.0000 0.0000 0.0000 0.0000
177      177   (0)      4  : 0.0000 0.0000 0.0000 0.5493 0.0000 0.0000 0.0000 0.0466 0.4041
178      178   (0)      4  : 0.0000 0.0000 1.0000 0.0000 0.0000 0.0000 0.0000 0.0000 0.0000
179      179   (0)      4  : 0.0000 0.0000 1.0000 0.0000 0.0000 0.0000 0.0000 0.0000 0.0000
180      180   (0)      4  : 0.0114 0.0000 0.0176 0.8109 0.0000 0.0000 0.0000 0.0000 0.1601
181      181   (0)      4  : 0.0000 0.0000 0.0000 1.0000 0.0000 0.0000 0.0000 0.0000 0.0000
182      182   (0)      4  : 0.0000 0.0000 0.0000 0.7890 0.0000 0.0000 0.0000 0.0000 0.2110
183      183   (0)      4  : 0.4616 0.0000 0.0000 0.0000 0.0000 0.0000 0.0000 0.5384 0.0000
184      184   (0)      4  : 0.5659 0.0000 0.0000 0.0000 0.0000 0.0000 0.0000 0.4108 0.0233
185      185   (0)      4  : 0.0000 0.0000 1.0000 0.0000 0.0000 0.0000 0.0000 0.0000 0.0000
186      186   (0)      4  : 0.0016 0.0000 0.0000 0.9984 0.0000 0.0000 0.0000 0.0000 0.0000
187      187   (0)      4  : 0.0000 0.0000 0.0000 0.7098 0.0000 0.0000 0.0000 0.0586 0.2316
188      188   (0)      4  : 0.0000 0.0000 1.0000 0.0000 0.0000 0.0000 0.0000 0.0000 0.0000
189      189   (0)      4  : 0.0000 0.0000 0.0000 0.5216 0.0000 0.0000 0.0000 0.0122 0.4662
190      190   (0)      4  : 1.0000 0.0000 0.0000 0.0000 0.0000 0.0000 0.0000 0.0000 0.0000
191      191   (0)      4  : 0.0000 0.0000 0.1257 0.4537 0.0761 0.0066 0.0000 0.1883 0.1495
192      192   (0)      4  : 0.0000 0.0000 0.0000 0.9869 0.0000 0.0000 0.0000 0.0131 0.0000
193      193   (0)      4  : 0.0000 0.0000 0.0094 0.9493 0.0000 0.0000 0.0000 0.0413 0.0000
194      194   (0)      4  : 0.0000 0.0000 0.0132 0.8164 0.0000 0.0000 0.0000 0.0304 0.1400
195      195   (0)      4  : 0.0005 0.0000 0.0000 0.7451 0.0000 0.0000 0.0000 0.0000 0.2544
196      196   (0)      4  : 0.0000 0.0000 0.0000 0.5215 0.0000 0.0000 0.0000 0.0000 0.4785
197      197   (0)      4  : 0.0000 0.0000 0.0000 0.6879 0.0000 0.0000 0.0000 0.0000 0.3121
198      198   (0)      4  : 0.0000 0.0000 0.0000 0.5175 0.0000 0.0000 0.0000 0.0000 0.4825
199      199   (0)      4  : 0.0191 0.0000 0.0059 0.6145 0.0000 0.0000 0.0000 0.0000 0.3605
200      200   (0)      4  : 0.9665 0.0000 0.0000 0.0335 0.0000 0.0000 0.0000 0.0000 0.0000
201      201   (0)      4  : 0.0000 0.0000 0.0000 0.0000 0.0000 0.0000 0.0000 0.0000 1.0000
202      202   (0)      4  : 0.0000 0.0000 0.0046 0.6566 0.0000 0.0000 0.0000 0.0000 0.3388
203      203   (0)      4  : 0.0000 0.0000 0.0114 0.8312 0.0000 0.0000 0.0000 0.0406 0.1168
204      204   (0)      4  : 0.0033 0.0000 0.0158 0.9807 0.0000 0.0000 0.0000 0.0002 0.0000
205      205   (0)      4  : 0.0000 0.0000 0.0000 0.9819 0.0000 0.0000 0.0000 0.0181 0.0000
206      206   (0)      4  : 0.0000 0.0000 0.0000 0.5670 0.0000 0.0000 0.0000 0.0000 0.4330
207      207   (0)      4  : 0.0000 0.0000 0.0000 0.5386 0.0000 0.0000 0.0000 0.0004 0.4610
208      208   (0)      4  : 0.9514 0.0000 0.0000 0.0483 0.0000 0.0000 0.0000 0.0000 0.0003
209      209   (0)      4  : 0.0142 0.0000 0.0000 0.9858 0.0000 0.0000 0.0000 0.0000 0.0000
210      210   (0)      4  : 0.0000 0.0000 0.0000 0.5917 0.0000 0.0000 0.0000 0.0000 0.4083
211      211   (0)      4  : 0.0000 0.0000 0.0000 0.9738 0.0000 0.0000 0.0000 0.0262 0.0000
212      212   (0)      4  : 0.5468 0.0000 0.0000 0.0000 0.0000 0.0000 0.0000 0.4530 0.0002
213      213   (0)      4  : 0.0239 0.0000 0.0000 0.6198 0.0000 0.0039 0.0000 0.0000 0.3523
214      214   (0)      4  : 0.0000 0.0000 0.0116 0.4063 0.0000 0.0000 0.0000 0.0000 0.5821
215      215   (0)      4  : 0.4801 0.0000 0.0000 0.1049 0.0000 0.0000 0.0000 0.0111 0.4038
216      216   (0)      4  : 0.0002 0.0000 0.0000 0.9998 0.0000 0.0000 0.0000 0.0000 0.0000
217      217   (0)      4  : 0.0000 0.0000 1.0000 0.0000 0.0000 0.0000 0.0000 0.0000 0.0000
218      218   (0)      4  : 0.0000 0.0000 0.0032 0.5446 0.0000 0.0000 0.0000 0.0616 0.3906
219      219   (0)      4  : 0.0305 0.0000 0.0000 0.6365 0.0000 0.0000 0.0000 0.0000 0.3330
220      220   (0)      5  : 0.0000 0.0000 0.0003 0.0000 0.0111 0.6898 0.2988 0.0000 0.0000
221      221   (0)      5  : 0.0000 0.4281 0.0000 0.0000 0.0000 0.0000 0.5719 0.0000 0.0000
222      222   (0)      6  : 0.0000 0.0000 0.0000 0.0000 0.0000 0.0000 1.0000 0.0000 0.0000
223      223   (0)      6  : 0.0000 0.4877 0.0000 0.0000 0.0000 0.5123 0.0000 0.0000 0.0000
224      224   (0)      6  : 0.0000 0.5612 0.0000 0.0000 0.0000 0.2494 0.1894 0.0000 0.0000
225      225   (0)      6  : 0.0000 0.1401 0.0000 0.0000 0.0310 0.2228 0.6060 0.0000 0.0000
226      226   (0)      6  : 0.0000 0.7228 0.0000 0.0000 0.0082 0.2689 0.0000 0.0000 0.0000
227      227   (0)      6  : 0.0000 0.3276 0.0000 0.0000 0.0000 0.2821 0.3903 0.0000 0.0000
228      228   (0)      6  : 0.0000 0.3456 0.0000 0.0000 0.0561 0.4888 0.1096 0.0000 0.0000
229      229   (0)      6  : 0.0000 0.0683 0.0000 0.0000 0.0000 0.9317 0.0000 0.0000 0.0000
230      230   (0)      6  : 0.0000 0.1448 0.0000 0.0000 0.0000 0.6441 0.2110 0.0000 0.0000
231      231   (0)      6  : 0.0000 0.3819 0.0000 0.0000 0.0281 0.5900 0.0000 0.0000 0.0000
232      232   (0)      6  : 0.0000 0.5732 0.0000 0.0000 0.0138 0.0002 0.4129 0.0000 0.0000
233      233   (0)      6  : 0.0000 0.7962 0.0000 0.0000 0.0018 0.1995 0.0024 0.0000 0.0000
234      234   (0)      6  : 0.0000 0.2443 0.0000 0.0000 0.0032 0.1922 0.5603 0.0000 0.0000
235      235   (0)      6  : 0.0000 0.4722 0.0105 0.0000 0.0274 0.1550 0.3349 0.0000 0.0000
236      236   (0)      6  : 0.0000 0.5476 0.0000 0.0000 0.0000 0.0000 0.4524 0.0000 0.0000
237      237   (0)      6  : 0.0000 0.0038 0.0000 0.0000 0.0000 0.9454 0.0508 0.0000 0.0000
238      238   (0)      6  : 0.0000 0.0000 0.0000 0.0000 0.0000 1.0000 0.0000 0.0000 0.0000
239      239   (0)      6  : 0.0000 0.5783 0.0038 0.0000 0.0004 0.2592 0.1582 0.0000 0.0000
240      240   (0)      6  : 0.0000 0.1454 0.0000 0.0000 0.0186 0.4837 0.3523 0.0000 0.0000
241      241   (0)      6  : 0.0000 0.4468 0.0000 0.0000 0.0000 0.4761 0.0771 0.0000 0.0000
242      242   (0)      6  : 0.0000 0.0000 0.0000 0.0000 0.0000 0.0000 1.0000 0.0000 0.0000
243      243   (0)      6  : 0.0000 0.5500 0.0000 0.0000 0.0531 0.3968 0.0000 0.0000 0.0000
244      244   (0)      6  : 0.0000 0.5932 0.0000 0.0000 0.0000 0.0000 0.4068 0.0000 0.0000
245      245   (0)      6  : 0.0000 0.2053 0.0000 0.0000 0.0000 0.7947 0.0000 0.0000 0.0000
246      246   (0)      6  : 0.0000 0.2677 0.0000 0.0000 0.0000 0.0000 0.7323 0.0000 0.0000
247      247   (0)      6  : 0.0000 0.5256 0.0000 0.0000 0.0000 0.2594 0.2150 0.0000 0.0000
248      248   (0)      6  : 0.0000 0.0000 0.0000 0.0000 0.0000 0.5377 0.4623 0.0000 0.0000
249      249   (0)      7  : 0.0000 0.2928 0.0000 0.0000 0.0000 0.7072 0.0000 0.0000 0.0000
250      250   (0)      7  : 0.0000 0.6152 0.0000 0.0000 0.0000 0.0000 0.3848 0.0000 0.0000
251      251   (0)      7  : 0.0000 0.5998 0.0000 0.0000 0.0000 0.0000 0.4002 0.0000 0.0000
252      252   (0)      7  : 0.0000 0.3082 0.0000 0.0000 0.0000 0.6917 0.0001 0.0000 0.0000
253      253   (0)      7  : 0.0000 0.0000 0.0000 0.0000 0.0000 0.0000 1.0000 0.0000 0.0000
254      254   (0)      7  : 0.0000 0.0805 0.0000 0.0000 0.0006 0.5390 0.3799 0.0000 0.0000
255      255   (0)      7  : 0.0000 0.6047 0.0000 0.0000 0.0000 0.3953 0.0000 0.0000 0.0000
256      256   (0)      7  : 0.0000 0.0000 0.0000 0.0000 0.0000 0.5144 0.4856 0.0000 0.0000
257      257   (0)      7  : 0.0000 0.5094 0.0000 0.0000 0.0000 0.4906 0.0000 0.0000 0.0000
258      258   (0)      7  : 0.0000 0.4807 0.0000 0.0000 0.0000 0.5174 0.0019 0.0000 0.0000
259      259   (0)      7  : 0.0000 0.5068 0.0000 0.0000 0.0000 0.0000 0.4932 0.0000 0.0000
260      260   (0)      7  : 0.0000 0.2737 0.0000 0.0000 0.0000 0.7263 0.0000 0.0000 0.0000
261      261   (0)      7  : 0.0000 0.3607 0.0000 0.0000 0.0000 0.0000 0.6393 0.0000 0.0000
262      262   (0)      7  : 0.0000 0.0000 0.0000 0.0000 0.0000 0.3709 0.6291 0.0000 0.0000
263      263   (0)      7  : 0.0000 0.0000 0.0000 0.0000 0.0000 0.5984 0.4016 0.0000 0.0000
264      264   (0)      7  : 0.0000 0.4456 0.0000 0.0000 0.0000 0.5544 0.0000 0.0000 0.0000
265      265   (0)      7  : 0.0000 0.1782 0.0000 0.0000 0.0000 0.0000 0.8218 0.0000 0.0000
266      266   (0)      7  : 0.0000 0.6178 0.0000 0.0000 0.0238 0.0000 0.3583 0.0000 0.0000
267      267   (0)      7  : 0.0000 0.0000 0.0000 0.0000 0.0000 0.0000 1.0000 0.0000 0.0000
268      268   (0)      7  : 0.0000 0.5978 0.0000 0.0000 0.0000 0.0000 0.4022 0.0000 0.0000
269      269   (0)      7  : 0.0000 0.0000 0.0000 0.0000 0.0000 0.0000 1.0000 0.0000 0.0000
270      270   (0)      7  : 0.0000 1.0000 0.0000 0.0000 0.0000 0.0000 0.0000 0.0000 0.0000
271      271   (0)      7  : 0.0000 0.4149 0.0000 0.0000 0.0000 0.0000 0.5851 0.0000 0.0000
272      272   (0)      7  : 0.0000 0.2002 0.0000 0.0000 0.0000 0.0000 0.7998 0.0000 0.0000
273      273   (0)      7  : 0.0000 0.6735 0.0000 0.0000 0.0000 0.3265 0.0000 0.0000 0.0000
274      274   (0)      7  : 0.0000 0.2901 0.0000 0.0000 0.0313 0.4051 0.2735 0.0000 0.0000
275      275   (0)      7  : 0.0000 0.3722 0.0102 0.0098 0.0000 0.3378 0.2700 0.0000 0.0000
276      276   (0)      7  : 0.0000 0.5807 0.0000 0.0000 0.0000 0.2205 0.1988 0.0000 0.0000
277      277   (0)      7  : 0.0000 0.4483 0.0000 0.0000 0.0000 0.2038 0.3479 0.0000 0.0000
278      278   (0)      7  : 0.0000 0.3943 0.0000 0.0000 0.0000 0.0000 0.6057 0.0000 0.0000
279      279   (0)      8  : 0.0000 0.4269 0.0000 0.0000 0.0000 0.0003 0.5728 0.0000 0.0000
280      280   (0)      8  : 0.0000 0.5694 0.0000 0.0000 0.0000 0.0000 0.4306 0.0000 0.0000
281      281   (0)      8  : 0.0000 1.0000 0.0000 0.0000 0.0000 0.0000 0.0000 0.0000 0.0000
282      282   (0)      8  : 0.0000 0.3993 0.0000 0.0000 0.0000 0.6007 0.0000 0.0000 0.0000
283      283   (0)      8  : 0.0000 0.6457 0.0089 0.0000 0.0095 0.3359 0.0000 0.0000 0.0000
284      284   (0)      8  : 0.0000 0.2910 0.0000 0.0000 0.0000 0.0000 0.7090 0.0000 0.0000
285      285   (0)      8  : 0.0000 0.6571 0.0000 0.0000 0.0000 0.3429 0.0000 0.0000 0.0000
286      286   (0)      8  : 0.0000 1.0000 0.0000 0.0000 0.0000 0.0000 0.0000 0.0000 0.0000
287      287   (0)      8  : 0.0000 0.4306 0.0000 0.0000 0.0000 0.5694 0.0000 0.0000 0.0000
288      288   (0)      8  : 0.0000 0.1689 0.0000 0.0000 0.0356 0.3186 0.4769 0.0000 0.0000
289      289   (0)      8  : 0.0000 0.0000 0.0000 0.0000 0.0000 1.0000 0.0000 0.0000 0.0000
290      290   (0)      5  : 0.0000 0.0000 0.0000 0.0000 0.0000 0.1839 0.8161 0.0000 0.0000
291      291   (0)      5  : 0.0000 0.3289 0.0000 0.0000 0.0000 0.5081 0.1630 0.0000 0.0000
292      292   (0)      5  : 0.0000 0.0000 0.0000 0.0000 0.0000 0.0000 1.0000 0.0000 0.0000
293      293   (0)      5  : 0.0000 0.0000 0.0000 0.0000 0.0014 0.3028 0.6959 0.0000 0.0000
294      294   (0)      5  : 0.0000 0.3481 0.0000 0.0000 0.0000 0.5416 0.1103 0.0000 0.0000
295      295   (0)      5  : 0.0000 0.0000 0.0000 0.0000 0.0000 0.0000 1.0000 0.0000 0.0000
296      296   (0)      5  : 0.0000 0.2889 0.0095 0.0000 0.0285 0.3952 0.2780 0.0000 0.0000
297      297   (0)      5  : 0.0000 0.0000 0.0045 0.0000 0.0000 0.9955 0.0000 0.0000 0.0000
298      298   (0)      5  : 0.0000 1.0000 0.0000 0.0000 0.0000 0.0000 0.0000 0.0000 0.0000
299      299   (0)      5  : 0.0000 1.0000 0.0000 0.0000 0.0000 0.0000 0.0000 0.0000 0.0000
300      300   (0)      5  : 0.0000 0.1132 0.0000 0.0000 0.0000 0.3158 0.5710 0.0000 0.0000
301      301   (0)      5  : 0.0000 0.5110 0.0000 0.0000 0.0000 0.0000 0.4890 0.0000 0.0000
302      302   (0)      5  : 0.0000 0.2786 0.0000 0.0000 0.0000 0.2234 0.4980 0.0000 0.0000
303      303   (0)      5  : 0.0000 0.0000 0.0000 0.0000 0.0000 0.3816 0.6184 0.0000 0.0000
304      304   (0)      5  : 0.0000 0.1175 0.0000 0.0000 0.0000 0.8825 0.0000 0.0000 0.0000
305      305   (0)      5  : 0.0000 0.6307 0.0044 0.0000 0.0000 0.3649 0.0000 0.0000 0.0000
306      306   (0)      5  : 0.0000 1.0000 0.0000 0.0000 0.0000 0.0000 0.0000 0.0000 0.0000
307      307   (0)      5  : 0.0000 0.6471 0.0000 0.0000 0.0359 0.3170 0.0000 0.0000 0.0000
308      308   (0)      5  : 0.0000 0.0000 0.0000 0.0000 0.0356 0.5409 0.4235 0.0000 0.0000
309      309   (0)      5  : 0.0000 0.2737 0.0000 0.0000 0.0039 0.4586 0.2639 0.0000 0.0000
310      310   (0)      5  : 0.0000 0.9880 0.0000 0.0000 0.0000 0.0000 0.0120 0.0000 0.0000
311      311   (0)      5  : 0.0000 0.3229 0.0000 0.0000 0.0118 0.2364 0.4289 0.0000 0.0000
312      312   (0)      5  : 0.0000 0.2745 0.0000 0.0000 0.0395 0.0000 0.6860 0.0000 0.0000
313      313   (0)      5  : 0.0000 0.0000 0.0000 0.0000 0.0000 1.0000 0.0000 0.0000 0.0000
314      314   (0)      5  : 0.0000 0.5695 0.0000 0.0000 0.0000 0.1348 0.2958 0.0000 0.0000
315      315   (0)      5  : 0.0000 0.5367 0.0000 0.0000 0.0064 0.1575 0.2995 0.0000 0.0000
316      316   (0)      5  : 0.0000 0.0000 0.0000 0.0000 0.0000 0.6125 0.3875 0.0000 0.0000
317      317   (0)      5  : 0.0000 0.0000 0.0000 0.0000 0.0000 0.0000 1.0000 0.0000 0.0000
318      318   (0)      8  : 0.0000 0.4272 0.0000 0.0000 0.0000 0.0000 0.5728 0.0000 0.0000
319      319   (0)      8  : 0.0000 0.0000 0.0000 0.0000 0.0000 0.1771 0.8229 0.0000 0.0000
320      320   (0)      9  : 0.0000 0.0000 0.0000 0.0000 0.0000 0.0000 1.0000 0.0000 0.0000
321      321   (0)      9  : 0.0000 0.0000 0.0097 0.0000 0.0000 0.0000 0.9903 0.0000 0.0000
322      322   (0)      9  : 0.0000 0.2892 0.0000 0.0000 0.0000 0.4181 0.2927 0.0000 0.0000
323      323   (0)      9  : 0.0000 0.0000 0.0000 0.0000 0.0000 0.5171 0.4829 0.0000 0.0000
324      324   (0)      9  : 0.0000 0.6616 0.0000 0.0000 0.0000 0.3384 0.0000 0.0000 0.0000
325      325   (0)      8  : 0.0000 0.0000 0.0000 0.0000 0.0000 1.0000 0.0000 0.0000 0.0000
326      326   (0)      8  : 0.0000 0.5024 0.0000 0.0000 0.0000 0.0000 0.4976 0.0000 0.0000
327      327   (0)      8  : 0.0000 0.0000 0.0000 0.0000 0.0000 0.4372 0.5628 0.0000 0.0000
328      328   (0)      8  : 0.0000 0.1107 0.0000 0.0000 0.0000 0.2159 0.6734 0.0000 0.0000
329      329   (0)      8  : 0.0000 0.2422 0.0000 0.0000 0.0000 0.4119 0.3459 0.0000 0.0000
330      330   (0)      9  : 0.0000 0.8071 0.0000 0.0000 0.0000 0.0000 0.1929 0.0000 0.0000
331      331   (0)      9  : 0.0000 0.4712 0.0000 0.0000 0.0000 0.0000 0.5288 0.0000 0.0000
332      332   (0)      9  : 0.0000 0.5728 0.0000 0.0000 0.0000 0.0000 0.4272 0.0000 0.0000
333      333   (0)      9  : 0.0000 0.2067 0.0000 0.0000 0.0000 0.3115 0.4818 0.0000 0.0000
334      334   (0)      9  : 0.0000 0.2371 0.0000 0.0000 0.0000 0.5111 0.2517 0.0000 0.0000
335      335   (0)      9  : 0.0000 0.2362 0.0000 0.0000 0.0000 0.6460 0.1177 0.0000 0.0000
336      336   (0)      8  : 0.0000 0.5049 0.0000 0.0000 0.0000 0.0000 0.4951 0.0000 0.0000
337      337   (0)      8  : 0.0000 0.6581 0.0000 0.0000 0.0000 0.0000 0.3419 0.0000 0.0000
338      338   (0)      8  : 0.0000 0.4314 0.0000 0.0000 0.0000 0.5685 0.0001 0.0000 0.0000
339      339   (0)      8  : 0.0000 0.1804 0.0000 0.0000 0.0000 0.4914 0.3281 0.0000 0.0000
340      340   (0)      8  : 0.0000 1.0000 0.0000 0.0000 0.0000 0.0000 0.0000 0.0000 0.0000
341      341   (0)      8  : 0.0000 0.9790 0.0000 0.0000 0.0210 0.0000 0.0000 0.0000 0.0000
342      342   (0)      8  : 0.0000 0.1808 0.0000 0.0000 0.0000 0.3531 0.4661 0.0000 0.0000
343      343   (0)      9  : 0.0000 0.4317 0.0000 0.0000 0.0000 0.5683 0.0000 0.0000 0.0000
344      344   (0)      9  : 0.0000 0.4256 0.0000 0.0000 0.0000 0.4088 0.1656 0.0000 0.0000
345      345   (0)      9  : 0.0000 0.0000 0.0000 0.0000 0.0000 0.0000 1.0000 0.0000 0.0000
346      346   (0)      9  : 0.0000 0.7076 0.0000 0.0000 0.0020 0.2904 0.0000 0.0000 0.0000
347      347   (0)      9  : 0.0000 0.7519 0.0000 0.0000 0.0000 0.2481 0.0000 0.0000 0.0000
348      348   (0)      9  : 0.0000 0.7806 0.0000 0.0000 0.0214 0.0000 0.1979 0.0000 0.0000
349      349   (0)      9  : 0.0000 0.0000 0.0000 0.0000 0.0658 0.4189 0.5153 0.0000 0.0000
350      350   (0)      9  : 0.0000 0.3764 0.0000 0.0000 0.0000 0.4873 0.1364 0.0000 0.0000
351      351   (0)      9  : 0.0000 0.2909 0.0000 0.0000 0.0210 0.3581 0.3300 0.0000 0.0000
352      352   (0)      9  : 0.0000 0.0000 0.0000 0.0000 0.0050 0.7776 0.2174 0.0000 0.0000
353      353   (0)      9  : 0.0000 0.3271 0.0000 0.0000 0.0124 0.0000 0.6605 0.0000 0.0000
354      354   (0)      9  : 0.0000 0.3065 0.0000 0.0000 0.0000 0.3352 0.3583 0.0000 0.0000
355      355   (0)      9  : 0.0000 0.4335 0.0000 0.0000 0.0000 0.0072 0.5594 0.0000 0.0000
356      356   (0)      9  : 0.0000 0.0000 0.0000 0.0000 0.0000 0.2590 0.7410 0.0000 0.0000
357      357   (0)      9  : 0.0000 0.5060 0.0000 0.0000 0.0000 0.1580 0.3360 0.0000 0.0000
358      358   (0)      9  : 0.0000 0.3365 0.0000 0.0000 0.0008 0.0000 0.6627 0.0000 0.0000
359      359   (0)      9  : 0.0000 0.0000 0.0000 0.0000 0.0000 0.9984 0.0016 0.0000 0.0000
360      360   (0)      9  : 0.0000 0.6145 0.0000 0.0000 0.0000 0.3855 0.0000 0.0000 0.0000
361      361   (0)      9  : 0.0000 0.0428 0.0000 0.0000 0.0000 0.4272 0.5300 0.0000 0.0000
362      362   (0)     10  : 0.0000 0.4987 0.0000 0.0000 0.0000 0.0000 0.5013 0.0000 0.0000
363      363   (0)     10  : 0.0000 0.3848 0.0000 0.0000 0.0000 0.0000 0.6152 0.0000 0.0000
364      364   (0)     10  : 0.0000 0.5923 0.0000 0.0000 0.0000 0.0000 0.4077 0.0000 0.0000
365      365   (0)     10  : 0.0000 0.1641 0.0109 0.0000 0.0000 0.2522 0.5728 0.0000 0.0000
366      366   (0)     10  : 0.0000 0.0000 0.0000 0.0000 0.0000 1.0000 0.0000 0.0000 0.0000
367      367   (0)     10  : 0.0000 0.6207 0.0000 0.0000 0.0060 0.0000 0.3733 0.0000 0.0000
368      368   (0)     10  : 0.0000 0.0000 0.0000 0.0000 0.0000 1.0000 0.0000 0.0000 0.0000
369      369   (0)     10  : 0.0000 0.0000 0.0000 0.0000 0.0000 1.0000 0.0000 0.0000 0.0000
370      370   (0)     10  : 0.0000 0.5314 0.0000 0.0000 0.0394 0.2629 0.1663 0.0000 0.0000
371      371   (0)     10  : 0.0000 0.0000 0.0000 0.0000 0.0000 0.6795 0.3205 0.0000 0.0000
372      372   (0)     10  : 0.0000 0.6618 0.0000 0.0000 0.0000 0.3382 0.0000 0.0000 0.0000
373      373   (0)     10  : 0.0000 0.0000 0.0000 0.0000 0.0000 0.0000 1.0000 0.0000 0.0000
374      374   (0)     10  : 0.0000 0.6195 0.0000 0.0000 0.0000 0.3655 0.0150 0.0000 0.0000
375      375   (0)     10  : 0.0000 0.6921 0.0000 0.0000 0.0000 0.0000 0.3079 0.0000 0.0000
376      376   (0)     10  : 0.0000 0.3262 0.0000 0.0000 0.0000 0.0000 0.6738 0.0000 0.0000
377      377   (0)     10  : 0.0000 0.2785 0.0000 0.0000 0.0260 0.2471 0.4483 0.0000 0.0000
378      378   (0)     10  : 0.0000 1.0000 0.0000 0.0000 0.0000 0.0000 0.0000 0.0000 0.0000
379      379   (0)     10  : 0.0000 0.0000 0.0040 0.0000 0.0310 0.2674 0.6976 0.0000 0.0000
380      380   (0)     10  : 0.0000 0.0000 0.0000 0.0000 0.0000 1.0000 0.0000 0.0000 0.0000
381      381   (0)     10  : 0.0000 1.0000 0.0000 0.0000 0.0000 0.0000 0.0000 0.0000 0.0000
382      382   (0)     10  : 0.0000 0.0000 0.0000 0.0000 0.0000 0.4466 0.5534 0.0000 0.0000
383      383   (0)     10  : 0.0000 0.5822 0.0000 0.0000 0.0558 0.1990 0.1630 0.0000 0.0000
384      384   (0)     10  : 0.0000 0.5906 0.0049 0.0000 0.0000 0.0000 0.4045 0.0000 0.0000
385      385   (0)     10  : 0.0000 1.0000 0.0000 0.0000 0.0000 0.0000 0.0000 0.0000 0.0000
386      386   (0)     10  : 0.0000 0.3463 0.0000 0.0000 0.0171 0.2577 0.3789 0.0000 0.0000
387      387   (0)     10  : 0.0000 0.0000 0.0000 0.0000 0.0000 0.0000 1.0000 0.0000 0.0000
388      388   (0)     10  : 0.0000 0.4010 0.0000 0.0000 0.0000 0.1685 0.4305 0.0000 0.0000
389      389   (0)     10  : 0.0000 0.2986 0.0000 0.0000 0.0000 0.2394 0.4620 0.0000 0.0000
390      390   (0)      8  : 0.0000 0.1803 0.0000 0.0000 0.0304 0.4292 0.3602 0.0000 0.0000
391      391   (0)      8  : 0.0000 0.0022 0.0000 0.0000 0.0000 0.5566 0.4412 0.0000 0.0000
392      392   (0)      8  : 0.0000 0.0000 0.0000 0.0000 0.0000 1.0000 0.0000 0.0000 0.0000
393      393   (0)     11  : 0.0000 0.0000 0.0000 0.0000 0.0000 0.7043 0.2957 0.0000 0.0000
394      394   (0)     11  : 0.0000 0.6531 0.0000 0.0000 0.0000 0.3469 0.0000 0.0000 0.0000
395      395   (0)     11  : 0.0000 0.3546 0.0000 0.0000 0.0001 0.6191 0.0000 0.0262 0.0000
396      396   (0)     11  : 0.0000 0.0000 0.0000 0.0000 0.0000 0.9635 0.0000 0.0365 0.0000
397      397   (0)     11  : 0.0000 1.0000 0.0000 0.0000 0.0000 0.0000 0.0000 0.0000 0.0000
398      398   (0)     11  : 0.0000 0.0001 0.0000 0.0000 0.0000 0.4808 0.5192 0.0000 0.0000
399      399   (0)     11  : 0.0000 0.6028 0.0000 0.0000 0.0000 0.3972 0.0000 0.0000 0.0000
400      400   (0)     11  : 0.0000 0.8291 0.0014 0.0000 0.0000 0.0000 0.1695 0.0000 0.0000
401      401   (0)     11  : 0.0117 0.0065 0.0000 0.0000 0.0000 0.5529 0.4290 0.0000 0.0000
402      402   (0)     11  : 0.0000 0.0000 0.0000 0.0000 0.0000 0.3926 0.6074 0.0000 0.0000
403      403   (0)     11  : 0.0000 1.0000 0.0000 0.0000 0.0000 0.0000 0.0000 0.0000 0.0000
404      404   (0)     11  : 0.0000 0.4306 0.0000 0.0000 0.0000 0.5694 0.0000 0.0000 0.0000
405      405   (0)     11  : 0.0000 0.2200 0.0000 0.0000 0.0709 0.7092 0.0000 0.0000 0.0000
406      406   (0)     11  : 0.0000 0.0000 0.0000 0.0000 0.0000 0.4515 0.5485 0.0000 0.0000
407      407   (0)     11  : 0.0000 0.2538 0.0000 0.0000 0.0000 0.4543 0.2919 0.0000 0.0000
408      408   (0)     11  : 0.0000 0.3819 0.0000 0.0000 0.0000 0.6181 0.0000 0.0000 0.0000
409      409   (0)     11  : 0.0000 0.5428 0.0115 0.0019 0.0191 0.4246 0.0000 0.0000 0.0000
410      410   (0)     11  : 0.0000 0.0000 0.0000 0.0000 0.0000 0.5269 0.4731 0.0000 0.0000
411      411   (0)     11  : 0.0000 0.2518 0.0000 0.0000 0.0000 0.4032 0.3449 0.0000 0.0000
412      412   (0)     11  : 0.0000 0.4662 0.0000 0.0000 0.0000 0.2661 0.2677 0.0000 0.0000
413      413   (0)     11  : 0.0000 0.3132 0.0000 0.0000 0.0348 0.0894 0.5626 0.0000 0.0000
414      414   (0)     11  : 0.0000 0.5017 0.0000 0.0000 0.0000 0.2661 0.2322 0.0000 0.0000
415      415   (0)     11  : 0.0000 0.1024 0.0000 0.0000 0.0000 0.3235 0.5741 0.0000 0.0000
416      416   (0)     11  : 0.0000 0.3701 0.0000 0.0000 0.0242 0.1420 0.4637 0.0000 0.0000
417      417   (0)     11  : 0.0000 0.3243 0.0000 0.0000 0.0000 0.0073 0.6683 0.0000 0.0000
418      418   (0)     11  : 0.0173 0.2596 0.0000 0.0000 0.0154 0.5444 0.1634 0.0000 0.0000
419      419   (0)     11  : 0.0000 0.1236 0.0000 0.0000 0.0000 0.8764 0.0000 0.0000 0.0000
420      420   (0)     11  : 0.0000 0.2061 0.0000 0.0000 0.0000 0.6238 0.1701 0.0000 0.0000
421      421   (0)     11  : 0.0000 0.0000 0.0000 0.0000 0.0000 1.0000 0.0000 0.0000 0.0000
422      422   (0)     11  : 0.0000 0.8637 0.0000 0.0000 0.0000 0.0000 0.1362 0.0000 0.0000
423      423   (0)     12  : 1.0000 0.0000 0.0000 0.0000 0.0000 0.0000 0.0000 0.0000 0.0000
424      424   (0)     12  : 0.0000 0.2097 0.0000 0.0000 0.7877 0.0000 0.0026 0.0000 0.0000
425      425   (0)     12  : 0.6539 0.0000 0.0000 0.0000 0.0000 0.0000 0.0000 0.3461 0.0000
426      426   (0)     12  : 0.0000 0.0449 0.0000 0.0000 0.9257 0.0000 0.0294 0.0000 0.0000
427      427   (0)     12  : 1.0000 0.0000 0.0000 0.0000 0.0000 0.0000 0.0000 0.0000 0.0000
428      428   (0)     12  : 0.0000 0.0000 0.0000 0.0000 0.0000 0.0000 0.0000 1.0000 0.0000
429      429   (0)     12  : 0.0000 0.0000 0.0906 0.0000 0.9094 0.0000 0.0000 0.0000 0.0000
430      430   (0)     12  : 0.4484 0.0000 0.0000 0.0075 0.0000 0.0000 0.0000 0.5441 0.0000
431      431   (0)     12  : 0.9738 0.0000 0.0000 0.0262 0.0000 0.0000 0.0000 0.0000 0.0000
432      432   (0)     12  : 0.0000 0.1589 0.0000 0.0000 0.8411 0.0000 0.0000 0.0000 0.0000
433      433   (0)     12  : 0.4175 0.0000 0.0000 0.0000 0.0130 0.0000 0.0000 0.5695 0.0000
434      434   (0)     12  : 1.0000 0.0000 0.0000 0.0000 0.0000 0.0000 0.0000 0.0000 0.0000
435      435   (0)     12  : 0.9149 0.0000 0.0115 0.0000 0.0163 0.0000 0.0000 0.0000 0.0573
436      436   (0)     12  : 0.9823 0.0000 0.0084 0.0093 0.0000 0.0000 0.0000 0.0000 0.0000
437      437   (0)     12  : 0.3099 0.0000 0.0000 0.0000 0.0244 0.0000 0.0000 0.6657 0.0000
438      438   (0)     12  : 0.7324 0.0000 0.0000 0.0000 0.0000 0.0000 0.0000 0.2676 0.0000
439      439   (0)     12  : 0.0000 0.1471 0.0000 0.0000 0.8529 0.0000 0.0000 0.0000 0.0000
440      440   (0)     12  : 0.0000 0.0132 0.0000 0.0000 0.8685 0.1180 0.0004 0.0000 0.0000
441      441   (0)     12  : 0.4384 0.0000 0.0000 0.0000 0.0000 0.0000 0.0000 0.5616 0.0000
442      442   (0)     12  : 0.0000 0.0000 0.0360 0.0000 0.9640 0.0000 0.0000 0.0000 0.0000
443      443   (0)     12  : 0.7224 0.0000 0.0000 0.0000 0.0000 0.0000 0.0000 0.2579 0.0197
444      444   (0)     12  : 0.5606 0.0000 0.0000 0.0000 0.0000 0.0000 0.0000 0.4394 0.0000
445      445   (0)     12  : 1.0000 0.0000 0.0000 0.0000 0.0000 0.0000 0.0000 0.0000 0.0000
446      446   (0)     12  : 0.4329 0.0000 0.0000 0.0000 0.0000 0.0000 0.0000 0.5671 0.0000
447      447   (0)     12  : 0.2609 0.0000 0.0000 0.0000 0.0000 0.0000 0.0000 0.7391 0.0000
448      448   (0)     12  : 0.6677 0.0000 0.0000 0.0000 0.0000 0.0000 0.0000 0.3323 0.0000
449      449   (0)     12  : 0.0000 0.0000 0.0000 0.0000 0.0000 0.0000 0.0000 1.0000 0.0000
450      450   (0)     12  : 0.5638 0.0000 0.0000 0.0000 0.0000 0.0000 0.0000 0.4362 0.0000
451      451   (0)     12  : 0.5151 0.0000 0.0000 0.0048 0.0000 0.0000 0.0000 0.4580 0.0221
452      452   (0)     12  : 0.9781 0.0000 0.0000 0.0000 0.0000 0.0000 0.0000 0.0000 0.0219
453      453   (0)     13  : 0.5949 0.0000 0.0000 0.0000 0.0000 0.0000 0.0000 0.4051 0.0000
454      454   (0)     13  : 0.0000 0.0000 0.0000 0.0000 0.0000 0.0000 0.0000 1.0000 0.0000
455      455   (0)     13  : 1.0000 0.0000 0.0000 0.0000 0.0000 0.0000 0.0000 0.0000 0.0000
456      456   (0)     13  : 0.0000 0.0000 0.0000 0.0000 0.8520 0.0000 0.1480 0.0000 0.0000
457      457   (0)     13  : 0.0000 0.0000 0.0000 0.0000 0.0000 0.0000 0.0000 1.0000 0.0000
458      458   (0)     13  : 0.5421 0.0000 0.0000 0.0000 0.0000 0.0000 0.0000 0.4579 0.0000
459      459   (0)     13  : 0.5709 0.0000 0.0000 0.0000 0.0000 0.0000 0.0000 0.4291 0.0000
460      460   (0)     13  : 1.0000 0.0000 0.0000 0.0000 0.0000 0.0000 0.0000 0.0000 0.0000
461      461   (0)     13  : 0.4869 0.0000 0.0000 0.0000 0.0000 0.0000 0.0000 0.5131 0.0000
462      462   (0)     13  : 0.4506 0.0000 0.0000 0.0261 0.0000 0.0000 0.0000 0.5233 0.0000
463      463   (0)     13  : 0.0000 0.0000 0.0000 0.0000 0.0000 0.0000 0.0000 1.0000 0.0000
464      464   (0)     13  : 0.0000 0.0000 0.0143 0.7797 0.0000 0.0000 0.0000 0.0210 0.1850
465      465   (0)     13  : 0.0000 0.0000 0.0000 0.0000 0.0000 0.0000 0.0000 1.0000 0.0000
466      466   (0)     13  : 1.0000 0.0000 0.0000 0.0000 0.0000 0.0000 0.0000 0.0000 0.0000
467      467   (0)     13  : 0.9564 0.0000 0.0049 0.0000 0.0000 0.0000 0.0000 0.0241 0.0146
468      468   (0)     13  : 0.0056 0.0000 0.0000 0.7115 0.0000 0.0069 0.0000 0.0571 0.2190
469      469   (0)     13  : 0.0000 0.0000 0.0000 1.0000 0.0000 0.0000 0.0000 0.0000 0.0000
470      470   (0)     13  : 0.5543 0.0000 0.0000 0.0004 0.0000 0.0000 0.0000 0.4454 0.0000
471      471   (0)     13  : 0.4924 0.0000 0.0000 0.0000 0.0000 0.0000 0.0312 0.4764 0.0000
472      472   (0)     13  : 0.7717 0.0000 0.0000 0.0014 0.0000 0.0000 0.0000 0.2268 0.0000
473      473   (0)     13  : 0.0498 0.1855 0.0000 0.0000 0.7218 0.0430 0.0000 0.0000 0.0000
474      474   (0)     13  : 0.6721 0.0000 0.0000 0.0000 0.0000 0.0000 0.0000 0.3279 0.0000
475      475   (0)     13  : 0.9998 0.0000 0.0000 0.0000 0.0000 0.0000 0.0000 0.0002 0.0000
476      476   (0)     13  : 0.0000 0.0743 0.0000 0.0000 0.9257 0.0000 0.0000 0.0000 0.0000
477      477   (0)     13  : 0.6656 0.0000 0.0000 0.0285 0.0221 0.0000 0.0000 0.2839 0.0000
478      478   (0)     13  : 0.9789 0.0000 0.0211 0.0000 0.0000 0.0000 0.0000 0.0000 0.0000
479      479   (0)     13  : 0.4088 0.0000 0.0000 0.0000 0.0000 0.0000 0.0000 0.5871 0.0041
480      480   (0)     13  : 0.0000 0.1208 0.0000 0.0000 0.8792 0.0000 0.0000 0.0000 0.0000
481      481   (0)     13  : 0.0920 0.0000 0.0206 0.3032 0.0000 0.0000 0.0000 0.0000 0.5842
482      482   (0)     13  : 0.6811 0.0000 0.0000 0.0359 0.0000 0.0000 0.0000 0.2829 0.0000
483      483   (0)     14  : 0.6200 0.0000 0.0000 0.0000 0.0000 0.0000 0.0000 0.3800 0.0000
484      484   (0)     14  : 0.3816 0.0000 0.0000 0.0000 0.0000 0.0000 0.0000 0.6184 0.0000
485      485   (0)     15  : 0.3354 0.0000 0.0000 0.0000 0.0000 0.0000 0.0000 0.6646 0.0000
486      486   (0)     15  : 0.5878 0.0000 0.0000 0.0000 0.0000 0.0000 0.0000 0.4122 0.0000
487      487   (0)     15  : 0.3903 0.0000 0.0000 0.0000 0.0000 0.0000 0.0000 0.6097 0.0000
488      488   (0)     15  : 1.0000 0.0000 0.0000 0.0000 0.0000 0.0000 0.0000 0.0000 0.0000
489      489   (0)     15  : 0.0000 0.0000 0.0000 0.0000 0.8140 0.0005 0.1855 0.0000 0.0000
490      490   (0)     15  : 0.0000 0.1114 0.0000 0.0000 0.8886 0.0000 0.0000 0.0000 0.0000
491      491   (0)     15  : 0.6799 0.0000 0.0000 0.0000 0.0000 0.0000 0.0000 0.3039 0.0162
492      492   (0)     15  : 0.0000 0.0966 0.0000 0.0000 0.9033 0.0000 0.0001 0.0000 0.0000
493      493   (0)     15  : 0.9792 0.0000 0.0186 0.0000 0.0000 0.0000 0.0000 0.0000 0.0021
494      494   (0)     15  : 0.8254 0.0000 0.0000 0.0000 0.0000 0.0000 0.0000 0.1746 0.0000
495      495   (0)     15  : 0.0000 0.0000 0.0000 0.0000 0.0000 0.0000 0.0000 1.0000 0.0000
496      496   (0)     15  : 0.7508 0.0000 0.0084 0.0000 0.0000 0.0000 0.0000 0.2408 0.0000
497      497   (0)     15  : 0.0000 0.0000 0.0000 0.0000 0.0000 0.0000 0.0000 1.0000 0.0000
498      498   (0)     15  : 0.6834 0.0000 0.0000 0.0000 0.0000 0.0000 0.0000 0.2727 0.0439
499      499   (0)     15  : 0.5278 0.0000 0.0000 0.0109 0.0000 0.0000 0.0000 0.4613 0.0000
500      500   (0)     15  : 0.4402 0.0000 0.0000 0.0116 0.0000 0.0000 0.0000 0.5482 0.0000
501      501   (0)     15  : 0.6503 0.0000 0.0035 0.0096 0.0149 0.0000 0.0000 0.3216 0.0000
502      502   (0)     15  : 0.3887 0.0000 0.0000 0.0000 0.0000 0.0000 0.0000 0.6023 0.0090
503      503   (0)     15  : 0.5270 0.0000 0.0000 0.0000 0.0000 0.0000 0.0000 0.4644 0.0087
504      504   (0)     15  : 0.0000 0.0000 0.0000 0.0000 0.0000 0.0000 0.0000 1.0000 0.0000
505      505   (0)     15  : 0.0000 0.0000 0.0000 0.0000 0.0000 0.0000 0.0000 1.0000 0.0000
506      506   (0)     15  : 0.5717 0.0000 0.0000 0.0040 0.0000 0.0000 0.0000 0.4243 0.0000
507      507   (0)     15  : 0.0000 0.0000 0.0000 0.0000 0.0000 0.0000 0.0000 1.0000 0.0000
508      508   (0)     15  : 0.0000 0.0000 0.0000 0.0000 0.0000 0.0000 0.0000 1.0000 0.0000
509      509   (0)     15  : 0.0000 0.0000 0.0000 0.0000 0.8674 0.1326 0.0000 0.0000 0.0000
510      510   (0)     15  : 0.0000 0.1626 0.0000 0.0000 0.8374 0.0000 0.0000 0.0000 0.0000
511      511   (0)     15  : 0.3751 0.0191 0.0061 0.0177 0.0090 0.0000 0.0000 0.5730 0.0000
512      512   (0)     15  : 0.8571 0.0000 0.0000 0.0000 0.0000 0.0000 0.0000 0.1429 0.0000
513      513   (0)     15  : 0.0000 0.0000 0.0000 0.0000 0.0000 0.0000 0.0000 1.0000 0.0000
514      514   (0)     15  : 0.6599 0.0000 0.0000 0.0000 0.0000 0.0000 0.0000 0.3056 0.0345
515      515   (0)     16  : 0.0440 0.0000 0.0000 0.9560 0.0000 0.0000 0.0000 0.0000 0.0000
516      516   (0)     16  : 0.0000 0.0000 0.0000 0.0000 0.0000 0.0000 0.0000 1.0000 0.0000
517      517   (0)     16  : 0.0000 0.0000 0.0000 0.0000 0.8385 0.0000 0.1615 0.0000 0.0000
518      518   (0)     16  : 0.4938 0.0000 0.0172 0.0025 0.0000 0.0000 0.0000 0.4816 0.0049
519      519   (0)     16  : 1.0000 0.0000 0.0000 0.0000 0.0000 0.0000 0.0000 0.0000 0.0000
520      520   (0)     16  : 0.9575 0.0000 0.0000 0.0000 0.0000 0.0000 0.0000 0.0000 0.0425
521      521   (0)     16  : 0.5366 0.0000 0.0000 0.0000 0.0000 0.0000 0.0000 0.4332 0.0301
522      522   (0)     16  : 0.0000 0.0000 0.0454 0.0000 0.9546 0.0000 0.0000 0.0000 0.0000
523      523   (0)     16  : 1.0000 0.0000 0.0000 0.0000 0.0000 0.0000 0.0000 0.0000 0.0000
524      524   (0)     16  : 0.0000 0.0000 0.0000 0.0000 0.8333 0.0000 0.1667 0.0000 0.0000
525      525   (0)     16  : 0.7121 0.0000 0.0000 0.0061 0.0000 0.0000 0.0000 0.2818 0.0000
526      526   (0)     16  : 1.0000 0.0000 0.0000 0.0000 0.0000 0.0000 0.0000 0.0000 0.0000
527      527   (0)     16  : 0.0000 0.1375 0.0000 0.0000 0.8625 0.0000 0.0000 0.0000 0.0000
528      528   (0)     16  : 0.9539 0.0000 0.0000 0.0461 0.0000 0.0000 0.0000 0.0000 0.0000
529      529   (0)     16  : 0.9881 0.0000 0.0000 0.0000 0.0000 0.0000 0.0000 0.0000 0.0119
530      530   (0)     16  : 0.8554 0.0000 0.0000 0.0000 0.0000 0.0000 0.0000 0.0631 0.0815
531      531   (0)     16  : 0.5848 0.0000 0.0000 0.0000 0.0000 0.0000 0.0000 0.4152 0.0000
532      532   (0)     16  : 0.0000 0.0000 0.0501 0.0000 0.9499 0.0000 0.0000 0.0000 0.0000
533      533   (0)     16  : 0.0000 0.0000 0.0712 0.0000 0.9288 0.0000 0.0000 0.0000 0.0000
534      534   (0)     16  : 0.8567 0.0000 0.0000 0.0076 0.0000 0.0000 0.0000 0.1356 0.0000
535      535   (0)     16  : 0.5953 0.0000 0.0000 0.0000 0.0000 0.0000 0.0000 0.3847 0.0200
536      536   (0)     16  : 0.9586 0.0000 0.0000 0.0000 0.0000 0.0000 0.0000 0.0000 0.0414
537      537   (0)     16  : 0.8976 0.0000 0.0000 0.0000 0.0000 0.0000 0.0000 0.1024 0.0000
538      538   (0)     16  : 1.0000 0.0000 0.0000 0.0000 0.0000 0.0000 0.0000 0.0000 0.0000
539      539   (0)     16  : 0.9690 0.0000 0.0000 0.0000 0.0000 0.0000 0.0000 0.0000 0.0310
540      540   (0)     16  : 0.7089 0.0000 0.0000 0.0000 0.0000 0.0000 0.0000 0.2705 0.0206
541      541   (0)     16  : 0.0000 0.0000 1.0000 0.0000 0.0000 0.0000 0.0000 0.0000 0.0000
542      542   (0)     16  : 0.9962 0.0000 0.0000 0.0038 0.0000 0.0000 0.0000 0.0000 0.0000
543      543   (0)     16  : 1.0000 0.0000 0.0000 0.0000 0.0000 0.0000 0.0000 0.0000 0.0000
544      544   (0)     16  : 0.6902 0.0000 0.0000 0.0000 0.0000 0.0000 0.0000 0.3098 0.0000
