1        1   (0)      1  : 0.0000 0.0000 0.0000 0.5000 0.0000 0.0000 0.2655 0.0000 0.0000 0.0000 0.0000 0.2345
2        2   (0)      1  : 0.9552 0.0000 0.0000 0.0448 0.0000 0.0000 0.0000 0.0000 0.0000 0.0000 0.0000 0.0000
3        3   (0)      1  : 0.4952 0.0000 0.0000 0.0000 0.0000 0.2324 0.0341 0.0000 0.0000 0.0000 0.2361 0.0023
4        4   (0)      1  : 0.0000 0.0000 0.0084 0.3906 0.0000 0.0105 0.3549 0.0000 0.0000 0.1279 0.0000 0.1078
5        5   (0)      1  : 0.0047 0.0000 0.0000 0.6967 0.0000 0.0000 0.1884 0.0000 0.0000 0.0000 0.0000 0.1102
6        6   (0)      1  : 0.0000 0.0000 0.0000 0.3741 0.0000 0.0000 0.0000 0.0000 0.0000 0.0076 0.0583 0.5600
7        7   (0)      1  : 0.9915 0.0000 0.0000 0.0000 0.0000 0.0000 0.0000 0.0000 0.0000 0.0000 0.0000 0.0085
8        8   (0)      1  : 0.4768 0.0000 0.0000 0.0232 0.0000 0.0000 0.0000 0.0000 0.0000 0.0000 0.5000 0.0000
9        9   (0)      1  : 0.0109 0.0000 0.0000 0.4049 0.0000 0.0000 0.1866 0.0000 0.0000 0.1831 0.0000 0.2144
10       10   (0)      1  : 0.6967 0.0000 0.0000 0.0000 0.0000 0.1207 0.0000 0.0000 0.0000 0.0247 0.1578 0.0000
11       11   (0)      1  : 0.0000 0.0000 0.0001 0.1678 0.0000 0.0000 0.5000 0.0000 0.0000 0.3321 0.0000 0.0000
12       12   (0)      1  : 0.0000 0.0000 0.0000 0.1225 0.0000 0.0000 0.0000 0.0000 0.0000 0.3261 0.0456 0.5057
13       13   (0)      1  : 0.0000 0.0000 0.0000 0.0000 0.0000 0.0000 0.1653 0.0000 0.0000 0.6197 0.0670 0.1480
14       14   (0)      1  : 0.0000 0.0000 0.0000 0.1237 0.0000 0.0000 0.0000 0.0000 0.0000 0.3973 0.1692 0.3098
15       15   (0)      1  : 0.0000 0.0000 0.0001 0.4304 0.0000 0.0020 0.2421 0.0000 0.0000 0.1267 0.0000 0.1988
16       16   (0)      1  : 0.0261 0.0000 0.0000 0.1223 0.0000 0.0000 0.3060 0.0000 0.0030 0.2652 0.0402 0.2373
17       17   (0)      1  : 0.0000 0.0000 0.0000 0.5000 0.0000 0.0000 0.0000 0.0000 0.0000 0.0000 0.5000 0.0000
18       18   (0)      1  : 0.0000 0.0000 0.0000 0.1905 0.0000 0.0000 0.0737 0.0000 0.0000 0.6089 0.0708 0.0561
19       19   (0)      1  : 0.0000 0.0000 0.0000 0.6451 0.0000 0.0000 0.3027 0.0000 0.0000 0.0521 0.0000 0.0000
20       20   (0)      1  : 0.0000 0.0000 0.0000 0.2631 0.0000 0.0000 0.3369 0.0000 0.0000 0.1653 0.2347 0.0000
21       21   (0)      1  : 0.0000 0.0000 0.0000 0.2528 0.0000 0.0000 0.7472 0.0000 0.0000 0.0000 0.0000 0.0000
22       22   (0)      1  : 0.5912 0.0000 0.0000 0.0000 0.0000 0.3668 0.0022 0.0000 0.0000 0.0161 0.0238 0.0000
23       23   (0)      1  : 0.0000 0.0000 0.0000 0.0894 0.0000 0.0000 0.2645 0.0000 0.0000 0.4706 0.1756 0.0000
24       24   (0)      1  : 0.0000 0.0000 0.0000 0.0000 0.0000 0.0000 0.0000 0.0000 0.0000 0.5000 0.0000 0.5000
25       25   (0)      1  : 0.0167 0.0000 0.0000 0.4342 0.0000 0.0025 0.0886 0.0000 0.0000 0.2899 0.1269 0.0412
26       26   (0)      1  : 0.0000 0.0000 0.0000 0.5016 0.0000 0.0000 0.1203 0.0000 0.0000 0.3781 0.0000 0.0000
27       27   (0)      1  : 0.0000 0.0376 0.0000 0.0000 0.9624 0.0000 0.0000 0.0000 0.0000 0.0000 0.0000 0.0000
28       28   (0)      1  : 0.0000 0.0000 0.0000 0.0000 1.0000 0.0000 0.0000 0.0000 0.0000 0.0000 0.0000 0.0000
29       29   (0)      1  : 0.0061 0.0000 0.0000 0.0000 0.0000 0.0000 0.2650 0.0000 0.0000 0.4241 0.3047 0.0000
30       30   (0)      1  : 0.0000 0.0000 0.0000 0.5000 0.0000 0.0000 0.0000 0.0000 0.0000 0.0000 0.5000 0.0000
31       31   (0)      1  : 0.0000 0.0000 0.0000 0.0000 0.0000 0.0000 0.8138 0.0000 0.0000 0.1554 0.0308 0.0000
32       32   (0)      1  : 0.9070 0.0000 0.0000 0.0000 0.0000 0.0045 0.0000 0.0000 0.0000 0.0447 0.0000 0.0438
33       33   (0)      1  : 0.1594 0.0000 0.0000 0.0000 0.4080 0.0000 0.0000 0.0000 0.0000 0.2180 0.0000 0.2146
34       34   (0)      1  : 0.0000 0.0000 0.0000 0.6244 0.0000 0.0000 0.2107 0.0000 0.0000 0.0000 0.1649 0.0000
35       35   (0)      1  : 0.0000 0.0000 1.0000 0.0000 0.0000 0.0000 0.0000 0.0000 0.0000 0.0000 0.0000 0.0000
36       36   (0)      1  : 0.0000 0.0000 1.0000 0.0000 0.0000 0.0000 0.0000 0.0000 0.0000 0.0000 0.0000 0.0000
37       37   (0)      1  : 0.0000 0.0000 1.0000 0.0000 0.0000 0.0000 0.0000 0.0000 0.0000 0.0000 0.0000 0.0000
38       38   (0)      1  : 0.0000 0.0000 0.0000 0.0000 1.0000 0.0000 0.0000 0.0000 0.0000 0.0000 0.0000 0.0000
39       39   (0)      1  : 0.0000 0.0000 0.0000 0.0000 1.0000 0.0000 0.0000 0.0000 0.0000 0.0000 0.0000 0.0000
40       40   (0)      1  : 0.0000 0.0000 0.0000 0.1396 0.0000 0.0000 0.5000 0.0000 0.0000 0.3604 0.0000 0.0000
41       41   (0)      1  : 0.6953 0.0000 0.0000 0.0000 0.0000 0.0000 0.0254 0.0000 0.0000 0.0000 0.2793 0.0000
42       42   (0)      1  : 0.0000 0.0000 0.0000 0.0000 1.0000 0.0000 0.0000 0.0000 0.0000 0.0000 0.0000 0.0000
43       43   (0)      1  : 0.0000 0.0000 0.0043 0.2304 0.0000 0.0003 0.0000 0.0000 0.0000 0.6857 0.0000 0.0793
44       44   (0)      1  : 0.9897 0.0000 0.0000 0.0000 0.0000 0.0000 0.0000 0.0000 0.0000 0.0000 0.0000 0.0103
45       45   (0)      1  : 0.0000 0.0000 0.0000 0.0000 1.0000 0.0000 0.0000 0.0000 0.0000 0.0000 0.0000 0.0000
46       46   (0)      1  : 0.0000 0.0000 0.0000 0.7931 0.0000 0.0000 0.0000 0.0000 0.0000 0.0000 0.0000 0.2069
47       47   (0)      1  : 0.0000 0.0000 0.0000 0.0000 1.0000 0.0000 0.0000 0.0000 0.0000 0.0000 0.0000 0.0000
48       48   (0)      1  : 0.6824 0.0000 0.0000 0.0000 0.0000 0.2900 0.0144 0.0000 0.0023 0.0000 0.0109 0.0000
49       49   (0)      1  : 0.8782 0.0000 0.0000 0.0000 0.0000 0.0000 0.0001 0.0000 0.0000 0.0000 0.1217 0.0000
50       50   (0)      1  : 0.0000 0.0000 0.0000 0.0000 1.0000 0.0000 0.0000 0.0000 0.0000 0.0000 0.0000 0.0000
51       51   (0)      1  : 0.0000 0.0000 0.0000 0.0000 0.9987 0.0000 0.0000 0.0000 0.0013 0.0000 0.0000 0.0000
52       52   (0)      1  : 0.4461 0.0000 0.0000 0.0000 0.0000 0.0000 0.0000 0.0000 0.0000 0.0000 0.5539 0.0000
53       53   (0)      1  : 0.9550 0.0000 0.0000 0.0000 0.0000 0.0000 0.0000 0.0000 0.0000 0.0121 0.0000 0.0329
54       54   (0)      1  : 0.5153 0.0000 0.0000 0.0000 0.0000 0.3765 0.0227 0.0000 0.0000 0.0000 0.0729 0.0126
55       55   (0)      1  : 0.0000 0.0000 0.0000 0.0000 1.0000 0.0000 0.0000 0.0000 0.0000 0.0000 0.0000 0.0000
56       56   (0)      2  : 0.0031 0.0000 0.0000 0.1457 0.0000 0.0000 0.0000 0.0000 0.0000 0.5057 0.1036 0.2418
57       57   (0)      2  : 0.0000 0.0000 0.0000 0.0000 0.0000 0.0000 1.0000 0.0000 0.0000 0.0000 0.0000 0.0000
58       58   (0)      2  : 0.0000 0.0000 0.0000 0.0000 0.0000 0.0000 1.0000 0.0000 0.0000 0.0000 0.0000 0.0000
59       59   (0)      2  : 0.0000 0.0000 0.0000 0.2100 0.0000 0.0000 0.0000 0.0000 0.0000 0.6133 0.0000 0.1767
60       60   (0)      2  : 0.8209 0.0000 0.0000 0.0325 0.0000 0.1224 0.0000 0.0000 0.0000 0.0000 0.0000 0.0242
61       61   (0)      2  : 0.0000 0.0000 0.0000 0.5000 0.0000 0.0000 0.0000 0.0000 0.0000 0.0000 0.5000 0.0000
62       62   (0)      2  : 0.0000 0.0000 1.0000 0.0000 0.0000 0.0000 0.0000 0.0000 0.0000 0.0000 0.0000 0.0000
63       63   (0)      2  : 0.0000 0.0000 0.0000 0.0000 0.0000 0.0000 0.5000 0.0000 0.0000 0.0000 0.5000 0.0000
64       64   (0)      2  : 0.0000 0.0000 1.0000 0.0000 0.0000 0.0000 0.0000 0.0000 0.0000 0.0000 0.0000 0.0000
65       65   (0)      2  : 0.0059 0.0000 0.0000 0.6313 0.0000 0.0218 0.0000 0.0000 0.0000 0.0000 0.0015 0.3394
66       66   (0)      2  : 0.0000 0.0000 1.0000 0.0000 0.0000 0.0000 0.0000 0.0000 0.0000 0.0000 0.0000 0.0000
67       67   (0)      2  : 0.0000 0.0000 0.0016 0.2100 0.0000 0.0000 0.1284 0.0000 0.0000 0.0584 0.5000 0.1016
68       68   (0)      2  : 0.0017 0.0000 0.0000 0.3084 0.0000 0.0000 0.0000 0.0000 0.0000 0.1707 0.0000 0.5193
69       69   (0)      2  : 0.8006 0.0000 0.0000 0.0000 0.0000 0.1791 0.0000 0.0000 0.0000 0.0000 0.0001 0.0201
70       70   (0)      2  : 0.0000 0.0000 0.0000 0.0000 0.0000 0.0000 0.8084 0.0000 0.0000 0.0000 0.0000 0.1916
71       71   (0)      2  : 0.0000 0.0000 1.0000 0.0000 0.0000 0.0000 0.0000 0.0000 0.0000 0.0000 0.0000 0.0000
72       72   (0)      2  : 0.0000 0.0000 1.0000 0.0000 0.0000 0.0000 0.0000 0.0000 0.0000 0.0000 0.0000 0.0000
73       73   (0)      2  : 0.0000 0.0000 0.0000 0.0000 0.0000 0.0846 0.1703 0.0000 0.0010 0.6512 0.0000 0.0930
74       74   (0)      2  : 0.8073 0.0000 0.0000 0.0000 0.0000 0.0000 0.0000 0.0000 0.0000 0.0000 0.1726 0.0201
75       75   (0)      2  : 0.0000 0.0000 0.0000 0.0000 1.0000 0.0000 0.0000 0.0000 0.0000 0.0000 0.0000 0.0000
76       76   (0)      2  : 0.6687 0.0000 0.0000 0.0000 0.0000 0.0817 0.0000 0.0000 0.0000 0.0215 0.2282 0.0000
77       77   (0)      2  : 0.0269 0.0000 0.0000 0.1616 0.0000 0.0207 0.2283 0.0000 0.0000 0.4736 0.0000 0.0888
78       78   (0)      2  : 0.0000 0.0000 1.0000 0.0000 0.0000 0.0000 0.0000 0.0000 0.0000 0.0000 0.0000 0.0000
79       79   (0)      2  : 0.0000 0.0000 0.0000 0.0000 1.0000 0.0000 0.0000 0.0000 0.0000 0.0000 0.0000 0.0000
80       80   (0)      2  : 0.0000 0.0000 1.0000 0.0000 0.0000 0.0000 0.0000 0.0000 0.0000 0.0000 0.0000 0.0000
81       81   (0)      2  : 0.0001 0.0000 0.0012 0.2221 0.0000 0.0000 0.4235 0.0000 0.0000 0.0777 0.1598 0.1157
82       82   (0)      2  : 0.9894 0.0000 0.0000 0.0000 0.0000 0.0000 0.0000 0.0000 0.0000 0.0106 0.0000 0.0000
83       83   (0)      2  : 0.7785 0.0000 0.0000 0.0000 0.0000 0.1722 0.0000 0.0000 0.0000 0.0000 0.0492 0.0000
84       84   (0)      2  : 0.1216 0.0000 0.0000 0.1997 0.0000 0.0140 0.3477 0.0000 0.0000 0.2441 0.0728 0.0000
85       85   (0)      2  : 0.0000 0.0000 0.0000 0.4168 0.0000 0.0097 0.0000 0.0000 0.0000 0.2519 0.1745 0.1471
86       86   (0)      2  : 0.0000 0.0000 0.0000 0.7691 0.0000 0.0000 0.0000 0.0000 0.0000 0.0000 0.0000 0.2309
87       87   (0)      2  : 0.0000 0.0000 0.0000 0.0000 0.0000 0.0000 0.3112 0.0000 0.0000 0.1715 0.0173 0.5000
88       88   (0)      2  : 0.0000 0.0000 0.0000 0.0000 0.0000 0.0000 0.2876 0.0000 0.0000 0.4426 0.2698 0.0000
89       89   (0)      2  : 0.0000 0.0000 0.0000 0.5376 0.0000 0.0000 0.0000 0.0000 0.0000 0.2529 0.2095 0.0000
90       90   (0)      2  : 0.0076 0.0000 0.0000 0.0000 0.0000 0.0000 0.3464 0.0000 0.0000 0.4924 0.0000 0.1536
91       91   (0)      2  : 0.0000 0.0000 0.0000 0.0000 0.0000 0.0000 0.7600 0.0000 0.0000 0.0954 0.1446 0.0000
92       92   (0)      2  : 0.0000 0.0000 0.0000 1.0000 0.0000 0.0000 0.0000 0.0000 0.0000 0.0000 0.0000 0.0000
93       93   (0)      2  : 0.3256 0.0000 0.0000 0.0000 0.0000 0.1744 0.0000 0.0000 0.0000 0.0000 0.5000 0.0000
94       94   (0)      2  : 0.8100 0.0000 0.0011 0.0000 0.0000 0.1667 0.0000 0.0000 0.0000 0.0197 0.0000 0.0024
95       95   (0)      2  : 0.0000 0.0000 1.0000 0.0000 0.0000 0.0000 0.0000 0.0000 0.0000 0.0000 0.0000 0.0000
96       96   (0)      2  : 0.3831 0.0000 0.0000 0.0000 0.0000 0.5900 0.0000 0.0000 0.0000 0.0000 0.0269 0.0000
97       97   (0)      2  : 0.2251 0.0000 0.0000 0.0000 0.0000 0.7655 0.0094 0.0000 0.0000 0.0000 0.0000 0.0000
98       98   (0)      2  : 0.0000 0.0000 0.0000 0.0000 0.0000 0.0000 0.5000 0.0000 0.0000 0.0000 0.0000 0.5000
99       99   (0)      2  : 0.0000 0.0000 1.0000 0.0000 0.0000 0.0000 0.0000 0.0000 0.0000 0.0000 0.0000 0.0000
100      100   (0)      2  : 0.0000 0.0000 0.0000 0.0000 0.0000 0.0000 0.1490 0.0000 0.0000 0.6357 0.0000 0.2152
101      101   (0)      3  : 0.0065 0.0000 0.0000 0.1004 0.0000 0.0000 0.4050 0.0000 0.0000 0.1993 0.0031 0.2857
102      102   (0)      3  : 0.0000 0.0000 0.0000 0.0000 0.0000 0.0000 0.0001 0.0000 0.0000 0.1765 0.3265 0.4969
103      103   (0)      3  : 0.0000 0.0000 0.0000 0.0000 0.0000 0.0000 0.5494 0.0000 0.0000 0.4506 0.0000 0.0000
104      104   (0)      3  : 0.0000 0.0000 0.0000 0.1787 0.0000 0.0000 0.0867 0.0000 0.0000 0.4992 0.0011 0.2343
105      105   (0)      3  : 0.0000 0.0000 0.0000 1.0000 0.0000 0.0000 0.0000 0.0000 0.0000 0.0000 0.0000 0.0000
106      106   (0)      3  : 0.0000 0.0000 0.0002 0.2259 0.0000 0.0073 0.0000 0.0000 0.0000 0.0972 0.1694 0.5000
107      107   (0)      3  : 0.0000 0.0000 0.0000 0.7794 0.0000 0.0000 0.1350 0.0000 0.0000 0.0856 0.0000 0.0000
108      108   (0)      3  : 0.0000 0.0000 0.0000 0.5000 0.0000 0.0000 0.0000 0.0000 0.0000 0.0000 0.0000 0.5000
109      109   (0)      3  : 0.0000 0.0000 0.0000 0.0000 0.0000 0.0000 0.3040 0.0000 0.0000 0.5282 0.0000 0.1677
110      110   (0)      3  : 0.0000 0.0000 0.0000 0.4450 0.0000 0.0000 0.0873 0.0000 0.0000 0.1381 0.3028 0.0267
111      111   (0)      3  : 0.0000 0.0000 0.0026 0.0000 0.0000 0.0110 0.0000 0.0000 0.0000 0.9863 0.0000 0.0000
112      112   (0)      3  : 0.0000 0.0000 0.0000 0.2282 0.0000 0.0000 0.3245 0.0000 0.0000 0.2718 0.1755 0.0000
113      113   (0)      3  : 0.0000 0.0000 0.0000 0.0000 0.0000 0.0000 0.2206 0.0000 0.0000 0.2794 0.0000 0.5000
114      114   (0)      3  : 0.0107 0.0000 0.0000 0.3728 0.0000 0.0000 0.3048 0.0000 0.0000 0.3002 0.0001 0.0114
115      115   (0)      3  : 0.0087 0.0000 0.0000 0.0010 0.0000 0.0000 0.3456 0.0000 0.0000 0.3651 0.0240 0.2556
116      116   (0)      3  : 0.0000 0.0000 0.0000 0.3273 0.0000 0.0000 0.2069 0.0000 0.0000 0.0023 0.0012 0.4623
117      117   (0)      3  : 0.0193 0.0000 0.0000 0.1237 0.0000 0.0033 0.2810 0.0000 0.0000 0.2353 0.1484 0.1889
118      118   (0)      3  : 0.0000 0.0000 0.0000 0.0000 0.0000 0.0000 0.2817 0.0000 0.0000 0.4856 0.2328 0.0000
119      119   (0)      3  : 0.0169 0.0000 0.0000 0.2715 0.0000 0.0000 0.0000 0.0000 0.0000 0.1548 0.1577 0.3992
120      120   (0)      3  : 0.0119 0.0000 0.0845 0.0000 0.0000 0.0410 0.1745 0.0000 0.0000 0.3323 0.1303 0.2255
121      121   (0)      3  : 0.0000 0.0000 0.0000 0.2805 0.0000 0.0000 0.0000 0.0000 0.0000 0.0000 0.0000 0.7195
122      122   (0)      3  : 0.0000 0.0000 0.0000 0.0000 0.0000 0.0000 0.0000 0.0000 0.0000 0.2975 0.2025 0.5000
123      123   (0)      3  : 0.0000 0.0000 0.0000 0.1853 0.0000 0.0000 0.0000 0.0000 0.0000 0.3707 0.2745 0.1695
124      124   (0)      3  : 0.0000 0.0000 0.0000 0.1280 0.0000 0.0000 0.0000 0.0000 0.0000 0.7165 0.1556 0.0000
125      125   (0)      3  : 0.0000 0.0000 0.0050 0.6974 0.0000 0.0000 0.0539 0.0000 0.0000 0.0804 0.1634 0.0000
126      126   (0)      3  : 0.0207 0.0000 0.0000 0.2206 0.0000 0.0000 0.1634 0.0000 0.0000 0.4967 0.0000 0.0986
127      127   (0)      3  : 0.0000 0.0000 0.0000 0.3781 0.0000 0.0305 0.1647 0.0000 0.0000 0.2444 0.0229 0.1595
128      128   (0)      3  : 0.0000 0.0000 0.0000 0.0000 0.0000 0.0000 0.3730 0.0000 0.0000 0.2190 0.0000 0.4080
129      129   (0)      3  : 0.0459 0.0000 0.0000 0.0038 0.0000 0.0000 0.1211 0.0000 0.0000 0.5581 0.2712 0.0000
130      130   (0)      3  : 0.5927 0.0000 0.0000 0.0000 0.0000 0.3742 0.0209 0.0000 0.0000 0.0000 0.0011 0.0111
131      131   (0)      3  : 0.3993 0.0000 0.0000 0.0000 0.0000 0.4016 0.0000 0.0000 0.0000 0.0000 0.1619 0.0372
132      132   (0)      3  : 0.0000 0.0000 1.0000 0.0000 0.0000 0.0000 0.0000 0.0000 0.0000 0.0000 0.0000 0.0000
133      133   (0)      3  : 0.0000 0.0000 0.0000 0.0000 0.9132 0.0000 0.0000 0.0000 0.0868 0.0000 0.0000 0.0000
134      134   (0)      3  : 0.6928 0.0000 0.0000 0.0000 0.0250 0.0107 0.1206 0.0000 0.0000 0.0001 0.1509 0.0000
135      135   (0)      3  : 0.0000 0.0000 0.0062 0.0000 0.0000 0.0000 0.8178 0.0000 0.0000 0.0000 0.1761 0.0000
136      136   (0)      3  : 0.0000 0.0000 0.0000 0.6584 0.0000 0.0105 0.0000 0.0000 0.0000 0.0000 0.3311 0.0000
137      137   (0)      3  : 0.3193 0.0000 0.0000 0.0000 0.0000 0.6807 0.0000 0.0000 0.0000 0.0000 0.0000 0.0000
138      138   (0)      3  : 0.0000 0.0000 0.0000 0.0000 0.0000 0.0105 0.2785 0.0000 0.0000 0.4999 0.1356 0.0755
139      139   (0)      3  : 0.0000 0.0000 0.0000 0.0000 0.0000 0.0000 0.0062 0.0000 0.0000 0.7817 0.2121 0.0000
140      140   (0)      3  : 0.0000 0.0000 0.0000 0.6203 0.0000 0.0024 0.2806 0.0000 0.0000 0.0000 0.0000 0.0967
141      141   (0)      3  : 0.0000 0.0000 1.0000 0.0000 0.0000 0.0000 0.0000 0.0000 0.0000 0.0000 0.0000 0.0000
142      142   (0)      3  : 0.0000 0.0000 1.0000 0.0000 0.0000 0.0000 0.0000 0.0000 0.0000 0.0000 0.0000 0.0000
143      143   (0)      3  : 0.0000 0.0000 1.0000 0.0000 0.0000 0.0000 0.0000 0.0000 0.0000 0.0000 0.0000 0.0000
144      144   (0)      3  : 0.0000 0.0000 1.0000 0.0000 0.0000 0.0000 0.0000 0.0000 0.0000 0.0000 0.0000 0.0000
145      145   (0)      3  : 0.0000 0.0000 1.0000 0.0000 0.0000 0.0000 0.0000 0.0000 0.0000 0.0000 0.0000 0.0000
146      146   (0)      3  : 0.7186 0.0000 0.0000 0.0253 0.0000 0.2274 0.0000 0.0000 0.0000 0.0000 0.0000 0.0287
147      147   (0)      3  : 0.0000 0.0000 0.0000 0.0000 0.0000 0.0000 0.4856 0.0000 0.0000 0.3417 0.0000 0.1728
148      148   (0)      3  : 0.0000 0.0000 1.0000 0.0000 0.0000 0.0000 0.0000 0.0000 0.0000 0.0000 0.0000 0.0000
149      149   (0)      3  : 0.0000 0.0000 1.0000 0.0000 0.0000 0.0000 0.0000 0.0000 0.0000 0.0000 0.0000 0.0000
150      150   (0)      3  : 0.0000 0.0227 0.0007 0.0000 0.8373 0.0000 0.0000 0.0000 0.1393 0.0000 0.0000 0.0000
151      151   (0)      3  : 0.0000 0.0000 0.0000 0.0000 1.0000 0.0000 0.0000 0.0000 0.0000 0.0000 0.0000 0.0000
152      152   (0)      3  : 0.0000 0.0000 0.0000 0.0000 0.0000 0.0000 0.0000 0.0000 0.0000 0.5000 0.0000 0.5000
153      153   (0)      3  : 0.0000 0.0000 1.0000 0.0000 0.0000 0.0000 0.0000 0.0000 0.0000 0.0000 0.0000 0.0000
154      154   (0)      3  : 0.0000 0.0000 0.0040 0.0000 0.0000 0.0000 0.5956 0.0000 0.0000 0.4004 0.0000 0.0000
155      155   (0)      3  : 0.0000 0.0000 0.0000 0.5157 0.0000 0.0000 0.2023 0.0000 0.0000 0.0000 0.2820 0.0000
156      156   (0)      3  : 0.6287 0.0000 0.0000 0.0467 0.0000 0.2220 0.0000 0.0000 0.0022 0.0000 0.0716 0.0287
157      157   (0)      3  : 0.0000 0.0000 0.0000 0.0287 0.0000 0.0000 0.1167 0.0000 0.0000 0.7001 0.1494 0.0051
158      158   (0)      3  : 0.8055 0.0000 0.0000 0.0000 0.0000 0.1945 0.0000 0.0000 0.0000 0.0000 0.0000 0.0000
159      159   (0)      3  : 0.0000 0.0000 0.0000 0.1770 0.0000 0.0000 0.0325 0.0000 0.0000 0.1479 0.3196 0.3230
160      160   (0)      3  : 0.8379 0.0000 0.0000 0.0000 0.0000 0.0000 0.0000 0.0000 0.0000 0.0060 0.1403 0.0158
161      161   (0)      4  : 0.0000 0.0000 0.0000 0.0000 0.0000 0.0167 0.1154 0.0000 0.0000 0.8679 0.0000 0.0000
162      162   (0)      4  : 0.0000 0.0000 0.0000 0.7019 0.0000 0.0000 0.0000 0.0000 0.0000 0.0000 0.2981 0.0000
163      163   (0)      4  : 0.0000 0.0000 1.0000 0.0000 0.0000 0.0000 0.0000 0.0000 0.0000 0.0000 0.0000 0.0000
164      164   (0)      4  : 0.6720 0.0000 0.0000 0.0000 0.0000 0.1312 0.0073 0.0000 0.0000 0.0000 0.1895 0.0000
165      165   (0)      4  : 0.0000 0.0000 1.0000 0.0000 0.0000 0.0000 0.0000 0.0000 0.0000 0.0000 0.0000 0.0000
166      166   (0)      4  : 0.0000 0.0000 1.0000 0.0000 0.0000 0.0000 0.0000 0.0000 0.0000 0.0000 0.0000 0.0000
167      167   (0)      4  : 0.0000 0.0000 0.0000 0.0000 0.0000 0.0000 0.0000 0.0000 0.0000 0.3819 0.0000 0.6181
168      168   (0)      4  : 0.0000 0.0000 0.0000 0.5455 0.0000 0.0000 0.0000 0.0000 0.0000 0.0000 0.1120 0.3425
169      169   (0)      4  : 0.0000 0.0000 0.0000 0.5000 0.0000 0.0000 0.1766 0.0000 0.0000 0.0000 0.3229 0.0004
170      170   (0)      4  : 0.0000 0.0000 0.0000 0.0000 0.0000 0.0000 0.1527 0.0000 0.0000 0.3951 0.0000 0.4521
171      171   (0)      4  : 0.0000 0.0000 0.0000 0.1782 0.0000 0.0117 0.0000 0.0000 0.0000 0.1597 0.5000 0.1504
172      172   (0)      4  : 0.0000 0.0000 0.0000 0.5006 0.0000 0.0000 0.2032 0.0000 0.0000 0.1653 0.0067 0.1240
173      173   (0)      4  : 0.0000 0.0000 0.0000 1.0000 0.0000 0.0000 0.0000 0.0000 0.0000 0.0000 0.0000 0.0000
174      174   (0)      4  : 0.9000 0.0000 0.0000 0.0161 0.0000 0.0000 0.0114 0.0000 0.0000 0.0000 0.0725 0.0000
175      175   (0)      4  : 0.0000 0.0000 0.0000 0.2492 0.0000 0.0000 0.2504 0.0000 0.0000 0.1276 0.3723 0.0004
176      176   (0)      4  : 0.0000 0.0000 1.0000 0.0000 0.0000 0.0000 0.0000 0.0000 0.0000 0.0000 0.0000 0.0000
177      177   (0)      4  : 0.0001 0.0000 0.0000 0.1771 0.0000 0.0125 0.2050 0.0000 0.0000 0.4851 0.1203 0.0000
178      178   (0)      4  : 0.0000 0.0000 1.0000 0.0000 0.0000 0.0000 0.0000 0.0000 0.0000 0.0000 0.0000 0.0000
179      179   (0)      4  : 0.0000 0.0000 1.0000 0.0000 0.0000 0.0000 0.0000 0.0000 0.0000 0.0000 0.0000 0.0000
180      180   (0)      4  : 0.0000 0.0000 0.0043 0.5000 0.0000 0.0000 0.2152 0.0000 0.0000 0.0000 0.2805 0.0000
181      181   (0)      4  : 0.0000 0.0000 0.0000 0.3199 0.0000 0.0000 0.0000 0.0000 0.0000 0.6801 0.0000 0.0000
182      182   (0)      4  : 0.0000 0.0000 0.0000 0.5000 0.0000 0.0000 0.1169 0.0000 0.0000 0.1821 0.0000 0.2010
183      183   (0)      4  : 0.8807 0.0000 0.0000 0.0000 0.0000 0.1147 0.0000 0.0000 0.0000 0.0000 0.0017 0.0030
184      184   (0)      4  : 0.6963 0.0000 0.0000 0.0000 0.0000 0.1327 0.0000 0.0000 0.0000 0.0173 0.1358 0.0179
185      185   (0)      4  : 0.0000 0.0000 1.0000 0.0000 0.0000 0.0000 0.0000 0.0000 0.0000 0.0000 0.0000 0.0000
186      186   (0)      4  : 0.0000 0.0000 0.0000 0.5000 0.0000 0.0000 0.0000 0.0000 0.0000 0.0000 0.0000 0.5000
187      187   (0)      4  : 0.0001 0.0000 0.0000 0.2374 0.0000 0.0415 0.1976 0.0000 0.0000 0.3648 0.0749 0.0837
188      188   (0)      4  : 0.0000 0.0000 1.0000 0.0000 0.0000 0.0000 0.0000 0.0000 0.0000 0.0000 0.0000 0.0000
189      189   (0)      4  : 0.0000 0.0000 0.0000 0.0000 0.0000 0.0000 0.0000 0.0000 0.0000 0.7284 0.0000 0.2716
190      190   (0)      4  : 0.5681 0.0000 0.0000 0.0074 0.0000 0.3126 0.0000 0.0000 0.0000 0.0000 0.1120 0.0000
191      191   (0)      4  : 0.0000 0.0000 0.1037 0.0000 0.0000 0.0738 0.3389 0.0000 0.0539 0.0000 0.0000 0.4297
192      192   (0)      4  : 0.0000 0.0000 0.0000 0.1799 0.0000 0.0000 0.1055 0.0000 0.0000 0.4716 0.2431 0.0000
193      193   (0)      4  : 0.0000 0.0000 0.0021 0.3705 0.0000 0.0228 0.0000 0.0000 0.0000 0.1046 0.5000 0.0000
194      194   (0)      4  : 0.0075 0.0000 0.0053 0.2065 0.0000 0.0000 0.0000 0.0000 0.0000 0.2450 0.5000 0.0358
195      195   (0)      4  : 0.0000 0.0000 0.0000 0.5000 0.0000 0.0000 0.3305 0.0000 0.0000 0.0112 0.0000 0.1583
196      196   (0)      4  : 0.0000 0.0000 0.0000 0.0000 0.0000 0.0000 0.1054 0.0000 0.0000 0.5666 0.1927 0.1353
197      197   (0)      4  : 0.0000 0.0000 0.0000 0.0953 0.0000 0.0000 0.0632 0.0000 0.0000 0.5244 0.0743 0.2428
198      198   (0)      4  : 0.0000 0.0000 0.0000 0.0000 0.0000 0.0000 0.2317 0.0000 0.0000 0.6394 0.0000 0.1289
199      199   (0)      4  : 0.0122 0.0000 0.0000 0.0000 0.0000 0.0000 0.1396 0.0000 0.0000 0.3481 0.0000 0.5000
200      200   (0)      4  : 0.4651 0.0000 0.0000 0.0000 0.0000 0.0000 0.0000 0.0000 0.0000 0.0000 0.5000 0.0349
201      201   (0)      4  : 0.0000 0.0000 0.0000 0.0000 0.0000 0.0000 0.8195 0.0000 0.0000 0.1805 0.0000 0.0000
202      202   (0)      4  : 0.0000 0.0000 0.0000 0.0000 0.0000 0.0000 0.2728 0.0000 0.0000 0.2272 0.5000 0.0000
203      203   (0)      4  : 0.0000 0.0000 0.0000 0.3047 0.0000 0.0106 0.0000 0.0000 0.0000 0.0000 0.5000 0.1847
204      204   (0)      4  : 0.0000 0.0000 0.0000 0.0000 0.0000 0.0000 0.5000 0.0000 0.0000 0.0000 0.5000 0.0000
205      205   (0)      4  : 0.0000 0.0000 0.0000 0.5000 0.0000 0.0000 0.0000 0.0000 0.0000 0.0000 0.5000 0.0000
206      206   (0)      4  : 0.0000 0.0000 0.0000 0.0452 0.0000 0.0000 0.2408 0.0000 0.0000 0.6285 0.0000 0.0854
207      207   (0)      4  : 0.0000 0.0000 0.0000 0.0000 0.0000 0.0000 0.5000 0.0000 0.0000 0.2568 0.0000 0.2432
208      208   (0)      4  : 0.6731 0.0000 0.0000 0.0000 0.0000 0.0000 0.0000 0.0000 0.0000 0.0000 0.2976 0.0293
209      209   (0)      4  : 0.0000 0.0000 0.0000 0.0000 0.0000 0.0000 0.2394 0.0000 0.0000 0.5000 0.0000 0.2606
210      210   (0)      4  : 0.0000 0.0000 0.0000 0.2248 0.0000 0.0000 0.5000 0.0000 0.0000 0.0488 0.1551 0.0713
211      211   (0)      4  : 0.0000 0.0000 0.0000 0.2841 0.0000 0.0165 0.0649 0.0000 0.0000 0.2997 0.1364 0.1985
212      212   (0)      4  : 0.5792 0.0000 0.0000 0.0000 0.0000 0.3768 0.0172 0.0000 0.0000 0.0000 0.0268 0.0000
213      213   (0)      4  : 0.0000 0.0000 0.0000 0.2015 0.0000 0.0000 0.0000 0.0000 0.0000 0.1904 0.3096 0.2985
214      214   (0)      4  : 0.0000 0.0000 0.0067 0.0000 0.0000 0.0000 0.2114 0.0000 0.0000 0.7819 0.0000 0.0000
215      215   (0)      4  : 0.4870 0.0000 0.0000 0.0244 0.0000 0.0000 0.3648 0.0000 0.0000 0.1238 0.0000 0.0000
216      216   (0)      4  : 0.0000 0.0000 0.0000 0.0000 0.0000 0.0034 0.0000 0.0000 0.0000 0.6783 0.3183 0.0000
217      217   (0)      4  : 0.0000 0.0000 1.0000 0.0000 0.0000 0.0000 0.0000 0.0000 0.0000 0.0000 0.0000 0.0000
218      218   (0)      4  : 0.0000 0.0000 0.0000 0.0000 0.0000 0.0000 0.0000 0.0000 0.0000 0.9642 0.0358 0.0000
219      219   (0)      4  : 0.0100 0.0000 0.0000 0.0836 0.0000 0.0000 0.1111 0.0000 0.0000 0.1401 0.1049 0.5503
220      220   (0)      5  : 0.0000 0.9121 0.0000 0.0000 0.0100 0.0000 0.0000 0.0779 0.0000 0.0000 0.0000 0.0000
221      221   (0)      5  : 0.0000 0.1924 0.0000 0.0000 0.0000 0.0000 0.0000 0.8076 0.0000 0.0000 0.0000 0.0000
222      222   (0)      6  : 0.0000 0.0000 0.0000 0.0000 0.0000 0.0000 0.0000 1.0000 0.0000 0.0000 0.0000 0.0000
223      223   (0)      6  : 0.0000 0.3908 0.0000 0.0000 0.0000 0.0000 0.0000 0.6092 0.0000 0.0000 0.0000 0.0000
224      224   (0)      6  : 0.0000 0.5853 0.0000 0.0000 0.0000 0.0000 0.0000 0.4071 0.0076 0.0000 0.0000 0.0000
225      225   (0)      6  : 0.0000 0.0987 0.0000 0.0000 0.0614 0.0000 0.0000 0.8399 0.0000 0.0000 0.0000 0.0000
226      226   (0)      6  : 0.0000 0.7106 0.0000 0.0000 0.0000 0.0000 0.0000 0.2682 0.0213 0.0000 0.0000 0.0000
227      227   (0)      6  : 0.0000 0.5434 0.0000 0.0000 0.0000 0.0000 0.0000 0.4566 0.0000 0.0000 0.0000 0.0000
228      228   (0)      6  : 0.0000 0.9471 0.0000 0.0000 0.0217 0.0000 0.0000 0.0000 0.0312 0.0000 0.0000 0.0000
229      229   (0)      6  : 0.0000 0.9988 0.0000 0.0000 0.0000 0.0000 0.0000 0.0012 0.0000 0.0000 0.0000 0.0000
230      230   (0)      6  : 0.0000 0.7678 0.0000 0.0000 0.0000 0.0000 0.0000 0.2261 0.0061 0.0000 0.0000 0.0000
231      231   (0)      6  : 0.0000 0.8452 0.0000 0.0000 0.0452 0.0000 0.0000 0.1096 0.0000 0.0000 0.0000 0.0000
232      232   (0)      6  : 0.0000 0.4984 0.0000 0.0000 0.0312 0.0000 0.0000 0.4704 0.0000 0.0000 0.0000 0.0000
233      233   (0)      6  : 0.0000 0.8639 0.0000 0.0000 0.0000 0.0000 0.0000 0.1174 0.0186 0.0000 0.0000 0.0000
234      234   (0)      6  : 0.0000 0.4009 0.0000 0.0000 0.0272 0.0000 0.0000 0.5719 0.0000 0.0000 0.0000 0.0000
235      235   (0)      6  : 0.0000 0.2894 0.0079 0.0000 0.0360 0.0000 0.0000 0.6667 0.0000 0.0000 0.0000 0.0000
236      236   (0)      6  : 0.0000 0.6314 0.0000 0.0000 0.0107 0.0000 0.0000 0.3578 0.0000 0.0000 0.0000 0.0000
237      237   (0)      6  : 0.0000 0.7994 0.0000 0.0000 0.0000 0.0000 0.0000 0.1950 0.0055 0.0000 0.0000 0.0000
238      238   (0)      6  : 0.0000 0.8117 0.0030 0.0000 0.0000 0.0000 0.0000 0.1853 0.0000 0.0000 0.0000 0.0000
239      239   (0)      6  : 0.0000 0.7022 0.0038 0.0000 0.0109 0.0000 0.0000 0.2832 0.0000 0.0000 0.0000 0.0000
240      240   (0)      6  : 0.0000 0.5313 0.0024 0.0000 0.0302 0.0000 0.0000 0.4362 0.0000 0.0000 0.0000 0.0000
241      241   (0)      6  : 0.0000 0.7660 0.0000 0.0000 0.0000 0.0000 0.0000 0.2340 0.0000 0.0000 0.0000 0.0000
242      242   (0)      6  : 0.0000 0.2278 0.0000 0.0000 0.0000 0.0000 0.0000 0.7618 0.0103 0.0000 0.0000 0.0000
243      243   (0)      6  : 0.0000 0.9231 0.0000 0.0000 0.0682 0.0000 0.0000 0.0002 0.0085 0.0000 0.0000 0.0000
244      244   (0)      6  : 0.0000 0.6483 0.0000 0.0000 0.0021 0.0000 0.0000 0.3496 0.0000 0.0000 0.0000 0.0000
245      245   (0)      6  : 0.0000 0.8508 0.0000 0.0000 0.0008 0.0000 0.0000 0.1483 0.0000 0.0000 0.0000 0.0000
246      246   (0)      6  : 0.0000 0.0000 0.0000 0.0000 0.0000 0.0000 0.0000 1.0000 0.0000 0.0000 0.0000 0.0000
247      247   (0)      6  : 0.0000 0.5673 0.0000 0.0000 0.0000 0.0000 0.0000 0.4327 0.0000 0.0000 0.0000 0.0000
248      248   (0)      6  : 0.0000 0.8096 0.0000 0.0000 0.0000 0.0000 0.0000 0.1767 0.0137 0.0000 0.0000 0.0000
249      249   (0)      7  : 0.0000 0.6680 0.0000 0.0000 0.0000 0.0000 0.0000 0.3269 0.0051 0.0000 0.0000 0.0000
250      250   (0)      7  : 0.0000 0.4728 0.0000 0.0000 0.0000 0.0000 0.0000 0.5272 0.0000 0.0000 0.0000 0.0000
251      251   (0)      7  : 0.0000 0.7715 0.0000 0.0000 0.0000 0.0000 0.0000 0.2285 0.0000 0.0000 0.0000 0.0000
252      252   (0)      7  : 0.0000 0.5824 0.0000 0.0000 0.0000 0.0000 0.0000 0.4176 0.0000 0.0000 0.0000 0.0000
253      253   (0)      7  : 0.0000 0.0000 0.0000 0.0000 0.0000 0.0000 0.0000 1.0000 0.0000 0.0000 0.0000 0.0000
254      254   (0)      7  : 0.0000 0.2706 0.0000 0.0000 0.0138 0.0000 0.0000 0.7156 0.0000 0.0000 0.0000 0.0000
255      255   (0)      7  : 0.0000 0.9085 0.0000 0.0000 0.0000 0.0000 0.0000 0.0915 0.0000 0.0000 0.0000 0.0000
256      256   (0)      7  : 0.0000 0.5788 0.0000 0.0000 0.0000 0.0000 0.0000 0.4212 0.0000 0.0000 0.0000 0.0000
257      257   (0)      7  : 0.0000 0.5912 0.0000 0.0000 0.0000 0.0000 0.0000 0.4088 0.0000 0.0000 0.0000 0.0000
258      258   (0)      7  : 0.0000 1.0000 0.0000 0.0000 0.0000 0.0000 0.0000 0.0000 0.0000 0.0000 0.0000 0.0000
259      259   (0)      7  : 0.0000 0.6225 0.0000 0.0000 0.0000 0.0000 0.0000 0.3775 0.0000 0.0000 0.0000 0.0000
260      260   (0)      7  : 0.0000 0.7507 0.0000 0.0000 0.0000 0.0000 0.0000 0.2493 0.0000 0.0000 0.0000 0.0000
261      261   (0)      7  : 0.0000 0.0048 0.0000 0.0000 0.0000 0.0000 0.0000 0.9952 0.0000 0.0000 0.0000 0.0000
262      262   (0)      7  : 0.0000 0.2558 0.0000 0.0000 0.0000 0.0000 0.0000 0.7442 0.0000 0.0000 0.0000 0.0000
263      263   (0)      7  : 0.0000 0.8264 0.0000 0.0000 0.0109 0.0000 0.0000 0.1626 0.0000 0.0000 0.0000 0.0000
264      264   (0)      7  : 0.0000 0.5551 0.0000 0.0000 0.0216 0.0000 0.0000 0.4233 0.0000 0.0000 0.0000 0.0000
265      265   (0)      7  : 0.0000 0.2616 0.0000 0.0000 0.0000 0.0000 0.0000 0.7384 0.0000 0.0000 0.0000 0.0000
266      266   (0)      7  : 0.0000 0.3205 0.0000 0.0000 0.0029 0.0000 0.0000 0.6563 0.0203 0.0000 0.0000 0.0000
267      267   (0)      7  : 0.0000 0.2459 0.0047 0.0000 0.0443 0.0000 0.0000 0.7051 0.0000 0.0000 0.0000 0.0000
268      268   (0)      7  : 0.0000 0.3557 0.0000 0.0000 0.0000 0.0000 0.0000 0.6443 0.0000 0.0000 0.0000 0.0000
269      269   (0)      7  : 0.0000 0.0697 0.0000 0.0000 0.0108 0.0000 0.0000 0.9158 0.0036 0.0000 0.0000 0.0000
270      270   (0)      7  : 0.0000 0.6398 0.0000 0.0000 0.0283 0.0000 0.0000 0.3319 0.0000 0.0000 0.0000 0.0000
271      271   (0)      7  : 0.0000 0.4260 0.0000 0.0000 0.0000 0.0000 0.0000 0.5740 0.0000 0.0000 0.0000 0.0000
272      272   (0)      7  : 0.0000 0.0000 0.0000 0.0000 0.0000 0.0000 0.0000 1.0000 0.0000 0.0000 0.0000 0.0000
273      273   (0)      7  : 0.0000 0.6727 0.0000 0.0000 0.0000 0.0000 0.0000 0.3158 0.0115 0.0000 0.0000 0.0000
274      274   (0)      7  : 0.0000 0.7162 0.0000 0.0000 0.0104 0.0000 0.0000 0.2549 0.0185 0.0000 0.0000 0.0000
275      275   (0)      7  : 0.0000 0.6940 0.0121 0.0000 0.0000 0.0000 0.0000 0.2891 0.0000 0.0048 0.0000 0.0000
276      276   (0)      7  : 0.0000 0.1554 0.0000 0.0000 0.0000 0.0000 0.0000 0.8446 0.0000 0.0000 0.0000 0.0000
277      277   (0)      7  : 0.0000 0.4245 0.0000 0.0000 0.0000 0.0000 0.0000 0.5720 0.0035 0.0000 0.0000 0.0000
278      278   (0)      7  : 0.0000 0.3222 0.0000 0.0000 0.0059 0.0000 0.0000 0.6719 0.0000 0.0000 0.0000 0.0000
279      279   (0)      8  : 0.0000 0.1087 0.0000 0.0000 0.0000 0.0000 0.0000 0.8913 0.0000 0.0000 0.0000 0.0000
280      280   (0)      8  : 0.0000 0.2575 0.0000 0.0000 0.0000 0.0000 0.0000 0.7393 0.0032 0.0000 0.0000 0.0000
281      281   (0)      8  : 0.0000 0.2872 0.0000 0.0000 0.0000 0.0000 0.0000 0.6967 0.0161 0.0000 0.0000 0.0000
282      282   (0)      8  : 0.0000 0.8154 0.0000 0.0000 0.0000 0.0000 0.0000 0.1739 0.0106 0.0000 0.0000 0.0000
283      283   (0)      8  : 0.0000 0.7840 0.0044 0.0000 0.0012 0.0000 0.0000 0.1905 0.0199 0.0000 0.0000 0.0000
284      284   (0)      8  : 0.0000 0.2518 0.0000 0.0000 0.0000 0.0000 0.0000 0.7482 0.0000 0.0000 0.0000 0.0000
285      285   (0)      8  : 0.0000 0.6568 0.0000 0.0000 0.0000 0.0000 0.0000 0.3395 0.0038 0.0000 0.0000 0.0000
286      286   (0)      8  : 0.0000 0.6331 0.0000 0.0000 0.0061 0.0000 0.0000 0.3609 0.0000 0.0000 0.0000 0.0000
287      287   (0)      8  : 0.0000 0.6748 0.0000 0.0000 0.0000 0.0000 0.0000 0.3252 0.0000 0.0000 0.0000 0.0000
288      288   (0)      8  : 0.0000 0.9663 0.0000 0.0000 0.0337 0.0000 0.0000 0.0000 0.0000 0.0000 0.0000 0.0000
289      289   (0)      8  : 0.0000 0.7290 0.0054 0.0000 0.0134 0.0000 0.0000 0.2411 0.0111 0.0000 0.0000 0.0000
290      290   (0)      5  : 0.0000 0.4283 0.0025 0.0000 0.0102 0.0000 0.0000 0.5590 0.0000 0.0000 0.0000 0.0000
291      291   (0)      5  : 0.0000 0.5350 0.0000 0.0000 0.0000 0.0000 0.0000 0.4650 0.0000 0.0000 0.0000 0.0000
292      292   (0)      5  : 0.0000 0.0000 0.0000 0.0000 0.0000 0.0000 0.0000 0.9977 0.0023 0.0000 0.0000 0.0000
293      293   (0)      5  : 0.0000 0.1518 0.0000 0.0000 0.0000 0.0000 0.0000 0.8235 0.0246 0.0000 0.0000 0.0000
294      294   (0)      5  : 0.0000 0.5704 0.0000 0.0000 0.0140 0.0000 0.0000 0.4156 0.0000 0.0000 0.0000 0.0000
295      295   (0)      5  : 0.0000 0.4367 0.0000 0.0000 0.0000 0.0000 0.0000 0.5633 0.0000 0.0000 0.0000 0.0000
296      296   (0)      5  : 0.0000 0.4441 0.0071 0.0000 0.0379 0.0000 0.0000 0.5042 0.0067 0.0000 0.0000 0.0000
297      297   (0)      5  : 0.0000 0.7311 0.0092 0.0000 0.0268 0.0000 0.0000 0.2210 0.0119 0.0000 0.0000 0.0000
298      298   (0)      5  : 0.0000 0.2191 0.0000 0.0000 0.0000 0.0000 0.0000 0.7809 0.0000 0.0000 0.0000 0.0000
299      299   (0)      5  : 0.0000 0.9916 0.0000 0.0000 0.0066 0.0000 0.0000 0.0018 0.0000 0.0000 0.0000 0.0000
300      300   (0)      5  : 0.0000 0.1799 0.0000 0.0000 0.0004 0.0000 0.0000 0.8197 0.0000 0.0000 0.0000 0.0000
301      301   (0)      5  : 0.0000 0.3829 0.0000 0.0000 0.0139 0.0000 0.0000 0.6032 0.0000 0.0000 0.0000 0.0000
302      302   (0)      5  : 0.0000 0.1934 0.0000 0.0000 0.0000 0.0000 0.0000 0.8066 0.0000 0.0000 0.0000 0.0000
303      303   (0)      5  : 0.0000 0.6102 0.0000 0.0000 0.0000 0.0000 0.0000 0.3898 0.0000 0.0000 0.0000 0.0000
304      304   (0)      5  : 0.0000 0.7971 0.0000 0.0000 0.0089 0.0000 0.0000 0.1940 0.0000 0.0000 0.0000 0.0000
305      305   (0)      5  : 0.0000 0.4665 0.0000 0.0000 0.0000 0.0000 0.0000 0.5172 0.0163 0.0000 0.0000 0.0000
306      306   (0)      5  : 0.0000 0.8613 0.0000 0.0000 0.0000 0.0000 0.0000 0.1387 0.0000 0.0000 0.0000 0.0000
307      307   (0)      5  : 0.0000 0.7663 0.0000 0.0000 0.0597 0.0000 0.0000 0.1694 0.0046 0.0000 0.0000 0.0000
308      308   (0)      5  : 0.0000 0.4810 0.0000 0.0000 0.0216 0.0000 0.0000 0.4792 0.0182 0.0000 0.0000 0.0000
309      309   (0)      5  : 0.0000 0.3641 0.0000 0.0000 0.0000 0.0000 0.0000 0.6243 0.0116 0.0000 0.0000 0.0000
310      310   (0)      5  : 0.0000 0.9923 0.0000 0.0000 0.0077 0.0000 0.0000 0.0000 0.0000 0.0000 0.0000 0.0000
311      311   (0)      5  : 0.0000 0.6212 0.0000 0.0000 0.0000 0.0000 0.0000 0.3563 0.0226 0.0000 0.0000 0.0000
312      312   (0)      5  : 0.0000 0.0006 0.0000 0.0000 0.0000 0.0000 0.0000 0.9677 0.0317 0.0000 0.0000 0.0000
313      313   (0)      5  : 0.0000 0.8597 0.0014 0.0000 0.0000 0.0000 0.0000 0.1389 0.0000 0.0000 0.0000 0.0000
314      314   (0)      5  : 0.0000 0.7543 0.0000 0.0000 0.0111 0.0000 0.0000 0.2346 0.0000 0.0000 0.0000 0.0000
315      315   (0)      5  : 0.0000 0.5232 0.0000 0.0000 0.0000 0.0000 0.0000 0.4646 0.0122 0.0000 0.0000 0.0000
316      316   (0)      5  : 0.0000 0.2914 0.0000 0.0000 0.0000 0.0000 0.0000 0.7002 0.0084 0.0000 0.0000 0.0000
317      317   (0)      5  : 0.0000 0.0000 0.0000 0.0000 0.0000 0.0000 0.0000 1.0000 0.0000 0.0000 0.0000 0.0000
318      318   (0)      8  : 0.0000 0.6932 0.0006 0.0000 0.0000 0.0000 0.0000 0.3062 0.0000 0.0000 0.0000 0.0000
319      319   (0)      8  : 0.0000 0.1537 0.0000 0.0000 0.0000 0.0000 0.0000 0.8438 0.0025 0.0000 0.0000 0.0000
320      320   (0)      9  : 0.0000 0.3826 0.0000 0.0000 0.0000 0.0000 0.0000 0.6174 0.0000 0.0000 0.0000 0.0000
321      321   (0)      9  : 0.0000 0.3423 0.0145 0.0000 0.0000 0.0000 0.0000 0.6321 0.0112 0.0000 0.0000 0.0000
322      322   (0)      9  : 0.0000 0.5088 0.0000 0.0000 0.0000 0.0000 0.0000 0.4912 0.0000 0.0000 0.0000 0.0000
323      323   (0)      9  : 0.0000 0.2061 0.0000 0.0000 0.0030 0.0000 0.0000 0.7908 0.0000 0.0000 0.0000 0.0000
324      324   (0)      9  : 0.0000 0.4766 0.0000 0.0000 0.0000 0.0000 0.0000 0.5234 0.0000 0.0000 0.0000 0.0000
325      325   (0)      8  : 0.0000 1.0000 0.0000 0.0000 0.0000 0.0000 0.0000 0.0000 0.0000 0.0000 0.0000 0.0000
326      326   (0)      8  : 0.0000 0.4224 0.0000 0.0000 0.0000 0.0000 0.0000 0.5776 0.0000 0.0000 0.0000 0.0000
327      327   (0)      8  : 0.0000 0.0923 0.0000 0.0000 0.0000 0.0000 0.0000 0.9077 0.0000 0.0000 0.0000 0.0000
328      328   (0)      8  : 0.0000 0.0877 0.0000 0.0000 0.0000 0.0000 0.0000 0.9109 0.0014 0.0000 0.0000 0.0000
329      329   (0)      8  : 0.0000 0.5411 0.0000 0.0000 0.0000 0.0000 0.0000 0.4589 0.0000 0.0000 0.0000 0.0000
330      330   (0)      9  : 0.0000 0.3492 0.0000 0.0000 0.0011 0.0000 0.0000 0.6424 0.0073 0.0000 0.0000 0.0000
331      331   (0)      9  : 0.0000 0.2486 0.0000 0.0000 0.0000 0.0000 0.0000 0.7514 0.0000 0.0000 0.0000 0.0000
332      332   (0)      9  : 0.0000 0.5810 0.0000 0.0000 0.0000 0.0000 0.0000 0.4108 0.0082 0.0000 0.0000 0.0000
333      333   (0)      9  : 0.0000 0.4740 0.0000 0.0000 0.0000 0.0000 0.0000 0.5260 0.0000 0.0000 0.0000 0.0000
334      334   (0)      9  : 0.0000 0.5928 0.0000 0.0000 0.0000 0.0000 0.0000 0.4023 0.0050 0.0000 0.0000 0.0000
335      335   (0)      9  : 0.0000 0.7573 0.0000 0.0000 0.0000 0.0000 0.0000 0.2398 0.0029 0.0000 0.0000 0.0000
336      336   (0)      8  : 0.0000 0.2068 0.0000 0.0000 0.0000 0.0000 0.0000 0.7932 0.0000 0.0000 0.0000 0.0000
337      337   (0)      8  : 0.0000 0.6662 0.0000 0.0000 0.0000 0.0000 0.0000 0.3172 0.0166 0.0000 0.0000 0.0000
338      338   (0)      8  : 0.0000 0.7587 0.0000 0.0000 0.0000 0.0000 0.0000 0.2412 0.0002 0.0000 0.0000 0.0000
339      339   (0)      8  : 0.0000 0.5947 0.0000 0.0000 0.0000 0.0000 0.0000 0.3940 0.0113 0.0000 0.0000 0.0000
340      340   (0)      8  : 0.0000 0.5000 0.0000 0.0000 0.0000 0.0000 0.0000 0.5000 0.0000 0.0000 0.0000 0.0000
341      341   (0)      8  : 0.0000 0.3914 0.0000 0.0000 0.0673 0.0000 0.0000 0.5355 0.0058 0.0000 0.0000 0.0000
342      342   (0)      8  : 0.0000 0.6157 0.0000 0.0000 0.0000 0.0000 0.0000 0.3843 0.0000 0.0000 0.0000 0.0000
343      343   (0)      9  : 0.0000 0.9896 0.0000 0.0000 0.0000 0.0000 0.0000 0.0000 0.0104 0.0000 0.0000 0.0000
344      344   (0)      9  : 0.0000 0.5162 0.0000 0.0000 0.0000 0.0000 0.0000 0.4838 0.0000 0.0000 0.0000 0.0000
345      345   (0)      9  : 0.0000 0.0000 0.0000 0.0000 0.0000 0.0000 0.0000 1.0000 0.0000 0.0000 0.0000 0.0000
346      346   (0)      9  : 0.0000 0.5838 0.0000 0.0000 0.0229 0.0000 0.0000 0.3933 0.0000 0.0000 0.0000 0.0000
347      347   (0)      9  : 0.0000 0.6126 0.0000 0.0000 0.0260 0.0000 0.0000 0.3614 0.0000 0.0000 0.0000 0.0000
348      348   (0)      9  : 0.0000 0.2504 0.0000 0.0000 0.0000 0.0000 0.0000 0.7252 0.0245 0.0000 0.0000 0.0000
349      349   (0)      9  : 0.0000 0.5652 0.0000 0.0000 0.0195 0.0000 0.0031 0.3687 0.0434 0.0000 0.0000 0.0000
350      350   (0)      9  : 0.0000 0.7536 0.0000 0.0000 0.0006 0.0000 0.0000 0.2458 0.0000 0.0000 0.0000 0.0000
351      351   (0)      9  : 0.0000 0.6574 0.0000 0.0000 0.0263 0.0000 0.0000 0.3163 0.0000 0.0000 0.0000 0.0000
352      352   (0)      9  : 0.0000 0.8474 0.0000 0.0000 0.0050 0.0000 0.0000 0.1418 0.0058 0.0000 0.0000 0.0000
353      353   (0)      9  : 0.0000 0.4826 0.0000 0.0000 0.0358 0.0000 0.0000 0.4816 0.0000 0.0000 0.0000 0.0000
354      354   (0)      9  : 0.0000 0.4935 0.0000 0.0000 0.0000 0.0000 0.0000 0.5065 0.0000 0.0000 0.0000 0.0000
355      355   (0)      9  : 0.0000 0.1755 0.0000 0.0000 0.0000 0.0000 0.0000 0.8135 0.0110 0.0000 0.0000 0.0000
356      356   (0)      9  : 0.0000 0.6587 0.0000 0.0000 0.0183 0.0000 0.0000 0.3202 0.0028 0.0000 0.0000 0.0000
357      357   (0)      9  : 0.0000 0.7493 0.0000 0.0000 0.0000 0.0000 0.0000 0.2507 0.0000 0.0000 0.0000 0.0000
358      358   (0)      9  : 0.0000 0.3959 0.0000 0.0000 0.0424 0.0000 0.0000 0.5617 0.0000 0.0000 0.0000 0.0000
359      359   (0)      9  : 0.0000 0.9246 0.0000 0.0000 0.0166 0.0000 0.0000 0.0588 0.0000 0.0000 0.0000 0.0000
360      360   (0)      9  : 0.0000 0.7650 0.0000 0.0000 0.0000 0.0000 0.0000 0.2350 0.0000 0.0000 0.0000 0.0000
361      361   (0)      9  : 0.0000 0.6863 0.0000 0.0000 0.0000 0.0000 0.0000 0.3137 0.0000 0.0000 0.0000 0.0000
362      362   (0)     10  : 0.0000 0.1406 0.0000 0.0000 0.0000 0.0000 0.0000 0.8594 0.0000 0.0000 0.0000 0.0000
363      363   (0)     10  : 0.0000 0.3142 0.0000 0.0000 0.0000 0.0000 0.0000 0.6858 0.0000 0.0000 0.0000 0.0000
364      364   (0)     10  : 0.0000 0.0010 0.0000 0.0000 0.0000 0.0000 0.0000 0.9990 0.0000 0.0000 0.0000 0.0000
365      365   (0)     10  : 0.0000 0.0000 0.0027 0.0000 0.0000 0.0000 0.0000 0.9973 0.0000 0.0000 0.0000 0.0000
366      366   (0)     10  : 0.0000 0.7817 0.0000 0.0000 0.0000 0.0000 0.0000 0.2183 0.0000 0.0000 0.0000 0.0000
367      367   (0)     10  : 0.0000 0.3075 0.0000 0.0000 0.0324 0.0000 0.0000 0.6602 0.0000 0.0000 0.0000 0.0000
368      368   (0)     10  : 0.0000 0.7803 0.0000 0.0000 0.0000 0.0000 0.0000 0.2197 0.0000 0.0000 0.0000 0.0000
369      369   (0)     10  : 0.0000 0.7492 0.0000 0.0000 0.0000 0.0000 0.0000 0.2508 0.0000 0.0000 0.0000 0.0000
370      370   (0)     10  : 0.0000 0.7780 0.0034 0.0000 0.0512 0.0000 0.0000 0.1674 0.0000 0.0000 0.0000 0.0000
371      371   (0)     10  : 0.0000 0.8336 0.0000 0.0000 0.0145 0.0000 0.0000 0.1519 0.0000 0.0000 0.0000 0.0000
372      372   (0)     10  : 0.0000 0.3133 0.0000 0.0000 0.0088 0.0000 0.0000 0.6779 0.0000 0.0000 0.0000 0.0000
373      373   (0)     10  : 0.0000 0.0000 0.0000 0.0000 0.0000 0.0000 0.0000 1.0000 0.0000 0.0000 0.0000 0.0000
374      374   (0)     10  : 0.0000 0.4709 0.0000 0.0000 0.0001 0.0000 0.0000 0.5291 0.0000 0.0000 0.0000 0.0000
375      375   (0)     10  : 0.0000 0.6311 0.0000 0.0000 0.0000 0.0000 0.0000 0.3689 0.0000 0.0000 0.0000 0.0000
376      376   (0)     10  : 0.0000 0.0000 0.0000 0.0000 0.0000 0.0000 0.0000 0.9767 0.0233 0.0000 0.0000 0.0000
377      377   (0)     10  : 0.0000 0.3466 0.0000 0.0000 0.0000 0.0000 0.0000 0.6220 0.0314 0.0000 0.0000 0.0000
378      378   (0)     10  : 0.0000 0.6891 0.0000 0.0000 0.0000 0.0000 0.0000 0.3050 0.0000 0.0058 0.0000 0.0000
379      379   (0)     10  : 0.0000 0.4070 0.0018 0.0000 0.0599 0.0000 0.0000 0.5313 0.0000 0.0000 0.0000 0.0000
380      380   (0)     10  : 0.0000 0.9856 0.0000 0.0000 0.0000 0.0000 0.0000 0.0144 0.0000 0.0000 0.0000 0.0000
381      381   (0)     10  : 0.0000 0.3245 0.0000 0.0000 0.0088 0.0000 0.0000 0.6668 0.0000 0.0000 0.0000 0.0000
382      382   (0)     10  : 0.0000 0.5779 0.0000 0.0000 0.0000 0.0000 0.0000 0.4221 0.0000 0.0000 0.0000 0.0000
383      383   (0)     10  : 0.0000 0.8776 0.0000 0.0000 0.0438 0.0000 0.0000 0.0648 0.0138 0.0000 0.0000 0.0000
384      384   (0)     10  : 0.0000 0.3664 0.0038 0.0000 0.0000 0.0000 0.0000 0.6298 0.0000 0.0000 0.0000 0.0000
385      385   (0)     10  : 0.0000 0.8239 0.0000 0.0000 0.0000 0.0000 0.0000 0.1761 0.0000 0.0000 0.0000 0.0000
386      386   (0)     10  : 0.0000 0.4954 0.0000 0.0000 0.0117 0.0000 0.0000 0.4875 0.0054 0.0000 0.0000 0.0000
387      387   (0)     10  : 0.0000 0.2699 0.0141 0.0000 0.0000 0.0000 0.0000 0.7159 0.0000 0.0000 0.0000 0.0000
388      388   (0)     10  : 0.0000 0.4868 0.0000 0.0000 0.0127 0.0000 0.0000 0.5005 0.0000 0.0000 0.0000 0.0000
389      389   (0)     10  : 0.0000 0.5328 0.0000 0.0000 0.0000 0.0000 0.0000 0.4672 0.0000 0.0000 0.0000 0.0000
390      390   (0)      8  : 0.0000 0.3164 0.0000 0.0000 0.0560 0.0000 0.0000 0.6276 0.0000 0.0000 0.0000 0.0000
391      391   (0)      8  : 0.0000 0.2922 0.0031 0.0000 0.0000 0.0000 0.0000 0.7048 0.0000 0.0000 0.0000 0.0000
392      392   (0)      8  : 0.0000 0.9205 0.0000 0.0000 0.0069 0.0000 0.0000 0.0628 0.0099 0.0000 0.0000 0.0000
393      393   (0)     11  : 0.0000 0.8696 0.0000 0.0000 0.0000 0.0000 0.0000 0.1279 0.0024 0.0000 0.0000 0.0000
394      394   (0)     11  : 0.0000 1.0000 0.0000 0.0000 0.0000 0.0000 0.0000 0.0000 0.0000 0.0000 0.0000 0.0000
395      395   (0)     11  : 0.0000 0.8769 0.0000 0.0000 0.0000 0.0270 0.0000 0.0742 0.0219 0.0000 0.0000 0.0000
396      396   (0)     11  : 0.0225 0.6518 0.0000 0.0000 0.0376 0.0237 0.0000 0.2643 0.0000 0.0000 0.0000 0.0000
397      397   (0)     11  : 0.0000 0.4098 0.0084 0.0000 0.0000 0.0000 0.0000 0.5776 0.0042 0.0000 0.0000 0.0000
398      398   (0)     11  : 0.0000 0.2936 0.0000 0.0000 0.0000 0.0000 0.0000 0.7064 0.0000 0.0000 0.0000 0.0000
399      399   (0)     11  : 0.0000 0.7721 0.0000 0.0000 0.0000 0.0000 0.0000 0.2279 0.0000 0.0000 0.0000 0.0000
400      400   (0)     11  : 0.0000 0.6746 0.0079 0.0000 0.0000 0.0000 0.0000 0.3175 0.0000 0.0000 0.0000 0.0000
401      401   (0)     11  : 0.0000 0.8749 0.0000 0.0000 0.0000 0.0101 0.0000 0.1150 0.0000 0.0000 0.0000 0.0000
402      402   (0)     11  : 0.0000 0.5639 0.0000 0.0000 0.0000 0.0000 0.0000 0.4361 0.0000 0.0000 0.0000 0.0000
403      403   (0)     11  : 0.0000 0.8506 0.0000 0.0000 0.0000 0.0000 0.0000 0.1459 0.0035 0.0000 0.0000 0.0000
404      404   (0)     11  : 0.0000 0.8211 0.0000 0.0000 0.0065 0.0000 0.0000 0.1724 0.0000 0.0000 0.0000 0.0000
405      405   (0)     11  : 0.0000 0.8787 0.0000 0.0000 0.0812 0.0000 0.0000 0.0214 0.0136 0.0000 0.0051 0.0000
406      406   (0)     11  : 0.0047 0.3871 0.0000 0.0000 0.0000 0.0000 0.0000 0.6082 0.0000 0.0000 0.0000 0.0000
407      407   (0)     11  : 0.0000 0.4440 0.0000 0.0000 0.0000 0.0000 0.0000 0.5534 0.0026 0.0000 0.0000 0.0000
408      408   (0)     11  : 0.0000 0.7267 0.0000 0.0000 0.0071 0.0000 0.0000 0.2662 0.0000 0.0000 0.0000 0.0000
409      409   (0)     11  : 0.0000 0.7958 0.0074 0.0000 0.0042 0.0013 0.0000 0.1713 0.0200 0.0000 0.0000 0.0000
410      410   (0)     11  : 0.0000 0.1805 0.0000 0.0000 0.0000 0.0000 0.0000 0.8116 0.0079 0.0000 0.0000 0.0000
411      411   (0)     11  : 0.0000 0.2258 0.0000 0.0000 0.0000 0.0000 0.0000 0.7742 0.0000 0.0000 0.0000 0.0000
412      412   (0)     11  : 0.0000 0.7322 0.0000 0.0000 0.0000 0.0000 0.0000 0.2600 0.0078 0.0000 0.0000 0.0000
413      413   (0)     11  : 0.0000 0.1596 0.0000 0.0000 0.0571 0.0000 0.0000 0.7832 0.0000 0.0000 0.0000 0.0000
414      414   (0)     11  : 0.0000 0.5726 0.0000 0.0000 0.0000 0.0000 0.0000 0.4274 0.0000 0.0000 0.0000 0.0000
415      415   (0)     11  : 0.0000 0.3659 0.0000 0.0000 0.0000 0.0000 0.0000 0.6166 0.0174 0.0000 0.0000 0.0000
416      416   (0)     11  : 0.0000 0.3821 0.0000 0.0000 0.0000 0.0000 0.0000 0.5859 0.0320 0.0000 0.0000 0.0000
417      417   (0)     11  : 0.0000 0.4602 0.0000 0.0000 0.0000 0.0000 0.0000 0.5398 0.0000 0.0000 0.0000 0.0000
418      418   (0)     11  : 0.0093 0.6110 0.0000 0.0000 0.0330 0.0105 0.0000 0.3362 0.0000 0.0000 0.0000 0.0000
419      419   (0)     11  : 0.0000 0.7826 0.0000 0.0000 0.0128 0.0000 0.0000 0.2046 0.0000 0.0000 0.0000 0.0000
420      420   (0)     11  : 0.0000 1.0000 0.0000 0.0000 0.0000 0.0000 0.0000 0.0000 0.0000 0.0000 0.0000 0.0000
421      421   (0)     11  : 0.0000 0.8069 0.0002 0.0000 0.0000 0.0000 0.0000 0.1778 0.0151 0.0000 0.0000 0.0000
422      422   (0)     11  : 0.0000 0.6357 0.0000 0.0000 0.0099 0.0000 0.0000 0.3544 0.0000 0.0000 0.0000 0.0000
423      423   (0)     12  : 0.7489 0.0000 0.0000 0.0000 0.0000 0.0000 0.0000 0.0000 0.0000 0.0000 0.2511 0.0000
424      424   (0)     12  : 0.0000 0.0000 0.0000 0.0000 0.8003 0.0000 0.0000 0.1063 0.0933 0.0000 0.0000 0.0000
425      425   (0)     12  : 0.8592 0.0000 0.0000 0.0000 0.0000 0.0618 0.0000 0.0000 0.0000 0.0000 0.0790 0.0000
426      426   (0)     12  : 0.0000 0.0071 0.0000 0.0000 0.5433 0.0000 0.0000 0.0172 0.4324 0.0000 0.0000 0.0000
427      427   (0)     12  : 0.7560 0.0000 0.0000 0.0000 0.0000 0.0000 0.0000 0.0000 0.0000 0.0000 0.2440 0.0000
428      428   (0)     12  : 0.7704 0.0000 0.0000 0.0868 0.0188 0.1235 0.0000 0.0000 0.0000 0.0005 0.0000 0.0000
429      429   (0)     12  : 0.0000 0.0000 0.0000 0.0000 0.0000 0.0000 0.0000 0.0000 1.0000 0.0000 0.0000 0.0000
430      430   (0)     12  : 0.0000 0.0000 0.0000 0.0000 0.0000 1.0000 0.0000 0.0000 0.0000 0.0000 0.0000 0.0000
431      431   (0)     12  : 0.4956 0.0000 0.0015 0.0000 0.0000 0.2575 0.0228 0.0000 0.0000 0.0000 0.2226 0.0000
432      432   (0)     12  : 0.0000 0.0000 0.0000 0.0000 0.9702 0.0000 0.0000 0.0000 0.0298 0.0000 0.0000 0.0000
433      433   (0)     12  : 0.2320 0.0000 0.0000 0.0000 0.0000 0.7589 0.0000 0.0000 0.0092 0.0000 0.0000 0.0000
434      434   (0)     12  : 0.4353 0.0000 0.0000 0.0000 0.0000 0.4299 0.0000 0.0000 0.0000 0.0000 0.1348 0.0000
435      435   (0)     12  : 0.1751 0.0000 0.0000 0.0000 0.0000 0.2749 0.0000 0.0000 0.0014 0.0486 0.5000 0.0000
436      436   (0)     12  : 0.4171 0.0000 0.0000 0.0153 0.0000 0.5676 0.0000 0.0000 0.0000 0.0000 0.0000 0.0000
437      437   (0)     12  : 0.0005 0.0000 0.0000 0.0000 0.0000 0.9892 0.0000 0.0000 0.0104 0.0000 0.0000 0.0000
438      438   (0)     12  : 0.2891 0.0000 0.0000 0.0000 0.0000 0.7109 0.0000 0.0000 0.0000 0.0000 0.0000 0.0000
439      439   (0)     12  : 0.0000 0.0000 0.0000 0.0000 1.0000 0.0000 0.0000 0.0000 0.0000 0.0000 0.0000 0.0000
440      440   (0)     12  : 0.0000 0.0000 0.0000 0.0000 0.9767 0.0000 0.0000 0.0000 0.0233 0.0000 0.0000 0.0000
441      441   (0)     12  : 0.3398 0.0000 0.0000 0.0000 0.0000 0.6567 0.0000 0.0000 0.0000 0.0000 0.0000 0.0035
442      442   (0)     12  : 0.0000 0.0000 0.0000 0.0000 0.4636 0.0000 0.0000 0.0000 0.5364 0.0000 0.0000 0.0000
443      443   (0)     12  : 0.3192 0.0000 0.0000 0.0000 0.0000 0.1631 0.0177 0.0000 0.0000 0.0000 0.5000 0.0000
444      444   (0)     12  : 0.0000 0.0000 0.0000 0.0000 0.0000 0.8341 0.0000 0.0000 0.0000 0.0000 0.1659 0.0000
445      445   (0)     12  : 0.7699 0.0000 0.0000 0.0295 0.0000 0.0000 0.0080 0.0000 0.0000 0.0000 0.1926 0.0000
446      446   (0)     12  : 0.9227 0.0000 0.0000 0.0000 0.0000 0.0773 0.0000 0.0000 0.0000 0.0000 0.0000 0.0000
447      447   (0)     12  : 0.0000 0.0000 0.0000 0.0000 0.0000 1.0000 0.0000 0.0000 0.0000 0.0000 0.0000 0.0000
448      448   (0)     12  : 0.4496 0.0000 0.0000 0.0000 0.0000 0.4580 0.0000 0.0000 0.0000 0.0000 0.0924 0.0000
449      449   (0)     12  : 0.0000 0.0000 0.0000 0.0000 0.0000 1.0000 0.0000 0.0000 0.0000 0.0000 0.0000 0.0000
450      450   (0)     12  : 0.6911 0.0000 0.0000 0.0000 0.0000 0.3089 0.0000 0.0000 0.0000 0.0000 0.0000 0.0000
451      451   (0)     12  : 0.7392 0.0000 0.0000 0.0000 0.0000 0.0165 0.0337 0.0000 0.0000 0.0382 0.1723 0.0000
452      452   (0)     12  : 0.6068 0.0000 0.0000 0.0000 0.0000 0.1205 0.0000 0.0000 0.0000 0.0066 0.2431 0.0230
453      453   (0)     13  : 0.5032 0.0000 0.0000 0.0000 0.0000 0.4250 0.0000 0.0000 0.0000 0.0000 0.0718 0.0000
454      454   (0)     13  : 0.3754 0.0000 0.0039 0.0000 0.0000 0.6173 0.0035 0.0000 0.0000 0.0000 0.0000 0.0000
455      455   (0)     13  : 0.8323 0.0000 0.0000 0.0000 0.0000 0.1677 0.0000 0.0000 0.0000 0.0000 0.0000 0.0000
456      456   (0)     13  : 0.0000 0.0000 0.0000 0.0000 0.9443 0.0000 0.0000 0.0000 0.0557 0.0000 0.0000 0.0000
457      457   (0)     13  : 0.0000 0.0000 0.0000 0.0000 0.0000 1.0000 0.0000 0.0000 0.0000 0.0000 0.0000 0.0000
458      458   (0)     13  : 0.3711 0.0000 0.0000 0.0000 0.0000 0.6289 0.0000 0.0000 0.0000 0.0000 0.0000 0.0000
459      459   (0)     13  : 0.4194 0.0000 0.0000 0.0000 0.0000 0.5806 0.0000 0.0000 0.0000 0.0000 0.0000 0.0000
460      460   (0)     13  : 0.8802 0.0000 0.0000 0.0000 0.0000 0.1157 0.0000 0.0000 0.0000 0.0040 0.0000 0.0000
461      461   (0)     13  : 0.5265 0.0000 0.0000 0.0000 0.0000 0.4735 0.0000 0.0000 0.0000 0.0000 0.0000 0.0000
462      462   (0)     13  : 0.5927 0.0000 0.0020 0.0000 0.0000 0.2303 0.0185 0.0000 0.0000 0.0316 0.1250 0.0000
463      463   (0)     13  : 0.4692 0.0000 0.0000 0.0000 0.0000 0.4980 0.0000 0.0000 0.0000 0.0000 0.0000 0.0328
464      464   (0)     13  : 0.0000 0.0000 0.0000 0.0410 0.0000 0.0112 0.0000 0.0000 0.0000 0.3570 0.3605 0.2303
465      465   (0)     13  : 0.0000 0.0000 0.0000 0.0000 0.0000 1.0000 0.0000 0.0000 0.0000 0.0000 0.0000 0.0000
466      466   (0)     13  : 0.8372 0.0000 0.0000 0.0000 0.0000 0.0003 0.0000 0.0000 0.0000 0.0000 0.1625 0.0000
467      467   (0)     13  : 0.4736 0.0000 0.0000 0.0000 0.0000 0.0001 0.0263 0.0000 0.0000 0.0000 0.5000 0.0000
468      468   (0)     13  : 0.0259 0.0000 0.0000 0.2306 0.0000 0.0000 0.1449 0.0000 0.0053 0.2697 0.1871 0.1365
469      469   (0)     13  : 0.0000 0.0000 0.0000 0.5000 0.0000 0.0000 0.3601 0.0000 0.0000 0.0000 0.0000 0.1399
470      470   (0)     13  : 0.1116 0.0000 0.0000 0.0000 0.0000 0.7690 0.0000 0.0000 0.0000 0.0000 0.1153 0.0041
471      471   (0)     13  : 0.2415 0.0036 0.0000 0.0000 0.0000 0.5237 0.0000 0.0077 0.0193 0.0000 0.2042 0.0000
472      472   (0)     13  : 0.3902 0.0000 0.0000 0.0000 0.0000 0.5899 0.0199 0.0000 0.0000 0.0000 0.0000 0.0000
473      473   (0)     13  : 0.0000 0.0930 0.0000 0.0000 0.8294 0.0595 0.0000 0.0000 0.0182 0.0000 0.0000 0.0000
474      474   (0)     13  : 0.8781 0.0000 0.0000 0.0000 0.0000 0.0000 0.0000 0.0000 0.0000 0.0000 0.1219 0.0000
475      475   (0)     13  : 0.5128 0.0000 0.0000 0.0000 0.0000 0.2318 0.0000 0.0000 0.0000 0.0000 0.2554 0.0000
476      476   (0)     13  : 0.0000 0.0000 0.0000 0.0000 0.9441 0.0000 0.0000 0.0000 0.0559 0.0000 0.0000 0.0000
477      477   (0)     13  : 0.2762 0.0000 0.0000 0.0133 0.0000 0.7038 0.0000 0.0000 0.0067 0.0000 0.0000 0.0000
478      478   (0)     13  : 0.6678 0.0000 0.0155 0.0000 0.0000 0.0948 0.0000 0.0000 0.0044 0.0042 0.2133 0.0000
479      479   (0)     13  : 0.4679 0.0000 0.0000 0.0000 0.0000 0.5061 0.0189 0.0000 0.0000 0.0045 0.0026 0.0000
480      480   (0)     13  : 0.0000 0.0000 0.0000 0.0000 0.8903 0.0000 0.0000 0.0000 0.1097 0.0000 0.0000 0.0000
481      481   (0)     13  : 0.0000 0.0000 0.0077 0.0000 0.0000 0.1004 0.4552 0.0000 0.0051 0.2473 0.0000 0.1843
482      482   (0)     13  : 0.7160 0.0000 0.0000 0.0301 0.0000 0.1037 0.0095 0.0000 0.0000 0.0032 0.1375 0.0000
483      483   (0)     14  : 0.2215 0.0000 0.0000 0.0000 0.0000 0.7785 0.0000 0.0000 0.0000 0.0000 0.0000 0.0000
484      484   (0)     14  : 0.3499 0.0000 0.0000 0.0000 0.0000 0.6498 0.0000 0.0000 0.0000 0.0003 0.0000 0.0000
485      485   (0)     15  : 0.3545 0.0000 0.0000 0.0000 0.0000 0.4471 0.0001 0.0000 0.0000 0.0000 0.1983 0.0000
486      486   (0)     15  : 0.3345 0.0000 0.0000 0.0000 0.0000 0.6655 0.0000 0.0000 0.0000 0.0000 0.0000 0.0000
487      487   (0)     15  : 0.0000 0.0000 0.0000 0.0000 0.0000 1.0000 0.0000 0.0000 0.0000 0.0000 0.0000 0.0000
488      488   (0)     15  : 0.3977 0.0000 0.0000 0.0000 0.0000 0.3982 0.0000 0.0000 0.0000 0.0000 0.1996 0.0045
489      489   (0)     15  : 0.0000 0.0000 0.0000 0.0000 1.0000 0.0000 0.0000 0.0000 0.0000 0.0000 0.0000 0.0000
490      490   (0)     15  : 0.0000 0.0000 0.0000 0.0000 0.9547 0.0000 0.0000 0.0000 0.0453 0.0000 0.0000 0.0000
491      491   (0)     15  : 0.6051 0.0000 0.0000 0.0000 0.0000 0.3093 0.0000 0.0000 0.0000 0.0172 0.0684 0.0000
492      492   (0)     15  : 0.0000 0.0000 0.0000 0.0000 1.0000 0.0000 0.0000 0.0000 0.0000 0.0000 0.0000 0.0000
493      493   (0)     15  : 0.7526 0.0000 0.0157 0.0000 0.0000 0.0309 0.0000 0.0000 0.0000 0.0235 0.1712 0.0061
494      494   (0)     15  : 0.3929 0.0000 0.0000 0.0001 0.0000 0.3654 0.0000 0.0000 0.0000 0.0000 0.2254 0.0163
495      495   (0)     15  : 0.5000 0.0000 0.0000 0.0000 0.0000 0.5000 0.0000 0.0000 0.0000 0.0000 0.0000 0.0000
496      496   (0)     15  : 0.6223 0.0000 0.0028 0.0008 0.0000 0.3737 0.0004 0.0000 0.0000 0.0000 0.0001 0.0000
497      497   (0)     15  : 0.7501 0.0000 0.0000 0.0000 0.0000 0.0000 0.0000 0.0000 0.0000 0.0006 0.2121 0.0372
498      498   (0)     15  : 0.1174 0.0000 0.0000 0.0000 0.0000 0.8517 0.0000 0.0000 0.0000 0.0000 0.0000 0.0308
499      499   (0)     15  : 0.1074 0.0000 0.0000 0.0212 0.0000 0.8631 0.0000 0.0000 0.0000 0.0000 0.0082 0.0000
500      500   (0)     15  : 0.0000 0.0000 0.0000 0.0000 0.0000 1.0000 0.0000 0.0000 0.0000 0.0000 0.0000 0.0000
501      501   (0)     15  : 0.1772 0.0000 0.0000 0.0155 0.0000 0.8008 0.0000 0.0000 0.0065 0.0000 0.0000 0.0000
502      502   (0)     15  : 0.2611 0.0000 0.0000 0.0000 0.0000 0.7251 0.0000 0.0000 0.0000 0.0138 0.0000 0.0000
503      503   (0)     15  : 0.0000 0.0000 0.0000 0.0000 0.0000 1.0000 0.0000 0.0000 0.0000 0.0000 0.0000 0.0000
504      504   (0)     15  : 0.0000 0.0000 0.0000 0.0000 0.0000 1.0000 0.0000 0.0000 0.0000 0.0000 0.0000 0.0000
505      505   (0)     15  : 0.2098 0.0000 0.0000 0.0000 0.0000 0.7661 0.0000 0.0000 0.0000 0.0000 0.0000 0.0241
506      506   (0)     15  : 0.9844 0.0000 0.0000 0.0153 0.0000 0.0002 0.0000 0.0000 0.0000 0.0000 0.0000 0.0000
507      507   (0)     15  : 0.1808 0.0000 0.0000 0.0000 0.0000 0.8192 0.0000 0.0000 0.0000 0.0000 0.0000 0.0000
508      508   (0)     15  : 0.2310 0.0000 0.0000 0.0000 0.0000 0.7622 0.0062 0.0000 0.0000 0.0005 0.0000 0.0000
509      509   (0)     15  : 0.0000 0.0000 0.0000 0.0000 1.0000 0.0000 0.0000 0.0000 0.0000 0.0000 0.0000 0.0000
510      510   (0)     15  : 0.0000 0.0000 0.0000 0.0000 1.0000 0.0000 0.0000 0.0000 0.0000 0.0000 0.0000 0.0000
511      511   (0)     15  : 0.0000 0.0000 0.0000 0.0000 0.0000 1.0000 0.0000 0.0000 0.0000 0.0000 0.0000 0.0000
512      512   (0)     15  : 0.8776 0.0000 0.0000 0.0000 0.0000 0.0966 0.0000 0.0000 0.0000 0.0000 0.0258 0.0000
513      513   (0)     15  : 0.5097 0.0000 0.0000 0.0000 0.0000 0.4588 0.0000 0.0000 0.0000 0.0000 0.0000 0.0315
514      514   (0)     15  : 0.2911 0.0000 0.0000 0.0000 0.0000 0.4977 0.0000 0.0000 0.0000 0.0268 0.1844 0.0000
515      515   (0)     16  : 0.0000 0.0000 0.0000 0.1717 0.0000 0.0199 0.0952 0.0000 0.0000 0.1859 0.3069 0.2205
516      516   (0)     16  : 0.3361 0.0000 0.0000 0.0000 0.0000 0.5443 0.0000 0.0000 0.0000 0.0036 0.1159 0.0000
517      517   (0)     16  : 0.0000 0.0000 0.0000 0.0000 0.8612 0.0000 0.0000 0.0384 0.1004 0.0000 0.0000 0.0000
518      518   (0)     16  : 0.4316 0.0000 0.0143 0.0160 0.0000 0.2715 0.0000 0.0000 0.0000 0.0000 0.2474 0.0190
519      519   (0)     16  : 0.4868 0.0000 0.0000 0.0000 0.0000 0.0000 0.0000 0.0000 0.0000 0.0132 0.5000 0.0000
520      520   (0)     16  : 0.7206 0.0000 0.0000 0.0000 0.0000 0.0206 0.0000 0.0000 0.0000 0.0194 0.2003 0.0390
521      521   (0)     16  : 0.9578 0.0000 0.0000 0.0000 0.0000 0.0000 0.0000 0.0000 0.0000 0.0328 0.0000 0.0095
522      522   (0)     16  : 0.0000 0.0000 0.0000 0.0000 0.0000 0.0000 0.0000 0.0000 1.0000 0.0000 0.0000 0.0000
523      523   (0)     16  : 0.9764 0.0000 0.0000 0.0236 0.0000 0.0000 0.0000 0.0000 0.0000 0.0000 0.0000 0.0000
524      524   (0)     16  : 0.0000 0.0000 0.0000 0.0000 0.8449 0.0000 0.0000 0.0570 0.0981 0.0000 0.0000 0.0000
525      525   (0)     16  : 0.6856 0.0000 0.0000 0.0138 0.0000 0.2874 0.0000 0.0000 0.0000 0.0000 0.0132 0.0000
526      526   (0)     16  : 0.9902 0.0000 0.0000 0.0000 0.0000 0.0000 0.0000 0.0000 0.0000 0.0007 0.0000 0.0090
527      527   (0)     16  : 0.0000 0.0000 0.0000 0.0000 0.8835 0.0000 0.0000 0.0000 0.1165 0.0000 0.0000 0.0000
528      528   (0)     16  : 0.2777 0.0000 0.0000 0.0000 0.0000 0.1861 0.0000 0.0000 0.0000 0.0000 0.5362 0.0000
529      529   (0)     16  : 0.9787 0.0000 0.0000 0.0000 0.0000 0.0000 0.0000 0.0000 0.0000 0.0000 0.0213 0.0000
530      530   (0)     16  : 0.8208 0.0000 0.0000 0.0000 0.0000 0.0000 0.0000 0.0000 0.0000 0.0000 0.1427 0.0365
531      531   (0)     16  : 0.8589 0.0000 0.0000 0.0000 0.0000 0.1411 0.0000 0.0000 0.0000 0.0000 0.0000 0.0000
532      532   (0)     16  : 0.0000 0.0000 0.0000 0.0000 0.0000 0.0000 0.0000 0.0000 1.0000 0.0000 0.0000 0.0000
533      533   (0)     16  : 0.0000 0.0000 0.0000 0.0000 0.0000 0.0000 0.0000 0.0000 1.0000 0.0000 0.0000 0.0000
534      534   (0)     16  : 0.4777 0.0000 0.0000 0.0223 0.0000 0.0000 0.0000 0.0000 0.0000 0.0000 0.5000 0.0000
535      535   (0)     16  : 0.8865 0.0000 0.0000 0.0000 0.0000 0.0000 0.0000 0.0000 0.0000 0.0128 0.1007 0.0000
536      536   (0)     16  : 0.9591 0.0000 0.0000 0.0000 0.0000 0.0000 0.0409 0.0000 0.0000 0.0000 0.0000 0.0000
537      537   (0)     16  : 0.4815 0.0000 0.0000 0.0000 0.0000 0.0000 0.0000 0.0000 0.0000 0.0185 0.5000 0.0000
538      538   (0)     16  : 0.8485 0.0000 0.0000 0.0003 0.0000 0.1495 0.0000 0.0000 0.0000 0.0000 0.0018 0.0000
539      539   (0)     16  : 0.8354 0.0000 0.0000 0.0000 0.0000 0.0000 0.0215 0.0000 0.0000 0.0222 0.1209 0.0000
540      540   (0)     16  : 0.7296 0.0000 0.0000 0.0000 0.0000 0.2454 0.0152 0.0000 0.0000 0.0001 0.0000 0.0096
541      541   (0)     16  : 0.0000 0.0000 1.0000 0.0000 0.0000 0.0000 0.0000 0.0000 0.0000 0.0000 0.0000 0.0000
542      542   (0)     16  : 0.8017 0.0000 0.0000 0.0209 0.0000 0.0773 0.0000 0.0000 0.0000 0.0000 0.1000 0.0000
543      543   (0)     16  : 0.8309 0.0000 0.0000 0.0000 0.0000 0.0000 0.0000 0.0000 0.0000 0.0000 0.1691 0.0000
544      544   (0)     16  : 0.9997 0.0000 0.0000 0.0000 0.0000 0.0000 0.0000 0.0000 0.0000 0.0000 0.0000 0.0003
