  1        1   (0)      1 :  0.0956 0.0251 0.0233 0.0048 0.6804 0.1708 
  2        2   (0)      1 :  0.1071 0.0000 0.0000 0.2056 0.6698 0.0175 
  3        3   (0)      1 :  0.0200 0.1321 0.5371 0.1212 0.1073 0.0822 
  4        4   (0)      1 :  0.1394 0.0000 0.0000 0.0234 0.7420 0.0951 
  5        5   (0)      1 :  0.2523 0.0079 0.0181 0.2454 0.4763 0.0000 
  6        6   (0)      1 :  0.0000 0.0493 0.1041 0.0424 0.6408 0.1634 
  7        7   (0)      1 :  0.0578 0.1075 0.6427 0.1920 0.0000 0.0000 
  8        8   (0)      2 :  0.2231 0.0329 0.0000 0.0312 0.7115 0.0013 
  9        9   (0)      1 :  0.1750 0.0176 0.0207 0.0417 0.7450 0.0000 
 10       10   (0)      3 :  0.0000 0.0000 0.0000 0.5535 0.2591 0.1874 
 11       11   (0)      4 :  0.1810 0.0373 0.0000 0.7668 0.0000 0.0148 
 12       12   (0)      4 :  0.0344 0.0000 0.0000 0.4072 0.5055 0.0529 
 13       13   (0)      4 :  0.0351 0.0000 0.0407 0.4697 0.2669 0.1875 
 14       14   (0)      4 :  0.1912 0.0000 0.0005 0.7833 0.0250 0.0000 
 15       15   (0)      4 :  0.0778 0.0048 0.0000 0.6683 0.2491 0.0000 
 16       16   (0)      4 :  0.0000 0.0000 0.4418 0.0000 0.3736 0.1846 
 17       17   (0)      5 :  0.0394 0.0000 0.0000 0.2761 0.5844 0.1001 
 18       18   (0)      4 :  0.0000 0.0000 0.0000 0.4995 0.2914 0.2091 
 19       19   (0)      5 :  0.0582 0.0000 0.0000 0.5280 0.3903 0.0235 
 20       20   (0)      5 :  0.0000 0.0000 0.0000 0.7496 0.2504 0.0000 
 21       21   (0)      5 :  0.0000 0.0000 0.0000 0.7003 0.1650 0.1347 
 22       22   (0)      5 :  0.0000 0.0000 0.0000 0.7869 0.2131 0.0000 
 23       23   (0)      5 :  0.0000 0.0000 0.0000 0.4039 0.3496 0.2465 
 24       24   (0)      5 :  0.0000 0.0000 0.0000 0.6839 0.1756 0.1405 
 25       25   (0)      5 :  0.0000 0.0000 0.0160 0.5731 0.3343 0.0766 
 26       26   (0)      5 :  0.0000 0.0000 0.0134 0.6304 0.1927 0.1635 
 27       27   (0)      5 :  0.0807 0.0000 0.0003 0.7837 0.1332 0.0021 
 28       28   (0)      5 :  0.0000 0.0000 0.0000 0.5360 0.2633 0.2007 
 29       29   (0)      5 :  0.0000 0.0000 0.0000 0.9984 0.0016 0.0000 
 30       30   (0)      5 :  0.0000 0.0000 0.0000 0.4353 0.5647 0.0000 
 31       31   (0)      5 :  0.0190 0.0000 0.0000 0.4633 0.4081 0.1096 
 32       32   (0)      5 :  0.0000 0.0000 0.0000 0.7622 0.1306 0.1072 
 33       33   (0)      5 :  0.0012 0.0000 0.0000 0.2051 0.5255 0.2682 
 34       34   (0)      5 :  0.0000 0.0000 0.0000 0.3833 0.4080 0.2086 
 35       35   (0)      5 :  0.0000 0.0000 0.0000 0.3565 0.5947 0.0488 
 36       36   (0)      5 :  0.0078 0.0000 0.0000 0.8799 0.1123 0.0000 
 37       37   (0)      5 :  0.0000 0.0000 0.0000 0.6951 0.2644 0.0406 
 38       38   (0)      5 :  0.0000 0.0000 0.0000 0.7302 0.1431 0.1266 
 39       39   (0)      5 :  0.0014 0.0000 0.0000 0.8168 0.1215 0.0603 
 40       40   (0)      5 :  0.0000 0.0000 0.0000 0.6607 0.3045 0.0348 
 41       41   (0)      5 :  0.0000 0.0000 0.0000 0.5659 0.2480 0.1861 
 42       42   (0)      5 :  0.0000 0.0000 0.0000 0.5016 0.4984 0.0000 
 43       43   (0)      5 :  0.0000 0.0443 0.5709 0.0000 0.1782 0.2067 
 44       44   (0)      5 :  0.0000 0.0000 0.0000 0.5525 0.2566 0.1909 
 45       45   (0)      4 :  0.0628 0.0000 0.0000 0.9372 0.0000 0.0000 
 46       46   (0)      4 :  0.0129 0.0067 0.0395 0.4139 0.4584 0.0685 
 47       47   (0)      4 :  0.0000 0.0000 0.0000 0.3239 0.3953 0.2808 
 48       48   (0)      4 :  0.0220 0.0000 0.0000 0.4791 0.4989 0.0000 
 49       49   (0)      5 :  0.0412 0.0000 0.0126 0.4587 0.3765 0.1110 
 50       50   (0)      4 :  0.0009 0.0000 0.0000 0.3846 0.3474 0.2671 
 51       51   (0)      4 :  0.0404 0.0000 0.3728 0.0137 0.4431 0.1300 
 52       52   (0)      4 :  0.0269 0.0350 0.0275 0.5239 0.3740 0.0128 
 53       53   (0)      4 :  0.0347 0.0096 0.5405 0.0442 0.2142 0.1567 
 54       54   (0)      4 :  0.0478 0.0000 0.0000 0.7044 0.2478 0.0000 
 55       55   (0)      4 :  0.0000 0.0168 0.4861 0.0000 0.3514 0.1457 
 56       56   (0)      4 :  0.0749 0.0000 0.4234 0.1013 0.3392 0.0612 
 57       57   (0)      4 :  0.0356 0.0000 0.0000 0.8785 0.0859 0.0000 
 58       58   (0)      5 :  0.0000 0.0025 0.0406 0.5350 0.3718 0.0501 
 59       59   (0)      4 :  0.0000 0.0295 0.3430 0.0000 0.4508 0.1766 
 60       60   (0)      4 :  0.0000 0.0673 0.4503 0.1275 0.1958 0.1592 
 61       61   (0)      4 :  0.0191 0.0000 0.0000 0.3973 0.5063 0.0774 
 62       62   (0)      5 :  0.0259 0.0000 0.0000 0.4447 0.3725 0.1568 
 63       63   (0)      6 :  0.0000 0.0502 0.2467 0.2194 0.3167 0.1670 
 64       64   (0)      6 :  0.0000 0.0651 0.5520 0.0000 0.2515 0.1315 
 65       65   (0)      6 :  0.3550 0.0000 0.0000 0.1427 0.5023 0.0000 
 66       66   (0)      6 :  0.0081 0.0000 0.0000 0.3703 0.5018 0.1198 
 67       67   (0)      6 :  0.2077 0.0000 0.0259 0.7117 0.0546 0.0000 
 68       68   (0)      6 :  0.2509 0.0000 0.0000 0.0000 0.5703 0.1788 
 69       69   (0)      6 :  0.0986 0.0086 0.0000 0.0713 0.6715 0.1502 
 70       70   (0)      6 :  0.0386 0.0335 0.0483 0.1274 0.5814 0.1708 
 71       71   (0)      6 :  0.0442 0.0000 0.0000 0.1426 0.4661 0.3471 
 72       72   (0)      6 :  0.0309 0.0000 0.0000 0.2118 0.6153 0.1420 
 73       73   (0)      7 :  0.0113 0.0042 0.0000 0.5542 0.4166 0.0137 
 74       74   (0)      7 :  0.1060 0.0000 0.0008 0.3221 0.5605 0.0106 
 75       75   (0)      7 :  0.0982 0.0000 0.0022 0.4361 0.3971 0.0663 
 76       76   (0)      7 :  0.0482 0.0183 0.0252 0.4823 0.4259 0.0000 
 77       77   (0)      7 :  0.0020 0.0000 0.0000 0.8808 0.1172 0.0000 
 78       78   (0)      7 :  0.0898 0.0181 0.0000 0.5791 0.2762 0.0369 
 79       79   (0)      7 :  0.0241 0.0089 0.0000 0.5867 0.3556 0.0246 
 80       80   (0)      7 :  0.0675 0.0003 0.0000 0.2258 0.7063 0.0000 
 81       81   (0)      7 :  0.0186 0.0000 0.0000 0.5788 0.3833 0.0192 
 82       82   (0)      7 :  0.0000 0.0000 0.0000 0.9164 0.0836 0.0000 
 83       83   (0)      7 :  0.0143 0.0076 0.0926 0.2864 0.5791 0.0200 
 84       84   (0)      7 :  0.0000 0.0227 0.4825 0.0000 0.4337 0.0611 
 85       85   (0)      7 :  0.0806 0.0000 0.0000 0.5524 0.3669 0.0000 
 86       86   (0)      7 :  0.0525 0.0000 0.0000 0.7933 0.1542 0.0000 
 87       87   (0)      7 :  0.0000 0.0110 0.4240 0.0000 0.4425 0.1225 
 88       88   (0)      7 :  0.0000 0.0000 0.0000 0.2749 0.4859 0.2392 
 89       89   (0)      7 :  0.0000 0.0843 0.4819 0.0004 0.2615 0.1719 
 90       90   (0)      7 :  0.0076 0.0000 0.0014 0.7428 0.2482 0.0000 
 91       91   (0)      7 :  0.0231 0.0000 0.0000 0.2639 0.5826 0.1304 
 92       92   (0)      7 :  0.0566 0.0000 0.0000 0.5610 0.3780 0.0044 
 93       93   (0)      7 :  0.0713 0.0000 0.0394 0.7908 0.0985 0.0000 
 94       94   (0)      7 :  0.0124 0.0000 0.0000 0.4011 0.4978 0.0888 
 95       95   (0)      7 :  0.0422 0.0104 0.0000 0.8399 0.1075 0.0000 
 96       96   (0)      7 :  0.0000 0.0080 0.0658 0.6496 0.1730 0.1036 
 97       97   (0)      7 :  0.0000 0.0000 0.0000 0.9630 0.0345 0.0024 
 98       98   (0)      7 :  0.0169 0.0087 0.0000 0.9744 0.0000 0.0000 
 99       99   (0)      7 :  0.0011 0.0000 0.0174 0.9704 0.0000 0.0110 
100      100   (0)      7 :  0.0511 0.0207 0.4967 0.0506 0.3634 0.0174 
101      101   (0)      6 :  0.1555 0.0000 0.0000 0.1345 0.7100 0.0000 
102      102   (0)      6 :  0.2701 0.0000 0.0000 0.2102 0.4479 0.0718 
103      103   (0)      6 :  0.0865 0.0107 0.0000 0.0358 0.6089 0.2581 
104      104   (0)      6 :  0.1452 0.0000 0.0000 0.0619 0.7929 0.0000 
105      105   (0)      6 :  0.0762 0.0000 0.0000 0.0559 0.5872 0.2807 
106      106   (0)      6 :  0.1879 0.0000 0.0000 0.2705 0.4880 0.0536 
107      107   (0)      6 :  0.1797 0.0003 0.0022 0.0664 0.6511 0.1003 
108      108   (0)      6 :  0.1011 0.0044 0.0189 0.0901 0.6455 0.1401 
109      109   (0)      6 :  0.0112 0.0175 0.5202 0.0000 0.3533 0.0978 
110      110   (0)      7 :  0.0099 0.0000 0.0045 0.3113 0.5437 0.1306 
111      111   (0)      7 :  0.0550 0.1014 0.0872 0.6743 0.0821 0.0000 
112      112   (0)      6 :  0.2176 0.0405 0.0219 0.1950 0.5147 0.0103 
113      113   (0)      6 :  0.4434 0.0229 0.0210 0.0347 0.4779 0.0000 
114      114   (0)      6 :  0.0961 0.0552 0.5433 0.0000 0.2354 0.0700 
115      115   (0)      6 :  0.2410 0.0157 0.0000 0.3358 0.4074 0.0000 
116      116   (0)      6 :  0.0869 0.1358 0.4621 0.2168 0.0725 0.0259 
117      117   (0)      6 :  0.1370 0.0482 0.0214 0.2805 0.4658 0.0471 
118      118   (0)      6 :  0.2718 0.0000 0.0000 0.0624 0.5182 0.1475 
119      119   (0)      6 :  0.2299 0.0000 0.0000 0.0325 0.6800 0.0577 
120      120   (0)      6 :  0.2137 0.0103 0.0000 0.2173 0.5587 0.0000 
121      121   (0)      6 :  0.2997 0.0216 0.0000 0.0968 0.5761 0.0058 
122      122   (0)      6 :  0.1592 0.0541 0.5771 0.0000 0.1773 0.0322 
123      123   (0)      8 :  0.0166 0.0000 0.0747 0.4059 0.3057 0.1971 
124      124   (0)      8 :  0.0000 0.0000 0.0215 0.2581 0.5488 0.1716 
125      125   (0)      8 :  0.0000 0.0000 0.0616 0.2494 0.4099 0.2791 
126      126   (0)      8 :  0.0129 0.0001 0.0000 0.4699 0.5048 0.0123 
127      127   (0)      8 :  0.0000 0.0024 0.0000 0.5971 0.3768 0.0237 
128      128   (0)      8 :  0.0000 0.0000 0.0000 0.5389 0.2614 0.1997 
129      129   (0)      8 :  0.0000 0.0000 0.0143 0.3356 0.4462 0.2040 
130      130   (0)      8 :  0.0240 0.0000 0.0669 0.2562 0.3767 0.2762 
131      131   (0)      8 :  0.0682 0.0048 0.0000 0.5440 0.3330 0.0501 
132      132   (0)      8 :  0.0000 0.0000 0.0000 0.3912 0.4405 0.1683 
133      133   (0)      8 :  0.0000 0.0000 0.0094 0.2662 0.5637 0.1607 
134      134   (0)      8 :  0.0000 0.0044 0.0118 0.5646 0.3031 0.1162 
135      135   (0)      8 :  0.0279 0.0119 0.0000 0.8596 0.0677 0.0329 
136      136   (0)      8 :  0.0000 0.0000 0.0000 0.0537 0.5659 0.3804 
137      137   (0)      8 :  0.0510 0.0000 0.0461 0.4982 0.4016 0.0031 
138      138   (0)      8 :  0.0000 0.0000 0.0000 0.3781 0.6025 0.0194 
139      139   (0)      8 :  0.0000 0.0000 0.0141 0.3284 0.6310 0.0265 
140      140   (0)      8 :  0.0087 0.0000 0.0000 0.3507 0.6406 0.0000 
141      141   (0)      8 :  0.0025 0.0000 0.0000 0.2941 0.5552 0.1482 
142      142   (0)      8 :  0.0000 0.0000 0.0000 0.5658 0.2549 0.1793 
143      143   (0)      8 :  0.0033 0.0000 0.0000 0.2850 0.6640 0.0478 
144      144   (0)      8 :  0.1571 0.0000 0.0460 0.6310 0.1660 0.0000 
145      145   (0)      8 :  0.0297 0.0056 0.0000 0.3910 0.5070 0.0667 
146      146   (0)      3 :  0.0000 0.0000 0.0000 0.4534 0.3162 0.2304 
147      147   (0)      3 :  0.0000 0.0000 0.4376 0.0124 0.3953 0.1547 
148      148   (0)      3 :  0.0000 0.0000 0.0000 0.0000 0.6213 0.3787 
149      149   (0)      3 :  0.0000 0.0000 0.0105 0.4379 0.5138 0.0378 
150      150   (0)      3 :  0.0079 0.0000 0.0003 0.3101 0.4758 0.2058 
151      151   (0)      3 :  0.0290 0.0000 0.0088 0.3300 0.3682 0.2639 
152      152   (0)      3 :  0.0043 0.0000 0.0000 0.4963 0.4994 0.0000 
153      153   (0)      3 :  0.0000 0.0000 0.0000 0.5048 0.4110 0.0842 
154      154   (0)      3 :  0.0000 0.0000 0.0000 0.5653 0.2877 0.1469 
155      155   (0)      3 :  0.0000 0.0000 0.0000 0.6271 0.3241 0.0488 
156      156   (0)      3 :  0.0000 0.0000 0.0439 0.7742 0.1706 0.0113 
157      157   (0)      3 :  0.0000 0.0000 0.1052 0.5236 0.3606 0.0105 
158      158   (0)      3 :  0.0000 0.0000 0.0000 0.4415 0.5463 0.0122 
159      159   (0)      3 :  0.0000 0.0000 0.0000 0.4947 0.4924 0.0128 
160      160   (0)      3 :  0.0000 0.0057 0.5239 0.0124 0.4326 0.0254 
161      161   (0)      3 :  0.0826 0.0000 0.0000 0.2975 0.5023 0.1176 
162      162   (0)      3 :  0.0000 0.0000 0.0000 0.2609 0.4679 0.2711 
163      163   (0)      3 :  0.0000 0.0000 0.0000 0.4196 0.5739 0.0065 
164      164   (0)      3 :  0.0000 0.0000 0.0000 0.4698 0.4101 0.1201 
165      165   (0)      3 :  0.0000 0.0000 0.0000 0.5687 0.4251 0.0062 
166      166   (0)      3 :  0.0000 0.0000 0.0155 0.3112 0.3897 0.2835 
167      167   (0)      3 :  0.0000 0.0000 0.0000 0.5990 0.3581 0.0430 
168      168   (0)      3 :  0.0000 0.0011 0.0000 0.2033 0.6853 0.1104 
169      169   (0)      3 :  0.0000 0.0000 0.0000 0.5962 0.3993 0.0045 
170      170   (0)      3 :  0.0068 0.0000 0.0000 0.5677 0.4255 0.0000 
171      171   (0)      3 :  0.0000 0.0000 0.0156 0.3082 0.6762 0.0000 
172      172   (0)      3 :  0.0000 0.0000 0.0000 0.5397 0.4418 0.0185 
173      173   (0)      3 :  0.0000 0.0000 0.0000 0.4736 0.5246 0.0018 
174      174   (0)      3 :  0.0000 0.0000 0.0000 0.4087 0.4322 0.1590 
175      175   (0)      8 :  0.0000 0.0000 0.0000 0.4699 0.3137 0.2164 
176      176   (0)      8 :  0.1363 0.0519 0.0325 0.7438 0.0354 0.0000 
177      177   (0)      8 :  0.0000 0.0000 0.0000 0.2703 0.5892 0.1405 
178      178   (0)      8 :  0.0748 0.0000 0.0000 0.3677 0.5575 0.0000 
179      179   (0)      8 :  0.0000 0.0000 0.0000 0.2886 0.5320 0.1794 
180      180   (0)      8 :  0.0000 0.0000 0.0400 0.3911 0.4106 0.1583 
181      181   (0)      8 :  0.0000 0.0000 0.0000 0.4373 0.4238 0.1389 
182      182   (0)      1 :  0.0445 0.0000 0.0000 0.0604 0.8951 0.0000 
183      183   (0)      1 :  0.1027 0.0000 0.0000 0.0000 0.7499 0.1474 
184      184   (0)      1 :  0.1436 0.0000 0.0000 0.0233 0.8331 0.0000 
185      185   (0)      1 :  0.0516 0.0075 0.0218 0.0000 0.7619 0.1573 
186      186   (0)      1 :  0.0869 0.0000 0.0000 0.0261 0.8780 0.0090 
187      187   (0)      1 :  0.0897 0.0263 0.0464 0.2858 0.4668 0.0849 
188      188   (0)      1 :  0.0361 0.0000 0.0000 0.0282 0.9316 0.0041 
189      189   (0)      1 :  0.0010 0.0000 0.0000 0.0124 0.9424 0.0443 
190      190   (0)      2 :  0.0369 0.0000 0.0000 0.0000 0.6232 0.3399 
191      191   (0)      2 :  0.0000 0.0000 0.0000 0.3835 0.6163 0.0003 
192      192   (0)      2 :  0.0129 0.0000 0.0000 0.2138 0.7255 0.0479 
193      193   (0)      2 :  0.0000 0.0089 0.0000 0.3540 0.3581 0.2789 
194      194   (0)      2 :  0.0117 0.0000 0.0000 0.1285 0.8038 0.0560 
195      195   (0)      2 :  0.0000 0.0000 0.0000 0.1687 0.4877 0.3436 
196      196   (0)      2 :  0.1461 0.0000 0.0000 0.0240 0.7329 0.0969 
197      197   (0)      2 :  0.0521 0.0000 0.0000 0.2837 0.5095 0.1547 
198      198   (0)      1 :  0.0385 0.0000 0.0000 0.0658 0.6642 0.2316 
199      199   (0)      1 :  0.1375 0.0000 0.0000 0.0506 0.8119 0.0000 
200      200   (0)      1 :  0.1141 0.0000 0.0000 0.1456 0.5452 0.1950 
201      201   (0)      1 :  0.2615 0.0136 0.0445 0.0084 0.6021 0.0699 
202      202   (0)      1 :  0.1589 0.0014 0.0129 0.0000 0.6241 0.2027 
203      203   (0)      1 :  0.2451 0.0229 0.0080 0.0161 0.7075 0.0005 
204      204   (0)      2 :  0.0499 0.0000 0.2507 0.1709 0.3394 0.1890 
205      205   (0)      2 :  0.1189 0.0000 0.0000 0.0110 0.6548 0.2153 
206      206   (0)      2 :  0.0000 0.0000 0.5501 0.0940 0.2200 0.1359 
207      207   (0)      2 :  0.0466 0.0000 0.0000 0.1930 0.7531 0.0073 
208      208   (0)      2 :  0.0000 0.0000 0.0000 0.0000 0.6000 0.4000 
209      209   (0)      2 :  0.0089 0.0000 0.0171 0.1314 0.8362 0.0064 
210      210   (0)      2 :  0.0345 0.0000 0.0000 0.1430 0.4860 0.3365 
211      211   (0)      1 :  0.0861 0.0000 0.0000 0.0000 0.5561 0.3578 
212      212   (0)      1 :  0.1984 0.0000 0.0071 0.2772 0.5173 0.0000 
213      213   (0)      1 :  0.0571 0.0088 0.0000 0.1473 0.6699 0.1168 
214      214   (0)      1 :  0.1701 0.0117 0.0000 0.0438 0.7744 0.0000 
215      215   (0)      1 :  0.0324 0.0000 0.0000 0.0000 0.6371 0.3305 
216      216   (0)      1 :  0.1939 0.0000 0.0000 0.0000 0.8061 0.0000 
217      217   (0)      1 :  0.2205 0.0000 0.0000 0.0315 0.7377 0.0104 
218      218   (0)      1 :  0.1620 0.0077 0.0000 0.0733 0.5865 0.1705 
219      219   (0)      2 :  0.0087 0.0000 0.0000 0.0001 0.8186 0.1726 
220      220   (0)      2 :  0.0424 0.0000 0.0000 0.2620 0.4112 0.2844 
221      221   (0)      2 :  0.0646 0.0116 0.0000 0.1175 0.8063 0.0000 
222      222   (0)      2 :  0.0031 0.0000 0.0000 0.2672 0.6703 0.0595 
223      223   (0)      2 :  0.1378 0.0051 0.0000 0.0751 0.7820 0.0000 
224      224   (0)      2 :  0.0000 0.0000 0.0000 0.0069 0.6321 0.3610 
225      225   (0)      2 :  0.0526 0.0000 0.0000 0.0909 0.5960 0.2605 
226      226   (0)      2 :  0.0675 0.0045 0.0000 0.1210 0.7959 0.0111 
227      227   (0)      2 :  0.0048 0.0000 0.0000 0.0242 0.9058 0.0652 
228      228   (0)      2 :  0.0014 0.0087 0.0000 0.0495 0.8783 0.0621 
229      229   (0)      2 :  0.0126 0.0000 0.0000 0.0000 0.9532 0.0342 
230      230   (0)      2 :  0.0000 0.0212 0.3681 0.0000 0.4189 0.1918 
231      231   (0)      2 :  0.0000 0.0000 0.0000 0.3816 0.5468 0.0717 
232      232   (0)      2 :  0.0000 0.0000 0.0000 0.0952 0.7466 0.1582 
233      233   (0)      9 :  0.9862 0.0000 0.0000 0.0000 0.0138 0.0000 
234      234   (0)      9 :  0.0000 0.4183 0.0543 0.0000 0.0125 0.5149 
235      235   (0)      9 :  1.0000 0.0000 0.0000 0.0000 0.0000 0.0000 
236      236   (0)      9 :  0.0000 0.4146 0.0537 0.0942 0.0000 0.4376 
237      237   (0)      9 :  0.9850 0.0000 0.0000 0.0000 0.0150 0.0000 
238      238   (0)      9 :  1.0000 0.0000 0.0000 0.0000 0.0000 0.0000 
239      239   (0)      9 :  0.0000 0.4509 0.0076 0.0000 0.0000 0.5416 
240      240   (0)      9 :  0.0000 0.4100 0.0053 0.0000 0.0000 0.5847 
241      241   (0)     10 :  0.0000 0.3878 0.0000 0.0000 0.0035 0.6088 
242      242   (0)     10 :  0.0163 0.3646 0.0190 0.0000 0.0000 0.6000 
243      243   (0)     10 :  0.0000 0.3452 0.0000 0.0832 0.0011 0.5705 
244      244   (0)     11 :  0.9615 0.0357 0.0028 0.0000 0.0000 0.0000 
245      245   (0)     11 :  0.9422 0.0578 0.0000 0.0000 0.0000 0.0000 
246      246   (0)     11 :  0.9888 0.0000 0.0000 0.0000 0.0112 0.0000 
247      247   (0)     11 :  1.0000 0.0000 0.0000 0.0000 0.0000 0.0000 
248      248   (0)     11 :  1.0000 0.0000 0.0000 0.0000 0.0000 0.0000 
249      249   (0)     11 :  0.0096 0.5779 0.0158 0.0000 0.0000 0.3967 
250      250   (0)     11 :  0.0000 0.6679 0.0180 0.0163 0.0000 0.2978 
251      251   (0)     10 :  0.1410 0.2876 0.0000 0.0429 0.0370 0.4915 
252      252   (0)     10 :  0.0133 0.3367 0.0493 0.0189 0.0000 0.5817 
253      253   (0)     10 :  0.0000 0.3819 0.0135 0.0000 0.0046 0.6000 
254      254   (0)     10 :  0.0000 0.3612 0.0001 0.0000 0.0387 0.6000 
255      255   (0)     10 :  0.0000 0.3808 0.0000 0.0000 0.0678 0.5514 
256      256   (0)     10 :  0.0755 0.3752 0.0458 0.0236 0.0000 0.4799 
257      257   (0)     10 :  0.0106 0.3685 0.0509 0.0000 0.0000 0.5701 
258      258   (0)     10 :  0.0000 0.4000 0.0000 0.0000 0.0000 0.6000 
259      259   (0)     10 :  0.0645 0.3349 0.0355 0.0000 0.0000 0.5651 
260      260   (0)     10 :  0.0000 0.4573 0.0000 0.0444 0.0000 0.4983 
261      261   (0)     10 :  0.3616 0.2393 0.0000 0.0000 0.0237 0.3754 
262      262   (0)     10 :  0.0502 0.3789 0.0164 0.1299 0.0000 0.4245 
263      263   (0)     10 :  0.0135 0.3540 0.0459 0.0000 0.0000 0.5865 
264      264   (0)     10 :  0.0244 0.3562 0.0159 0.0000 0.0034 0.6000 
265      265   (0)     10 :  0.0000 0.3903 0.0077 0.0050 0.0000 0.5970 
266      266   (0)     10 :  0.0000 0.3592 0.0226 0.0000 0.0215 0.5966 
267      267   (0)     10 :  0.9019 0.0000 0.0000 0.0000 0.0423 0.0558 
268      268   (0)     10 :  0.0000 0.3774 0.0000 0.0806 0.0000 0.5420 
269      269   (0)     10 :  0.0228 0.3492 0.0000 0.0539 0.0000 0.5740 
270      270   (0)     10 :  0.0138 0.3521 0.0000 0.0000 0.0479 0.5862 
271      271   (0)     10 :  0.0272 0.3469 0.0000 0.0357 0.0000 0.5902 
272      272   (0)     10 :  0.0000 0.4000 0.0000 0.0000 0.0000 0.6000 
273      273   (0)     12 :  0.0000 0.9811 0.0000 0.0000 0.0000 0.0189 
274      274   (0)     12 :  0.0840 0.9160 0.0000 0.0000 0.0000 0.0000 
275      275   (0)     12 :  0.0000 0.9983 0.0000 0.0000 0.0000 0.0017 
276      276   (0)     12 :  0.0000 0.9993 0.0007 0.0000 0.0000 0.0000 
277      277   (0)     12 :  0.1019 0.7872 0.0000 0.0512 0.0000 0.0597 
278      278   (0)     12 :  0.7377 0.2623 0.0000 0.0000 0.0000 0.0000 
279      279   (0)     12 :  0.8864 0.1136 0.0000 0.0000 0.0000 0.0000 
280      280   (0)     12 :  0.0000 1.0000 0.0000 0.0000 0.0000 0.0000 
281      281   (0)     12 :  0.0000 0.9642 0.0131 0.0000 0.0000 0.0227 
282      282   (0)     12 :  0.0720 0.8459 0.0000 0.0409 0.0000 0.0412 
283      283   (0)     12 :  0.0755 0.8717 0.0000 0.0362 0.0000 0.0166 
284      284   (0)     12 :  0.9087 0.0913 0.0000 0.0000 0.0000 0.0000 
285      285   (0)     12 :  0.9288 0.0712 0.0000 0.0000 0.0000 0.0000 
286      286   (0)     12 :  0.7791 0.2080 0.0000 0.0129 0.0000 0.0000 
287      287   (0)     12 :  0.0119 0.9604 0.0000 0.0000 0.0000 0.0277 
288      288   (0)     12 :  0.0097 0.9903 0.0000 0.0000 0.0000 0.0000 
289      289   (0)     12 :  0.0000 1.0000 0.0000 0.0000 0.0000 0.0000 
290      290   (0)     12 :  0.0000 0.9997 0.0001 0.0000 0.0000 0.0001 
291      291   (0)     12 :  0.0000 0.9768 0.0000 0.0000 0.0000 0.0232 
292      292   (0)     12 :  0.0251 0.9294 0.0000 0.0000 0.0000 0.0455 
293      293   (0)     12 :  0.0040 0.9960 0.0000 0.0000 0.0000 0.0000 
294      294   (0)     12 :  0.0159 0.9560 0.0282 0.0000 0.0000 0.0000 
295      295   (0)     12 :  0.9712 0.0288 0.0000 0.0000 0.0000 0.0000 
296      296   (0)     12 :  0.0000 1.0000 0.0000 0.0000 0.0000 0.0000 
297      297   (0)     12 :  0.0000 1.0000 0.0000 0.0000 0.0000 0.0000 
298      298   (0)     12 :  0.8383 0.1563 0.0000 0.0054 0.0000 0.0000 
299      299   (0)     12 :  0.0077 0.9073 0.0000 0.0128 0.0000 0.0722 
300      300   (0)     12 :  0.9355 0.0645 0.0000 0.0000 0.0000 0.0000 
301      301   (0)     13 :  0.0519 0.8401 0.0000 0.0000 0.0000 0.1080 
302      302   (0)     13 :  0.0000 0.9414 0.0176 0.0000 0.0000 0.0410 
303      303   (0)     13 :  0.0000 0.8880 0.0000 0.0000 0.0000 0.1120 
304      304   (0)     13 :  0.0119 0.8222 0.0000 0.0000 0.0000 0.1659 
305      305   (0)     13 :  0.0000 0.9630 0.0000 0.0000 0.0000 0.0370 
306      306   (0)     13 :  0.0000 0.9225 0.0098 0.0002 0.0000 0.0674 
307      307   (0)     13 :  0.0000 0.8105 0.0516 0.0000 0.0000 0.1379 
308      308   (0)     13 :  0.7945 0.1929 0.0000 0.0126 0.0000 0.0000 
309      309   (0)     13 :  0.3885 0.5440 0.0000 0.0000 0.0000 0.0675 
310      310   (0)     13 :  0.0000 0.9675 0.0000 0.0000 0.0000 0.0325 
311      311   (0)     13 :  0.0000 0.9301 0.0000 0.0000 0.0000 0.0699 
312      312   (0)     13 :  0.0000 0.8262 0.0921 0.0061 0.0000 0.0756 
313      313   (0)     13 :  0.0000 0.9577 0.0000 0.0000 0.0000 0.0423 
314      314   (0)     13 :  0.0000 0.9007 0.0000 0.0000 0.0000 0.0993 
315      315   (0)     13 :  0.0000 0.9047 0.0000 0.0000 0.0000 0.0953 
316      316   (0)     13 :  0.0039 0.7992 0.0110 0.0000 0.0000 0.1858 
317      317   (0)     13 :  0.0000 0.9031 0.0000 0.0000 0.0000 0.0969 
318      318   (0)     13 :  0.0000 0.9084 0.0916 0.0000 0.0000 0.0000 
319      319   (0)     13 :  0.0000 0.8683 0.0000 0.0000 0.0000 0.1317 
320      320   (0)     13 :  0.7450 0.2549 0.0000 0.0000 0.0000 0.0001 
321      321   (0)     13 :  0.0000 0.9130 0.0000 0.0000 0.0000 0.0870 
322      322   (0)     13 :  0.0000 0.9042 0.0000 0.0000 0.0000 0.0958 
323      323   (0)     13 :  0.0000 0.9997 0.0000 0.0000 0.0000 0.0003 
324      324   (0)     13 :  0.0000 0.9619 0.0000 0.0000 0.0000 0.0381 
325      325   (0)     14 :  0.0000 0.7355 0.0000 0.0000 0.0000 0.2645 
326      326   (0)     14 :  0.0000 0.4000 0.0000 0.0000 0.0000 0.6000 
327      327   (0)     14 :  1.0000 0.0000 0.0000 0.0000 0.0000 0.0000 
328      328   (0)     14 :  0.0000 0.6348 0.0000 0.0000 0.0000 0.3652 
329      329   (0)     14 :  1.0000 0.0000 0.0000 0.0000 0.0000 0.0000 
330      330   (0)     14 :  0.9380 0.0079 0.0000 0.0000 0.0253 0.0289 
331      331   (0)     14 :  0.9891 0.0109 0.0000 0.0000 0.0000 0.0000 
332      332   (0)     14 :  0.1134 0.5670 0.0000 0.0000 0.0000 0.3196 
333      333   (0)     14 :  1.0000 0.0000 0.0000 0.0000 0.0000 0.0000 
334      334   (0)     14 :  0.0000 0.5134 0.0000 0.0000 0.0000 0.4866 
335      335   (0)     14 :  0.0629 0.5410 0.0000 0.0000 0.0105 0.3855 
336      336   (0)     11 :  0.9754 0.0097 0.0000 0.0000 0.0000 0.0150 
337      337   (0)     11 :  0.0000 0.6012 0.0250 0.0000 0.0000 0.3739 
338      338   (0)     11 :  0.9743 0.0257 0.0000 0.0000 0.0000 0.0000 
339      339   (0)     10 :  0.0000 0.3466 0.0534 0.0000 0.0000 0.6000 
340      340   (0)     10 :  0.7262 0.0000 0.0000 0.2738 0.0000 0.0000 
341      341   (0)     11 :  0.9035 0.0270 0.0000 0.0000 0.0179 0.0516 
342      342   (0)     11 :  1.0000 0.0000 0.0000 0.0000 0.0000 0.0000 
343      343   (0)     11 :  1.0000 0.0000 0.0000 0.0000 0.0000 0.0000 
344      344   (0)     11 :  0.8863 0.0251 0.0000 0.0163 0.0119 0.0604 
345      345   (0)     11 :  0.9801 0.0111 0.0000 0.0000 0.0000 0.0088 
346      346   (0)     11 :  1.0000 0.0000 0.0000 0.0000 0.0000 0.0000 
347      347   (0)     11 :  0.0017 0.6340 0.0000 0.0000 0.0000 0.3643 
348      348   (0)     11 :  1.0000 0.0000 0.0000 0.0000 0.0000 0.0000 
349      349   (0)     11 :  0.9755 0.0035 0.0000 0.0000 0.0000 0.0210 
350      350   (0)     11 :  0.8766 0.0494 0.0000 0.0000 0.0000 0.0740 
351      351   (0)     11 :  1.0000 0.0000 0.0000 0.0000 0.0000 0.0000 
352      352   (0)     11 :  0.0349 0.5111 0.0000 0.0000 0.0000 0.4540 
353      353   (0)     11 :  1.0000 0.0000 0.0000 0.0000 0.0000 0.0000 
354      354   (0)     11 :  0.0000 0.4862 0.0000 0.0000 0.0000 0.5138 
355      355   (0)     11 :  1.0000 0.0000 0.0000 0.0000 0.0000 0.0000 
356      356   (0)     14 :  0.9595 0.0296 0.0000 0.0003 0.0007 0.0099 
357      357   (0)     14 :  0.0000 0.5995 0.0000 0.0000 0.0000 0.4005 
358      358   (0)     14 :  1.0000 0.0000 0.0000 0.0000 0.0000 0.0000 
359      359   (0)     14 :  0.0101 0.5721 0.0000 0.0000 0.0000 0.4178 
360      360   (0)     14 :  0.9987 0.0000 0.0000 0.0000 0.0000 0.0013 
361      361   (0)     14 :  0.9441 0.0175 0.0000 0.0000 0.0000 0.0384 
362      362   (0)     14 :  1.0000 0.0000 0.0000 0.0000 0.0000 0.0000 
363      363   (0)     14 :  0.9945 0.0000 0.0000 0.0000 0.0055 0.0000 
364      364   (0)     14 :  1.0000 0.0000 0.0000 0.0000 0.0000 0.0000 
365      365   (0)     14 :  0.8909 0.0831 0.0000 0.0000 0.0000 0.0261 
366      366   (0)     14 :  0.0455 0.5394 0.0000 0.0000 0.0000 0.4151 
367      367   (0)      9 :  0.0000 0.4423 0.0000 0.0000 0.0000 0.5577 
368      368   (0)      9 :  0.8701 0.0275 0.0000 0.0435 0.0000 0.0589 
369      369   (0)      9 :  0.0402 0.3849 0.0018 0.0000 0.0000 0.5731 
370      370   (0)      9 :  0.0996 0.3369 0.0000 0.0000 0.0000 0.5635 
371      371   (0)      9 :  0.0000 0.3920 0.0007 0.0073 0.0000 0.6000 
372      372   (0)      9 :  1.0000 0.0000 0.0000 0.0000 0.0000 0.0000 
373      373   (0)     14 :  1.0000 0.0000 0.0000 0.0000 0.0000 0.0000 
374      374   (0)     14 :  0.0263 0.3819 0.0000 0.0000 0.0000 0.5918 
375      375   (0)     14 :  0.9597 0.0112 0.0000 0.0000 0.0000 0.0291 
376      376   (0)     14 :  1.0000 0.0000 0.0000 0.0000 0.0000 0.0000 
377      377   (0)     14 :  0.0000 0.4187 0.0068 0.0000 0.0000 0.5745 
378      378   (0)      9 :  0.0007 0.3759 0.0000 0.0000 0.0234 0.6000 
379      379   (0)      9 :  0.9569 0.0000 0.0000 0.0000 0.0431 0.0000 
380      380   (0)      9 :  0.9262 0.0000 0.0000 0.0000 0.0738 0.0000 
381      381   (0)      9 :  0.8744 0.0000 0.0000 0.0000 0.0722 0.0534 
382      382   (0)      9 :  0.0044 0.3837 0.0119 0.0000 0.0000 0.6000 
383      383   (0)      9 :  0.0000 0.3990 0.0010 0.0000 0.0000 0.6000 
384      384   (0)      9 :  0.0000 0.3747 0.0000 0.0253 0.0000 0.6000 
385      385   (0)      9 :  0.8453 0.0000 0.0000 0.0000 0.0865 0.0682 
386      386   (0)      9 :  0.0000 0.3963 0.0000 0.0000 0.0037 0.6000 
387      387   (0)      9 :  0.0300 0.3488 0.0425 0.0000 0.0000 0.5787 
388      388   (0)      9 :  0.9972 0.0000 0.0000 0.0000 0.0000 0.0028 
389      389   (0)      9 :  0.9842 0.0000 0.0000 0.0023 0.0136 0.0000 
390      390   (0)      9 :  0.0000 0.3056 0.1627 0.0330 0.0000 0.4987 
391      391   (0)      9 :  0.8019 0.0000 0.0000 0.0000 0.1119 0.0862 
392      392   (0)     15 :  0.0168 0.8057 0.0000 0.0000 0.0000 0.1775 
393      393   (0)     15 :  0.0026 0.9974 0.0000 0.0000 0.0000 0.0000 
394      394   (0)     15 :  0.2355 0.7645 0.0000 0.0000 0.0000 0.0000 
395      395   (0)     15 :  0.1494 0.7389 0.0000 0.0000 0.0678 0.0439 
396      396   (0)     15 :  0.0709 0.9290 0.0000 0.0000 0.0000 0.0000 
397      397   (0)     15 :  0.0727 0.9273 0.0000 0.0000 0.0000 0.0000 
398      398   (0)     15 :  0.0336 0.9664 0.0000 0.0000 0.0000 0.0000 
399      399   (0)     15 :  0.9250 0.0750 0.0000 0.0000 0.0000 0.0000 
400      400   (0)     15 :  0.0000 0.9613 0.0000 0.0000 0.0202 0.0185 
401      401   (0)     15 :  0.0413 0.9315 0.0247 0.0000 0.0000 0.0025 
402      402   (0)     15 :  0.9180 0.0820 0.0000 0.0000 0.0000 0.0000 
403      403   (0)     15 :  1.0000 0.0000 0.0000 0.0000 0.0000 0.0000 
404      404   (0)     15 :  0.1121 0.8879 0.0000 0.0000 0.0000 0.0000 
405      405   (0)     15 :  0.0628 0.9032 0.0000 0.0000 0.0000 0.0340 
406      406   (0)     15 :  0.0191 0.9691 0.0000 0.0000 0.0000 0.0118 
407      407   (0)     15 :  0.2974 0.6959 0.0000 0.0000 0.0000 0.0067 
408      408   (0)     15 :  0.9277 0.0723 0.0000 0.0000 0.0000 0.0000 
409      409   (0)     15 :  0.1546 0.8454 0.0000 0.0000 0.0000 0.0000 
410      410   (0)     15 :  0.8866 0.1134 0.0000 0.0000 0.0000 0.0000 
411      411   (0)     15 :  0.0580 0.9420 0.0000 0.0000 0.0000 0.0000 
412      412   (0)     15 :  0.2913 0.7038 0.0000 0.0000 0.0012 0.0038 
413      413   (0)     15 :  0.0266 0.9734 0.0000 0.0000 0.0000 0.0000 
414      414   (0)     15 :  0.0141 0.9394 0.0000 0.0040 0.0000 0.0425 
415      415   (0)     15 :  0.2595 0.7031 0.0000 0.0254 0.0066 0.0053 
416      416   (0)     15 :  0.0381 0.9619 0.0000 0.0000 0.0000 0.0000 
417      417   (0)     15 :  0.9399 0.0601 0.0000 0.0000 0.0000 0.0000 
418      418   (0)     15 :  0.0150 0.9850 0.0000 0.0000 0.0000 0.0000 
419      419   (0)     15 :  0.9356 0.0644 0.0000 0.0000 0.0000 0.0000 
420      420   (0)     15 :  0.9349 0.0651 0.0000 0.0000 0.0000 0.0000 
421      421   (0)     16 :  0.0000 0.0000 0.0193 0.0000 0.7456 0.2351 
422      422   (0)     16 :  0.0000 0.0000 0.0000 0.1610 0.5222 0.3167 
423      423   (0)     16 :  0.1466 0.0000 0.0000 0.1267 0.7267 0.0000 
424      424   (0)     16 :  0.1021 0.0000 0.0000 0.1209 0.5760 0.2010 
425      425   (0)     16 :  0.0539 0.0000 0.0000 0.1441 0.4846 0.3175 
426      426   (0)     16 :  0.0526 0.0000 0.0000 0.1471 0.8003 0.0000 
427      427   (0)     16 :  0.0104 0.0053 0.0000 0.0286 0.6701 0.2857 
428      428   (0)     16 :  0.0000 0.0000 0.0000 0.0000 1.0000 0.0000 
429      429   (0)     16 :  0.0400 0.0086 0.0000 0.1237 0.5794 0.2482 
430      430   (0)     16 :  0.0234 0.0000 0.0018 0.1067 0.8681 0.0000 
431      431   (0)     16 :  0.0000 0.0000 0.0000 0.4692 0.3088 0.2220 
432      432   (0)     16 :  0.0596 0.0000 0.0000 0.0000 0.9250 0.0154 
433      433   (0)     16 :  0.0000 0.0000 0.0000 0.0000 0.6450 0.3550 
434      434   (0)     16 :  0.0140 0.0000 0.0000 0.0323 0.8183 0.1354 
435      435   (0)     16 :  0.0136 0.0000 0.0000 0.0000 0.7695 0.2169 
436      436   (0)     16 :  0.0000 0.0000 0.0000 0.0911 0.5476 0.3612 
437      437   (0)     16 :  0.0000 0.0000 0.0010 0.1378 0.8525 0.0086 
438      438   (0)     16 :  0.0000 0.0000 0.0000 0.0381 0.9618 0.0002 
439      439   (0)     16 :  0.0523 0.0000 0.0000 0.1098 0.8379 0.0000 
440      440   (0)     16 :  0.1639 0.0000 0.0000 0.0000 0.8361 0.0000 
441      441   (0)     16 :  0.0248 0.0287 0.0000 0.0000 0.7764 0.1702 
442      442   (0)     16 :  0.0000 0.0000 0.0000 0.0594 0.9295 0.0111 
443      443   (0)     16 :  0.1664 0.0000 0.0000 0.0043 0.8168 0.0125 
444      444   (0)     16 :  0.0647 0.0000 0.0000 0.0075 0.9278 0.0000 
445      445   (0)     16 :  0.0000 0.0000 0.5878 0.0000 0.2392 0.1729 
446      446   (0)     16 :  0.0096 0.0000 0.0000 0.0000 0.7675 0.2230 
447      447   (0)     16 :  0.0696 0.0000 0.0000 0.0000 0.8138 0.1166 
448      448   (0)     16 :  0.0178 0.0000 0.0000 0.0000 0.9472 0.0349 
449      449   (0)     16 :  0.0369 0.0000 0.0053 0.0000 0.8121 0.1457 
450      450   (0)     16 :  0.0000 0.0000 0.0000 0.0885 0.8968 0.0148 
451      451   (0)     17 :  0.0628 0.0116 0.0000 0.2552 0.6031 0.0674 
452      452   (0)     17 :  0.0788 0.0000 0.0000 0.0000 0.8914 0.0298 
453      453   (0)     17 :  0.0070 0.0000 0.0000 0.0086 0.9844 0.0000 
454      454   (0)     17 :  0.0578 0.0788 0.4631 0.0000 0.3043 0.0960 
455      455   (0)     17 :  0.0013 0.0000 0.0046 0.0000 0.6109 0.3833 
456      456   (0)     17 :  0.0000 0.0376 0.5993 0.0000 0.2603 0.1028 
457      457   (0)     17 :  0.0000 0.0000 0.0000 0.0000 0.6275 0.3725 
458      458   (0)     17 :  0.0307 0.0000 0.0000 0.0624 0.8651 0.0419 
459      459   (0)     17 :  0.0521 0.0000 0.0000 0.0000 0.9404 0.0075 
460      460   (0)     17 :  0.1820 0.0000 0.0000 0.0000 0.4872 0.3308 
461      461   (0)     17 :  0.0713 0.0000 0.0000 0.0137 0.7635 0.1516 
462      462   (0)     17 :  0.0307 0.0919 0.0805 0.6499 0.1373 0.0096 
463      463   (0)     17 :  0.0000 0.0823 0.4137 0.0000 0.2656 0.2384 
464      464   (0)     17 :  0.0980 0.0000 0.0156 0.0585 0.7807 0.0472 
465      465   (0)     17 :  0.0099 0.0000 0.1603 0.3384 0.4736 0.0178 
466      466   (0)     17 :  0.1571 0.0000 0.0407 0.1024 0.6998 0.0000 
467      467   (0)     17 :  0.0684 0.0050 0.0156 0.2143 0.6198 0.0769 
468      468   (0)     17 :  0.2769 0.0000 0.0000 0.0000 0.7132 0.0100 
469      469   (0)     17 :  0.0764 0.0000 0.0303 0.1394 0.5839 0.1700 
470      470   (0)     17 :  0.1230 0.0135 0.0000 0.0106 0.8121 0.0409 
471      471   (0)     17 :  0.0917 0.0000 0.0029 0.0000 0.7167 0.1888 
472      472   (0)     17 :  0.1530 0.0038 0.0000 0.3358 0.5073 0.0000 
473      473   (0)     17 :  0.1999 0.0047 0.0000 0.1782 0.6172 0.0000 
474      474   (0)     17 :  0.0177 0.0028 0.0000 0.0875 0.5307 0.3614 
475      475   (0)     17 :  0.0641 0.0000 0.0000 0.1469 0.7243 0.0646 
476      476   (0)     17 :  0.0000 0.0048 0.0386 0.0699 0.6184 0.2683 
477      477   (0)     17 :  0.0000 0.0000 0.0040 0.0733 0.9227 0.0000 
478      478   (0)     17 :  0.0034 0.0000 0.0000 0.0000 0.6208 0.3758 
479      479   (0)     17 :  0.0000 0.0000 0.0232 0.0164 0.9347 0.0258 
480      480   (0)     17 :  0.2127 0.0000 0.0341 0.2739 0.4789 0.0004 
481      481   (0)     18 :  0.0596 0.0000 0.0795 0.8609 0.0000 0.0000 
482      482   (0)     18 :  0.0000 0.0000 1.0000 0.0000 0.0000 0.0000 
483      483   (0)     18 :  0.0000 0.0000 1.0000 0.0000 0.0000 0.0000 
484      484   (0)     18 :  0.0000 0.0000 1.0000 0.0000 0.0000 0.0000 
485      485   (0)     18 :  0.0000 0.0000 0.9701 0.0000 0.0174 0.0125 
486      486   (0)     18 :  0.0000 0.0000 0.9061 0.0939 0.0000 0.0000 
487      487   (0)     18 :  0.0000 0.0000 1.0000 0.0000 0.0000 0.0000 
488      488   (0)     18 :  0.0746 0.0000 0.0662 0.2853 0.5739 0.0000 
489      489   (0)     18 :  0.0000 0.0143 0.0000 0.9857 0.0000 0.0000 
490      490   (0)     18 :  0.0000 0.0000 1.0000 0.0000 0.0000 0.0000 
491      491   (0)     18 :  0.0609 0.0000 0.9391 0.0000 0.0000 0.0000 
492      492   (0)     18 :  0.0099 0.0000 0.3738 0.0208 0.5955 0.0000 
493      493   (0)     18 :  0.0000 0.0000 0.0154 0.5059 0.2818 0.1969 
494      494   (0)     18 :  0.0000 0.0000 0.9397 0.0603 0.0000 0.0000 
495      495   (0)     18 :  0.0000 0.0000 1.0000 0.0000 0.0000 0.0000 
496      496   (0)     18 :  0.0000 0.0000 0.8875 0.0000 0.1125 0.0000 
497      497   (0)     18 :  0.0806 0.0000 0.0123 0.5738 0.1930 0.1404 
498      498   (0)     18 :  0.0000 0.0000 0.9072 0.0203 0.0464 0.0261 
499      499   (0)     18 :  0.0000 0.0000 0.6727 0.0572 0.1654 0.1047 
500      500   (0)     18 :  0.1258 0.0000 0.0589 0.8153 0.0000 0.0000 
501      501   (0)     18 :  0.0390 0.0000 0.0151 0.6854 0.2514 0.0091 
502      502   (0)     18 :  0.0000 0.0019 0.5956 0.0000 0.3107 0.0919 
503      503   (0)     18 :  0.0000 0.0000 1.0000 0.0000 0.0000 0.0000 
504      504   (0)     18 :  0.0000 0.0000 0.7244 0.0000 0.2308 0.0447 
505      505   (0)     18 :  0.1014 0.0000 0.7347 0.0000 0.1639 0.0000 
506      506   (0)     18 :  0.1013 0.0000 0.0056 0.4191 0.2719 0.2021 
507      507   (0)     18 :  0.0000 0.0000 0.7269 0.0859 0.1620 0.0252 
508      508   (0)     18 :  0.0067 0.0000 0.0278 0.4983 0.3007 0.1666 
509      509   (0)     18 :  0.0751 0.0000 0.7786 0.0000 0.1463 0.0000 
510      510   (0)     19 :  0.0139 0.0000 0.0000 0.1259 0.7491 0.1111 
511      511   (0)     19 :  0.0000 0.0000 0.0000 0.1486 0.4997 0.3517 
512      512   (0)     19 :  0.0000 0.0000 0.0000 0.0000 0.7763 0.2237 
513      513   (0)     19 :  0.0000 0.0000 0.0000 0.0000 0.6000 0.4000 
514      514   (0)     19 :  0.1609 0.0000 0.0001 0.0000 0.8391 0.0000 
515      515   (0)     19 :  0.0156 0.0000 0.0000 0.0536 0.6898 0.2410 
516      516   (0)     19 :  0.0000 0.0000 0.0000 0.0053 0.6035 0.3912 
517      517   (0)     19 :  0.0446 0.0000 0.0000 0.0793 0.8729 0.0032 
518      518   (0)     19 :  0.0110 0.0000 0.0000 0.0000 0.7740 0.2151 
519      519   (0)     19 :  0.2311 0.0000 0.0000 0.7207 0.0482 0.0000 
520      520   (0)     19 :  0.0175 0.0000 0.0000 0.0943 0.8377 0.0504 
521      521   (0)     19 :  0.0000 0.0000 0.0000 0.2620 0.4286 0.3094 
522      522   (0)     19 :  0.0074 0.0000 0.0000 0.0000 0.6019 0.3908 
523      523   (0)     19 :  0.0254 0.0000 0.0000 0.0719 0.5177 0.3851 
524      524   (0)     19 :  0.0040 0.0000 0.0000 0.0000 0.8699 0.1261 
525      525   (0)     19 :  0.0043 0.0048 0.0081 0.0000 0.7853 0.1975 
526      526   (0)     19 :  0.0407 0.0000 0.0000 0.0000 0.9031 0.0562 
527      527   (0)     19 :  0.0573 0.0000 0.0000 0.2749 0.5317 0.1361 
528      528   (0)     19 :  0.0000 0.0000 0.0000 0.1947 0.7636 0.0416 
529      529   (0)     19 :  0.0164 0.0000 0.0000 0.0026 0.9810 0.0000 
530      530   (0)     19 :  0.0223 0.0000 0.0000 0.0000 0.7137 0.2640 
531      531   (0)     19 :  0.1073 0.0000 0.0000 0.0000 0.6907 0.2020 
532      532   (0)     19 :  0.0439 0.0156 0.0000 0.0000 0.6743 0.2663 
533      533   (0)     19 :  0.0037 0.0384 0.3819 0.0000 0.5108 0.0653 
534      534   (0)     19 :  0.0145 0.0000 0.0000 0.2046 0.7477 0.0331 
535      535   (0)     19 :  0.0026 0.0000 0.0000 0.0418 0.6566 0.2989 
536      536   (0)     19 :  0.0000 0.0143 0.0000 0.0111 0.6559 0.3187 
537      537   (0)     19 :  0.0760 0.0000 0.0000 0.2373 0.5443 0.1424 
538      538   (0)     19 :  0.0000 0.0000 0.7197 0.0000 0.1699 0.1104 
539      539   (0)     19 :  0.0000 0.0000 0.0209 0.0000 0.5878 0.3913 
