  1        1   (0)      1 :  0.0015 0.2139 0.0000 0.0000 0.0000 0.1719 0.1420 0.0162 0.0526 0.0000 0.0000 0.0170 0.0000 0.0000 0.0000 0.3286 0.0562 
  2        2   (0)      1 :  0.5846 0.0090 0.0000 0.0000 0.0000 0.0108 0.0000 0.1151 0.0166 0.0000 0.0000 0.0012 0.0000 0.0000 0.0000 0.0025 0.2603 
  3        3   (0)      1 :  0.4511 0.0047 0.0000 0.0000 0.0000 0.0027 0.0036 0.3689 0.0000 0.0000 0.0000 0.0055 0.0000 0.0000 0.0164 0.0061 0.1410 
  4        4   (0)      1 :  0.0072 0.2451 0.0078 0.0000 0.0000 0.2479 0.2352 0.0120 0.0289 0.0000 0.0000 0.0934 0.0000 0.0000 0.0000 0.1146 0.0079 
  5        5   (0)      1 :  0.0034 0.1787 0.0006 0.0000 0.0172 0.4054 0.0931 0.0051 0.0397 0.0000 0.0000 0.0978 0.0000 0.0000 0.0000 0.1491 0.0100 
  6        6   (0)      1 :  0.0000 0.2783 0.0000 0.0000 0.0000 0.2233 0.2570 0.0053 0.0000 0.0000 0.0000 0.0100 0.0000 0.0022 0.0000 0.2221 0.0018 
  7        7   (0)      1 :  0.6883 0.0000 0.0000 0.0000 0.0000 0.0000 0.0017 0.1054 0.0157 0.0000 0.0000 0.0000 0.0000 0.0000 0.0000 0.0014 0.1874 
  8        8   (0)      1 :  0.7869 0.0000 0.0000 0.0000 0.0020 0.0000 0.0000 0.0843 0.0524 0.0000 0.0000 0.0023 0.0000 0.0000 0.0000 0.0019 0.0703 
  9        9   (0)      1 :  0.0089 0.0624 0.0000 0.0003 0.0000 0.2935 0.3485 0.0000 0.0168 0.0000 0.0000 0.1485 0.0000 0.0000 0.0000 0.1201 0.0010 
 10       10   (0)      1 :  0.4535 0.0000 0.0000 0.0000 0.0000 0.0105 0.0062 0.2252 0.0500 0.0000 0.0000 0.0020 0.0000 0.0000 0.0211 0.0036 0.2278 
 11       11   (0)      1 :  0.0009 0.1560 0.0000 0.0000 0.0000 0.0995 0.3249 0.0020 0.0556 0.0000 0.0000 0.1905 0.0000 0.0000 0.0000 0.1187 0.0519 
 12       12   (0)      1 :  0.0029 0.4218 0.0000 0.0000 0.0000 0.1600 0.2114 0.0030 0.0078 0.0000 0.0000 0.0500 0.0000 0.0000 0.0000 0.1398 0.0033 
 13       13   (0)      1 :  0.0000 0.1328 0.0000 0.0000 0.0000 0.1735 0.2947 0.0013 0.0825 0.0000 0.0000 0.0402 0.0000 0.0000 0.0000 0.2250 0.0500 
 14       14   (0)      1 :  0.0005 0.0954 0.0007 0.0000 0.0500 0.0877 0.5236 0.0000 0.0155 0.0000 0.0005 0.0209 0.0000 0.0000 0.0000 0.2045 0.0007 
 15       15   (0)      1 :  0.0000 0.3753 0.0004 0.0000 0.0000 0.1320 0.1531 0.0025 0.1005 0.0000 0.0000 0.0533 0.0000 0.0000 0.0000 0.1314 0.0515 
 16       16   (0)      1 :  0.0351 0.2059 0.0000 0.0000 0.0083 0.1916 0.2471 0.0037 0.0498 0.0000 0.0000 0.0713 0.0000 0.0052 0.0000 0.1449 0.0370 
 17       17   (0)      1 :  0.0000 0.3198 0.0000 0.0000 0.0000 0.3090 0.1336 0.0000 0.0256 0.0000 0.0000 0.0000 0.0000 0.0000 0.0000 0.2088 0.0032 
 18       18   (0)      1 :  0.0000 0.2763 0.0000 0.0000 0.0000 0.1487 0.2905 0.0000 0.0500 0.0000 0.0000 0.0678 0.0000 0.0000 0.0000 0.1667 0.0000 
 19       19   (0)      1 :  0.0005 0.2798 0.0000 0.0000 0.0000 0.2856 0.1033 0.0000 0.0673 0.0000 0.0006 0.1267 0.0000 0.0000 0.0000 0.1357 0.0004 
 20       20   (0)      1 :  0.0012 0.2787 0.0000 0.0000 0.0000 0.4150 0.0334 0.0000 0.0160 0.0000 0.0000 0.1906 0.0000 0.0000 0.0000 0.0645 0.0004 
 21       21   (0)      1 :  0.0001 0.1420 0.0001 0.0000 0.0000 0.3186 0.0391 0.0000 0.0577 0.0000 0.0000 0.1342 0.0000 0.0000 0.0000 0.2810 0.0273 
 22       22   (0)      1 :  0.2125 0.0101 0.0000 0.0000 0.0000 0.0113 0.0049 0.3841 0.0625 0.0000 0.0000 0.0000 0.0000 0.0000 0.0000 0.0000 0.3147 
 23       23   (0)      1 :  0.0009 0.3463 0.0000 0.0000 0.0000 0.4005 0.0177 0.0000 0.0000 0.0000 0.0000 0.0792 0.0000 0.0000 0.0000 0.1554 0.0000 
 24       24   (0)      1 :  0.0000 0.2484 0.0000 0.0000 0.0000 0.1000 0.2479 0.0000 0.2500 0.0000 0.0000 0.1500 0.0000 0.0000 0.0000 0.0000 0.0037 
 25       25   (0)      1 :  0.0049 0.3184 0.0000 0.0000 0.0000 0.3654 0.0893 0.0017 0.0302 0.0000 0.0000 0.0999 0.0000 0.0003 0.0000 0.0839 0.0058 
 26       26   (0)      1 :  0.0000 0.2066 0.0000 0.0000 0.0000 0.2161 0.2831 0.0000 0.0240 0.0000 0.0000 0.0723 0.0000 0.0000 0.0000 0.1714 0.0265 
 27       27   (0)      1 :  0.0000 0.0087 0.0000 0.0300 0.0040 0.0000 0.0000 0.0000 0.0000 0.0045 0.9083 0.0000 0.0087 0.0000 0.0358 0.0000 0.0000 
 28       28   (0)      1 :  0.0000 0.0000 0.0000 0.0000 0.0000 0.0000 0.0000 0.0000 0.1310 0.0000 0.8190 0.0000 0.0000 0.0000 0.0500 0.0000 0.0000 
 29       29   (0)      1 :  0.0054 0.1850 0.0038 0.0000 0.0000 0.2269 0.2807 0.0000 0.0271 0.0000 0.0000 0.1562 0.0000 0.0000 0.0000 0.1048 0.0101 
 30       30   (0)      1 :  0.0000 0.0527 0.0000 0.0000 0.0000 0.5761 0.1618 0.0000 0.0000 0.0000 0.0000 0.0640 0.0000 0.0000 0.0000 0.1235 0.0219 
 31       31   (0)      1 :  0.0138 0.1887 0.0000 0.0000 0.0000 0.3077 0.2155 0.0082 0.0281 0.0000 0.0000 0.2006 0.0000 0.0000 0.0000 0.0319 0.0055 
 32       32   (0)      1 :  0.1828 0.0096 0.0000 0.0000 0.0000 0.0054 0.0030 0.1601 0.0779 0.0000 0.0000 0.0170 0.0000 0.0000 0.0000 0.0000 0.5442 
 33       33   (0)      1 :  0.0237 0.1018 0.0000 0.0000 0.0000 0.0389 0.0926 0.0113 0.2413 0.0000 0.3057 0.0712 0.0000 0.0000 0.0210 0.0000 0.0925 
 34       34   (0)      1 :  0.0013 0.1171 0.0000 0.0000 0.0500 0.2498 0.1620 0.0012 0.0667 0.0000 0.0000 0.0074 0.0000 0.0000 0.0000 0.3436 0.0009 
 35       35   (0)      1 :  0.0000 0.0000 0.9000 0.0000 0.0000 0.0000 0.0000 0.0000 0.0000 0.0000 0.0000 0.0500 0.0000 0.0000 0.0000 0.0000 0.0500 
 36       36   (0)      1 :  0.0000 0.0000 0.9294 0.0000 0.0000 0.0000 0.0000 0.0000 0.0000 0.0000 0.0000 0.0206 0.0000 0.0000 0.0000 0.0000 0.0500 
 37       37   (0)      1 :  0.0000 0.0000 0.9500 0.0000 0.0000 0.0000 0.0000 0.0000 0.0000 0.0000 0.0000 0.0000 0.0000 0.0000 0.0500 0.0000 0.0000 
 38       38   (0)      1 :  0.0000 0.0000 0.0000 0.0000 0.0000 0.0000 0.0000 0.0000 0.0000 0.0000 0.9500 0.0000 0.0000 0.0000 0.0500 0.0000 0.0000 
 39       39   (0)      1 :  0.0000 0.0000 0.0000 0.0025 0.0000 0.0000 0.0000 0.0000 0.0028 0.0073 0.9609 0.0000 0.0093 0.0000 0.0173 0.0000 0.0000 
 40       40   (0)      1 :  0.0000 0.1240 0.0000 0.0000 0.0000 0.3334 0.2040 0.0000 0.0000 0.0000 0.0000 0.2095 0.0000 0.0000 0.0000 0.1290 0.0000 
 41       41   (0)      1 :  0.7256 0.0000 0.0000 0.0000 0.0000 0.0015 0.0000 0.1114 0.0055 0.0000 0.0000 0.0000 0.0000 0.0000 0.0000 0.0133 0.1426 
 42       42   (0)      1 :  0.0000 0.0000 0.0000 0.0000 0.0000 0.0000 0.0000 0.0000 0.0000 0.0000 0.9500 0.0000 0.0000 0.0000 0.0500 0.0000 0.0000 
 43       43   (0)      1 :  0.0000 0.3795 0.0044 0.0000 0.0500 0.1882 0.1915 0.0042 0.0383 0.0000 0.0000 0.0557 0.0000 0.0000 0.0000 0.0861 0.0020 
 44       44   (0)      1 :  0.3646 0.0000 0.0000 0.0000 0.0000 0.0028 0.0014 0.3857 0.0339 0.0000 0.0000 0.0016 0.0000 0.0000 0.0135 0.0027 0.1938 
 45       45   (0)      1 :  0.0000 0.0000 0.0000 0.0000 0.0000 0.0000 0.0000 0.0000 0.0000 0.0000 0.9672 0.0000 0.0000 0.0000 0.0328 0.0000 0.0000 
 46       46   (0)      1 :  0.0000 0.1603 0.0000 0.0008 0.0500 0.1051 0.5277 0.0000 0.0500 0.0000 0.0000 0.0500 0.0000 0.0005 0.0000 0.0557 0.0000 
 47       47   (0)      1 :  0.0000 0.0000 0.0000 0.0003 0.0000 0.0000 0.0000 0.0000 0.0000 0.0000 0.9495 0.0000 0.0000 0.0000 0.0502 0.0000 0.0000 
 48       48   (0)      1 :  0.1854 0.0018 0.0000 0.0000 0.0000 0.0004 0.0008 0.3632 0.0519 0.0000 0.0000 0.0013 0.0000 0.0007 0.0000 0.0033 0.3912 
 49       49   (0)      1 :  0.6094 0.0000 0.0000 0.0000 0.0000 0.0016 0.0000 0.1665 0.0469 0.0000 0.0000 0.0000 0.0000 0.0000 0.0197 0.0000 0.1558 
 50       50   (0)      1 :  0.0000 0.0000 0.0000 0.0000 0.0000 0.0000 0.0000 0.0000 0.0000 0.0000 1.0000 0.0000 0.0000 0.0000 0.0000 0.0000 0.0000 
 51       51   (0)      1 :  0.0000 0.0000 0.0000 0.0000 0.0000 0.0000 0.0000 0.0000 0.0000 0.0000 1.0000 0.0000 0.0000 0.0000 0.0000 0.0000 0.0000 
 52       52   (0)      1 :  0.5792 0.0025 0.0000 0.0000 0.0000 0.0198 0.0229 0.1063 0.0172 0.0000 0.0000 0.0043 0.0000 0.0000 0.0188 0.0121 0.2169 
 53       53   (0)      1 :  0.5629 0.0032 0.0000 0.0000 0.0000 0.0001 0.0000 0.0796 0.0179 0.0000 0.0000 0.0000 0.0000 0.0004 0.0000 0.0040 0.3321 
 54       54   (0)      1 :  0.3326 0.0025 0.0000 0.0000 0.0000 0.0046 0.0024 0.4074 0.0288 0.0000 0.0000 0.0051 0.0000 0.0000 0.0225 0.0107 0.1835 
 55       55   (0)      1 :  0.0000 0.0034 0.0000 0.0064 0.0000 0.0000 0.0000 0.0000 0.0000 0.0028 0.9787 0.0000 0.0000 0.0002 0.0084 0.0000 0.0000 
 56       56   (0)      2 :  0.0091 0.0379 0.0000 0.0000 0.0000 0.1894 0.5856 0.0000 0.0000 0.0000 0.0000 0.0209 0.0000 0.0000 0.0000 0.1570 0.0001 
 57       57   (0)      2 :  0.0000 0.2527 0.0080 0.0000 0.0000 0.2869 0.0332 0.0000 0.1103 0.0000 0.0000 0.0216 0.0000 0.0000 0.0000 0.2862 0.0011 
 58       58   (0)      2 :  0.0000 0.1846 0.0000 0.0000 0.0000 0.0991 0.2153 0.0010 0.1257 0.0000 0.0000 0.1753 0.0000 0.0000 0.0000 0.1784 0.0206 
 59       59   (0)      2 :  0.0000 0.1896 0.0000 0.0000 0.0000 0.1658 0.2951 0.0011 0.0700 0.0000 0.0000 0.0780 0.0000 0.0000 0.0000 0.1986 0.0018 
 60       60   (0)      2 :  0.3605 0.0031 0.0000 0.0000 0.0038 0.0000 0.0029 0.2843 0.0047 0.0000 0.0000 0.0034 0.0000 0.0000 0.0072 0.0185 0.3117 
 61       61   (0)      2 :  0.0000 0.0482 0.0021 0.0000 0.0000 0.6383 0.1352 0.0000 0.0183 0.0000 0.0000 0.0330 0.0000 0.0001 0.0000 0.1247 0.0000 
 62       62   (0)      2 :  0.0000 0.0000 1.0000 0.0000 0.0000 0.0000 0.0000 0.0000 0.0000 0.0000 0.0000 0.0000 0.0000 0.0000 0.0000 0.0000 0.0000 
 63       63   (0)      2 :  0.0037 0.1466 0.0000 0.0000 0.0000 0.2810 0.2220 0.0011 0.0807 0.0000 0.0000 0.1071 0.0000 0.0000 0.0000 0.1290 0.0288 
 64       64   (0)      2 :  0.0000 0.0000 0.9000 0.0000 0.0000 0.0000 0.0000 0.0000 0.0000 0.0000 0.0000 0.0500 0.0000 0.0000 0.0000 0.0000 0.0500 
 65       65   (0)      2 :  0.0029 0.1658 0.0000 0.0000 0.0035 0.5150 0.1336 0.0180 0.0870 0.0000 0.0000 0.0256 0.0000 0.0000 0.0000 0.0380 0.0107 
 66       66   (0)      2 :  0.0000 0.0000 0.9000 0.0000 0.0000 0.0000 0.0000 0.0000 0.0000 0.0000 0.0000 0.0500 0.0000 0.0000 0.0500 0.0000 0.0000 
 67       67   (0)      2 :  0.0007 0.1816 0.0023 0.0000 0.0000 0.3360 0.1446 0.0000 0.0811 0.0000 0.0000 0.0977 0.0000 0.0000 0.0000 0.1439 0.0121 
 68       68   (0)      2 :  0.0122 0.3372 0.0000 0.0000 0.0000 0.3730 0.1129 0.0000 0.0105 0.0000 0.0000 0.0455 0.0000 0.0000 0.0000 0.0920 0.0167 
 69       69   (0)      2 :  0.5539 0.0002 0.0000 0.0000 0.0000 0.0040 0.0000 0.3049 0.0249 0.0000 0.0000 0.0018 0.0000 0.0000 0.0178 0.0058 0.0867 
 70       70   (0)      2 :  0.0009 0.3621 0.0000 0.0000 0.0000 0.2242 0.1951 0.0000 0.0586 0.0000 0.0000 0.0928 0.0000 0.0000 0.0000 0.0663 0.0000 
 71       71   (0)      2 :  0.0000 0.0000 0.9725 0.0000 0.0000 0.0000 0.0000 0.0000 0.0000 0.0000 0.0000 0.0275 0.0000 0.0000 0.0000 0.0000 0.0000 
 72       72   (0)      2 :  0.0000 0.0000 1.0000 0.0000 0.0000 0.0000 0.0000 0.0000 0.0000 0.0000 0.0000 0.0000 0.0000 0.0000 0.0000 0.0000 0.0000 
 73       73   (0)      2 :  0.0224 0.0948 0.0000 0.0000 0.0246 0.0383 0.5303 0.0163 0.0265 0.0000 0.0000 0.1526 0.0000 0.0007 0.0000 0.0771 0.0164 
 74       74   (0)      2 :  0.5836 0.0000 0.0000 0.0000 0.0007 0.0000 0.0033 0.0639 0.0179 0.0000 0.0000 0.0032 0.0000 0.0000 0.0000 0.0000 0.3274 
 75       75   (0)      2 :  0.0000 0.0000 0.0000 0.0011 0.0057 0.0000 0.0000 0.0000 0.0000 0.0000 0.9311 0.0027 0.0078 0.0000 0.0512 0.0000 0.0006 
 76       76   (0)      2 :  0.4920 0.0010 0.0000 0.0000 0.0000 0.0000 0.0000 0.1417 0.0000 0.0000 0.0000 0.0015 0.0000 0.0000 0.0000 0.0035 0.3603 
 77       77   (0)      2 :  0.0024 0.1784 0.0000 0.0000 0.0000 0.2205 0.1230 0.0208 0.1113 0.0000 0.0000 0.0929 0.0000 0.0000 0.0000 0.2241 0.0267 
 78       78   (0)      2 :  0.0000 0.0000 0.9000 0.0000 0.0000 0.0000 0.0000 0.0000 0.0000 0.0000 0.0000 0.0500 0.0000 0.0000 0.0000 0.0000 0.0500 
 79       79   (0)      2 :  0.0000 0.0000 0.0000 0.0000 0.0000 0.0000 0.0000 0.0000 0.0000 0.0000 0.9500 0.0000 0.0000 0.0000 0.0500 0.0000 0.0000 
 80       80   (0)      2 :  0.0000 0.0000 0.9231 0.0000 0.0000 0.0000 0.0000 0.0000 0.0000 0.0000 0.0000 0.0269 0.0000 0.0000 0.0000 0.0000 0.0500 
 81       81   (0)      2 :  0.0000 0.2475 0.0008 0.0000 0.0000 0.3508 0.0320 0.0018 0.0401 0.0000 0.0000 0.1045 0.0000 0.0000 0.0000 0.2207 0.0019 
 82       82   (0)      2 :  0.7551 0.0000 0.0003 0.0000 0.0019 0.0000 0.0045 0.0479 0.0573 0.0000 0.0000 0.0000 0.0000 0.0000 0.0000 0.0000 0.1328 
 83       83   (0)      2 :  0.2543 0.0000 0.0000 0.0000 0.0000 0.0000 0.0000 0.2966 0.0096 0.0000 0.0000 0.0000 0.0000 0.0000 0.0000 0.0000 0.4395 
 84       84   (0)      2 :  0.1243 0.0486 0.0000 0.0000 0.0000 0.3169 0.1699 0.0576 0.0423 0.0000 0.0000 0.0808 0.0000 0.0000 0.0076 0.1368 0.0151 
 85       85   (0)      2 :  0.0080 0.0984 0.0000 0.0000 0.0000 0.4330 0.1966 0.0032 0.0401 0.0000 0.0000 0.0656 0.0000 0.0000 0.0000 0.1431 0.0121 
 86       86   (0)      2 :  0.0061 0.3686 0.0000 0.0000 0.0091 0.1794 0.1798 0.0000 0.0522 0.0000 0.0000 0.0263 0.0000 0.0000 0.0000 0.1772 0.0012 
 87       87   (0)      2 :  0.0105 0.3901 0.0000 0.0000 0.0000 0.2443 0.0634 0.0016 0.0288 0.0000 0.0000 0.0775 0.0000 0.0000 0.0000 0.1759 0.0080 
 88       88   (0)      2 :  0.0000 0.2616 0.0000 0.0000 0.0000 0.3404 0.1573 0.0015 0.0005 0.0000 0.0000 0.1367 0.0000 0.0000 0.0000 0.1014 0.0007 
 89       89   (0)      2 :  0.0000 0.1164 0.0000 0.0000 0.0000 0.3752 0.2461 0.0000 0.0144 0.0000 0.0000 0.0912 0.0000 0.0000 0.0000 0.1351 0.0216 
 90       90   (0)      2 :  0.0113 0.3587 0.0013 0.0000 0.0000 0.2131 0.0956 0.0023 0.0332 0.0000 0.0000 0.0971 0.0000 0.0000 0.0000 0.1773 0.0102 
 91       91   (0)      2 :  0.0006 0.2109 0.0000 0.0000 0.0000 0.2925 0.1405 0.0005 0.0518 0.0000 0.0000 0.1246 0.0000 0.0000 0.0000 0.1702 0.0083 
 92       92   (0)      2 :  0.0101 0.1059 0.0000 0.0000 0.0000 0.1718 0.4199 0.0084 0.0266 0.0000 0.0000 0.0789 0.0000 0.0000 0.0000 0.1738 0.0046 
 93       93   (0)      2 :  0.2636 0.0000 0.0000 0.0000 0.0000 0.0000 0.0000 0.5243 0.0115 0.0000 0.0000 0.0000 0.0000 0.0000 0.0119 0.0000 0.1886 
 94       94   (0)      2 :  0.3567 0.0024 0.0006 0.0000 0.0000 0.0000 0.0089 0.3232 0.0636 0.0000 0.0000 0.0000 0.0000 0.0000 0.0000 0.0000 0.2446 
 95       95   (0)      2 :  0.0000 0.0000 1.0000 0.0000 0.0000 0.0000 0.0000 0.0000 0.0000 0.0000 0.0000 0.0000 0.0000 0.0000 0.0000 0.0000 0.0000 
 96       96   (0)      2 :  0.2335 0.0024 0.0000 0.0000 0.0000 0.0215 0.0000 0.5192 0.0106 0.0000 0.0000 0.0000 0.0000 0.0000 0.0246 0.0049 0.1832 
 97       97   (0)      2 :  0.0879 0.0044 0.0000 0.0000 0.0000 0.0013 0.0045 0.6379 0.0419 0.0000 0.0000 0.0001 0.0000 0.0000 0.0000 0.0004 0.2217 
 98       98   (0)      2 :  0.0045 0.0607 0.0000 0.0000 0.0000 0.0266 0.5039 0.0025 0.1098 0.0000 0.0000 0.2241 0.0000 0.0003 0.0000 0.0653 0.0023 
 99       99   (0)      2 :  0.0000 0.0000 0.9500 0.0000 0.0000 0.0000 0.0000 0.0000 0.0000 0.0000 0.0000 0.0000 0.0000 0.0000 0.0500 0.0000 0.0000 
100      100   (0)      2 :  0.0010 0.0719 0.0000 0.0000 0.0062 0.0991 0.6479 0.0000 0.0277 0.0000 0.0000 0.1183 0.0000 0.0000 0.0000 0.0280 0.0001 
101      101   (0)      3 :  0.0047 0.0778 0.0002 0.0000 0.0000 0.2788 0.2332 0.0000 0.0383 0.0000 0.0000 0.2401 0.0000 0.0000 0.0000 0.1050 0.0219 
102      102   (0)      3 :  0.0019 0.4248 0.0020 0.0000 0.0000 0.2392 0.2030 0.0000 0.0478 0.0000 0.0000 0.0206 0.0000 0.0000 0.0000 0.0519 0.0088 
103      103   (0)      3 :  0.0053 0.3459 0.0000 0.0000 0.0000 0.1980 0.1163 0.0029 0.0978 0.0000 0.0000 0.0556 0.0000 0.0000 0.0000 0.1781 0.0000 
104      104   (0)      3 :  0.0017 0.0865 0.0005 0.0000 0.0500 0.0495 0.7422 0.0000 0.0000 0.0000 0.0000 0.0661 0.0000 0.0000 0.0000 0.0000 0.0035 
105      105   (0)      3 :  0.0072 0.1599 0.0046 0.0000 0.0000 0.4756 0.0285 0.0050 0.0341 0.0000 0.0000 0.0137 0.0000 0.0000 0.0000 0.2164 0.0549 
106      106   (0)      3 :  0.0038 0.4178 0.0013 0.0000 0.0000 0.3531 0.0685 0.0024 0.0688 0.0000 0.0000 0.0442 0.0000 0.0000 0.0000 0.0343 0.0058 
107      107   (0)      3 :  0.0000 0.2380 0.0000 0.0000 0.0000 0.4503 0.0263 0.0000 0.0804 0.0000 0.0000 0.0102 0.0000 0.0000 0.0000 0.1949 0.0000 
108      108   (0)      3 :  0.0021 0.1978 0.0000 0.0000 0.0000 0.4057 0.0413 0.0011 0.0924 0.0000 0.0007 0.1239 0.0000 0.0000 0.0000 0.0846 0.0504 
109      109   (0)      3 :  0.0000 0.1000 0.0000 0.0000 0.0000 0.1323 0.4586 0.0000 0.0099 0.0000 0.0000 0.2214 0.0000 0.0000 0.0000 0.0757 0.0021 
110      110   (0)      3 :  0.0001 0.1587 0.0000 0.0000 0.0000 0.3107 0.3091 0.0000 0.0001 0.0000 0.0000 0.0192 0.0000 0.0000 0.0000 0.1984 0.0037 
111      111   (0)      3 :  0.0000 0.3539 0.0034 0.0000 0.0000 0.1694 0.3267 0.0064 0.0145 0.0000 0.0000 0.0702 0.0000 0.0000 0.0000 0.0500 0.0054 
112      112   (0)      3 :  0.0000 0.1000 0.0000 0.0000 0.0000 0.2007 0.4411 0.0000 0.1185 0.0000 0.0000 0.0163 0.0000 0.0000 0.0000 0.1000 0.0234 
113      113   (0)      3 :  0.0000 0.1611 0.0000 0.0000 0.0000 0.1941 0.4296 0.0000 0.0000 0.0000 0.0000 0.1226 0.0000 0.0000 0.0000 0.0914 0.0012 
114      114   (0)      3 :  0.0046 0.1592 0.0005 0.0000 0.0000 0.5108 0.1375 0.0046 0.0000 0.0000 0.0000 0.1024 0.0000 0.0013 0.0000 0.0728 0.0063 
115      115   (0)      3 :  0.0051 0.0111 0.0000 0.0000 0.0000 0.0621 0.5654 0.0028 0.0399 0.0000 0.0000 0.2212 0.0000 0.0000 0.0000 0.0777 0.0146 
116      116   (0)      3 :  0.0000 0.2172 0.0000 0.0000 0.0000 0.3905 0.1426 0.0082 0.0000 0.0000 0.0000 0.0007 0.0000 0.0006 0.0000 0.2401 0.0000 
117      117   (0)      3 :  0.0294 0.2348 0.0000 0.0000 0.0150 0.1987 0.2464 0.0000 0.0122 0.0000 0.0000 0.0663 0.0000 0.0000 0.0000 0.1767 0.0203 
118      118   (0)      3 :  0.0005 0.0390 0.0000 0.0000 0.0000 0.2632 0.3435 0.0001 0.0182 0.0000 0.0000 0.1428 0.0000 0.0000 0.0000 0.1737 0.0191 
119      119   (0)      3 :  0.0115 0.3803 0.0000 0.0000 0.0000 0.2678 0.1587 0.0034 0.0138 0.0000 0.0000 0.0286 0.0000 0.0005 0.0000 0.1224 0.0129 
120      120   (0)      3 :  0.0067 0.3085 0.0712 0.0000 0.0000 0.2826 0.1287 0.0210 0.0131 0.0000 0.0000 0.0874 0.0000 0.0000 0.0032 0.0517 0.0260 
121      121   (0)      3 :  0.0000 0.2649 0.0000 0.0000 0.0000 0.5185 0.0500 0.0007 0.0360 0.0000 0.0000 0.0449 0.0000 0.0000 0.0000 0.0839 0.0011 
122      122   (0)      3 :  0.0012 0.2483 0.0003 0.0000 0.0500 0.1258 0.2979 0.0000 0.0111 0.0000 0.0000 0.1104 0.0000 0.0000 0.0000 0.1532 0.0017 
123      123   (0)      3 :  0.0000 0.3775 0.0000 0.0000 0.0000 0.1938 0.2353 0.0004 0.0206 0.0000 0.0000 0.0368 0.0000 0.0000 0.0000 0.1316 0.0039 
124      124   (0)      3 :  0.0000 0.2537 0.0000 0.0000 0.0092 0.1754 0.2039 0.0000 0.0058 0.0000 0.0000 0.0456 0.0000 0.0000 0.0000 0.3065 0.0000 
125      125   (0)      3 :  0.0000 0.2264 0.0029 0.0000 0.0000 0.5140 0.0312 0.0000 0.0202 0.0000 0.0000 0.0571 0.0000 0.0000 0.0000 0.1483 0.0000 
126      126   (0)      3 :  0.0093 0.1649 0.0000 0.0000 0.0000 0.2330 0.1000 0.0013 0.0699 0.0000 0.0000 0.1906 0.0000 0.0000 0.0000 0.1971 0.0339 
127      127   (0)      3 :  0.0130 0.0815 0.0000 0.0000 0.0202 0.2182 0.3359 0.0118 0.0424 0.0000 0.0000 0.1491 0.0000 0.0000 0.0000 0.0743 0.0536 
128      128   (0)      3 :  0.0004 0.1920 0.0000 0.0000 0.0000 0.4938 0.0544 0.0013 0.0702 0.0000 0.0000 0.1156 0.0000 0.0000 0.0000 0.0715 0.0008 
129      129   (0)      3 :  0.0021 0.1051 0.0000 0.0000 0.0000 0.5134 0.0924 0.0020 0.0065 0.0000 0.0000 0.1353 0.0000 0.0000 0.0000 0.1066 0.0367 
130      130   (0)      3 :  0.2621 0.0076 0.0000 0.0000 0.0000 0.0040 0.0000 0.3872 0.0598 0.0000 0.0000 0.0038 0.0000 0.0000 0.0116 0.0037 0.2602 
131      131   (0)      3 :  0.2917 0.0204 0.0002 0.0000 0.0000 0.0239 0.0123 0.3907 0.0067 0.0000 0.0000 0.0038 0.0000 0.0000 0.0188 0.0066 0.2247 
132      132   (0)      3 :  0.0000 0.0000 0.9837 0.0000 0.0000 0.0000 0.0000 0.0000 0.0000 0.0000 0.0000 0.0163 0.0000 0.0000 0.0000 0.0000 0.0000 
133      133   (0)      3 :  0.0000 0.0039 0.0000 0.0056 0.0015 0.0000 0.0000 0.0000 0.0028 0.0128 0.8268 0.0026 0.0026 0.0876 0.0538 0.0000 0.0000 
134      134   (0)      3 :  0.4600 0.0281 0.0000 0.0006 0.0000 0.0143 0.0108 0.1626 0.0420 0.0011 0.0124 0.0161 0.0004 0.0008 0.0010 0.0219 0.2278 
135      135   (0)      3 :  0.0000 0.0000 0.0048 0.0000 0.0000 0.2223 0.3460 0.0000 0.0631 0.0000 0.0000 0.2110 0.0000 0.0000 0.0010 0.1518 0.0000 
136      136   (0)      3 :  0.0000 0.0156 0.0000 0.0000 0.0000 0.7483 0.0122 0.0135 0.0132 0.0000 0.0000 0.1283 0.0000 0.0000 0.0000 0.0639 0.0050 
137      137   (0)      3 :  0.2455 0.0002 0.0002 0.0000 0.0000 0.0000 0.0002 0.4913 0.0848 0.0000 0.0000 0.0006 0.0000 0.0000 0.0076 0.0000 0.1696 
138      138   (0)      3 :  0.0018 0.2013 0.0000 0.0000 0.0000 0.2074 0.1689 0.0085 0.0842 0.0000 0.0000 0.0640 0.0000 0.0000 0.0000 0.2603 0.0037 
139      139   (0)      3 :  0.0000 0.0649 0.0000 0.0000 0.0000 0.1665 0.3613 0.0000 0.0631 0.0000 0.0000 0.0849 0.0000 0.0026 0.0000 0.2447 0.0121 
140      140   (0)      3 :  0.0000 0.1269 0.0000 0.0000 0.0000 0.4860 0.1560 0.0044 0.0000 0.0000 0.0000 0.1000 0.0000 0.0000 0.0000 0.1267 0.0000 
141      141   (0)      3 :  0.0000 0.0000 1.0000 0.0000 0.0000 0.0000 0.0000 0.0000 0.0000 0.0000 0.0000 0.0000 0.0000 0.0000 0.0000 0.0000 0.0000 
142      142   (0)      3 :  0.0000 0.0000 0.9500 0.0000 0.0000 0.0000 0.0000 0.0000 0.0000 0.0000 0.0000 0.0000 0.0000 0.0000 0.0500 0.0000 0.0000 
143      143   (0)      3 :  0.0000 0.0000 1.0000 0.0000 0.0000 0.0000 0.0000 0.0000 0.0000 0.0000 0.0000 0.0000 0.0000 0.0000 0.0000 0.0000 0.0000 
144      144   (0)      3 :  0.0000 0.0000 0.9000 0.0000 0.0000 0.0000 0.0000 0.0000 0.0000 0.0000 0.0000 0.0500 0.0000 0.0000 0.0500 0.0000 0.0000 
145      145   (0)      3 :  0.0000 0.0000 0.9000 0.0000 0.0000 0.0000 0.0000 0.0000 0.0000 0.0000 0.0000 0.0500 0.0000 0.0000 0.0500 0.0000 0.0000 
146      146   (0)      3 :  0.3700 0.0050 0.0000 0.0000 0.0000 0.0114 0.0091 0.3076 0.0458 0.0000 0.0000 0.0024 0.0000 0.0000 0.0042 0.0022 0.2422 
147      147   (0)      3 :  0.0000 0.1402 0.0000 0.0000 0.0000 0.2621 0.1016 0.0024 0.1034 0.0000 0.0000 0.1412 0.0000 0.0000 0.0000 0.2302 0.0188 
148      148   (0)      3 :  0.0000 0.0000 0.9000 0.0000 0.0000 0.0000 0.0000 0.0000 0.0000 0.0000 0.0000 0.0500 0.0000 0.0000 0.0500 0.0000 0.0000 
149      149   (0)      3 :  0.0000 0.0000 0.9298 0.0000 0.0000 0.0000 0.0000 0.0000 0.0000 0.0000 0.0000 0.0500 0.0000 0.0000 0.0000 0.0000 0.0202 
150      150   (0)      3 :  0.0000 0.0029 0.0002 0.0003 0.0183 0.0000 0.0000 0.0000 0.0061 0.0055 0.8039 0.0000 0.0065 0.1351 0.0178 0.0032 0.0002 
151      151   (0)      3 :  0.0000 0.0000 0.0000 0.0000 0.0000 0.0000 0.0000 0.0000 0.0000 0.0000 0.9692 0.0000 0.0000 0.0000 0.0308 0.0000 0.0000 
152      152   (0)      3 :  0.0002 0.2522 0.0000 0.0000 0.0000 0.2683 0.1808 0.0013 0.0119 0.0000 0.0000 0.0100 0.0000 0.0000 0.0000 0.2253 0.0500 
153      153   (0)      3 :  0.0000 0.0000 1.0000 0.0000 0.0000 0.0000 0.0000 0.0000 0.0000 0.0000 0.0000 0.0000 0.0000 0.0000 0.0000 0.0000 0.0000 
154      154   (0)      3 :  0.0000 0.0500 0.0015 0.0000 0.0000 0.1406 0.3688 0.0000 0.0346 0.0000 0.0000 0.2718 0.0000 0.0000 0.0000 0.1323 0.0006 
155      155   (0)      3 :  0.0000 0.1858 0.0000 0.0000 0.0000 0.5835 0.0580 0.0000 0.0000 0.0000 0.0000 0.0144 0.0000 0.0000 0.0000 0.1224 0.0359 
156      156   (0)      3 :  0.3937 0.0078 0.0000 0.0000 0.0000 0.0340 0.0028 0.1567 0.0270 0.0000 0.0000 0.0141 0.0000 0.0000 0.0000 0.0050 0.3588 
157      157   (0)      3 :  0.0000 0.1081 0.0000 0.0000 0.0000 0.1554 0.3296 0.0038 0.0899 0.0000 0.0000 0.1007 0.0000 0.0000 0.0000 0.2125 0.0000 
158      158   (0)      3 :  0.2803 0.0000 0.0000 0.0000 0.0000 0.0000 0.0000 0.4016 0.0289 0.0000 0.0000 0.0000 0.0000 0.0000 0.0000 0.0000 0.2892 
159      159   (0)      3 :  0.0031 0.3035 0.0000 0.0000 0.0000 0.2367 0.3004 0.0012 0.0292 0.0000 0.0007 0.0234 0.0000 0.0010 0.0000 0.1002 0.0005 
160      160   (0)      3 :  0.3655 0.0018 0.0000 0.0000 0.0000 0.0041 0.0033 0.3267 0.0397 0.0000 0.0000 0.0014 0.0000 0.0000 0.0322 0.0000 0.2252 
161      161   (0)      4 :  0.0006 0.0975 0.0000 0.0000 0.0000 0.0575 0.2418 0.0041 0.1299 0.0000 0.0000 0.1938 0.0000 0.0000 0.0022 0.2726 0.0000 
162      162   (0)      4 :  0.0000 0.1523 0.0000 0.0000 0.0000 0.5556 0.1037 0.0000 0.0335 0.0000 0.0000 0.0671 0.0000 0.0000 0.0000 0.0878 0.0000 
163      163   (0)      4 :  0.0000 0.0000 0.9000 0.0000 0.0000 0.0000 0.0000 0.0000 0.0000 0.0000 0.0000 0.0500 0.0000 0.0000 0.0000 0.0000 0.0500 
164      164   (0)      4 :  0.2506 0.0000 0.0000 0.0000 0.0000 0.0000 0.0000 0.4245 0.0655 0.0000 0.0000 0.0000 0.0000 0.0000 0.0298 0.0001 0.2295 
165      165   (0)      4 :  0.0000 0.0000 1.0000 0.0000 0.0000 0.0000 0.0000 0.0000 0.0000 0.0000 0.0000 0.0000 0.0000 0.0000 0.0000 0.0000 0.0000 
166      166   (0)      4 :  0.0000 0.0000 0.9000 0.0000 0.0000 0.0000 0.0000 0.0000 0.0000 0.0000 0.0000 0.0500 0.0000 0.0000 0.0000 0.0000 0.0500 
167      167   (0)      4 :  0.0022 0.1667 0.0000 0.0000 0.0000 0.1336 0.2997 0.0000 0.0000 0.0000 0.0000 0.0524 0.0000 0.0000 0.0000 0.2955 0.0500 
168      168   (0)      4 :  0.0015 0.2831 0.0000 0.0000 0.0000 0.5093 0.0525 0.0000 0.0361 0.0000 0.0000 0.0869 0.0000 0.0000 0.0000 0.0257 0.0049 
169      169   (0)      4 :  0.0039 0.0599 0.0000 0.0000 0.0000 0.4330 0.1562 0.0112 0.0706 0.0000 0.0000 0.0703 0.0000 0.0000 0.0000 0.1408 0.0541 
170      170   (0)      4 :  0.0000 0.2802 0.0000 0.0000 0.0353 0.0823 0.3902 0.0000 0.0131 0.0000 0.0000 0.0723 0.0000 0.0011 0.0000 0.1253 0.0002 
171      171   (0)      4 :  0.0021 0.3047 0.0000 0.0000 0.0000 0.2830 0.1803 0.0051 0.0254 0.0000 0.0000 0.0480 0.0000 0.0002 0.0000 0.1228 0.0283 
172      172   (0)      4 :  0.0033 0.3826 0.0000 0.0000 0.0000 0.1904 0.2118 0.0013 0.0509 0.0000 0.0000 0.0585 0.0000 0.0000 0.0000 0.0973 0.0040 
173      173   (0)      4 :  0.0001 0.2710 0.0000 0.0000 0.0500 0.4123 0.1171 0.0000 0.0097 0.0000 0.0000 0.1227 0.0000 0.0000 0.0000 0.0137 0.0034 
174      174   (0)      4 :  0.5191 0.0005 0.0000 0.0000 0.0000 0.0061 0.0041 0.1134 0.0089 0.0000 0.0000 0.0041 0.0000 0.0000 0.0000 0.0041 0.3397 
175      175   (0)      4 :  0.0000 0.2123 0.0000 0.0000 0.0000 0.5303 0.0434 0.0000 0.0170 0.0000 0.0000 0.0815 0.0000 0.0000 0.0000 0.1155 0.0000 
176      176   (0)      4 :  0.0000 0.0000 0.9834 0.0000 0.0000 0.0000 0.0000 0.0000 0.0000 0.0000 0.0000 0.0000 0.0000 0.0000 0.0166 0.0000 0.0000 
177      177   (0)      4 :  0.0004 0.2457 0.0000 0.0000 0.0000 0.2501 0.1006 0.0145 0.0235 0.0000 0.0000 0.0546 0.0000 0.0000 0.0000 0.2730 0.0377 
178      178   (0)      4 :  0.0000 0.0000 0.9500 0.0000 0.0000 0.0000 0.0000 0.0000 0.0000 0.0000 0.0000 0.0000 0.0000 0.0000 0.0500 0.0000 0.0000 
179      179   (0)      4 :  0.0000 0.0000 0.9000 0.0000 0.0000 0.0000 0.0000 0.0000 0.0000 0.0000 0.0000 0.0500 0.0000 0.0000 0.0000 0.0000 0.0500 
180      180   (0)      4 :  0.0000 0.2197 0.0058 0.0000 0.0000 0.3867 0.1245 0.0048 0.0076 0.0000 0.0000 0.0606 0.0000 0.0000 0.0010 0.1724 0.0168 
181      181   (0)      4 :  0.0000 0.1913 0.0000 0.0000 0.0500 0.3767 0.1170 0.0000 0.0373 0.0000 0.0000 0.0136 0.0000 0.0000 0.0000 0.1632 0.0508 
182      182   (0)      4 :  0.0000 0.3538 0.0000 0.0000 0.0078 0.2312 0.2414 0.0005 0.0000 0.0000 0.0000 0.0826 0.0000 0.0000 0.0000 0.0827 0.0000 
183      183   (0)      4 :  0.4333 0.0006 0.0000 0.0000 0.0000 0.0000 0.0000 0.2565 0.0669 0.0000 0.0000 0.0000 0.0000 0.0000 0.0292 0.0000 0.2135 
184      184   (0)      4 :  0.4188 0.0060 0.0000 0.0000 0.0000 0.0018 0.0059 0.2802 0.0294 0.0000 0.0000 0.0060 0.0000 0.0000 0.0000 0.0000 0.2520 
185      185   (0)      4 :  0.0000 0.0000 0.9000 0.0000 0.0000 0.0000 0.0000 0.0000 0.0000 0.0000 0.0000 0.0500 0.0000 0.0000 0.0160 0.0000 0.0340 
186      186   (0)      4 :  0.0014 0.0505 0.0000 0.0000 0.0000 0.2017 0.4014 0.0001 0.0180 0.0000 0.0000 0.0820 0.0000 0.0000 0.0000 0.2449 0.0000 
187      187   (0)      4 :  0.0132 0.1350 0.0000 0.0000 0.0000 0.0972 0.4741 0.0104 0.0015 0.0000 0.0000 0.0805 0.0000 0.0000 0.0019 0.1826 0.0036 
188      188   (0)      4 :  0.0000 0.0000 0.9314 0.0000 0.0000 0.0000 0.0000 0.0000 0.0000 0.0000 0.0000 0.0186 0.0000 0.0000 0.0199 0.0000 0.0301 
189      189   (0)      4 :  0.0000 0.2929 0.0000 0.0000 0.0355 0.1766 0.3098 0.0027 0.0177 0.0000 0.0000 0.0490 0.0000 0.0001 0.0000 0.1124 0.0034 
190      190   (0)      4 :  0.5830 0.0010 0.0000 0.0000 0.0000 0.0000 0.0000 0.2787 0.0137 0.0000 0.0000 0.0000 0.0000 0.0000 0.0090 0.0000 0.1146 
191      191   (0)      4 :  0.0274 0.0679 0.0932 0.0000 0.0000 0.2038 0.1034 0.0582 0.1342 0.0000 0.0000 0.0846 0.0000 0.0727 0.0000 0.1170 0.0376 
192      192   (0)      4 :  0.0000 0.0258 0.0002 0.0000 0.0000 0.2021 0.5480 0.0005 0.0259 0.0000 0.0000 0.0965 0.0000 0.0000 0.0000 0.1001 0.0009 
193      193   (0)      4 :  0.0091 0.0238 0.0036 0.0000 0.0000 0.7596 0.0665 0.0097 0.0593 0.0000 0.0000 0.0269 0.0000 0.0000 0.0018 0.0376 0.0021 
194      194   (0)      4 :  0.0015 0.0831 0.0020 0.0000 0.0000 0.2017 0.4692 0.0033 0.0192 0.0000 0.0000 0.1282 0.0000 0.0000 0.0000 0.0844 0.0075 
195      195   (0)      4 :  0.0031 0.4582 0.0000 0.0000 0.0000 0.1800 0.0530 0.0000 0.0500 0.0000 0.0000 0.0132 0.0000 0.0000 0.0000 0.2299 0.0127 
196      196   (0)      4 :  0.0000 0.2579 0.0000 0.0000 0.0000 0.2082 0.2625 0.0000 0.0787 0.0000 0.0000 0.1050 0.0000 0.0000 0.0000 0.0877 0.0000 
197      197   (0)      4 :  0.0005 0.1662 0.0000 0.0000 0.0372 0.1161 0.4383 0.0000 0.0000 0.0000 0.0000 0.0373 0.0000 0.0000 0.0000 0.2033 0.0012 
198      198   (0)      4 :  0.0004 0.0764 0.0000 0.0000 0.0000 0.0176 0.7389 0.0000 0.0677 0.0000 0.0000 0.0000 0.0000 0.0000 0.0000 0.0991 0.0000 
199      199   (0)      4 :  0.0054 0.2508 0.0014 0.0000 0.0000 0.2097 0.1351 0.0028 0.0144 0.0000 0.0000 0.2077 0.0000 0.0000 0.0000 0.1355 0.0371 
200      200   (0)      4 :  0.6895 0.0020 0.0000 0.0000 0.0000 0.0050 0.0120 0.0466 0.0063 0.0000 0.0000 0.0000 0.0000 0.0000 0.0000 0.0028 0.2357 
201      201   (0)      4 :  0.0000 0.3221 0.0000 0.0000 0.0000 0.1471 0.0831 0.0000 0.0118 0.0000 0.0000 0.2358 0.0000 0.0029 0.0000 0.1973 0.0000 
202      202   (0)      4 :  0.0000 0.2042 0.0007 0.0000 0.0000 0.4380 0.0619 0.0000 0.0069 0.0000 0.0000 0.1184 0.0000 0.0000 0.0000 0.1699 0.0000 
203      203   (0)      4 :  0.0000 0.2472 0.0020 0.0000 0.0000 0.3539 0.1852 0.0207 0.0132 0.0000 0.0000 0.0916 0.0000 0.0000 0.0000 0.0807 0.0054 
204      204   (0)      4 :  0.0014 0.1730 0.0049 0.0000 0.0000 0.4727 0.0484 0.0000 0.0000 0.0000 0.0000 0.0996 0.0000 0.0000 0.0000 0.2000 0.0000 
205      205   (0)      4 :  0.0028 0.0415 0.0000 0.0000 0.0000 0.7205 0.0536 0.0000 0.0500 0.0000 0.0007 0.1000 0.0000 0.0001 0.0000 0.0234 0.0074 
206      206   (0)      4 :  0.0000 0.1114 0.0000 0.0000 0.0000 0.1692 0.3768 0.0000 0.1003 0.0000 0.0000 0.1799 0.0000 0.0000 0.0000 0.0381 0.0243 
207      207   (0)      4 :  0.0000 0.0509 0.0000 0.0000 0.0117 0.2350 0.3367 0.0009 0.0657 0.0000 0.0000 0.1816 0.0000 0.0000 0.0000 0.1175 0.0000 
208      208   (0)      4 :  0.8414 0.0082 0.0000 0.0000 0.0000 0.0193 0.0127 0.0354 0.0155 0.0000 0.0000 0.0000 0.0000 0.0000 0.0000 0.0028 0.0648 
209      209   (0)      4 :  0.0000 0.0487 0.0000 0.0000 0.0000 0.3173 0.1785 0.0021 0.0793 0.0000 0.0000 0.0893 0.0000 0.0002 0.0000 0.2346 0.0500 
210      210   (0)      4 :  0.0002 0.1468 0.0000 0.0000 0.0000 0.2461 0.2063 0.0000 0.0365 0.0000 0.0000 0.0968 0.0000 0.0000 0.0000 0.2672 0.0001 
211      211   (0)      4 :  0.0008 0.2141 0.0005 0.0000 0.0000 0.2889 0.3629 0.0062 0.0012 0.0000 0.0000 0.0179 0.0000 0.0000 0.0000 0.1013 0.0062 
212      212   (0)      4 :  0.4337 0.0109 0.0000 0.0000 0.0000 0.0029 0.0000 0.3547 0.0477 0.0000 0.0000 0.0007 0.0000 0.0000 0.0235 0.0089 0.1171 
213      213   (0)      4 :  0.0032 0.0199 0.0000 0.0000 0.0500 0.0556 0.8053 0.0000 0.0236 0.0000 0.0000 0.0000 0.0000 0.0000 0.0000 0.0394 0.0030 
214      214   (0)      4 :  0.0015 0.2262 0.0062 0.0000 0.0000 0.1490 0.2432 0.0000 0.0892 0.0000 0.0000 0.1863 0.0000 0.0020 0.0006 0.0946 0.0013 
215      215   (0)      4 :  0.2747 0.0971 0.0012 0.0000 0.0000 0.0595 0.1751 0.0690 0.0554 0.0000 0.0000 0.0577 0.0000 0.0000 0.0002 0.0677 0.1424 
216      216   (0)      4 :  0.0000 0.0893 0.0000 0.0000 0.0500 0.4203 0.2040 0.0012 0.0021 0.0000 0.0000 0.0079 0.0000 0.0000 0.0000 0.2234 0.0017 
217      217   (0)      4 :  0.0000 0.0000 1.0000 0.0000 0.0000 0.0000 0.0000 0.0000 0.0000 0.0000 0.0000 0.0000 0.0000 0.0000 0.0000 0.0000 0.0000 
218      218   (0)      4 :  0.0009 0.0204 0.0006 0.0000 0.0500 0.0581 0.4437 0.0082 0.1000 0.0000 0.0000 0.1500 0.0000 0.0000 0.0000 0.1110 0.0571 
219      219   (0)      4 :  0.0007 0.2548 0.0000 0.0000 0.0000 0.2474 0.2629 0.0098 0.0177 0.0000 0.0000 0.0382 0.0000 0.0000 0.0009 0.1540 0.0135 
220      220   (0)      5 :  0.0000 0.0458 0.0002 0.0140 0.0463 0.0000 0.0000 0.0000 0.0240 0.2913 0.0023 0.0424 0.3755 0.0000 0.1207 0.0104 0.0270 
221      221   (0)      5 :  0.0000 0.0339 0.0000 0.4369 0.0964 0.0000 0.0000 0.0000 0.0115 0.1565 0.0000 0.0553 0.0270 0.0000 0.1824 0.0000 0.0000 
222      222   (0)      6 :  0.0000 0.0079 0.0000 0.5101 0.1034 0.0000 0.0000 0.0000 0.0456 0.1193 0.0000 0.0483 0.0596 0.0000 0.0910 0.0149 0.0000 
223      223   (0)      6 :  0.0000 0.0175 0.0000 0.4665 0.0692 0.0000 0.0000 0.0000 0.0000 0.0277 0.0000 0.0445 0.1340 0.0000 0.2406 0.0000 0.0000 
224      224   (0)      6 :  0.0000 0.0361 0.0000 0.1339 0.4306 0.0000 0.0000 0.0000 0.0180 0.0719 0.0000 0.0582 0.1802 0.0025 0.0640 0.0045 0.0000 
225      225   (0)      6 :  0.0000 0.0000 0.0000 0.0718 0.0623 0.0000 0.0000 0.0000 0.0212 0.4179 0.0020 0.0500 0.1775 0.0000 0.1537 0.0000 0.0436 
226      226   (0)      6 :  0.0000 0.0603 0.0000 0.0443 0.2983 0.0000 0.0000 0.0000 0.0089 0.1208 0.0000 0.0338 0.2712 0.0094 0.1477 0.0000 0.0053 
227      227   (0)      6 :  0.0000 0.0146 0.0000 0.1402 0.2398 0.0000 0.0000 0.0000 0.0826 0.2077 0.0000 0.0001 0.2199 0.0000 0.0763 0.0000 0.0188 
228      228   (0)      6 :  0.0000 0.0000 0.0000 0.0575 0.0097 0.0000 0.0000 0.0000 0.0500 0.1490 0.0001 0.1343 0.4172 0.0104 0.1219 0.0500 0.0000 
229      229   (0)      6 :  0.0000 0.0023 0.0000 0.1995 0.1375 0.0000 0.0000 0.0000 0.0684 0.1099 0.0000 0.0916 0.3004 0.0000 0.0347 0.0346 0.0211 
230      230   (0)      6 :  0.0000 0.0102 0.0000 0.1702 0.2679 0.0000 0.0000 0.0000 0.0895 0.2222 0.0000 0.0812 0.1204 0.0006 0.0232 0.0146 0.0000 
231      231   (0)      6 :  0.0000 0.0000 0.0000 0.0884 0.1984 0.0000 0.0000 0.0000 0.0599 0.2325 0.0272 0.0076 0.1432 0.0000 0.1378 0.0550 0.0500 
232      232   (0)      6 :  0.0000 0.0534 0.0000 0.2441 0.2799 0.0000 0.0000 0.0000 0.0482 0.0937 0.0029 0.0078 0.1036 0.0000 0.1657 0.0009 0.0000 
233      233   (0)      6 :  0.0000 0.0500 0.0000 0.0269 0.1350 0.0000 0.0000 0.0000 0.0519 0.2247 0.0000 0.0157 0.3212 0.0058 0.1489 0.0000 0.0198 
234      234   (0)      6 :  0.0000 0.0500 0.0000 0.0793 0.2992 0.0000 0.0000 0.0000 0.0500 0.2284 0.0024 0.0985 0.0992 0.0000 0.0761 0.0062 0.0106 
235      235   (0)      6 :  0.0000 0.0804 0.0023 0.1049 0.2362 0.0000 0.0000 0.0000 0.0182 0.1370 0.0098 0.0583 0.1987 0.0000 0.1494 0.0047 0.0000 
236      236   (0)      6 :  0.0000 0.0178 0.0000 0.2609 0.0436 0.0000 0.0000 0.0000 0.1019 0.1773 0.0000 0.0944 0.1095 0.0000 0.1946 0.0000 0.0000 
237      237   (0)      6 :  0.0000 0.0000 0.0000 0.2072 0.0420 0.0000 0.0000 0.0000 0.0000 0.0385 0.0003 0.1324 0.4291 0.0002 0.1502 0.0000 0.0000 
238      238   (0)      6 :  0.0000 0.0000 0.0003 0.2170 0.1752 0.0000 0.0000 0.0000 0.0175 0.0380 0.0000 0.0599 0.4383 0.0000 0.0439 0.0098 0.0000 
239      239   (0)      6 :  0.0000 0.0000 0.0000 0.2798 0.0570 0.0000 0.0000 0.0000 0.1393 0.1552 0.0003 0.0621 0.1618 0.0000 0.1444 0.0000 0.0000 
240      240   (0)      6 :  0.0000 0.0155 0.0003 0.0222 0.3318 0.0000 0.0000 0.0000 0.0000 0.0657 0.0069 0.0624 0.2345 0.0000 0.2490 0.0117 0.0000 
241      241   (0)      6 :  0.0000 0.0000 0.0000 0.0912 0.5431 0.0000 0.0000 0.0000 0.0546 0.0238 0.0000 0.0346 0.0809 0.0000 0.1398 0.0319 0.0000 
242      242   (0)      6 :  0.0000 0.0000 0.0000 0.2233 0.0736 0.0000 0.0000 0.0000 0.0383 0.4525 0.0000 0.0809 0.0904 0.0016 0.0325 0.0003 0.0066 
243      243   (0)      6 :  0.0000 0.0590 0.0000 0.1127 0.1768 0.0000 0.0000 0.0000 0.1000 0.2980 0.0266 0.0318 0.1200 0.0026 0.0543 0.0183 0.0000 
244      244   (0)      6 :  0.0000 0.0198 0.0000 0.0993 0.0750 0.0000 0.0000 0.0000 0.0362 0.4340 0.0000 0.0000 0.1407 0.0000 0.1528 0.0269 0.0153 
245      245   (0)      6 :  0.0000 0.0173 0.0000 0.0322 0.3619 0.0000 0.0000 0.0000 0.0366 0.0224 0.0000 0.1057 0.3816 0.0000 0.0107 0.0314 0.0000 
246      246   (0)      6 :  0.0000 0.0000 0.0000 0.4045 0.2221 0.0000 0.0000 0.0000 0.0054 0.0812 0.0000 0.0806 0.0931 0.0000 0.1131 0.0000 0.0000 
247      247   (0)      6 :  0.0000 0.0997 0.0000 0.0434 0.3078 0.0000 0.0000 0.0000 0.0194 0.0976 0.0000 0.0053 0.1784 0.0000 0.2021 0.0291 0.0172 
248      248   (0)      6 :  0.0000 0.0000 0.0000 0.1334 0.4515 0.0000 0.0000 0.0000 0.0680 0.0000 0.0000 0.0343 0.1796 0.0010 0.0750 0.0572 0.0000 
249      249   (0)      7 :  0.0000 0.0000 0.0000 0.0899 0.5038 0.0000 0.0000 0.0000 0.0500 0.0466 0.0000 0.1104 0.1021 0.0000 0.0621 0.0350 0.0000 
250      250   (0)      7 :  0.0000 0.1114 0.0000 0.0494 0.1296 0.0000 0.0000 0.0000 0.0249 0.5682 0.0000 0.0097 0.0442 0.0000 0.0495 0.0004 0.0128 
251      251   (0)      7 :  0.0000 0.0486 0.0000 0.2581 0.0391 0.0000 0.0000 0.0000 0.0256 0.2246 0.0000 0.0238 0.1514 0.0000 0.2168 0.0101 0.0018 
252      252   (0)      7 :  0.0000 0.0141 0.0000 0.1093 0.2708 0.0000 0.0000 0.0000 0.0162 0.0788 0.0000 0.0293 0.2334 0.0000 0.2088 0.0337 0.0055 
253      253   (0)      7 :  0.0000 0.0000 0.0000 0.3818 0.0074 0.0000 0.0000 0.0000 0.0614 0.3370 0.0000 0.1006 0.0699 0.0000 0.0303 0.0116 0.0000 
254      254   (0)      7 :  0.0000 0.0000 0.0000 0.3401 0.1741 0.0000 0.0000 0.0000 0.0592 0.0970 0.0008 0.0331 0.0568 0.0004 0.1597 0.0787 0.0000 
255      255   (0)      7 :  0.0000 0.0000 0.0000 0.0051 0.3694 0.0000 0.0000 0.0000 0.1128 0.0524 0.0000 0.0000 0.4158 0.0000 0.0240 0.0000 0.0205 
256      256   (0)      7 :  0.0000 0.0044 0.0000 0.0991 0.1708 0.0000 0.0000 0.0000 0.0174 0.1860 0.0000 0.0904 0.2607 0.0000 0.1089 0.0351 0.0272 
257      257   (0)      7 :  0.0000 0.0000 0.0000 0.1124 0.0670 0.0000 0.0000 0.0000 0.0149 0.2796 0.0000 0.1114 0.1968 0.0000 0.2179 0.0000 0.0000 
258      258   (0)      7 :  0.0000 0.1000 0.0000 0.0337 0.0657 0.0000 0.0000 0.0000 0.0432 0.2236 0.0000 0.0384 0.4256 0.0000 0.0602 0.0005 0.0090 
259      259   (0)      7 :  0.0000 0.0940 0.0000 0.0840 0.1914 0.0000 0.0000 0.0000 0.0343 0.3824 0.0000 0.0438 0.0384 0.0000 0.1129 0.0121 0.0067 
260      260   (0)      7 :  0.0000 0.0005 0.0000 0.0453 0.3480 0.0000 0.0000 0.0000 0.0358 0.1068 0.0000 0.0000 0.2202 0.0000 0.1457 0.0857 0.0120 
261      261   (0)      7 :  0.0000 0.0000 0.0000 0.2356 0.2326 0.0000 0.0000 0.0000 0.0567 0.0462 0.0000 0.1887 0.0831 0.0002 0.1382 0.0187 0.0000 
262      262   (0)      7 :  0.0000 0.0132 0.0000 0.2556 0.1812 0.0000 0.0000 0.0000 0.0000 0.1514 0.0000 0.0586 0.2473 0.0000 0.0716 0.0151 0.0061 
263      263   (0)      7 :  0.0000 0.0000 0.0000 0.1446 0.2091 0.0000 0.0000 0.0000 0.0086 0.0117 0.0000 0.1400 0.4633 0.0000 0.0137 0.0089 0.0000 
264      264   (0)      7 :  0.0000 0.0000 0.0000 0.0108 0.5239 0.0000 0.0000 0.0000 0.0000 0.0155 0.0008 0.0581 0.3597 0.0000 0.0312 0.0000 0.0000 
265      265   (0)      7 :  0.0000 0.0083 0.0000 0.5353 0.0115 0.0000 0.0000 0.0000 0.0890 0.1931 0.0000 0.0744 0.0768 0.0000 0.0002 0.0114 0.0000 
266      266   (0)      7 :  0.0000 0.0305 0.0000 0.2968 0.1975 0.0000 0.0000 0.0000 0.0133 0.0801 0.0009 0.1349 0.1580 0.0120 0.0711 0.0000 0.0049 
267      267   (0)      7 :  0.0000 0.0000 0.0000 0.7943 0.0000 0.0000 0.0000 0.0000 0.0041 0.0500 0.0058 0.0133 0.0412 0.0000 0.0456 0.0211 0.0244 
268      268   (0)      7 :  0.0000 0.0000 0.0000 0.1755 0.2420 0.0000 0.0000 0.0000 0.0539 0.3452 0.0000 0.0172 0.0309 0.0000 0.1265 0.0000 0.0087 
269      269   (0)      7 :  0.0000 0.0000 0.0000 0.4529 0.1189 0.0000 0.0000 0.0000 0.0930 0.1371 0.0027 0.0250 0.0216 0.0021 0.1468 0.0000 0.0000 
270      270   (0)      7 :  0.0000 0.0000 0.0000 0.0461 0.3037 0.0000 0.0000 0.0000 0.0000 0.0860 0.0030 0.1047 0.1743 0.0000 0.2567 0.0256 0.0000 
271      271   (0)      7 :  0.0000 0.0000 0.0000 0.2468 0.0527 0.0000 0.0000 0.0000 0.0803 0.4665 0.0000 0.0714 0.0164 0.0000 0.0362 0.0296 0.0000 
272      272   (0)      7 :  0.0000 0.0000 0.0000 0.5843 0.0147 0.0000 0.0000 0.0000 0.0166 0.0986 0.0000 0.1073 0.1249 0.0000 0.0535 0.0000 0.0000 
273      273   (0)      7 :  0.0000 0.0392 0.0000 0.1867 0.1647 0.0000 0.0000 0.0000 0.0079 0.0606 0.0000 0.0102 0.3392 0.0015 0.1819 0.0000 0.0081 
274      274   (0)      7 :  0.0000 0.0000 0.0000 0.2244 0.1938 0.0000 0.0000 0.0000 0.0781 0.0541 0.0000 0.0469 0.2938 0.0039 0.1050 0.0000 0.0000 
275      275   (0)      7 :  0.0000 0.0166 0.0000 0.6092 0.0557 0.0000 0.0000 0.0000 0.0800 0.0221 0.0000 0.0329 0.0563 0.0000 0.0990 0.0279 0.0003 
276      276   (0)      7 :  0.0000 0.0393 0.0000 0.2124 0.2628 0.0000 0.0000 0.0000 0.0157 0.0518 0.0000 0.0915 0.0164 0.0000 0.3101 0.0000 0.0000 
277      277   (0)      7 :  0.0000 0.0223 0.0000 0.0401 0.2881 0.0000 0.0000 0.0000 0.0165 0.3919 0.0000 0.0184 0.0171 0.0010 0.1389 0.0271 0.0387 
278      278   (0)      7 :  0.0000 0.0000 0.0000 0.2125 0.4724 0.0000 0.0000 0.0000 0.0540 0.1068 0.0004 0.0748 0.0193 0.0000 0.0468 0.0000 0.0130 
279      279   (0)      8 :  0.0000 0.0000 0.0000 0.3931 0.0334 0.0000 0.0000 0.0000 0.0183 0.3254 0.0000 0.0375 0.0160 0.0000 0.1516 0.0000 0.0248 
280      280   (0)      8 :  0.0000 0.0104 0.0000 0.2251 0.1312 0.0000 0.0000 0.0000 0.0403 0.2385 0.0000 0.0274 0.0805 0.0003 0.2233 0.0230 0.0000 
281      281   (0)      8 :  0.0000 0.0247 0.0000 0.5816 0.0021 0.0000 0.0000 0.0000 0.0000 0.0654 0.0000 0.0000 0.0112 0.0008 0.2412 0.0230 0.0500 
282      282   (0)      8 :  0.0000 0.0000 0.0000 0.1424 0.1148 0.0000 0.0000 0.0000 0.0320 0.1426 0.0000 0.1208 0.1661 0.0021 0.2168 0.0490 0.0133 
283      283   (0)      8 :  0.0000 0.0162 0.0007 0.1627 0.1499 0.0000 0.0000 0.0000 0.0000 0.2317 0.0022 0.0457 0.2036 0.0102 0.1484 0.0266 0.0020 
284      284   (0)      8 :  0.0000 0.0000 0.0000 0.2007 0.3892 0.0000 0.0000 0.0000 0.0351 0.1309 0.0000 0.0990 0.1006 0.0000 0.0336 0.0110 0.0000 
285      285   (0)      8 :  0.0000 0.0397 0.0000 0.1734 0.3691 0.0000 0.0000 0.0000 0.0225 0.0493 0.0000 0.0465 0.0909 0.0002 0.1840 0.0086 0.0157 
286      286   (0)      8 :  0.0000 0.0180 0.0000 0.1596 0.1313 0.0000 0.0000 0.0000 0.0000 0.2347 0.0000 0.0755 0.1351 0.0000 0.2276 0.0182 0.0000 
287      287   (0)      8 :  0.0000 0.0000 0.0000 0.0628 0.4338 0.0000 0.0000 0.0000 0.0235 0.0454 0.0000 0.0518 0.3098 0.0000 0.0603 0.0000 0.0126 
288      288   (0)      8 :  0.0000 0.0000 0.0000 0.2880 0.0053 0.0000 0.0000 0.0000 0.0810 0.1243 0.0093 0.0229 0.0704 0.0000 0.2987 0.1000 0.0000 
289      289   (0)      8 :  0.0000 0.0000 0.0002 0.0732 0.3221 0.0000 0.0000 0.0000 0.0216 0.1626 0.0012 0.0000 0.3090 0.0011 0.0253 0.0837 0.0000 
290      290   (0)      5 :  0.0000 0.0160 0.0000 0.1669 0.0189 0.0000 0.0000 0.0000 0.0000 0.1533 0.0000 0.2589 0.2918 0.0000 0.0669 0.0000 0.0273 
291      291   (0)      5 :  0.0000 0.0000 0.0000 0.0716 0.1373 0.0000 0.0000 0.0000 0.0140 0.2438 0.0000 0.1222 0.1501 0.0000 0.2610 0.0000 0.0000 
292      292   (0)      5 :  0.0000 0.0000 0.0000 0.3671 0.0148 0.0000 0.0000 0.0000 0.0500 0.1598 0.0009 0.0181 0.1984 0.0006 0.0585 0.0819 0.0500 
293      293   (0)      5 :  0.0000 0.0000 0.0000 0.4996 0.1066 0.0000 0.0000 0.0000 0.0763 0.0631 0.0000 0.0694 0.0702 0.0022 0.0895 0.0231 0.0000 
294      294   (0)      5 :  0.0000 0.0055 0.0000 0.3829 0.1523 0.0000 0.0000 0.0000 0.0368 0.0259 0.0016 0.0855 0.1637 0.0000 0.1459 0.0000 0.0000 
295      295   (0)      5 :  0.0000 0.0090 0.0000 0.1378 0.0516 0.0000 0.0000 0.0000 0.0000 0.1925 0.0000 0.0561 0.3718 0.0000 0.0625 0.0187 0.1000 
296      296   (0)      5 :  0.0000 0.0000 0.0011 0.3703 0.0220 0.0000 0.0000 0.0000 0.0712 0.3112 0.0063 0.1062 0.0375 0.0024 0.0719 0.0000 0.0000 
297      297   (0)      5 :  0.0000 0.0000 0.0033 0.0371 0.1730 0.0000 0.0000 0.0000 0.0356 0.2622 0.0090 0.0996 0.1995 0.0006 0.0615 0.0471 0.0715 
298      298   (0)      5 :  0.0000 0.0560 0.0000 0.1256 0.3147 0.0000 0.0000 0.0000 0.0197 0.2712 0.0000 0.0421 0.0063 0.0000 0.1569 0.0075 0.0000 
299      299   (0)      5 :  0.0000 0.0798 0.0000 0.1599 0.0863 0.0000 0.0000 0.0000 0.0779 0.2489 0.0006 0.0000 0.1307 0.0000 0.2037 0.0122 0.0000 
300      300   (0)      5 :  0.0000 0.0456 0.0000 0.2178 0.0845 0.0000 0.0000 0.0000 0.0074 0.2792 0.0008 0.0071 0.0871 0.0000 0.1591 0.0786 0.0327 
301      301   (0)      5 :  0.0000 0.0000 0.0000 0.2214 0.0060 0.0000 0.0000 0.0000 0.0507 0.4217 0.0000 0.1064 0.0794 0.0000 0.1144 0.0000 0.0000 
302      302   (0)      5 :  0.0000 0.0000 0.0000 0.1999 0.2584 0.0000 0.0000 0.0000 0.0689 0.1629 0.0000 0.1174 0.0701 0.0000 0.1223 0.0000 0.0000 
303      303   (0)      5 :  0.0000 0.0000 0.0000 0.1391 0.0396 0.0000 0.0000 0.0000 0.0132 0.1053 0.0000 0.1603 0.4258 0.0000 0.0677 0.0174 0.0317 
304      304   (0)      5 :  0.0000 0.0041 0.0000 0.3083 0.2069 0.0000 0.0000 0.0000 0.0236 0.0059 0.0000 0.0447 0.3495 0.0002 0.0335 0.0233 0.0000 
305      305   (0)      5 :  0.0000 0.0000 0.0000 0.2854 0.1507 0.0000 0.0000 0.0000 0.0364 0.2247 0.0000 0.0396 0.0848 0.0055 0.1522 0.0084 0.0124 
306      306   (0)      5 :  0.0000 0.1000 0.0000 0.0856 0.0788 0.0000 0.0000 0.0000 0.0004 0.3341 0.0000 0.0081 0.1477 0.0000 0.2452 0.0000 0.0000 
307      307   (0)      5 :  0.0000 0.0434 0.0000 0.0957 0.1657 0.0000 0.0000 0.0000 0.0598 0.3105 0.0393 0.0402 0.0567 0.0002 0.1238 0.0440 0.0208 
308      308   (0)      5 :  0.0000 0.0000 0.0000 0.2044 0.0000 0.0000 0.0000 0.0000 0.0257 0.2578 0.0013 0.1060 0.2645 0.0093 0.1115 0.0087 0.0108 
309      309   (0)      5 :  0.0000 0.0000 0.0000 0.3137 0.1402 0.0000 0.0000 0.0000 0.0274 0.0667 0.0000 0.1671 0.1503 0.0005 0.1208 0.0132 0.0000 
310      310   (0)      5 :  0.0000 0.0000 0.0000 0.0332 0.0175 0.0000 0.0000 0.0000 0.0557 0.6367 0.0000 0.0793 0.0237 0.0000 0.0539 0.1000 0.0000 
311      311   (0)      5 :  0.0000 0.0196 0.0000 0.1357 0.1225 0.0000 0.0000 0.0000 0.0614 0.2103 0.0000 0.0183 0.0504 0.0061 0.2038 0.1367 0.0352 
312      312   (0)      5 :  0.0000 0.0052 0.0000 0.0773 0.1994 0.0000 0.0000 0.0000 0.0459 0.1702 0.0000 0.0585 0.2865 0.0099 0.1256 0.0048 0.0167 
313      313   (0)      5 :  0.0000 0.0000 0.0000 0.2445 0.0278 0.0000 0.0000 0.0000 0.0000 0.0121 0.0000 0.2026 0.4065 0.0000 0.0566 0.0500 0.0000 
314      314   (0)      5 :  0.0000 0.0253 0.0000 0.1939 0.1422 0.0000 0.0000 0.0000 0.0627 0.2254 0.0000 0.0312 0.1173 0.0000 0.1697 0.0322 0.0000 
315      315   (0)      5 :  0.0000 0.0366 0.0000 0.1624 0.2362 0.0000 0.0000 0.0000 0.0191 0.1343 0.0000 0.0158 0.0589 0.0024 0.3144 0.0112 0.0088 
316      316   (0)      5 :  0.0000 0.0000 0.0000 0.0716 0.2302 0.0000 0.0000 0.0000 0.0243 0.0423 0.0000 0.1244 0.3920 0.0000 0.1152 0.0000 0.0000 
317      317   (0)      5 :  0.0000 0.0000 0.0000 0.3591 0.0478 0.0000 0.0000 0.0000 0.0000 0.4461 0.0000 0.0644 0.0716 0.0000 0.0109 0.0000 0.0000 
318      318   (0)      8 :  0.0000 0.0366 0.0000 0.3585 0.0792 0.0000 0.0000 0.0000 0.0572 0.1173 0.0000 0.0546 0.1716 0.0000 0.1210 0.0040 0.0000 
319      319   (0)      8 :  0.0000 0.0000 0.0000 0.4252 0.0399 0.0000 0.0000 0.0000 0.0015 0.1772 0.0000 0.1283 0.1675 0.0000 0.0603 0.0000 0.0000 
320      320   (0)      9 :  0.0000 0.0000 0.0000 0.2012 0.0875 0.0000 0.0000 0.0000 0.0119 0.2061 0.0000 0.2258 0.1085 0.0000 0.1265 0.0148 0.0177 
321      321   (0)      9 :  0.0000 0.0604 0.0023 0.1844 0.0573 0.0000 0.0000 0.0000 0.0806 0.4228 0.0000 0.0488 0.0568 0.0029 0.0231 0.0500 0.0106 
322      322   (0)      9 :  0.0000 0.0000 0.0000 0.2647 0.2391 0.0000 0.0000 0.0000 0.0289 0.0696 0.0000 0.0762 0.1757 0.0000 0.1294 0.0164 0.0000 
323      323   (0)      9 :  0.0000 0.0132 0.0000 0.0910 0.2254 0.0000 0.0000 0.0000 0.0000 0.1327 0.0001 0.0419 0.3683 0.0000 0.0624 0.0151 0.0500 
324      324   (0)      9 :  0.0000 0.0000 0.0000 0.2217 0.0612 0.0000 0.0000 0.0000 0.0308 0.4186 0.0000 0.0127 0.1198 0.0000 0.1351 0.0000 0.0000 
325      325   (0)      8 :  0.0000 0.0000 0.0000 0.0894 0.0816 0.0000 0.0000 0.0000 0.1452 0.1008 0.0000 0.0000 0.1935 0.0000 0.2172 0.1500 0.0223 
326      326   (0)      8 :  0.0000 0.0100 0.0000 0.1601 0.1129 0.0000 0.0000 0.0000 0.0292 0.3744 0.0000 0.0606 0.1122 0.0000 0.1351 0.0053 0.0000 
327      327   (0)      8 :  0.0000 0.0000 0.0000 0.1744 0.1509 0.0000 0.0000 0.0000 0.0111 0.2094 0.0000 0.1327 0.2271 0.0000 0.0567 0.0057 0.0320 
328      328   (0)      8 :  0.0000 0.0000 0.0000 0.4040 0.1726 0.0000 0.0000 0.0000 0.0081 0.0601 0.0000 0.0312 0.1618 0.0000 0.1432 0.0191 0.0000 
329      329   (0)      8 :  0.0000 0.0085 0.0000 0.1506 0.5372 0.0000 0.0000 0.0000 0.0000 0.1578 0.0000 0.0056 0.0703 0.0000 0.0501 0.0054 0.0144 
330      330   (0)      9 :  0.0000 0.0068 0.0000 0.1230 0.1236 0.0000 0.0000 0.0000 0.0164 0.5828 0.0002 0.0000 0.0099 0.0004 0.1260 0.0000 0.0109 
331      331   (0)      9 :  0.0000 0.0099 0.0000 0.2625 0.2458 0.0000 0.0000 0.0000 0.0039 0.1271 0.0000 0.1416 0.1050 0.0000 0.0950 0.0000 0.0090 
332      332   (0)      9 :  0.0000 0.0113 0.0000 0.0479 0.1489 0.0000 0.0000 0.0000 0.0240 0.3464 0.0000 0.0719 0.1386 0.0002 0.1608 0.0500 0.0000 
333      333   (0)      9 :  0.0000 0.0000 0.0000 0.2073 0.1783 0.0000 0.0000 0.0000 0.0259 0.0683 0.0000 0.0000 0.0737 0.0000 0.2724 0.1500 0.0241 
334      334   (0)      9 :  0.0000 0.0000 0.0000 0.2197 0.2253 0.0000 0.0000 0.0000 0.0222 0.0149 0.0000 0.1795 0.2702 0.0000 0.0682 0.0000 0.0000 
335      335   (0)      9 :  0.0000 0.1182 0.0000 0.1537 0.0678 0.0000 0.0000 0.0000 0.0415 0.0765 0.0000 0.0000 0.1073 0.0000 0.2994 0.0727 0.0628 
336      336   (0)      8 :  0.0000 0.0000 0.0000 0.0604 0.3155 0.0000 0.0000 0.0000 0.0102 0.1680 0.0000 0.0283 0.1584 0.0000 0.2093 0.0500 0.0000 
337      337   (0)      8 :  0.0000 0.0000 0.0000 0.0720 0.1288 0.0000 0.0000 0.0000 0.0537 0.3381 0.0000 0.0189 0.1382 0.0056 0.2032 0.0273 0.0143 
338      338   (0)      8 :  0.0000 0.0000 0.0000 0.0143 0.1530 0.0000 0.0000 0.0000 0.0762 0.1056 0.0000 0.1168 0.4330 0.0000 0.0507 0.0500 0.0003 
339      339   (0)      8 :  0.0000 0.0099 0.0000 0.0581 0.1106 0.0000 0.0000 0.0000 0.0391 0.3026 0.0000 0.0188 0.2663 0.0009 0.0995 0.0445 0.0497 
340      340   (0)      8 :  0.0000 0.0281 0.0000 0.4315 0.0826 0.0000 0.0000 0.0000 0.0490 0.1237 0.0000 0.0840 0.0000 0.0000 0.2011 0.0000 0.0000 
341      341   (0)      8 :  0.0000 0.0000 0.0000 0.1458 0.1887 0.0000 0.0000 0.0000 0.0528 0.3076 0.0253 0.0634 0.1090 0.0033 0.1042 0.0000 0.0000 
342      342   (0)      8 :  0.0000 0.0061 0.0000 0.0538 0.0838 0.0000 0.0000 0.0000 0.0431 0.2562 0.0000 0.0353 0.1675 0.0000 0.2416 0.0859 0.0268 
343      343   (0)      9 :  0.0000 0.0569 0.0000 0.0207 0.3615 0.0000 0.0000 0.0000 0.0173 0.0738 0.0000 0.0500 0.1608 0.0004 0.2084 0.0500 0.0000 
344      344   (0)      9 :  0.0000 0.0000 0.0000 0.1163 0.4049 0.0000 0.0000 0.0000 0.0214 0.0811 0.0000 0.0247 0.0911 0.0000 0.2065 0.0540 0.0000 
345      345   (0)      9 :  0.0000 0.0000 0.0000 0.0832 0.2063 0.0000 0.0000 0.0000 0.0029 0.4654 0.0000 0.0472 0.0193 0.0000 0.1341 0.0192 0.0225 
346      346   (0)      9 :  0.0000 0.0370 0.0000 0.1124 0.3490 0.0000 0.0000 0.0000 0.0289 0.1750 0.0072 0.0572 0.1262 0.0000 0.1072 0.0000 0.0000 
347      347   (0)      9 :  0.0000 0.0018 0.0000 0.1917 0.5937 0.0000 0.0000 0.0000 0.0744 0.0322 0.0012 0.0000 0.0866 0.0000 0.0183 0.0000 0.0000 
348      348   (0)      9 :  0.0000 0.0976 0.0000 0.1269 0.2647 0.0000 0.0000 0.0000 0.0091 0.0923 0.0015 0.0540 0.2288 0.0118 0.1135 0.0000 0.0000 
349      349   (0)      9 :  0.0000 0.0576 0.0000 0.0313 0.1914 0.0000 0.0005 0.0000 0.0108 0.1432 0.0220 0.0923 0.2710 0.0147 0.0852 0.0300 0.0500 
350      350   (0)      9 :  0.0000 0.0000 0.0000 0.1363 0.1827 0.0000 0.0000 0.0000 0.0320 0.1743 0.0003 0.0807 0.2438 0.0000 0.1022 0.0277 0.0200 
351      351   (0)      9 :  0.0000 0.0000 0.0000 0.2805 0.0899 0.0000 0.0000 0.0000 0.0284 0.1037 0.0126 0.0688 0.1173 0.0000 0.2645 0.0247 0.0095 
352      352   (0)      9 :  0.0000 0.0000 0.0000 0.0413 0.0981 0.0000 0.0000 0.0000 0.0275 0.1643 0.0015 0.0750 0.4768 0.0003 0.0699 0.0243 0.0210 
353      353   (0)      9 :  0.0000 0.0099 0.0000 0.0621 0.2628 0.0000 0.0000 0.0000 0.1500 0.1517 0.0093 0.0008 0.1810 0.0000 0.1297 0.0427 0.0000 
354      354   (0)      9 :  0.0000 0.0104 0.0000 0.0441 0.2298 0.0000 0.0000 0.0000 0.0226 0.2960 0.0000 0.0571 0.1067 0.0000 0.1543 0.0391 0.0399 
355      355   (0)      9 :  0.0000 0.0000 0.0000 0.1791 0.2094 0.0000 0.0000 0.0000 0.0245 0.0981 0.0000 0.1242 0.1419 0.0034 0.1887 0.0226 0.0080 
356      356   (0)      9 :  0.0000 0.0500 0.0000 0.0774 0.1520 0.0000 0.0000 0.0000 0.0425 0.3078 0.0013 0.0450 0.1193 0.0000 0.1169 0.0566 0.0313 
357      357   (0)      9 :  0.0000 0.0388 0.0000 0.1803 0.1310 0.0000 0.0000 0.0000 0.0128 0.1476 0.0000 0.0324 0.0216 0.0000 0.3401 0.0654 0.0300 
358      358   (0)      9 :  0.0000 0.0201 0.0000 0.0660 0.0563 0.0000 0.0000 0.0000 0.0408 0.6403 0.0050 0.0211 0.0301 0.0000 0.0987 0.0216 0.0000 
359      359   (0)      9 :  0.0000 0.0000 0.0000 0.0865 0.1250 0.0000 0.0000 0.0000 0.0566 0.1903 0.0010 0.0610 0.3860 0.0000 0.0820 0.0105 0.0013 
360      360   (0)      9 :  0.0000 0.0000 0.0000 0.1013 0.1947 0.0000 0.0000 0.0000 0.0271 0.1754 0.0000 0.0166 0.1887 0.0000 0.2962 0.0000 0.0000 
361      361   (0)      9 :  0.0000 0.0103 0.0000 0.0380 0.1501 0.0000 0.0000 0.0000 0.0707 0.3007 0.0000 0.0128 0.2454 0.0000 0.0995 0.0263 0.0461 
362      362   (0)     10 :  0.0000 0.0101 0.0000 0.1882 0.1001 0.0000 0.0000 0.0000 0.0582 0.4934 0.0000 0.0485 0.0134 0.0000 0.0880 0.0000 0.0000 
363      363   (0)     10 :  0.0000 0.0500 0.0000 0.0840 0.3382 0.0000 0.0000 0.0000 0.0295 0.3210 0.0000 0.0673 0.0318 0.0000 0.0511 0.0000 0.0272 
364      364   (0)     10 :  0.0000 0.0113 0.0000 0.1993 0.2311 0.0000 0.0000 0.0000 0.0320 0.2989 0.0000 0.0302 0.0132 0.0000 0.1649 0.0000 0.0190 
365      365   (0)     10 :  0.0000 0.0000 0.0030 0.3760 0.2135 0.0000 0.0000 0.0000 0.0198 0.0879 0.0000 0.1774 0.1173 0.0000 0.0044 0.0000 0.0006 
366      366   (0)     10 :  0.0000 0.0000 0.0000 0.3598 0.2145 0.0000 0.0000 0.0000 0.0000 0.0159 0.0000 0.0424 0.2974 0.0000 0.0258 0.0124 0.0319 
367      367   (0)     10 :  0.0000 0.0045 0.0000 0.1532 0.3784 0.0000 0.0000 0.0000 0.0189 0.1406 0.0091 0.0434 0.0490 0.0000 0.1947 0.0082 0.0000 
368      368   (0)     10 :  0.0000 0.0000 0.0000 0.3254 0.1977 0.0000 0.0000 0.0000 0.0086 0.0005 0.0000 0.0951 0.2709 0.0000 0.0565 0.0453 0.0000 
369      369   (0)     10 :  0.0000 0.0142 0.0000 0.1197 0.1931 0.0000 0.0000 0.0000 0.0112 0.0000 0.0000 0.0142 0.6370 0.0000 0.0010 0.0000 0.0096 
370      370   (0)     10 :  0.0000 0.0529 0.0000 0.3363 0.0509 0.0000 0.0000 0.0000 0.0257 0.0845 0.0169 0.0184 0.0725 0.0000 0.3135 0.0283 0.0000 
371      371   (0)     10 :  0.0000 0.0000 0.0000 0.0985 0.4072 0.0000 0.0000 0.0000 0.0424 0.0416 0.0000 0.0248 0.1902 0.0000 0.0550 0.0905 0.0500 
372      372   (0)     10 :  0.0000 0.0461 0.0000 0.1647 0.3027 0.0000 0.0000 0.0000 0.0333 0.0692 0.0000 0.0523 0.1247 0.0000 0.2069 0.0000 0.0000 
373      373   (0)     10 :  0.0000 0.0000 0.0000 0.0915 0.1464 0.0000 0.0000 0.0000 0.0115 0.4625 0.0000 0.0573 0.0789 0.0000 0.0873 0.0344 0.0301 
374      374   (0)     10 :  0.0000 0.0000 0.0000 0.0635 0.6205 0.0000 0.0000 0.0000 0.0307 0.0763 0.0000 0.0708 0.0753 0.0000 0.0629 0.0000 0.0000 
375      375   (0)     10 :  0.0000 0.0178 0.0000 0.2610 0.2013 0.0000 0.0000 0.0000 0.0159 0.1549 0.0000 0.0636 0.0955 0.0000 0.1769 0.0130 0.0000 
376      376   (0)     10 :  0.0000 0.0086 0.0000 0.3516 0.0254 0.0000 0.0000 0.0000 0.0000 0.2999 0.0000 0.0667 0.0457 0.0148 0.1741 0.0000 0.0133 
377      377   (0)     10 :  0.0000 0.0265 0.0000 0.2070 0.2490 0.0000 0.0000 0.0000 0.0342 0.1560 0.0000 0.0616 0.1082 0.0255 0.1320 0.0000 0.0000 
378      378   (0)     10 :  0.0000 0.1311 0.0000 0.1224 0.3181 0.0000 0.0000 0.0000 0.0000 0.2804 0.0000 0.0147 0.0165 0.0000 0.1167 0.0000 0.0000 
379      379   (0)     10 :  0.0000 0.0000 0.0006 0.1713 0.0325 0.0000 0.0000 0.0000 0.0318 0.1592 0.0243 0.2358 0.2773 0.0000 0.0109 0.0307 0.0254 
380      380   (0)     10 :  0.0000 0.0000 0.0000 0.0548 0.2542 0.0000 0.0000 0.0000 0.0500 0.0000 0.0000 0.0244 0.5188 0.0000 0.0468 0.0510 0.0001 
381      381   (0)     10 :  0.0000 0.0298 0.0000 0.1542 0.2077 0.0000 0.0000 0.0000 0.0143 0.3924 0.0000 0.0182 0.0000 0.0000 0.1834 0.0000 0.0000 
382      382   (0)     10 :  0.0000 0.0002 0.0000 0.1413 0.2362 0.0000 0.0000 0.0000 0.0000 0.1644 0.0000 0.0389 0.1810 0.0000 0.1188 0.0592 0.0599 
383      383   (0)     10 :  0.0000 0.0642 0.0002 0.0355 0.0986 0.0000 0.0000 0.0000 0.0279 0.2264 0.0198 0.0981 0.2856 0.0038 0.1218 0.0183 0.0000 
384      384   (0)     10 :  0.0000 0.0361 0.0004 0.1665 0.2689 0.0000 0.0000 0.0000 0.0159 0.1042 0.0000 0.0724 0.1873 0.0000 0.1484 0.0000 0.0000 
385      385   (0)     10 :  0.0000 0.0463 0.0000 0.0560 0.0469 0.0000 0.0000 0.0000 0.0518 0.6160 0.0000 0.0000 0.0196 0.0000 0.1338 0.0295 0.0000 
386      386   (0)     10 :  0.0000 0.0000 0.0000 0.6744 0.0086 0.0000 0.0000 0.0000 0.0612 0.0337 0.0000 0.0290 0.0124 0.0002 0.1805 0.0000 0.0000 
387      387   (0)     10 :  0.0000 0.0000 0.0000 0.0921 0.0313 0.0000 0.0000 0.0000 0.0136 0.6926 0.0000 0.0679 0.0000 0.0000 0.0787 0.0237 0.0000 
388      388   (0)     10 :  0.0000 0.0123 0.0000 0.1275 0.5121 0.0000 0.0000 0.0000 0.0683 0.0980 0.0000 0.0018 0.0670 0.0000 0.1130 0.0000 0.0000 
389      389   (0)     10 :  0.0000 0.0001 0.0000 0.2990 0.0513 0.0000 0.0000 0.0000 0.0432 0.2197 0.0000 0.0757 0.2147 0.0000 0.0964 0.0000 0.0000 
390      390   (0)      8 :  0.0000 0.0000 0.0000 0.3676 0.1530 0.0000 0.0000 0.0000 0.0325 0.0327 0.0162 0.1123 0.1166 0.0000 0.1560 0.0131 0.0000 
391      391   (0)      8 :  0.0000 0.0000 0.0001 0.4336 0.0597 0.0000 0.0000 0.0000 0.0229 0.1015 0.0000 0.0616 0.0820 0.0000 0.1780 0.0343 0.0263 
392      392   (0)      8 :  0.0000 0.0000 0.0000 0.0030 0.0922 0.0000 0.0000 0.0000 0.0000 0.0706 0.0000 0.0603 0.7290 0.0006 0.0194 0.0000 0.0248 
393      393   (0)     11 :  0.0000 0.0000 0.0000 0.0000 0.4032 0.0000 0.0000 0.0000 0.0782 0.0084 0.0000 0.0093 0.4208 0.0000 0.0599 0.0201 0.0000 
394      394   (0)     11 :  0.0000 0.0000 0.0000 0.0023 0.0450 0.0000 0.0000 0.0000 0.0500 0.4870 0.0000 0.1233 0.0769 0.0000 0.1155 0.1000 0.0000 
395      395   (0)     11 :  0.0017 0.0000 0.0000 0.1353 0.1479 0.0000 0.0000 0.0046 0.0500 0.0326 0.0010 0.0432 0.1784 0.0096 0.3048 0.0784 0.0125 
396      396   (0)     11 :  0.0018 0.0000 0.0000 0.0645 0.3132 0.0000 0.0000 0.0164 0.0117 0.0505 0.0082 0.0822 0.2614 0.0001 0.0834 0.0669 0.0397 
397      397   (0)     11 :  0.0000 0.1036 0.0000 0.1967 0.0519 0.0000 0.0000 0.0000 0.0097 0.1773 0.0000 0.0668 0.0251 0.0000 0.3684 0.0000 0.0004 
398      398   (0)     11 :  0.0000 0.0000 0.0000 0.4422 0.1803 0.0000 0.0000 0.0000 0.0175 0.0369 0.0000 0.0759 0.1363 0.0000 0.1110 0.0000 0.0000 
399      399   (0)     11 :  0.0000 0.0334 0.0000 0.1373 0.2987 0.0000 0.0000 0.0000 0.0556 0.2000 0.0000 0.0000 0.1107 0.0000 0.1316 0.0295 0.0031 
400      400   (0)     11 :  0.0000 0.0753 0.0004 0.1258 0.0522 0.0000 0.0000 0.0000 0.0000 0.2843 0.0000 0.0325 0.1283 0.0000 0.2932 0.0080 0.0000 
401      401   (0)     11 :  0.0007 0.0171 0.0000 0.0090 0.1625 0.0000 0.0000 0.0007 0.0932 0.1744 0.0000 0.0647 0.3954 0.0000 0.0570 0.0254 0.0000 
402      402   (0)     11 :  0.0000 0.0242 0.0000 0.0113 0.2488 0.0000 0.0000 0.0000 0.0307 0.3259 0.0000 0.0762 0.2317 0.0000 0.0146 0.0076 0.0289 
403      403   (0)     11 :  0.0000 0.0807 0.0000 0.1460 0.0786 0.0000 0.0000 0.0000 0.0000 0.1815 0.0000 0.0056 0.2083 0.0008 0.2985 0.0000 0.0000 
404      404   (0)     11 :  0.0000 0.0167 0.0000 0.1823 0.1793 0.0000 0.0000 0.0000 0.0443 0.0291 0.0008 0.0927 0.1196 0.0000 0.2991 0.0361 0.0000 
405      405   (0)     11 :  0.0001 0.0147 0.0000 0.2150 0.0590 0.0000 0.0000 0.0000 0.0003 0.0000 0.0609 0.0461 0.4174 0.0116 0.1572 0.0175 0.0001 
406      406   (0)     11 :  0.0000 0.0026 0.0000 0.3793 0.2113 0.0000 0.0000 0.0000 0.0000 0.0425 0.0000 0.0592 0.2773 0.0000 0.0278 0.0000 0.0000 
407      407   (0)     11 :  0.0000 0.0140 0.0000 0.1158 0.1982 0.0000 0.0000 0.0000 0.0270 0.0655 0.0000 0.0238 0.3427 0.0022 0.1887 0.0080 0.0142 
408      408   (0)     11 :  0.0000 0.0084 0.0000 0.3383 0.0589 0.0000 0.0000 0.0000 0.0000 0.0300 0.0004 0.0000 0.1771 0.0000 0.3573 0.0000 0.0296 
409      409   (0)     11 :  0.0000 0.0147 0.0018 0.1030 0.3480 0.0001 0.0020 0.0000 0.0106 0.0838 0.0010 0.0584 0.0900 0.0090 0.1987 0.0668 0.0122 
410      410   (0)     11 :  0.0000 0.0000 0.0000 0.0649 0.4258 0.0000 0.0000 0.0000 0.0155 0.0936 0.0000 0.0546 0.1531 0.0000 0.1130 0.0481 0.0315 
411      411   (0)     11 :  0.0000 0.0000 0.0000 0.3071 0.1673 0.0000 0.0000 0.0000 0.0000 0.1715 0.0000 0.2098 0.0952 0.0000 0.0491 0.0000 0.0000 
412      412   (0)     11 :  0.0000 0.0390 0.0000 0.2171 0.0526 0.0000 0.0000 0.0000 0.0219 0.2132 0.0000 0.0225 0.1794 0.0006 0.2297 0.0203 0.0038 
413      413   (0)     11 :  0.0000 0.0000 0.0000 0.2997 0.0663 0.0000 0.0000 0.0000 0.0336 0.2859 0.0050 0.2043 0.0607 0.0000 0.0445 0.0000 0.0000 
414      414   (0)     11 :  0.0000 0.0000 0.0000 0.1495 0.1557 0.0000 0.0000 0.0000 0.0287 0.1362 0.0000 0.0477 0.1175 0.0000 0.2948 0.0403 0.0297 
415      415   (0)     11 :  0.0000 0.0000 0.0000 0.3831 0.1496 0.0000 0.0000 0.0000 0.0420 0.1863 0.0000 0.0479 0.0650 0.0026 0.1031 0.0000 0.0205 
416      416   (0)     11 :  0.0000 0.0110 0.0000 0.2960 0.2022 0.0000 0.0000 0.0000 0.0392 0.0944 0.0000 0.0156 0.1212 0.0205 0.1910 0.0089 0.0000 
417      417   (0)     11 :  0.0000 0.0000 0.0000 0.0578 0.0942 0.0000 0.0000 0.0000 0.0492 0.4515 0.0000 0.0073 0.1488 0.0000 0.1590 0.0156 0.0167 
418      418   (0)     11 :  0.0028 0.0605 0.0000 0.0990 0.2041 0.0000 0.0000 0.0026 0.0365 0.1575 0.0101 0.0834 0.1873 0.0000 0.1073 0.0480 0.0009 
419      419   (0)     11 :  0.0000 0.0028 0.0000 0.0000 0.1768 0.0000 0.0000 0.0000 0.0000 0.0512 0.0000 0.0000 0.6745 0.0000 0.0946 0.0000 0.0001 
420      420   (0)     11 :  0.0000 0.0000 0.0000 0.0297 0.3790 0.0000 0.0000 0.0000 0.0000 0.1232 0.0000 0.0387 0.3247 0.0000 0.0883 0.0163 0.0000 
421      421   (0)     11 :  0.0000 0.0000 0.0000 0.0000 0.0948 0.0000 0.0000 0.0000 0.0000 0.0355 0.0000 0.0000 0.7665 0.0028 0.0504 0.0000 0.0500 
422      422   (0)     11 :  0.0000 0.0941 0.0000 0.0260 0.0390 0.0000 0.0000 0.0000 0.0098 0.6106 0.0006 0.0000 0.1198 0.0000 0.0799 0.0000 0.0201 
423      423   (0)     12 :  0.5678 0.0000 0.0000 0.0000 0.0000 0.0000 0.0000 0.2921 0.0195 0.0000 0.0000 0.0000 0.0000 0.0000 0.0000 0.0000 0.1206 
424      424   (0)     12 :  0.0000 0.0000 0.0000 0.0183 0.0460 0.0000 0.0000 0.0000 0.0000 0.0131 0.7783 0.0262 0.0073 0.0919 0.0189 0.0000 0.0000 
425      425   (0)     12 :  0.3292 0.0012 0.0000 0.0000 0.0000 0.0000 0.0000 0.3107 0.0289 0.0000 0.0000 0.0006 0.0000 0.0000 0.0000 0.0009 0.3286 
426      426   (0)     12 :  0.0000 0.0051 0.0000 0.0035 0.0000 0.0000 0.0000 0.0000 0.0000 0.0433 0.5002 0.0048 0.0004 0.4336 0.0091 0.0000 0.0000 
427      427   (0)     12 :  0.4104 0.0005 0.0000 0.0000 0.0000 0.0052 0.0000 0.2286 0.0306 0.0000 0.0000 0.0017 0.0000 0.0000 0.0000 0.0005 0.3225 
428      428   (0)     12 :  0.4072 0.0000 0.0004 0.0000 0.0000 0.0073 0.0179 0.2502 0.0270 0.0000 0.0057 0.0164 0.0000 0.0000 0.0271 0.0119 0.2291 
429      429   (0)     12 :  0.0000 0.0000 0.0000 0.0000 0.0000 0.0000 0.0000 0.0000 0.0000 0.0000 0.0000 0.0000 0.0000 1.0000 0.0000 0.0000 0.0000 
430      430   (0)     12 :  0.1730 0.0011 0.0000 0.0000 0.0000 0.0024 0.0008 0.5351 0.0332 0.0000 0.0000 0.0042 0.0000 0.0000 0.0000 0.0070 0.2432 
431      431   (0)     12 :  0.1642 0.0000 0.0005 0.0000 0.0000 0.0124 0.0021 0.5856 0.0238 0.0000 0.0000 0.0038 0.0000 0.0000 0.0000 0.0068 0.2007 
432      432   (0)     12 :  0.0000 0.0033 0.0000 0.0049 0.0130 0.0000 0.0000 0.0000 0.0042 0.0006 0.9161 0.0038 0.0000 0.0359 0.0182 0.0000 0.0000 
433      433   (0)     12 :  0.0470 0.0000 0.0000 0.0000 0.0000 0.0000 0.0000 0.6722 0.0616 0.0000 0.0000 0.0000 0.0000 0.0063 0.0160 0.0000 0.1968 
434      434   (0)     12 :  0.1264 0.0000 0.0000 0.0000 0.0000 0.0000 0.0000 0.6188 0.0477 0.0000 0.0000 0.0000 0.0000 0.0000 0.0000 0.0000 0.2071 
435      435   (0)     12 :  0.2273 0.0079 0.0008 0.0000 0.0000 0.0047 0.0167 0.5789 0.0298 0.0000 0.0000 0.0117 0.0000 0.0018 0.0000 0.0030 0.1173 
436      436   (0)     12 :  0.1915 0.0035 0.0000 0.0000 0.0000 0.0002 0.0009 0.5309 0.0315 0.0000 0.0000 0.0012 0.0000 0.0000 0.0000 0.0027 0.2378 
437      437   (0)     12 :  0.0402 0.0000 0.0000 0.0000 0.0000 0.0000 0.0000 0.7483 0.0527 0.0000 0.0000 0.0000 0.0000 0.0254 0.0500 0.0000 0.0833 
438      438   (0)     12 :  0.3193 0.0000 0.0000 0.0000 0.0000 0.0000 0.0000 0.5726 0.0196 0.0000 0.0000 0.0008 0.0000 0.0000 0.0176 0.0021 0.0680 
439      439   (0)     12 :  0.0000 0.0000 0.0000 0.0000 0.0000 0.0000 0.0000 0.0000 0.0000 0.0000 1.0000 0.0000 0.0000 0.0000 0.0000 0.0000 0.0000 
440      440   (0)     12 :  0.0000 0.0000 0.0000 0.0000 0.0000 0.0000 0.0000 0.0000 0.0000 0.0000 0.9781 0.0000 0.0000 0.0219 0.0000 0.0000 0.0000 
441      441   (0)     12 :  0.0635 0.0008 0.0000 0.0000 0.0000 0.0000 0.0000 0.7881 0.0332 0.0000 0.0000 0.0015 0.0000 0.0000 0.0500 0.0004 0.0626 
442      442   (0)     12 :  0.0000 0.0000 0.0000 0.0000 0.0000 0.0000 0.0000 0.0000 0.0000 0.0000 0.4649 0.0000 0.0000 0.5351 0.0000 0.0000 0.0000 
443      443   (0)     12 :  0.3853 0.0000 0.0000 0.0000 0.0000 0.0025 0.0044 0.2014 0.0249 0.0000 0.0000 0.0041 0.0000 0.0000 0.0000 0.0024 0.3749 
444      444   (0)     12 :  0.1407 0.0055 0.0000 0.0000 0.0000 0.0010 0.0000 0.6865 0.0500 0.0000 0.0000 0.0008 0.0000 0.0000 0.0000 0.0000 0.1155 
445      445   (0)     12 :  0.5630 0.0136 0.0000 0.0000 0.0000 0.0019 0.0007 0.1864 0.0223 0.0000 0.0000 0.0006 0.0000 0.0000 0.0000 0.0040 0.2074 
446      446   (0)     12 :  0.3463 0.0000 0.0000 0.0000 0.0000 0.0000 0.0000 0.1587 0.0366 0.0000 0.0000 0.0000 0.0000 0.0000 0.0000 0.0000 0.4584 
447      447   (0)     12 :  0.0848 0.0035 0.0000 0.0000 0.0000 0.0000 0.0000 0.7545 0.0666 0.0000 0.0000 0.0000 0.0000 0.0000 0.0000 0.0028 0.0878 
448      448   (0)     12 :  0.1340 0.0000 0.0000 0.0000 0.0000 0.0000 0.0000 0.6542 0.0462 0.0000 0.0000 0.0000 0.0000 0.0000 0.0000 0.0000 0.1656 
449      449   (0)     12 :  0.0393 0.0012 0.0000 0.0000 0.0000 0.0000 0.0000 0.6398 0.1240 0.0000 0.0000 0.0025 0.0000 0.0000 0.0500 0.0000 0.1433 
450      450   (0)     12 :  0.0761 0.0000 0.0000 0.0000 0.0000 0.0000 0.0000 0.6190 0.0714 0.0000 0.0000 0.0000 0.0000 0.0000 0.0000 0.0000 0.2335 
451      451   (0)     12 :  0.3910 0.0041 0.0000 0.0003 0.0000 0.0084 0.0127 0.2704 0.0119 0.0000 0.0000 0.0143 0.0000 0.0000 0.0281 0.0073 0.2515 
452      452   (0)     12 :  0.6252 0.0000 0.0000 0.0000 0.0000 0.0000 0.0042 0.1945 0.0464 0.0000 0.0000 0.0004 0.0000 0.0000 0.0000 0.0016 0.1276 
453      453   (0)     13 :  0.3337 0.0000 0.0000 0.0000 0.0000 0.0021 0.0000 0.3938 0.0202 0.0000 0.0000 0.0001 0.0000 0.0000 0.0483 0.0000 0.2017 
454      454   (0)     13 :  0.3338 0.0000 0.0005 0.0000 0.0000 0.0001 0.0024 0.4344 0.0591 0.0000 0.0000 0.0000 0.0000 0.0000 0.0500 0.0009 0.1188 
455      455   (0)     13 :  0.3720 0.0000 0.0000 0.0000 0.0000 0.0000 0.0000 0.4444 0.0413 0.0000 0.0000 0.0000 0.0000 0.0000 0.0103 0.0000 0.1320 
456      456   (0)     13 :  0.0000 0.0000 0.0000 0.0043 0.0000 0.0000 0.0000 0.0000 0.0001 0.0000 0.9267 0.0084 0.0076 0.0530 0.0000 0.0000 0.0000 
457      457   (0)     13 :  0.0599 0.0110 0.0000 0.0000 0.0000 0.0141 0.0000 0.5544 0.0199 0.0000 0.0000 0.0123 0.0000 0.0000 0.0163 0.0079 0.3042 
458      458   (0)     13 :  0.1253 0.0000 0.0000 0.0000 0.0000 0.0000 0.0000 0.7530 0.0000 0.0000 0.0000 0.0002 0.0000 0.0000 0.0500 0.0012 0.0703 
459      459   (0)     13 :  0.3469 0.0000 0.0000 0.0000 0.0000 0.0000 0.0000 0.4993 0.0500 0.0000 0.0000 0.0000 0.0000 0.0000 0.0199 0.0000 0.0839 
460      460   (0)     13 :  0.3026 0.0000 0.0000 0.0000 0.0000 0.0000 0.0000 0.3336 0.0521 0.0000 0.0000 0.0000 0.0000 0.0000 0.0072 0.0002 0.3044 
461      461   (0)     13 :  0.2634 0.0003 0.0000 0.0000 0.0000 0.0000 0.0000 0.3003 0.0357 0.0000 0.0000 0.0000 0.0000 0.0000 0.0500 0.0000 0.3502 
462      462   (0)     13 :  0.5945 0.0046 0.0000 0.0000 0.0000 0.0087 0.0000 0.1716 0.0258 0.0000 0.0000 0.0031 0.0000 0.0000 0.0000 0.0038 0.1880 
463      463   (0)     13 :  0.1136 0.0024 0.0000 0.0000 0.0000 0.0009 0.0023 0.4588 0.0611 0.0000 0.0000 0.0070 0.0000 0.0000 0.0238 0.0085 0.3217 
464      464   (0)     13 :  0.0006 0.1345 0.0018 0.0000 0.0500 0.3876 0.1922 0.0017 0.0017 0.0000 0.0000 0.0300 0.0000 0.0000 0.0000 0.1986 0.0014 
465      465   (0)     13 :  0.0368 0.0000 0.0000 0.0006 0.0000 0.0000 0.0019 0.6825 0.0787 0.0000 0.0000 0.0000 0.0000 0.0000 0.0500 0.0000 0.1496 
466      466   (0)     13 :  0.5296 0.0000 0.0004 0.0000 0.0000 0.0000 0.0017 0.2197 0.0010 0.0000 0.0000 0.0000 0.0000 0.0000 0.0004 0.0000 0.2471 
467      467   (0)     13 :  0.5236 0.0027 0.0006 0.0000 0.0000 0.0059 0.0054 0.2394 0.0357 0.0000 0.0000 0.0024 0.0000 0.0000 0.0103 0.0017 0.1724 
468      468   (0)     13 :  0.0288 0.1674 0.0000 0.0006 0.0000 0.4791 0.1340 0.0145 0.0436 0.0000 0.0000 0.0496 0.0000 0.0006 0.0000 0.0736 0.0081 
469      469   (0)     13 :  0.0000 0.1474 0.0000 0.0000 0.0000 0.6098 0.0370 0.0002 0.0500 0.0000 0.0000 0.0726 0.0000 0.0018 0.0000 0.0812 0.0000 
470      470   (0)     13 :  0.1412 0.0042 0.0000 0.0000 0.0000 0.0012 0.0000 0.6426 0.0785 0.0000 0.0000 0.0038 0.0000 0.0000 0.0000 0.0025 0.1261 
471      471   (0)     13 :  0.2854 0.0013 0.0000 0.0009 0.0032 0.0000 0.0026 0.4411 0.0296 0.0060 0.0000 0.0021 0.0038 0.0151 0.0121 0.0000 0.1968 
472      472   (0)     13 :  0.4080 0.0000 0.0000 0.0000 0.0000 0.0003 0.0000 0.4487 0.0527 0.0000 0.0000 0.0000 0.0000 0.0000 0.0000 0.0036 0.0867 
473      473   (0)     13 :  0.0027 0.0000 0.0000 0.0000 0.0275 0.0000 0.0000 0.0404 0.0097 0.0105 0.8087 0.0000 0.0525 0.0166 0.0208 0.0061 0.0045 
474      474   (0)     13 :  0.3244 0.0000 0.0000 0.0000 0.0000 0.0050 0.0000 0.3499 0.0244 0.0000 0.0000 0.0023 0.0000 0.0000 0.0000 0.0000 0.2939 
475      475   (0)     13 :  0.3980 0.0006 0.0000 0.0000 0.0000 0.0000 0.0000 0.4629 0.0000 0.0000 0.0000 0.0012 0.0000 0.0000 0.0213 0.0000 0.1159 
476      476   (0)     13 :  0.0000 0.0000 0.0000 0.0000 0.0000 0.0000 0.0000 0.0000 0.0000 0.0000 0.9235 0.0000 0.0000 0.0507 0.0258 0.0000 0.0000 
477      477   (0)     13 :  0.1031 0.0015 0.0000 0.0000 0.0000 0.0062 0.0106 0.6957 0.0359 0.0000 0.0000 0.0031 0.0000 0.0061 0.0186 0.0083 0.1110 
478      478   (0)     13 :  0.7141 0.0000 0.0087 0.0000 0.0000 0.0000 0.0000 0.1902 0.0501 0.0000 0.0000 0.0029 0.0000 0.0027 0.0000 0.0000 0.0314 
479      479   (0)     13 :  0.1625 0.0005 0.0000 0.0000 0.0000 0.0000 0.0038 0.5487 0.0441 0.0000 0.0000 0.0003 0.0000 0.0001 0.0000 0.0001 0.2399 
480      480   (0)     13 :  0.0000 0.0000 0.0000 0.0004 0.0000 0.0000 0.0000 0.0000 0.0000 0.0030 0.8714 0.0000 0.0024 0.1101 0.0127 0.0000 0.0000 
481      481   (0)     13 :  0.0057 0.1045 0.0079 0.0000 0.0000 0.0512 0.4608 0.0586 0.0438 0.0000 0.0000 0.1389 0.0000 0.0060 0.0000 0.1103 0.0123 
482      482   (0)     13 :  0.3838 0.0018 0.0000 0.0000 0.0000 0.0054 0.0060 0.3020 0.0179 0.0000 0.0000 0.0003 0.0000 0.0000 0.0120 0.0082 0.2627 
483      483   (0)     14 :  0.0533 0.0000 0.0000 0.0000 0.0000 0.0000 0.0000 0.7612 0.0380 0.0000 0.0000 0.0000 0.0000 0.0000 0.0000 0.0000 0.1476 
484      484   (0)     14 :  0.2309 0.0000 0.0000 0.0000 0.0000 0.0000 0.0014 0.5414 0.0463 0.0000 0.0000 0.0000 0.0000 0.0000 0.0171 0.0022 0.1606 
485      485   (0)     15 :  0.2006 0.0009 0.0000 0.0000 0.0000 0.0003 0.0000 0.5308 0.0500 0.0000 0.0000 0.0055 0.0000 0.0000 0.0500 0.0008 0.1612 
486      486   (0)     15 :  0.0546 0.0000 0.0000 0.0000 0.0000 0.0000 0.0019 0.8133 0.0607 0.0000 0.0000 0.0000 0.0000 0.0000 0.0000 0.0000 0.0696 
487      487   (0)     15 :  0.0787 0.0000 0.0000 0.0000 0.0000 0.0000 0.0019 0.8159 0.0319 0.0000 0.0000 0.0038 0.0000 0.0000 0.0000 0.0006 0.0672 
488      488   (0)     15 :  0.2391 0.0017 0.0000 0.0000 0.0000 0.0000 0.0000 0.5790 0.0337 0.0000 0.0000 0.0001 0.0000 0.0000 0.0000 0.0020 0.1443 
489      489   (0)     15 :  0.0000 0.0000 0.0000 0.0021 0.0058 0.0000 0.0000 0.0000 0.0000 0.0000 0.9783 0.0000 0.0035 0.0000 0.0051 0.0028 0.0024 
490      490   (0)     15 :  0.0000 0.0000 0.0000 0.0000 0.0000 0.0000 0.0000 0.0000 0.0000 0.0000 0.9639 0.0000 0.0000 0.0361 0.0000 0.0000 0.0000 
491      491   (0)     15 :  0.4133 0.0015 0.0000 0.0000 0.0000 0.0000 0.0024 0.3090 0.0409 0.0000 0.0000 0.0012 0.0000 0.0000 0.0000 0.0012 0.2305 
492      492   (0)     15 :  0.0000 0.0000 0.0000 0.0000 0.0000 0.0000 0.0000 0.0000 0.0000 0.0000 1.0000 0.0000 0.0000 0.0000 0.0000 0.0000 0.0000 
493      493   (0)     15 :  0.6045 0.0011 0.0115 0.0000 0.0000 0.0052 0.0080 0.2609 0.0234 0.0000 0.0000 0.0000 0.0000 0.0000 0.0000 0.0052 0.0802 
494      494   (0)     15 :  0.2770 0.0021 0.0000 0.0000 0.0000 0.0051 0.0018 0.5152 0.0549 0.0000 0.0000 0.0015 0.0000 0.0000 0.0109 0.0000 0.1316 
495      495   (0)     15 :  0.1125 0.0000 0.0003 0.0000 0.0002 0.0000 0.0044 0.5053 0.0366 0.0000 0.0000 0.0000 0.0000 0.0000 0.0000 0.0000 0.3407 
496      496   (0)     15 :  0.3368 0.0000 0.0011 0.0000 0.0000 0.0011 0.0000 0.4471 0.0252 0.0000 0.0000 0.0006 0.0000 0.0000 0.0000 0.0010 0.1871 
497      497   (0)     15 :  0.5662 0.0000 0.0000 0.0000 0.0019 0.0000 0.0103 0.1810 0.0007 0.0000 0.0000 0.0010 0.0000 0.0000 0.0302 0.0000 0.2088 
498      498   (0)     15 :  0.1535 0.0030 0.0000 0.0000 0.0035 0.0054 0.0220 0.6687 0.0426 0.0000 0.0000 0.0000 0.0000 0.0000 0.0000 0.0018 0.0994 
499      499   (0)     15 :  0.1775 0.0053 0.0000 0.0000 0.0000 0.0092 0.0000 0.5493 0.0563 0.0000 0.0000 0.0000 0.0000 0.0000 0.0077 0.0039 0.1908 
500      500   (0)     15 :  0.0849 0.0019 0.0000 0.0000 0.0000 0.0001 0.0023 0.8697 0.0000 0.0000 0.0000 0.0015 0.0000 0.0000 0.0000 0.0002 0.0394 
501      501   (0)     15 :  0.1761 0.0000 0.0000 0.0000 0.0000 0.0025 0.0009 0.7220 0.0351 0.0000 0.0000 0.0000 0.0000 0.0078 0.0283 0.0024 0.0249 
502      502   (0)     15 :  0.1711 0.0029 0.0000 0.0000 0.0000 0.0000 0.0021 0.6873 0.0382 0.0000 0.0000 0.0000 0.0000 0.0000 0.0500 0.0066 0.0418 
503      503   (0)     15 :  0.3292 0.0010 0.0000 0.0000 0.0000 0.0000 0.0000 0.3399 0.0518 0.0000 0.0000 0.0000 0.0000 0.0000 0.0000 0.0003 0.2778 
504      504   (0)     15 :  0.0231 0.0000 0.0000 0.0000 0.0000 0.0000 0.0000 0.8405 0.0352 0.0000 0.0000 0.0006 0.0000 0.0000 0.0000 0.0000 0.1007 
505      505   (0)     15 :  0.2252 0.0000 0.0000 0.0000 0.0000 0.0000 0.0004 0.4249 0.0583 0.0000 0.0000 0.0003 0.0000 0.0000 0.0000 0.0080 0.2829 
506      506   (0)     15 :  0.5486 0.0000 0.0000 0.0000 0.0015 0.0000 0.0000 0.2145 0.0527 0.0000 0.0000 0.0010 0.0000 0.0000 0.0000 0.0039 0.1777 
507      507   (0)     15 :  0.1116 0.0046 0.0000 0.0000 0.0000 0.0000 0.0004 0.5548 0.0176 0.0000 0.0000 0.0000 0.0000 0.0000 0.0500 0.0008 0.2601 
508      508   (0)     15 :  0.0609 0.0023 0.0000 0.0000 0.0013 0.0005 0.0013 0.5583 0.0179 0.0000 0.0000 0.0000 0.0000 0.0000 0.0000 0.0015 0.3559 
509      509   (0)     15 :  0.0000 0.0000 0.0001 0.0000 0.0000 0.0000 0.0000 0.0000 0.0000 0.0000 0.9999 0.0000 0.0000 0.0000 0.0000 0.0000 0.0000 
510      510   (0)     15 :  0.0000 0.0000 0.0000 0.0000 0.0000 0.0000 0.0000 0.0000 0.0000 0.0000 1.0000 0.0000 0.0000 0.0000 0.0000 0.0000 0.0000 
511      511   (0)     15 :  0.0698 0.0000 0.0053 0.0031 0.0013 0.0065 0.0007 0.6938 0.0516 0.0022 0.0020 0.0036 0.0000 0.0000 0.0500 0.0026 0.1077 
512      512   (0)     15 :  0.6570 0.0000 0.0000 0.0000 0.0000 0.0000 0.0025 0.0920 0.0328 0.0000 0.0000 0.0000 0.0000 0.0000 0.0138 0.0014 0.2005 
513      513   (0)     15 :  0.3372 0.0054 0.0000 0.0000 0.0000 0.0030 0.0003 0.3702 0.0506 0.0000 0.0000 0.0070 0.0000 0.0000 0.0001 0.0055 0.2206 
514      514   (0)     15 :  0.3885 0.0039 0.0000 0.0000 0.0000 0.0065 0.0046 0.4308 0.0235 0.0000 0.0000 0.0038 0.0000 0.0000 0.0095 0.0007 0.1282 
515      515   (0)     16 :  0.0000 0.0684 0.0004 0.0000 0.0202 0.5031 0.1766 0.0084 0.0079 0.0000 0.0000 0.0506 0.0000 0.0000 0.0000 0.1625 0.0019 
516      516   (0)     16 :  0.2910 0.0023 0.0007 0.0000 0.0000 0.0046 0.0021 0.3538 0.0500 0.0000 0.0000 0.0022 0.0000 0.0000 0.0503 0.0037 0.2394 
517      517   (0)     16 :  0.0000 0.0000 0.0000 0.0102 0.0023 0.0000 0.0000 0.0000 0.0000 0.0222 0.8399 0.0036 0.0146 0.0991 0.0039 0.0000 0.0043 
518      518   (0)     16 :  0.3411 0.0049 0.0137 0.0000 0.0000 0.0003 0.0040 0.4019 0.0561 0.0000 0.0000 0.0022 0.0000 0.0000 0.0085 0.0083 0.1589 
519      519   (0)     16 :  0.6694 0.0029 0.0000 0.0000 0.0025 0.0000 0.0014 0.0894 0.0359 0.0000 0.0000 0.0000 0.0000 0.0000 0.0000 0.0019 0.1966 
520      520   (0)     16 :  0.6433 0.0001 0.0000 0.0000 0.0000 0.0000 0.0126 0.1091 0.0543 0.0000 0.0000 0.0020 0.0000 0.0000 0.0000 0.0007 0.1778 
521      521   (0)     16 :  0.5390 0.0047 0.0000 0.0000 0.0000 0.0000 0.0037 0.1053 0.0500 0.0000 0.0000 0.0058 0.0000 0.0000 0.0000 0.0000 0.2915 
522      522   (0)     16 :  0.0000 0.0000 0.0000 0.0000 0.0000 0.0000 0.0000 0.0000 0.0000 0.0000 0.0000 0.0000 0.0000 1.0000 0.0000 0.0000 0.0000 
523      523   (0)     16 :  0.5828 0.0041 0.0000 0.0000 0.0000 0.0008 0.0000 0.2226 0.0464 0.0000 0.0000 0.0017 0.0000 0.0000 0.0160 0.0017 0.1238 
524      524   (0)     16 :  0.0000 0.0000 0.0000 0.0232 0.0000 0.0000 0.0000 0.0000 0.0000 0.0139 0.8005 0.0133 0.0145 0.0978 0.0333 0.0000 0.0036 
525      525   (0)     16 :  0.2076 0.0000 0.0000 0.0000 0.0000 0.0021 0.0019 0.4637 0.0366 0.0000 0.0000 0.0012 0.0000 0.0000 0.0000 0.0005 0.2865 
526      526   (0)     16 :  0.8798 0.0013 0.0000 0.0000 0.0000 0.0000 0.0017 0.0500 0.0000 0.0000 0.0000 0.0000 0.0000 0.0000 0.0000 0.0000 0.0673 
527      527   (0)     16 :  0.0000 0.0000 0.0000 0.0047 0.0006 0.0000 0.0000 0.0000 0.0000 0.0000 0.8303 0.0021 0.0012 0.1033 0.0555 0.0000 0.0024 
528      528   (0)     16 :  0.2985 0.0017 0.0000 0.0000 0.0000 0.0033 0.0183 0.3061 0.0183 0.0000 0.0000 0.0038 0.0000 0.0000 0.0000 0.0035 0.3465 
529      529   (0)     16 :  0.4395 0.0023 0.0000 0.0000 0.0000 0.0025 0.0002 0.1560 0.0518 0.0000 0.0000 0.0000 0.0000 0.0000 0.0000 0.0046 0.3430 
530      530   (0)     16 :  0.4361 0.0074 0.0000 0.0000 0.0024 0.0000 0.0186 0.1010 0.0373 0.0000 0.0000 0.0030 0.0000 0.0000 0.0000 0.0056 0.3887 
531      531   (0)     16 :  0.4827 0.0000 0.0000 0.0000 0.0000 0.0000 0.0000 0.1887 0.0222 0.0000 0.0000 0.0000 0.0000 0.0000 0.0000 0.0000 0.3063 
532      532   (0)     16 :  0.0000 0.0000 0.0000 0.0000 0.0000 0.0000 0.0000 0.0000 0.0000 0.0000 0.0000 0.0000 0.0000 1.0000 0.0000 0.0000 0.0000 
533      533   (0)     16 :  0.0000 0.0000 0.0000 0.0000 0.0000 0.0000 0.0000 0.0000 0.0000 0.0000 0.0000 0.0000 0.0000 1.0000 0.0000 0.0000 0.0000 
534      534   (0)     16 :  0.7822 0.0003 0.0000 0.0000 0.0000 0.0028 0.0000 0.1403 0.0644 0.0000 0.0000 0.0048 0.0000 0.0000 0.0000 0.0027 0.0026 
535      535   (0)     16 :  0.5905 0.0000 0.0000 0.0000 0.0000 0.0000 0.0036 0.0346 0.0202 0.0000 0.0000 0.0000 0.0000 0.0000 0.0000 0.0013 0.3498 
536      536   (0)     16 :  0.3687 0.0067 0.0000 0.0000 0.0000 0.0005 0.0027 0.2084 0.0657 0.0000 0.0000 0.0028 0.0000 0.0000 0.0000 0.0009 0.3436 
537      537   (0)     16 :  0.8367 0.0073 0.0000 0.0000 0.0000 0.0000 0.0000 0.0044 0.0506 0.0000 0.0000 0.0000 0.0000 0.0000 0.0000 0.0002 0.1008 
538      538   (0)     16 :  0.6269 0.0001 0.0000 0.0000 0.0000 0.0000 0.0000 0.1714 0.0214 0.0000 0.0000 0.0018 0.0000 0.0000 0.0000 0.0008 0.1776 
539      539   (0)     16 :  0.8503 0.0000 0.0000 0.0000 0.0000 0.0000 0.0031 0.0298 0.0057 0.0000 0.0000 0.0000 0.0000 0.0000 0.0000 0.0089 0.1022 
540      540   (0)     16 :  0.4198 0.0030 0.0000 0.0000 0.0017 0.0000 0.0041 0.2298 0.0356 0.0000 0.0000 0.0042 0.0000 0.0000 0.0175 0.0000 0.2842 
541      541   (0)     16 :  0.0000 0.0000 0.9000 0.0000 0.0000 0.0000 0.0000 0.0000 0.0000 0.0000 0.0000 0.0500 0.0000 0.0000 0.0000 0.0000 0.0500 
542      542   (0)     16 :  0.6805 0.0041 0.0000 0.0000 0.0000 0.0077 0.0009 0.1693 0.0255 0.0000 0.0000 0.0046 0.0000 0.0000 0.0157 0.0000 0.0916 
543      543   (0)     16 :  0.5490 0.0000 0.0000 0.0000 0.0000 0.0000 0.0000 0.1316 0.0351 0.0000 0.0000 0.0000 0.0000 0.0000 0.0000 0.0000 0.2843 
544      544   (0)     16 :  0.4662 0.0000 0.0000 0.0000 0.0000 0.0000 0.0000 0.1840 0.0128 0.0000 0.0000 0.0000 0.0000 0.0000 0.0000 0.0000 0.3370 
