1        1   (0)      1  : 0.1039 0.0333 0.0000 0.0000 0.0023 0.0000 0.4361 0.0000 0.3533 0.0710 0.0000
2        2   (0)      1  : 0.3677 0.0000 0.0000 0.1290 0.0000 0.0000 0.0438 0.0077 0.3834 0.0685 0.0000
3        3   (0)      1  : 0.0000 0.0009 0.0000 0.0553 0.3019 0.0000 0.0340 0.0000 0.0641 0.4449 0.0989
4        4   (0)      1  : 0.2052 0.0000 0.0000 0.0003 0.0000 0.0000 0.2488 0.0000 0.5449 0.0007 0.0000
5        5   (0)      1  : 0.0599 0.0000 0.0000 0.1187 0.0232 0.0000 0.0000 0.0000 0.7659 0.0322 0.0000
6        6   (0)      1  : 0.1969 0.0304 0.0000 0.0095 0.0370 0.0000 0.3432 0.0121 0.0525 0.3184 0.0000
7        7   (0)      1  : 0.0000 0.0000 0.0000 0.0771 0.6503 0.0000 0.0000 0.0000 0.1454 0.0433 0.0840
8        8   (0)      2  : 0.1884 0.0000 0.0000 0.0000 0.0000 0.0000 0.0000 0.0028 0.7650 0.0438 0.0000
9        9   (0)      1  : 0.3972 0.0025 0.0000 0.0000 0.0151 0.0000 0.0000 0.0088 0.5497 0.0267 0.0000
10       10   (0)      3  : 0.0554 0.0000 0.0000 0.4907 0.0000 0.0000 0.4368 0.0000 0.0000 0.0172 0.0000
11       11   (0)      4  : 0.0000 0.0264 0.0222 0.4677 0.0000 0.0074 0.0000 0.0000 0.2646 0.1964 0.0152
12       12   (0)      4  : 0.3973 0.0000 0.0253 0.3210 0.0010 0.0000 0.1083 0.0000 0.0286 0.1120 0.0065
13       13   (0)      4  : 0.0000 0.0000 0.0057 0.3677 0.0264 0.0000 0.3964 0.0000 0.1472 0.0565 0.0000
14       14   (0)      4  : 0.0000 0.0000 0.0000 0.3987 0.0000 0.0000 0.0000 0.0000 0.4013 0.2000 0.0000
15       15   (0)      4  : 0.1834 0.0000 0.0115 0.5341 0.0000 0.0000 0.0000 0.0000 0.1770 0.0902 0.0038
16       16   (0)      4  : 0.0134 0.0000 0.0000 0.0000 0.2060 0.0000 0.2851 0.0000 0.0000 0.4954 0.0000
17       17   (0)      5  : 0.2641 0.0000 0.0025 0.2232 0.0000 0.0000 0.2358 0.0000 0.1740 0.1005 0.0000
18       18   (0)      4  : 0.0000 0.0000 0.0000 0.4138 0.0000 0.0000 0.4283 0.0000 0.0447 0.1132 0.0000
19       19   (0)      5  : 0.1916 0.0000 0.0000 0.4178 0.0000 0.0000 0.0437 0.0000 0.2506 0.0963 0.0000
20       20   (0)      5  : 0.3146 0.0000 0.0000 0.6352 0.0000 0.0000 0.0000 0.0000 0.0035 0.0468 0.0000
21       21   (0)      5  : 0.0000 0.0000 0.0000 0.6522 0.0000 0.0000 0.3450 0.0000 0.0000 0.0028 0.0000
22       22   (0)      5  : 0.2994 0.0000 0.0000 0.6354 0.0000 0.0000 0.0000 0.0000 0.0000 0.0652 0.0000
23       23   (0)      5  : 0.0000 0.0000 0.0000 0.3577 0.0000 0.0000 0.6144 0.0000 0.0000 0.0279 0.0000
24       24   (0)      5  : 0.0000 0.0000 0.0000 0.6360 0.0000 0.0000 0.3587 0.0000 0.0000 0.0053 0.0000
25       25   (0)      5  : 0.2019 0.0000 0.0000 0.4719 0.0159 0.0000 0.1715 0.0007 0.0151 0.1230 0.0000
26       26   (0)      5  : 0.0000 0.0000 0.0000 0.5735 0.0073 0.0000 0.4043 0.0000 0.0000 0.0149 0.0000
27       27   (0)      5  : 0.0527 0.0000 0.0347 0.6574 0.0000 0.0000 0.0000 0.0000 0.1729 0.0823 0.0000
28       28   (0)      5  : 0.0000 0.0000 0.0000 0.4685 0.0000 0.0000 0.4993 0.0000 0.0000 0.0322 0.0000
29       29   (0)      5  : 0.0328 0.0000 0.0000 0.8844 0.0000 0.0000 0.0000 0.0000 0.0000 0.0828 0.0000
30       30   (0)      5  : 0.5490 0.0000 0.0000 0.3095 0.0000 0.0000 0.0000 0.0000 0.0000 0.1416 0.0000
31       31   (0)      5  : 0.1666 0.0000 0.0006 0.3653 0.0000 0.0000 0.2362 0.0041 0.0781 0.1491 0.0000
32       32   (0)      5  : 0.0490 0.0000 0.0000 0.6611 0.0083 0.0000 0.2044 0.0000 0.0000 0.0772 0.0000
33       33   (0)      5  : 0.1856 0.0000 0.0000 0.1344 0.0000 0.0000 0.5493 0.0000 0.0000 0.1306 0.0000
34       34   (0)      5  : 0.1429 0.0000 0.0000 0.3286 0.0000 0.0000 0.4400 0.0000 0.0000 0.0885 0.0000
35       35   (0)      5  : 0.5034 0.0000 0.0000 0.2830 0.0000 0.0000 0.0744 0.0000 0.0005 0.1387 0.0000
36       36   (0)      5  : 0.1483 0.0000 0.0126 0.7366 0.0000 0.0000 0.0000 0.0000 0.0000 0.1024 0.0000
37       37   (0)      5  : 0.2468 0.0000 0.0000 0.5864 0.0000 0.0000 0.0876 0.0000 0.0000 0.0793 0.0000
38       38   (0)      5  : 0.0000 0.0000 0.0000 0.6522 0.0000 0.0000 0.2725 0.0000 0.0000 0.0753 0.0000
39       39   (0)      5  : 0.0969 0.0000 0.0133 0.6469 0.0000 0.0000 0.0852 0.0000 0.0000 0.1577 0.0000
40       40   (0)      5  : 0.3070 0.0000 0.0000 0.5394 0.0043 0.0000 0.0191 0.0000 0.0000 0.1302 0.0000
41       41   (0)      5  : 0.0000 0.0000 0.0000 0.5122 0.0000 0.0000 0.4783 0.0000 0.0000 0.0095 0.0000
42       42   (0)      5  : 0.5280 0.0000 0.0000 0.3608 0.0000 0.0000 0.0000 0.0000 0.0000 0.1112 0.0000
43       43   (0)      5  : 0.0000 0.0000 0.0000 0.0000 0.2352 0.0677 0.0703 0.0000 0.0000 0.6268 0.0000
44       44   (0)      5  : 0.0060 0.0000 0.0000 0.4746 0.0008 0.0000 0.4443 0.0000 0.0041 0.0702 0.0000
45       45   (0)      4  : 0.0000 0.0002 0.0187 0.7476 0.0000 0.0000 0.0000 0.0000 0.1009 0.1327 0.0000
46       46   (0)      4  : 0.2332 0.0000 0.0000 0.3087 0.0365 0.0000 0.1403 0.0062 0.1366 0.1385 0.0000
47       47   (0)      4  : 0.0000 0.0000 0.0000 0.2835 0.0000 0.0000 0.6630 0.0000 0.0000 0.0535 0.0000
48       48   (0)      4  : 0.4396 0.0000 0.0000 0.3408 0.0000 0.0000 0.0000 0.0005 0.0763 0.1428 0.0000
49       49   (0)      5  : 0.1734 0.0000 0.0279 0.3630 0.0106 0.0000 0.2504 0.0063 0.0252 0.1412 0.0022
50       50   (0)      4  : 0.0000 0.0000 0.0000 0.3030 0.0000 0.0000 0.6232 0.0000 0.0526 0.0212 0.0000
51       51   (0)      4  : 0.0395 0.0000 0.0009 0.0016 0.1426 0.0003 0.1989 0.0028 0.0485 0.5648 0.0000
52       52   (0)      4  : 0.2988 0.0250 0.0033 0.4204 0.0226 0.0000 0.0092 0.0262 0.0720 0.1224 0.0000
53       53   (0)      4  : 0.0000 0.0000 0.0000 0.0110 0.2688 0.0057 0.1449 0.0022 0.0381 0.5293 0.0000
54       54   (0)      4  : 0.2337 0.0000 0.0156 0.5651 0.0000 0.0000 0.0000 0.0000 0.0957 0.0900 0.0000
55       55   (0)      4  : 0.0274 0.0000 0.0000 0.0012 0.1821 0.0151 0.0493 0.0047 0.0132 0.7071 0.0000
56       56   (0)      4  : 0.0720 0.0000 0.0072 0.0550 0.1698 0.0000 0.0264 0.0076 0.0495 0.6125 0.0000
57       57   (0)      4  : 0.0613 0.0000 0.0000 0.6790 0.0000 0.0000 0.0000 0.0000 0.1301 0.1296 0.0000
58       58   (0)      5  : 0.2183 0.0000 0.0000 0.4055 0.0422 0.0000 0.0964 0.0000 0.0811 0.1565 0.0000
59       59   (0)      4  : 0.1056 0.0000 0.0000 0.0009 0.1842 0.0000 0.2774 0.0363 0.0046 0.3841 0.0070
60       60   (0)      4  : 0.0000 0.0024 0.0000 0.0685 0.1896 0.0096 0.1332 0.0042 0.0044 0.5621 0.0259
61       61   (0)      4  : 0.2160 0.0000 0.0000 0.2815 0.0000 0.0000 0.1583 0.0018 0.1747 0.1677 0.0000
62       62   (0)      5  : 0.0265 0.0000 0.0000 0.3546 0.0000 0.0000 0.3371 0.0009 0.1660 0.1150 0.0000
63       63   (0)      6  : 0.0008 0.0001 0.0000 0.1437 0.0938 0.0505 0.1307 0.0031 0.1075 0.4697 0.0000
64       64   (0)      6  : 0.0000 0.0220 0.0000 0.0009 0.2932 0.0003 0.1158 0.0143 0.0230 0.5305 0.0000
65       65   (0)      6  : 0.0823 0.0000 0.0687 0.0018 0.0000 0.0000 0.0000 0.0000 0.8439 0.0033 0.0000
66       66   (0)      6  : 0.1808 0.0000 0.0000 0.3086 0.0000 0.0000 0.2857 0.0000 0.1734 0.0516 0.0000
67       67   (0)      6  : 0.0000 0.0020 0.0000 0.4040 0.0000 0.0000 0.0000 0.0069 0.4053 0.1817 0.0000
68       68   (0)      6  : 0.0000 0.0000 0.0138 0.0000 0.0000 0.0000 0.3853 0.0000 0.6009 0.0000 0.0000
69       69   (0)      6  : 0.1330 0.0000 0.0000 0.0254 0.0000 0.0000 0.3849 0.0000 0.3688 0.0879 0.0000
70       70   (0)      6  : 0.0820 0.0086 0.0000 0.0720 0.0114 0.0000 0.3976 0.0162 0.2311 0.1810 0.0000
71       71   (0)      6  : 0.0000 0.0000 0.0257 0.1043 0.0000 0.0000 0.8561 0.0100 0.0000 0.0040 0.0000
72       72   (0)      6  : 0.0981 0.0000 0.0000 0.1577 0.0000 0.0000 0.3844 0.0000 0.3030 0.0568 0.0000
73       73   (0)      7  : 0.3730 0.0000 0.0030 0.4386 0.0000 0.0144 0.0000 0.0014 0.0062 0.1635 0.0000
74       74   (0)      7  : 0.4084 0.0000 0.0602 0.2252 0.0000 0.0000 0.0005 0.0042 0.1235 0.1781 0.0000
75       75   (0)      7  : 0.0793 0.0000 0.0008 0.3165 0.0073 0.0000 0.1569 0.0000 0.3244 0.1148 0.0000
76       76   (0)      7  : 0.3373 0.0000 0.0000 0.3444 0.0107 0.0000 0.0000 0.0160 0.1786 0.1112 0.0019
77       77   (0)      7  : 0.1807 0.0000 0.0000 0.7552 0.0000 0.0000 0.0000 0.0000 0.0521 0.0121 0.0000
78       78   (0)      7  : 0.0616 0.0022 0.0083 0.4464 0.0131 0.0000 0.0811 0.0018 0.2941 0.0874 0.0041
79       79   (0)      7  : 0.3361 0.0000 0.0121 0.4599 0.0000 0.0022 0.0000 0.0196 0.0263 0.1438 0.0000
80       80   (0)      7  : 0.5567 0.0000 0.0297 0.1358 0.0000 0.0000 0.0000 0.0000 0.1587 0.1192 0.0000
81       81   (0)      7  : 0.2426 0.0000 0.0000 0.4750 0.0000 0.0000 0.0266 0.0000 0.1462 0.1097 0.0000
82       82   (0)      7  : 0.1175 0.0000 0.0000 0.7649 0.0000 0.0000 0.0000 0.0000 0.0816 0.0360 0.0000
83       83   (0)      7  : 0.4910 0.0165 0.0005 0.2041 0.0630 0.0000 0.0224 0.0007 0.0347 0.1671 0.0000
84       84   (0)      7  : 0.1234 0.0003 0.0000 0.0000 0.2253 0.0137 0.0122 0.0009 0.0584 0.5659 0.0000
85       85   (0)      7  : 0.3208 0.0000 0.0248 0.4048 0.0000 0.0000 0.0000 0.0133 0.0690 0.1674 0.0000
86       86   (0)      7  : 0.0903 0.0000 0.0000 0.6606 0.0000 0.0000 0.0000 0.0000 0.2002 0.0488 0.0000
87       87   (0)      7  : 0.1373 0.0000 0.0000 0.0000 0.1754 0.0041 0.0787 0.0031 0.0114 0.5869 0.0032
88       88   (0)      7  : 0.0557 0.0000 0.0002 0.2390 0.0000 0.0000 0.5561 0.0000 0.0510 0.0980 0.0000
89       89   (0)      7  : 0.0000 0.0039 0.0000 0.0000 0.1801 0.0075 0.1004 0.0000 0.0469 0.6335 0.0275
90       90   (0)      7  : 0.2285 0.0024 0.0000 0.5841 0.0000 0.0000 0.0000 0.0000 0.0221 0.1629 0.0000
91       91   (0)      7  : 0.2957 0.0000 0.0186 0.2005 0.0000 0.0109 0.2722 0.0000 0.0314 0.1707 0.0000
92       92   (0)      7  : 0.3500 0.0000 0.0517 0.4441 0.0000 0.0000 0.0034 0.0000 0.0299 0.1209 0.0000
93       93   (0)      7  : 0.1184 0.0000 0.0256 0.6097 0.0434 0.0000 0.0000 0.0000 0.1380 0.0648 0.0000
94       94   (0)      7  : 0.2162 0.0000 0.0000 0.3142 0.0000 0.0000 0.1880 0.0000 0.1324 0.1492 0.0000
95       95   (0)      7  : 0.0422 0.0000 0.0000 0.6575 0.0000 0.0000 0.0000 0.0047 0.2040 0.0916 0.0000
96       96   (0)      7  : 0.0186 0.0000 0.0000 0.5475 0.0515 0.0000 0.2038 0.0205 0.0559 0.1006 0.0015
97       97   (0)      7  : 0.0000 0.0000 0.0000 0.8354 0.0000 0.0000 0.0000 0.0000 0.0909 0.0737 0.0000
98       98   (0)      7  : 0.0000 0.0000 0.0000 0.8322 0.0018 0.0000 0.0000 0.0150 0.1122 0.0387 0.0000
99       99   (0)      7  : 0.0000 0.0000 0.0000 0.8596 0.0058 0.0000 0.0000 0.0009 0.0602 0.0734 0.0000
100      100   (0)      7  : 0.0007 0.0000 0.0000 0.0131 0.2046 0.0000 0.0000 0.0000 0.2985 0.4831 0.0000
101      101   (0)      6  : 0.3097 0.0000 0.0000 0.0679 0.0000 0.0000 0.0000 0.0000 0.5257 0.0968 0.0000
102      102   (0)      6  : 0.0029 0.0000 0.0444 0.1524 0.0000 0.0000 0.1461 0.0463 0.5417 0.0661 0.0000
103      103   (0)      6  : 0.0000 0.0000 0.0000 0.0145 0.0000 0.0000 0.6198 0.0033 0.2746 0.0878 0.0000
104      104   (0)      6  : 0.4290 0.0000 0.0000 0.0062 0.0000 0.0000 0.0000 0.0011 0.4676 0.0961 0.0000
105      105   (0)      6  : 0.0000 0.0000 0.0000 0.0000 0.0000 0.0000 0.6687 0.0000 0.3144 0.0169 0.0000
106      106   (0)      6  : 0.0470 0.0000 0.0000 0.1684 0.0000 0.0000 0.1527 0.0000 0.5904 0.0414 0.0000
107      107   (0)      6  : 0.2115 0.0010 0.0178 0.0162 0.0000 0.0000 0.2246 0.0113 0.4055 0.1121 0.0000
108      108   (0)      6  : 0.1565 0.0000 0.0000 0.0378 0.0223 0.0000 0.3430 0.0000 0.4043 0.0361 0.0000
109      109   (0)      6  : 0.0210 0.0000 0.0000 0.0000 0.2057 0.0000 0.0503 0.0000 0.0511 0.6566 0.0152
110      110   (0)      7  : 0.1487 0.0000 0.0000 0.2366 0.0005 0.0000 0.3081 0.0004 0.1461 0.1595 0.0000
111      111   (0)      7  : 0.0000 0.0000 0.0000 0.3568 0.0043 0.0000 0.0000 0.0000 0.3682 0.2243 0.0463
112      112   (0)      6  : 0.0361 0.0000 0.0000 0.0508 0.0000 0.0000 0.0040 0.0000 0.7964 0.1079 0.0048
113      113   (0)      6  : 0.0000 0.0000 0.0622 0.0000 0.0000 0.0000 0.0000 0.0285 0.9093 0.0000 0.0000
114      114   (0)      6  : 0.0000 0.0002 0.0000 0.0000 0.1937 0.0157 0.0000 0.0000 0.2264 0.5291 0.0350
115      115   (0)      6  : 0.1061 0.0000 0.0350 0.2440 0.0000 0.0000 0.0000 0.0110 0.5726 0.0286 0.0026
116      116   (0)      6  : 0.0000 0.0000 0.0000 0.0550 0.2538 0.0000 0.0000 0.0000 0.3087 0.2799 0.1026
117      117   (0)      6  : 0.0930 0.0065 0.0000 0.1901 0.0019 0.0000 0.1161 0.0000 0.4682 0.0943 0.0299
118      118   (0)      6  : 0.0000 0.0000 0.0000 0.0000 0.0000 0.0000 0.2676 0.0000 0.7315 0.0009 0.0000
119      119   (0)      6  : 0.0616 0.0000 0.0005 0.0000 0.0000 0.0000 0.1608 0.0000 0.7405 0.0366 0.0000
120      120   (0)      6  : 0.0588 0.0000 0.0000 0.0906 0.0000 0.0000 0.0000 0.0000 0.8222 0.0285 0.0000
121      121   (0)      6  : 0.0778 0.0000 0.0002 0.0000 0.0000 0.0000 0.0000 0.0029 0.8405 0.0787 0.0000
122      122   (0)      6  : 0.0000 0.0000 0.0000 0.0000 0.2468 0.0072 0.0000 0.0009 0.2948 0.4052 0.0451
123      123   (0)      8  : 0.0000 0.0000 0.0000 0.3019 0.0704 0.0000 0.4191 0.0000 0.1429 0.0657 0.0000
124      124   (0)      8  : 0.2417 0.0000 0.0000 0.2048 0.0043 0.0000 0.3850 0.0000 0.0020 0.1613 0.0008
125      125   (0)      8  : 0.0000 0.0000 0.0000 0.1980 0.0596 0.0000 0.7138 0.0000 0.0000 0.0285 0.0000
126      126   (0)      8  : 0.4740 0.0000 0.0004 0.3382 0.0000 0.0000 0.0099 0.0000 0.0000 0.1763 0.0011
127      127   (0)      8  : 0.4096 0.0000 0.0000 0.4459 0.0000 0.0179 0.0000 0.0000 0.0000 0.1265 0.0000
128      128   (0)      8  : 0.0000 0.0000 0.0000 0.4734 0.0000 0.0000 0.5073 0.0000 0.0000 0.0193 0.0000
129      129   (0)      8  : 0.1536 0.0000 0.0000 0.2692 0.0205 0.0000 0.4605 0.0023 0.0000 0.0939 0.0000
130      130   (0)      8  : 0.0000 0.0000 0.0000 0.1633 0.0456 0.0000 0.6413 0.0009 0.0986 0.0503 0.0000
131      131   (0)      8  : 0.2106 0.0000 0.0000 0.3831 0.0000 0.0000 0.1031 0.0063 0.1805 0.1155 0.0009
132      132   (0)      8  : 0.2110 0.0000 0.0000 0.3294 0.0000 0.0000 0.3768 0.0000 0.0000 0.0828 0.0000
133      133   (0)      8  : 0.3604 0.0000 0.0000 0.1896 0.0166 0.0000 0.3473 0.0000 0.0000 0.0862 0.0000
134      134   (0)      8  : 0.0992 0.0000 0.0000 0.4702 0.0029 0.0009 0.2337 0.0115 0.0072 0.1724 0.0021
135      135   (0)      8  : 0.0663 0.0000 0.0000 0.5553 0.0000 0.0291 0.0000 0.0000 0.1558 0.1902 0.0033
136      136   (0)      8  : 0.0149 0.0000 0.0000 0.0350 0.0000 0.0000 0.9072 0.0000 0.0000 0.0429 0.0000
137      137   (0)      8  : 0.3671 0.0000 0.0006 0.3623 0.0433 0.0000 0.0000 0.0024 0.1260 0.0983 0.0000
138      138   (0)      8  : 0.5537 0.0000 0.0000 0.2961 0.0000 0.0000 0.0266 0.0000 0.0000 0.1236 0.0000
139      139   (0)      8  : 0.5912 0.0000 0.0000 0.2536 0.0040 0.0000 0.0321 0.0000 0.0000 0.1191 0.0000
140      140   (0)      8  : 0.6351 0.0000 0.0000 0.2447 0.0000 0.0000 0.0000 0.0000 0.0000 0.1202 0.0000
141      141   (0)      8  : 0.3546 0.0000 0.0011 0.2284 0.0000 0.0000 0.3266 0.0000 0.0000 0.0893 0.0000
142      142   (0)      8  : 0.0461 0.0000 0.0000 0.5232 0.0000 0.0000 0.4259 0.0022 0.0026 0.0000 0.0000
143      143   (0)      8  : 0.5834 0.0000 0.0002 0.2198 0.0000 0.0000 0.0815 0.0001 0.0041 0.1108 0.0000
144      144   (0)      8  : 0.0647 0.0000 0.0000 0.3482 0.0044 0.0000 0.0000 0.0054 0.3572 0.2201 0.0000
145      145   (0)      8  : 0.4274 0.0000 0.0011 0.2910 0.0000 0.0143 0.0803 0.0066 0.0761 0.1032 0.0000
146      146   (0)      3  : 0.0692 0.0000 0.0000 0.3741 0.0000 0.0000 0.5312 0.0000 0.0000 0.0255 0.0000
147      147   (0)      3  : 0.1052 0.0000 0.0000 0.0132 0.2358 0.0000 0.2456 0.0000 0.0000 0.4002 0.0000
148      148   (0)      3  : 0.0683 0.0000 0.0000 0.0039 0.0000 0.0000 0.8986 0.0000 0.0000 0.0292 0.0000
149      149   (0)      3  : 0.4477 0.0000 0.0000 0.3414 0.0024 0.0000 0.0545 0.0000 0.0000 0.1540 0.0000
150      150   (0)      3  : 0.2829 0.0000 0.0043 0.2563 0.0021 0.0000 0.4420 0.0000 0.0000 0.0124 0.0000
151      151   (0)      3  : 0.0008 0.0000 0.0250 0.2284 0.0032 0.0000 0.5922 0.0000 0.0084 0.1419 0.0000
152      152   (0)      3  : 0.4918 0.0000 0.0000 0.3827 0.0000 0.0000 0.0000 0.0000 0.0000 0.1256 0.0000
153      153   (0)      3  : 0.3224 0.0000 0.0000 0.4078 0.0000 0.0000 0.1518 0.0000 0.0000 0.1180 0.0000
154      154   (0)      3  : 0.1944 0.0000 0.0000 0.4873 0.0000 0.0000 0.2671 0.0000 0.0000 0.0513 0.0000
155      155   (0)      3  : 0.3194 0.0000 0.0000 0.5085 0.0000 0.0000 0.0757 0.0000 0.0000 0.0963 0.0000
156      156   (0)      3  : 0.2499 0.0000 0.0000 0.5822 0.0286 0.0041 0.0000 0.0000 0.0000 0.1352 0.0000
157      157   (0)      3  : 0.3617 0.0000 0.0000 0.4051 0.0953 0.0000 0.0000 0.0000 0.0000 0.1378 0.0000
158      158   (0)      3  : 0.5132 0.0000 0.0000 0.3388 0.0021 0.0000 0.0179 0.0000 0.0000 0.1280 0.0000
159      159   (0)      3  : 0.4838 0.0000 0.0000 0.3836 0.0002 0.0000 0.0118 0.0071 0.0137 0.0998 0.0000
160      160   (0)      3  : 0.2191 0.0000 0.0000 0.0068 0.2846 0.0000 0.0000 0.0007 0.0000 0.4845 0.0043
161      161   (0)      3  : 0.2952 0.0000 0.0201 0.2112 0.0000 0.0000 0.2536 0.0000 0.1698 0.0501 0.0000
162      162   (0)      3  : 0.0873 0.0000 0.0000 0.2204 0.0000 0.0000 0.6352 0.0000 0.0000 0.0571 0.0000
163      163   (0)      3  : 0.6263 0.0000 0.0000 0.3165 0.0000 0.0000 0.0000 0.0000 0.0000 0.0571 0.0000
164      164   (0)      3  : 0.2946 0.0000 0.0021 0.4018 0.0000 0.0000 0.2539 0.0000 0.0000 0.0475 0.0000
165      165   (0)      3  : 0.4850 0.0000 0.0000 0.4283 0.0000 0.0000 0.0000 0.0000 0.0000 0.0867 0.0000
166      166   (0)      3  : 0.0000 0.0000 0.0000 0.2428 0.0128 0.0000 0.7133 0.0000 0.0000 0.0311 0.0000
167      167   (0)      3  : 0.3811 0.0000 0.0000 0.5011 0.0000 0.0000 0.0542 0.0000 0.0000 0.0636 0.0000
168      168   (0)      3  : 0.4603 0.0000 0.0000 0.1442 0.0000 0.0000 0.2777 0.0078 0.0016 0.1082 0.0001
169      169   (0)      3  : 0.4067 0.0000 0.0000 0.4564 0.0102 0.0000 0.0070 0.0000 0.0056 0.1142 0.0000
170      170   (0)      3  : 0.4693 0.0000 0.0000 0.4447 0.0000 0.0000 0.0000 0.0000 0.0034 0.0826 0.0000
171      171   (0)      3  : 0.6536 0.0000 0.0000 0.2180 0.0000 0.0000 0.0000 0.0000 0.0000 0.1283 0.0000
172      172   (0)      3  : 0.4946 0.0000 0.0000 0.4276 0.0000 0.0000 0.0218 0.0000 0.0000 0.0561 0.0000
173      173   (0)      3  : 0.4779 0.0000 0.0000 0.3708 0.0000 0.0000 0.0002 0.0000 0.0452 0.1058 0.0000
174      174   (0)      3  : 0.2593 0.0000 0.0000 0.3612 0.0000 0.0000 0.3546 0.0000 0.0000 0.0249 0.0000
175      175   (0)      8  : 0.0500 0.0000 0.0000 0.4356 0.0000 0.0000 0.4921 0.0000 0.0000 0.0224 0.0000
176      176   (0)      8  : 0.0000 0.0115 0.0000 0.4403 0.0205 0.0002 0.0000 0.0321 0.2955 0.2000 0.0000
177      177   (0)      8  : 0.3710 0.0000 0.0000 0.2123 0.0000 0.0000 0.3027 0.0000 0.0000 0.1141 0.0000
178      178   (0)      8  : 0.4070 0.0000 0.0000 0.2337 0.0000 0.0000 0.0000 0.0000 0.2816 0.0777 0.0000
179      179   (0)      8  : 0.2706 0.0000 0.0000 0.2350 0.0000 0.0000 0.4036 0.0022 0.0023 0.0863 0.0000
180      180   (0)      8  : 0.2233 0.0000 0.0000 0.3261 0.0379 0.0000 0.3491 0.0000 0.0000 0.0636 0.0000
181      181   (0)      8  : 0.2665 0.0000 0.0000 0.3566 0.0000 0.0123 0.2622 0.0000 0.0000 0.1024 0.0000
182      182   (0)      1  : 0.7661 0.0000 0.0000 0.0194 0.0000 0.0000 0.0000 0.0000 0.1194 0.0951 0.0000
183      183   (0)      1  : 0.2687 0.0000 0.0008 0.0000 0.0000 0.0000 0.3736 0.0000 0.3188 0.0381 0.0000
184      184   (0)      1  : 0.5858 0.0000 0.0014 0.0000 0.0000 0.0000 0.0000 0.0000 0.3896 0.0233 0.0000
185      185   (0)      1  : 0.2232 0.0000 0.0000 0.0000 0.0091 0.0000 0.3888 0.0000 0.3082 0.0706 0.0000
186      186   (0)      1  : 0.6629 0.0000 0.0000 0.0000 0.0000 0.0000 0.0210 0.0000 0.3161 0.0000 0.0000
187      187   (0)      1  : 0.2247 0.0287 0.0000 0.1974 0.0435 0.0000 0.1911 0.0010 0.2682 0.0454 0.0000
188      188   (0)      1  : 0.7293 0.0000 0.0000 0.0000 0.0000 0.0000 0.0096 0.0000 0.2087 0.0524 0.0000
189      189   (0)      1  : 0.7461 0.0000 0.0000 0.0000 0.0000 0.0000 0.0971 0.0000 0.0966 0.0602 0.0000
190      190   (0)      2  : 0.0075 0.0000 0.0000 0.0000 0.0000 0.0000 0.7888 0.0000 0.2037 0.0000 0.0000
191      191   (0)      2  : 0.5519 0.0000 0.0000 0.2801 0.0000 0.0000 0.0000 0.0000 0.0340 0.1339 0.0000
192      192   (0)      2  : 0.5610 0.0000 0.0000 0.1524 0.0000 0.0000 0.0858 0.0006 0.0759 0.1243 0.0000
193      193   (0)      2  : 0.0000 0.0000 0.0000 0.3131 0.0000 0.0362 0.6288 0.0000 0.0000 0.0219 0.0000
194      194   (0)      2  : 0.6233 0.0000 0.0001 0.0654 0.0000 0.0000 0.1215 0.0000 0.0225 0.1672 0.0000
195      195   (0)      2  : 0.0000 0.0000 0.0000 0.1352 0.0000 0.0000 0.8444 0.0000 0.0000 0.0204 0.0000
196      196   (0)      2  : 0.2572 0.0000 0.0004 0.0000 0.0000 0.0000 0.2260 0.0000 0.4587 0.0578 0.0000
197      197   (0)      2  : 0.0714 0.0000 0.0000 0.2342 0.0000 0.0000 0.3834 0.0000 0.3075 0.0035 0.0000
198      198   (0)      1  : 0.2732 0.0000 0.0092 0.0546 0.0000 0.0000 0.5445 0.0000 0.1184 0.0000 0.0000
199      199   (0)      1  : 0.4520 0.0000 0.0000 0.0117 0.0000 0.0000 0.0000 0.0000 0.4683 0.0679 0.0000
200      200   (0)      1  : 0.0014 0.0000 0.0023 0.0941 0.0000 0.0000 0.4887 0.0000 0.3966 0.0168 0.0000
201      201   (0)      1  : 0.0632 0.0000 0.0087 0.0000 0.0279 0.0000 0.1714 0.0020 0.7267 0.0000 0.0000
202      202   (0)      1  : 0.0000 0.0000 0.0000 0.0000 0.0000 0.0000 0.3904 0.0000 0.6018 0.0078 0.0000
203      203   (0)      1  : 0.0369 0.0000 0.0000 0.0000 0.0000 0.0000 0.0000 0.0000 0.9631 0.0000 0.0000
204      204   (0)      2  : 0.0000 0.0000 0.0000 0.1005 0.1008 0.0003 0.3002 0.0000 0.1075 0.3908 0.0000
205      205   (0)      2  : 0.0720 0.0000 0.0031 0.0007 0.0000 0.0000 0.5118 0.0000 0.3786 0.0337 0.0000
206      206   (0)      2  : 0.0000 0.0000 0.0000 0.0623 0.2467 0.0000 0.1136 0.0000 0.0056 0.5718 0.0000
207      207   (0)      2  : 0.6474 0.0000 0.0014 0.1171 0.0000 0.0000 0.0000 0.0062 0.1250 0.1028 0.0000
208      208   (0)      2  : 0.0000 0.0000 0.0000 0.0000 0.0000 0.0000 0.9945 0.0000 0.0000 0.0055 0.0000
209      209   (0)      2  : 0.7768 0.0000 0.0000 0.0571 0.0000 0.0000 0.0000 0.0000 0.0000 0.1661 0.0000
210      210   (0)      2  : 0.0000 0.0000 0.0026 0.1155 0.0000 0.0000 0.7942 0.0000 0.0876 0.0000 0.0000
211      211   (0)      1  : 0.0000 0.0000 0.0156 0.0000 0.0000 0.0000 0.7744 0.0000 0.2100 0.0000 0.0000
212      212   (0)      1  : 0.2270 0.0000 0.0001 0.1616 0.0023 0.0000 0.0000 0.0000 0.5590 0.0500 0.0000
213      213   (0)      1  : 0.2734 0.0000 0.0000 0.1044 0.0000 0.0229 0.2509 0.0000 0.3216 0.0268 0.0000
214      214   (0)      1  : 0.4691 0.0000 0.0000 0.0026 0.0028 0.0000 0.0000 0.0018 0.4682 0.0525 0.0030
215      215   (0)      1  : 0.0059 0.0000 0.0000 0.0000 0.0000 0.0000 0.8315 0.0003 0.1623 0.0000 0.0000
216      216   (0)      1  : 0.4439 0.0000 0.0000 0.0000 0.0000 0.0000 0.0000 0.0000 0.5414 0.0147 0.0000
217      217   (0)      1  : 0.3901 0.0000 0.0298 0.0000 0.0000 0.0000 0.0277 0.0000 0.5524 0.0000 0.0000
218      218   (0)      1  : 0.0055 0.0000 0.0011 0.0415 0.0000 0.0000 0.4521 0.0022 0.4950 0.0025 0.0000
219      219   (0)      2  : 0.3526 0.0000 0.0000 0.0000 0.0000 0.0000 0.4242 0.0000 0.1461 0.0771 0.0000
220      220   (0)      2  : 0.0000 0.0000 0.0000 0.1900 0.0000 0.0000 0.6117 0.0000 0.1721 0.0262 0.0000
221      221   (0)      2  : 0.5986 0.0000 0.0000 0.0367 0.0000 0.0000 0.0000 0.0112 0.2838 0.0679 0.0018
222      222   (0)      2  : 0.4413 0.0000 0.0000 0.2031 0.0000 0.0000 0.1325 0.0000 0.1731 0.0433 0.0068
223      223   (0)      2  : 0.4413 0.0000 0.0000 0.0015 0.0000 0.0000 0.0000 0.0015 0.4672 0.0885 0.0000
224      224   (0)      2  : 0.0700 0.0000 0.0000 0.0033 0.0000 0.0000 0.8588 0.0000 0.0000 0.0679 0.0000
225      225   (0)      2  : 0.1118 0.0000 0.0015 0.0726 0.0000 0.0000 0.6179 0.0000 0.1962 0.0000 0.0000
226      226   (0)      2  : 0.7279 0.0138 0.0014 0.0422 0.0000 0.0000 0.0000 0.0000 0.1666 0.0481 0.0000
227      227   (0)      2  : 0.7379 0.0000 0.0000 0.0000 0.0000 0.0000 0.1429 0.0000 0.0695 0.0497 0.0000
228      228   (0)      2  : 0.7659 0.0063 0.0000 0.0138 0.0000 0.0000 0.1219 0.0000 0.0188 0.0732 0.0000
229      229   (0)      2  : 0.8435 0.0000 0.0000 0.0000 0.0000 0.0000 0.0358 0.0000 0.0000 0.1207 0.0000
230      230   (0)      2  : 0.0699 0.0000 0.0000 0.0000 0.1500 0.0006 0.2556 0.0050 0.0000 0.4962 0.0227
231      231   (0)      2  : 0.4364 0.0000 0.0000 0.2856 0.0023 0.0000 0.1414 0.0000 0.0432 0.0911 0.0000
232      232   (0)      2  : 0.3846 0.0000 0.0000 0.0618 0.0000 0.0000 0.3756 0.0000 0.0753 0.1028 0.0000
233      233   (0)      9  : 0.0197 0.0000 0.9713 0.0000 0.0000 0.0000 0.0000 0.0000 0.0000 0.0090 0.0000
234      234   (0)      9  : 0.0000 0.0000 0.0000 0.0000 0.0540 0.8310 0.0000 0.0505 0.0000 0.0000 0.0645
235      235   (0)      9  : 0.0000 0.0000 1.0000 0.0000 0.0000 0.0000 0.0000 0.0000 0.0000 0.0000 0.0000
236      236   (0)      9  : 0.0000 0.0000 0.0000 0.0743 0.0588 0.6912 0.0000 0.0555 0.0000 0.0000 0.1202
237      237   (0)      9  : 0.0099 0.0000 0.9852 0.0000 0.0000 0.0000 0.0000 0.0000 0.0000 0.0049 0.0000
238      238   (0)      9  : 0.0000 0.0000 0.9957 0.0000 0.0000 0.0000 0.0000 0.0043 0.0000 0.0000 0.0000
239      239   (0)      9  : 0.0000 0.0976 0.0000 0.0000 0.0053 0.8480 0.0104 0.0000 0.0000 0.0000 0.0387
240      240   (0)      9  : 0.0000 0.0000 0.0000 0.0000 0.0039 0.9047 0.0000 0.0000 0.0000 0.0000 0.0914
241      241   (0)     10  : 0.0000 0.0027 0.0000 0.0000 0.0000 0.9973 0.0000 0.0000 0.0000 0.0000 0.0000
242      242   (0)     10  : 0.0000 0.0000 0.0000 0.0000 0.0000 0.9811 0.0000 0.0189 0.0000 0.0000 0.0000
243      243   (0)     10  : 0.0063 0.0000 0.0000 0.0380 0.0000 0.9497 0.0000 0.0000 0.0000 0.0060 0.0000
244      244   (0)     11  : 0.0000 0.0000 0.8518 0.0000 0.0131 0.0000 0.0000 0.0539 0.0000 0.0000 0.0812
245      245   (0)     11  : 0.0000 0.0053 0.8743 0.0000 0.0000 0.0000 0.0000 0.0404 0.0000 0.0000 0.0800
246      246   (0)     11  : 0.0033 0.0000 0.9345 0.0000 0.0000 0.0000 0.0000 0.0059 0.0564 0.0000 0.0000
247      247   (0)     11  : 0.0028 0.0000 0.9646 0.0000 0.0000 0.0000 0.0000 0.0309 0.0000 0.0007 0.0010
248      248   (0)     11  : 0.0000 0.0000 0.9112 0.0000 0.0000 0.0000 0.0000 0.0489 0.0383 0.0000 0.0016
249      249   (0)     11  : 0.0000 0.0170 0.0143 0.0000 0.0000 0.5487 0.0000 0.0327 0.0143 0.0000 0.3730
250      250   (0)     11  : 0.0000 0.1786 0.0131 0.0063 0.0194 0.4184 0.0000 0.0390 0.0000 0.0080 0.3171
251      251   (0)     10  : 0.0000 0.0000 0.0924 0.0000 0.0000 0.8238 0.0000 0.0047 0.0534 0.0258 0.0000
252      252   (0)     10  : 0.0000 0.0000 0.0000 0.0000 0.0284 0.9673 0.0000 0.0029 0.0000 0.0013 0.0000
253      253   (0)     10  : 0.0000 0.0000 0.0000 0.0000 0.0000 1.0000 0.0000 0.0000 0.0000 0.0000 0.0000
254      254   (0)     10  : 0.0000 0.0000 0.0000 0.0000 0.0000 0.9292 0.0000 0.0300 0.0379 0.0000 0.0029
255      255   (0)     10  : 0.0000 0.0000 0.0000 0.0000 0.0000 0.7655 0.1394 0.0000 0.0000 0.0000 0.0951
256      256   (0)     10  : 0.0000 0.0000 0.0180 0.0002 0.0424 0.7776 0.0000 0.0109 0.0306 0.0152 0.1051
257      257   (0)     10  : 0.0000 0.0000 0.0066 0.0000 0.0170 0.8614 0.0000 0.0000 0.0000 0.0183 0.0967
258      258   (0)     10  : 0.0000 0.0000 0.0000 0.0000 0.0000 0.9523 0.0000 0.0000 0.0000 0.0000 0.0477
259      259   (0)     10  : 0.0000 0.0000 0.0374 0.0000 0.0460 0.9166 0.0000 0.0000 0.0000 0.0000 0.0000
260      260   (0)     10  : 0.0000 0.0012 0.0000 0.0215 0.0000 0.8196 0.0000 0.0972 0.0000 0.0000 0.0605
261      261   (0)     10  : 0.0039 0.0000 0.3551 0.0000 0.0000 0.5819 0.0000 0.0260 0.0000 0.0027 0.0304
262      262   (0)     10  : 0.0000 0.0795 0.0251 0.1008 0.0178 0.6835 0.0000 0.0522 0.0000 0.0028 0.0383
263      263   (0)     10  : 0.0000 0.0000 0.0000 0.0000 0.0298 0.9631 0.0000 0.0071 0.0000 0.0000 0.0000
264      264   (0)     10  : 0.0000 0.0013 0.0000 0.0000 0.0000 0.9987 0.0000 0.0000 0.0000 0.0000 0.0000
265      265   (0)     10  : 0.0000 0.0000 0.0000 0.0000 0.0000 0.8897 0.0000 0.0000 0.0000 0.0000 0.1103
266      266   (0)     10  : 0.0000 0.0000 0.0000 0.0000 0.0109 0.9237 0.0000 0.0540 0.0000 0.0000 0.0114
267      267   (0)     10  : 0.0000 0.0000 0.8483 0.0000 0.0000 0.0474 0.0688 0.0355 0.0000 0.0000 0.0000
268      268   (0)     10  : 0.0000 0.0087 0.0000 0.0437 0.0000 0.8759 0.0000 0.0662 0.0000 0.0055 0.0000
269      269   (0)     10  : 0.0000 0.0057 0.0076 0.0274 0.0000 0.9519 0.0000 0.0074 0.0000 0.0000 0.0000
270      270   (0)     10  : 0.0000 0.0000 0.0000 0.0000 0.0000 0.9469 0.0000 0.0044 0.0487 0.0000 0.0000
271      271   (0)     10  : 0.0000 0.0000 0.0017 0.0000 0.0000 0.9795 0.0000 0.0099 0.0000 0.0088 0.0002
272      272   (0)     10  : 0.0000 0.0000 0.0000 0.0000 0.0000 1.0000 0.0000 0.0000 0.0000 0.0000 0.0000
273      273   (0)     12  : 0.0000 0.8859 0.0000 0.0000 0.0000 0.0000 0.0000 0.0000 0.0000 0.0000 0.1141
274      274   (0)     12  : 0.0000 1.0000 0.0000 0.0000 0.0000 0.0000 0.0000 0.0000 0.0000 0.0000 0.0000
275      275   (0)     12  : 0.0000 1.0000 0.0000 0.0000 0.0000 0.0000 0.0000 0.0000 0.0000 0.0000 0.0000
276      276   (0)     12  : 0.0000 0.8491 0.0000 0.0000 0.0000 0.0000 0.0000 0.0897 0.0000 0.0000 0.0612
277      277   (0)     12  : 0.0000 0.9781 0.0193 0.0000 0.0000 0.0026 0.0000 0.0000 0.0000 0.0000 0.0000
278      278   (0)     12  : 0.0000 0.3520 0.5276 0.0000 0.0000 0.0000 0.0000 0.1204 0.0000 0.0000 0.0000
279      279   (0)     12  : 0.0000 0.1904 0.6935 0.0000 0.0000 0.0000 0.0000 0.1161 0.0000 0.0000 0.0000
280      280   (0)     12  : 0.0000 1.0000 0.0000 0.0000 0.0000 0.0000 0.0000 0.0000 0.0000 0.0000 0.0000
281      281   (0)     12  : 0.0000 0.8712 0.0000 0.0000 0.0000 0.0000 0.0000 0.0000 0.0000 0.0000 0.1288
282      282   (0)     12  : 0.0000 0.8080 0.0410 0.0000 0.0000 0.0850 0.0000 0.0648 0.0000 0.0013 0.0000
283      283   (0)     12  : 0.0000 0.9950 0.0000 0.0000 0.0000 0.0000 0.0000 0.0050 0.0000 0.0000 0.0000
284      284   (0)     12  : 0.0000 0.1631 0.6941 0.0000 0.0000 0.0000 0.0000 0.1428 0.0000 0.0000 0.0000
285      285   (0)     12  : 0.0000 0.1940 0.7300 0.0000 0.0000 0.0000 0.0000 0.0760 0.0000 0.0000 0.0000
286      286   (0)     12  : 0.0000 0.3372 0.6024 0.0000 0.0001 0.0000 0.0000 0.0582 0.0000 0.0021 0.0000
287      287   (0)     12  : 0.0000 1.0000 0.0000 0.0000 0.0000 0.0000 0.0000 0.0000 0.0000 0.0000 0.0000
288      288   (0)     12  : 0.0000 1.0000 0.0000 0.0000 0.0000 0.0000 0.0000 0.0000 0.0000 0.0000 0.0000
289      289   (0)     12  : 0.0000 1.0000 0.0000 0.0000 0.0000 0.0000 0.0000 0.0000 0.0000 0.0000 0.0000
290      290   (0)     12  : 0.0000 1.0000 0.0000 0.0000 0.0000 0.0000 0.0000 0.0000 0.0000 0.0000 0.0000
291      291   (0)     12  : 0.0000 1.0000 0.0000 0.0000 0.0000 0.0000 0.0000 0.0000 0.0000 0.0000 0.0000
292      292   (0)     12  : 0.0000 1.0000 0.0000 0.0000 0.0000 0.0000 0.0000 0.0000 0.0000 0.0000 0.0000
293      293   (0)     12  : 0.0000 1.0000 0.0000 0.0000 0.0000 0.0000 0.0000 0.0000 0.0000 0.0000 0.0000
294      294   (0)     12  : 0.0000 0.9865 0.0000 0.0000 0.0000 0.0000 0.0000 0.0135 0.0000 0.0000 0.0000
295      295   (0)     12  : 0.0000 0.0981 0.7790 0.0000 0.0000 0.0000 0.0000 0.1227 0.0002 0.0000 0.0000
296      296   (0)     12  : 0.0000 0.9892 0.0000 0.0000 0.0000 0.0000 0.0000 0.0000 0.0000 0.0000 0.0108
297      297   (0)     12  : 0.0000 0.8690 0.0000 0.0000 0.0000 0.0000 0.0000 0.0403 0.0000 0.0000 0.0907
298      298   (0)     12  : 0.0000 0.1729 0.6405 0.0000 0.0000 0.0000 0.0000 0.1866 0.0000 0.0000 0.0000
299      299   (0)     12  : 0.0000 1.0000 0.0000 0.0000 0.0000 0.0000 0.0000 0.0000 0.0000 0.0000 0.0000
300      300   (0)     12  : 0.0000 0.1369 0.6905 0.0000 0.0000 0.0000 0.0000 0.1411 0.0315 0.0000 0.0000
301      301   (0)     13  : 0.0000 0.0210 0.0657 0.0000 0.0000 0.0002 0.0000 0.0000 0.0000 0.0000 0.9130
302      302   (0)     13  : 0.0000 0.0230 0.0000 0.0000 0.0005 0.0000 0.0000 0.0000 0.0000 0.0000 0.9766
303      303   (0)     13  : 0.0000 0.0000 0.0000 0.0000 0.0026 0.0069 0.0000 0.0000 0.0000 0.0000 0.9906
304      304   (0)     13  : 0.0000 0.0971 0.0407 0.0000 0.0000 0.1656 0.0000 0.1560 0.0000 0.0000 0.5406
305      305   (0)     13  : 0.0000 0.0000 0.0000 0.0000 0.0000 0.0000 0.0000 0.0000 0.0000 0.0000 1.0000
306      306   (0)     13  : 0.0000 0.0373 0.0000 0.0000 0.0000 0.0000 0.0000 0.0000 0.0120 0.0000 0.9507
307      307   (0)     13  : 0.0000 0.0000 0.0000 0.0000 0.0346 0.0724 0.0000 0.0000 0.0000 0.0000 0.8930
308      308   (0)     13  : 0.0000 0.0000 0.6931 0.0000 0.0000 0.0000 0.0000 0.0121 0.0341 0.0000 0.2607
309      309   (0)     13  : 0.0000 0.0317 0.3787 0.0000 0.0000 0.0000 0.0000 0.0000 0.0000 0.0000 0.5896
310      310   (0)     13  : 0.0000 0.1657 0.0000 0.0000 0.0000 0.0000 0.0000 0.0000 0.0000 0.0000 0.8343
311      311   (0)     13  : 0.0000 0.0000 0.0000 0.0000 0.0000 0.0000 0.0000 0.0000 0.0000 0.0000 1.0000
312      312   (0)     13  : 0.0000 0.0000 0.0000 0.0009 0.0305 0.0000 0.0000 0.0000 0.0000 0.0049 0.9637
313      313   (0)     13  : 0.0000 0.0000 0.0000 0.0000 0.0000 0.0000 0.0000 0.0000 0.0000 0.0000 1.0000
314      314   (0)     13  : 0.0000 0.0000 0.0000 0.0000 0.0000 0.0000 0.0000 0.0000 0.0000 0.0000 1.0000
315      315   (0)     13  : 0.0000 0.0192 0.0000 0.0000 0.0000 0.0000 0.0000 0.0000 0.0000 0.0000 0.9808
316      316   (0)     13  : 0.0000 0.0000 0.0049 0.0000 0.0000 0.1086 0.0000 0.0000 0.0000 0.0000 0.8864
317      317   (0)     13  : 0.0000 0.0080 0.0000 0.0000 0.0000 0.0000 0.0000 0.0000 0.0000 0.0000 0.9920
318      318   (0)     13  : 0.0000 0.0000 0.0000 0.0000 0.0135 0.0000 0.0000 0.0000 0.0000 0.0000 0.9865
319      319   (0)     13  : 0.0000 0.0000 0.0000 0.0000 0.0000 0.0000 0.0000 0.0000 0.0000 0.0000 1.0000
320      320   (0)     13  : 0.0000 0.0620 0.6769 0.0000 0.0000 0.0000 0.0000 0.0190 0.0000 0.0000 0.2421
321      321   (0)     13  : 0.0000 0.0136 0.0000 0.0000 0.0000 0.0037 0.0000 0.0000 0.0000 0.0000 0.9827
322      322   (0)     13  : 0.0000 0.0363 0.0000 0.0000 0.0000 0.0182 0.0000 0.0159 0.0000 0.0000 0.9297
323      323   (0)     13  : 0.0000 0.0092 0.0000 0.0000 0.0000 0.0000 0.0000 0.0689 0.0000 0.0000 0.9219
324      324   (0)     13  : 0.0000 0.0067 0.0000 0.0000 0.0000 0.0000 0.0000 0.1761 0.0000 0.0000 0.8173
325      325   (0)     14  : 0.0000 0.0000 0.0000 0.0000 0.0000 0.3159 0.0000 0.0000 0.0000 0.0000 0.6841
326      326   (0)     14  : 0.0000 0.0000 0.0000 0.0000 0.0000 0.9246 0.0000 0.0000 0.0000 0.0000 0.0754
327      327   (0)     14  : 0.0000 0.0000 1.0000 0.0000 0.0000 0.0000 0.0000 0.0000 0.0000 0.0000 0.0000
328      328   (0)     14  : 0.0000 0.2217 0.0000 0.0000 0.0000 0.5384 0.0000 0.0000 0.0000 0.0000 0.2399
329      329   (0)     14  : 0.0000 0.0000 0.9734 0.0000 0.0000 0.0000 0.0000 0.0266 0.0000 0.0000 0.0000
330      330   (0)     14  : 0.0261 0.0000 0.9263 0.0000 0.0000 0.0350 0.0000 0.0000 0.0000 0.0078 0.0047
331      331   (0)     14  : 0.0038 0.0000 0.9524 0.0000 0.0000 0.0000 0.0000 0.0146 0.0000 0.0049 0.0242
332      332   (0)     14  : 0.0000 0.1156 0.1310 0.0000 0.0000 0.4221 0.0000 0.0489 0.0000 0.0000 0.2824
333      333   (0)     14  : 0.0000 0.0000 0.9802 0.0000 0.0000 0.0000 0.0000 0.0198 0.0000 0.0000 0.0000
334      334   (0)     14  : 0.0000 0.0162 0.0000 0.0000 0.0000 0.7274 0.0000 0.0068 0.0005 0.0000 0.2491
335      335   (0)     14  : 0.0000 0.0090 0.0958 0.0000 0.0000 0.5155 0.0000 0.0292 0.0000 0.0052 0.3454
336      336   (0)     11  : 0.0000 0.0000 0.9551 0.0000 0.0000 0.0000 0.0000 0.0000 0.0000 0.0000 0.0449
337      337   (0)     11  : 0.0000 0.0772 0.0000 0.0000 0.0305 0.4518 0.0000 0.0000 0.0000 0.0021 0.4385
338      338   (0)     11  : 0.0000 0.0174 0.8478 0.0000 0.0000 0.0000 0.0000 0.0140 0.0887 0.0000 0.0322
339      339   (0)     10  : 0.0000 0.0000 0.0000 0.0000 0.0077 0.9923 0.0000 0.0000 0.0000 0.0000 0.0000
340      340   (0)     10  : 0.0000 0.0000 0.7351 0.2236 0.0367 0.0000 0.0046 0.0000 0.0000 0.0000 0.0000
341      341   (0)     11  : 0.0250 0.0765 0.8806 0.0000 0.0010 0.0017 0.0000 0.0000 0.0000 0.0000 0.0152
342      342   (0)     11  : 0.0000 0.0000 1.0000 0.0000 0.0000 0.0000 0.0000 0.0000 0.0000 0.0000 0.0000
343      343   (0)     11  : 0.0000 0.0000 1.0000 0.0000 0.0000 0.0000 0.0000 0.0000 0.0000 0.0000 0.0000
344      344   (0)     11  : 0.0375 0.0000 0.8394 0.0043 0.0000 0.0885 0.0000 0.0282 0.0000 0.0000 0.0021
345      345   (0)     11  : 0.0000 0.0000 0.9214 0.0000 0.0000 0.0000 0.0000 0.0041 0.0000 0.0011 0.0735
346      346   (0)     11  : 0.0000 0.0000 0.9837 0.0000 0.0000 0.0000 0.0000 0.0163 0.0000 0.0000 0.0000
347      347   (0)     11  : 0.0000 0.0235 0.0000 0.0000 0.0000 0.4644 0.0000 0.0021 0.0000 0.0000 0.5101
348      348   (0)     11  : 0.0000 0.0000 0.9918 0.0000 0.0000 0.0000 0.0000 0.0082 0.0000 0.0000 0.0000
349      349   (0)     11  : 0.0000 0.0000 0.9497 0.0000 0.0000 0.0311 0.0000 0.0193 0.0000 0.0000 0.0000
350      350   (0)     11  : 0.0000 0.0000 0.7761 0.0000 0.0000 0.0848 0.0000 0.1262 0.0000 0.0000 0.0129
351      351   (0)     11  : 0.0000 0.0175 0.9825 0.0000 0.0000 0.0000 0.0000 0.0000 0.0000 0.0000 0.0001
352      352   (0)     11  : 0.0000 0.1411 0.0173 0.0000 0.0000 0.6900 0.0000 0.0390 0.0000 0.0000 0.1127
353      353   (0)     11  : 0.0000 0.0000 0.9826 0.0000 0.0000 0.0000 0.0000 0.0174 0.0000 0.0000 0.0000
354      354   (0)     11  : 0.0000 0.0101 0.0000 0.0000 0.0000 0.7167 0.0000 0.0000 0.0000 0.0000 0.2732
355      355   (0)     11  : 0.0000 0.0000 1.0000 0.0000 0.0000 0.0000 0.0000 0.0000 0.0000 0.0000 0.0000
356      356   (0)     14  : 0.0000 0.0000 0.8909 0.0037 0.0000 0.0000 0.0059 0.0886 0.0000 0.0000 0.0110
357      357   (0)     14  : 0.0000 0.0799 0.0000 0.0000 0.0000 0.5849 0.0000 0.0000 0.0000 0.0000 0.3353
358      358   (0)     14  : 0.0000 0.0000 0.9720 0.0000 0.0000 0.0000 0.0000 0.0280 0.0000 0.0000 0.0000
359      359   (0)     14  : 0.0000 0.0150 0.0070 0.0000 0.0000 0.6366 0.0000 0.0686 0.0000 0.0000 0.2727
360      360   (0)     14  : 0.0000 0.0000 1.0000 0.0000 0.0000 0.0000 0.0000 0.0000 0.0000 0.0000 0.0000
361      361   (0)     14  : 0.0000 0.0000 0.9447 0.0000 0.0000 0.0130 0.0000 0.0000 0.0000 0.0000 0.0422
362      362   (0)     14  : 0.0000 0.0000 0.9865 0.0000 0.0000 0.0000 0.0000 0.0000 0.0000 0.0000 0.0135
363      363   (0)     14  : 0.0211 0.0000 0.9737 0.0000 0.0000 0.0000 0.0000 0.0052 0.0000 0.0000 0.0000
364      364   (0)     14  : 0.0000 0.0000 1.0000 0.0000 0.0000 0.0000 0.0000 0.0000 0.0000 0.0000 0.0000
365      365   (0)     14  : 0.0000 0.0000 0.8472 0.0000 0.0000 0.0000 0.0000 0.0002 0.0000 0.0000 0.1526
366      366   (0)     14  : 0.0000 0.0008 0.0372 0.0000 0.0000 0.6360 0.0000 0.0843 0.0000 0.0000 0.2416
367      367   (0)      9  : 0.0000 0.0004 0.0000 0.0000 0.0000 0.8904 0.0000 0.0341 0.0000 0.0000 0.0751
368      368   (0)      9  : 0.0000 0.0000 0.8486 0.0439 0.0000 0.1075 0.0000 0.0000 0.0000 0.0000 0.0000
369      369   (0)      9  : 0.0000 0.0000 0.0053 0.0000 0.0000 0.9003 0.0000 0.0000 0.0000 0.0000 0.0943
370      370   (0)      9  : 0.0000 0.0000 0.0390 0.0000 0.0000 0.9161 0.0000 0.0448 0.0000 0.0000 0.0000
371      371   (0)      9  : 0.0000 0.0000 0.0000 0.0000 0.0000 0.9648 0.0000 0.0000 0.0000 0.0000 0.0352
372      372   (0)      9  : 0.0000 0.0000 0.9909 0.0000 0.0000 0.0000 0.0000 0.0091 0.0000 0.0000 0.0000
373      373   (0)     14  : 0.0000 0.0000 1.0000 0.0000 0.0000 0.0000 0.0000 0.0000 0.0000 0.0000 0.0000
374      374   (0)     14  : 0.0000 0.0000 0.0088 0.0000 0.0000 0.7923 0.0000 0.0000 0.0000 0.0000 0.1989
375      375   (0)     14  : 0.0000 0.0079 0.9488 0.0000 0.0000 0.0343 0.0000 0.0091 0.0000 0.0000 0.0000
376      376   (0)     14  : 0.0009 0.0000 0.9991 0.0000 0.0000 0.0000 0.0000 0.0000 0.0000 0.0000 0.0000
377      377   (0)     14  : 0.0000 0.0000 0.0000 0.0000 0.0124 0.6024 0.0000 0.0000 0.0000 0.0000 0.3852
378      378   (0)      9  : 0.0000 0.0074 0.0000 0.0000 0.0000 0.9809 0.0000 0.0117 0.0000 0.0000 0.0000
379      379   (0)      9  : 0.0489 0.0000 0.9268 0.0000 0.0000 0.0000 0.0000 0.0130 0.0000 0.0113 0.0000
380      380   (0)      9  : 0.0881 0.0000 0.9119 0.0000 0.0000 0.0000 0.0000 0.0000 0.0000 0.0000 0.0000
381      381   (0)      9  : 0.0000 0.0000 0.8772 0.0000 0.0000 0.0000 0.1228 0.0000 0.0000 0.0000 0.0000
382      382   (0)      9  : 0.0000 0.0000 0.0039 0.0000 0.0000 0.9623 0.0000 0.0000 0.0000 0.0000 0.0337
383      383   (0)      9  : 0.0000 0.0000 0.0000 0.0000 0.0000 1.0000 0.0000 0.0000 0.0000 0.0000 0.0000
384      384   (0)      9  : 0.0000 0.0000 0.0000 0.0000 0.0000 1.0000 0.0000 0.0000 0.0000 0.0000 0.0000
385      385   (0)      9  : 0.0000 0.0000 0.8413 0.0000 0.0000 0.0000 0.1587 0.0000 0.0000 0.0000 0.0000
386      386   (0)      9  : 0.0000 0.0108 0.0000 0.0000 0.0000 0.9539 0.0000 0.0000 0.0000 0.0000 0.0352
387      387   (0)      9  : 0.0000 0.0000 0.0001 0.0000 0.0364 0.9565 0.0000 0.0070 0.0000 0.0000 0.0000
388      388   (0)      9  : 0.0000 0.0000 0.9998 0.0000 0.0000 0.0000 0.0002 0.0000 0.0000 0.0000 0.0000
389      389   (0)      9  : 0.0013 0.0000 0.9802 0.0000 0.0000 0.0000 0.0000 0.0000 0.0090 0.0095 0.0000
390      390   (0)      9  : 0.0000 0.0000 0.0000 0.0181 0.1562 0.7869 0.0000 0.0000 0.0000 0.0198 0.0189
391      391   (0)      9  : 0.0000 0.0000 0.8027 0.0000 0.0000 0.0000 0.1973 0.0000 0.0000 0.0000 0.0000
392      392   (0)     15  : 0.0000 0.0000 0.0000 0.0000 0.0000 0.2545 0.0000 0.4831 0.0000 0.0000 0.2624
393      393   (0)     15  : 0.0000 0.0000 0.0000 0.0000 0.0000 0.0000 0.0000 0.6554 0.0000 0.0000 0.3446
394      394   (0)     15  : 0.0000 0.0000 0.0000 0.0000 0.0000 0.0000 0.0000 0.9005 0.0000 0.0000 0.0995
395      395   (0)     15  : 0.0000 0.0000 0.0000 0.0000 0.0000 0.0000 0.0955 0.7518 0.0000 0.0000 0.1527
396      396   (0)     15  : 0.0000 0.0000 0.0000 0.0000 0.0000 0.0000 0.0000 0.7847 0.0000 0.0000 0.2153
397      397   (0)     15  : 0.0000 0.0000 0.0000 0.0000 0.0000 0.0000 0.0000 0.8600 0.0000 0.0000 0.1400
398      398   (0)     15  : 0.0000 0.0000 0.0000 0.0000 0.0000 0.0000 0.0000 0.8593 0.0000 0.0000 0.1407
399      399   (0)     15  : 0.0000 0.0000 0.5499 0.0000 0.0000 0.0000 0.0000 0.4501 0.0000 0.0000 0.0000
400      400   (0)     15  : 0.0000 0.0000 0.0000 0.0000 0.0000 0.0000 0.0056 0.8430 0.0000 0.0000 0.1514
401      401   (0)     15  : 0.0000 0.0000 0.0000 0.0000 0.0000 0.0000 0.0000 0.8559 0.0000 0.0000 0.1441
402      402   (0)     15  : 0.0000 0.0000 0.4981 0.0000 0.0000 0.0000 0.0000 0.5019 0.0000 0.0000 0.0000
403      403   (0)     15  : 0.0000 0.0000 0.8502 0.0000 0.0000 0.0000 0.0000 0.1498 0.0000 0.0000 0.0000
404      404   (0)     15  : 0.0000 0.0000 0.0000 0.0000 0.0000 0.0000 0.0000 0.8692 0.0000 0.0000 0.1308
405      405   (0)     15  : 0.0000 0.0000 0.0000 0.0000 0.0000 0.0000 0.0000 0.8296 0.0000 0.0000 0.1704
406      406   (0)     15  : 0.0000 0.0000 0.0000 0.0000 0.0000 0.0000 0.0000 0.6298 0.0000 0.0000 0.3702
407      407   (0)     15  : 0.0000 0.0000 0.0378 0.0000 0.0000 0.0324 0.0000 0.8634 0.0000 0.0000 0.0664
408      408   (0)     15  : 0.0000 0.0000 0.5623 0.0000 0.0000 0.0000 0.0000 0.4377 0.0000 0.0000 0.0000
409      409   (0)     15  : 0.0000 0.0000 0.0000 0.0000 0.0000 0.0000 0.0000 0.8944 0.0000 0.0000 0.1056
410      410   (0)     15  : 0.0000 0.0000 0.4875 0.0000 0.0000 0.0000 0.0000 0.5125 0.0000 0.0000 0.0000
411      411   (0)     15  : 0.0000 0.0000 0.0000 0.0000 0.0000 0.0000 0.0000 0.7243 0.0000 0.0000 0.2757
412      412   (0)     15  : 0.0000 0.0000 0.0000 0.0000 0.0000 0.0000 0.0000 0.9297 0.0000 0.0000 0.0703
413      413   (0)     15  : 0.0000 0.0000 0.0000 0.0000 0.0000 0.0000 0.0000 0.7222 0.0000 0.0000 0.2778
414      414   (0)     15  : 0.0000 0.1257 0.0000 0.0022 0.0198 0.0113 0.0000 0.6270 0.0000 0.0064 0.2076
415      415   (0)     15  : 0.0000 0.0820 0.0141 0.0000 0.0000 0.0477 0.0000 0.7603 0.0331 0.0000 0.0628
416      416   (0)     15  : 0.0000 0.0000 0.0000 0.0000 0.0000 0.0000 0.0000 0.8671 0.0000 0.0000 0.1329
417      417   (0)     15  : 0.0000 0.0000 0.5892 0.0000 0.0000 0.0000 0.0000 0.4108 0.0000 0.0000 0.0000
418      418   (0)     15  : 0.0000 0.0000 0.0000 0.0000 0.0000 0.0000 0.0000 0.7446 0.0000 0.0000 0.2554
419      419   (0)     15  : 0.0000 0.0000 0.5835 0.0000 0.0000 0.0000 0.0000 0.4103 0.0062 0.0000 0.0000
420      420   (0)     15  : 0.0000 0.0000 0.5952 0.0000 0.0000 0.0000 0.0000 0.4048 0.0000 0.0000 0.0000
421      421   (0)     16  : 0.4679 0.0000 0.0000 0.0000 0.0068 0.0000 0.4951 0.0000 0.0000 0.0302 0.0000
422      422   (0)     16  : 0.1446 0.0000 0.0007 0.1073 0.0000 0.0000 0.7231 0.0000 0.0000 0.0242 0.0000
423      423   (0)     16  : 0.6093 0.0000 0.0393 0.0681 0.0000 0.0000 0.0000 0.0140 0.2082 0.0611 0.0000
424      424   (0)     16  : 0.3442 0.0000 0.0858 0.0702 0.0000 0.0032 0.4174 0.0000 0.0504 0.0288 0.0000
425      425   (0)     16  : 0.0040 0.0000 0.0020 0.0745 0.0000 0.0000 0.6864 0.0000 0.1848 0.0483 0.0000
426      426   (0)     16  : 0.6347 0.0000 0.0000 0.0749 0.0000 0.0000 0.0000 0.0000 0.2407 0.0497 0.0000
427      427   (0)     16  : 0.3405 0.0000 0.0000 0.0048 0.0000 0.0029 0.6323 0.0008 0.0000 0.0028 0.0159
428      428   (0)     16  : 1.0000 0.0000 0.0000 0.0000 0.0000 0.0000 0.0000 0.0000 0.0000 0.0000 0.0000
429      429   (0)     16  : 0.1948 0.0048 0.0022 0.1023 0.0000 0.0254 0.5493 0.0009 0.1204 0.0000 0.0000
430      430   (0)     16  : 0.8418 0.0000 0.0000 0.0151 0.0158 0.0000 0.0000 0.0000 0.0442 0.0832 0.0000
431      431   (0)     16  : 0.0405 0.0000 0.0000 0.3973 0.0000 0.0000 0.5370 0.0000 0.0000 0.0252 0.0000
432      432   (0)     16  : 0.8358 0.0000 0.0326 0.0000 0.0000 0.0000 0.0271 0.0000 0.0531 0.0513 0.0000
433      433   (0)     16  : 0.1514 0.0000 0.0000 0.0000 0.0000 0.0000 0.8427 0.0000 0.0000 0.0060 0.0000
434      434   (0)     16  : 0.6416 0.0000 0.0059 0.0149 0.0000 0.0000 0.2635 0.0128 0.0003 0.0610 0.0000
435      435   (0)     16  : 0.5138 0.0000 0.0044 0.0000 0.0000 0.0000 0.4734 0.0000 0.0000 0.0084 0.0000
436      436   (0)     16  : 0.0691 0.0000 0.0000 0.0383 0.0328 0.0000 0.8565 0.0000 0.0000 0.0033 0.0000
437      437   (0)     16  : 0.8570 0.0000 0.0000 0.0783 0.0000 0.0000 0.0000 0.0000 0.0000 0.0648 0.0000
438      438   (0)     16  : 0.8949 0.0000 0.0000 0.0217 0.0000 0.0000 0.0000 0.0000 0.0000 0.0833 0.0000
439      439   (0)     16  : 0.8773 0.0000 0.0311 0.0569 0.0000 0.0000 0.0000 0.0089 0.0094 0.0164 0.0000
440      440   (0)     16  : 0.5918 0.0000 0.0247 0.0000 0.0000 0.0000 0.0000 0.0121 0.3676 0.0038 0.0000
441      441   (0)     16  : 0.5479 0.0239 0.0079 0.0000 0.0000 0.0000 0.3504 0.0048 0.0000 0.0576 0.0074
442      442   (0)     16  : 0.9041 0.0000 0.0000 0.0348 0.0000 0.0000 0.0101 0.0000 0.0000 0.0510 0.0000
443      443   (0)     16  : 0.6416 0.0000 0.0587 0.0000 0.0000 0.0000 0.0241 0.0000 0.2690 0.0065 0.0000
444      444   (0)     16  : 0.9107 0.0000 0.0307 0.0000 0.0000 0.0000 0.0000 0.0000 0.0232 0.0354 0.0000
445      445   (0)     16  : 0.0020 0.0000 0.0000 0.0000 0.2433 0.0036 0.0940 0.0000 0.0000 0.6564 0.0007
446      446   (0)     16  : 0.5710 0.0000 0.0091 0.0000 0.0000 0.0000 0.4198 0.0000 0.0000 0.0000 0.0000
447      447   (0)     16  : 0.6358 0.0000 0.0315 0.0000 0.0000 0.0000 0.2294 0.0007 0.1009 0.0017 0.0000
448      448   (0)     16  : 0.9191 0.0000 0.0000 0.0000 0.0000 0.0000 0.0570 0.0000 0.0238 0.0000 0.0000
449      449   (0)     16  : 0.6360 0.0000 0.0251 0.0000 0.0000 0.0000 0.2998 0.0006 0.0000 0.0384 0.0000
450      450   (0)     16  : 0.8415 0.0000 0.0000 0.0318 0.0000 0.0000 0.0167 0.0000 0.0300 0.0799 0.0000
451      451   (0)     17  : 0.5162 0.0390 0.0287 0.1844 0.0092 0.0071 0.1045 0.0087 0.0606 0.0415 0.0000
452      452   (0)     17  : 0.8045 0.0000 0.0457 0.0000 0.0000 0.0000 0.0568 0.0000 0.0387 0.0543 0.0000
453      453   (0)     17  : 0.9322 0.0000 0.0000 0.0000 0.0000 0.0000 0.0000 0.0000 0.0000 0.0678 0.0000
454      454   (0)     17  : 0.0336 0.0000 0.0000 0.0000 0.1814 0.0450 0.0000 0.0083 0.0922 0.5753 0.0642
455      455   (0)     17  : 0.0712 0.0000 0.0000 0.0000 0.0000 0.0000 0.9115 0.0000 0.0160 0.0012 0.0000
456      456   (0)     17  : 0.0486 0.0000 0.0000 0.0000 0.2553 0.0691 0.0055 0.0000 0.0054 0.6161 0.0000
457      457   (0)     17  : 0.1260 0.0000 0.0000 0.0000 0.0000 0.0000 0.8740 0.0000 0.0000 0.0000 0.0000
458      458   (0)     17  : 0.8677 0.0000 0.0158 0.0177 0.0000 0.0000 0.0536 0.0000 0.0002 0.0451 0.0000
459      459   (0)     17  : 1.0000 0.0000 0.0000 0.0000 0.0000 0.0000 0.0000 0.0000 0.0000 0.0000 0.0000
460      460   (0)     17  : 0.0000 0.0000 0.0013 0.0000 0.0000 0.0000 0.5532 0.0000 0.4455 0.0000 0.0000
461      461   (0)     17  : 0.5007 0.0000 0.0357 0.0000 0.0000 0.0000 0.3566 0.0004 0.1027 0.0038 0.0000
462      462   (0)     17  : 0.3200 0.1016 0.0021 0.4373 0.0878 0.0005 0.0000 0.0000 0.0118 0.0336 0.0054
463      463   (0)     17  : 0.0000 0.0175 0.0000 0.0000 0.2386 0.0849 0.2594 0.0245 0.0038 0.3646 0.0066
464      464   (0)     17  : 0.7010 0.0046 0.0611 0.0327 0.0084 0.0000 0.0943 0.0000 0.0608 0.0372 0.0000
465      465   (0)     17  : 0.5963 0.0018 0.0000 0.1673 0.1731 0.0000 0.0068 0.0000 0.0000 0.0547 0.0000
466      466   (0)     17  : 0.6303 0.0000 0.0445 0.0286 0.0421 0.0000 0.0000 0.0000 0.2275 0.0270 0.0000
467      467   (0)     17  : 0.3959 0.0000 0.0245 0.1509 0.0175 0.0000 0.1935 0.0061 0.1668 0.0449 0.0000
468      468   (0)     17  : 0.2002 0.0000 0.0324 0.0000 0.0000 0.0000 0.0118 0.0000 0.7556 0.0000 0.0000
469      469   (0)     17  : 0.4106 0.0000 0.0453 0.0802 0.0245 0.0000 0.2994 0.0000 0.1094 0.0307 0.0000
470      470   (0)     17  : 0.7920 0.0000 0.0927 0.0000 0.0000 0.0627 0.0000 0.0001 0.0142 0.0379 0.0004
471      471   (0)     17  : 0.3851 0.0000 0.0249 0.0000 0.0005 0.0000 0.4441 0.0335 0.1118 0.0000 0.0000
472      472   (0)     17  : 0.2431 0.0000 0.0000 0.2387 0.0000 0.0022 0.0000 0.0047 0.5113 0.0000 0.0000
473      473   (0)     17  : 0.3255 0.0000 0.0040 0.0834 0.0000 0.0000 0.0000 0.0283 0.5115 0.0474 0.0000
474      474   (0)     17  : 0.0347 0.0000 0.0002 0.0444 0.0083 0.0000 0.8496 0.0036 0.0514 0.0079 0.0000
475      475   (0)     17  : 0.5522 0.0000 0.0034 0.0701 0.0165 0.0000 0.1486 0.0021 0.1990 0.0081 0.0000
476      476   (0)     17  : 0.2302 0.0112 0.0022 0.0260 0.0414 0.0065 0.6414 0.0000 0.0310 0.0100 0.0000
477      477   (0)     17  : 0.8688 0.0000 0.0000 0.0140 0.0074 0.0000 0.0000 0.0000 0.0498 0.0599 0.0000
478      478   (0)     17  : 0.0046 0.0000 0.0000 0.0000 0.0000 0.0000 0.9130 0.0000 0.0824 0.0000 0.0000
479      479   (0)     17  : 0.7037 0.0000 0.0000 0.0043 0.0053 0.0000 0.0039 0.0002 0.0887 0.1939 0.0000
480      480   (0)     17  : 0.2070 0.0000 0.0368 0.1470 0.0088 0.0000 0.0015 0.0139 0.4930 0.0920 0.0000
481      481   (0)     18  : 0.0263 0.0014 0.0434 0.7079 0.1470 0.0000 0.0000 0.0000 0.0159 0.0582 0.0000
482      482   (0)     18  : 0.0000 0.0000 0.0000 0.0000 1.0000 0.0000 0.0000 0.0000 0.0000 0.0000 0.0000
483      483   (0)     18  : 0.0000 0.0000 0.0000 0.0060 0.9850 0.0000 0.0000 0.0000 0.0000 0.0090 0.0000
484      484   (0)     18  : 0.0000 0.0000 0.0000 0.0000 0.9977 0.0000 0.0000 0.0000 0.0000 0.0023 0.0000
485      485   (0)     18  : 0.0588 0.0000 0.0000 0.0000 0.8056 0.0000 0.0000 0.0000 0.0000 0.1356 0.0000
486      486   (0)     18  : 0.0000 0.0000 0.0000 0.0620 0.9135 0.0000 0.0000 0.0000 0.0000 0.0244 0.0000
487      487   (0)     18  : 0.0000 0.0000 0.0000 0.0000 1.0000 0.0000 0.0000 0.0000 0.0000 0.0000 0.0000
488      488   (0)     18  : 0.5681 0.0000 0.0081 0.1738 0.0756 0.0000 0.0000 0.0000 0.1412 0.0333 0.0000
489      489   (0)     18  : 0.0000 0.0000 0.0000 0.8440 0.0337 0.0000 0.0000 0.0000 0.0237 0.0909 0.0076
490      490   (0)     18  : 0.0000 0.0000 0.0000 0.0001 0.9988 0.0000 0.0000 0.0000 0.0000 0.0011 0.0000
491      491   (0)     18  : 0.0473 0.0000 0.0209 0.0000 0.8846 0.0000 0.0000 0.0000 0.0418 0.0054 0.0000
492      492   (0)     18  : 0.3540 0.0000 0.0021 0.0067 0.1734 0.0000 0.0000 0.0000 0.0161 0.4476 0.0000
493      493   (0)     18  : 0.0000 0.0000 0.0000 0.4367 0.0381 0.0000 0.4915 0.0000 0.0000 0.0337 0.0000
494      494   (0)     18  : 0.0000 0.0000 0.0000 0.0959 0.8891 0.0000 0.0000 0.0000 0.0000 0.0150 0.0000
495      495   (0)     18  : 0.0000 0.0000 0.0000 0.0000 1.0000 0.0000 0.0000 0.0000 0.0000 0.0000 0.0000
496      496   (0)     18  : 0.0358 0.0000 0.0000 0.0000 0.6458 0.0000 0.0000 0.0000 0.0000 0.3184 0.0000
497      497   (0)     18  : 0.0320 0.0000 0.0328 0.4632 0.0367 0.0000 0.2956 0.0000 0.0814 0.0582 0.0000
498      498   (0)     18  : 0.0767 0.0000 0.0000 0.0193 0.7978 0.0000 0.0000 0.0000 0.0000 0.1062 0.0000
499      499   (0)     18  : 0.0775 0.0000 0.0000 0.0359 0.5091 0.0000 0.1129 0.0000 0.0000 0.2646 0.0000
500      500   (0)     18  : 0.0000 0.0000 0.0100 0.5833 0.0989 0.0000 0.0000 0.0046 0.1990 0.1042 0.0000
501      501   (0)     18  : 0.3625 0.0000 0.0131 0.5546 0.0482 0.0000 0.0000 0.0037 0.0000 0.0162 0.0017
502      502   (0)     18  : 0.1593 0.0000 0.0000 0.0000 0.4149 0.0077 0.0540 0.0000 0.0000 0.3608 0.0033
503      503   (0)     18  : 0.0000 0.0000 0.0000 0.0278 0.9641 0.0000 0.0000 0.0000 0.0000 0.0081 0.0000
504      504   (0)     18  : 0.1432 0.0000 0.0000 0.0000 0.5178 0.0000 0.0123 0.0000 0.0000 0.3267 0.0000
505      505   (0)     18  : 0.0766 0.0000 0.0692 0.0000 0.4849 0.0000 0.0000 0.0000 0.0000 0.3694 0.0000
506      506   (0)     18  : 0.0000 0.0000 0.0571 0.3272 0.0361 0.0000 0.4874 0.0056 0.0352 0.0514 0.0000
507      507   (0)     18  : 0.1540 0.0000 0.0000 0.0666 0.6160 0.0000 0.0067 0.0000 0.0000 0.1568 0.0000
508      508   (0)     18  : 0.1122 0.0000 0.0015 0.4356 0.0409 0.0000 0.3481 0.0000 0.0457 0.0160 0.0000
509      509   (0)     18  : 0.0353 0.0000 0.0159 0.0000 0.4320 0.0000 0.0000 0.0014 0.0000 0.5154 0.0000
510      510   (0)     19  : 0.6496 0.0000 0.0000 0.0840 0.0034 0.0000 0.2139 0.0000 0.0000 0.0491 0.0000
511      511   (0)     19  : 0.1982 0.0000 0.0000 0.0769 0.0178 0.0000 0.7071 0.0000 0.0000 0.0000 0.0000
512      512   (0)     19  : 0.4784 0.0000 0.0000 0.0000 0.0000 0.0000 0.4997 0.0000 0.0000 0.0219 0.0000
513      513   (0)     19  : 0.0000 0.0000 0.0000 0.0000 0.0000 0.0000 1.0000 0.0000 0.0000 0.0000 0.0000
514      514   (0)     19  : 0.6335 0.0000 0.0542 0.0000 0.0000 0.0000 0.0000 0.0000 0.3105 0.0018 0.0000
515      515   (0)     19  : 0.4083 0.0000 0.0105 0.0267 0.0000 0.0000 0.5378 0.0000 0.0000 0.0167 0.0000
516      516   (0)     19  : 0.3117 0.0000 0.0000 0.0000 0.0000 0.0000 0.6723 0.0000 0.0000 0.0160 0.0000
517      517   (0)     19  : 0.8911 0.0000 0.0092 0.0388 0.0000 0.0000 0.0000 0.0000 0.0000 0.0609 0.0000
518      518   (0)     19  : 0.4448 0.0000 0.0000 0.0000 0.0000 0.0000 0.4987 0.0046 0.0495 0.0023 0.0000
519      519   (0)     19  : 0.0000 0.0000 0.0000 0.3697 0.0000 0.0000 0.0000 0.0000 0.4303 0.2000 0.0000
520      520   (0)     19  : 0.7979 0.0000 0.0000 0.0272 0.0000 0.0000 0.0834 0.0003 0.0086 0.0827 0.0000
521      521   (0)     19  : 0.0000 0.0000 0.0000 0.2040 0.0000 0.0000 0.7872 0.0000 0.0000 0.0088 0.0000
522      522   (0)     19  : 0.0879 0.0000 0.0000 0.0000 0.0000 0.0000 0.9121 0.0000 0.0000 0.0000 0.0000
523      523   (0)     19  : 0.0000 0.0000 0.0000 0.0209 0.0000 0.0000 0.8598 0.0000 0.1092 0.0101 0.0000
524      524   (0)     19  : 0.6758 0.0000 0.0000 0.0000 0.0000 0.0000 0.2973 0.0000 0.0000 0.0269 0.0000
525      525   (0)     19  : 0.5564 0.0000 0.0000 0.0000 0.0007 0.0123 0.4029 0.0138 0.0000 0.0139 0.0000
526      526   (0)     19  : 0.7716 0.0000 0.0000 0.0000 0.0000 0.0000 0.0792 0.0189 0.0598 0.0705 0.0000
527      527   (0)     19  : 0.3212 0.0000 0.0246 0.2082 0.0045 0.0000 0.3088 0.0000 0.1327 0.0000 0.0000
528      528   (0)     19  : 0.7065 0.0000 0.0000 0.1499 0.0065 0.0000 0.0905 0.0000 0.0217 0.0249 0.0000
529      529   (0)     19  : 0.8473 0.0000 0.0000 0.0000 0.0000 0.0000 0.0000 0.0000 0.0982 0.0545 0.0000
530      530   (0)     19  : 0.2981 0.0000 0.0116 0.0000 0.0000 0.0000 0.6046 0.0000 0.0856 0.0000 0.0000
531      531   (0)     19  : 0.2870 0.0000 0.0503 0.0000 0.0000 0.0000 0.4841 0.0168 0.1603 0.0015 0.0000
532      532   (0)     19  : 0.2980 0.0307 0.0159 0.0000 0.0000 0.0051 0.6113 0.0121 0.0269 0.0000 0.0000
533      533   (0)     19  : 0.2983 0.0047 0.0023 0.0000 0.1650 0.0238 0.0063 0.0032 0.0147 0.4592 0.0223
534      534   (0)     19  : 0.7405 0.0000 0.0011 0.1630 0.0000 0.0000 0.0544 0.0000 0.0000 0.0410 0.0000
535      535   (0)     19  : 0.2681 0.0000 0.0005 0.0183 0.0000 0.0000 0.6708 0.0000 0.0000 0.0424 0.0000
536      536   (0)     19  : 0.1860 0.0301 0.0000 0.0000 0.0107 0.0000 0.7616 0.0000 0.0064 0.0052 0.0000
537      537   (0)     19  : 0.3786 0.0000 0.0695 0.1809 0.0000 0.0000 0.3136 0.0039 0.0000 0.0535 0.0000
538      538   (0)     19  : 0.1641 0.0000 0.0000 0.0000 0.4896 0.0000 0.0242 0.0000 0.0000 0.3221 0.0000
539      539   (0)     19  : 0.0000 0.0000 0.0000 0.0000 0.0233 0.0000 0.9695 0.0024 0.0048 0.0000 0.0000
