1        1   (0)      1  : 0.0533 0.0000 0.0002 0.9392 0.0000 0.0000 0.0073 0.0001
2        2   (0)      1  : 0.1796 0.0000 0.0000 0.0035 0.0000 0.0000 0.8169 0.0000
3        3   (0)      1  : 0.2318 0.0000 0.0000 0.0117 0.0000 0.0000 0.7565 0.0000
4        4   (0)      1  : 0.0155 0.0000 0.0162 0.9354 0.0000 0.0000 0.0329 0.0000
5        5   (0)      1  : 0.0000 0.0000 0.0088 0.9472 0.0000 0.0000 0.0440 0.0000
6        6   (0)      1  : 0.0187 0.0000 0.0000 0.9480 0.0000 0.0000 0.0202 0.0131
7        7   (0)      1  : 0.2986 0.0000 0.0000 0.0000 0.0000 0.0000 0.7014 0.0000
8        8   (0)      1  : 0.0000 0.0000 0.0000 0.0000 0.0000 0.0000 1.0000 0.0000
9        9   (0)      1  : 0.0000 0.0000 0.0000 0.9531 0.0000 0.0000 0.0469 0.0000
10       10   (0)      1  : 0.1984 0.0000 0.0000 0.0020 0.0000 0.0000 0.7996 0.0000
11       11   (0)      1  : 0.0000 0.0000 0.0054 0.9634 0.0000 0.0000 0.0312 0.0000
12       12   (0)      1  : 0.0000 0.0000 0.0000 0.9576 0.0122 0.0000 0.0302 0.0000
13       13   (0)      1  : 0.0097 0.0000 0.0000 0.9826 0.0000 0.0000 0.0077 0.0000
14       14   (0)      1  : 0.0059 0.0000 0.0082 0.9708 0.0066 0.0000 0.0085 0.0000
15       15   (0)      1  : 0.0000 0.0000 0.0078 0.9766 0.0000 0.0000 0.0156 0.0000
16       16   (0)      1  : 0.0428 0.0000 0.0000 0.9007 0.0000 0.0000 0.0426 0.0139
17       17   (0)      1  : 0.0211 0.0000 0.0000 0.9789 0.0000 0.0000 0.0000 0.0000
18       18   (0)      1  : 0.0000 0.0000 0.0000 1.0000 0.0000 0.0000 0.0000 0.0000
19       19   (0)      1  : 0.0000 0.0000 0.0000 0.9791 0.0172 0.0000 0.0037 0.0000
20       20   (0)      1  : 0.0000 0.0000 0.0000 0.9849 0.0000 0.0000 0.0151 0.0000
21       21   (0)      1  : 0.0081 0.0000 0.0035 0.9850 0.0000 0.0000 0.0035 0.0000
22       22   (0)      1  : 0.5055 0.0000 0.0000 0.0168 0.0000 0.0000 0.4777 0.0000
23       23   (0)      1  : 0.0130 0.0000 0.0000 0.9870 0.0000 0.0000 0.0000 0.0000
24       24   (0)      1  : 0.0472 0.0000 0.0000 0.9528 0.0000 0.0000 0.0000 0.0000
25       25   (0)      1  : 0.0200 0.0000 0.0000 0.9560 0.0000 0.0000 0.0174 0.0066
26       26   (0)      1  : 0.0000 0.0000 0.0000 1.0000 0.0000 0.0000 0.0000 0.0000
27       27   (0)      1  : 0.0000 0.0113 0.0000 0.0000 0.9684 0.0203 0.0000 0.0000
28       28   (0)      1  : 0.0000 0.0000 0.0000 0.0000 1.0000 0.0000 0.0000 0.0000
29       29   (0)      1  : 0.0015 0.0000 0.0126 0.9540 0.0000 0.0000 0.0319 0.0000
30       30   (0)      1  : 0.0000 0.0000 0.0052 0.9948 0.0000 0.0000 0.0000 0.0000
31       31   (0)      1  : 0.0138 0.0000 0.0000 0.9451 0.0000 0.0000 0.0411 0.0000
32       32   (0)      1  : 0.9850 0.0000 0.0000 0.0150 0.0000 0.0000 0.0000 0.0000
33       33   (0)      1  : 0.2393 0.0000 0.0000 0.3415 0.4193 0.0000 0.0000 0.0000
34       34   (0)      1  : 0.0000 0.0000 0.0000 0.9583 0.0000 0.0000 0.0401 0.0016
35       35   (0)      1  : 0.0000 0.0000 1.0000 0.0000 0.0000 0.0000 0.0000 0.0000
36       36   (0)      1  : 0.0000 0.0000 1.0000 0.0000 0.0000 0.0000 0.0000 0.0000
37       37   (0)      1  : 0.0000 0.0000 1.0000 0.0000 0.0000 0.0000 0.0000 0.0000
38       38   (0)      1  : 0.0000 0.0000 0.0000 0.0000 1.0000 0.0000 0.0000 0.0000
39       39   (0)      1  : 0.0000 0.0000 0.0000 0.0000 1.0000 0.0000 0.0000 0.0000
40       40   (0)      1  : 0.0000 0.0000 0.0031 0.9948 0.0000 0.0000 0.0021 0.0000
41       41   (0)      1  : 0.3885 0.0000 0.0000 0.0074 0.0000 0.0000 0.6041 0.0000
42       42   (0)      1  : 0.0000 0.0000 0.0000 0.0000 1.0000 0.0000 0.0000 0.0000
43       43   (0)      1  : 0.0217 0.0000 0.0196 0.9332 0.0000 0.0000 0.0255 0.0000
44       44   (0)      1  : 0.5669 0.0000 0.0000 0.0000 0.0000 0.0000 0.4331 0.0000
45       45   (0)      1  : 0.0000 0.0000 0.0000 0.0000 1.0000 0.0000 0.0000 0.0000
46       46   (0)      1  : 0.0000 0.0164 0.0000 0.9665 0.0000 0.0000 0.0112 0.0059
47       47   (0)      1  : 0.0000 0.0000 0.0000 0.0000 1.0000 0.0000 0.0000 0.0000
48       48   (0)      1  : 0.8563 0.0000 0.0000 0.0000 0.0000 0.0000 0.1414 0.0024
49       49   (0)      1  : 0.4958 0.0000 0.0000 0.0000 0.0000 0.0000 0.5042 0.0000
50       50   (0)      1  : 0.0000 0.0000 0.0000 0.0000 1.0000 0.0000 0.0000 0.0000
51       51   (0)      1  : 0.0000 0.0000 0.0000 0.0000 0.9946 0.0000 0.0000 0.0054
52       52   (0)      1  : 0.6252 0.0000 0.0000 0.0310 0.0000 0.0000 0.3437 0.0000
53       53   (0)      1  : 0.5651 0.0000 0.0000 0.0182 0.0000 0.0000 0.4108 0.0060
54       54   (0)      1  : 0.4812 0.0000 0.0000 0.0163 0.0000 0.0000 0.5025 0.0000
55       55   (0)      1  : 0.0000 0.0000 0.0000 0.0000 1.0000 0.0000 0.0000 0.0000
56       56   (0)      2  : 0.0000 0.0000 0.0000 0.9462 0.0085 0.0000 0.0453 0.0000
57       57   (0)      2  : 0.0000 0.0000 0.0318 0.9615 0.0000 0.0000 0.0067 0.0000
58       58   (0)      2  : 0.0148 0.0000 0.0000 0.9683 0.0000 0.0000 0.0152 0.0017
59       59   (0)      2  : 0.0000 0.0000 0.0000 0.9731 0.0000 0.0000 0.0264 0.0005
60       60   (0)      2  : 0.8338 0.0000 0.0000 0.0178 0.0000 0.0000 0.1484 0.0000
61       61   (0)      2  : 0.0000 0.0000 0.0057 0.9869 0.0000 0.0000 0.0000 0.0074
62       62   (0)      2  : 0.0000 0.0000 1.0000 0.0000 0.0000 0.0000 0.0000 0.0000
63       63   (0)      2  : 0.0225 0.0000 0.0000 0.9561 0.0000 0.0000 0.0214 0.0000
64       64   (0)      2  : 0.0000 0.0000 1.0000 0.0000 0.0000 0.0000 0.0000 0.0000
65       65   (0)      2  : 0.0335 0.0000 0.0000 0.9309 0.0000 0.0000 0.0356 0.0000
66       66   (0)      2  : 0.0000 0.0000 1.0000 0.0000 0.0000 0.0000 0.0000 0.0000
67       67   (0)      2  : 0.0000 0.0000 0.0098 0.9894 0.0000 0.0000 0.0008 0.0000
68       68   (0)      2  : 0.0000 0.0000 0.0066 0.9464 0.0000 0.0000 0.0470 0.0000
69       69   (0)      2  : 0.1537 0.0000 0.0000 0.0000 0.0000 0.0000 0.8463 0.0000
70       70   (0)      2  : 0.0109 0.0000 0.0000 0.9805 0.0000 0.0000 0.0086 0.0000
71       71   (0)      2  : 0.0000 0.0000 1.0000 0.0000 0.0000 0.0000 0.0000 0.0000
72       72   (0)      2  : 0.0000 0.0000 1.0000 0.0000 0.0000 0.0000 0.0000 0.0000
73       73   (0)      2  : 0.0000 0.0000 0.0000 0.8735 0.0049 0.0000 0.1103 0.0113
74       74   (0)      2  : 0.6543 0.0000 0.0000 0.0000 0.0000 0.0000 0.3456 0.0000
75       75   (0)      2  : 0.0000 0.0000 0.0000 0.0000 1.0000 0.0000 0.0000 0.0000
76       76   (0)      2  : 0.5034 0.0000 0.0000 0.0000 0.0000 0.0000 0.4966 0.0000
77       77   (0)      2  : 0.0722 0.0000 0.0000 0.9278 0.0000 0.0000 0.0000 0.0000
78       78   (0)      2  : 0.0000 0.0000 1.0000 0.0000 0.0000 0.0000 0.0000 0.0000
79       79   (0)      2  : 0.0000 0.0000 0.0000 0.0000 1.0000 0.0000 0.0000 0.0000
80       80   (0)      2  : 0.0000 0.0000 1.0000 0.0000 0.0000 0.0000 0.0000 0.0000
81       81   (0)      2  : 0.0165 0.0000 0.0129 0.9376 0.0118 0.0000 0.0207 0.0004
82       82   (0)      2  : 0.0000 0.0000 0.0000 0.0000 0.0000 0.0000 1.0000 0.0000
83       83   (0)      2  : 1.0000 0.0000 0.0000 0.0000 0.0000 0.0000 0.0000 0.0000
84       84   (0)      2  : 0.0000 0.0000 0.0000 0.7651 0.0000 0.0000 0.2349 0.0000
85       85   (0)      2  : 0.0000 0.0000 0.0000 0.9449 0.0000 0.0000 0.0551 0.0000
86       86   (0)      2  : 0.0000 0.0000 0.0000 0.9522 0.0000 0.0000 0.0478 0.0000
87       87   (0)      2  : 0.0470 0.0000 0.0000 0.9530 0.0000 0.0000 0.0000 0.0000
88       88   (0)      2  : 0.0177 0.0000 0.0000 0.9816 0.0000 0.0000 0.0006 0.0001
89       89   (0)      2  : 0.0000 0.0000 0.0000 1.0000 0.0000 0.0000 0.0000 0.0000
90       90   (0)      2  : 0.0386 0.0000 0.0188 0.9283 0.0000 0.0000 0.0143 0.0000
91       91   (0)      2  : 0.0171 0.0000 0.0000 0.9700 0.0000 0.0000 0.0128 0.0000
92       92   (0)      2  : 0.0000 0.0000 0.0000 0.9514 0.0000 0.0000 0.0485 0.0000
93       93   (0)      2  : 0.7838 0.0000 0.0000 0.0000 0.0000 0.0000 0.2162 0.0000
94       94   (0)      2  : 0.5000 0.0000 0.0068 0.0000 0.0000 0.0000 0.4933 0.0000
95       95   (0)      2  : 0.0000 0.0000 1.0000 0.0000 0.0000 0.0000 0.0000 0.0000
96       96   (0)      2  : 0.5730 0.0000 0.0000 0.0092 0.0000 0.0000 0.4178 0.0000
97       97   (0)      2  : 0.6547 0.0000 0.0000 0.0109 0.0000 0.0000 0.3344 0.0000
98       98   (0)      2  : 0.0301 0.0000 0.0000 0.9250 0.0017 0.0000 0.0335 0.0098
99       99   (0)      2  : 0.0000 0.0000 1.0000 0.0000 0.0000 0.0000 0.0000 0.0000
100      100   (0)      2  : 0.0077 0.0000 0.0000 0.9847 0.0000 0.0000 0.0076 0.0000
101      101   (0)      3  : 0.0341 0.0000 0.0005 0.9654 0.0000 0.0000 0.0000 0.0000
102      102   (0)      3  : 0.0150 0.0000 0.0123 0.9588 0.0000 0.0000 0.0139 0.0000
103      103   (0)      3  : 0.0429 0.0000 0.0004 0.9567 0.0000 0.0000 0.0000 0.0000
104      104   (0)      3  : 0.0136 0.0000 0.0083 0.9457 0.0000 0.0000 0.0325 0.0000
105      105   (0)      3  : 0.0000 0.0000 0.0217 0.9198 0.0000 0.0000 0.0585 0.0000
106      106   (0)      3  : 0.0493 0.0000 0.0152 0.9355 0.0000 0.0000 0.0000 0.0000
107      107   (0)      3  : 0.0000 0.0000 0.0000 0.9953 0.0000 0.0000 0.0000 0.0047
108      108   (0)      3  : 0.0152 0.0000 0.0000 0.9466 0.0178 0.0000 0.0205 0.0000
109      109   (0)      3  : 0.0142 0.0000 0.0000 0.9858 0.0000 0.0000 0.0000 0.0000
110      110   (0)      3  : 0.0244 0.0000 0.0003 0.9752 0.0000 0.0000 0.0000 0.0000
111      111   (0)      3  : 0.0499 0.0000 0.0181 0.9320 0.0000 0.0000 0.0000 0.0000
112      112   (0)      3  : 0.0129 0.0000 0.0023 0.9844 0.0000 0.0000 0.0003 0.0000
113      113   (0)      3  : 0.0296 0.0000 0.0009 0.9574 0.0000 0.0000 0.0000 0.0121
114      114   (0)      3  : 0.0474 0.0000 0.0054 0.9379 0.0000 0.0000 0.0000 0.0093
115      115   (0)      3  : 0.0478 0.0000 0.0000 0.9248 0.0000 0.0000 0.0274 0.0000
116      116   (0)      3  : 0.0329 0.0000 0.0013 0.9559 0.0000 0.0000 0.0000 0.0099
117      117   (0)      3  : 0.0000 0.0000 0.0004 0.9321 0.0000 0.0000 0.0675 0.0000
118      118   (0)      3  : 0.0237 0.0000 0.0000 0.9763 0.0000 0.0000 0.0000 0.0000
119      119   (0)      3  : 0.0575 0.0000 0.0000 0.9366 0.0000 0.0000 0.0000 0.0060
120      120   (0)      3  : 0.0000 0.0000 0.0850 0.8497 0.0000 0.0000 0.0652 0.0000
121      121   (0)      3  : 0.0000 0.0000 0.0034 0.9744 0.0000 0.0000 0.0222 0.0000
122      122   (0)      3  : 0.0185 0.0000 0.0087 0.9514 0.0000 0.0000 0.0214 0.0000
123      123   (0)      3  : 0.0000 0.0000 0.0000 0.9808 0.0000 0.0000 0.0192 0.0000
124      124   (0)      3  : 0.0000 0.0000 0.0000 0.9968 0.0000 0.0000 0.0032 0.0000
125      125   (0)      3  : 0.0000 0.0000 0.0148 0.9798 0.0000 0.0000 0.0054 0.0000
126      126   (0)      3  : 0.0290 0.0000 0.0000 0.9439 0.0000 0.0000 0.0271 0.0000
127      127   (0)      3  : 0.0799 0.0000 0.0000 0.9161 0.0000 0.0000 0.0000 0.0041
128      128   (0)      3  : 0.0067 0.0000 0.0000 0.9933 0.0000 0.0000 0.0000 0.0000
129      129   (0)      3  : 0.0857 0.0000 0.0000 0.9143 0.0000 0.0000 0.0000 0.0000
130      130   (0)      3  : 0.5131 0.0000 0.0000 0.0004 0.0000 0.0000 0.4865 0.0000
131      131   (0)      3  : 0.4695 0.0000 0.0000 0.0502 0.0000 0.0000 0.4803 0.0000
132      132   (0)      3  : 0.0000 0.0000 1.0000 0.0000 0.0000 0.0000 0.0000 0.0000
133      133   (0)      3  : 0.0000 0.0000 0.0000 0.0000 0.9148 0.0000 0.0000 0.0852
134      134   (0)      3  : 0.3650 0.0002 0.0000 0.0876 0.0284 0.0000 0.5182 0.0006
135      135   (0)      3  : 0.0179 0.0000 0.0259 0.9562 0.0000 0.0000 0.0000 0.0000
136      136   (0)      3  : 0.0243 0.0000 0.0000 0.9516 0.0000 0.0000 0.0241 0.0000
137      137   (0)      3  : 0.8155 0.0000 0.0007 0.0000 0.0000 0.0000 0.1838 0.0000
138      138   (0)      3  : 0.0000 0.0000 0.0000 0.9534 0.0000 0.0000 0.0445 0.0020
139      139   (0)      3  : 0.0031 0.0000 0.0000 0.9795 0.0000 0.0000 0.0000 0.0174
140      140   (0)      3  : 0.0194 0.0000 0.0000 0.9740 0.0000 0.0000 0.0067 0.0000
141      141   (0)      3  : 0.0000 0.0000 1.0000 0.0000 0.0000 0.0000 0.0000 0.0000
142      142   (0)      3  : 0.0000 0.0000 1.0000 0.0000 0.0000 0.0000 0.0000 0.0000
143      143   (0)      3  : 0.0000 0.0000 1.0000 0.0000 0.0000 0.0000 0.0000 0.0000
144      144   (0)      3  : 0.0000 0.0000 1.0000 0.0000 0.0000 0.0000 0.0000 0.0000
145      145   (0)      3  : 0.0000 0.0000 1.0000 0.0000 0.0000 0.0000 0.0000 0.0000
146      146   (0)      3  : 0.4853 0.0000 0.0000 0.0200 0.0000 0.0000 0.4946 0.0000
147      147   (0)      3  : 0.0088 0.0000 0.0012 0.9809 0.0000 0.0000 0.0091 0.0000
148      148   (0)      3  : 0.0000 0.0000 1.0000 0.0000 0.0000 0.0000 0.0000 0.0000
149      149   (0)      3  : 0.0000 0.0000 1.0000 0.0000 0.0000 0.0000 0.0000 0.0000
150      150   (0)      3  : 0.0000 0.0100 0.0017 0.0000 0.8555 0.0038 0.0000 0.1290
151      151   (0)      3  : 0.0000 0.0000 0.0000 0.0000 1.0000 0.0000 0.0000 0.0000
152      152   (0)      3  : 0.0167 0.0000 0.0000 0.9638 0.0000 0.0000 0.0152 0.0043
153      153   (0)      3  : 0.0000 0.0000 1.0000 0.0000 0.0000 0.0000 0.0000 0.0000
154      154   (0)      3  : 0.0000 0.0000 0.0153 0.9724 0.0000 0.0000 0.0123 0.0000
155      155   (0)      3  : 0.0000 0.0000 0.0000 1.0000 0.0000 0.0000 0.0000 0.0000
156      156   (0)      3  : 0.5499 0.0000 0.0000 0.0523 0.0000 0.0000 0.3929 0.0049
157      157   (0)      3  : 0.0299 0.0000 0.0000 0.9701 0.0000 0.0000 0.0000 0.0000
158      158   (0)      3  : 0.6083 0.0000 0.0000 0.0000 0.0000 0.0000 0.3917 0.0000
159      159   (0)      3  : 0.0000 0.0000 0.0000 0.9455 0.0140 0.0000 0.0377 0.0028
160      160   (0)      3  : 0.6375 0.0000 0.0000 0.0000 0.0000 0.0000 0.3625 0.0000
161      161   (0)      4  : 0.0218 0.0000 0.0000 0.9493 0.0000 0.0000 0.0243 0.0047
162      162   (0)      4  : 0.0000 0.0000 0.0000 0.9910 0.0000 0.0000 0.0075 0.0015
163      163   (0)      4  : 0.0000 0.0000 1.0000 0.0000 0.0000 0.0000 0.0000 0.0000
164      164   (0)      4  : 0.8159 0.0000 0.0000 0.0000 0.0000 0.0000 0.1841 0.0000
165      165   (0)      4  : 0.0000 0.0000 1.0000 0.0000 0.0000 0.0000 0.0000 0.0000
166      166   (0)      4  : 0.0000 0.0000 1.0000 0.0000 0.0000 0.0000 0.0000 0.0000
167      167   (0)      4  : 0.0158 0.0000 0.0000 0.9637 0.0000 0.0000 0.0205 0.0000
168      168   (0)      4  : 0.0181 0.0000 0.0000 0.9616 0.0000 0.0000 0.0203 0.0000
169      169   (0)      4  : 0.0549 0.0000 0.0000 0.9451 0.0000 0.0000 0.0000 0.0000
170      170   (0)      4  : 0.0099 0.0000 0.0000 0.9787 0.0000 0.0000 0.0000 0.0114
171      171   (0)      4  : 0.0440 0.0000 0.0000 0.9540 0.0000 0.0000 0.0000 0.0020
172      172   (0)      4  : 0.0000 0.0000 0.0000 0.9641 0.0000 0.0000 0.0359 0.0000
173      173   (0)      4  : 0.0105 0.0000 0.0000 0.9735 0.0000 0.0000 0.0160 0.0000
174      174   (0)      4  : 0.7111 0.0000 0.0000 0.0009 0.0000 0.0000 0.2879 0.0000
175      175   (0)      4  : 0.0075 0.0000 0.0000 0.9907 0.0000 0.0000 0.0018 0.0000
176      176   (0)      4  : 0.0000 0.0000 1.0000 0.0000 0.0000 0.0000 0.0000 0.0000
177      177   (0)      4  : 0.0266 0.0000 0.0014 0.9408 0.0000 0.0000 0.0312 0.0000
178      178   (0)      4  : 0.0000 0.0000 1.0000 0.0000 0.0000 0.0000 0.0000 0.0000
179      179   (0)      4  : 0.0000 0.0000 1.0000 0.0000 0.0000 0.0000 0.0000 0.0000
180      180   (0)      4  : 0.0186 0.0000 0.0186 0.9628 0.0000 0.0000 0.0000 0.0000
181      181   (0)      4  : 0.0000 0.0000 0.0014 0.9865 0.0000 0.0000 0.0120 0.0000
182      182   (0)      4  : 0.0075 0.0000 0.0000 0.9925 0.0000 0.0000 0.0000 0.0000
183      183   (0)      4  : 0.6383 0.0000 0.0000 0.0000 0.0000 0.0000 0.3617 0.0000
184      184   (0)      4  : 0.5457 0.0000 0.0000 0.0000 0.0000 0.0000 0.4543 0.0000
185      185   (0)      4  : 0.0000 0.0000 1.0000 0.0000 0.0000 0.0000 0.0000 0.0000
186      186   (0)      4  : 0.0000 0.0000 0.0000 0.9767 0.0000 0.0000 0.0233 0.0000
187      187   (0)      4  : 0.0000 0.0000 0.0000 0.9330 0.0000 0.0000 0.0670 0.0000
188      188   (0)      4  : 0.0000 0.0000 1.0000 0.0000 0.0000 0.0000 0.0000 0.0000
189      189   (0)      4  : 0.0137 0.0000 0.0000 0.9629 0.0000 0.0000 0.0232 0.0002
190      190   (0)      4  : 0.1444 0.0000 0.0000 0.0000 0.0000 0.0000 0.8556 0.0000
191      191   (0)      4  : 0.0405 0.0000 0.1074 0.5926 0.0000 0.0000 0.1562 0.1032
192      192   (0)      4  : 0.0000 0.0000 0.0003 0.9762 0.0000 0.0000 0.0236 0.0000
193      193   (0)      4  : 0.0586 0.0000 0.0188 0.9219 0.0000 0.0000 0.0007 0.0000
194      194   (0)      4  : 0.0000 0.0000 0.0170 0.9409 0.0000 0.0000 0.0421 0.0000
195      195   (0)      4  : 0.0088 0.0000 0.0000 0.9862 0.0000 0.0000 0.0038 0.0012
196      196   (0)      4  : 0.0000 0.0000 0.0000 1.0000 0.0000 0.0000 0.0000 0.0000
197      197   (0)      4  : 0.0000 0.0000 0.0000 0.9736 0.0000 0.0000 0.0264 0.0000
198      198   (0)      4  : 0.0220 0.0000 0.0000 0.9780 0.0000 0.0000 0.0000 0.0000
199      199   (0)      4  : 0.0000 0.0000 0.0089 0.9531 0.0000 0.0000 0.0380 0.0000
200      200   (0)      4  : 0.4133 0.0000 0.0000 0.0272 0.0000 0.0000 0.5596 0.0000
201      201   (0)      4  : 0.0029 0.0000 0.0000 0.9715 0.0000 0.0000 0.0042 0.0214
202      202   (0)      4  : 0.0000 0.0000 0.0111 0.9889 0.0000 0.0000 0.0000 0.0000
203      203   (0)      4  : 0.0015 0.0000 0.0144 0.9396 0.0000 0.0000 0.0444 0.0000
204      204   (0)      4  : 0.0000 0.0000 0.0232 0.9489 0.0000 0.0000 0.0280 0.0000
205      205   (0)      4  : 0.0000 0.0000 0.0000 0.9485 0.0093 0.0000 0.0422 0.0000
206      206   (0)      4  : 0.0000 0.0000 0.0000 1.0000 0.0000 0.0000 0.0000 0.0000
207      207   (0)      4  : 0.0067 0.0000 0.0000 0.9933 0.0000 0.0000 0.0000 0.0000
208      208   (0)      4  : 0.3170 0.0000 0.0000 0.0459 0.0000 0.0000 0.6371 0.0000
209      209   (0)      4  : 0.0137 0.0000 0.0000 0.9580 0.0000 0.0000 0.0135 0.0148
210      210   (0)      4  : 0.0057 0.0000 0.0000 0.9893 0.0000 0.0000 0.0051 0.0000
211      211   (0)      4  : 0.0321 0.0000 0.0037 0.9639 0.0000 0.0000 0.0000 0.0003
212      212   (0)      4  : 0.4576 0.0000 0.0000 0.0000 0.0000 0.0000 0.5424 0.0000
213      213   (0)      4  : 0.0504 0.0000 0.0000 0.9378 0.0025 0.0027 0.0000 0.0066
214      214   (0)      4  : 0.0000 0.0000 0.0167 0.9480 0.0000 0.0000 0.0235 0.0118
215      215   (0)      4  : 0.2675 0.0000 0.0080 0.4793 0.0000 0.0000 0.2452 0.0000
216      216   (0)      4  : 0.0000 0.0000 0.0000 0.9730 0.0000 0.0000 0.0270 0.0000
217      217   (0)      4  : 0.0000 0.0000 1.0000 0.0000 0.0000 0.0000 0.0000 0.0000
218      218   (0)      4  : 0.0669 0.0000 0.0086 0.9174 0.0000 0.0000 0.0000 0.0071
219      219   (0)      4  : 0.0503 0.0000 0.0000 0.9497 0.0000 0.0000 0.0000 0.0000
220      220   (0)      5  : 0.0000 0.2957 0.0028 0.0000 0.0183 0.6832 0.0000 0.0000
221      221   (0)      5  : 0.0000 1.0000 0.0000 0.0000 0.0000 0.0000 0.0000 0.0000
222      222   (0)      6  : 0.0000 0.8769 0.0000 0.0000 0.0000 0.1231 0.0000 0.0000
223      223   (0)      6  : 0.0000 0.6959 0.0000 0.0000 0.0000 0.3041 0.0000 0.0000
224      224   (0)      6  : 0.0000 0.7808 0.0000 0.0000 0.0000 0.2106 0.0000 0.0086
225      225   (0)      6  : 0.0000 0.0002 0.0000 0.0000 0.0348 0.9650 0.0000 0.0000
226      226   (0)      6  : 0.0000 0.4897 0.0000 0.0000 0.0000 0.4907 0.0000 0.0196
227      227   (0)      6  : 0.0000 0.2094 0.0000 0.0000 0.0000 0.7905 0.0000 0.0002
228      228   (0)      6  : 0.0000 0.2791 0.0000 0.0000 0.0190 0.6752 0.0000 0.0267
229      229   (0)      6  : 0.0000 0.1382 0.0000 0.0000 0.0000 0.8618 0.0000 0.0000
230      230   (0)      6  : 0.0000 0.5337 0.0000 0.0000 0.0000 0.4579 0.0000 0.0084
231      231   (0)      6  : 0.0000 0.1927 0.0000 0.0000 0.0417 0.7655 0.0000 0.0000
232      232   (0)      6  : 0.0000 0.6846 0.0000 0.0000 0.0296 0.2858 0.0000 0.0000
233      233   (0)      6  : 0.0000 0.0967 0.0000 0.0000 0.0000 0.8819 0.0000 0.0214
234      234   (0)      6  : 0.0000 0.7876 0.0000 0.0000 0.0185 0.1939 0.0000 0.0000
235      235   (0)      6  : 0.0000 0.9000 0.0079 0.0000 0.0195 0.0726 0.0000 0.0000
236      236   (0)      6  : 0.0000 0.9868 0.0000 0.0000 0.0132 0.0000 0.0000 0.0000
237      237   (0)      6  : 0.0000 0.4609 0.0000 0.0000 0.0000 0.5314 0.0000 0.0076
238      238   (0)      6  : 0.0000 0.2570 0.0029 0.0000 0.0000 0.7401 0.0000 0.0000
239      239   (0)      6  : 0.0000 0.7884 0.0076 0.0000 0.0191 0.1849 0.0000 0.0000
240      240   (0)      6  : 0.0000 0.3274 0.0024 0.0000 0.0323 0.6379 0.0000 0.0000
241      241   (0)      6  : 0.0000 0.5000 0.0000 0.0000 0.0000 0.5000 0.0000 0.0000
242      242   (0)      6  : 0.0000 0.5971 0.0000 0.0000 0.0000 0.3901 0.0000 0.0128
243      243   (0)      6  : 0.0000 0.3789 0.0000 0.0000 0.0855 0.5327 0.0000 0.0029
244      244   (0)      6  : 0.0000 0.7093 0.0000 0.0000 0.0000 0.2907 0.0000 0.0000
245      245   (0)      6  : 0.0000 0.3268 0.0000 0.0000 0.0066 0.6642 0.0000 0.0024
246      246   (0)      6  : 0.0000 0.9138 0.0000 0.0000 0.0000 0.0862 0.0000 0.0000
247      247   (0)      6  : 0.0000 0.3527 0.0000 0.0000 0.0000 0.6465 0.0000 0.0008
248      248   (0)      6  : 0.0000 0.6684 0.0000 0.0000 0.0000 0.3164 0.0000 0.0153
249      249   (0)      7  : 0.0000 0.6094 0.0000 0.0000 0.0000 0.3906 0.0000 0.0000
250      250   (0)      7  : 0.0000 0.7880 0.0000 0.0000 0.0000 0.2120 0.0000 0.0000
251      251   (0)      7  : 0.0000 0.7410 0.0000 0.0000 0.0000 0.2590 0.0000 0.0000
252      252   (0)      7  : 0.0000 0.3374 0.0000 0.0000 0.0000 0.6626 0.0000 0.0000
253      253   (0)      7  : 0.0000 0.9001 0.0000 0.0000 0.0000 0.0999 0.0000 0.0000
254      254   (0)      7  : 0.0000 0.4887 0.0000 0.0000 0.0170 0.4943 0.0000 0.0000
255      255   (0)      7  : 0.0000 0.2771 0.0000 0.0000 0.0088 0.7140 0.0000 0.0001
256      256   (0)      7  : 0.0000 0.0000 0.0000 0.0000 0.0000 1.0000 0.0000 0.0000
257      257   (0)      7  : 0.0000 0.2696 0.0000 0.0000 0.0000 0.7304 0.0000 0.0000
258      258   (0)      7  : 0.0000 0.0007 0.0000 0.0000 0.0000 0.9993 0.0000 0.0000
259      259   (0)      7  : 0.0000 1.0000 0.0000 0.0000 0.0000 0.0000 0.0000 0.0000
260      260   (0)      7  : 0.0000 0.2485 0.0000 0.0000 0.0000 0.7515 0.0000 0.0000
261      261   (0)      7  : 0.0000 0.8370 0.0000 0.0000 0.0031 0.1579 0.0000 0.0021
262      262   (0)      7  : 0.0000 0.2606 0.0000 0.0000 0.0000 0.7394 0.0000 0.0000
263      263   (0)      7  : 0.0000 0.4930 0.0000 0.0000 0.0234 0.4836 0.0000 0.0000
264      264   (0)      7  : 0.0000 0.2611 0.0000 0.0000 0.0193 0.7197 0.0000 0.0000
265      265   (0)      7  : 0.0000 0.8229 0.0000 0.0000 0.0000 0.1771 0.0000 0.0000
266      266   (0)      7  : 0.0000 0.9771 0.0000 0.0000 0.0003 0.0037 0.0000 0.0190
267      267   (0)      7  : 0.0000 0.9570 0.0000 0.0000 0.0430 0.0000 0.0000 0.0000
268      268   (0)      7  : 0.0000 0.7205 0.0000 0.0000 0.0000 0.2795 0.0000 0.0000
269      269   (0)      7  : 0.0000 0.7927 0.0000 0.0000 0.0143 0.1902 0.0000 0.0028
270      270   (0)      7  : 0.0000 0.4890 0.0000 0.0000 0.0263 0.4847 0.0000 0.0000
271      271   (0)      7  : 0.0000 0.7148 0.0000 0.0000 0.0000 0.2852 0.0000 0.0000
272      272   (0)      7  : 0.0000 1.0000 0.0000 0.0000 0.0000 0.0000 0.0000 0.0000
273      273   (0)      7  : 0.0000 0.7756 0.0000 0.0000 0.0000 0.2131 0.0000 0.0112
274      274   (0)      7  : 0.0000 0.5729 0.0000 0.0000 0.0128 0.3967 0.0000 0.0175
275      275   (0)      7  : 0.0000 0.9938 0.0062 0.0000 0.0000 0.0000 0.0000 0.0000
276      276   (0)      7  : 0.0000 0.7678 0.0000 0.0000 0.0021 0.2301 0.0000 0.0000
277      277   (0)      7  : 0.0000 0.4191 0.0006 0.0000 0.0000 0.5714 0.0000 0.0088
278      278   (0)      7  : 0.0000 0.9963 0.0000 0.0000 0.0037 0.0000 0.0000 0.0000
279      279   (0)      8  : 0.0000 0.1634 0.0000 0.0000 0.0000 0.8366 0.0000 0.0000
280      280   (0)      8  : 0.0000 0.8057 0.0000 0.0000 0.0000 0.1850 0.0000 0.0092
281      281   (0)      8  : 0.0000 0.9553 0.0000 0.0000 0.0000 0.0299 0.0000 0.0148
282      282   (0)      8  : 0.0000 0.2387 0.0000 0.0000 0.0000 0.7528 0.0000 0.0085
283      283   (0)      8  : 0.0000 0.6306 0.0044 0.0000 0.0016 0.3414 0.0000 0.0220
284      284   (0)      8  : 0.0000 1.0000 0.0000 0.0000 0.0000 0.0000 0.0000 0.0000
285      285   (0)      8  : 0.0000 0.7700 0.0000 0.0000 0.0000 0.2253 0.0000 0.0047
286      286   (0)      8  : 0.0000 0.8969 0.0000 0.0000 0.0134 0.0897 0.0000 0.0000
287      287   (0)      8  : 0.0000 0.4942 0.0000 0.0000 0.0000 0.5058 0.0000 0.0000
288      288   (0)      8  : 0.0000 0.2792 0.0000 0.0000 0.0477 0.6732 0.0000 0.0000
289      289   (0)      8  : 0.0000 0.0000 0.0032 0.0000 0.0000 0.9888 0.0000 0.0079
290      290   (0)      5  : 0.0000 0.7904 0.0002 0.0000 0.0091 0.2003 0.0000 0.0000
291      291   (0)      5  : 0.0000 0.3050 0.0000 0.0000 0.0000 0.6950 0.0000 0.0000
292      292   (0)      5  : 0.0000 0.6916 0.0000 0.0000 0.0000 0.2953 0.0000 0.0131
293      293   (0)      5  : 0.0000 0.5681 0.0000 0.0000 0.0000 0.4005 0.0000 0.0315
294      294   (0)      5  : 0.0000 0.5619 0.0000 0.0000 0.0124 0.4256 0.0000 0.0000
295      295   (0)      5  : 0.0000 0.4431 0.0000 0.0000 0.0000 0.5569 0.0000 0.0000
296      296   (0)      5  : 0.0000 0.5478 0.0097 0.0000 0.0226 0.4095 0.0000 0.0103
297      297   (0)      5  : 0.0000 0.0000 0.0058 0.0000 0.0001 0.9817 0.0000 0.0124
298      298   (0)      5  : 0.0000 0.7631 0.0000 0.0000 0.0000 0.2369 0.0000 0.0000
299      299   (0)      5  : 0.0000 0.4321 0.0000 0.0000 0.0053 0.5626 0.0000 0.0000
300      300   (0)      5  : 0.0000 0.4014 0.0000 0.0000 0.0000 0.5986 0.0000 0.0000
301      301   (0)      5  : 0.0000 0.4761 0.0000 0.0000 0.0101 0.5137 0.0000 0.0000
302      302   (0)      5  : 0.0000 0.6209 0.0000 0.0000 0.0000 0.3791 0.0000 0.0000
303      303   (0)      5  : 0.0000 0.4020 0.0000 0.0000 0.0000 0.5980 0.0000 0.0000
304      304   (0)      5  : 0.0000 0.4454 0.0000 0.0000 0.0070 0.5470 0.0000 0.0006
305      305   (0)      5  : 0.0000 0.3904 0.0000 0.0000 0.0000 0.5932 0.0000 0.0164
306      306   (0)      5  : 0.0000 0.6436 0.0000 0.0000 0.0000 0.3564 0.0000 0.0000
307      307   (0)      5  : 0.0000 0.3865 0.0000 0.0000 0.0594 0.5502 0.0000 0.0038
308      308   (0)      5  : 0.0000 0.5048 0.0000 0.0000 0.0068 0.4693 0.0000 0.0191
309      309   (0)      5  : 0.0000 0.6657 0.0000 0.0000 0.0000 0.3287 0.0000 0.0056
310      310   (0)      5  : 0.0000 0.1580 0.0000 0.0000 0.0284 0.8136 0.0000 0.0000
311      311   (0)      5  : 0.0000 0.6242 0.0000 0.0000 0.0000 0.3575 0.0000 0.0183
312      312   (0)      5  : 0.0000 0.6849 0.0000 0.0000 0.0008 0.2909 0.0000 0.0234
313      313   (0)      5  : 0.0000 0.6702 0.0000 0.0000 0.0178 0.3120 0.0000 0.0000
314      314   (0)      5  : 0.0000 0.8268 0.0000 0.0000 0.0204 0.1528 0.0000 0.0000
315      315   (0)      5  : 0.0000 0.6932 0.0000 0.0000 0.0000 0.2941 0.0000 0.0126
316      316   (0)      5  : 0.0000 0.3348 0.0000 0.0000 0.0000 0.6573 0.0000 0.0079
317      317   (0)      5  : 0.0000 0.7415 0.0000 0.0000 0.0000 0.2585 0.0000 0.0000
318      318   (0)      8  : 0.0000 0.8409 0.0000 0.0000 0.0000 0.1591 0.0000 0.0000
319      319   (0)      8  : 0.0000 0.5885 0.0000 0.0000 0.0000 0.4112 0.0000 0.0003
320      320   (0)      9  : 0.0000 1.0000 0.0000 0.0000 0.0000 0.0000 0.0000 0.0000
321      321   (0)      9  : 0.0000 0.6377 0.0124 0.0000 0.0000 0.3361 0.0000 0.0138
322      322   (0)      9  : 0.0000 0.6132 0.0000 0.0000 0.0000 0.3868 0.0000 0.0000
323      323   (0)      9  : 0.0000 0.2623 0.0000 0.0000 0.0024 0.7352 0.0000 0.0000
324      324   (0)      9  : 0.0000 0.0914 0.0000 0.0000 0.0000 0.9086 0.0000 0.0000
325      325   (0)      8  : 0.0000 0.3802 0.0000 0.0000 0.0000 0.6198 0.0000 0.0000
326      326   (0)      8  : 0.0000 0.7613 0.0000 0.0000 0.0000 0.2387 0.0000 0.0000
327      327   (0)      8  : 0.0000 0.3482 0.0000 0.0000 0.0000 0.6518 0.0000 0.0000
328      328   (0)      8  : 0.0000 0.6160 0.0000 0.0000 0.0000 0.3840 0.0000 0.0000
329      329   (0)      8  : 0.0000 0.6490 0.0000 0.0000 0.0000 0.3510 0.0000 0.0000
330      330   (0)      9  : 0.0000 0.9892 0.0000 0.0000 0.0000 0.0000 0.0000 0.0108
331      331   (0)      9  : 0.0000 0.8501 0.0000 0.0000 0.0000 0.1499 0.0000 0.0000
332      332   (0)      9  : 0.0000 0.7663 0.0000 0.0000 0.0000 0.2257 0.0000 0.0080
333      333   (0)      9  : 0.0000 0.5000 0.0000 0.0000 0.0000 0.5000 0.0000 0.0000
334      334   (0)      9  : 0.0000 0.7634 0.0000 0.0000 0.0000 0.2311 0.0000 0.0055
335      335   (0)      9  : 0.0000 0.1118 0.0000 0.0000 0.0000 0.8882 0.0000 0.0000
336      336   (0)      8  : 0.0000 0.2498 0.0000 0.0000 0.0000 0.7473 0.0000 0.0029
337      337   (0)      8  : 0.0000 0.7153 0.0000 0.0000 0.0000 0.2665 0.0000 0.0182
338      338   (0)      8  : 0.0000 0.0000 0.0000 0.0000 0.0000 0.9981 0.0000 0.0019
339      339   (0)      8  : 0.0000 0.1590 0.0000 0.0000 0.0000 0.8332 0.0000 0.0078
340      340   (0)      8  : 0.0000 0.9999 0.0000 0.0000 0.0000 0.0001 0.0000 0.0000
341      341   (0)      8  : 0.0000 0.4491 0.0000 0.0000 0.0452 0.4842 0.0000 0.0214
342      342   (0)      8  : 0.0000 0.2526 0.0000 0.0000 0.0000 0.7474 0.0000 0.0000
343      343   (0)      9  : 0.0000 0.2526 0.0000 0.0000 0.0000 0.7387 0.0000 0.0087
344      344   (0)      9  : 0.0000 0.5000 0.0000 0.0000 0.0000 0.5000 0.0000 0.0000
345      345   (0)      9  : 0.0000 0.6386 0.0000 0.0000 0.0000 0.3614 0.0000 0.0000
346      346   (0)      9  : 0.0000 0.7679 0.0000 0.0000 0.0251 0.2070 0.0000 0.0000
347      347   (0)      9  : 0.0000 0.4999 0.0000 0.0000 0.0113 0.4888 0.0000 0.0000
348      348   (0)      9  : 0.0000 0.9814 0.0000 0.0000 0.0002 0.0000 0.0000 0.0184
349      349   (0)      9  : 0.0000 0.2573 0.0000 0.0000 0.0402 0.6720 0.0000 0.0305
350      350   (0)      9  : 0.0000 0.3414 0.0000 0.0000 0.0023 0.6563 0.0000 0.0000
351      351   (0)      9  : 0.0000 0.8509 0.0000 0.0000 0.0370 0.1121 0.0000 0.0000
352      352   (0)      9  : 0.0000 0.2803 0.0000 0.0000 0.0295 0.6890 0.0000 0.0012
353      353   (0)      9  : 0.0000 0.6774 0.0000 0.0000 0.0379 0.2847 0.0000 0.0000
354      354   (0)      9  : 0.0000 0.3594 0.0000 0.0000 0.0000 0.6406 0.0000 0.0000
355      355   (0)      9  : 0.0000 0.6563 0.0000 0.0000 0.0000 0.3344 0.0000 0.0093
356      356   (0)      9  : 0.0000 0.3395 0.0000 0.0000 0.0217 0.6388 0.0000 0.0000
357      357   (0)      9  : 0.0000 0.5497 0.0002 0.0000 0.0000 0.4501 0.0000 0.0000
358      358   (0)      9  : 0.0000 0.6835 0.0000 0.0000 0.0401 0.2764 0.0000 0.0000
359      359   (0)      9  : 0.0000 0.0322 0.0000 0.0000 0.0297 0.9381 0.0000 0.0000
360      360   (0)      9  : 0.0000 0.5815 0.0000 0.0000 0.0000 0.4185 0.0000 0.0000
361      361   (0)      9  : 0.0000 0.1264 0.0000 0.0000 0.0000 0.8736 0.0000 0.0000
362      362   (0)     10  : 0.0000 0.9965 0.0000 0.0000 0.0000 0.0035 0.0000 0.0000
363      363   (0)     10  : 0.0000 0.8355 0.0000 0.0000 0.0000 0.1587 0.0000 0.0058
364      364   (0)     10  : 0.0000 0.7861 0.0000 0.0000 0.0000 0.2139 0.0000 0.0000
365      365   (0)     10  : 0.0000 0.4964 0.0103 0.0000 0.0000 0.4933 0.0000 0.0000
366      366   (0)     10  : 0.0000 0.1284 0.0000 0.0000 0.0000 0.8716 0.0000 0.0000
367      367   (0)     10  : 0.0000 0.6744 0.0000 0.0000 0.0235 0.3021 0.0000 0.0000
368      368   (0)     10  : 0.0000 0.5770 0.0000 0.0000 0.0000 0.4230 0.0000 0.0000
369      369   (0)     10  : 0.0000 0.1981 0.0000 0.0000 0.0000 0.8019 0.0000 0.0000
370      370   (0)     10  : 0.0000 0.6635 0.0000 0.0000 0.0523 0.2842 0.0000 0.0000
371      371   (0)     10  : 0.0000 0.3152 0.0000 0.0000 0.0185 0.6663 0.0000 0.0000
372      372   (0)     10  : 0.0000 0.7733 0.0000 0.0000 0.0000 0.2267 0.0000 0.0000
373      373   (0)     10  : 0.0000 0.5304 0.0000 0.0000 0.0000 0.4696 0.0000 0.0000
374      374   (0)     10  : 0.0000 0.5000 0.0000 0.0000 0.0000 0.5000 0.0000 0.0000
375      375   (0)     10  : 0.0000 0.8548 0.0000 0.0000 0.0000 0.1452 0.0000 0.0000
376      376   (0)     10  : 0.0000 0.7217 0.0000 0.0000 0.0000 0.2529 0.0000 0.0254
377      377   (0)     10  : 0.0000 0.7353 0.0000 0.0000 0.0000 0.2339 0.0000 0.0308
378      378   (0)     10  : 0.0000 0.9532 0.0000 0.0000 0.0000 0.0468 0.0000 0.0000
379      379   (0)     10  : 0.0000 0.6696 0.0000 0.0000 0.0531 0.2773 0.0000 0.0000
380      380   (0)     10  : 0.0000 0.0217 0.0000 0.0000 0.0000 0.9783 0.0000 0.0000
381      381   (0)     10  : 0.0000 0.8721 0.0000 0.0000 0.0059 0.1220 0.0000 0.0000
382      382   (0)     10  : 0.0000 0.0272 0.0000 0.0000 0.0000 0.9728 0.0000 0.0000
383      383   (0)     10  : 0.0000 0.5214 0.0000 0.0000 0.0505 0.4152 0.0000 0.0128
384      384   (0)     10  : 0.0000 0.9987 0.0011 0.0000 0.0000 0.0002 0.0000 0.0000
385      385   (0)     10  : 0.0000 0.5433 0.0000 0.0000 0.0000 0.4567 0.0000 0.0000
386      386   (0)     10  : 0.0000 0.9890 0.0000 0.0000 0.0061 0.0000 0.0000 0.0050
387      387   (0)     10  : 0.0000 0.8294 0.0111 0.0000 0.0000 0.1595 0.0000 0.0000
388      388   (0)     10  : 0.0000 0.8050 0.0000 0.0000 0.0068 0.1881 0.0000 0.0000
389      389   (0)     10  : 0.0000 0.6883 0.0000 0.0000 0.0000 0.3117 0.0000 0.0000
390      390   (0)      8  : 0.0000 0.8656 0.0000 0.0000 0.0493 0.0851 0.0000 0.0000
391      391   (0)      8  : 0.0000 0.1765 0.0045 0.0000 0.0000 0.8190 0.0000 0.0000
392      392   (0)      8  : 0.0000 0.0000 0.0000 0.0000 0.0000 0.9947 0.0000 0.0053
393      393   (0)     11  : 0.0000 0.2919 0.0000 0.0000 0.0006 0.7037 0.0000 0.0038
394      394   (0)     11  : 0.0000 0.2263 0.0000 0.0000 0.0000 0.7735 0.0000 0.0002
395      395   (0)     11  : 0.0099 0.2011 0.0000 0.0000 0.0000 0.7486 0.0103 0.0302
396      396   (0)     11  : 0.0400 0.1460 0.0000 0.0000 0.0301 0.7726 0.0052 0.0061
397      397   (0)     11  : 0.0000 0.7816 0.0041 0.0000 0.0000 0.2124 0.0000 0.0019
398      398   (0)     11  : 0.0000 0.7538 0.0000 0.0000 0.0000 0.2462 0.0000 0.0000
399      399   (0)     11  : 0.0000 0.3357 0.0000 0.0000 0.0000 0.6643 0.0000 0.0000
400      400   (0)     11  : 0.0000 0.5908 0.0086 0.0000 0.0000 0.4007 0.0000 0.0000
401      401   (0)     11  : 0.0000 0.2126 0.0000 0.0000 0.0000 0.7738 0.0136 0.0000
402      402   (0)     11  : 0.0000 0.2101 0.0000 0.0000 0.0000 0.7899 0.0000 0.0000
403      403   (0)     11  : 0.0000 0.8138 0.0000 0.0000 0.0000 0.1811 0.0000 0.0051
404      404   (0)     11  : 0.0000 0.6845 0.0000 0.0000 0.0136 0.3018 0.0000 0.0000
405      405   (0)     11  : 0.0017 0.0000 0.0000 0.0000 0.0725 0.9093 0.0000 0.0165
406      406   (0)     11  : 0.0010 0.4653 0.0000 0.0000 0.0000 0.5277 0.0000 0.0059
407      407   (0)     11  : 0.0000 0.1280 0.0000 0.0000 0.0000 0.8684 0.0000 0.0037
408      408   (0)     11  : 0.0000 0.5401 0.0000 0.0000 0.0083 0.4516 0.0000 0.0000
409      409   (0)     11  : 0.0007 0.6406 0.0042 0.0008 0.0043 0.3269 0.0029 0.0196
410      410   (0)     11  : 0.0000 0.3403 0.0000 0.0000 0.0000 0.6577 0.0000 0.0020
411      411   (0)     11  : 0.0000 0.7264 0.0000 0.0000 0.0000 0.2736 0.0000 0.0000
412      412   (0)     11  : 0.0000 0.5637 0.0000 0.0000 0.0000 0.4343 0.0000 0.0020
413      413   (0)     11  : 0.0000 0.9478 0.0000 0.0000 0.0522 0.0000 0.0000 0.0000
414      414   (0)     11  : 0.0000 0.3607 0.0000 0.0000 0.0000 0.6393 0.0000 0.0000
415      415   (0)     11  : 0.0000 0.3955 0.0000 0.0000 0.0000 0.5884 0.0000 0.0161
416      416   (0)     11  : 0.0000 0.8355 0.0000 0.0000 0.0000 0.1336 0.0000 0.0308
417      417   (0)     11  : 0.0000 0.2918 0.0000 0.0000 0.0000 0.7082 0.0000 0.0000
418      418   (0)     11  : 0.0000 0.3743 0.0000 0.0000 0.0292 0.5765 0.0200 0.0000
419      419   (0)     11  : 0.0000 0.0755 0.0000 0.0000 0.0103 0.9141 0.0000 0.0000
420      420   (0)     11  : 0.0000 0.1163 0.0000 0.0000 0.0000 0.8812 0.0000 0.0024
421      421   (0)     11  : 0.0000 0.0000 0.0025 0.0000 0.0000 0.9919 0.0000 0.0056
422      422   (0)     11  : 0.0000 0.0000 0.0000 0.0000 0.0093 0.9907 0.0000 0.0000
423      423   (0)     12  : 0.1858 0.0000 0.0000 0.0000 0.0000 0.0000 0.8142 0.0000
424      424   (0)     12  : 0.0000 0.1075 0.0000 0.0000 0.7990 0.0000 0.0000 0.0935
425      425   (0)     12  : 0.9116 0.0000 0.0000 0.0000 0.0000 0.0000 0.0884 0.0000
426      426   (0)     12  : 0.0000 0.0315 0.0000 0.0000 0.5334 0.0001 0.0000 0.4350
427      427   (0)     12  : 0.5597 0.0000 0.0000 0.0000 0.0000 0.0000 0.4403 0.0000
428      428   (0)     12  : 0.3941 0.0000 0.0000 0.0511 0.0198 0.0000 0.5350 0.0000
429      429   (0)     12  : 0.0000 0.0000 0.0000 0.0000 0.0000 0.0000 0.0000 1.0000
430      430   (0)     12  : 0.6941 0.0000 0.0000 0.0075 0.0000 0.0000 0.2971 0.0013
431      431   (0)     12  : 0.6924 0.0000 0.0045 0.0090 0.0000 0.0000 0.2941 0.0000
432      432   (0)     12  : 0.0000 0.0000 0.0000 0.0000 0.9692 0.0000 0.0000 0.0308
433      433   (0)     12  : 0.8031 0.0000 0.0000 0.0000 0.0000 0.0000 0.1858 0.0111
434      434   (0)     12  : 0.7437 0.0000 0.0000 0.0000 0.0000 0.0000 0.2563 0.0000
435      435   (0)     12  : 0.3102 0.0000 0.0015 0.0138 0.0000 0.0000 0.6672 0.0073
436      436   (0)     12  : 0.6750 0.0000 0.0013 0.0096 0.0000 0.0000 0.3142 0.0000
437      437   (0)     12  : 0.7598 0.0000 0.0000 0.0000 0.0000 0.0000 0.2072 0.0330
438      438   (0)     12  : 0.2134 0.0000 0.0000 0.0000 0.0000 0.0000 0.7866 0.0000
439      439   (0)     12  : 0.0000 0.0000 0.0000 0.0000 0.9988 0.0000 0.0000 0.0012
440      440   (0)     12  : 0.0000 0.0000 0.0000 0.0000 0.9764 0.0000 0.0000 0.0236
441      441   (0)     12  : 0.7347 0.0000 0.0000 0.0000 0.0000 0.0000 0.2653 0.0000
442      442   (0)     12  : 0.0000 0.0000 0.0000 0.0000 0.4598 0.0000 0.0000 0.5402
443      443   (0)     12  : 0.7589 0.0000 0.0000 0.0000 0.0000 0.0000 0.2411 0.0000
444      444   (0)     12  : 0.7732 0.0000 0.0000 0.0021 0.0000 0.0000 0.2247 0.0000
445      445   (0)     12  : 0.5098 0.0000 0.0000 0.0000 0.0000 0.0000 0.4902 0.0000
446      446   (0)     12  : 1.0000 0.0000 0.0000 0.0000 0.0000 0.0000 0.0000 0.0000
447      447   (0)     12  : 0.7697 0.0000 0.0000 0.0000 0.0000 0.0000 0.2303 0.0000
448      448   (0)     12  : 0.8148 0.0000 0.0000 0.0000 0.0000 0.0000 0.1852 0.0000
449      449   (0)     12  : 0.8558 0.0000 0.0000 0.0000 0.0000 0.0000 0.1442 0.0000
450      450   (0)     12  : 1.0000 0.0000 0.0000 0.0000 0.0000 0.0000 0.0000 0.0000
451      451   (0)     12  : 0.4825 0.0000 0.0000 0.0297 0.0000 0.0000 0.4878 0.0000
452      452   (0)     12  : 0.4737 0.0000 0.0000 0.0014 0.0006 0.0000 0.5243 0.0000
453      453   (0)     13  : 0.4154 0.0000 0.0000 0.0000 0.0000 0.0000 0.5846 0.0000
454      454   (0)     13  : 0.7489 0.0000 0.0044 0.0000 0.0000 0.0000 0.2468 0.0000
455      455   (0)     13  : 0.5222 0.0000 0.0000 0.0000 0.0000 0.0000 0.4778 0.0000
456      456   (0)     13  : 0.0000 0.0000 0.0000 0.0000 0.9486 0.0000 0.0000 0.0514
457      457   (0)     13  : 0.7082 0.0000 0.0000 0.0386 0.0029 0.0000 0.2503 0.0000
458      458   (0)     13  : 0.4659 0.0000 0.0000 0.0000 0.0000 0.0000 0.5341 0.0000
459      459   (0)     13  : 0.4432 0.0000 0.0000 0.0000 0.0000 0.0000 0.5568 0.0000
460      460   (0)     13  : 0.7504 0.0000 0.0000 0.0000 0.0000 0.0000 0.2496 0.0000
461      461   (0)     13  : 0.5998 0.0000 0.0000 0.0000 0.0000 0.0000 0.4002 0.0000
462      462   (0)     13  : 0.1973 0.0000 0.0014 0.0095 0.0000 0.0000 0.7917 0.0000
463      463   (0)     13  : 1.0000 0.0000 0.0000 0.0000 0.0000 0.0000 0.0000 0.0000
464      464   (0)     13  : 0.0000 0.0000 0.0162 0.9540 0.0000 0.0000 0.0298 0.0000
465      465   (0)     13  : 0.7556 0.0000 0.0016 0.0000 0.0068 0.0000 0.2359 0.0000
466      466   (0)     13  : 0.1875 0.0000 0.0000 0.0000 0.0000 0.0000 0.8125 0.0000
467      467   (0)     13  : 0.6925 0.0000 0.0000 0.0047 0.0000 0.0000 0.3028 0.0000
468      468   (0)     13  : 0.0598 0.0043 0.0000 0.9136 0.0000 0.0000 0.0159 0.0064
469      469   (0)     13  : 0.0000 0.0000 0.0000 0.9874 0.0000 0.0000 0.0000 0.0126
470      470   (0)     13  : 0.6333 0.0000 0.0000 0.0000 0.0000 0.0000 0.3667 0.0000
471      471   (0)     13  : 0.5416 0.0000 0.0000 0.0000 0.0000 0.0237 0.4188 0.0160
472      472   (0)     13  : 0.0000 0.0000 0.0000 0.0000 0.0000 0.0000 1.0000 0.0000
473      473   (0)     13  : 0.0258 0.0000 0.0000 0.0000 0.8364 0.0932 0.0255 0.0191
474      474   (0)     13  : 0.7422 0.0000 0.0000 0.0000 0.0000 0.0000 0.2578 0.0000
475      475   (0)     13  : 0.4394 0.0000 0.0000 0.0000 0.0000 0.0000 0.5606 0.0000
476      476   (0)     13  : 0.0000 0.0000 0.0000 0.0000 0.9442 0.0000 0.0000 0.0558
477      477   (0)     13  : 0.5438 0.0000 0.0000 0.0200 0.0000 0.0000 0.4212 0.0150
478      478   (0)     13  : 0.1629 0.0000 0.0100 0.0000 0.0000 0.0000 0.8234 0.0037
479      479   (0)     13  : 1.0000 0.0000 0.0000 0.0000 0.0000 0.0000 0.0000 0.0000
480      480   (0)     13  : 0.0000 0.0000 0.0000 0.0000 0.8867 0.0000 0.0000 0.1133
481      481   (0)     13  : 0.1170 0.0000 0.0192 0.8492 0.0000 0.0000 0.0000 0.0145
482      482   (0)     13  : 0.6743 0.0000 0.0000 0.0129 0.0000 0.0000 0.3129 0.0000
483      483   (0)     14  : 0.5908 0.0000 0.0000 0.0000 0.0000 0.0000 0.4092 0.0000
484      484   (0)     14  : 0.8475 0.0000 0.0000 0.0000 0.0000 0.0000 0.1525 0.0000
485      485   (0)     15  : 1.0000 0.0000 0.0000 0.0000 0.0000 0.0000 0.0000 0.0000
486      486   (0)     15  : 0.7388 0.0000 0.0000 0.0000 0.0000 0.0000 0.2612 0.0000
487      487   (0)     15  : 0.6085 0.0000 0.0000 0.0000 0.0000 0.0000 0.3915 0.0000
488      488   (0)     15  : 0.4216 0.0000 0.0000 0.0000 0.0000 0.0000 0.5784 0.0000
489      489   (0)     15  : 0.0000 0.0000 0.0000 0.0000 1.0000 0.0000 0.0000 0.0000
490      490   (0)     15  : 0.0000 0.0000 0.0000 0.0000 0.9559 0.0000 0.0000 0.0441
491      491   (0)     15  : 0.4956 0.0000 0.0000 0.0000 0.0000 0.0000 0.5044 0.0000
492      492   (0)     15  : 0.0000 0.0000 0.0000 0.0000 1.0000 0.0000 0.0000 0.0000
493      493   (0)     15  : 0.4482 0.0000 0.0159 0.0000 0.0000 0.0000 0.5359 0.0000
494      494   (0)     15  : 0.2119 0.0000 0.0000 0.0000 0.0000 0.0000 0.7881 0.0000
495      495   (0)     15  : 1.0000 0.0000 0.0000 0.0000 0.0000 0.0000 0.0000 0.0000
496      496   (0)     15  : 0.1841 0.0000 0.0026 0.0000 0.0000 0.0000 0.8133 0.0000
497      497   (0)     15  : 0.3880 0.0000 0.0000 0.0004 0.0000 0.0000 0.6115 0.0000
498      498   (0)     15  : 0.1993 0.0000 0.0000 0.0189 0.0000 0.0000 0.7818 0.0000
499      499   (0)     15  : 0.6140 0.0000 0.0000 0.0033 0.0000 0.0000 0.3827 0.0000
500      500   (0)     15  : 0.7934 0.0000 0.0000 0.0000 0.0000 0.0000 0.2066 0.0000
501      501   (0)     15  : 0.5303 0.0000 0.0000 0.0000 0.0000 0.0000 0.4541 0.0156
502      502   (0)     15  : 0.3484 0.0000 0.0000 0.0000 0.0000 0.0000 0.6516 0.0000
503      503   (0)     15  : 0.5000 0.0000 0.0000 0.0000 0.0000 0.0000 0.5000 0.0000
504      504   (0)     15  : 0.8767 0.0000 0.0000 0.0000 0.0000 0.0000 0.1233 0.0000
505      505   (0)     15  : 0.7919 0.0000 0.0007 0.0068 0.0000 0.0000 0.2006 0.0000
506      506   (0)     15  : 0.4270 0.0000 0.0000 0.0000 0.0000 0.0000 0.5730 0.0000
507      507   (0)     15  : 0.5395 0.0000 0.0000 0.0000 0.0000 0.0000 0.4605 0.0000
508      508   (0)     15  : 0.6533 0.0000 0.0000 0.0131 0.0004 0.0000 0.3331 0.0000
509      509   (0)     15  : 0.0000 0.0000 0.0000 0.0000 1.0000 0.0000 0.0000 0.0000
510      510   (0)     15  : 0.0000 0.0000 0.0000 0.0000 1.0000 0.0000 0.0000 0.0000
511      511   (0)     15  : 0.8488 0.0199 0.0105 0.0000 0.0080 0.0000 0.1129 0.0000
512      512   (0)     15  : 0.1791 0.0000 0.0000 0.0000 0.0000 0.0000 0.8209 0.0000
513      513   (0)     15  : 0.8697 0.0000 0.0000 0.0000 0.0000 0.0000 0.1303 0.0000
514      514   (0)     15  : 0.4304 0.0000 0.0000 0.0154 0.0000 0.0000 0.5542 0.0000
515      515   (0)     16  : 0.0580 0.0000 0.0046 0.9374 0.0000 0.0000 0.0000 0.0000
516      516   (0)     16  : 0.5898 0.0000 0.0058 0.0000 0.0000 0.0000 0.4044 0.0000
517      517   (0)     16  : 0.0000 0.0000 0.0000 0.0000 0.8595 0.0360 0.0000 0.1045
518      518   (0)     16  : 0.8227 0.0000 0.0188 0.0018 0.0000 0.0000 0.1567 0.0000
519      519   (0)     16  : 0.1685 0.0000 0.0000 0.0000 0.0000 0.0000 0.8315 0.0000
520      520   (0)     16  : 0.5494 0.0000 0.0000 0.0209 0.0000 0.0000 0.4297 0.0000
521      521   (0)     16  : 0.4344 0.0000 0.0000 0.0030 0.0000 0.0000 0.5626 0.0000
522      522   (0)     16  : 0.0000 0.0000 0.0000 0.0000 0.0000 0.0000 0.0000 1.0000
523      523   (0)     16  : 0.0000 0.0000 0.0000 0.0000 0.0000 0.0000 1.0000 0.0000
524      524   (0)     16  : 0.0000 0.0273 0.0000 0.0000 0.8527 0.0220 0.0000 0.0979
525      525   (0)     16  : 0.5989 0.0000 0.0000 0.0000 0.0000 0.0000 0.4011 0.0000
526      526   (0)     16  : 0.0000 0.0000 0.0000 0.0000 0.0000 0.0000 1.0000 0.0000
527      527   (0)     16  : 0.0000 0.0000 0.0000 0.0000 0.8855 0.0000 0.0000 0.1145
528      528   (0)     16  : 0.6797 0.0000 0.0000 0.0226 0.0000 0.0000 0.2977 0.0000
529      529   (0)     16  : 0.7528 0.0000 0.0000 0.0048 0.0000 0.0000 0.2424 0.0000
530      530   (0)     16  : 0.9631 0.0000 0.0000 0.0369 0.0000 0.0000 0.0000 0.0000
531      531   (0)     16  : 0.8368 0.0000 0.0000 0.0000 0.0000 0.0000 0.1632 0.0000
532      532   (0)     16  : 0.0000 0.0000 0.0000 0.0000 0.0000 0.0000 0.0000 1.0000
533      533   (0)     16  : 0.0000 0.0000 0.0000 0.0000 0.0000 0.0000 0.0000 1.0000
534      534   (0)     16  : 0.2761 0.0000 0.0000 0.0000 0.0000 0.0000 0.7239 0.0000
535      535   (0)     16  : 1.0000 0.0000 0.0000 0.0000 0.0000 0.0000 0.0000 0.0000
536      536   (0)     16  : 0.5792 0.0000 0.0000 0.0065 0.0000 0.0000 0.4143 0.0000
537      537   (0)     16  : 0.2695 0.0000 0.0000 0.0000 0.0000 0.0000 0.7305 0.0000
538      538   (0)     16  : 0.0000 0.0000 0.0000 0.0000 0.0000 0.0000 1.0000 0.0000
539      539   (0)     16  : 0.2570 0.0000 0.0000 0.0000 0.0000 0.0000 0.7430 0.0000
540      540   (0)     16  : 0.3761 0.0000 0.0000 0.0000 0.0000 0.0000 0.6239 0.0000
541      541   (0)     16  : 0.0000 0.0000 1.0000 0.0000 0.0000 0.0000 0.0000 0.0000
542      542   (0)     16  : 0.0000 0.0000 0.0000 0.0000 0.0000 0.0000 1.0000 0.0000
543      543   (0)     16  : 0.3606 0.0000 0.0000 0.0000 0.0000 0.0000 0.6394 0.0000
544      544   (0)     16  : 0.8367 0.0000 0.0000 0.0000 0.0000 0.0000 0.1633 0.0000
