  1        1   (0)      1 :  0.0327 0.1347 0.3775 0.0000 0.0084 0.4424 0.0000 0.0041 0.0001 0.0000 0.0000 0.0000 0.0000 
  2        2   (0)      1 :  0.0000 0.3491 0.3929 0.0000 0.0000 0.0439 0.0000 0.0252 0.0000 0.1127 0.0000 0.0725 0.0037 
  3        3   (0)      1 :  0.0003 0.0000 0.0334 0.0793 0.6063 0.0002 0.0000 0.0386 0.1606 0.0544 0.0000 0.0269 0.0000 
  4        4   (0)      1 :  0.0000 0.1014 0.5597 0.0000 0.0000 0.2330 0.0000 0.0009 0.0000 0.0000 0.0000 0.1050 0.0000 
  5        5   (0)      1 :  0.0000 0.0179 0.7741 0.0000 0.0000 0.0000 0.0000 0.0497 0.0328 0.0846 0.0000 0.0410 0.0000 
  6        6   (0)      1 :  0.0244 0.2529 0.0427 0.0000 0.2779 0.3493 0.0000 0.0104 0.0000 0.0066 0.0000 0.0219 0.0141 
  7        7   (0)      1 :  0.0000 0.0000 0.1556 0.0457 0.0000 0.0000 0.0000 0.0505 0.7239 0.0085 0.0000 0.0159 0.0000 
  8        8   (0)      2 :  0.0000 0.1264 0.7782 0.0000 0.0000 0.0000 0.0000 0.0072 0.0000 0.0000 0.0000 0.0882 0.0000 
  9        9   (0)      1 :  0.0000 0.3497 0.5791 0.0000 0.0000 0.0000 0.0000 0.0148 0.0177 0.0000 0.0000 0.0356 0.0031 
 10       10   (0)      3 :  0.0000 0.0536 0.0000 0.0000 0.0000 0.3934 0.0000 0.0178 0.0000 0.4590 0.0000 0.0761 0.0000 
 11       11   (0)      4 :  0.0148 0.0000 0.1386 0.0161 0.0000 0.0000 0.0014 0.1894 0.0000 0.4026 0.0292 0.2079 0.0000 
 12       12   (0)      4 :  0.0000 0.4606 0.0252 0.0047 0.0000 0.1042 0.0000 0.0373 0.0010 0.2890 0.0099 0.0681 0.0000 
 13       13   (0)      4 :  0.0000 0.0000 0.1249 0.0000 0.0362 0.3699 0.0000 0.0562 0.0099 0.3322 0.0089 0.0618 0.0000 
 14       14   (0)      4 :  0.0000 0.0000 0.2746 0.0000 0.0000 0.0000 0.0000 0.2000 0.0000 0.3746 0.0008 0.1500 0.0000 
 15       15   (0)      4 :  0.0000 0.2903 0.1749 0.0038 0.0000 0.0000 0.0000 0.0158 0.0000 0.4914 0.0054 0.0174 0.0010 
 16       16   (0)      4 :  0.0000 0.0047 0.0000 0.0000 0.6672 0.2712 0.0000 0.0000 0.0569 0.0000 0.0000 0.0000 0.0000 
 17       17   (0)      5 :  0.0000 0.3155 0.1912 0.0000 0.0000 0.2389 0.0000 0.0171 0.0000 0.2041 0.0067 0.0265 0.0000 
 18       18   (0)      4 :  0.0000 0.0142 0.0449 0.0000 0.0126 0.4714 0.0000 0.0335 0.0000 0.3975 0.0000 0.0259 0.0000 
 19       19   (0)      5 :  0.0000 0.2884 0.2415 0.0000 0.0000 0.0476 0.0000 0.0227 0.0000 0.3807 0.0000 0.0192 0.0000 
 20       20   (0)      5 :  0.0000 0.3094 0.0027 0.0000 0.0000 0.0000 0.0000 0.0357 0.0000 0.5588 0.0000 0.0934 0.0000 
 21       21   (0)      5 :  0.0000 0.0000 0.0000 0.0000 0.0000 0.3264 0.0000 0.0324 0.0000 0.6006 0.0000 0.0405 0.0000 
 22       22   (0)      5 :  0.0000 0.3600 0.0000 0.0000 0.0000 0.0000 0.0000 0.0164 0.0000 0.5987 0.0000 0.0249 0.0000 
 23       23   (0)      5 :  0.0000 0.0025 0.0000 0.0000 0.0000 0.6315 0.0000 0.0189 0.0000 0.3325 0.0000 0.0145 0.0000 
 24       24   (0)      5 :  0.0000 0.0000 0.0000 0.0000 0.0000 0.3609 0.0000 0.0168 0.0000 0.6005 0.0000 0.0218 0.0000 
 25       25   (0)      5 :  0.0000 0.2553 0.0098 0.0000 0.0032 0.1714 0.0000 0.0466 0.0173 0.4270 0.0000 0.0693 0.0000 
 26       26   (0)      5 :  0.0000 0.0000 0.0000 0.0000 0.0129 0.3947 0.0010 0.0097 0.0028 0.5670 0.0000 0.0120 0.0000 
 27       27   (0)      5 :  0.0000 0.1009 0.1274 0.0000 0.0086 0.0000 0.0023 0.0321 0.0000 0.5906 0.0347 0.1034 0.0000 
 28       28   (0)      5 :  0.0000 0.0072 0.0000 0.0000 0.0000 0.5278 0.0000 0.0172 0.0000 0.4363 0.0000 0.0115 0.0000 
 29       29   (0)      5 :  0.0000 0.0756 0.0000 0.0000 0.0000 0.0000 0.0000 0.0469 0.0000 0.8333 0.0000 0.0442 0.0000 
 30       30   (0)      5 :  0.0000 0.6565 0.0000 0.0000 0.0000 0.0000 0.0000 0.0055 0.0000 0.2979 0.0000 0.0400 0.0000 
 31       31   (0)      5 :  0.0000 0.2649 0.0653 0.0000 0.0001 0.2478 0.0000 0.0236 0.0000 0.3457 0.0094 0.0404 0.0029 
 32       32   (0)      5 :  0.0000 0.0968 0.0000 0.0000 0.0000 0.1899 0.0000 0.0534 0.0088 0.5965 0.0000 0.0546 0.0000 
 33       33   (0)      5 :  0.0000 0.3108 0.0000 0.0000 0.0000 0.5568 0.0000 0.0038 0.0000 0.1208 0.0053 0.0025 0.0000 
 34       34   (0)      5 :  0.0000 0.2328 0.0000 0.0000 0.0000 0.4397 0.0000 0.0052 0.0000 0.3090 0.0000 0.0133 0.0000 
 35       35   (0)      5 :  0.0000 0.5979 0.0019 0.0000 0.0000 0.0857 0.0000 0.0066 0.0000 0.2624 0.0000 0.0455 0.0000 
 36       36   (0)      5 :  0.0000 0.2271 0.0000 0.0000 0.0000 0.0000 0.0000 0.0303 0.0000 0.6817 0.0161 0.0447 0.0000 
 37       37   (0)      5 :  0.0000 0.3378 0.0001 0.0000 0.0000 0.0889 0.0000 0.0255 0.0000 0.5267 0.0019 0.0191 0.0000 
 38       38   (0)      5 :  0.0000 0.0204 0.0001 0.0000 0.0000 0.3207 0.0000 0.0146 0.0000 0.6279 0.0000 0.0163 0.0000 
 39       39   (0)      5 :  0.0000 0.1636 0.0000 0.0000 0.0000 0.1083 0.0000 0.0701 0.0000 0.5969 0.0093 0.0518 0.0000 
 40       40   (0)      5 :  0.0000 0.4273 0.0000 0.0000 0.0000 0.0292 0.0000 0.0268 0.0042 0.4964 0.0000 0.0160 0.0000 
 41       41   (0)      5 :  0.0000 0.0000 0.0000 0.0000 0.0000 0.4840 0.0000 0.0238 0.0000 0.4752 0.0000 0.0170 0.0000 
 42       42   (0)      5 :  0.0000 0.6072 0.0000 0.0000 0.0000 0.0000 0.0000 0.0146 0.0000 0.3314 0.0000 0.0468 0.0000 
 43       43   (0)      5 :  0.0000 0.0000 0.0000 0.0000 1.0000 0.0000 0.0000 0.0000 0.0000 0.0000 0.0000 0.0000 0.0000 
 44       44   (0)      5 :  0.0000 0.0524 0.0042 0.0000 0.0000 0.4438 0.0000 0.0460 0.0009 0.4269 0.0000 0.0257 0.0000 
 45       45   (0)      4 :  0.0000 0.0000 0.0510 0.0000 0.0055 0.0000 0.0000 0.1509 0.0000 0.6812 0.0051 0.1063 0.0000 
 46       46   (0)      4 :  0.0000 0.2856 0.1433 0.0000 0.0011 0.1570 0.0000 0.0545 0.0444 0.2712 0.0000 0.0413 0.0015 
 47       47   (0)      4 :  0.0000 0.0068 0.0000 0.0000 0.0000 0.7002 0.0000 0.0153 0.0000 0.2634 0.0000 0.0143 0.0000 
 48       48   (0)      4 :  0.0000 0.4886 0.0309 0.0000 0.0000 0.0000 0.0000 0.0422 0.0000 0.3170 0.0100 0.1106 0.0005 
 49       49   (0)      5 :  0.0000 0.2780 0.0221 0.0008 0.0011 0.2611 0.0000 0.0657 0.0131 0.3252 0.0107 0.0201 0.0020 
 50       50   (0)      4 :  0.0000 0.0000 0.0274 0.0000 0.0000 0.5469 0.0000 0.0249 0.0000 0.2730 0.0000 0.1278 0.0000 
 51       51   (0)      4 :  0.0000 0.0322 0.0034 0.0000 0.7557 0.1971 0.0000 0.0000 0.0000 0.0000 0.0000 0.0116 0.0000 
 52       52   (0)      4 :  0.0227 0.4004 0.0712 0.0000 0.0018 0.0175 0.0000 0.0624 0.0236 0.3533 0.0013 0.0353 0.0105 
 53       53   (0)      4 :  0.0000 0.0000 0.0000 0.0000 0.7778 0.0969 0.0000 0.0043 0.0816 0.0106 0.0000 0.0288 0.0000 
 54       54   (0)      4 :  0.0000 0.2798 0.0738 0.0000 0.0000 0.0000 0.0000 0.0401 0.0000 0.5225 0.0146 0.0693 0.0000 
 55       55   (0)      4 :  0.0000 0.0364 0.0000 0.0000 0.9596 0.0040 0.0000 0.0000 0.0000 0.0000 0.0000 0.0000 0.0000 
 56       56   (0)      4 :  0.0000 0.1165 0.0000 0.0000 0.8029 0.0000 0.0000 0.0063 0.0000 0.0694 0.0000 0.0048 0.0000 
 57       57   (0)      4 :  0.0000 0.1332 0.1006 0.0000 0.0000 0.0000 0.0000 0.0614 0.0000 0.6510 0.0000 0.0538 0.0000 
 58       58   (0)      5 :  0.0000 0.3218 0.0856 0.0000 0.0000 0.1124 0.0000 0.0506 0.0516 0.3592 0.0000 0.0189 0.0000 
 59       59   (0)      4 :  0.0000 0.1463 0.0000 0.0033 0.4341 0.2848 0.0000 0.0000 0.0959 0.0000 0.0000 0.0000 0.0356 
 60       60   (0)      4 :  0.0000 0.0000 0.0000 0.0007 0.8016 0.0800 0.0000 0.0253 0.0000 0.0711 0.0000 0.0212 0.0000 
 61       61   (0)      4 :  0.0000 0.3247 0.1875 0.0000 0.0000 0.1887 0.0000 0.0051 0.0000 0.2808 0.0000 0.0122 0.0009 
 62       62   (0)      5 :  0.0000 0.0677 0.1709 0.0000 0.0000 0.3558 0.0000 0.0321 0.0000 0.3447 0.0000 0.0274 0.0012 
 63       63   (0)      6 :  0.0000 0.0124 0.0801 0.0000 0.5700 0.1353 0.0201 0.0227 0.0000 0.1488 0.0000 0.0105 0.0001 
 64       64   (0)      6 :  0.0164 0.0034 0.0000 0.0000 0.7096 0.1196 0.0000 0.0051 0.1440 0.0003 0.0000 0.0000 0.0016 
 65       65   (0)      6 :  0.0000 0.0419 0.8943 0.0000 0.0000 0.0000 0.0000 0.0109 0.0000 0.0000 0.0433 0.0095 0.0000 
 66       66   (0)      6 :  0.0000 0.2236 0.1896 0.0000 0.0000 0.2795 0.0000 0.0239 0.0000 0.2622 0.0000 0.0213 0.0000 
 67       67   (0)      6 :  0.0000 0.0000 0.2869 0.0000 0.0000 0.0000 0.0000 0.1930 0.0000 0.3645 0.0020 0.1516 0.0020 
 68       68   (0)      6 :  0.0000 0.0000 0.5965 0.0000 0.0000 0.3717 0.0000 0.0000 0.0000 0.0000 0.0254 0.0064 0.0000 
 69       69   (0)      6 :  0.0000 0.1686 0.3951 0.0000 0.0000 0.3975 0.0000 0.0061 0.0000 0.0255 0.0000 0.0071 0.0000 
 70       70   (0)      6 :  0.0169 0.1572 0.2389 0.0000 0.0652 0.4255 0.0000 0.0067 0.0073 0.0735 0.0000 0.0033 0.0053 
 71       71   (0)      6 :  0.0000 0.0000 0.0000 0.0000 0.0000 0.8545 0.0000 0.0094 0.0000 0.0965 0.0294 0.0050 0.0051 
 72       72   (0)      6 :  0.0000 0.1360 0.3279 0.0000 0.0000 0.3880 0.0000 0.0000 0.0000 0.1415 0.0000 0.0067 0.0000 
 73       73   (0)      7 :  0.0000 0.5293 0.0021 0.0000 0.0000 0.0000 0.0149 0.0081 0.0000 0.4205 0.0096 0.0138 0.0016 
 74       74   (0)      7 :  0.0000 0.5011 0.1386 0.0000 0.0362 0.0099 0.0000 0.0623 0.0000 0.2127 0.0198 0.0163 0.0031 
 75       75   (0)      7 :  0.0000 0.1267 0.3309 0.0000 0.0000 0.1766 0.0000 0.0384 0.0061 0.2977 0.0003 0.0234 0.0000 
 76       76   (0)      7 :  0.0000 0.4035 0.1972 0.0004 0.0006 0.0000 0.0000 0.0308 0.0120 0.3192 0.0000 0.0219 0.0144 
 77       77   (0)      7 :  0.0000 0.1116 0.0246 0.0000 0.0000 0.0000 0.0000 0.0526 0.0000 0.6613 0.0140 0.1360 0.0000 
 78       78   (0)      7 :  0.0000 0.0975 0.2888 0.0009 0.0000 0.0875 0.0000 0.0717 0.0193 0.3964 0.0037 0.0332 0.0008 
 79       79   (0)      7 :  0.0000 0.3740 0.0315 0.0000 0.0373 0.0001 0.0009 0.0628 0.0000 0.4214 0.0003 0.0642 0.0075 
 80       80   (0)      7 :  0.0000 0.5607 0.1661 0.0000 0.0000 0.0000 0.0000 0.0303 0.0000 0.1260 0.0088 0.1081 0.0000 
 81       81   (0)      7 :  0.0000 0.3013 0.1620 0.0000 0.0000 0.0352 0.0000 0.0276 0.0000 0.4344 0.0000 0.0395 0.0000 
 82       82   (0)      7 :  0.0000 0.1340 0.0823 0.0000 0.0000 0.0000 0.0000 0.0302 0.0000 0.7063 0.0000 0.0473 0.0000 
 83       83   (0)      7 :  0.0112 0.5509 0.0649 0.0000 0.0385 0.0430 0.0000 0.0277 0.0640 0.1747 0.0001 0.0245 0.0004 
 84       84   (0)      7 :  0.0000 0.1762 0.0163 0.0000 0.7422 0.0000 0.0000 0.0024 0.0630 0.0000 0.0000 0.0000 0.0000 
 85       85   (0)      7 :  0.0000 0.4741 0.0598 0.0000 0.0000 0.0000 0.0000 0.0412 0.0000 0.3899 0.0090 0.0185 0.0076 
 86       86   (0)      7 :  0.0000 0.1123 0.2075 0.0000 0.0000 0.0000 0.0000 0.0384 0.0000 0.6041 0.0000 0.0378 0.0000 
 87       87   (0)      7 :  0.0000 0.1849 0.0000 0.0000 0.7612 0.0538 0.0000 0.0000 0.0000 0.0000 0.0000 0.0000 0.0000 
 88       88   (0)      7 :  0.0000 0.0926 0.0701 0.0000 0.0000 0.5842 0.0000 0.0155 0.0000 0.2202 0.0049 0.0126 0.0000 
 89       89   (0)      7 :  0.0000 0.0000 0.0073 0.0000 0.9151 0.0687 0.0000 0.0040 0.0000 0.0000 0.0000 0.0049 0.0000 
 90       90   (0)      7 :  0.0006 0.3525 0.0267 0.0000 0.0050 0.0000 0.0000 0.0384 0.0000 0.5400 0.0000 0.0370 0.0000 
 91       91   (0)      7 :  0.0000 0.4111 0.0433 0.0000 0.0157 0.2830 0.0141 0.0082 0.0000 0.1934 0.0168 0.0145 0.0000 
 92       92   (0)      7 :  0.0000 0.3917 0.0354 0.0000 0.0060 0.0000 0.0000 0.0126 0.0000 0.4126 0.0505 0.0912 0.0000 
 93       93   (0)      7 :  0.0000 0.1378 0.1422 0.0000 0.0000 0.0000 0.0000 0.0665 0.0480 0.5396 0.0324 0.0336 0.0000 
 94       94   (0)      7 :  0.0000 0.3499 0.1361 0.0000 0.0033 0.2083 0.0000 0.0071 0.0000 0.2953 0.0000 0.0000 0.0000 
 95       95   (0)      7 :  0.0000 0.0992 0.2033 0.0000 0.0000 0.0000 0.0000 0.0325 0.0000 0.6310 0.0000 0.0338 0.0003 
 96       96   (0)      7 :  0.0000 0.0757 0.0592 0.0007 0.0014 0.2119 0.0000 0.0545 0.0542 0.4899 0.0000 0.0341 0.0183 
 97       97   (0)      7 :  0.0000 0.0463 0.0755 0.0000 0.0000 0.0000 0.0000 0.0617 0.0000 0.7719 0.0000 0.0447 0.0000 
 98       98   (0)      7 :  0.0000 0.0000 0.0949 0.0000 0.0000 0.0000 0.0000 0.0813 0.0000 0.7590 0.0000 0.0594 0.0055 
 99       99   (0)      7 :  0.0000 0.0000 0.0282 0.0000 0.0371 0.0008 0.0000 0.0689 0.0000 0.7962 0.0000 0.0688 0.0000 
100      100   (0)      7 :  0.0000 0.0000 0.2251 0.0000 0.7478 0.0000 0.0000 0.0008 0.0000 0.0218 0.0000 0.0045 0.0000 
101      101   (0)      6 :  0.0000 0.3618 0.5543 0.0000 0.0000 0.0000 0.0000 0.0028 0.0000 0.0749 0.0000 0.0062 0.0000 
102      102   (0)      6 :  0.0000 0.0226 0.5290 0.0000 0.0000 0.1696 0.0000 0.0167 0.0000 0.1525 0.0613 0.0158 0.0325 
103      103   (0)      6 :  0.0000 0.0133 0.2991 0.0000 0.0000 0.6659 0.0000 0.0097 0.0000 0.0060 0.0000 0.0049 0.0010 
104      104   (0)      6 :  0.0000 0.4818 0.5000 0.0000 0.0000 0.0000 0.0000 0.0000 0.0000 0.0109 0.0000 0.0072 0.0001 
105      105   (0)      6 :  0.0000 0.0000 0.3304 0.0000 0.0000 0.6688 0.0000 0.0000 0.0000 0.0000 0.0000 0.0007 0.0000 
106      106   (0)      6 :  0.0000 0.0568 0.5875 0.0000 0.0010 0.1590 0.0000 0.0294 0.0000 0.1415 0.0000 0.0248 0.0000 
107      107   (0)      6 :  0.0004 0.2664 0.4287 0.0000 0.0166 0.2368 0.0000 0.0033 0.0000 0.0179 0.0206 0.0034 0.0059 
108      108   (0)      6 :  0.0000 0.1762 0.4234 0.0000 0.0000 0.3409 0.0000 0.0098 0.0230 0.0215 0.0000 0.0053 0.0000 
109      109   (0)      6 :  0.0000 0.0025 0.0000 0.0000 0.9770 0.0186 0.0000 0.0000 0.0000 0.0000 0.0000 0.0019 0.0000 
110      110   (0)      7 :  0.0000 0.2394 0.1575 0.0000 0.0342 0.3208 0.0000 0.0063 0.0000 0.2276 0.0000 0.0143 0.0000 
111      111   (0)      7 :  0.0000 0.0000 0.2754 0.0291 0.0927 0.0000 0.0000 0.1667 0.0000 0.3080 0.0000 0.1281 0.0000 
112      112   (0)      6 :  0.0000 0.0579 0.7941 0.0030 0.0288 0.0175 0.0000 0.0324 0.0000 0.0424 0.0000 0.0240 0.0000 
113      113   (0)      6 :  0.0000 0.0000 0.9004 0.0000 0.0000 0.0000 0.0000 0.0592 0.0000 0.0000 0.0244 0.0049 0.0112 
114      114   (0)      6 :  0.0005 0.0000 0.1288 0.0203 0.8361 0.0000 0.0022 0.0061 0.0000 0.0000 0.0000 0.0060 0.0000 
115      115   (0)      6 :  0.0000 0.0867 0.5471 0.0002 0.0000 0.0000 0.0000 0.0516 0.0000 0.2298 0.0132 0.0655 0.0059 
116      116   (0)      6 :  0.0000 0.0000 0.2483 0.0950 0.3951 0.0000 0.0009 0.0381 0.1459 0.0517 0.0000 0.0251 0.0000 
117      117   (0)      6 :  0.0015 0.0761 0.4737 0.0268 0.0565 0.1302 0.0000 0.0265 0.0000 0.1759 0.0000 0.0328 0.0000 
118      118   (0)      6 :  0.0000 0.0000 0.7221 0.0000 0.0000 0.2511 0.0000 0.0016 0.0000 0.0000 0.0000 0.0252 0.0000 
119      119   (0)      6 :  0.0000 0.0550 0.7604 0.0000 0.0000 0.1742 0.0000 0.0000 0.0000 0.0000 0.0104 0.0000 0.0000 
120      120   (0)      6 :  0.0000 0.0579 0.8446 0.0000 0.0000 0.0000 0.0000 0.0072 0.0000 0.0824 0.0000 0.0079 0.0000 
121      121   (0)      6 :  0.0000 0.0891 0.9019 0.0000 0.0000 0.0000 0.0000 0.0090 0.0000 0.0000 0.0000 0.0000 0.0000 
122      122   (0)      6 :  0.0003 0.0000 0.2131 0.0318 0.6796 0.0000 0.0012 0.0048 0.0672 0.0000 0.0000 0.0011 0.0010 
123      123   (0)      8 :  0.0000 0.0211 0.1309 0.0000 0.0002 0.4335 0.0000 0.0588 0.0845 0.2475 0.0000 0.0236 0.0000 
124      124   (0)      8 :  0.0000 0.3306 0.0009 0.0003 0.0375 0.4138 0.0000 0.0252 0.0000 0.1817 0.0000 0.0101 0.0000 
125      125   (0)      8 :  0.0000 0.0000 0.0000 0.0000 0.0000 0.7095 0.0000 0.0470 0.0646 0.1637 0.0000 0.0151 0.0000 
126      126   (0)      8 :  0.0000 0.5988 0.0000 0.0000 0.0132 0.0248 0.0000 0.0187 0.0000 0.3309 0.0012 0.0124 0.0000 
127      127   (0)      8 :  0.0000 0.4779 0.0000 0.0000 0.0000 0.0000 0.0154 0.0473 0.0000 0.4224 0.0000 0.0371 0.0000 
128      128   (0)      8 :  0.0000 0.0000 0.0000 0.0000 0.0000 0.4832 0.0000 0.0252 0.0000 0.4459 0.0000 0.0457 0.0000 
129      129   (0)      8 :  0.0000 0.2117 0.0000 0.0000 0.0000 0.4764 0.0000 0.0301 0.0267 0.2434 0.0000 0.0105 0.0012 
130      130   (0)      8 :  0.0000 0.0000 0.0835 0.0000 0.0000 0.6494 0.0000 0.0562 0.0445 0.1315 0.0000 0.0349 0.0000 
131      131   (0)      8 :  0.0000 0.2723 0.1431 0.0003 0.0000 0.0982 0.0000 0.0870 0.0000 0.3305 0.0004 0.0629 0.0052 
132      132   (0)      8 :  0.0000 0.2876 0.0000 0.0000 0.0000 0.3878 0.0000 0.0180 0.0000 0.2967 0.0000 0.0099 0.0000 
133      133   (0)      8 :  0.0000 0.3962 0.0000 0.0000 0.0000 0.3729 0.0000 0.0248 0.0274 0.1608 0.0000 0.0179 0.0000 
134      134   (0)      8 :  0.0000 0.1612 0.0007 0.0008 0.0460 0.2495 0.0000 0.0382 0.0000 0.4573 0.0000 0.0310 0.0154 
135      135   (0)      8 :  0.0000 0.0830 0.0842 0.0032 0.0000 0.0000 0.0204 0.1951 0.0000 0.4669 0.0001 0.1471 0.0000 
136      136   (0)      8 :  0.0000 0.0457 0.0001 0.0000 0.0000 0.9244 0.0000 0.0055 0.0000 0.0243 0.0000 0.0000 0.0000 
137      137   (0)      8 :  0.0000 0.3643 0.0963 0.0000 0.0000 0.0000 0.0000 0.0549 0.0495 0.3171 0.0000 0.1171 0.0009 
138      138   (0)      8 :  0.0000 0.6218 0.0000 0.0000 0.0000 0.0330 0.0000 0.0193 0.0000 0.2889 0.0000 0.0370 0.0000 
139      139   (0)      8 :  0.0000 0.6532 0.0000 0.0000 0.0190 0.0311 0.0000 0.0145 0.0000 0.2283 0.0000 0.0539 0.0000 
140      140   (0)      8 :  0.0000 0.7647 0.0003 0.0000 0.0000 0.0000 0.0000 0.0000 0.0000 0.2261 0.0000 0.0089 0.0000 
141      141   (0)      8 :  0.0000 0.3962 0.0000 0.0000 0.0000 0.3373 0.0000 0.0245 0.0000 0.2123 0.0135 0.0161 0.0000 
142      142   (0)      8 :  0.0000 0.0021 0.0007 0.0000 0.0000 0.3683 0.0000 0.0232 0.0000 0.4706 0.0022 0.1330 0.0000 
143      143   (0)      8 :  0.0000 0.6484 0.0085 0.0000 0.0000 0.0927 0.0000 0.0162 0.0000 0.1864 0.0103 0.0374 0.0001 
144      144   (0)      8 :  0.0000 0.0433 0.2215 0.0000 0.0364 0.0000 0.0000 0.1956 0.0000 0.3242 0.0000 0.1747 0.0042 
145      145   (0)      8 :  0.0000 0.4350 0.0272 0.0000 0.0001 0.0557 0.0109 0.0458 0.0000 0.2574 0.0012 0.1607 0.0061 
146      146   (0)      3 :  0.0000 0.1021 0.0000 0.0000 0.0000 0.5259 0.0000 0.0310 0.0000 0.3224 0.0000 0.0187 0.0000 
147      147   (0)      3 :  0.0000 0.1478 0.0000 0.0000 0.5108 0.2225 0.0000 0.0000 0.1090 0.0098 0.0000 0.0000 0.0000 
148      148   (0)      3 :  0.0000 0.0745 0.0000 0.0000 0.0000 0.8858 0.0000 0.0034 0.0000 0.0006 0.0000 0.0357 0.0000 
149      149   (0)      3 :  0.0000 0.5837 0.0000 0.0000 0.0160 0.0639 0.0000 0.0130 0.0004 0.3164 0.0000 0.0065 0.0000 
150      150   (0)      3 :  0.0000 0.2927 0.0000 0.0000 0.0000 0.4329 0.0000 0.0238 0.0028 0.2092 0.0161 0.0225 0.0000 
151      151   (0)      3 :  0.0000 0.0000 0.0000 0.0000 0.0729 0.5901 0.0000 0.0547 0.0000 0.2039 0.0249 0.0535 0.0000 
152      152   (0)      3 :  0.0000 0.5820 0.0000 0.0000 0.0000 0.0000 0.0000 0.0277 0.0000 0.3609 0.0000 0.0294 0.0000 
153      153   (0)      3 :  0.0000 0.4209 0.0000 0.0000 0.0000 0.1573 0.0000 0.0288 0.0000 0.3767 0.0000 0.0162 0.0000 
154      154   (0)      3 :  0.0000 0.2583 0.0000 0.0000 0.0000 0.2499 0.0000 0.0069 0.0002 0.4610 0.0000 0.0237 0.0000 
155      155   (0)      3 :  0.0000 0.3848 0.0000 0.0000 0.0000 0.0807 0.0000 0.0265 0.0000 0.4812 0.0000 0.0268 0.0000 
156      156   (0)      3 :  0.0000 0.3397 0.0000 0.0001 0.0203 0.0000 0.0023 0.0479 0.0270 0.5234 0.0000 0.0393 0.0000 
157      157   (0)      3 :  0.0000 0.4919 0.0000 0.0000 0.0000 0.0043 0.0000 0.0279 0.1119 0.3538 0.0000 0.0101 0.0000 
158      158   (0)      3 :  0.0000 0.6047 0.0000 0.0000 0.0000 0.0237 0.0000 0.0347 0.0032 0.3100 0.0023 0.0213 0.0000 
159      159   (0)      3 :  0.0000 0.5734 0.0233 0.0000 0.0000 0.0230 0.0000 0.0221 0.0005 0.3411 0.0000 0.0145 0.0021 
160      160   (0)      3 :  0.0000 0.2917 0.0000 0.0000 0.5576 0.0000 0.0000 0.0000 0.1485 0.0022 0.0000 0.0000 0.0000 
161      161   (0)      3 :  0.0000 0.2966 0.0991 0.0000 0.0000 0.2004 0.0000 0.0361 0.0000 0.1804 0.0382 0.1492 0.0000 
162      162   (0)      3 :  0.0000 0.1321 0.0000 0.0000 0.0000 0.6449 0.0000 0.0242 0.0000 0.1908 0.0000 0.0079 0.0000 
163      163   (0)      3 :  0.0000 0.6446 0.0000 0.0000 0.0000 0.0000 0.0000 0.0079 0.0000 0.2855 0.0000 0.0620 0.0000 
164      164   (0)      3 :  0.0000 0.3029 0.0000 0.0000 0.0000 0.2275 0.0000 0.0142 0.0000 0.3588 0.0022 0.0945 0.0000 
165      165   (0)      3 :  0.0000 0.5607 0.0000 0.0000 0.0000 0.0001 0.0000 0.0274 0.0000 0.3924 0.0000 0.0195 0.0000 
166      166   (0)      3 :  0.0000 0.0000 0.0000 0.0000 0.0000 0.7135 0.0000 0.0512 0.0110 0.1985 0.0000 0.0258 0.0000 
167      167   (0)      3 :  0.0000 0.4104 0.0000 0.0000 0.0000 0.0480 0.0000 0.0278 0.0000 0.4447 0.0000 0.0692 0.0000 
168      168   (0)      3 :  0.0000 0.5328 0.0065 0.0000 0.0000 0.3020 0.0000 0.0113 0.0000 0.1302 0.0000 0.0108 0.0063 
169      169   (0)      3 :  0.0000 0.4818 0.0111 0.0000 0.0000 0.0092 0.0000 0.0477 0.0144 0.4088 0.0000 0.0270 0.0000 
170      170   (0)      3 :  0.0000 0.4478 0.0015 0.0000 0.0000 0.0000 0.0000 0.0230 0.0000 0.3999 0.0000 0.1279 0.0000 
171      171   (0)      3 :  0.0000 0.7472 0.0000 0.0000 0.0200 0.0000 0.0000 0.0064 0.0000 0.2116 0.0000 0.0148 0.0000 
172      172   (0)      3 :  0.0000 0.4783 0.0000 0.0000 0.0000 0.0144 0.0000 0.0204 0.0000 0.3944 0.0000 0.0925 0.0000 
173      173   (0)      3 :  0.0000 0.5449 0.0308 0.0000 0.0000 0.0000 0.0000 0.0333 0.0000 0.3410 0.0000 0.0500 0.0000 
174      174   (0)      3 :  0.0000 0.2431 0.0000 0.0000 0.0003 0.3184 0.0000 0.0132 0.0004 0.3225 0.0000 0.1022 0.0000 
175      175   (0)      8 :  0.0000 0.0548 0.0000 0.0000 0.0000 0.4448 0.0000 0.0173 0.0000 0.3998 0.0000 0.0832 0.0000 
176      176   (0)      8 :  0.0026 0.0000 0.2092 0.0000 0.0000 0.0000 0.0011 0.2048 0.0087 0.3902 0.0000 0.1511 0.0323 
177      177   (0)      8 :  0.0000 0.4693 0.0000 0.0000 0.0000 0.3219 0.0000 0.0123 0.0000 0.1944 0.0000 0.0021 0.0000 
178      178   (0)      8 :  0.0000 0.3526 0.2154 0.0000 0.0000 0.0000 0.0000 0.0421 0.0000 0.1947 0.0000 0.1952 0.0000 
179      179   (0)      8 :  0.0000 0.3205 0.0042 0.0000 0.0000 0.4175 0.0000 0.0126 0.0000 0.2272 0.0000 0.0162 0.0017 
180      180   (0)      8 :  0.0000 0.2766 0.0000 0.0000 0.0000 0.3509 0.0000 0.0196 0.0409 0.3025 0.0000 0.0094 0.0000 
181      181   (0)      8 :  0.0000 0.3236 0.0000 0.0000 0.0000 0.2737 0.0205 0.0250 0.0000 0.3400 0.0000 0.0172 0.0000 
182      182   (0)      1 :  0.0000 0.7635 0.1253 0.0000 0.0000 0.0000 0.0000 0.0031 0.0000 0.0144 0.0026 0.0911 0.0000 
183      183   (0)      1 :  0.0000 0.2027 0.3141 0.0000 0.0000 0.3607 0.0000 0.0023 0.0000 0.0000 0.0078 0.1124 0.0000 
184      184   (0)      1 :  0.0000 0.4378 0.3410 0.0000 0.0000 0.0000 0.0000 0.0043 0.0000 0.0004 0.0136 0.2030 0.0000 
185      185   (0)      1 :  0.0000 0.1884 0.3197 0.0000 0.0528 0.3851 0.0000 0.0000 0.0000 0.0000 0.0000 0.0541 0.0000 
186      186   (0)      1 :  0.0000 0.5472 0.3274 0.0000 0.0000 0.0167 0.0000 0.0052 0.0000 0.0000 0.0000 0.1036 0.0000 
187      187   (0)      1 :  0.0213 0.2352 0.2643 0.0000 0.0000 0.1941 0.0000 0.0400 0.0585 0.1528 0.0000 0.0332 0.0007 
188      188   (0)      1 :  0.0000 0.6463 0.2185 0.0000 0.0000 0.0071 0.0000 0.0008 0.0000 0.0000 0.0000 0.1273 0.0000 
189      189   (0)      1 :  0.0000 0.6817 0.1087 0.0000 0.0000 0.0899 0.0000 0.0003 0.0000 0.0000 0.0000 0.1194 0.0000 
190      190   (0)      2 :  0.0000 0.0000 0.1530 0.0000 0.0000 0.6851 0.0000 0.0035 0.0000 0.0000 0.0000 0.1584 0.0000 
191      191   (0)      2 :  0.0000 0.6504 0.0587 0.0000 0.0000 0.0000 0.0000 0.0091 0.0000 0.2641 0.0000 0.0176 0.0000 
192      192   (0)      2 :  0.0000 0.5881 0.0884 0.0000 0.0026 0.1016 0.0000 0.0102 0.0000 0.1465 0.0000 0.0625 0.0000 
193      193   (0)      2 :  0.0000 0.0000 0.0000 0.0000 0.0000 0.6354 0.0386 0.0250 0.0000 0.2887 0.0000 0.0123 0.0000 
194      194   (0)      2 :  0.0000 0.7450 0.0470 0.0000 0.0000 0.1470 0.0000 0.0051 0.0000 0.0525 0.0005 0.0030 0.0000 
195      195   (0)      2 :  0.0000 0.0000 0.0000 0.0000 0.0000 0.8750 0.0000 0.0000 0.0000 0.1250 0.0000 0.0000 0.0000 
196      196   (0)      2 :  0.0000 0.1956 0.4417 0.0000 0.0000 0.1811 0.0000 0.0025 0.0000 0.0000 0.0008 0.1782 0.0002 
197      197   (0)      2 :  0.0000 0.0034 0.2276 0.0000 0.0000 0.2693 0.0000 0.0181 0.0000 0.1819 0.0000 0.2996 0.0000 
198      198   (0)      1 :  0.0000 0.2013 0.1240 0.0000 0.0000 0.5322 0.0000 0.0066 0.0000 0.0436 0.0257 0.0665 0.0000 
199      199   (0)      1 :  0.0000 0.4351 0.4985 0.0000 0.0000 0.0000 0.0000 0.0059 0.0000 0.0114 0.0000 0.0491 0.0000 
200      200   (0)      1 :  0.0000 0.0000 0.3629 0.0000 0.0000 0.4475 0.0000 0.0233 0.0000 0.0766 0.0145 0.0752 0.0000 
201      201   (0)      1 :  0.0000 0.0258 0.7176 0.0000 0.0000 0.1843 0.0000 0.0367 0.0296 0.0000 0.0053 0.0007 0.0000 
202      202   (0)      1 :  0.0000 0.0000 0.5844 0.0000 0.0118 0.3508 0.0000 0.0007 0.0000 0.0000 0.0000 0.0522 0.0000 
203      203   (0)      1 :  0.0000 0.0000 0.8497 0.0000 0.0000 0.0000 0.0000 0.0000 0.0000 0.0000 0.0000 0.1503 0.0000 
204      204   (0)      2 :  0.0000 0.0000 0.0560 0.0000 0.4901 0.3011 0.0000 0.0374 0.0000 0.0877 0.0000 0.0277 0.0000 
205      205   (0)      2 :  0.0000 0.0507 0.3664 0.0000 0.0000 0.4698 0.0000 0.0022 0.0000 0.0012 0.0036 0.1061 0.0000 
206      206   (0)      2 :  0.0000 0.0000 0.0000 0.0000 0.7688 0.0853 0.0000 0.0061 0.0493 0.0896 0.0000 0.0009 0.0000 
207      207   (0)      2 :  0.0000 0.6147 0.1154 0.0000 0.0000 0.0000 0.0000 0.0066 0.0000 0.1165 0.0001 0.1438 0.0029 
208      208   (0)      2 :  0.0000 0.0000 0.0000 0.0000 0.0000 0.9917 0.0000 0.0000 0.0000 0.0000 0.0014 0.0069 0.0000 
209      209   (0)      2 :  0.0000 0.7703 0.0000 0.0000 0.0336 0.0000 0.0000 0.0015 0.0000 0.0535 0.0000 0.1410 0.0000 
210      210   (0)      2 :  0.0000 0.0000 0.0264 0.0000 0.0000 0.6564 0.0000 0.0138 0.0000 0.0842 0.0120 0.2072 0.0000 
211      211   (0)      1 :  0.0000 0.0000 0.1645 0.0000 0.0000 0.6465 0.0000 0.0000 0.0000 0.0000 0.0187 0.1689 0.0014 
212      212   (0)      1 :  0.0000 0.1343 0.5173 0.0000 0.0000 0.0000 0.0000 0.0554 0.0016 0.1353 0.0000 0.1560 0.0000 
213      213   (0)      1 :  0.0000 0.1608 0.3129 0.0000 0.0000 0.2262 0.0169 0.0196 0.0000 0.0990 0.0000 0.1646 0.0000 
214      214   (0)      1 :  0.0000 0.3501 0.4469 0.0004 0.0000 0.0000 0.0000 0.0302 0.0021 0.0020 0.0000 0.1675 0.0008 
215      215   (0)      1 :  0.0000 0.0003 0.1542 0.0000 0.0000 0.7907 0.0000 0.0008 0.0000 0.0000 0.0000 0.0540 0.0000 
216      216   (0)      1 :  0.0000 0.3630 0.5270 0.0000 0.0000 0.0000 0.0000 0.0000 0.0000 0.0000 0.0005 0.1095 0.0000 
217      217   (0)      1 :  0.0000 0.2971 0.5478 0.0000 0.0000 0.0175 0.0000 0.0150 0.0000 0.0000 0.0108 0.1118 0.0000 
218      218   (0)      1 :  0.0000 0.0000 0.5010 0.0000 0.0000 0.4530 0.0000 0.0139 0.0000 0.0312 0.0000 0.0009 0.0000 
219      219   (0)      2 :  0.0000 0.3690 0.1562 0.0000 0.0000 0.4278 0.0000 0.0000 0.0000 0.0000 0.0000 0.0470 0.0000 
220      220   (0)      2 :  0.0000 0.0000 0.1464 0.0000 0.0000 0.5737 0.0000 0.0339 0.0000 0.1684 0.0000 0.0777 0.0000 
221      221   (0)      2 :  0.0000 0.5398 0.2647 0.0011 0.0000 0.0000 0.0000 0.0089 0.0000 0.0277 0.0000 0.1438 0.0140 
222      222   (0)      2 :  0.0000 0.4495 0.2056 0.0084 0.0000 0.1397 0.0000 0.0157 0.0000 0.1636 0.0000 0.0174 0.0000 
223      223   (0)      2 :  0.0000 0.4831 0.4554 0.0000 0.0000 0.0000 0.0000 0.0163 0.0000 0.0040 0.0000 0.0401 0.0011 
224      224   (0)      2 :  0.0000 0.0945 0.0000 0.0000 0.0268 0.8753 0.0000 0.0000 0.0000 0.0026 0.0000 0.0007 0.0000 
225      225   (0)      2 :  0.0000 0.0278 0.1471 0.0000 0.0000 0.5557 0.0000 0.0086 0.0000 0.0468 0.0040 0.2100 0.0000 
226      226   (0)      2 :  0.0110 0.6781 0.1392 0.0000 0.0000 0.0000 0.0000 0.0291 0.0000 0.0163 0.0023 0.1241 0.0000 
227      227   (0)      2 :  0.0000 0.6659 0.0643 0.0000 0.0000 0.1189 0.0000 0.0000 0.0000 0.0000 0.0060 0.1449 0.0000 
228      228   (0)      2 :  0.0017 0.7663 0.0315 0.0000 0.0000 0.1238 0.0000 0.0058 0.0000 0.0157 0.0000 0.0551 0.0000 
229      229   (0)      2 :  0.0000 0.9400 0.0000 0.0000 0.0000 0.0462 0.0000 0.0000 0.0000 0.0000 0.0000 0.0138 0.0000 
230      230   (0)      2 :  0.0000 0.0915 0.0000 0.0007 0.6706 0.2370 0.0000 0.0000 0.0000 0.0000 0.0000 0.0000 0.0002 
231      231   (0)      2 :  0.0000 0.4490 0.0548 0.0000 0.0000 0.1502 0.0000 0.0381 0.0015 0.2627 0.0000 0.0436 0.0000 
232      232   (0)      2 :  0.0000 0.4115 0.0990 0.0000 0.0019 0.3738 0.0000 0.0045 0.0000 0.0537 0.0000 0.0558 0.0000 
233      233   (0)      9 :  0.0000 0.0148 0.0000 0.0000 0.0000 0.0000 0.0000 0.0000 0.0000 0.0000 0.9852 0.0000 0.0000 
234      234   (0)      9 :  0.0000 0.0000 0.0000 0.0488 0.0000 0.0000 0.7753 0.0585 0.0593 0.0000 0.0000 0.0000 0.0581 
235      235   (0)      9 :  0.0000 0.0000 0.0000 0.0000 0.0000 0.0000 0.0000 0.0000 0.0000 0.0000 1.0000 0.0000 0.0000 
236      236   (0)      9 :  0.0000 0.0000 0.0000 0.1078 0.0000 0.0000 0.6600 0.0454 0.0635 0.0594 0.0000 0.0039 0.0598 
237      237   (0)      9 :  0.0000 0.0095 0.0000 0.0000 0.0000 0.0000 0.0000 0.0000 0.0000 0.0000 0.9905 0.0000 0.0000 
238      238   (0)      9 :  0.0000 0.0000 0.0000 0.0000 0.0000 0.0000 0.0000 0.0773 0.0000 0.0000 0.9140 0.0071 0.0016 
239      239   (0)      9 :  0.0978 0.0000 0.0000 0.0357 0.0000 0.0092 0.8192 0.0315 0.0066 0.0000 0.0000 0.0000 0.0000 
240      240   (0)      9 :  0.0000 0.0000 0.0000 0.0852 0.0000 0.0000 0.8840 0.0237 0.0066 0.0000 0.0000 0.0000 0.0005 
241      241   (0)     10 :  0.0019 0.0000 0.0000 0.0000 0.0000 0.0000 0.9244 0.0737 0.0000 0.0000 0.0000 0.0000 0.0000 
242      242   (0)     10 :  0.0000 0.0000 0.0000 0.0000 0.0000 0.0000 0.9900 0.0002 0.0000 0.0000 0.0000 0.0016 0.0082 
243      243   (0)     10 :  0.0000 0.0001 0.0000 0.0000 0.0000 0.0000 0.8667 0.0896 0.0000 0.0288 0.0000 0.0148 0.0000 
244      244   (0)     11 :  0.0002 0.0000 0.0000 0.0289 0.0000 0.0000 0.0000 0.5896 0.0080 0.0000 0.3468 0.0000 0.0264 
245      245   (0)     11 :  0.0019 0.0000 0.0000 0.0309 0.0000 0.0000 0.0000 0.5255 0.0000 0.0000 0.4160 0.0058 0.0199 
246      246   (0)     11 :  0.0000 0.0000 0.0013 0.0000 0.0000 0.0000 0.0006 0.5578 0.0000 0.0000 0.4018 0.0363 0.0022 
247      247   (0)     11 :  0.0000 0.0044 0.0000 0.0004 0.0000 0.0000 0.0000 0.3144 0.0000 0.0000 0.6593 0.0060 0.0156 
248      248   (0)     11 :  0.0000 0.0000 0.0163 0.0000 0.0000 0.0000 0.0000 0.5874 0.0000 0.0000 0.3722 0.0000 0.0241 
249      249   (0)     11 :  0.0127 0.0000 0.0052 0.3674 0.0001 0.0000 0.5249 0.0530 0.0000 0.0000 0.0046 0.0000 0.0320 
250      250   (0)     11 :  0.1829 0.0000 0.0000 0.2947 0.0000 0.0000 0.3717 0.0494 0.0235 0.0018 0.0269 0.0036 0.0454 
251      251   (0)     10 :  0.0000 0.0063 0.0565 0.0000 0.0000 0.0000 0.7662 0.0646 0.0000 0.0002 0.1006 0.0017 0.0039 
252      252   (0)     10 :  0.0000 0.0000 0.0000 0.0000 0.0077 0.0000 0.9287 0.0380 0.0242 0.0000 0.0000 0.0007 0.0006 
253      253   (0)     10 :  0.0000 0.0000 0.0000 0.0000 0.0000 0.0000 1.0000 0.0000 0.0000 0.0000 0.0000 0.0000 0.0000 
254      254   (0)     10 :  0.0000 0.0000 0.0329 0.0006 0.0000 0.0000 0.9188 0.0149 0.0000 0.0000 0.0000 0.0000 0.0329 
255      255   (0)     10 :  0.0000 0.0000 0.0000 0.0924 0.0000 0.1380 0.7198 0.0492 0.0000 0.0000 0.0000 0.0000 0.0006 
256      256   (0)     10 :  0.0002 0.0000 0.0084 0.0817 0.0000 0.0000 0.7301 0.1176 0.0449 0.0000 0.0068 0.0051 0.0052 
257      257   (0)     10 :  0.0000 0.0000 0.0000 0.0943 0.0282 0.0000 0.8104 0.0421 0.0109 0.0000 0.0142 0.0000 0.0000 
258      258   (0)     10 :  0.0000 0.0000 0.0000 0.0464 0.0000 0.0000 0.9232 0.0303 0.0000 0.0000 0.0000 0.0000 0.0000 
259      259   (0)     10 :  0.0000 0.0000 0.0000 0.0000 0.0000 0.0000 0.8306 0.0788 0.0548 0.0000 0.0358 0.0000 0.0000 
260      260   (0)     10 :  0.0038 0.0000 0.0000 0.0397 0.0000 0.0000 0.7684 0.0537 0.0000 0.0164 0.0000 0.0000 0.1179 
261      261   (0)     10 :  0.0000 0.0000 0.0000 0.0147 0.0000 0.0000 0.5030 0.0894 0.0000 0.0000 0.3393 0.0035 0.0500 
262      262   (0)     10 :  0.0603 0.0000 0.0000 0.0305 0.0000 0.0000 0.6087 0.1679 0.0236 0.0820 0.0064 0.0000 0.0206 
263      263   (0)     10 :  0.0000 0.0000 0.0000 0.0000 0.0000 0.0000 0.9080 0.0568 0.0318 0.0000 0.0000 0.0000 0.0035 
264      264   (0)     10 :  0.0008 0.0000 0.0000 0.0000 0.0000 0.0000 0.9044 0.0948 0.0000 0.0000 0.0000 0.0000 0.0000 
265      265   (0)     10 :  0.0000 0.0000 0.0000 0.1113 0.0000 0.0000 0.8308 0.0579 0.0000 0.0000 0.0000 0.0000 0.0000 
266      266   (0)     10 :  0.0000 0.0000 0.0000 0.0042 0.0000 0.0000 0.9204 0.0000 0.0116 0.0000 0.0000 0.0000 0.0638 
267      267   (0)     10 :  0.0000 0.0000 0.0000 0.0000 0.0000 0.0507 0.0408 0.1507 0.0000 0.0000 0.7294 0.0054 0.0230 
268      268   (0)     10 :  0.0081 0.0000 0.0000 0.0000 0.0000 0.0000 0.8238 0.0610 0.0000 0.0371 0.0000 0.0045 0.0655 
269      269   (0)     10 :  0.0100 0.0000 0.0000 0.0000 0.0000 0.0000 0.8394 0.1030 0.0000 0.0239 0.0198 0.0020 0.0018 
270      270   (0)     10 :  0.0000 0.0000 0.0470 0.0000 0.0000 0.0000 0.9050 0.0477 0.0000 0.0000 0.0000 0.0000 0.0003 
271      271   (0)     10 :  0.0000 0.0000 0.0000 0.0002 0.0000 0.0000 0.9259 0.0558 0.0000 0.0013 0.0047 0.0096 0.0024 
272      272   (0)     10 :  0.0000 0.0000 0.0000 0.0000 0.0000 0.0000 1.0000 0.0000 0.0000 0.0000 0.0000 0.0000 0.0000 
273      273   (0)     12 :  0.8880 0.0000 0.0000 0.1120 0.0000 0.0000 0.0000 0.0000 0.0000 0.0000 0.0000 0.0000 0.0000 
274      274   (0)     12 :  0.9996 0.0000 0.0000 0.0000 0.0000 0.0000 0.0000 0.0000 0.0000 0.0000 0.0000 0.0004 0.0000 
275      275   (0)     12 :  1.0000 0.0000 0.0000 0.0000 0.0000 0.0000 0.0000 0.0000 0.0000 0.0000 0.0000 0.0000 0.0000 
276      276   (0)     12 :  0.8531 0.0000 0.0000 0.0370 0.0000 0.0000 0.0000 0.0000 0.0000 0.0000 0.0000 0.0000 0.1099 
277      277   (0)     12 :  0.9736 0.0000 0.0000 0.0000 0.0000 0.0000 0.0009 0.0009 0.0000 0.0000 0.0245 0.0002 0.0000 
278      278   (0)     12 :  0.2846 0.0000 0.0000 0.0000 0.0000 0.0000 0.0000 0.4357 0.0000 0.0000 0.2020 0.0208 0.0570 
279      279   (0)     12 :  0.1142 0.0000 0.0000 0.0000 0.0000 0.0000 0.0000 0.5391 0.0000 0.0000 0.2672 0.0233 0.0563 
280      280   (0)     12 :  1.0000 0.0000 0.0000 0.0000 0.0000 0.0000 0.0000 0.0000 0.0000 0.0000 0.0000 0.0000 0.0000 
281      281   (0)     12 :  0.8703 0.0000 0.0000 0.1297 0.0000 0.0000 0.0000 0.0000 0.0000 0.0000 0.0000 0.0000 0.0000 
282      282   (0)     12 :  0.7986 0.0000 0.0000 0.0000 0.0000 0.0000 0.0708 0.0637 0.0000 0.0000 0.0137 0.0035 0.0496 
283      283   (0)     12 :  0.9959 0.0000 0.0000 0.0000 0.0000 0.0000 0.0000 0.0006 0.0000 0.0000 0.0000 0.0008 0.0026 
284      284   (0)     12 :  0.0795 0.0000 0.0000 0.0000 0.0000 0.0000 0.0000 0.5539 0.0000 0.0000 0.2700 0.0299 0.0669 
285      285   (0)     12 :  0.1370 0.0000 0.0000 0.0000 0.0000 0.0000 0.0000 0.5145 0.0000 0.0000 0.2869 0.0235 0.0381 
286      286   (0)     12 :  0.2601 0.0000 0.0000 0.0000 0.0000 0.0000 0.0000 0.4641 0.0000 0.0004 0.2354 0.0109 0.0291 
287      287   (0)     12 :  1.0000 0.0000 0.0000 0.0000 0.0000 0.0000 0.0000 0.0000 0.0000 0.0000 0.0000 0.0000 0.0000 
288      288   (0)     12 :  1.0000 0.0000 0.0000 0.0000 0.0000 0.0000 0.0000 0.0000 0.0000 0.0000 0.0000 0.0000 0.0000 
289      289   (0)     12 :  1.0000 0.0000 0.0000 0.0000 0.0000 0.0000 0.0000 0.0000 0.0000 0.0000 0.0000 0.0000 0.0000 
290      290   (0)     12 :  1.0000 0.0000 0.0000 0.0000 0.0000 0.0000 0.0000 0.0000 0.0000 0.0000 0.0000 0.0000 0.0000 
291      291   (0)     12 :  1.0000 0.0000 0.0000 0.0000 0.0000 0.0000 0.0000 0.0000 0.0000 0.0000 0.0000 0.0000 0.0000 
292      292   (0)     12 :  1.0000 0.0000 0.0000 0.0000 0.0000 0.0000 0.0000 0.0000 0.0000 0.0000 0.0000 0.0000 0.0000 
293      293   (0)     12 :  1.0000 0.0000 0.0000 0.0000 0.0000 0.0000 0.0000 0.0000 0.0000 0.0000 0.0000 0.0000 0.0000 
294      294   (0)     12 :  0.9833 0.0000 0.0000 0.0000 0.0000 0.0000 0.0000 0.0000 0.0000 0.0000 0.0000 0.0000 0.0167 
295      295   (0)     12 :  0.0363 0.0000 0.0000 0.0000 0.0000 0.0000 0.0000 0.5706 0.0000 0.0000 0.3027 0.0294 0.0610 
296      296   (0)     12 :  0.9888 0.0000 0.0000 0.0112 0.0000 0.0000 0.0000 0.0000 0.0000 0.0000 0.0000 0.0000 0.0000 
297      297   (0)     12 :  0.8748 0.0000 0.0000 0.0750 0.0000 0.0000 0.0000 0.0000 0.0000 0.0000 0.0000 0.0000 0.0502 
298      298   (0)     12 :  0.1552 0.0000 0.0000 0.0000 0.0000 0.0000 0.0000 0.4916 0.0000 0.0000 0.2468 0.0246 0.0818 
299      299   (0)     12 :  1.0000 0.0000 0.0000 0.0000 0.0000 0.0000 0.0000 0.0000 0.0000 0.0000 0.0000 0.0000 0.0000 
300      300   (0)     12 :  0.0915 0.0000 0.0164 0.0000 0.0000 0.0000 0.0000 0.5374 0.0000 0.0000 0.2662 0.0241 0.0644 
301      301   (0)     13 :  0.0098 0.0000 0.0000 0.9020 0.0000 0.0000 0.0024 0.0599 0.0000 0.0000 0.0257 0.0000 0.0002 
302      302   (0)     13 :  0.0108 0.0000 0.0000 0.9851 0.0000 0.0000 0.0041 0.0000 0.0000 0.0000 0.0000 0.0000 0.0000 
303      303   (0)     13 :  0.0000 0.0000 0.0000 0.9903 0.0000 0.0000 0.0072 0.0000 0.0025 0.0000 0.0000 0.0000 0.0000 
304      304   (0)     13 :  0.0967 0.0000 0.0000 0.5199 0.0000 0.0000 0.1343 0.0055 0.0000 0.0000 0.0593 0.0000 0.1843 
305      305   (0)     13 :  0.0000 0.0000 0.0000 1.0000 0.0000 0.0000 0.0000 0.0000 0.0000 0.0000 0.0000 0.0000 0.0000 
306      306   (0)     13 :  0.0188 0.0000 0.0055 0.9732 0.0000 0.0000 0.0000 0.0026 0.0000 0.0000 0.0000 0.0000 0.0000 
307      307   (0)     13 :  0.0000 0.0000 0.0000 0.8931 0.0000 0.0000 0.0739 0.0000 0.0330 0.0000 0.0000 0.0000 0.0000 
308      308   (0)     13 :  0.0000 0.0000 0.0206 0.2598 0.0000 0.0000 0.0000 0.1905 0.0000 0.0000 0.5178 0.0054 0.0059 
309      309   (0)     13 :  0.0122 0.0000 0.0000 0.5762 0.0000 0.0000 0.0000 0.2543 0.0000 0.0000 0.1573 0.0000 0.0000 
310      310   (0)     13 :  0.1618 0.0000 0.0000 0.8382 0.0000 0.0000 0.0000 0.0000 0.0000 0.0000 0.0000 0.0000 0.0000 
311      311   (0)     13 :  0.0000 0.0000 0.0000 0.9957 0.0000 0.0000 0.0043 0.0000 0.0000 0.0000 0.0000 0.0000 0.0000 
312      312   (0)     13 :  0.0000 0.0000 0.0000 0.9788 0.0000 0.0000 0.0000 0.0072 0.0140 0.0000 0.0000 0.0000 0.0000 
313      313   (0)     13 :  0.0000 0.0000 0.0000 1.0000 0.0000 0.0000 0.0000 0.0000 0.0000 0.0000 0.0000 0.0000 0.0000 
314      314   (0)     13 :  0.0000 0.0000 0.0000 1.0000 0.0000 0.0000 0.0000 0.0000 0.0000 0.0000 0.0000 0.0000 0.0000 
315      315   (0)     13 :  0.0088 0.0000 0.0000 0.9905 0.0000 0.0000 0.0007 0.0000 0.0000 0.0000 0.0000 0.0000 0.0000 
316      316   (0)     13 :  0.0000 0.0000 0.0000 0.8629 0.0000 0.0000 0.0897 0.0432 0.0000 0.0000 0.0014 0.0029 0.0000 
317      317   (0)     13 :  0.0017 0.0000 0.0000 0.9855 0.0000 0.0000 0.0000 0.0128 0.0000 0.0000 0.0000 0.0000 0.0000 
318      318   (0)     13 :  0.0000 0.0000 0.0000 0.9943 0.0000 0.0000 0.0000 0.0000 0.0057 0.0000 0.0000 0.0000 0.0000 
319      319   (0)     13 :  0.0000 0.0000 0.0000 0.9949 0.0000 0.0000 0.0051 0.0000 0.0000 0.0000 0.0000 0.0000 0.0000 
320      320   (0)     13 :  0.0302 0.0000 0.0000 0.2306 0.0000 0.0000 0.0000 0.3608 0.0000 0.0000 0.3629 0.0051 0.0104 
321      321   (0)     13 :  0.0071 0.0000 0.0000 0.9887 0.0000 0.0000 0.0041 0.0000 0.0000 0.0000 0.0000 0.0000 0.0000 
322      322   (0)     13 :  0.0177 0.0000 0.0000 0.9313 0.0000 0.0000 0.0113 0.0261 0.0000 0.0000 0.0000 0.0060 0.0077 
323      323   (0)     13 :  0.0043 0.0000 0.0000 0.9051 0.0000 0.0000 0.0000 0.0000 0.0000 0.0000 0.0000 0.0000 0.0906 
324      324   (0)     13 :  0.0026 0.0000 0.0000 0.7855 0.0000 0.0000 0.0013 0.0000 0.0000 0.0000 0.0000 0.0000 0.2107 
325      325   (0)     14 :  0.0000 0.0000 0.0000 0.6776 0.0000 0.0000 0.3189 0.0034 0.0000 0.0000 0.0000 0.0000 0.0000 
326      326   (0)     14 :  0.0000 0.0000 0.0000 0.0639 0.0000 0.0000 0.9361 0.0000 0.0000 0.0000 0.0000 0.0000 0.0000 
327      327   (0)     14 :  0.0000 0.0000 0.0000 0.0000 0.0000 0.0000 0.0000 0.0000 0.0000 0.0000 1.0000 0.0000 0.0000 
328      328   (0)     14 :  0.2268 0.0000 0.0000 0.2334 0.0000 0.0000 0.5391 0.0004 0.0000 0.0000 0.0000 0.0000 0.0003 
329      329   (0)     14 :  0.0000 0.0000 0.0000 0.0000 0.0000 0.0000 0.0000 0.4581 0.0000 0.0000 0.5310 0.0000 0.0108 
330      330   (0)     14 :  0.0000 0.0103 0.0000 0.0013 0.0029 0.0000 0.0098 0.0087 0.0000 0.0000 0.9662 0.0010 0.0000 
331      331   (0)     14 :  0.0000 0.0000 0.0000 0.0170 0.0000 0.0000 0.0000 0.2671 0.0000 0.0000 0.6913 0.0179 0.0067 
332      332   (0)     14 :  0.1188 0.0000 0.0000 0.2784 0.0000 0.0000 0.3547 0.0587 0.0000 0.0000 0.1340 0.0000 0.0554 
333      333   (0)     14 :  0.0000 0.0000 0.0000 0.0000 0.0000 0.0000 0.0000 0.0755 0.0000 0.0000 0.9075 0.0074 0.0096 
334      334   (0)     14 :  0.0039 0.0000 0.0000 0.2281 0.0000 0.0000 0.7358 0.0254 0.0000 0.0000 0.0000 0.0053 0.0015 
335      335   (0)     14 :  0.0137 0.0000 0.0013 0.3459 0.0000 0.0000 0.4498 0.0545 0.0000 0.0000 0.0987 0.0000 0.0360 
336      336   (0)     11 :  0.0000 0.0000 0.0000 0.0345 0.0000 0.0000 0.0014 0.3617 0.0000 0.0000 0.6024 0.0000 0.0000 
337      337   (0)     11 :  0.0794 0.0000 0.0000 0.4405 0.0000 0.0000 0.4421 0.0005 0.0375 0.0000 0.0000 0.0000 0.0000 
338      338   (0)     11 :  0.0078 0.0000 0.0345 0.0134 0.0000 0.0000 0.0000 0.5215 0.0000 0.0000 0.4158 0.0000 0.0069 
339      339   (0)     10 :  0.0000 0.0000 0.0000 0.0000 0.0000 0.0000 1.0000 0.0000 0.0000 0.0000 0.0000 0.0000 0.0000 
340      340   (0)     10 :  0.0000 0.0000 0.0000 0.0000 0.0000 0.0010 0.0000 0.1230 0.0454 0.1668 0.6492 0.0147 0.0000 
341      341   (0)     11 :  0.0305 0.0160 0.0000 0.0113 0.0000 0.0000 0.0247 0.3984 0.0002 0.0000 0.5122 0.0069 0.0000 
342      342   (0)     11 :  0.0000 0.0000 0.0000 0.0000 0.0000 0.0000 0.0000 0.5762 0.0000 0.0000 0.4238 0.0000 0.0000 
343      343   (0)     11 :  0.0000 0.0000 0.0000 0.0000 0.0000 0.0000 0.0000 0.2149 0.0000 0.0000 0.7851 0.0000 0.0000 
344      344   (0)     11 :  0.0000 0.0181 0.0000 0.0018 0.0000 0.0000 0.0675 0.4777 0.0000 0.0037 0.4124 0.0054 0.0133 
345      345   (0)     11 :  0.0000 0.0000 0.0000 0.0309 0.0000 0.0000 0.0000 0.5822 0.0000 0.0000 0.3859 0.0000 0.0011 
346      346   (0)     11 :  0.0000 0.0000 0.0000 0.0000 0.0000 0.0000 0.0000 0.4668 0.0000 0.0000 0.5252 0.0000 0.0080 
347      347   (0)     11 :  0.0257 0.0000 0.0000 0.5145 0.0000 0.0000 0.4508 0.0071 0.0000 0.0000 0.0000 0.0008 0.0012 
348      348   (0)     11 :  0.0000 0.0000 0.0000 0.0000 0.0000 0.0000 0.0000 0.4351 0.0000 0.0000 0.5609 0.0000 0.0040 
349      349   (0)     11 :  0.0000 0.0000 0.0000 0.0000 0.0000 0.0000 0.0212 0.3886 0.0000 0.0000 0.5812 0.0000 0.0089 
350      350   (0)     11 :  0.0000 0.0000 0.0000 0.0029 0.0000 0.0000 0.0836 0.4969 0.0000 0.0000 0.3625 0.0058 0.0482 
351      351   (0)     11 :  0.0078 0.0000 0.0000 0.0000 0.0000 0.0000 0.0000 0.5799 0.0000 0.0000 0.4122 0.0000 0.0000 
352      352   (0)     11 :  0.1404 0.0000 0.0000 0.1131 0.0000 0.0000 0.6570 0.0400 0.0000 0.0000 0.0077 0.0000 0.0418 
353      353   (0)     11 :  0.0000 0.0000 0.0000 0.0000 0.0000 0.0000 0.0000 0.5725 0.0000 0.0000 0.4186 0.0000 0.0089 
354      354   (0)     11 :  0.0087 0.0000 0.0000 0.2788 0.0000 0.0000 0.7048 0.0077 0.0000 0.0000 0.0000 0.0000 0.0000 
355      355   (0)     11 :  0.0000 0.0000 0.0000 0.0000 0.0000 0.0000 0.0000 0.5720 0.0000 0.0000 0.4280 0.0000 0.0000 
356      356   (0)     14 :  0.0000 0.0002 0.0000 0.0054 0.0000 0.0028 0.0000 0.1242 0.0000 0.0010 0.7717 0.0015 0.0931 
357      357   (0)     14 :  0.0786 0.0000 0.0000 0.3338 0.0000 0.0000 0.5872 0.0000 0.0000 0.0000 0.0000 0.0000 0.0005 
358      358   (0)     14 :  0.0000 0.0000 0.0000 0.0000 0.0000 0.0000 0.0000 0.3124 0.0000 0.0000 0.6667 0.0070 0.0140 
359      359   (0)     14 :  0.0154 0.0000 0.0000 0.2506 0.0000 0.0000 0.6174 0.0034 0.0000 0.0000 0.0189 0.0000 0.0943 
360      360   (0)     14 :  0.0000 0.0000 0.0000 0.0000 0.0000 0.0000 0.0000 0.0000 0.0000 0.0000 1.0000 0.0000 0.0000 
361      361   (0)     14 :  0.0000 0.0000 0.0000 0.0431 0.0000 0.0000 0.0055 0.0991 0.0000 0.0000 0.8523 0.0000 0.0000 
362      362   (0)     14 :  0.0000 0.0000 0.0000 0.0038 0.0000 0.0000 0.0000 0.1726 0.0000 0.0000 0.8236 0.0000 0.0000 
363      363   (0)     14 :  0.0000 0.0015 0.0000 0.0000 0.0000 0.0000 0.0000 0.2450 0.0000 0.0000 0.7355 0.0164 0.0015 
364      364   (0)     14 :  0.0000 0.0000 0.0000 0.0000 0.0000 0.0000 0.0000 0.2360 0.0000 0.0000 0.7626 0.0014 0.0000 
365      365   (0)     14 :  0.0000 0.0000 0.0000 0.1411 0.0000 0.0000 0.0000 0.1751 0.0000 0.0000 0.6831 0.0000 0.0006 
366      366   (0)     14 :  0.0001 0.0000 0.0000 0.2261 0.0000 0.0000 0.6214 0.0380 0.0000 0.0000 0.0177 0.0000 0.0966 
367      367   (0)      9 :  0.0000 0.0000 0.0000 0.0660 0.0000 0.0000 0.8852 0.0000 0.0000 0.0000 0.0000 0.0000 0.0488 
368      368   (0)      9 :  0.0000 0.0000 0.0000 0.0000 0.0000 0.0000 0.1055 0.0158 0.0000 0.0372 0.8390 0.0026 0.0000 
369      369   (0)      9 :  0.0000 0.0000 0.0000 0.0946 0.0000 0.0000 0.9035 0.0006 0.0000 0.0000 0.0013 0.0000 0.0000 
370      370   (0)      9 :  0.0000 0.0000 0.0000 0.0000 0.0000 0.0000 0.8861 0.0737 0.0000 0.0000 0.0147 0.0045 0.0210 
371      371   (0)      9 :  0.0000 0.0000 0.0000 0.0361 0.0000 0.0000 0.9464 0.0176 0.0000 0.0000 0.0000 0.0000 0.0000 
372      372   (0)      9 :  0.0000 0.0000 0.0000 0.0000 0.0000 0.0000 0.0000 0.0000 0.0000 0.0000 0.9957 0.0000 0.0043 
373      373   (0)     14 :  0.0000 0.0000 0.0000 0.0000 0.0000 0.0000 0.0000 0.2646 0.0000 0.0000 0.7354 0.0000 0.0000 
374      374   (0)     14 :  0.0000 0.0000 0.0000 0.1991 0.0000 0.0000 0.7927 0.0000 0.0000 0.0000 0.0082 0.0000 0.0000 
375      375   (0)     14 :  0.0326 0.0000 0.0000 0.0000 0.0000 0.0000 0.0107 0.0102 0.0000 0.0000 0.9418 0.0004 0.0044 
376      376   (0)     14 :  0.0000 0.0013 0.0000 0.0000 0.0000 0.0000 0.0000 0.0000 0.0000 0.0000 0.9987 0.0000 0.0000 
377      377   (0)     14 :  0.0000 0.0000 0.0000 0.3776 0.0000 0.0000 0.6151 0.0000 0.0073 0.0000 0.0000 0.0000 0.0000 
378      378   (0)      9 :  0.0045 0.0000 0.0000 0.0000 0.0000 0.0000 0.9888 0.0006 0.0000 0.0000 0.0000 0.0023 0.0037 
379      379   (0)      9 :  0.0000 0.0304 0.0000 0.0000 0.0000 0.0000 0.0000 0.0000 0.0000 0.0000 0.9639 0.0000 0.0057 
380      380   (0)      9 :  0.0000 0.0210 0.0000 0.0000 0.0000 0.0000 0.0000 0.0058 0.0000 0.0000 0.9610 0.0123 0.0000 
381      381   (0)      9 :  0.0000 0.0000 0.0000 0.0000 0.0000 0.0869 0.0000 0.0000 0.0000 0.0000 0.9131 0.0000 0.0000 
382      382   (0)      9 :  0.0000 0.0000 0.0000 0.0294 0.0000 0.0000 0.9145 0.0295 0.0000 0.0000 0.0267 0.0000 0.0000 
383      383   (0)      9 :  0.0000 0.0000 0.0000 0.0000 0.0000 0.0000 1.0000 0.0000 0.0000 0.0000 0.0000 0.0000 0.0000 
384      384   (0)      9 :  0.0000 0.0000 0.0000 0.0000 0.0000 0.0000 0.9726 0.0274 0.0000 0.0000 0.0000 0.0000 0.0000 
385      385   (0)      9 :  0.0000 0.0000 0.0000 0.0000 0.0000 0.1186 0.0000 0.0000 0.0000 0.0000 0.8814 0.0000 0.0000 
386      386   (0)      9 :  0.0109 0.0000 0.0000 0.0354 0.0000 0.0000 0.9135 0.0402 0.0000 0.0000 0.0000 0.0000 0.0000 
387      387   (0)      9 :  0.0000 0.0000 0.0000 0.0000 0.0000 0.0000 0.9415 0.0189 0.0353 0.0000 0.0020 0.0000 0.0022 
388      388   (0)      9 :  0.0000 0.0000 0.0000 0.0000 0.0000 0.0003 0.0000 0.0000 0.0000 0.0000 0.9997 0.0000 0.0000 
389      389   (0)      9 :  0.0000 0.0015 0.0000 0.0000 0.0000 0.0000 0.0000 0.0015 0.0000 0.0008 0.9921 0.0041 0.0000 
390      390   (0)      9 :  0.0000 0.0000 0.0000 0.0010 0.0000 0.0000 0.7126 0.1051 0.1786 0.0000 0.0001 0.0026 0.0000 
391      391   (0)      9 :  0.0000 0.0000 0.0000 0.0000 0.0000 0.1496 0.0000 0.0000 0.0000 0.0000 0.8504 0.0000 0.0000 
392      392   (0)     15 :  0.0000 0.0000 0.0000 0.2056 0.0000 0.0000 0.2557 0.0000 0.0000 0.0000 0.0000 0.0000 0.5386 
393      393   (0)     15 :  0.0000 0.0000 0.0000 0.2545 0.0000 0.0000 0.0000 0.0000 0.0000 0.0000 0.0000 0.0000 0.7455 
394      394   (0)     15 :  0.0000 0.0000 0.0000 0.0506 0.0000 0.0000 0.0000 0.0000 0.0000 0.0000 0.0002 0.0065 0.9427 
395      395   (0)     15 :  0.0000 0.0000 0.0000 0.0934 0.0000 0.0915 0.0000 0.0306 0.0000 0.0000 0.0000 0.0071 0.7773 
396      396   (0)     15 :  0.0000 0.0000 0.0000 0.1220 0.0000 0.0000 0.0000 0.0000 0.0000 0.0000 0.0000 0.0000 0.8780 
397      397   (0)     15 :  0.0000 0.0000 0.0000 0.0676 0.0000 0.0000 0.0000 0.0000 0.0000 0.0000 0.0000 0.0000 0.9323 
398      398   (0)     15 :  0.0000 0.0000 0.0000 0.0704 0.0000 0.0000 0.0000 0.0000 0.0000 0.0000 0.0000 0.0000 0.9296 
399      399   (0)     15 :  0.0000 0.0000 0.0000 0.0000 0.0000 0.0000 0.0000 0.4048 0.0000 0.0000 0.2572 0.0500 0.2880 
400      400   (0)     15 :  0.0000 0.0000 0.0000 0.0766 0.0000 0.0029 0.0000 0.0000 0.0000 0.0000 0.0000 0.0000 0.9205 
401      401   (0)     15 :  0.0000 0.0000 0.0000 0.0728 0.0000 0.0000 0.0000 0.0000 0.0000 0.0000 0.0000 0.0000 0.9272 
402      402   (0)     15 :  0.0000 0.0000 0.0000 0.0000 0.0000 0.0000 0.0000 0.4294 0.0000 0.0000 0.1872 0.0500 0.3334 
403      403   (0)     15 :  0.0000 0.0000 0.0000 0.0000 0.0000 0.0000 0.0000 0.4216 0.0000 0.0000 0.4634 0.0418 0.0732 
404      404   (0)     15 :  0.0000 0.0000 0.0000 0.0663 0.0000 0.0000 0.0000 0.0000 0.0000 0.0000 0.0000 0.0000 0.9337 
405      405   (0)     15 :  0.0000 0.0000 0.0000 0.0797 0.0000 0.0000 0.0022 0.0000 0.0000 0.0000 0.0000 0.0000 0.9182 
406      406   (0)     15 :  0.0000 0.0000 0.0000 0.2962 0.0000 0.0000 0.0011 0.0000 0.0000 0.0000 0.0000 0.0000 0.7027 
407      407   (0)     15 :  0.0000 0.0000 0.0000 0.0331 0.0000 0.0000 0.0150 0.0718 0.0000 0.0000 0.0141 0.0170 0.8490 
408      408   (0)     15 :  0.0000 0.0000 0.0000 0.0000 0.0000 0.0000 0.0000 0.4920 0.0000 0.0000 0.2111 0.0500 0.2469 
409      409   (0)     15 :  0.0000 0.0000 0.0000 0.0534 0.0000 0.0000 0.0000 0.0007 0.0000 0.0000 0.0000 0.0047 0.9412 
410      410   (0)     15 :  0.0000 0.0000 0.0000 0.0000 0.0000 0.0000 0.0000 0.4367 0.0000 0.0000 0.1830 0.0500 0.3303 
411      411   (0)     15 :  0.0000 0.0000 0.0000 0.1883 0.0000 0.0000 0.0000 0.0000 0.0000 0.0000 0.0000 0.0000 0.8117 
412      412   (0)     15 :  0.0000 0.0000 0.0000 0.0359 0.0000 0.0000 0.0000 0.0710 0.0000 0.0000 0.0000 0.0153 0.8778 
413      413   (0)     15 :  0.0000 0.0000 0.0000 0.2008 0.0000 0.0000 0.0000 0.0000 0.0000 0.0000 0.0000 0.0000 0.7992 
414      414   (0)     15 :  0.1180 0.0000 0.0000 0.1414 0.0000 0.0000 0.0046 0.0142 0.0315 0.0000 0.0000 0.0031 0.6872 
415      415   (0)     15 :  0.0813 0.0000 0.0246 0.0318 0.0000 0.0000 0.0292 0.0636 0.0000 0.0002 0.0056 0.0155 0.7481 
416      416   (0)     15 :  0.0000 0.0000 0.0000 0.0673 0.0000 0.0000 0.0000 0.0000 0.0000 0.0000 0.0000 0.0000 0.9327 
417      417   (0)     15 :  0.0000 0.0000 0.0000 0.0000 0.0000 0.0000 0.0000 0.4980 0.0000 0.0000 0.2218 0.0500 0.2302 
418      418   (0)     15 :  0.0000 0.0000 0.0000 0.1704 0.0000 0.0000 0.0000 0.0000 0.0000 0.0000 0.0000 0.0000 0.8296 
419      419   (0)     15 :  0.0000 0.0000 0.0024 0.0000 0.0000 0.0000 0.0000 0.4895 0.0000 0.0000 0.2194 0.0500 0.2388 
420      420   (0)     15 :  0.0000 0.0000 0.0000 0.0000 0.0000 0.0000 0.0000 0.5259 0.0000 0.0000 0.2241 0.0500 0.2000 
421      421   (0)     16 :  0.0000 0.3559 0.0000 0.0000 0.0288 0.4335 0.0000 0.0000 0.0000 0.0000 0.0000 0.1817 0.0000 
422      422   (0)     16 :  0.0000 0.0475 0.0000 0.0000 0.0000 0.6945 0.0000 0.0294 0.0000 0.0838 0.0022 0.1426 0.0000 
423      423   (0)     16 :  0.0000 0.4569 0.1249 0.0000 0.0000 0.0000 0.0000 0.0512 0.0000 0.0516 0.0156 0.2937 0.0062 
424      424   (0)     16 :  0.0000 0.1869 0.0068 0.0000 0.0000 0.3659 0.0007 0.0266 0.0000 0.0543 0.0712 0.2876 0.0000 
425      425   (0)     16 :  0.0000 0.0000 0.0465 0.0000 0.0004 0.5308 0.0000 0.0337 0.0000 0.0667 0.0129 0.3088 0.0000 
426      426   (0)     16 :  0.0000 0.4619 0.1561 0.0000 0.0000 0.0000 0.0000 0.0244 0.0000 0.0601 0.0000 0.2975 0.0000 
427      427   (0)     16 :  0.0000 0.1458 0.0000 0.0053 0.0000 0.5574 0.0001 0.0012 0.0000 0.0012 0.0000 0.2891 0.0000 
428      428   (0)     16 :  0.0000 0.6612 0.0000 0.0000 0.0000 0.0000 0.0000 0.0010 0.0000 0.0000 0.0000 0.3378 0.0000 
429      429   (0)     16 :  0.0001 0.0266 0.0323 0.0000 0.0000 0.2871 0.0049 0.0172 0.0000 0.0376 0.0020 0.5922 0.0000 
430      430   (0)     16 :  0.0000 0.7579 0.0315 0.0000 0.0000 0.0000 0.0000 0.0122 0.0211 0.0036 0.0000 0.1736 0.0000 
431      431   (0)     16 :  0.0000 0.0017 0.0000 0.0000 0.0000 0.3893 0.0000 0.0332 0.0000 0.3465 0.0000 0.2293 0.0000 
432      432   (0)     16 :  0.0000 0.6411 0.0158 0.0000 0.0000 0.0063 0.0000 0.0011 0.0000 0.0000 0.0202 0.3155 0.0000 
433      433   (0)     16 :  0.0000 0.0618 0.0000 0.0000 0.0000 0.7821 0.0000 0.0010 0.0000 0.0000 0.0000 0.1550 0.0000 
434      434   (0)     16 :  0.0000 0.5831 0.0026 0.0000 0.0000 0.2437 0.0000 0.0005 0.0000 0.0104 0.0087 0.1405 0.0105 
435      435   (0)     16 :  0.0000 0.4055 0.0000 0.0000 0.0000 0.4376 0.0000 0.0000 0.0000 0.0000 0.0068 0.1502 0.0000 
436      436   (0)     16 :  0.0000 0.0077 0.0000 0.0000 0.0000 0.8122 0.0000 0.0097 0.0563 0.0000 0.0000 0.1141 0.0000 
437      437   (0)     16 :  0.0000 0.6805 0.0000 0.0000 0.0000 0.0000 0.0000 0.0020 0.0000 0.0547 0.0000 0.2628 0.0000 
438      438   (0)     16 :  0.0000 0.8537 0.0000 0.0000 0.0000 0.0000 0.0000 0.0046 0.0000 0.0135 0.0000 0.1281 0.0000 
439      439   (0)     16 :  0.0000 0.6414 0.0038 0.0000 0.0000 0.0000 0.0000 0.0051 0.0000 0.0379 0.0223 0.2865 0.0030 
440      440   (0)     16 :  0.0000 0.2036 0.1547 0.0000 0.0000 0.0000 0.0000 0.0084 0.0000 0.0000 0.0041 0.6262 0.0029 
441      441   (0)     16 :  0.0175 0.4606 0.0000 0.0042 0.0000 0.3043 0.0000 0.0237 0.0000 0.0000 0.0009 0.1874 0.0014 
442      442   (0)     16 :  0.0000 0.7990 0.0000 0.0000 0.0000 0.0052 0.0000 0.0007 0.0000 0.0302 0.0000 0.1648 0.0000 
443      443   (0)     16 :  0.0000 0.3840 0.1627 0.0000 0.0000 0.0066 0.0000 0.0356 0.0000 0.0000 0.0235 0.3876 0.0000 
444      444   (0)     16 :  0.0000 0.6612 0.0152 0.0000 0.0000 0.0000 0.0000 0.0076 0.0000 0.0000 0.0052 0.3107 0.0000 
445      445   (0)     16 :  0.0000 0.0000 0.0000 0.0000 1.0000 0.0000 0.0000 0.0000 0.0000 0.0000 0.0000 0.0000 0.0000 
446      446   (0)     16 :  0.0000 0.3896 0.0000 0.0000 0.0000 0.4064 0.0000 0.0000 0.0000 0.0000 0.0172 0.1868 0.0000 
447      447   (0)     16 :  0.0000 0.3646 0.0245 0.0000 0.0108 0.0869 0.0000 0.0155 0.0000 0.0000 0.0036 0.4942 0.0000 
448      448   (0)     16 :  0.0000 0.5855 0.0000 0.0000 0.0000 0.0147 0.0000 0.0023 0.0000 0.0000 0.0000 0.3975 0.0000 
449      449   (0)     16 :  0.0000 0.5263 0.0000 0.0000 0.0000 0.2647 0.0000 0.0063 0.0002 0.0000 0.0221 0.1799 0.0005 
450      450   (0)     16 :  0.0000 0.7194 0.0253 0.0000 0.0000 0.0057 0.0000 0.0000 0.0000 0.0308 0.0000 0.2187 0.0000 
451      451   (0)     17 :  0.0257 0.4173 0.0574 0.0000 0.0000 0.1049 0.0038 0.0851 0.0135 0.1556 0.0072 0.1265 0.0030 
452      452   (0)     17 :  0.0000 0.6750 0.0399 0.0000 0.0000 0.0242 0.0000 0.0191 0.0000 0.0000 0.0069 0.2349 0.0000 
453      453   (0)     17 :  0.0000 0.8170 0.0000 0.0000 0.0000 0.0000 0.0000 0.0000 0.0000 0.0000 0.0000 0.1830 0.0000 
454      454   (0)     17 :  0.0000 0.0000 0.0000 0.0475 0.8903 0.0000 0.0000 0.0048 0.0000 0.0000 0.0000 0.0546 0.0028 
455      455   (0)     17 :  0.0000 0.0142 0.0000 0.0000 0.0007 0.8067 0.0000 0.0002 0.0000 0.0000 0.0000 0.1781 0.0000 
456      456   (0)     17 :  0.0000 0.0000 0.0000 0.0000 0.9993 0.0000 0.0000 0.0000 0.0000 0.0000 0.0000 0.0007 0.0000 
457      457   (0)     17 :  0.0000 0.0490 0.0000 0.0000 0.0000 0.8120 0.0000 0.0000 0.0000 0.0000 0.0000 0.1390 0.0000 
458      458   (0)     17 :  0.0000 0.7351 0.0000 0.0000 0.0000 0.0192 0.0000 0.0072 0.0000 0.0085 0.0011 0.2290 0.0000 
459      459   (0)     17 :  0.0000 0.7755 0.0000 0.0000 0.0000 0.0000 0.0000 0.0000 0.0000 0.0000 0.0014 0.2231 0.0000 
460      460   (0)     17 :  0.0000 0.0000 0.3096 0.0000 0.0000 0.2959 0.0000 0.0000 0.0000 0.0000 0.0010 0.3936 0.0000 
461      461   (0)     17 :  0.0000 0.3008 0.0344 0.0000 0.0000 0.2490 0.0000 0.0262 0.0000 0.0000 0.0121 0.3775 0.0000 
462      462   (0)     17 :  0.0629 0.1050 0.0085 0.0033 0.0000 0.0000 0.0000 0.0971 0.1077 0.3606 0.0088 0.2460 0.0000 
463      463   (0)     17 :  0.0287 0.0000 0.0000 0.0153 0.5943 0.1505 0.0381 0.0021 0.1012 0.0000 0.0000 0.0665 0.0033 
464      464   (0)     17 :  0.0005 0.4755 0.0192 0.0000 0.0114 0.0403 0.0000 0.0238 0.0017 0.0333 0.0395 0.3548 0.0000 
465      465   (0)     17 :  0.0000 0.5931 0.0000 0.0000 0.0000 0.0000 0.0000 0.0412 0.2039 0.0840 0.0038 0.0741 0.0000 
466      466   (0)     17 :  0.0000 0.4699 0.2054 0.0000 0.0000 0.0000 0.0000 0.0256 0.0399 0.0107 0.0132 0.2353 0.0000 
467      467   (0)     17 :  0.0000 0.3447 0.1970 0.0000 0.0002 0.2109 0.0000 0.0169 0.0243 0.1210 0.0310 0.0513 0.0028 
468      468   (0)     17 :  0.0000 0.0374 0.6620 0.0000 0.0000 0.0075 0.0000 0.0302 0.0000 0.0000 0.0088 0.2540 0.0000 
469      469   (0)     17 :  0.0000 0.2942 0.0692 0.0000 0.0116 0.2989 0.0000 0.0443 0.0184 0.0544 0.0650 0.1439 0.0000 
470      470   (0)     17 :  0.0005 0.5731 0.0125 0.0000 0.0000 0.0000 0.0432 0.0688 0.0000 0.0000 0.0171 0.2848 0.0000 
471      471   (0)     17 :  0.0000 0.1798 0.0908 0.0000 0.0000 0.3925 0.0000 0.0236 0.0001 0.0000 0.0027 0.2880 0.0225 
472      472   (0)     17 :  0.0000 0.0677 0.4520 0.0000 0.0000 0.0000 0.0016 0.0126 0.0000 0.2199 0.0000 0.2460 0.0002 
473      473   (0)     17 :  0.0000 0.1823 0.4284 0.0000 0.0000 0.0000 0.0000 0.0357 0.0000 0.0761 0.0000 0.2629 0.0146 
474      474   (0)     17 :  0.0000 0.0030 0.0101 0.0000 0.0000 0.7593 0.0000 0.0173 0.0033 0.0322 0.0000 0.1743 0.0004 
475      475   (0)     17 :  0.0000 0.3263 0.1421 0.0000 0.0000 0.0755 0.0000 0.0318 0.0117 0.0599 0.0000 0.3529 0.0000 
476      476   (0)     17 :  0.0045 0.0946 0.0160 0.0000 0.0000 0.6087 0.0040 0.0271 0.0462 0.0060 0.0005 0.1925 0.0000 
477      477   (0)     17 :  0.0000 0.6726 0.0111 0.0000 0.0000 0.0000 0.0000 0.0105 0.0071 0.0006 0.0000 0.2981 0.0000 
478      478   (0)     17 :  0.0000 0.0000 0.0264 0.0000 0.0000 0.7853 0.0000 0.0060 0.0000 0.0000 0.0000 0.1822 0.0000 
479      479   (0)     17 :  0.0000 0.6865 0.0592 0.0000 0.0715 0.0004 0.0000 0.0124 0.0000 0.0020 0.0000 0.1680 0.0000 
480      480   (0)     17 :  0.0000 0.0907 0.4033 0.0000 0.0284 0.0018 0.0000 0.0953 0.0009 0.1247 0.0116 0.2377 0.0056 
481      481   (0)     18 :  0.0000 0.0000 0.0000 0.0000 0.0000 0.0000 0.0000 0.0854 0.1431 0.5379 0.0006 0.2330 0.0000 
482      482   (0)     18 :  0.0000 0.0000 0.0000 0.0000 0.0000 0.0000 0.0000 0.0000 1.0000 0.0000 0.0000 0.0000 0.0000 
483      483   (0)     18 :  0.0000 0.0000 0.0000 0.0000 0.0000 0.0000 0.0000 0.0000 1.0000 0.0000 0.0000 0.0000 0.0000 
484      484   (0)     18 :  0.0000 0.0000 0.0000 0.0000 0.0000 0.0000 0.0000 0.0000 1.0000 0.0000 0.0000 0.0000 0.0000 
485      485   (0)     18 :  0.0000 0.0043 0.0000 0.0000 0.2512 0.0000 0.0000 0.0000 0.7445 0.0000 0.0000 0.0000 0.0000 
486      486   (0)     18 :  0.0000 0.0000 0.0000 0.0000 0.0000 0.0000 0.0000 0.0036 0.9964 0.0000 0.0000 0.0000 0.0000 
487      487   (0)     18 :  0.0000 0.0000 0.0000 0.0000 0.0000 0.0000 0.0000 0.0000 1.0000 0.0000 0.0000 0.0000 0.0000 
488      488   (0)     18 :  0.0000 0.2204 0.0233 0.0000 0.0000 0.0000 0.0000 0.0328 0.0492 0.0924 0.0007 0.5811 0.0000 
489      489   (0)     18 :  0.0000 0.0000 0.0000 0.0022 0.0000 0.0000 0.0000 0.0738 0.0094 0.6896 0.0000 0.2251 0.0000 
490      490   (0)     18 :  0.0000 0.0000 0.0000 0.0000 0.0000 0.0000 0.0000 0.0000 1.0000 0.0000 0.0000 0.0000 0.0000 
491      491   (0)     18 :  0.0000 0.0128 0.0057 0.0000 0.0000 0.0000 0.0000 0.0014 0.8933 0.0000 0.0038 0.0831 0.0000 
492      492   (0)     18 :  0.0000 0.3942 0.0000 0.0000 0.4991 0.0000 0.0000 0.0000 0.0524 0.0062 0.0001 0.0480 0.0000 
493      493   (0)     18 :  0.0000 0.0000 0.0000 0.0000 0.0000 0.4370 0.0000 0.0248 0.0412 0.3557 0.0000 0.1413 0.0000 
494      494   (0)     18 :  0.0000 0.0000 0.0000 0.0000 0.0000 0.0000 0.0000 0.0000 0.9306 0.0694 0.0000 0.0000 0.0000 
495      495   (0)     18 :  0.0000 0.0000 0.0000 0.0000 0.0000 0.0000 0.0000 0.0000 1.0000 0.0000 0.0000 0.0000 0.0000 
496      496   (0)     18 :  0.0000 0.0043 0.0000 0.0000 0.4521 0.0000 0.0000 0.0000 0.5430 0.0000 0.0000 0.0006 0.0000 
497      497   (0)     18 :  0.0000 0.0000 0.0048 0.0000 0.0000 0.1288 0.0000 0.0517 0.0087 0.3793 0.0024 0.4243 0.0000 
498      498   (0)     18 :  0.0000 0.1021 0.0000 0.0000 0.1106 0.0000 0.0000 0.0000 0.7874 0.0000 0.0000 0.0000 0.0000 
499      499   (0)     18 :  0.0000 0.1337 0.0000 0.0000 0.2714 0.1218 0.0000 0.0000 0.4504 0.0226 0.0000 0.0000 0.0000 
500      500   (0)     18 :  0.0000 0.0000 0.0138 0.0000 0.0000 0.0000 0.0000 0.1153 0.0812 0.3831 0.0000 0.4065 0.0000 
501      501   (0)     18 :  0.0000 0.1778 0.0000 0.0000 0.0000 0.0000 0.0000 0.0535 0.0342 0.4655 0.0000 0.2690 0.0000 
502      502   (0)     18 :  0.0000 0.2382 0.0000 0.0021 0.3647 0.0574 0.0006 0.0000 0.3371 0.0000 0.0000 0.0000 0.0000 
503      503   (0)     18 :  0.0000 0.0000 0.0000 0.0000 0.0000 0.0000 0.0000 0.0000 1.0000 0.0000 0.0000 0.0000 0.0000 
504      504   (0)     18 :  0.0000 0.0254 0.0000 0.0000 0.4887 0.0000 0.0000 0.0054 0.3846 0.0000 0.0000 0.0959 0.0000 
505      505   (0)     18 :  0.0000 0.0043 0.0000 0.0000 0.5652 0.0000 0.0006 0.0000 0.3217 0.0000 0.0441 0.0641 0.0000 
506      506   (0)     18 :  0.0000 0.0000 0.0015 0.0000 0.0000 0.2210 0.0000 0.0439 0.0110 0.2162 0.0022 0.5043 0.0000 
507      507   (0)     18 :  0.0000 0.2191 0.0000 0.0000 0.1317 0.0000 0.0000 0.0043 0.6000 0.0384 0.0000 0.0065 0.0000 
508      508   (0)     18 :  0.0000 0.0117 0.0089 0.0000 0.0000 0.1733 0.0000 0.0368 0.0134 0.3678 0.0006 0.3874 0.0000 
509      509   (0)     18 :  0.0000 0.0000 0.0000 0.0000 0.7656 0.0000 0.0000 0.0007 0.2242 0.0000 0.0000 0.0095 0.0000 
510      510   (0)     19 :  0.0000 0.5711 0.0000 0.0000 0.0000 0.1816 0.0000 0.0103 0.0059 0.0582 0.0000 0.1728 0.0000 
511      511   (0)     19 :  0.0000 0.1735 0.0000 0.0000 0.0000 0.6152 0.0000 0.0181 0.0108 0.0721 0.0000 0.1103 0.0000 
512      512   (0)     19 :  0.0000 0.3441 0.0000 0.0000 0.0000 0.4506 0.0000 0.0000 0.0000 0.0000 0.0000 0.2053 0.0000 
513      513   (0)     19 :  0.0000 0.0000 0.0000 0.0000 0.0000 0.9445 0.0000 0.0000 0.0000 0.0000 0.0000 0.0555 0.0000 
514      514   (0)     19 :  0.0000 0.3089 0.2216 0.0000 0.0000 0.0000 0.0000 0.0039 0.0000 0.0000 0.0395 0.4260 0.0000 
515      515   (0)     19 :  0.0000 0.3161 0.0000 0.0000 0.0000 0.4969 0.0000 0.0044 0.0000 0.0129 0.0111 0.1585 0.0000 
516      516   (0)     19 :  0.0000 0.2462 0.0000 0.0000 0.0000 0.7138 0.0000 0.0000 0.0000 0.0000 0.0000 0.0400 0.0000 
517      517   (0)     19 :  0.0000 0.7427 0.0000 0.0000 0.0000 0.0000 0.0000 0.0116 0.0000 0.0275 0.0048 0.2133 0.0000 
518      518   (0)     19 :  0.0000 0.2920 0.0346 0.0000 0.0000 0.4498 0.0000 0.0005 0.0000 0.0000 0.0000 0.2217 0.0014 
519      519   (0)     19 :  0.0000 0.0000 0.2398 0.0000 0.0000 0.0000 0.0000 0.2000 0.0000 0.3397 0.0011 0.2194 0.0000 
520      520   (0)     19 :  0.0000 0.7504 0.0005 0.0000 0.0000 0.0654 0.0000 0.0095 0.0000 0.0145 0.0000 0.1594 0.0003 
521      521   (0)     19 :  0.0000 0.0000 0.0000 0.0000 0.0000 0.8040 0.0000 0.0198 0.0000 0.1717 0.0000 0.0045 0.0000 
522      522   (0)     19 :  0.0000 0.0315 0.0000 0.0000 0.0000 0.7982 0.0000 0.0000 0.0000 0.0000 0.0000 0.1703 0.0000 
523      523   (0)     19 :  0.0000 0.0000 0.0232 0.0000 0.0000 0.5094 0.0000 0.0100 0.0000 0.0057 0.0000 0.4517 0.0000 
524      524   (0)     19 :  0.0000 0.5282 0.0000 0.0000 0.0000 0.2379 0.0000 0.0018 0.0000 0.0000 0.0000 0.2321 0.0000 
525      525   (0)     19 :  0.0000 0.3577 0.0000 0.0000 0.0195 0.3098 0.0015 0.0014 0.0000 0.0000 0.0000 0.3017 0.0084 
526      526   (0)     19 :  0.0000 0.6208 0.0268 0.0000 0.0000 0.0215 0.0000 0.0000 0.0000 0.0000 0.0000 0.3184 0.0125 
527      527   (0)     19 :  0.0000 0.1894 0.0381 0.0000 0.0000 0.1862 0.0000 0.0221 0.0013 0.1633 0.0196 0.3801 0.0000 
528      528   (0)     19 :  0.0000 0.5368 0.0083 0.0000 0.0000 0.0418 0.0000 0.0132 0.0015 0.1289 0.0000 0.2695 0.0000 
529      529   (0)     19 :  0.0000 0.6308 0.0406 0.0000 0.0000 0.0000 0.0000 0.0000 0.0000 0.0000 0.0000 0.3286 0.0000 
530      530   (0)     19 :  0.0000 0.1012 0.0196 0.0000 0.0000 0.4609 0.0000 0.0000 0.0000 0.0000 0.0065 0.4118 0.0000 
531      531   (0)     19 :  0.0000 0.1012 0.1177 0.0000 0.0000 0.3991 0.0000 0.0230 0.0000 0.0000 0.0090 0.3458 0.0043 
532      532   (0)     19 :  0.0210 0.1286 0.0090 0.0006 0.0000 0.5502 0.0043 0.0143 0.0000 0.0000 0.0000 0.2653 0.0066 
533      533   (0)     19 :  0.0000 0.2413 0.0000 0.0132 0.6398 0.0000 0.0004 0.0155 0.0080 0.0000 0.0002 0.0806 0.0010 
534      534   (0)     19 :  0.0000 0.5158 0.0000 0.0000 0.0000 0.0137 0.0000 0.0113 0.0000 0.0953 0.0015 0.3624 0.0000 
535      535   (0)     19 :  0.0000 0.1676 0.0000 0.0000 0.0000 0.6228 0.0000 0.0012 0.0000 0.0145 0.0002 0.1935 0.0000 
536      536   (0)     19 :  0.0221 0.0607 0.0025 0.0003 0.0000 0.6766 0.0000 0.0054 0.0096 0.0003 0.0000 0.2224 0.0000 
537      537   (0)     19 :  0.0000 0.3512 0.0000 0.0000 0.0000 0.3033 0.0000 0.0599 0.0000 0.1583 0.0308 0.0956 0.0009 
538      538   (0)     19 :  0.0000 0.1086 0.0000 0.0000 0.4930 0.0175 0.0000 0.0033 0.3638 0.0052 0.0000 0.0087 0.0000 
539      539   (0)     19 :  0.0000 0.0000 0.0005 0.0000 0.0000 0.9012 0.0000 0.0015 0.0220 0.0000 0.0000 0.0748 0.0000 
