1        1   (0)      1  : 0.1420 0.0332 0.0000 0.0000 0.0000 0.0000 0.4363 0.0000 0.3819 0.0035 0.0000 0.0000 0.0032 0.0000
2        2   (0)      1  : 0.2848 0.0000 0.0000 0.0980 0.0000 0.0000 0.0377 0.0000 0.3969 0.0000 0.0000 0.1352 0.0034 0.0441
3        3   (0)      1  : 0.0000 0.0000 0.0000 0.0530 0.1609 0.0000 0.0000 0.0000 0.0132 0.5801 0.0840 0.0000 0.0560 0.0529
4        4   (0)      1  : 0.0452 0.0000 0.0000 0.0000 0.0000 0.0000 0.2263 0.0000 0.5516 0.0000 0.0000 0.1601 0.0000 0.0169
5        5   (0)      1  : 0.0076 0.0000 0.0000 0.0790 0.0221 0.0000 0.0000 0.0000 0.7386 0.0000 0.0000 0.0514 0.0170 0.0843
6        6   (0)      1  : 0.2482 0.0250 0.0000 0.0060 0.0000 0.0000 0.3446 0.0157 0.0361 0.2559 0.0000 0.0412 0.0107 0.0164
7        7   (0)      1  : 0.0000 0.0000 0.0000 0.0178 0.7108 0.0000 0.0000 0.0000 0.1614 0.0000 0.0615 0.0000 0.0000 0.0486
8        8   (0)      2  : 0.0519 0.0000 0.0000 0.0000 0.0000 0.0000 0.0000 0.0000 0.7444 0.0000 0.0000 0.1449 0.0589 0.0000
9        9   (0)      1  : 0.2612 0.0009 0.0000 0.0000 0.0135 0.0000 0.0000 0.0000 0.5869 0.0000 0.0000 0.1338 0.0037 0.0000
10       10   (0)      3  : 0.0600 0.0000 0.0000 0.4328 0.0000 0.0000 0.3897 0.0000 0.0000 0.0000 0.0000 0.0371 0.0189 0.0615
11       11   (0)      4  : 0.0000 0.0075 0.0216 0.3516 0.0000 0.0073 0.0000 0.0000 0.0796 0.0000 0.0128 0.0287 0.2193 0.2715
12       12   (0)      4  : 0.4980 0.0000 0.0204 0.2057 0.0001 0.0000 0.0727 0.0000 0.0193 0.0000 0.0066 0.0519 0.0000 0.1252
13       13   (0)      4  : 0.0000 0.0000 0.0044 0.2973 0.0014 0.0000 0.3402 0.0000 0.1215 0.0487 0.0000 0.0179 0.0051 0.1633
14       14   (0)      4  : 0.0000 0.0000 0.0000 0.3349 0.0000 0.0000 0.0000 0.0000 0.1651 0.0000 0.0000 0.0000 0.2500 0.2500
15       15   (0)      4  : 0.3380 0.0007 0.0074 0.4545 0.0000 0.0000 0.0000 0.0000 0.1571 0.0000 0.0021 0.0000 0.0107 0.0295
16       16   (0)      4  : 0.0206 0.0000 0.0000 0.0000 0.0574 0.0000 0.2701 0.0000 0.0000 0.6519 0.0000 0.0000 0.0000 0.0000
17       17   (0)      5  : 0.3603 0.0000 0.0000 0.1522 0.0000 0.0000 0.2069 0.0000 0.1857 0.0000 0.0000 0.0000 0.0000 0.0949
18       18   (0)      4  : 0.0568 0.0000 0.0000 0.3429 0.0000 0.0000 0.4602 0.0000 0.0269 0.0048 0.0000 0.0000 0.0375 0.0710
19       19   (0)      5  : 0.3452 0.0000 0.0000 0.3178 0.0000 0.0000 0.0345 0.0000 0.2121 0.0000 0.0000 0.0000 0.0242 0.0662
20       20   (0)      5  : 0.3311 0.0000 0.0000 0.4759 0.0000 0.0000 0.0000 0.0000 0.0000 0.0000 0.0000 0.0463 0.0000 0.1467
21       21   (0)      5  : 0.0000 0.0000 0.0000 0.5552 0.0000 0.0000 0.3316 0.0000 0.0000 0.0000 0.0000 0.0000 0.0187 0.0945
22       22   (0)      5  : 0.3875 0.0000 0.0000 0.5758 0.0000 0.0000 0.0000 0.0000 0.0000 0.0000 0.0000 0.0019 0.0170 0.0178
23       23   (0)      5  : 0.0000 0.0000 0.0000 0.3051 0.0000 0.0000 0.6459 0.0000 0.0000 0.0000 0.0000 0.0000 0.0000 0.0490
24       24   (0)      5  : 0.0000 0.0000 0.0000 0.5739 0.0000 0.0000 0.3704 0.0000 0.0000 0.0000 0.0000 0.0000 0.0156 0.0400
25       25   (0)      5  : 0.2944 0.0000 0.0000 0.3528 0.0061 0.0000 0.1613 0.0000 0.0102 0.0095 0.0000 0.0183 0.0232 0.1242
26       26   (0)      5  : 0.0000 0.0000 0.0000 0.5766 0.0018 0.0000 0.3960 0.0000 0.0000 0.0138 0.0000 0.0000 0.0030 0.0089
27       27   (0)      5  : 0.1730 0.0000 0.0116 0.4935 0.0000 0.0121 0.0000 0.0000 0.0842 0.0000 0.0000 0.0370 0.0000 0.1887
28       28   (0)      5  : 0.0225 0.0000 0.0000 0.3836 0.0000 0.0000 0.5374 0.0000 0.0000 0.0000 0.0000 0.0000 0.0000 0.0565
29       29   (0)      5  : 0.0965 0.0000 0.0000 0.7985 0.0000 0.0000 0.0000 0.0000 0.0000 0.0000 0.0000 0.0000 0.0253 0.0796
30       30   (0)      5  : 0.6725 0.0000 0.0000 0.2487 0.0000 0.0000 0.0000 0.0000 0.0000 0.0000 0.0000 0.0552 0.0000 0.0236
31       31   (0)      5  : 0.3638 0.0000 0.0031 0.2703 0.0000 0.0000 0.2009 0.0000 0.0496 0.0000 0.0000 0.0078 0.0186 0.0859
32       32   (0)      5  : 0.1464 0.0000 0.0000 0.4948 0.0012 0.0000 0.1518 0.0000 0.0000 0.0000 0.0000 0.0129 0.0000 0.1928
33       33   (0)      5  : 0.4423 0.0000 0.0044 0.0679 0.0000 0.0000 0.4788 0.0000 0.0000 0.0000 0.0000 0.0000 0.0000 0.0066
34       34   (0)      5  : 0.2926 0.0000 0.0000 0.2700 0.0000 0.0000 0.4099 0.0000 0.0000 0.0000 0.0000 0.0000 0.0000 0.0275
35       35   (0)      5  : 0.6586 0.0000 0.0000 0.2088 0.0000 0.0000 0.0577 0.0000 0.0000 0.0000 0.0000 0.0354 0.0000 0.0395
36       36   (0)      5  : 0.2879 0.0000 0.0000 0.6098 0.0000 0.0000 0.0000 0.0000 0.0000 0.0000 0.0000 0.0000 0.0531 0.0492
37       37   (0)      5  : 0.3625 0.0000 0.0000 0.4988 0.0000 0.0000 0.0908 0.0000 0.0000 0.0000 0.0000 0.0000 0.0000 0.0479
38       38   (0)      5  : 0.0758 0.0000 0.0000 0.5857 0.0000 0.0000 0.2962 0.0000 0.0000 0.0000 0.0000 0.0000 0.0079 0.0345
39       39   (0)      5  : 0.2124 0.0000 0.0000 0.5282 0.0000 0.0000 0.0780 0.0000 0.0000 0.0000 0.0000 0.0000 0.0893 0.0922
40       40   (0)      5  : 0.4789 0.0000 0.0000 0.4248 0.0031 0.0000 0.0229 0.0000 0.0000 0.0000 0.0000 0.0000 0.0000 0.0703
41       41   (0)      5  : 0.0000 0.0000 0.0000 0.4387 0.0000 0.0000 0.4931 0.0000 0.0000 0.0000 0.0000 0.0000 0.0000 0.0682
42       42   (0)      5  : 0.6317 0.0000 0.0000 0.2700 0.0000 0.0000 0.0000 0.0000 0.0000 0.0000 0.0000 0.0377 0.0000 0.0605
43       43   (0)      5  : 0.0000 0.0000 0.0000 0.0000 0.0000 0.0000 0.0000 0.0000 0.0000 1.0000 0.0000 0.0000 0.0000 0.0000
44       44   (0)      5  : 0.0788 0.0000 0.0000 0.3859 0.0000 0.0000 0.4348 0.0000 0.0059 0.0000 0.0000 0.0000 0.0118 0.0829
45       45   (0)      4  : 0.0000 0.0000 0.0000 0.6204 0.0000 0.0000 0.0000 0.0000 0.0231 0.0000 0.0000 0.0000 0.1839 0.1727
46       46   (0)      4  : 0.2900 0.0000 0.0000 0.2254 0.0379 0.0000 0.1568 0.0008 0.1460 0.0001 0.0000 0.0153 0.0350 0.0927
47       47   (0)      4  : 0.0229 0.0000 0.0000 0.2278 0.0000 0.0000 0.7018 0.0000 0.0000 0.0000 0.0000 0.0000 0.0063 0.0412
48       48   (0)      4  : 0.4866 0.0000 0.0000 0.2553 0.0000 0.0000 0.0000 0.0000 0.0179 0.0000 0.0000 0.0989 0.0631 0.0782
49       49   (0)      5  : 0.3268 0.0000 0.0335 0.2673 0.0112 0.0000 0.2505 0.0000 0.0362 0.0000 0.0047 0.0000 0.0018 0.0682
50       50   (0)      4  : 0.0000 0.0000 0.0000 0.2378 0.0000 0.0000 0.5242 0.0000 0.0269 0.0000 0.0000 0.0546 0.0000 0.1565
51       51   (0)      4  : 0.0698 0.0000 0.0000 0.0000 0.0000 0.0000 0.1667 0.0000 0.0000 0.7254 0.0000 0.0072 0.0000 0.0309
52       52   (0)      4  : 0.4571 0.0358 0.0124 0.2813 0.0169 0.0000 0.0093 0.0051 0.0787 0.0000 0.0000 0.0000 0.0000 0.1034
53       53   (0)      4  : 0.0000 0.0000 0.0000 0.0079 0.0768 0.0000 0.0730 0.0000 0.0000 0.7603 0.0000 0.0152 0.0000 0.0667
54       54   (0)      4  : 0.3175 0.0000 0.0178 0.4430 0.0000 0.0000 0.0000 0.0000 0.0424 0.0000 0.0000 0.0199 0.0417 0.1176
55       55   (0)      4  : 0.0813 0.0000 0.0000 0.0000 0.0000 0.0000 0.0000 0.0000 0.0000 0.9187 0.0000 0.0000 0.0000 0.0000
56       56   (0)      4  : 0.1458 0.0000 0.0000 0.0495 0.0000 0.0000 0.0000 0.0000 0.0000 0.7727 0.0000 0.0000 0.0180 0.0140
57       57   (0)      4  : 0.2006 0.0000 0.0000 0.5885 0.0000 0.0000 0.0000 0.0000 0.0412 0.0000 0.0000 0.0000 0.0858 0.0839
58       58   (0)      5  : 0.3620 0.0000 0.0000 0.3018 0.0444 0.0000 0.0974 0.0000 0.1010 0.0000 0.0000 0.0000 0.0038 0.0896
59       59   (0)      4  : 0.1974 0.0000 0.0000 0.0000 0.0993 0.0000 0.2610 0.0392 0.0000 0.4031 0.0000 0.0000 0.0000 0.0000
60       60   (0)      4  : 0.0000 0.0000 0.0000 0.0476 0.0000 0.0000 0.0760 0.0000 0.0000 0.7860 0.0011 0.0000 0.0283 0.0609
61       61   (0)      4  : 0.4199 0.0000 0.0000 0.2088 0.0000 0.0000 0.1558 0.0000 0.1668 0.0000 0.0000 0.0000 0.0204 0.0283
62       62   (0)      5  : 0.1400 0.0000 0.0000 0.2890 0.0000 0.0000 0.3257 0.0002 0.1399 0.0000 0.0000 0.0021 0.0296 0.0735
63       63   (0)      6  : 0.0357 0.0000 0.0000 0.1266 0.0000 0.0034 0.1345 0.0000 0.0662 0.5382 0.0000 0.0000 0.0700 0.0253
64       64   (0)      6  : 0.0110 0.0033 0.0000 0.0000 0.1467 0.0000 0.1256 0.0017 0.0010 0.6750 0.0000 0.0000 0.0356 0.0000
65       65   (0)      6  : 0.0368 0.0000 0.0366 0.0000 0.0000 0.0000 0.0000 0.0000 0.8998 0.0000 0.0000 0.0000 0.0020 0.0248
66       66   (0)      6  : 0.2268 0.0000 0.0000 0.2192 0.0000 0.0000 0.2731 0.0000 0.1932 0.0000 0.0000 0.0000 0.0000 0.0877
67       67   (0)      6  : 0.0000 0.0000 0.0006 0.3177 0.0000 0.0000 0.0000 0.0000 0.1799 0.0016 0.0000 0.0044 0.2458 0.2500
68       68   (0)      6  : 0.0000 0.0000 0.0161 0.0000 0.0000 0.0000 0.3641 0.0000 0.5923 0.0000 0.0000 0.0000 0.0000 0.0275
69       69   (0)      6  : 0.1913 0.0000 0.0000 0.0127 0.0000 0.0000 0.3762 0.0000 0.3958 0.0000 0.0000 0.0081 0.0000 0.0159
70       70   (0)      6  : 0.2469 0.0246 0.0000 0.0461 0.0123 0.0000 0.3971 0.0070 0.2288 0.0372 0.0000 0.0000 0.0000 0.0000
71       71   (0)      6  : 0.0000 0.0000 0.0248 0.0855 0.0000 0.0000 0.8630 0.0000 0.0000 0.0000 0.0000 0.0000 0.0174 0.0093
72       72   (0)      6  : 0.1602 0.0000 0.0000 0.1303 0.0000 0.0000 0.3815 0.0000 0.3280 0.0000 0.0000 0.0000 0.0000 0.0000
73       73   (0)      7  : 0.5828 0.0000 0.0069 0.3905 0.0000 0.0102 0.0000 0.0000 0.0000 0.0000 0.0000 0.0000 0.0096 0.0000
74       74   (0)      7  : 0.5371 0.0000 0.0474 0.1815 0.0000 0.0000 0.0100 0.0000 0.1471 0.0227 0.0000 0.0152 0.0306 0.0084
75       75   (0)      7  : 0.2094 0.0000 0.0004 0.2334 0.0011 0.0000 0.1327 0.0000 0.3157 0.0000 0.0000 0.0000 0.0000 0.1073
76       76   (0)      7  : 0.3795 0.0000 0.0000 0.2799 0.0058 0.0000 0.0000 0.0028 0.1831 0.0002 0.0000 0.0444 0.0440 0.0604
77       77   (0)      7  : 0.0978 0.0000 0.0000 0.6007 0.0000 0.0000 0.0000 0.0000 0.0152 0.0000 0.0000 0.0951 0.0000 0.1912
78       78   (0)      7  : 0.1027 0.0000 0.0076 0.3538 0.0095 0.0000 0.0769 0.0000 0.3048 0.0000 0.0000 0.0174 0.0174 0.1099
79       79   (0)      7  : 0.3807 0.0000 0.0000 0.3775 0.0000 0.0000 0.0005 0.0021 0.0333 0.0090 0.0000 0.0450 0.0800 0.0721
80       80   (0)      7  : 0.5161 0.0000 0.0108 0.0971 0.0000 0.0000 0.0000 0.0000 0.1626 0.0000 0.0000 0.1794 0.0145 0.0195
81       81   (0)      7  : 0.3365 0.0000 0.0000 0.3975 0.0000 0.0000 0.0234 0.0000 0.1592 0.0000 0.0000 0.0059 0.0000 0.0776
82       82   (0)      7  : 0.1357 0.0000 0.0000 0.6763 0.0000 0.0000 0.0000 0.0000 0.0712 0.0000 0.0000 0.0313 0.0000 0.0855
83       83   (0)      7  : 0.5399 0.0064 0.0000 0.1429 0.0618 0.0000 0.0348 0.0002 0.0736 0.0240 0.0000 0.0495 0.0202 0.0467
84       84   (0)      7  : 0.2041 0.0000 0.0000 0.0000 0.0632 0.0000 0.0000 0.0000 0.0161 0.7166 0.0000 0.0000 0.0000 0.0000
85       85   (0)      7  : 0.5206 0.0024 0.0289 0.3579 0.0000 0.0000 0.0000 0.0000 0.0711 0.0000 0.0000 0.0076 0.0092 0.0024
86       86   (0)      7  : 0.1082 0.0000 0.0000 0.5638 0.0000 0.0000 0.0000 0.0000 0.2028 0.0000 0.0000 0.0229 0.0040 0.0983
87       87   (0)      7  : 0.2228 0.0000 0.0000 0.0000 0.0000 0.0000 0.0443 0.0000 0.0000 0.7329 0.0000 0.0000 0.0000 0.0000
88       88   (0)      7  : 0.1249 0.0000 0.0000 0.1996 0.0000 0.0000 0.5673 0.0000 0.0771 0.0000 0.0000 0.0000 0.0000 0.0311
89       89   (0)      7  : 0.0000 0.0000 0.0000 0.0000 0.0000 0.0000 0.0755 0.0000 0.0035 0.8970 0.0000 0.0000 0.0139 0.0102
90       90   (0)      7  : 0.3967 0.0037 0.0000 0.4708 0.0000 0.0000 0.0000 0.0000 0.0254 0.0019 0.0000 0.0000 0.0219 0.0795
91       91   (0)      7  : 0.5004 0.0000 0.0000 0.1251 0.0000 0.0047 0.2445 0.0000 0.0492 0.0027 0.0000 0.0000 0.0271 0.0463
92       92   (0)      7  : 0.4285 0.0000 0.0466 0.3671 0.0000 0.0000 0.0000 0.0000 0.0241 0.0038 0.0000 0.0827 0.0000 0.0471
93       93   (0)      7  : 0.1190 0.0000 0.0122 0.5199 0.0369 0.0000 0.0000 0.0000 0.1688 0.0036 0.0000 0.0228 0.0000 0.1169
94       94   (0)      7  : 0.4015 0.0000 0.0000 0.2556 0.0000 0.0000 0.1996 0.0000 0.1317 0.0000 0.0000 0.0000 0.0057 0.0059
95       95   (0)      7  : 0.1138 0.0000 0.0000 0.6069 0.0000 0.0000 0.0000 0.0005 0.1999 0.0000 0.0000 0.0000 0.0170 0.0620
96       96   (0)      7  : 0.1268 0.0000 0.0000 0.4339 0.0433 0.0000 0.1841 0.0244 0.0706 0.0065 0.0000 0.0000 0.0000 0.1105
97       97   (0)      7  : 0.0534 0.0000 0.0000 0.7184 0.0000 0.0000 0.0000 0.0000 0.0644 0.0000 0.0000 0.0000 0.0413 0.1225
98       98   (0)      7  : 0.0000 0.0000 0.0000 0.7112 0.0000 0.0000 0.0000 0.0073 0.1030 0.0000 0.0000 0.0000 0.0000 0.1786
99       99   (0)      7  : 0.0000 0.0000 0.0000 0.7646 0.0000 0.0000 0.0012 0.0000 0.0166 0.0320 0.0000 0.0000 0.0389 0.1467
100      100   (0)      7  : 0.0000 0.0000 0.0000 0.0291 0.0000 0.0000 0.0000 0.0000 0.2323 0.7386 0.0000 0.0000 0.0000 0.0000
101      101   (0)      6  : 0.3727 0.0000 0.0000 0.0544 0.0000 0.0000 0.0000 0.0000 0.5533 0.0000 0.0000 0.0057 0.0000 0.0139
102      102   (0)      6  : 0.0682 0.0000 0.0714 0.1234 0.0000 0.0000 0.1543 0.0257 0.4887 0.0000 0.0000 0.0000 0.0172 0.0512
103      103   (0)      6  : 0.0584 0.0000 0.0013 0.0028 0.0000 0.0000 0.6389 0.0000 0.2826 0.0000 0.0000 0.0000 0.0075 0.0085
104      104   (0)      6  : 0.4661 0.0000 0.0000 0.0058 0.0000 0.0000 0.0000 0.0000 0.4963 0.0000 0.0000 0.0249 0.0000 0.0069
105      105   (0)      6  : 0.0000 0.0000 0.0000 0.0000 0.0000 0.0000 0.6664 0.0000 0.3336 0.0000 0.0000 0.0000 0.0000 0.0000
106      106   (0)      6  : 0.0542 0.0000 0.0000 0.1128 0.0000 0.0000 0.1515 0.0000 0.5768 0.0007 0.0000 0.0000 0.0269 0.0772
107      107   (0)      6  : 0.2856 0.0015 0.0194 0.0060 0.0000 0.0000 0.2305 0.0008 0.4352 0.0115 0.0000 0.0000 0.0011 0.0085
108      108   (0)      6  : 0.1799 0.0000 0.0000 0.0227 0.0196 0.0000 0.3285 0.0000 0.4187 0.0000 0.0000 0.0000 0.0000 0.0306
109      109   (0)      6  : 0.0050 0.0000 0.0000 0.0000 0.0000 0.0000 0.0118 0.0000 0.0000 0.9623 0.0000 0.0210 0.0000 0.0000
110      110   (0)      7  : 0.3178 0.0000 0.0000 0.1898 0.0000 0.0000 0.2861 0.0000 0.1440 0.0279 0.0000 0.0000 0.0000 0.0343
111      111   (0)      7  : 0.0000 0.0000 0.0000 0.2657 0.0000 0.0000 0.0000 0.0000 0.2123 0.0583 0.0226 0.0000 0.2207 0.2204
112      112   (0)      6  : 0.0804 0.0000 0.0000 0.0312 0.0000 0.0000 0.0088 0.0000 0.7570 0.0213 0.0026 0.0000 0.0525 0.0462
113      113   (0)      6  : 0.0000 0.0000 0.0804 0.0000 0.0000 0.0000 0.0000 0.0000 0.9196 0.0000 0.0000 0.0000 0.0000 0.0000
114      114   (0)      6  : 0.0000 0.0000 0.0000 0.0000 0.0000 0.0062 0.0000 0.0000 0.1171 0.8255 0.0115 0.0000 0.0182 0.0215
115      115   (0)      6  : 0.0745 0.0000 0.0380 0.2452 0.0000 0.0000 0.0000 0.0004 0.5485 0.0000 0.0032 0.0761 0.0054 0.0086
116      116   (0)      6  : 0.0000 0.0000 0.0000 0.0453 0.1477 0.0000 0.0000 0.0000 0.2396 0.3832 0.0845 0.0000 0.0423 0.0574
117      117   (0)      6  : 0.0569 0.0000 0.0000 0.1612 0.0000 0.0000 0.1339 0.0000 0.4625 0.0586 0.0201 0.0374 0.0330 0.0363
118      118   (0)      6  : 0.0000 0.0000 0.0000 0.0000 0.0000 0.0000 0.2329 0.0000 0.7056 0.0000 0.0000 0.0185 0.0000 0.0430
119      119   (0)      6  : 0.0631 0.0000 0.0000 0.0000 0.0000 0.0000 0.1762 0.0000 0.7608 0.0000 0.0000 0.0000 0.0000 0.0000
120      120   (0)      6  : 0.0623 0.0000 0.0000 0.0695 0.0000 0.0000 0.0000 0.0000 0.8436 0.0000 0.0000 0.0000 0.0000 0.0247
121      121   (0)      6  : 0.0930 0.0000 0.0000 0.0000 0.0000 0.0000 0.0000 0.0000 0.8775 0.0000 0.0000 0.0000 0.0295 0.0000
122      122   (0)      6  : 0.0000 0.0010 0.0000 0.0000 0.0670 0.0052 0.0000 0.0000 0.2225 0.6759 0.0272 0.0000 0.0000 0.0013
123      123   (0)      8  : 0.0290 0.0000 0.0000 0.2238 0.0766 0.0000 0.4316 0.0000 0.1435 0.0000 0.0000 0.0000 0.0136 0.0819
124      124   (0)      8  : 0.3724 0.0000 0.0000 0.1241 0.0016 0.0008 0.4043 0.0000 0.0009 0.0236 0.0008 0.0000 0.0397 0.0318
125      125   (0)      8  : 0.0000 0.0000 0.0000 0.1522 0.0632 0.0000 0.7134 0.0000 0.0000 0.0000 0.0000 0.0000 0.0042 0.0671
126      126   (0)      8  : 0.6378 0.0000 0.0010 0.2632 0.0000 0.0000 0.0252 0.0000 0.0000 0.0044 0.0000 0.0000 0.0382 0.0302
127      127   (0)      8  : 0.4642 0.0000 0.0000 0.3657 0.0000 0.0156 0.0000 0.0000 0.0000 0.0000 0.0000 0.0206 0.0714 0.0624
128      128   (0)      8  : 0.0000 0.0000 0.0000 0.4116 0.0000 0.0000 0.4863 0.0000 0.0000 0.0000 0.0000 0.0122 0.0223 0.0677
129      129   (0)      8  : 0.2341 0.0000 0.0000 0.2121 0.0270 0.0000 0.4742 0.0000 0.0000 0.0000 0.0000 0.0002 0.0102 0.0422
130      130   (0)      8  : 0.0000 0.0000 0.0000 0.0998 0.0505 0.0000 0.6565 0.0000 0.0784 0.0000 0.0000 0.0000 0.0511 0.0637
131      131   (0)      8  : 0.2903 0.0000 0.0000 0.2647 0.0000 0.0000 0.0749 0.0046 0.1214 0.0000 0.0000 0.0098 0.0515 0.1828
132      132   (0)      8  : 0.3061 0.0000 0.0000 0.2586 0.0000 0.0000 0.3917 0.0000 0.0000 0.0000 0.0000 0.0041 0.0050 0.0345
133      133   (0)      8  : 0.3607 0.0000 0.0000 0.1460 0.0214 0.0000 0.3748 0.0000 0.0000 0.0000 0.0000 0.0627 0.0000 0.0345
134      134   (0)      8  : 0.2275 0.0000 0.0000 0.3916 0.0000 0.0000 0.2465 0.0030 0.0000 0.0101 0.0000 0.0000 0.0848 0.0364
135      135   (0)      8  : 0.0385 0.0000 0.0000 0.3969 0.0000 0.0103 0.0000 0.0000 0.0326 0.0000 0.0070 0.0147 0.2501 0.2500
136      136   (0)      8  : 0.0667 0.0000 0.0000 0.0099 0.0000 0.0000 0.9126 0.0000 0.0000 0.0000 0.0000 0.0000 0.0000 0.0108
137      137   (0)      8  : 0.3293 0.0000 0.0000 0.2730 0.0503 0.0000 0.0000 0.0000 0.0931 0.0000 0.0000 0.1207 0.0280 0.1055
138      138   (0)      8  : 0.5790 0.0000 0.0000 0.2349 0.0000 0.0000 0.0341 0.0000 0.0000 0.0000 0.0000 0.0827 0.0389 0.0303
139      139   (0)      8  : 0.6356 0.0000 0.0000 0.1875 0.0000 0.0000 0.0270 0.0000 0.0000 0.0164 0.0000 0.0923 0.0046 0.0367
140      140   (0)      8  : 0.7787 0.0000 0.0000 0.1891 0.0000 0.0000 0.0000 0.0000 0.0000 0.0000 0.0000 0.0322 0.0000 0.0000
141      141   (0)      8  : 0.3827 0.0000 0.0023 0.1726 0.0000 0.0000 0.3376 0.0000 0.0000 0.0000 0.0000 0.0241 0.0405 0.0402
142      142   (0)      8  : 0.0000 0.0000 0.0000 0.4321 0.0000 0.0000 0.3641 0.0000 0.0000 0.0000 0.0000 0.1000 0.0000 0.1038
143      143   (0)      8  : 0.6261 0.0000 0.0036 0.1497 0.0000 0.0000 0.0880 0.0000 0.0134 0.0000 0.0000 0.0828 0.0000 0.0364
144      144   (0)      8  : 0.0126 0.0000 0.0000 0.2995 0.0000 0.0000 0.0000 0.0049 0.1222 0.0189 0.0000 0.0419 0.2500 0.2500
145      145   (0)      8  : 0.4086 0.0000 0.0006 0.2028 0.0000 0.0035 0.0433 0.0011 0.0150 0.0019 0.0000 0.1645 0.0467 0.1120
146      146   (0)      3  : 0.1192 0.0000 0.0000 0.2799 0.0000 0.0000 0.5201 0.0000 0.0000 0.0000 0.0000 0.0000 0.0128 0.0680
147      147   (0)      3  : 0.1798 0.0000 0.0000 0.0018 0.1117 0.0000 0.2192 0.0000 0.0000 0.4875 0.0000 0.0000 0.0000 0.0000
148      148   (0)      3  : 0.0839 0.0000 0.0000 0.0000 0.0000 0.0000 0.8688 0.0000 0.0000 0.0000 0.0000 0.0165 0.0000 0.0308
149      149   (0)      3  : 0.6059 0.0000 0.0000 0.2782 0.0008 0.0000 0.0697 0.0000 0.0000 0.0068 0.0000 0.0000 0.0142 0.0243
150      150   (0)      3  : 0.2598 0.0000 0.0049 0.1816 0.0011 0.0000 0.4447 0.0000 0.0000 0.0000 0.0000 0.0432 0.0000 0.0647
151      151   (0)      3  : 0.0272 0.0000 0.0137 0.1536 0.0000 0.0000 0.5759 0.0000 0.0000 0.0518 0.0000 0.0124 0.0645 0.1009
152      152   (0)      3  : 0.5848 0.0000 0.0000 0.2834 0.0000 0.0000 0.0000 0.0000 0.0000 0.0000 0.0000 0.0370 0.0520 0.0428
153      153   (0)      3  : 0.4526 0.0000 0.0000 0.3016 0.0000 0.0000 0.1476 0.0000 0.0000 0.0000 0.0000 0.0000 0.0532 0.0449
154      154   (0)      3  : 0.2762 0.0000 0.0000 0.4297 0.0000 0.0000 0.2461 0.0000 0.0000 0.0000 0.0000 0.0259 0.0000 0.0220
155      155   (0)      3  : 0.4150 0.0000 0.0000 0.4316 0.0000 0.0000 0.0716 0.0000 0.0000 0.0000 0.0000 0.0076 0.0374 0.0367
156      156   (0)      3  : 0.3704 0.0000 0.0000 0.4597 0.0313 0.0005 0.0000 0.0000 0.0000 0.0084 0.0000 0.0000 0.0636 0.0661
157      157   (0)      3  : 0.5328 0.0000 0.0000 0.3101 0.1115 0.0000 0.0000 0.0000 0.0000 0.0000 0.0000 0.0000 0.0003 0.0454
158      158   (0)      3  : 0.5966 0.0000 0.0000 0.2671 0.0018 0.0000 0.0270 0.0000 0.0000 0.0000 0.0000 0.0455 0.0154 0.0464
159      159   (0)      3  : 0.5758 0.0000 0.0000 0.2915 0.0006 0.0000 0.0238 0.0022 0.0256 0.0000 0.0000 0.0253 0.0071 0.0480
160      160   (0)      3  : 0.3254 0.0000 0.0000 0.0000 0.1546 0.0000 0.0000 0.0000 0.0000 0.5200 0.0000 0.0000 0.0000 0.0000
161      161   (0)      3  : 0.3099 0.0000 0.0179 0.1326 0.0000 0.0000 0.1768 0.0000 0.0729 0.0000 0.0000 0.1265 0.0444 0.1190
162      162   (0)      3  : 0.1508 0.0000 0.0000 0.1424 0.0000 0.0000 0.6357 0.0000 0.0000 0.0000 0.0000 0.0000 0.0376 0.0335
163      163   (0)      3  : 0.6002 0.0000 0.0000 0.2431 0.0000 0.0000 0.0000 0.0000 0.0000 0.0000 0.0000 0.1132 0.0088 0.0347
164      164   (0)      3  : 0.3183 0.0000 0.0000 0.3080 0.0000 0.0000 0.2149 0.0000 0.0000 0.0000 0.0000 0.0698 0.0000 0.0891
165      165   (0)      3  : 0.5364 0.0000 0.0000 0.3454 0.0000 0.0000 0.0000 0.0000 0.0000 0.0000 0.0000 0.0444 0.0253 0.0486
166      166   (0)      3  : 0.0000 0.0000 0.0000 0.1445 0.0097 0.0000 0.7088 0.0000 0.0000 0.0000 0.0000 0.0000 0.0669 0.0701
167      167   (0)      3  : 0.4140 0.0000 0.0000 0.3803 0.0000 0.0000 0.0351 0.0000 0.0000 0.0000 0.0000 0.0602 0.0000 0.1104
168      168   (0)      3  : 0.5505 0.0000 0.0000 0.0818 0.0000 0.0000 0.2851 0.0018 0.0059 0.0000 0.0000 0.0144 0.0341 0.0267
169      169   (0)      3  : 0.4936 0.0000 0.0000 0.3592 0.0130 0.0000 0.0070 0.0000 0.0071 0.0000 0.0000 0.0195 0.0287 0.0719
170      170   (0)      3  : 0.4368 0.0000 0.0000 0.3504 0.0000 0.0000 0.0000 0.0000 0.0000 0.0000 0.0000 0.1086 0.0279 0.0764
171      171   (0)      3  : 0.7318 0.0000 0.0000 0.1705 0.0000 0.0000 0.0000 0.0000 0.0000 0.0131 0.0000 0.0655 0.0029 0.0162
172      172   (0)      3  : 0.4335 0.0000 0.0000 0.3554 0.0000 0.0000 0.0162 0.0000 0.0000 0.0000 0.0000 0.1352 0.0282 0.0315
173      173   (0)      3  : 0.5385 0.0000 0.0000 0.2924 0.0000 0.0000 0.0000 0.0000 0.0157 0.0000 0.0000 0.0570 0.0425 0.0538
174      174   (0)      3  : 0.2510 0.0000 0.0000 0.2768 0.0000 0.0000 0.3023 0.0000 0.0000 0.0004 0.0000 0.0837 0.0000 0.0858
175      175   (0)      8  : 0.0724 0.0000 0.0000 0.3695 0.0000 0.0000 0.4362 0.0000 0.0000 0.0000 0.0000 0.0606 0.0000 0.0613
176      176   (0)      8  : 0.0000 0.0000 0.0000 0.3056 0.0064 0.0000 0.0000 0.0253 0.1368 0.0000 0.0000 0.0000 0.2500 0.2759
177      177   (0)      8  : 0.4927 0.0000 0.0000 0.1616 0.0000 0.0000 0.3231 0.0000 0.0000 0.0000 0.0000 0.0000 0.0071 0.0155
178      178   (0)      8  : 0.3333 0.0000 0.0000 0.1614 0.0000 0.0000 0.0000 0.0000 0.1759 0.0000 0.0000 0.1674 0.0432 0.1188
179      179   (0)      8  : 0.3194 0.0000 0.0000 0.1908 0.0000 0.0000 0.4149 0.0000 0.0000 0.0000 0.0000 0.0309 0.0286 0.0153
180      180   (0)      8  : 0.2979 0.0000 0.0000 0.2742 0.0431 0.0000 0.3476 0.0000 0.0000 0.0000 0.0000 0.0000 0.0154 0.0218
181      181   (0)      8  : 0.3321 0.0000 0.0000 0.2930 0.0000 0.0036 0.2727 0.0000 0.0000 0.0000 0.0000 0.0147 0.0578 0.0259
182      182   (0)      1  : 0.6484 0.0000 0.0000 0.0006 0.0000 0.0000 0.0000 0.0000 0.1143 0.0000 0.0000 0.2295 0.0000 0.0072
183      183   (0)      1  : 0.1323 0.0000 0.0000 0.0000 0.0000 0.0000 0.3623 0.0000 0.2946 0.0000 0.0000 0.1889 0.0218 0.0000
184      184   (0)      1  : 0.2943 0.0000 0.0016 0.0035 0.0000 0.0000 0.0000 0.0000 0.3235 0.0000 0.0000 0.3338 0.0040 0.0392
185      185   (0)      1  : 0.1291 0.0000 0.0000 0.0000 0.0000 0.0000 0.3807 0.0000 0.3071 0.0520 0.0000 0.1310 0.0000 0.0000
186      186   (0)      1  : 0.3810 0.0000 0.0000 0.0000 0.0000 0.0000 0.0178 0.0000 0.3270 0.0000 0.0000 0.2675 0.0000 0.0067
187      187   (0)      1  : 0.1997 0.0121 0.0000 0.1350 0.0558 0.0000 0.1962 0.0000 0.2540 0.0000 0.0000 0.0600 0.0306 0.0566
188      188   (0)      1  : 0.5103 0.0000 0.0000 0.0000 0.0000 0.0000 0.0068 0.0000 0.2008 0.0000 0.0000 0.2762 0.0000 0.0059
189      189   (0)      1  : 0.5344 0.0000 0.0000 0.0000 0.0000 0.0000 0.0865 0.0000 0.1023 0.0000 0.0000 0.2767 0.0000 0.0000
190      190   (0)      2  : 0.0000 0.0000 0.0000 0.0000 0.0000 0.0000 0.6495 0.0000 0.1297 0.0000 0.0000 0.1280 0.0000 0.0929
191      191   (0)      2  : 0.6338 0.0000 0.0000 0.2288 0.0000 0.0000 0.0000 0.0000 0.0618 0.0000 0.0000 0.0576 0.0000 0.0179
192      192   (0)      2  : 0.5355 0.0000 0.0000 0.1076 0.0000 0.0000 0.0985 0.0000 0.0704 0.0000 0.0000 0.1452 0.0195 0.0232
193      193   (0)      2  : 0.0000 0.0000 0.0000 0.2551 0.0000 0.0097 0.6402 0.0000 0.0000 0.0000 0.0000 0.0000 0.0598 0.0351
194      194   (0)      2  : 0.7907 0.0000 0.0000 0.0212 0.0000 0.0000 0.1321 0.0000 0.0477 0.0000 0.0000 0.0083 0.0000 0.0001
195      195   (0)      2  : 0.0000 0.0000 0.0000 0.1169 0.0000 0.0000 0.8831 0.0000 0.0000 0.0000 0.0000 0.0000 0.0000 0.0000
196      196   (0)      2  : 0.1761 0.0000 0.0000 0.0000 0.0000 0.0000 0.1454 0.0000 0.4200 0.0000 0.0000 0.1839 0.0000 0.0746
197      197   (0)      2  : 0.0361 0.0000 0.0000 0.0994 0.0000 0.0000 0.2134 0.0000 0.1915 0.0000 0.0000 0.2410 0.0000 0.2187
198      198   (0)      1  : 0.1106 0.0000 0.0023 0.0413 0.0000 0.0000 0.5298 0.0000 0.1505 0.0000 0.0000 0.1379 0.0000 0.0276
199      199   (0)      1  : 0.3417 0.0000 0.0000 0.0067 0.0000 0.0000 0.0000 0.0000 0.4659 0.0000 0.0000 0.1414 0.0403 0.0040
200      200   (0)      1  : 0.0000 0.0000 0.0011 0.0642 0.0000 0.0000 0.4304 0.0000 0.3379 0.0000 0.0000 0.0941 0.0362 0.0363
201      201   (0)      1  : 0.0100 0.0000 0.0100 0.0000 0.0286 0.0000 0.1773 0.0000 0.7588 0.0000 0.0000 0.0153 0.0000 0.0000
202      202   (0)      1  : 0.0000 0.0000 0.0000 0.0000 0.0000 0.0000 0.3459 0.0000 0.5711 0.0121 0.0000 0.0437 0.0000 0.0273
203      203   (0)      1  : 0.0000 0.0000 0.0000 0.0000 0.0000 0.0000 0.0000 0.0000 0.8076 0.0000 0.0000 0.1924 0.0000 0.0000
204      204   (0)      2  : 0.0000 0.0000 0.0000 0.0709 0.0000 0.0000 0.2971 0.0000 0.0398 0.4725 0.0000 0.0000 0.0439 0.0758
205      205   (0)      2  : 0.0611 0.0000 0.0025 0.0013 0.0000 0.0000 0.4433 0.0000 0.3468 0.0000 0.0000 0.0935 0.0000 0.0514
206      206   (0)      2  : 0.0000 0.0000 0.0000 0.0875 0.0491 0.0000 0.0920 0.0000 0.0000 0.7534 0.0000 0.0000 0.0080 0.0100
207      207   (0)      2  : 0.5630 0.0000 0.0007 0.0865 0.0000 0.0000 0.0000 0.0000 0.1173 0.0000 0.0000 0.2118 0.0041 0.0167
208      208   (0)      2  : 0.0000 0.0000 0.0000 0.0000 0.0000 0.0000 0.9979 0.0000 0.0000 0.0000 0.0000 0.0000 0.0021 0.0000
209      209   (0)      2  : 0.7226 0.0000 0.0000 0.0271 0.0000 0.0000 0.0000 0.0000 0.0000 0.0214 0.0000 0.1912 0.0000 0.0376
210      210   (0)      2  : 0.0000 0.0000 0.0000 0.0444 0.0000 0.0000 0.6304 0.0000 0.0242 0.0000 0.0000 0.1309 0.0094 0.1606
211      211   (0)      1  : 0.0000 0.0000 0.0143 0.0000 0.0000 0.0000 0.6338 0.0000 0.1568 0.0000 0.0000 0.1650 0.0040 0.0260
212      212   (0)      1  : 0.0724 0.0000 0.0000 0.1246 0.0000 0.0000 0.0000 0.0000 0.4834 0.0000 0.0000 0.1895 0.0621 0.0680
213      213   (0)      1  : 0.0644 0.0000 0.0000 0.0851 0.0000 0.0010 0.2333 0.0000 0.2714 0.0000 0.0000 0.2465 0.0796 0.0186
214      214   (0)      1  : 0.2428 0.0000 0.0000 0.0059 0.0000 0.0000 0.0000 0.0000 0.4655 0.0000 0.0018 0.2750 0.0073 0.0018
215      215   (0)      1  : 0.0000 0.0000 0.0000 0.0000 0.0000 0.0000 0.7799 0.0000 0.1477 0.0000 0.0000 0.0725 0.0000 0.0000
216      216   (0)      1  : 0.2991 0.0000 0.0000 0.0000 0.0000 0.0000 0.0000 0.0000 0.5172 0.0000 0.0000 0.1761 0.0000 0.0076
217      217   (0)      1  : 0.1952 0.0000 0.0177 0.0000 0.0000 0.0000 0.0149 0.0000 0.5323 0.0000 0.0000 0.2351 0.0000 0.0048
218      218   (0)      1  : 0.0000 0.0000 0.0000 0.0365 0.0000 0.0000 0.4510 0.0000 0.5125 0.0000 0.0000 0.0000 0.0000 0.0000
219      219   (0)      2  : 0.3364 0.0000 0.0000 0.0000 0.0000 0.0000 0.4230 0.0000 0.1511 0.0000 0.0000 0.0895 0.0000 0.0000
220      220   (0)      2  : 0.0000 0.0000 0.0000 0.1478 0.0000 0.0000 0.5712 0.0000 0.1429 0.0000 0.0000 0.0427 0.0276 0.0679
221      221   (0)      2  : 0.4719 0.0000 0.0000 0.0131 0.0000 0.0000 0.0000 0.0151 0.2414 0.0000 0.0002 0.2237 0.0027 0.0319
222      222   (0)      2  : 0.3732 0.0000 0.0000 0.1387 0.0000 0.0000 0.1454 0.0000 0.2097 0.0000 0.0062 0.0813 0.0000 0.0454
223      223   (0)      2  : 0.4601 0.0000 0.0000 0.0065 0.0000 0.0000 0.0000 0.0000 0.4364 0.0000 0.0000 0.0549 0.0157 0.0264
224      224   (0)      2  : 0.0891 0.0000 0.0000 0.0000 0.0000 0.0000 0.8696 0.0000 0.0000 0.0252 0.0000 0.0161 0.0000 0.0000
225      225   (0)      2  : 0.0104 0.0000 0.0000 0.0240 0.0000 0.0000 0.5161 0.0000 0.1252 0.0000 0.0000 0.1977 0.0000 0.1267
226      226   (0)      2  : 0.5565 0.0122 0.0030 0.0081 0.0000 0.0000 0.0000 0.0000 0.1318 0.0000 0.0000 0.2448 0.0060 0.0378
227      227   (0)      2  : 0.5224 0.0000 0.0000 0.0000 0.0000 0.0000 0.1189 0.0000 0.0549 0.0000 0.0000 0.2968 0.0000 0.0070
228      228   (0)      2  : 0.6419 0.0012 0.0000 0.0117 0.0000 0.0000 0.1234 0.0000 0.0382 0.0000 0.0000 0.1745 0.0000 0.0091
229      229   (0)      2  : 0.8634 0.0000 0.0011 0.0000 0.0000 0.0000 0.0427 0.0000 0.0000 0.0000 0.0000 0.0928 0.0000 0.0000
230      230   (0)      2  : 0.1188 0.0000 0.0000 0.0000 0.0000 0.0000 0.2314 0.0000 0.0000 0.6451 0.0000 0.0000 0.0000 0.0047
231      231   (0)      2  : 0.3533 0.0000 0.0000 0.2454 0.0000 0.0000 0.1488 0.0000 0.0590 0.0000 0.0000 0.1219 0.0172 0.0544
232      232   (0)      2  : 0.4016 0.0000 0.0000 0.0411 0.0000 0.0000 0.3589 0.0000 0.1031 0.0000 0.0000 0.0788 0.0000 0.0167
233      233   (0)      9  : 0.0427 0.0000 0.9573 0.0000 0.0000 0.0000 0.0000 0.0000 0.0000 0.0000 0.0000 0.0000 0.0000 0.0000
234      234   (0)      9  : 0.0000 0.0000 0.0000 0.0000 0.0406 0.3745 0.0000 0.0281 0.0000 0.0000 0.0403 0.0000 0.3535 0.1629
235      235   (0)      9  : 0.0000 0.0000 1.0000 0.0000 0.0000 0.0000 0.0000 0.0000 0.0000 0.0000 0.0000 0.0000 0.0000 0.0000
236      236   (0)      9  : 0.0000 0.0000 0.0000 0.0595 0.0450 0.4650 0.0000 0.0412 0.0000 0.0000 0.1092 0.0000 0.1848 0.0953
237      237   (0)      9  : 0.0344 0.0000 0.9656 0.0000 0.0000 0.0000 0.0000 0.0000 0.0000 0.0000 0.0000 0.0000 0.0000 0.0000
238      238   (0)      9  : 0.0000 0.0000 0.9672 0.0000 0.0000 0.0000 0.0000 0.0000 0.0000 0.0000 0.0000 0.0328 0.0000 0.0000
239      239   (0)      9  : 0.0000 0.0881 0.0000 0.0000 0.0020 0.6294 0.0033 0.0000 0.0000 0.0000 0.0253 0.0000 0.2085 0.0434
240      240   (0)      9  : 0.0000 0.0000 0.0000 0.0000 0.0021 0.7356 0.0000 0.0000 0.0000 0.0000 0.0877 0.0000 0.1328 0.0418
241      241   (0)     10  : 0.0000 0.0016 0.0000 0.0000 0.0000 0.4946 0.0000 0.0000 0.0000 0.0000 0.0000 0.0000 0.5034 0.0004
242      242   (0)     10  : 0.0000 0.0000 0.0000 0.0000 0.0000 0.9962 0.0000 0.0038 0.0000 0.0000 0.0000 0.0000 0.0000 0.0000
243      243   (0)     10  : 0.0000 0.0000 0.0000 0.0000 0.0000 0.3458 0.0000 0.0000 0.0000 0.0000 0.0000 0.0089 0.5608 0.0845
244      244   (0)     11  : 0.0000 0.0000 0.8886 0.0000 0.0164 0.0000 0.0000 0.0000 0.0000 0.0000 0.0951 0.0000 0.0000 0.0000
245      245   (0)     11  : 0.0000 0.0000 0.8518 0.0000 0.0000 0.0000 0.0000 0.0005 0.0000 0.0000 0.0709 0.0050 0.0667 0.0050
246      246   (0)     11  : 0.0000 0.0000 0.9235 0.0000 0.0000 0.0055 0.0000 0.0000 0.0000 0.0000 0.0001 0.0512 0.0000 0.0198
247      247   (0)     11  : 0.0057 0.0000 0.9461 0.0000 0.0000 0.0000 0.0000 0.0000 0.0000 0.0000 0.0004 0.0000 0.0478 0.0000
248      248   (0)     11  : 0.0000 0.0000 0.9551 0.0000 0.0000 0.0000 0.0000 0.0000 0.0449 0.0000 0.0000 0.0000 0.0000 0.0000
249      249   (0)     11  : 0.0000 0.0057 0.0005 0.0000 0.0000 0.3042 0.0000 0.0258 0.0052 0.0000 0.3408 0.0000 0.2140 0.1038
250      250   (0)     11  : 0.0000 0.1588 0.0005 0.0000 0.0112 0.1564 0.0000 0.0351 0.0000 0.0000 0.2689 0.0000 0.2623 0.1068
251      251   (0)     10  : 0.0073 0.0000 0.0458 0.0000 0.0000 0.4438 0.0000 0.0000 0.0304 0.0000 0.0000 0.0000 0.4727 0.0000
252      252   (0)     10  : 0.0000 0.0000 0.0000 0.0000 0.0141 0.6827 0.0000 0.0000 0.0000 0.0066 0.0000 0.0000 0.2646 0.0319
253      253   (0)     10  : 0.0000 0.0000 0.0000 0.0000 0.0000 0.9471 0.0000 0.0000 0.0000 0.0000 0.0000 0.0000 0.0000 0.0529
254      254   (0)     10  : 0.0000 0.0000 0.0000 0.0000 0.0000 0.8537 0.0000 0.0284 0.0091 0.0000 0.0000 0.0000 0.1089 0.0000
255      255   (0)     10  : 0.0000 0.0000 0.0000 0.0000 0.0000 0.4696 0.1228 0.0000 0.0000 0.0000 0.0845 0.0000 0.3232 0.0000
256      256   (0)     10  : 0.0000 0.0000 0.0064 0.0000 0.0400 0.4626 0.0000 0.0037 0.0121 0.0000 0.0913 0.0000 0.3825 0.0014
257      257   (0)     10  : 0.0000 0.0000 0.0001 0.0000 0.0016 0.4470 0.0000 0.0000 0.0000 0.0247 0.0758 0.0000 0.3100 0.1408
258      258   (0)     10  : 0.0000 0.0000 0.0000 0.0000 0.0000 0.7439 0.0000 0.0000 0.0000 0.0000 0.0439 0.0000 0.1905 0.0217
259      259   (0)     10  : 0.0000 0.0000 0.0084 0.0000 0.0333 0.4515 0.0000 0.0000 0.0000 0.0000 0.0000 0.0000 0.4256 0.0813
260      260   (0)     10  : 0.0000 0.0000 0.0000 0.0083 0.0000 0.4648 0.0000 0.0977 0.0000 0.0000 0.0427 0.0000 0.3420 0.0444
261      261   (0)     10  : 0.0000 0.0000 0.1679 0.0000 0.0000 0.1479 0.0000 0.0085 0.0000 0.0000 0.0045 0.0075 0.6636 0.0000
262      262   (0)     10  : 0.0000 0.0199 0.0040 0.0341 0.0008 0.1673 0.0000 0.0125 0.0000 0.0000 0.0114 0.0000 0.7500 0.0000
263      263   (0)     10  : 0.0000 0.0000 0.0000 0.0000 0.0159 0.6412 0.0000 0.0021 0.0000 0.0000 0.0000 0.0000 0.3407 0.0000
264      264   (0)     10  : 0.0000 0.0001 0.0000 0.0000 0.0000 0.4444 0.0000 0.0000 0.0000 0.0000 0.0000 0.0000 0.5555 0.0000
265      265   (0)     10  : 0.0000 0.0000 0.0000 0.0000 0.0000 0.4098 0.0000 0.0000 0.0000 0.0000 0.1272 0.0000 0.4200 0.0430
266      266   (0)     10  : 0.0000 0.0000 0.0000 0.0000 0.0031 0.9453 0.0000 0.0515 0.0000 0.0000 0.0000 0.0000 0.0000 0.0001
267      267   (0)     10  : 0.0000 0.0000 0.8576 0.0000 0.0000 0.0726 0.0698 0.0000 0.0000 0.0000 0.0000 0.0000 0.0000 0.0000
268      268   (0)     10  : 0.0000 0.0008 0.0000 0.0070 0.0000 0.5452 0.0000 0.0418 0.0000 0.0000 0.0000 0.0000 0.4052 0.0000
269      269   (0)     10  : 0.0000 0.0011 0.0023 0.0111 0.0000 0.2356 0.0000 0.0000 0.0000 0.0000 0.0000 0.0000 0.7135 0.0365
270      270   (0)     10  : 0.0000 0.0000 0.0000 0.0000 0.0000 0.6750 0.0000 0.0001 0.0243 0.0000 0.0000 0.0000 0.3005 0.0000
271      271   (0)     10  : 0.0000 0.0000 0.0000 0.0000 0.0000 0.6381 0.0000 0.0000 0.0000 0.0000 0.0132 0.0000 0.3444 0.0043
272      272   (0)     10  : 0.0000 0.0000 0.0000 0.0000 0.0000 1.0000 0.0000 0.0000 0.0000 0.0000 0.0000 0.0000 0.0000 0.0000
273      273   (0)     12  : 0.0000 0.8898 0.0000 0.0000 0.0000 0.0000 0.0000 0.0000 0.0000 0.0000 0.1102 0.0000 0.0000 0.0000
274      274   (0)     12  : 0.0000 1.0000 0.0000 0.0000 0.0000 0.0000 0.0000 0.0000 0.0000 0.0000 0.0000 0.0000 0.0000 0.0000
275      275   (0)     12  : 0.0000 1.0000 0.0000 0.0000 0.0000 0.0000 0.0000 0.0000 0.0000 0.0000 0.0000 0.0000 0.0000 0.0000
276      276   (0)     12  : 0.0000 0.8447 0.0000 0.0000 0.0000 0.0000 0.0000 0.1081 0.0000 0.0000 0.0304 0.0000 0.0000 0.0168
277      277   (0)     12  : 0.0000 0.9624 0.0116 0.0000 0.0000 0.0012 0.0000 0.0000 0.0000 0.0000 0.0000 0.0000 0.0249 0.0000
278      278   (0)     12  : 0.0000 0.3657 0.5822 0.0000 0.0000 0.0000 0.0000 0.0191 0.0000 0.0000 0.0000 0.0000 0.0330 0.0000
279      279   (0)     12  : 0.0000 0.1972 0.7493 0.0000 0.0000 0.0000 0.0000 0.0089 0.0000 0.0000 0.0000 0.0000 0.0446 0.0000
280      280   (0)     12  : 0.0000 1.0000 0.0000 0.0000 0.0000 0.0000 0.0000 0.0000 0.0000 0.0000 0.0000 0.0000 0.0000 0.0000
281      281   (0)     12  : 0.0000 0.8408 0.0000 0.0000 0.0000 0.0000 0.0000 0.0000 0.0000 0.0000 0.1233 0.0000 0.0000 0.0358
282      282   (0)     12  : 0.0000 0.7986 0.0280 0.0000 0.0000 0.0195 0.0000 0.0458 0.0000 0.0000 0.0000 0.0000 0.1066 0.0015
283      283   (0)     12  : 0.0000 0.9810 0.0000 0.0000 0.0000 0.0000 0.0000 0.0000 0.0000 0.0000 0.0000 0.0000 0.0190 0.0000
284      284   (0)     12  : 0.0000 0.1903 0.7782 0.0000 0.0000 0.0000 0.0000 0.0316 0.0000 0.0000 0.0000 0.0000 0.0000 0.0000
285      285   (0)     12  : 0.0000 0.2062 0.7938 0.0000 0.0000 0.0000 0.0000 0.0000 0.0000 0.0000 0.0000 0.0000 0.0000 0.0000
286      286   (0)     12  : 0.0000 0.3510 0.6480 0.0000 0.0000 0.0000 0.0000 0.0000 0.0000 0.0000 0.0000 0.0000 0.0000 0.0010
287      287   (0)     12  : 0.0000 1.0000 0.0000 0.0000 0.0000 0.0000 0.0000 0.0000 0.0000 0.0000 0.0000 0.0000 0.0000 0.0000
288      288   (0)     12  : 0.0000 1.0000 0.0000 0.0000 0.0000 0.0000 0.0000 0.0000 0.0000 0.0000 0.0000 0.0000 0.0000 0.0000
289      289   (0)     12  : 0.0000 1.0000 0.0000 0.0000 0.0000 0.0000 0.0000 0.0000 0.0000 0.0000 0.0000 0.0000 0.0000 0.0000
290      290   (0)     12  : 0.0000 0.9715 0.0000 0.0000 0.0000 0.0000 0.0000 0.0000 0.0000 0.0000 0.0000 0.0000 0.0000 0.0285
291      291   (0)     12  : 0.0000 0.9823 0.0000 0.0000 0.0000 0.0000 0.0000 0.0000 0.0000 0.0000 0.0000 0.0000 0.0000 0.0177
292      292   (0)     12  : 0.0000 1.0000 0.0000 0.0000 0.0000 0.0000 0.0000 0.0000 0.0000 0.0000 0.0000 0.0000 0.0000 0.0000
293      293   (0)     12  : 0.0000 1.0000 0.0000 0.0000 0.0000 0.0000 0.0000 0.0000 0.0000 0.0000 0.0000 0.0000 0.0000 0.0000
294      294   (0)     12  : 0.0000 0.9887 0.0000 0.0000 0.0000 0.0000 0.0000 0.0113 0.0000 0.0000 0.0000 0.0000 0.0000 0.0000
295      295   (0)     12  : 0.0000 0.1240 0.8760 0.0000 0.0000 0.0000 0.0000 0.0000 0.0000 0.0000 0.0000 0.0000 0.0000 0.0000
296      296   (0)     12  : 0.0000 0.9853 0.0000 0.0000 0.0000 0.0000 0.0000 0.0000 0.0000 0.0000 0.0147 0.0000 0.0000 0.0000
297      297   (0)     12  : 0.0000 0.8666 0.0000 0.0000 0.0000 0.0000 0.0000 0.0504 0.0000 0.0000 0.0568 0.0000 0.0000 0.0262
298      298   (0)     12  : 0.0000 0.1713 0.6928 0.0000 0.0000 0.0000 0.0000 0.0932 0.0000 0.0000 0.0000 0.0000 0.0426 0.0000
299      299   (0)     12  : 0.0000 0.9989 0.0000 0.0000 0.0000 0.0011 0.0000 0.0000 0.0000 0.0000 0.0000 0.0000 0.0000 0.0000
300      300   (0)     12  : 0.0000 0.1492 0.7509 0.0000 0.0000 0.0000 0.0000 0.0505 0.0494 0.0000 0.0000 0.0000 0.0000 0.0000
301      301   (0)     13  : 0.0000 0.0000 0.0323 0.0000 0.0000 0.0000 0.0000 0.0000 0.0000 0.0000 0.9497 0.0000 0.0181 0.0000
302      302   (0)     13  : 0.0000 0.0000 0.0000 0.0000 0.0000 0.0000 0.0000 0.0000 0.0000 0.0000 1.0000 0.0000 0.0000 0.0000
303      303   (0)     13  : 0.0000 0.0000 0.0000 0.0000 0.0000 0.0000 0.0000 0.0000 0.0000 0.0000 0.9795 0.0000 0.0000 0.0205
304      304   (0)     13  : 0.0000 0.0832 0.0178 0.0000 0.0000 0.1359 0.0000 0.1841 0.0000 0.0000 0.5286 0.0000 0.0503 0.0000
305      305   (0)     13  : 0.0000 0.0000 0.0000 0.0000 0.0000 0.0000 0.0000 0.0000 0.0000 0.0000 1.0000 0.0000 0.0000 0.0000
306      306   (0)     13  : 0.0000 0.0000 0.0000 0.0000 0.0000 0.0000 0.0000 0.0000 0.0000 0.0000 1.0000 0.0000 0.0000 0.0000
307      307   (0)     13  : 0.0000 0.0000 0.0000 0.0000 0.0178 0.0665 0.0000 0.0000 0.0000 0.0000 0.8825 0.0000 0.0000 0.0332
308      308   (0)     13  : 0.0000 0.0000 0.6949 0.0000 0.0000 0.0000 0.0000 0.0000 0.0295 0.0000 0.2756 0.0000 0.0000 0.0000
309      309   (0)     13  : 0.0000 0.0007 0.3219 0.0000 0.0000 0.0000 0.0000 0.0000 0.0000 0.0000 0.5788 0.0000 0.0986 0.0000
310      310   (0)     13  : 0.0000 0.1467 0.0000 0.0000 0.0000 0.0000 0.0000 0.0000 0.0000 0.0000 0.8331 0.0000 0.0000 0.0202
311      311   (0)     13  : 0.0000 0.0000 0.0000 0.0000 0.0000 0.0000 0.0000 0.0000 0.0000 0.0000 1.0000 0.0000 0.0000 0.0000
312      312   (0)     13  : 0.0000 0.0000 0.0000 0.0000 0.0009 0.0000 0.0000 0.0000 0.0000 0.0000 0.9991 0.0000 0.0000 0.0000
313      313   (0)     13  : 0.0000 0.0000 0.0000 0.0000 0.0000 0.0000 0.0000 0.0000 0.0000 0.0000 1.0000 0.0000 0.0000 0.0000
314      314   (0)     13  : 0.0000 0.0000 0.0000 0.0000 0.0000 0.0000 0.0000 0.0000 0.0000 0.0000 1.0000 0.0000 0.0000 0.0000
315      315   (0)     13  : 0.0000 0.0000 0.0000 0.0000 0.0000 0.0000 0.0000 0.0000 0.0000 0.0000 1.0000 0.0000 0.0000 0.0000
316      316   (0)     13  : 0.0000 0.0000 0.0000 0.0000 0.0000 0.1185 0.0000 0.0000 0.0000 0.0000 0.8145 0.0000 0.0000 0.0670
317      317   (0)     13  : 0.0000 0.0000 0.0000 0.0000 0.0000 0.0000 0.0000 0.0000 0.0000 0.0000 0.8991 0.0000 0.1009 0.0000
318      318   (0)     13  : 0.0000 0.0000 0.0000 0.0000 0.0016 0.0000 0.0000 0.0000 0.0000 0.0000 0.9984 0.0000 0.0000 0.0000
319      319   (0)     13  : 0.0000 0.0000 0.0000 0.0000 0.0000 0.0000 0.0000 0.0000 0.0000 0.0000 1.0000 0.0000 0.0000 0.0000
320      320   (0)     13  : 0.0000 0.0369 0.6413 0.0000 0.0000 0.0000 0.0000 0.0000 0.0000 0.0000 0.2355 0.0000 0.0863 0.0000
321      321   (0)     13  : 0.0000 0.0000 0.0000 0.0000 0.0000 0.0000 0.0000 0.0000 0.0000 0.0000 1.0000 0.0000 0.0000 0.0000
322      322   (0)     13  : 0.0000 0.0000 0.0000 0.0000 0.0000 0.0000 0.0000 0.0000 0.0000 0.0000 1.0000 0.0000 0.0000 0.0000
323      323   (0)     13  : 0.0000 0.0000 0.0000 0.0000 0.0000 0.0000 0.0000 0.0557 0.0000 0.0000 0.9443 0.0000 0.0000 0.0000
324      324   (0)     13  : 0.0000 0.0000 0.0000 0.0000 0.0000 0.0000 0.0000 0.2158 0.0000 0.0000 0.7842 0.0000 0.0000 0.0000
325      325   (0)     14  : 0.0000 0.0000 0.0000 0.0000 0.0000 0.2725 0.0000 0.0000 0.0000 0.0000 0.6736 0.0000 0.0226 0.0313
326      326   (0)     14  : 0.0000 0.0000 0.0000 0.0000 0.0000 0.9274 0.0000 0.0000 0.0000 0.0000 0.0177 0.0000 0.0000 0.0549
327      327   (0)     14  : 0.0000 0.0000 1.0000 0.0000 0.0000 0.0000 0.0000 0.0000 0.0000 0.0000 0.0000 0.0000 0.0000 0.0000
328      328   (0)     14  : 0.0000 0.2373 0.0000 0.0000 0.0000 0.4119 0.0000 0.0000 0.0000 0.0000 0.1875 0.0000 0.0242 0.1391
329      329   (0)     14  : 0.0000 0.0000 0.9818 0.0000 0.0000 0.0005 0.0000 0.0177 0.0000 0.0000 0.0000 0.0000 0.0000 0.0000
330      330   (0)     14  : 0.0114 0.0000 0.8958 0.0000 0.0000 0.0098 0.0002 0.0000 0.0000 0.0014 0.0000 0.0101 0.0712 0.0000
331      331   (0)     14  : 0.0000 0.0000 0.9227 0.0000 0.0000 0.0000 0.0000 0.0000 0.0000 0.0000 0.0239 0.0212 0.0250 0.0073
332      332   (0)     14  : 0.0000 0.1017 0.0309 0.0000 0.0000 0.1057 0.0000 0.0446 0.0000 0.0000 0.2376 0.0000 0.4098 0.0698
333      333   (0)     14  : 0.0000 0.0000 1.0000 0.0000 0.0000 0.0000 0.0000 0.0000 0.0000 0.0000 0.0000 0.0000 0.0000 0.0000
334      334   (0)     14  : 0.0000 0.0027 0.0054 0.0000 0.0000 0.6049 0.0000 0.0000 0.0000 0.0000 0.1423 0.0001 0.0000 0.2446
335      335   (0)     14  : 0.0000 0.0015 0.0382 0.0000 0.0000 0.1432 0.0000 0.0296 0.0000 0.0000 0.2983 0.0000 0.4078 0.0814
336      336   (0)     11  : 0.0000 0.0000 0.9521 0.0000 0.0000 0.0000 0.0000 0.0000 0.0000 0.0000 0.0479 0.0000 0.0000 0.0000
337      337   (0)     11  : 0.0000 0.0595 0.0000 0.0000 0.0267 0.3513 0.0000 0.0000 0.0000 0.0000 0.3585 0.0000 0.0000 0.2041
338      338   (0)     11  : 0.0000 0.0187 0.8661 0.0000 0.0000 0.0000 0.0000 0.0000 0.0791 0.0000 0.0361 0.0000 0.0000 0.0000
339      339   (0)     10  : 0.0000 0.0000 0.0000 0.0000 0.0000 0.8458 0.0000 0.0000 0.0000 0.0000 0.0000 0.0000 0.0000 0.1542
340      340   (0)     10  : 0.0000 0.0000 0.7051 0.1854 0.0214 0.0000 0.0040 0.0000 0.0000 0.0000 0.0000 0.0000 0.0071 0.0769
341      341   (0)     11  : 0.0000 0.0094 0.7866 0.0000 0.0000 0.0000 0.0000 0.0000 0.0000 0.0000 0.0093 0.0256 0.1690 0.0000
342      342   (0)     11  : 0.0000 0.0000 0.9998 0.0000 0.0000 0.0000 0.0000 0.0000 0.0000 0.0000 0.0002 0.0000 0.0000 0.0000
343      343   (0)     11  : 0.0000 0.0000 1.0000 0.0000 0.0000 0.0000 0.0000 0.0000 0.0000 0.0000 0.0000 0.0000 0.0000 0.0000
344      344   (0)     11  : 0.0015 0.0000 0.8099 0.0019 0.0000 0.0219 0.0000 0.0000 0.0000 0.0000 0.0006 0.0353 0.1205 0.0083
345      345   (0)     11  : 0.0000 0.0000 0.9108 0.0005 0.0000 0.0000 0.0000 0.0000 0.0000 0.0000 0.0789 0.0000 0.0042 0.0055
346      346   (0)     11  : 0.0000 0.0000 1.0000 0.0000 0.0000 0.0000 0.0000 0.0000 0.0000 0.0000 0.0000 0.0000 0.0000 0.0000
347      347   (0)     11  : 0.0000 0.0290 0.0000 0.0000 0.0000 0.3575 0.0000 0.0000 0.0000 0.0000 0.4779 0.0000 0.0283 0.1073
348      348   (0)     11  : 0.0000 0.0000 0.9646 0.0000 0.0000 0.0000 0.0000 0.0000 0.0000 0.0000 0.0000 0.0000 0.0354 0.0000
349      349   (0)     11  : 0.0000 0.0000 0.9527 0.0000 0.0000 0.0082 0.0000 0.0000 0.0000 0.0000 0.0000 0.0000 0.0391 0.0000
350      350   (0)     11  : 0.0000 0.0000 0.7124 0.0000 0.0000 0.0223 0.0000 0.0252 0.0000 0.0000 0.0002 0.0000 0.2399 0.0000
351      351   (0)     11  : 0.0000 0.0226 0.9768 0.0000 0.0000 0.0000 0.0000 0.0000 0.0000 0.0000 0.0006 0.0000 0.0000 0.0000
352      352   (0)     11  : 0.0000 0.1365 0.0266 0.0000 0.0000 0.4600 0.0000 0.0405 0.0000 0.0000 0.0768 0.0000 0.1170 0.1426
353      353   (0)     11  : 0.0000 0.0000 1.0000 0.0000 0.0000 0.0000 0.0000 0.0000 0.0000 0.0000 0.0000 0.0000 0.0000 0.0000
354      354   (0)     11  : 0.0000 0.0154 0.0000 0.0000 0.0000 0.5143 0.0000 0.0000 0.0000 0.0000 0.1796 0.0000 0.0407 0.2500
355      355   (0)     11  : 0.0000 0.0000 1.0000 0.0000 0.0000 0.0000 0.0000 0.0000 0.0000 0.0000 0.0000 0.0000 0.0000 0.0000
356      356   (0)     14  : 0.0000 0.0000 0.8641 0.0006 0.0000 0.0000 0.0107 0.1054 0.0000 0.0000 0.0000 0.0004 0.0083 0.0103
357      357   (0)     14  : 0.0000 0.0741 0.0000 0.0000 0.0000 0.4626 0.0000 0.0166 0.0000 0.0000 0.2133 0.0000 0.0000 0.2334
358      358   (0)     14  : 0.0000 0.0000 1.0000 0.0000 0.0000 0.0000 0.0000 0.0000 0.0000 0.0000 0.0000 0.0000 0.0000 0.0000
359      359   (0)     14  : 0.0000 0.0104 0.0000 0.0000 0.0000 0.6153 0.0000 0.1090 0.0000 0.0000 0.2451 0.0000 0.0202 0.0000
360      360   (0)     14  : 0.0000 0.0000 1.0000 0.0000 0.0000 0.0000 0.0000 0.0000 0.0000 0.0000 0.0000 0.0000 0.0000 0.0000
361      361   (0)     14  : 0.0000 0.0000 0.8968 0.0000 0.0000 0.0056 0.0000 0.0000 0.0000 0.0000 0.0094 0.0000 0.0881 0.0000
362      362   (0)     14  : 0.0000 0.0000 0.9306 0.0000 0.0000 0.0000 0.0000 0.0000 0.0000 0.0000 0.0039 0.0000 0.0655 0.0000
363      363   (0)     14  : 0.0000 0.0000 0.9301 0.0000 0.0000 0.0000 0.0000 0.0000 0.0000 0.0000 0.0000 0.0699 0.0000 0.0000
364      364   (0)     14  : 0.0000 0.0000 0.9925 0.0000 0.0000 0.0000 0.0000 0.0000 0.0000 0.0000 0.0000 0.0000 0.0000 0.0075
365      365   (0)     14  : 0.0000 0.0000 0.7876 0.0000 0.0000 0.0000 0.0000 0.0000 0.0000 0.0000 0.1143 0.0000 0.0981 0.0000
366      366   (0)     14  : 0.0000 0.0016 0.0239 0.0000 0.0000 0.5462 0.0000 0.1076 0.0000 0.0000 0.2119 0.0000 0.0891 0.0198
367      367   (0)      9  : 0.0000 0.0000 0.0000 0.0000 0.0000 0.7789 0.0000 0.0735 0.0000 0.0000 0.0175 0.0000 0.0000 0.1301
368      368   (0)      9  : 0.0000 0.0000 0.8131 0.0332 0.0000 0.0934 0.0000 0.0000 0.0000 0.0000 0.0000 0.0018 0.0000 0.0584
369      369   (0)      9  : 0.0000 0.0000 0.0000 0.0000 0.0000 0.9110 0.0000 0.0000 0.0000 0.0000 0.0890 0.0000 0.0000 0.0000
370      370   (0)      9  : 0.0000 0.0000 0.0463 0.0000 0.0000 0.7713 0.0000 0.0200 0.0000 0.0000 0.0000 0.0000 0.1625 0.0000
371      371   (0)      9  : 0.0000 0.0000 0.0000 0.0000 0.0000 0.7879 0.0000 0.0000 0.0000 0.0000 0.0145 0.0000 0.1162 0.0815
372      372   (0)      9  : 0.0000 0.0000 1.0000 0.0000 0.0000 0.0000 0.0000 0.0000 0.0000 0.0000 0.0000 0.0000 0.0000 0.0000
373      373   (0)     14  : 0.0000 0.0000 0.9962 0.0000 0.0000 0.0000 0.0000 0.0000 0.0000 0.0000 0.0000 0.0000 0.0000 0.0038
374      374   (0)     14  : 0.0000 0.0000 0.0183 0.0000 0.0000 0.6179 0.0000 0.0000 0.0000 0.0000 0.1172 0.0000 0.0000 0.2467
375      375   (0)     14  : 0.0000 0.0000 0.8988 0.0000 0.0000 0.0108 0.0000 0.0021 0.0000 0.0000 0.0000 0.0000 0.0883 0.0000
376      376   (0)     14  : 0.0022 0.0000 0.9973 0.0000 0.0000 0.0000 0.0000 0.0000 0.0000 0.0000 0.0000 0.0005 0.0000 0.0000
377      377   (0)     14  : 0.0000 0.0000 0.0000 0.0000 0.0025 0.5872 0.0000 0.0000 0.0000 0.0000 0.1602 0.0000 0.0000 0.2500
378      378   (0)      9  : 0.0000 0.0032 0.0000 0.0000 0.0000 0.9339 0.0000 0.0000 0.0000 0.0000 0.0000 0.0000 0.0000 0.0629
379      379   (0)      9  : 0.0673 0.0000 0.9327 0.0000 0.0000 0.0000 0.0000 0.0000 0.0000 0.0000 0.0000 0.0000 0.0000 0.0000
380      380   (0)      9  : 0.0228 0.0000 0.8509 0.0000 0.0000 0.0000 0.0000 0.0000 0.0000 0.0000 0.0000 0.0698 0.0565 0.0000
381      381   (0)      9  : 0.0000 0.0000 0.8724 0.0000 0.0000 0.0000 0.1276 0.0000 0.0000 0.0000 0.0000 0.0000 0.0000 0.0000
382      382   (0)      9  : 0.0000 0.0000 0.0000 0.0000 0.0000 0.7336 0.0000 0.0000 0.0000 0.0000 0.0218 0.0000 0.1967 0.0479
383      383   (0)      9  : 0.0000 0.0000 0.0000 0.0000 0.0000 0.9049 0.0000 0.0000 0.0000 0.0000 0.0000 0.0000 0.0000 0.0951
384      384   (0)      9  : 0.0000 0.0000 0.0000 0.0000 0.0000 0.8400 0.0000 0.0000 0.0000 0.0000 0.0000 0.0000 0.1600 0.0000
385      385   (0)      9  : 0.0000 0.0000 0.8412 0.0000 0.0000 0.0000 0.1588 0.0000 0.0000 0.0000 0.0000 0.0000 0.0000 0.0000
386      386   (0)      9  : 0.0000 0.0027 0.0000 0.0000 0.0000 0.6452 0.0000 0.0000 0.0000 0.0000 0.0242 0.0000 0.2409 0.0870
387      387   (0)      9  : 0.0000 0.0000 0.0000 0.0000 0.0235 0.8933 0.0000 0.0015 0.0000 0.0000 0.0000 0.0000 0.0816 0.0000
388      388   (0)      9  : 0.0000 0.0000 0.9988 0.0000 0.0000 0.0000 0.0012 0.0000 0.0000 0.0000 0.0000 0.0000 0.0000 0.0000
389      389   (0)      9  : 0.0095 0.0000 0.9569 0.0000 0.0000 0.0000 0.0000 0.0000 0.0000 0.0000 0.0000 0.0110 0.0099 0.0127
390      390   (0)      9  : 0.0000 0.0000 0.0000 0.0000 0.1291 0.2581 0.0000 0.0000 0.0000 0.0000 0.0005 0.0000 0.3623 0.2500
391      391   (0)      9  : 0.0000 0.0000 0.8015 0.0000 0.0000 0.0000 0.1985 0.0000 0.0000 0.0000 0.0000 0.0000 0.0000 0.0000
392      392   (0)     15  : 0.0000 0.0000 0.0000 0.0000 0.0000 0.2351 0.0000 0.6232 0.0000 0.0000 0.0624 0.0000 0.0000 0.0793
393      393   (0)     15  : 0.0000 0.0000 0.0000 0.0000 0.0000 0.0000 0.0000 0.7868 0.0000 0.0000 0.2132 0.0000 0.0000 0.0000
394      394   (0)     15  : 0.0000 0.0000 0.0000 0.0000 0.0000 0.0000 0.0000 1.0000 0.0000 0.0000 0.0000 0.0000 0.0000 0.0000
395      395   (0)     15  : 0.0000 0.0000 0.0000 0.0000 0.0000 0.0000 0.0959 0.8469 0.0000 0.0000 0.0572 0.0000 0.0000 0.0000
396      396   (0)     15  : 0.0000 0.0000 0.0000 0.0000 0.0000 0.0000 0.0000 0.9062 0.0000 0.0000 0.0938 0.0000 0.0000 0.0000
397      397   (0)     15  : 0.0000 0.0000 0.0000 0.0000 0.0000 0.0000 0.0000 0.9954 0.0000 0.0000 0.0030 0.0000 0.0000 0.0016
398      398   (0)     15  : 0.0000 0.0000 0.0000 0.0000 0.0000 0.0000 0.0000 0.9878 0.0000 0.0000 0.0122 0.0000 0.0000 0.0000
399      399   (0)     15  : 0.0000 0.0000 0.6759 0.0000 0.0000 0.0000 0.0000 0.3169 0.0000 0.0000 0.0000 0.0000 0.0072 0.0000
400      400   (0)     15  : 0.0000 0.0000 0.0000 0.0000 0.0000 0.0000 0.0000 1.0000 0.0000 0.0000 0.0000 0.0000 0.0000 0.0000
401      401   (0)     15  : 0.0000 0.0000 0.0000 0.0000 0.0000 0.0000 0.0000 0.9977 0.0000 0.0000 0.0023 0.0000 0.0000 0.0000
402      402   (0)     15  : 0.0000 0.0000 0.6259 0.0000 0.0000 0.0000 0.0000 0.3741 0.0000 0.0000 0.0000 0.0000 0.0000 0.0000
403      403   (0)     15  : 0.0000 0.0000 0.9745 0.0000 0.0000 0.0000 0.0000 0.0255 0.0000 0.0000 0.0000 0.0000 0.0000 0.0000
404      404   (0)     15  : 0.0000 0.0000 0.0000 0.0000 0.0000 0.0000 0.0000 1.0000 0.0000 0.0000 0.0000 0.0000 0.0000 0.0000
405      405   (0)     15  : 0.0000 0.0000 0.0000 0.0000 0.0000 0.0295 0.0000 0.9328 0.0000 0.0000 0.0377 0.0000 0.0000 0.0000
406      406   (0)     15  : 0.0000 0.0000 0.0000 0.0000 0.0000 0.0061 0.0000 0.7287 0.0000 0.0000 0.2652 0.0000 0.0000 0.0000
407      407   (0)     15  : 0.0000 0.0000 0.0455 0.0000 0.0000 0.0168 0.0000 0.9245 0.0000 0.0000 0.0000 0.0000 0.0000 0.0133
408      408   (0)     15  : 0.0000 0.0000 0.7021 0.0000 0.0000 0.0000 0.0000 0.2979 0.0000 0.0000 0.0000 0.0000 0.0000 0.0000
409      409   (0)     15  : 0.0000 0.0000 0.0000 0.0000 0.0000 0.0000 0.0000 1.0000 0.0000 0.0000 0.0000 0.0000 0.0000 0.0000
410      410   (0)     15  : 0.0000 0.0000 0.6099 0.0000 0.0000 0.0000 0.0000 0.3901 0.0000 0.0000 0.0000 0.0000 0.0000 0.0000
411      411   (0)     15  : 0.0000 0.0000 0.0000 0.0000 0.0000 0.0000 0.0000 0.8373 0.0000 0.0000 0.1627 0.0000 0.0000 0.0000
412      412   (0)     15  : 0.0000 0.0000 0.0000 0.0000 0.0000 0.0000 0.0000 1.0000 0.0000 0.0000 0.0000 0.0000 0.0000 0.0000
413      413   (0)     15  : 0.0000 0.0000 0.0000 0.0000 0.0000 0.0000 0.0000 0.8360 0.0000 0.0000 0.1640 0.0000 0.0000 0.0000
414      414   (0)     15  : 0.0000 0.1076 0.0000 0.0000 0.0260 0.0026 0.0000 0.7152 0.0000 0.0000 0.1006 0.0000 0.0152 0.0328
415      415   (0)     15  : 0.0000 0.0789 0.0185 0.0004 0.0000 0.0337 0.0000 0.8101 0.0355 0.0000 0.0000 0.0000 0.0114 0.0114
416      416   (0)     15  : 0.0000 0.0000 0.0000 0.0000 0.0000 0.0000 0.0000 1.0000 0.0000 0.0000 0.0000 0.0000 0.0000 0.0000
417      417   (0)     15  : 0.0000 0.0000 0.7411 0.0000 0.0000 0.0000 0.0000 0.2589 0.0000 0.0000 0.0000 0.0000 0.0000 0.0000
418      418   (0)     15  : 0.0000 0.0000 0.0000 0.0000 0.0000 0.0000 0.0000 0.8690 0.0000 0.0000 0.1051 0.0000 0.0000 0.0259
419      419   (0)     15  : 0.0000 0.0000 0.7354 0.0000 0.0000 0.0000 0.0000 0.2601 0.0046 0.0000 0.0000 0.0000 0.0000 0.0000
420      420   (0)     15  : 0.0000 0.0000 0.7510 0.0000 0.0000 0.0000 0.0000 0.2490 0.0000 0.0000 0.0000 0.0000 0.0000 0.0000
421      421   (0)     16  : 0.2106 0.0000 0.0000 0.0000 0.0000 0.0000 0.4376 0.0000 0.0000 0.0275 0.0000 0.3128 0.0018 0.0096
422      422   (0)     16  : 0.0100 0.0000 0.0000 0.0693 0.0000 0.0000 0.6442 0.0000 0.0000 0.0000 0.0000 0.1988 0.0379 0.0398
423      423   (0)     16  : 0.3083 0.0000 0.0286 0.0421 0.0000 0.0000 0.0000 0.0000 0.1022 0.0000 0.0000 0.4129 0.0603 0.0456
424      424   (0)     16  : 0.0748 0.0000 0.0563 0.0488 0.0000 0.0000 0.3481 0.0000 0.0059 0.0000 0.0000 0.3669 0.0383 0.0609
425      425   (0)     16  : 0.0000 0.0000 0.0009 0.0605 0.0000 0.0000 0.4793 0.0000 0.0396 0.0011 0.0000 0.2693 0.0430 0.1062
426      426   (0)     16  : 0.3316 0.0000 0.0000 0.0508 0.0000 0.0000 0.0000 0.0000 0.1214 0.0000 0.0000 0.3922 0.0288 0.0753
427      427   (0)     16  : 0.0423 0.0000 0.0000 0.0037 0.0000 0.0000 0.5322 0.0000 0.0000 0.0000 0.0015 0.3810 0.0002 0.0392
428      428   (0)     16  : 0.3091 0.0000 0.0000 0.0000 0.0000 0.0000 0.0000 0.0000 0.0000 0.0000 0.0000 0.6891 0.0018 0.0000
429      429   (0)     16  : 0.0000 0.0000 0.0000 0.0327 0.0000 0.0000 0.2081 0.0000 0.0000 0.0000 0.0000 0.5972 0.0328 0.1293
430      430   (0)     16  : 0.6019 0.0000 0.0000 0.0000 0.0237 0.0000 0.0000 0.0000 0.0151 0.0000 0.0000 0.3523 0.0000 0.0070
431      431   (0)     16  : 0.0000 0.0000 0.0000 0.3223 0.0000 0.0000 0.3346 0.0000 0.0000 0.0000 0.0000 0.2354 0.0032 0.1044
432      432   (0)     16  : 0.4652 0.0000 0.0063 0.0000 0.0000 0.0000 0.0000 0.0000 0.0066 0.0000 0.0000 0.5087 0.0000 0.0133
433      433   (0)     16  : 0.0111 0.0000 0.0000 0.0000 0.0000 0.0000 0.7558 0.0000 0.0000 0.0000 0.0000 0.2271 0.0059 0.0000
434      434   (0)     16  : 0.4763 0.0000 0.0034 0.0012 0.0000 0.0000 0.2415 0.0094 0.0066 0.0000 0.0000 0.2543 0.0012 0.0061
435      435   (0)     16  : 0.2856 0.0000 0.0007 0.0000 0.0000 0.0000 0.4380 0.0000 0.0000 0.0000 0.0000 0.2757 0.0000 0.0000
436      436   (0)     16  : 0.0000 0.0000 0.0000 0.0088 0.0396 0.0000 0.7703 0.0000 0.0000 0.0000 0.0000 0.1439 0.0000 0.0375
437      437   (0)     16  : 0.4676 0.0000 0.0000 0.0662 0.0000 0.0000 0.0000 0.0000 0.0000 0.0000 0.0000 0.4662 0.0000 0.0000
438      438   (0)     16  : 0.7100 0.0000 0.0000 0.0000 0.0000 0.0000 0.0000 0.0000 0.0000 0.0000 0.0000 0.2768 0.0020 0.0113
439      439   (0)     16  : 0.4622 0.0000 0.0154 0.0226 0.0000 0.0000 0.0000 0.0000 0.0000 0.0000 0.0000 0.4540 0.0000 0.0458
440      440   (0)     16  : 0.0387 0.0000 0.0000 0.0000 0.0000 0.0000 0.0000 0.0000 0.0998 0.0000 0.0000 0.7895 0.0000 0.0719
441      441   (0)     16  : 0.3445 0.0251 0.0000 0.0000 0.0000 0.0000 0.3060 0.0000 0.0000 0.0000 0.0077 0.3167 0.0000 0.0000
442      442   (0)     16  : 0.5497 0.0000 0.0000 0.0315 0.0000 0.0000 0.0029 0.0000 0.0000 0.0000 0.0000 0.4134 0.0000 0.0025
443      443   (0)     16  : 0.1735 0.0000 0.0508 0.0000 0.0000 0.0000 0.0000 0.0000 0.1334 0.0000 0.0000 0.5958 0.0000 0.0465
444      444   (0)     16  : 0.4418 0.0000 0.0018 0.0000 0.0000 0.0000 0.0000 0.0000 0.0059 0.0000 0.0000 0.5402 0.0000 0.0102
445      445   (0)     16  : 0.0000 0.0000 0.0000 0.0000 0.0000 0.0000 0.0000 0.0000 0.0000 1.0000 0.0000 0.0000 0.0000 0.0000
446      446   (0)     16  : 0.1860 0.0000 0.0028 0.0000 0.0000 0.0000 0.4073 0.0000 0.0015 0.0000 0.0000 0.4024 0.0000 0.0000
447      447   (0)     16  : 0.1641 0.0000 0.0050 0.0000 0.0000 0.0000 0.0598 0.0000 0.0074 0.0173 0.0000 0.6821 0.0000 0.0643
448      448   (0)     16  : 0.3581 0.0000 0.0000 0.0000 0.0000 0.0000 0.0000 0.0000 0.0000 0.0000 0.0000 0.6204 0.0000 0.0215
449      449   (0)     16  : 0.3819 0.0000 0.0016 0.0000 0.0000 0.0000 0.2719 0.0000 0.0000 0.0000 0.0000 0.3223 0.0194 0.0029
450      450   (0)     16  : 0.5238 0.0000 0.0000 0.0323 0.0000 0.0000 0.0000 0.0000 0.0124 0.0000 0.0000 0.4315 0.0000 0.0000
451      451   (0)     17  : 0.2396 0.0100 0.0073 0.1447 0.0065 0.0000 0.1098 0.0000 0.0625 0.0000 0.0000 0.2815 0.0850 0.0531
452      452   (0)     17  : 0.5071 0.0000 0.0100 0.0000 0.0000 0.0000 0.0199 0.0000 0.0308 0.0000 0.0000 0.4230 0.0000 0.0093
453      453   (0)     17  : 0.6336 0.0000 0.0000 0.0000 0.0000 0.0000 0.0000 0.0000 0.0000 0.0000 0.0000 0.3664 0.0000 0.0000
454      454   (0)     17  : 0.0000 0.0000 0.0000 0.0000 0.0000 0.0000 0.0000 0.0000 0.0000 0.8595 0.0514 0.0892 0.0000 0.0000
455      455   (0)     17  : 0.0000 0.0000 0.0000 0.0000 0.0000 0.0000 0.7211 0.0000 0.0000 0.0033 0.0000 0.2756 0.0000 0.0000
456      456   (0)     17  : 0.0000 0.0000 0.0000 0.0000 0.0000 0.0000 0.0000 0.0000 0.0000 0.9992 0.0000 0.0000 0.0000 0.0007
457      457   (0)     17  : 0.0164 0.0000 0.0000 0.0000 0.0000 0.0000 0.7517 0.0000 0.0000 0.0000 0.0000 0.2318 0.0000 0.0000
458      458   (0)     17  : 0.5566 0.0000 0.0000 0.0081 0.0000 0.0000 0.0175 0.0000 0.0000 0.0000 0.0000 0.4178 0.0000 0.0000
459      459   (0)     17  : 0.4475 0.0000 0.0000 0.0000 0.0000 0.0000 0.0000 0.0000 0.0000 0.0000 0.0000 0.5525 0.0000 0.0000
460      460   (0)     17  : 0.0000 0.0000 0.0000 0.0000 0.0000 0.0000 0.2343 0.0000 0.2848 0.0000 0.0000 0.3794 0.0000 0.1015
461      461   (0)     17  : 0.1303 0.0000 0.0213 0.0000 0.0000 0.0000 0.2291 0.0000 0.0107 0.0000 0.0000 0.5610 0.0000 0.0476
462      462   (0)     17  : 0.0182 0.0202 0.0000 0.3269 0.0664 0.0000 0.0000 0.0000 0.0000 0.0000 0.0000 0.2883 0.1529 0.1271
463      463   (0)     17  : 0.0000 0.0213 0.0000 0.0000 0.0896 0.0224 0.1267 0.0027 0.0000 0.5861 0.0102 0.1043 0.0063 0.0304
464      464   (0)     17  : 0.2311 0.0000 0.0277 0.0407 0.0000 0.0000 0.0364 0.0000 0.0048 0.0057 0.0000 0.6037 0.0265 0.0233
465      465   (0)     17  : 0.4666 0.0000 0.0027 0.1144 0.1797 0.0000 0.0000 0.0000 0.0000 0.0000 0.0000 0.1485 0.0000 0.0881
466      466   (0)     17  : 0.3154 0.0000 0.0162 0.0192 0.0366 0.0000 0.0000 0.0000 0.1968 0.0000 0.0000 0.3623 0.0000 0.0535
467      467   (0)     17  : 0.2555 0.0000 0.0249 0.1117 0.0156 0.0000 0.2189 0.0044 0.1933 0.0012 0.0000 0.1368 0.0000 0.0378
468      468   (0)     17  : 0.0000 0.0000 0.0208 0.0000 0.0000 0.0000 0.0000 0.0000 0.6251 0.0000 0.0000 0.2997 0.0000 0.0544
469      469   (0)     17  : 0.1463 0.0000 0.0344 0.0378 0.0081 0.0016 0.2719 0.0000 0.0536 0.0127 0.0000 0.3113 0.0393 0.0829
470      470   (0)     17  : 0.3763 0.0038 0.0088 0.0000 0.0000 0.0045 0.0000 0.0018 0.0000 0.0000 0.0000 0.4857 0.1191 0.0000
471      471   (0)     17  : 0.0700 0.0000 0.0015 0.0000 0.0000 0.0000 0.3498 0.0262 0.0785 0.0000 0.0000 0.4740 0.0000 0.0000
472      472   (0)     17  : 0.0110 0.0000 0.0000 0.2325 0.0000 0.0000 0.0000 0.0000 0.4160 0.0000 0.0000 0.2885 0.0114 0.0406
473      473   (0)     17  : 0.1065 0.0000 0.0000 0.0648 0.0000 0.0000 0.0000 0.0055 0.4005 0.0000 0.0000 0.3087 0.0522 0.0618
474      474   (0)     17  : 0.0000 0.0000 0.0000 0.0347 0.0005 0.0000 0.7135 0.0011 0.0147 0.0000 0.0000 0.2236 0.0000 0.0119
475      475   (0)     17  : 0.1498 0.0000 0.0000 0.0712 0.0043 0.0000 0.0736 0.0000 0.1175 0.0000 0.0000 0.5266 0.0052 0.0518
476      476   (0)     17  : 0.0199 0.0001 0.0000 0.0185 0.0297 0.0000 0.5612 0.0000 0.0057 0.0000 0.0000 0.2834 0.0623 0.0191
477      477   (0)     17  : 0.4643 0.0000 0.0000 0.0069 0.0042 0.0000 0.0000 0.0000 0.0000 0.0000 0.0000 0.4858 0.0000 0.0388
478      478   (0)     17  : 0.0000 0.0000 0.0000 0.0000 0.0000 0.0000 0.7584 0.0000 0.0072 0.0000 0.0000 0.1859 0.0284 0.0202
479      479   (0)     17  : 0.5964 0.0000 0.0000 0.0000 0.0000 0.0000 0.0033 0.0000 0.0333 0.0236 0.0000 0.2690 0.0708 0.0035
480      480   (0)     17  : 0.0623 0.0000 0.0376 0.0954 0.0000 0.0000 0.0000 0.0000 0.3768 0.0302 0.0000 0.1842 0.0514 0.1621
481      481   (0)     18  : 0.0000 0.0000 0.0000 0.4493 0.0838 0.0000 0.0000 0.0000 0.0000 0.0000 0.0000 0.1165 0.0000 0.3504
482      482   (0)     18  : 0.0000 0.0000 0.0000 0.0000 1.0000 0.0000 0.0000 0.0000 0.0000 0.0000 0.0000 0.0000 0.0000 0.0000
483      483   (0)     18  : 0.0000 0.0000 0.0000 0.0000 1.0000 0.0000 0.0000 0.0000 0.0000 0.0000 0.0000 0.0000 0.0000 0.0000
484      484   (0)     18  : 0.0000 0.0000 0.0000 0.0000 1.0000 0.0000 0.0000 0.0000 0.0000 0.0000 0.0000 0.0000 0.0000 0.0000
485      485   (0)     18  : 0.0127 0.0000 0.0000 0.0000 0.7540 0.0000 0.0000 0.0000 0.0000 0.2333 0.0000 0.0000 0.0000 0.0000
486      486   (0)     18  : 0.0000 0.0000 0.0000 0.0000 1.0000 0.0000 0.0000 0.0000 0.0000 0.0000 0.0000 0.0000 0.0000 0.0000
487      487   (0)     18  : 0.0000 0.0000 0.0000 0.0000 1.0000 0.0000 0.0000 0.0000 0.0000 0.0000 0.0000 0.0000 0.0000 0.0000
488      488   (0)     18  : 0.1053 0.0000 0.0000 0.0382 0.0250 0.0000 0.0000 0.0000 0.0000 0.0000 0.0000 0.5109 0.0000 0.3206
489      489   (0)     18  : 0.0000 0.0000 0.0000 0.5175 0.0000 0.0000 0.0000 0.0000 0.0000 0.0000 0.0064 0.0811 0.0000 0.3950
490      490   (0)     18  : 0.0000 0.0000 0.0000 0.0000 1.0000 0.0000 0.0000 0.0000 0.0000 0.0000 0.0000 0.0000 0.0000 0.0000
491      491   (0)     18  : 0.0000 0.0000 0.0000 0.0000 0.8954 0.0000 0.0000 0.0000 0.0000 0.0000 0.0000 0.1046 0.0000 0.0000
492      492   (0)     18  : 0.3998 0.0000 0.0000 0.0010 0.0615 0.0000 0.0000 0.0000 0.0000 0.4597 0.0000 0.0508 0.0000 0.0272
493      493   (0)     18  : 0.0000 0.0000 0.0000 0.2779 0.0228 0.0000 0.4183 0.0000 0.0000 0.0000 0.0000 0.0705 0.0000 0.2105
494      494   (0)     18  : 0.0000 0.0000 0.0000 0.0660 0.9340 0.0000 0.0000 0.0000 0.0000 0.0000 0.0000 0.0000 0.0000 0.0000
495      495   (0)     18  : 0.0000 0.0000 0.0000 0.0000 1.0000 0.0000 0.0000 0.0000 0.0000 0.0000 0.0000 0.0000 0.0000 0.0000
496      496   (0)     18  : 0.0263 0.0000 0.0000 0.0000 0.5505 0.0000 0.0000 0.0000 0.0000 0.4224 0.0000 0.0009 0.0000 0.0000
497      497   (0)     18  : 0.0000 0.0000 0.0000 0.2989 0.0000 0.0000 0.0646 0.0000 0.0000 0.0000 0.0000 0.2985 0.0000 0.3380
498      498   (0)     18  : 0.1252 0.0000 0.0000 0.0000 0.8015 0.0000 0.0000 0.0000 0.0000 0.0733 0.0000 0.0000 0.0000 0.0000
499      499   (0)     18  : 0.1797 0.0000 0.0000 0.0112 0.4610 0.0000 0.1100 0.0000 0.0000 0.2381 0.0000 0.0000 0.0000 0.0000
500      500   (0)     18  : 0.0000 0.0000 0.0000 0.3089 0.0532 0.0000 0.0000 0.0000 0.0000 0.0000 0.0000 0.2089 0.0000 0.4291
501      501   (0)     18  : 0.1400 0.0000 0.0000 0.3660 0.0139 0.0000 0.0000 0.0000 0.0000 0.0000 0.0000 0.2171 0.0000 0.2630
502      502   (0)     18  : 0.2846 0.0000 0.0000 0.0000 0.3458 0.0015 0.0471 0.0000 0.0000 0.3176 0.0034 0.0000 0.0000 0.0000
503      503   (0)     18  : 0.0000 0.0000 0.0000 0.0000 1.0000 0.0000 0.0000 0.0000 0.0000 0.0000 0.0000 0.0000 0.0000 0.0000
504      504   (0)     18  : 0.0000 0.0000 0.0000 0.0000 0.3838 0.0000 0.0000 0.0000 0.0000 0.4690 0.0000 0.1029 0.0000 0.0443
505      505   (0)     18  : 0.0000 0.0000 0.0225 0.0000 0.3207 0.0071 0.0000 0.0000 0.0000 0.5523 0.0000 0.0974 0.0000 0.0000
506      506   (0)     18  : 0.0000 0.0000 0.0000 0.1284 0.0019 0.0000 0.1415 0.0000 0.0000 0.0000 0.0000 0.3351 0.0000 0.3931
507      507   (0)     18  : 0.2619 0.0000 0.0000 0.0158 0.6203 0.0000 0.0000 0.0000 0.0000 0.0825 0.0000 0.0000 0.0000 0.0195
508      508   (0)     18  : 0.0000 0.0000 0.0000 0.2574 0.0037 0.0000 0.1123 0.0000 0.0000 0.0000 0.0000 0.2896 0.0000 0.3370
509      509   (0)     18  : 0.0000 0.0000 0.0000 0.0000 0.2246 0.0000 0.0000 0.0000 0.0000 0.7615 0.0000 0.0083 0.0000 0.0055
510      510   (0)     19  : 0.4498 0.0000 0.0000 0.0497 0.0048 0.0000 0.1811 0.0000 0.0000 0.0000 0.0000 0.2785 0.0000 0.0360
511      511   (0)     19  : 0.1351 0.0000 0.0000 0.0749 0.0061 0.0000 0.5725 0.0000 0.0000 0.0000 0.0000 0.1448 0.0000 0.0666
512      512   (0)     19  : 0.1918 0.0000 0.0000 0.0000 0.0000 0.0000 0.4559 0.0000 0.0000 0.0000 0.0000 0.3523 0.0000 0.0000
513      513   (0)     19  : 0.0000 0.0000 0.0000 0.0000 0.0000 0.0000 0.9499 0.0000 0.0000 0.0000 0.0000 0.0501 0.0000 0.0000
514      514   (0)     19  : 0.1210 0.0000 0.0135 0.0000 0.0000 0.0000 0.0000 0.0000 0.1949 0.0000 0.0000 0.5790 0.0000 0.0916
515      515   (0)     19  : 0.2290 0.0000 0.0010 0.0055 0.0000 0.0000 0.4972 0.0000 0.0000 0.0000 0.0000 0.2460 0.0000 0.0212
516      516   (0)     19  : 0.1553 0.0000 0.0000 0.0000 0.0000 0.0000 0.6994 0.0000 0.0000 0.0000 0.0000 0.1453 0.0000 0.0000
517      517   (0)     19  : 0.5161 0.0000 0.0000 0.0269 0.0000 0.0000 0.0000 0.0000 0.0000 0.0000 0.0000 0.4242 0.0173 0.0155
518      518   (0)     19  : 0.1397 0.0000 0.0000 0.0000 0.0000 0.0000 0.4545 0.0000 0.0232 0.0000 0.0000 0.3826 0.0000 0.0000
519      519   (0)     19  : 0.0000 0.0000 0.0018 0.3093 0.0000 0.0000 0.0000 0.0000 0.1360 0.0000 0.0000 0.0530 0.2500 0.2500
520      520   (0)     19  : 0.6351 0.0000 0.0000 0.0000 0.0000 0.0000 0.0633 0.0000 0.0000 0.0000 0.0000 0.2780 0.0000 0.0236
521      521   (0)     19  : 0.0000 0.0000 0.0000 0.1578 0.0000 0.0000 0.8083 0.0000 0.0000 0.0000 0.0000 0.0000 0.0123 0.0216
522      522   (0)     19  : 0.0001 0.0000 0.0000 0.0000 0.0000 0.0000 0.7457 0.0000 0.0000 0.0000 0.0000 0.2224 0.0000 0.0317
523      523   (0)     19  : 0.0000 0.0000 0.0000 0.0000 0.0000 0.0000 0.3950 0.0000 0.0225 0.0000 0.0000 0.3701 0.0000 0.2125
524      524   (0)     19  : 0.3437 0.0000 0.0000 0.0000 0.0000 0.0000 0.2420 0.0000 0.0000 0.0000 0.0000 0.4143 0.0000 0.0000
525      525   (0)     19  : 0.1703 0.0000 0.0000 0.0000 0.0000 0.0000 0.3174 0.0054 0.0000 0.0217 0.0000 0.4815 0.0020 0.0017
526      526   (0)     19  : 0.4552 0.0000 0.0000 0.0000 0.0000 0.0000 0.0113 0.0123 0.0088 0.0000 0.0000 0.5124 0.0000 0.0000
527      527   (0)     19  : 0.1193 0.0000 0.0062 0.1133 0.0000 0.0000 0.1573 0.0000 0.0183 0.0000 0.0000 0.4080 0.0000 0.1775
528      528   (0)     19  : 0.3806 0.0000 0.0000 0.1094 0.0000 0.0000 0.0329 0.0000 0.0000 0.0000 0.0000 0.4179 0.0000 0.0592
529      529   (0)     19  : 0.4415 0.0000 0.0000 0.0000 0.0000 0.0000 0.0000 0.0000 0.0088 0.0000 0.0000 0.5357 0.0000 0.0140
530      530   (0)     19  : 0.0149 0.0000 0.0000 0.0000 0.0000 0.0000 0.3992 0.0000 0.0000 0.0000 0.0000 0.5322 0.0000 0.0538
531      531   (0)     19  : 0.0207 0.0000 0.0197 0.0000 0.0000 0.0000 0.3610 0.0000 0.0975 0.0000 0.0000 0.4521 0.0065 0.0425
532      532   (0)     19  : 0.0427 0.0263 0.0000 0.0000 0.0000 0.0000 0.5200 0.0040 0.0034 0.0000 0.0000 0.3801 0.0088 0.0146
533      533   (0)     19  : 0.1690 0.0000 0.0000 0.0000 0.0038 0.0000 0.0000 0.0000 0.0000 0.6303 0.0042 0.1563 0.0364 0.0000
534      534   (0)     19  : 0.4187 0.0000 0.0000 0.0439 0.0000 0.0000 0.0076 0.0000 0.0000 0.0000 0.0000 0.3944 0.0000 0.1353
535      535   (0)     19  : 0.1146 0.0000 0.0000 0.0135 0.0000 0.0000 0.6015 0.0000 0.0000 0.0000 0.0000 0.2682 0.0000 0.0021
536      536   (0)     19  : 0.0123 0.0209 0.0000 0.0000 0.0124 0.0000 0.6492 0.0000 0.0000 0.0000 0.0000 0.2721 0.0108 0.0223
537      537   (0)     19  : 0.2920 0.0000 0.0645 0.1419 0.0000 0.0000 0.2910 0.0000 0.0000 0.0000 0.0002 0.1646 0.0177 0.0280
538      538   (0)     19  : 0.0834 0.0000 0.0000 0.0113 0.3746 0.0000 0.0188 0.0000 0.0000 0.4596 0.0000 0.0362 0.0082 0.0080
539      539   (0)     19  : 0.0000 0.0000 0.0000 0.0000 0.0221 0.0000 0.9031 0.0000 0.0000 0.0000 0.0000 0.0748 0.0000 0.0000
