1        1   (0)      1  : 0.0292 0.0000 0.0000 0.0000 0.0000 0.0000 0.0261 0.0000 0.0000 0.9144 0.0000 0.0000 0.0303
2        2   (0)      1  : 0.0000 0.0000 0.0000 0.7796 0.0000 0.0000 0.0000 0.0000 0.0000 0.0001 0.0000 0.0000 0.2203
3        3   (0)      1  : 0.3980 0.0000 0.0000 0.2338 0.0000 0.0000 0.0148 0.0000 0.0000 0.0021 0.0000 0.0000 0.3513
4        4   (0)      1  : 0.0092 0.0000 0.0136 0.0209 0.0000 0.0000 0.3746 0.0000 0.0000 0.5719 0.0000 0.0000 0.0099
5        5   (0)      1  : 0.0000 0.0000 0.0014 0.0311 0.0000 0.0000 0.2142 0.0000 0.0000 0.7400 0.0000 0.0000 0.0133
6        6   (0)      1  : 0.0229 0.0000 0.0000 0.0000 0.0000 0.0000 0.2456 0.0000 0.0077 0.7155 0.0000 0.0000 0.0083
7        7   (0)      1  : 0.2150 0.0000 0.0000 0.6327 0.0000 0.0000 0.0000 0.0000 0.0000 0.0000 0.0000 0.0000 0.1524
8        8   (0)      1  : 0.1616 0.0000 0.0000 0.6629 0.0000 0.0000 0.0000 0.0000 0.0000 0.0000 0.0000 0.0000 0.1755
9        9   (0)      1  : 0.0000 0.0000 0.0000 0.0366 0.0000 0.0000 0.4602 0.0000 0.0000 0.5031 0.0000 0.0000 0.0000
10       10   (0)      1  : 0.3373 0.0000 0.0000 0.4831 0.0000 0.0000 0.0059 0.0000 0.0000 0.0004 0.0000 0.0000 0.1733
11       11   (0)      1  : 0.0049 0.0000 0.0000 0.0040 0.0000 0.0000 0.6262 0.0000 0.0000 0.3514 0.0000 0.0000 0.0134
12       12   (0)      1  : 0.0071 0.0000 0.0000 0.0153 0.0029 0.0000 0.2519 0.0000 0.0023 0.7206 0.0000 0.0000 0.0000
13       13   (0)      1  : 0.0035 0.0000 0.0000 0.0000 0.0000 0.0000 0.6530 0.0000 0.0000 0.3380 0.0000 0.0000 0.0055
14       14   (0)      1  : 0.0000 0.0000 0.0031 0.0065 0.0029 0.0000 0.6643 0.0000 0.0000 0.3178 0.0000 0.0000 0.0053
15       15   (0)      1  : 0.0070 0.0000 0.0009 0.0000 0.0000 0.0000 0.3404 0.0000 0.0000 0.6464 0.0000 0.0000 0.0054
16       16   (0)      1  : 0.0000 0.0000 0.0000 0.0433 0.0050 0.0000 0.3197 0.0000 0.0076 0.5901 0.0000 0.0000 0.0344
17       17   (0)      1  : 0.0027 0.0000 0.0000 0.0087 0.0000 0.0000 0.1475 0.0000 0.0000 0.8411 0.0000 0.0000 0.0000
18       18   (0)      1  : 0.0000 0.0000 0.0000 0.0000 0.0000 0.0000 0.5589 0.0000 0.0000 0.4411 0.0000 0.0000 0.0000
19       19   (0)      1  : 0.0000 0.0000 0.0009 0.0000 0.0058 0.0000 0.2436 0.0000 0.0000 0.7467 0.0000 0.0000 0.0030
20       20   (0)      1  : 0.0000 0.0000 0.0000 0.0132 0.0000 0.0000 0.1896 0.0000 0.0000 0.7972 0.0000 0.0000 0.0000
21       21   (0)      1  : 0.0000 0.0000 0.0024 0.0006 0.0000 0.0000 0.3588 0.0000 0.0000 0.6382 0.0000 0.0000 0.0000
22       22   (0)      1  : 0.5089 0.0000 0.0000 0.2745 0.0000 0.0000 0.0003 0.0000 0.0000 0.0202 0.0000 0.0000 0.1961
23       23   (0)      1  : 0.0000 0.0000 0.0004 0.0050 0.0000 0.0000 0.3537 0.0000 0.0000 0.6408 0.0000 0.0000 0.0000
24       24   (0)      1  : 0.0031 0.0000 0.0000 0.0172 0.0000 0.0000 0.7866 0.0000 0.0000 0.1828 0.0000 0.0000 0.0103
25       25   (0)      1  : 0.0270 0.0000 0.0000 0.0000 0.0000 0.0000 0.1518 0.0000 0.0007 0.8130 0.0000 0.0000 0.0075
26       26   (0)      1  : 0.0000 0.0000 0.0000 0.0000 0.0000 0.0000 0.3590 0.0000 0.0000 0.6410 0.0000 0.0000 0.0000
27       27   (0)      1  : 0.0000 0.0000 0.0000 0.0000 0.8524 0.0269 0.0000 0.0000 0.0572 0.0000 0.0516 0.0120 0.0000
28       28   (0)      1  : 0.0000 0.0362 0.0000 0.0000 0.9324 0.0000 0.0000 0.0000 0.0000 0.0000 0.0000 0.0314 0.0000
29       29   (0)      1  : 0.0000 0.0000 0.0063 0.0207 0.0000 0.0000 0.4131 0.0000 0.0000 0.5483 0.0000 0.0000 0.0116
30       30   (0)      1  : 0.0000 0.0000 0.0000 0.0000 0.0000 0.0000 0.2000 0.0000 0.0000 0.8000 0.0000 0.0000 0.0000
31       31   (0)      1  : 0.0049 0.0000 0.0000 0.0197 0.0000 0.0000 0.3484 0.0000 0.0000 0.6007 0.0000 0.0000 0.0263
32       32   (0)      1  : 0.1137 0.0000 0.0000 0.6700 0.0000 0.0000 0.0163 0.0000 0.0000 0.0000 0.0000 0.0000 0.2000
33       33   (0)      1  : 0.0311 0.0142 0.0000 0.1406 0.3902 0.0000 0.3003 0.0000 0.0000 0.0638 0.0000 0.0111 0.0486
34       34   (0)      1  : 0.0000 0.0000 0.0000 0.0110 0.0000 0.0000 0.2719 0.0000 0.0000 0.6969 0.0000 0.0000 0.0202
35       35   (0)      1  : 0.0000 0.0000 1.0000 0.0000 0.0000 0.0000 0.0000 0.0000 0.0000 0.0000 0.0000 0.0000 0.0000
36       36   (0)      1  : 0.0000 0.0000 0.6000 0.0000 0.0000 0.0000 0.0000 0.0000 0.0000 0.0000 0.0000 0.0000 0.4000
37       37   (0)      1  : 0.0000 0.0000 0.6000 0.0000 0.0000 0.0000 0.0000 0.0000 0.0000 0.0000 0.0000 0.0000 0.4000
38       38   (0)      1  : 0.0000 0.0000 0.0000 0.0000 0.9285 0.0000 0.0000 0.0369 0.0346 0.0000 0.0000 0.0000 0.0000
39       39   (0)      1  : 0.0000 0.0000 0.0000 0.0000 0.9077 0.0000 0.0000 0.0329 0.0256 0.0000 0.0000 0.0338 0.0000
40       40   (0)      1  : 0.0000 0.0000 0.0000 0.0000 0.0000 0.0000 0.3761 0.0000 0.0000 0.6239 0.0000 0.0000 0.0000
41       41   (0)      1  : 0.2286 0.0000 0.0000 0.5947 0.0000 0.0000 0.0000 0.0000 0.0000 0.0037 0.0000 0.0000 0.1730
42       42   (0)      1  : 0.0000 0.0000 0.0000 0.0000 0.9369 0.0329 0.0000 0.0302 0.0000 0.0000 0.0000 0.0000 0.0000
43       43   (0)      1  : 0.0326 0.0000 0.0130 0.0000 0.0000 0.0000 0.4771 0.0000 0.0000 0.4640 0.0000 0.0000 0.0134
44       44   (0)      1  : 0.4781 0.0000 0.0000 0.3066 0.0000 0.0000 0.0000 0.0000 0.0000 0.0000 0.0000 0.0000 0.2154
45       45   (0)      1  : 0.0000 0.0351 0.0000 0.0000 0.9313 0.0000 0.0000 0.0000 0.0336 0.0000 0.0000 0.0000 0.0000
46       46   (0)      1  : 0.0000 0.0000 0.0000 0.0015 0.0000 0.0000 0.5533 0.0000 0.0051 0.4367 0.0035 0.0000 0.0000
47       47   (0)      1  : 0.0000 0.0000 0.0000 0.0000 0.9144 0.0018 0.0000 0.0377 0.0000 0.0000 0.0460 0.0000 0.0000
48       48   (0)      1  : 0.8000 0.0000 0.0000 0.0000 0.0000 0.0000 0.0000 0.0000 0.0000 0.0000 0.0000 0.0000 0.2000
49       49   (0)      1  : 0.4495 0.0000 0.0000 0.4136 0.0000 0.0000 0.0000 0.0000 0.0000 0.0000 0.0000 0.0000 0.1369
50       50   (0)      1  : 0.0000 0.0000 0.0000 0.0000 0.9200 0.0000 0.0000 0.0000 0.0399 0.0000 0.0401 0.0000 0.0000
51       51   (0)      1  : 0.0000 0.0000 0.0000 0.0000 0.9135 0.0000 0.0000 0.0000 0.0865 0.0000 0.0000 0.0000 0.0000
52       52   (0)      1  : 0.0349 0.0000 0.0000 0.8531 0.0000 0.0000 0.0049 0.0000 0.0000 0.0186 0.0000 0.0000 0.0884
53       53   (0)      1  : 0.3336 0.0000 0.0000 0.4937 0.0000 0.0000 0.0000 0.0000 0.0000 0.0128 0.0000 0.0000 0.1599
54       54   (0)      1  : 0.4062 0.0000 0.0000 0.3774 0.0000 0.0000 0.0205 0.0000 0.0000 0.0000 0.0000 0.0000 0.1959
55       55   (0)      1  : 0.0000 0.0000 0.0000 0.0000 0.9004 0.0001 0.0000 0.0360 0.0373 0.0000 0.0000 0.0262 0.0000
56       56   (0)      2  : 0.0000 0.0000 0.0000 0.0275 0.0000 0.0000 0.4664 0.0000 0.0000 0.5061 0.0000 0.0000 0.0000
57       57   (0)      2  : 0.0000 0.0000 0.0157 0.0000 0.0000 0.0000 0.2677 0.0000 0.0000 0.7018 0.0000 0.0000 0.0148
58       58   (0)      2  : 0.0024 0.0000 0.0000 0.0000 0.0000 0.0000 0.5691 0.0000 0.0000 0.4274 0.0000 0.0000 0.0011
59       59   (0)      2  : 0.0027 0.0000 0.0000 0.0035 0.0000 0.0000 0.6186 0.0000 0.0000 0.3665 0.0000 0.0000 0.0086
60       60   (0)      2  : 0.3047 0.0000 0.0000 0.3770 0.0000 0.0000 0.0021 0.0000 0.0000 0.0116 0.0000 0.0000 0.3046
61       61   (0)      2  : 0.0000 0.0000 0.0043 0.0022 0.0000 0.0000 0.1838 0.0000 0.0008 0.8033 0.0000 0.0000 0.0055
62       62   (0)      2  : 0.0000 0.0000 0.6000 0.0000 0.0000 0.0000 0.0000 0.0000 0.0000 0.0000 0.0000 0.0000 0.4000
63       63   (0)      2  : 0.0000 0.0000 0.0000 0.0298 0.0000 0.0000 0.1797 0.0000 0.0000 0.7816 0.0000 0.0000 0.0089
64       64   (0)      2  : 0.0000 0.0000 1.0000 0.0000 0.0000 0.0000 0.0000 0.0000 0.0000 0.0000 0.0000 0.0000 0.0000
65       65   (0)      2  : 0.0556 0.0000 0.0000 0.0000 0.0000 0.0000 0.1155 0.0000 0.0000 0.8186 0.0000 0.0000 0.0103
66       66   (0)      2  : 0.0000 0.0000 0.6000 0.0000 0.0000 0.0000 0.0000 0.0000 0.0000 0.0000 0.0000 0.0000 0.4000
67       67   (0)      2  : 0.0000 0.0000 0.0038 0.0010 0.0000 0.0000 0.2532 0.0000 0.0000 0.7381 0.0000 0.0000 0.0039
68       68   (0)      2  : 0.0000 0.0000 0.0000 0.0332 0.0000 0.0000 0.0449 0.0000 0.0000 0.9218 0.0000 0.0000 0.0000
69       69   (0)      2  : 0.3857 0.0000 0.0000 0.5379 0.0000 0.0000 0.0000 0.0000 0.0000 0.0000 0.0000 0.0000 0.0763
70       70   (0)      2  : 0.0000 0.0000 0.0000 0.0000 0.0000 0.0000 0.3036 0.0000 0.0000 0.6879 0.0000 0.0000 0.0085
71       71   (0)      2  : 0.0000 0.0000 1.0000 0.0000 0.0000 0.0000 0.0000 0.0000 0.0000 0.0000 0.0000 0.0000 0.0000
72       72   (0)      2  : 0.0000 0.0000 0.6000 0.0000 0.0000 0.0000 0.0000 0.0000 0.0000 0.0000 0.0000 0.0000 0.4000
73       73   (0)      2  : 0.0398 0.0000 0.0000 0.0010 0.0000 0.0000 0.8906 0.0000 0.0005 0.0462 0.0000 0.0000 0.0218
74       74   (0)      2  : 0.0000 0.0000 0.0000 1.0000 0.0000 0.0000 0.0000 0.0000 0.0000 0.0000 0.0000 0.0000 0.0000
75       75   (0)      2  : 0.0000 0.0000 0.0000 0.0000 0.8928 0.0068 0.0000 0.0032 0.0000 0.0000 0.0480 0.0492 0.0000
76       76   (0)      2  : 0.0000 0.0000 0.0000 0.9282 0.0000 0.0000 0.0000 0.0000 0.0000 0.0000 0.0000 0.0000 0.0718
77       77   (0)      2  : 0.0073 0.0000 0.0000 0.0659 0.0000 0.0000 0.3938 0.0000 0.0000 0.5330 0.0000 0.0000 0.0000
78       78   (0)      2  : 0.0000 0.0000 0.8571 0.0000 0.0000 0.0000 0.0000 0.0000 0.0000 0.0000 0.0000 0.0000 0.1429
79       79   (0)      2  : 0.0000 0.0286 0.0000 0.0000 0.9426 0.0000 0.0000 0.0000 0.0288 0.0000 0.0000 0.0000 0.0000
80       80   (0)      2  : 0.0000 0.0000 0.8429 0.0000 0.0000 0.0000 0.0000 0.0000 0.0000 0.0000 0.0000 0.0000 0.1571
81       81   (0)      2  : 0.0210 0.0000 0.0103 0.0000 0.0005 0.0052 0.3569 0.0000 0.0000 0.5996 0.0000 0.0000 0.0065
82       82   (0)      2  : 0.2757 0.0000 0.0002 0.6420 0.0000 0.0000 0.0000 0.0000 0.0000 0.0000 0.0000 0.0000 0.0820
83       83   (0)      2  : 0.3706 0.0000 0.0000 0.5094 0.0000 0.0000 0.0000 0.0000 0.0000 0.0000 0.0000 0.0000 0.1200
84       84   (0)      2  : 0.1463 0.0000 0.0000 0.0049 0.0000 0.0000 0.2629 0.0000 0.0000 0.5072 0.0000 0.0000 0.0787
85       85   (0)      2  : 0.0219 0.0000 0.0000 0.0095 0.0000 0.0000 0.2758 0.0000 0.0000 0.6814 0.0000 0.0000 0.0114
86       86   (0)      2  : 0.0000 0.0000 0.0000 0.0345 0.0000 0.0000 0.1210 0.0000 0.0000 0.8346 0.0000 0.0000 0.0099
87       87   (0)      2  : 0.0000 0.0000 0.0000 0.0415 0.0000 0.0000 0.2356 0.0000 0.0000 0.7139 0.0000 0.0000 0.0090
88       88   (0)      2  : 0.0000 0.0000 0.0000 0.0021 0.0000 0.0000 0.2740 0.0000 0.0000 0.7139 0.0000 0.0000 0.0100
89       89   (0)      2  : 0.0000 0.0000 0.0000 0.0000 0.0000 0.0000 0.4633 0.0000 0.0000 0.5363 0.0000 0.0000 0.0004
90       90   (0)      2  : 0.0000 0.0000 0.0138 0.0513 0.0000 0.0000 0.1866 0.0000 0.0000 0.7484 0.0000 0.0000 0.0000
91       91   (0)      2  : 0.0002 0.0000 0.0000 0.0145 0.0000 0.0000 0.5554 0.0000 0.0000 0.4235 0.0000 0.0000 0.0065
92       92   (0)      2  : 0.0000 0.0000 0.0000 0.0352 0.0000 0.0000 0.3088 0.0000 0.0000 0.6449 0.0000 0.0000 0.0111
93       93   (0)      2  : 0.5239 0.0000 0.0000 0.2169 0.0000 0.0000 0.0000 0.0000 0.0000 0.0000 0.0000 0.0000 0.2592
94       94   (0)      2  : 0.4887 0.0000 0.0000 0.4114 0.0000 0.0000 0.0059 0.0000 0.0000 0.0000 0.0000 0.0000 0.0940
95       95   (0)      2  : 0.0000 0.0000 0.8499 0.0000 0.0000 0.0000 0.0000 0.0000 0.0000 0.0000 0.0000 0.0000 0.1501
96       96   (0)      2  : 0.4492 0.0000 0.0000 0.3402 0.0000 0.0000 0.0000 0.0000 0.0000 0.0192 0.0000 0.0000 0.1914
97       97   (0)      2  : 0.5938 0.0000 0.0000 0.2354 0.0000 0.0000 0.0028 0.0000 0.0000 0.0078 0.0000 0.0000 0.1602
98       98   (0)      2  : 0.0103 0.0000 0.0000 0.0000 0.0000 0.0000 0.8187 0.0000 0.0003 0.1433 0.0000 0.0000 0.0273
99       99   (0)      2  : 0.0000 0.0000 0.6000 0.0000 0.0000 0.0000 0.0000 0.0000 0.0000 0.0000 0.0000 0.0000 0.4000
100      100   (0)      2  : 0.0000 0.0000 0.0000 0.0052 0.0000 0.0000 0.7782 0.0000 0.0000 0.2166 0.0000 0.0000 0.0000
101      101   (0)      3  : 0.0000 0.0000 0.0000 0.0216 0.0000 0.0000 0.3015 0.0000 0.0000 0.6752 0.0000 0.0000 0.0016
102      102   (0)      3  : 0.0000 0.0000 0.0053 0.0271 0.0000 0.0000 0.3827 0.0000 0.0000 0.5823 0.0000 0.0000 0.0026
103      103   (0)      3  : 0.0138 0.0000 0.0000 0.0153 0.0000 0.0000 0.3168 0.0000 0.0000 0.6542 0.0000 0.0000 0.0000
104      104   (0)      3  : 0.0000 0.0000 0.0030 0.0281 0.0000 0.0000 0.6068 0.0000 0.0000 0.3621 0.0000 0.0000 0.0000
105      105   (0)      3  : 0.0196 0.0000 0.0077 0.0104 0.0000 0.0000 0.2900 0.0000 0.0000 0.6498 0.0000 0.0000 0.0225
106      106   (0)      3  : 0.0000 0.0000 0.0029 0.0338 0.0000 0.0000 0.1039 0.0000 0.0012 0.8450 0.0000 0.0000 0.0132
107      107   (0)      3  : 0.0000 0.0000 0.0000 0.0005 0.0000 0.0000 0.1256 0.0000 0.0009 0.8730 0.0000 0.0000 0.0000
108      108   (0)      3  : 0.0076 0.0000 0.0000 0.0000 0.0024 0.0000 0.1869 0.0000 0.0000 0.7979 0.0000 0.0000 0.0051
109      109   (0)      3  : 0.0000 0.0000 0.0000 0.0024 0.0000 0.0000 0.7749 0.0000 0.0000 0.2227 0.0000 0.0000 0.0000
110      110   (0)      3  : 0.0000 0.0000 0.0000 0.0111 0.0000 0.0000 0.1583 0.0000 0.0000 0.8249 0.0000 0.0000 0.0057
111      111   (0)      3  : 0.0315 0.0000 0.0083 0.0168 0.0000 0.0000 0.4890 0.0000 0.0000 0.4475 0.0000 0.0000 0.0069
112      112   (0)      3  : 0.0083 0.0000 0.0000 0.0000 0.0000 0.0000 0.2876 0.0000 0.0000 0.7030 0.0000 0.0000 0.0011
113      113   (0)      3  : 0.0031 0.0000 0.0009 0.0000 0.0000 0.0000 0.6433 0.0000 0.0011 0.3430 0.0000 0.0000 0.0085
114      114   (0)      3  : 0.0110 0.0000 0.0000 0.0227 0.0000 0.0000 0.3262 0.0000 0.0054 0.6222 0.0000 0.0000 0.0125
115      115   (0)      3  : 0.0137 0.0000 0.0000 0.0260 0.0000 0.0000 0.8975 0.0000 0.0000 0.0627 0.0000 0.0000 0.0000
116      116   (0)      3  : 0.0186 0.0000 0.0029 0.0000 0.0000 0.0000 0.0024 0.0000 0.0006 0.9664 0.0000 0.0000 0.0091
117      117   (0)      3  : 0.0041 0.0000 0.0000 0.0498 0.0000 0.0000 0.4301 0.0000 0.0000 0.5157 0.0000 0.0000 0.0004
118      118   (0)      3  : 0.0040 0.0000 0.0000 0.0000 0.0000 0.0000 0.5471 0.0000 0.0000 0.4417 0.0000 0.0000 0.0072
119      119   (0)      3  : 0.0122 0.0000 0.0000 0.0150 0.0000 0.0000 0.2908 0.0000 0.0023 0.6572 0.0000 0.0000 0.0225
120      120   (0)      3  : 0.0058 0.0000 0.0854 0.0467 0.0000 0.0000 0.2399 0.0000 0.0000 0.6073 0.0000 0.0000 0.0149
121      121   (0)      3  : 0.0035 0.0000 0.0000 0.0000 0.0000 0.0000 0.1086 0.0000 0.0000 0.8759 0.0000 0.0000 0.0121
122      122   (0)      3  : 0.0036 0.0000 0.0013 0.0060 0.0000 0.0000 0.7461 0.0000 0.0000 0.2317 0.0000 0.0000 0.0112
123      123   (0)      3  : 0.0024 0.0000 0.0000 0.0000 0.0000 0.0000 0.4401 0.0000 0.0000 0.5532 0.0000 0.0000 0.0043
124      124   (0)      3  : 0.0000 0.0000 0.0000 0.0076 0.0000 0.0000 0.4734 0.0000 0.0000 0.5190 0.0000 0.0000 0.0000
125      125   (0)      3  : 0.0000 0.0000 0.0138 0.0000 0.0000 0.0000 0.1372 0.0000 0.0000 0.8491 0.0000 0.0000 0.0000
126      126   (0)      3  : 0.0000 0.0000 0.0000 0.0320 0.0000 0.0000 0.6121 0.0000 0.0000 0.3467 0.0000 0.0000 0.0092
127      127   (0)      3  : 0.0000 0.0000 0.0000 0.0540 0.0000 0.0000 0.5363 0.0000 0.0000 0.3932 0.0000 0.0000 0.0165
128      128   (0)      3  : 0.0000 0.0000 0.0000 0.0071 0.0000 0.0000 0.1695 0.0000 0.0000 0.8234 0.0000 0.0000 0.0000
129      129   (0)      3  : 0.0288 0.0000 0.0000 0.0463 0.0000 0.0000 0.2465 0.0000 0.0000 0.6784 0.0000 0.0000 0.0000
130      130   (0)      3  : 0.6733 0.0000 0.0000 0.0753 0.0000 0.0000 0.0009 0.0000 0.0000 0.0022 0.0000 0.0000 0.2483
131      131   (0)      3  : 0.3653 0.0000 0.0000 0.4569 0.0000 0.0000 0.0073 0.0000 0.0000 0.0418 0.0000 0.0000 0.1287
132      132   (0)      3  : 0.0000 0.0000 1.0000 0.0000 0.0000 0.0000 0.0000 0.0000 0.0000 0.0000 0.0000 0.0000 0.0000
133      133   (0)      3  : 0.0000 0.0000 0.0000 0.0000 0.8551 0.0081 0.0000 0.0021 0.0525 0.0000 0.0427 0.0395 0.0000
134      134   (0)      3  : 0.3999 0.0018 0.0000 0.3997 0.0165 0.0000 0.0372 0.0102 0.0012 0.0537 0.0000 0.0000 0.0798
135      135   (0)      3  : 0.0000 0.0000 0.0233 0.0096 0.0000 0.0000 0.5384 0.0000 0.0000 0.4288 0.0000 0.0000 0.0000
136      136   (0)      3  : 0.0382 0.0000 0.0000 0.0000 0.0000 0.0000 0.0241 0.0000 0.0000 0.9283 0.0000 0.0000 0.0093
137      137   (0)      3  : 0.8804 0.0000 0.0000 0.0000 0.0000 0.0000 0.0000 0.0000 0.0000 0.0000 0.0000 0.0000 0.1196
138      138   (0)      3  : 0.0174 0.0000 0.0000 0.0000 0.0000 0.0000 0.4245 0.0000 0.0000 0.5427 0.0000 0.0000 0.0154
139      139   (0)      3  : 0.0001 0.0000 0.0000 0.0000 0.0000 0.0000 0.8025 0.0000 0.0020 0.1954 0.0000 0.0000 0.0000
140      140   (0)      3  : 0.0235 0.0000 0.0000 0.0000 0.0000 0.0000 0.0502 0.0000 0.0000 0.9263 0.0000 0.0000 0.0000
141      141   (0)      3  : 0.0000 0.0000 0.6000 0.0000 0.0000 0.0000 0.0000 0.0000 0.0000 0.0000 0.0000 0.0000 0.4000
142      142   (0)      3  : 0.0000 0.0000 0.6000 0.0000 0.0000 0.0000 0.0000 0.0000 0.0000 0.0000 0.0000 0.0000 0.4000
143      143   (0)      3  : 0.0000 0.0000 0.6000 0.0000 0.0000 0.0000 0.0000 0.0000 0.0000 0.0000 0.0000 0.0000 0.4000
144      144   (0)      3  : 0.0000 0.0000 1.0000 0.0000 0.0000 0.0000 0.0000 0.0000 0.0000 0.0000 0.0000 0.0000 0.0000
145      145   (0)      3  : 0.0000 0.0000 1.0000 0.0000 0.0000 0.0000 0.0000 0.0000 0.0000 0.0000 0.0000 0.0000 0.0000
146      146   (0)      3  : 0.4642 0.0000 0.0000 0.2854 0.0000 0.0000 0.0153 0.0000 0.0000 0.0065 0.0000 0.0000 0.2286
147      147   (0)      3  : 0.0085 0.0000 0.0000 0.0000 0.0000 0.0000 0.5836 0.0000 0.0000 0.4079 0.0000 0.0000 0.0000
148      148   (0)      3  : 0.0000 0.0000 1.0000 0.0000 0.0000 0.0000 0.0000 0.0000 0.0000 0.0000 0.0000 0.0000 0.0000
149      149   (0)      3  : 0.0000 0.0000 1.0000 0.0000 0.0000 0.0000 0.0000 0.0000 0.0000 0.0000 0.0000 0.0000 0.0000
150      150   (0)      3  : 0.0000 0.0000 0.0002 0.0000 0.8273 0.0595 0.0000 0.0000 0.0788 0.0000 0.0333 0.0000 0.0009
151      151   (0)      3  : 0.0000 0.0000 0.0000 0.0000 0.9276 0.0000 0.0000 0.0356 0.0000 0.0000 0.0368 0.0000 0.0000
152      152   (0)      3  : 0.0142 0.0000 0.0000 0.0043 0.0000 0.0000 0.2113 0.0000 0.0000 0.7701 0.0000 0.0000 0.0000
153      153   (0)      3  : 0.0000 0.0000 0.6000 0.0000 0.0000 0.0000 0.0000 0.0000 0.0000 0.0000 0.0000 0.0000 0.4000
154      154   (0)      3  : 0.0000 0.0000 0.0034 0.0000 0.0000 0.0000 0.8933 0.0000 0.0000 0.1016 0.0000 0.0000 0.0018
155      155   (0)      3  : 0.0000 0.0000 0.0000 0.0000 0.0000 0.0000 0.0000 0.0000 0.0000 1.0000 0.0000 0.0000 0.0000
156      156   (0)      3  : 0.0247 0.0000 0.0000 0.7980 0.0000 0.0000 0.0110 0.0000 0.0000 0.0305 0.0000 0.0000 0.1358
157      157   (0)      3  : 0.0069 0.0000 0.0000 0.0000 0.0000 0.0000 0.7128 0.0000 0.0000 0.2762 0.0000 0.0000 0.0041
158      158   (0)      3  : 0.4814 0.0000 0.0000 0.3564 0.0000 0.0000 0.0000 0.0000 0.0000 0.0000 0.0000 0.0000 0.1622
159      159   (0)      3  : 0.0218 0.0000 0.0000 0.0001 0.0055 0.0000 0.3190 0.0000 0.0052 0.6483 0.0000 0.0000 0.0000
160      160   (0)      3  : 0.4849 0.0000 0.0000 0.3977 0.0000 0.0000 0.0000 0.0000 0.0000 0.0000 0.0000 0.0000 0.1173
161      161   (0)      4  : 0.0248 0.0000 0.0000 0.0000 0.0000 0.0000 0.8003 0.0000 0.0000 0.1749 0.0000 0.0000 0.0000
162      162   (0)      4  : 0.0000 0.0000 0.0000 0.0000 0.0000 0.0000 0.0715 0.0000 0.0000 0.9285 0.0000 0.0000 0.0000
163      163   (0)      4  : 0.0000 0.0000 1.0000 0.0000 0.0000 0.0000 0.0000 0.0000 0.0000 0.0000 0.0000 0.0000 0.0000
164      164   (0)      4  : 0.8531 0.0000 0.0000 0.0584 0.0000 0.0000 0.0000 0.0000 0.0000 0.0000 0.0000 0.0000 0.0885
165      165   (0)      4  : 0.0000 0.0000 0.6000 0.0000 0.0000 0.0000 0.0000 0.0000 0.0000 0.0000 0.0000 0.0000 0.4000
166      166   (0)      4  : 0.0000 0.0000 1.0000 0.0000 0.0000 0.0000 0.0000 0.0000 0.0000 0.0000 0.0000 0.0000 0.0000
167      167   (0)      4  : 0.0000 0.0000 0.0000 0.0114 0.0000 0.0000 0.4439 0.0000 0.0000 0.5383 0.0000 0.0000 0.0064
168      168   (0)      4  : 0.0000 0.0000 0.0000 0.0303 0.0000 0.0000 0.0043 0.0000 0.0000 0.9654 0.0000 0.0000 0.0000
169      169   (0)      4  : 0.0347 0.0000 0.0000 0.0000 0.0000 0.0000 0.2141 0.0000 0.0000 0.7404 0.0000 0.0000 0.0108
170      170   (0)      4  : 0.0000 0.0000 0.0013 0.0046 0.0000 0.0000 0.4436 0.0000 0.0043 0.5462 0.0000 0.0000 0.0000
171      171   (0)      4  : 0.0311 0.0000 0.0000 0.0000 0.0000 0.0000 0.0898 0.0000 0.0004 0.8722 0.0000 0.0000 0.0065
172      172   (0)      4  : 0.0016 0.0000 0.0000 0.0000 0.0000 0.0000 0.4321 0.0000 0.0000 0.5529 0.0000 0.0000 0.0134
173      173   (0)      4  : 0.0000 0.0000 0.0000 0.0279 0.0000 0.0000 0.1604 0.0000 0.0000 0.8117 0.0000 0.0000 0.0000
174      174   (0)      4  : 0.0000 0.0000 0.0000 0.9159 0.0000 0.0000 0.0000 0.0000 0.0000 0.0000 0.0000 0.0000 0.0841
175      175   (0)      4  : 0.0046 0.0000 0.0000 0.0000 0.0000 0.0000 0.1400 0.0000 0.0000 0.8528 0.0000 0.0000 0.0027
176      176   (0)      4  : 0.0000 0.0000 0.6000 0.0000 0.0000 0.0000 0.0000 0.0000 0.0000 0.0000 0.0000 0.0000 0.4000
177      177   (0)      4  : 0.0390 0.0000 0.0004 0.0000 0.0000 0.0000 0.3969 0.0000 0.0000 0.5630 0.0000 0.0000 0.0008
178      178   (0)      4  : 0.0000 0.0000 0.6000 0.0000 0.0000 0.0000 0.0000 0.0000 0.0000 0.0000 0.0000 0.0000 0.4000
179      179   (0)      4  : 0.0000 0.0000 1.0000 0.0000 0.0000 0.0000 0.0000 0.0000 0.0000 0.0000 0.0000 0.0000 0.0000
180      180   (0)      4  : 0.0000 0.0000 0.0090 0.0004 0.0000 0.0000 0.1651 0.0000 0.0000 0.8132 0.0000 0.0000 0.0122
181      181   (0)      4  : 0.0030 0.0000 0.0000 0.0000 0.0000 0.0000 0.2855 0.0000 0.0000 0.7115 0.0000 0.0000 0.0000
182      182   (0)      4  : 0.0030 0.0000 0.0000 0.0000 0.0000 0.0000 0.1026 0.0000 0.0000 0.8944 0.0000 0.0000 0.0000
183      183   (0)      4  : 0.4557 0.0000 0.0000 0.4860 0.0000 0.0000 0.0000 0.0000 0.0000 0.0000 0.0000 0.0000 0.0583
184      184   (0)      4  : 0.2978 0.0000 0.0000 0.5433 0.0000 0.0000 0.0014 0.0000 0.0000 0.0000 0.0000 0.0000 0.1575
185      185   (0)      4  : 0.0000 0.0000 1.0000 0.0000 0.0000 0.0000 0.0000 0.0000 0.0000 0.0000 0.0000 0.0000 0.0000
186      186   (0)      4  : 0.0042 0.0000 0.0000 0.0000 0.0000 0.0000 0.6726 0.0000 0.0000 0.3114 0.0000 0.0000 0.0118
187      187   (0)      4  : 0.0546 0.0000 0.0000 0.0149 0.0000 0.0000 0.3909 0.0000 0.0000 0.5396 0.0000 0.0000 0.0000
188      188   (0)      4  : 0.0000 0.0000 1.0000 0.0000 0.0000 0.0000 0.0000 0.0000 0.0000 0.0000 0.0000 0.0000 0.0000
189      189   (0)      4  : 0.0081 0.0000 0.0000 0.0086 0.0000 0.0000 0.5740 0.0000 0.0000 0.4094 0.0000 0.0000 0.0000
190      190   (0)      4  : 0.2747 0.0000 0.0000 0.4121 0.0000 0.0000 0.0000 0.0000 0.0000 0.0000 0.0000 0.0000 0.3132
191      191   (0)      4  : 0.0694 0.0000 0.1136 0.0757 0.0251 0.0000 0.2483 0.0000 0.0605 0.3668 0.0021 0.0000 0.0385
192      192   (0)      4  : 0.0000 0.0000 0.0000 0.0055 0.0000 0.0000 0.6148 0.0000 0.0000 0.3790 0.0000 0.0000 0.0007
193      193   (0)      4  : 0.0565 0.0000 0.0066 0.0000 0.0000 0.0000 0.1021 0.0000 0.0000 0.8287 0.0000 0.0000 0.0061
194      194   (0)      4  : 0.0200 0.0000 0.0151 0.0099 0.0000 0.0000 0.5296 0.0000 0.0000 0.4182 0.0000 0.0000 0.0071
195      195   (0)      4  : 0.0000 0.0000 0.0000 0.0016 0.0000 0.0000 0.3795 0.0000 0.0000 0.6189 0.0000 0.0000 0.0000
196      196   (0)      4  : 0.0000 0.0000 0.0000 0.0000 0.0000 0.0000 0.4699 0.0000 0.0000 0.5301 0.0000 0.0000 0.0000
197      197   (0)      4  : 0.0006 0.0000 0.0000 0.0062 0.0000 0.0000 0.8019 0.0000 0.0000 0.1913 0.0000 0.0000 0.0000
198      198   (0)      4  : 0.0000 0.0000 0.0000 0.0000 0.0000 0.0000 0.7262 0.0000 0.0000 0.2738 0.0000 0.0000 0.0000
199      199   (0)      4  : 0.0114 0.0000 0.0018 0.0069 0.0000 0.0000 0.2069 0.0000 0.0000 0.7719 0.0000 0.0000 0.0012
200      200   (0)      4  : 0.0000 0.0000 0.0000 0.7110 0.0000 0.0000 0.0000 0.0000 0.0000 0.0039 0.0000 0.0000 0.2851
201      201   (0)      4  : 0.0033 0.0000 0.0000 0.0000 0.0036 0.0000 0.5889 0.0000 0.0107 0.3914 0.0000 0.0000 0.0020
202      202   (0)      4  : 0.0000 0.0000 0.0084 0.0000 0.0000 0.0000 0.1025 0.0000 0.0000 0.8892 0.0000 0.0000 0.0000
203      203   (0)      4  : 0.0279 0.0000 0.0034 0.0061 0.0000 0.0000 0.1886 0.0000 0.0000 0.7571 0.0000 0.0000 0.0168
204      204   (0)      4  : 0.0079 0.0000 0.0067 0.0032 0.0000 0.0000 0.0000 0.0000 0.0000 0.9740 0.0000 0.0000 0.0083
205      205   (0)      4  : 0.0113 0.0000 0.0000 0.0236 0.0022 0.0000 0.0060 0.0000 0.0000 0.9569 0.0000 0.0000 0.0000
206      206   (0)      4  : 0.0000 0.0000 0.0000 0.0000 0.0000 0.0000 0.7812 0.0000 0.0000 0.2188 0.0000 0.0000 0.0000
207      207   (0)      4  : 0.0032 0.0000 0.0000 0.0026 0.0000 0.0000 0.5033 0.0000 0.0000 0.4909 0.0000 0.0000 0.0000
208      208   (0)      4  : 0.0732 0.0000 0.0000 0.6457 0.0000 0.0000 0.0317 0.0000 0.0000 0.0062 0.0000 0.0000 0.2433
209      209   (0)      4  : 0.0119 0.0000 0.0000 0.0000 0.0000 0.0000 0.2332 0.0000 0.0052 0.7357 0.0000 0.0000 0.0140
210      210   (0)      4  : 0.0000 0.0000 0.0000 0.0011 0.0000 0.0000 0.4879 0.0000 0.0000 0.5110 0.0000 0.0000 0.0000
211      211   (0)      4  : 0.0151 0.0000 0.0003 0.0000 0.0000 0.0000 0.3650 0.0000 0.0000 0.6047 0.0000 0.0000 0.0149
212      212   (0)      4  : 0.6009 0.0000 0.0000 0.2821 0.0000 0.0000 0.0000 0.0000 0.0000 0.0028 0.0000 0.0000 0.1142
213      213   (0)      4  : 0.0189 0.0000 0.0000 0.0000 0.0000 0.0035 0.6414 0.0000 0.0020 0.3207 0.0020 0.0000 0.0115
214      214   (0)      4  : 0.0000 0.0000 0.0089 0.0075 0.0000 0.0000 0.5693 0.0000 0.0031 0.4041 0.0000 0.0000 0.0069
215      215   (0)      4  : 0.0000 0.0000 0.0005 0.4519 0.0000 0.0000 0.3227 0.0000 0.0000 0.1666 0.0000 0.0000 0.0584
216      216   (0)      4  : 0.0053 0.0000 0.0000 0.0055 0.0000 0.0000 0.3060 0.0000 0.0000 0.6832 0.0000 0.0000 0.0000
217      217   (0)      4  : 0.0000 0.0000 1.0000 0.0000 0.0000 0.0000 0.0000 0.0000 0.0000 0.0000 0.0000 0.0000 0.0000
218      218   (0)      4  : 0.0401 0.0000 0.0038 0.0006 0.0001 0.0000 0.6910 0.0000 0.0000 0.2645 0.0000 0.0000 0.0000
219      219   (0)      4  : 0.0300 0.0000 0.0000 0.0000 0.0000 0.0000 0.3513 0.0000 0.0000 0.6172 0.0000 0.0000 0.0015
220      220   (0)      5  : 0.0000 0.0241 0.0000 0.0000 0.0000 0.1384 0.0000 0.2019 0.0726 0.0000 0.1631 0.4000 0.0000
221      221   (0)      5  : 0.0000 0.0482 0.0000 0.0000 0.0000 0.0035 0.0000 0.2654 0.0741 0.0000 0.2647 0.3440 0.0000
222      222   (0)      6  : 0.0000 0.0067 0.0000 0.0000 0.0000 0.0157 0.0000 0.2518 0.1273 0.0000 0.0000 0.5986 0.0000
223      223   (0)      6  : 0.0000 0.1354 0.0000 0.0000 0.0000 0.0000 0.0000 0.1416 0.1151 0.0000 0.2758 0.3322 0.0000
224      224   (0)      6  : 0.0000 0.6236 0.0000 0.0000 0.0000 0.0123 0.0000 0.0001 0.0020 0.0000 0.3047 0.0572 0.0000
225      225   (0)      6  : 0.0000 0.0000 0.0000 0.0000 0.0000 0.3044 0.0000 0.5736 0.0513 0.0000 0.0199 0.0509 0.0000
226      226   (0)      6  : 0.0000 0.2802 0.0000 0.0000 0.0000 0.5842 0.0000 0.0036 0.0072 0.0000 0.1248 0.0000 0.0000
227      227   (0)      6  : 0.0000 0.1676 0.0000 0.0000 0.0000 0.3597 0.0000 0.1796 0.0000 0.0000 0.0493 0.2438 0.0000
228      228   (0)      6  : 0.0000 0.0000 0.0000 0.0000 0.0000 0.7850 0.0000 0.1511 0.0109 0.0000 0.0530 0.0000 0.0000
229      229   (0)      6  : 0.0000 0.0000 0.0000 0.0000 0.0000 0.1712 0.0000 0.0696 0.0746 0.0000 0.5531 0.1316 0.0000
230      230   (0)      6  : 0.0000 0.4073 0.0000 0.0000 0.0000 0.1026 0.0000 0.1930 0.1074 0.0000 0.1487 0.0411 0.0000
231      231   (0)      6  : 0.0000 0.0748 0.0000 0.0000 0.0230 0.0000 0.0000 0.0860 0.0218 0.0000 0.5008 0.2936 0.0000
232      232   (0)      6  : 0.0000 0.3375 0.0000 0.0000 0.0000 0.3166 0.0000 0.0648 0.0931 0.0000 0.1385 0.0494 0.0000
233      233   (0)      6  : 0.0000 0.3651 0.0000 0.0000 0.0017 0.3397 0.0000 0.1308 0.0105 0.0000 0.1512 0.0010 0.0000
234      234   (0)      6  : 0.0000 0.5039 0.0000 0.0000 0.0045 0.0845 0.0000 0.1157 0.0000 0.0000 0.0713 0.2201 0.0000
235      235   (0)      6  : 0.0000 0.1965 0.0025 0.0000 0.0097 0.0703 0.0000 0.0704 0.0288 0.0000 0.1392 0.4826 0.0000
236      236   (0)      6  : 0.0000 0.0377 0.0000 0.0000 0.0000 0.2580 0.0000 0.3510 0.0964 0.0000 0.0000 0.2569 0.0000
237      237   (0)      6  : 0.0000 0.0949 0.0000 0.0000 0.0000 0.1782 0.0000 0.1976 0.2326 0.0000 0.0549 0.2418 0.0000
238      238   (0)      6  : 0.0000 0.0000 0.0000 0.0000 0.0000 0.1636 0.0000 0.1705 0.2000 0.0000 0.3520 0.1139 0.0000
239      239   (0)      6  : 0.0000 0.0954 0.0000 0.0000 0.0039 0.0411 0.0000 0.2406 0.1689 0.0000 0.1950 0.2551 0.0000
240      240   (0)      6  : 0.0000 0.2551 0.0000 0.0000 0.0021 0.3160 0.0000 0.0848 0.0001 0.0000 0.0911 0.2507 0.0000
241      241   (0)      6  : 0.0000 0.3560 0.0000 0.0000 0.0000 0.0633 0.0000 0.2608 0.1003 0.0000 0.0903 0.1294 0.0000
242      242   (0)      6  : 0.0000 0.0468 0.0000 0.0000 0.0000 0.0499 0.0000 0.5870 0.0010 0.0000 0.1502 0.1650 0.0000
243      243   (0)      6  : 0.0000 0.2110 0.0000 0.0000 0.0392 0.2841 0.0000 0.0000 0.0123 0.0000 0.3591 0.0943 0.0000
244      244   (0)      6  : 0.0000 0.1277 0.0000 0.0000 0.0000 0.0325 0.0000 0.4123 0.0003 0.0000 0.1251 0.3021 0.0000
245      245   (0)      6  : 0.0000 0.3686 0.0000 0.0000 0.0000 0.1306 0.0000 0.0511 0.1441 0.0000 0.3055 0.0000 0.0000
246      246   (0)      6  : 0.0000 0.5593 0.0000 0.0000 0.0000 0.0000 0.0000 0.2125 0.0616 0.0000 0.0000 0.1666 0.0000
247      247   (0)      6  : 0.0000 0.1877 0.0000 0.0000 0.0000 0.1325 0.0000 0.1104 0.0032 0.0000 0.1568 0.4093 0.0000
248      248   (0)      6  : 0.0000 0.4777 0.0000 0.0000 0.0000 0.0263 0.0000 0.0000 0.0879 0.0000 0.3585 0.0497 0.0000
249      249   (0)      7  : 0.0000 0.4423 0.0000 0.0000 0.0000 0.0000 0.0000 0.1141 0.1203 0.0000 0.3233 0.0000 0.0000
250      250   (0)      7  : 0.0000 0.2941 0.0000 0.0000 0.0000 0.5428 0.0000 0.0775 0.0334 0.0000 0.0523 0.0000 0.0000
251      251   (0)      7  : 0.0000 0.0463 0.0000 0.0000 0.0000 0.0177 0.0000 0.3244 0.0631 0.0000 0.0817 0.4668 0.0000
252      252   (0)      7  : 0.0000 0.4445 0.0000 0.0000 0.0000 0.2612 0.0000 0.0470 0.0000 0.0000 0.2473 0.0000 0.0000
253      253   (0)      7  : 0.0000 0.0414 0.0000 0.0000 0.0000 0.0000 0.0000 0.5343 0.0320 0.0000 0.0000 0.3923 0.0000
254      254   (0)      7  : 0.0000 0.1317 0.0000 0.0000 0.0005 0.0000 0.0000 0.0946 0.1083 0.0000 0.1641 0.5008 0.0000
255      255   (0)      7  : 0.0000 0.1398 0.0000 0.0000 0.0000 0.8566 0.0000 0.0001 0.0000 0.0000 0.0036 0.0000 0.0000
256      256   (0)      7  : 0.0000 0.1776 0.0000 0.0000 0.0000 0.2810 0.0000 0.3072 0.0299 0.0000 0.0870 0.1173 0.0000
257      257   (0)      7  : 0.0000 0.0396 0.0000 0.0000 0.0000 0.1150 0.0000 0.4592 0.1103 0.0000 0.0682 0.2077 0.0000
258      258   (0)      7  : 0.0000 0.0000 0.0000 0.0000 0.0000 0.2110 0.0000 0.1446 0.0000 0.0000 0.6444 0.0000 0.0000
259      259   (0)      7  : 0.0000 0.1176 0.0000 0.0000 0.0000 0.0000 0.0000 0.3661 0.0339 0.0000 0.1925 0.2899 0.0000
260      260   (0)      7  : 0.0000 0.2500 0.0000 0.0000 0.0000 0.0331 0.0000 0.0025 0.0134 0.0000 0.4854 0.2156 0.0000
261      261   (0)      7  : 0.0000 0.6273 0.0000 0.0000 0.0000 0.1244 0.0000 0.2019 0.0000 0.0000 0.0000 0.0464 0.0000
262      262   (0)      7  : 0.0000 0.1465 0.0000 0.0000 0.0000 0.0001 0.0000 0.3483 0.0000 0.0000 0.2787 0.2264 0.0000
263      263   (0)      7  : 0.0000 0.1524 0.0000 0.0000 0.0000 0.4349 0.0000 0.1409 0.0656 0.0000 0.0000 0.2061 0.0000
264      264   (0)      7  : 0.0000 0.4557 0.0000 0.0000 0.0000 0.4392 0.0000 0.0000 0.0000 0.0000 0.0000 0.1052 0.0000
265      265   (0)      7  : 0.0000 0.0322 0.0000 0.0000 0.0000 0.0962 0.0000 0.4334 0.0480 0.0000 0.1074 0.2829 0.0000
266      266   (0)      7  : 0.0000 0.3614 0.0000 0.0000 0.0025 0.5661 0.0000 0.0002 0.0698 0.0000 0.0000 0.0000 0.0000
267      267   (0)      7  : 0.0000 0.0000 0.0000 0.0000 0.0020 0.0000 0.0000 0.2450 0.0000 0.0000 0.4910 0.2620 0.0000
268      268   (0)      7  : 0.0000 0.5724 0.0000 0.0000 0.0000 0.0000 0.0000 0.3619 0.0628 0.0000 0.0001 0.0027 0.0000
269      269   (0)      7  : 0.0000 0.1586 0.0000 0.0000 0.0073 0.0312 0.0000 0.3462 0.1626 0.0000 0.0263 0.2677 0.0000
270      270   (0)      7  : 0.0000 0.7049 0.0000 0.0000 0.0000 0.2951 0.0000 0.0000 0.0000 0.0000 0.0000 0.0000 0.0000
271      271   (0)      7  : 0.0000 0.0001 0.0000 0.0000 0.0000 0.1789 0.0000 0.5354 0.0000 0.0000 0.2060 0.0796 0.0000
272      272   (0)      7  : 0.0000 0.0323 0.0000 0.0000 0.0000 0.0000 0.0000 0.4000 0.0429 0.0000 0.0000 0.5248 0.0000
273      273   (0)      7  : 0.0000 0.1459 0.0000 0.0000 0.0000 0.2042 0.0000 0.1239 0.0002 0.0000 0.4140 0.1118 0.0000
274      274   (0)      7  : 0.0000 0.0139 0.0000 0.0000 0.0000 0.1586 0.0000 0.0737 0.2209 0.0000 0.1483 0.3845 0.0000
275      275   (0)      7  : 0.0000 0.1422 0.0000 0.0000 0.0000 0.0000 0.0000 0.1522 0.0000 0.0000 0.3226 0.3830 0.0000
276      276   (0)      7  : 0.0000 0.7989 0.0000 0.0000 0.0000 0.0000 0.0000 0.0000 0.0479 0.0000 0.0418 0.1114 0.0000
277      277   (0)      7  : 0.0000 0.8363 0.0000 0.0000 0.0000 0.0000 0.0000 0.0691 0.0000 0.0000 0.0372 0.0574 0.0000
278      278   (0)      7  : 0.0000 1.0000 0.0000 0.0000 0.0000 0.0000 0.0000 0.0000 0.0000 0.0000 0.0000 0.0000 0.0000
279      279   (0)      8  : 0.0000 0.0000 0.0000 0.0000 0.0000 0.0874 0.0000 0.6436 0.1772 0.0000 0.0000 0.0918 0.0000
280      280   (0)      8  : 0.0000 0.0771 0.0000 0.0000 0.0000 0.0000 0.0000 0.6705 0.0000 0.0000 0.0000 0.2523 0.0000
281      281   (0)      8  : 0.0000 0.2633 0.0000 0.0000 0.0000 0.0000 0.0000 0.0000 0.2000 0.0000 0.1114 0.4254 0.0000
282      282   (0)      8  : 0.0000 0.1826 0.0000 0.0000 0.0000 0.1604 0.0000 0.1614 0.1820 0.0000 0.0940 0.2196 0.0000
283      283   (0)      8  : 0.0000 0.2447 0.0000 0.0000 0.0035 0.0422 0.0000 0.2327 0.0048 0.0000 0.4458 0.0245 0.0018
284      284   (0)      8  : 0.0000 0.6740 0.0000 0.0000 0.0000 0.1751 0.0000 0.0250 0.0363 0.0000 0.0000 0.0896 0.0000
285      285   (0)      8  : 0.0000 0.3827 0.0000 0.0000 0.0000 0.0000 0.0000 0.0253 0.1911 0.0000 0.0000 0.4009 0.0000
286      286   (0)      8  : 0.0000 0.1178 0.0000 0.0000 0.0000 0.1395 0.0000 0.6161 0.0609 0.0000 0.0000 0.0656 0.0000
287      287   (0)      8  : 0.0000 0.2957 0.0000 0.0000 0.0000 0.2453 0.0000 0.0000 0.0199 0.0000 0.1929 0.2462 0.0000
288      288   (0)      8  : 0.0000 0.0000 0.0000 0.0000 0.0065 0.0000 0.0000 0.2223 0.2000 0.0000 0.1095 0.4617 0.0000
289      289   (0)      8  : 0.0000 0.0000 0.0000 0.0000 0.0000 0.0000 0.0000 0.0317 0.0000 0.0000 0.8969 0.0714 0.0000
290      290   (0)      5  : 0.0000 0.1362 0.0022 0.0000 0.0000 0.5573 0.0000 0.1404 0.0337 0.0000 0.0000 0.1303 0.0000
291      291   (0)      5  : 0.0000 0.1047 0.0000 0.0000 0.0000 0.0895 0.0000 0.5159 0.0586 0.0000 0.1509 0.0804 0.0000
292      292   (0)      5  : 0.0000 0.0000 0.0000 0.0000 0.0000 0.0000 0.0000 0.2063 0.2005 0.0000 0.0000 0.5932 0.0000
293      293   (0)      5  : 0.0000 0.0000 0.0000 0.0000 0.0000 0.1210 0.0000 0.0891 0.0689 0.0000 0.4337 0.2872 0.0000
294      294   (0)      5  : 0.0000 0.0361 0.0000 0.0000 0.0000 0.0465 0.0000 0.3709 0.0708 0.0000 0.1589 0.3168 0.0000
295      295   (0)      5  : 0.0000 0.0412 0.0000 0.0000 0.0000 0.2974 0.0000 0.3616 0.0000 0.0000 0.0000 0.2998 0.0000
296      296   (0)      5  : 0.0000 0.0389 0.0022 0.0000 0.0037 0.0460 0.0000 0.5671 0.1000 0.0000 0.1330 0.1092 0.0000
297      297   (0)      5  : 0.0000 0.0002 0.0028 0.0000 0.0078 0.2726 0.0000 0.2687 0.0275 0.0000 0.3484 0.0685 0.0035
298      298   (0)      5  : 0.0000 0.4696 0.0000 0.0000 0.0000 0.0733 0.0000 0.1091 0.0000 0.0000 0.1111 0.2369 0.0000
299      299   (0)      5  : 0.0000 0.0607 0.0000 0.0000 0.0000 0.3790 0.0000 0.3979 0.0000 0.0000 0.1039 0.0585 0.0000
300      300   (0)      5  : 0.0000 0.0193 0.0000 0.0000 0.0000 0.0207 0.0000 0.1744 0.0511 0.0000 0.2061 0.5285 0.0000
301      301   (0)      5  : 0.0000 0.0018 0.0000 0.0000 0.0000 0.0702 0.0000 0.6940 0.0000 0.0000 0.0563 0.1777 0.0000
302      302   (0)      5  : 0.0000 0.3279 0.0000 0.0000 0.0000 0.1133 0.0000 0.0817 0.0000 0.0000 0.1655 0.3116 0.0000
303      303   (0)      5  : 0.0000 0.0650 0.0000 0.0000 0.0000 0.6836 0.0000 0.2057 0.0000 0.0000 0.0000 0.0456 0.0000
304      304   (0)      5  : 0.0000 0.0314 0.0000 0.0000 0.0000 0.1164 0.0000 0.1628 0.0989 0.0000 0.3724 0.2181 0.0000
305      305   (0)      5  : 0.0000 0.1953 0.0000 0.0000 0.0000 0.0000 0.0000 0.1000 0.2739 0.0000 0.1965 0.2343 0.0000
306      306   (0)      5  : 0.0000 0.3293 0.0000 0.0000 0.0000 0.2141 0.0000 0.0000 0.0000 0.0000 0.2000 0.2566 0.0000
307      307   (0)      5  : 0.0000 0.1229 0.0000 0.0000 0.0308 0.0568 0.0000 0.1203 0.0620 0.0000 0.3897 0.2175 0.0000
308      308   (0)      5  : 0.0000 0.0000 0.0000 0.0000 0.0047 0.0000 0.0000 0.4677 0.2074 0.0000 0.0739 0.2463 0.0000
309      309   (0)      5  : 0.0000 0.1016 0.0000 0.0000 0.0000 0.0000 0.0000 0.2858 0.0000 0.0000 0.3135 0.2991 0.0000
310      310   (0)      5  : 0.0000 0.0000 0.0000 0.0000 0.0000 0.2213 0.0000 0.4437 0.0000 0.0000 0.2766 0.0584 0.0000
311      311   (0)      5  : 0.0000 0.1611 0.0000 0.0000 0.0000 0.0000 0.0000 0.0891 0.0102 0.0000 0.3519 0.3877 0.0000
312      312   (0)      5  : 0.0000 0.1348 0.0000 0.0000 0.0000 0.0000 0.0000 0.4217 0.0789 0.0000 0.0000 0.3646 0.0000
313      313   (0)      5  : 0.0000 0.0000 0.0000 0.0000 0.0000 0.1041 0.0000 0.0000 0.1047 0.0000 0.6953 0.0959 0.0000
314      314   (0)      5  : 0.0000 0.1197 0.0000 0.0000 0.0000 0.0745 0.0000 0.5408 0.0025 0.0000 0.1771 0.0855 0.0000
315      315   (0)      5  : 0.0000 0.4670 0.0000 0.0000 0.0003 0.1714 0.0000 0.1216 0.0001 0.0000 0.1685 0.0712 0.0000
316      316   (0)      5  : 0.0000 0.0000 0.0000 0.0000 0.0000 0.1015 0.0000 0.1779 0.0204 0.0000 0.4830 0.2172 0.0000
317      317   (0)      5  : 0.0000 0.0386 0.0000 0.0000 0.0000 0.0457 0.0000 0.6407 0.0000 0.0000 0.0853 0.1897 0.0000
318      318   (0)      8  : 0.0000 0.0042 0.0000 0.0000 0.0000 0.0825 0.0000 0.6355 0.0000 0.0000 0.1450 0.1328 0.0000
319      319   (0)      8  : 0.0000 0.0000 0.0000 0.0000 0.0000 0.0276 0.0000 0.5543 0.0266 0.0000 0.0812 0.3103 0.0000
320      320   (0)      9  : 0.0000 0.1639 0.0000 0.0000 0.0000 0.0659 0.0000 0.5518 0.0897 0.0000 0.0472 0.0815 0.0000
321      321   (0)      9  : 0.0000 0.0285 0.0027 0.0000 0.0000 0.0000 0.0000 0.3921 0.0043 0.0000 0.0892 0.4832 0.0000
322      322   (0)      9  : 0.0000 0.3035 0.0000 0.0000 0.0000 0.0000 0.0000 0.2826 0.0000 0.0000 0.2622 0.1517 0.0000
323      323   (0)      9  : 0.0000 0.1985 0.0000 0.0000 0.0000 0.4104 0.0000 0.1823 0.0135 0.0000 0.0079 0.1874 0.0000
324      324   (0)      9  : 0.0000 0.0020 0.0000 0.0000 0.0000 0.1993 0.0000 0.6917 0.0984 0.0000 0.0000 0.0086 0.0000
325      325   (0)      8  : 0.0000 0.0285 0.0000 0.0000 0.0000 0.0708 0.0000 0.0000 0.1704 0.0000 0.0350 0.6953 0.0000
326      326   (0)      8  : 0.0000 0.0916 0.0000 0.0000 0.0000 0.2747 0.0000 0.4089 0.0000 0.0000 0.0837 0.1411 0.0000
327      327   (0)      8  : 0.0000 0.1069 0.0000 0.0000 0.0000 0.0000 0.0000 0.4007 0.2000 0.0000 0.0000 0.2924 0.0000
328      328   (0)      8  : 0.0000 0.1016 0.0000 0.0000 0.0000 0.0513 0.0000 0.4797 0.0000 0.0000 0.0137 0.3537 0.0000
329      329   (0)      8  : 0.0000 0.7202 0.0000 0.0000 0.0000 0.0000 0.0000 0.0107 0.0000 0.0000 0.2691 0.0000 0.0000
330      330   (0)      9  : 0.0000 0.3826 0.0000 0.0000 0.0000 0.0000 0.0000 0.4109 0.0000 0.0000 0.0000 0.2065 0.0000
331      331   (0)      9  : 0.0000 0.5409 0.0000 0.0000 0.0000 0.3455 0.0000 0.0382 0.0753 0.0000 0.0000 0.0000 0.0000
332      332   (0)      9  : 0.0000 0.2033 0.0000 0.0000 0.0000 0.1456 0.0000 0.3697 0.0546 0.0000 0.0407 0.1861 0.0000
333      333   (0)      9  : 0.0000 0.0162 0.0000 0.0000 0.0000 0.0000 0.0000 0.0370 0.0000 0.0000 0.4881 0.4587 0.0000
334      334   (0)      9  : 0.0000 0.4255 0.0000 0.0000 0.0000 0.0254 0.0000 0.0523 0.0979 0.0000 0.3077 0.0912 0.0000
335      335   (0)      9  : 0.0000 0.0000 0.0000 0.0000 0.0000 0.0000 0.0000 0.0000 0.1206 0.0000 0.2971 0.5823 0.0000
336      336   (0)      8  : 0.0000 0.3679 0.0000 0.0000 0.0000 0.4996 0.0000 0.1324 0.0000 0.0000 0.0000 0.0000 0.0000
337      337   (0)      8  : 0.0000 0.2543 0.0000 0.0000 0.0000 0.0248 0.0000 0.4462 0.0742 0.0000 0.0000 0.2004 0.0000
338      338   (0)      8  : 0.0000 0.0000 0.0000 0.0000 0.0000 0.9094 0.0000 0.0906 0.0000 0.0000 0.0000 0.0000 0.0000
339      339   (0)      8  : 0.0000 0.1196 0.0000 0.0000 0.0000 0.0785 0.0000 0.2897 0.1172 0.0000 0.1320 0.2629 0.0000
340      340   (0)      8  : 0.0000 0.3411 0.0000 0.0000 0.0000 0.0002 0.0000 0.1824 0.1364 0.0000 0.1399 0.2000 0.0000
341      341   (0)      8  : 0.0000 0.2995 0.0000 0.0000 0.0346 0.1398 0.0000 0.3451 0.1804 0.0000 0.0000 0.0005 0.0000
342      342   (0)      8  : 0.0000 0.1251 0.0000 0.0000 0.0000 0.0873 0.0000 0.3348 0.0001 0.0000 0.0540 0.3988 0.0000
343      343   (0)      9  : 0.0000 0.1996 0.0000 0.0000 0.0000 0.0358 0.0000 0.0000 0.0000 0.0000 0.7645 0.0000 0.0000
344      344   (0)      9  : 0.0000 0.5227 0.0000 0.0000 0.0000 0.0325 0.0000 0.1381 0.0363 0.0000 0.2007 0.0697 0.0000
345      345   (0)      9  : 0.0000 0.2818 0.0000 0.0000 0.0000 0.0679 0.0000 0.2474 0.0000 0.0000 0.0000 0.4029 0.0000
346      346   (0)      9  : 0.0000 0.5543 0.0000 0.0000 0.0156 0.0598 0.0000 0.0292 0.0169 0.0000 0.2414 0.0828 0.0000
347      347   (0)      9  : 0.0000 0.6704 0.0000 0.0000 0.0000 0.0000 0.0000 0.0000 0.1298 0.0000 0.1274 0.0723 0.0000
348      348   (0)      9  : 0.0000 0.2241 0.0000 0.0000 0.0148 0.0342 0.0000 0.1524 0.0844 0.0000 0.0000 0.4901 0.0000
349      349   (0)      9  : 0.0000 0.0942 0.0000 0.0000 0.0239 0.2351 0.0000 0.2038 0.2106 0.0000 0.0000 0.2323 0.0000
350      350   (0)      9  : 0.0000 0.0000 0.0000 0.0000 0.0000 0.1951 0.0000 0.0000 0.0000 0.0000 0.6749 0.1299 0.0000
351      351   (0)      9  : 0.0000 0.2412 0.0000 0.0000 0.0199 0.0004 0.0000 0.1799 0.0000 0.0000 0.2622 0.2964 0.0000
352      352   (0)      9  : 0.0000 0.0472 0.0000 0.0000 0.0116 0.4671 0.0000 0.0981 0.1123 0.0000 0.1862 0.0776 0.0000
353      353   (0)      9  : 0.0000 0.3647 0.0000 0.0000 0.0139 0.2458 0.0000 0.0450 0.0000 0.0000 0.1323 0.1983 0.0000
354      354   (0)      9  : 0.0000 0.5439 0.0000 0.0000 0.0000 0.0164 0.0000 0.1118 0.0000 0.0000 0.0740 0.2539 0.0000
355      355   (0)      9  : 0.0000 0.3824 0.0000 0.0000 0.0000 0.0000 0.0000 0.4634 0.0056 0.0000 0.0000 0.1485 0.0000
356      356   (0)      9  : 0.0000 0.1213 0.0000 0.0000 0.0006 0.0253 0.0000 0.3330 0.0308 0.0000 0.1834 0.3055 0.0000
357      357   (0)      9  : 0.0000 0.0868 0.0000 0.0000 0.0000 0.0000 0.0000 0.2024 0.0031 0.0000 0.3434 0.3644 0.0000
358      358   (0)      9  : 0.0000 0.1351 0.0000 0.0000 0.0089 0.1056 0.0000 0.4716 0.0000 0.0000 0.0403 0.2385 0.0000
359      359   (0)      9  : 0.0000 0.0000 0.0000 0.0000 0.0000 0.1233 0.0000 0.1939 0.0000 0.0000 0.6171 0.0657 0.0000
360      360   (0)      9  : 0.0000 0.6236 0.0000 0.0000 0.0000 0.2737 0.0000 0.1027 0.0000 0.0000 0.0000 0.0000 0.0000
361      361   (0)      9  : 0.0000 0.0415 0.0000 0.0000 0.0000 0.3564 0.0000 0.1493 0.0000 0.0000 0.2613 0.1915 0.0000
362      362   (0)     10  : 0.0000 0.2990 0.0000 0.0000 0.0000 0.1673 0.0000 0.4080 0.0000 0.0000 0.0000 0.1256 0.0000
363      363   (0)     10  : 0.0000 0.8764 0.0000 0.0000 0.0000 0.0636 0.0000 0.0599 0.0000 0.0000 0.0000 0.0000 0.0000
364      364   (0)     10  : 0.0000 0.5959 0.0000 0.0000 0.0000 0.0927 0.0000 0.0705 0.0000 0.0000 0.0984 0.1425 0.0000
365      365   (0)     10  : 0.0000 0.2944 0.0031 0.0000 0.0000 0.0000 0.0000 0.3358 0.0729 0.0000 0.1719 0.1184 0.0035
366      366   (0)     10  : 0.0000 0.1712 0.0000 0.0000 0.0000 0.0236 0.0000 0.1266 0.2865 0.0000 0.0734 0.3187 0.0000
367      367   (0)     10  : 0.0000 0.4302 0.0000 0.0000 0.0114 0.0289 0.0000 0.3426 0.0303 0.0000 0.0066 0.1500 0.0000
368      368   (0)     10  : 0.0000 0.0265 0.0000 0.0000 0.0000 0.0332 0.0000 0.0000 0.1795 0.0000 0.6226 0.1382 0.0000
369      369   (0)     10  : 0.0000 0.0734 0.0000 0.0000 0.0000 0.3430 0.0000 0.2000 0.1702 0.0000 0.0140 0.1994 0.0000
370      370   (0)     10  : 0.0000 0.0000 0.0000 0.0000 0.0062 0.5952 0.0000 0.0348 0.2000 0.0000 0.0243 0.1395 0.0000
371      371   (0)     10  : 0.0000 0.3417 0.0000 0.0000 0.0000 0.0240 0.0000 0.0679 0.0980 0.0000 0.2563 0.2121 0.0000
372      372   (0)     10  : 0.0000 0.3032 0.0000 0.0000 0.0000 0.3036 0.0000 0.0995 0.0990 0.0000 0.0639 0.1308 0.0000
373      373   (0)     10  : 0.0000 0.3516 0.0000 0.0000 0.0000 0.0000 0.0000 0.3018 0.0000 0.0000 0.0000 0.3467 0.0000
374      374   (0)     10  : 0.0000 0.8045 0.0000 0.0000 0.0000 0.1527 0.0000 0.0000 0.0000 0.0000 0.0000 0.0428 0.0000
375      375   (0)     10  : 0.0000 0.3549 0.0000 0.0000 0.0000 0.0146 0.0000 0.3561 0.0644 0.0000 0.0425 0.1674 0.0000
376      376   (0)     10  : 0.0000 0.0000 0.0000 0.0000 0.0000 0.0120 0.0000 0.5262 0.0108 0.0000 0.0000 0.4510 0.0000
377      377   (0)     10  : 0.0000 0.3810 0.0000 0.0000 0.0054 0.1764 0.0000 0.1864 0.1291 0.0000 0.0000 0.1216 0.0000
378      378   (0)     10  : 0.0000 0.5259 0.0000 0.0000 0.0000 0.0000 0.0000 0.0000 0.0000 0.0000 0.2000 0.2741 0.0000
379      379   (0)     10  : 0.0000 0.0001 0.0000 0.0000 0.0156 0.0714 0.0000 0.3096 0.1120 0.0000 0.2980 0.1932 0.0000
380      380   (0)     10  : 0.0000 0.0000 0.0000 0.0000 0.0000 0.1086 0.0000 0.0858 0.0000 0.0000 0.7142 0.0914 0.0000
381      381   (0)     10  : 0.0000 0.8000 0.0000 0.0000 0.0000 0.0000 0.0000 0.1158 0.0000 0.0000 0.0842 0.0000 0.0000
382      382   (0)     10  : 0.0000 0.1494 0.0000 0.0000 0.0000 0.0000 0.0000 0.3241 0.0000 0.0000 0.2555 0.2711 0.0000
383      383   (0)     10  : 0.0000 0.0679 0.0000 0.0000 0.0226 0.5695 0.0000 0.2718 0.0038 0.0000 0.0644 0.0000 0.0000
384      384   (0)     10  : 0.0000 0.3825 0.0000 0.0000 0.0000 0.1865 0.0000 0.1032 0.0451 0.0000 0.0062 0.2764 0.0000
385      385   (0)     10  : 0.0000 0.0886 0.0000 0.0000 0.0000 0.0000 0.0000 0.2750 0.0000 0.0000 0.0371 0.5993 0.0000
386      386   (0)     10  : 0.0000 0.1842 0.0000 0.0000 0.0105 0.1971 0.0000 0.0445 0.2000 0.0000 0.1132 0.2505 0.0000
387      387   (0)     10  : 0.0000 0.2472 0.0000 0.0000 0.0000 0.1471 0.0000 0.5481 0.0000 0.0000 0.0000 0.0567 0.0008
388      388   (0)     10  : 0.0000 0.8616 0.0000 0.0000 0.0000 0.0000 0.0000 0.0804 0.0000 0.0000 0.0580 0.0000 0.0000
389      389   (0)     10  : 0.0000 0.1644 0.0000 0.0000 0.0000 0.3776 0.0000 0.3825 0.0364 0.0000 0.0000 0.0392 0.0000
390      390   (0)      8  : 0.0000 0.1998 0.0000 0.0000 0.0048 0.0000 0.0000 0.0561 0.0185 0.0000 0.5088 0.2119 0.0000
391      391   (0)      8  : 0.0000 0.0448 0.0000 0.0000 0.0000 0.0290 0.0000 0.4825 0.1262 0.0000 0.0000 0.3175 0.0000
392      392   (0)      8  : 0.0000 0.0000 0.0000 0.0000 0.0000 0.5971 0.0000 0.0938 0.2000 0.0000 0.0000 0.1091 0.0000
393      393   (0)     11  : 0.0000 0.3500 0.0000 0.0000 0.0000 0.4362 0.0000 0.0618 0.0521 0.0000 0.0228 0.0770 0.0000
394      394   (0)     11  : 0.0000 0.0000 0.0000 0.0000 0.0000 0.4846 0.0000 0.2492 0.0000 0.0000 0.2116 0.0546 0.0000
395      395   (0)     11  : 0.0054 0.0368 0.0000 0.0026 0.0000 0.0838 0.0000 0.0989 0.0683 0.0000 0.6490 0.0552 0.0000
396      396   (0)     11  : 0.0357 0.0314 0.0000 0.0000 0.0043 0.4204 0.0000 0.1535 0.1272 0.0000 0.1711 0.0565 0.0000
397      397   (0)     11  : 0.0000 0.2838 0.0000 0.0000 0.0000 0.0737 0.0000 0.2633 0.1412 0.0000 0.0726 0.1654 0.0000
398      398   (0)     11  : 0.0000 0.2498 0.0000 0.0000 0.0000 0.0000 0.0000 0.2011 0.0490 0.0000 0.2588 0.2412 0.0000
399      399   (0)     11  : 0.0000 0.5992 0.0000 0.0000 0.0000 0.0002 0.0000 0.3092 0.0632 0.0000 0.0002 0.0280 0.0000
400      400   (0)     11  : 0.0000 0.1793 0.0016 0.0000 0.0000 0.2062 0.0000 0.2216 0.0000 0.0000 0.1822 0.2091 0.0000
401      401   (0)     11  : 0.0000 0.0588 0.0000 0.0000 0.0000 0.6478 0.0000 0.0988 0.0000 0.0000 0.1337 0.0609 0.0000
402      402   (0)     11  : 0.0000 0.4091 0.0000 0.0000 0.0000 0.2877 0.0000 0.0973 0.0085 0.0000 0.1472 0.0503 0.0000
403      403   (0)     11  : 0.0000 0.4541 0.0000 0.0000 0.0000 0.1499 0.0000 0.0572 0.0540 0.0000 0.1489 0.1359 0.0000
404      404   (0)     11  : 0.0000 0.1487 0.0000 0.0000 0.0000 0.0341 0.0000 0.1182 0.0000 0.0000 0.5233 0.1757 0.0000
405      405   (0)     11  : 0.0000 0.0000 0.0000 0.0000 0.0424 0.0467 0.0000 0.1940 0.0831 0.0000 0.5698 0.0640 0.0000
406      406   (0)     11  : 0.0000 0.0001 0.0000 0.0000 0.0000 0.0000 0.0000 0.1607 0.0000 0.0000 0.5192 0.3199 0.0000
407      407   (0)     11  : 0.0000 0.0581 0.0000 0.0000 0.0000 0.7721 0.0000 0.0704 0.0508 0.0000 0.0000 0.0486 0.0000
408      408   (0)     11  : 0.0000 0.1416 0.0000 0.0000 0.0000 0.1866 0.0000 0.0000 0.1130 0.0000 0.1882 0.3705 0.0000
409      409   (0)     11  : 0.0000 0.7424 0.0014 0.0000 0.0037 0.0461 0.0000 0.0000 0.0662 0.0000 0.1401 0.0000 0.0000
410      410   (0)     11  : 0.0000 0.7248 0.0000 0.0000 0.0000 0.0430 0.0000 0.0000 0.0000 0.0000 0.0000 0.2322 0.0000
411      411   (0)     11  : 0.0000 0.2296 0.0000 0.0000 0.0000 0.0000 0.0000 0.2056 0.2845 0.0000 0.1275 0.1528 0.0000
412      412   (0)     11  : 0.0000 0.0000 0.0000 0.0000 0.0000 0.4608 0.0000 0.2559 0.0020 0.0000 0.2353 0.0460 0.0000
413      413   (0)     11  : 0.0000 0.1160 0.0000 0.0000 0.0059 0.0553 0.0000 0.5361 0.0001 0.0000 0.0000 0.2865 0.0000
414      414   (0)     11  : 0.0000 0.1327 0.0000 0.0000 0.0000 0.1804 0.0000 0.1823 0.0520 0.0000 0.2819 0.1706 0.0000
415      415   (0)     11  : 0.0000 0.2230 0.0000 0.0000 0.0000 0.1509 0.0000 0.3221 0.0498 0.0000 0.1103 0.1440 0.0000
416      416   (0)     11  : 0.0000 0.1953 0.0000 0.0000 0.0064 0.4050 0.0000 0.1382 0.0410 0.0000 0.1081 0.1059 0.0000
417      417   (0)     11  : 0.0000 0.1264 0.0000 0.0000 0.0000 0.4466 0.0000 0.4270 0.0000 0.0000 0.0000 0.0000 0.0000
418      418   (0)     11  : 0.0000 0.1523 0.0000 0.0059 0.0178 0.1460 0.0000 0.2929 0.0519 0.0000 0.1359 0.1933 0.0040
419      419   (0)     11  : 0.0000 0.0000 0.0000 0.0000 0.0000 0.8000 0.0000 0.1339 0.0000 0.0000 0.0000 0.0661 0.0000
420      420   (0)     11  : 0.0000 0.0853 0.0000 0.0000 0.0000 0.9147 0.0000 0.0000 0.0000 0.0000 0.0000 0.0000 0.0000
421      421   (0)     11  : 0.0000 0.0000 0.0000 0.0000 0.0000 0.7428 0.0000 0.2000 0.0572 0.0000 0.0000 0.0000 0.0000
422      422   (0)     11  : 0.0000 0.0028 0.0000 0.0000 0.0000 0.4044 0.0000 0.3178 0.0000 0.0000 0.2000 0.0750 0.0000
423      423   (0)     12  : 0.5259 0.0000 0.0000 0.1942 0.0000 0.0000 0.0000 0.0000 0.0000 0.0000 0.0000 0.0000 0.2799
424      424   (0)     12  : 0.0000 0.1193 0.0000 0.0000 0.7760 0.0146 0.0000 0.0178 0.0723 0.0000 0.0000 0.0000 0.0000
425      425   (0)     12  : 0.4750 0.0000 0.0000 0.3915 0.0000 0.0000 0.0000 0.0000 0.0000 0.0000 0.0000 0.0000 0.1336
426      426   (0)     12  : 0.0000 0.0000 0.0000 0.0000 0.6691 0.0136 0.0000 0.0425 0.2607 0.0000 0.0096 0.0042 0.0003
427      427   (0)     12  : 0.2901 0.0000 0.0000 0.4669 0.0000 0.0000 0.0000 0.0000 0.0000 0.0004 0.0000 0.0000 0.2427
428      428   (0)     12  : 0.3426 0.0000 0.0000 0.5128 0.0165 0.0000 0.0219 0.0000 0.0000 0.0332 0.0000 0.0000 0.0730
429      429   (0)     12  : 0.0000 0.0000 0.0346 0.0000 0.3654 0.0000 0.0000 0.0000 0.6000 0.0000 0.0000 0.0000 0.0000
430      430   (0)     12  : 0.6318 0.0000 0.0000 0.1269 0.0000 0.0000 0.0017 0.0000 0.0000 0.0091 0.0000 0.0000 0.2305
431      431   (0)     12  : 0.5953 0.0000 0.0047 0.0000 0.0000 0.0000 0.0000 0.0000 0.0000 0.0000 0.0000 0.0000 0.4000
432      432   (0)     12  : 0.0000 0.0214 0.0000 0.0000 0.9019 0.0000 0.0000 0.0112 0.0186 0.0000 0.0469 0.0000 0.0000
433      433   (0)     12  : 0.8056 0.0000 0.0000 0.0000 0.0013 0.0000 0.0000 0.0000 0.0059 0.0000 0.0000 0.0000 0.1872
434      434   (0)     12  : 0.8976 0.0000 0.0000 0.0000 0.0000 0.0000 0.0000 0.0000 0.0000 0.0000 0.0000 0.0000 0.1024
435      435   (0)     12  : 0.6313 0.0000 0.0004 0.0230 0.0000 0.0000 0.0506 0.0000 0.0000 0.0000 0.0000 0.0000 0.2946
436      436   (0)     12  : 0.6400 0.0000 0.0000 0.0000 0.0000 0.0000 0.0000 0.0000 0.0000 0.0000 0.0000 0.0000 0.3600
437      437   (0)     12  : 0.9834 0.0000 0.0000 0.0000 0.0039 0.0000 0.0000 0.0000 0.0126 0.0000 0.0000 0.0000 0.0000
438      438   (0)     12  : 0.7402 0.0000 0.0000 0.1640 0.0000 0.0000 0.0000 0.0000 0.0000 0.0000 0.0000 0.0000 0.0957
439      439   (0)     12  : 0.0000 0.0000 0.0000 0.0000 0.9232 0.0000 0.0000 0.0000 0.0367 0.0000 0.0401 0.0000 0.0000
440      440   (0)     12  : 0.0000 0.0363 0.0000 0.0000 0.9128 0.0364 0.0000 0.0000 0.0145 0.0000 0.0000 0.0000 0.0000
441      441   (0)     12  : 0.9406 0.0000 0.0000 0.0000 0.0000 0.0000 0.0000 0.0000 0.0000 0.0000 0.0000 0.0000 0.0594
442      442   (0)     12  : 0.0000 0.0000 0.0135 0.0000 0.6634 0.0000 0.0000 0.0000 0.3230 0.0000 0.0000 0.0000 0.0000
443      443   (0)     12  : 0.3048 0.0000 0.0000 0.4520 0.0000 0.0000 0.0000 0.0000 0.0000 0.0000 0.0000 0.0000 0.2432
444      444   (0)     12  : 0.7634 0.0000 0.0000 0.0000 0.0000 0.0000 0.0000 0.0000 0.0000 0.0000 0.0000 0.0000 0.2366
445      445   (0)     12  : 0.2838 0.0000 0.0000 0.4929 0.0000 0.0000 0.0000 0.0000 0.0000 0.0026 0.0000 0.0000 0.2207
446      446   (0)     12  : 0.3680 0.0000 0.0000 0.4834 0.0000 0.0000 0.0000 0.0000 0.0000 0.0000 0.0000 0.0000 0.1486
447      447   (0)     12  : 0.7373 0.0000 0.0000 0.0438 0.0000 0.0000 0.0038 0.0000 0.0000 0.0000 0.0000 0.0000 0.2151
448      448   (0)     12  : 0.8203 0.0000 0.0000 0.0000 0.0000 0.0000 0.0000 0.0000 0.0000 0.0000 0.0000 0.0000 0.1797
449      449   (0)     12  : 1.0000 0.0000 0.0000 0.0000 0.0000 0.0000 0.0000 0.0000 0.0000 0.0000 0.0000 0.0000 0.0000
450      450   (0)     12  : 0.8000 0.0000 0.0000 0.0000 0.0000 0.0000 0.0000 0.0000 0.0000 0.0000 0.0000 0.0000 0.2000
451      451   (0)     12  : 0.4660 0.0000 0.0000 0.2728 0.0000 0.0000 0.0298 0.0000 0.0000 0.0062 0.0000 0.0000 0.2252
452      452   (0)     12  : 0.4131 0.0000 0.0000 0.3968 0.0000 0.0000 0.0115 0.0000 0.0000 0.0000 0.0000 0.0000 0.1786
453      453   (0)     13  : 0.4210 0.0000 0.0000 0.3369 0.0000 0.0000 0.0000 0.0000 0.0000 0.0000 0.0000 0.0000 0.2421
454      454   (0)     13  : 0.7988 0.0000 0.0012 0.0000 0.0000 0.0000 0.0000 0.0000 0.0000 0.0000 0.0000 0.0000 0.2000
455      455   (0)     13  : 0.6881 0.0000 0.0000 0.1520 0.0000 0.0000 0.0000 0.0000 0.0000 0.0000 0.0000 0.0000 0.1599
456      456   (0)     13  : 0.0000 0.0309 0.0000 0.0000 0.9005 0.0000 0.0000 0.0344 0.0341 0.0000 0.0000 0.0000 0.0000
457      457   (0)     13  : 0.5462 0.0000 0.0000 0.2253 0.0000 0.0000 0.0131 0.0000 0.0000 0.0153 0.0000 0.0000 0.2000
458      458   (0)     13  : 0.7491 0.0000 0.0000 0.1679 0.0000 0.0000 0.0000 0.0000 0.0000 0.0000 0.0000 0.0000 0.0830
459      459   (0)     13  : 0.5755 0.0000 0.0000 0.2434 0.0000 0.0000 0.0000 0.0000 0.0000 0.0000 0.0000 0.0000 0.1811
460      460   (0)     13  : 0.5469 0.0000 0.0000 0.1480 0.0000 0.0000 0.0000 0.0000 0.0000 0.0000 0.0000 0.0000 0.3051
461      461   (0)     13  : 0.6063 0.0000 0.0000 0.3020 0.0000 0.0000 0.0000 0.0000 0.0000 0.0000 0.0000 0.0000 0.0918
462      462   (0)     13  : 0.0423 0.0000 0.0000 0.7777 0.0000 0.0000 0.0035 0.0000 0.0000 0.0000 0.0000 0.0000 0.1765
463      463   (0)     13  : 0.6083 0.0000 0.0005 0.1972 0.0000 0.0000 0.0000 0.0000 0.0000 0.0154 0.0000 0.0000 0.1786
464      464   (0)     13  : 0.0134 0.0000 0.0015 0.0000 0.0000 0.0000 0.3549 0.0000 0.0000 0.6182 0.0000 0.0000 0.0120
465      465   (0)     13  : 0.9990 0.0000 0.0000 0.0000 0.0000 0.0000 0.0000 0.0000 0.0000 0.0000 0.0000 0.0000 0.0010
466      466   (0)     13  : 0.2168 0.0000 0.0000 0.4396 0.0000 0.0000 0.0000 0.0000 0.0000 0.0000 0.0000 0.0000 0.3436
467      467   (0)     13  : 0.2952 0.0000 0.0000 0.4218 0.0000 0.0000 0.0043 0.0000 0.0000 0.0101 0.0000 0.0000 0.2685
468      468   (0)     13  : 0.0000 0.0004 0.0000 0.0532 0.0000 0.0000 0.3473 0.0000 0.0000 0.5724 0.0057 0.0028 0.0181
469      469   (0)     13  : 0.0000 0.0000 0.0000 0.0000 0.0000 0.0000 0.0000 0.0000 0.0060 0.9940 0.0000 0.0000 0.0000
470      470   (0)     13  : 0.5079 0.0000 0.0000 0.1767 0.0000 0.0000 0.0011 0.0000 0.0000 0.0000 0.0000 0.0000 0.3144
471      471   (0)     13  : 0.2782 0.0038 0.0000 0.4545 0.0000 0.0180 0.0000 0.0057 0.0078 0.0000 0.0000 0.0000 0.2321
472      472   (0)     13  : 0.5210 0.0000 0.0000 0.1853 0.0000 0.0000 0.0000 0.0000 0.0000 0.0000 0.0000 0.0000 0.2937
473      473   (0)     13  : 0.0324 0.0000 0.0000 0.0000 0.7573 0.1786 0.0000 0.0000 0.0118 0.0000 0.0000 0.0000 0.0199
474      474   (0)     13  : 0.3631 0.0000 0.0000 0.5605 0.0000 0.0000 0.0000 0.0000 0.0000 0.0000 0.0000 0.0000 0.0764
475      475   (0)     13  : 0.4409 0.0000 0.0000 0.2577 0.0000 0.0000 0.0000 0.0000 0.0000 0.0000 0.0000 0.0000 0.3015
476      476   (0)     13  : 0.0000 0.0000 0.0000 0.0000 0.9197 0.0000 0.0000 0.0000 0.0561 0.0000 0.0000 0.0242 0.0000
477      477   (0)     13  : 0.6590 0.0000 0.0000 0.1300 0.0053 0.0000 0.0026 0.0000 0.0086 0.0187 0.0000 0.0000 0.1758
478      478   (0)     13  : 0.3131 0.0000 0.0138 0.4790 0.0000 0.0000 0.0000 0.0000 0.0050 0.0000 0.0000 0.0000 0.1891
479      479   (0)     13  : 0.6112 0.0000 0.0000 0.1798 0.0000 0.0000 0.0000 0.0000 0.0002 0.0000 0.0000 0.0000 0.2089
480      480   (0)     13  : 0.0000 0.0000 0.0000 0.0000 0.8808 0.0010 0.0000 0.0259 0.0668 0.0000 0.0000 0.0254 0.0000
481      481   (0)     13  : 0.0774 0.0000 0.0125 0.0000 0.0000 0.0000 0.8545 0.0000 0.0038 0.0282 0.0000 0.0000 0.0236
482      482   (0)     13  : 0.2815 0.0000 0.0000 0.3681 0.0000 0.0000 0.0027 0.0000 0.0000 0.0103 0.0000 0.0000 0.3374
483      483   (0)     14  : 0.7260 0.0000 0.0000 0.0000 0.0000 0.0000 0.0000 0.0000 0.0000 0.0000 0.0000 0.0000 0.2740
484      484   (0)     14  : 0.7139 0.0000 0.0000 0.1872 0.0000 0.0000 0.0000 0.0000 0.0000 0.0000 0.0000 0.0000 0.0989
485      485   (0)     15  : 0.9089 0.0000 0.0000 0.0000 0.0000 0.0000 0.0000 0.0000 0.0000 0.0000 0.0000 0.0000 0.0911
486      486   (0)     15  : 0.7048 0.0000 0.0000 0.0000 0.0000 0.0000 0.0000 0.0000 0.0000 0.0000 0.0000 0.0000 0.2952
487      487   (0)     15  : 0.7055 0.0000 0.0000 0.0000 0.0000 0.0000 0.0000 0.0000 0.0000 0.0000 0.0000 0.0000 0.2945
488      488   (0)     15  : 0.5894 0.0000 0.0000 0.0000 0.0000 0.0000 0.0000 0.0000 0.0000 0.0000 0.0000 0.0000 0.4106
489      489   (0)     15  : 0.0000 0.0000 0.0000 0.0000 0.9058 0.0000 0.0000 0.0430 0.0000 0.0000 0.0512 0.0000 0.0000
490      490   (0)     15  : 0.0000 0.0000 0.0000 0.0000 0.9148 0.0000 0.0000 0.0016 0.0596 0.0000 0.0000 0.0240 0.0000
491      491   (0)     15  : 0.5160 0.0000 0.0000 0.3869 0.0000 0.0000 0.0035 0.0000 0.0000 0.0000 0.0000 0.0000 0.0936
492      492   (0)     15  : 0.0000 0.0000 0.0000 0.0000 0.9377 0.0000 0.0000 0.0000 0.0623 0.0000 0.0000 0.0000 0.0000
493      493   (0)     15  : 0.3397 0.0000 0.0167 0.4834 0.0000 0.0000 0.0027 0.0000 0.0000 0.0011 0.0000 0.0000 0.1565
494      494   (0)     15  : 0.5162 0.0000 0.0000 0.2963 0.0000 0.0000 0.0000 0.0000 0.0000 0.0000 0.0000 0.0000 0.1876
495      495   (0)     15  : 0.6199 0.0000 0.0000 0.1774 0.0000 0.0000 0.0000 0.0000 0.0000 0.0000 0.0000 0.0000 0.2027
496      496   (0)     15  : 0.5002 0.0000 0.0006 0.2751 0.0000 0.0000 0.0000 0.0000 0.0000 0.0000 0.0000 0.0000 0.2242
497      497   (0)     15  : 0.0596 0.0000 0.0000 0.9404 0.0000 0.0000 0.0000 0.0000 0.0000 0.0000 0.0000 0.0000 0.0000
498      498   (0)     15  : 0.7664 0.0000 0.0000 0.0467 0.0000 0.0000 0.0333 0.0000 0.0000 0.0027 0.0000 0.0000 0.1509
499      499   (0)     15  : 0.6349 0.0000 0.0000 0.1957 0.0000 0.0000 0.0023 0.0000 0.0000 0.0098 0.0000 0.0000 0.1573
500      500   (0)     15  : 0.6726 0.0000 0.0000 0.0000 0.0000 0.0000 0.0000 0.0000 0.0000 0.0002 0.0000 0.0000 0.3271
501      501   (0)     15  : 0.6910 0.0000 0.0022 0.0277 0.0000 0.0000 0.0000 0.0000 0.0077 0.0000 0.0000 0.0000 0.2714
502      502   (0)     15  : 0.8579 0.0000 0.0000 0.0000 0.0000 0.0000 0.0000 0.0000 0.0000 0.0000 0.0000 0.0000 0.1421
503      503   (0)     15  : 0.2682 0.0000 0.0000 0.3995 0.0000 0.0000 0.0000 0.0000 0.0000 0.0000 0.0000 0.0000 0.3323
504      504   (0)     15  : 0.8809 0.0000 0.0000 0.0000 0.0000 0.0000 0.0000 0.0000 0.0000 0.0000 0.0000 0.0000 0.1191
505      505   (0)     15  : 0.1855 0.0000 0.0000 0.6738 0.0000 0.0000 0.0000 0.0000 0.0000 0.0015 0.0000 0.0000 0.1392
506      506   (0)     15  : 0.3298 0.0000 0.0000 0.5180 0.0000 0.0000 0.0000 0.0000 0.0000 0.0000 0.0000 0.0000 0.1522
507      507   (0)     15  : 0.4166 0.0000 0.0000 0.3834 0.0000 0.0000 0.0000 0.0000 0.0000 0.0000 0.0000 0.0000 0.2000
508      508   (0)     15  : 0.4137 0.0000 0.0000 0.5252 0.0000 0.0000 0.0055 0.0000 0.0000 0.0000 0.0000 0.0000 0.0557
509      509   (0)     15  : 0.0000 0.0000 0.0000 0.0000 0.9326 0.0344 0.0000 0.0000 0.0330 0.0000 0.0000 0.0000 0.0000
510      510   (0)     15  : 0.0000 0.0000 0.0000 0.0000 0.9270 0.0000 0.0000 0.0000 0.0385 0.0000 0.0344 0.0000 0.0000
511      511   (0)     15  : 0.7794 0.0000 0.0034 0.0000 0.0010 0.0000 0.0010 0.0000 0.0041 0.0008 0.0169 0.0000 0.1935
512      512   (0)     15  : 0.3875 0.0000 0.0000 0.5180 0.0000 0.0000 0.0000 0.0000 0.0000 0.0000 0.0000 0.0000 0.0944
513      513   (0)     15  : 0.4590 0.0000 0.0000 0.4457 0.0000 0.0000 0.0000 0.0000 0.0000 0.0033 0.0000 0.0000 0.0920
514      514   (0)     15  : 0.4154 0.0000 0.0000 0.3100 0.0000 0.0000 0.0122 0.0000 0.0000 0.0000 0.0000 0.0000 0.2624
515      515   (0)     16  : 0.0400 0.0000 0.0000 0.0000 0.0000 0.0000 0.3210 0.0000 0.0000 0.6290 0.0000 0.0000 0.0100
516      516   (0)     16  : 0.3474 0.0000 0.0000 0.5554 0.0000 0.0000 0.0002 0.0000 0.0000 0.0007 0.0000 0.0000 0.0963
517      517   (0)     16  : 0.0000 0.0000 0.0000 0.0000 0.8250 0.0000 0.0000 0.0869 0.0605 0.0000 0.0276 0.0000 0.0000
518      518   (0)     16  : 0.4207 0.0000 0.0105 0.4048 0.0000 0.0000 0.0069 0.0000 0.0000 0.0035 0.0000 0.0000 0.1536
519      519   (0)     16  : 0.0002 0.0000 0.0000 0.8288 0.0000 0.0000 0.0000 0.0000 0.0000 0.0000 0.0000 0.0000 0.1710
520      520   (0)     16  : 0.2708 0.0000 0.0000 0.5864 0.0000 0.0000 0.0095 0.0000 0.0000 0.0015 0.0000 0.0000 0.1318
521      521   (0)     16  : 0.0000 0.0000 0.0000 0.9344 0.0000 0.0000 0.0000 0.0000 0.0000 0.0000 0.0000 0.0000 0.0656
522      522   (0)     16  : 0.0000 0.0000 0.0150 0.0000 0.3850 0.0000 0.0000 0.0000 0.6000 0.0000 0.0000 0.0000 0.0000
523      523   (0)     16  : 0.6960 0.0000 0.0000 0.0383 0.0000 0.0000 0.0000 0.0000 0.0000 0.0000 0.0000 0.0000 0.2657
524      524   (0)     16  : 0.0000 0.0419 0.0000 0.0000 0.8229 0.0000 0.0000 0.0523 0.0588 0.0000 0.0000 0.0241 0.0000
525      525   (0)     16  : 0.6284 0.0000 0.0000 0.0505 0.0000 0.0000 0.0000 0.0000 0.0000 0.0000 0.0000 0.0000 0.3211
526      526   (0)     16  : 0.0000 0.0000 0.0000 0.8945 0.0000 0.0000 0.0000 0.0000 0.0000 0.0000 0.0000 0.0000 0.1055
527      527   (0)     16  : 0.0000 0.0004 0.0000 0.0000 0.8576 0.0138 0.0000 0.0000 0.1015 0.0000 0.0050 0.0218 0.0000
528      528   (0)     16  : 0.5006 0.0000 0.0000 0.1357 0.0000 0.0000 0.0326 0.0000 0.0000 0.0085 0.0000 0.0000 0.3226
529      529   (0)     16  : 0.3231 0.0000 0.0000 0.3763 0.0000 0.0000 0.0000 0.0000 0.0000 0.0046 0.0000 0.0000 0.2960
530      530   (0)     16  : 0.2183 0.0000 0.0000 0.6498 0.0000 0.0000 0.0435 0.0000 0.0000 0.0078 0.0000 0.0000 0.0806
531      531   (0)     16  : 0.2636 0.0000 0.0000 0.6433 0.0000 0.0000 0.0000 0.0000 0.0000 0.0000 0.0000 0.0000 0.0931
532      532   (0)     16  : 0.0000 0.0000 0.0169 0.0000 0.3831 0.0000 0.0000 0.0000 0.6000 0.0000 0.0000 0.0000 0.0000
533      533   (0)     16  : 0.0000 0.0000 0.0269 0.0000 0.3731 0.0000 0.0000 0.0000 0.6000 0.0000 0.0000 0.0000 0.0000
534      534   (0)     16  : 0.3605 0.0000 0.0000 0.5316 0.0000 0.0000 0.0000 0.0000 0.0000 0.0000 0.0000 0.0000 0.1079
535      535   (0)     16  : 0.2000 0.0000 0.0000 0.8000 0.0000 0.0000 0.0000 0.0000 0.0000 0.0000 0.0000 0.0000 0.0000
536      536   (0)     16  : 0.6403 0.0000 0.0000 0.2081 0.0000 0.0000 0.0000 0.0000 0.0000 0.0051 0.0000 0.0000 0.1465
537      537   (0)     16  : 0.0000 0.0000 0.0000 0.8489 0.0000 0.0000 0.0000 0.0000 0.0000 0.0000 0.0000 0.0000 0.1511
538      538   (0)     16  : 0.2479 0.0000 0.0000 0.3764 0.0000 0.0000 0.0000 0.0000 0.0000 0.0000 0.0000 0.0000 0.3757
539      539   (0)     16  : 0.0301 0.0000 0.0000 0.8886 0.0000 0.0000 0.0038 0.0000 0.0000 0.0000 0.0000 0.0000 0.0774
540      540   (0)     16  : 0.3289 0.0000 0.0000 0.4710 0.0000 0.0000 0.0001 0.0000 0.0000 0.0000 0.0000 0.0000 0.2000
541      541   (0)     16  : 0.0000 0.0000 1.0000 0.0000 0.0000 0.0000 0.0000 0.0000 0.0000 0.0000 0.0000 0.0000 0.0000
542      542   (0)     16  : 0.3294 0.0000 0.0000 0.4317 0.0000 0.0000 0.0014 0.0000 0.0000 0.0097 0.0000 0.0000 0.2278
543      543   (0)     16  : 0.2490 0.0000 0.0000 0.5921 0.0000 0.0000 0.0000 0.0000 0.0000 0.0000 0.0000 0.0000 0.1589
544      544   (0)     16  : 0.3184 0.0000 0.0000 0.4446 0.0000 0.0000 0.0000 0.0000 0.0000 0.0000 0.0000 0.0000 0.2370
