1        1   (0)      1  : 0.0450 0.0000 0.0003 0.9547 0.0000
2        2   (0)      1  : 0.9871 0.0000 0.0000 0.0129 0.0000
3        3   (0)      1  : 0.9812 0.0000 0.0000 0.0188 0.0000
4        4   (0)      1  : 0.0294 0.0000 0.0165 0.9541 0.0000
5        5   (0)      1  : 0.0255 0.0000 0.0090 0.9655 0.0000
6        6   (0)      1  : 0.0210 0.0000 0.0000 0.9790 0.0000
7        7   (0)      1  : 1.0000 0.0000 0.0000 0.0000 0.0000
8        8   (0)      1  : 0.9997 0.0000 0.0000 0.0003 0.0000
9        9   (0)      1  : 0.0223 0.0000 0.0000 0.9777 0.0000
10       10   (0)      1  : 0.9897 0.0000 0.0000 0.0103 0.0000
11       11   (0)      1  : 0.0097 0.0000 0.0042 0.9861 0.0000
12       12   (0)      1  : 0.0128 0.0000 0.0000 0.9775 0.0096
13       13   (0)      1  : 0.0006 0.0000 0.0000 0.9994 0.0000
14       14   (0)      1  : 0.0006 0.0000 0.0055 0.9834 0.0105
15       15   (0)      1  : 0.0001 0.0000 0.0072 0.9927 0.0000
16       16   (0)      1  : 0.0674 0.0000 0.0000 0.9173 0.0153
17       17   (0)      1  : 0.0011 0.0000 0.0000 0.9989 0.0000
18       18   (0)      1  : 0.0000 0.0000 0.0000 1.0000 0.0000
19       19   (0)      1  : 0.0000 0.0000 0.0000 0.9839 0.0161
20       20   (0)      1  : 0.0002 0.0000 0.0000 0.9998 0.0000
21       21   (0)      1  : 0.0006 0.0000 0.0028 0.9967 0.0000
22       22   (0)      1  : 0.9770 0.0000 0.0000 0.0230 0.0000
23       23   (0)      1  : 0.0001 0.0000 0.0000 0.9999 0.0000
24       24   (0)      1  : 0.0265 0.0000 0.0000 0.9735 0.0000
25       25   (0)      1  : 0.0221 0.0000 0.0000 0.9778 0.0000
26       26   (0)      1  : 0.0000 0.0000 0.0000 1.0000 0.0000
27       27   (0)      1  : 0.0000 0.1856 0.0000 0.0000 0.8144
28       28   (0)      1  : 0.0000 0.0213 0.0000 0.0000 0.9787
29       29   (0)      1  : 0.0176 0.0000 0.0126 0.9699 0.0000
30       30   (0)      1  : 0.0000 0.0000 0.0043 0.9957 0.0000
31       31   (0)      1  : 0.0450 0.0000 0.0000 0.9550 0.0000
32       32   (0)      1  : 0.9565 0.0000 0.0000 0.0435 0.0000
33       33   (0)      1  : 0.2207 0.0006 0.0000 0.3581 0.4206
34       34   (0)      1  : 0.0165 0.0000 0.0000 0.9835 0.0000
35       35   (0)      1  : 0.0000 0.0000 1.0000 0.0000 0.0000
36       36   (0)      1  : 0.0000 0.0000 1.0000 0.0000 0.0000
37       37   (0)      1  : 0.0000 0.0000 1.0000 0.0000 0.0000
38       38   (0)      1  : 0.0000 0.0609 0.0000 0.0000 0.9391
39       39   (0)      1  : 0.0000 0.1218 0.0000 0.0000 0.8782
40       40   (0)      1  : 0.0000 0.0000 0.0023 0.9977 0.0000
41       41   (0)      1  : 0.9862 0.0000 0.0000 0.0138 0.0000
42       42   (0)      1  : 0.0000 0.0517 0.0000 0.0000 0.9483
43       43   (0)      1  : 0.0298 0.0000 0.0192 0.9510 0.0000
44       44   (0)      1  : 1.0000 0.0000 0.0000 0.0000 0.0000
45       45   (0)      1  : 0.0000 0.0799 0.0000 0.0000 0.9201
46       46   (0)      1  : 0.0000 0.0187 0.0000 0.9808 0.0004
47       47   (0)      1  : 0.0000 0.1251 0.0000 0.0000 0.8749
48       48   (0)      1  : 0.9942 0.0000 0.0000 0.0058 0.0000
49       49   (0)      1  : 1.0000 0.0000 0.0000 0.0000 0.0000
50       50   (0)      1  : 0.0000 0.0968 0.0000 0.0000 0.9032
51       51   (0)      1  : 0.0000 0.0901 0.0000 0.0000 0.9099
52       52   (0)      1  : 0.9385 0.0000 0.0000 0.0615 0.0000
53       53   (0)      1  : 0.9690 0.0000 0.0000 0.0310 0.0000
54       54   (0)      1  : 0.9769 0.0000 0.0000 0.0231 0.0000
55       55   (0)      1  : 0.0000 0.1134 0.0000 0.0000 0.8866
56       56   (0)      2  : 0.0256 0.0000 0.0000 0.9688 0.0057
57       57   (0)      2  : 0.0000 0.0000 0.0309 0.9691 0.0000
58       58   (0)      2  : 0.0150 0.0000 0.0000 0.9850 0.0000
59       59   (0)      2  : 0.0046 0.0000 0.0000 0.9954 0.0000
60       60   (0)      2  : 0.9782 0.0000 0.0000 0.0218 0.0000
61       61   (0)      2  : 0.0000 0.0000 0.0078 0.9897 0.0026
62       62   (0)      2  : 0.0000 0.0000 1.0000 0.0000 0.0000
63       63   (0)      2  : 0.0290 0.0000 0.0000 0.9710 0.0000
64       64   (0)      2  : 0.0000 0.0000 1.0000 0.0000 0.0000
65       65   (0)      2  : 0.0523 0.0000 0.0000 0.9477 0.0000
66       66   (0)      2  : 0.0000 0.0000 1.0000 0.0000 0.0000
67       67   (0)      2  : 0.0000 0.0000 0.0091 0.9909 0.0000
68       68   (0)      2  : 0.0302 0.0000 0.0066 0.9631 0.0000
69       69   (0)      2  : 1.0000 0.0000 0.0000 0.0000 0.0000
70       70   (0)      2  : 0.0011 0.0000 0.0000 0.9989 0.0000
71       71   (0)      2  : 0.0000 0.0000 1.0000 0.0000 0.0000
72       72   (0)      2  : 0.0000 0.0000 1.0000 0.0000 0.0000
73       73   (0)      2  : 0.0943 0.0000 0.0000 0.8856 0.0201
74       74   (0)      2  : 0.9902 0.0000 0.0087 0.0012 0.0000
75       75   (0)      2  : 0.0000 0.1422 0.0000 0.0000 0.8578
76       76   (0)      2  : 1.0000 0.0000 0.0000 0.0000 0.0000
77       77   (0)      2  : 0.0586 0.0000 0.0000 0.9414 0.0000
78       78   (0)      2  : 0.0000 0.0000 1.0000 0.0000 0.0000
79       79   (0)      2  : 0.0000 0.0211 0.0000 0.0000 0.9789
80       80   (0)      2  : 0.0000 0.0000 1.0000 0.0000 0.0000
81       81   (0)      2  : 0.0204 0.0000 0.0148 0.9579 0.0069
82       82   (0)      2  : 0.9922 0.0000 0.0078 0.0000 0.0000
83       83   (0)      2  : 1.0000 0.0000 0.0000 0.0000 0.0000
84       84   (0)      2  : 0.2221 0.0000 0.0000 0.7779 0.0000
85       85   (0)      2  : 0.0247 0.0000 0.0000 0.9753 0.0000
86       86   (0)      2  : 0.0284 0.0000 0.0000 0.9716 0.0000
87       87   (0)      2  : 0.0359 0.0000 0.0000 0.9641 0.0000
88       88   (0)      2  : 0.0026 0.0000 0.0000 0.9974 0.0000
89       89   (0)      2  : 0.0000 0.0000 0.0000 1.0000 0.0000
90       90   (0)      2  : 0.0385 0.0000 0.0182 0.9433 0.0000
91       91   (0)      2  : 0.0126 0.0000 0.0000 0.9874 0.0000
92       92   (0)      2  : 0.0329 0.0000 0.0000 0.9671 0.0000
93       93   (0)      2  : 1.0000 0.0000 0.0000 0.0000 0.0000
94       94   (0)      2  : 0.9901 0.0000 0.0095 0.0004 0.0000
95       95   (0)      2  : 0.0000 0.0000 1.0000 0.0000 0.0000
96       96   (0)      2  : 0.9842 0.0000 0.0000 0.0158 0.0000
97       97   (0)      2  : 0.9846 0.0000 0.0000 0.0154 0.0000
98       98   (0)      2  : 0.0484 0.0000 0.0000 0.9403 0.0113
99       99   (0)      2  : 0.0000 0.0000 1.0000 0.0000 0.0000
100      100   (0)      2  : 0.0001 0.0000 0.0000 0.9999 0.0000
101      101   (0)      3  : 0.0194 0.0000 0.0001 0.9805 0.0000
102      102   (0)      3  : 0.0126 0.0000 0.0128 0.9746 0.0000
103      103   (0)      3  : 0.0223 0.0000 0.0006 0.9772 0.0000
104      104   (0)      3  : 0.0252 0.0000 0.0083 0.9666 0.0000
105      105   (0)      3  : 0.0412 0.0000 0.0227 0.9360 0.0000
106      106   (0)      3  : 0.0345 0.0000 0.0158 0.9497 0.0000
107      107   (0)      3  : 0.0000 0.0000 0.0000 0.9910 0.0090
108      108   (0)      3  : 0.0163 0.0000 0.0000 0.9657 0.0180
109      109   (0)      3  : 0.0000 0.0000 0.0000 1.0000 0.0000
110      110   (0)      3  : 0.0020 0.0000 0.0006 0.9974 0.0000
111      111   (0)      3  : 0.0391 0.0000 0.0176 0.9432 0.0000
112      112   (0)      3  : 0.0000 0.0000 0.0005 0.9995 0.0000
113      113   (0)      3  : 0.0058 0.0000 0.0034 0.9833 0.0075
114      114   (0)      3  : 0.0339 0.0000 0.0102 0.9560 0.0000
115      115   (0)      3  : 0.0615 0.0000 0.0000 0.9385 0.0000
116      116   (0)      3  : 0.0100 0.0000 0.0018 0.9794 0.0088
117      117   (0)      3  : 0.0496 0.0000 0.0004 0.9500 0.0000
118      118   (0)      3  : 0.0053 0.0000 0.0000 0.9947 0.0000
119      119   (0)      3  : 0.0403 0.0000 0.0000 0.9597 0.0000
120      120   (0)      3  : 0.0545 0.0000 0.0850 0.8605 0.0000
121      121   (0)      3  : 0.0030 0.0000 0.0043 0.9928 0.0000
122      122   (0)      3  : 0.0236 0.0000 0.0094 0.9670 0.0000
123      123   (0)      3  : 0.0002 0.0000 0.0000 0.9998 0.0000
124      124   (0)      3  : 0.0000 0.0000 0.0000 1.0000 0.0000
125      125   (0)      3  : 0.0000 0.0000 0.0140 0.9860 0.0000
126      126   (0)      3  : 0.0406 0.0000 0.0000 0.9594 0.0000
127      127   (0)      3  : 0.0651 0.0000 0.0000 0.9349 0.0000
128      128   (0)      3  : 0.0000 0.0000 0.0000 1.0000 0.0000
129      129   (0)      3  : 0.0617 0.0000 0.0000 0.9383 0.0000
130      130   (0)      3  : 0.9953 0.0000 0.0000 0.0047 0.0000
131      131   (0)      3  : 0.9443 0.0000 0.0005 0.0551 0.0000
132      132   (0)      3  : 0.0000 0.0000 1.0000 0.0000 0.0000
133      133   (0)      3  : 0.0000 0.1023 0.0000 0.0000 0.8977
134      134   (0)      3  : 0.8788 0.0087 0.0000 0.0889 0.0236
135      135   (0)      3  : 0.0080 0.0000 0.0257 0.9663 0.0000
136      136   (0)      3  : 0.0313 0.0000 0.0000 0.9687 0.0000
137      137   (0)      3  : 0.9906 0.0000 0.0000 0.0000 0.0094
138      138   (0)      3  : 0.0213 0.0000 0.0000 0.9787 0.0000
139      139   (0)      3  : 0.0000 0.0000 0.0000 0.9827 0.0173
140      140   (0)      3  : 0.0129 0.0000 0.0000 0.9871 0.0000
141      141   (0)      3  : 0.0000 0.0000 1.0000 0.0000 0.0000
142      142   (0)      3  : 0.0000 0.0000 1.0000 0.0000 0.0000
143      143   (0)      3  : 0.0000 0.0000 1.0000 0.0000 0.0000
144      144   (0)      3  : 0.0000 0.0000 1.0000 0.0000 0.0000
145      145   (0)      3  : 0.0000 0.0000 1.0000 0.0000 0.0000
146      146   (0)      3  : 0.9722 0.0000 0.0000 0.0278 0.0000
147      147   (0)      3  : 0.0002 0.0000 0.0018 0.9980 0.0000
148      148   (0)      3  : 0.0000 0.0000 1.0000 0.0000 0.0000
149      149   (0)      3  : 0.0000 0.0000 1.0000 0.0000 0.0000
150      150   (0)      3  : 0.0000 0.0800 0.0058 0.0000 0.9142
151      151   (0)      3  : 0.0000 0.0824 0.0000 0.0000 0.9176
152      152   (0)      3  : 0.0198 0.0000 0.0000 0.9802 0.0000
153      153   (0)      3  : 0.0000 0.0000 1.0000 0.0000 0.0000
154      154   (0)      3  : 0.0001 0.0000 0.0154 0.9846 0.0000
155      155   (0)      3  : 0.0000 0.0000 0.0000 1.0000 0.0000
156      156   (0)      3  : 0.9413 0.0000 0.0000 0.0587 0.0000
157      157   (0)      3  : 0.0108 0.0000 0.0000 0.9892 0.0000
158      158   (0)      3  : 1.0000 0.0000 0.0000 0.0000 0.0000
159      159   (0)      3  : 0.0174 0.0000 0.0000 0.9655 0.0171
160      160   (0)      3  : 0.9996 0.0000 0.0000 0.0004 0.0000
161      161   (0)      4  : 0.0252 0.0000 0.0000 0.9729 0.0019
162      162   (0)      4  : 0.0000 0.0000 0.0000 1.0000 0.0000
163      163   (0)      4  : 0.0000 0.0000 1.0000 0.0000 0.0000
164      164   (0)      4  : 1.0000 0.0000 0.0000 0.0000 0.0000
165      165   (0)      4  : 0.0000 0.0000 1.0000 0.0000 0.0000
166      166   (0)      4  : 0.0000 0.0000 1.0000 0.0000 0.0000
167      167   (0)      4  : 0.0205 0.0000 0.0000 0.9795 0.0000
168      168   (0)      4  : 0.0270 0.0000 0.0000 0.9730 0.0000
169      169   (0)      4  : 0.0334 0.0000 0.0000 0.9666 0.0000
170      170   (0)      4  : 0.0000 0.0000 0.0010 0.9980 0.0010
171      171   (0)      4  : 0.0207 0.0000 0.0000 0.9793 0.0000
172      172   (0)      4  : 0.0149 0.0000 0.0000 0.9851 0.0000
173      173   (0)      4  : 0.0017 0.0000 0.0000 0.9983 0.0000
174      174   (0)      4  : 0.9903 0.0000 0.0015 0.0082 0.0000
175      175   (0)      4  : 0.0000 0.0000 0.0000 1.0000 0.0000
176      176   (0)      4  : 0.0000 0.0000 1.0000 0.0000 0.0000
177      177   (0)      4  : 0.0399 0.0000 0.0037 0.9564 0.0000
178      178   (0)      4  : 0.0000 0.0000 1.0000 0.0000 0.0000
179      179   (0)      4  : 0.0000 0.0000 1.0000 0.0000 0.0000
180      180   (0)      4  : 0.0011 0.0000 0.0191 0.9799 0.0000
181      181   (0)      4  : 0.0001 0.0000 0.0005 0.9994 0.0000
182      182   (0)      4  : 0.0000 0.0000 0.0000 1.0000 0.0000
183      183   (0)      4  : 1.0000 0.0000 0.0000 0.0000 0.0000
184      184   (0)      4  : 0.9993 0.0000 0.0000 0.0007 0.0000
185      185   (0)      4  : 0.0000 0.0000 1.0000 0.0000 0.0000
186      186   (0)      4  : 0.0030 0.0000 0.0000 0.9970 0.0000
187      187   (0)      4  : 0.0552 0.0000 0.0000 0.9448 0.0000
188      188   (0)      4  : 0.0000 0.0000 1.0000 0.0000 0.0000
189      189   (0)      4  : 0.0109 0.0000 0.0000 0.9891 0.0000
190      190   (0)      4  : 1.0000 0.0000 0.0000 0.0000 0.0000
191      191   (0)      4  : 0.1867 0.0000 0.1279 0.6033 0.0821
192      192   (0)      4  : 0.0023 0.0000 0.0007 0.9970 0.0000
193      193   (0)      4  : 0.0454 0.0000 0.0179 0.9367 0.0000
194      194   (0)      4  : 0.0250 0.0000 0.0169 0.9581 0.0000
195      195   (0)      4  : 0.0001 0.0000 0.0000 0.9999 0.0000
196      196   (0)      4  : 0.0000 0.0000 0.0000 1.0000 0.0000
197      197   (0)      4  : 0.0044 0.0000 0.0000 0.9956 0.0000
198      198   (0)      4  : 0.0010 0.0000 0.0000 0.9990 0.0000
199      199   (0)      4  : 0.0179 0.0000 0.0090 0.9731 0.0000
200      200   (0)      4  : 0.9616 0.0000 0.0001 0.0383 0.0000
201      201   (0)      4  : 0.0000 0.0000 0.0000 0.9798 0.0201
202      202   (0)      4  : 0.0000 0.0000 0.0104 0.9896 0.0000
203      203   (0)      4  : 0.0290 0.0000 0.0142 0.9567 0.0000
204      204   (0)      4  : 0.0073 0.0000 0.0239 0.9688 0.0000
205      205   (0)      4  : 0.0248 0.0000 0.0000 0.9661 0.0091
206      206   (0)      4  : 0.0000 0.0000 0.0000 1.0000 0.0000
207      207   (0)      4  : 0.0000 0.0000 0.0000 1.0000 0.0000
208      208   (0)      4  : 0.9394 0.0000 0.0000 0.0606 0.0000
209      209   (0)      4  : 0.0127 0.0000 0.0000 0.9873 0.0000
210      210   (0)      4  : 0.0000 0.0000 0.0000 1.0000 0.0000
211      211   (0)      4  : 0.0140 0.0000 0.0034 0.9826 0.0000
212      212   (0)      4  : 0.9991 0.0000 0.0000 0.0009 0.0000
213      213   (0)      4  : 0.0178 0.0000 0.0000 0.9676 0.0147
214      214   (0)      4  : 0.0003 0.0000 0.0184 0.9668 0.0145
215      215   (0)      4  : 0.5023 0.0000 0.0096 0.4882 0.0000
216      216   (0)      4  : 0.0099 0.0000 0.0000 0.9901 0.0000
217      217   (0)      4  : 0.0000 0.0000 1.0000 0.0000 0.0000
218      218   (0)      4  : 0.0423 0.0000 0.0107 0.9436 0.0035
219      219   (0)      4  : 0.0346 0.0000 0.0001 0.9653 0.0000
220      220   (0)      5  : 0.0000 0.9738 0.0055 0.0000 0.0207
221      221   (0)      5  : 0.0000 1.0000 0.0000 0.0000 0.0000
222      222   (0)      6  : 0.0000 1.0000 0.0000 0.0000 0.0000
223      223   (0)      6  : 0.0000 1.0000 0.0000 0.0000 0.0000
224      224   (0)      6  : 0.0000 0.9979 0.0000 0.0000 0.0021
225      225   (0)      6  : 0.0000 0.9651 0.0000 0.0000 0.0349
226      226   (0)      6  : 0.0000 0.9675 0.0000 0.0000 0.0325
227      227   (0)      6  : 0.0000 1.0000 0.0000 0.0000 0.0000
228      228   (0)      6  : 0.0000 0.9325 0.0000 0.0000 0.0675
229      229   (0)      6  : 0.0000 1.0000 0.0000 0.0000 0.0000
230      230   (0)      6  : 0.0000 0.9973 0.0000 0.0000 0.0027
231      231   (0)      6  : 0.0000 0.9616 0.0000 0.0000 0.0384
232      232   (0)      6  : 0.0000 0.9748 0.0000 0.0000 0.0252
233      233   (0)      6  : 0.0000 0.9661 0.0000 0.0000 0.0339
234      234   (0)      6  : 0.0000 0.9890 0.0000 0.0000 0.0110
235      235   (0)      6  : 0.0000 0.9504 0.0096 0.0000 0.0401
236      236   (0)      6  : 0.0000 0.9934 0.0000 0.0000 0.0066
237      237   (0)      6  : 0.0000 0.9915 0.0000 0.0000 0.0085
238      238   (0)      6  : 0.0000 0.9929 0.0071 0.0000 0.0000
239      239   (0)      6  : 0.0000 0.9815 0.0084 0.0000 0.0101
240      240   (0)      6  : 0.0000 0.9699 0.0055 0.0000 0.0245
241      241   (0)      6  : 0.0000 1.0000 0.0000 0.0000 0.0000
242      242   (0)      6  : 0.0000 0.9933 0.0000 0.0000 0.0067
243      243   (0)      6  : 0.0000 0.9211 0.0000 0.0000 0.0789
244      244   (0)      6  : 0.0000 0.9988 0.0000 0.0000 0.0012
245      245   (0)      6  : 0.0000 0.9740 0.0000 0.0000 0.0260
246      246   (0)      6  : 0.0000 1.0000 0.0000 0.0000 0.0000
247      247   (0)      6  : 0.0000 1.0000 0.0000 0.0000 0.0000
248      248   (0)      6  : 0.0000 0.9923 0.0000 0.0000 0.0077
249      249   (0)      7  : 0.0000 1.0000 0.0000 0.0000 0.0000
250      250   (0)      7  : 0.0000 1.0000 0.0000 0.0000 0.0000
251      251   (0)      7  : 0.0000 1.0000 0.0000 0.0000 0.0000
252      252   (0)      7  : 0.0000 1.0000 0.0000 0.0000 0.0000
253      253   (0)      7  : 0.0000 1.0000 0.0000 0.0000 0.0000
254      254   (0)      7  : 0.0000 0.9827 0.0000 0.0000 0.0173
255      255   (0)      7  : 0.0000 0.9932 0.0000 0.0000 0.0068
256      256   (0)      7  : 0.0000 1.0000 0.0000 0.0000 0.0000
257      257   (0)      7  : 0.0000 1.0000 0.0000 0.0000 0.0000
258      258   (0)      7  : 0.0000 0.9963 0.0029 0.0000 0.0008
259      259   (0)      7  : 0.0000 0.9994 0.0000 0.0000 0.0006
260      260   (0)      7  : 0.0000 1.0000 0.0000 0.0000 0.0000
261      261   (0)      7  : 0.0000 0.9894 0.0000 0.0000 0.0106
262      262   (0)      7  : 0.0000 1.0000 0.0000 0.0000 0.0000
263      263   (0)      7  : 0.0000 0.9832 0.0000 0.0000 0.0168
264      264   (0)      7  : 0.0000 0.9989 0.0000 0.0000 0.0011
265      265   (0)      7  : 0.0000 0.9987 0.0013 0.0000 0.0000
266      266   (0)      7  : 0.0000 0.9618 0.0000 0.0000 0.0382
267      267   (0)      7  : 0.0000 0.9599 0.0096 0.0000 0.0304
268      268   (0)      7  : 0.0000 1.0000 0.0000 0.0000 0.0000
269      269   (0)      7  : 0.0000 0.9739 0.0000 0.0000 0.0261
270      270   (0)      7  : 0.0000 0.9768 0.0000 0.0000 0.0232
271      271   (0)      7  : 0.0000 1.0000 0.0000 0.0000 0.0000
272      272   (0)      7  : 0.0000 0.9999 0.0000 0.0000 0.0001
273      273   (0)      7  : 0.0000 0.9913 0.0000 0.0000 0.0087
274      274   (0)      7  : 0.0000 0.9615 0.0000 0.0000 0.0385
275      275   (0)      7  : 0.0000 0.9763 0.0123 0.0113 0.0001
276      276   (0)      7  : 0.0000 0.9994 0.0000 0.0000 0.0006
277      277   (0)      7  : 0.0000 1.0000 0.0000 0.0000 0.0000
278      278   (0)      7  : 0.0000 0.9986 0.0000 0.0000 0.0014
279      279   (0)      8  : 0.0000 1.0000 0.0000 0.0000 0.0000
280      280   (0)      8  : 0.0000 0.9944 0.0000 0.0000 0.0056
281      281   (0)      8  : 0.0000 1.0000 0.0000 0.0000 0.0000
282      282   (0)      8  : 0.0000 0.9949 0.0036 0.0000 0.0015
283      283   (0)      8  : 0.0000 0.9613 0.0103 0.0000 0.0284
284      284   (0)      8  : 0.0000 1.0000 0.0000 0.0000 0.0000
285      285   (0)      8  : 0.0000 0.9995 0.0000 0.0000 0.0005
286      286   (0)      8  : 0.0000 0.9967 0.0000 0.0000 0.0033
287      287   (0)      8  : 0.0000 1.0000 0.0000 0.0000 0.0000
288      288   (0)      8  : 0.0000 0.9555 0.0000 0.0000 0.0445
289      289   (0)      8  : 0.0000 0.9670 0.0127 0.0000 0.0202
290      290   (0)      5  : 0.0000 0.9930 0.0044 0.0000 0.0026
291      291   (0)      5  : 0.0000 1.0000 0.0000 0.0000 0.0000
292      292   (0)      5  : 0.0000 0.9863 0.0000 0.0000 0.0137
293      293   (0)      5  : 0.0000 0.9713 0.0000 0.0000 0.0287
294      294   (0)      5  : 0.0000 0.9915 0.0000 0.0000 0.0085
295      295   (0)      5  : 0.0000 0.9994 0.0006 0.0000 0.0000
296      296   (0)      5  : 0.0000 0.9499 0.0104 0.0000 0.0397
297      297   (0)      5  : 0.0000 0.9388 0.0198 0.0000 0.0414
298      298   (0)      5  : 0.0000 1.0000 0.0000 0.0000 0.0000
299      299   (0)      5  : 0.0000 0.9965 0.0000 0.0000 0.0035
300      300   (0)      5  : 0.0000 1.0000 0.0000 0.0000 0.0000
301      301   (0)      5  : 0.0000 0.9940 0.0000 0.0000 0.0060
302      302   (0)      5  : 0.0000 1.0000 0.0000 0.0000 0.0000
303      303   (0)      5  : 0.0000 1.0000 0.0000 0.0000 0.0000
304      304   (0)      5  : 0.0000 0.9985 0.0000 0.0000 0.0015
305      305   (0)      5  : 0.0000 0.9813 0.0087 0.0000 0.0100
306      306   (0)      5  : 0.0000 1.0000 0.0000 0.0000 0.0000
307      307   (0)      5  : 0.0000 0.9426 0.0000 0.0000 0.0574
308      308   (0)      5  : 0.0000 0.9558 0.0000 0.0000 0.0442
309      309   (0)      5  : 0.0000 0.9891 0.0000 0.0000 0.0109
310      310   (0)      5  : 0.0000 0.9804 0.0000 0.0000 0.0196
311      311   (0)      5  : 0.0000 0.9790 0.0000 0.0000 0.0210
312      312   (0)      5  : 0.0000 0.9572 0.0000 0.0000 0.0428
313      313   (0)      5  : 0.0000 0.9873 0.0000 0.0000 0.0127
314      314   (0)      5  : 0.0000 0.9849 0.0000 0.0000 0.0151
315      315   (0)      5  : 0.0000 0.9881 0.0000 0.0000 0.0119
316      316   (0)      5  : 0.0000 0.9894 0.0000 0.0000 0.0106
317      317   (0)      5  : 0.0000 1.0000 0.0000 0.0000 0.0000
318      318   (0)      8  : 0.0000 0.9970 0.0030 0.0000 0.0000
319      319   (0)      8  : 0.0000 1.0000 0.0000 0.0000 0.0000
320      320   (0)      9  : 0.0000 0.9987 0.0000 0.0000 0.0013
321      321   (0)      9  : 0.0000 0.9790 0.0208 0.0000 0.0002
322      322   (0)      9  : 0.0000 1.0000 0.0000 0.0000 0.0000
323      323   (0)      9  : 0.0000 0.9975 0.0000 0.0000 0.0025
324      324   (0)      9  : 0.0000 1.0000 0.0000 0.0000 0.0000
325      325   (0)      8  : 0.0000 0.9998 0.0002 0.0000 0.0000
326      326   (0)      8  : 0.0000 1.0000 0.0000 0.0000 0.0000
327      327   (0)      8  : 0.0000 1.0000 0.0000 0.0000 0.0000
328      328   (0)      8  : 0.0000 1.0000 0.0000 0.0000 0.0000
329      329   (0)      8  : 0.0000 1.0000 0.0000 0.0000 0.0000
330      330   (0)      9  : 0.0000 0.9756 0.0000 0.0000 0.0244
331      331   (0)      9  : 0.0000 1.0000 0.0000 0.0000 0.0000
332      332   (0)      9  : 0.0000 0.9974 0.0000 0.0000 0.0026
333      333   (0)      9  : 0.0000 1.0000 0.0000 0.0000 0.0000
334      334   (0)      9  : 0.0000 1.0000 0.0000 0.0000 0.0000
335      335   (0)      9  : 0.0000 1.0000 0.0000 0.0000 0.0000
336      336   (0)      8  : 0.0000 1.0000 0.0000 0.0000 0.0000
337      337   (0)      8  : 0.0000 0.9891 0.0000 0.0000 0.0109
338      338   (0)      8  : 0.0000 0.9988 0.0003 0.0000 0.0009
339      339   (0)      8  : 0.0000 1.0000 0.0000 0.0000 0.0000
340      340   (0)      8  : 0.0000 1.0000 0.0000 0.0000 0.0000
341      341   (0)      8  : 0.0000 0.9323 0.0021 0.0000 0.0656
342      342   (0)      8  : 0.0000 1.0000 0.0000 0.0000 0.0000
343      343   (0)      9  : 0.0000 1.0000 0.0000 0.0000 0.0000
344      344   (0)      9  : 0.0000 1.0000 0.0000 0.0000 0.0000
345      345   (0)      9  : 0.0000 1.0000 0.0000 0.0000 0.0000
346      346   (0)      9  : 0.0000 0.9938 0.0000 0.0000 0.0062
347      347   (0)      9  : 0.0000 0.9846 0.0000 0.0000 0.0154
348      348   (0)      9  : 0.0000 0.9617 0.0000 0.0000 0.0383
349      349   (0)      9  : 0.0000 0.9142 0.0000 0.0044 0.0813
350      350   (0)      9  : 0.0000 0.9955 0.0000 0.0000 0.0045
351      351   (0)      9  : 0.0000 0.9685 0.0000 0.0000 0.0315
352      352   (0)      9  : 0.0000 0.9765 0.0000 0.0000 0.0235
353      353   (0)      9  : 0.0000 0.9749 0.0000 0.0000 0.0251
354      354   (0)      9  : 0.0000 1.0000 0.0000 0.0000 0.0000
355      355   (0)      9  : 0.0000 0.9981 0.0000 0.0000 0.0019
356      356   (0)      9  : 0.0000 0.9800 0.0000 0.0000 0.0200
357      357   (0)      9  : 0.0000 0.9964 0.0035 0.0000 0.0000
358      358   (0)      9  : 0.0000 0.9684 0.0000 0.0000 0.0316
359      359   (0)      9  : 0.0000 0.9933 0.0000 0.0000 0.0067
360      360   (0)      9  : 0.0000 1.0000 0.0000 0.0000 0.0000
361      361   (0)      9  : 0.0000 1.0000 0.0000 0.0000 0.0000
362      362   (0)     10  : 0.0000 1.0000 0.0000 0.0000 0.0000
363      363   (0)     10  : 0.0000 1.0000 0.0000 0.0000 0.0000
364      364   (0)     10  : 0.0000 1.0000 0.0000 0.0000 0.0000
365      365   (0)     10  : 0.0000 0.9895 0.0105 0.0000 0.0000
366      366   (0)     10  : 0.0000 0.9923 0.0077 0.0000 0.0000
367      367   (0)     10  : 0.0000 0.9802 0.0000 0.0000 0.0198
368      368   (0)     10  : 0.0000 1.0000 0.0000 0.0000 0.0000
369      369   (0)     10  : 0.0000 1.0000 0.0000 0.0000 0.0000
370      370   (0)     10  : 0.0000 0.9471 0.0067 0.0000 0.0462
371      371   (0)     10  : 0.0000 0.9895 0.0000 0.0000 0.0105
372      372   (0)     10  : 0.0000 0.9999 0.0000 0.0000 0.0001
373      373   (0)     10  : 0.0000 1.0000 0.0000 0.0000 0.0000
374      374   (0)     10  : 0.0000 0.9996 0.0000 0.0000 0.0004
375      375   (0)     10  : 0.0000 1.0000 0.0000 0.0000 0.0000
376      376   (0)     10  : 0.0000 0.9990 0.0000 0.0000 0.0010
377      377   (0)     10  : 0.0000 0.9671 0.0000 0.0000 0.0329
378      378   (0)     10  : 0.0000 0.9914 0.0000 0.0086 0.0000
379      379   (0)     10  : 0.0000 0.9547 0.0001 0.0000 0.0452
380      380   (0)     10  : 0.0000 0.9975 0.0000 0.0000 0.0025
381      381   (0)     10  : 0.0000 0.9965 0.0000 0.0000 0.0035
382      382   (0)     10  : 0.0000 1.0000 0.0000 0.0000 0.0000
383      383   (0)     10  : 0.0000 0.9384 0.0009 0.0000 0.0607
384      384   (0)     10  : 0.0000 0.9939 0.0061 0.0000 0.0000
385      385   (0)     10  : 0.0000 1.0000 0.0000 0.0000 0.0000
386      386   (0)     10  : 0.0000 0.9753 0.0000 0.0000 0.0247
387      387   (0)     10  : 0.0000 0.9832 0.0168 0.0000 0.0000
388      388   (0)     10  : 0.0000 0.9961 0.0000 0.0000 0.0039
389      389   (0)     10  : 0.0000 1.0000 0.0000 0.0000 0.0000
390      390   (0)      8  : 0.0000 0.9624 0.0000 0.0000 0.0376
391      391   (0)      8  : 0.0000 0.9898 0.0102 0.0000 0.0000
392      392   (0)      8  : 0.0000 0.9625 0.0000 0.0000 0.0375
393      393   (0)     11  : 0.0000 0.9924 0.0000 0.0000 0.0076
394      394   (0)     11  : 0.0000 0.9997 0.0000 0.0000 0.0003
395      395   (0)     11  : 0.0274 0.9529 0.0000 0.0004 0.0194
396      396   (0)     11  : 0.0469 0.9149 0.0000 0.0000 0.0383
397      397   (0)     11  : 0.0000 0.9898 0.0102 0.0000 0.0000
398      398   (0)     11  : 0.0000 1.0000 0.0000 0.0000 0.0000
399      399   (0)     11  : 0.0005 0.9995 0.0000 0.0000 0.0000
400      400   (0)     11  : 0.0000 0.9914 0.0086 0.0000 0.0000
401      401   (0)     11  : 0.0179 0.9821 0.0000 0.0000 0.0000
402      402   (0)     11  : 0.0000 1.0000 0.0000 0.0000 0.0000
403      403   (0)     11  : 0.0000 1.0000 0.0000 0.0000 0.0000
404      404   (0)     11  : 0.0000 0.9792 0.0000 0.0000 0.0208
405      405   (0)     11  : 0.0105 0.8965 0.0000 0.0000 0.0930
406      406   (0)     11  : 0.0051 0.9949 0.0000 0.0000 0.0000
407      407   (0)     11  : 0.0000 1.0000 0.0000 0.0000 0.0000
408      408   (0)     11  : 0.0000 0.9997 0.0000 0.0000 0.0003
409      409   (0)     11  : 0.0044 0.9568 0.0091 0.0040 0.0256
410      410   (0)     11  : 0.0000 1.0000 0.0000 0.0000 0.0000
411      411   (0)     11  : 0.0000 1.0000 0.0000 0.0000 0.0000
412      412   (0)     11  : 0.0000 0.9999 0.0000 0.0000 0.0001
413      413   (0)     11  : 0.0000 0.9664 0.0001 0.0000 0.0335
414      414   (0)     11  : 0.0000 1.0000 0.0000 0.0000 0.0000
415      415   (0)     11  : 0.0000 0.9998 0.0000 0.0000 0.0002
416      416   (0)     11  : 0.0000 0.9645 0.0000 0.0000 0.0355
417      417   (0)     11  : 0.0000 1.0000 0.0000 0.0000 0.0000
418      418   (0)     11  : 0.0185 0.9522 0.0000 0.0000 0.0293
419      419   (0)     11  : 0.0000 0.9842 0.0000 0.0000 0.0158
420      420   (0)     11  : 0.0000 1.0000 0.0000 0.0000 0.0000
421      421   (0)     11  : 0.0000 0.9721 0.0082 0.0000 0.0198
422      422   (0)     11  : 0.0000 0.9926 0.0000 0.0000 0.0074
423      423   (0)     12  : 1.0000 0.0000 0.0000 0.0000 0.0000
424      424   (0)     12  : 0.0000 0.1708 0.0000 0.0000 0.8292
425      425   (0)     12  : 1.0000 0.0000 0.0000 0.0000 0.0000
426      426   (0)     12  : 0.0001 0.0069 0.0000 0.0000 0.9930
427      427   (0)     12  : 0.9985 0.0000 0.0000 0.0015 0.0000
428      428   (0)     12  : 0.9215 0.0000 0.0000 0.0561 0.0225
429      429   (0)     12  : 0.0000 0.0000 0.0991 0.0000 0.9009
430      430   (0)     12  : 0.9846 0.0000 0.0000 0.0154 0.0000
431      431   (0)     12  : 0.9682 0.0000 0.0073 0.0244 0.0000
432      432   (0)     12  : 0.0000 0.1165 0.0000 0.0000 0.8835
433      433   (0)     12  : 0.9846 0.0000 0.0000 0.0000 0.0154
434      434   (0)     12  : 1.0000 0.0000 0.0000 0.0000 0.0000
435      435   (0)     12  : 0.9417 0.0000 0.0071 0.0358 0.0153
436      436   (0)     12  : 0.9831 0.0000 0.0044 0.0125 0.0000
437      437   (0)     12  : 0.9646 0.0000 0.0000 0.0000 0.0354
438      438   (0)     12  : 1.0000 0.0000 0.0000 0.0000 0.0000
439      439   (0)     12  : 0.0000 0.0880 0.0000 0.0000 0.9120
440      440   (0)     12  : 0.0000 0.0708 0.0000 0.0000 0.9292
441      441   (0)     12  : 1.0000 0.0000 0.0000 0.0000 0.0000
442      442   (0)     12  : 0.0000 0.0000 0.0400 0.0000 0.9600
443      443   (0)     12  : 0.9981 0.0000 0.0000 0.0019 0.0000
444      444   (0)     12  : 0.9997 0.0000 0.0000 0.0003 0.0000
445      445   (0)     12  : 0.9888 0.0000 0.0000 0.0112 0.0000
446      446   (0)     12  : 1.0000 0.0000 0.0000 0.0000 0.0000
447      447   (0)     12  : 0.9987 0.0000 0.0000 0.0013 0.0000
448      448   (0)     12  : 1.0000 0.0000 0.0000 0.0000 0.0000
449      449   (0)     12  : 1.0000 0.0000 0.0000 0.0000 0.0000
450      450   (0)     12  : 1.0000 0.0000 0.0000 0.0000 0.0000
451      451   (0)     12  : 0.9671 0.0000 0.0000 0.0329 0.0000
452      452   (0)     12  : 0.9923 0.0000 0.0000 0.0059 0.0018
453      453   (0)     13  : 1.0000 0.0000 0.0000 0.0000 0.0000
454      454   (0)     13  : 0.9906 0.0000 0.0094 0.0000 0.0000
455      455   (0)     13  : 1.0000 0.0000 0.0000 0.0000 0.0000
456      456   (0)     13  : 0.0000 0.0721 0.0000 0.0000 0.9279
457      457   (0)     13  : 0.9601 0.0000 0.0000 0.0387 0.0012
458      458   (0)     13  : 1.0000 0.0000 0.0000 0.0000 0.0000
459      459   (0)     13  : 1.0000 0.0000 0.0000 0.0000 0.0000
460      460   (0)     13  : 1.0000 0.0000 0.0000 0.0000 0.0000
461      461   (0)     13  : 1.0000 0.0000 0.0000 0.0000 0.0000
462      462   (0)     13  : 0.9703 0.0000 0.0018 0.0279 0.0000
463      463   (0)     13  : 0.9889 0.0000 0.0017 0.0094 0.0000
464      464   (0)     13  : 0.0133 0.0000 0.0157 0.9710 0.0000
465      465   (0)     13  : 0.9794 0.0000 0.0040 0.0000 0.0166
466      466   (0)     13  : 0.9962 0.0000 0.0038 0.0000 0.0000
467      467   (0)     13  : 0.9773 0.0000 0.0030 0.0197 0.0000
468      468   (0)     13  : 0.0644 0.0072 0.0000 0.9284 0.0000
469      469   (0)     13  : 0.0000 0.0000 0.0000 1.0000 0.0000
470      470   (0)     13  : 0.9989 0.0000 0.0000 0.0011 0.0000
471      471   (0)     13  : 0.9669 0.0331 0.0000 0.0000 0.0000
472      472   (0)     13  : 0.9983 0.0000 0.0015 0.0003 0.0000
473      473   (0)     13  : 0.0518 0.1823 0.0000 0.0000 0.7659
474      474   (0)     13  : 1.0000 0.0000 0.0000 0.0000 0.0000
475      475   (0)     13  : 1.0000 0.0000 0.0000 0.0000 0.0000
476      476   (0)     13  : 0.0000 0.0018 0.0000 0.0000 0.9982
477      477   (0)     13  : 0.9579 0.0000 0.0000 0.0189 0.0233
478      478   (0)     13  : 0.9741 0.0000 0.0158 0.0000 0.0101
479      479   (0)     13  : 1.0000 0.0000 0.0000 0.0000 0.0000
480      480   (0)     13  : 0.0000 0.0656 0.0000 0.0000 0.9344
481      481   (0)     13  : 0.1048 0.0000 0.0204 0.8622 0.0126
482      482   (0)     13  : 0.9800 0.0000 0.0000 0.0200 0.0000
483      483   (0)     14  : 1.0000 0.0000 0.0000 0.0000 0.0000
484      484   (0)     14  : 1.0000 0.0000 0.0000 0.0000 0.0000
485      485   (0)     15  : 0.9996 0.0000 0.0000 0.0004 0.0000
486      486   (0)     15  : 1.0000 0.0000 0.0000 0.0000 0.0000
487      487   (0)     15  : 0.9934 0.0000 0.0063 0.0003 0.0000
488      488   (0)     15  : 0.9966 0.0000 0.0034 0.0000 0.0000
489      489   (0)     15  : 0.0000 0.1398 0.0000 0.0000 0.8602
490      490   (0)     15  : 0.0000 0.0339 0.0000 0.0000 0.9661
491      491   (0)     15  : 1.0000 0.0000 0.0000 0.0000 0.0000
492      492   (0)     15  : 0.0000 0.0149 0.0000 0.0000 0.9851
493      493   (0)     15  : 0.9787 0.0000 0.0175 0.0038 0.0000
494      494   (0)     15  : 0.9999 0.0000 0.0000 0.0001 0.0000
495      495   (0)     15  : 0.9969 0.0000 0.0031 0.0000 0.0000
496      496   (0)     15  : 0.9958 0.0000 0.0042 0.0000 0.0000
497      497   (0)     15  : 0.9930 0.0000 0.0000 0.0070 0.0000
498      498   (0)     15  : 0.9610 0.0000 0.0000 0.0390 0.0000
499      499   (0)     15  : 0.9886 0.0000 0.0000 0.0114 0.0000
500      500   (0)     15  : 0.9996 0.0000 0.0000 0.0004 0.0000
501      501   (0)     15  : 0.9777 0.0000 0.0057 0.0024 0.0141
502      502   (0)     15  : 0.9961 0.0000 0.0000 0.0039 0.0000
503      503   (0)     15  : 1.0000 0.0000 0.0000 0.0000 0.0000
504      504   (0)     15  : 1.0000 0.0000 0.0000 0.0000 0.0000
505      505   (0)     15  : 0.9800 0.0000 0.0028 0.0172 0.0000
506      506   (0)     15  : 0.9997 0.0000 0.0000 0.0003 0.0000
507      507   (0)     15  : 0.9941 0.0000 0.0000 0.0059 0.0000
508      508   (0)     15  : 0.9846 0.0000 0.0000 0.0153 0.0000
509      509   (0)     15  : 0.0000 0.0462 0.0000 0.0000 0.9538
510      510   (0)     15  : 0.0000 0.0935 0.0000 0.0000 0.9065
511      511   (0)     15  : 0.9570 0.0222 0.0089 0.0026 0.0092
512      512   (0)     15  : 1.0000 0.0000 0.0000 0.0000 0.0000
513      513   (0)     15  : 0.9914 0.0000 0.0000 0.0086 0.0000
514      514   (0)     15  : 0.9774 0.0000 0.0000 0.0213 0.0013
515      515   (0)     16  : 0.0435 0.0000 0.0046 0.9518 0.0000
516      516   (0)     16  : 0.9903 0.0000 0.0078 0.0019 0.0000
517      517   (0)     16  : 0.0000 0.1117 0.0000 0.0000 0.8883
518      518   (0)     16  : 0.9697 0.0000 0.0165 0.0125 0.0013
519      519   (0)     16  : 0.9924 0.0000 0.0000 0.0076 0.0000
520      520   (0)     16  : 0.9750 0.0000 0.0000 0.0250 0.0000
521      521   (0)     16  : 0.9911 0.0000 0.0000 0.0089 0.0000
522      522   (0)     16  : 0.0000 0.0000 0.0558 0.0000 0.9442
523      523   (0)     16  : 0.9967 0.0000 0.0000 0.0033 0.0000
524      524   (0)     16  : 0.0000 0.1181 0.0000 0.0000 0.8819
525      525   (0)     16  : 0.9995 0.0000 0.0000 0.0005 0.0000
526      526   (0)     16  : 0.9942 0.0000 0.0031 0.0027 0.0000
527      527   (0)     16  : 0.0000 0.0640 0.0000 0.0000 0.9360
528      528   (0)     16  : 0.9532 0.0000 0.0000 0.0468 0.0000
529      529   (0)     16  : 0.9865 0.0000 0.0000 0.0135 0.0000
530      530   (0)     16  : 0.9445 0.0000 0.0000 0.0555 0.0000
531      531   (0)     16  : 1.0000 0.0000 0.0000 0.0000 0.0000
532      532   (0)     16  : 0.0000 0.0000 0.0601 0.0000 0.9399
533      533   (0)     16  : 0.0000 0.0000 0.0775 0.0000 0.9225
534      534   (0)     16  : 1.0000 0.0000 0.0000 0.0000 0.0000
535      535   (0)     16  : 1.0000 0.0000 0.0000 0.0000 0.0000
536      536   (0)     16  : 0.9920 0.0000 0.0000 0.0080 0.0000
537      537   (0)     16  : 0.9992 0.0000 0.0000 0.0001 0.0007
538      538   (0)     16  : 1.0000 0.0000 0.0000 0.0000 0.0000
539      539   (0)     16  : 0.9979 0.0000 0.0000 0.0021 0.0000
540      540   (0)     16  : 0.9982 0.0000 0.0000 0.0018 0.0000
541      541   (0)     16  : 0.0000 0.0000 1.0000 0.0000 0.0000
542      542   (0)     16  : 0.9856 0.0000 0.0000 0.0144 0.0000
543      543   (0)     16  : 1.0000 0.0000 0.0000 0.0000 0.0000
544      544   (0)     16  : 1.0000 0.0000 0.0000 0.0000 0.0000
