  1        1   (0)      1 :  0.0500 0.1515 0.0000 0.0039 0.2839 0.0581 0.4285 0.0000 0.0000 0.0145 0.0000 0.0097 
  2        2   (0)      1 :  0.0081 0.0192 0.0000 0.0019 0.0115 0.0609 0.0043 0.0000 0.0000 0.0033 0.0000 0.8909 
  3        3   (0)      1 :  0.0000 0.0149 0.0000 0.0236 0.0094 0.2127 0.0086 0.0000 0.0000 0.0000 0.0000 0.7308 
  4        4   (0)      1 :  0.0439 0.0730 0.0000 0.0432 0.2736 0.0578 0.4319 0.0000 0.0000 0.0543 0.0104 0.0119 
  5        5   (0)      1 :  0.1686 0.1121 0.0000 0.0224 0.1661 0.0142 0.4813 0.0000 0.0000 0.0191 0.0022 0.0141 
  6        6   (0)      1 :  0.0449 0.2103 0.0000 0.0626 0.1197 0.0153 0.5401 0.0000 0.0000 0.0050 0.0000 0.0022 
  7        7   (0)      1 :  0.0000 0.0020 0.0000 0.0074 0.0032 0.0970 0.0000 0.0000 0.0000 0.0054 0.0000 0.8850 
  8        8   (0)      1 :  0.0130 0.0005 0.0000 0.0507 0.0021 0.0602 0.0017 0.0000 0.0000 0.0000 0.0000 0.8718 
  9        9   (0)      1 :  0.0405 0.3316 0.0000 0.0000 0.1680 0.0753 0.3759 0.0000 0.0000 0.0000 0.0000 0.0087 
 10       10   (0)      1 :  0.0000 0.0150 0.0000 0.0158 0.0090 0.0985 0.0052 0.0000 0.0000 0.0039 0.0000 0.8527 
 11       11   (0)      1 :  0.0168 0.1098 0.0000 0.0165 0.4153 0.1763 0.2613 0.0000 0.0000 0.0000 0.0010 0.0030 
 12       12   (0)      1 :  0.0278 0.1188 0.0000 0.0945 0.2206 0.0320 0.5025 0.0005 0.0007 0.0000 0.0000 0.0026 
 13       13   (0)      1 :  0.0000 0.0777 0.0000 0.0865 0.4307 0.1212 0.2836 0.0000 0.0000 0.0000 0.0000 0.0003 
 14       14   (0)      1 :  0.0247 0.0902 0.0000 0.0604 0.2525 0.0488 0.4990 0.0011 0.0000 0.0206 0.0027 0.0000 
 15       15   (0)      1 :  0.0984 0.1145 0.0000 0.0000 0.3205 0.0584 0.4069 0.0000 0.0000 0.0000 0.0013 0.0000 
 16       16   (0)      1 :  0.0122 0.1435 0.0000 0.0705 0.3084 0.0276 0.3642 0.0003 0.0000 0.0213 0.0000 0.0520 
 17       17   (0)      1 :  0.0500 0.1696 0.0000 0.0148 0.1587 0.0402 0.5360 0.0000 0.0000 0.0300 0.0000 0.0006 
 18       18   (0)      1 :  0.0669 0.1954 0.0000 0.0529 0.2802 0.1199 0.2595 0.0000 0.0000 0.0251 0.0000 0.0000 
 19       19   (0)      1 :  0.1523 0.0758 0.0000 0.0550 0.1998 0.0328 0.4385 0.0038 0.0000 0.0421 0.0000 0.0000 
 20       20   (0)      1 :  0.0263 0.1176 0.0000 0.0000 0.2432 0.0001 0.5177 0.0000 0.0000 0.0947 0.0000 0.0004 
 21       21   (0)      1 :  0.1753 0.1410 0.0000 0.0000 0.2535 0.0794 0.3355 0.0000 0.0000 0.0148 0.0005 0.0000 
 22       22   (0)      1 :  0.0000 0.0002 0.0000 0.0000 0.0157 0.1864 0.0303 0.0000 0.0000 0.0000 0.0000 0.7674 
 23       23   (0)      1 :  0.0090 0.2073 0.0000 0.1234 0.1563 0.0371 0.4044 0.0000 0.0000 0.0625 0.0000 0.0000 
 24       24   (0)      1 :  0.0000 0.0105 0.0000 0.0010 0.3500 0.0087 0.6259 0.0000 0.0000 0.0000 0.0006 0.0034 
 25       25   (0)      1 :  0.1398 0.0885 0.0000 0.0037 0.1536 0.0152 0.5405 0.0000 0.0000 0.0508 0.0000 0.0079 
 26       26   (0)      1 :  0.0502 0.1527 0.0000 0.0778 0.3011 0.0377 0.3699 0.0000 0.0000 0.0107 0.0000 0.0000 
 27       27   (0)      1 :  0.0190 0.0051 0.0125 0.0175 0.0000 0.0000 0.0000 0.9219 0.0240 0.0000 0.0000 0.0000 
 28       28   (0)      1 :  0.0000 0.0000 0.0152 0.0582 0.0000 0.0000 0.0000 0.9267 0.0000 0.0000 0.0000 0.0000 
 29       29   (0)      1 :  0.0000 0.1819 0.0000 0.0467 0.3348 0.0241 0.3877 0.0000 0.0000 0.0116 0.0049 0.0084 
 30       30   (0)      1 :  0.0654 0.0970 0.0000 0.0000 0.0779 0.2500 0.5094 0.0000 0.0000 0.0000 0.0003 0.0000 
 31       31   (0)      1 :  0.0000 0.1174 0.0000 0.0031 0.4804 0.0249 0.3381 0.0000 0.0000 0.0170 0.0000 0.0191 
 32       32   (0)      1 :  0.0000 0.0000 0.0000 0.0000 0.0295 0.1200 0.0415 0.0000 0.0000 0.0025 0.0004 0.8061 
 33       33   (0)      1 :  0.0000 0.0000 0.0066 0.0253 0.1473 0.0275 0.2462 0.3881 0.0005 0.0000 0.0000 0.1585 
 34       34   (0)      1 :  0.2124 0.2010 0.0000 0.0000 0.1156 0.1022 0.3410 0.0000 0.0000 0.0260 0.0000 0.0016 
 35       35   (0)      1 :  0.0000 0.0500 0.0000 0.0000 0.0000 0.0000 0.0000 0.0000 0.0000 0.0000 0.9500 0.0000 
 36       36   (0)      1 :  0.0000 0.0500 0.0000 0.0000 0.0000 0.0000 0.0000 0.0000 0.0000 0.0000 0.9500 0.0000 
 37       37   (0)      1 :  0.0000 0.0000 0.0000 0.0000 0.0000 0.0000 0.0000 0.0000 0.0000 0.0000 1.0000 0.0000 
 38       38   (0)      1 :  0.0000 0.0000 0.0078 0.0230 0.0000 0.0000 0.0000 0.9615 0.0077 0.0000 0.0000 0.0000 
 39       39   (0)      1 :  0.0012 0.0000 0.0002 0.0093 0.0000 0.0034 0.0000 0.9683 0.0177 0.0000 0.0000 0.0000 
 40       40   (0)      1 :  0.0169 0.2257 0.0000 0.0406 0.2619 0.0236 0.4046 0.0000 0.0000 0.0267 0.0000 0.0000 
 41       41   (0)      1 :  0.0102 0.0074 0.0000 0.0279 0.0096 0.1093 0.0058 0.0000 0.0000 0.0000 0.0000 0.8296 
 42       42   (0)      1 :  0.0074 0.0000 0.0069 0.0079 0.0000 0.0000 0.0000 0.9778 0.0000 0.0000 0.0000 0.0000 
 43       43   (0)      1 :  0.0400 0.0611 0.0000 0.2618 0.2170 0.0187 0.3392 0.0000 0.0000 0.0500 0.0074 0.0047 
 44       44   (0)      1 :  0.0061 0.0027 0.0000 0.0010 0.0003 0.0957 0.0003 0.0000 0.0000 0.0041 0.0000 0.8897 
 45       45   (0)      1 :  0.0000 0.0000 0.0000 0.0151 0.0000 0.0000 0.0000 0.9774 0.0075 0.0000 0.0000 0.0000 
 46       46   (0)      1 :  0.0793 0.1156 0.0000 0.1830 0.2182 0.0000 0.3502 0.0000 0.0018 0.0519 0.0000 0.0000 
 47       47   (0)      1 :  0.0065 0.0098 0.0000 0.0000 0.0000 0.0000 0.0000 0.9715 0.0121 0.0000 0.0000 0.0000 
 48       48   (0)      1 :  0.0000 0.0084 0.0000 0.0000 0.0118 0.2278 0.0055 0.0000 0.0000 0.0099 0.0000 0.7367 
 49       49   (0)      1 :  0.0054 0.0030 0.0000 0.0132 0.0000 0.0877 0.0013 0.0000 0.0000 0.0021 0.0000 0.8873 
 50       50   (0)      1 :  0.0001 0.0000 0.0089 0.0178 0.0000 0.0000 0.0000 0.9732 0.0000 0.0000 0.0000 0.0000 
 51       51   (0)      1 :  0.0002 0.0000 0.0094 0.0189 0.0000 0.0000 0.0000 0.9712 0.0000 0.0003 0.0000 0.0000 
 52       52   (0)      1 :  0.0000 0.0000 0.0000 0.0500 0.0090 0.1265 0.0735 0.0000 0.0000 0.0000 0.0000 0.7410 
 53       53   (0)      1 :  0.0000 0.0002 0.0000 0.0071 0.0185 0.1511 0.0181 0.0000 0.0000 0.0034 0.0000 0.8016 
 54       54   (0)      1 :  0.0000 0.0121 0.0000 0.0125 0.0086 0.2091 0.0020 0.0000 0.0000 0.0010 0.0000 0.7548 
 55       55   (0)      1 :  0.0000 0.0000 0.0164 0.0095 0.0000 0.0000 0.0000 0.9667 0.0074 0.0000 0.0000 0.0000 
 56       56   (0)      2 :  0.0146 0.0772 0.0000 0.0000 0.1826 0.0676 0.5997 0.0004 0.0000 0.0500 0.0000 0.0080 
 57       57   (0)      2 :  0.1500 0.3088 0.0000 0.0000 0.1429 0.0500 0.3006 0.0000 0.0000 0.0378 0.0099 0.0000 
 58       58   (0)      2 :  0.0000 0.1862 0.0000 0.0000 0.5812 0.0356 0.1748 0.0000 0.0000 0.0206 0.0000 0.0016 
 59       59   (0)      2 :  0.0210 0.0294 0.0000 0.0332 0.4398 0.0224 0.4505 0.0000 0.0000 0.0024 0.0000 0.0014 
 60       60   (0)      2 :  0.0197 0.0128 0.0000 0.0024 0.0099 0.1891 0.0096 0.0000 0.0000 0.0000 0.0000 0.7565 
 61       61   (0)      2 :  0.0500 0.2812 0.0000 0.0492 0.1284 0.0165 0.4565 0.0000 0.0000 0.0160 0.0023 0.0000 
 62       62   (0)      2 :  0.0000 0.0500 0.0000 0.0000 0.0000 0.0000 0.0000 0.0000 0.0000 0.0000 0.9500 0.0000 
 63       63   (0)      2 :  0.0000 0.1791 0.0000 0.0000 0.1623 0.1586 0.4299 0.0000 0.0000 0.0595 0.0000 0.0105 
 64       64   (0)      2 :  0.0000 0.0500 0.0000 0.0000 0.0000 0.0000 0.0000 0.0000 0.0000 0.0000 0.9500 0.0000 
 65       65   (0)      2 :  0.0776 0.1582 0.0000 0.0755 0.1126 0.0309 0.4944 0.0000 0.0000 0.0298 0.0000 0.0210 
 66       66   (0)      2 :  0.0000 0.0000 0.0000 0.0000 0.0000 0.0000 0.0000 0.0000 0.0000 0.0000 1.0000 0.0000 
 67       67   (0)      2 :  0.0210 0.3457 0.0000 0.0000 0.1430 0.0175 0.4584 0.0000 0.0000 0.0120 0.0024 0.0000 
 68       68   (0)      2 :  0.0308 0.1072 0.0000 0.0897 0.1263 0.0306 0.5665 0.0000 0.0000 0.0338 0.0008 0.0142 
 69       69   (0)      2 :  0.0003 0.0035 0.0000 0.0083 0.0065 0.0818 0.0122 0.0000 0.0000 0.0000 0.0001 0.8873 
 70       70   (0)      2 :  0.0000 0.2506 0.0000 0.0000 0.3302 0.0146 0.3791 0.0000 0.0000 0.0249 0.0000 0.0005 
 71       71   (0)      2 :  0.0000 0.0361 0.0000 0.0000 0.0000 0.0000 0.0000 0.0000 0.0000 0.0000 0.9639 0.0000 
 72       72   (0)      2 :  0.0000 0.0000 0.0000 0.0000 0.0000 0.0000 0.0000 0.0000 0.0000 0.0000 1.0000 0.0000 
 73       73   (0)      2 :  0.0109 0.0834 0.0000 0.1500 0.3895 0.1149 0.1996 0.0003 0.0000 0.0180 0.0000 0.0335 
 74       74   (0)      2 :  0.0000 0.0031 0.0000 0.0267 0.0063 0.1285 0.0032 0.0000 0.0000 0.0060 0.0031 0.8233 
 75       75   (0)      2 :  0.0220 0.0050 0.0000 0.0000 0.0000 0.0244 0.0000 0.9387 0.0099 0.0000 0.0000 0.0000 
 76       76   (0)      2 :  0.0000 0.0000 0.0000 0.0228 0.0097 0.1243 0.0126 0.0000 0.0000 0.0013 0.0000 0.8292 
 77       77   (0)      2 :  0.1662 0.0846 0.0000 0.1192 0.2637 0.0553 0.2588 0.0000 0.0000 0.0246 0.0000 0.0276 
 78       78   (0)      2 :  0.0000 0.0500 0.0000 0.0000 0.0000 0.0000 0.0000 0.0000 0.0000 0.0000 0.9500 0.0000 
 79       79   (0)      2 :  0.0000 0.0000 0.0075 0.0063 0.0000 0.0000 0.0000 0.9817 0.0044 0.0000 0.0000 0.0000 
 80       80   (0)      2 :  0.0000 0.0291 0.0000 0.0000 0.0000 0.0000 0.0000 0.0000 0.0000 0.0000 0.9709 0.0000 
 81       81   (0)      2 :  0.1263 0.1103 0.0000 0.0007 0.1701 0.0168 0.5688 0.0004 0.0000 0.0000 0.0041 0.0025 
 82       82   (0)      2 :  0.0091 0.0040 0.0000 0.0076 0.0036 0.0811 0.0002 0.0000 0.0000 0.0000 0.0021 0.8923 
 83       83   (0)      2 :  0.0000 0.0005 0.0000 0.0061 0.0000 0.1148 0.0000 0.0000 0.0000 0.0011 0.0000 0.8775 
 84       84   (0)      2 :  0.0230 0.1853 0.0000 0.0073 0.1663 0.1415 0.2906 0.0000 0.0000 0.0043 0.0000 0.1817 
 85       85   (0)      2 :  0.0852 0.1610 0.0000 0.0348 0.1648 0.1311 0.4159 0.0000 0.0000 0.0000 0.0000 0.0072 
 86       86   (0)      2 :  0.1366 0.0519 0.0000 0.0500 0.2074 0.0116 0.5152 0.0000 0.0000 0.0178 0.0000 0.0095 
 87       87   (0)      2 :  0.0000 0.0842 0.0000 0.1032 0.3657 0.0340 0.3621 0.0000 0.0000 0.0411 0.0000 0.0097 
 88       88   (0)      2 :  0.0000 0.1220 0.0000 0.0562 0.2726 0.0129 0.4863 0.0000 0.0000 0.0500 0.0000 0.0000 
 89       89   (0)      2 :  0.1017 0.0967 0.0000 0.0080 0.2160 0.1540 0.4115 0.0000 0.0000 0.0121 0.0000 0.0000 
 90       90   (0)      2 :  0.0000 0.0893 0.0000 0.0207 0.3672 0.0278 0.4539 0.0000 0.0000 0.0188 0.0058 0.0165 
 91       91   (0)      2 :  0.0000 0.3398 0.0000 0.0000 0.2124 0.0230 0.3935 0.0000 0.0000 0.0296 0.0000 0.0018 
 92       92   (0)      2 :  0.1856 0.0098 0.0000 0.0440 0.2351 0.0424 0.4282 0.0000 0.0000 0.0394 0.0000 0.0155 
 93       93   (0)      2 :  0.0000 0.0000 0.0000 0.0551 0.0000 0.1914 0.0000 0.0000 0.0000 0.0051 0.0000 0.7484 
 94       94   (0)      2 :  0.0141 0.0024 0.0000 0.0002 0.0080 0.1632 0.0085 0.0000 0.0000 0.0018 0.0024 0.7994 
 95       95   (0)      2 :  0.0000 0.0500 0.0000 0.0000 0.0000 0.0000 0.0000 0.0000 0.0000 0.0000 0.9500 0.0000 
 96       96   (0)      2 :  0.0000 0.0118 0.0000 0.0050 0.0052 0.2123 0.0142 0.0000 0.0000 0.0027 0.0000 0.7487 
 97       97   (0)      2 :  0.0000 0.0009 0.0000 0.0081 0.0214 0.2457 0.0072 0.0000 0.0000 0.0041 0.0000 0.7126 
 98       98   (0)      2 :  0.0000 0.3039 0.0000 0.1500 0.2695 0.0018 0.2135 0.0000 0.0000 0.0514 0.0000 0.0100 
 99       99   (0)      2 :  0.0000 0.0000 0.0000 0.0000 0.0000 0.0000 0.0000 0.0000 0.0000 0.0000 1.0000 0.0000 
100      100   (0)      2 :  0.0139 0.0472 0.0000 0.0920 0.3345 0.0256 0.4611 0.0000 0.0000 0.0256 0.0000 0.0001 
101      101   (0)      3 :  0.0100 0.0631 0.0000 0.1037 0.3230 0.0591 0.4019 0.0000 0.0000 0.0330 0.0000 0.0061 
102      102   (0)      3 :  0.0000 0.1365 0.0000 0.0113 0.1786 0.1130 0.5307 0.0000 0.0000 0.0236 0.0038 0.0024 
103      103   (0)      3 :  0.0000 0.1568 0.0000 0.0500 0.3824 0.0401 0.2992 0.0000 0.0000 0.0684 0.0000 0.0032 
104      104   (0)      3 :  0.0179 0.0344 0.0000 0.0177 0.3584 0.0320 0.4858 0.0000 0.0000 0.0500 0.0009 0.0030 
105      105   (0)      3 :  0.2500 0.0127 0.0000 0.0165 0.1779 0.0961 0.4221 0.0000 0.0000 0.0000 0.0092 0.0156 
106      106   (0)      3 :  0.0226 0.0174 0.0000 0.0000 0.2281 0.0074 0.6931 0.0000 0.0000 0.0238 0.0025 0.0050 
107      107   (0)      3 :  0.1042 0.2551 0.0000 0.0097 0.0848 0.0244 0.4942 0.0000 0.0000 0.0275 0.0000 0.0000 
108      108   (0)      3 :  0.0500 0.0450 0.0000 0.0669 0.3730 0.0530 0.3934 0.0024 0.0000 0.0139 0.0000 0.0023 
109      109   (0)      3 :  0.0000 0.0543 0.0000 0.0526 0.5278 0.0288 0.3245 0.0000 0.0000 0.0119 0.0000 0.0000 
110      110   (0)      3 :  0.0445 0.1806 0.0000 0.0471 0.0844 0.0007 0.5977 0.0000 0.0000 0.0442 0.0002 0.0007 
111      111   (0)      3 :  0.0124 0.0319 0.0000 0.0156 0.3697 0.0088 0.4943 0.0000 0.0000 0.0536 0.0064 0.0073 
112      112   (0)      3 :  0.0228 0.2002 0.0000 0.1676 0.1386 0.0348 0.3859 0.0000 0.0000 0.0500 0.0000 0.0000 
113      113   (0)      3 :  0.0167 0.0460 0.0000 0.0000 0.3239 0.1143 0.4987 0.0000 0.0000 0.0004 0.0000 0.0000 
114      114   (0)      3 :  0.0377 0.0308 0.0000 0.0000 0.3441 0.0486 0.5205 0.0000 0.0000 0.0118 0.0007 0.0058 
115      115   (0)      3 :  0.0001 0.1283 0.0000 0.0153 0.3560 0.2202 0.2442 0.0000 0.0000 0.0117 0.0000 0.0243 
116      116   (0)      3 :  0.0328 0.1976 0.0000 0.1293 0.1082 0.0148 0.4520 0.0000 0.0000 0.0637 0.0000 0.0016 
117      117   (0)      3 :  0.0124 0.0851 0.0000 0.0494 0.3272 0.0065 0.4767 0.0000 0.0000 0.0093 0.0002 0.0333 
118      118   (0)      3 :  0.0045 0.2133 0.0000 0.0015 0.2913 0.0717 0.4176 0.0000 0.0000 0.0000 0.0000 0.0001 
119      119   (0)      3 :  0.0271 0.0642 0.0000 0.2293 0.1557 0.0220 0.4866 0.0000 0.0000 0.0021 0.0000 0.0129 
120      120   (0)      3 :  0.0000 0.0530 0.0000 0.0207 0.3208 0.0201 0.4573 0.0000 0.0000 0.0106 0.0781 0.0393 
121      121   (0)      3 :  0.0281 0.0500 0.0000 0.0219 0.0607 0.1735 0.6403 0.0000 0.0000 0.0242 0.0005 0.0007 
122      122   (0)      3 :  0.0000 0.0503 0.0000 0.1667 0.2765 0.0590 0.4406 0.0000 0.0000 0.0000 0.0013 0.0055 
123      123   (0)      3 :  0.0186 0.1620 0.0000 0.0757 0.2107 0.0000 0.5056 0.0000 0.0000 0.0270 0.0000 0.0004 
124      124   (0)      3 :  0.0234 0.1406 0.0000 0.0118 0.2205 0.0383 0.5266 0.0000 0.0000 0.0388 0.0000 0.0000 
125      125   (0)      3 :  0.1454 0.1064 0.0000 0.0108 0.1278 0.0430 0.5481 0.0000 0.0000 0.0119 0.0067 0.0000 
126      126   (0)      3 :  0.1802 0.0542 0.0000 0.0098 0.2795 0.1689 0.2965 0.0000 0.0000 0.0000 0.0000 0.0109 
127      127   (0)      3 :  0.0748 0.0720 0.0000 0.1204 0.3254 0.0665 0.2853 0.0000 0.0000 0.0229 0.0000 0.0326 
128      128   (0)      3 :  0.0000 0.1151 0.0000 0.0236 0.3199 0.0966 0.4406 0.0000 0.0000 0.0041 0.0000 0.0000 
129      129   (0)      3 :  0.0004 0.1346 0.0000 0.0000 0.2142 0.1175 0.4784 0.0000 0.0000 0.0282 0.0000 0.0268 
130      130   (0)      3 :  0.0000 0.0104 0.0000 0.0154 0.0043 0.1841 0.0059 0.0000 0.0000 0.0045 0.0000 0.7754 
131      131   (0)      3 :  0.0000 0.0004 0.0000 0.0116 0.0105 0.1754 0.0710 0.0000 0.0000 0.0000 0.0006 0.7305 
132      132   (0)      3 :  0.0000 0.0000 0.0000 0.0000 0.0000 0.0000 0.0000 0.0000 0.0000 0.0000 1.0000 0.0000 
133      133   (0)      3 :  0.0089 0.0057 0.0114 0.0098 0.0000 0.0500 0.0000 0.8423 0.0029 0.0689 0.0000 0.0000 
134      134   (0)      3 :  0.0017 0.0129 0.0005 0.0176 0.0371 0.0903 0.0558 0.0218 0.0027 0.0019 0.0002 0.7575 
135      135   (0)      3 :  0.0000 0.2105 0.0000 0.0000 0.2496 0.2643 0.2501 0.0000 0.0000 0.0157 0.0090 0.0008 
136      136   (0)      3 :  0.1165 0.1699 0.0000 0.0107 0.0686 0.0491 0.5595 0.0000 0.0000 0.0194 0.0000 0.0062 
137      137   (0)      3 :  0.0000 0.0025 0.0000 0.0111 0.0000 0.2907 0.0003 0.0017 0.0000 0.0000 0.0000 0.6937 
138      138   (0)      3 :  0.0170 0.1117 0.0000 0.0190 0.4185 0.0621 0.3678 0.0000 0.0000 0.0000 0.0000 0.0039 
139      139   (0)      3 :  0.0186 0.1966 0.0000 0.0000 0.3953 0.0813 0.3052 0.0000 0.0000 0.0031 0.0000 0.0000 
140      140   (0)      3 :  0.0760 0.0771 0.0000 0.0000 0.0977 0.0555 0.6695 0.0000 0.0000 0.0232 0.0000 0.0010 
141      141   (0)      3 :  0.0000 0.0000 0.0000 0.0000 0.0000 0.0000 0.0000 0.0000 0.0000 0.0000 1.0000 0.0000 
142      142   (0)      3 :  0.0000 0.0000 0.0000 0.0000 0.0000 0.0000 0.0000 0.0000 0.0000 0.0000 1.0000 0.0000 
143      143   (0)      3 :  0.0000 0.0000 0.0000 0.0000 0.0000 0.0000 0.0000 0.0000 0.0000 0.0000 1.0000 0.0000 
144      144   (0)      3 :  0.0000 0.0000 0.0000 0.0000 0.0000 0.0000 0.0000 0.0000 0.0000 0.0000 1.0000 0.0000 
145      145   (0)      3 :  0.0000 0.0258 0.0000 0.0000 0.0000 0.0000 0.0000 0.0000 0.0000 0.0000 0.9742 0.0000 
146      146   (0)      3 :  0.0172 0.0052 0.0000 0.0029 0.0117 0.1381 0.0070 0.0000 0.0000 0.0002 0.0000 0.8177 
147      147   (0)      3 :  0.0000 0.0795 0.0000 0.0361 0.3823 0.3011 0.2010 0.0000 0.0000 0.0000 0.0000 0.0000 
148      148   (0)      3 :  0.0000 0.0000 0.0000 0.0000 0.0000 0.0000 0.0000 0.0000 0.0000 0.0000 1.0000 0.0000 
149      149   (0)      3 :  0.0000 0.0500 0.0000 0.0000 0.0000 0.0000 0.0000 0.0000 0.0000 0.0000 0.9500 0.0000 
150      150   (0)      3 :  0.0128 0.0000 0.0133 0.0072 0.0000 0.0500 0.0000 0.8036 0.0069 0.1053 0.0009 0.0000 
151      151   (0)      3 :  0.0000 0.0000 0.0080 0.0591 0.0000 0.0000 0.0000 0.9250 0.0079 0.0000 0.0000 0.0000 
152      152   (0)      3 :  0.0000 0.2123 0.0000 0.1500 0.1789 0.0504 0.3895 0.0000 0.0000 0.0178 0.0000 0.0011 
153      153   (0)      3 :  0.0000 0.0285 0.0000 0.0000 0.0000 0.0000 0.0000 0.0000 0.0000 0.0000 0.9715 0.0000 
154      154   (0)      3 :  0.0000 0.0596 0.0000 0.0146 0.6898 0.0500 0.1837 0.0000 0.0000 0.0000 0.0023 0.0000 
155      155   (0)      3 :  0.0651 0.2005 0.0000 0.0000 0.0790 0.0000 0.6344 0.0000 0.0000 0.0210 0.0000 0.0000 
156      156   (0)      3 :  0.0059 0.0099 0.0000 0.0167 0.0225 0.1420 0.0307 0.0000 0.0000 0.0033 0.0000 0.7689 
157      157   (0)      3 :  0.0029 0.1416 0.0000 0.0127 0.3439 0.2158 0.2818 0.0000 0.0000 0.0000 0.0000 0.0014 
158      158   (0)      3 :  0.0000 0.0001 0.0000 0.0043 0.0000 0.1540 0.0000 0.0000 0.0000 0.0000 0.0000 0.8416 
159      159   (0)      3 :  0.0304 0.1093 0.0000 0.0235 0.1843 0.1162 0.4804 0.0028 0.0000 0.0515 0.0000 0.0016 
160      160   (0)      3 :  0.0000 0.0001 0.0000 0.0156 0.0074 0.1114 0.0048 0.0000 0.0000 0.0000 0.0000 0.8607 
161      161   (0)      4 :  0.1667 0.0615 0.0000 0.0000 0.4636 0.1553 0.1514 0.0000 0.0000 0.0002 0.0000 0.0013 
162      162   (0)      4 :  0.0702 0.2246 0.0000 0.0049 0.1071 0.0120 0.5642 0.0000 0.0000 0.0170 0.0000 0.0000 
163      163   (0)      4 :  0.0000 0.0500 0.0000 0.0000 0.0000 0.0000 0.0000 0.0000 0.0000 0.0000 0.9500 0.0000 
164      164   (0)      4 :  0.0000 0.0010 0.0000 0.0190 0.0034 0.1489 0.0000 0.0000 0.0000 0.0044 0.0001 0.8233 
165      165   (0)      4 :  0.0000 0.0000 0.0000 0.0000 0.0000 0.0000 0.0000 0.0000 0.0000 0.0000 1.0000 0.0000 
166      166   (0)      4 :  0.0000 0.0500 0.0000 0.0000 0.0000 0.0000 0.0000 0.0000 0.0000 0.0000 0.9500 0.0000 
167      167   (0)      4 :  0.0000 0.0415 0.0000 0.1097 0.3267 0.0838 0.4220 0.0000 0.0000 0.0145 0.0000 0.0018 
168      168   (0)      4 :  0.0545 0.0634 0.0000 0.0274 0.0541 0.1104 0.6646 0.0000 0.0000 0.0219 0.0009 0.0028 
169      169   (0)      4 :  0.0713 0.1868 0.0000 0.0307 0.1572 0.1205 0.4050 0.0000 0.0000 0.0179 0.0000 0.0106 
170      170   (0)      4 :  0.0000 0.0632 0.0000 0.0351 0.4018 0.0369 0.4453 0.0000 0.0000 0.0176 0.0000 0.0000 
171      171   (0)      4 :  0.0249 0.1277 0.0000 0.0307 0.2248 0.0252 0.5616 0.0000 0.0000 0.0009 0.0000 0.0042 
172      172   (0)      4 :  0.0501 0.1359 0.0000 0.1099 0.2680 0.0279 0.3152 0.0000 0.0000 0.0914 0.0000 0.0016 
173      173   (0)      4 :  0.2083 0.0500 0.0000 0.0132 0.1469 0.0200 0.5438 0.0000 0.0000 0.0163 0.0000 0.0016 
174      174   (0)      4 :  0.0016 0.0175 0.0000 0.0072 0.0021 0.1082 0.0032 0.0000 0.0000 0.0077 0.0000 0.8525 
175      175   (0)      4 :  0.0255 0.0962 0.0000 0.0708 0.0721 0.0884 0.6358 0.0000 0.0000 0.0111 0.0000 0.0000 
176      176   (0)      4 :  0.0000 0.0000 0.0000 0.0000 0.0000 0.0000 0.0000 0.0000 0.0000 0.0000 1.0000 0.0000 
177      177   (0)      4 :  0.0177 0.0890 0.0000 0.0127 0.4349 0.0309 0.3870 0.0000 0.0000 0.0123 0.0001 0.0156 
178      178   (0)      4 :  0.0000 0.0012 0.0000 0.0000 0.0000 0.0000 0.0000 0.0000 0.0000 0.0000 0.9988 0.0000 
179      179   (0)      4 :  0.0000 0.0500 0.0000 0.0000 0.0000 0.0000 0.0000 0.0000 0.0000 0.0000 0.9500 0.0000 
180      180   (0)      4 :  0.0517 0.2427 0.0000 0.0078 0.2078 0.0242 0.4554 0.0000 0.0000 0.0001 0.0102 0.0000 
181      181   (0)      4 :  0.1897 0.0634 0.0000 0.0545 0.2016 0.0609 0.4298 0.0000 0.0000 0.0000 0.0000 0.0000 
182      182   (0)      4 :  0.0616 0.0117 0.0000 0.0414 0.2421 0.0000 0.6431 0.0000 0.0000 0.0000 0.0000 0.0000 
183      183   (0)      4 :  0.0000 0.0017 0.0000 0.0023 0.0001 0.1129 0.0051 0.0000 0.0000 0.0000 0.0000 0.8779 
184      184   (0)      4 :  0.0000 0.0000 0.0000 0.0182 0.0123 0.1640 0.0047 0.0000 0.0000 0.0000 0.0000 0.8008 
185      185   (0)      4 :  0.0000 0.0181 0.0000 0.0000 0.0000 0.0000 0.0000 0.0000 0.0000 0.0000 0.9819 0.0000 
186      186   (0)      4 :  0.0656 0.1559 0.0000 0.0197 0.1870 0.1009 0.4573 0.0000 0.0000 0.0137 0.0000 0.0000 
187      187   (0)      4 :  0.0237 0.1645 0.0000 0.0001 0.1783 0.0132 0.5274 0.0000 0.0000 0.0631 0.0000 0.0297 
188      188   (0)      4 :  0.0000 0.0000 0.0000 0.0000 0.0000 0.0000 0.0000 0.0000 0.0000 0.0000 1.0000 0.0000 
189      189   (0)      4 :  0.0726 0.0283 0.0000 0.0223 0.2830 0.0699 0.5183 0.0000 0.0000 0.0038 0.0000 0.0019 
190      190   (0)      4 :  0.0007 0.0007 0.0000 0.0112 0.0009 0.1749 0.0000 0.0000 0.0000 0.0057 0.0000 0.8059 
191      191   (0)      4 :  0.0000 0.1923 0.0000 0.2422 0.1891 0.0144 0.0744 0.0043 0.0000 0.0925 0.0943 0.0965 
192      192   (0)      4 :  0.0180 0.2183 0.0000 0.0000 0.2790 0.0720 0.3778 0.0000 0.0000 0.0344 0.0000 0.0006 
193      193   (0)      4 :  0.0371 0.2510 0.0000 0.0007 0.1075 0.0631 0.5051 0.0000 0.0000 0.0094 0.0072 0.0190 
194      194   (0)      4 :  0.0247 0.2026 0.0000 0.0092 0.2033 0.1971 0.3221 0.0000 0.0000 0.0323 0.0037 0.0051 
195      195   (0)      4 :  0.1484 0.1035 0.0000 0.0468 0.1717 0.0264 0.4826 0.0000 0.0000 0.0207 0.0000 0.0000 
196      196   (0)      4 :  0.0000 0.0971 0.0000 0.1825 0.3598 0.0265 0.2841 0.0000 0.0000 0.0500 0.0000 0.0000 
197      197   (0)      4 :  0.0938 0.0776 0.0000 0.0188 0.2922 0.0000 0.5156 0.0000 0.0000 0.0000 0.0009 0.0010 
198      198   (0)      4 :  0.0000 0.1575 0.0000 0.1629 0.3888 0.0500 0.1402 0.0000 0.0000 0.1002 0.0000 0.0004 
199      199   (0)      4 :  0.0000 0.2415 0.0000 0.1500 0.1803 0.0806 0.3403 0.0000 0.0000 0.0000 0.0024 0.0049 
200      200   (0)      4 :  0.0000 0.0142 0.0000 0.0672 0.0033 0.1112 0.0164 0.0000 0.0000 0.0097 0.0005 0.7776 
201      201   (0)      4 :  0.0000 0.1437 0.0000 0.0664 0.3407 0.0288 0.3913 0.0009 0.0000 0.0282 0.0000 0.0000 
202      202   (0)      4 :  0.0000 0.0273 0.0000 0.0118 0.2717 0.0000 0.6199 0.0000 0.0000 0.0658 0.0035 0.0000 
203      203   (0)      4 :  0.0305 0.0882 0.0000 0.0000 0.1234 0.0398 0.6915 0.0000 0.0000 0.0150 0.0044 0.0073 
204      204   (0)      4 :  0.0006 0.2178 0.0000 0.0000 0.1345 0.0005 0.6343 0.0000 0.0000 0.0000 0.0110 0.0013 
205      205   (0)      4 :  0.0500 0.1577 0.0000 0.0458 0.0874 0.0354 0.5934 0.0016 0.0000 0.0210 0.0000 0.0076 
206      206   (0)      4 :  0.0045 0.1566 0.0000 0.1351 0.3125 0.0500 0.2913 0.0000 0.0000 0.0500 0.0000 0.0000 
207      207   (0)      4 :  0.0000 0.1015 0.0000 0.0420 0.2667 0.1892 0.4006 0.0000 0.0000 0.0000 0.0000 0.0000 
208      208   (0)      4 :  0.0000 0.0147 0.0000 0.0287 0.0194 0.1311 0.0247 0.0000 0.0000 0.0036 0.0000 0.7777 
209      209   (0)      4 :  0.0158 0.2907 0.0000 0.1261 0.3284 0.0178 0.2179 0.0000 0.0000 0.0017 0.0000 0.0018 
210      210   (0)      4 :  0.0225 0.3269 0.0000 0.0071 0.2398 0.0222 0.3400 0.0000 0.0000 0.0414 0.0000 0.0000 
211      211   (0)      4 :  0.0333 0.1296 0.0000 0.0218 0.1805 0.0085 0.5939 0.0000 0.0000 0.0289 0.0012 0.0024 
212      212   (0)      4 :  0.0120 0.0052 0.0000 0.0027 0.0013 0.1976 0.0072 0.0000 0.0000 0.0000 0.0000 0.7740 
213      213   (0)      4 :  0.0219 0.0922 0.0002 0.0483 0.2090 0.1464 0.4531 0.0000 0.0000 0.0256 0.0000 0.0033 
214      214   (0)      4 :  0.0000 0.0354 0.0000 0.0000 0.5743 0.0342 0.3277 0.0000 0.0000 0.0195 0.0078 0.0011 
215      215   (0)      4 :  0.0709 0.0492 0.0000 0.0043 0.1694 0.1169 0.1690 0.0000 0.0000 0.0213 0.0018 0.3971 
216      216   (0)      4 :  0.0000 0.2212 0.0000 0.0002 0.1505 0.0431 0.5832 0.0000 0.0000 0.0000 0.0000 0.0017 
217      217   (0)      4 :  0.0000 0.0000 0.0000 0.0000 0.0000 0.0000 0.0000 0.0000 0.0000 0.0000 1.0000 0.0000 
218      218   (0)      4 :  0.0180 0.0500 0.0000 0.1536 0.4537 0.1141 0.2030 0.0000 0.0000 0.0003 0.0007 0.0066 
219      219   (0)      4 :  0.0119 0.0784 0.0000 0.0285 0.2840 0.0697 0.5032 0.0000 0.0000 0.0147 0.0000 0.0096 
220      220   (0)      5 :  0.3329 0.0414 0.3364 0.1260 0.0388 0.0218 0.0000 0.0017 0.1005 0.0006 0.0000 0.0000 
221      221   (0)      5 :  0.0424 0.0297 0.1459 0.1422 0.0000 0.0000 0.0000 0.0000 0.6398 0.0000 0.0000 0.0000 
222      222   (0)      6 :  0.0348 0.0693 0.0932 0.0813 0.0000 0.0000 0.0000 0.0000 0.7178 0.0036 0.0000 0.0000 
223      223   (0)      6 :  0.1627 0.0134 0.2333 0.1238 0.0000 0.0256 0.0000 0.0000 0.4412 0.0000 0.0000 0.0000 
224      224   (0)      6 :  0.0987 0.0546 0.5320 0.0416 0.0000 0.0000 0.0000 0.0000 0.2718 0.0013 0.0000 0.0000 
225      225   (0)      6 :  0.2043 0.0446 0.1967 0.2768 0.0500 0.0000 0.0000 0.0097 0.2180 0.0000 0.0000 0.0000 
226      226   (0)      6 :  0.1743 0.0967 0.3361 0.0307 0.0000 0.0121 0.0000 0.0027 0.3347 0.0125 0.0000 0.0000 
227      227   (0)      6 :  0.1541 0.0609 0.3841 0.0762 0.0376 0.0221 0.0000 0.0000 0.2651 0.0000 0.0000 0.0000 
228      228   (0)      6 :  0.3076 0.0553 0.1981 0.1384 0.0500 0.0166 0.0000 0.0187 0.2011 0.0141 0.0000 0.0000 
229      229   (0)      6 :  0.2337 0.0500 0.2531 0.1377 0.0500 0.0349 0.0000 0.0000 0.2406 0.0000 0.0000 0.0000 
230      230   (0)      6 :  0.1007 0.0246 0.3988 0.1033 0.0190 0.0000 0.0000 0.0000 0.3364 0.0172 0.0000 0.0000 
231      231   (0)      6 :  0.2163 0.0357 0.4362 0.0529 0.0193 0.0110 0.0000 0.0336 0.1845 0.0105 0.0000 0.0000 
232      232   (0)      6 :  0.0443 0.1001 0.3236 0.0416 0.0000 0.0067 0.0000 0.0084 0.4728 0.0025 0.0000 0.0000 
233      233   (0)      6 :  0.0803 0.0743 0.5940 0.0337 0.0267 0.0198 0.0000 0.0000 0.1542 0.0169 0.0000 0.0000 
234      234   (0)      6 :  0.0927 0.0632 0.3366 0.0667 0.0000 0.0000 0.0000 0.0055 0.4308 0.0045 0.0000 0.0000 
235      235   (0)      6 :  0.1417 0.0265 0.2801 0.0865 0.0164 0.0026 0.0000 0.0183 0.4223 0.0005 0.0052 0.0000 
236      236   (0)      6 :  0.1383 0.0808 0.1452 0.1339 0.0000 0.0000 0.0000 0.0012 0.5006 0.0000 0.0000 0.0000 
237      237   (0)      6 :  0.2841 0.0223 0.1832 0.0860 0.0000 0.0191 0.0000 0.0001 0.3959 0.0093 0.0000 0.0000 
238      238   (0)      6 :  0.3315 0.0678 0.2408 0.0211 0.0132 0.0500 0.0000 0.0000 0.2752 0.0000 0.0003 0.0000 
239      239   (0)      6 :  0.1533 0.0478 0.3872 0.2159 0.0406 0.0500 0.0000 0.0032 0.0931 0.0084 0.0004 0.0000 
240      240   (0)      6 :  0.2617 0.1953 0.1922 0.0001 0.0000 0.0117 0.0000 0.0118 0.3241 0.0018 0.0014 0.0000 
241      241   (0)      6 :  0.1545 0.0640 0.4518 0.1028 0.0000 0.0037 0.0000 0.0007 0.2156 0.0069 0.0000 0.0000 
242      242   (0)      6 :  0.0576 0.0196 0.1367 0.1233 0.0083 0.0000 0.0000 0.0006 0.6482 0.0056 0.0000 0.0000 
243      243   (0)      6 :  0.0368 0.0227 0.4572 0.1593 0.0500 0.0135 0.0000 0.0505 0.1917 0.0184 0.0000 0.0000 
244      244   (0)      6 :  0.0361 0.0464 0.4077 0.1309 0.0194 0.0000 0.0000 0.0004 0.3592 0.0000 0.0000 0.0000 
245      245   (0)      6 :  0.2289 0.0085 0.4295 0.0891 0.0000 0.0183 0.0000 0.0002 0.2254 0.0000 0.0000 0.0000 
246      246   (0)      6 :  0.0209 0.0510 0.1398 0.0146 0.0000 0.0026 0.0000 0.0000 0.7711 0.0000 0.0000 0.0000 
247      247   (0)      6 :  0.2030 0.0614 0.3367 0.0361 0.0000 0.0000 0.0000 0.0000 0.3486 0.0142 0.0000 0.0000 
248      248   (0)      6 :  0.0916 0.1059 0.5285 0.0000 0.0000 0.0000 0.0000 0.0000 0.2685 0.0054 0.0000 0.0000 
249      249   (0)      7 :  0.1248 0.0636 0.5045 0.1271 0.0000 0.0000 0.0000 0.0000 0.1794 0.0005 0.0000 0.0000 
250      250   (0)      7 :  0.0436 0.0477 0.4073 0.1301 0.0000 0.0187 0.0000 0.0000 0.3526 0.0000 0.0000 0.0000 
251      251   (0)      7 :  0.1059 0.0663 0.3280 0.1033 0.0191 0.0214 0.0000 0.0000 0.3561 0.0000 0.0000 0.0000 
252      252   (0)      7 :  0.2428 0.0234 0.2682 0.0365 0.0000 0.0128 0.0000 0.0000 0.4163 0.0000 0.0000 0.0000 
253      253   (0)      7 :  0.0432 0.0351 0.0584 0.1584 0.0000 0.0109 0.0000 0.0000 0.6939 0.0000 0.0000 0.0000 
254      254   (0)      7 :  0.1259 0.0815 0.2163 0.1165 0.0000 0.0000 0.0000 0.0079 0.4510 0.0010 0.0000 0.0000 
255      255   (0)      7 :  0.2630 0.0381 0.3387 0.0424 0.0500 0.0000 0.0000 0.0000 0.2538 0.0140 0.0000 0.0000 
256      256   (0)      7 :  0.3392 0.0434 0.2280 0.0546 0.0216 0.0000 0.0000 0.0000 0.3132 0.0000 0.0000 0.0000 
257      257   (0)      7 :  0.2143 0.0167 0.2824 0.2344 0.0500 0.0000 0.0000 0.0000 0.2022 0.0000 0.0000 0.0000 
258      258   (0)      7 :  0.2221 0.0829 0.3585 0.0532 0.0500 0.0204 0.0000 0.0000 0.2129 0.0000 0.0000 0.0000 
259      259   (0)      7 :  0.0586 0.0348 0.3950 0.1354 0.0254 0.0000 0.0000 0.0000 0.3368 0.0140 0.0000 0.0000 
260      260   (0)      7 :  0.1838 0.1057 0.4527 0.0399 0.0000 0.0000 0.0000 0.0000 0.2178 0.0000 0.0000 0.0000 
261      261   (0)      7 :  0.0468 0.0349 0.2106 0.0608 0.0000 0.0000 0.0000 0.0012 0.6386 0.0071 0.0000 0.0000 
262      262   (0)      7 :  0.2033 0.0761 0.2027 0.0525 0.0000 0.0099 0.0000 0.0000 0.4554 0.0000 0.0000 0.0000 
263      263   (0)      7 :  0.2711 0.0278 0.3245 0.0431 0.0000 0.0016 0.0000 0.0023 0.3296 0.0000 0.0000 0.0000 
264      264   (0)      7 :  0.3403 0.0491 0.3510 0.0353 0.0000 0.0000 0.0000 0.0027 0.2216 0.0000 0.0000 0.0000 
265      265   (0)      7 :  0.0278 0.0568 0.1389 0.1968 0.0243 0.0000 0.0000 0.0000 0.5554 0.0000 0.0000 0.0000 
266      266   (0)      7 :  0.0509 0.0256 0.2553 0.0438 0.0000 0.0000 0.0000 0.0021 0.5974 0.0250 0.0000 0.0000 
267      267   (0)      7 :  0.0073 0.0195 0.1365 0.1247 0.0000 0.0000 0.0000 0.0272 0.6834 0.0000 0.0014 0.0000 
268      268   (0)      7 :  0.0339 0.0000 0.3898 0.1544 0.0000 0.0112 0.0000 0.0000 0.4107 0.0000 0.0000 0.0000 
269      269   (0)      7 :  0.0778 0.0521 0.1806 0.2299 0.0000 0.0180 0.0000 0.0065 0.4342 0.0009 0.0000 0.0000 
270      270   (0)      7 :  0.1043 0.0306 0.3931 0.0255 0.0000 0.0000 0.0000 0.0145 0.4203 0.0117 0.0000 0.0000 
271      271   (0)      7 :  0.0406 0.0591 0.1327 0.2204 0.0000 0.0073 0.0000 0.0000 0.5348 0.0051 0.0000 0.0000 
272      272   (0)      7 :  0.0406 0.0948 0.0415 0.0349 0.0000 0.0000 0.0000 0.0001 0.7882 0.0000 0.0000 0.0000 
273      273   (0)      7 :  0.1345 0.0720 0.3798 0.0974 0.0137 0.0238 0.0000 0.0000 0.2748 0.0040 0.0000 0.0000 
274      274   (0)      7 :  0.1964 0.1303 0.1881 0.1088 0.0000 0.0031 0.0000 0.0045 0.3618 0.0069 0.0000 0.0000 
275      275   (0)      7 :  0.0661 0.0500 0.2137 0.0448 0.0005 0.0447 0.0000 0.0000 0.5743 0.0000 0.0058 0.0000 
276      276   (0)      7 :  0.0575 0.0523 0.3972 0.0274 0.0000 0.0000 0.0000 0.0007 0.4577 0.0073 0.0000 0.0000 
277      277   (0)      7 :  0.0523 0.0515 0.3809 0.0447 0.0000 0.0131 0.0000 0.0000 0.4546 0.0028 0.0000 0.0000 
278      278   (0)      7 :  0.0000 0.0132 0.6299 0.0528 0.0000 0.0006 0.0000 0.0029 0.3007 0.0000 0.0000 0.0000 
279      279   (0)      8 :  0.0677 0.0186 0.0998 0.3267 0.0189 0.0000 0.0000 0.0000 0.4684 0.0000 0.0000 0.0000 
280      280   (0)      8 :  0.1924 0.0000 0.0942 0.2677 0.0000 0.0000 0.0000 0.0000 0.4453 0.0003 0.0000 0.0000 
281      281   (0)      8 :  0.0151 0.0000 0.2495 0.1134 0.0000 0.0061 0.0000 0.0000 0.6069 0.0090 0.0000 0.0000 
282      282   (0)      8 :  0.3224 0.0182 0.2108 0.1534 0.0000 0.0000 0.0000 0.0000 0.2839 0.0113 0.0000 0.0000 
283      283   (0)      8 :  0.0706 0.0640 0.3718 0.0452 0.0205 0.0023 0.0000 0.0047 0.3958 0.0224 0.0027 0.0000 
284      284   (0)      8 :  0.0817 0.0312 0.3430 0.0321 0.0000 0.0000 0.0000 0.0000 0.5120 0.0000 0.0000 0.0000 
285      285   (0)      8 :  0.0871 0.0541 0.4723 0.0446 0.0000 0.0029 0.0000 0.0006 0.3370 0.0013 0.0000 0.0000 
286      286   (0)      8 :  0.0507 0.0554 0.2181 0.1330 0.0000 0.0000 0.0000 0.0013 0.5344 0.0069 0.0000 0.0000 
287      287   (0)      8 :  0.2748 0.0563 0.3176 0.0395 0.0000 0.0000 0.0000 0.0000 0.3049 0.0070 0.0000 0.0000 
288      288   (0)      8 :  0.1612 0.0824 0.2001 0.1285 0.0000 0.0000 0.0000 0.0277 0.4001 0.0000 0.0000 0.0000 
289      289   (0)      8 :  0.2997 0.1000 0.2981 0.0132 0.0000 0.0026 0.0000 0.0020 0.2792 0.0011 0.0042 0.0000 
290      290   (0)      5 :  0.0870 0.0513 0.1511 0.0534 0.0000 0.0000 0.0000 0.0010 0.6556 0.0000 0.0005 0.0000 
291      291   (0)      5 :  0.2706 0.0151 0.2446 0.1654 0.0000 0.0000 0.0000 0.0000 0.3042 0.0000 0.0000 0.0000 
292      292   (0)      5 :  0.1426 0.0157 0.0627 0.1744 0.0000 0.0000 0.0000 0.0000 0.6026 0.0019 0.0000 0.0000 
293      293   (0)      5 :  0.0587 0.0176 0.2110 0.1771 0.0301 0.0500 0.0000 0.0000 0.4433 0.0121 0.0000 0.0000 
294      294   (0)      5 :  0.2241 0.0586 0.1805 0.0920 0.0000 0.0000 0.0000 0.0030 0.4354 0.0065 0.0000 0.0000 
295      295   (0)      5 :  0.1368 0.0289 0.2652 0.1042 0.0000 0.0169 0.0000 0.0004 0.4476 0.0000 0.0000 0.0000 
296      296   (0)      5 :  0.0538 0.0053 0.1678 0.3641 0.0257 0.0000 0.0000 0.0142 0.3614 0.0040 0.0037 0.0000 
297      297   (0)      5 :  0.3831 0.0500 0.1881 0.0876 0.0000 0.0037 0.0000 0.0177 0.2623 0.0017 0.0057 0.0000 
298      298   (0)      5 :  0.0328 0.0226 0.3768 0.0278 0.0001 0.0000 0.0000 0.0000 0.5288 0.0111 0.0000 0.0000 
299      299   (0)      5 :  0.1248 0.1116 0.3236 0.0970 0.0000 0.0012 0.0000 0.0008 0.3411 0.0000 0.0000 0.0000 
300      300   (0)      5 :  0.1706 0.0271 0.3331 0.0821 0.0000 0.0022 0.0000 0.0003 0.3845 0.0000 0.0000 0.0000 
301      301   (0)      5 :  0.0661 0.0533 0.1089 0.2677 0.0000 0.0070 0.0000 0.0014 0.4955 0.0000 0.0000 0.0000 
302      302   (0)      5 :  0.1070 0.0385 0.2979 0.1228 0.0000 0.0000 0.0000 0.0000 0.4337 0.0000 0.0000 0.0000 
303      303   (0)      5 :  0.2344 0.0867 0.1210 0.0115 0.0000 0.0000 0.0000 0.0000 0.5464 0.0000 0.0000 0.0000 
304      304   (0)      5 :  0.2599 0.0107 0.4015 0.0761 0.0066 0.0294 0.0000 0.0009 0.2149 0.0000 0.0000 0.0000 
305      305   (0)      5 :  0.1623 0.0214 0.3011 0.1586 0.0000 0.0000 0.0000 0.0010 0.3460 0.0093 0.0002 0.0000 
306      306   (0)      5 :  0.0568 0.0500 0.5313 0.0816 0.0292 0.0000 0.0000 0.0000 0.2395 0.0117 0.0000 0.0000 
307      307   (0)      5 :  0.1209 0.0574 0.3999 0.1005 0.0195 0.0044 0.0000 0.0446 0.2523 0.0005 0.0000 0.0000 
308      308   (0)      5 :  0.2435 0.0064 0.1553 0.2192 0.0000 0.0500 0.0000 0.0045 0.3103 0.0107 0.0000 0.0000 
309      309   (0)      5 :  0.1309 0.0521 0.2254 0.0805 0.0000 0.0010 0.0000 0.0000 0.5050 0.0050 0.0000 0.0000 
310      310   (0)      5 :  0.1084 0.0242 0.2012 0.2274 0.0000 0.0000 0.0000 0.0008 0.4246 0.0134 0.0000 0.0000 
311      311   (0)      5 :  0.0464 0.0739 0.5196 0.0612 0.0144 0.0235 0.0000 0.0000 0.2504 0.0105 0.0000 0.0000 
312      312   (0)      5 :  0.1836 0.0140 0.2745 0.1064 0.0000 0.0506 0.0000 0.0022 0.3566 0.0120 0.0000 0.0000 
313      313   (0)      5 :  0.1699 0.0332 0.2120 0.0800 0.0000 0.0093 0.0000 0.0000 0.4955 0.0000 0.0001 0.0000 
314      314   (0)      5 :  0.0370 0.1032 0.3761 0.0582 0.0296 0.0000 0.0000 0.0034 0.3813 0.0112 0.0000 0.0000 
315      315   (0)      5 :  0.0892 0.0813 0.3200 0.0383 0.0000 0.0019 0.0000 0.0017 0.4620 0.0055 0.0000 0.0000 
316      316   (0)      5 :  0.3821 0.0860 0.1658 0.0507 0.0000 0.0074 0.0000 0.0000 0.3066 0.0014 0.0000 0.0000 
317      317   (0)      5 :  0.0084 0.0346 0.0747 0.1528 0.0000 0.0000 0.0000 0.0000 0.7295 0.0000 0.0000 0.0000 
318      318   (0)      8 :  0.0934 0.1125 0.1450 0.0488 0.0113 0.0000 0.0000 0.0000 0.5890 0.0000 0.0001 0.0000 
319      319   (0)      8 :  0.0784 0.0847 0.0583 0.1063 0.0000 0.0000 0.0000 0.0000 0.6721 0.0002 0.0000 0.0000 
320      320   (0)      9 :  0.0269 0.0550 0.1846 0.1239 0.0000 0.0000 0.0000 0.0000 0.6095 0.0001 0.0000 0.0000 
321      321   (0)      9 :  0.0047 0.0378 0.2144 0.2059 0.0274 0.0018 0.0000 0.0000 0.4936 0.0054 0.0090 0.0000 
322      322   (0)      9 :  0.0993 0.0932 0.2393 0.0402 0.0000 0.0282 0.0000 0.0000 0.4998 0.0000 0.0000 0.0000 
323      323   (0)      9 :  0.3213 0.0569 0.1890 0.0182 0.0000 0.0182 0.0000 0.0004 0.3960 0.0000 0.0000 0.0000 
324      324   (0)      9 :  0.2207 0.0145 0.1320 0.2162 0.0000 0.0000 0.0000 0.0000 0.4166 0.0000 0.0000 0.0000 
325      325   (0)      8 :  0.1757 0.0640 0.5365 0.0000 0.0000 0.0000 0.0000 0.0000 0.2238 0.0000 0.0000 0.0000 
326      326   (0)      8 :  0.0417 0.0501 0.1423 0.1322 0.0032 0.0000 0.0000 0.0000 0.6235 0.0069 0.0000 0.0000 
327      327   (0)      8 :  0.1830 0.0152 0.1977 0.1840 0.0123 0.0231 0.0000 0.0000 0.3846 0.0000 0.0000 0.0000 
328      328   (0)      8 :  0.2361 0.0046 0.0730 0.0644 0.0000 0.0228 0.0000 0.0000 0.5990 0.0001 0.0000 0.0000 
329      329   (0)      8 :  0.0815 0.0629 0.5240 0.0000 0.0000 0.0000 0.0000 0.0000 0.3211 0.0105 0.0000 0.0000 
330      330   (0)      9 :  0.0000 0.0126 0.3871 0.1069 0.0000 0.0000 0.0000 0.0028 0.4881 0.0025 0.0000 0.0000 
331      331   (0)      9 :  0.0444 0.0044 0.3011 0.0316 0.0000 0.0000 0.0000 0.0000 0.6136 0.0048 0.0000 0.0000 
332      332   (0)      9 :  0.0887 0.0159 0.3935 0.1101 0.0164 0.0000 0.0000 0.0000 0.3611 0.0142 0.0000 0.0000 
333      333   (0)      9 :  0.1012 0.1039 0.2521 0.0943 0.0000 0.0000 0.0000 0.0000 0.4485 0.0000 0.0000 0.0000 
334      334   (0)      9 :  0.0594 0.0079 0.4718 0.0933 0.0089 0.0000 0.0000 0.0000 0.3448 0.0139 0.0000 0.0000 
335      335   (0)      9 :  0.1878 0.0519 0.3361 0.0694 0.0059 0.0003 0.0000 0.0000 0.3482 0.0003 0.0000 0.0000 
336      336   (0)      8 :  0.2797 0.0551 0.1215 0.0705 0.0000 0.0000 0.0000 0.0000 0.4732 0.0000 0.0000 0.0000 
337      337   (0)      8 :  0.1350 0.0000 0.4292 0.2145 0.0026 0.0500 0.0000 0.0000 0.1654 0.0033 0.0000 0.0000 
338      338   (0)      8 :  0.4857 0.0990 0.1528 0.0359 0.0000 0.0118 0.0000 0.0004 0.2143 0.0000 0.0000 0.0000 
339      339   (0)      8 :  0.2274 0.0748 0.2922 0.1089 0.0000 0.0261 0.0000 0.0000 0.2587 0.0120 0.0000 0.0000 
340      340   (0)      8 :  0.0232 0.0006 0.3505 0.1439 0.0000 0.0011 0.0000 0.0000 0.4743 0.0064 0.0000 0.0000 
341      341   (0)      8 :  0.0727 0.0099 0.2267 0.1817 0.0000 0.0000 0.0000 0.0344 0.4543 0.0203 0.0000 0.0000 
342      342   (0)      8 :  0.2597 0.0432 0.2207 0.0867 0.0000 0.0007 0.0000 0.0000 0.3890 0.0000 0.0000 0.0000 
343      343   (0)      9 :  0.2077 0.0451 0.4729 0.0434 0.0000 0.0000 0.0000 0.0000 0.2212 0.0098 0.0000 0.0000 
344      344   (0)      9 :  0.1147 0.0822 0.4283 0.0533 0.0000 0.0018 0.0000 0.0000 0.3159 0.0039 0.0000 0.0000 
345      345   (0)      9 :  0.0407 0.0385 0.2088 0.1292 0.0000 0.0000 0.0000 0.0000 0.5828 0.0000 0.0000 0.0000 
346      346   (0)      9 :  0.0995 0.0043 0.5110 0.0705 0.0001 0.0000 0.0000 0.0102 0.2940 0.0104 0.0000 0.0000 
347      347   (0)      9 :  0.0269 0.0243 0.6327 0.0768 0.0259 0.0220 0.0000 0.0040 0.1764 0.0110 0.0000 0.0000 
348      348   (0)      9 :  0.1158 0.0500 0.3848 0.0834 0.0000 0.0070 0.0000 0.0033 0.3418 0.0138 0.0000 0.0000 
349      349   (0)      9 :  0.2439 0.1230 0.1631 0.0531 0.0000 0.0060 0.0000 0.0278 0.3623 0.0208 0.0000 0.0000 
350      350   (0)      9 :  0.1774 0.0419 0.3297 0.1458 0.0000 0.0000 0.0000 0.0001 0.2962 0.0090 0.0000 0.0000 
351      351   (0)      9 :  0.0666 0.0656 0.2907 0.0746 0.0000 0.0124 0.0000 0.0236 0.4665 0.0001 0.0000 0.0000 
352      352   (0)      9 :  0.3538 0.0193 0.3425 0.0840 0.0000 0.0312 0.0000 0.0051 0.1635 0.0006 0.0000 0.0000 
353      353   (0)      9 :  0.2079 0.0989 0.3962 0.0676 0.0000 0.0632 0.0000 0.0099 0.1563 0.0000 0.0000 0.0000 
354      354   (0)      9 :  0.0874 0.0521 0.4409 0.0298 0.0000 0.0000 0.0000 0.0000 0.3898 0.0000 0.0000 0.0000 
355      355   (0)      9 :  0.1338 0.1374 0.1176 0.0545 0.0000 0.0000 0.0000 0.0000 0.5515 0.0052 0.0000 0.0000 
356      356   (0)      9 :  0.1536 0.1334 0.2568 0.0413 0.0000 0.0114 0.0000 0.0037 0.3995 0.0003 0.0000 0.0000 
357      357   (0)      9 :  0.0485 0.0889 0.4266 0.0869 0.0142 0.0012 0.0000 0.0000 0.3267 0.0070 0.0001 0.0000 
358      358   (0)      9 :  0.0448 0.0206 0.3877 0.1672 0.0292 0.0000 0.0000 0.0175 0.3330 0.0000 0.0000 0.0000 
359      359   (0)      9 :  0.2834 0.1266 0.2288 0.0653 0.0315 0.0326 0.0000 0.0033 0.2285 0.0000 0.0000 0.0000 
360      360   (0)      9 :  0.0893 0.0140 0.4402 0.0992 0.0000 0.0300 0.0000 0.0000 0.3273 0.0000 0.0000 0.0000 
361      361   (0)      9 :  0.2936 0.0256 0.2995 0.0745 0.0000 0.0195 0.0000 0.0000 0.2873 0.0000 0.0000 0.0000 
362      362   (0)     10 :  0.0149 0.0000 0.3108 0.1484 0.0000 0.0000 0.0000 0.0000 0.5211 0.0047 0.0000 0.0000 
363      363   (0)     10 :  0.0048 0.0176 0.5553 0.0202 0.0000 0.0083 0.0000 0.0002 0.3931 0.0005 0.0000 0.0000 
364      364   (0)     10 :  0.0516 0.0264 0.3028 0.0980 0.0000 0.0052 0.0000 0.0000 0.5160 0.0000 0.0000 0.0000 
365      365   (0)     10 :  0.0501 0.0370 0.2359 0.0916 0.0000 0.0077 0.0000 0.0000 0.5705 0.0000 0.0071 0.0000 
366      366   (0)     10 :  0.2372 0.1085 0.1512 0.0349 0.0000 0.0275 0.0000 0.0000 0.4407 0.0000 0.0000 0.0000 
367      367   (0)     10 :  0.0438 0.0428 0.2841 0.1064 0.0104 0.0075 0.0000 0.0160 0.4890 0.0000 0.0000 0.0000 
368      368   (0)     10 :  0.1094 0.0651 0.4044 0.0971 0.0000 0.0171 0.0000 0.0000 0.3069 0.0000 0.0000 0.0000 
369      369   (0)     10 :  0.4660 0.0239 0.2062 0.0584 0.0000 0.0390 0.0000 0.0000 0.2065 0.0000 0.0000 0.0000 
370      370   (0)     10 :  0.1844 0.0649 0.1735 0.1373 0.0000 0.0024 0.0000 0.0364 0.4009 0.0000 0.0003 0.0000 
371      371   (0)     10 :  0.0895 0.1150 0.6074 0.0228 0.0000 0.0500 0.0000 0.0015 0.1139 0.0000 0.0000 0.0000 
372      372   (0)     10 :  0.1424 0.0441 0.2237 0.1289 0.0000 0.0016 0.0000 0.0016 0.4576 0.0000 0.0000 0.0000 
373      373   (0)     10 :  0.0895 0.0172 0.3182 0.1545 0.0000 0.0000 0.0000 0.0000 0.4206 0.0000 0.0000 0.0000 
374      374   (0)     10 :  0.0364 0.0222 0.6000 0.0675 0.0000 0.0000 0.0000 0.0000 0.2688 0.0051 0.0000 0.0000 
375      375   (0)     10 :  0.0797 0.0109 0.2844 0.0408 0.0000 0.0000 0.0000 0.0000 0.5842 0.0000 0.0000 0.0000 
376      376   (0)     10 :  0.0153 0.0247 0.1044 0.1628 0.0000 0.0000 0.0000 0.0000 0.6764 0.0164 0.0000 0.0000 
377      377   (0)     10 :  0.1310 0.0334 0.2572 0.1209 0.0000 0.0007 0.0000 0.0026 0.4256 0.0285 0.0000 0.0000 
378      378   (0)     10 :  0.0144 0.0000 0.5847 0.0377 0.0006 0.0000 0.0000 0.0000 0.3482 0.0145 0.0000 0.0000 
379      379   (0)     10 :  0.1147 0.0308 0.1668 0.0906 0.0000 0.0039 0.0000 0.0335 0.5589 0.0000 0.0008 0.0000 
380      380   (0)     10 :  0.3686 0.0254 0.2928 0.0513 0.0000 0.0000 0.0000 0.0000 0.2570 0.0050 0.0000 0.0000 
381      381   (0)     10 :  0.0000 0.0000 0.5540 0.1375 0.0000 0.0053 0.0000 0.0009 0.3022 0.0000 0.0000 0.0000 
382      382   (0)     10 :  0.1286 0.0799 0.2777 0.0378 0.0000 0.0276 0.0000 0.0000 0.4484 0.0000 0.0000 0.0000 
383      383   (0)     10 :  0.1725 0.0858 0.3584 0.1155 0.0236 0.0037 0.0000 0.0290 0.2051 0.0064 0.0000 0.0000 
384      384   (0)     10 :  0.1101 0.0463 0.2197 0.0266 0.0000 0.0000 0.0000 0.0000 0.5947 0.0000 0.0026 0.0000 
385      385   (0)     10 :  0.0486 0.0267 0.5058 0.0800 0.0223 0.0000 0.0000 0.0000 0.3165 0.0000 0.0000 0.0000 
386      386   (0)     10 :  0.0292 0.0500 0.1847 0.2066 0.0000 0.0000 0.0000 0.0062 0.5203 0.0031 0.0000 0.0000 
387      387   (0)     10 :  0.0345 0.0000 0.2608 0.2160 0.0003 0.0000 0.0000 0.0000 0.4809 0.0000 0.0075 0.0000 
388      388   (0)     10 :  0.0492 0.0422 0.6213 0.0493 0.0000 0.0252 0.0000 0.0018 0.2110 0.0000 0.0000 0.0000 
389      389   (0)     10 :  0.1713 0.0750 0.2180 0.1720 0.0000 0.0024 0.0000 0.0000 0.3612 0.0000 0.0000 0.0000 
390      390   (0)      8 :  0.0132 0.0860 0.2804 0.0375 0.0004 0.0272 0.0000 0.0303 0.5250 0.0000 0.0000 0.0000 
391      391   (0)      8 :  0.1362 0.0362 0.1719 0.1840 0.0000 0.0185 0.0000 0.0000 0.4519 0.0000 0.0014 0.0000 
392      392   (0)      8 :  0.5998 0.0000 0.1530 0.0177 0.0000 0.0000 0.0000 0.0057 0.2209 0.0029 0.0000 0.0000 
393      393   (0)     11 :  0.3757 0.1165 0.3490 0.0000 0.0000 0.0147 0.0000 0.0000 0.1439 0.0002 0.0000 0.0000 
394      394   (0)     11 :  0.1909 0.0313 0.2013 0.1544 0.0000 0.0039 0.0000 0.0000 0.4120 0.0062 0.0000 0.0000 
395      395   (0)     11 :  0.3350 0.0214 0.1933 0.1222 0.0010 0.0173 0.0000 0.0007 0.2859 0.0168 0.0000 0.0065 
396      396   (0)     11 :  0.3297 0.1068 0.1630 0.0532 0.0000 0.0298 0.0000 0.0193 0.2732 0.0000 0.0000 0.0251 
397      397   (0)     11 :  0.0646 0.0377 0.2900 0.1459 0.0000 0.0000 0.0000 0.0000 0.4577 0.0007 0.0034 0.0000 
398      398   (0)     11 :  0.0862 0.0595 0.1232 0.0433 0.0000 0.0608 0.0000 0.0000 0.6270 0.0000 0.0000 0.0000 
399      399   (0)     11 :  0.1850 0.0499 0.4077 0.1368 0.0000 0.0000 0.0000 0.0000 0.2206 0.0000 0.0000 0.0000 
400      400   (0)     11 :  0.0490 0.0480 0.3786 0.0724 0.0130 0.0005 0.0000 0.0002 0.4353 0.0000 0.0030 0.0000 
401      401   (0)     11 :  0.3522 0.0612 0.2470 0.0504 0.0001 0.0157 0.0000 0.0000 0.2690 0.0000 0.0000 0.0045 
402      402   (0)     11 :  0.1679 0.0574 0.4386 0.0250 0.0103 0.0000 0.0000 0.0000 0.3009 0.0000 0.0000 0.0000 
403      403   (0)     11 :  0.1312 0.0622 0.4079 0.0616 0.0000 0.0000 0.0000 0.0000 0.3350 0.0021 0.0000 0.0000 
404      404   (0)     11 :  0.1272 0.0878 0.3022 0.0714 0.0000 0.0000 0.0000 0.0027 0.4087 0.0000 0.0000 0.0000 
405      405   (0)     11 :  0.3294 0.0584 0.1819 0.0242 0.0000 0.0162 0.0000 0.0774 0.3030 0.0082 0.0000 0.0012 
406      406   (0)     11 :  0.1506 0.0536 0.2539 0.0562 0.0118 0.0362 0.0000 0.0000 0.4372 0.0000 0.0000 0.0005 
407      407   (0)     11 :  0.2856 0.1268 0.1353 0.0818 0.0000 0.0000 0.0000 0.0000 0.3683 0.0021 0.0000 0.0000 
408      408   (0)     11 :  0.2119 0.0873 0.2890 0.0634 0.0000 0.0015 0.0000 0.0017 0.3452 0.0000 0.0000 0.0000 
409      409   (0)     11 :  0.0487 0.0526 0.5911 0.0385 0.0004 0.0129 0.0008 0.0015 0.2386 0.0122 0.0026 0.0000 
410      410   (0)     11 :  0.1548 0.1237 0.2695 0.0281 0.0000 0.0058 0.0000 0.0000 0.4168 0.0014 0.0000 0.0000 
411      411   (0)     11 :  0.0341 0.0000 0.1721 0.1846 0.0000 0.0000 0.0000 0.0000 0.6091 0.0000 0.0000 0.0000 
412      412   (0)     11 :  0.1406 0.0932 0.1766 0.1221 0.0217 0.0000 0.0000 0.0000 0.4434 0.0025 0.0000 0.0000 
413      413   (0)     11 :  0.0900 0.0093 0.1094 0.2547 0.0000 0.0015 0.0000 0.0262 0.5090 0.0000 0.0000 0.0000 
414      414   (0)     11 :  0.2033 0.0346 0.2557 0.1436 0.0008 0.0000 0.0000 0.0000 0.3620 0.0000 0.0000 0.0000 
415      415   (0)     11 :  0.1547 0.0858 0.1804 0.1149 0.0000 0.0111 0.0000 0.0000 0.4454 0.0077 0.0000 0.0000 
416      416   (0)     11 :  0.0805 0.0847 0.2265 0.0710 0.0000 0.0015 0.0000 0.0020 0.5125 0.0214 0.0000 0.0000 
417      417   (0)     11 :  0.2488 0.0007 0.1785 0.1715 0.0000 0.0000 0.0000 0.0000 0.3948 0.0056 0.0000 0.0000 
418      418   (0)     11 :  0.1729 0.1082 0.2390 0.0783 0.0000 0.0177 0.0000 0.0222 0.3527 0.0000 0.0000 0.0089 
419      419   (0)     11 :  0.5477 0.0765 0.1909 0.0039 0.0000 0.0217 0.0000 0.0013 0.1581 0.0000 0.0000 0.0000 
420      420   (0)     11 :  0.3246 0.1032 0.2453 0.0695 0.0000 0.0000 0.0000 0.0000 0.2575 0.0001 0.0000 0.0000 
421      421   (0)     11 :  0.5423 0.0316 0.2549 0.0654 0.0000 0.0500 0.0000 0.0000 0.0538 0.0020 0.0000 0.0000 
422      422   (0)     11 :  0.1221 0.0759 0.3080 0.0992 0.0500 0.0000 0.0000 0.0016 0.3432 0.0000 0.0000 0.0000 
423      423   (0)     12 :  0.0000 0.0028 0.0000 0.0287 0.0000 0.0863 0.0023 0.0000 0.0000 0.0000 0.0000 0.8799 
424      424   (0)     12 :  0.0098 0.0000 0.0447 0.0170 0.0000 0.0500 0.0000 0.7399 0.0646 0.0740 0.0000 0.0000 
425      425   (0)     12 :  0.0085 0.0005 0.0000 0.0079 0.0003 0.1494 0.0000 0.0000 0.0000 0.0000 0.0000 0.8334 
426      426   (0)     12 :  0.0014 0.0000 0.0126 0.0087 0.0000 0.0238 0.0000 0.5577 0.0260 0.3699 0.0000 0.0000 
427      427   (0)     12 :  0.0000 0.0027 0.0000 0.0227 0.0186 0.1575 0.0092 0.0000 0.0000 0.0030 0.0000 0.7863 
428      428   (0)     12 :  0.0251 0.0169 0.0000 0.0153 0.0179 0.0908 0.0070 0.0155 0.0000 0.0058 0.0000 0.8057 
429      429   (0)     12 :  0.0000 0.0000 0.0000 0.0000 0.0000 0.0000 0.0000 0.1368 0.0000 0.8500 0.0132 0.0000 
430      430   (0)     12 :  0.0107 0.0001 0.0000 0.0137 0.0084 0.3298 0.0047 0.0000 0.0000 0.0023 0.0000 0.6304 
431      431   (0)     12 :  0.0115 0.0113 0.0000 0.0223 0.0024 0.2475 0.0056 0.0000 0.0000 0.0003 0.0029 0.6964 
432      432   (0)     12 :  0.0004 0.0085 0.0252 0.0057 0.0000 0.0531 0.0000 0.8738 0.0063 0.0270 0.0000 0.0000 
433      433   (0)     12 :  0.0000 0.0000 0.0000 0.0000 0.0000 0.3220 0.0000 0.0008 0.0000 0.0102 0.0000 0.6670 
434      434   (0)     12 :  0.0032 0.0001 0.0000 0.0135 0.0001 0.2418 0.0000 0.0000 0.0000 0.0000 0.0000 0.7413 
435      435   (0)     12 :  0.0000 0.0037 0.0000 0.0539 0.0196 0.3092 0.0022 0.0002 0.0000 0.0084 0.0007 0.6022 
436      436   (0)     12 :  0.0015 0.0080 0.0000 0.0080 0.0033 0.2602 0.0115 0.0000 0.0000 0.0011 0.0011 0.7051 
437      437   (0)     12 :  0.0000 0.0006 0.0000 0.0000 0.0000 0.3546 0.0004 0.0000 0.0000 0.0274 0.0000 0.6170 
438      438   (0)     12 :  0.0000 0.0003 0.0000 0.0027 0.0003 0.2629 0.0001 0.0000 0.0000 0.0000 0.0000 0.7338 
439      439   (0)     12 :  0.0000 0.0000 0.0000 0.0206 0.0000 0.0500 0.0000 0.9230 0.0064 0.0000 0.0000 0.0000 
440      440   (0)     12 :  0.0082 0.0000 0.0000 0.0084 0.0000 0.0500 0.0000 0.9099 0.0067 0.0168 0.0000 0.0000 
441      441   (0)     12 :  0.0061 0.0000 0.0000 0.0003 0.0018 0.3116 0.0000 0.0000 0.0000 0.0000 0.0000 0.6801 
442      442   (0)     12 :  0.0000 0.0000 0.0000 0.0196 0.0000 0.0000 0.0000 0.5149 0.0000 0.4604 0.0051 0.0000 
443      443   (0)     12 :  0.0000 0.0051 0.0000 0.0543 0.0253 0.1399 0.0033 0.0000 0.0000 0.0000 0.0000 0.7720 
444      444   (0)     12 :  0.0000 0.0033 0.0000 0.0166 0.0084 0.3492 0.0031 0.0000 0.0000 0.0000 0.0000 0.6195 
445      445   (0)     12 :  0.0030 0.0008 0.0000 0.0193 0.0073 0.1376 0.0235 0.0000 0.0000 0.0039 0.0000 0.8046 
446      446   (0)     12 :  0.0000 0.0000 0.0000 0.0000 0.0049 0.1564 0.0000 0.0000 0.0000 0.0041 0.0000 0.8345 
447      447   (0)     12 :  0.0000 0.0000 0.0000 0.0041 0.0032 0.3745 0.0028 0.0003 0.0000 0.0000 0.0000 0.6151 
448      448   (0)     12 :  0.0000 0.0000 0.0000 0.0092 0.0000 0.2353 0.0000 0.0000 0.0000 0.0000 0.0000 0.7554 
449      449   (0)     12 :  0.0160 0.0020 0.0000 0.0000 0.0000 0.3644 0.0000 0.0000 0.0000 0.0000 0.0000 0.6177 
450      450   (0)     12 :  0.0000 0.0033 0.0000 0.0000 0.0073 0.2180 0.0000 0.0000 0.0000 0.0000 0.0000 0.7715 
451      451   (0)     12 :  0.0134 0.0063 0.0007 0.0184 0.0224 0.0819 0.0094 0.0000 0.0000 0.0000 0.0000 0.8475 
452      452   (0)     12 :  0.0000 0.0000 0.0000 0.0459 0.0089 0.1940 0.0013 0.0000 0.0000 0.0037 0.0000 0.7462 
453      453   (0)     13 :  0.0016 0.0067 0.0000 0.0075 0.0000 0.1364 0.0008 0.0000 0.0000 0.0000 0.0000 0.8469 
454      454   (0)     13 :  0.0000 0.0071 0.0000 0.0000 0.0001 0.2831 0.0000 0.0000 0.0000 0.0000 0.0060 0.7037 
455      455   (0)     13 :  0.0000 0.0000 0.0000 0.0000 0.0000 0.1808 0.0000 0.0000 0.0000 0.0000 0.0000 0.8192 
456      456   (0)     13 :  0.0030 0.0013 0.0007 0.0086 0.0000 0.0272 0.0000 0.8996 0.0173 0.0423 0.0000 0.0000 
457      457   (0)     13 :  0.0000 0.0000 0.0003 0.0242 0.0100 0.3456 0.0125 0.0000 0.0000 0.0000 0.0000 0.6074 
458      458   (0)     13 :  0.0043 0.0000 0.0000 0.0020 0.0000 0.2180 0.0004 0.0000 0.0000 0.0000 0.0000 0.7753 
459      459   (0)     13 :  0.0000 0.0000 0.0000 0.0020 0.0000 0.2674 0.0000 0.0000 0.0000 0.0000 0.0000 0.7306 
460      460   (0)     13 :  0.0000 0.0034 0.0000 0.0018 0.0047 0.1675 0.0043 0.0000 0.0000 0.0000 0.0000 0.8184 
461      461   (0)     13 :  0.0063 0.0041 0.0000 0.0008 0.0000 0.2223 0.0000 0.0000 0.0000 0.0000 0.0000 0.7665 
462      462   (0)     13 :  0.0142 0.0044 0.0000 0.0230 0.0079 0.1574 0.0067 0.0000 0.0000 0.0037 0.0003 0.7823 
463      463   (0)     13 :  0.0123 0.0090 0.0000 0.0022 0.0065 0.2563 0.0108 0.0000 0.0000 0.0000 0.0001 0.7028 
464      464   (0)     13 :  0.0041 0.1283 0.0000 0.0000 0.1483 0.1031 0.5964 0.0000 0.0000 0.0137 0.0039 0.0022 
465      465   (0)     13 :  0.0082 0.0000 0.0000 0.0112 0.0000 0.3730 0.0018 0.0055 0.0000 0.0000 0.0017 0.5986 
466      466   (0)     13 :  0.0052 0.0000 0.0000 0.0162 0.0000 0.1049 0.0000 0.0000 0.0000 0.0000 0.0016 0.8720 
467      467   (0)     13 :  0.0000 0.0092 0.0000 0.0614 0.0090 0.1313 0.0028 0.0000 0.0000 0.0073 0.0000 0.7790 
468      468   (0)     13 :  0.0231 0.1810 0.0000 0.0739 0.1361 0.0245 0.5106 0.0000 0.0003 0.0110 0.0000 0.0395 
469      469   (0)     13 :  0.0500 0.0717 0.0000 0.0888 0.0657 0.0527 0.6150 0.0000 0.0000 0.0562 0.0000 0.0000 
470      470   (0)     13 :  0.0000 0.0012 0.0000 0.0170 0.0042 0.2890 0.0121 0.0000 0.0000 0.0008 0.0000 0.6758 
471      471   (0)     13 :  0.0069 0.0000 0.0058 0.0293 0.0030 0.2348 0.0039 0.0000 0.0060 0.0135 0.0000 0.6968 
472      472   (0)     13 :  0.0000 0.0045 0.0000 0.0039 0.0015 0.2406 0.0019 0.0000 0.0000 0.0000 0.0002 0.7475 
473      473   (0)     13 :  0.0627 0.0101 0.0228 0.0262 0.0000 0.0316 0.0000 0.7999 0.0085 0.0093 0.0000 0.0287 
474      474   (0)     13 :  0.0000 0.0067 0.0000 0.0116 0.0045 0.0865 0.0065 0.0000 0.0000 0.0000 0.0004 0.8837 
475      475   (0)     13 :  0.0062 0.0045 0.0000 0.0292 0.0000 0.1313 0.0000 0.0000 0.0000 0.0000 0.0000 0.8288 
476      476   (0)     13 :  0.0000 0.0000 0.0000 0.0049 0.0000 0.0000 0.0000 0.9418 0.0095 0.0439 0.0000 0.0000 
477      477   (0)     13 :  0.0013 0.0043 0.0000 0.0072 0.0003 0.3053 0.0073 0.0006 0.0000 0.0214 0.0000 0.6523 
478      478   (0)     13 :  0.0000 0.0018 0.0000 0.0249 0.0004 0.1512 0.0007 0.0009 0.0000 0.0080 0.0156 0.7964 
479      479   (0)     13 :  0.0000 0.0052 0.0000 0.0003 0.0144 0.2491 0.0018 0.0000 0.0000 0.0018 0.0003 0.7272 
480      480   (0)     13 :  0.0132 0.0000 0.0015 0.0159 0.0000 0.0000 0.0000 0.8708 0.0044 0.0941 0.0000 0.0000 
481      481   (0)     13 :  0.0025 0.1210 0.0000 0.0001 0.4974 0.1265 0.1955 0.0000 0.0000 0.0044 0.0059 0.0466 
482      482   (0)     13 :  0.0030 0.0074 0.0000 0.0137 0.0209 0.1729 0.0030 0.0000 0.0000 0.0000 0.0000 0.7791 
483      483   (0)     14 :  0.0000 0.0022 0.0000 0.0014 0.0054 0.3160 0.0000 0.0000 0.0000 0.0000 0.0000 0.6750 
484      484   (0)     14 :  0.0000 0.0032 0.0000 0.0000 0.0073 0.2581 0.0002 0.0000 0.0000 0.0000 0.0000 0.7312 
485      485   (0)     15 :  0.0000 0.0025 0.0000 0.0198 0.0000 0.2767 0.0036 0.0000 0.0000 0.0000 0.0000 0.6973 
486      486   (0)     15 :  0.0105 0.0000 0.0000 0.0002 0.0000 0.3231 0.0015 0.0000 0.0000 0.0000 0.0000 0.6648 
487      487   (0)     15 :  0.0000 0.0105 0.0000 0.0090 0.0013 0.3681 0.0034 0.0000 0.0000 0.0000 0.0005 0.6071 
488      488   (0)     15 :  0.0000 0.0145 0.0000 0.0204 0.0000 0.2047 0.0000 0.0000 0.0000 0.0000 0.0008 0.7596 
489      489   (0)     15 :  0.0026 0.0083 0.0016 0.0203 0.0000 0.0129 0.0000 0.9391 0.0153 0.0000 0.0000 0.0000 
490      490   (0)     15 :  0.0000 0.0000 0.0066 0.0143 0.0000 0.0500 0.0000 0.8977 0.0000 0.0315 0.0000 0.0000 
491      491   (0)     15 :  0.0000 0.0000 0.0000 0.0068 0.0106 0.2159 0.0084 0.0000 0.0000 0.0000 0.0000 0.7582 
492      492   (0)     15 :  0.0000 0.0000 0.0069 0.0651 0.0000 0.0000 0.0000 0.9281 0.0000 0.0000 0.0000 0.0000 
493      493   (0)     15 :  0.0000 0.0015 0.0000 0.0171 0.0053 0.1429 0.0182 0.0000 0.0000 0.0000 0.0157 0.7993 
494      494   (0)     15 :  0.0004 0.0056 0.0000 0.0279 0.0000 0.2226 0.0069 0.0000 0.0000 0.0009 0.0000 0.7357 
495      495   (0)     15 :  0.0049 0.0024 0.0000 0.0000 0.0000 0.3024 0.0009 0.0000 0.0000 0.0000 0.0009 0.6884 
496      496   (0)     15 :  0.0001 0.0000 0.0000 0.0053 0.0000 0.2017 0.0015 0.0000 0.0000 0.0000 0.0041 0.7872 
497      497   (0)     15 :  0.0091 0.0054 0.0000 0.0249 0.0113 0.1143 0.0033 0.0000 0.0000 0.0014 0.0000 0.8303 
498      498   (0)     15 :  0.0000 0.0031 0.0000 0.0284 0.0204 0.3052 0.0070 0.0000 0.0000 0.0000 0.0000 0.6359 
499      499   (0)     15 :  0.0132 0.0029 0.0000 0.0052 0.0027 0.2449 0.0086 0.0000 0.0000 0.0008 0.0000 0.7216 
500      500   (0)     15 :  0.0000 0.0158 0.0000 0.0028 0.0015 0.3596 0.0040 0.0000 0.0000 0.0000 0.0000 0.6163 
501      501   (0)     15 :  0.0016 0.0135 0.0000 0.0063 0.0015 0.2970 0.0023 0.0006 0.0000 0.0113 0.0002 0.6658 
502      502   (0)     15 :  0.0176 0.0012 0.0000 0.0088 0.0014 0.2935 0.0049 0.0000 0.0000 0.0000 0.0000 0.6726 
503      503   (0)     15 :  0.0000 0.0021 0.0000 0.0056 0.0035 0.3115 0.0019 0.0000 0.0000 0.0000 0.0000 0.6754 
504      504   (0)     15 :  0.0000 0.0000 0.0000 0.0000 0.0015 0.3760 0.0027 0.0000 0.0000 0.0000 0.0000 0.6198 
505      505   (0)     15 :  0.0170 0.0056 0.0000 0.0024 0.0115 0.1824 0.0080 0.0000 0.0000 0.0000 0.0000 0.7731 
506      506   (0)     15 :  0.0107 0.0000 0.0000 0.0000 0.0021 0.0784 0.0030 0.0000 0.0000 0.0000 0.0000 0.9057 
507      507   (0)     15 :  0.0000 0.0049 0.0000 0.0033 0.0013 0.2539 0.0074 0.0000 0.0000 0.0009 0.0000 0.7284 
508      508   (0)     15 :  0.0000 0.0098 0.0000 0.0033 0.0078 0.2879 0.0045 0.0006 0.0000 0.0000 0.0000 0.6862 
509      509   (0)     15 :  0.0071 0.0071 0.0000 0.0000 0.0000 0.0000 0.0000 0.9783 0.0048 0.0027 0.0000 0.0000 
510      510   (0)     15 :  0.0000 0.0000 0.0130 0.0045 0.0000 0.0128 0.0000 0.9623 0.0074 0.0000 0.0000 0.0000 
511      511   (0)     15 :  0.0000 0.0060 0.0065 0.0025 0.0082 0.3523 0.0030 0.0048 0.0048 0.0088 0.0064 0.5967 
512      512   (0)     15 :  0.0000 0.0004 0.0000 0.0107 0.0089 0.0922 0.0000 0.0000 0.0000 0.0000 0.0000 0.8878 
513      513   (0)     15 :  0.0000 0.0031 0.0000 0.0019 0.0012 0.2451 0.0139 0.0000 0.0000 0.0000 0.0000 0.7347 
514      514   (0)     15 :  0.0000 0.0000 0.0000 0.0230 0.0135 0.2773 0.0079 0.0003 0.0000 0.0019 0.0000 0.6761 
515      515   (0)     16 :  0.0329 0.1513 0.0000 0.0015 0.0600 0.0692 0.6748 0.0000 0.0000 0.0000 0.0002 0.0101 
516      516   (0)     16 :  0.0000 0.0103 0.0000 0.0196 0.0011 0.1911 0.0082 0.0000 0.0000 0.0015 0.0022 0.7661 
517      517   (0)     16 :  0.0170 0.0000 0.0139 0.0169 0.0000 0.0000 0.0000 0.8358 0.0294 0.0871 0.0000 0.0000 
518      518   (0)     16 :  0.0120 0.0041 0.0003 0.0300 0.0054 0.1944 0.0073 0.0003 0.0000 0.0020 0.0145 0.7299 
519      519   (0)     16 :  0.0000 0.0029 0.0000 0.0500 0.0240 0.1170 0.0031 0.0000 0.0000 0.0000 0.0000 0.8030 
520      520   (0)     16 :  0.0000 0.0128 0.0000 0.0326 0.0152 0.1609 0.0050 0.0000 0.0000 0.0019 0.0000 0.7718 
521      521   (0)     16 :  0.0000 0.0097 0.0000 0.0004 0.0178 0.1211 0.0052 0.0000 0.0000 0.0065 0.0000 0.8392 
522      522   (0)     16 :  0.0000 0.0000 0.0000 0.0000 0.0000 0.0000 0.0000 0.1441 0.0000 0.8500 0.0059 0.0000 
523      523   (0)     16 :  0.0024 0.0127 0.0000 0.0000 0.0039 0.0252 0.0055 0.0000 0.0000 0.0001 0.0000 0.9504 
524      524   (0)     16 :  0.0003 0.0010 0.0060 0.0000 0.0000 0.0000 0.0000 0.8448 0.0661 0.0817 0.0000 0.0000 
525      525   (0)     16 :  0.0014 0.0056 0.0000 0.0000 0.0001 0.1517 0.0052 0.0000 0.0000 0.0007 0.0000 0.8354 
526      526   (0)     16 :  0.0000 0.0002 0.0000 0.0009 0.0033 0.1000 0.0206 0.0000 0.0000 0.0064 0.0005 0.8680 
527      527   (0)     16 :  0.0077 0.0000 0.0082 0.0085 0.0000 0.0014 0.0000 0.8809 0.0000 0.0933 0.0000 0.0000 
528      528   (0)     16 :  0.0000 0.0056 0.0000 0.0500 0.0095 0.2764 0.0386 0.0000 0.0000 0.0000 0.0000 0.6199 
529      529   (0)     16 :  0.0000 0.0101 0.0000 0.0000 0.0163 0.1604 0.0049 0.0000 0.0000 0.0000 0.0000 0.8083 
530      530   (0)     16 :  0.0000 0.0146 0.0000 0.0098 0.0169 0.1803 0.0424 0.0000 0.0000 0.0040 0.0000 0.7319 
531      531   (0)     16 :  0.0016 0.0000 0.0000 0.0000 0.0000 0.1689 0.0000 0.0000 0.0000 0.0000 0.0000 0.8295 
532      532   (0)     16 :  0.0000 0.0000 0.0000 0.0000 0.0000 0.0000 0.0000 0.1434 0.0000 0.8500 0.0066 0.0000 
533      533   (0)     16 :  0.0000 0.0000 0.0000 0.0000 0.0000 0.0000 0.0000 0.1398 0.0000 0.8500 0.0102 0.0000 
534      534   (0)     16 :  0.0022 0.0047 0.0000 0.0533 0.0041 0.0502 0.0110 0.0000 0.0000 0.0060 0.0000 0.8684 
535      535   (0)     16 :  0.0000 0.0000 0.0000 0.0101 0.0163 0.1694 0.0021 0.0000 0.0000 0.0000 0.0000 0.8021 
536      536   (0)     16 :  0.0000 0.0152 0.0000 0.0000 0.0117 0.1254 0.0109 0.0000 0.0000 0.0000 0.0000 0.8368 
537      537   (0)     16 :  0.0000 0.0000 0.0000 0.0536 0.0175 0.1171 0.0055 0.0010 0.0000 0.0002 0.0005 0.8046 
538      538   (0)     16 :  0.0090 0.0039 0.0000 0.0029 0.0014 0.1004 0.0000 0.0000 0.0000 0.0000 0.0000 0.8823 
539      539   (0)     16 :  0.0000 0.0025 0.0000 0.0166 0.0196 0.1322 0.0000 0.0000 0.0000 0.0078 0.0000 0.8212 
540      540   (0)     16 :  0.0000 0.0022 0.0000 0.0000 0.0114 0.1495 0.0035 0.0000 0.0000 0.0001 0.0000 0.8333 
541      541   (0)     16 :  0.0000 0.0500 0.0000 0.0000 0.0000 0.0000 0.0000 0.0000 0.0000 0.0000 0.9500 0.0000 
542      542   (0)     16 :  0.0021 0.0120 0.0000 0.0068 0.0050 0.1065 0.0220 0.0000 0.0000 0.0031 0.0000 0.8426 
543      543   (0)     16 :  0.0000 0.0000 0.0000 0.0169 0.0000 0.0960 0.0000 0.0000 0.0000 0.0042 0.0000 0.8828 
544      544   (0)     16 :  0.0000 0.0011 0.0000 0.0001 0.0014 0.1428 0.0000 0.0000 0.0000 0.0000 0.0000 0.8545 
