1        1   (0)      1  : 0.9773 0.0227
2        2   (0)      1  : 1.0000 0.0000
3        3   (0)      1  : 1.0000 0.0000
4        4   (0)      1  : 0.9957 0.0043
5        5   (0)      1  : 0.9783 0.0217
6        6   (0)      1  : 0.9773 0.0227
7        7   (0)      1  : 1.0000 0.0000
8        8   (0)      1  : 1.0000 0.0000
9        9   (0)      1  : 0.9656 0.0344
10       10   (0)      1  : 1.0000 0.0000
11       11   (0)      1  : 0.9906 0.0094
12       12   (0)      1  : 0.9739 0.0261
13       13   (0)      1  : 0.9841 0.0159
14       14   (0)      1  : 0.9803 0.0197
15       15   (0)      1  : 0.9761 0.0239
16       16   (0)      1  : 0.9713 0.0287
17       17   (0)      1  : 0.9794 0.0206
18       18   (0)      1  : 0.9856 0.0144
19       19   (0)      1  : 0.9674 0.0326
20       20   (0)      1  : 0.9846 0.0154
21       21   (0)      1  : 0.9855 0.0145
22       22   (0)      1  : 1.0000 0.0000
23       23   (0)      1  : 0.9951 0.0049
24       24   (0)      1  : 0.9878 0.0122
25       25   (0)      1  : 0.9986 0.0014
26       26   (0)      1  : 0.9880 0.0120
27       27   (0)      1  : 0.0619 0.9381
28       28   (0)      1  : 0.0902 0.9098
29       29   (0)      1  : 0.9847 0.0153
30       30   (0)      1  : 0.9735 0.0265
31       31   (0)      1  : 0.9884 0.0116
32       32   (0)      1  : 1.0000 0.0000
33       33   (0)      1  : 0.6235 0.3765
34       34   (0)      1  : 0.9841 0.0159
35       35   (0)      1  : 0.4802 0.5198
36       36   (0)      1  : 0.5083 0.4917
37       37   (0)      1  : 0.4979 0.5021
38       38   (0)      1  : 0.0898 0.9102
39       39   (0)      1  : 0.0752 0.9248
40       40   (0)      1  : 0.9692 0.0308
41       41   (0)      1  : 1.0000 0.0000
42       42   (0)      1  : 0.0727 0.9273
43       43   (0)      1  : 0.9766 0.0234
44       44   (0)      1  : 1.0000 0.0000
45       45   (0)      1  : 0.0864 0.9136
46       46   (0)      1  : 0.9590 0.0410
47       47   (0)      1  : 0.0619 0.9381
48       48   (0)      1  : 1.0000 0.0000
49       49   (0)      1  : 1.0000 0.0000
50       50   (0)      1  : 0.0939 0.9061
51       51   (0)      1  : 0.0694 0.9306
52       52   (0)      1  : 1.0000 0.0000
53       53   (0)      1  : 1.0000 0.0000
54       54   (0)      1  : 1.0000 0.0000
55       55   (0)      1  : 0.0755 0.9245
56       56   (0)      2  : 0.9859 0.0141
57       57   (0)      2  : 0.9659 0.0341
58       58   (0)      2  : 0.9959 0.0041
59       59   (0)      2  : 0.9803 0.0197
60       60   (0)      2  : 1.0000 0.0000
61       61   (0)      2  : 0.9707 0.0293
62       62   (0)      2  : 0.5003 0.4997
63       63   (0)      2  : 0.9918 0.0082
64       64   (0)      2  : 0.4892 0.5108
65       65   (0)      2  : 0.9880 0.0120
66       66   (0)      2  : 0.4956 0.5044
67       67   (0)      2  : 0.9791 0.0209
68       68   (0)      2  : 0.9819 0.0181
69       69   (0)      2  : 1.0000 0.0000
70       70   (0)      2  : 0.9784 0.0216
71       71   (0)      2  : 0.4756 0.5244
72       72   (0)      2  : 0.4880 0.5120
73       73   (0)      2  : 0.9683 0.0317
74       74   (0)      2  : 1.0000 0.0000
75       75   (0)      2  : 0.0779 0.9221
76       76   (0)      2  : 1.0000 0.0000
77       77   (0)      2  : 0.9805 0.0195
78       78   (0)      2  : 0.4833 0.5167
79       79   (0)      2  : 0.0752 0.9248
80       80   (0)      2  : 0.5026 0.4974
81       81   (0)      2  : 0.9638 0.0362
82       82   (0)      2  : 1.0000 0.0000
83       83   (0)      2  : 1.0000 0.0000
84       84   (0)      2  : 0.9998 0.0002
85       85   (0)      2  : 0.9844 0.0156
86       86   (0)      2  : 1.0000 0.0000
87       87   (0)      2  : 0.9852 0.0148
88       88   (0)      2  : 0.9778 0.0222
89       89   (0)      2  : 0.9840 0.0160
90       90   (0)      2  : 0.9749 0.0251
91       91   (0)      2  : 1.0000 0.0000
92       92   (0)      2  : 0.9866 0.0134
93       93   (0)      2  : 1.0000 0.0000
94       94   (0)      2  : 1.0000 0.0000
95       95   (0)      2  : 0.4753 0.5247
96       96   (0)      2  : 1.0000 0.0000
97       97   (0)      2  : 1.0000 0.0000
98       98   (0)      2  : 0.9688 0.0312
99       99   (0)      2  : 0.4880 0.5120
100      100   (0)      2  : 0.9875 0.0125
101      101   (0)      3  : 0.9879 0.0121
102      102   (0)      3  : 0.9984 0.0016
103      103   (0)      3  : 0.9873 0.0127
104      104   (0)      3  : 0.9810 0.0190
105      105   (0)      3  : 0.9847 0.0153
106      106   (0)      3  : 0.9881 0.0119
107      107   (0)      3  : 0.9762 0.0238
108      108   (0)      3  : 0.9566 0.0434
109      109   (0)      3  : 0.9949 0.0051
110      110   (0)      3  : 0.9907 0.0093
111      111   (0)      3  : 0.9688 0.0312
112      112   (0)      3  : 0.9750 0.0250
113      113   (0)      3  : 0.9697 0.0303
114      114   (0)      3  : 0.9932 0.0068
115      115   (0)      3  : 0.9847 0.0153
116      116   (0)      3  : 0.9777 0.0223
117      117   (0)      3  : 0.9867 0.0133
118      118   (0)      3  : 0.9962 0.0038
119      119   (0)      3  : 0.9897 0.0103
120      120   (0)      3  : 0.9640 0.0360
121      121   (0)      3  : 0.9919 0.0081
122      122   (0)      3  : 0.9752 0.0248
123      123   (0)      3  : 0.9858 0.0142
124      124   (0)      3  : 0.9924 0.0076
125      125   (0)      3  : 1.0000 0.0000
126      126   (0)      3  : 0.9875 0.0125
127      127   (0)      3  : 0.9916 0.0084
128      128   (0)      3  : 0.9726 0.0274
129      129   (0)      3  : 0.9882 0.0118
130      130   (0)      3  : 1.0000 0.0000
131      131   (0)      3  : 1.0000 0.0000
132      132   (0)      3  : 0.4853 0.5147
133      133   (0)      3  : 0.0591 0.9409
134      134   (0)      3  : 0.9756 0.0244
135      135   (0)      3  : 0.9833 0.0167
136      136   (0)      3  : 1.0000 0.0000
137      137   (0)      3  : 1.0000 0.0000
138      138   (0)      3  : 0.9787 0.0213
139      139   (0)      3  : 0.9720 0.0280
140      140   (0)      3  : 1.0000 0.0000
141      141   (0)      3  : 0.5076 0.4924
142      142   (0)      3  : 0.4767 0.5233
143      143   (0)      3  : 0.4890 0.5110
144      144   (0)      3  : 0.4881 0.5119
145      145   (0)      3  : 0.4987 0.5013
146      146   (0)      3  : 1.0000 0.0000
147      147   (0)      3  : 0.9809 0.0191
148      148   (0)      3  : 0.4971 0.5029
149      149   (0)      3  : 0.5004 0.4996
150      150   (0)      3  : 0.0634 0.9366
151      151   (0)      3  : 0.0642 0.9358
152      152   (0)      3  : 0.9727 0.0273
153      153   (0)      3  : 0.4884 0.5116
154      154   (0)      3  : 0.9866 0.0134
155      155   (0)      3  : 0.9838 0.0162
156      156   (0)      3  : 1.0000 0.0000
157      157   (0)      3  : 0.9817 0.0183
158      158   (0)      3  : 1.0000 0.0000
159      159   (0)      3  : 0.9743 0.0257
160      160   (0)      3  : 1.0000 0.0000
161      161   (0)      4  : 0.9842 0.0158
162      162   (0)      4  : 0.9851 0.0149
163      163   (0)      4  : 0.4756 0.5244
164      164   (0)      4  : 1.0000 0.0000
165      165   (0)      4  : 0.4715 0.5285
166      166   (0)      4  : 0.4816 0.5184
167      167   (0)      4  : 1.0000 0.0000
168      168   (0)      4  : 0.9930 0.0070
169      169   (0)      4  : 0.9735 0.0265
170      170   (0)      4  : 0.9766 0.0234
171      171   (0)      4  : 0.9739 0.0261
172      172   (0)      4  : 0.9835 0.0165
173      173   (0)      4  : 0.9995 0.0005
174      174   (0)      4  : 1.0000 0.0000
175      175   (0)      4  : 0.9820 0.0180
176      176   (0)      4  : 0.4969 0.5031
177      177   (0)      4  : 0.9938 0.0062
178      178   (0)      4  : 0.4727 0.5273
179      179   (0)      4  : 0.4764 0.5236
180      180   (0)      4  : 0.9810 0.0190
181      181   (0)      4  : 0.9865 0.0135
182      182   (0)      4  : 1.0000 0.0000
183      183   (0)      4  : 1.0000 0.0000
184      184   (0)      4  : 1.0000 0.0000
185      185   (0)      4  : 0.4863 0.5137
186      186   (0)      4  : 0.9961 0.0039
187      187   (0)      4  : 0.9951 0.0049
188      188   (0)      4  : 0.4967 0.5033
189      189   (0)      4  : 0.9828 0.0172
190      190   (0)      4  : 1.0000 0.0000
191      191   (0)      4  : 0.8892 0.1108
192      192   (0)      4  : 0.9820 0.0180
193      193   (0)      4  : 0.9800 0.0200
194      194   (0)      4  : 0.9750 0.0250
195      195   (0)      4  : 0.9834 0.0166
196      196   (0)      4  : 0.9746 0.0254
197      197   (0)      4  : 0.9932 0.0068
198      198   (0)      4  : 0.9726 0.0274
199      199   (0)      4  : 0.9753 0.0247
200      200   (0)      4  : 1.0000 0.0000
201      201   (0)      4  : 0.9625 0.0375
202      202   (0)      4  : 0.9790 0.0210
203      203   (0)      4  : 0.9796 0.0204
204      204   (0)      4  : 0.9808 0.0192
205      205   (0)      4  : 0.9807 0.0193
206      206   (0)      4  : 0.9764 0.0236
207      207   (0)      4  : 0.9965 0.0035
208      208   (0)      4  : 1.0000 0.0000
209      209   (0)      4  : 0.9742 0.0258
210      210   (0)      4  : 0.9666 0.0334
211      211   (0)      4  : 0.9876 0.0124
212      212   (0)      4  : 1.0000 0.0000
213      213   (0)      4  : 0.9689 0.0311
214      214   (0)      4  : 0.9689 0.0311
215      215   (0)      4  : 1.0000 0.0000
216      216   (0)      4  : 0.9942 0.0058
217      217   (0)      4  : 0.4911 0.5089
218      218   (0)      4  : 0.9825 0.0175
219      219   (0)      4  : 0.9903 0.0097
220      220   (0)      5  : 0.0000 1.0000
221      221   (0)      5  : 0.0000 1.0000
222      222   (0)      6  : 0.0000 1.0000
223      223   (0)      6  : 0.0000 1.0000
224      224   (0)      6  : 0.0000 1.0000
225      225   (0)      6  : 0.0000 1.0000
226      226   (0)      6  : 0.0000 1.0000
227      227   (0)      6  : 0.0000 1.0000
228      228   (0)      6  : 0.0000 1.0000
229      229   (0)      6  : 0.0000 1.0000
230      230   (0)      6  : 0.0000 1.0000
231      231   (0)      6  : 0.0000 1.0000
232      232   (0)      6  : 0.0000 1.0000
233      233   (0)      6  : 0.0000 1.0000
234      234   (0)      6  : 0.0000 1.0000
235      235   (0)      6  : 0.0000 1.0000
236      236   (0)      6  : 0.0000 1.0000
237      237   (0)      6  : 0.0000 1.0000
238      238   (0)      6  : 0.0000 1.0000
239      239   (0)      6  : 0.0000 1.0000
240      240   (0)      6  : 0.0000 1.0000
241      241   (0)      6  : 0.0000 1.0000
242      242   (0)      6  : 0.0000 1.0000
243      243   (0)      6  : 0.0000 1.0000
244      244   (0)      6  : 0.0000 1.0000
245      245   (0)      6  : 0.0000 1.0000
246      246   (0)      6  : 0.0000 1.0000
247      247   (0)      6  : 0.0000 1.0000
248      248   (0)      6  : 0.0000 1.0000
249      249   (0)      7  : 0.0000 1.0000
250      250   (0)      7  : 0.0000 1.0000
251      251   (0)      7  : 0.0000 1.0000
252      252   (0)      7  : 0.0000 1.0000
253      253   (0)      7  : 0.0000 1.0000
254      254   (0)      7  : 0.0000 1.0000
255      255   (0)      7  : 0.0000 1.0000
256      256   (0)      7  : 0.0000 1.0000
257      257   (0)      7  : 0.0000 1.0000
258      258   (0)      7  : 0.0000 1.0000
259      259   (0)      7  : 0.0000 1.0000
260      260   (0)      7  : 0.0000 1.0000
261      261   (0)      7  : 0.0000 1.0000
262      262   (0)      7  : 0.0000 1.0000
263      263   (0)      7  : 0.0000 1.0000
264      264   (0)      7  : 0.0000 1.0000
265      265   (0)      7  : 0.0000 1.0000
266      266   (0)      7  : 0.0000 1.0000
267      267   (0)      7  : 0.0000 1.0000
268      268   (0)      7  : 0.0000 1.0000
269      269   (0)      7  : 0.0000 1.0000
270      270   (0)      7  : 0.0000 1.0000
271      271   (0)      7  : 0.0000 1.0000
272      272   (0)      7  : 0.0000 1.0000
273      273   (0)      7  : 0.0000 1.0000
274      274   (0)      7  : 0.0000 1.0000
275      275   (0)      7  : 0.0001 0.9999
276      276   (0)      7  : 0.0000 1.0000
277      277   (0)      7  : 0.0000 1.0000
278      278   (0)      7  : 0.0000 1.0000
279      279   (0)      8  : 0.0000 1.0000
280      280   (0)      8  : 0.0000 1.0000
281      281   (0)      8  : 0.0000 1.0000
282      282   (0)      8  : 0.0000 1.0000
283      283   (0)      8  : 0.0000 1.0000
284      284   (0)      8  : 0.0000 1.0000
285      285   (0)      8  : 0.0000 1.0000
286      286   (0)      8  : 0.0000 1.0000
287      287   (0)      8  : 0.0000 1.0000
288      288   (0)      8  : 0.0000 1.0000
289      289   (0)      8  : 0.0000 1.0000
290      290   (0)      5  : 0.0000 1.0000
291      291   (0)      5  : 0.0000 1.0000
292      292   (0)      5  : 0.0000 1.0000
293      293   (0)      5  : 0.0000 1.0000
294      294   (0)      5  : 0.0000 1.0000
295      295   (0)      5  : 0.0000 1.0000
296      296   (0)      5  : 0.0000 1.0000
297      297   (0)      5  : 0.0000 1.0000
298      298   (0)      5  : 0.0000 1.0000
299      299   (0)      5  : 0.0000 1.0000
300      300   (0)      5  : 0.0000 1.0000
301      301   (0)      5  : 0.0000 1.0000
302      302   (0)      5  : 0.0000 1.0000
303      303   (0)      5  : 0.0000 1.0000
304      304   (0)      5  : 0.0000 1.0000
305      305   (0)      5  : 0.0000 1.0000
306      306   (0)      5  : 0.0000 1.0000
307      307   (0)      5  : 0.0000 1.0000
308      308   (0)      5  : 0.0000 1.0000
309      309   (0)      5  : 0.0000 1.0000
310      310   (0)      5  : 0.0000 1.0000
311      311   (0)      5  : 0.0000 1.0000
312      312   (0)      5  : 0.0000 1.0000
313      313   (0)      5  : 0.0000 1.0000
314      314   (0)      5  : 0.0000 1.0000
315      315   (0)      5  : 0.0000 1.0000
316      316   (0)      5  : 0.0000 1.0000
317      317   (0)      5  : 0.0000 1.0000
318      318   (0)      8  : 0.0000 1.0000
319      319   (0)      8  : 0.0000 1.0000
320      320   (0)      9  : 0.0000 1.0000
321      321   (0)      9  : 0.0000 1.0000
322      322   (0)      9  : 0.0000 1.0000
323      323   (0)      9  : 0.0000 1.0000
324      324   (0)      9  : 0.0000 1.0000
325      325   (0)      8  : 0.0000 1.0000
326      326   (0)      8  : 0.0000 1.0000
327      327   (0)      8  : 0.0000 1.0000
328      328   (0)      8  : 0.0000 1.0000
329      329   (0)      8  : 0.0000 1.0000
330      330   (0)      9  : 0.0000 1.0000
331      331   (0)      9  : 0.0000 1.0000
332      332   (0)      9  : 0.0000 1.0000
333      333   (0)      9  : 0.0000 1.0000
334      334   (0)      9  : 0.0000 1.0000
335      335   (0)      9  : 0.0000 1.0000
336      336   (0)      8  : 0.0000 1.0000
337      337   (0)      8  : 0.0000 1.0000
338      338   (0)      8  : 0.0000 1.0000
339      339   (0)      8  : 0.0000 1.0000
340      340   (0)      8  : 0.0000 1.0000
341      341   (0)      8  : 0.0000 1.0000
342      342   (0)      8  : 0.0000 1.0000
343      343   (0)      9  : 0.0000 1.0000
344      344   (0)      9  : 0.0000 1.0000
345      345   (0)      9  : 0.0000 1.0000
346      346   (0)      9  : 0.0000 1.0000
347      347   (0)      9  : 0.0000 1.0000
348      348   (0)      9  : 0.0000 1.0000
349      349   (0)      9  : 0.0050 0.9950
350      350   (0)      9  : 0.0000 1.0000
351      351   (0)      9  : 0.0000 1.0000
352      352   (0)      9  : 0.0000 1.0000
353      353   (0)      9  : 0.0000 1.0000
354      354   (0)      9  : 0.0000 1.0000
355      355   (0)      9  : 0.0000 1.0000
356      356   (0)      9  : 0.0000 1.0000
357      357   (0)      9  : 0.0000 1.0000
358      358   (0)      9  : 0.0000 1.0000
359      359   (0)      9  : 0.0000 1.0000
360      360   (0)      9  : 0.0000 1.0000
361      361   (0)      9  : 0.0000 1.0000
362      362   (0)     10  : 0.0000 1.0000
363      363   (0)     10  : 0.0000 1.0000
364      364   (0)     10  : 0.0000 1.0000
365      365   (0)     10  : 0.0000 1.0000
366      366   (0)     10  : 0.0000 1.0000
367      367   (0)     10  : 0.0000 1.0000
368      368   (0)     10  : 0.0000 1.0000
369      369   (0)     10  : 0.0000 1.0000
370      370   (0)     10  : 0.0000 1.0000
371      371   (0)     10  : 0.0000 1.0000
372      372   (0)     10  : 0.0000 1.0000
373      373   (0)     10  : 0.0000 1.0000
374      374   (0)     10  : 0.0000 1.0000
375      375   (0)     10  : 0.0000 1.0000
376      376   (0)     10  : 0.0000 1.0000
377      377   (0)     10  : 0.0000 1.0000
378      378   (0)     10  : 0.0009 0.9991
379      379   (0)     10  : 0.0000 1.0000
380      380   (0)     10  : 0.0000 1.0000
381      381   (0)     10  : 0.0000 1.0000
382      382   (0)     10  : 0.0000 1.0000
383      383   (0)     10  : 0.0000 1.0000
384      384   (0)     10  : 0.0000 1.0000
385      385   (0)     10  : 0.0000 1.0000
386      386   (0)     10  : 0.0000 1.0000
387      387   (0)     10  : 0.0000 1.0000
388      388   (0)     10  : 0.0000 1.0000
389      389   (0)     10  : 0.0000 1.0000
390      390   (0)      8  : 0.0000 1.0000
391      391   (0)      8  : 0.0000 1.0000
392      392   (0)      8  : 0.0000 1.0000
393      393   (0)     11  : 0.0000 1.0000
394      394   (0)     11  : 0.0000 1.0000
395      395   (0)     11  : 0.0240 0.9760
396      396   (0)     11  : 0.0460 0.9540
397      397   (0)     11  : 0.0000 1.0000
398      398   (0)     11  : 0.0000 1.0000
399      399   (0)     11  : 0.0001 0.9999
400      400   (0)     11  : 0.0000 1.0000
401      401   (0)     11  : 0.0151 0.9849
402      402   (0)     11  : 0.0000 1.0000
403      403   (0)     11  : 0.0000 1.0000
404      404   (0)     11  : 0.0000 1.0000
405      405   (0)     11  : 0.0132 0.9868
406      406   (0)     11  : 0.0004 0.9996
407      407   (0)     11  : 0.0000 1.0000
408      408   (0)     11  : 0.0000 1.0000
409      409   (0)     11  : 0.0126 0.9874
410      410   (0)     11  : 0.0000 1.0000
411      411   (0)     11  : 0.0000 1.0000
412      412   (0)     11  : 0.0000 1.0000
413      413   (0)     11  : 0.0000 1.0000
414      414   (0)     11  : 0.0000 1.0000
415      415   (0)     11  : 0.0000 1.0000
416      416   (0)     11  : 0.0000 1.0000
417      417   (0)     11  : 0.0000 1.0000
418      418   (0)     11  : 0.0148 0.9852
419      419   (0)     11  : 0.0000 1.0000
420      420   (0)     11  : 0.0000 1.0000
421      421   (0)     11  : 0.0000 1.0000
422      422   (0)     11  : 0.0000 1.0000
423      423   (0)     12  : 1.0000 0.0000
424      424   (0)     12  : 0.0772 0.9228
425      425   (0)     12  : 1.0000 0.0000
426      426   (0)     12  : 0.1230 0.8770
427      427   (0)     12  : 1.0000 0.0000
428      428   (0)     12  : 0.9844 0.0156
429      429   (0)     12  : 0.1847 0.8153
430      430   (0)     12  : 1.0000 0.0000
431      431   (0)     12  : 1.0000 0.0000
432      432   (0)     12  : 0.0662 0.9338
433      433   (0)     12  : 0.9999 0.0001
434      434   (0)     12  : 1.0000 0.0000
435      435   (0)     12  : 0.9963 0.0037
436      436   (0)     12  : 1.0000 0.0000
437      437   (0)     12  : 0.9880 0.0120
438      438   (0)     12  : 1.0000 0.0000
439      439   (0)     12  : 0.0664 0.9336
440      440   (0)     12  : 0.0823 0.9177
441      441   (0)     12  : 1.0000 0.0000
442      442   (0)     12  : 0.1193 0.8807
443      443   (0)     12  : 1.0000 0.0000
444      444   (0)     12  : 1.0000 0.0000
445      445   (0)     12  : 1.0000 0.0000
446      446   (0)     12  : 1.0000 0.0000
447      447   (0)     12  : 1.0000 0.0000
448      448   (0)     12  : 1.0000 0.0000
449      449   (0)     12  : 1.0000 0.0000
450      450   (0)     12  : 1.0000 0.0000
451      451   (0)     12  : 0.9978 0.0022
452      452   (0)     12  : 1.0000 0.0000
453      453   (0)     13  : 1.0000 0.0000
454      454   (0)     13  : 1.0000 0.0000
455      455   (0)     13  : 1.0000 0.0000
456      456   (0)     13  : 0.0605 0.9395
457      457   (0)     13  : 0.9998 0.0002
458      458   (0)     13  : 1.0000 0.0000
459      459   (0)     13  : 1.0000 0.0000
460      460   (0)     13  : 1.0000 0.0000
461      461   (0)     13  : 1.0000 0.0000
462      462   (0)     13  : 1.0000 0.0000
463      463   (0)     13  : 1.0000 0.0000
464      464   (0)     13  : 0.9843 0.0157
465      465   (0)     13  : 1.0000 0.0000
466      466   (0)     13  : 1.0000 0.0000
467      467   (0)     13  : 1.0000 0.0000
468      468   (0)     13  : 0.9704 0.0296
469      469   (0)     13  : 0.9767 0.0233
470      470   (0)     13  : 1.0000 0.0000
471      471   (0)     13  : 0.9803 0.0197
472      472   (0)     13  : 1.0000 0.0000
473      473   (0)     13  : 0.1306 0.8694
474      474   (0)     13  : 1.0000 0.0000
475      475   (0)     13  : 1.0000 0.0000
476      476   (0)     13  : 0.0829 0.9171
477      477   (0)     13  : 0.9994 0.0006
478      478   (0)     13  : 1.0000 0.0000
479      479   (0)     13  : 1.0000 0.0000
480      480   (0)     13  : 0.0888 0.9112
481      481   (0)     13  : 0.9781 0.0219
482      482   (0)     13  : 1.0000 0.0000
483      483   (0)     14  : 1.0000 0.0000
484      484   (0)     14  : 1.0000 0.0000
485      485   (0)     15  : 1.0000 0.0000
486      486   (0)     15  : 1.0000 0.0000
487      487   (0)     15  : 1.0000 0.0000
488      488   (0)     15  : 1.0000 0.0000
489      489   (0)     15  : 0.0782 0.9218
490      490   (0)     15  : 0.0901 0.9099
491      491   (0)     15  : 1.0000 0.0000
492      492   (0)     15  : 0.1171 0.8829
493      493   (0)     15  : 1.0000 0.0000
494      494   (0)     15  : 1.0000 0.0000
495      495   (0)     15  : 1.0000 0.0000
496      496   (0)     15  : 1.0000 0.0000
497      497   (0)     15  : 1.0000 0.0000
498      498   (0)     15  : 1.0000 0.0000
499      499   (0)     15  : 1.0000 0.0000
500      500   (0)     15  : 1.0000 0.0000
501      501   (0)     15  : 1.0000 0.0000
502      502   (0)     15  : 1.0000 0.0000
503      503   (0)     15  : 1.0000 0.0000
504      504   (0)     15  : 1.0000 0.0000
505      505   (0)     15  : 1.0000 0.0000
506      506   (0)     15  : 1.0000 0.0000
507      507   (0)     15  : 1.0000 0.0000
508      508   (0)     15  : 1.0000 0.0000
509      509   (0)     15  : 0.0850 0.9150
510      510   (0)     15  : 0.0817 0.9183
511      511   (0)     15  : 0.9772 0.0228
512      512   (0)     15  : 1.0000 0.0000
513      513   (0)     15  : 1.0000 0.0000
514      514   (0)     15  : 1.0000 0.0000
515      515   (0)     16  : 0.9879 0.0121
516      516   (0)     16  : 1.0000 0.0000
517      517   (0)     16  : 0.0573 0.9427
518      518   (0)     16  : 0.9936 0.0064
519      519   (0)     16  : 1.0000 0.0000
520      520   (0)     16  : 1.0000 0.0000
521      521   (0)     16  : 1.0000 0.0000
522      522   (0)     16  : 0.1820 0.8180
523      523   (0)     16  : 1.0000 0.0000
524      524   (0)     16  : 0.0812 0.9188
525      525   (0)     16  : 1.0000 0.0000
526      526   (0)     16  : 1.0000 0.0000
527      527   (0)     16  : 0.0762 0.9238
528      528   (0)     16  : 1.0000 0.0000
529      529   (0)     16  : 1.0000 0.0000
530      530   (0)     16  : 1.0000 0.0000
531      531   (0)     16  : 1.0000 0.0000
532      532   (0)     16  : 0.1953 0.8047
533      533   (0)     16  : 0.1602 0.8398
534      534   (0)     16  : 1.0000 0.0000
535      535   (0)     16  : 1.0000 0.0000
536      536   (0)     16  : 1.0000 0.0000
537      537   (0)     16  : 1.0000 0.0000
538      538   (0)     16  : 1.0000 0.0000
539      539   (0)     16  : 1.0000 0.0000
540      540   (0)     16  : 1.0000 0.0000
541      541   (0)     16  : 0.4917 0.5083
542      542   (0)     16  : 1.0000 0.0000
543      543   (0)     16  : 1.0000 0.0000
544      544   (0)     16  : 1.0000 0.0000
