1        1   (0)      1  : 0.4452 0.0113 0.0935 0.0000 0.0231 0.4269
2        2   (0)      1  : 0.7170 0.0000 0.0753 0.1638 0.0000 0.0438
3        3   (0)      1  : 0.0014 0.1440 0.0270 0.1228 0.5376 0.1671
4        4   (0)      1  : 0.6520 0.0000 0.1082 0.0020 0.0000 0.2378
5        5   (0)      1  : 0.5835 0.0008 0.2121 0.1897 0.0138 0.0000
6        6   (0)      1  : 0.4194 0.0443 0.0000 0.0225 0.1053 0.4085
7        7   (0)      1  : 0.0000 0.0912 0.0712 0.2023 0.6353 0.0000
8        8   (0)      2  : 0.7945 0.0192 0.1864 0.0000 0.0000 0.0000
9        9   (0)      1  : 0.8328 0.0000 0.1456 0.0000 0.0217 0.0000
10       10   (0)      3  : 0.0000 0.0000 0.0000 0.5315 0.0000 0.4685
11       11   (0)      4  : 0.0000 0.0389 0.2049 0.7562 0.0000 0.0000
12       12   (0)      4  : 0.5104 0.0000 0.0198 0.3374 0.0000 0.1323
13       13   (0)      4  : 0.0000 0.0000 0.0385 0.4520 0.0406 0.4688
14       14   (0)      4  : 0.0624 0.0000 0.1989 0.7387 0.0000 0.0000
15       15   (0)      4  : 0.3768 0.0000 0.0588 0.5644 0.0000 0.0000
16       16   (0)      4  : 0.0816 0.0000 0.0000 0.0000 0.4568 0.4616
17       17   (0)      5  : 0.5052 0.0000 0.0278 0.2167 0.0000 0.2503
18       18   (0)      4  : 0.0000 0.0000 0.0000 0.4772 0.0000 0.5228
19       19   (0)      5  : 0.4503 0.0000 0.0385 0.4524 0.0000 0.0588
20       20   (0)      5  : 0.3381 0.0000 0.0000 0.6619 0.0000 0.0000
21       21   (0)      5  : 0.0000 0.0000 0.0000 0.6634 0.0000 0.3366
22       22   (0)      5  : 0.3194 0.0000 0.0000 0.6806 0.0000 0.0000
23       23   (0)      5  : 0.0000 0.0000 0.0000 0.3837 0.0000 0.6163
24       24   (0)      5  : 0.0000 0.0000 0.0000 0.6487 0.0000 0.3513
25       25   (0)      5  : 0.2769 0.0000 0.0000 0.5191 0.0124 0.1916
26       26   (0)      5  : 0.0000 0.0000 0.0000 0.5871 0.0127 0.4002
27       27   (0)      5  : 0.2224 0.0000 0.0687 0.7089 0.0000 0.0000
28       28   (0)      5  : 0.0000 0.0000 0.0000 0.4983 0.0000 0.5017
29       29   (0)      5  : 0.0041 0.0000 0.0000 0.9959 0.0000 0.0000
30       30   (0)      5  : 0.6628 0.0000 0.0000 0.3372 0.0000 0.0000
31       31   (0)      5  : 0.3047 0.0000 0.0118 0.4096 0.0000 0.2739
32       32   (0)      5  : 0.0054 0.0000 0.0000 0.7265 0.0000 0.2680
33       33   (0)      5  : 0.1466 0.0000 0.0000 0.1829 0.0000 0.6706
34       34   (0)      5  : 0.1249 0.0000 0.0000 0.3535 0.0000 0.5216
35       35   (0)      5  : 0.5921 0.0000 0.0000 0.2858 0.0000 0.1221
36       36   (0)      5  : 0.1976 0.0000 0.0008 0.8016 0.0000 0.0000
37       37   (0)      5  : 0.2809 0.0000 0.0000 0.6176 0.0000 0.1014
38       38   (0)      5  : 0.0000 0.0000 0.0000 0.6834 0.0000 0.3166
39       39   (0)      5  : 0.0903 0.0000 0.0024 0.7564 0.0000 0.1508
40       40   (0)      5  : 0.3129 0.0000 0.0000 0.6001 0.0000 0.0870
41       41   (0)      5  : 0.0000 0.0000 0.0000 0.5349 0.0000 0.4651
42       42   (0)      5  : 0.6086 0.0000 0.0000 0.3914 0.0000 0.0000
43       43   (0)      5  : 0.0000 0.1107 0.0000 0.0000 0.5937 0.2956
44       44   (0)      5  : 0.0000 0.0000 0.0000 0.5228 0.0000 0.4772
45       45   (0)      4  : 0.0000 0.0000 0.0781 0.9219 0.0000 0.0000
46       46   (0)      4  : 0.4167 0.0000 0.0114 0.3669 0.0336 0.1714
47       47   (0)      4  : 0.0000 0.0000 0.0000 0.2980 0.0000 0.7020
48       48   (0)      4  : 0.6027 0.0000 0.0007 0.3966 0.0000 0.0000
49       49   (0)      5  : 0.2606 0.0000 0.0377 0.4143 0.0099 0.2776
50       50   (0)      4  : 0.0000 0.0000 0.0000 0.3322 0.0000 0.6678
51       51   (0)      4  : 0.2732 0.0000 0.0370 0.0046 0.3734 0.3118
52       52   (0)      4  : 0.4532 0.0198 0.0276 0.4365 0.0308 0.0320
53       53   (0)      4  : 0.0000 0.0241 0.0375 0.0515 0.5452 0.3417
54       54   (0)      4  : 0.3510 0.0000 0.0321 0.6170 0.0000 0.0000
55       55   (0)      4  : 0.1989 0.0420 0.0000 0.0000 0.4859 0.2732
56       56   (0)      4  : 0.2761 0.0000 0.0653 0.0846 0.4209 0.1530
57       57   (0)      4  : 0.1996 0.0000 0.0183 0.7821 0.0000 0.0000
58       58   (0)      5  : 0.3653 0.0000 0.0000 0.4724 0.0370 0.1253
59       59   (0)      4  : 0.2263 0.0478 0.0000 0.0000 0.3472 0.3787
60       60   (0)      4  : 0.0000 0.1004 0.0000 0.1296 0.4529 0.3171
61       61   (0)      4  : 0.4631 0.0000 0.0142 0.3292 0.0000 0.1935
62       62   (0)      5  : 0.1746 0.0000 0.0233 0.4101 0.0000 0.3920
63       63   (0)      6  : 0.1834 0.1071 0.0000 0.1997 0.2498 0.2601
64       64   (0)      6  : 0.0655 0.0725 0.0000 0.0000 0.5601 0.3019
65       65   (0)      6  : 0.6379 0.0000 0.3088 0.0533 0.0000 0.0000
66       66   (0)      6  : 0.3775 0.0000 0.0003 0.3226 0.0000 0.2996
67       67   (0)      6  : 0.1365 0.0000 0.2008 0.6466 0.0161 0.0000
68       68   (0)      6  : 0.3154 0.0000 0.2376 0.0000 0.0000 0.4470
69       69   (0)      6  : 0.4877 0.0000 0.0925 0.0443 0.0000 0.3754
70       70   (0)      6  : 0.3570 0.0141 0.0490 0.1005 0.0525 0.4270
71       71   (0)      6  : 0.0000 0.0000 0.0244 0.1078 0.0000 0.8678
72       72   (0)      6  : 0.4575 0.0000 0.0163 0.1711 0.0000 0.3551
73       73   (0)      7  : 0.5162 0.0105 0.0000 0.4733 0.0000 0.0000
74       74   (0)      7  : 0.6577 0.0000 0.0883 0.2427 0.0019 0.0093
75       75   (0)      7  : 0.3726 0.0000 0.0845 0.3771 0.0000 0.1658
76       76   (0)      7  : 0.5770 0.0190 0.0203 0.3671 0.0167 0.0000
77       77   (0)      7  : 0.2051 0.0000 0.0000 0.7949 0.0000 0.0000
78       78   (0)      7  : 0.3056 0.0000 0.0895 0.5127 0.0000 0.0922
79       79   (0)      7  : 0.4760 0.0222 0.0121 0.4896 0.0000 0.0000
80       80   (0)      7  : 0.8068 0.0000 0.0502 0.1429 0.0000 0.0000
81       81   (0)      7  : 0.4721 0.0000 0.0001 0.4797 0.0000 0.0481
82       82   (0)      7  : 0.2090 0.0000 0.0000 0.7910 0.0000 0.0000
83       83   (0)      7  : 0.6203 0.0000 0.0121 0.2303 0.0873 0.0500
84       84   (0)      7  : 0.4203 0.0427 0.0000 0.0000 0.4754 0.0616
85       85   (0)      7  : 0.5124 0.0000 0.0459 0.4417 0.0000 0.0000
86       86   (0)      7  : 0.2817 0.0000 0.0279 0.6904 0.0000 0.0000
87       87   (0)      7  : 0.3087 0.0276 0.0000 0.0000 0.4234 0.2403
88       88   (0)      7  : 0.1506 0.0000 0.0000 0.2514 0.0000 0.5980
89       89   (0)      7  : 0.0475 0.1253 0.0000 0.0010 0.4900 0.3361
90       90   (0)      7  : 0.3513 0.0000 0.0000 0.6480 0.0007 0.0000
91       91   (0)      7  : 0.4737 0.0000 0.0260 0.2083 0.0000 0.2919
92       92   (0)      7  : 0.4778 0.0000 0.0421 0.4691 0.0000 0.0111
93       93   (0)      7  : 0.2423 0.0000 0.0495 0.6730 0.0352 0.0000
94       94   (0)      7  : 0.4351 0.0000 0.0025 0.3405 0.0000 0.2219
95       95   (0)      7  : 0.2688 0.0000 0.0209 0.7103 0.0000 0.0000
96       96   (0)      7  : 0.0529 0.0000 0.0000 0.6220 0.0661 0.2589
97       97   (0)      7  : 0.0863 0.0000 0.0000 0.9137 0.0000 0.0000
98       98   (0)      7  : 0.0000 0.0000 0.0423 0.9577 0.0000 0.0000
99       99   (0)      7  : 0.0000 0.0000 0.0028 0.9480 0.0216 0.0276
100      100   (0)      7  : 0.4363 0.0346 0.0207 0.0268 0.4816 0.0000
101      101   (0)      6  : 0.8134 0.0000 0.1130 0.0736 0.0000 0.0000
102      102   (0)      6  : 0.3902 0.0000 0.2536 0.1768 0.0000 0.1794
103      103   (0)      6  : 0.2271 0.0000 0.0975 0.0302 0.0000 0.6453
104      104   (0)      6  : 0.8894 0.0000 0.1020 0.0086 0.0000 0.0000
105      105   (0)      6  : 0.1895 0.0000 0.0741 0.0346 0.0000 0.7017
106      106   (0)      6  : 0.4834 0.0000 0.1637 0.2189 0.0000 0.1339
107      107   (0)      6  : 0.5500 0.0000 0.1607 0.0385 0.0000 0.2508
108      108   (0)      6  : 0.4842 0.0000 0.0890 0.0571 0.0195 0.3503
109      109   (0)      6  : 0.2610 0.0370 0.0022 0.0000 0.5168 0.1831
110      110   (0)      7  : 0.4098 0.0000 0.0000 0.2599 0.0038 0.3265
111      111   (0)      7  : 0.2026 0.0919 0.0473 0.5765 0.0816 0.0000
112      112   (0)      6  : 0.5928 0.0334 0.1942 0.1351 0.0186 0.0258
113      113   (0)      6  : 0.5573 0.0000 0.4253 0.0000 0.0174 0.0000
114      114   (0)      6  : 0.2671 0.1091 0.0778 0.0000 0.5339 0.0121
115      115   (0)      6  : 0.5123 0.0000 0.2267 0.2610 0.0000 0.0000
116      116   (0)      6  : 0.1645 0.1558 0.0669 0.1613 0.4515 0.0000
117      117   (0)      6  : 0.4700 0.0396 0.1212 0.2315 0.0199 0.1178
118      118   (0)      6  : 0.3244 0.0000 0.2617 0.0450 0.0000 0.3689
119      119   (0)      6  : 0.6561 0.0000 0.1997 0.0000 0.0000 0.1442
120      120   (0)      6  : 0.6903 0.0005 0.1712 0.1380 0.0000 0.0000
121      121   (0)      6  : 0.6601 0.0000 0.2839 0.0415 0.0000 0.0146
122      122   (0)      6  : 0.2041 0.0788 0.1462 0.0000 0.5672 0.0037
123      123   (0)      8  : 0.0190 0.0000 0.0212 0.3962 0.0710 0.4927
124      124   (0)      8  : 0.3208 0.0000 0.0000 0.2299 0.0204 0.4289
125      125   (0)      8  : 0.0000 0.0000 0.0000 0.2529 0.0493 0.6978
126      126   (0)      8  : 0.5813 0.0000 0.0000 0.3880 0.0000 0.0306
127      127   (0)      8  : 0.4805 0.0060 0.0000 0.5135 0.0000 0.0000
128      128   (0)      8  : 0.0000 0.0000 0.0000 0.5008 0.0000 0.4992
129      129   (0)      8  : 0.1565 0.0000 0.0000 0.3202 0.0134 0.5099
130      130   (0)      8  : 0.0000 0.0000 0.0204 0.2314 0.0577 0.6905
131      131   (0)      8  : 0.3259 0.0000 0.0603 0.4887 0.0000 0.1252
132      132   (0)      8  : 0.2220 0.0000 0.0000 0.3572 0.0000 0.4208
133      133   (0)      8  : 0.3516 0.0000 0.0000 0.2394 0.0071 0.4018
134      134   (0)      8  : 0.1910 0.0111 0.0000 0.5176 0.0162 0.2641
135      135   (0)      8  : 0.1692 0.0298 0.0279 0.7731 0.0000 0.0000
136      136   (0)      8  : 0.0000 0.0000 0.0000 0.0490 0.0000 0.9510
137      137   (0)      8  : 0.4755 0.0000 0.0424 0.4317 0.0426 0.0078
138      138   (0)      8  : 0.6317 0.0000 0.0000 0.3198 0.0000 0.0485
139      139   (0)      8  : 0.6536 0.0000 0.0000 0.2682 0.0120 0.0662
140      140   (0)      8  : 0.7392 0.0000 0.0000 0.2608 0.0000 0.0000
141      141   (0)      8  : 0.3764 0.0000 0.0000 0.2531 0.0000 0.3706
142      142   (0)      8  : 0.0000 0.0000 0.0000 0.5517 0.0000 0.4483
143      143   (0)      8  : 0.6538 0.0000 0.0000 0.2266 0.0000 0.1196
144      144   (0)      8  : 0.2900 0.0000 0.1351 0.5356 0.0393 0.0000
145      145   (0)      8  : 0.4907 0.0140 0.0193 0.3384 0.0000 0.1376
146      146   (0)      3  : 0.0001 0.0000 0.0000 0.4239 0.0000 0.5760
147      147   (0)      3  : 0.1630 0.0000 0.0000 0.0093 0.4409 0.3868
148      148   (0)      3  : 0.0532 0.0000 0.0000 0.0000 0.0000 0.9468
149      149   (0)      3  : 0.5227 0.0000 0.0000 0.3730 0.0097 0.0946
150      150   (0)      3  : 0.2048 0.0000 0.0020 0.2787 0.0000 0.5146
151      151   (0)      3  : 0.0000 0.0000 0.0284 0.2980 0.0138 0.6599
152      152   (0)      3  : 0.5708 0.0000 0.0000 0.4292 0.0000 0.0000
153      153   (0)      3  : 0.3362 0.0000 0.0000 0.4534 0.0000 0.2104
154      154   (0)      3  : 0.1048 0.0000 0.0000 0.5279 0.0000 0.3673
155      155   (0)      3  : 0.3131 0.0000 0.0000 0.5650 0.0000 0.1219
156      156   (0)      3  : 0.2705 0.0000 0.0000 0.6822 0.0473 0.0000
157      157   (0)      3  : 0.4090 0.0000 0.0000 0.4635 0.1012 0.0263
158      158   (0)      3  : 0.5891 0.0000 0.0000 0.3804 0.0000 0.0305
159      159   (0)      3  : 0.5576 0.0000 0.0000 0.4103 0.0000 0.0321
160      160   (0)      3  : 0.4681 0.0142 0.0000 0.0000 0.5177 0.0000
161      161   (0)      3  : 0.3792 0.0000 0.0684 0.2583 0.0000 0.2941
162      162   (0)      3  : 0.0688 0.0000 0.0000 0.2534 0.0000 0.6778
163      163   (0)      3  : 0.6400 0.0000 0.0000 0.3437 0.0000 0.0163
164      164   (0)      3  : 0.2751 0.0000 0.0000 0.4246 0.0000 0.3004
165      165   (0)      3  : 0.4978 0.0000 0.0000 0.4866 0.0000 0.0156
166      166   (0)      3  : 0.0000 0.0000 0.0000 0.2799 0.0113 0.7088
167      167   (0)      3  : 0.3519 0.0000 0.0000 0.5407 0.0000 0.1074
168      168   (0)      3  : 0.5678 0.0000 0.0000 0.1562 0.0000 0.2759
169      169   (0)      3  : 0.4688 0.0000 0.0000 0.5201 0.0000 0.0112
170      170   (0)      3  : 0.5281 0.0000 0.0000 0.4719 0.0000 0.0000
171      171   (0)      3  : 0.7660 0.0000 0.0000 0.2207 0.0133 0.0000
172      172   (0)      3  : 0.4878 0.0000 0.0000 0.4659 0.0000 0.0462
173      173   (0)      3  : 0.5873 0.0000 0.0000 0.4082 0.0000 0.0045
174      174   (0)      3  : 0.2215 0.0000 0.0000 0.3809 0.0000 0.3976
175      175   (0)      8  : 0.0001 0.0000 0.0000 0.4590 0.0000 0.5409
176      176   (0)      8  : 0.0886 0.0413 0.1449 0.6953 0.0299 0.0000
177      177   (0)      8  : 0.4157 0.0000 0.0000 0.2331 0.0000 0.3512
178      178   (0)      8  : 0.6461 0.0000 0.0518 0.3022 0.0000 0.0000
179      179   (0)      8  : 0.2953 0.0000 0.0000 0.2562 0.0000 0.4485
180      180   (0)      8  : 0.2128 0.0000 0.0000 0.3554 0.0360 0.3958
181      181   (0)      8  : 0.2838 0.0000 0.0000 0.3957 0.0000 0.3204
182      182   (0)      1  : 0.9781 0.0000 0.0000 0.0219 0.0000 0.0000
183      183   (0)      1  : 0.5517 0.0000 0.0797 0.0000 0.0000 0.3686
184      184   (0)      1  : 0.9022 0.0000 0.0978 0.0000 0.0000 0.0000
185      185   (0)      1  : 0.5650 0.0151 0.0314 0.0000 0.0201 0.3684
186      186   (0)      1  : 0.9453 0.0000 0.0346 0.0000 0.0000 0.0202
187      187   (0)      1  : 0.3947 0.0166 0.0857 0.2444 0.0462 0.2123
188      188   (0)      1  : 0.9896 0.0000 0.0000 0.0000 0.0000 0.0104
189      189   (0)      1  : 0.8894 0.0000 0.0000 0.0000 0.0000 0.1106
190      190   (0)      2  : 0.1174 0.0000 0.0330 0.0000 0.0000 0.8496
191      191   (0)      2  : 0.6979 0.0000 0.0000 0.3021 0.0000 0.0000
192      192   (0)      2  : 0.7163 0.0000 0.0000 0.1641 0.0000 0.1196
193      193   (0)      2  : 0.0000 0.0223 0.0000 0.3299 0.0000 0.6478
194      194   (0)      2  : 0.7972 0.0000 0.0000 0.0628 0.0000 0.1400
195      195   (0)      2  : 0.0000 0.0000 0.0000 0.1411 0.0000 0.8589
196      196   (0)      2  : 0.6363 0.0000 0.1213 0.0000 0.0000 0.2424
197      197   (0)      2  : 0.3239 0.0000 0.0416 0.2479 0.0000 0.3866
198      198   (0)      1  : 0.3335 0.0000 0.0297 0.0579 0.0000 0.5789
199      199   (0)      1  : 0.8825 0.0000 0.0968 0.0207 0.0000 0.0000
200      200   (0)      1  : 0.2783 0.0000 0.1079 0.1263 0.0000 0.4874
201      201   (0)      1  : 0.5325 0.0028 0.2460 0.0035 0.0404 0.1747
202      202   (0)      1  : 0.3313 0.0000 0.1501 0.0000 0.0119 0.5067
203      203   (0)      1  : 0.7767 0.0093 0.2073 0.0000 0.0055 0.0012
204      204   (0)      2  : 0.0660 0.0000 0.0503 0.1588 0.2575 0.4674
205      205   (0)      2  : 0.3573 0.0000 0.1044 0.0000 0.0000 0.5383
206      206   (0)      2  : 0.0000 0.0000 0.0000 0.1005 0.5599 0.3397
207      207   (0)      2  : 0.8316 0.0000 0.0285 0.1217 0.0000 0.0182
208      208   (0)      2  : 0.0000 0.0000 0.0000 0.0000 0.0000 1.0000
209      209   (0)      2  : 0.9093 0.0000 0.0000 0.0596 0.0152 0.0159
210      210   (0)      2  : 0.0000 0.0000 0.0316 0.1273 0.0000 0.8411
211      211   (0)      1  : 0.0151 0.0000 0.0903 0.0000 0.0000 0.8946
212      212   (0)      1  : 0.6002 0.0000 0.1707 0.2259 0.0032 0.0000
213      213   (0)      1  : 0.5826 0.0220 0.0386 0.1161 0.0000 0.2407
214      214   (0)      1  : 0.8403 0.0000 0.1475 0.0122 0.0000 0.0000
215      215   (0)      1  : 0.1477 0.0000 0.0260 0.0000 0.0000 0.8263
216      216   (0)      1  : 0.8381 0.0000 0.1619 0.0000 0.0000 0.0000
217      217   (0)      1  : 0.8090 0.0000 0.1650 0.0000 0.0000 0.0261
218      218   (0)      1  : 0.3590 0.0044 0.1548 0.0554 0.0000 0.4263
219      219   (0)      2  : 0.5684 0.0000 0.0000 0.0000 0.0000 0.4316
220      220   (0)      2  : 0.0000 0.0000 0.0440 0.2450 0.0000 0.7110
221      221   (0)      2  : 0.8980 0.0093 0.0395 0.0531 0.0000 0.0000
222      222   (0)      2  : 0.6614 0.0000 0.0000 0.2110 0.0000 0.1276
223      223   (0)      2  : 0.8779 0.0000 0.1070 0.0151 0.0000 0.0000
224      224   (0)      2  : 0.0974 0.0000 0.0000 0.0000 0.0000 0.9026
225      225   (0)      2  : 0.2232 0.0000 0.0480 0.0776 0.0000 0.6512
226      226   (0)      2  : 0.8854 0.0112 0.0426 0.0608 0.0000 0.0000
227      227   (0)      2  : 0.8370 0.0000 0.0000 0.0000 0.0000 0.1630
228      228   (0)      2  : 0.8447 0.0000 0.0000 0.0000 0.0000 0.1553
229      229   (0)      2  : 0.9400 0.0000 0.0000 0.0000 0.0000 0.0600
230      230   (0)      2  : 0.1802 0.0530 0.0000 0.0000 0.3758 0.3910
231      231   (0)      2  : 0.5076 0.0000 0.0000 0.3246 0.0000 0.1678
232      232   (0)      2  : 0.5380 0.0000 0.0000 0.0664 0.0000 0.3956
233      233   (0)      9  : 0.0344 0.0000 0.9656 0.0000 0.0000 0.0000
234      234   (0)      9  : 0.0313 0.9036 0.0000 0.0000 0.0651 0.0000
235      235   (0)      9  : 0.0000 0.0000 1.0000 0.0000 0.0000 0.0000
236      236   (0)      9  : 0.0000 0.8268 0.0000 0.1260 0.0472 0.0000
237      237   (0)      9  : 0.0352 0.0000 0.9648 0.0000 0.0000 0.0000
238      238   (0)      9  : 0.0000 0.0000 1.0000 0.0000 0.0000 0.0000
239      239   (0)      9  : 0.0000 0.9624 0.0000 0.0000 0.0189 0.0187
240      240   (0)      9  : 0.0000 0.9867 0.0000 0.0000 0.0133 0.0000
241      241   (0)     10  : 0.0087 0.9694 0.0000 0.0000 0.0000 0.0219
242      242   (0)     10  : 0.0000 0.9116 0.0408 0.0000 0.0476 0.0000
243      243   (0)     10  : 0.0028 0.8630 0.0000 0.1341 0.0000 0.0000
244      244   (0)     11  : 0.0000 0.0000 0.9968 0.0000 0.0032 0.0000
245      245   (0)     11  : 0.0000 0.0287 0.9713 0.0000 0.0000 0.0000
246      246   (0)     11  : 0.0278 0.0000 0.9722 0.0000 0.0000 0.0000
247      247   (0)     11  : 0.0000 0.0000 1.0000 0.0000 0.0000 0.0000
248      248   (0)     11  : 0.0000 0.0000 1.0000 0.0000 0.0000 0.0000
249      249   (0)     11  : 0.0000 0.9432 0.0241 0.0000 0.0327 0.0000
250      250   (0)     11  : 0.0000 0.9542 0.0000 0.0409 0.0050 0.0000
251      251   (0)     10  : 0.0744 0.7189 0.1406 0.0662 0.0000 0.0000
252      252   (0)     10  : 0.0000 0.8416 0.0333 0.0474 0.0777 0.0000
253      253   (0)     10  : 0.0115 0.9547 0.0000 0.0000 0.0339 0.0000
254      254   (0)     10  : 0.0968 0.9030 0.0000 0.0000 0.0001 0.0000
255      255   (0)     10  : 0.0000 0.8447 0.0000 0.0000 0.0000 0.1553
256      256   (0)     10  : 0.0000 0.8196 0.0803 0.0591 0.0409 0.0000
257      257   (0)     10  : 0.0000 0.9202 0.0000 0.0000 0.0798 0.0000
258      258   (0)     10  : 0.0000 1.0000 0.0000 0.0000 0.0000 0.0000
259      259   (0)     10  : 0.0000 0.8374 0.1038 0.0000 0.0588 0.0000
260      260   (0)     10  : 0.0000 0.9226 0.0000 0.0774 0.0000 0.0000
261      261   (0)     10  : 0.0594 0.5818 0.3589 0.0000 0.0000 0.0000
262      262   (0)     10  : 0.0000 0.7690 0.0568 0.1616 0.0126 0.0000
263      263   (0)     10  : 0.0000 0.8851 0.0339 0.0000 0.0810 0.0000
264      264   (0)     10  : 0.0085 0.8906 0.0611 0.0000 0.0398 0.0000
265      265   (0)     10  : 0.0000 0.9682 0.0000 0.0126 0.0193 0.0000
266      266   (0)     10  : 0.0539 0.8980 0.0000 0.0000 0.0481 0.0000
267      267   (0)     10  : 0.0000 0.0000 0.9213 0.0000 0.0000 0.0787
268      268   (0)     10  : 0.0000 0.8810 0.0000 0.1190 0.0000 0.0000
269      269   (0)     10  : 0.0000 0.8731 0.0355 0.0914 0.0000 0.0000
270      270   (0)     10  : 0.1196 0.8804 0.0000 0.0000 0.0000 0.0000
271      271   (0)     10  : 0.0000 0.8672 0.0436 0.0892 0.0000 0.0000
272      272   (0)     10  : 0.0000 1.0000 0.0000 0.0000 0.0000 0.0000
273      273   (0)     12  : 0.0000 1.0000 0.0000 0.0000 0.0000 0.0000
274      274   (0)     12  : 0.0000 0.8810 0.1190 0.0000 0.0000 0.0000
275      275   (0)     12  : 0.0000 1.0000 0.0000 0.0000 0.0000 0.0000
276      276   (0)     12  : 0.0000 0.9984 0.0000 0.0000 0.0016 0.0000
277      277   (0)     12  : 0.0000 0.8239 0.1312 0.0449 0.0000 0.0000
278      278   (0)     12  : 0.0000 0.1967 0.8033 0.0000 0.0000 0.0000
279      279   (0)     12  : 0.0000 0.0582 0.9418 0.0000 0.0000 0.0000
280      280   (0)     12  : 0.0000 1.0000 0.0000 0.0000 0.0000 0.0000
281      281   (0)     12  : 0.0000 0.9890 0.0000 0.0000 0.0110 0.0000
282      282   (0)     12  : 0.0000 0.8625 0.1011 0.0363 0.0000 0.0000
283      283   (0)     12  : 0.0000 0.8622 0.1100 0.0279 0.0000 0.0000
284      284   (0)     12  : 0.0000 0.0320 0.9680 0.0000 0.0000 0.0000
285      285   (0)     12  : 0.0000 0.0235 0.9765 0.0000 0.0000 0.0000
286      286   (0)     12  : 0.0000 0.1293 0.8442 0.0265 0.0000 0.0000
287      287   (0)     12  : 0.0000 0.9702 0.0298 0.0000 0.0000 0.0000
288      288   (0)     12  : 0.0000 0.9757 0.0243 0.0000 0.0000 0.0000
289      289   (0)     12  : 0.0000 1.0000 0.0000 0.0000 0.0000 0.0000
290      290   (0)     12  : 0.0000 1.0000 0.0000 0.0000 0.0000 0.0000
291      291   (0)     12  : 0.0000 1.0000 0.0000 0.0000 0.0000 0.0000
292      292   (0)     12  : 0.0000 0.9466 0.0534 0.0000 0.0000 0.0000
293      293   (0)     12  : 0.0000 0.9901 0.0099 0.0000 0.0000 0.0000
294      294   (0)     12  : 0.0000 0.9301 0.0397 0.0000 0.0302 0.0000
295      295   (0)     12  : 0.0000 0.0000 1.0000 0.0000 0.0000 0.0000
296      296   (0)     12  : 0.0000 1.0000 0.0000 0.0000 0.0000 0.0000
297      297   (0)     12  : 0.0000 1.0000 0.0000 0.0000 0.0000 0.0000
298      298   (0)     12  : 0.0000 0.1141 0.8724 0.0135 0.0000 0.0000
299      299   (0)     12  : 0.0000 0.9697 0.0192 0.0111 0.0000 0.0000
300      300   (0)     12  : 0.0000 0.0246 0.9754 0.0000 0.0000 0.0000
301      301   (0)     13  : 0.0000 0.9224 0.0776 0.0000 0.0000 0.0000
302      302   (0)     13  : 0.0000 0.9860 0.0000 0.0000 0.0140 0.0000
303      303   (0)     13  : 0.0000 1.0000 0.0000 0.0000 0.0000 0.0000
304      304   (0)     13  : 0.0000 0.9715 0.0285 0.0000 0.0000 0.0000
305      305   (0)     13  : 0.0000 1.0000 0.0000 0.0000 0.0000 0.0000
306      306   (0)     13  : 0.0000 0.9854 0.0000 0.0000 0.0146 0.0000
307      307   (0)     13  : 0.0000 0.9544 0.0000 0.0000 0.0456 0.0000
308      308   (0)     13  : 0.0000 0.1708 0.8171 0.0121 0.0000 0.0000
309      309   (0)     13  : 0.0000 0.6015 0.3985 0.0000 0.0000 0.0000
310      310   (0)     13  : 0.0000 1.0000 0.0000 0.0000 0.0000 0.0000
311      311   (0)     13  : 0.0000 1.0000 0.0000 0.0000 0.0000 0.0000
312      312   (0)     13  : 0.0000 0.9061 0.0000 0.0153 0.0786 0.0000
313      313   (0)     13  : 0.0000 1.0000 0.0000 0.0000 0.0000 0.0000
314      314   (0)     13  : 0.0000 1.0000 0.0000 0.0000 0.0000 0.0000
315      315   (0)     13  : 0.0000 1.0000 0.0000 0.0000 0.0000 0.0000
316      316   (0)     13  : 0.0000 0.9761 0.0098 0.0000 0.0141 0.0000
317      317   (0)     13  : 0.0000 1.0000 0.0000 0.0000 0.0000 0.0000
318      318   (0)     13  : 0.0000 0.9085 0.0000 0.0000 0.0915 0.0000
319      319   (0)     13  : 0.0000 1.0000 0.0000 0.0000 0.0000 0.0000
320      320   (0)     13  : 0.0000 0.2170 0.7830 0.0000 0.0000 0.0000
321      321   (0)     13  : 0.0000 1.0000 0.0000 0.0000 0.0000 0.0000
322      322   (0)     13  : 0.0000 1.0000 0.0000 0.0000 0.0000 0.0000
323      323   (0)     13  : 0.0000 1.0000 0.0000 0.0000 0.0000 0.0000
324      324   (0)     13  : 0.0000 1.0000 0.0000 0.0000 0.0000 0.0000
325      325   (0)     14  : 0.0000 1.0000 0.0000 0.0000 0.0000 0.0000
326      326   (0)     14  : 0.0000 1.0000 0.0000 0.0000 0.0000 0.0000
327      327   (0)     14  : 0.0000 0.0000 1.0000 0.0000 0.0000 0.0000
328      328   (0)     14  : 0.0000 1.0000 0.0000 0.0000 0.0000 0.0000
329      329   (0)     14  : 0.0000 0.0000 1.0000 0.0000 0.0000 0.0000
330      330   (0)     14  : 0.0488 0.0196 0.9316 0.0000 0.0000 0.0000
331      331   (0)     14  : 0.0000 0.0000 1.0000 0.0000 0.0000 0.0000
332      332   (0)     14  : 0.0000 0.8606 0.1394 0.0000 0.0000 0.0000
333      333   (0)     14  : 0.0000 0.0000 1.0000 0.0000 0.0000 0.0000
334      334   (0)     14  : 0.0000 1.0000 0.0000 0.0000 0.0000 0.0000
335      335   (0)     14  : 0.0263 0.9064 0.0673 0.0000 0.0000 0.0000
336      336   (0)     11  : 0.0000 0.0241 0.9759 0.0000 0.0000 0.0000
337      337   (0)     11  : 0.0000 0.9667 0.0000 0.0000 0.0333 0.0000
338      338   (0)     11  : 0.0000 0.0115 0.9885 0.0000 0.0000 0.0000
339      339   (0)     10  : 0.0000 0.8666 0.0000 0.0000 0.1334 0.0000
340      340   (0)     10  : 0.0000 0.0000 0.7214 0.2786 0.0000 0.0000
341      341   (0)     11  : 0.0447 0.0581 0.8973 0.0000 0.0000 0.0000
342      342   (0)     11  : 0.0000 0.0000 1.0000 0.0000 0.0000 0.0000
343      343   (0)     11  : 0.0000 0.0000 1.0000 0.0000 0.0000 0.0000
344      344   (0)     11  : 0.0297 0.0628 0.8923 0.0152 0.0000 0.0000
345      345   (0)     11  : 0.0000 0.0000 1.0000 0.0000 0.0000 0.0000
346      346   (0)     11  : 0.0000 0.0000 1.0000 0.0000 0.0000 0.0000
347      347   (0)     11  : 0.0000 0.9956 0.0044 0.0000 0.0000 0.0000
348      348   (0)     11  : 0.0000 0.0000 1.0000 0.0000 0.0000 0.0000
349      349   (0)     11  : 0.0000 0.0087 0.9913 0.0000 0.0000 0.0000
350      350   (0)     11  : 0.0000 0.0998 0.9002 0.0000 0.0000 0.0000
351      351   (0)     11  : 0.0000 0.0000 1.0000 0.0000 0.0000 0.0000
352      352   (0)     11  : 0.0000 0.9470 0.0530 0.0000 0.0000 0.0000
353      353   (0)     11  : 0.0000 0.0000 1.0000 0.0000 0.0000 0.0000
354      354   (0)     11  : 0.0000 1.0000 0.0000 0.0000 0.0000 0.0000
355      355   (0)     11  : 0.0000 0.0000 1.0000 0.0000 0.0000 0.0000
356      356   (0)     14  : 0.0000 0.0000 0.9752 0.0000 0.0000 0.0248
357      357   (0)     14  : 0.0000 1.0000 0.0000 0.0000 0.0000 0.0000
358      358   (0)     14  : 0.0000 0.0000 1.0000 0.0000 0.0000 0.0000
359      359   (0)     14  : 0.0000 0.9747 0.0253 0.0000 0.0000 0.0000
360      360   (0)     14  : 0.0000 0.0000 0.9968 0.0000 0.0000 0.0032
361      361   (0)     14  : 0.0000 0.0438 0.9562 0.0000 0.0000 0.0000
362      362   (0)     14  : 0.0000 0.0000 1.0000 0.0000 0.0000 0.0000
363      363   (0)     14  : 0.0139 0.0000 0.9861 0.0000 0.0000 0.0000
364      364   (0)     14  : 0.0000 0.0000 1.0000 0.0000 0.0000 0.0000
365      365   (0)     14  : 0.0000 0.0854 0.9146 0.0000 0.0000 0.0000
366      366   (0)     14  : 0.0000 0.9351 0.0649 0.0000 0.0000 0.0000
367      367   (0)      9  : 0.0000 0.9891 0.0000 0.0000 0.0000 0.0108
368      368   (0)      9  : 0.0001 0.0688 0.8828 0.0483 0.0000 0.0000
369      369   (0)      9  : 0.0000 0.9377 0.0577 0.0000 0.0046 0.0000
370      370   (0)      9  : 0.0001 0.8423 0.1576 0.0000 0.0000 0.0000
371      371   (0)      9  : 0.0000 0.9800 0.0000 0.0184 0.0017 0.0000
372      372   (0)      9  : 0.0000 0.0000 1.0000 0.0000 0.0000 0.0000
373      373   (0)     14  : 0.0000 0.0000 1.0000 0.0000 0.0000 0.0000
374      374   (0)     14  : 0.0000 0.9548 0.0452 0.0000 0.0000 0.0000
375      375   (0)     14  : 0.0000 0.0280 0.9720 0.0000 0.0000 0.0000
376      376   (0)     14  : 0.0000 0.0000 1.0000 0.0000 0.0000 0.0000
377      377   (0)     14  : 0.0000 0.9829 0.0000 0.0000 0.0171 0.0000
378      378   (0)      9  : 0.0585 0.9397 0.0017 0.0000 0.0000 0.0000
379      379   (0)      9  : 0.0614 0.0000 0.9386 0.0000 0.0000 0.0000
380      380   (0)      9  : 0.0931 0.0000 0.9069 0.0000 0.0000 0.0000
381      381   (0)      9  : 0.0000 0.0000 0.8665 0.0000 0.0000 0.1335
382      382   (0)      9  : 0.0000 0.9593 0.0110 0.0000 0.0297 0.0000
383      383   (0)      9  : 0.0000 0.9976 0.0000 0.0000 0.0024 0.0000
384      384   (0)      9  : 0.0000 0.9368 0.0000 0.0632 0.0000 0.0000
385      385   (0)      9  : 0.0000 0.0000 0.8295 0.0000 0.0000 0.1705
386      386   (0)      9  : 0.0094 0.9906 0.0000 0.0000 0.0000 0.0000
387      387   (0)      9  : 0.0000 0.8719 0.0708 0.0000 0.0573 0.0000
388      388   (0)      9  : 0.0000 0.0000 0.9931 0.0000 0.0000 0.0069
389      389   (0)      9  : 0.0340 0.0000 0.9660 0.0000 0.0000 0.0000
390      390   (0)      9  : 0.0000 0.7640 0.0000 0.0824 0.1536 0.0000
391      391   (0)      9  : 0.0000 0.0000 0.7845 0.0000 0.0000 0.2155
392      392   (0)     15  : 0.0000 0.9654 0.0346 0.0000 0.0000 0.0000
393      393   (0)     15  : 0.0000 0.9934 0.0066 0.0000 0.0000 0.0000
394      394   (0)     15  : 0.0000 0.7157 0.2843 0.0000 0.0000 0.0000
395      395   (0)     15  : 0.0000 0.7053 0.1849 0.0000 0.0000 0.1098
396      396   (0)     15  : 0.0000 0.9124 0.0876 0.0000 0.0000 0.0000
397      397   (0)     15  : 0.0000 0.9022 0.0978 0.0000 0.0000 0.0000
398      398   (0)     15  : 0.0000 0.9235 0.0765 0.0000 0.0000 0.0000
399      399   (0)     15  : 0.0000 0.0171 0.9829 0.0000 0.0000 0.0000
400      400   (0)     15  : 0.0000 0.9537 0.0000 0.0000 0.0000 0.0463
401      401   (0)     15  : 0.0000 0.9009 0.0695 0.0000 0.0233 0.0063
402      402   (0)     15  : 0.0000 0.0000 1.0000 0.0000 0.0000 0.0000
403      403   (0)     15  : 0.0000 0.0000 1.0000 0.0000 0.0000 0.0000
404      404   (0)     15  : 0.0000 0.8572 0.1428 0.0000 0.0000 0.0000
405      405   (0)     15  : 0.0000 0.9057 0.0943 0.0000 0.0000 0.0000
406      406   (0)     15  : 0.0000 0.9562 0.0438 0.0000 0.0000 0.0000
407      407   (0)     15  : 0.0000 0.6525 0.3475 0.0000 0.0000 0.0000
408      408   (0)     15  : 0.0000 0.0070 0.9930 0.0000 0.0000 0.0000
409      409   (0)     15  : 0.0000 0.7709 0.2291 0.0000 0.0000 0.0000
410      410   (0)     15  : 0.0000 0.0218 0.9782 0.0000 0.0000 0.0000
411      411   (0)     15  : 0.0000 0.9108 0.0892 0.0000 0.0000 0.0000
412      412   (0)     15  : 0.0000 0.6191 0.3714 0.0000 0.0000 0.0094
413      413   (0)     15  : 0.0000 0.9390 0.0610 0.0000 0.0000 0.0000
414      414   (0)     15  : 0.0000 0.9549 0.0352 0.0100 0.0000 0.0000
415      415   (0)     15  : 0.0166 0.6734 0.2962 0.0139 0.0000 0.0000
416      416   (0)     15  : 0.0000 0.9047 0.0953 0.0000 0.0000 0.0000
417      417   (0)     15  : 0.0000 0.0000 1.0000 0.0000 0.0000 0.0000
418      418   (0)     15  : 0.0000 0.9624 0.0376 0.0000 0.0000 0.0000
419      419   (0)     15  : 0.0000 0.0000 1.0000 0.0000 0.0000 0.0000
420      420   (0)     15  : 0.0000 0.0000 1.0000 0.0000 0.0000 0.0000
421      421   (0)     16  : 0.3961 0.0000 0.0000 0.0000 0.0162 0.5877
422      422   (0)     16  : 0.0682 0.0000 0.0000 0.1399 0.0000 0.7918
423      423   (0)     16  : 0.7810 0.0000 0.1191 0.0999 0.0000 0.0000
424      424   (0)     16  : 0.3055 0.0000 0.0949 0.1003 0.0000 0.4994
425      425   (0)     16  : 0.0084 0.0000 0.0597 0.1383 0.0000 0.7937
426      426   (0)     16  : 0.8781 0.0000 0.0211 0.1008 0.0000 0.0000
427      427   (0)     16  : 0.2797 0.0131 0.0019 0.0203 0.0000 0.6849
428      428   (0)     16  : 1.0000 0.0000 0.0000 0.0000 0.0000 0.0000
429      429   (0)     16  : 0.2408 0.0216 0.0364 0.1178 0.0000 0.5834
430      430   (0)     16  : 0.9502 0.0000 0.0000 0.0453 0.0045 0.0000
431      431   (0)     16  : 0.0000 0.0000 0.0000 0.4451 0.0000 0.5549
432      432   (0)     16  : 0.9264 0.0000 0.0351 0.0000 0.0000 0.0385
433      433   (0)     16  : 0.1126 0.0000 0.0000 0.0000 0.0000 0.8874
434      434   (0)     16  : 0.6563 0.0000 0.0015 0.0036 0.0000 0.3385
435      435   (0)     16  : 0.4578 0.0000 0.0000 0.0000 0.0000 0.5422
436      436   (0)     16  : 0.0000 0.0000 0.0000 0.0970 0.0000 0.9030
437      437   (0)     16  : 0.9147 0.0000 0.0000 0.0853 0.0000 0.0000
438      438   (0)     16  : 0.9695 0.0000 0.0000 0.0300 0.0000 0.0004
439      439   (0)     16  : 0.9205 0.0000 0.0339 0.0455 0.0000 0.0000
440      440   (0)     16  : 0.8604 0.0000 0.1396 0.0000 0.0000 0.0000
441      441   (0)     16  : 0.5345 0.0284 0.0117 0.0000 0.0000 0.4254
442      442   (0)     16  : 0.9354 0.0000 0.0000 0.0369 0.0000 0.0277
443      443   (0)     16  : 0.8365 0.0000 0.1323 0.0000 0.0000 0.0312
444      444   (0)     16  : 0.9654 0.0000 0.0346 0.0000 0.0000 0.0000
445      445   (0)     16  : 0.0000 0.0000 0.0000 0.0000 0.6080 0.3920
446      446   (0)     16  : 0.4425 0.0000 0.0000 0.0000 0.0000 0.5575
447      447   (0)     16  : 0.6622 0.0000 0.0463 0.0000 0.0000 0.2915
448      448   (0)     16  : 0.9127 0.0000 0.0000 0.0000 0.0000 0.0873
449      449   (0)     16  : 0.6165 0.0000 0.0225 0.0000 0.0000 0.3610
450      450   (0)     16  : 0.9297 0.0000 0.0000 0.0334 0.0000 0.0370
451      451   (0)     17  : 0.6050 0.0289 0.0495 0.2146 0.0000 0.1020
452      452   (0)     17  : 0.8857 0.0000 0.0397 0.0000 0.0000 0.0746
453      453   (0)     17  : 1.0000 0.0000 0.0000 0.0000 0.0000 0.0000
454      454   (0)     17  : 0.3507 0.1650 0.0345 0.0000 0.4499 0.0000
455      455   (0)     17  : 0.0418 0.0000 0.0000 0.0000 0.0000 0.9582
456      456   (0)     17  : 0.2691 0.0940 0.0000 0.0000 0.6075 0.0294
457      457   (0)     17  : 0.0688 0.0000 0.0000 0.0000 0.0000 0.9312
458      458   (0)     17  : 0.8763 0.0000 0.0065 0.0125 0.0000 0.1046
459      459   (0)     17  : 0.9813 0.0000 0.0000 0.0000 0.0000 0.0187
460      460   (0)     17  : 0.0000 0.0000 0.1729 0.0000 0.0000 0.8271
461      461   (0)     17  : 0.5677 0.0000 0.0534 0.0000 0.0000 0.3789
462      462   (0)     17  : 0.2963 0.1050 0.0000 0.5321 0.0665 0.0000
463      463   (0)     17  : 0.0000 0.1543 0.0000 0.0000 0.4268 0.4189
464      464   (0)     17  : 0.7645 0.0000 0.0693 0.0341 0.0141 0.1181
465      465   (0)     17  : 0.5176 0.0000 0.0000 0.2871 0.1508 0.0444
466      466   (0)     17  : 0.7994 0.0000 0.1194 0.0453 0.0358 0.0000
467      467   (0)     17  : 0.5749 0.0000 0.0531 0.1663 0.0134 0.1922
468      468   (0)     17  : 0.7219 0.0000 0.2531 0.0000 0.0000 0.0250
469      469   (0)     17  : 0.3633 0.0000 0.0646 0.1197 0.0274 0.4250
470      470   (0)     17  : 0.8630 0.0338 0.1033 0.0000 0.0000 0.0000
471      471   (0)     17  : 0.4472 0.0000 0.0809 0.0000 0.0000 0.4719
472      472   (0)     17  : 0.6104 0.0000 0.1311 0.2585 0.0000 0.0000
473      473   (0)     17  : 0.7052 0.0000 0.1755 0.1194 0.0000 0.0000
474      474   (0)     17  : 0.0104 0.0000 0.0131 0.0730 0.0000 0.9035
475      475   (0)     17  : 0.6960 0.0000 0.0502 0.0923 0.0000 0.1615
476      476   (0)     17  : 0.2360 0.0120 0.0000 0.0693 0.0338 0.6489
477      477   (0)     17  : 0.9668 0.0000 0.0000 0.0232 0.0100 0.0000
478      478   (0)     17  : 0.0520 0.0000 0.0084 0.0000 0.0000 0.9396
479      479   (0)     17  : 0.9721 0.0000 0.0000 0.0000 0.0139 0.0140
480      480   (0)     17  : 0.5648 0.0000 0.1910 0.2138 0.0294 0.0010
481      481   (0)     18  : 0.0000 0.0000 0.0805 0.8412 0.0783 0.0000
482      482   (0)     18  : 0.0000 0.0000 0.0000 0.0000 1.0000 0.0000
483      483   (0)     18  : 0.0000 0.0000 0.0000 0.0000 1.0000 0.0000
484      484   (0)     18  : 0.0000 0.0000 0.0000 0.0000 1.0000 0.0000
485      485   (0)     18  : 0.0000 0.0000 0.0000 0.0000 0.9688 0.0312
486      486   (0)     18  : 0.0000 0.0000 0.0000 0.1159 0.8841 0.0000
487      487   (0)     18  : 0.0000 0.0000 0.0000 0.0000 1.0000 0.0000
488      488   (0)     18  : 0.6337 0.0000 0.0610 0.2404 0.0648 0.0000
489      489   (0)     18  : 0.0000 0.0003 0.0000 0.9997 0.0000 0.0000
490      490   (0)     18  : 0.0000 0.0000 0.0000 0.0000 1.0000 0.0000
491      491   (0)     18  : 0.0000 0.0000 0.0618 0.0000 0.9382 0.0000
492      492   (0)     18  : 0.6368 0.0000 0.0000 0.0000 0.3632 0.0000
493      493   (0)     18  : 0.0000 0.0000 0.0000 0.5061 0.0016 0.4923
494      494   (0)     18  : 0.0000 0.0000 0.0000 0.0803 0.9197 0.0000
495      495   (0)     18  : 0.0000 0.0000 0.0000 0.0000 1.0000 0.0000
496      496   (0)     18  : 0.1206 0.0000 0.0000 0.0000 0.8794 0.0000
497      497   (0)     18  : 0.0000 0.0000 0.0790 0.5595 0.0106 0.3509
498      498   (0)     18  : 0.0000 0.0000 0.0000 0.0316 0.9032 0.0653
499      499   (0)     18  : 0.0000 0.0000 0.0000 0.0641 0.6742 0.2617
500      500   (0)     18  : 0.0000 0.0000 0.1407 0.8041 0.0551 0.0000
501      501   (0)     18  : 0.3117 0.0000 0.0390 0.6317 0.0176 0.0000
502      502   (0)     18  : 0.2047 0.0047 0.0000 0.0000 0.6008 0.1898
503      503   (0)     18  : 0.0000 0.0000 0.0000 0.0000 1.0000 0.0000
504      504   (0)     18  : 0.1664 0.0000 0.0000 0.0000 0.7218 0.1118
505      505   (0)     18  : 0.1785 0.0000 0.0900 0.0000 0.7315 0.0000
506      506   (0)     18  : 0.0000 0.0000 0.0891 0.4005 0.0051 0.5054
507      507   (0)     18  : 0.1390 0.0000 0.0000 0.0765 0.7216 0.0629
508      508   (0)     18  : 0.0615 0.0000 0.0068 0.4849 0.0304 0.4164
509      509   (0)     18  : 0.1896 0.0000 0.0475 0.0000 0.7629 0.0000
510      510   (0)     19  : 0.6235 0.0000 0.0000 0.0987 0.0000 0.2778
511      511   (0)     19  : 0.0000 0.0000 0.0000 0.1207 0.0000 0.8793
512      512   (0)     19  : 0.4407 0.0000 0.0000 0.0000 0.0000 0.5593
513      513   (0)     19  : 0.0000 0.0000 0.0000 0.0000 0.0000 1.0000
514      514   (0)     19  : 0.8597 0.0000 0.1403 0.0000 0.0000 0.0000
515      515   (0)     19  : 0.3478 0.0000 0.0090 0.0408 0.0000 0.6025
516      516   (0)     19  : 0.0219 0.0000 0.0000 0.0000 0.0000 0.9781
517      517   (0)     19  : 0.9099 0.0000 0.0223 0.0599 0.0000 0.0080
518      518   (0)     19  : 0.4579 0.0000 0.0043 0.0000 0.0000 0.5377
519      519   (0)     19  : 0.1204 0.0000 0.2231 0.6565 0.0000 0.0000
520      520   (0)     19  : 0.8354 0.0000 0.0000 0.0386 0.0000 0.1260
521      521   (0)     19  : 0.0000 0.0000 0.0000 0.2265 0.0000 0.7735
522      522   (0)     19  : 0.0231 0.0000 0.0000 0.0000 0.0000 0.9769
523      523   (0)     19  : 0.0000 0.0000 0.0000 0.0373 0.0000 0.9627
524      524   (0)     19  : 0.6846 0.0000 0.0000 0.0000 0.0000 0.3154
525      525   (0)     19  : 0.5266 0.0121 0.0001 0.0000 0.0082 0.4530
526      526   (0)     19  : 0.8475 0.0000 0.0121 0.0000 0.0000 0.1405
527      527   (0)     19  : 0.3728 0.0000 0.0455 0.2415 0.0000 0.3402
528      528   (0)     19  : 0.7403 0.0000 0.0000 0.1557 0.0000 0.1040
529      529   (0)     19  : 1.0000 0.0000 0.0000 0.0000 0.0000 0.0000
530      530   (0)     19  : 0.3207 0.0000 0.0192 0.0000 0.0000 0.6601
531      531   (0)     19  : 0.3949 0.0000 0.1001 0.0000 0.0000 0.5050
532      532   (0)     19  : 0.2973 0.0250 0.0441 0.0000 0.0000 0.6337
533      533   (0)     19  : 0.5169 0.0673 0.0000 0.0000 0.3769 0.0389
534      534   (0)     19  : 0.7593 0.0000 0.0000 0.1580 0.0000 0.0827
535      535   (0)     19  : 0.2244 0.0000 0.0000 0.0282 0.0000 0.7474
536      536   (0)     19  : 0.1893 0.0140 0.0000 0.0000 0.0000 0.7967
537      537   (0)     19  : 0.3706 0.0000 0.0666 0.2069 0.0000 0.3559
538      538   (0)     19  : 0.0036 0.0000 0.0000 0.0000 0.7204 0.2761
539      539   (0)     19  : 0.0000 0.0000 0.0000 0.0000 0.0217 0.9783
