1        1   (0)      1  : 0.0038 0.0557 0.0000 0.0000 0.0000 0.0000 0.0000 0.0000 0.0000 0.8380 0.0000 0.0000 0.1025 0.0000 0.0000
2        2   (0)      1  : 0.2947 0.0037 0.0000 0.6884 0.0000 0.0000 0.0105 0.0000 0.0000 0.0027 0.0000 0.0000 0.0000 0.0000 0.0000
3        3   (0)      1  : 0.1009 0.0117 0.0000 0.6847 0.0000 0.0000 0.0000 0.0000 0.0000 0.0000 0.0000 0.0000 0.2028 0.0000 0.0000
4        4   (0)      1  : 0.0039 0.1445 0.0121 0.0068 0.0000 0.0000 0.3473 0.0000 0.0000 0.3610 0.0462 0.0000 0.0456 0.0000 0.0325
5        5   (0)      1  : 0.0070 0.4220 0.0013 0.0097 0.0000 0.0000 0.1308 0.0000 0.0000 0.3572 0.0000 0.0000 0.0661 0.0000 0.0058
6        6   (0)      1  : 0.0043 0.0000 0.0000 0.0002 0.0000 0.0000 0.2135 0.0000 0.0018 0.7563 0.0000 0.0000 0.0000 0.0000 0.0240
7        7   (0)      1  : 0.1177 0.0000 0.0000 0.8188 0.0000 0.0000 0.0000 0.0000 0.0000 0.0000 0.0003 0.0000 0.0633 0.0000 0.0000
8        8   (0)      1  : 0.2325 0.0000 0.0000 0.7674 0.0000 0.0000 0.0000 0.0000 0.0000 0.0000 0.0000 0.0000 0.0000 0.0000 0.0000
9        9   (0)      1  : 0.0000 0.4763 0.0000 0.0055 0.0000 0.0000 0.1933 0.0000 0.0000 0.3248 0.0000 0.0000 0.0000 0.0000 0.0000
10       10   (0)      1  : 0.3427 0.0000 0.0000 0.5345 0.0000 0.0000 0.0134 0.0000 0.0000 0.0000 0.0000 0.0000 0.0985 0.0000 0.0108
11       11   (0)      1  : 0.0027 0.4203 0.0003 0.0009 0.0000 0.0000 0.2029 0.0000 0.0000 0.0517 0.0618 0.0000 0.0475 0.0000 0.2119
12       12   (0)      1  : 0.0000 0.0000 0.0000 0.0000 0.0000 0.0000 0.1864 0.0000 0.0000 0.6848 0.0304 0.0000 0.0000 0.0000 0.0984
13       13   (0)      1  : 0.0000 0.3627 0.0000 0.0000 0.0000 0.0000 0.2044 0.0000 0.0000 0.0000 0.2084 0.0000 0.0000 0.0000 0.2245
14       14   (0)      1  : 0.0000 0.1553 0.0000 0.0000 0.0000 0.0000 0.3554 0.0000 0.0000 0.1994 0.0000 0.0000 0.0000 0.0000 0.2900
15       15   (0)      1  : 0.0022 0.0000 0.0003 0.0000 0.0000 0.0000 0.1756 0.0000 0.0000 0.5167 0.1052 0.0000 0.2000 0.0000 0.0001
16       16   (0)      1  : 0.0119 0.1219 0.0000 0.0327 0.0000 0.0000 0.2302 0.0000 0.0028 0.2943 0.0000 0.0000 0.1105 0.0000 0.1957
17       17   (0)      1  : 0.0000 0.0000 0.0000 0.0000 0.0000 0.0000 0.0000 0.0000 0.0000 0.5515 0.0000 0.0000 0.0000 0.0000 0.4485
18       18   (0)      1  : 0.0000 0.2000 0.0000 0.0000 0.0000 0.0000 0.0000 0.0000 0.0000 0.6000 0.0000 0.0000 0.2000 0.0000 0.0000
19       19   (0)      1  : 0.0000 0.1787 0.0000 0.0000 0.0000 0.0000 0.4051 0.0000 0.0000 0.4124 0.0031 0.0000 0.0000 0.0000 0.0007
20       20   (0)      1  : 0.0000 0.0000 0.0000 0.0045 0.0000 0.0000 0.5029 0.0000 0.0000 0.4178 0.0000 0.0000 0.0749 0.0000 0.0000
21       21   (0)      1  : 0.0000 0.1330 0.0010 0.0000 0.0000 0.0000 0.3075 0.0000 0.0000 0.1414 0.4145 0.0000 0.0026 0.0000 0.0000
22       22   (0)      1  : 0.6328 0.0000 0.0000 0.2396 0.0000 0.0000 0.0365 0.0000 0.0000 0.0110 0.0000 0.0000 0.0754 0.0000 0.0046
23       23   (0)      1  : 0.0000 0.3192 0.0000 0.0000 0.0000 0.0000 0.0528 0.0000 0.0000 0.4265 0.0529 0.0000 0.0000 0.0000 0.1485
24       24   (0)      1  : 0.0000 0.0000 0.0000 0.0000 0.0000 0.0000 0.4000 0.0000 0.0000 0.0000 0.0000 0.0000 0.0000 0.0000 0.6000
25       25   (0)      1  : 0.0023 0.0000 0.0000 0.0000 0.0000 0.0000 0.0620 0.0000 0.0000 0.6924 0.2433 0.0000 0.0000 0.0000 0.0000
26       26   (0)      1  : 0.0000 0.2142 0.0000 0.0000 0.0000 0.0000 0.0687 0.0000 0.0000 0.4632 0.1542 0.0000 0.0000 0.0000 0.0997
27       27   (0)      1  : 0.0000 0.0000 0.0000 0.0000 0.9325 0.0000 0.0000 0.0000 0.0000 0.0000 0.0000 0.0675 0.0000 0.0000 0.0000
28       28   (0)      1  : 0.0000 0.0000 0.0000 0.0000 0.8684 0.0000 0.0000 0.0000 0.0000 0.0000 0.0000 0.0000 0.0000 0.0000 0.1316
29       29   (0)      1  : 0.0000 0.0980 0.0034 0.0006 0.0000 0.0000 0.5972 0.0000 0.0000 0.1270 0.0000 0.0000 0.0000 0.0000 0.1738
30       30   (0)      1  : 0.0000 0.7897 0.0000 0.0000 0.0000 0.0000 0.0826 0.0000 0.0000 0.0632 0.0000 0.0000 0.0000 0.0000 0.0645
31       31   (0)      1  : 0.0000 0.0000 0.0000 0.0091 0.0000 0.0000 0.9198 0.0000 0.0000 0.0000 0.0000 0.0000 0.0052 0.0000 0.0659
32       32   (0)      1  : 0.6805 0.0000 0.0000 0.1936 0.0000 0.0000 0.0334 0.0000 0.0000 0.0000 0.0000 0.0000 0.0000 0.0000 0.0926
33       33   (0)      1  : 0.0700 0.0000 0.0000 0.0339 0.3193 0.0000 0.1660 0.0000 0.0000 0.0000 0.0000 0.0000 0.0000 0.0000 0.4108
34       34   (0)      1  : 0.0000 0.7992 0.0000 0.0000 0.0000 0.0000 0.0000 0.0000 0.0000 0.0743 0.1266 0.0000 0.0000 0.0000 0.0000
35       35   (0)      1  : 0.0000 0.0000 1.0000 0.0000 0.0000 0.0000 0.0000 0.0000 0.0000 0.0000 0.0000 0.0000 0.0000 0.0000 0.0000
36       36   (0)      1  : 0.0000 0.0000 1.0000 0.0000 0.0000 0.0000 0.0000 0.0000 0.0000 0.0000 0.0000 0.0000 0.0000 0.0000 0.0000
37       37   (0)      1  : 0.0000 0.0000 1.0000 0.0000 0.0000 0.0000 0.0000 0.0000 0.0000 0.0000 0.0000 0.0000 0.0000 0.0000 0.0000
38       38   (0)      1  : 0.0000 0.0000 0.0000 0.0000 1.0000 0.0000 0.0000 0.0000 0.0000 0.0000 0.0000 0.0000 0.0000 0.0000 0.0000
39       39   (0)      1  : 0.0000 0.0000 0.0000 0.0000 0.9998 0.0000 0.0000 0.0002 0.0000 0.0000 0.0000 0.0000 0.0000 0.0000 0.0000
40       40   (0)      1  : 0.0000 0.1578 0.0000 0.0000 0.0000 0.0000 0.5315 0.0000 0.0000 0.2709 0.0399 0.0000 0.0000 0.0000 0.0000
41       41   (0)      1  : 0.0888 0.0005 0.0000 0.7674 0.0000 0.0000 0.0000 0.0000 0.0000 0.0000 0.0062 0.0000 0.1251 0.0000 0.0119
42       42   (0)      1  : 0.0000 0.0000 0.0000 0.0000 1.0000 0.0000 0.0000 0.0000 0.0000 0.0000 0.0000 0.0000 0.0000 0.0000 0.0000
43       43   (0)      1  : 0.0038 0.0305 0.0024 0.0000 0.0000 0.0000 0.0351 0.0000 0.0000 0.5944 0.3325 0.0000 0.0000 0.0000 0.0012
44       44   (0)      1  : 0.3878 0.0122 0.0000 0.5067 0.0000 0.0000 0.0000 0.0000 0.0000 0.0000 0.0000 0.0000 0.0933 0.0000 0.0000
45       45   (0)      1  : 0.0000 0.0000 0.0000 0.0000 1.0000 0.0000 0.0000 0.0000 0.0000 0.0000 0.0000 0.0000 0.0000 0.0000 0.0000
46       46   (0)      1  : 0.0000 0.3199 0.0000 0.0000 0.0000 0.0000 0.0555 0.0000 0.0000 0.5203 0.0394 0.0000 0.0294 0.0000 0.0354
47       47   (0)      1  : 0.0000 0.0000 0.0000 0.0000 1.0000 0.0000 0.0000 0.0000 0.0000 0.0000 0.0000 0.0000 0.0000 0.0000 0.0000
48       48   (0)      1  : 0.6191 0.0000 0.0000 0.2332 0.0000 0.0000 0.0000 0.0000 0.0002 0.0045 0.0118 0.0000 0.1312 0.0000 0.0000
49       49   (0)      1  : 0.3527 0.0000 0.0000 0.5553 0.0000 0.0000 0.0000 0.0000 0.0000 0.0000 0.0033 0.0000 0.0887 0.0000 0.0000
50       50   (0)      1  : 0.0000 0.0000 0.0000 0.0000 1.0000 0.0000 0.0000 0.0000 0.0000 0.0000 0.0000 0.0000 0.0000 0.0000 0.0000
51       51   (0)      1  : 0.0000 0.0000 0.0000 0.0000 1.0000 0.0000 0.0000 0.0000 0.0000 0.0000 0.0000 0.0000 0.0000 0.0000 0.0000
52       52   (0)      1  : 0.1667 0.0000 0.0000 0.6130 0.0000 0.0000 0.0199 0.0000 0.0000 0.0097 0.0000 0.0000 0.1428 0.0000 0.0480
53       53   (0)      1  : 0.1790 0.0000 0.0000 0.6627 0.0000 0.0000 0.0000 0.0000 0.0000 0.0000 0.0077 0.0000 0.1286 0.0000 0.0220
54       54   (0)      1  : 0.5656 0.0405 0.0000 0.3888 0.0000 0.0000 0.0000 0.0000 0.0000 0.0000 0.0051 0.0000 0.0000 0.0000 0.0000
55       55   (0)      1  : 0.0000 0.0000 0.0000 0.0000 0.9885 0.0000 0.0000 0.0000 0.0000 0.0000 0.0000 0.0115 0.0000 0.0000 0.0000
56       56   (0)      2  : 0.0000 0.0907 0.0000 0.0068 0.0000 0.0000 0.3921 0.0000 0.0000 0.1104 0.0000 0.0000 0.0000 0.0000 0.4000
57       57   (0)      2  : 0.0000 0.0000 0.0059 0.0000 0.0000 0.0000 0.5941 0.0000 0.0000 0.2000 0.0000 0.0000 0.2000 0.0000 0.0000
58       58   (0)      2  : 0.0000 0.1053 0.0000 0.0006 0.0000 0.0000 0.5994 0.0000 0.0000 0.0000 0.0000 0.0000 0.2000 0.0000 0.0947
59       59   (0)      2  : 0.0000 0.2626 0.0000 0.0000 0.0000 0.0000 0.3910 0.0000 0.0000 0.0635 0.0000 0.0000 0.0000 0.0000 0.2829
60       60   (0)      2  : 0.3275 0.0156 0.0000 0.5823 0.0000 0.0000 0.0000 0.0000 0.0000 0.0001 0.0000 0.0000 0.0595 0.0000 0.0149
61       61   (0)      2  : 0.0000 0.7334 0.0000 0.0000 0.0000 0.0000 0.0682 0.0000 0.0000 0.1984 0.0000 0.0000 0.0000 0.0000 0.0000
62       62   (0)      2  : 0.0000 0.0000 1.0000 0.0000 0.0000 0.0000 0.0000 0.0000 0.0000 0.0000 0.0000 0.0000 0.0000 0.0000 0.0000
63       63   (0)      2  : 0.0000 0.2358 0.0000 0.0179 0.0000 0.0000 0.3099 0.0000 0.0000 0.1953 0.0000 0.0000 0.0926 0.0000 0.1486
64       64   (0)      2  : 0.0000 0.0000 1.0000 0.0000 0.0000 0.0000 0.0000 0.0000 0.0000 0.0000 0.0000 0.0000 0.0000 0.0000 0.0000
65       65   (0)      2  : 0.0143 0.0997 0.0000 0.0000 0.0000 0.0000 0.1558 0.0000 0.0000 0.6846 0.0000 0.0000 0.0111 0.0000 0.0344
66       66   (0)      2  : 0.0000 0.0000 1.0000 0.0000 0.0000 0.0000 0.0000 0.0000 0.0000 0.0000 0.0000 0.0000 0.0000 0.0000 0.0000
67       67   (0)      2  : 0.0000 0.5864 0.0015 0.0000 0.0000 0.0000 0.0000 0.0000 0.0000 0.3215 0.0000 0.0000 0.0000 0.0000 0.0906
68       68   (0)      2  : 0.0035 0.0000 0.0015 0.0000 0.0000 0.0000 0.0907 0.0000 0.0000 0.2111 0.0000 0.0000 0.0547 0.0000 0.6385
69       69   (0)      2  : 0.3662 0.0000 0.0000 0.4931 0.0000 0.0000 0.0104 0.0000 0.0000 0.0138 0.0000 0.0000 0.1165 0.0000 0.0000
70       70   (0)      2  : 0.0000 0.0604 0.0000 0.0000 0.0000 0.0000 0.3967 0.0000 0.0000 0.2766 0.0448 0.0000 0.1327 0.0000 0.0888
71       71   (0)      2  : 0.0000 0.0000 1.0000 0.0000 0.0000 0.0000 0.0000 0.0000 0.0000 0.0000 0.0000 0.0000 0.0000 0.0000 0.0000
72       72   (0)      2  : 0.0000 0.0000 1.0000 0.0000 0.0000 0.0000 0.0000 0.0000 0.0000 0.0000 0.0000 0.0000 0.0000 0.0000 0.0000
73       73   (0)      2  : 0.0000 0.1142 0.0000 0.0699 0.0000 0.0000 0.5278 0.0000 0.0003 0.0000 0.2086 0.0000 0.0000 0.0000 0.0793
74       74   (0)      2  : 0.1695 0.0000 0.0002 0.8234 0.0000 0.0000 0.0000 0.0000 0.0000 0.0000 0.0000 0.0000 0.0069 0.0000 0.0000
75       75   (0)      2  : 0.0000 0.0000 0.0000 0.0000 0.9896 0.0071 0.0000 0.0000 0.0000 0.0000 0.0000 0.0033 0.0000 0.0000 0.0000
76       76   (0)      2  : 0.3958 0.0000 0.0000 0.5493 0.0000 0.0000 0.0003 0.0000 0.0000 0.0000 0.0000 0.0000 0.0419 0.0000 0.0128
77       77   (0)      2  : 0.0224 0.3408 0.0000 0.0257 0.0000 0.0000 0.0782 0.0000 0.0000 0.1760 0.2173 0.0000 0.0000 0.0000 0.1396
78       78   (0)      2  : 0.0000 0.0000 1.0000 0.0000 0.0000 0.0000 0.0000 0.0000 0.0000 0.0000 0.0000 0.0000 0.0000 0.0000 0.0000
79       79   (0)      2  : 0.0000 0.0000 0.0000 0.0000 1.0000 0.0000 0.0000 0.0000 0.0000 0.0000 0.0000 0.0000 0.0000 0.0000 0.0000
80       80   (0)      2  : 0.0000 0.0000 1.0000 0.0000 0.0000 0.0000 0.0000 0.0000 0.0000 0.0000 0.0000 0.0000 0.0000 0.0000 0.0000
81       81   (0)      2  : 0.0001 0.0022 0.0001 0.0000 0.0000 0.0000 0.5494 0.0000 0.0000 0.0631 0.3154 0.0000 0.0000 0.0000 0.0698
82       82   (0)      2  : 0.0000 0.0000 0.0000 1.0000 0.0000 0.0000 0.0000 0.0000 0.0000 0.0000 0.0000 0.0000 0.0000 0.0000 0.0000
83       83   (0)      2  : 0.8853 0.0000 0.0000 0.1147 0.0000 0.0000 0.0000 0.0000 0.0000 0.0000 0.0000 0.0000 0.0000 0.0000 0.0000
84       84   (0)      2  : 0.0604 0.5875 0.0000 0.0990 0.0000 0.0000 0.0000 0.0000 0.0000 0.1035 0.0043 0.0000 0.0737 0.0000 0.0716
85       85   (0)      2  : 0.0000 0.4171 0.0000 0.0185 0.0000 0.0000 0.1455 0.0000 0.0000 0.1593 0.1671 0.0000 0.0926 0.0000 0.0000
86       86   (0)      2  : 0.0000 0.0212 0.0000 0.0000 0.0000 0.0000 0.0000 0.0000 0.0000 0.9052 0.0000 0.0000 0.0000 0.0000 0.0735
87       87   (0)      2  : 0.0000 0.0000 0.0000 0.0099 0.0000 0.0000 0.5901 0.0000 0.0000 0.0000 0.1035 0.0000 0.0000 0.0000 0.2965
88       88   (0)      2  : 0.0000 0.1214 0.0000 0.0000 0.0000 0.0000 0.6733 0.0000 0.0000 0.2053 0.0000 0.0000 0.0000 0.0000 0.0000
89       89   (0)      2  : 0.0000 0.5582 0.0000 0.0000 0.0000 0.0000 0.1816 0.0000 0.0000 0.0536 0.1234 0.0000 0.0000 0.0000 0.0831
90       90   (0)      2  : 0.0000 0.0684 0.0007 0.0158 0.0000 0.0000 0.2945 0.0000 0.0000 0.3749 0.0000 0.0000 0.2000 0.0000 0.0457
91       91   (0)      2  : 0.0000 0.3212 0.0000 0.0000 0.0000 0.0000 0.2079 0.0000 0.0000 0.0901 0.1567 0.0000 0.0000 0.0000 0.2240
92       92   (0)      2  : 0.0017 0.0748 0.0000 0.0142 0.0000 0.0000 0.2347 0.0000 0.0000 0.4127 0.1467 0.0000 0.0052 0.0000 0.1099
93       93   (0)      2  : 0.5284 0.0000 0.0000 0.3684 0.0000 0.0000 0.0000 0.0000 0.0000 0.0000 0.0000 0.0000 0.1032 0.0000 0.0000
94       94   (0)      2  : 0.4102 0.0000 0.0020 0.5568 0.0000 0.0000 0.0000 0.0000 0.0000 0.0051 0.0194 0.0000 0.0000 0.0000 0.0065
95       95   (0)      2  : 0.0000 0.0000 1.0000 0.0000 0.0000 0.0000 0.0000 0.0000 0.0000 0.0000 0.0000 0.0000 0.0000 0.0000 0.0000
96       96   (0)      2  : 0.6726 0.0000 0.0000 0.2370 0.0000 0.0000 0.0089 0.0000 0.0000 0.0418 0.0000 0.0000 0.0396 0.0000 0.0000
97       97   (0)      2  : 0.9702 0.0000 0.0000 0.0000 0.0000 0.0000 0.0003 0.0000 0.0000 0.0087 0.0075 0.0000 0.0000 0.0000 0.0133
98       98   (0)      2  : 0.0000 0.8861 0.0000 0.0025 0.0000 0.0000 0.0000 0.0000 0.0000 0.1114 0.0000 0.0000 0.0000 0.0000 0.0000
99       99   (0)      2  : 0.0000 0.0000 1.0000 0.0000 0.0000 0.0000 0.0000 0.0000 0.0000 0.0000 0.0000 0.0000 0.0000 0.0000 0.0000
100      100   (0)      2  : 0.0000 0.0000 0.0000 0.0010 0.0000 0.0000 0.6794 0.0000 0.0000 0.2508 0.0447 0.0000 0.0000 0.0000 0.0240
101      101   (0)      3  : 0.0000 0.2000 0.0000 0.0028 0.0000 0.0000 0.4888 0.0000 0.0000 0.2439 0.0645 0.0000 0.0000 0.0000 0.0000
102      102   (0)      3  : 0.0000 0.1083 0.0023 0.0061 0.0000 0.0000 0.2690 0.0000 0.0000 0.3890 0.0390 0.0000 0.0940 0.0000 0.0924
103      103   (0)      3  : 0.0000 0.0346 0.0000 0.0037 0.0000 0.0000 0.3691 0.0000 0.0000 0.3070 0.1131 0.0000 0.0288 0.0000 0.1436
104      104   (0)      3  : 0.0000 0.0000 0.0000 0.0044 0.0000 0.0000 0.4916 0.0000 0.0000 0.3505 0.0000 0.0000 0.0000 0.0000 0.1535
105      105   (0)      3  : 0.0020 0.0000 0.0000 0.0000 0.0000 0.0000 0.0000 0.0000 0.0000 0.3042 0.6938 0.0000 0.0000 0.0000 0.0000
106      106   (0)      3  : 0.0127 0.0000 0.0004 0.0000 0.0000 0.0000 0.2813 0.0000 0.0001 0.4243 0.0000 0.0000 0.0000 0.0000 0.2811
107      107   (0)      3  : 0.0000 0.6000 0.0000 0.0000 0.0000 0.0000 0.0784 0.0000 0.0000 0.1980 0.0000 0.0000 0.1236 0.0000 0.0000
108      108   (0)      3  : 0.0000 0.0000 0.0000 0.0000 0.0000 0.0000 0.3790 0.0000 0.0000 0.2792 0.1955 0.0000 0.0936 0.0000 0.0526
109      109   (0)      3  : 0.0000 0.2000 0.0000 0.0000 0.0000 0.0000 0.7467 0.0000 0.0000 0.0000 0.0000 0.0000 0.0000 0.0000 0.0533
110      110   (0)      3  : 0.0000 0.0993 0.0000 0.0000 0.0000 0.0000 0.0722 0.0000 0.0000 0.8285 0.0000 0.0000 0.0000 0.0000 0.0000
111      111   (0)      3  : 0.0056 0.0000 0.0015 0.0000 0.0000 0.0000 0.0822 0.0000 0.0000 0.2139 0.0000 0.0000 0.0000 0.0000 0.6968
112      112   (0)      3  : 0.0000 0.5180 0.0000 0.0000 0.0000 0.0000 0.1999 0.0000 0.0000 0.0000 0.0000 0.0000 0.2000 0.0000 0.0821
113      113   (0)      3  : 0.0000 0.2215 0.0000 0.0000 0.0000 0.0000 0.4056 0.0000 0.0000 0.0000 0.0459 0.0000 0.0000 0.0000 0.3270
114      114   (0)      3  : 0.0095 0.0000 0.0000 0.0000 0.0000 0.0000 0.7033 0.0000 0.0038 0.0751 0.0000 0.0000 0.0474 0.0000 0.1609
115      115   (0)      3  : 0.0052 0.7515 0.0000 0.0135 0.0000 0.0000 0.1469 0.0000 0.0000 0.0000 0.0111 0.0000 0.0041 0.0000 0.0676
116      116   (0)      3  : 0.0024 0.0462 0.0001 0.0000 0.0000 0.0000 0.4212 0.0000 0.0014 0.4853 0.0000 0.0000 0.0000 0.0000 0.0433
117      117   (0)      3  : 0.0000 0.0517 0.0000 0.0161 0.0000 0.0000 0.3693 0.0000 0.0000 0.0000 0.0343 0.0000 0.0064 0.0000 0.5222
118      118   (0)      3  : 0.0024 0.2957 0.0000 0.0000 0.0000 0.0000 0.2098 0.0000 0.0000 0.0825 0.0000 0.0000 0.0000 0.0000 0.4096
119      119   (0)      3  : 0.0055 0.0241 0.0000 0.0172 0.0000 0.0000 0.2248 0.0000 0.0000 0.4846 0.1504 0.0000 0.0012 0.0000 0.0922
120      120   (0)      3  : 0.0273 0.0275 0.0784 0.0000 0.0000 0.0000 0.6109 0.0000 0.0000 0.1918 0.0000 0.0000 0.0000 0.0000 0.0640
121      121   (0)      3  : 0.0000 0.0040 0.0000 0.0000 0.0000 0.0000 0.1062 0.0000 0.0000 0.7102 0.1794 0.0000 0.0000 0.0000 0.0001
122      122   (0)      3  : 0.0000 0.1411 0.0000 0.0000 0.0000 0.0000 0.1145 0.0000 0.0000 0.4056 0.2959 0.0000 0.0045 0.0000 0.0384
123      123   (0)      3  : 0.0000 0.1466 0.0000 0.0000 0.0000 0.0000 0.0008 0.0000 0.0000 0.5412 0.2006 0.0000 0.0000 0.0000 0.1108
124      124   (0)      3  : 0.0000 0.1715 0.0000 0.0000 0.0000 0.0000 0.1710 0.0000 0.0000 0.3871 0.0325 0.0000 0.0000 0.0000 0.2380
125      125   (0)      3  : 0.0000 0.1796 0.0082 0.0000 0.0000 0.0000 0.0687 0.0000 0.0000 0.4443 0.1228 0.0000 0.0630 0.0000 0.1134
126      126   (0)      3  : 0.0000 0.0722 0.0000 0.0076 0.0000 0.0000 0.0530 0.0000 0.0000 0.0672 0.8000 0.0000 0.0000 0.0000 0.0000
127      127   (0)      3  : 0.0243 0.3549 0.0000 0.0307 0.0000 0.0000 0.1706 0.0000 0.0000 0.2975 0.0493 0.0000 0.0000 0.0000 0.0726
128      128   (0)      3  : 0.0000 0.0727 0.0000 0.0000 0.0000 0.0000 0.2565 0.0000 0.0000 0.3538 0.0711 0.0000 0.0136 0.0000 0.2322
129      129   (0)      3  : 0.0384 0.3908 0.0000 0.0000 0.0000 0.0000 0.4934 0.0000 0.0000 0.0775 0.0000 0.0000 0.0000 0.0000 0.0000
130      130   (0)      3  : 0.7683 0.0000 0.0000 0.1326 0.0000 0.0000 0.0066 0.0000 0.0000 0.0102 0.0182 0.0000 0.0641 0.0000 0.0000
131      131   (0)      3  : 0.5535 0.0000 0.0000 0.3195 0.0000 0.0000 0.0271 0.0000 0.0000 0.0158 0.0000 0.0000 0.0491 0.0000 0.0350
132      132   (0)      3  : 0.0000 0.0000 1.0000 0.0000 0.0000 0.0000 0.0000 0.0000 0.0000 0.0000 0.0000 0.0000 0.0000 0.0000 0.0000
133      133   (0)      3  : 0.0000 0.0000 0.0000 0.0000 0.8765 0.0000 0.0000 0.0000 0.0896 0.0000 0.0000 0.0077 0.0061 0.0202 0.0000
134      134   (0)      3  : 0.2942 0.0186 0.0001 0.5097 0.0226 0.0000 0.0723 0.0000 0.0000 0.0000 0.0000 0.0000 0.0736 0.0000 0.0088
135      135   (0)      3  : 0.0000 0.9527 0.0023 0.0000 0.0000 0.0000 0.0000 0.0000 0.0000 0.0450 0.0000 0.0000 0.0000 0.0000 0.0000
136      136   (0)      3  : 0.0135 0.2590 0.0000 0.0000 0.0000 0.0000 0.3981 0.0000 0.0000 0.3290 0.0003 0.0000 0.0000 0.0000 0.0000
137      137   (0)      3  : 0.8111 0.0006 0.0009 0.0878 0.0000 0.0000 0.0000 0.0000 0.0000 0.0000 0.0051 0.0000 0.0945 0.0000 0.0000
138      138   (0)      3  : 0.0085 0.3057 0.0000 0.0034 0.0000 0.0000 0.3931 0.0000 0.0000 0.0000 0.2017 0.0000 0.0000 0.0000 0.0877
139      139   (0)      3  : 0.0000 0.2778 0.0000 0.0000 0.0000 0.0000 0.6118 0.0000 0.0030 0.0000 0.1074 0.0000 0.0000 0.0000 0.0000
140      140   (0)      3  : 0.0020 0.0398 0.0000 0.0000 0.0000 0.0000 0.1485 0.0000 0.0000 0.4760 0.2269 0.0000 0.0000 0.0000 0.1069
141      141   (0)      3  : 0.0000 0.0000 1.0000 0.0000 0.0000 0.0000 0.0000 0.0000 0.0000 0.0000 0.0000 0.0000 0.0000 0.0000 0.0000
142      142   (0)      3  : 0.0000 0.0000 1.0000 0.0000 0.0000 0.0000 0.0000 0.0000 0.0000 0.0000 0.0000 0.0000 0.0000 0.0000 0.0000
143      143   (0)      3  : 0.0000 0.0000 1.0000 0.0000 0.0000 0.0000 0.0000 0.0000 0.0000 0.0000 0.0000 0.0000 0.0000 0.0000 0.0000
144      144   (0)      3  : 0.0000 0.0000 1.0000 0.0000 0.0000 0.0000 0.0000 0.0000 0.0000 0.0000 0.0000 0.0000 0.0000 0.0000 0.0000
145      145   (0)      3  : 0.0000 0.0000 1.0000 0.0000 0.0000 0.0000 0.0000 0.0000 0.0000 0.0000 0.0000 0.0000 0.0000 0.0000 0.0000
146      146   (0)      3  : 0.3480 0.0032 0.0000 0.6118 0.0000 0.0000 0.0000 0.0000 0.0000 0.0318 0.0048 0.0000 0.0000 0.0000 0.0004
147      147   (0)      3  : 0.0000 0.0728 0.0000 0.0000 0.0000 0.0000 0.1272 0.0000 0.0000 0.0000 0.8000 0.0000 0.0000 0.0000 0.0000
148      148   (0)      3  : 0.0000 0.0000 1.0000 0.0000 0.0000 0.0000 0.0000 0.0000 0.0000 0.0000 0.0000 0.0000 0.0000 0.0000 0.0000
149      149   (0)      3  : 0.0000 0.0000 1.0000 0.0000 0.0000 0.0000 0.0000 0.0000 0.0000 0.0000 0.0000 0.0000 0.0000 0.0000 0.0000
150      150   (0)      3  : 0.0000 0.0000 0.0001 0.0000 0.8072 0.0108 0.0000 0.0000 0.1398 0.0000 0.0000 0.0092 0.0182 0.0146 0.0000
151      151   (0)      3  : 0.0000 0.0000 0.0000 0.0000 1.0000 0.0000 0.0000 0.0000 0.0000 0.0000 0.0000 0.0000 0.0000 0.0000 0.0000
152      152   (0)      3  : 0.0000 0.1317 0.0000 0.0000 0.0000 0.0000 0.0000 0.0000 0.0000 0.2000 0.0000 0.0000 0.2000 0.0000 0.4683
153      153   (0)      3  : 0.0000 0.0000 1.0000 0.0000 0.0000 0.0000 0.0000 0.0000 0.0000 0.0000 0.0000 0.0000 0.0000 0.0000 0.0000
154      154   (0)      3  : 0.0000 0.1459 0.0033 0.0001 0.0000 0.0000 0.8018 0.0000 0.0000 0.0000 0.0000 0.0000 0.0000 0.0000 0.0490
155      155   (0)      3  : 0.0000 0.1150 0.0000 0.0000 0.0000 0.0000 0.2002 0.0000 0.0000 0.4457 0.0000 0.0000 0.0000 0.0000 0.2391
156      156   (0)      3  : 0.3803 0.0000 0.0000 0.5342 0.0000 0.0000 0.0000 0.0000 0.0009 0.0283 0.0390 0.0000 0.0173 0.0000 0.0000
157      157   (0)      3  : 0.0000 0.9999 0.0000 0.0000 0.0000 0.0000 0.0001 0.0000 0.0000 0.0000 0.0000 0.0000 0.0000 0.0000 0.0000
158      158   (0)      3  : 0.5206 0.0000 0.0000 0.4794 0.0000 0.0000 0.0000 0.0000 0.0000 0.0000 0.0000 0.0000 0.0000 0.0000 0.0000
159      159   (0)      3  : 0.0000 0.1236 0.0000 0.0009 0.0000 0.0000 0.2447 0.0000 0.0009 0.5510 0.0000 0.0000 0.0000 0.0000 0.0789
160      160   (0)      3  : 0.5723 0.0109 0.0000 0.2865 0.0000 0.0000 0.0000 0.0000 0.0000 0.0000 0.0082 0.0000 0.1221 0.0000 0.0000
161      161   (0)      4  : 0.0016 0.0817 0.0000 0.0000 0.0000 0.0000 0.0541 0.0000 0.0000 0.0627 0.8000 0.0000 0.0000 0.0000 0.0000
162      162   (0)      4  : 0.0000 0.4033 0.0000 0.0000 0.0000 0.0000 0.0022 0.0000 0.0000 0.5945 0.0000 0.0000 0.0000 0.0000 0.0000
163      163   (0)      4  : 0.0000 0.0000 1.0000 0.0000 0.0000 0.0000 0.0000 0.0000 0.0000 0.0000 0.0000 0.0000 0.0000 0.0000 0.0000
164      164   (0)      4  : 0.8921 0.0000 0.0000 0.0507 0.0000 0.0000 0.0000 0.0000 0.0000 0.0000 0.0000 0.0000 0.0573 0.0000 0.0000
165      165   (0)      4  : 0.0000 0.0000 1.0000 0.0000 0.0000 0.0000 0.0000 0.0000 0.0000 0.0000 0.0000 0.0000 0.0000 0.0000 0.0000
166      166   (0)      4  : 0.0000 0.0000 1.0000 0.0000 0.0000 0.0000 0.0000 0.0000 0.0000 0.0000 0.0000 0.0000 0.0000 0.0000 0.0000
167      167   (0)      4  : 0.0000 0.1237 0.0000 0.0047 0.0000 0.0000 0.1080 0.0000 0.0000 0.1400 0.0000 0.0000 0.0000 0.0000 0.6235
168      168   (0)      4  : 0.0000 0.0348 0.0000 0.0043 0.0000 0.0000 0.1609 0.0000 0.0000 0.4729 0.2843 0.0000 0.0000 0.0000 0.0428
169      169   (0)      4  : 0.0131 0.6267 0.0000 0.0000 0.0000 0.0000 0.1910 0.0000 0.0000 0.0442 0.0000 0.0000 0.1250 0.0000 0.0000
170      170   (0)      4  : 0.0000 0.0000 0.0000 0.0000 0.0000 0.0000 0.4099 0.0000 0.0000 0.1239 0.0608 0.0000 0.0000 0.0000 0.4055
171      171   (0)      4  : 0.0054 0.0000 0.0000 0.0000 0.0000 0.0000 0.2673 0.0000 0.0000 0.3633 0.0000 0.0000 0.1241 0.0000 0.2399
172      172   (0)      4  : 0.0003 0.0311 0.0000 0.0030 0.0000 0.0000 0.3552 0.0000 0.0000 0.3491 0.1022 0.0000 0.0928 0.0000 0.0662
173      173   (0)      4  : 0.0000 0.0000 0.0000 0.0000 0.0000 0.0000 0.2000 0.0000 0.0000 0.8000 0.0000 0.0000 0.0000 0.0000 0.0000
174      174   (0)      4  : 0.2773 0.0152 0.0000 0.5918 0.0000 0.0000 0.0000 0.0000 0.0000 0.0000 0.0037 0.0000 0.1120 0.0000 0.0000
175      175   (0)      4  : 0.0000 0.0662 0.0000 0.0000 0.0000 0.0000 0.1649 0.0000 0.0000 0.2801 0.4888 0.0000 0.0000 0.0000 0.0000
176      176   (0)      4  : 0.0000 0.0000 1.0000 0.0000 0.0000 0.0000 0.0000 0.0000 0.0000 0.0000 0.0000 0.0000 0.0000 0.0000 0.0000
177      177   (0)      4  : 0.0126 0.0000 0.0012 0.0000 0.0000 0.0000 0.2567 0.0000 0.0000 0.1545 0.3347 0.0000 0.0460 0.0000 0.1943
178      178   (0)      4  : 0.0000 0.0000 1.0000 0.0000 0.0000 0.0000 0.0000 0.0000 0.0000 0.0000 0.0000 0.0000 0.0000 0.0000 0.0000
179      179   (0)      4  : 0.0000 0.0000 1.0000 0.0000 0.0000 0.0000 0.0000 0.0000 0.0000 0.0000 0.0000 0.0000 0.0000 0.0000 0.0000
180      180   (0)      4  : 0.0000 0.2989 0.0088 0.0000 0.0000 0.0000 0.3023 0.0000 0.0000 0.1459 0.0000 0.0000 0.2000 0.0000 0.0441
181      181   (0)      4  : 0.0000 0.1033 0.0000 0.0000 0.0000 0.0000 0.0397 0.0000 0.0000 0.5419 0.0774 0.0000 0.0000 0.0000 0.2377
182      182   (0)      4  : 0.0000 0.0000 0.0000 0.0000 0.0000 0.0000 0.2942 0.0000 0.0000 0.6000 0.0000 0.0000 0.0000 0.0000 0.1058
183      183   (0)      4  : 0.5837 0.0000 0.0000 0.3391 0.0000 0.0000 0.0013 0.0000 0.0000 0.0000 0.0000 0.0000 0.0759 0.0000 0.0000
184      184   (0)      4  : 0.4658 0.0000 0.0000 0.4378 0.0000 0.0000 0.0000 0.0000 0.0000 0.0067 0.0000 0.0000 0.0723 0.0000 0.0174
185      185   (0)      4  : 0.0000 0.0000 1.0000 0.0000 0.0000 0.0000 0.0000 0.0000 0.0000 0.0000 0.0000 0.0000 0.0000 0.0000 0.0000
186      186   (0)      4  : 0.0000 0.7704 0.0000 0.0000 0.0000 0.0000 0.0000 0.0000 0.0000 0.1760 0.0000 0.0000 0.0000 0.0000 0.0536
187      187   (0)      4  : 0.0174 0.0987 0.0000 0.0098 0.0000 0.0000 0.1145 0.0000 0.0000 0.2470 0.0000 0.0000 0.0001 0.0000 0.5125
188      188   (0)      4  : 0.0000 0.0000 1.0000 0.0000 0.0000 0.0000 0.0000 0.0000 0.0000 0.0000 0.0000 0.0000 0.0000 0.0000 0.0000
189      189   (0)      4  : 0.0002 0.0000 0.0000 0.0000 0.0000 0.0000 0.2757 0.0000 0.0000 0.1459 0.0533 0.0000 0.0000 0.0000 0.5250
190      190   (0)      4  : 0.1655 0.0000 0.0000 0.6345 0.0000 0.0000 0.0000 0.0000 0.0000 0.0000 0.0000 0.0000 0.2000 0.0000 0.0000
191      191   (0)      4  : 0.0000 0.1650 0.1055 0.0324 0.0000 0.0000 0.0000 0.0000 0.0521 0.0000 0.6450 0.0000 0.0000 0.0000 0.0000
192      192   (0)      4  : 0.0000 0.7196 0.0000 0.0000 0.0000 0.0000 0.2804 0.0000 0.0000 0.0000 0.0000 0.0000 0.0000 0.0000 0.0000
193      193   (0)      4  : 0.0132 0.6119 0.0039 0.0000 0.0000 0.0000 0.3070 0.0000 0.0000 0.0640 0.0000 0.0000 0.0000 0.0000 0.0000
194      194   (0)      4  : 0.0000 0.9085 0.0011 0.0000 0.0000 0.0000 0.0000 0.0000 0.0000 0.0687 0.0217 0.0000 0.0000 0.0000 0.0000
195      195   (0)      4  : 0.0000 0.0000 0.0000 0.0000 0.0000 0.0000 0.0000 0.0000 0.0000 0.4735 0.4524 0.0000 0.0741 0.0000 0.0000
196      196   (0)      4  : 0.0000 0.0776 0.0000 0.0000 0.0000 0.0000 0.2931 0.0000 0.0000 0.3742 0.1768 0.0000 0.0000 0.0000 0.0783
197      197   (0)      4  : 0.0000 0.0669 0.0000 0.0008 0.0000 0.0000 0.2150 0.0000 0.0000 0.6492 0.0340 0.0000 0.0026 0.0000 0.0314
198      198   (0)      4  : 0.0000 0.1339 0.0000 0.0000 0.0000 0.0000 0.4591 0.0000 0.0000 0.2000 0.1248 0.0000 0.0822 0.0000 0.0000
199      199   (0)      4  : 0.0000 0.0298 0.0005 0.0030 0.0000 0.0000 0.2667 0.0000 0.0000 0.4607 0.0176 0.0000 0.0610 0.0000 0.1606
200      200   (0)      4  : 0.1709 0.0047 0.0000 0.7103 0.0000 0.0000 0.0000 0.0000 0.0000 0.0180 0.0000 0.0000 0.0961 0.0000 0.0000
201      201   (0)      4  : 0.0000 0.0000 0.0000 0.0000 0.0000 0.0000 0.3548 0.0000 0.0047 0.1289 0.4072 0.0000 0.0351 0.0000 0.0693
202      202   (0)      4  : 0.0000 0.0000 0.0000 0.0000 0.0000 0.0000 0.7855 0.0000 0.0000 0.0000 0.0000 0.0000 0.0000 0.0000 0.2145
203      203   (0)      4  : 0.0055 0.1170 0.0024 0.0000 0.0000 0.0000 0.1046 0.0000 0.0000 0.4028 0.0003 0.0000 0.0034 0.0000 0.3640
204      204   (0)      4  : 0.0025 0.0000 0.0021 0.0000 0.0000 0.0000 0.3954 0.0000 0.0000 0.2000 0.0000 0.0000 0.0000 0.0000 0.4000
205      205   (0)      4  : 0.0000 0.2219 0.0000 0.0069 0.0000 0.0000 0.5244 0.0000 0.0012 0.2455 0.0000 0.0000 0.0000 0.0000 0.0000
206      206   (0)      4  : 0.0000 0.7618 0.0000 0.0000 0.0000 0.0000 0.0998 0.0000 0.0000 0.0265 0.0439 0.0000 0.0680 0.0000 0.0000
207      207   (0)      4  : 0.0000 0.2453 0.0000 0.0000 0.0000 0.0000 0.4509 0.0000 0.0000 0.2190 0.0338 0.0000 0.0000 0.0000 0.0510
208      208   (0)      4  : 0.0000 0.0364 0.0000 0.8408 0.0000 0.0000 0.0119 0.0000 0.0000 0.0000 0.0000 0.0000 0.1108 0.0000 0.0000
209      209   (0)      4  : 0.0000 0.6848 0.0000 0.0000 0.0000 0.0000 0.0343 0.0000 0.0000 0.1792 0.0095 0.0000 0.0923 0.0000 0.0000
210      210   (0)      4  : 0.0000 0.2625 0.0000 0.0000 0.0000 0.0000 0.2000 0.0000 0.0000 0.4307 0.1068 0.0000 0.0000 0.0000 0.0000
211      211   (0)      4  : 0.0115 0.2346 0.0000 0.0000 0.0000 0.0000 0.2641 0.0000 0.0000 0.4309 0.0000 0.0000 0.0000 0.0000 0.0588
212      212   (0)      4  : 0.5633 0.0000 0.0000 0.3026 0.0000 0.0000 0.0059 0.0000 0.0000 0.0033 0.0147 0.0000 0.1102 0.0000 0.0000
213      213   (0)      4  : 0.0000 0.1037 0.0004 0.0021 0.0000 0.0000 0.3993 0.0000 0.0000 0.4945 0.0000 0.0000 0.0000 0.0000 0.0000
214      214   (0)      4  : 0.0000 0.0129 0.0086 0.0032 0.0000 0.0000 0.6256 0.0000 0.0000 0.0674 0.0000 0.0000 0.0394 0.0000 0.2430
215      215   (0)      4  : 0.0264 0.0399 0.0000 0.3761 0.0000 0.0000 0.2472 0.0000 0.0000 0.0471 0.0741 0.0000 0.1433 0.0000 0.0458
216      216   (0)      4  : 0.0000 0.1340 0.0000 0.0000 0.0000 0.0000 0.6000 0.0000 0.0000 0.0000 0.0000 0.0000 0.0000 0.0000 0.2660
217      217   (0)      4  : 0.0000 0.0000 1.0000 0.0000 0.0000 0.0000 0.0000 0.0000 0.0000 0.0000 0.0000 0.0000 0.0000 0.0000 0.0000
218      218   (0)      4  : 0.0063 0.0000 0.0005 0.0000 0.0000 0.0000 0.1932 0.0000 0.0000 0.2000 0.6000 0.0000 0.0000 0.0000 0.0000
219      219   (0)      4  : 0.0031 0.1260 0.0000 0.0000 0.0000 0.0000 0.4940 0.0000 0.0000 0.1159 0.0000 0.0000 0.0000 0.0000 0.2609
220      220   (0)      5  : 0.0000 0.0000 0.0000 0.0000 0.0000 0.0974 0.0000 0.0077 0.0008 0.0000 0.0000 0.1140 0.0000 0.7801 0.0000
221      221   (0)      5  : 0.0000 0.0000 0.0000 0.0000 0.0000 0.1670 0.0000 0.2955 0.0000 0.0000 0.0314 0.3188 0.1871 0.0001 0.0000
222      222   (0)      6  : 0.0000 0.0000 0.0000 0.0000 0.0000 0.2024 0.0000 0.4334 0.0000 0.0000 0.0000 0.1865 0.0763 0.1014 0.0000
223      223   (0)      6  : 0.0000 0.0000 0.0000 0.0000 0.0000 0.1705 0.0000 0.1302 0.0000 0.0000 0.0837 0.6157 0.0000 0.0000 0.0000
224      224   (0)      6  : 0.0000 0.0000 0.0000 0.0000 0.0000 0.0753 0.0000 0.1917 0.0001 0.0000 0.0000 0.2760 0.0741 0.3828 0.0000
225      225   (0)      6  : 0.0000 0.0000 0.0000 0.0000 0.0000 0.0000 0.0000 0.4223 0.0000 0.0000 0.0000 0.0000 0.4000 0.1777 0.0000
226      226   (0)      6  : 0.0000 0.0000 0.0000 0.0000 0.0000 0.2558 0.0000 0.1701 0.0173 0.0000 0.0481 0.1901 0.0464 0.2721 0.0000
227      227   (0)      6  : 0.0000 0.0000 0.0000 0.0000 0.0000 0.2109 0.0000 0.2035 0.0000 0.0000 0.0374 0.2667 0.1958 0.0858 0.0000
228      228   (0)      6  : 0.0000 0.0000 0.0000 0.0000 0.0025 0.0000 0.0000 0.3423 0.0037 0.0000 0.0000 0.0514 0.0000 0.6000 0.0000
229      229   (0)      6  : 0.0000 0.0000 0.0000 0.0000 0.0000 0.4522 0.0000 0.0660 0.0000 0.0000 0.0590 0.2399 0.1136 0.0692 0.0000
230      230   (0)      6  : 0.0000 0.0000 0.0000 0.0000 0.0000 0.3285 0.0000 0.2521 0.0000 0.0000 0.0000 0.1739 0.0765 0.1689 0.0000
231      231   (0)      6  : 0.0000 0.0000 0.0000 0.0000 0.0132 0.3431 0.0000 0.0187 0.0000 0.0000 0.0000 0.3318 0.1362 0.1570 0.0000
232      232   (0)      6  : 0.0000 0.0000 0.0000 0.0000 0.0000 0.1791 0.0000 0.2089 0.0000 0.0000 0.0210 0.2694 0.1287 0.1928 0.0000
233      233   (0)      6  : 0.0000 0.0000 0.0000 0.0000 0.0000 0.0599 0.0000 0.0788 0.0067 0.0000 0.0000 0.2336 0.4000 0.2210 0.0000
234      234   (0)      6  : 0.0000 0.0000 0.0000 0.0000 0.0001 0.4338 0.0000 0.1627 0.0000 0.0000 0.0000 0.1201 0.0000 0.2833 0.0000
235      235   (0)      6  : 0.0000 0.0000 0.0056 0.0000 0.0269 0.1787 0.0000 0.1714 0.0000 0.0000 0.0000 0.2795 0.0000 0.3379 0.0000
236      236   (0)      6  : 0.0000 0.0000 0.0000 0.0000 0.0000 0.3041 0.0000 0.1683 0.0000 0.0000 0.0787 0.3384 0.1106 0.0000 0.0000
237      237   (0)      6  : 0.0000 0.0000 0.0000 0.0000 0.0000 0.4014 0.0000 0.1198 0.0000 0.0000 0.0000 0.3910 0.0000 0.0878 0.0000
238      238   (0)      6  : 0.0000 0.0000 0.0000 0.0000 0.0000 0.3409 0.0000 0.0106 0.0000 0.0000 0.0000 0.4181 0.1160 0.1144 0.0000
239      239   (0)      6  : 0.0000 0.0000 0.0000 0.0000 0.0026 0.0852 0.0000 0.1481 0.0000 0.0000 0.0000 0.0519 0.3301 0.3820 0.0000
240      240   (0)      6  : 0.0000 0.0000 0.0000 0.0000 0.0137 0.2877 0.0000 0.3015 0.0000 0.0000 0.0000 0.1801 0.0000 0.2170 0.0000
241      241   (0)      6  : 0.0000 0.0000 0.0000 0.0000 0.0000 0.1972 0.0000 0.1676 0.0000 0.0000 0.0000 0.2261 0.0000 0.4090 0.0000
242      242   (0)      6  : 0.0000 0.0000 0.0000 0.0000 0.0000 0.0347 0.0000 0.3248 0.0006 0.0000 0.0000 0.2691 0.3179 0.0529 0.0000
243      243   (0)      6  : 0.0000 0.0000 0.0000 0.0000 0.0250 0.0658 0.0000 0.1152 0.0064 0.0000 0.0000 0.1349 0.4000 0.2526 0.0000
244      244   (0)      6  : 0.0000 0.0000 0.0000 0.0000 0.0000 0.0000 0.0000 0.0319 0.0000 0.0000 0.0000 0.6751 0.0000 0.2930 0.0000
245      245   (0)      6  : 0.0000 0.0000 0.0000 0.0000 0.0000 0.6437 0.0000 0.0329 0.0000 0.0000 0.0000 0.1073 0.0000 0.2162 0.0000
246      246   (0)      6  : 0.0000 0.0000 0.0000 0.0000 0.0000 0.0861 0.0000 0.4719 0.0000 0.0000 0.0000 0.2255 0.0881 0.1284 0.0000
247      247   (0)      6  : 0.0000 0.0000 0.0000 0.0000 0.0000 0.3148 0.0000 0.1240 0.0000 0.0000 0.0006 0.3309 0.0191 0.2104 0.0000
248      248   (0)      6  : 0.0000 0.0000 0.0000 0.0000 0.0000 0.4339 0.0000 0.1620 0.0069 0.0000 0.0195 0.2001 0.0088 0.1688 0.0000
249      249   (0)      7  : 0.0000 0.0000 0.0000 0.0000 0.0000 0.6164 0.0000 0.0920 0.0000 0.0000 0.0000 0.0261 0.0216 0.2440 0.0000
250      250   (0)      7  : 0.0000 0.0000 0.0000 0.0000 0.0000 0.0000 0.0000 0.0691 0.0000 0.0000 0.0000 0.1309 0.4000 0.4000 0.0000
251      251   (0)      7  : 0.0000 0.0000 0.0000 0.0000 0.0000 0.1371 0.0000 0.0000 0.0000 0.0000 0.0000 0.7499 0.0000 0.1130 0.0000
252      252   (0)      7  : 0.0000 0.0000 0.0000 0.0000 0.0000 0.4745 0.0000 0.0200 0.0000 0.0000 0.0839 0.3259 0.0000 0.0958 0.0000
253      253   (0)      7  : 0.0000 0.0000 0.0000 0.0000 0.0000 0.1755 0.0000 0.3174 0.0000 0.0000 0.0000 0.1881 0.1337 0.1853 0.0000
254      254   (0)      7  : 0.0000 0.0000 0.0000 0.0000 0.0067 0.3525 0.0000 0.3036 0.0017 0.0000 0.0000 0.2165 0.0212 0.0979 0.0000
255      255   (0)      7  : 0.0000 0.0000 0.0000 0.0000 0.0000 0.2216 0.0000 0.1693 0.0000 0.0000 0.0000 0.2109 0.0037 0.3944 0.0000
256      256   (0)      7  : 0.0000 0.0000 0.0000 0.0000 0.0000 0.1626 0.0000 0.3502 0.0000 0.0000 0.0000 0.2182 0.0772 0.1917 0.0000
257      257   (0)      7  : 0.0000 0.0000 0.0000 0.0000 0.0000 0.0628 0.0000 0.4026 0.0000 0.0000 0.0000 0.0000 0.0000 0.5345 0.0000
258      258   (0)      7  : 0.0000 0.0000 0.0000 0.0000 0.0000 0.0727 0.0000 0.0737 0.0000 0.0000 0.0000 0.3521 0.4000 0.1015 0.0000
259      259   (0)      7  : 0.0000 0.0000 0.0000 0.0000 0.0000 0.0290 0.0000 0.1786 0.0000 0.0000 0.0000 0.2100 0.0000 0.5824 0.0000
260      260   (0)      7  : 0.0000 0.0000 0.0000 0.0000 0.0000 0.3707 0.0000 0.0000 0.0000 0.0000 0.0000 0.1274 0.0846 0.4174 0.0000
261      261   (0)      7  : 0.0000 0.0000 0.0000 0.0000 0.0000 0.0000 0.0000 0.8987 0.0000 0.0000 0.0000 0.0275 0.0000 0.0738 0.0000
262      262   (0)      7  : 0.0000 0.0000 0.0000 0.0000 0.0000 0.1439 0.0000 0.2963 0.0000 0.0000 0.0000 0.2334 0.1877 0.1387 0.0000
263      263   (0)      7  : 0.0000 0.0000 0.0000 0.0000 0.0038 0.4722 0.0000 0.1461 0.0000 0.0000 0.0000 0.1800 0.0000 0.1978 0.0000
264      264   (0)      7  : 0.0000 0.0000 0.0000 0.0000 0.0016 0.5558 0.0000 0.0484 0.0000 0.0000 0.1044 0.0679 0.0923 0.1295 0.0000
265      265   (0)      7  : 0.0000 0.0000 0.0000 0.0000 0.0000 0.0137 0.0000 0.3668 0.0000 0.0000 0.0021 0.3184 0.1722 0.1269 0.0000
266      266   (0)      7  : 0.0000 0.0000 0.0000 0.0000 0.0000 0.0491 0.0000 0.3761 0.0087 0.0000 0.0000 0.3068 0.2153 0.0441 0.0000
267      267   (0)      7  : 0.0000 0.0000 0.0040 0.0000 0.0130 0.1224 0.0000 0.1746 0.0000 0.0000 0.0000 0.6393 0.0000 0.0468 0.0000
268      268   (0)      7  : 0.0000 0.0000 0.0000 0.0000 0.0000 0.0290 0.0000 0.2884 0.0000 0.0000 0.0831 0.1664 0.1661 0.2670 0.0000
269      269   (0)      7  : 0.0000 0.0000 0.0000 0.0000 0.0011 0.2000 0.0000 0.2823 0.0000 0.0000 0.0402 0.0091 0.3210 0.1464 0.0000
270      270   (0)      7  : 0.0000 0.0000 0.0000 0.0000 0.0111 0.0000 0.0000 0.5132 0.0000 0.0000 0.0000 0.1294 0.0008 0.3454 0.0000
271      271   (0)      7  : 0.0000 0.0000 0.0000 0.0000 0.0000 0.0579 0.0000 0.3664 0.0000 0.0000 0.0665 0.1075 0.3084 0.0934 0.0000
272      272   (0)      7  : 0.0000 0.0000 0.0000 0.0000 0.0000 0.2063 0.0000 0.4982 0.0000 0.0000 0.0000 0.2955 0.0000 0.0000 0.0000
273      273   (0)      7  : 0.0000 0.0000 0.0000 0.0000 0.0000 0.1779 0.0000 0.0563 0.0036 0.0000 0.0487 0.1821 0.1301 0.4011 0.0000
274      274   (0)      7  : 0.0000 0.0000 0.0000 0.0000 0.0065 0.3391 0.0000 0.0003 0.0000 0.0000 0.0000 0.2504 0.0835 0.3201 0.0000
275      275   (0)      7  : 0.0000 0.0000 0.0000 0.0000 0.0000 0.2000 0.0000 0.1642 0.0000 0.0000 0.0000 0.5312 0.0336 0.0710 0.0000
276      276   (0)      7  : 0.0000 0.0000 0.0000 0.0000 0.0000 0.0442 0.0000 0.5679 0.0000 0.0000 0.0000 0.1852 0.0001 0.2026 0.0000
277      277   (0)      7  : 0.0000 0.0000 0.0000 0.0000 0.0000 0.1160 0.0000 0.2652 0.0000 0.0000 0.0644 0.1862 0.0310 0.3372 0.0000
278      278   (0)      7  : 0.0000 0.0000 0.0000 0.0000 0.0006 0.0000 0.0000 0.5189 0.0000 0.0000 0.0000 0.2883 0.0500 0.1422 0.0000
279      279   (0)      8  : 0.0000 0.0000 0.0000 0.0000 0.0000 0.0841 0.0000 0.2780 0.0000 0.0000 0.2000 0.2180 0.2199 0.0000 0.0000
280      280   (0)      8  : 0.0000 0.0000 0.0000 0.0000 0.0005 0.1819 0.0000 0.1801 0.0028 0.0000 0.2000 0.2514 0.0000 0.1835 0.0000
281      281   (0)      8  : 0.0000 0.0000 0.0000 0.0000 0.0000 0.1509 0.0000 0.2901 0.0041 0.0000 0.0411 0.4094 0.0000 0.1044 0.0000
282      282   (0)      8  : 0.0000 0.0000 0.0000 0.0000 0.0000 0.0695 0.0000 0.4641 0.0020 0.0000 0.0000 0.0155 0.0000 0.4488 0.0000
283      283   (0)      8  : 0.0000 0.0000 0.0015 0.0000 0.0001 0.1466 0.0000 0.1461 0.0181 0.0000 0.0000 0.4460 0.0000 0.2416 0.0000
284      284   (0)      8  : 0.0000 0.0000 0.0000 0.0000 0.0000 0.1987 0.0000 0.3165 0.0000 0.0000 0.0171 0.2618 0.1385 0.0673 0.0000
285      285   (0)      8  : 0.0000 0.0000 0.0000 0.0000 0.0000 0.2676 0.0000 0.2214 0.0000 0.0000 0.0000 0.3059 0.0000 0.2052 0.0000
286      286   (0)      8  : 0.0000 0.0000 0.0000 0.0000 0.0019 0.1192 0.0000 0.1755 0.0000 0.0000 0.1044 0.4508 0.0000 0.1482 0.0000
287      287   (0)      8  : 0.0000 0.0000 0.0000 0.0000 0.0000 0.3149 0.0000 0.1180 0.0000 0.0000 0.0804 0.0859 0.0001 0.4008 0.0000
288      288   (0)      8  : 0.0000 0.0000 0.0000 0.0000 0.0117 0.2383 0.0000 0.0697 0.0000 0.0000 0.0000 0.5553 0.1249 0.0000 0.0000
289      289   (0)      8  : 0.0000 0.0000 0.0000 0.0000 0.0000 0.2000 0.0000 0.0000 0.0000 0.0000 0.0000 0.6000 0.0000 0.2000 0.0000
290      290   (0)      5  : 0.0000 0.0000 0.0000 0.0000 0.0000 0.2733 0.0000 0.3697 0.0000 0.0000 0.0000 0.1688 0.1093 0.0789 0.0000
291      291   (0)      5  : 0.0000 0.0000 0.0000 0.0000 0.0000 0.1793 0.0000 0.4207 0.0000 0.0000 0.0000 0.0000 0.0000 0.4000 0.0000
292      292   (0)      5  : 0.0000 0.0000 0.0000 0.0000 0.0000 0.0777 0.0000 0.4000 0.0010 0.0000 0.0000 0.2236 0.0000 0.2976 0.0000
293      293   (0)      5  : 0.0000 0.0000 0.0000 0.0000 0.0000 0.0291 0.0000 0.3188 0.0019 0.0000 0.0781 0.1151 0.4571 0.0000 0.0000
294      294   (0)      5  : 0.0000 0.0000 0.0000 0.0000 0.0022 0.3555 0.0000 0.3338 0.0000 0.0000 0.0347 0.2537 0.0202 0.0000 0.0000
295      295   (0)      5  : 0.0000 0.0000 0.0000 0.0000 0.0000 0.1226 0.0000 0.2124 0.0000 0.0000 0.0000 0.3422 0.1138 0.2092 0.0000
296      296   (0)      5  : 0.0000 0.0000 0.0015 0.0000 0.0060 0.2840 0.0000 0.2441 0.0018 0.0000 0.2000 0.1449 0.1177 0.0000 0.0000
297      297   (0)      5  : 0.0000 0.0000 0.0011 0.0000 0.0165 0.3739 0.0000 0.1867 0.0000 0.0000 0.0000 0.1824 0.1583 0.0811 0.0000
298      298   (0)      5  : 0.0000 0.0000 0.0000 0.0000 0.0000 0.0659 0.0000 0.5084 0.0000 0.0000 0.0000 0.2646 0.0738 0.0873 0.0000
299      299   (0)      5  : 0.0000 0.0000 0.0000 0.0000 0.0000 0.0000 0.0000 0.0000 0.0000 0.0000 0.0000 0.7088 0.1529 0.1383 0.0000
300      300   (0)      5  : 0.0000 0.0000 0.0000 0.0000 0.0000 0.1328 0.0000 0.2412 0.0000 0.0000 0.0000 0.2596 0.0846 0.2818 0.0000
301      301   (0)      5  : 0.0000 0.0000 0.0000 0.0000 0.0000 0.0000 0.0000 0.4367 0.0000 0.0000 0.0842 0.2795 0.1996 0.0000 0.0000
302      302   (0)      5  : 0.0000 0.0000 0.0000 0.0000 0.0000 0.1008 0.0000 0.4460 0.0000 0.0000 0.0000 0.0736 0.1325 0.2471 0.0000
303      303   (0)      5  : 0.0000 0.0000 0.0000 0.0000 0.0000 0.4152 0.0000 0.1610 0.0000 0.0000 0.0647 0.2950 0.0379 0.0263 0.0000
304      304   (0)      5  : 0.0000 0.0000 0.0000 0.0000 0.0000 0.4795 0.0000 0.1179 0.0000 0.0000 0.0000 0.2021 0.0804 0.1201 0.0000
305      305   (0)      5  : 0.0000 0.0000 0.0000 0.0000 0.0000 0.4132 0.0000 0.2187 0.0066 0.0000 0.0685 0.1365 0.0000 0.1564 0.0000
306      306   (0)      5  : 0.0000 0.0000 0.0000 0.0000 0.0000 0.0000 0.0000 0.0522 0.0000 0.0000 0.0000 0.3383 0.0010 0.6084 0.0000
307      307   (0)      5  : 0.0000 0.0000 0.0000 0.0000 0.0375 0.1712 0.0000 0.1685 0.0000 0.0000 0.0000 0.2319 0.2097 0.1812 0.0000
308      308   (0)      5  : 0.0000 0.0000 0.0000 0.0000 0.0000 0.4000 0.0000 0.1555 0.0039 0.0000 0.0000 0.1147 0.0000 0.3259 0.0000
309      309   (0)      5  : 0.0000 0.0000 0.0000 0.0000 0.0016 0.0881 0.0000 0.3330 0.0000 0.0000 0.0286 0.3190 0.2095 0.0203 0.0000
310      310   (0)      5  : 0.0000 0.0000 0.0000 0.0000 0.0000 0.0000 0.0000 0.4613 0.0000 0.0000 0.0000 0.2003 0.2593 0.0791 0.0000
311      311   (0)      5  : 0.0000 0.0000 0.0000 0.0000 0.0000 0.0477 0.0000 0.1943 0.0142 0.0000 0.0000 0.0392 0.0000 0.7045 0.0000
312      312   (0)      5  : 0.0000 0.0000 0.0000 0.0000 0.0000 0.0544 0.0000 0.2529 0.0058 0.0000 0.0000 0.0514 0.2004 0.4351 0.0000
313      313   (0)      5  : 0.0000 0.0000 0.0000 0.0000 0.0000 0.5222 0.0000 0.0699 0.0000 0.0000 0.0000 0.2987 0.0000 0.1092 0.0000
314      314   (0)      5  : 0.0000 0.0000 0.0000 0.0000 0.0000 0.1413 0.0000 0.2079 0.0000 0.0000 0.0000 0.4532 0.0000 0.1976 0.0000
315      315   (0)      5  : 0.0000 0.0000 0.0000 0.0000 0.0000 0.1297 0.0000 0.4371 0.0058 0.0000 0.0000 0.3516 0.0000 0.0758 0.0000
316      316   (0)      5  : 0.0000 0.0000 0.0000 0.0000 0.0000 0.3504 0.0000 0.0491 0.0015 0.0000 0.0000 0.2305 0.0939 0.2747 0.0000
317      317   (0)      5  : 0.0000 0.0000 0.0000 0.0000 0.0000 0.0550 0.0000 0.4404 0.0000 0.0000 0.0000 0.2483 0.2004 0.0559 0.0000
318      318   (0)      8  : 0.0000 0.0000 0.0000 0.0000 0.0000 0.0000 0.0000 0.1844 0.0000 0.0000 0.0000 0.6625 0.0000 0.1530 0.0000
319      319   (0)      8  : 0.0000 0.0000 0.0000 0.0000 0.0000 0.0844 0.0000 0.4985 0.0000 0.0000 0.0000 0.1096 0.1460 0.1615 0.0000
320      320   (0)      9  : 0.0000 0.0000 0.0000 0.0000 0.0000 0.2476 0.0000 0.6584 0.0000 0.0000 0.0000 0.0000 0.0939 0.0000 0.0000
321      321   (0)      9  : 0.0000 0.0000 0.0089 0.0000 0.0000 0.0594 0.0000 0.4025 0.0043 0.0000 0.0000 0.0446 0.2960 0.1842 0.0000
322      322   (0)      9  : 0.0000 0.0000 0.0000 0.0000 0.0000 0.1285 0.0000 0.3290 0.0000 0.0000 0.0000 0.3091 0.0908 0.1427 0.0000
323      323   (0)      9  : 0.0000 0.0000 0.0000 0.0000 0.0000 0.3385 0.0000 0.1806 0.0000 0.0000 0.0000 0.2192 0.2385 0.0233 0.0000
324      324   (0)      9  : 0.0000 0.0000 0.0000 0.0000 0.0000 0.2727 0.0000 0.1402 0.0000 0.0000 0.2000 0.3342 0.0000 0.0529 0.0000
325      325   (0)      8  : 0.0000 0.0000 0.0000 0.0000 0.0000 0.5057 0.0000 0.0043 0.0000 0.0000 0.0000 0.3692 0.0000 0.1208 0.0000
326      326   (0)      8  : 0.0000 0.0000 0.0000 0.0000 0.0000 0.1464 0.0000 0.2582 0.0000 0.0000 0.0000 0.2505 0.1085 0.2364 0.0000
327      327   (0)      8  : 0.0000 0.0000 0.0000 0.0000 0.0000 0.3886 0.0000 0.4154 0.0000 0.0000 0.0000 0.0000 0.1393 0.0567 0.0000
328      328   (0)      8  : 0.0000 0.0000 0.0000 0.0000 0.0000 0.2342 0.0000 0.2021 0.0000 0.0000 0.0943 0.4694 0.0000 0.0000 0.0000
329      329   (0)      8  : 0.0000 0.0000 0.0000 0.0000 0.0000 0.2384 0.0000 0.2602 0.0000 0.0000 0.0000 0.1312 0.1242 0.2460 0.0000
330      330   (0)      9  : 0.0000 0.0000 0.0000 0.0000 0.0000 0.0577 0.0000 0.2402 0.0060 0.0000 0.0000 0.3581 0.0871 0.2509 0.0000
331      331   (0)      9  : 0.0000 0.0000 0.0000 0.0000 0.0000 0.0755 0.0000 0.5896 0.0000 0.0000 0.0346 0.1584 0.0788 0.0630 0.0000
332      332   (0)      9  : 0.0000 0.0000 0.0000 0.0000 0.0000 0.0000 0.0000 0.4598 0.0000 0.0000 0.0000 0.0983 0.0000 0.4419 0.0000
333      333   (0)      9  : 0.0000 0.0000 0.0000 0.0000 0.0000 0.3311 0.0000 0.1696 0.0000 0.0000 0.0016 0.4063 0.0654 0.0260 0.0000
334      334   (0)      9  : 0.0000 0.0000 0.0000 0.0000 0.0000 0.0000 0.0000 0.2568 0.0027 0.0000 0.0000 0.0870 0.1044 0.5493 0.0000
335      335   (0)      9  : 0.0000 0.0000 0.0000 0.0000 0.0000 0.3171 0.0000 0.0000 0.0000 0.0000 0.0000 0.6563 0.0000 0.0266 0.0000
336      336   (0)      8  : 0.0000 0.0000 0.0000 0.0000 0.0000 0.2000 0.0000 0.3603 0.0000 0.0000 0.1095 0.1271 0.0000 0.2031 0.0000
337      337   (0)      8  : 0.0000 0.0000 0.0000 0.0000 0.0000 0.1163 0.0000 0.1347 0.0073 0.0000 0.0641 0.1099 0.0000 0.5677 0.0000
338      338   (0)      8  : 0.0000 0.0000 0.0000 0.0000 0.0000 0.1960 0.0000 0.1778 0.0000 0.0000 0.0000 0.0441 0.0349 0.5471 0.0000
339      339   (0)      8  : 0.0000 0.0000 0.0000 0.0000 0.0000 0.0939 0.0000 0.1931 0.0011 0.0000 0.0000 0.2002 0.2378 0.2739 0.0000
340      340   (0)      8  : 0.0000 0.0000 0.0000 0.0000 0.0000 0.1388 0.0000 0.5659 0.0000 0.0000 0.0000 0.2068 0.0005 0.0881 0.0000
341      341   (0)      8  : 0.0000 0.0000 0.0000 0.0000 0.0182 0.0032 0.0000 0.2454 0.0041 0.0000 0.0916 0.1869 0.3054 0.1453 0.0000
342      342   (0)      8  : 0.0000 0.0000 0.0000 0.0000 0.0000 0.1527 0.0000 0.4008 0.0000 0.0000 0.0000 0.1490 0.0000 0.2975 0.0000
343      343   (0)      9  : 0.0000 0.0000 0.0000 0.0000 0.0000 0.2664 0.0000 0.1051 0.0031 0.0000 0.0000 0.1536 0.0000 0.4717 0.0000
344      344   (0)      9  : 0.0000 0.0000 0.0000 0.0000 0.0000 0.3531 0.0000 0.0678 0.0000 0.0000 0.0000 0.2362 0.0739 0.2690 0.0000
345      345   (0)      9  : 0.0000 0.0000 0.0000 0.0000 0.0000 0.1241 0.0000 0.4681 0.0000 0.0000 0.0000 0.0001 0.2293 0.1785 0.0000
346      346   (0)      9  : 0.0000 0.0000 0.0000 0.0000 0.0082 0.1830 0.0000 0.2669 0.0000 0.0000 0.0131 0.2052 0.0015 0.3220 0.0000
347      347   (0)      9  : 0.0000 0.0000 0.0000 0.0000 0.0023 0.2793 0.0000 0.2276 0.0000 0.0000 0.0000 0.1184 0.1724 0.2000 0.0000
348      348   (0)      9  : 0.0000 0.0000 0.0000 0.0000 0.0006 0.0786 0.0000 0.1883 0.0216 0.0000 0.0331 0.3311 0.0366 0.3101 0.0000
349      349   (0)      9  : 0.0000 0.0000 0.0000 0.0000 0.0343 0.4328 0.0000 0.2716 0.0238 0.0000 0.0000 0.2178 0.0000 0.0197 0.0000
350      350   (0)      9  : 0.0000 0.0000 0.0000 0.0000 0.0000 0.1664 0.0000 0.1255 0.0000 0.0000 0.0278 0.1750 0.4003 0.1050 0.0000
351      351   (0)      9  : 0.0000 0.0000 0.0000 0.0000 0.0164 0.2000 0.0000 0.0902 0.0000 0.0000 0.0000 0.3556 0.1408 0.1970 0.0000
352      352   (0)      9  : 0.0000 0.0000 0.0000 0.0000 0.0062 0.4138 0.0000 0.0362 0.0003 0.0000 0.0000 0.0990 0.0366 0.4080 0.0000
353      353   (0)      9  : 0.0000 0.0000 0.0000 0.0000 0.0035 0.0410 0.0000 0.0000 0.0000 0.0000 0.0000 0.0509 0.2560 0.6486 0.0000
354      354   (0)      9  : 0.0000 0.0000 0.0000 0.0000 0.0000 0.2049 0.0000 0.2783 0.0000 0.0000 0.0000 0.1192 0.1617 0.2360 0.0000
355      355   (0)      9  : 0.0000 0.0000 0.0000 0.0000 0.0000 0.3298 0.0000 0.4276 0.0145 0.0000 0.0249 0.1016 0.0563 0.0453 0.0000
356      356   (0)      9  : 0.0000 0.0000 0.0000 0.0000 0.0094 0.3615 0.0000 0.1780 0.0000 0.0000 0.0000 0.2053 0.0748 0.1710 0.0000
357      357   (0)      9  : 0.0000 0.0000 0.0000 0.0000 0.0000 0.1495 0.0000 0.1133 0.0000 0.0000 0.0000 0.6010 0.0000 0.1361 0.0000
358      358   (0)      9  : 0.0000 0.0000 0.0000 0.0000 0.0093 0.0980 0.0000 0.1389 0.0000 0.0000 0.0000 0.1965 0.2116 0.3457 0.0000
359      359   (0)      9  : 0.0000 0.0000 0.0000 0.0000 0.0030 0.2154 0.0000 0.1221 0.0000 0.0000 0.0000 0.3500 0.2067 0.1028 0.0000
360      360   (0)      9  : 0.0000 0.0000 0.0000 0.0000 0.0000 0.0838 0.0000 0.0455 0.0000 0.0000 0.0766 0.3598 0.0000 0.4343 0.0000
361      361   (0)      9  : 0.0000 0.0000 0.0000 0.0000 0.0000 0.2063 0.0000 0.0561 0.0000 0.0000 0.0600 0.1816 0.3350 0.1610 0.0000
362      362   (0)     10  : 0.0000 0.0000 0.0000 0.0000 0.0000 0.0814 0.0000 0.3269 0.0000 0.0000 0.0000 0.2459 0.2730 0.0728 0.0000
363      363   (0)     10  : 0.0000 0.0000 0.0000 0.0000 0.0000 0.0000 0.0000 0.4000 0.0000 0.0000 0.0000 0.2672 0.1328 0.2000 0.0000
364      364   (0)     10  : 0.0000 0.0000 0.0000 0.0000 0.0000 0.0673 0.0000 0.4734 0.0000 0.0000 0.0400 0.2224 0.1029 0.0941 0.0000
365      365   (0)     10  : 0.0000 0.0000 0.0020 0.0000 0.0000 0.0000 0.0000 0.7075 0.0000 0.0000 0.0000 0.0683 0.2000 0.0222 0.0000
366      366   (0)     10  : 0.0000 0.0000 0.0000 0.0000 0.0000 0.6788 0.0000 0.0961 0.0000 0.0000 0.0000 0.2251 0.0000 0.0000 0.0000
367      367   (0)     10  : 0.0000 0.0000 0.0000 0.0000 0.0121 0.0004 0.0000 0.3102 0.0000 0.0000 0.0649 0.2638 0.0498 0.2988 0.0000
368      368   (0)     10  : 0.0000 0.0000 0.0000 0.0000 0.0000 0.3367 0.0000 0.1615 0.0000 0.0000 0.0000 0.0546 0.1121 0.3352 0.0000
369      369   (0)     10  : 0.0000 0.0000 0.0000 0.0000 0.0000 0.5464 0.0000 0.0000 0.0000 0.0000 0.0000 0.1812 0.0008 0.2717 0.0000
370      370   (0)     10  : 0.0000 0.0000 0.0000 0.0000 0.0364 0.2299 0.0000 0.1058 0.0000 0.0000 0.0850 0.3141 0.0000 0.2288 0.0000
371      371   (0)     10  : 0.0000 0.0000 0.0000 0.0000 0.0002 0.5513 0.0000 0.0578 0.0000 0.0000 0.0000 0.2430 0.0647 0.0830 0.0000
372      372   (0)     10  : 0.0000 0.0000 0.0000 0.0000 0.0000 0.2684 0.0000 0.2017 0.0000 0.0000 0.1163 0.1156 0.0747 0.2233 0.0000
373      373   (0)     10  : 0.0000 0.0000 0.0000 0.0000 0.0000 0.0916 0.0000 0.4780 0.0000 0.0000 0.0000 0.0000 0.2000 0.2304 0.0000
374      374   (0)     10  : 0.0000 0.0000 0.0000 0.0000 0.0000 0.3114 0.0000 0.4591 0.0000 0.0000 0.0000 0.1646 0.0000 0.0649 0.0000
375      375   (0)     10  : 0.0000 0.0000 0.0000 0.0000 0.0000 0.2150 0.0000 0.2565 0.0000 0.0000 0.0001 0.3919 0.1117 0.0247 0.0000
376      376   (0)     10  : 0.0000 0.0000 0.0000 0.0000 0.0000 0.1446 0.0000 0.2336 0.0071 0.0000 0.0000 0.4147 0.2000 0.0000 0.0000
377      377   (0)     10  : 0.0000 0.0000 0.0000 0.0000 0.0000 0.2647 0.0000 0.3450 0.0266 0.0000 0.0604 0.0988 0.0485 0.1558 0.0000
378      378   (0)     10  : 0.0000 0.0000 0.0000 0.0000 0.0000 0.0000 0.0000 0.2811 0.0000 0.0000 0.0000 0.2751 0.0000 0.4437 0.0000
379      379   (0)     10  : 0.0000 0.0000 0.0004 0.0000 0.0349 0.1465 0.0000 0.2974 0.0000 0.0000 0.0000 0.2215 0.2000 0.0994 0.0000
380      380   (0)     10  : 0.0000 0.0000 0.0000 0.0000 0.0000 0.4571 0.0000 0.0000 0.0000 0.0000 0.0000 0.2498 0.0664 0.2267 0.0000
381      381   (0)     10  : 0.0000 0.0000 0.0000 0.0000 0.0000 0.0000 0.0000 0.2704 0.0000 0.0000 0.0000 0.1088 0.1174 0.5034 0.0000
382      382   (0)     10  : 0.0000 0.0000 0.0000 0.0000 0.0000 0.2032 0.0000 0.2576 0.0000 0.0000 0.0000 0.4517 0.0488 0.0387 0.0000
383      383   (0)     10  : 0.0000 0.0000 0.0000 0.0000 0.0329 0.1172 0.0000 0.2007 0.0093 0.0000 0.0000 0.1047 0.1021 0.4330 0.0000
384      384   (0)     10  : 0.0000 0.0000 0.0042 0.0000 0.0000 0.1184 0.0000 0.2573 0.0000 0.0000 0.0000 0.5274 0.0196 0.0729 0.0000
385      385   (0)     10  : 0.0000 0.0000 0.0000 0.0000 0.0000 0.1715 0.0000 0.0019 0.0000 0.0000 0.0000 0.5684 0.0000 0.2582 0.0000
386      386   (0)     10  : 0.0000 0.0000 0.0000 0.0000 0.0050 0.3368 0.0000 0.2554 0.0000 0.0000 0.0270 0.2770 0.0000 0.0988 0.0000
387      387   (0)     10  : 0.0000 0.0000 0.0005 0.0000 0.0000 0.2086 0.0000 0.4594 0.0000 0.0000 0.0000 0.1165 0.0628 0.1522 0.0000
388      388   (0)     10  : 0.0000 0.0000 0.0000 0.0000 0.0000 0.0014 0.0000 0.2119 0.0000 0.0000 0.0000 0.0812 0.0601 0.6454 0.0000
389      389   (0)     10  : 0.0000 0.0000 0.0000 0.0000 0.0000 0.2260 0.0000 0.1459 0.0000 0.0000 0.0303 0.2141 0.1095 0.2742 0.0000
390      390   (0)      8  : 0.0000 0.0000 0.0000 0.0000 0.0369 0.0788 0.0000 0.2659 0.0000 0.0000 0.0000 0.3484 0.0806 0.1894 0.0000
391      391   (0)      8  : 0.0000 0.0000 0.0000 0.0000 0.0000 0.1940 0.0000 0.3103 0.0000 0.0000 0.0897 0.2496 0.1564 0.0000 0.0000
392      392   (0)      8  : 0.0000 0.0000 0.0000 0.0000 0.0000 0.4272 0.0000 0.0960 0.0018 0.0000 0.0000 0.0940 0.0000 0.3810 0.0000
393      393   (0)     11  : 0.0000 0.0000 0.0000 0.0000 0.0000 0.6186 0.0000 0.0440 0.0000 0.0000 0.0000 0.0717 0.0000 0.2657 0.0000
394      394   (0)     11  : 0.0000 0.0000 0.0000 0.0000 0.0000 0.0748 0.0000 0.4205 0.0000 0.0000 0.0000 0.0757 0.0000 0.4290 0.0000
395      395   (0)     11  : 0.0144 0.0000 0.0000 0.0000 0.0000 0.2987 0.0000 0.0356 0.0091 0.0000 0.2000 0.2661 0.0122 0.1639 0.0000
396      396   (0)     11  : 0.0243 0.0000 0.0000 0.0000 0.0171 0.7208 0.0000 0.1884 0.0000 0.0000 0.0000 0.0354 0.0000 0.0139 0.0000
397      397   (0)     11  : 0.0000 0.0000 0.0000 0.0000 0.0000 0.0567 0.0000 0.3574 0.0000 0.0000 0.0972 0.2269 0.0000 0.2617 0.0000
398      398   (0)     11  : 0.0000 0.0000 0.0000 0.0000 0.0000 0.2224 0.0000 0.2638 0.0000 0.0000 0.0001 0.3926 0.0934 0.0277 0.0000
399      399   (0)     11  : 0.0000 0.0000 0.0000 0.0000 0.0000 0.6394 0.0000 0.0000 0.0000 0.0000 0.0920 0.0686 0.0000 0.2000 0.0000
400      400   (0)     11  : 0.0000 0.0000 0.0022 0.0000 0.0000 0.0408 0.0000 0.1525 0.0000 0.0000 0.0000 0.5031 0.0810 0.2204 0.0000
401      401   (0)     11  : 0.0000 0.0000 0.0000 0.0027 0.0000 0.5065 0.0000 0.0250 0.0000 0.0000 0.1108 0.1775 0.0030 0.1746 0.0000
402      402   (0)     11  : 0.0000 0.0000 0.0000 0.0000 0.0000 0.1509 0.0000 0.3477 0.0000 0.0000 0.0000 0.0941 0.1084 0.2990 0.0000
403      403   (0)     11  : 0.0000 0.0000 0.0000 0.0000 0.0000 0.1257 0.0000 0.0305 0.0009 0.0000 0.1010 0.6416 0.0000 0.1003 0.0000
404      404   (0)     11  : 0.0000 0.0000 0.0000 0.0000 0.0000 0.3062 0.0000 0.0303 0.0000 0.0000 0.0000 0.6245 0.0011 0.0379 0.0000
405      405   (0)     11  : 0.0000 0.0000 0.0000 0.0000 0.0478 0.2339 0.0000 0.0000 0.0167 0.0000 0.0824 0.6192 0.0000 0.0000 0.0000
406      406   (0)     11  : 0.0000 0.0000 0.0000 0.0000 0.0000 0.0530 0.0000 0.1840 0.0000 0.0000 0.0000 0.2947 0.2898 0.1785 0.0000
407      407   (0)     11  : 0.0000 0.0000 0.0000 0.0000 0.0000 0.4405 0.0000 0.1400 0.0012 0.0000 0.0266 0.1877 0.1530 0.0509 0.0000
408      408   (0)     11  : 0.0000 0.0000 0.0000 0.0000 0.0018 0.3695 0.0000 0.0824 0.0000 0.0000 0.0862 0.2984 0.0000 0.1617 0.0000
409      409   (0)     11  : 0.0000 0.0011 0.0015 0.0000 0.0000 0.3030 0.0000 0.0907 0.0159 0.0000 0.0000 0.1252 0.0547 0.4080 0.0000
410      410   (0)     11  : 0.0000 0.0000 0.0000 0.0000 0.0000 0.2612 0.0000 0.4855 0.0013 0.0000 0.0000 0.0407 0.1029 0.1084 0.0000
411      411   (0)     11  : 0.0000 0.0000 0.0000 0.0000 0.0000 0.1303 0.0000 0.6216 0.0000 0.0000 0.0409 0.0368 0.1242 0.0463 0.0000
412      412   (0)     11  : 0.0000 0.0000 0.0000 0.0000 0.0000 0.0703 0.0000 0.2707 0.0032 0.0000 0.0696 0.3927 0.1016 0.0919 0.0000
413      413   (0)     11  : 0.0000 0.0000 0.0000 0.0000 0.0174 0.4521 0.0000 0.5305 0.0000 0.0000 0.0000 0.0000 0.0000 0.0000 0.0000
414      414   (0)     11  : 0.0000 0.0000 0.0000 0.0000 0.0000 0.1536 0.0000 0.1637 0.0000 0.0000 0.2000 0.0827 0.0000 0.4000 0.0000
415      415   (0)     11  : 0.0000 0.0000 0.0000 0.0000 0.0000 0.1608 0.0000 0.3845 0.0057 0.0000 0.0000 0.1088 0.2337 0.1065 0.0000
416      416   (0)     11  : 0.0000 0.0000 0.0000 0.0000 0.0000 0.2676 0.0000 0.2394 0.0243 0.0000 0.0410 0.2061 0.1741 0.0475 0.0000
417      417   (0)     11  : 0.0000 0.0000 0.0000 0.0000 0.0000 0.0911 0.0000 0.2342 0.0000 0.0000 0.1999 0.2555 0.1996 0.0197 0.0000
418      418   (0)     11  : 0.0000 0.0000 0.0000 0.0086 0.0198 0.4109 0.0000 0.3466 0.0000 0.0000 0.0000 0.0884 0.0000 0.1256 0.0000
419      419   (0)     11  : 0.0000 0.0000 0.0000 0.0000 0.0017 0.5748 0.0000 0.0000 0.0000 0.0000 0.0754 0.0904 0.0000 0.2577 0.0000
420      420   (0)     11  : 0.0000 0.0000 0.0000 0.0000 0.0000 0.7962 0.0000 0.0170 0.0000 0.0000 0.0914 0.0954 0.0000 0.0000 0.0000
421      421   (0)     11  : 0.0000 0.0000 0.0000 0.0000 0.0000 0.3878 0.0000 0.0499 0.0042 0.0000 0.0984 0.0947 0.2860 0.0789 0.0000
422      422   (0)     11  : 0.0000 0.0000 0.0000 0.0000 0.0003 0.1124 0.0000 0.2330 0.0000 0.0000 0.0000 0.2344 0.3355 0.0845 0.0000
423      423   (0)     12  : 0.3217 0.0000 0.0000 0.4783 0.0000 0.0000 0.0000 0.0000 0.0000 0.0000 0.0000 0.0000 0.2000 0.0000 0.0000
424      424   (0)     12  : 0.0000 0.0000 0.0000 0.0000 0.7848 0.0000 0.0000 0.0483 0.0951 0.0000 0.0000 0.0496 0.0000 0.0222 0.0000
425      425   (0)     12  : 0.5913 0.0000 0.0000 0.2087 0.0000 0.0000 0.0000 0.0000 0.0000 0.0000 0.0000 0.0000 0.1999 0.0000 0.0001
426      426   (0)     12  : 0.0000 0.0000 0.0000 0.0000 0.5073 0.0000 0.0000 0.0412 0.4294 0.0000 0.0000 0.0220 0.0000 0.0000 0.0000
427      427   (0)     12  : 0.1724 0.0000 0.0000 0.8229 0.0000 0.0000 0.0006 0.0000 0.0000 0.0041 0.0000 0.0000 0.0000 0.0000 0.0000
428      428   (0)     12  : 0.3948 0.0142 0.0000 0.4514 0.0059 0.0000 0.0000 0.0000 0.0000 0.0000 0.0860 0.0000 0.0477 0.0000 0.0000
429      429   (0)     12  : 0.0000 0.0000 0.0000 0.0000 0.0000 0.0000 0.0000 0.0000 1.0000 0.0000 0.0000 0.0000 0.0000 0.0000 0.0000
430      430   (0)     12  : 0.6157 0.0000 0.0000 0.1541 0.0000 0.0000 0.0000 0.0000 0.0004 0.0297 0.0001 0.0000 0.2000 0.0000 0.0000
431      431   (0)     12  : 0.8130 0.0000 0.0015 0.0193 0.0000 0.0000 0.0191 0.0000 0.0000 0.0236 0.0000 0.0000 0.1236 0.0000 0.0000
432      432   (0)     12  : 0.0000 0.0000 0.0000 0.0000 0.9144 0.0130 0.0000 0.0000 0.0388 0.0000 0.0000 0.0000 0.0000 0.0338 0.0000
433      433   (0)     12  : 0.9103 0.0000 0.0000 0.0433 0.0000 0.0000 0.0000 0.0000 0.0123 0.0000 0.0000 0.0000 0.0341 0.0000 0.0000
434      434   (0)     12  : 0.8000 0.0000 0.0000 0.0000 0.0000 0.0000 0.0000 0.0000 0.0000 0.0000 0.0000 0.0000 0.2000 0.0000 0.0000
435      435   (0)     12  : 0.6672 0.0160 0.0024 0.2275 0.0000 0.0000 0.0000 0.0000 0.0066 0.0000 0.0455 0.0000 0.0140 0.0000 0.0209
436      436   (0)     12  : 0.5776 0.0054 0.0002 0.1899 0.0000 0.0000 0.0000 0.0000 0.0000 0.0000 0.0269 0.0000 0.2000 0.0000 0.0000
437      437   (0)     12  : 0.9630 0.0000 0.0000 0.0000 0.0000 0.0000 0.0000 0.0000 0.0294 0.0000 0.0000 0.0000 0.0000 0.0000 0.0076
438      438   (0)     12  : 0.5786 0.0000 0.0000 0.2891 0.0000 0.0000 0.0000 0.0000 0.0000 0.0000 0.0076 0.0000 0.1248 0.0000 0.0000
439      439   (0)     12  : 0.0000 0.0000 0.0000 0.0000 1.0000 0.0000 0.0000 0.0000 0.0000 0.0000 0.0000 0.0000 0.0000 0.0000 0.0000
440      440   (0)     12  : 0.0000 0.0000 0.0000 0.0000 0.9773 0.0000 0.0000 0.0000 0.0227 0.0000 0.0000 0.0000 0.0000 0.0000 0.0000
441      441   (0)     12  : 0.9129 0.0000 0.0000 0.0000 0.0000 0.0000 0.0000 0.0000 0.0000 0.0000 0.0000 0.0000 0.0871 0.0000 0.0000
442      442   (0)     12  : 0.0000 0.0000 0.0000 0.0000 0.4653 0.0000 0.0000 0.0000 0.5347 0.0000 0.0000 0.0000 0.0000 0.0000 0.0000
443      443   (0)     12  : 0.5858 0.0000 0.0000 0.3462 0.0000 0.0000 0.0146 0.0000 0.0000 0.0086 0.0000 0.0000 0.0448 0.0000 0.0000
444      444   (0)     12  : 0.9766 0.0000 0.0000 0.0000 0.0000 0.0000 0.0094 0.0000 0.0000 0.0000 0.0000 0.0000 0.0000 0.0000 0.0139
445      445   (0)     12  : 0.2179 0.0000 0.0000 0.7639 0.0000 0.0000 0.0000 0.0000 0.0000 0.0076 0.0000 0.0000 0.0106 0.0000 0.0000
446      446   (0)     12  : 0.4494 0.0000 0.0000 0.3506 0.0000 0.0000 0.0000 0.0000 0.0000 0.0000 0.0000 0.0000 0.2000 0.0000 0.0000
447      447   (0)     12  : 0.9297 0.0025 0.0000 0.0000 0.0000 0.0000 0.0000 0.0000 0.0000 0.0004 0.0000 0.0000 0.0641 0.0000 0.0033
448      448   (0)     12  : 0.8872 0.0000 0.0000 0.0000 0.0000 0.0000 0.0000 0.0000 0.0000 0.0000 0.0000 0.0000 0.1128 0.0000 0.0000
449      449   (0)     12  : 0.9292 0.0000 0.0000 0.0000 0.0000 0.0000 0.0000 0.0000 0.0000 0.0000 0.0061 0.0000 0.0647 0.0000 0.0000
450      450   (0)     12  : 0.9247 0.0000 0.0000 0.0715 0.0000 0.0000 0.0016 0.0000 0.0000 0.0000 0.0000 0.0000 0.0022 0.0000 0.0000
451      451   (0)     12  : 0.5318 0.0500 0.0000 0.2470 0.0000 0.0000 0.0000 0.0000 0.0000 0.0000 0.0147 0.0000 0.1564 0.0000 0.0000
452      452   (0)     12  : 0.0482 0.0095 0.0000 0.7198 0.0000 0.0000 0.0000 0.0000 0.0000 0.0000 0.0226 0.0000 0.2000 0.0000 0.0000
453      453   (0)     13  : 0.7999 0.0000 0.0000 0.0001 0.0000 0.0000 0.0000 0.0000 0.0000 0.0000 0.0000 0.0000 0.2000 0.0000 0.0000
454      454   (0)     13  : 0.7912 0.0036 0.0002 0.0000 0.0000 0.0000 0.0051 0.0000 0.0000 0.0000 0.0000 0.0000 0.2000 0.0000 0.0000
455      455   (0)     13  : 0.6172 0.0000 0.0000 0.2528 0.0000 0.0000 0.0000 0.0000 0.0000 0.0000 0.0000 0.0000 0.1229 0.0000 0.0071
456      456   (0)     13  : 0.0000 0.0000 0.0000 0.0000 0.9477 0.0000 0.0000 0.0000 0.0523 0.0000 0.0000 0.0000 0.0000 0.0000 0.0000
457      457   (0)     13  : 0.7544 0.0000 0.0000 0.0794 0.0000 0.0000 0.0104 0.0000 0.0000 0.0000 0.0633 0.0000 0.0925 0.0000 0.0000
458      458   (0)     13  : 0.7726 0.0001 0.0000 0.0951 0.0000 0.0000 0.0000 0.0000 0.0000 0.0000 0.0000 0.0000 0.1280 0.0000 0.0042
459      459   (0)     13  : 0.5261 0.0000 0.0000 0.3582 0.0000 0.0000 0.0000 0.0000 0.0000 0.0000 0.0002 0.0000 0.1155 0.0000 0.0000
460      460   (0)     13  : 0.6647 0.0000 0.0000 0.3353 0.0000 0.0000 0.0000 0.0000 0.0000 0.0000 0.0000 0.0000 0.0000 0.0000 0.0000
461      461   (0)     13  : 0.6289 0.0000 0.0000 0.2843 0.0000 0.0000 0.0000 0.0000 0.0000 0.0000 0.0000 0.0000 0.0867 0.0000 0.0000
462      462   (0)     13  : 0.0708 0.0004 0.0000 0.8221 0.0000 0.0000 0.0000 0.0000 0.0000 0.0000 0.0060 0.0000 0.0886 0.0000 0.0121
463      463   (0)     13  : 0.8140 0.0124 0.0000 0.0930 0.0000 0.0000 0.0041 0.0000 0.0000 0.0211 0.0141 0.0000 0.0413 0.0000 0.0000
464      464   (0)     13  : 0.0005 0.2000 0.0032 0.0000 0.0000 0.0000 0.3963 0.0000 0.0000 0.0000 0.0000 0.0000 0.0000 0.0000 0.4000
465      465   (0)     13  : 0.9976 0.0000 0.0024 0.0000 0.0000 0.0000 0.0000 0.0000 0.0000 0.0000 0.0000 0.0000 0.0000 0.0000 0.0000
466      466   (0)     13  : 0.2523 0.0000 0.0000 0.7477 0.0000 0.0000 0.0000 0.0000 0.0000 0.0000 0.0000 0.0000 0.0000 0.0000 0.0000
467      467   (0)     13  : 0.3044 0.0000 0.0000 0.5917 0.0000 0.0000 0.0053 0.0000 0.0000 0.0068 0.0000 0.0000 0.0917 0.0000 0.0000
468      468   (0)     13  : 0.0206 0.4197 0.0000 0.0232 0.0000 0.0000 0.0348 0.0000 0.0000 0.2913 0.0602 0.0000 0.0099 0.0000 0.1403
469      469   (0)     13  : 0.0000 0.0000 0.0000 0.0000 0.0000 0.0000 0.2000 0.0000 0.0000 0.6521 0.1479 0.0000 0.0000 0.0000 0.0000
470      470   (0)     13  : 0.8738 0.0092 0.0000 0.0888 0.0000 0.0000 0.0000 0.0000 0.0000 0.0000 0.0179 0.0000 0.0000 0.0000 0.0103
471      471   (0)     13  : 0.6365 0.0001 0.0000 0.3152 0.0000 0.0000 0.0000 0.0084 0.0140 0.0000 0.0020 0.0000 0.0116 0.0043 0.0079
472      472   (0)     13  : 0.1507 0.0000 0.0000 0.7628 0.0000 0.0000 0.0000 0.0000 0.0000 0.0000 0.0098 0.0000 0.0766 0.0000 0.0000
473      473   (0)     13  : 0.0311 0.0000 0.0000 0.0091 0.8363 0.0224 0.0000 0.0000 0.0164 0.0000 0.0190 0.0000 0.0103 0.0555 0.0000
474      474   (0)     13  : 0.5613 0.0000 0.0000 0.3275 0.0000 0.0000 0.0000 0.0000 0.0000 0.0088 0.0000 0.0000 0.1023 0.0000 0.0000
475      475   (0)     13  : 0.6750 0.0050 0.0000 0.2637 0.0000 0.0000 0.0000 0.0000 0.0000 0.0000 0.0000 0.0000 0.0562 0.0000 0.0000
476      476   (0)     13  : 0.0000 0.0000 0.0000 0.0000 0.9477 0.0000 0.0000 0.0000 0.0523 0.0000 0.0000 0.0000 0.0000 0.0000 0.0000
477      477   (0)     13  : 0.8764 0.0097 0.0000 0.0649 0.0000 0.0000 0.0000 0.0000 0.0100 0.0032 0.0000 0.0000 0.0000 0.0000 0.0358
478      478   (0)     13  : 0.4190 0.0000 0.0111 0.5648 0.0000 0.0000 0.0000 0.0000 0.0051 0.0000 0.0000 0.0000 0.0000 0.0000 0.0000
479      479   (0)     13  : 0.8537 0.0000 0.0000 0.0000 0.0000 0.0000 0.0302 0.0000 0.0000 0.0000 0.0000 0.0000 0.1161 0.0000 0.0000
480      480   (0)     13  : 0.0000 0.0000 0.0000 0.0000 0.8424 0.0000 0.0000 0.0000 0.1334 0.0000 0.0000 0.0242 0.0000 0.0000 0.0000
481      481   (0)     13  : 0.0204 0.0933 0.0031 0.0169 0.0000 0.0000 0.6475 0.0000 0.0046 0.0751 0.0128 0.0000 0.0198 0.0000 0.1065
482      482   (0)     13  : 0.4979 0.0000 0.0000 0.2611 0.0000 0.0000 0.0000 0.0000 0.0000 0.0077 0.0201 0.0000 0.2132 0.0000 0.0000
483      483   (0)     14  : 0.9040 0.0018 0.0000 0.0383 0.0000 0.0000 0.0000 0.0000 0.0000 0.0000 0.0000 0.0000 0.0559 0.0000 0.0000
484      484   (0)     14  : 0.9641 0.0000 0.0000 0.0302 0.0000 0.0000 0.0047 0.0000 0.0000 0.0000 0.0010 0.0000 0.0000 0.0000 0.0000
485      485   (0)     15  : 0.7958 0.0041 0.0000 0.0000 0.0000 0.0000 0.0000 0.0000 0.0000 0.0001 0.0000 0.0000 0.2000 0.0000 0.0000
486      486   (0)     15  : 0.9396 0.0000 0.0000 0.0538 0.0000 0.0000 0.0000 0.0000 0.0000 0.0000 0.0066 0.0000 0.0000 0.0000 0.0000
487      487   (0)     15  : 0.8868 0.0012 0.0000 0.0632 0.0000 0.0000 0.0000 0.0000 0.0000 0.0000 0.0078 0.0000 0.0410 0.0000 0.0000
488      488   (0)     15  : 0.6413 0.0000 0.0000 0.3093 0.0000 0.0000 0.0000 0.0000 0.0000 0.0003 0.0000 0.0000 0.0490 0.0000 0.0000
489      489   (0)     15  : 0.0000 0.0000 0.0000 0.0000 0.9886 0.0041 0.0000 0.0067 0.0000 0.0000 0.0000 0.0007 0.0000 0.0000 0.0000
490      490   (0)     15  : 0.0000 0.0000 0.0000 0.0000 0.9610 0.0000 0.0000 0.0000 0.0390 0.0000 0.0000 0.0000 0.0000 0.0000 0.0000
491      491   (0)     15  : 0.4534 0.0000 0.0000 0.4596 0.0000 0.0000 0.0093 0.0000 0.0000 0.0000 0.0009 0.0000 0.0763 0.0000 0.0006
492      492   (0)     15  : 0.0000 0.0000 0.0000 0.0000 1.0000 0.0000 0.0000 0.0000 0.0000 0.0000 0.0000 0.0000 0.0000 0.0000 0.0000
493      493   (0)     15  : 0.2728 0.0000 0.0157 0.6111 0.0000 0.0000 0.0056 0.0000 0.0000 0.0006 0.0000 0.0000 0.0941 0.0000 0.0000
494      494   (0)     15  : 0.7975 0.0030 0.0000 0.1724 0.0000 0.0000 0.0000 0.0000 0.0000 0.0222 0.0000 0.0000 0.0048 0.0000 0.0000
495      495   (0)     15  : 0.7993 0.0000 0.0000 0.2000 0.0000 0.0000 0.0000 0.0000 0.0000 0.0000 0.0000 0.0000 0.0000 0.0000 0.0007
496      496   (0)     15  : 0.6052 0.0000 0.0048 0.3883 0.0000 0.0000 0.0000 0.0000 0.0000 0.0017 0.0000 0.0000 0.0000 0.0000 0.0000
497      497   (0)     15  : 0.2596 0.0000 0.0000 0.7175 0.0000 0.0000 0.0000 0.0000 0.0000 0.0000 0.0000 0.0000 0.0000 0.0000 0.0229
498      498   (0)     15  : 0.7521 0.0000 0.0000 0.1742 0.0000 0.0000 0.0108 0.0000 0.0000 0.0000 0.0519 0.0000 0.0000 0.0000 0.0110
499      499   (0)     15  : 0.8207 0.0195 0.0000 0.1126 0.0000 0.0000 0.0000 0.0000 0.0000 0.0148 0.0000 0.0000 0.0324 0.0000 0.0000
500      500   (0)     15  : 0.8416 0.0323 0.0000 0.0934 0.0000 0.0000 0.0000 0.0000 0.0000 0.0023 0.0000 0.0000 0.0305 0.0000 0.0000
501      501   (0)     15  : 0.5634 0.0115 0.0000 0.2866 0.0000 0.0000 0.0000 0.0000 0.0145 0.0056 0.0000 0.0000 0.1067 0.0000 0.0116
502      502   (0)     15  : 0.8527 0.0000 0.0000 0.0256 0.0000 0.0000 0.0116 0.0000 0.0000 0.0000 0.0075 0.0000 0.1025 0.0000 0.0000
503      503   (0)     15  : 0.3921 0.0162 0.0000 0.5276 0.0000 0.0000 0.0000 0.0000 0.0000 0.0000 0.0000 0.0000 0.0634 0.0000 0.0007
504      504   (0)     15  : 0.9722 0.0000 0.0000 0.0000 0.0000 0.0000 0.0000 0.0000 0.0000 0.0000 0.0000 0.0000 0.0277 0.0000 0.0000
505      505   (0)     15  : 0.9214 0.0113 0.0000 0.0010 0.0000 0.0000 0.0000 0.0000 0.0000 0.0000 0.0663 0.0000 0.0000 0.0000 0.0000
506      506   (0)     15  : 0.3521 0.0000 0.0000 0.6424 0.0000 0.0000 0.0000 0.0000 0.0000 0.0055 0.0000 0.0000 0.0000 0.0000 0.0000
507      507   (0)     15  : 0.8630 0.0000 0.0000 0.1070 0.0000 0.0000 0.0000 0.0000 0.0000 0.0300 0.0000 0.0000 0.0000 0.0000 0.0000
508      508   (0)     15  : 0.9669 0.0219 0.0000 0.0000 0.0000 0.0000 0.0111 0.0000 0.0000 0.0000 0.0000 0.0000 0.0000 0.0000 0.0000
509      509   (0)     15  : 0.0000 0.0000 0.0000 0.0000 1.0000 0.0000 0.0000 0.0000 0.0000 0.0000 0.0000 0.0000 0.0000 0.0000 0.0000
510      510   (0)     15  : 0.0000 0.0000 0.0000 0.0000 1.0000 0.0000 0.0000 0.0000 0.0000 0.0000 0.0000 0.0000 0.0000 0.0000 0.0000
511      511   (0)     15  : 0.9364 0.0030 0.0084 0.0000 0.0029 0.0025 0.0011 0.0078 0.0000 0.0209 0.0171 0.0000 0.0000 0.0000 0.0000
512      512   (0)     15  : 0.2312 0.0000 0.0000 0.6664 0.0000 0.0000 0.0020 0.0000 0.0000 0.0000 0.0000 0.0000 0.1004 0.0000 0.0000
513      513   (0)     15  : 0.5816 0.0047 0.0000 0.3031 0.0000 0.0000 0.0000 0.0000 0.0000 0.0000 0.0398 0.0000 0.0708 0.0000 0.0000
514      514   (0)     15  : 0.5158 0.0182 0.0000 0.3769 0.0000 0.0000 0.0010 0.0000 0.0000 0.0000 0.0008 0.0000 0.0702 0.0000 0.0170
515      515   (0)     16  : 0.0227 0.2441 0.0000 0.0000 0.0000 0.0000 0.3665 0.0000 0.0000 0.1236 0.0015 0.0000 0.0066 0.0000 0.2350
516      516   (0)     16  : 0.8859 0.0000 0.0015 0.0818 0.0000 0.0000 0.0142 0.0000 0.0000 0.0000 0.0000 0.0000 0.0000 0.0000 0.0165
517      517   (0)     16  : 0.0000 0.0000 0.0000 0.0000 0.8332 0.0000 0.0000 0.0000 0.1011 0.0000 0.0000 0.0376 0.0153 0.0128 0.0000
518      518   (0)     16  : 0.6758 0.0134 0.0152 0.2127 0.0000 0.0000 0.0034 0.0000 0.0000 0.0101 0.0000 0.0000 0.0608 0.0000 0.0086
519      519   (0)     16  : 0.0798 0.0000 0.0000 0.9149 0.0000 0.0000 0.0000 0.0000 0.0000 0.0000 0.0000 0.0000 0.0000 0.0000 0.0052
520      520   (0)     16  : 0.2110 0.0297 0.0000 0.5554 0.0000 0.0000 0.0039 0.0000 0.0000 0.0000 0.0000 0.0000 0.2000 0.0000 0.0000
521      521   (0)     16  : 0.1978 0.0001 0.0000 0.7793 0.0000 0.0000 0.0000 0.0000 0.0000 0.0000 0.0000 0.0000 0.0000 0.0000 0.0228
522      522   (0)     16  : 0.0000 0.0000 0.0000 0.0000 0.0000 0.0000 0.0000 0.0000 1.0000 0.0000 0.0000 0.0000 0.0000 0.0000 0.0000
523      523   (0)     16  : 0.6787 0.0000 0.0000 0.3034 0.0000 0.0000 0.0000 0.0000 0.0000 0.0077 0.0102 0.0000 0.0000 0.0000 0.0000
524      524   (0)     16  : 0.0000 0.0000 0.0000 0.0000 0.8319 0.0000 0.0000 0.0409 0.0985 0.0000 0.0000 0.0075 0.0153 0.0058 0.0000
525      525   (0)     16  : 0.8457 0.0249 0.0000 0.1294 0.0000 0.0000 0.0000 0.0000 0.0000 0.0000 0.0000 0.0000 0.0000 0.0000 0.0000
526      526   (0)     16  : 0.0000 0.0000 0.0000 0.9160 0.0000 0.0000 0.0000 0.0000 0.0000 0.0000 0.0000 0.0000 0.0829 0.0000 0.0010
527      527   (0)     16  : 0.0000 0.0000 0.0000 0.0000 0.8877 0.0028 0.0000 0.0000 0.1087 0.0000 0.0000 0.0009 0.0000 0.0000 0.0000
528      528   (0)     16  : 0.5192 0.0378 0.0000 0.4327 0.0000 0.0000 0.0103 0.0000 0.0000 0.0000 0.0000 0.0000 0.0000 0.0000 0.0000
529      529   (0)     16  : 0.2724 0.0232 0.0000 0.5985 0.0000 0.0000 0.0000 0.0000 0.0000 0.0000 0.0000 0.0000 0.1059 0.0000 0.0000
530      530   (0)     16  : 0.6061 0.0009 0.0000 0.3202 0.0000 0.0000 0.0410 0.0000 0.0000 0.0114 0.0000 0.0000 0.0000 0.0000 0.0205
531      531   (0)     16  : 0.4857 0.0000 0.0000 0.3143 0.0000 0.0000 0.0000 0.0000 0.0000 0.0000 0.0000 0.0000 0.2000 0.0000 0.0000
532      532   (0)     16  : 0.0000 0.0000 0.0000 0.0000 0.0000 0.0000 0.0000 0.0000 1.0000 0.0000 0.0000 0.0000 0.0000 0.0000 0.0000
533      533   (0)     16  : 0.0000 0.0000 0.0000 0.0000 0.0000 0.0000 0.0000 0.0000 1.0000 0.0000 0.0000 0.0000 0.0000 0.0000 0.0000
534      534   (0)     16  : 0.2957 0.0000 0.0000 0.5676 0.0000 0.0000 0.0000 0.0000 0.0000 0.0000 0.0000 0.0000 0.1290 0.0000 0.0076
535      535   (0)     16  : 0.2414 0.0000 0.0000 0.6469 0.0000 0.0000 0.0087 0.0000 0.0000 0.0000 0.0000 0.0000 0.1030 0.0000 0.0000
536      536   (0)     16  : 0.4199 0.0000 0.0000 0.4623 0.0000 0.0000 0.0073 0.0000 0.0000 0.0000 0.0160 0.0000 0.0946 0.0000 0.0000
537      537   (0)     16  : 0.0233 0.0000 0.0000 0.8603 0.0000 0.0000 0.0000 0.0000 0.0000 0.0000 0.0000 0.0000 0.1113 0.0000 0.0051
538      538   (0)     16  : 0.0690 0.0000 0.0000 0.9310 0.0000 0.0000 0.0000 0.0000 0.0000 0.0000 0.0000 0.0000 0.0000 0.0000 0.0000
539      539   (0)     16  : 0.0002 0.0000 0.0000 0.9796 0.0000 0.0000 0.0000 0.0000 0.0000 0.0000 0.0202 0.0000 0.0000 0.0000 0.0000
540      540   (0)     16  : 0.2322 0.0060 0.0000 0.6397 0.0000 0.0000 0.0000 0.0000 0.0000 0.0000 0.0000 0.0000 0.1222 0.0000 0.0000
541      541   (0)     16  : 0.0000 0.0000 1.0000 0.0000 0.0000 0.0000 0.0000 0.0000 0.0000 0.0000 0.0000 0.0000 0.0000 0.0000 0.0000
542      542   (0)     16  : 0.1491 0.0000 0.0000 0.7264 0.0000 0.0000 0.0090 0.0000 0.0000 0.0106 0.0000 0.0000 0.1049 0.0000 0.0000
543      543   (0)     16  : 0.3571 0.0000 0.0000 0.6429 0.0000 0.0000 0.0000 0.0000 0.0000 0.0000 0.0000 0.0000 0.0000 0.0000 0.0000
544      544   (0)     16  : 0.3748 0.0000 0.0000 0.5484 0.0000 0.0000 0.0000 0.0000 0.0000 0.0000 0.0000 0.0000 0.0767 0.0000 0.0000
