1        1   (0)      1  : 0.0198 0.0000 0.0000 0.0000 0.0000 0.0000 0.0471 0.0000 0.0803 0.4071 0.2487 0.0294 0.1677
2        2   (0)      1  : 0.3354 0.0000 0.0000 0.5787 0.0000 0.0000 0.0000 0.0000 0.0000 0.0243 0.0034 0.0000 0.0582
3        3   (0)      1  : 0.3279 0.0000 0.0000 0.5770 0.0000 0.0000 0.0097 0.0000 0.0000 0.0000 0.0181 0.0000 0.0673
4        4   (0)      1  : 0.0130 0.0000 0.0095 0.0076 0.0000 0.0000 0.2779 0.0000 0.0000 0.4225 0.2179 0.0105 0.0411
5        5   (0)      1  : 0.0076 0.0000 0.0004 0.0077 0.0000 0.0000 0.1989 0.0000 0.0114 0.5583 0.1652 0.0000 0.0506
6        6   (0)      1  : 0.0050 0.0000 0.0000 0.0003 0.0000 0.0000 0.1026 0.0000 0.0051 0.6998 0.0720 0.1030 0.0122
7        7   (0)      1  : 0.0822 0.0000 0.0000 0.9167 0.0000 0.0000 0.0000 0.0000 0.0011 0.0000 0.0000 0.0000 0.0000
8        8   (0)      1  : 0.2291 0.0000 0.0000 0.7657 0.0000 0.0000 0.0052 0.0000 0.0000 0.0000 0.0000 0.0000 0.0000
9        9   (0)      1  : 0.0037 0.0000 0.0000 0.0148 0.0000 0.0000 0.4351 0.0000 0.0000 0.3508 0.1883 0.0000 0.0073
10       10   (0)      1  : 0.3936 0.0000 0.0000 0.5888 0.0000 0.0000 0.0111 0.0000 0.0000 0.0060 0.0006 0.0000 0.0000
11       11   (0)      1  : 0.0039 0.0000 0.0009 0.0001 0.0000 0.0000 0.3521 0.0000 0.0706 0.1696 0.3285 0.0742 0.0000
12       12   (0)      1  : 0.0051 0.0000 0.0000 0.0000 0.0000 0.0000 0.1961 0.0000 0.0638 0.5750 0.0609 0.0598 0.0393
13       13   (0)      1  : 0.0000 0.0000 0.0000 0.0000 0.0000 0.0000 0.1802 0.0000 0.0000 0.0698 0.5999 0.1501 0.0000
14       14   (0)      1  : 0.0018 0.0000 0.0010 0.0000 0.0000 0.0000 0.4192 0.0000 0.0000 0.2997 0.1252 0.1296 0.0235
15       15   (0)      1  : 0.0005 0.0000 0.0006 0.0000 0.0000 0.0000 0.1671 0.0000 0.1250 0.3096 0.1473 0.1904 0.0596
16       16   (0)      1  : 0.0047 0.0000 0.0000 0.0564 0.0000 0.0000 0.2485 0.0000 0.0387 0.2793 0.2407 0.0484 0.0832
17       17   (0)      1  : 0.0000 0.0000 0.0000 0.0000 0.0000 0.0000 0.1165 0.0000 0.0277 0.5119 0.1635 0.0263 0.1541
18       18   (0)      1  : 0.0000 0.0000 0.0000 0.0000 0.0000 0.0000 0.1659 0.0000 0.1250 0.3147 0.3944 0.0000 0.0000
19       19   (0)      1  : 0.0000 0.0000 0.0000 0.0000 0.0010 0.0000 0.3294 0.0000 0.0524 0.4020 0.1431 0.0000 0.0721
20       20   (0)      1  : 0.0000 0.0000 0.0000 0.0021 0.0000 0.0000 0.1742 0.0000 0.0912 0.3955 0.3004 0.0000 0.0365
21       21   (0)      1  : 0.0000 0.0000 0.0005 0.0000 0.0000 0.0000 0.1630 0.0000 0.0087 0.2943 0.4811 0.0524 0.0000
22       22   (0)      1  : 0.5997 0.0000 0.0000 0.3204 0.0000 0.0000 0.0081 0.0000 0.0000 0.0300 0.0000 0.0000 0.0418
23       23   (0)      1  : 0.0000 0.0000 0.0000 0.0000 0.0000 0.0000 0.0968 0.0000 0.0000 0.5767 0.3264 0.0000 0.0000
24       24   (0)      1  : 0.0000 0.0000 0.0000 0.0000 0.0000 0.0000 0.5000 0.0000 0.0000 0.0000 0.0000 0.0000 0.5000
25       25   (0)      1  : 0.0051 0.0000 0.0000 0.0052 0.0000 0.0000 0.1993 0.0000 0.0006 0.5433 0.2465 0.0000 0.0000
26       26   (0)      1  : 0.0000 0.0000 0.0000 0.0000 0.0000 0.0000 0.1927 0.0000 0.0000 0.4170 0.1403 0.2500 0.0000
27       27   (0)      1  : 0.0000 0.0000 0.0000 0.0000 0.9134 0.0043 0.0000 0.0180 0.0000 0.0000 0.0000 0.0642 0.0000
28       28   (0)      1  : 0.0000 0.0000 0.0000 0.0000 0.7529 0.0000 0.0000 0.0193 0.0000 0.0000 0.0000 0.0000 0.2278
29       29   (0)      1  : 0.0000 0.0000 0.0057 0.0122 0.0000 0.0000 0.2734 0.0000 0.0231 0.3164 0.2442 0.1250 0.0000
30       30   (0)      1  : 0.0000 0.0000 0.0000 0.0000 0.0000 0.0000 0.0825 0.0000 0.0000 0.5790 0.2925 0.0000 0.0460
31       31   (0)      1  : 0.0175 0.0000 0.0000 0.0170 0.0000 0.0000 0.4347 0.0000 0.0000 0.2892 0.1645 0.0174 0.0597
32       32   (0)      1  : 0.6129 0.0000 0.0000 0.2824 0.0000 0.0000 0.0244 0.0000 0.0000 0.0000 0.0000 0.0000 0.0803
33       33   (0)      1  : 0.0774 0.0000 0.0000 0.0416 0.2515 0.0000 0.1950 0.0069 0.0000 0.0000 0.0000 0.0000 0.4277
34       34   (0)      1  : 0.0000 0.0000 0.0000 0.0038 0.0000 0.0000 0.2145 0.0000 0.0000 0.4507 0.3310 0.0000 0.0000
35       35   (0)      1  : 0.0000 0.0000 1.0000 0.0000 0.0000 0.0000 0.0000 0.0000 0.0000 0.0000 0.0000 0.0000 0.0000
36       36   (0)      1  : 0.0000 0.0000 1.0000 0.0000 0.0000 0.0000 0.0000 0.0000 0.0000 0.0000 0.0000 0.0000 0.0000
37       37   (0)      1  : 0.0000 0.0000 1.0000 0.0000 0.0000 0.0000 0.0000 0.0000 0.0000 0.0000 0.0000 0.0000 0.0000
38       38   (0)      1  : 0.0000 0.0176 0.0000 0.0000 0.9820 0.0000 0.0000 0.0000 0.0000 0.0000 0.0000 0.0000 0.0005
39       39   (0)      1  : 0.0000 0.0249 0.0000 0.0000 0.9751 0.0000 0.0000 0.0000 0.0000 0.0000 0.0000 0.0000 0.0000
40       40   (0)      1  : 0.0000 0.0000 0.0000 0.0000 0.0000 0.0000 0.4778 0.0000 0.0477 0.3317 0.0710 0.0718 0.0000
41       41   (0)      1  : 0.1903 0.0000 0.0000 0.7569 0.0000 0.0000 0.0000 0.0000 0.0000 0.0062 0.0138 0.0000 0.0328
42       42   (0)      1  : 0.0000 0.0000 0.0000 0.0000 0.9797 0.0000 0.0000 0.0000 0.0000 0.0000 0.0000 0.0000 0.0203
43       43   (0)      1  : 0.0094 0.0000 0.0079 0.0000 0.0000 0.0000 0.1172 0.0000 0.1250 0.2051 0.3428 0.1657 0.0269
44       44   (0)      1  : 0.4675 0.0000 0.0000 0.4893 0.0000 0.0000 0.0070 0.0000 0.0000 0.0000 0.0059 0.0000 0.0304
45       45   (0)      1  : 0.0000 0.0000 0.0000 0.0000 0.9802 0.0000 0.0000 0.0000 0.0000 0.0000 0.0000 0.0000 0.0198
46       46   (0)      1  : 0.0000 0.0000 0.0000 0.0000 0.0000 0.0000 0.3494 0.0035 0.0002 0.3064 0.2018 0.1250 0.0137
47       47   (0)      1  : 0.0000 0.0000 0.0000 0.0000 0.9760 0.0240 0.0000 0.0000 0.0000 0.0000 0.0000 0.0000 0.0000
48       48   (0)      1  : 0.5759 0.0000 0.0000 0.4060 0.0000 0.0000 0.0062 0.0000 0.0044 0.0030 0.0045 0.0000 0.0000
49       49   (0)      1  : 0.3339 0.0000 0.0000 0.6425 0.0000 0.0000 0.0000 0.0000 0.0000 0.0000 0.0000 0.0000 0.0236
50       50   (0)      1  : 0.0000 0.0000 0.0000 0.0000 0.9784 0.0000 0.0000 0.0216 0.0000 0.0000 0.0000 0.0000 0.0000
51       51   (0)      1  : 0.0000 0.0000 0.0000 0.0000 0.9762 0.0000 0.0000 0.0000 0.0003 0.0000 0.0000 0.0000 0.0236
52       52   (0)      1  : 0.2720 0.0000 0.0000 0.5868 0.0000 0.0000 0.0245 0.0000 0.0000 0.0469 0.0000 0.0000 0.0698
53       53   (0)      1  : 0.1435 0.0000 0.0000 0.7830 0.0000 0.0000 0.0000 0.0000 0.0053 0.0033 0.0037 0.0000 0.0613
54       54   (0)      1  : 0.5275 0.0000 0.0000 0.4376 0.0000 0.0000 0.0030 0.0000 0.0032 0.0025 0.0261 0.0000 0.0000
55       55   (0)      1  : 0.0000 0.0225 0.0000 0.0000 0.9775 0.0000 0.0000 0.0000 0.0000 0.0000 0.0000 0.0000 0.0000
56       56   (0)      2  : 0.0000 0.0000 0.0000 0.0139 0.0000 0.0000 0.6705 0.0000 0.0000 0.3156 0.0000 0.0000 0.0000
57       57   (0)      2  : 0.0000 0.0000 0.0117 0.0000 0.0000 0.0000 0.0205 0.0000 0.0000 0.4514 0.3097 0.1250 0.0818
58       58   (0)      2  : 0.0007 0.0000 0.0000 0.0012 0.0000 0.0000 0.2989 0.0000 0.1250 0.1070 0.4331 0.0000 0.0341
59       59   (0)      2  : 0.0001 0.0000 0.0000 0.0000 0.0000 0.0000 0.3148 0.0000 0.0000 0.3646 0.2492 0.0001 0.0712
60       60   (0)      2  : 0.4962 0.0000 0.0000 0.3308 0.0000 0.0000 0.0000 0.0000 0.0000 0.0127 0.0177 0.0094 0.1333
61       61   (0)      2  : 0.0000 0.0000 0.0031 0.0000 0.0000 0.0000 0.0562 0.0000 0.0000 0.7700 0.1707 0.0000 0.0000
62       62   (0)      2  : 0.0000 0.0000 1.0000 0.0000 0.0000 0.0000 0.0000 0.0000 0.0000 0.0000 0.0000 0.0000 0.0000
63       63   (0)      2  : 0.0000 0.0000 0.0000 0.0176 0.0000 0.0000 0.1613 0.0000 0.0000 0.4312 0.2172 0.0000 0.1726
64       64   (0)      2  : 0.0000 0.0000 1.0000 0.0000 0.0000 0.0000 0.0000 0.0000 0.0000 0.0000 0.0000 0.0000 0.0000
65       65   (0)      2  : 0.0219 0.0000 0.0000 0.0146 0.0000 0.0000 0.2124 0.0000 0.0388 0.4368 0.2364 0.0000 0.0391
66       66   (0)      2  : 0.0000 0.0000 1.0000 0.0000 0.0000 0.0000 0.0000 0.0000 0.0000 0.0000 0.0000 0.0000 0.0000
67       67   (0)      2  : 0.0000 0.0000 0.0000 0.0000 0.0000 0.0000 0.0345 0.0000 0.0739 0.4549 0.2987 0.0532 0.0848
68       68   (0)      2  : 0.0000 0.0000 0.0001 0.0077 0.0000 0.0000 0.0939 0.0000 0.0520 0.5399 0.1820 0.0000 0.1244
69       69   (0)      2  : 0.4191 0.0000 0.0000 0.5705 0.0000 0.0000 0.0072 0.0000 0.0000 0.0006 0.0000 0.0000 0.0026
70       70   (0)      2  : 0.0000 0.0000 0.0000 0.0000 0.0000 0.0000 0.1836 0.0000 0.1250 0.1252 0.4055 0.0000 0.1607
71       71   (0)      2  : 0.0000 0.0000 1.0000 0.0000 0.0000 0.0000 0.0000 0.0000 0.0000 0.0000 0.0000 0.0000 0.0000
72       72   (0)      2  : 0.0000 0.0000 1.0000 0.0000 0.0000 0.0000 0.0000 0.0000 0.0000 0.0000 0.0000 0.0000 0.0000
73       73   (0)      2  : 0.0306 0.0000 0.0000 0.0211 0.0000 0.0000 0.5718 0.0000 0.0000 0.0665 0.2785 0.0314 0.0000
74       74   (0)      2  : 0.1945 0.0000 0.0000 0.8000 0.0000 0.0000 0.0046 0.0000 0.0000 0.0009 0.0000 0.0000 0.0000
75       75   (0)      2  : 0.0000 0.0000 0.0000 0.0000 0.9634 0.0032 0.0000 0.0024 0.0000 0.0000 0.0000 0.0275 0.0036
76       76   (0)      2  : 0.3011 0.0000 0.0000 0.6491 0.0000 0.0000 0.0028 0.0000 0.0000 0.0037 0.0000 0.0013 0.0419
77       77   (0)      2  : 0.0358 0.0000 0.0000 0.0044 0.0000 0.0000 0.4127 0.0000 0.0000 0.2065 0.3188 0.0000 0.0217
78       78   (0)      2  : 0.0000 0.0000 1.0000 0.0000 0.0000 0.0000 0.0000 0.0000 0.0000 0.0000 0.0000 0.0000 0.0000
79       79   (0)      2  : 0.0000 0.0000 0.0000 0.0000 0.9862 0.0000 0.0000 0.0138 0.0000 0.0000 0.0000 0.0000 0.0000
80       80   (0)      2  : 0.0000 0.0000 1.0000 0.0000 0.0000 0.0000 0.0000 0.0000 0.0000 0.0000 0.0000 0.0000 0.0000
81       81   (0)      2  : 0.0031 0.0000 0.0010 0.0000 0.0000 0.0000 0.1876 0.0000 0.0000 0.3531 0.2495 0.0921 0.1137
82       82   (0)      2  : 0.1248 0.0000 0.0011 0.8741 0.0000 0.0000 0.0000 0.0000 0.0000 0.0000 0.0000 0.0000 0.0000
83       83   (0)      2  : 0.7334 0.0000 0.0000 0.2666 0.0000 0.0000 0.0000 0.0000 0.0000 0.0000 0.0000 0.0000 0.0000
84       84   (0)      2  : 0.0886 0.0000 0.0000 0.0886 0.0000 0.0000 0.1094 0.0000 0.0000 0.1561 0.4883 0.0000 0.0690
85       85   (0)      2  : 0.0000 0.0000 0.0000 0.0111 0.0000 0.0000 0.0470 0.0000 0.0000 0.7212 0.0975 0.1233 0.0000
86       86   (0)      2  : 0.0027 0.0000 0.0000 0.0105 0.0000 0.0000 0.0622 0.0000 0.1250 0.5182 0.1499 0.0000 0.1315
87       87   (0)      2  : 0.0032 0.0000 0.0000 0.0198 0.0000 0.0000 0.1741 0.0000 0.0867 0.2348 0.3193 0.0000 0.1621
88       88   (0)      2  : 0.0002 0.0000 0.0000 0.0006 0.0000 0.0000 0.3823 0.0000 0.0000 0.5397 0.0772 0.0000 0.0000
89       89   (0)      2  : 0.0000 0.0000 0.0000 0.0000 0.0000 0.0000 0.2395 0.0000 0.0000 0.4020 0.2999 0.0000 0.0586
90       90   (0)      2  : 0.0000 0.0000 0.0030 0.0190 0.0000 0.0000 0.2167 0.0000 0.1250 0.4736 0.1085 0.0271 0.0271
91       91   (0)      2  : 0.0009 0.0000 0.0000 0.0000 0.0000 0.0000 0.1088 0.0000 0.0407 0.0883 0.7036 0.0576 0.0000
92       92   (0)      2  : 0.0037 0.0000 0.0000 0.0131 0.0000 0.0000 0.3238 0.0000 0.0000 0.3136 0.2311 0.0362 0.0785
93       93   (0)      2  : 0.5794 0.0000 0.0000 0.3496 0.0000 0.0000 0.0000 0.0000 0.0000 0.0000 0.0000 0.0000 0.0710
94       94   (0)      2  : 0.5409 0.0000 0.0035 0.4214 0.0000 0.0000 0.0153 0.0000 0.0000 0.0000 0.0000 0.0041 0.0149
95       95   (0)      2  : 0.0000 0.0000 1.0000 0.0000 0.0000 0.0000 0.0000 0.0000 0.0000 0.0000 0.0000 0.0000 0.0000
96       96   (0)      2  : 0.6406 0.0000 0.0000 0.2952 0.0000 0.0000 0.0000 0.0000 0.0000 0.0358 0.0000 0.0000 0.0284
97       97   (0)      2  : 0.9004 0.0000 0.0000 0.0880 0.0000 0.0000 0.0051 0.0000 0.0000 0.0000 0.0034 0.0000 0.0031
98       98   (0)      2  : 0.0039 0.0000 0.0000 0.0053 0.0000 0.0000 0.4640 0.0000 0.1261 0.0505 0.2766 0.0000 0.0736
99       99   (0)      2  : 0.0000 0.0000 1.0000 0.0000 0.0000 0.0000 0.0000 0.0000 0.0000 0.0000 0.0000 0.0000 0.0000
100      100   (0)      2  : 0.0000 0.0000 0.0000 0.0000 0.0000 0.0000 0.6788 0.0000 0.0000 0.1530 0.0000 0.1682 0.0000
101      101   (0)      3  : 0.0019 0.0000 0.0000 0.0089 0.0000 0.0000 0.4259 0.0000 0.0004 0.2195 0.2183 0.0622 0.0628
102      102   (0)      3  : 0.0000 0.0000 0.0009 0.0044 0.0000 0.0000 0.1213 0.0000 0.0609 0.3761 0.1864 0.1273 0.1227
103      103   (0)      3  : 0.0025 0.0000 0.0000 0.0012 0.0000 0.0000 0.4012 0.0000 0.0456 0.2084 0.2149 0.0000 0.1261
104      104   (0)      3  : 0.0000 0.0000 0.0003 0.0023 0.0000 0.0000 0.7112 0.0000 0.0000 0.0528 0.0604 0.1225 0.0505
105      105   (0)      3  : 0.0190 0.0000 0.0077 0.0050 0.0000 0.0000 0.0727 0.0000 0.0000 0.3950 0.2936 0.1414 0.0656
106      106   (0)      3  : 0.0109 0.0000 0.0000 0.0000 0.0000 0.0000 0.1653 0.0000 0.0000 0.5150 0.1838 0.0000 0.1250
107      107   (0)      3  : 0.0000 0.0000 0.0000 0.0000 0.0000 0.0000 0.0646 0.0000 0.0486 0.6216 0.2148 0.0000 0.0504
108      108   (0)      3  : 0.0000 0.0000 0.0000 0.0017 0.0000 0.0000 0.0956 0.0000 0.0599 0.4770 0.1158 0.0523 0.1977
109      109   (0)      3  : 0.0000 0.0000 0.0000 0.0000 0.0000 0.0000 0.6922 0.0000 0.0000 0.1377 0.0398 0.0930 0.0373
110      110   (0)      3  : 0.0000 0.0000 0.0000 0.0000 0.0000 0.0000 0.1577 0.0000 0.0000 0.4955 0.1498 0.1184 0.0786
111      111   (0)      3  : 0.0134 0.0000 0.0066 0.0023 0.0000 0.0000 0.4704 0.0000 0.0000 0.3107 0.0495 0.0670 0.0801
112      112   (0)      3  : 0.0000 0.0000 0.0000 0.0000 0.0000 0.0000 0.3751 0.0000 0.0675 0.1818 0.2506 0.1250 0.0000
113      113   (0)      3  : 0.0002 0.0000 0.0000 0.0011 0.0000 0.0000 0.8091 0.0000 0.0003 0.0854 0.0011 0.0453 0.0574
114      114   (0)      3  : 0.0074 0.0000 0.0000 0.0057 0.0000 0.0000 0.4244 0.0000 0.0030 0.3658 0.0639 0.0838 0.0460
115      115   (0)      3  : 0.0117 0.0000 0.0000 0.0126 0.0000 0.0000 0.3629 0.0000 0.0000 0.0304 0.4643 0.0830 0.0351
116      116   (0)      3  : 0.0155 0.0000 0.0000 0.0000 0.0000 0.0000 0.1319 0.0000 0.0025 0.5475 0.0870 0.0643 0.1512
117      117   (0)      3  : 0.0060 0.0000 0.0000 0.0368 0.0000 0.0000 0.3099 0.0000 0.0000 0.2642 0.3233 0.0000 0.0598
118      118   (0)      3  : 0.0003 0.0000 0.0000 0.0000 0.0000 0.0000 0.4600 0.0000 0.0000 0.1972 0.2543 0.0883 0.0000
119      119   (0)      3  : 0.0163 0.0000 0.0000 0.0155 0.0000 0.0000 0.1383 0.0000 0.0587 0.4694 0.1228 0.0976 0.0815
120      120   (0)      3  : 0.0334 0.0000 0.0798 0.0035 0.0000 0.0000 0.2878 0.0000 0.0000 0.5054 0.0449 0.0314 0.0139
121      121   (0)      3  : 0.0000 0.0000 0.0000 0.0000 0.0000 0.0000 0.1238 0.0000 0.0000 0.4430 0.2905 0.0357 0.1070
122      122   (0)      3  : 0.0006 0.0000 0.0000 0.0103 0.0000 0.0000 0.4417 0.0000 0.0577 0.3647 0.0000 0.1250 0.0000
123      123   (0)      3  : 0.0000 0.0000 0.0000 0.0004 0.0000 0.0000 0.4037 0.0000 0.0546 0.3657 0.1743 0.0001 0.0012
124      124   (0)      3  : 0.0000 0.0000 0.0000 0.0000 0.0000 0.0000 0.2958 0.0000 0.0000 0.4794 0.2120 0.0042 0.0087
125      125   (0)      3  : 0.0000 0.0000 0.0032 0.0000 0.0000 0.0000 0.0784 0.0000 0.0423 0.7330 0.0934 0.0497 0.0000
126      126   (0)      3  : 0.0044 0.0000 0.0000 0.0221 0.0000 0.0000 0.3593 0.0000 0.0000 0.1414 0.4338 0.0010 0.0380
127      127   (0)      3  : 0.0022 0.0000 0.0000 0.0355 0.0000 0.0000 0.3143 0.0000 0.0546 0.1822 0.3456 0.0385 0.0270
128      128   (0)      3  : 0.0000 0.0000 0.0000 0.0000 0.0000 0.0000 0.2326 0.0000 0.0000 0.4487 0.2324 0.0000 0.0863
129      129   (0)      3  : 0.0299 0.0000 0.0000 0.0101 0.0000 0.0000 0.2554 0.0000 0.0000 0.4579 0.2467 0.0000 0.0000
130      130   (0)      3  : 0.4732 0.0000 0.0000 0.4782 0.0000 0.0000 0.0068 0.0000 0.0034 0.0067 0.0058 0.0000 0.0259
131      131   (0)      3  : 0.5284 0.0000 0.0000 0.3949 0.0000 0.0000 0.0000 0.0000 0.0000 0.0536 0.0000 0.0230 0.0000
132      132   (0)      3  : 0.0000 0.0000 1.0000 0.0000 0.0000 0.0000 0.0000 0.0000 0.0000 0.0000 0.0000 0.0000 0.0000
133      133   (0)      3  : 0.0000 0.0049 0.0000 0.0000 0.8907 0.0000 0.0000 0.0000 0.0768 0.0000 0.0000 0.0276 0.0000
134      134   (0)      3  : 0.3713 0.0000 0.0000 0.5023 0.0119 0.0000 0.0315 0.0003 0.0003 0.0325 0.0163 0.0163 0.0172
135      135   (0)      3  : 0.0000 0.0000 0.0164 0.0000 0.0000 0.0000 0.3703 0.0000 0.0000 0.2764 0.3354 0.0000 0.0015
136      136   (0)      3  : 0.0126 0.0000 0.0000 0.0000 0.0000 0.0000 0.0000 0.0000 0.0000 0.8463 0.1411 0.0000 0.0000
137      137   (0)      3  : 0.7558 0.0000 0.0003 0.1997 0.0000 0.0000 0.0022 0.0000 0.0000 0.0017 0.0000 0.0000 0.0403
138      138   (0)      3  : 0.0024 0.0000 0.0000 0.0014 0.0000 0.0000 0.3517 0.0000 0.0189 0.3124 0.2788 0.0000 0.0343
139      139   (0)      3  : 0.0000 0.0000 0.0000 0.0000 0.0000 0.0000 0.6122 0.0000 0.0014 0.1388 0.2475 0.0000 0.0000
140      140   (0)      3  : 0.0000 0.0000 0.0000 0.0000 0.0000 0.0000 0.1799 0.0000 0.0800 0.2578 0.4122 0.0000 0.0701
141      141   (0)      3  : 0.0000 0.0000 1.0000 0.0000 0.0000 0.0000 0.0000 0.0000 0.0000 0.0000 0.0000 0.0000 0.0000
142      142   (0)      3  : 0.0000 0.0000 1.0000 0.0000 0.0000 0.0000 0.0000 0.0000 0.0000 0.0000 0.0000 0.0000 0.0000
143      143   (0)      3  : 0.0000 0.0000 1.0000 0.0000 0.0000 0.0000 0.0000 0.0000 0.0000 0.0000 0.0000 0.0000 0.0000
144      144   (0)      3  : 0.0000 0.0000 1.0000 0.0000 0.0000 0.0000 0.0000 0.0000 0.0000 0.0000 0.0000 0.0000 0.0000
145      145   (0)      3  : 0.0000 0.0000 1.0000 0.0000 0.0000 0.0000 0.0000 0.0000 0.0000 0.0000 0.0000 0.0000 0.0000
146      146   (0)      3  : 0.4955 0.0000 0.0000 0.4163 0.0000 0.0000 0.0000 0.0000 0.0045 0.0320 0.0000 0.0067 0.0450
147      147   (0)      3  : 0.0000 0.0000 0.0000 0.0000 0.0000 0.0000 0.2534 0.0000 0.0000 0.0520 0.6340 0.0174 0.0433
148      148   (0)      3  : 0.0000 0.0000 1.0000 0.0000 0.0000 0.0000 0.0000 0.0000 0.0000 0.0000 0.0000 0.0000 0.0000
149      149   (0)      3  : 0.0000 0.0000 1.0000 0.0000 0.0000 0.0000 0.0000 0.0000 0.0000 0.0000 0.0000 0.0000 0.0000
150      150   (0)      3  : 0.0000 0.0022 0.0003 0.0000 0.8309 0.0288 0.0000 0.0000 0.1172 0.0000 0.0000 0.0206 0.0000
151      151   (0)      3  : 0.0000 0.0205 0.0000 0.0000 0.9795 0.0000 0.0000 0.0000 0.0000 0.0000 0.0000 0.0000 0.0000
152      152   (0)      3  : 0.0000 0.0000 0.0000 0.0019 0.0000 0.0000 0.1254 0.0000 0.0000 0.4800 0.2402 0.0857 0.0668
153      153   (0)      3  : 0.0000 0.0000 1.0000 0.0000 0.0000 0.0000 0.0000 0.0000 0.0000 0.0000 0.0000 0.0000 0.0000
154      154   (0)      3  : 0.0000 0.0000 0.0011 0.0000 0.0000 0.0000 0.6639 0.0000 0.0000 0.0850 0.2500 0.0000 0.0000
155      155   (0)      3  : 0.0000 0.0000 0.0000 0.0000 0.0000 0.0000 0.1250 0.0000 0.0000 0.6885 0.0615 0.0000 0.1250
156      156   (0)      3  : 0.4153 0.0000 0.0000 0.4846 0.0000 0.0000 0.0000 0.0000 0.0011 0.0424 0.0174 0.0125 0.0268
157      157   (0)      3  : 0.0000 0.0000 0.0000 0.0000 0.0000 0.0000 0.3346 0.0000 0.0000 0.2276 0.4379 0.0000 0.0000
158      158   (0)      3  : 0.5254 0.0000 0.0000 0.4746 0.0000 0.0000 0.0000 0.0000 0.0000 0.0000 0.0000 0.0000 0.0000
159      159   (0)      3  : 0.0003 0.0000 0.0000 0.0054 0.0017 0.0000 0.3317 0.0000 0.0292 0.3794 0.2062 0.0023 0.0438
160      160   (0)      3  : 0.5572 0.0000 0.0000 0.4300 0.0000 0.0000 0.0017 0.0000 0.0000 0.0000 0.0048 0.0063 0.0000
161      161   (0)      4  : 0.0000 0.0000 0.0000 0.0000 0.0000 0.0000 0.6837 0.0000 0.0000 0.0410 0.2744 0.0000 0.0009
162      162   (0)      4  : 0.0000 0.0000 0.0000 0.0000 0.0000 0.0000 0.0534 0.0000 0.0000 0.8025 0.0646 0.0795 0.0000
163      163   (0)      4  : 0.0000 0.0000 1.0000 0.0000 0.0000 0.0000 0.0000 0.0000 0.0000 0.0000 0.0000 0.0000 0.0000
164      164   (0)      4  : 0.6877 0.0000 0.0000 0.3123 0.0000 0.0000 0.0000 0.0000 0.0000 0.0000 0.0000 0.0000 0.0000
165      165   (0)      4  : 0.0000 0.0000 1.0000 0.0000 0.0000 0.0000 0.0000 0.0000 0.0000 0.0000 0.0000 0.0000 0.0000
166      166   (0)      4  : 0.0000 0.0000 1.0000 0.0000 0.0000 0.0000 0.0000 0.0000 0.0000 0.0000 0.0000 0.0000 0.0000
167      167   (0)      4  : 0.0000 0.0000 0.0000 0.0034 0.0000 0.0000 0.3162 0.0000 0.0000 0.2094 0.3353 0.0825 0.0532
168      168   (0)      4  : 0.0000 0.0000 0.0000 0.0007 0.0000 0.0000 0.0485 0.0000 0.0000 0.4135 0.3358 0.0424 0.1591
169      169   (0)      4  : 0.0129 0.0000 0.0000 0.0000 0.0000 0.0000 0.0349 0.0000 0.0000 0.5306 0.1700 0.1886 0.0629
170      170   (0)      4  : 0.0000 0.0000 0.0000 0.0000 0.0000 0.0000 0.5805 0.0000 0.0000 0.0516 0.2086 0.1405 0.0188
171      171   (0)      4  : 0.0040 0.0000 0.0000 0.0037 0.0000 0.0000 0.1860 0.0000 0.0381 0.4170 0.1622 0.0199 0.1691
172      172   (0)      4  : 0.0024 0.0000 0.0000 0.0010 0.0000 0.0000 0.2427 0.0000 0.0000 0.2308 0.3981 0.0440 0.0810
173      173   (0)      4  : 0.0000 0.0000 0.0000 0.0000 0.0000 0.0000 0.2136 0.0000 0.0603 0.5547 0.1312 0.0000 0.0402
174      174   (0)      4  : 0.2788 0.0000 0.0000 0.6693 0.0000 0.0000 0.0000 0.0000 0.0000 0.0012 0.0167 0.0000 0.0339
175      175   (0)      4  : 0.0000 0.0000 0.0000 0.0000 0.0000 0.0000 0.2029 0.0000 0.0000 0.4910 0.2529 0.0000 0.0532
176      176   (0)      4  : 0.0000 0.0000 1.0000 0.0000 0.0000 0.0000 0.0000 0.0000 0.0000 0.0000 0.0000 0.0000 0.0000
177      177   (0)      4  : 0.0121 0.0000 0.0000 0.0074 0.0000 0.0000 0.3394 0.0000 0.0000 0.2581 0.2092 0.1250 0.0488
178      178   (0)      4  : 0.0000 0.0000 1.0000 0.0000 0.0000 0.0000 0.0000 0.0000 0.0000 0.0000 0.0000 0.0000 0.0000
179      179   (0)      4  : 0.0000 0.0000 1.0000 0.0000 0.0000 0.0000 0.0000 0.0000 0.0000 0.0000 0.0000 0.0000 0.0000
180      180   (0)      4  : 0.0000 0.0000 0.0077 0.0000 0.0000 0.0000 0.0641 0.0000 0.0000 0.6476 0.0987 0.1415 0.0405
181      181   (0)      4  : 0.0000 0.0000 0.0000 0.0000 0.0000 0.0000 0.2120 0.0000 0.0000 0.3971 0.2371 0.1538 0.0000
182      182   (0)      4  : 0.0000 0.0000 0.0000 0.0000 0.0000 0.0000 0.4643 0.0000 0.0000 0.2480 0.1628 0.0000 0.1250
183      183   (0)      4  : 0.5750 0.0000 0.0000 0.4246 0.0000 0.0000 0.0000 0.0000 0.0004 0.0000 0.0000 0.0000 0.0001
184      184   (0)      4  : 0.4328 0.0000 0.0000 0.5048 0.0000 0.0000 0.0097 0.0000 0.0000 0.0000 0.0000 0.0000 0.0528
185      185   (0)      4  : 0.0000 0.0000 1.0000 0.0000 0.0000 0.0000 0.0000 0.0000 0.0000 0.0000 0.0000 0.0000 0.0000
186      186   (0)      4  : 0.0000 0.0000 0.0000 0.0000 0.0000 0.0000 0.5641 0.0000 0.0000 0.3041 0.1318 0.0000 0.0000
187      187   (0)      4  : 0.0123 0.0000 0.0000 0.0301 0.0000 0.0000 0.4361 0.0000 0.0101 0.3068 0.2021 0.0000 0.0025
188      188   (0)      4  : 0.0000 0.0000 1.0000 0.0000 0.0000 0.0000 0.0000 0.0000 0.0000 0.0000 0.0000 0.0000 0.0000
189      189   (0)      4  : 0.0007 0.0000 0.0000 0.0000 0.0000 0.0000 0.5183 0.0000 0.0000 0.2072 0.1358 0.0892 0.0488
190      190   (0)      4  : 0.3700 0.0000 0.0000 0.5038 0.0000 0.0000 0.0000 0.0000 0.0012 0.0000 0.0000 0.0000 0.1250
191      191   (0)      4  : 0.0929 0.0000 0.1106 0.0598 0.0000 0.0000 0.0079 0.0000 0.1665 0.0004 0.5620 0.0000 0.0000
192      192   (0)      4  : 0.0000 0.0000 0.0000 0.0000 0.0000 0.0000 0.4810 0.0000 0.0000 0.1274 0.3915 0.0000 0.0000
193      193   (0)      4  : 0.0164 0.0000 0.0036 0.0043 0.0000 0.0000 0.0000 0.0000 0.0000 0.8032 0.1351 0.0360 0.0014
194      194   (0)      4  : 0.0099 0.0000 0.0058 0.0019 0.0000 0.0000 0.3083 0.0000 0.0000 0.2520 0.3223 0.0789 0.0208
195      195   (0)      4  : 0.0000 0.0000 0.0000 0.0000 0.0000 0.0000 0.1423 0.0000 0.0945 0.2735 0.3148 0.0000 0.1749
196      196   (0)      4  : 0.0000 0.0000 0.0000 0.0000 0.0000 0.0000 0.2881 0.0000 0.0000 0.3426 0.3141 0.0000 0.0552
197      197   (0)      4  : 0.0000 0.0000 0.0000 0.0005 0.0000 0.0000 0.5589 0.0000 0.0000 0.2654 0.0001 0.1751 0.0000
198      198   (0)      4  : 0.0000 0.0000 0.0000 0.0001 0.0000 0.0000 0.5025 0.0000 0.0000 0.0000 0.3604 0.1369 0.0000
199      199   (0)      4  : 0.0000 0.0000 0.0005 0.0086 0.0000 0.0000 0.1960 0.0000 0.0376 0.3471 0.2505 0.0000 0.1597
200      200   (0)      4  : 0.1887 0.0000 0.0000 0.7371 0.0000 0.0000 0.0188 0.0000 0.0000 0.0177 0.0000 0.0045 0.0332
201      201   (0)      4  : 0.0000 0.0000 0.0000 0.0000 0.0000 0.0000 0.1394 0.0000 0.1272 0.0091 0.5682 0.1250 0.0310
202      202   (0)      4  : 0.0000 0.0000 0.0021 0.0000 0.0000 0.0000 0.3306 0.0000 0.0000 0.4141 0.1889 0.0000 0.0642
203      203   (0)      4  : 0.0096 0.0000 0.0017 0.0049 0.0000 0.0000 0.1857 0.0000 0.0000 0.5462 0.1269 0.0000 0.1250
204      204   (0)      4  : 0.0001 0.0000 0.0067 0.0000 0.0000 0.0000 0.1264 0.0000 0.0000 0.5387 0.2343 0.0000 0.0938
205      205   (0)      4  : 0.0000 0.0000 0.0000 0.0071 0.0000 0.0000 0.0000 0.0000 0.0000 0.8204 0.1725 0.0000 0.0000
206      206   (0)      4  : 0.0000 0.0000 0.0000 0.0000 0.0000 0.0000 0.4324 0.0000 0.0000 0.1940 0.3509 0.0226 0.0000
207      207   (0)      4  : 0.0005 0.0000 0.0000 0.0000 0.0000 0.0000 0.3590 0.0000 0.0000 0.1140 0.4314 0.0493 0.0457
208      208   (0)      4  : 0.0611 0.0000 0.0000 0.8959 0.0000 0.0000 0.0062 0.0000 0.0000 0.0121 0.0169 0.0000 0.0078
209      209   (0)      4  : 0.0001 0.0000 0.0000 0.0000 0.0000 0.0000 0.1267 0.0000 0.0000 0.1920 0.6812 0.0000 0.0000
210      210   (0)      4  : 0.0000 0.0000 0.0000 0.0000 0.0000 0.0000 0.1858 0.0000 0.0431 0.2885 0.4825 0.0000 0.0000
211      211   (0)      4  : 0.0054 0.0000 0.0000 0.0000 0.0000 0.0000 0.2740 0.0000 0.0000 0.4946 0.0461 0.1792 0.0007
212      212   (0)      4  : 0.4728 0.0000 0.0000 0.4856 0.0000 0.0000 0.0000 0.0000 0.0009 0.0082 0.0015 0.0000 0.0310
213      213   (0)      4  : 0.0022 0.0000 0.0000 0.0082 0.0000 0.0004 0.3764 0.0000 0.0000 0.2713 0.0915 0.2500 0.0000
214      214   (0)      4  : 0.0000 0.0000 0.0086 0.0042 0.0000 0.0000 0.5108 0.0000 0.0008 0.1485 0.2324 0.0867 0.0082
215      215   (0)      4  : 0.0522 0.0000 0.0009 0.3820 0.0000 0.0000 0.1810 0.0000 0.0416 0.1035 0.1429 0.0295 0.0663
216      216   (0)      4  : 0.0000 0.0000 0.0000 0.0000 0.0000 0.0000 0.3616 0.0000 0.0000 0.6384 0.0000 0.0000 0.0000
217      217   (0)      4  : 0.0000 0.0000 1.0000 0.0000 0.0000 0.0000 0.0000 0.0000 0.0000 0.0000 0.0000 0.0000 0.0000
218      218   (0)      4  : 0.0161 0.0000 0.0001 0.0000 0.0000 0.0000 0.5193 0.0000 0.0000 0.0000 0.2145 0.2500 0.0000
219      219   (0)      4  : 0.0186 0.0000 0.0000 0.0051 0.0000 0.0000 0.3027 0.0000 0.0000 0.3250 0.1567 0.0966 0.0953
220      220   (0)      5  : 0.0000 0.2694 0.0005 0.0000 0.0000 0.5046 0.0000 0.0000 0.0000 0.0000 0.0000 0.1004 0.1250
221      221   (0)      5  : 0.0000 0.2713 0.0000 0.0000 0.0000 0.0756 0.0000 0.4515 0.0000 0.0000 0.0000 0.2017 0.0000
222      222   (0)      6  : 0.0000 0.1976 0.0000 0.0000 0.0000 0.0531 0.0000 0.6384 0.0000 0.0000 0.0000 0.0840 0.0270
223      223   (0)      6  : 0.0000 0.2710 0.0000 0.0000 0.0000 0.1794 0.0000 0.4651 0.0000 0.0000 0.0000 0.0845 0.0000
224      224   (0)      6  : 0.0000 0.1708 0.0000 0.0000 0.0000 0.2982 0.0000 0.1804 0.0027 0.0000 0.0000 0.3220 0.0260
225      225   (0)      6  : 0.0000 0.6768 0.0000 0.0000 0.0117 0.0544 0.0000 0.0692 0.0000 0.0000 0.0000 0.0000 0.1879
226      226   (0)      6  : 0.0000 0.2766 0.0000 0.0000 0.0000 0.3152 0.0000 0.0386 0.0109 0.0000 0.0000 0.3587 0.0000
227      227   (0)      6  : 0.0000 0.2777 0.0000 0.0000 0.0000 0.2652 0.0000 0.3115 0.0000 0.0000 0.0000 0.0757 0.0699
228      228   (0)      6  : 0.0000 0.2546 0.0000 0.0000 0.0176 0.3186 0.0000 0.0687 0.0180 0.0000 0.0000 0.2582 0.0642
229      229   (0)      6  : 0.0000 0.1088 0.0000 0.0000 0.0000 0.4296 0.0000 0.2525 0.0000 0.0000 0.0000 0.1262 0.0830
230      230   (0)      6  : 0.0000 0.1346 0.0000 0.0000 0.0000 0.3717 0.0000 0.3546 0.0007 0.0000 0.0000 0.1375 0.0009
231      231   (0)      6  : 0.0000 0.2773 0.0000 0.0000 0.0330 0.4900 0.0000 0.0270 0.0000 0.0000 0.0000 0.1335 0.0392
232      232   (0)      6  : 0.0000 0.2647 0.0000 0.0000 0.0082 0.1909 0.0000 0.1262 0.0000 0.0000 0.0000 0.4000 0.0100
233      233   (0)      6  : 0.0000 0.4391 0.0000 0.0000 0.0000 0.2941 0.0000 0.0006 0.0093 0.0000 0.0000 0.2533 0.0036
234      234   (0)      6  : 0.0000 0.3886 0.0000 0.0000 0.0090 0.3084 0.0000 0.1612 0.0000 0.0000 0.0000 0.1329 0.0000
235      235   (0)      6  : 0.0000 0.4471 0.0027 0.0000 0.0161 0.2866 0.0000 0.1736 0.0000 0.0000 0.0000 0.0739 0.0000
236      236   (0)      6  : 0.0000 0.3224 0.0000 0.0000 0.0000 0.0000 0.0000 0.2722 0.0000 0.0000 0.0000 0.4055 0.0000
237      237   (0)      6  : 0.0000 0.1077 0.0000 0.0000 0.0000 0.4457 0.0000 0.3384 0.0020 0.0000 0.0000 0.0693 0.0369
238      238   (0)      6  : 0.0000 0.0993 0.0000 0.0000 0.0000 0.4797 0.0000 0.3611 0.0000 0.0000 0.0000 0.0046 0.0554
239      239   (0)      6  : 0.0000 0.1151 0.0005 0.0000 0.0049 0.4458 0.0000 0.0742 0.0000 0.0000 0.0000 0.2344 0.1251
240      240   (0)      6  : 0.0000 0.1980 0.0006 0.0000 0.0140 0.3381 0.0000 0.2570 0.0000 0.0000 0.0000 0.1715 0.0207
241      241   (0)      6  : 0.0000 0.2919 0.0000 0.0000 0.0000 0.2836 0.0000 0.2189 0.0000 0.0000 0.0000 0.1469 0.0587
242      242   (0)      6  : 0.0000 0.4486 0.0000 0.0000 0.0000 0.0923 0.0000 0.2761 0.0062 0.0000 0.0000 0.1274 0.0493
243      243   (0)      6  : 0.0000 0.2260 0.0000 0.0000 0.0620 0.3453 0.0000 0.0544 0.0030 0.0000 0.0000 0.3093 0.0000
244      244   (0)      6  : 0.0000 0.6537 0.0000 0.0000 0.0009 0.0893 0.0000 0.0183 0.0000 0.0000 0.0000 0.1315 0.1062
245      245   (0)      6  : 0.0000 0.1033 0.0000 0.0000 0.0000 0.6643 0.0000 0.0989 0.0000 0.0000 0.0000 0.1117 0.0218
246      246   (0)      6  : 0.0000 0.1090 0.0000 0.0000 0.0000 0.0528 0.0000 0.7835 0.0000 0.0000 0.0000 0.0093 0.0454
247      247   (0)      6  : 0.0000 0.2371 0.0000 0.0000 0.0000 0.5995 0.0000 0.0714 0.0000 0.0000 0.0000 0.0920 0.0000
248      248   (0)      6  : 0.0000 0.0734 0.0000 0.0000 0.0000 0.3919 0.0000 0.2905 0.0044 0.0000 0.0000 0.2397 0.0000
249      249   (0)      7  : 0.0000 0.3138 0.0000 0.0000 0.0000 0.3383 0.0000 0.1708 0.0000 0.0000 0.0000 0.0732 0.1039
250      250   (0)      7  : 0.0000 0.6213 0.0000 0.0000 0.0000 0.1039 0.0000 0.0344 0.0000 0.0000 0.0000 0.2404 0.0000
251      251   (0)      7  : 0.0000 0.2254 0.0000 0.0000 0.0000 0.2010 0.0000 0.3651 0.0000 0.0000 0.0000 0.1628 0.0458
252      252   (0)      7  : 0.0000 0.1793 0.0000 0.0000 0.0000 0.3504 0.0000 0.3461 0.0000 0.0000 0.0000 0.1235 0.0006
253      253   (0)      7  : 0.0000 0.3411 0.0000 0.0000 0.0000 0.0786 0.0000 0.5071 0.0000 0.0000 0.0000 0.0320 0.0412
254      254   (0)      7  : 0.0000 0.2205 0.0000 0.0000 0.0011 0.1394 0.0000 0.6378 0.0012 0.0000 0.0000 0.0000 0.0000
255      255   (0)      7  : 0.0000 0.0766 0.0000 0.0000 0.0000 0.5489 0.0000 0.1007 0.0000 0.0000 0.0000 0.2462 0.0277
256      256   (0)      7  : 0.0000 0.2710 0.0000 0.0000 0.0000 0.2718 0.0000 0.2510 0.0000 0.0000 0.0000 0.1279 0.0783
257      257   (0)      7  : 0.0000 0.4315 0.0000 0.0000 0.0000 0.2747 0.0000 0.0871 0.0000 0.0000 0.0000 0.0816 0.1250
258      258   (0)      7  : 0.0000 0.4342 0.0000 0.0000 0.0000 0.4045 0.0000 0.0215 0.0000 0.0000 0.0000 0.0969 0.0430
259      259   (0)      7  : 0.0000 0.5183 0.0000 0.0000 0.0000 0.2516 0.0000 0.0000 0.0000 0.0000 0.0000 0.2058 0.0243
260      260   (0)      7  : 0.0000 0.1652 0.0000 0.0000 0.0000 0.6689 0.0000 0.0773 0.0000 0.0000 0.0000 0.0600 0.0285
261      261   (0)      7  : 0.0000 0.2350 0.0000 0.0000 0.0000 0.0000 0.0000 0.4662 0.0000 0.0000 0.0000 0.1762 0.1226
262      262   (0)      7  : 0.0000 0.2909 0.0000 0.0000 0.0000 0.1569 0.0000 0.4831 0.0000 0.0000 0.0000 0.0053 0.0638
263      263   (0)      7  : 0.0000 0.1260 0.0000 0.0000 0.0057 0.4185 0.0000 0.2237 0.0000 0.0000 0.0000 0.2262 0.0000
264      264   (0)      7  : 0.0000 0.3417 0.0000 0.0000 0.0000 0.4111 0.0000 0.0597 0.0000 0.0000 0.0000 0.1875 0.0000
265      265   (0)      7  : 0.0000 0.0854 0.0000 0.0000 0.0000 0.0708 0.0000 0.7281 0.0000 0.0000 0.0000 0.0687 0.0471
266      266   (0)      7  : 0.0000 0.2597 0.0000 0.0000 0.0000 0.1479 0.0000 0.3312 0.0133 0.0000 0.0000 0.2479 0.0000
267      267   (0)      7  : 0.0000 0.0000 0.0000 0.0000 0.0032 0.0429 0.0000 0.8290 0.0000 0.0000 0.0000 0.0000 0.1250
268      268   (0)      7  : 0.0000 0.4073 0.0000 0.0000 0.0000 0.1152 0.0000 0.2958 0.0000 0.0000 0.0000 0.1245 0.0572
269      269   (0)      7  : 0.0000 0.1971 0.0000 0.0000 0.0170 0.1208 0.0000 0.4679 0.0000 0.0000 0.0000 0.1457 0.0515
270      270   (0)      7  : 0.0000 0.4031 0.0000 0.0000 0.0120 0.0638 0.0000 0.2186 0.0000 0.0000 0.0000 0.3024 0.0000
271      271   (0)      7  : 0.0000 0.3193 0.0000 0.0000 0.0000 0.0239 0.0000 0.3949 0.0000 0.0000 0.0000 0.2619 0.0000
272      272   (0)      7  : 0.0000 0.1225 0.0000 0.0000 0.0000 0.0000 0.0000 0.8516 0.0000 0.0000 0.0000 0.0259 0.0000
273      273   (0)      7  : 0.0000 0.3243 0.0000 0.0000 0.0000 0.4191 0.0000 0.1147 0.0046 0.0000 0.0000 0.1374 0.0000
274      274   (0)      7  : 0.0000 0.0000 0.0000 0.0000 0.0008 0.2642 0.0000 0.1104 0.0062 0.0000 0.0000 0.4934 0.1250
275      275   (0)      7  : 0.0000 0.0277 0.0013 0.0000 0.0000 0.1739 0.0000 0.6128 0.0000 0.0000 0.0000 0.1842 0.0001
276      276   (0)      7  : 0.0000 0.1727 0.0000 0.0000 0.0000 0.3221 0.0000 0.4028 0.0000 0.0000 0.0000 0.1024 0.0000
277      277   (0)      7  : 0.0000 0.5320 0.0000 0.0000 0.0000 0.0827 0.0000 0.2568 0.0028 0.0000 0.0000 0.1258 0.0000
278      278   (0)      7  : 0.0000 0.2903 0.0000 0.0000 0.0021 0.2714 0.0000 0.3274 0.0000 0.0000 0.0000 0.0724 0.0364
279      279   (0)      8  : 0.0000 0.3903 0.0000 0.0000 0.0000 0.0015 0.0000 0.4607 0.0000 0.0000 0.0000 0.0557 0.0919
280      280   (0)      8  : 0.0000 0.2557 0.0000 0.0000 0.0000 0.0373 0.0000 0.6572 0.0017 0.0000 0.0000 0.0481 0.0000
281      281   (0)      8  : 0.0000 0.1266 0.0000 0.0000 0.0000 0.0806 0.0000 0.5935 0.0050 0.0000 0.0000 0.1608 0.0336
282      282   (0)      8  : 0.0000 0.1527 0.0000 0.0000 0.0000 0.2247 0.0000 0.1327 0.0030 0.0000 0.0000 0.4240 0.0630
283      283   (0)      8  : 0.0000 0.2905 0.0017 0.0000 0.0043 0.2615 0.0000 0.1810 0.0128 0.0000 0.0000 0.2481 0.0000
284      284   (0)      8  : 0.0000 0.3238 0.0000 0.0000 0.0000 0.1915 0.0000 0.2559 0.0000 0.0000 0.0000 0.2288 0.0000
285      285   (0)      8  : 0.0000 0.2456 0.0000 0.0000 0.0000 0.2618 0.0000 0.2932 0.0007 0.0000 0.0000 0.1859 0.0128
286      286   (0)      8  : 0.0000 0.3579 0.0000 0.0000 0.0000 0.0000 0.0000 0.3511 0.0000 0.0000 0.0000 0.2909 0.0000
287      287   (0)      8  : 0.0000 0.2027 0.0000 0.0000 0.0000 0.3898 0.0000 0.1213 0.0000 0.0000 0.0000 0.2862 0.0000
288      288   (0)      8  : 0.0000 0.2271 0.0000 0.0000 0.0194 0.1300 0.0000 0.4069 0.0000 0.0000 0.0000 0.1960 0.0208
289      289   (0)      8  : 0.0000 0.2484 0.0024 0.0000 0.0000 0.4667 0.0000 0.1202 0.0021 0.0000 0.0000 0.0353 0.1250
290      290   (0)      5  : 0.0000 0.3102 0.0000 0.0000 0.0000 0.3799 0.0000 0.1937 0.0000 0.0000 0.0000 0.1163 0.0000
291      291   (0)      5  : 0.0000 0.4863 0.0000 0.0000 0.0000 0.2080 0.0000 0.1234 0.0000 0.0000 0.0000 0.1153 0.0670
292      292   (0)      5  : 0.0000 0.2248 0.0000 0.0000 0.0000 0.0560 0.0000 0.7165 0.0028 0.0000 0.0000 0.0000 0.0000
293      293   (0)      5  : 0.0000 0.0172 0.0000 0.0000 0.0000 0.1688 0.0000 0.6124 0.0043 0.0000 0.0000 0.1272 0.0701
294      294   (0)      5  : 0.0000 0.0001 0.0000 0.0000 0.0012 0.1738 0.0000 0.7809 0.0000 0.0000 0.0000 0.0440 0.0000
295      295   (0)      5  : 0.0000 0.3847 0.0000 0.0000 0.0000 0.3905 0.0000 0.1634 0.0000 0.0000 0.0000 0.0142 0.0471
296      296   (0)      5  : 0.0000 0.2430 0.0036 0.0000 0.0167 0.1274 0.0000 0.3696 0.0009 0.0000 0.0000 0.1139 0.1250
297      297   (0)      5  : 0.0000 0.2121 0.0070 0.0000 0.0205 0.3109 0.0000 0.2618 0.0044 0.0000 0.0000 0.1190 0.0644
298      298   (0)      5  : 0.0000 0.4450 0.0000 0.0000 0.0000 0.2091 0.0000 0.1733 0.0000 0.0000 0.0000 0.1726 0.0000
299      299   (0)      5  : 0.0000 0.2183 0.0000 0.0000 0.0029 0.1600 0.0000 0.2303 0.0000 0.0000 0.0000 0.3886 0.0000
300      300   (0)      5  : 0.0000 0.3401 0.0000 0.0000 0.0000 0.2328 0.0000 0.3669 0.0000 0.0000 0.0000 0.0000 0.0602
301      301   (0)      5  : 0.0000 0.4345 0.0000 0.0000 0.0002 0.0000 0.0000 0.2897 0.0000 0.0000 0.0000 0.2270 0.0487
302      302   (0)      5  : 0.0000 0.2762 0.0000 0.0000 0.0000 0.2353 0.0000 0.2292 0.0000 0.0000 0.0000 0.2290 0.0303
303      303   (0)      5  : 0.0000 0.2978 0.0000 0.0000 0.0000 0.2004 0.0000 0.2560 0.0000 0.0000 0.0000 0.2459 0.0000
304      304   (0)      5  : 0.0000 0.0583 0.0000 0.0000 0.0000 0.4187 0.0000 0.3404 0.0000 0.0000 0.0000 0.0725 0.1101
305      305   (0)      5  : 0.0000 0.1694 0.0009 0.0000 0.0000 0.3342 0.0000 0.2662 0.0073 0.0000 0.0000 0.1785 0.0436
306      306   (0)      5  : 0.0000 0.2715 0.0000 0.0000 0.0000 0.4388 0.0000 0.0000 0.0000 0.0000 0.0000 0.2256 0.0642
307      307   (0)      5  : 0.0000 0.3106 0.0000 0.0000 0.0480 0.2462 0.0000 0.0838 0.0000 0.0000 0.0000 0.2673 0.0441
308      308   (0)      5  : 0.0000 0.3063 0.0000 0.0000 0.0088 0.1770 0.0000 0.2467 0.0128 0.0000 0.0000 0.0787 0.1697
309      309   (0)      5  : 0.0000 0.1416 0.0000 0.0000 0.0014 0.1147 0.0000 0.5326 0.0043 0.0000 0.0000 0.2054 0.0000
310      310   (0)      5  : 0.0000 0.4688 0.0000 0.0000 0.0000 0.0000 0.0000 0.0680 0.0000 0.0000 0.0000 0.4632 0.0000
311      311   (0)      5  : 0.0000 0.3209 0.0000 0.0000 0.0007 0.4122 0.0000 0.0354 0.0127 0.0000 0.0000 0.1480 0.0701
312      312   (0)      5  : 0.0000 0.4209 0.0000 0.0000 0.0027 0.2022 0.0000 0.0971 0.0189 0.0000 0.0000 0.0845 0.1737
313      313   (0)      5  : 0.0000 0.0000 0.0007 0.0000 0.0000 0.3471 0.0000 0.2687 0.0000 0.0000 0.0000 0.3835 0.0000
314      314   (0)      5  : 0.0000 0.4507 0.0000 0.0000 0.0016 0.1230 0.0000 0.1358 0.0000 0.0000 0.0000 0.2889 0.0000
315      315   (0)      5  : 0.0000 0.4493 0.0000 0.0000 0.0000 0.0845 0.0000 0.2326 0.0039 0.0000 0.0000 0.2297 0.0000
316      316   (0)      5  : 0.0000 0.1750 0.0000 0.0000 0.0000 0.4281 0.0000 0.2965 0.0034 0.0000 0.0000 0.0005 0.0964
317      317   (0)      5  : 0.0000 0.3357 0.0000 0.0000 0.0000 0.0292 0.0000 0.6351 0.0000 0.0000 0.0000 0.0000 0.0000
318      318   (0)      8  : 0.0000 0.1672 0.0000 0.0000 0.0000 0.0000 0.0000 0.5460 0.0000 0.0000 0.0000 0.1618 0.1250
319      319   (0)      8  : 0.0000 0.2932 0.0000 0.0000 0.0000 0.0650 0.0000 0.4434 0.0000 0.0000 0.0000 0.1678 0.0306
320      320   (0)      9  : 0.0000 0.4560 0.0000 0.0000 0.0000 0.1254 0.0000 0.2523 0.0000 0.0000 0.0000 0.1313 0.0350
321      321   (0)      9  : 0.0000 0.5522 0.0081 0.0000 0.0000 0.0927 0.0000 0.3318 0.0081 0.0000 0.0000 0.0001 0.0069
322      322   (0)      9  : 0.0000 0.1530 0.0000 0.0000 0.0000 0.1398 0.0000 0.4822 0.0000 0.0000 0.0000 0.1000 0.1250
323      323   (0)      9  : 0.0000 0.3779 0.0000 0.0000 0.0000 0.3479 0.0000 0.2281 0.0000 0.0000 0.0000 0.0183 0.0278
324      324   (0)      9  : 0.0000 0.2607 0.0000 0.0000 0.0000 0.1111 0.0000 0.4447 0.0000 0.0000 0.0000 0.0585 0.1250
325      325   (0)      8  : 0.0000 0.0354 0.0000 0.0000 0.0000 0.5997 0.0000 0.1850 0.0000 0.0000 0.0000 0.1798 0.0000
326      326   (0)      8  : 0.0000 0.3541 0.0000 0.0000 0.0000 0.0846 0.0000 0.2524 0.0000 0.0000 0.0000 0.3089 0.0000
327      327   (0)      8  : 0.0000 0.3743 0.0000 0.0000 0.0000 0.2050 0.0000 0.3680 0.0000 0.0000 0.0000 0.0145 0.0383
328      328   (0)      8  : 0.0000 0.1676 0.0000 0.0000 0.0000 0.1409 0.0000 0.6573 0.0000 0.0000 0.0000 0.0000 0.0342
329      329   (0)      8  : 0.0000 0.3778 0.0000 0.0000 0.0000 0.3034 0.0000 0.2224 0.0000 0.0000 0.0000 0.0298 0.0666
330      330   (0)      9  : 0.0000 0.7992 0.0000 0.0000 0.0003 0.0000 0.0000 0.1308 0.0001 0.0000 0.0000 0.0696 0.0000
331      331   (0)      9  : 0.0000 0.3389 0.0000 0.0000 0.0000 0.1534 0.0000 0.3495 0.0000 0.0000 0.0000 0.1581 0.0000
332      332   (0)      9  : 0.0000 0.7074 0.0000 0.0000 0.0000 0.1459 0.0000 0.0102 0.0014 0.0000 0.0000 0.1350 0.0002
333      333   (0)      9  : 0.0000 0.1081 0.0000 0.0000 0.0000 0.1550 0.0000 0.5397 0.0000 0.0000 0.0000 0.1670 0.0302
334      334   (0)      9  : 0.0000 0.1514 0.0000 0.0000 0.0000 0.4883 0.0000 0.2114 0.0006 0.0000 0.0000 0.0674 0.0809
335      335   (0)      9  : 0.0000 0.1636 0.0000 0.0000 0.0000 0.3440 0.0000 0.3466 0.0004 0.0000 0.0000 0.1453 0.0000
336      336   (0)      8  : 0.0000 0.4106 0.0000 0.0000 0.0000 0.2712 0.0000 0.0404 0.0000 0.0000 0.0000 0.2777 0.0001
337      337   (0)      8  : 0.0000 0.4370 0.0000 0.0000 0.0000 0.2208 0.0000 0.0131 0.0063 0.0000 0.0000 0.1126 0.2103
338      338   (0)      8  : 0.0000 0.1614 0.0000 0.0000 0.0000 0.3002 0.0000 0.0233 0.0001 0.0000 0.0000 0.3900 0.1250
339      339   (0)      8  : 0.0000 0.3948 0.0000 0.0000 0.0000 0.3487 0.0000 0.1648 0.0056 0.0000 0.0000 0.0372 0.0489
340      340   (0)      8  : 0.0000 0.3514 0.0000 0.0000 0.0000 0.1491 0.0000 0.2426 0.0000 0.0000 0.0000 0.1755 0.0814
341      341   (0)      8  : 0.0000 0.3786 0.0000 0.0000 0.0332 0.1403 0.0000 0.1335 0.0088 0.0000 0.0000 0.2015 0.1042
342      342   (0)      8  : 0.0000 0.4891 0.0000 0.0000 0.0000 0.2066 0.0000 0.0747 0.0000 0.0000 0.0000 0.2115 0.0181
343      343   (0)      9  : 0.0000 0.1679 0.0000 0.0000 0.0000 0.4178 0.0000 0.0000 0.0017 0.0000 0.0000 0.4126 0.0000
344      344   (0)      9  : 0.0000 0.4153 0.0000 0.0000 0.0000 0.2644 0.0000 0.2381 0.0000 0.0000 0.0000 0.0822 0.0000
345      345   (0)      9  : 0.0000 0.5666 0.0000 0.0000 0.0000 0.0395 0.0000 0.3818 0.0000 0.0000 0.0000 0.0121 0.0000
346      346   (0)      9  : 0.0000 0.3401 0.0000 0.0000 0.0087 0.3827 0.0000 0.0554 0.0000 0.0000 0.0000 0.1837 0.0295
347      347   (0)      9  : 0.0000 0.1792 0.0000 0.0000 0.0060 0.3131 0.0000 0.2993 0.0000 0.0000 0.0000 0.1578 0.0446
348      348   (0)      9  : 0.0000 0.4505 0.0000 0.0000 0.0043 0.1989 0.0000 0.1314 0.0152 0.0000 0.0000 0.1842 0.0154
349      349   (0)      9  : 0.0000 0.3573 0.0000 0.0000 0.0312 0.3582 0.0000 0.0390 0.0191 0.0000 0.0000 0.1948 0.0004
350      350   (0)      9  : 0.0000 0.1404 0.0000 0.0000 0.0000 0.3749 0.0000 0.1231 0.0000 0.0000 0.0000 0.3191 0.0425
351      351   (0)      9  : 0.0000 0.1795 0.0000 0.0000 0.0262 0.3786 0.0000 0.3224 0.0000 0.0000 0.0000 0.0910 0.0024
352      352   (0)      9  : 0.0000 0.1352 0.0000 0.0000 0.0094 0.4911 0.0000 0.0985 0.0000 0.0000 0.0000 0.1831 0.0827
353      353   (0)      9  : 0.0000 0.4078 0.0000 0.0000 0.0099 0.3506 0.0000 0.0002 0.0000 0.0000 0.0000 0.1046 0.1269
354      354   (0)      9  : 0.0000 0.5182 0.0000 0.0000 0.0000 0.2329 0.0000 0.1736 0.0000 0.0000 0.0000 0.0753 0.0000
355      355   (0)      9  : 0.0000 0.2660 0.0000 0.0000 0.0000 0.0231 0.0000 0.5605 0.0057 0.0000 0.0000 0.1435 0.0012
356      356   (0)      9  : 0.0000 0.4716 0.0000 0.0000 0.0044 0.1532 0.0000 0.2131 0.0000 0.0000 0.0000 0.1341 0.0237
357      357   (0)      9  : 0.0000 0.3506 0.0000 0.0000 0.0000 0.2003 0.0000 0.2697 0.0000 0.0000 0.0000 0.1333 0.0461
358      358   (0)      9  : 0.0000 0.6691 0.0000 0.0000 0.0171 0.1290 0.0000 0.0708 0.0000 0.0000 0.0000 0.0636 0.0505
359      359   (0)      9  : 0.0000 0.3016 0.0000 0.0000 0.0088 0.2570 0.0000 0.1984 0.0000 0.0000 0.0000 0.2330 0.0013
360      360   (0)      9  : 0.0000 0.3713 0.0000 0.0000 0.0000 0.2506 0.0000 0.0452 0.0000 0.0000 0.0000 0.2622 0.0707
361      361   (0)      9  : 0.0000 0.3536 0.0000 0.0000 0.0000 0.3085 0.0000 0.1317 0.0000 0.0000 0.0000 0.1823 0.0240
362      362   (0)     10  : 0.0000 0.6396 0.0000 0.0000 0.0000 0.0522 0.0000 0.2115 0.0000 0.0000 0.0000 0.0828 0.0138
363      363   (0)     10  : 0.0000 0.3201 0.0000 0.0000 0.0000 0.1911 0.0000 0.3014 0.0000 0.0000 0.0000 0.1542 0.0333
364      364   (0)     10  : 0.0000 0.3561 0.0000 0.0000 0.0000 0.0752 0.0000 0.3583 0.0000 0.0000 0.0000 0.2104 0.0000
365      365   (0)     10  : 0.0000 0.1953 0.0076 0.0000 0.0000 0.0866 0.0000 0.6180 0.0000 0.0000 0.0000 0.0323 0.0602
366      366   (0)     10  : 0.0000 0.0000 0.0000 0.0000 0.0000 0.2077 0.0000 0.6267 0.0000 0.0000 0.0000 0.1250 0.0406
367      367   (0)     10  : 0.0000 0.3913 0.0000 0.0000 0.0180 0.0147 0.0000 0.2755 0.0000 0.0000 0.0000 0.2511 0.0493
368      368   (0)     10  : 0.0000 0.0171 0.0000 0.0000 0.0000 0.5739 0.0000 0.2238 0.0000 0.0000 0.0000 0.0839 0.1013
369      369   (0)     10  : 0.0000 0.0441 0.0000 0.0000 0.0000 0.7465 0.0000 0.1498 0.0000 0.0000 0.0000 0.0356 0.0239
370      370   (0)     10  : 0.0000 0.2264 0.0000 0.0000 0.0272 0.1576 0.0000 0.1237 0.0000 0.0000 0.0000 0.4652 0.0000
371      371   (0)     10  : 0.0000 0.0699 0.0000 0.0000 0.0020 0.4419 0.0000 0.3199 0.0000 0.0000 0.0000 0.1663 0.0000
372      372   (0)     10  : 0.0000 0.1988 0.0000 0.0000 0.0008 0.2583 0.0000 0.1982 0.0000 0.0000 0.0000 0.3439 0.0000
373      373   (0)     10  : 0.0000 0.6388 0.0000 0.0000 0.0000 0.0371 0.0000 0.2215 0.0000 0.0000 0.0000 0.0727 0.0299
374      374   (0)     10  : 0.0000 0.4780 0.0000 0.0000 0.0000 0.1878 0.0000 0.0867 0.0000 0.0000 0.0000 0.2475 0.0000
375      375   (0)     10  : 0.0000 0.1944 0.0000 0.0000 0.0000 0.1806 0.0000 0.5427 0.0000 0.0000 0.0000 0.0351 0.0471
376      376   (0)     10  : 0.0000 0.3736 0.0000 0.0000 0.0000 0.0284 0.0000 0.5228 0.0180 0.0000 0.0000 0.0000 0.0573
377      377   (0)     10  : 0.0000 0.3164 0.0000 0.0000 0.0033 0.1612 0.0000 0.2847 0.0233 0.0000 0.0000 0.2003 0.0109
378      378   (0)     10  : 0.0000 0.4626 0.0000 0.0000 0.0000 0.3770 0.0000 0.0000 0.0000 0.0000 0.0000 0.1604 0.0000
379      379   (0)     10  : 0.0000 0.2380 0.0007 0.0000 0.0462 0.2298 0.0000 0.3908 0.0000 0.0000 0.0000 0.0440 0.0506
380      380   (0)     10  : 0.0000 0.0223 0.0000 0.0000 0.0000 0.6385 0.0000 0.1954 0.0000 0.0000 0.0000 0.1108 0.0330
381      381   (0)     10  : 0.0000 0.6634 0.0000 0.0000 0.0008 0.1682 0.0000 0.0173 0.0000 0.0000 0.0000 0.1057 0.0446
382      382   (0)     10  : 0.0000 0.3809 0.0000 0.0000 0.0000 0.1532 0.0000 0.4249 0.0000 0.0000 0.0000 0.0000 0.0410
383      383   (0)     10  : 0.0000 0.4056 0.0000 0.0000 0.0267 0.2247 0.0000 0.0000 0.0083 0.0000 0.0000 0.3060 0.0287
384      384   (0)     10  : 0.0000 0.2565 0.0004 0.0000 0.0000 0.1609 0.0000 0.4687 0.0000 0.0000 0.0000 0.1135 0.0000
385      385   (0)     10  : 0.0000 0.5388 0.0000 0.0000 0.0000 0.3449 0.0000 0.0276 0.0000 0.0000 0.0000 0.0886 0.0000
386      386   (0)     10  : 0.0000 0.0000 0.0000 0.0000 0.0091 0.2306 0.0000 0.5764 0.0003 0.0000 0.0000 0.1837 0.0000
387      387   (0)     10  : 0.0000 1.0000 0.0000 0.0000 0.0000 0.0000 0.0000 0.0000 0.0000 0.0000 0.0000 0.0000 0.0000
388      388   (0)     10  : 0.0000 0.2500 0.0000 0.0000 0.0000 0.3750 0.0000 0.0799 0.0000 0.0000 0.0000 0.1250 0.1701
389      389   (0)     10  : 0.0000 0.1143 0.0000 0.0000 0.0000 0.3031 0.0000 0.4046 0.0000 0.0000 0.0000 0.1222 0.0558
390      390   (0)      8  : 0.0000 0.1416 0.0000 0.0000 0.0268 0.2306 0.0000 0.4344 0.0008 0.0000 0.0000 0.0451 0.1207
391      391   (0)      8  : 0.0000 0.0525 0.0001 0.0000 0.0000 0.1098 0.0000 0.7400 0.0000 0.0000 0.0000 0.0975 0.0000
392      392   (0)      8  : 0.0000 0.0912 0.0000 0.0000 0.0079 0.6568 0.0000 0.0874 0.0016 0.0000 0.0000 0.1550 0.0000
393      393   (0)     11  : 0.0000 0.1019 0.0000 0.0000 0.0000 0.6999 0.0000 0.1010 0.0000 0.0000 0.0000 0.0972 0.0000
394      394   (0)     11  : 0.0000 0.3762 0.0000 0.0000 0.0000 0.0335 0.0000 0.0360 0.0000 0.0000 0.0000 0.5543 0.0000
395      395   (0)     11  : 0.0146 0.0387 0.0000 0.0053 0.0011 0.2886 0.0000 0.3920 0.0162 0.0000 0.0000 0.1675 0.0760
396      396   (0)     11  : 0.0398 0.1385 0.0000 0.0057 0.0201 0.1665 0.0000 0.3162 0.0000 0.0000 0.0000 0.2744 0.0388
397      397   (0)     11  : 0.0000 0.3775 0.0019 0.0000 0.0000 0.0668 0.0000 0.1288 0.0000 0.0000 0.0000 0.4250 0.0000
398      398   (0)     11  : 0.0000 0.0209 0.0000 0.0000 0.0000 0.0730 0.0000 0.8183 0.0000 0.0000 0.0000 0.0667 0.0210
399      399   (0)     11  : 0.0000 0.3522 0.0000 0.0000 0.0000 0.1351 0.0000 0.3877 0.0000 0.0000 0.0000 0.1250 0.0000
400      400   (0)     11  : 0.0000 0.5213 0.0042 0.0000 0.0000 0.3126 0.0000 0.0037 0.0000 0.0000 0.0000 0.1251 0.0330
401      401   (0)     11  : 0.0000 0.3358 0.0000 0.0034 0.0000 0.3208 0.0000 0.0889 0.0000 0.0000 0.0000 0.2495 0.0017
402      402   (0)     11  : 0.0000 0.3281 0.0000 0.0000 0.0000 0.5187 0.0000 0.0674 0.0000 0.0000 0.0000 0.0858 0.0000
403      403   (0)     11  : 0.0000 0.3091 0.0000 0.0000 0.0000 0.4913 0.0000 0.0316 0.0000 0.0000 0.0000 0.1679 0.0000
404      404   (0)     11  : 0.0000 0.0716 0.0000 0.0000 0.0030 0.1625 0.0000 0.5627 0.0000 0.0000 0.0000 0.2002 0.0000
405      405   (0)     11  : 0.0000 0.0121 0.0000 0.0000 0.0734 0.5493 0.0000 0.2591 0.0086 0.0000 0.0000 0.0969 0.0005
406      406   (0)     11  : 0.0000 0.0719 0.0000 0.0000 0.0000 0.3096 0.0000 0.4306 0.0000 0.0000 0.0000 0.0000 0.1880
407      407   (0)     11  : 0.0000 0.1436 0.0000 0.0000 0.0000 0.3594 0.0000 0.2741 0.0029 0.0000 0.0000 0.2200 0.0000
408      408   (0)     11  : 0.0000 0.0171 0.0000 0.0000 0.0004 0.3148 0.0000 0.4074 0.0000 0.0000 0.0000 0.2500 0.0102
409      409   (0)     11  : 0.0000 0.2034 0.0017 0.0000 0.0024 0.4243 0.0008 0.0717 0.0140 0.0000 0.0000 0.2385 0.0433
410      410   (0)     11  : 0.0000 0.2478 0.0000 0.0000 0.0000 0.3432 0.0000 0.3346 0.0012 0.0000 0.0000 0.0716 0.0016
411      411   (0)     11  : 0.0000 0.1772 0.0000 0.0000 0.0000 0.0921 0.0000 0.6147 0.0000 0.0000 0.0000 0.1160 0.0000
412      412   (0)     11  : 0.0000 0.3650 0.0000 0.0000 0.0000 0.1226 0.0000 0.2198 0.0017 0.0000 0.0000 0.2381 0.0527
413      413   (0)     11  : 0.0000 0.2563 0.0000 0.0000 0.0284 0.0794 0.0000 0.4313 0.0000 0.0000 0.0000 0.1760 0.0285
414      414   (0)     11  : 0.0000 0.2016 0.0000 0.0000 0.0000 0.1966 0.0000 0.2798 0.0000 0.0000 0.0000 0.2702 0.0517
415      415   (0)     11  : 0.0000 0.0638 0.0000 0.0000 0.0000 0.2961 0.0000 0.4833 0.0070 0.0000 0.0000 0.0922 0.0576
416      416   (0)     11  : 0.0000 0.1678 0.0000 0.0000 0.0031 0.1042 0.0000 0.4513 0.0240 0.0000 0.0000 0.1930 0.0565
417      417   (0)     11  : 0.0000 0.6178 0.0000 0.0000 0.0000 0.2377 0.0000 0.0602 0.0000 0.0000 0.0000 0.0575 0.0268
418      418   (0)     11  : 0.0000 0.3243 0.0000 0.0134 0.0208 0.2241 0.0000 0.1680 0.0000 0.0000 0.0000 0.2471 0.0022
419      419   (0)     11  : 0.0000 0.0635 0.0000 0.0000 0.0043 0.8098 0.0000 0.0718 0.0000 0.0000 0.0000 0.0505 0.0000
420      420   (0)     11  : 0.0000 0.1725 0.0000 0.0000 0.0000 0.4419 0.0000 0.0389 0.0000 0.0000 0.0000 0.3466 0.0001
421      421   (0)     11  : 0.0000 0.1148 0.0005 0.0000 0.0000 0.7643 0.0000 0.0664 0.0046 0.0000 0.0000 0.0495 0.0000
422      422   (0)     11  : 0.0000 0.6545 0.0000 0.0000 0.0005 0.0185 0.0000 0.0297 0.0000 0.0000 0.0000 0.2777 0.0191
423      423   (0)     12  : 0.2859 0.0000 0.0000 0.7138 0.0000 0.0000 0.0000 0.0000 0.0000 0.0000 0.0000 0.0000 0.0004
424      424   (0)     12  : 0.0000 0.0258 0.0000 0.0000 0.7961 0.0003 0.0000 0.0853 0.0814 0.0000 0.0000 0.0112 0.0000
425      425   (0)     12  : 0.4447 0.0000 0.0000 0.5027 0.0000 0.0000 0.0000 0.0000 0.0000 0.0000 0.0000 0.0000 0.0525
426      426   (0)     12  : 0.0000 0.0214 0.0000 0.0000 0.5607 0.0085 0.0000 0.0060 0.3783 0.0000 0.0000 0.0252 0.0000
427      427   (0)     12  : 0.4024 0.0000 0.0000 0.5537 0.0000 0.0000 0.0000 0.0000 0.0000 0.0038 0.0059 0.0070 0.0272
428      428   (0)     12  : 0.4586 0.0000 0.0000 0.4051 0.0173 0.0000 0.0176 0.0000 0.0000 0.0000 0.0390 0.0214 0.0410
429      429   (0)     12  : 0.0000 0.0000 0.0110 0.0000 0.1140 0.0000 0.0000 0.0000 0.8750 0.0000 0.0000 0.0000 0.0000
430      430   (0)     12  : 0.6867 0.0000 0.0000 0.2199 0.0000 0.0000 0.0102 0.0000 0.0055 0.0000 0.0000 0.0000 0.0776
431      431   (0)     12  : 0.6369 0.0000 0.0029 0.3292 0.0000 0.0000 0.0196 0.0000 0.0000 0.0070 0.0045 0.0000 0.0000
432      432   (0)     12  : 0.0000 0.0146 0.0000 0.0000 0.9022 0.0158 0.0000 0.0000 0.0340 0.0000 0.0000 0.0294 0.0040
433      433   (0)     12  : 0.8904 0.0000 0.0000 0.0995 0.0000 0.0000 0.0000 0.0000 0.0101 0.0000 0.0000 0.0000 0.0000
434      434   (0)     12  : 0.6936 0.0000 0.0000 0.3064 0.0000 0.0000 0.0000 0.0000 0.0000 0.0000 0.0000 0.0000 0.0000
435      435   (0)     12  : 0.5724 0.0000 0.0010 0.3561 0.0011 0.0000 0.0304 0.0000 0.0053 0.0000 0.0042 0.0000 0.0295
436      436   (0)     12  : 0.5893 0.0000 0.0005 0.3371 0.0000 0.0000 0.0000 0.0000 0.0000 0.0074 0.0087 0.0047 0.0524
437      437   (0)     12  : 0.9261 0.0000 0.0000 0.0460 0.0000 0.0000 0.0000 0.0000 0.0279 0.0000 0.0000 0.0000 0.0000
438      438   (0)     12  : 0.5832 0.0000 0.0000 0.3572 0.0000 0.0000 0.0000 0.0000 0.0008 0.0000 0.0018 0.0000 0.0570
439      439   (0)     12  : 0.0000 0.0009 0.0000 0.0000 0.9784 0.0000 0.0000 0.0000 0.0000 0.0000 0.0000 0.0000 0.0207
440      440   (0)     12  : 0.0000 0.0000 0.0000 0.0000 0.9593 0.0000 0.0000 0.0166 0.0201 0.0000 0.0000 0.0040 0.0000
441      441   (0)     12  : 0.8938 0.0000 0.0000 0.0644 0.0000 0.0000 0.0000 0.0000 0.0000 0.0000 0.0000 0.0000 0.0418
442      442   (0)     12  : 0.0000 0.0000 0.0045 0.0000 0.5254 0.0000 0.0000 0.0000 0.4701 0.0000 0.0000 0.0000 0.0000
443      443   (0)     12  : 0.4893 0.0000 0.0000 0.4890 0.0000 0.0000 0.0087 0.0000 0.0038 0.0057 0.0034 0.0000 0.0000
444      444   (0)     12  : 0.9223 0.0000 0.0000 0.0147 0.0000 0.0000 0.0000 0.0000 0.0000 0.0034 0.0000 0.0000 0.0596
445      445   (0)     12  : 0.2400 0.0000 0.0000 0.6831 0.0000 0.0000 0.0000 0.0000 0.0084 0.0106 0.0076 0.0000 0.0504
446      446   (0)     12  : 0.4794 0.0000 0.0000 0.4594 0.0000 0.0000 0.0000 0.0000 0.0000 0.0000 0.0000 0.0000 0.0612
447      447   (0)     12  : 0.9355 0.0000 0.0000 0.0192 0.0000 0.0000 0.0000 0.0000 0.0000 0.0020 0.0008 0.0000 0.0425
448      448   (0)     12  : 0.7093 0.0000 0.0000 0.2392 0.0000 0.0000 0.0000 0.0000 0.0000 0.0000 0.0000 0.0000 0.0515
449      449   (0)     12  : 0.9519 0.0000 0.0000 0.0481 0.0000 0.0000 0.0000 0.0000 0.0000 0.0000 0.0000 0.0000 0.0000
450      450   (0)     12  : 0.8424 0.0000 0.0000 0.1561 0.0000 0.0000 0.0000 0.0000 0.0000 0.0000 0.0014 0.0000 0.0000
451      451   (0)     12  : 0.4690 0.0000 0.0000 0.4271 0.0000 0.0000 0.0099 0.0000 0.0000 0.0000 0.0445 0.0012 0.0483
452      452   (0)     12  : 0.1948 0.0000 0.0000 0.6583 0.0000 0.0000 0.0157 0.0000 0.0000 0.0000 0.0044 0.0000 0.1268
453      453   (0)     13  : 0.6090 0.0000 0.0000 0.3535 0.0000 0.0000 0.0000 0.0000 0.0000 0.0010 0.0000 0.0000 0.0365
454      454   (0)     13  : 0.7174 0.0000 0.0033 0.1512 0.0000 0.0000 0.0013 0.0000 0.0000 0.0000 0.0000 0.0000 0.1268
455      455   (0)     13  : 0.5544 0.0000 0.0000 0.4007 0.0000 0.0000 0.0000 0.0000 0.0000 0.0000 0.0000 0.0000 0.0449
456      456   (0)     13  : 0.0000 0.0000 0.0000 0.0000 0.9308 0.0000 0.0000 0.0001 0.0466 0.0000 0.0000 0.0225 0.0000
457      457   (0)     13  : 0.6697 0.0000 0.0000 0.1546 0.0000 0.0000 0.0099 0.0000 0.0048 0.0000 0.0265 0.0095 0.1250
458      458   (0)     13  : 0.8191 0.0000 0.0000 0.1505 0.0000 0.0000 0.0000 0.0000 0.0000 0.0000 0.0000 0.0000 0.0304
459      459   (0)     13  : 0.6686 0.0000 0.0000 0.2064 0.0000 0.0000 0.0000 0.0000 0.0000 0.0000 0.0000 0.0000 0.1250
460      460   (0)     13  : 0.4825 0.0000 0.0000 0.5148 0.0000 0.0000 0.0000 0.0000 0.0000 0.0027 0.0000 0.0000 0.0000
461      461   (0)     13  : 0.5404 0.0000 0.0000 0.3346 0.0000 0.0000 0.0000 0.0000 0.0000 0.0000 0.0000 0.0000 0.1250
462      462   (0)     13  : 0.2501 0.0000 0.0010 0.6639 0.0000 0.0000 0.0099 0.0000 0.0000 0.0000 0.0067 0.0053 0.0631
463      463   (0)     13  : 0.7773 0.0000 0.0000 0.1650 0.0000 0.0000 0.0008 0.0000 0.0000 0.0084 0.0093 0.0000 0.0392
464      464   (0)     13  : 0.0000 0.0000 0.0025 0.0000 0.0000 0.0000 0.3409 0.0000 0.0000 0.4605 0.1935 0.0000 0.0026
465      465   (0)     13  : 0.9982 0.0000 0.0018 0.0000 0.0000 0.0000 0.0000 0.0000 0.0000 0.0000 0.0000 0.0000 0.0000
466      466   (0)     13  : 0.3526 0.0000 0.0000 0.6196 0.0000 0.0000 0.0000 0.0000 0.0000 0.0000 0.0005 0.0000 0.0273
467      467   (0)     13  : 0.4406 0.0000 0.0003 0.4748 0.0000 0.0000 0.0066 0.0000 0.0000 0.0052 0.0236 0.0000 0.0490
468      468   (0)     13  : 0.0062 0.0000 0.0000 0.0411 0.0000 0.0008 0.2519 0.0007 0.0133 0.4145 0.2236 0.0356 0.0123
469      469   (0)     13  : 0.0000 0.0000 0.0000 0.0000 0.0000 0.0000 0.2559 0.0000 0.0054 0.3725 0.3234 0.0000 0.0428
470      470   (0)     13  : 0.8225 0.0000 0.0000 0.1640 0.0000 0.0000 0.0033 0.0000 0.0000 0.0000 0.0039 0.0000 0.0062
471      471   (0)     13  : 0.6346 0.0158 0.0000 0.3230 0.0000 0.0000 0.0000 0.0000 0.0131 0.0000 0.0000 0.0060 0.0075
472      472   (0)     13  : 0.3394 0.0000 0.0000 0.5700 0.0000 0.0000 0.0000 0.0000 0.0072 0.0000 0.0070 0.0000 0.0763
473      473   (0)     13  : 0.0388 0.0117 0.0000 0.0064 0.8227 0.0488 0.0000 0.0000 0.0136 0.0000 0.0000 0.0419 0.0161
474      474   (0)     13  : 0.5381 0.0000 0.0000 0.4582 0.0000 0.0000 0.0010 0.0000 0.0000 0.0023 0.0005 0.0000 0.0000
475      475   (0)     13  : 0.7303 0.0000 0.0000 0.2681 0.0000 0.0000 0.0016 0.0000 0.0000 0.0000 0.0000 0.0000 0.0000
476      476   (0)     13  : 0.0000 0.0000 0.0000 0.0000 0.9400 0.0000 0.0000 0.0000 0.0449 0.0000 0.0000 0.0150 0.0000
477      477   (0)     13  : 0.8069 0.0000 0.0000 0.1264 0.0000 0.0000 0.0051 0.0000 0.0094 0.0058 0.0123 0.0027 0.0313
478      478   (0)     13  : 0.3403 0.0000 0.0149 0.6391 0.0001 0.0000 0.0000 0.0000 0.0056 0.0000 0.0000 0.0000 0.0000
479      479   (0)     13  : 0.8862 0.0000 0.0000 0.1004 0.0000 0.0000 0.0100 0.0000 0.0000 0.0000 0.0000 0.0000 0.0034
480      480   (0)     13  : 0.0000 0.0000 0.0000 0.0000 0.8897 0.0170 0.0000 0.0000 0.0933 0.0000 0.0000 0.0000 0.0000
481      481   (0)     13  : 0.0577 0.0000 0.0101 0.0217 0.0000 0.0000 0.6610 0.0000 0.0302 0.0365 0.1289 0.0540 0.0000
482      482   (0)     13  : 0.4867 0.0000 0.0000 0.3574 0.0000 0.0000 0.0127 0.0000 0.0000 0.0075 0.0107 0.0000 0.1250
483      483   (0)     14  : 0.9422 0.0000 0.0000 0.0578 0.0000 0.0000 0.0000 0.0000 0.0000 0.0000 0.0000 0.0000 0.0000
484      484   (0)     14  : 0.8636 0.0000 0.0000 0.0910 0.0000 0.0000 0.0000 0.0000 0.0000 0.0029 0.0000 0.0000 0.0425
485      485   (0)     15  : 0.7413 0.0000 0.0000 0.2204 0.0000 0.0000 0.0000 0.0000 0.0000 0.0012 0.0000 0.0000 0.0371
486      486   (0)     15  : 0.9999 0.0000 0.0000 0.0000 0.0000 0.0000 0.0000 0.0000 0.0000 0.0000 0.0000 0.0001 0.0000
487      487   (0)     15  : 0.8049 0.0000 0.0000 0.0587 0.0000 0.0000 0.0113 0.0000 0.0000 0.0000 0.0000 0.0000 0.1250
488      488   (0)     15  : 0.6234 0.0000 0.0005 0.3236 0.0000 0.0000 0.0000 0.0000 0.0033 0.0010 0.0000 0.0000 0.0483
489      489   (0)     15  : 0.0000 0.0001 0.0000 0.0000 0.9692 0.0001 0.0000 0.0000 0.0000 0.0000 0.0000 0.0275 0.0030
490      490   (0)     15  : 0.0000 0.0000 0.0000 0.0000 0.9452 0.0000 0.0000 0.0000 0.0368 0.0000 0.0000 0.0181 0.0000
491      491   (0)     15  : 0.5123 0.0000 0.0000 0.4187 0.0000 0.0000 0.0043 0.0000 0.0000 0.0000 0.0020 0.0030 0.0596
492      492   (0)     15  : 0.0000 0.0000 0.0000 0.0000 0.9811 0.0000 0.0000 0.0000 0.0000 0.0000 0.0000 0.0000 0.0189
493      493   (0)     15  : 0.3716 0.0000 0.0153 0.5519 0.0000 0.0000 0.0136 0.0000 0.0000 0.0004 0.0000 0.0000 0.0472
494      494   (0)     15  : 0.5934 0.0000 0.0000 0.3916 0.0000 0.0000 0.0000 0.0000 0.0030 0.0072 0.0010 0.0000 0.0039
495      495   (0)     15  : 0.8816 0.0000 0.0000 0.1184 0.0000 0.0000 0.0000 0.0000 0.0000 0.0000 0.0000 0.0000 0.0000
496      496   (0)     15  : 0.4945 0.0000 0.0038 0.4444 0.0000 0.0000 0.0014 0.0000 0.0000 0.0013 0.0000 0.0000 0.0545
497      497   (0)     15  : 0.3665 0.0000 0.0000 0.5486 0.0000 0.0000 0.0130 0.0000 0.0000 0.0000 0.0011 0.0054 0.0654
498      498   (0)     15  : 0.6807 0.0000 0.0000 0.2603 0.0000 0.0000 0.0286 0.0000 0.0000 0.0000 0.0132 0.0171 0.0000
499      499   (0)     15  : 0.7860 0.0000 0.0000 0.1887 0.0000 0.0000 0.0063 0.0000 0.0000 0.0069 0.0121 0.0000 0.0000
500      500   (0)     15  : 0.9176 0.0000 0.0000 0.0000 0.0000 0.0000 0.0000 0.0000 0.0000 0.0021 0.0035 0.0000 0.0768
501      501   (0)     15  : 0.8512 0.0000 0.0001 0.0775 0.0000 0.0000 0.0056 0.0000 0.0128 0.0017 0.0027 0.0000 0.0486
502      502   (0)     15  : 0.7588 0.0000 0.0000 0.1017 0.0000 0.0000 0.0068 0.0000 0.0000 0.0049 0.0000 0.0028 0.1250
503      503   (0)     15  : 0.5192 0.0000 0.0000 0.3502 0.0000 0.0000 0.0000 0.0000 0.0000 0.0000 0.0056 0.0000 0.1250
504      504   (0)     15  : 0.9716 0.0000 0.0000 0.0000 0.0000 0.0000 0.0000 0.0000 0.0000 0.0000 0.0000 0.0000 0.0284
505      505   (0)     15  : 0.9389 0.0000 0.0000 0.0314 0.0000 0.0000 0.0103 0.0000 0.0000 0.0131 0.0000 0.0062 0.0000
506      506   (0)     15  : 0.4614 0.0000 0.0000 0.4976 0.0000 0.0000 0.0015 0.0000 0.0000 0.0012 0.0064 0.0000 0.0318
507      507   (0)     15  : 0.8124 0.0000 0.0000 0.1214 0.0000 0.0000 0.0000 0.0000 0.0002 0.0218 0.0002 0.0000 0.0439
508      508   (0)     15  : 0.9525 0.0000 0.0000 0.0264 0.0000 0.0000 0.0130 0.0000 0.0000 0.0000 0.0081 0.0000 0.0000
509      509   (0)     15  : 0.0000 0.0000 0.0000 0.0000 0.9803 0.0000 0.0000 0.0000 0.0000 0.0000 0.0000 0.0197 0.0000
510      510   (0)     15  : 0.0000 0.0000 0.0000 0.0000 0.9774 0.0000 0.0000 0.0000 0.0000 0.0000 0.0000 0.0226 0.0000
511      511   (0)     15  : 0.8357 0.0000 0.0092 0.1250 0.0035 0.0000 0.0000 0.0101 0.0000 0.0064 0.0049 0.0038 0.0015
512      512   (0)     15  : 0.1518 0.0000 0.0000 0.8053 0.0000 0.0000 0.0000 0.0000 0.0000 0.0000 0.0013 0.0000 0.0416
513      513   (0)     15  : 0.5882 0.0000 0.0000 0.3628 0.0000 0.0000 0.0017 0.0000 0.0035 0.0066 0.0085 0.0000 0.0287
514      514   (0)     15  : 0.4308 0.0000 0.0000 0.4546 0.0000 0.0000 0.0154 0.0000 0.0000 0.0166 0.0000 0.0000 0.0826
515      515   (0)     16  : 0.0118 0.0000 0.0000 0.0000 0.0000 0.0000 0.0488 0.0000 0.0000 0.5644 0.2500 0.1250 0.0000
516      516   (0)     16  : 0.6891 0.0000 0.0021 0.2391 0.0000 0.0000 0.0105 0.0000 0.0000 0.0059 0.0000 0.0000 0.0532
517      517   (0)     16  : 0.0000 0.0170 0.0000 0.0000 0.8510 0.0214 0.0000 0.0231 0.0871 0.0000 0.0000 0.0004 0.0000
518      518   (0)     16  : 0.6338 0.0000 0.0148 0.3251 0.0000 0.0000 0.0088 0.0000 0.0000 0.0045 0.0014 0.0000 0.0117
519      519   (0)     16  : 0.1603 0.0000 0.0000 0.8294 0.0000 0.0000 0.0001 0.0000 0.0003 0.0049 0.0000 0.0000 0.0050
520      520   (0)     16  : 0.2312 0.0000 0.0000 0.6142 0.0000 0.0000 0.0128 0.0000 0.0000 0.0060 0.0108 0.0000 0.1250
521      521   (0)     16  : 0.2770 0.0000 0.0000 0.7015 0.0000 0.0000 0.0184 0.0000 0.0000 0.0000 0.0030 0.0000 0.0000
522      522   (0)     16  : 0.0000 0.0000 0.0052 0.0000 0.1198 0.0000 0.0000 0.0000 0.8750 0.0000 0.0000 0.0000 0.0000
523      523   (0)     16  : 0.2974 0.0000 0.0000 0.6925 0.0000 0.0000 0.0042 0.0000 0.0000 0.0000 0.0015 0.0000 0.0045
524      524   (0)     16  : 0.0000 0.0305 0.0000 0.0000 0.8381 0.0000 0.0000 0.0460 0.0854 0.0000 0.0000 0.0000 0.0000
525      525   (0)     16  : 0.7107 0.0000 0.0000 0.2761 0.0000 0.0000 0.0006 0.0000 0.0000 0.0126 0.0000 0.0000 0.0000
526      526   (0)     16  : 0.0772 0.0000 0.0000 0.9192 0.0000 0.0000 0.0000 0.0000 0.0005 0.0024 0.0000 0.0000 0.0007
527      527   (0)     16  : 0.0000 0.0000 0.0000 0.0000 0.8824 0.0000 0.0000 0.0000 0.0967 0.0000 0.0000 0.0000 0.0209
528      528   (0)     16  : 0.2630 0.0000 0.0000 0.6827 0.0000 0.0000 0.0172 0.0000 0.0000 0.0221 0.0060 0.0090 0.0000
529      529   (0)     16  : 0.3567 0.0000 0.0000 0.5678 0.0000 0.0000 0.0012 0.0000 0.0000 0.0192 0.0024 0.0000 0.0527
530      530   (0)     16  : 0.4043 0.0000 0.0000 0.5442 0.0000 0.0000 0.0227 0.0000 0.0000 0.0048 0.0156 0.0000 0.0084
531      531   (0)     16  : 0.4208 0.0000 0.0000 0.5303 0.0000 0.0000 0.0000 0.0000 0.0000 0.0000 0.0000 0.0000 0.0489
532      532   (0)     16  : 0.0000 0.0000 0.0058 0.0000 0.1192 0.0000 0.0000 0.0000 0.8750 0.0000 0.0000 0.0000 0.0000
533      533   (0)     16  : 0.0000 0.0000 0.0085 0.0000 0.1165 0.0000 0.0000 0.0000 0.8750 0.0000 0.0000 0.0000 0.0000
534      534   (0)     16  : 0.2657 0.0000 0.0000 0.7251 0.0000 0.0000 0.0044 0.0000 0.0000 0.0048 0.0000 0.0000 0.0000
535      535   (0)     16  : 0.0868 0.0000 0.0000 0.8875 0.0000 0.0000 0.0025 0.0000 0.0000 0.0000 0.0006 0.0000 0.0225
536      536   (0)     16  : 0.2323 0.0000 0.0000 0.7494 0.0000 0.0000 0.0000 0.0000 0.0057 0.0001 0.0082 0.0000 0.0042
537      537   (0)     16  : 0.1315 0.0000 0.0000 0.8643 0.0000 0.0000 0.0033 0.0000 0.0000 0.0000 0.0000 0.0000 0.0010
538      538   (0)     16  : 0.2106 0.0000 0.0000 0.7894 0.0000 0.0000 0.0000 0.0000 0.0000 0.0000 0.0000 0.0000 0.0000
539      539   (0)     16  : 0.1237 0.0000 0.0000 0.8672 0.0000 0.0000 0.0000 0.0000 0.0000 0.0000 0.0035 0.0055 0.0000
540      540   (0)     16  : 0.3217 0.0000 0.0000 0.5909 0.0000 0.0000 0.0044 0.0000 0.0000 0.0023 0.0026 0.0000 0.0782
541      541   (0)     16  : 0.0000 0.0000 1.0000 0.0000 0.0000 0.0000 0.0000 0.0000 0.0000 0.0000 0.0000 0.0000 0.0000
542      542   (0)     16  : 0.2734 0.0000 0.0000 0.6848 0.0000 0.0000 0.0000 0.0000 0.0063 0.0070 0.0000 0.0000 0.0286
543      543   (0)     16  : 0.2888 0.0000 0.0000 0.7112 0.0000 0.0000 0.0000 0.0000 0.0000 0.0000 0.0000 0.0000 0.0000
544      544   (0)     16  : 0.3953 0.0000 0.0000 0.5680 0.0000 0.0000 0.0000 0.0000 0.0000 0.0000 0.0000 0.0000 0.0367
