1 0.0021
2 0.0018
3 0.0018
4 0.0021
5 0.0024
6 0.0022
7 0.002
8 0.0018
9 0.002
10 0.0019
11 0.002
12 0.0024
13 0.0021
14 0.0022
15 0.0021
16 0.0029
17 0.002
18 0.0021
19 0.0025
20 0.002
21 0.0021
22 0.0018
23 0.002
24 0.002
25 0.002
26 0.0021
27 0.0018
28 0.0018
29 0.0021
30 0.002
31 0.0021
32 0.0018
33 0.0042
34 0.002
35 0.0019
36 0.0019
37 0.0018
38 0.0018
39 0.0019
40 0.0021
41 0.0018
42 0.0018
43 0.002
44 0.0018
45 0.0018
46 0.0021
47 0.0018
48 0.0019
49 0.0018
50 0.0018
51 0.0018
52 0.0019
53 0.0018
54 0.0021
55 0.0018
56 0.002
57 0.0021
58 0.002
59 0.0021
60 0.0019
61 0.0023
62 0.0019
63 0.002
64 0.0018
65 0.002
66 0.0019
67 0.0021
68 0.0021
69 0.0018
70 0.0021
71 0.0019
72 0.0019
73 0.002
74 0.0018
75 0.0018
76 0.0018
77 0.0023
78 0.0019
79 0.0017
80 0.0019
81 0.0021
82 0.0018
83 0.0018
84 0.002
85 0.0016
86 0.002
87 0.0021
88 0.0022
89 0.0021
90 0.0022
91 0.0021
92 0.0021
93 0.0019
94 0.0019
95 0.0022
96 0.0019
97 0.002
98 0.0022
99 0.0019
100 0.0021
101 0.0021
102 0.0021
103 0.0022
104 0.002
105 0.0021
106 0.0022
107 0.0021
108 0.0022
109 0.002
110 0.0021
111 0.0021
112 0.0021
113 0.002
114 0.0021
115 0.0022
116 0.0022
117 0.0022
118 0.0022
119 0.0021
120 0.0019
121 0.002
122 0.002
123 0.0021
124 0.002
125 0.0021
126 0.0021
127 0.0023
128 0.002
129 0.002
130 0.0018
131 0.002
132 0.0019
133 0.0019
134 0.0018
135 0.0019
136 0.002
137 0.0019
138 0.0021
139 0.0021
140 0.002
141 0.0019
142 0.002
143 0.0018
144 0.0019
145 0.0019
146 0.0019
147 0.0021
148 0.0019
149 0.0019
150 0.0019
151 0.0018
152 0.002
153 0.0018
154 0.0019
155 0.0021
156 0.0019
157 0.0021
158 0.0018
159 0.002
160 0.0018
161 0.002
162 0.002
163 0.0019
164 0.0018
165 0.0018
166 0.0019
167 0.0021
168 0.002
169 0.0021
170 0.0021
171 0.0021
172 0.0021
173 0.002
174 0.0019
175 0.0022
176 0.0018
177 0.0021
178 0.0022
179 0.0019
180 0.0021
181 0.0021
182 0.0021
183 0.0018
184 0.002
185 0.0019
186 0.002
187 0.0023
188 0.0018
189 0.0022
190 0.0019
191 0.0023
192 0.0022
193 0.002
194 0.0021
195 0.0021
196 0.0021
197 0.0023
198 0.002
199 0.002
200 0.0018
201 0.002
202 0.002
203 0.002
204 0.002
205 0.002
206 0.0021
207 0.0022
208 0.0018
209 0.002
210 0.0022
211 0.0023
212 0.0021
213 0.0021
214 0.0021
215 0.002
216 0.002
217 0.0019
218 0.0021
219 0.0021
220 0.0016
221 0.0015
222 0.0014
223 0.0015
224 0.0015
225 0.0016
226 0.0015
227 0.0015
228 0.0015
229 0.0015
230 0.0016
231 0.0015
232 0.0014
233 0.0015
234 0.0015
235 0.0017
236 0.0014
237 0.0015
238 0.0016
239 0.0015
240 0.0015
241 0.0015
242 0.0015
243 0.0015
244 0.0015
245 0.0015
246 0.0015
247 0.0015
248 0.0015
249 0.0015
250 0.0015
251 0.0015
252 0.002
253 0.0015
254 0.0015
255 0.0015
256 0.0015
257 0.0015
258 0.0015
259 0.0015
260 0.0015
261 0.0014
262 0.0017
263 0.0015
264 0.0015
265 0.0015
266 0.0015
267 0.0015
268 0.0015
269 0.0015
270 0.0015
271 0.0014
272 0.0015
273 0.0015
274 0.0014
275 0.0015
276 0.0015
277 0.0015
278 0.0015
279 0.0015
280 0.0015
281 0.0015
282 0.0015
283 0.0016
284 0.0014
285 0.0015
286 0.0016
287 0.0015
288 0.0015
289 0.0015
290 0.0015
291 0.0014
292 0.0015
293 0.0014
294 0.0015
295 0.0014
296 0.0015
297 0.0015
298 0.0015
299 0.0015
300 0.0015
301 0.0015
302 0.0014
303 0.0015
304 0.0015
305 0.0014
306 0.0015
307 0.0015
308 0.0014
309 0.0014
310 0.0015
311 0.0015
312 0.0014
313 0.0015
314 0.0015
315 0.0015
316 0.0015
317 0.0015
318 0.0014
319 0.0015
320 0.0015
321 0.0015
322 0.0015
323 0.0015
324 0.0015
325 0.0014
326 0.0014
327 0.0015
328 0.0015
329 0.0015
330 0.0015
331 0.0015
332 0.0015
333 0.0014
334 0.0015
335 0.0015
336 0.0014
337 0.0015
338 0.0014
339 0.0015
340 0.0014
341 0.0015
342 0.0014
343 0.0015
344 0.0014
345 0.0014
346 0.0019
347 0.0015
348 0.0015
349 0.0015
350 0.0014
351 0.0015
352 0.0015
353 0.0015
354 0.0015
355 0.0015
356 0.0015
357 0.0015
358 0.0014
359 0.0015
360 0.0015
361 0.0014
362 0.0014
363 0.0015
364 0.002
365 0.0014
366 0.0014
367 0.0015
368 0.0015
369 0.0014
370 0.0014
371 0.0015
372 0.0016
373 0.0014
374 0.0014
375 0.0015
376 0.0015
377 0.002
378 0.0014
379 0.0016
380 0.0014
381 0.0016
382 0.0017
383 0.0016
384 0.0015
385 0.0016
386 0.0015
387 0.0014
388 0.0015
389 0.0015
390 0.0014
391 0.0014
392 0.0014
393 0.0015
394 0.0015
395 0.0017
396 0.0017
397 0.0015
398 0.0014
399 0.0014
400 0.0015
401 0.0016
402 0.0014
403 0.0015
404 0.0015
405 0.0016
406 0.0016
407 0.0015
408 0.0015
409 0.0018
410 0.0018
411 0.0015
412 0.0015
413 0.0015
414 0.0015
415 0.0015
416 0.0015
417 0.0015
418 0.0018
419 0.0015
420 0.0014
421 0.0014
422 0.0015
423 0.0018
424 0.0021
425 0.002
426 0.0021
427 0.0018
428 0.0019
429 0.0021
430 0.0019
431 0.0019
432 0.0018
433 0.002
434 0.0019
435 0.0023
436 0.0021
437 0.0024
438 0.0018
439 0.0018
440 0.0018
441 0.0017
442 0.0022
443 0.0018
444 0.0018
445 0.0021
446 0.0019
447 0.0019
448 0.0019
449 0.0018
450 0.0018
451 0.0022
452 0.0021
453 0.0019
454 0.0018
455 0.002
456 0.002
457 0.002
458 0.002
459 0.0018
460 0.0019
461 0.0018
462 0.0019
463 0.0025
464 0.002
465 0.0018
466 0.0019
467 0.0019
468 0.0024
469 0.002
470 0.0018
471 0.0023
472 0.0018
473 0.0022
474 0.0018
475 0.0018
476 0.0018
477 0.002
478 0.002
479 0.0019
480 0.0019
481 0.0023
482 0.0018
483 0.002
484 0.002
485 0.0018
486 0.0018
487 0.002
488 0.0019
489 0.0018
490 0.002
491 0.002
492 0.0016
493 0.002
494 0.0018
495 0.0018
496 0.0018
497 0.002
498 0.0021
499 0.0021
500 0.0017
501 0.0018
502 0.0018
503 0.0017
504 0.0021
505 0.0018
506 0.0018
507 0.0018
508 0.0018
509 0.0018
510 0.0018
511 0.0018
512 0.0019
513 0.0018
514 0.0022
515 0.002
516 0.0018
517 0.0018
518 0.0021
519 0.0019
520 0.0019
521 0.0018
522 0.0021
523 0.0017
524 0.0019
525 0.0018
526 0.0018
527 0.0018
528 0.0017
529 0.0018
530 0.0018
531 0.0018
532 0.002
533 0.002
534 0.0018
535 0.0018
536 0.0019
537 0.0019
538 0.0018
539 0.0018
540 0.0018
541 0.0018
542 0.0018
543 0.0019
544 0.0018
