1        1   (0)      1  : 0.0000 0.0000 0.0000 0.0000 0.0000 0.0000 0.0000 0.0000 0.0000 0.0000 0.0000 0.0000 0.0000 0.0000 0.2523 0.0000 0.0000 0.7477
2        2   (0)      1  : 0.1302 0.0000 0.0000 0.7986 0.0000 0.0000 0.0000 0.0000 0.0000 0.0000 0.0000 0.0000 0.0000 0.0000 0.0000 0.0526 0.0000 0.0187
3        3   (0)      1  : 0.5103 0.0000 0.0000 0.4395 0.0000 0.0000 0.0000 0.0000 0.0000 0.0501 0.0000 0.0000 0.0000 0.0000 0.0000 0.0000 0.0000 0.0000
4        4   (0)      1  : 0.0259 0.1209 0.0120 0.0000 0.0000 0.0000 0.3088 0.0000 0.0000 0.1139 0.0910 0.0000 0.0000 0.0000 0.0000 0.0000 0.1269 0.2005
5        5   (0)      1  : 0.0079 0.0686 0.0000 0.0009 0.0000 0.0000 0.0489 0.0000 0.0000 0.0005 0.0484 0.0000 0.0000 0.0000 0.6647 0.0000 0.1191 0.0410
6        6   (0)      1  : 0.0000 0.0554 0.0000 0.0000 0.0000 0.0000 0.2826 0.0000 0.0000 0.0760 0.0000 0.0000 0.0000 0.0000 0.3777 0.0065 0.2019 0.0000
7        7   (0)      1  : 0.1086 0.0000 0.0000 0.7168 0.0000 0.0000 0.0000 0.0000 0.0000 0.0000 0.0000 0.0000 0.0000 0.0000 0.0000 0.1746 0.0000 0.0000
8        8   (0)      1  : 0.1318 0.0000 0.0000 0.8682 0.0000 0.0000 0.0000 0.0000 0.0000 0.0000 0.0000 0.0000 0.0000 0.0000 0.0000 0.0000 0.0000 0.0000
9        9   (0)      1  : 0.0000 0.5415 0.0000 0.0003 0.0000 0.0000 0.0000 0.0000 0.0000 0.0000 0.1262 0.0000 0.0000 0.0000 0.0000 0.0000 0.3320 0.0000
10       10   (0)      1  : 0.3755 0.0151 0.0000 0.4058 0.0000 0.0000 0.0000 0.0000 0.0000 0.0072 0.0000 0.0000 0.0000 0.0000 0.0000 0.1964 0.0000 0.0000
11       11   (0)      1  : 0.0000 0.3171 0.0000 0.0000 0.0000 0.0000 0.0000 0.0000 0.0000 0.0000 0.1297 0.0000 0.0000 0.0000 0.4135 0.0000 0.0000 0.1398
12       12   (0)      1  : 0.0000 0.0002 0.0000 0.0000 0.0000 0.0000 0.2570 0.0000 0.0000 0.0000 0.0000 0.0000 0.0000 0.0000 0.0907 0.0000 0.3333 0.3189
13       13   (0)      1  : 0.0000 0.1304 0.0000 0.0000 0.0000 0.0000 0.0001 0.0000 0.0000 0.3428 0.0558 0.0000 0.0000 0.0000 0.0942 0.0000 0.3768 0.0000
14       14   (0)      1  : 0.0000 0.0000 0.0000 0.0000 0.0000 0.0000 0.0000 0.0000 0.0000 0.0000 0.0000 0.0000 0.0000 0.0000 0.6667 0.0000 0.0000 0.3333
15       15   (0)      1  : 0.0000 0.0490 0.0000 0.0000 0.0000 0.0000 0.0000 0.0000 0.0000 0.0743 0.0000 0.0000 0.0000 0.0000 0.0915 0.0000 0.0000 0.7853
16       16   (0)      1  : 0.0000 0.0993 0.0000 0.0395 0.0000 0.0000 0.2322 0.0000 0.0077 0.1149 0.0675 0.0000 0.0000 0.0000 0.1858 0.0191 0.0001 0.2337
17       17   (0)      1  : 0.0000 0.0000 0.0000 0.0000 0.0000 0.0000 0.0000 0.0000 0.0000 0.1996 0.0000 0.0000 0.0000 0.0000 0.8004 0.0000 0.0000 0.0000
18       18   (0)      1  : 0.0000 0.3059 0.0000 0.0000 0.0000 0.0000 0.0000 0.0000 0.0000 0.0000 0.1592 0.0000 0.0000 0.0000 0.1742 0.0000 0.0000 0.3608
19       19   (0)      1  : 0.0000 0.0855 0.0000 0.0000 0.0000 0.0000 0.8645 0.0000 0.0000 0.0000 0.0000 0.0000 0.0000 0.0000 0.0000 0.0000 0.0000 0.0500
20       20   (0)      1  : 0.0000 0.1015 0.0000 0.0000 0.0000 0.0000 0.2973 0.0000 0.0000 0.1110 0.0000 0.0000 0.0000 0.0000 0.4902 0.0000 0.0000 0.0000
21       21   (0)      1  : 0.0000 0.0000 0.0000 0.0000 0.0000 0.0000 0.2040 0.0000 0.0000 0.6601 0.0000 0.0000 0.0000 0.0000 0.0348 0.0000 0.1011 0.0000
22       22   (0)      1  : 0.3486 0.0000 0.0000 0.3307 0.0000 0.0000 0.0000 0.0000 0.0000 0.0124 0.0000 0.0000 0.0000 0.0000 0.0234 0.2849 0.0000 0.0000
23       23   (0)      1  : 0.0000 0.0000 0.0000 0.0000 0.0000 0.0000 0.6342 0.0000 0.0000 0.3658 0.0000 0.0000 0.0000 0.0000 0.0000 0.0000 0.0000 0.0000
24       24   (0)      1  : 0.0000 0.3333 0.0000 0.0000 0.0000 0.0000 0.6667 0.0000 0.0000 0.0000 0.0000 0.0000 0.0000 0.0000 0.0000 0.0000 0.0000 0.0000
25       25   (0)      1  : 0.0040 0.0259 0.0000 0.0000 0.0000 0.0000 0.2832 0.0000 0.0000 0.0000 0.0000 0.0000 0.0000 0.0000 0.6008 0.0000 0.0000 0.0860
26       26   (0)      1  : 0.0000 0.0000 0.0000 0.0000 0.0000 0.0000 0.0433 0.0000 0.0000 0.0000 0.0781 0.0000 0.0000 0.0000 0.1485 0.0000 0.7301 0.0000
27       27   (0)      1  : 0.0000 0.0000 0.0000 0.0000 0.9303 0.0000 0.0000 0.0479 0.0000 0.0000 0.0000 0.0002 0.0216 0.0000 0.0000 0.0000 0.0000 0.0000
28       28   (0)      1  : 0.0000 0.0000 0.0000 0.0000 1.0000 0.0000 0.0000 0.0000 0.0000 0.0000 0.0000 0.0000 0.0000 0.0000 0.0000 0.0000 0.0000 0.0000
29       29   (0)      1  : 0.0000 0.0000 0.0000 0.0000 0.0000 0.0000 0.0000 0.0000 0.0000 0.1586 0.0000 0.0000 0.0000 0.0000 0.0936 0.0000 0.0000 0.7478
30       30   (0)      1  : 0.0000 0.3333 0.0000 0.0000 0.0000 0.0000 0.0000 0.0000 0.0000 0.0000 0.0000 0.0000 0.0000 0.0000 0.0000 0.0000 0.6667 0.0000
31       31   (0)      1  : 0.0218 0.2535 0.0000 0.0000 0.0000 0.0000 0.3897 0.0000 0.0000 0.0976 0.0000 0.0000 0.0000 0.0000 0.0000 0.0000 0.0000 0.2374
32       32   (0)      1  : 0.0000 0.0116 0.0000 0.0000 0.0000 0.0000 0.0000 0.0000 0.0000 0.0000 0.0000 0.0000 0.0000 0.0000 0.0000 0.9884 0.0000 0.0000
33       33   (0)      1  : 0.0000 0.1347 0.0000 0.0000 0.4122 0.0000 0.2475 0.0000 0.0000 0.0000 0.0000 0.0000 0.0000 0.0000 0.0000 0.2056 0.0000 0.0000
34       34   (0)      1  : 0.0000 0.0000 0.0000 0.0000 0.0000 0.0000 0.0000 0.0000 0.0000 0.6667 0.0000 0.0000 0.0000 0.0000 0.0000 0.0000 0.0000 0.3333
35       35   (0)      1  : 0.0000 0.0000 1.0000 0.0000 0.0000 0.0000 0.0000 0.0000 0.0000 0.0000 0.0000 0.0000 0.0000 0.0000 0.0000 0.0000 0.0000 0.0000
36       36   (0)      1  : 0.0000 0.0000 1.0000 0.0000 0.0000 0.0000 0.0000 0.0000 0.0000 0.0000 0.0000 0.0000 0.0000 0.0000 0.0000 0.0000 0.0000 0.0000
37       37   (0)      1  : 0.0000 0.0000 1.0000 0.0000 0.0000 0.0000 0.0000 0.0000 0.0000 0.0000 0.0000 0.0000 0.0000 0.0000 0.0000 0.0000 0.0000 0.0000
38       38   (0)      1  : 0.0000 0.0000 0.0000 0.0000 1.0000 0.0000 0.0000 0.0000 0.0000 0.0000 0.0000 0.0000 0.0000 0.0000 0.0000 0.0000 0.0000 0.0000
39       39   (0)      1  : 0.0000 0.0000 0.0000 0.0000 0.9823 0.0000 0.0000 0.0000 0.0000 0.0000 0.0000 0.0000 0.0001 0.0176 0.0000 0.0000 0.0000 0.0000
40       40   (0)      1  : 0.0000 0.2332 0.0000 0.0000 0.0000 0.0000 0.0000 0.0000 0.0000 0.3333 0.0000 0.0000 0.0000 0.0000 0.3939 0.0000 0.0396 0.0000
41       41   (0)      1  : 0.0191 0.0000 0.0000 0.6364 0.0000 0.0000 0.0000 0.0000 0.0000 0.0260 0.0000 0.0000 0.0000 0.0000 0.0000 0.3186 0.0000 0.0000
42       42   (0)      1  : 0.0000 0.0000 0.0000 0.0000 1.0000 0.0000 0.0000 0.0000 0.0000 0.0000 0.0000 0.0000 0.0000 0.0000 0.0000 0.0000 0.0000 0.0000
43       43   (0)      1  : 0.0000 0.0000 0.0000 0.0000 0.0000 0.0000 0.0000 0.0000 0.0000 0.3333 0.0000 0.0000 0.0000 0.0000 0.6667 0.0000 0.0000 0.0000
44       44   (0)      1  : 0.2724 0.0000 0.0000 0.3364 0.0000 0.0000 0.0000 0.0000 0.0000 0.0000 0.0000 0.0000 0.0000 0.0000 0.0000 0.3819 0.0093 0.0000
45       45   (0)      1  : 0.0000 0.0000 0.0000 0.0000 1.0000 0.0000 0.0000 0.0000 0.0000 0.0000 0.0000 0.0000 0.0000 0.0000 0.0000 0.0000 0.0000 0.0000
46       46   (0)      1  : 0.0000 0.0000 0.0000 0.0000 0.0000 0.0000 0.0000 0.0000 0.0000 0.0000 0.1545 0.0000 0.0000 0.0000 0.5985 0.0000 0.0000 0.2469
47       47   (0)      1  : 0.0000 0.0000 0.0000 0.0000 0.9942 0.0000 0.0000 0.0000 0.0000 0.0000 0.0000 0.0058 0.0000 0.0000 0.0000 0.0000 0.0000 0.0000
48       48   (0)      1  : 0.0000 0.0000 0.0000 0.0000 0.0000 0.0000 0.0000 0.0000 0.0000 0.0000 0.0000 0.0000 0.0000 0.0000 0.0000 1.0000 0.0000 0.0000
49       49   (0)      1  : 0.3078 0.0000 0.0000 0.4190 0.0000 0.0000 0.0000 0.0000 0.0000 0.0000 0.0000 0.0000 0.0000 0.0000 0.0000 0.2732 0.0000 0.0000
50       50   (0)      1  : 0.0000 0.0000 0.0000 0.0000 1.0000 0.0000 0.0000 0.0000 0.0000 0.0000 0.0000 0.0000 0.0000 0.0000 0.0000 0.0000 0.0000 0.0000
51       51   (0)      1  : 0.0000 0.0000 0.0000 0.0000 1.0000 0.0000 0.0000 0.0000 0.0000 0.0000 0.0000 0.0000 0.0000 0.0000 0.0000 0.0000 0.0000 0.0000
52       52   (0)      1  : 0.3595 0.0000 0.0000 0.4978 0.0000 0.0000 0.0449 0.0000 0.0000 0.0000 0.0000 0.0000 0.0000 0.0000 0.0000 0.0702 0.0000 0.0276
53       53   (0)      1  : 0.0000 0.0000 0.0000 0.4463 0.0000 0.0000 0.0000 0.0000 0.0000 0.0000 0.0000 0.0000 0.0000 0.0000 0.0000 0.5537 0.0000 0.0000
54       54   (0)      1  : 0.5150 0.0000 0.0000 0.2788 0.0000 0.0000 0.0000 0.0000 0.0000 0.0000 0.0131 0.0000 0.0000 0.0000 0.0000 0.1720 0.0211 0.0000
55       55   (0)      1  : 0.0000 0.0000 0.0000 0.0000 0.9680 0.0000 0.0000 0.0320 0.0000 0.0000 0.0000 0.0000 0.0000 0.0000 0.0000 0.0000 0.0000 0.0000
56       56   (0)      2  : 0.0000 0.1977 0.0000 0.0000 0.0000 0.0000 0.2568 0.0000 0.0000 0.0000 0.0000 0.0000 0.0000 0.0000 0.0000 0.0000 0.5455 0.0000
57       57   (0)      2  : 0.0000 0.0000 0.0000 0.0000 0.0000 0.0000 0.0000 0.0000 0.0000 1.0000 0.0000 0.0000 0.0000 0.0000 0.0000 0.0000 0.0000 0.0000
58       58   (0)      2  : 0.0000 0.0001 0.0000 0.0000 0.0000 0.0000 0.0000 0.0000 0.0000 0.4605 0.0027 0.0000 0.0000 0.0000 0.0000 0.0000 0.0000 0.5366
59       59   (0)      2  : 0.0000 0.4686 0.0000 0.0000 0.0000 0.0000 0.3163 0.0000 0.0000 0.0000 0.2152 0.0000 0.0000 0.0000 0.0000 0.0000 0.0000 0.0000
60       60   (0)      2  : 0.4091 0.0000 0.0000 0.0752 0.0000 0.0000 0.0000 0.0000 0.0000 0.0000 0.0000 0.0000 0.0000 0.0000 0.0194 0.4726 0.0000 0.0237
61       61   (0)      2  : 0.0000 0.0000 0.0000 0.0000 0.0000 0.0000 0.1797 0.0000 0.0000 0.1746 0.0000 0.0000 0.0000 0.0000 0.6443 0.0000 0.0000 0.0014
62       62   (0)      2  : 0.0000 0.0000 1.0000 0.0000 0.0000 0.0000 0.0000 0.0000 0.0000 0.0000 0.0000 0.0000 0.0000 0.0000 0.0000 0.0000 0.0000 0.0000
63       63   (0)      2  : 0.0000 0.0000 0.0000 0.0000 0.0000 0.0000 0.2662 0.0000 0.0000 0.4005 0.0000 0.0000 0.0000 0.0000 0.0000 0.0000 0.0000 0.3333
64       64   (0)      2  : 0.0000 0.0000 1.0000 0.0000 0.0000 0.0000 0.0000 0.0000 0.0000 0.0000 0.0000 0.0000 0.0000 0.0000 0.0000 0.0000 0.0000 0.0000
65       65   (0)      2  : 0.0383 0.2229 0.0000 0.0000 0.0000 0.0000 0.2009 0.0000 0.0000 0.2224 0.0000 0.0000 0.0000 0.0000 0.1657 0.0000 0.1498 0.0000
66       66   (0)      2  : 0.0000 0.0000 1.0000 0.0000 0.0000 0.0000 0.0000 0.0000 0.0000 0.0000 0.0000 0.0000 0.0000 0.0000 0.0000 0.0000 0.0000 0.0000
67       67   (0)      2  : 0.0000 0.0000 0.0000 0.0000 0.0000 0.0000 0.0000 0.0000 0.0000 0.6345 0.0000 0.0000 0.0000 0.0000 0.0000 0.0000 0.0000 0.3655
68       68   (0)      2  : 0.0000 0.0000 0.0000 0.0157 0.0000 0.0000 0.2008 0.0000 0.0000 0.0992 0.0000 0.0000 0.0000 0.0000 0.2441 0.0000 0.3333 0.1069
69       69   (0)      2  : 0.1966 0.0023 0.0000 0.8012 0.0000 0.0000 0.0000 0.0000 0.0000 0.0000 0.0000 0.0000 0.0000 0.0000 0.0000 0.0000 0.0000 0.0000
70       70   (0)      2  : 0.0000 0.0873 0.0000 0.0000 0.0000 0.0000 0.0000 0.0000 0.0000 0.0000 0.0000 0.0000 0.0000 0.0000 0.0000 0.0000 0.0634 0.8493
71       71   (0)      2  : 0.0000 0.0000 1.0000 0.0000 0.0000 0.0000 0.0000 0.0000 0.0000 0.0000 0.0000 0.0000 0.0000 0.0000 0.0000 0.0000 0.0000 0.0000
72       72   (0)      2  : 0.0000 0.0000 1.0000 0.0000 0.0000 0.0000 0.0000 0.0000 0.0000 0.0000 0.0000 0.0000 0.0000 0.0000 0.0000 0.0000 0.0000 0.0000
73       73   (0)      2  : 0.0000 0.6667 0.0000 0.0228 0.0000 0.0000 0.0000 0.0000 0.0000 0.0000 0.2027 0.0000 0.0000 0.0000 0.0000 0.0000 0.1079 0.0000
74       74   (0)      2  : 0.0000 0.0000 0.0000 0.6839 0.0000 0.0000 0.0000 0.0000 0.0000 0.0000 0.0000 0.0000 0.0000 0.0000 0.0000 0.3161 0.0000 0.0000
75       75   (0)      2  : 0.0000 0.0000 0.0000 0.0000 0.9906 0.0014 0.0000 0.0000 0.0000 0.0000 0.0000 0.0080 0.0000 0.0000 0.0000 0.0000 0.0000 0.0000
76       76   (0)      2  : 0.1017 0.0000 0.0000 0.7880 0.0000 0.0000 0.0078 0.0000 0.0000 0.0000 0.0000 0.0000 0.0000 0.0000 0.0000 0.1025 0.0000 0.0000
77       77   (0)      2  : 0.0217 0.2628 0.0000 0.0000 0.0000 0.0000 0.5748 0.0000 0.0000 0.1407 0.0000 0.0000 0.0000 0.0000 0.0000 0.0000 0.0000 0.0000
78       78   (0)      2  : 0.0000 0.0000 1.0000 0.0000 0.0000 0.0000 0.0000 0.0000 0.0000 0.0000 0.0000 0.0000 0.0000 0.0000 0.0000 0.0000 0.0000 0.0000
79       79   (0)      2  : 0.0000 0.0000 0.0000 0.0000 1.0000 0.0000 0.0000 0.0000 0.0000 0.0000 0.0000 0.0000 0.0000 0.0000 0.0000 0.0000 0.0000 0.0000
80       80   (0)      2  : 0.0000 0.0000 1.0000 0.0000 0.0000 0.0000 0.0000 0.0000 0.0000 0.0000 0.0000 0.0000 0.0000 0.0000 0.0000 0.0000 0.0000 0.0000
81       81   (0)      2  : 0.0000 0.0000 0.0000 0.0000 0.0000 0.0000 0.5828 0.0000 0.0000 0.1931 0.0000 0.0000 0.0000 0.0000 0.0000 0.0000 0.0000 0.2241
82       82   (0)      2  : 0.0000 0.0000 0.0000 1.0000 0.0000 0.0000 0.0000 0.0000 0.0000 0.0000 0.0000 0.0000 0.0000 0.0000 0.0000 0.0000 0.0000 0.0000
83       83   (0)      2  : 0.1291 0.0000 0.0000 0.0000 0.0000 0.0000 0.0000 0.0000 0.0000 0.0000 0.0000 0.0000 0.0000 0.0000 0.0000 0.8709 0.0000 0.0000
84       84   (0)      2  : 0.0668 0.0982 0.0000 0.1235 0.0000 0.0000 0.0335 0.0000 0.0000 0.5432 0.0000 0.0000 0.0000 0.0000 0.0000 0.0000 0.0000 0.1349
85       85   (0)      2  : 0.0000 0.0820 0.0000 0.0199 0.0000 0.0000 0.2608 0.0000 0.0000 0.3115 0.1349 0.0000 0.0000 0.0000 0.0000 0.0000 0.1909 0.0000
86       86   (0)      2  : 0.0000 0.0000 0.0000 0.0000 0.0000 0.0000 0.0000 0.0000 0.0000 0.0000 0.0000 0.0000 0.0000 0.0000 0.6357 0.0000 0.0000 0.3643
87       87   (0)      2  : 0.0000 0.0000 0.0000 0.0000 0.0000 0.0000 0.3869 0.0000 0.0000 0.0000 0.0000 0.0000 0.0000 0.0000 0.0000 0.0155 0.0000 0.5975
88       88   (0)      2  : 0.0000 0.0000 0.0000 0.0000 0.0000 0.0000 0.3726 0.0000 0.0000 0.0000 0.0000 0.0000 0.0000 0.0000 0.2030 0.0000 0.4245 0.0000
89       89   (0)      2  : 0.0000 0.2049 0.0000 0.0000 0.0000 0.0000 0.0000 0.0000 0.0000 0.2084 0.0732 0.0000 0.0000 0.0000 0.2646 0.0000 0.2490 0.0000
90       90   (0)      2  : 0.0000 0.0000 0.0000 0.0000 0.0000 0.0000 0.0000 0.0000 0.0000 0.0000 0.0000 0.0000 0.0000 0.0000 0.8488 0.0000 0.0000 0.1512
91       91   (0)      2  : 0.0000 0.0000 0.0000 0.0000 0.0000 0.0000 0.0000 0.0000 0.0000 1.0000 0.0000 0.0000 0.0000 0.0000 0.0000 0.0000 0.0000 0.0000
92       92   (0)      2  : 0.0000 0.0715 0.0000 0.0279 0.0000 0.0000 0.3217 0.0000 0.0000 0.0480 0.0782 0.0000 0.0000 0.0000 0.2983 0.0000 0.0042 0.1503
93       93   (0)      2  : 0.8976 0.0000 0.0000 0.0266 0.0000 0.0000 0.0000 0.0000 0.0000 0.0000 0.0000 0.0000 0.0000 0.0000 0.0000 0.0758 0.0000 0.0000
94       94   (0)      2  : 0.0837 0.0001 0.0000 0.4221 0.0000 0.0000 0.0000 0.0000 0.0000 0.0000 0.0077 0.0000 0.0000 0.0000 0.0001 0.4862 0.0000 0.0000
95       95   (0)      2  : 0.0000 0.0000 1.0000 0.0000 0.0000 0.0000 0.0000 0.0000 0.0000 0.0000 0.0000 0.0000 0.0000 0.0000 0.0000 0.0000 0.0000 0.0000
96       96   (0)      2  : 0.9918 0.0000 0.0000 0.0000 0.0000 0.0000 0.0082 0.0000 0.0000 0.0000 0.0000 0.0000 0.0000 0.0000 0.0000 0.0000 0.0000 0.0000
97       97   (0)      2  : 0.7146 0.0000 0.0000 0.1783 0.0000 0.0000 0.0000 0.0000 0.0000 0.0000 0.0000 0.0000 0.0000 0.0000 0.0000 0.0847 0.0000 0.0223
98       98   (0)      2  : 0.0000 0.6667 0.0000 0.0000 0.0000 0.0000 0.0000 0.0000 0.0000 0.0000 0.1591 0.0000 0.0000 0.0000 0.0000 0.0000 0.0000 0.1742
99       99   (0)      2  : 0.0000 0.0000 1.0000 0.0000 0.0000 0.0000 0.0000 0.0000 0.0000 0.0000 0.0000 0.0000 0.0000 0.0000 0.0000 0.0000 0.0000 0.0000
100      100   (0)      2  : 0.0000 0.3923 0.0000 0.0000 0.0000 0.0000 0.2744 0.0000 0.0000 0.0000 0.3333 0.0000 0.0000 0.0000 0.0000 0.0000 0.0000 0.0000
101      101   (0)      3  : 0.0000 0.4018 0.0000 0.0000 0.0000 0.0000 0.3111 0.0000 0.0000 0.1043 0.1828 0.0000 0.0000 0.0000 0.0000 0.0000 0.0000 0.0000
102      102   (0)      3  : 0.0000 0.0000 0.0000 0.0000 0.0000 0.0000 0.2900 0.0000 0.0000 0.1623 0.0000 0.0000 0.0000 0.0000 0.0000 0.0000 0.1287 0.4190
103      103   (0)      3  : 0.0000 0.1811 0.0000 0.0000 0.0000 0.0000 0.7153 0.0000 0.0000 0.1022 0.0000 0.0000 0.0000 0.0000 0.0014 0.0000 0.0000 0.0000
104      104   (0)      3  : 0.0000 0.0000 0.0000 0.0000 0.0000 0.0000 0.0000 0.0000 0.0000 0.0000 0.0000 0.0000 0.0000 0.0000 0.0000 0.0000 0.3333 0.6667
105      105   (0)      3  : 0.0000 0.1230 0.0000 0.0000 0.0000 0.0000 0.0000 0.0000 0.0000 0.0000 0.0000 0.0000 0.0000 0.0000 0.2104 0.0000 0.6667 0.0000
106      106   (0)      3  : 0.0000 0.2044 0.0000 0.0000 0.0000 0.0000 0.7956 0.0000 0.0000 0.0000 0.0000 0.0000 0.0000 0.0000 0.0000 0.0000 0.0000 0.0000
107      107   (0)      3  : 0.0000 0.0000 0.0000 0.0000 0.0000 0.0000 0.0000 0.0000 0.0000 0.2422 0.0000 0.0000 0.0000 0.0000 0.4245 0.0000 0.0000 0.3333
108      108   (0)      3  : 0.0000 0.2021 0.0000 0.0000 0.0000 0.0000 0.4646 0.0000 0.0000 0.0000 0.3333 0.0000 0.0000 0.0000 0.0000 0.0000 0.0000 0.0000
109      109   (0)      3  : 0.0000 0.3840 0.0000 0.0000 0.0000 0.0000 0.2826 0.0000 0.0000 0.0000 0.3333 0.0000 0.0000 0.0000 0.0000 0.0000 0.0000 0.0000
110      110   (0)      3  : 0.0000 0.0000 0.0000 0.0000 0.0000 0.0000 0.3333 0.0000 0.0000 0.0000 0.0000 0.0000 0.0000 0.0000 0.0000 0.0000 0.0000 0.6667
111      111   (0)      3  : 0.0000 0.0000 0.0000 0.0000 0.0000 0.0000 0.0000 0.0000 0.0000 0.0000 0.0000 0.0000 0.0000 0.0000 1.0000 0.0000 0.0000 0.0000
112      112   (0)      3  : 0.0000 0.0000 0.0000 0.0000 0.0000 0.0000 0.0000 0.0000 0.0000 0.0000 0.0000 0.0000 0.0000 0.0000 0.0000 0.0000 0.6667 0.3333
113      113   (0)      3  : 0.0000 0.3333 0.0000 0.0000 0.0000 0.0000 0.0000 0.0000 0.0000 0.0000 0.0000 0.0000 0.0000 0.0000 0.0000 0.0000 0.6667 0.0000
114      114   (0)      3  : 0.0000 0.3333 0.0000 0.0000 0.0000 0.0000 0.2641 0.0000 0.0000 0.0000 0.0000 0.0000 0.0000 0.0000 0.0000 0.0047 0.3978 0.0000
115      115   (0)      3  : 0.0000 0.6667 0.0000 0.0000 0.0000 0.0000 0.0000 0.0000 0.0000 0.0000 0.3333 0.0000 0.0000 0.0000 0.0000 0.0000 0.0000 0.0000
116      116   (0)      3  : 0.0000 0.0000 0.0000 0.0000 0.0000 0.0000 0.3847 0.0000 0.0000 0.3684 0.0000 0.0000 0.0000 0.0000 0.0000 0.0000 0.1585 0.0884
117      117   (0)      3  : 0.0000 0.1853 0.0000 0.0552 0.0000 0.0000 0.2348 0.0000 0.0000 0.0000 0.0000 0.0000 0.0000 0.0000 0.0583 0.0000 0.2819 0.1845
118      118   (0)      3  : 0.0000 0.3256 0.0000 0.0000 0.0000 0.0000 0.0000 0.0000 0.0000 0.3538 0.0000 0.0000 0.0000 0.0000 0.0568 0.0000 0.2638 0.0000
119      119   (0)      3  : 0.0000 0.0000 0.0000 0.0000 0.0000 0.0000 0.2621 0.0000 0.0000 0.0000 0.0451 0.0000 0.0000 0.0000 0.0000 0.0059 0.1628 0.5240
120      120   (0)      3  : 0.0146 0.0817 0.0800 0.0347 0.0000 0.0000 0.2821 0.0000 0.0000 0.0001 0.0055 0.0000 0.0000 0.0000 0.0925 0.0000 0.3034 0.1055
121      121   (0)      3  : 0.0000 0.1599 0.0000 0.0000 0.0000 0.0000 0.5398 0.0000 0.0000 0.0000 0.0000 0.0000 0.0000 0.0000 0.0000 0.0000 0.3004 0.0000
122      122   (0)      3  : 0.0000 0.0000 0.0000 0.0000 0.0000 0.0000 0.0000 0.0000 0.0000 0.0000 0.3333 0.0000 0.0000 0.0000 0.0000 0.0000 0.0000 0.6667
123      123   (0)      3  : 0.0000 0.0000 0.0000 0.0000 0.0000 0.0000 0.0000 0.0000 0.0000 0.0000 0.0000 0.0000 0.0000 0.0000 1.0000 0.0000 0.0000 0.0000
124      124   (0)      3  : 0.0000 0.0002 0.0000 0.0000 0.0000 0.0000 0.1843 0.0000 0.0000 0.0000 0.0000 0.0000 0.0000 0.0000 0.7481 0.0000 0.0000 0.0674
125      125   (0)      3  : 0.0000 0.0000 0.0000 0.0000 0.0000 0.0000 0.0000 0.0000 0.0000 0.0000 0.0000 0.0000 0.0000 0.0000 0.5280 0.0000 0.3161 0.1560
126      126   (0)      3  : 0.0000 0.3644 0.0000 0.0070 0.0000 0.0000 0.0500 0.0000 0.0000 0.0000 0.1183 0.0000 0.0000 0.0000 0.0732 0.0070 0.3801 0.0000
127      127   (0)      3  : 0.0000 0.3102 0.0000 0.0000 0.0000 0.0000 0.0000 0.0000 0.0000 0.1627 0.1765 0.0000 0.0000 0.0000 0.2847 0.0448 0.0000 0.0210
128      128   (0)      3  : 0.0000 0.3271 0.0000 0.0000 0.0000 0.0000 0.3523 0.0000 0.0000 0.3130 0.0000 0.0000 0.0000 0.0000 0.0077 0.0000 0.0000 0.0000
129      129   (0)      3  : 0.0000 0.0000 0.0000 0.0000 0.0000 0.0000 0.0000 0.0000 0.0000 0.4252 0.0000 0.0000 0.0000 0.0000 0.2976 0.0302 0.2470 0.0000
130      130   (0)      3  : 0.0905 0.0000 0.0000 0.3956 0.0000 0.0000 0.0000 0.0000 0.0000 0.0141 0.0000 0.0000 0.0000 0.0000 0.0144 0.4854 0.0000 0.0000
131      131   (0)      3  : 0.6714 0.0000 0.0000 0.2489 0.0000 0.0000 0.0467 0.0000 0.0000 0.0000 0.0000 0.0000 0.0000 0.0000 0.0330 0.0000 0.0000 0.0000
132      132   (0)      3  : 0.0000 0.0000 1.0000 0.0000 0.0000 0.0000 0.0000 0.0000 0.0000 0.0000 0.0000 0.0000 0.0000 0.0000 0.0000 0.0000 0.0000 0.0000
133      133   (0)      3  : 0.0000 0.0000 0.0000 0.0000 0.8679 0.0000 0.0000 0.0378 0.0894 0.0000 0.0000 0.0050 0.0000 0.0000 0.0000 0.0000 0.0000 0.0000
134      134   (0)      3  : 0.0901 0.0000 0.0000 0.5069 0.0182 0.0000 0.0606 0.0000 0.0000 0.0493 0.0000 0.0000 0.0000 0.0000 0.0000 0.2749 0.0000 0.0000
135      135   (0)      3  : 0.0000 0.3929 0.0000 0.0000 0.0000 0.0000 0.0000 0.0000 0.0000 0.2737 0.3333 0.0000 0.0000 0.0000 0.0000 0.0000 0.0000 0.0000
136      136   (0)      3  : 0.0069 0.0712 0.0000 0.0000 0.0000 0.0000 0.1276 0.0000 0.0000 0.4471 0.0000 0.0000 0.0000 0.0000 0.0000 0.0000 0.2965 0.0507
137      137   (0)      3  : 0.5487 0.0037 0.0000 0.0723 0.0000 0.0000 0.0000 0.0000 0.0000 0.0000 0.0000 0.0000 0.0000 0.0000 0.0000 0.3753 0.0000 0.0000
138      138   (0)      3  : 0.0124 0.2403 0.0000 0.0000 0.0000 0.0000 0.1780 0.0000 0.0000 0.1256 0.0131 0.0000 0.0000 0.0000 0.0000 0.0000 0.3679 0.0627
139      139   (0)      3  : 0.0000 0.3773 0.0000 0.0000 0.0000 0.0000 0.0000 0.0000 0.0000 0.1983 0.1350 0.0000 0.0000 0.0000 0.2894 0.0000 0.0000 0.0000
140      140   (0)      3  : 0.0000 0.1538 0.0000 0.0000 0.0000 0.0000 0.1335 0.0000 0.0000 0.2252 0.0000 0.0000 0.0000 0.0000 0.0000 0.0000 0.0000 0.4875
141      141   (0)      3  : 0.0000 0.0000 1.0000 0.0000 0.0000 0.0000 0.0000 0.0000 0.0000 0.0000 0.0000 0.0000 0.0000 0.0000 0.0000 0.0000 0.0000 0.0000
142      142   (0)      3  : 0.0000 0.0000 1.0000 0.0000 0.0000 0.0000 0.0000 0.0000 0.0000 0.0000 0.0000 0.0000 0.0000 0.0000 0.0000 0.0000 0.0000 0.0000
143      143   (0)      3  : 0.0000 0.0000 1.0000 0.0000 0.0000 0.0000 0.0000 0.0000 0.0000 0.0000 0.0000 0.0000 0.0000 0.0000 0.0000 0.0000 0.0000 0.0000
144      144   (0)      3  : 0.0000 0.0000 1.0000 0.0000 0.0000 0.0000 0.0000 0.0000 0.0000 0.0000 0.0000 0.0000 0.0000 0.0000 0.0000 0.0000 0.0000 0.0000
145      145   (0)      3  : 0.0000 0.0000 1.0000 0.0000 0.0000 0.0000 0.0000 0.0000 0.0000 0.0000 0.0000 0.0000 0.0000 0.0000 0.0000 0.0000 0.0000 0.0000
146      146   (0)      3  : 0.5772 0.0000 0.0000 0.2738 0.0000 0.0000 0.0000 0.0000 0.0000 0.0000 0.0000 0.0000 0.0000 0.0000 0.0000 0.0924 0.0170 0.0396
147      147   (0)      3  : 0.0000 0.1892 0.0000 0.0000 0.0000 0.0000 0.3158 0.0000 0.0000 0.1617 0.3333 0.0000 0.0000 0.0000 0.0000 0.0000 0.0000 0.0000
148      148   (0)      3  : 0.0000 0.0000 1.0000 0.0000 0.0000 0.0000 0.0000 0.0000 0.0000 0.0000 0.0000 0.0000 0.0000 0.0000 0.0000 0.0000 0.0000 0.0000
149      149   (0)      3  : 0.0000 0.0000 1.0000 0.0000 0.0000 0.0000 0.0000 0.0000 0.0000 0.0000 0.0000 0.0000 0.0000 0.0000 0.0000 0.0000 0.0000 0.0000
150      150   (0)      3  : 0.0000 0.0000 0.0002 0.0000 0.8203 0.0000 0.0000 0.0000 0.1359 0.0000 0.0000 0.0000 0.0436 0.0000 0.0000 0.0000 0.0000 0.0000
151      151   (0)      3  : 0.0000 0.0000 0.0000 0.0000 1.0000 0.0000 0.0000 0.0000 0.0000 0.0000 0.0000 0.0000 0.0000 0.0000 0.0000 0.0000 0.0000 0.0000
152      152   (0)      3  : 0.0000 0.0000 0.0000 0.0000 0.0000 0.0000 0.0000 0.0000 0.0000 0.0000 0.0000 0.0000 0.0000 0.0000 0.3333 0.0000 0.6667 0.0000
153      153   (0)      3  : 0.0000 0.0000 1.0000 0.0000 0.0000 0.0000 0.0000 0.0000 0.0000 0.0000 0.0000 0.0000 0.0000 0.0000 0.0000 0.0000 0.0000 0.0000
154      154   (0)      3  : 0.0000 0.6667 0.0000 0.0000 0.0000 0.0000 0.0000 0.0000 0.0000 0.0000 0.3333 0.0000 0.0000 0.0000 0.0000 0.0000 0.0000 0.0000
155      155   (0)      3  : 0.0000 0.3333 0.0000 0.0000 0.0000 0.0000 0.2607 0.0000 0.0000 0.4060 0.0000 0.0000 0.0000 0.0000 0.0000 0.0000 0.0000 0.0000
156      156   (0)      3  : 0.0426 0.0000 0.0000 0.4832 0.0000 0.0000 0.0208 0.0000 0.0000 0.0431 0.0000 0.0000 0.0000 0.0000 0.0000 0.4101 0.0002 0.0000
157      157   (0)      3  : 0.0000 0.6667 0.0000 0.0000 0.0000 0.0000 0.0000 0.0000 0.0000 0.0000 0.3333 0.0000 0.0000 0.0000 0.0000 0.0000 0.0000 0.0000
158      158   (0)      3  : 0.0000 0.0000 0.0000 0.3080 0.0000 0.0000 0.0000 0.0000 0.0000 0.0000 0.0000 0.0000 0.0000 0.0000 0.0000 0.6920 0.0000 0.0000
159      159   (0)      3  : 0.0045 0.0000 0.0000 0.0000 0.0000 0.0000 0.2097 0.0000 0.0000 0.0298 0.0000 0.0000 0.0000 0.0000 0.2473 0.0000 0.5087 0.0000
160      160   (0)      3  : 0.4600 0.0044 0.0000 0.1876 0.0000 0.0000 0.0000 0.0000 0.0000 0.0000 0.0000 0.0000 0.0000 0.0000 0.0015 0.3400 0.0064 0.0000
161      161   (0)      4  : 0.0000 0.6667 0.0000 0.0000 0.0000 0.0000 0.0000 0.0000 0.0000 0.0000 0.3333 0.0000 0.0000 0.0000 0.0000 0.0000 0.0000 0.0000
162      162   (0)      4  : 0.0000 0.0000 0.0000 0.0000 0.0000 0.0000 0.0000 0.0000 0.0000 0.0000 0.0000 0.0000 0.0000 0.0000 1.0000 0.0000 0.0000 0.0000
163      163   (0)      4  : 0.0000 0.0000 1.0000 0.0000 0.0000 0.0000 0.0000 0.0000 0.0000 0.0000 0.0000 0.0000 0.0000 0.0000 0.0000 0.0000 0.0000 0.0000
164      164   (0)      4  : 0.3558 0.0000 0.0000 0.2121 0.0000 0.0000 0.0000 0.0000 0.0000 0.0000 0.0000 0.0000 0.0000 0.0000 0.0000 0.4321 0.0000 0.0000
165      165   (0)      4  : 0.0000 0.0000 1.0000 0.0000 0.0000 0.0000 0.0000 0.0000 0.0000 0.0000 0.0000 0.0000 0.0000 0.0000 0.0000 0.0000 0.0000 0.0000
166      166   (0)      4  : 0.0000 0.0000 1.0000 0.0000 0.0000 0.0000 0.0000 0.0000 0.0000 0.0000 0.0000 0.0000 0.0000 0.0000 0.0000 0.0000 0.0000 0.0000
167      167   (0)      4  : 0.0000 0.4373 0.0000 0.0000 0.0000 0.0000 0.3763 0.0000 0.0000 0.0000 0.0642 0.0000 0.0000 0.0000 0.1221 0.0000 0.0000 0.0000
168      168   (0)      4  : 0.0000 0.0000 0.0000 0.0000 0.0000 0.0000 0.8263 0.0000 0.0000 0.1737 0.0000 0.0000 0.0000 0.0000 0.0000 0.0000 0.0000 0.0000
169      169   (0)      4  : 0.0000 0.0000 0.0000 0.0000 0.0000 0.0000 0.1805 0.0000 0.0000 0.6667 0.0000 0.0000 0.0000 0.0000 0.0000 0.0000 0.0000 0.1529
170      170   (0)      4  : 0.0000 0.0000 0.0000 0.0000 0.0000 0.0000 0.1730 0.0000 0.0000 0.0000 0.0000 0.0000 0.0000 0.0000 0.4936 0.0000 0.3333 0.0000
171      171   (0)      4  : 0.0000 0.0000 0.0000 0.0000 0.0000 0.0000 0.3753 0.0000 0.0000 0.0001 0.0000 0.0000 0.0000 0.0000 0.2871 0.0041 0.0000 0.3333
172      172   (0)      4  : 0.0000 0.1503 0.0000 0.0000 0.0000 0.0000 0.3755 0.0000 0.0000 0.1271 0.0000 0.0000 0.0000 0.0000 0.0000 0.0000 0.0000 0.3472
173      173   (0)      4  : 0.0000 0.0000 0.0000 0.0000 0.0000 0.0000 0.1537 0.0000 0.0000 0.0000 0.0000 0.0000 0.0000 0.0000 0.8463 0.0000 0.0000 0.0000
174      174   (0)      4  : 0.2561 0.0000 0.0000 0.3119 0.0000 0.0000 0.0000 0.0000 0.0000 0.0291 0.0081 0.0000 0.0000 0.0000 0.0000 0.3947 0.0000 0.0000
175      175   (0)      4  : 0.0000 0.0554 0.0000 0.0000 0.0000 0.0000 0.2899 0.0000 0.0000 0.3769 0.0868 0.0000 0.0000 0.0000 0.0000 0.0000 0.1203 0.0707
176      176   (0)      4  : 0.0000 0.0000 1.0000 0.0000 0.0000 0.0000 0.0000 0.0000 0.0000 0.0000 0.0000 0.0000 0.0000 0.0000 0.0000 0.0000 0.0000 0.0000
177      177   (0)      4  : 0.0000 0.0525 0.0000 0.0000 0.0000 0.0000 0.6667 0.0000 0.0000 0.1688 0.0000 0.0000 0.0000 0.0000 0.1068 0.0052 0.0000 0.0000
178      178   (0)      4  : 0.0000 0.0000 1.0000 0.0000 0.0000 0.0000 0.0000 0.0000 0.0000 0.0000 0.0000 0.0000 0.0000 0.0000 0.0000 0.0000 0.0000 0.0000
179      179   (0)      4  : 0.0000 0.0000 1.0000 0.0000 0.0000 0.0000 0.0000 0.0000 0.0000 0.0000 0.0000 0.0000 0.0000 0.0000 0.0000 0.0000 0.0000 0.0000
180      180   (0)      4  : 0.0000 0.0000 0.0000 0.0000 0.0000 0.0000 0.0000 0.0000 0.0000 0.4745 0.0000 0.0000 0.0000 0.0000 0.0881 0.0000 0.1909 0.2466
181      181   (0)      4  : 0.0000 0.0000 0.0000 0.0000 0.0000 0.0000 0.0000 0.0000 0.0000 0.0000 0.0000 0.0000 0.0000 0.0000 0.2407 0.0000 0.7593 0.0000
182      182   (0)      4  : 0.0000 0.3333 0.0000 0.0000 0.0000 0.0000 0.6667 0.0000 0.0000 0.0000 0.0000 0.0000 0.0000 0.0000 0.0000 0.0000 0.0000 0.0000
183      183   (0)      4  : 0.3007 0.0000 0.0000 0.3220 0.0000 0.0000 0.0000 0.0000 0.0000 0.0000 0.0000 0.0000 0.0000 0.0000 0.0000 0.3773 0.0000 0.0000
184      184   (0)      4  : 0.4248 0.0105 0.0000 0.3462 0.0000 0.0000 0.0000 0.0000 0.0000 0.0000 0.0000 0.0000 0.0000 0.0000 0.0000 0.1934 0.0000 0.0250
185      185   (0)      4  : 0.0000 0.0000 1.0000 0.0000 0.0000 0.0000 0.0000 0.0000 0.0000 0.0000 0.0000 0.0000 0.0000 0.0000 0.0000 0.0000 0.0000 0.0000
186      186   (0)      4  : 0.0000 0.2460 0.0000 0.0000 0.0000 0.0000 0.0000 0.0000 0.0000 0.0000 0.0873 0.0000 0.0000 0.0000 0.0000 0.0000 0.6667 0.0000
187      187   (0)      4  : 0.0000 0.1104 0.0000 0.0611 0.0000 0.0000 0.0505 0.0000 0.0000 0.1868 0.0000 0.0000 0.0000 0.0000 0.2574 0.0000 0.0751 0.2587
188      188   (0)      4  : 0.0000 0.0000 1.0000 0.0000 0.0000 0.0000 0.0000 0.0000 0.0000 0.0000 0.0000 0.0000 0.0000 0.0000 0.0000 0.0000 0.0000 0.0000
189      189   (0)      4  : 0.0121 0.2331 0.0000 0.0000 0.0000 0.0000 0.3670 0.0000 0.0000 0.0000 0.0000 0.0000 0.0000 0.0000 0.0000 0.0000 0.3194 0.0685
190      190   (0)      4  : 0.1762 0.0000 0.0000 0.8238 0.0000 0.0000 0.0000 0.0000 0.0000 0.0000 0.0000 0.0000 0.0000 0.0000 0.0000 0.0000 0.0000 0.0000
191      191   (0)      4  : 0.0446 0.0000 0.1030 0.0979 0.0000 0.0000 0.0000 0.0000 0.0797 0.6748 0.0000 0.0000 0.0000 0.0000 0.0000 0.0000 0.0000 0.0000
192      192   (0)      4  : 0.0000 0.0000 0.0000 0.0000 0.0000 0.0000 0.1247 0.0000 0.0000 0.6667 0.2087 0.0000 0.0000 0.0000 0.0000 0.0000 0.0000 0.0000
193      193   (0)      4  : 0.0151 0.0000 0.0000 0.0000 0.0000 0.0000 0.1419 0.0000 0.0000 0.3346 0.0000 0.0000 0.0000 0.0000 0.0000 0.0000 0.5084 0.0000
194      194   (0)      4  : 0.0000 0.1993 0.0000 0.0000 0.0000 0.0000 0.1754 0.0000 0.0000 0.0000 0.1580 0.0000 0.0000 0.0000 0.0000 0.0000 0.4674 0.0000
195      195   (0)      4  : 0.0000 0.0000 0.0000 0.0000 0.0000 0.0000 0.1896 0.0000 0.0000 0.0519 0.0000 0.0000 0.0000 0.0000 0.1560 0.0000 0.0000 0.6024
196      196   (0)      4  : 0.0000 0.1916 0.0000 0.0000 0.0000 0.0000 0.5897 0.0000 0.0000 0.0000 0.1122 0.0000 0.0000 0.0000 0.0105 0.0000 0.0000 0.0960
197      197   (0)      4  : 0.0000 0.0000 0.0000 0.0000 0.0000 0.0000 0.0000 0.0000 0.0000 0.0000 0.3325 0.0000 0.0000 0.0000 0.4495 0.0000 0.0003 0.2177
198      198   (0)      4  : 0.0000 0.2680 0.0000 0.0000 0.0000 0.0000 0.1832 0.0000 0.0000 0.2154 0.1558 0.0000 0.0000 0.0000 0.0000 0.0000 0.0000 0.1775
199      199   (0)      4  : 0.0000 0.3295 0.0000 0.0013 0.0000 0.0000 0.2348 0.0000 0.0000 0.3333 0.0000 0.0000 0.0000 0.0000 0.0000 0.0000 0.0000 0.1010
200      200   (0)      4  : 0.0000 0.0000 0.0000 0.5657 0.0000 0.0000 0.0000 0.0000 0.0000 0.0000 0.0000 0.0000 0.0000 0.0000 0.0000 0.4125 0.0066 0.0152
201      201   (0)      4  : 0.0000 0.0000 0.0000 0.0000 0.0000 0.0000 0.0000 0.0000 0.0000 0.3333 0.0000 0.0000 0.0000 0.0000 0.0000 0.0000 0.0000 0.6667
202      202   (0)      4  : 0.0000 0.1387 0.0000 0.0000 0.0000 0.0000 0.6667 0.0000 0.0000 0.1946 0.0000 0.0000 0.0000 0.0000 0.0000 0.0000 0.0000 0.0000
203      203   (0)      4  : 0.0000 0.0000 0.0000 0.0000 0.0000 0.0000 0.1668 0.0000 0.0000 0.0000 0.0000 0.0000 0.0000 0.0000 0.5927 0.0039 0.2323 0.0043
204      204   (0)      4  : 0.0000 0.0000 0.0000 0.0000 0.0000 0.0000 0.0000 0.0000 0.0000 0.2083 0.0000 0.0000 0.0000 0.0000 0.4584 0.0000 0.0000 0.3333
205      205   (0)      4  : 0.0000 0.0000 0.0000 0.0000 0.0000 0.0000 0.0000 0.0000 0.0000 0.0000 0.0552 0.0000 0.0000 0.0000 0.0743 0.0017 0.8688 0.0000
206      206   (0)      4  : 0.0000 0.6667 0.0000 0.0000 0.0000 0.0000 0.0000 0.0000 0.0000 0.0000 0.3333 0.0000 0.0000 0.0000 0.0000 0.0000 0.0000 0.0000
207      207   (0)      4  : 0.0000 0.3690 0.0000 0.0000 0.0000 0.0000 0.1408 0.0000 0.0000 0.1829 0.1838 0.0000 0.0000 0.0000 0.0000 0.0000 0.1235 0.0000
208      208   (0)      4  : 0.2008 0.0000 0.0000 0.4653 0.0000 0.0000 0.0000 0.0000 0.0000 0.0582 0.0000 0.0000 0.0000 0.0000 0.0000 0.2556 0.0000 0.0200
209      209   (0)      4  : 0.0000 0.0000 0.0000 0.0000 0.0000 0.0000 0.0000 0.0000 0.0000 1.0000 0.0000 0.0000 0.0000 0.0000 0.0000 0.0000 0.0000 0.0000
210      210   (0)      4  : 0.0000 0.0000 0.0000 0.0000 0.0000 0.0000 0.1770 0.0000 0.0000 0.3241 0.0000 0.0000 0.0000 0.0000 0.0000 0.0000 0.0000 0.4989
211      211   (0)      4  : 0.0000 0.0000 0.0000 0.0000 0.0000 0.0000 0.0000 0.0000 0.0000 0.0000 0.0000 0.0000 0.0000 0.0000 0.1117 0.0000 0.8883 0.0000
212      212   (0)      4  : 0.6257 0.0000 0.0000 0.1510 0.0000 0.0000 0.0075 0.0000 0.0000 0.0079 0.0000 0.0000 0.0000 0.0000 0.0000 0.2078 0.0000 0.0000
213      213   (0)      4  : 0.0000 0.2375 0.0000 0.0000 0.0000 0.0000 0.0000 0.0000 0.0000 0.0001 0.1352 0.0000 0.0000 0.0000 0.0000 0.0000 0.1981 0.4291
214      214   (0)      4  : 0.0000 0.1885 0.0056 0.0000 0.0000 0.0000 0.8059 0.0000 0.0000 0.0000 0.0000 0.0000 0.0000 0.0000 0.0000 0.0000 0.0000 0.0000
215      215   (0)      4  : 0.1962 0.1065 0.0000 0.2120 0.0000 0.0000 0.0000 0.0000 0.0000 0.0000 0.1301 0.0000 0.0000 0.0000 0.0000 0.0784 0.0000 0.2768
216      216   (0)      4  : 0.0000 0.0000 0.0000 0.0000 0.0000 0.0000 0.0000 0.0000 0.0000 0.0000 0.0000 0.0000 0.0000 0.0000 0.6667 0.0000 0.3333 0.0000
217      217   (0)      4  : 0.0000 0.0000 1.0000 0.0000 0.0000 0.0000 0.0000 0.0000 0.0000 0.0000 0.0000 0.0000 0.0000 0.0000 0.0000 0.0000 0.0000 0.0000
218      218   (0)      4  : 0.0000 0.6667 0.0000 0.0000 0.0000 0.0000 0.0000 0.0000 0.0000 0.0893 0.1695 0.0000 0.0000 0.0000 0.0316 0.0118 0.0311 0.0000
219      219   (0)      4  : 0.0000 0.1533 0.0000 0.0000 0.0000 0.0000 0.3444 0.0000 0.0000 0.0000 0.0000 0.0000 0.0000 0.0000 0.0000 0.0000 0.5023 0.0000
220      220   (0)      5  : 0.0000 0.0000 0.0000 0.0000 0.0000 0.0686 0.0000 0.0000 0.0000 0.0000 0.0000 0.0000 0.0000 0.9314 0.0000 0.0000 0.0000 0.0000
221      221   (0)      5  : 0.0000 0.0000 0.0000 0.0000 0.0000 0.0000 0.0000 0.2094 0.0000 0.0000 0.0000 0.1448 0.6457 0.0000 0.0000 0.0000 0.0000 0.0000
222      222   (0)      6  : 0.0000 0.0000 0.0000 0.0000 0.0000 0.0000 0.0000 0.0292 0.0000 0.0000 0.2834 0.3095 0.3779 0.0000 0.0000 0.0000 0.0000 0.0000
223      223   (0)      6  : 0.0000 0.0000 0.0000 0.0000 0.0000 0.1011 0.0000 0.5371 0.0000 0.0000 0.0004 0.0000 0.3205 0.0409 0.0000 0.0000 0.0000 0.0000
224      224   (0)      6  : 0.0000 0.0000 0.0000 0.0000 0.0000 0.0000 0.0000 1.0000 0.0000 0.0000 0.0000 0.0000 0.0000 0.0000 0.0000 0.0000 0.0000 0.0000
225      225   (0)      6  : 0.0000 0.0000 0.0000 0.0000 0.0000 0.0000 0.0000 0.0000 0.0000 0.0000 0.0000 0.0000 0.0000 1.0000 0.0000 0.0000 0.0000 0.0000
226      226   (0)      6  : 0.0000 0.0000 0.0000 0.0000 0.0000 0.2713 0.0000 0.4940 0.0142 0.0000 0.0000 0.0079 0.0856 0.1270 0.0000 0.0000 0.0000 0.0000
227      227   (0)      6  : 0.0000 0.0000 0.0000 0.0000 0.0000 0.0109 0.0000 0.2568 0.0000 0.0000 0.3298 0.3686 0.0100 0.0238 0.0000 0.0000 0.0000 0.0000
228      228   (0)      6  : 0.0000 0.0000 0.0000 0.0000 0.0000 0.1142 0.0000 0.0000 0.0039 0.0000 0.0000 0.0000 0.0000 0.8818 0.0000 0.0000 0.0000 0.0000
229      229   (0)      6  : 0.0000 0.0000 0.0000 0.0000 0.0000 0.4835 0.0000 0.0000 0.0000 0.0000 0.3287 0.0083 0.0341 0.1455 0.0000 0.0000 0.0000 0.0000
230      230   (0)      6  : 0.0000 0.0000 0.0000 0.0000 0.0000 0.3408 0.0000 0.0893 0.0000 0.0000 0.1419 0.3206 0.0000 0.1074 0.0000 0.0000 0.0000 0.0000
231      231   (0)      6  : 0.0000 0.0000 0.0000 0.0000 0.0383 0.1920 0.0000 0.5563 0.0000 0.0000 0.0000 0.0000 0.0000 0.2135 0.0000 0.0000 0.0000 0.0000
232      232   (0)      6  : 0.0000 0.0000 0.0000 0.0000 0.0050 0.1132 0.0000 0.3353 0.0000 0.0000 0.1347 0.1235 0.2883 0.0000 0.0000 0.0000 0.0000 0.0000
233      233   (0)      6  : 0.0000 0.0000 0.0000 0.0000 0.0000 0.0000 0.0000 0.8913 0.0028 0.0000 0.0000 0.0000 0.0000 0.1059 0.0000 0.0000 0.0000 0.0000
234      234   (0)      6  : 0.0000 0.0000 0.0000 0.0000 0.0042 0.4548 0.0000 0.1365 0.0000 0.0000 0.0000 0.0024 0.4022 0.0000 0.0000 0.0000 0.0000 0.0000
235      235   (0)      6  : 0.0000 0.0000 0.0053 0.0000 0.0064 0.0111 0.0000 0.4361 0.0000 0.0000 0.0000 0.3592 0.1819 0.0000 0.0000 0.0000 0.0000 0.0000
236      236   (0)      6  : 0.0000 0.0000 0.0000 0.0000 0.0000 0.0000 0.0000 0.0000 0.0000 0.0000 0.1487 0.0031 0.8482 0.0000 0.0000 0.0000 0.0000 0.0000
237      237   (0)      6  : 0.0000 0.0000 0.0000 0.0000 0.0000 0.0802 0.0000 0.0346 0.0000 0.0000 0.4177 0.1994 0.0000 0.2681 0.0000 0.0000 0.0000 0.0000
238      238   (0)      6  : 0.0000 0.0000 0.0000 0.0000 0.0000 0.3428 0.0000 0.0000 0.0000 0.0000 0.2304 0.2789 0.0000 0.1479 0.0000 0.0000 0.0000 0.0000
239      239   (0)      6  : 0.0000 0.0000 0.0000 0.0000 0.0000 0.0000 0.0000 0.3383 0.0000 0.0000 0.4140 0.0000 0.0000 0.2477 0.0000 0.0000 0.0000 0.0000
240      240   (0)      6  : 0.0000 0.0000 0.0000 0.0000 0.0000 0.4647 0.0000 0.0000 0.0000 0.0000 0.0000 0.1626 0.0000 0.3727 0.0000 0.0000 0.0000 0.0000
241      241   (0)      6  : 0.0000 0.0000 0.0000 0.0000 0.0000 0.5254 0.0000 0.1322 0.0000 0.0000 0.0000 0.0628 0.0288 0.2508 0.0000 0.0000 0.0000 0.0000
242      242   (0)      6  : 0.0000 0.0000 0.0000 0.0000 0.0000 0.0237 0.0000 0.0000 0.0012 0.0000 0.0000 0.3180 0.5702 0.0869 0.0000 0.0000 0.0000 0.0000
243      243   (0)      6  : 0.0000 0.0000 0.0000 0.0000 0.0259 0.0115 0.0000 0.1959 0.0001 0.0000 0.6667 0.0000 0.0999 0.0000 0.0000 0.0000 0.0000 0.0000
244      244   (0)      6  : 0.0000 0.0000 0.0000 0.0000 0.0000 0.0000 0.0000 0.3847 0.0000 0.0000 0.0000 0.0000 0.3244 0.2909 0.0000 0.0000 0.0000 0.0000
245      245   (0)      6  : 0.0000 0.0000 0.0000 0.0000 0.0000 0.6091 0.0000 0.1636 0.0000 0.0000 0.2272 0.0000 0.0000 0.0000 0.0000 0.0000 0.0000 0.0000
246      246   (0)      6  : 0.0000 0.0000 0.0000 0.0000 0.0000 0.0000 0.0000 0.1145 0.0000 0.0000 0.0000 0.8853 0.0002 0.0000 0.0000 0.0000 0.0000 0.0000
247      247   (0)      6  : 0.0000 0.0000 0.0000 0.0000 0.0000 0.2315 0.0000 0.5901 0.0000 0.0000 0.0000 0.0000 0.1784 0.0000 0.0000 0.0000 0.0000 0.0000
248      248   (0)      6  : 0.0000 0.0000 0.0000 0.0000 0.0000 0.3993 0.0000 0.1863 0.0014 0.0000 0.2665 0.0622 0.0000 0.0842 0.0000 0.0000 0.0000 0.0000
249      249   (0)      7  : 0.0000 0.0000 0.0000 0.0000 0.0000 0.4451 0.0000 0.2898 0.0000 0.0000 0.0000 0.0000 0.0000 0.2651 0.0000 0.0000 0.0000 0.0000
250      250   (0)      7  : 0.0000 0.0000 0.0000 0.0000 0.0000 0.0000 0.0000 0.0000 0.0000 0.0000 0.0000 0.0000 1.0000 0.0000 0.0000 0.0000 0.0000 0.0000
251      251   (0)      7  : 0.0000 0.0000 0.0000 0.0000 0.0000 0.0000 0.0000 0.4233 0.0000 0.0000 0.0000 0.2794 0.2230 0.0743 0.0000 0.0000 0.0000 0.0000
252      252   (0)      7  : 0.0000 0.0000 0.0000 0.0000 0.0000 0.4303 0.0000 0.1947 0.0000 0.0000 0.1551 0.0000 0.2200 0.0000 0.0000 0.0000 0.0000 0.0000
253      253   (0)      7  : 0.0000 0.0000 0.0000 0.0000 0.0000 0.0000 0.0000 0.0000 0.0000 0.0000 0.0000 0.5093 0.4148 0.0759 0.0000 0.0000 0.0000 0.0000
254      254   (0)      7  : 0.0000 0.0000 0.0000 0.0000 0.0001 0.3572 0.0000 0.0514 0.0062 0.0000 0.0000 0.3643 0.2207 0.0000 0.0000 0.0000 0.0000 0.0000
255      255   (0)      7  : 0.0000 0.0000 0.0000 0.0000 0.0000 0.8094 0.0000 0.1165 0.0000 0.0000 0.0000 0.0000 0.0741 0.0000 0.0000 0.0000 0.0000 0.0000
256      256   (0)      7  : 0.0000 0.0000 0.0000 0.0000 0.0000 0.1492 0.0000 0.0000 0.0000 0.0000 0.0000 0.2799 0.0301 0.5408 0.0000 0.0000 0.0000 0.0000
257      257   (0)      7  : 0.0000 0.0000 0.0000 0.0000 0.0000 0.0000 0.0000 0.0000 0.0000 0.0000 0.0000 0.0000 0.0000 1.0000 0.0000 0.0000 0.0000 0.0000
258      258   (0)      7  : 0.0000 0.0000 0.0000 0.0000 0.0000 0.1748 0.0000 0.2448 0.0000 0.0000 0.1444 0.0000 0.0147 0.4212 0.0000 0.0000 0.0000 0.0000
259      259   (0)      7  : 0.0000 0.0000 0.0000 0.0000 0.0000 0.0000 0.0000 0.4552 0.0000 0.0000 0.0000 0.0000 0.2213 0.3234 0.0000 0.0000 0.0000 0.0000
260      260   (0)      7  : 0.0000 0.0000 0.0000 0.0000 0.0000 0.5389 0.0000 0.4611 0.0000 0.0000 0.0000 0.0000 0.0000 0.0000 0.0000 0.0000 0.0000 0.0000
261      261   (0)      7  : 0.0000 0.0000 0.0000 0.0000 0.0000 0.0000 0.0000 0.0000 0.0000 0.0000 0.0000 1.0000 0.0000 0.0000 0.0000 0.0000 0.0000 0.0000
262      262   (0)      7  : 0.0000 0.0000 0.0000 0.0000 0.0000 0.2265 0.0000 0.0000 0.0000 0.0000 0.0000 0.3914 0.1726 0.2095 0.0000 0.0000 0.0000 0.0000
263      263   (0)      7  : 0.0000 0.0000 0.0000 0.0000 0.0055 0.2437 0.0000 0.0829 0.0000 0.0000 0.3187 0.0361 0.1156 0.1976 0.0000 0.0000 0.0000 0.0000
264      264   (0)      7  : 0.0000 0.0000 0.0000 0.0000 0.0000 0.7869 0.0000 0.1046 0.0000 0.0000 0.0000 0.0000 0.1085 0.0000 0.0000 0.0000 0.0000 0.0000
265      265   (0)      7  : 0.0000 0.0000 0.0000 0.0000 0.0000 0.0000 0.0000 0.0000 0.0000 0.0000 0.3572 0.6428 0.0000 0.0000 0.0000 0.0000 0.0000 0.0000
266      266   (0)      7  : 0.0000 0.0000 0.0000 0.0000 0.0000 0.0000 0.0000 0.0917 0.0057 0.0000 0.6667 0.0787 0.1572 0.0000 0.0000 0.0000 0.0000 0.0000
267      267   (0)      7  : 0.0000 0.0000 0.0000 0.0000 0.0000 0.0000 0.0000 0.0000 0.0000 0.0000 0.0000 1.0000 0.0000 0.0000 0.0000 0.0000 0.0000 0.0000
268      268   (0)      7  : 0.0000 0.0000 0.0000 0.0000 0.0000 0.2743 0.0000 0.3174 0.0000 0.0000 0.0000 0.0007 0.3428 0.0648 0.0000 0.0000 0.0000 0.0000
269      269   (0)      7  : 0.0000 0.0000 0.0000 0.0000 0.0000 0.0000 0.0000 0.0000 0.0000 0.0000 0.3027 0.0000 0.6973 0.0000 0.0000 0.0000 0.0000 0.0000
270      270   (0)      7  : 0.0000 0.0000 0.0000 0.0000 0.0000 0.6667 0.0000 0.1319 0.0000 0.0000 0.0000 0.2014 0.0000 0.0000 0.0000 0.0000 0.0000 0.0000
271      271   (0)      7  : 0.0000 0.0000 0.0000 0.0000 0.0000 0.0173 0.0000 0.0000 0.0000 0.0000 0.0000 0.7565 0.2262 0.0000 0.0000 0.0000 0.0000 0.0000
272      272   (0)      7  : 0.0000 0.0000 0.0000 0.0000 0.0000 0.0000 0.0000 0.0000 0.0000 0.0000 0.0000 1.0000 0.0000 0.0000 0.0000 0.0000 0.0000 0.0000
273      273   (0)      7  : 0.0000 0.0000 0.0000 0.0000 0.0000 0.0959 0.0000 0.7812 0.0005 0.0000 0.0000 0.0525 0.0098 0.0601 0.0000 0.0000 0.0000 0.0000
274      274   (0)      7  : 0.0000 0.0000 0.0000 0.0000 0.0001 0.0567 0.0000 0.0702 0.0048 0.0000 0.6667 0.0800 0.1215 0.0000 0.0000 0.0000 0.0000 0.0000
275      275   (0)      7  : 0.0000 0.0000 0.0000 0.0000 0.0000 0.0000 0.0000 0.1966 0.0000 0.0000 0.0000 0.8034 0.0000 0.0000 0.0000 0.0000 0.0000 0.0000
276      276   (0)      7  : 0.0000 0.0000 0.0000 0.0000 0.0000 0.1049 0.0000 0.4237 0.0000 0.0000 0.0323 0.3748 0.0000 0.0643 0.0000 0.0000 0.0000 0.0000
277      277   (0)      7  : 0.0000 0.0000 0.0000 0.0000 0.0000 0.3443 0.0000 0.2813 0.0021 0.0000 0.0000 0.0031 0.3692 0.0000 0.0000 0.0000 0.0000 0.0000
278      278   (0)      7  : 0.0000 0.0000 0.0000 0.0000 0.0000 0.0000 0.0000 0.6405 0.0000 0.0000 0.3595 0.0000 0.0000 0.0000 0.0000 0.0000 0.0000 0.0000
279      279   (0)      8  : 0.0000 0.0000 0.0000 0.0000 0.0000 0.1229 0.0000 0.0000 0.0000 0.0000 0.1612 0.0000 0.7158 0.0000 0.0000 0.0000 0.0000 0.0000
280      280   (0)      8  : 0.0000 0.0000 0.0000 0.0000 0.0000 0.1626 0.0000 0.0000 0.0000 0.0000 0.0000 0.6198 0.2176 0.0000 0.0000 0.0000 0.0000 0.0000
281      281   (0)      8  : 0.0000 0.0000 0.0000 0.0000 0.0000 0.0000 0.0000 0.5039 0.0056 0.0000 0.0000 0.3647 0.0983 0.0275 0.0000 0.0000 0.0000 0.0000
282      282   (0)      8  : 0.0000 0.0000 0.0000 0.0000 0.0000 0.0654 0.0000 0.0444 0.0005 0.0000 0.0000 0.0000 0.0632 0.8265 0.0000 0.0000 0.0000 0.0000
283      283   (0)      8  : 0.0000 0.0000 0.0000 0.0000 0.0000 0.0000 0.0000 0.6218 0.0118 0.0000 0.0000 0.3664 0.0000 0.0000 0.0000 0.0000 0.0000 0.0000
284      284   (0)      8  : 0.0000 0.0000 0.0000 0.0000 0.0000 0.0459 0.0000 0.2940 0.0000 0.0000 0.2834 0.0049 0.3718 0.0000 0.0000 0.0000 0.0000 0.0000
285      285   (0)      8  : 0.0000 0.0000 0.0000 0.0000 0.0000 0.2237 0.0000 0.3832 0.0000 0.0000 0.2113 0.0000 0.1817 0.0000 0.0000 0.0000 0.0000 0.0000
286      286   (0)      8  : 0.0000 0.0000 0.0000 0.0000 0.0000 0.1924 0.0000 0.1654 0.0000 0.0000 0.0000 0.6258 0.0005 0.0160 0.0000 0.0000 0.0000 0.0000
287      287   (0)      8  : 0.0000 0.0000 0.0000 0.0000 0.0000 0.7790 0.0000 0.0984 0.0000 0.0000 0.0000 0.0000 0.1076 0.0150 0.0000 0.0000 0.0000 0.0000
288      288   (0)      8  : 0.0000 0.0000 0.0000 0.0000 0.0000 0.0000 0.0000 0.0000 0.0000 0.0000 0.0000 0.0000 1.0000 0.0000 0.0000 0.0000 0.0000 0.0000
289      289   (0)      8  : 0.0000 0.0000 0.0000 0.0000 0.0000 1.0000 0.0000 0.0000 0.0000 0.0000 0.0000 0.0000 0.0000 0.0000 0.0000 0.0000 0.0000 0.0000
290      290   (0)      5  : 0.0000 0.0000 0.0000 0.0000 0.0000 0.0000 0.0000 0.0000 0.0000 0.0000 0.3550 0.0000 0.6450 0.0000 0.0000 0.0000 0.0000 0.0000
291      291   (0)      5  : 0.0000 0.0000 0.0000 0.0000 0.0000 0.1983 0.0000 0.0000 0.0000 0.0000 0.0000 0.0000 0.0000 0.8017 0.0000 0.0000 0.0000 0.0000
292      292   (0)      5  : 0.0000 0.0000 0.0000 0.0000 0.0000 0.1330 0.0000 0.0000 0.0000 0.0000 0.0000 0.8656 0.0014 0.0000 0.0000 0.0000 0.0000 0.0000
293      293   (0)      5  : 0.0000 0.0000 0.0000 0.0000 0.0000 0.0000 0.0000 0.0000 0.0065 0.0000 0.6667 0.1127 0.1088 0.1053 0.0000 0.0000 0.0000 0.0000
294      294   (0)      5  : 0.0000 0.0000 0.0000 0.0000 0.0000 0.4068 0.0000 0.0000 0.0000 0.0000 0.0000 0.5932 0.0000 0.0000 0.0000 0.0000 0.0000 0.0000
295      295   (0)      5  : 0.0000 0.0000 0.0000 0.0000 0.0000 0.1726 0.0000 0.1414 0.0000 0.0000 0.2937 0.0000 0.3562 0.0361 0.0000 0.0000 0.0000 0.0000
296      296   (0)      5  : 0.0000 0.0000 0.0000 0.0000 0.0000 0.0000 0.0000 0.0000 0.0000 0.0000 0.6667 0.1251 0.0000 0.2083 0.0000 0.0000 0.0000 0.0000
297      297   (0)      5  : 0.0000 0.0000 0.0042 0.0000 0.0000 0.5300 0.0000 0.0000 0.0057 0.0000 0.0000 0.0000 0.0000 0.4601 0.0000 0.0000 0.0000 0.0000
298      298   (0)      5  : 0.0000 0.0000 0.0000 0.0000 0.0000 0.1909 0.0000 0.2906 0.0000 0.0000 0.0000 0.2194 0.2991 0.0000 0.0000 0.0000 0.0000 0.0000
299      299   (0)      5  : 0.0000 0.0000 0.0000 0.0000 0.0024 0.0354 0.0000 0.1676 0.0000 0.0000 0.0000 0.5765 0.1894 0.0288 0.0000 0.0000 0.0000 0.0000
300      300   (0)      5  : 0.0000 0.0000 0.0000 0.0000 0.0000 0.1762 0.0000 0.3186 0.0000 0.0000 0.0000 0.3111 0.1789 0.0152 0.0000 0.0000 0.0000 0.0000
301      301   (0)      5  : 0.0000 0.0000 0.0000 0.0000 0.0000 0.0000 0.0000 0.0000 0.0000 0.0000 0.0000 0.4529 0.2356 0.3116 0.0000 0.0000 0.0000 0.0000
302      302   (0)      5  : 0.0000 0.0000 0.0000 0.0000 0.0000 0.0000 0.0000 0.2593 0.0000 0.0000 0.1840 0.1119 0.4447 0.0000 0.0000 0.0000 0.0000 0.0000
303      303   (0)      5  : 0.0000 0.0000 0.0000 0.0000 0.0000 0.0000 0.0000 0.0000 0.0000 0.0000 0.6667 0.1206 0.1176 0.0951 0.0000 0.0000 0.0000 0.0000
304      304   (0)      5  : 0.0000 0.0000 0.0000 0.0000 0.0000 0.5759 0.0000 0.0000 0.0000 0.0000 0.2856 0.1384 0.0000 0.0000 0.0000 0.0000 0.0000 0.0000
305      305   (0)      5  : 0.0000 0.0000 0.0000 0.0000 0.0000 0.5026 0.0000 0.3825 0.0041 0.0000 0.0000 0.0373 0.0403 0.0332 0.0000 0.0000 0.0000 0.0000
306      306   (0)      5  : 0.0000 0.0000 0.0000 0.0000 0.0000 0.0000 0.0000 0.8423 0.0000 0.0000 0.0000 0.0000 0.0000 0.1577 0.0000 0.0000 0.0000 0.0000
307      307   (0)      5  : 0.0000 0.0000 0.0000 0.0000 0.0560 0.2531 0.0000 0.2477 0.0000 0.0000 0.0313 0.0000 0.3484 0.0634 0.0000 0.0000 0.0000 0.0000
308      308   (0)      5  : 0.0000 0.0000 0.0000 0.0000 0.0000 0.0000 0.0000 0.0000 0.0034 0.0000 0.3970 0.0000 0.0000 0.5996 0.0000 0.0000 0.0000 0.0000
309      309   (0)      5  : 0.0000 0.0000 0.0000 0.0000 0.0000 0.0000 0.0000 0.0850 0.0000 0.0000 0.0000 0.9150 0.0000 0.0000 0.0000 0.0000 0.0000 0.0000
310      310   (0)      5  : 0.0000 0.0000 0.0000 0.0000 0.0000 0.0000 0.0000 0.0000 0.0000 0.0000 0.0000 0.0000 1.0000 0.0000 0.0000 0.0000 0.0000 0.0000
311      311   (0)      5  : 0.0000 0.0000 0.0000 0.0000 0.0000 0.0388 0.0000 0.6002 0.0125 0.0000 0.1241 0.0000 0.1328 0.0916 0.0000 0.0000 0.0000 0.0000
312      312   (0)      5  : 0.0000 0.0000 0.0000 0.0000 0.0000 0.0261 0.0000 0.0978 0.0052 0.0000 0.0000 0.3880 0.0825 0.4004 0.0000 0.0000 0.0000 0.0000
313      313   (0)      5  : 0.0000 0.0000 0.0000 0.0000 0.0000 0.0494 0.0000 0.0546 0.0000 0.0000 0.6667 0.1177 0.0458 0.0660 0.0000 0.0000 0.0000 0.0000
314      314   (0)      5  : 0.0000 0.0000 0.0000 0.0000 0.0000 0.0000 0.0000 0.0224 0.0000 0.0000 0.0000 0.6483 0.0000 0.3293 0.0000 0.0000 0.0000 0.0000
315      315   (0)      5  : 0.0000 0.0000 0.0000 0.0000 0.0000 0.1170 0.0000 0.2752 0.0037 0.0000 0.0000 0.5093 0.0000 0.0948 0.0000 0.0000 0.0000 0.0000
316      316   (0)      5  : 0.0000 0.0000 0.0000 0.0000 0.0000 0.3977 0.0000 0.0201 0.0000 0.0000 0.0000 0.3552 0.0000 0.2269 0.0000 0.0000 0.0000 0.0000
317      317   (0)      5  : 0.0000 0.0000 0.0000 0.0000 0.0000 0.0000 0.0000 0.0000 0.0000 0.0000 0.0000 0.1762 0.8238 0.0000 0.0000 0.0000 0.0000 0.0000
318      318   (0)      8  : 0.0000 0.0000 0.0000 0.0000 0.0000 0.0000 0.0000 0.0000 0.0000 0.0000 0.0000 1.0000 0.0000 0.0000 0.0000 0.0000 0.0000 0.0000
319      319   (0)      8  : 0.0000 0.0000 0.0000 0.0000 0.0000 0.0001 0.0000 0.0000 0.0000 0.0000 0.0000 0.1635 0.5531 0.2833 0.0000 0.0000 0.0000 0.0000
320      320   (0)      9  : 0.0000 0.0000 0.0000 0.0000 0.0000 0.0000 0.0000 0.0000 0.0000 0.0000 0.2097 0.0033 0.2127 0.5743 0.0000 0.0000 0.0000 0.0000
321      321   (0)      9  : 0.0000 0.0000 0.0044 0.0000 0.0000 0.0000 0.0000 0.0173 0.0003 0.0000 0.0000 0.0000 0.9025 0.0754 0.0000 0.0000 0.0000 0.0000
322      322   (0)      9  : 0.0000 0.0000 0.0000 0.0000 0.0000 0.3283 0.0000 0.0669 0.0000 0.0000 0.0000 0.6049 0.0000 0.0000 0.0000 0.0000 0.0000 0.0000
323      323   (0)      9  : 0.0000 0.0000 0.0000 0.0000 0.0000 0.3374 0.0000 0.2232 0.0000 0.0000 0.0822 0.0004 0.3505 0.0063 0.0000 0.0000 0.0000 0.0000
324      324   (0)      9  : 0.0000 0.0000 0.0000 0.0000 0.0000 0.5350 0.0000 0.0000 0.0000 0.0000 0.0000 0.0710 0.3432 0.0508 0.0000 0.0000 0.0000 0.0000
325      325   (0)      8  : 0.0000 0.0000 0.0000 0.0000 0.0000 0.2170 0.0000 0.2983 0.0000 0.0000 0.4021 0.0000 0.0826 0.0000 0.0000 0.0000 0.0000 0.0000
326      326   (0)      8  : 0.0000 0.0000 0.0000 0.0000 0.0000 0.0815 0.0000 0.0942 0.0000 0.0000 0.0000 0.0290 0.7953 0.0000 0.0000 0.0000 0.0000 0.0000
327      327   (0)      8  : 0.0000 0.0000 0.0000 0.0000 0.0000 0.0000 0.0000 0.0000 0.0000 0.0000 0.4716 0.0000 0.1951 0.3333 0.0000 0.0000 0.0000 0.0000
328      328   (0)      8  : 0.0000 0.0000 0.0000 0.0000 0.0000 0.3848 0.0000 0.0000 0.0000 0.0000 0.0000 0.6080 0.0000 0.0072 0.0000 0.0000 0.0000 0.0000
329      329   (0)      8  : 0.0000 0.0000 0.0000 0.0000 0.0000 0.3580 0.0000 0.3647 0.0000 0.0000 0.0000 0.0000 0.2773 0.0000 0.0000 0.0000 0.0000 0.0000
330      330   (0)      9  : 0.0000 0.0000 0.0000 0.0000 0.0000 0.0000 0.0000 0.6029 0.0000 0.0000 0.0000 0.0342 0.2301 0.1328 0.0000 0.0000 0.0000 0.0000
331      331   (0)      9  : 0.0000 0.0000 0.0000 0.0000 0.0000 0.0000 0.0000 0.3176 0.0000 0.0000 0.1312 0.0447 0.5065 0.0000 0.0000 0.0000 0.0000 0.0000
332      332   (0)      9  : 0.0000 0.0000 0.0000 0.0000 0.0000 0.0001 0.0000 0.0000 0.0000 0.0000 0.0000 0.2528 0.0000 0.7471 0.0000 0.0000 0.0000 0.0000
333      333   (0)      9  : 0.0000 0.0000 0.0000 0.0000 0.0000 0.2828 0.0000 0.0691 0.0000 0.0000 0.0000 0.5916 0.0565 0.0000 0.0000 0.0000 0.0000 0.0000
334      334   (0)      9  : 0.0000 0.0000 0.0000 0.0000 0.0000 0.0520 0.0000 0.3451 0.0000 0.0000 0.2359 0.2679 0.0000 0.0991 0.0000 0.0000 0.0000 0.0000
335      335   (0)      9  : 0.0000 0.0000 0.0000 0.0000 0.0000 0.0922 0.0000 0.3596 0.0000 0.0000 0.1154 0.0000 0.4328 0.0000 0.0000 0.0000 0.0000 0.0000
336      336   (0)      8  : 0.0000 0.0000 0.0000 0.0000 0.0000 0.2988 0.0000 0.0561 0.0000 0.0000 0.0000 0.0000 0.4107 0.2344 0.0000 0.0000 0.0000 0.0000
337      337   (0)      8  : 0.0000 0.0000 0.0000 0.0000 0.0000 0.0000 0.0000 0.3233 0.0000 0.0000 0.0000 0.0000 0.0000 0.6767 0.0000 0.0000 0.0000 0.0000
338      338   (0)      8  : 0.0000 0.0000 0.0000 0.0000 0.0000 0.1957 0.0000 0.0000 0.0000 0.0000 0.0000 0.1377 0.0000 0.6667 0.0000 0.0000 0.0000 0.0000
339      339   (0)      8  : 0.0000 0.0000 0.0000 0.0000 0.0000 0.3185 0.0000 0.0756 0.0000 0.0000 0.0000 0.0059 0.2752 0.3248 0.0000 0.0000 0.0000 0.0000
340      340   (0)      8  : 0.0000 0.0000 0.0000 0.0000 0.0000 0.0000 0.0000 0.5789 0.0000 0.0000 0.2118 0.0436 0.0494 0.1163 0.0000 0.0000 0.0000 0.0000
341      341   (0)      8  : 0.0000 0.0000 0.0000 0.0000 0.0473 0.2992 0.0000 0.2312 0.0048 0.0000 0.0000 0.1686 0.0506 0.1982 0.0000 0.0000 0.0000 0.0000
342      342   (0)      8  : 0.0000 0.0000 0.0000 0.0000 0.0000 0.1061 0.0000 0.0000 0.0000 0.0000 0.0000 0.0000 0.3859 0.5080 0.0000 0.0000 0.0000 0.0000
343      343   (0)      9  : 0.0000 0.0000 0.0000 0.0000 0.0000 0.4327 0.0000 0.5278 0.0000 0.0000 0.0000 0.0000 0.0000 0.0395 0.0000 0.0000 0.0000 0.0000
344      344   (0)      9  : 0.0000 0.0000 0.0000 0.0000 0.0000 0.3475 0.0000 0.5750 0.0000 0.0000 0.0000 0.0000 0.0000 0.0775 0.0000 0.0000 0.0000 0.0000
345      345   (0)      9  : 0.0000 0.0000 0.0000 0.0000 0.0000 0.0000 0.0000 0.0264 0.0000 0.0000 0.0000 0.0000 0.9260 0.0475 0.0000 0.0000 0.0000 0.0000
346      346   (0)      9  : 0.0000 0.0000 0.0000 0.0000 0.0083 0.0404 0.0000 0.6582 0.0000 0.0000 0.2349 0.0572 0.0008 0.0004 0.0000 0.0000 0.0000 0.0000
347      347   (0)      9  : 0.0000 0.0000 0.0000 0.0000 0.0000 0.6667 0.0000 0.3333 0.0000 0.0000 0.0000 0.0000 0.0000 0.0000 0.0000 0.0000 0.0000 0.0000
348      348   (0)      9  : 0.0000 0.0000 0.0000 0.0000 0.0000 0.0000 0.0000 0.8541 0.0073 0.0000 0.0000 0.0594 0.0000 0.0792 0.0000 0.0000 0.0000 0.0000
349      349   (0)      9  : 0.0000 0.0000 0.0000 0.0000 0.0263 0.2148 0.0000 0.0749 0.0118 0.0000 0.0234 0.0000 0.1831 0.4657 0.0000 0.0000 0.0000 0.0000
350      350   (0)      9  : 0.0000 0.0000 0.0000 0.0000 0.0000 0.0984 0.0000 0.3231 0.0000 0.0000 0.1845 0.0230 0.3271 0.0439 0.0000 0.0000 0.0000 0.0000
351      351   (0)      9  : 0.0000 0.0000 0.0000 0.0000 0.0294 0.0000 0.0000 0.5492 0.0000 0.0000 0.0000 0.2257 0.1784 0.0173 0.0000 0.0000 0.0000 0.0000
352      352   (0)      9  : 0.0000 0.0000 0.0000 0.0000 0.0000 0.1293 0.0000 0.0000 0.0000 0.0000 0.2949 0.0000 0.0000 0.5757 0.0000 0.0000 0.0000 0.0000
353      353   (0)      9  : 0.0000 0.0000 0.0000 0.0000 0.0051 0.0798 0.0000 0.1660 0.0000 0.0000 0.0000 0.0000 0.0000 0.7491 0.0000 0.0000 0.0000 0.0000
354      354   (0)      9  : 0.0000 0.0000 0.0000 0.0000 0.0000 0.1515 0.0000 0.4751 0.0000 0.0000 0.0000 0.0000 0.3733 0.0000 0.0000 0.0000 0.0000 0.0000
355      355   (0)      9  : 0.0000 0.0000 0.0000 0.0000 0.0000 0.4274 0.0000 0.0000 0.0029 0.0000 0.0000 0.4231 0.1466 0.0000 0.0000 0.0000 0.0000 0.0000
356      356   (0)      9  : 0.0000 0.0000 0.0000 0.0000 0.0000 0.2212 0.0000 0.0000 0.0000 0.0000 0.0000 0.2240 0.4896 0.0651 0.0000 0.0000 0.0000 0.0000
357      357   (0)      9  : 0.0000 0.0000 0.0000 0.0000 0.0000 0.1744 0.0000 0.3092 0.0000 0.0000 0.0000 0.2740 0.1570 0.0854 0.0000 0.0000 0.0000 0.0000
358      358   (0)      9  : 0.0000 0.0000 0.0000 0.0000 0.0140 0.0000 0.0000 0.4267 0.0000 0.0000 0.0000 0.0000 0.4839 0.0755 0.0000 0.0000 0.0000 0.0000
359      359   (0)      9  : 0.0000 0.0000 0.0000 0.0000 0.0000 0.1909 0.0000 0.0000 0.0000 0.0000 0.0000 0.1387 0.0755 0.5949 0.0000 0.0000 0.0000 0.0000
360      360   (0)      9  : 0.0000 0.0000 0.0000 0.0000 0.0000 0.0000 0.0000 0.8376 0.0000 0.0000 0.0000 0.0000 0.0662 0.0963 0.0000 0.0000 0.0000 0.0000
361      361   (0)      9  : 0.0000 0.0000 0.0000 0.0000 0.0000 0.1231 0.0000 0.0936 0.0000 0.0000 0.1896 0.0000 0.5005 0.0931 0.0000 0.0000 0.0000 0.0000
362      362   (0)     10  : 0.0000 0.0000 0.0000 0.0000 0.0000 0.0000 0.0000 0.1461 0.0000 0.0000 0.0000 0.2192 0.6345 0.0003 0.0000 0.0000 0.0000 0.0000
363      363   (0)     10  : 0.0000 0.0000 0.0000 0.0000 0.0000 0.0000 0.0000 0.5314 0.0000 0.0000 0.0313 0.1429 0.2944 0.0000 0.0000 0.0000 0.0000 0.0000
364      364   (0)     10  : 0.0000 0.0000 0.0000 0.0000 0.0000 0.2942 0.0000 0.3068 0.0000 0.0000 0.0000 0.1778 0.2212 0.0000 0.0000 0.0000 0.0000 0.0000
365      365   (0)     10  : 0.0000 0.0000 0.0038 0.0000 0.0000 0.0624 0.0000 0.0359 0.0000 0.0000 0.0000 0.8184 0.0000 0.0795 0.0000 0.0000 0.0000 0.0000
366      366   (0)     10  : 0.0000 0.0000 0.0000 0.0000 0.0000 0.6404 0.0000 0.0000 0.0000 0.0000 0.3596 0.0000 0.0000 0.0000 0.0000 0.0000 0.0000 0.0000
367      367   (0)     10  : 0.0000 0.0000 0.0000 0.0000 0.0079 0.3742 0.0000 0.0890 0.0000 0.0000 0.0000 0.4499 0.0791 0.0000 0.0000 0.0000 0.0000 0.0000
368      368   (0)     10  : 0.0000 0.0000 0.0000 0.0000 0.0000 0.1370 0.0000 0.3704 0.0000 0.0000 0.3899 0.0273 0.0000 0.0755 0.0000 0.0000 0.0000 0.0000
369      369   (0)     10  : 0.0000 0.0000 0.0000 0.0000 0.0000 0.5866 0.0000 0.0000 0.0000 0.0000 0.4134 0.0000 0.0000 0.0000 0.0000 0.0000 0.0000 0.0000
370      370   (0)     10  : 0.0000 0.0000 0.0000 0.0000 0.0409 0.1491 0.0000 0.0945 0.0000 0.0000 0.1257 0.0000 0.5898 0.0000 0.0000 0.0000 0.0000 0.0000
371      371   (0)     10  : 0.0000 0.0000 0.0000 0.0000 0.0000 0.5333 0.0000 0.2518 0.0000 0.0000 0.2137 0.0000 0.0000 0.0012 0.0000 0.0000 0.0000 0.0000
372      372   (0)     10  : 0.0000 0.0000 0.0000 0.0000 0.0039 0.1428 0.0000 0.3804 0.0000 0.0000 0.0740 0.0875 0.3114 0.0000 0.0000 0.0000 0.0000 0.0000
373      373   (0)     10  : 0.0000 0.0000 0.0000 0.0000 0.0000 0.0311 0.0000 0.0397 0.0000 0.0000 0.0000 0.0000 0.6816 0.2475 0.0000 0.0000 0.0000 0.0000
374      374   (0)     10  : 0.0000 0.0000 0.0000 0.0000 0.0000 0.2562 0.0000 0.4152 0.0000 0.0000 0.2437 0.0000 0.0000 0.0850 0.0000 0.0000 0.0000 0.0000
375      375   (0)     10  : 0.0000 0.0000 0.0000 0.0000 0.0000 0.2843 0.0000 0.2102 0.0000 0.0000 0.0132 0.0667 0.4256 0.0000 0.0000 0.0000 0.0000 0.0000
376      376   (0)     10  : 0.0000 0.0000 0.0000 0.0000 0.0000 0.0000 0.0000 0.0000 0.0027 0.0000 0.0000 0.0000 0.9973 0.0000 0.0000 0.0000 0.0000 0.0000
377      377   (0)     10  : 0.0000 0.0000 0.0000 0.0000 0.0000 0.1545 0.0000 0.0820 0.0258 0.0000 0.1222 0.2875 0.1896 0.1382 0.0000 0.0000 0.0000 0.0000
378      378   (0)     10  : 0.0000 0.0000 0.0000 0.0000 0.0000 0.0000 0.0000 0.8064 0.0000 0.0000 0.0000 0.0000 0.1936 0.0000 0.0000 0.0000 0.0000 0.0000
379      379   (0)     10  : 0.0000 0.0000 0.0012 0.0000 0.0409 0.0937 0.0000 0.0000 0.0000 0.0000 0.1555 0.3266 0.3453 0.0370 0.0000 0.0000 0.0000 0.0000
380      380   (0)     10  : 0.0000 0.0000 0.0000 0.0000 0.0000 0.6650 0.0000 0.1376 0.0000 0.0000 0.1418 0.0000 0.0000 0.0557 0.0000 0.0000 0.0000 0.0000
381      381   (0)     10  : 0.0000 0.0000 0.0000 0.0000 0.0000 0.0000 0.0000 1.0000 0.0000 0.0000 0.0000 0.0000 0.0000 0.0000 0.0000 0.0000 0.0000 0.0000
382      382   (0)     10  : 0.0000 0.0000 0.0000 0.0000 0.0000 0.5058 0.0000 0.0563 0.0000 0.0000 0.0000 0.0000 0.3735 0.0644 0.0000 0.0000 0.0000 0.0000
383      383   (0)     10  : 0.0000 0.0000 0.0000 0.0000 0.0376 0.0000 0.0000 0.3294 0.0000 0.0000 0.0682 0.0000 0.1326 0.4322 0.0000 0.0000 0.0000 0.0000
384      384   (0)     10  : 0.0000 0.0000 0.0003 0.0000 0.0000 0.1329 0.0000 0.2363 0.0000 0.0000 0.0000 0.6305 0.0000 0.0000 0.0000 0.0000 0.0000 0.0000
385      385   (0)     10  : 0.0000 0.0000 0.0000 0.0000 0.0000 0.0000 0.0000 0.5978 0.0000 0.0000 0.0000 0.0000 0.3224 0.0797 0.0000 0.0000 0.0000 0.0000
386      386   (0)     10  : 0.0000 0.0000 0.0000 0.0000 0.0000 0.0000 0.0000 0.1436 0.0000 0.0000 0.6667 0.1897 0.0000 0.0000 0.0000 0.0000 0.0000 0.0000
387      387   (0)     10  : 0.0000 0.0000 0.0000 0.0000 0.0000 0.0000 0.0000 0.0068 0.0000 0.0000 0.0000 0.0000 0.3372 0.6560 0.0000 0.0000 0.0000 0.0000
388      388   (0)     10  : 0.0000 0.0000 0.0000 0.0000 0.0000 0.0000 0.0000 1.0000 0.0000 0.0000 0.0000 0.0000 0.0000 0.0000 0.0000 0.0000 0.0000 0.0000
389      389   (0)     10  : 0.0000 0.0000 0.0000 0.0000 0.0000 0.0742 0.0000 0.1162 0.0000 0.0000 0.3154 0.2634 0.0000 0.2308 0.0000 0.0000 0.0000 0.0000
390      390   (0)      8  : 0.0000 0.0000 0.0000 0.0000 0.0128 0.0000 0.0000 0.2562 0.0000 0.0000 0.0000 0.6698 0.0000 0.0612 0.0000 0.0000 0.0000 0.0000
391      391   (0)      8  : 0.0000 0.0000 0.0000 0.0000 0.0000 0.0802 0.0000 0.0000 0.0000 0.0000 0.2861 0.0850 0.5487 0.0000 0.0000 0.0000 0.0000 0.0000
392      392   (0)      8  : 0.0000 0.0000 0.0000 0.0000 0.0000 0.3333 0.0000 0.0000 0.0000 0.0000 0.0000 0.0000 0.0000 0.6667 0.0000 0.0000 0.0000 0.0000
393      393   (0)     11  : 0.0000 0.0000 0.0000 0.0000 0.0000 0.7826 0.0000 0.0000 0.0000 0.0000 0.0000 0.0000 0.0000 0.2174 0.0000 0.0000 0.0000 0.0000
394      394   (0)     11  : 0.0000 0.0000 0.0000 0.0000 0.0000 0.0000 0.0000 0.0000 0.0000 0.0000 0.0000 0.0000 1.0000 0.0000 0.0000 0.0000 0.0000 0.0000
395      395   (0)     11  : 0.0000 0.0000 0.0000 0.0000 0.0000 0.7849 0.0000 0.0416 0.0221 0.0000 0.0000 0.0000 0.0000 0.1514 0.0000 0.0000 0.0000 0.0000
396      396   (0)     11  : 0.0269 0.0000 0.0000 0.0000 0.0028 0.5287 0.0000 0.0000 0.0012 0.0000 0.0797 0.0233 0.0191 0.3063 0.0000 0.0120 0.0000 0.0000
397      397   (0)     11  : 0.0000 0.0000 0.0000 0.0000 0.0000 0.0000 0.0000 0.5009 0.0000 0.0000 0.0000 0.0000 0.4990 0.0000 0.0000 0.0000 0.0000 0.0000
398      398   (0)     11  : 0.0000 0.0000 0.0000 0.0000 0.0000 0.0283 0.0000 0.0717 0.0000 0.0000 0.2023 0.6977 0.0000 0.0000 0.0000 0.0000 0.0000 0.0000
399      399   (0)     11  : 0.0000 0.0000 0.0000 0.0000 0.0000 0.5059 0.0000 0.4091 0.0000 0.0000 0.0000 0.0000 0.0077 0.0773 0.0000 0.0000 0.0000 0.0000
400      400   (0)     11  : 0.0000 0.0000 0.0024 0.0000 0.0000 0.0000 0.0000 0.6357 0.0000 0.0000 0.0000 0.0000 0.2812 0.0807 0.0000 0.0000 0.0000 0.0000
401      401   (0)     11  : 0.0000 0.0000 0.0000 0.0000 0.0000 0.3296 0.0000 0.0000 0.0000 0.0000 0.0812 0.0000 0.1162 0.4730 0.0000 0.0000 0.0000 0.0000
402      402   (0)     11  : 0.0000 0.0000 0.0000 0.0000 0.0000 0.2243 0.0000 0.2131 0.0000 0.0000 0.0860 0.0034 0.3933 0.0799 0.0000 0.0000 0.0000 0.0000
403      403   (0)     11  : 0.0000 0.0000 0.0000 0.0000 0.0000 0.0000 0.0000 0.9999 0.0000 0.0000 0.0000 0.0000 0.0000 0.0001 0.0000 0.0000 0.0000 0.0000
404      404   (0)     11  : 0.0000 0.0000 0.0000 0.0000 0.0013 0.2795 0.0000 0.1640 0.0000 0.0000 0.0934 0.3805 0.0813 0.0000 0.0000 0.0000 0.0000 0.0000
405      405   (0)     11  : 0.0000 0.0000 0.0000 0.0000 0.0673 0.5403 0.0000 0.3062 0.0123 0.0000 0.0000 0.0474 0.0264 0.0000 0.0000 0.0000 0.0000 0.0000
406      406   (0)     11  : 0.0000 0.0000 0.0000 0.0000 0.0000 0.3333 0.0000 0.0000 0.0000 0.0000 0.0000 0.4874 0.0000 0.1792 0.0000 0.0000 0.0000 0.0000
407      407   (0)     11  : 0.0000 0.0000 0.0000 0.0000 0.0000 0.3186 0.0000 0.0000 0.0000 0.0000 0.1847 0.2746 0.1375 0.0847 0.0000 0.0000 0.0000 0.0000
408      408   (0)     11  : 0.0000 0.0000 0.0000 0.0000 0.0055 0.1686 0.0000 0.3923 0.0000 0.0000 0.0000 0.2314 0.2022 0.0000 0.0000 0.0000 0.0000 0.0000
409      409   (0)     11  : 0.0000 0.0000 0.0000 0.0000 0.0000 0.0000 0.0000 1.0000 0.0000 0.0000 0.0000 0.0000 0.0000 0.0000 0.0000 0.0000 0.0000 0.0000
410      410   (0)     11  : 0.0000 0.0000 0.0000 0.0000 0.0000 0.8081 0.0000 0.0000 0.0005 0.0000 0.0000 0.0783 0.1131 0.0000 0.0000 0.0000 0.0000 0.0000
411      411   (0)     11  : 0.0000 0.0000 0.0000 0.0000 0.0000 0.1997 0.0000 0.0498 0.0000 0.0000 0.2413 0.1329 0.3092 0.0670 0.0000 0.0000 0.0000 0.0000
412      412   (0)     11  : 0.0000 0.0000 0.0000 0.0000 0.0000 0.0524 0.0000 0.2459 0.0012 0.0000 0.0097 0.0000 0.4625 0.2284 0.0000 0.0000 0.0000 0.0000
413      413   (0)     11  : 0.0000 0.0000 0.0000 0.0000 0.0065 0.0000 0.0000 0.0000 0.0000 0.0000 0.2746 0.0350 0.5953 0.0887 0.0000 0.0000 0.0000 0.0000
414      414   (0)     11  : 0.0000 0.0000 0.0000 0.0000 0.0000 0.4045 0.0000 0.1793 0.0000 0.0000 0.2132 0.0364 0.1666 0.0000 0.0000 0.0000 0.0000 0.0000
415      415   (0)     11  : 0.0000 0.0000 0.0000 0.0000 0.0000 0.2133 0.0000 0.0000 0.0032 0.0000 0.2880 0.0281 0.4673 0.0001 0.0000 0.0000 0.0000 0.0000
416      416   (0)     11  : 0.0000 0.0000 0.0000 0.0000 0.0000 0.0004 0.0000 0.1534 0.0145 0.0000 0.1693 0.5431 0.1193 0.0000 0.0000 0.0000 0.0000 0.0000
417      417   (0)     11  : 0.0000 0.0000 0.0000 0.0000 0.0000 0.3671 0.0000 0.0000 0.0000 0.0000 0.0000 0.0000 0.3171 0.3158 0.0000 0.0000 0.0000 0.0000
418      418   (0)     11  : 0.0110 0.0000 0.0000 0.0050 0.0056 0.1337 0.0000 0.1464 0.0000 0.0000 0.0028 0.2797 0.0670 0.3488 0.0000 0.0000 0.0000 0.0000
419      419   (0)     11  : 0.0000 0.0000 0.0000 0.0000 0.0000 0.4820 0.0000 0.1658 0.0000 0.0000 0.1353 0.0000 0.0000 0.2169 0.0000 0.0000 0.0000 0.0000
420      420   (0)     11  : 0.0000 0.0000 0.0000 0.0000 0.0000 0.4681 0.0000 0.0000 0.0000 0.0000 0.1584 0.0000 0.3735 0.0000 0.0000 0.0000 0.0000 0.0000
421      421   (0)     11  : 0.0000 0.0000 0.0000 0.0000 0.0000 0.5681 0.0000 0.0000 0.0000 0.0000 0.4319 0.0000 0.0000 0.0000 0.0000 0.0000 0.0000 0.0000
422      422   (0)     11  : 0.0000 0.0000 0.0000 0.0000 0.0000 0.0000 0.0000 0.2321 0.0000 0.0000 0.0011 0.0000 0.7668 0.0000 0.0000 0.0000 0.0000 0.0000
423      423   (0)     12  : 0.8898 0.0000 0.0000 0.1102 0.0000 0.0000 0.0000 0.0000 0.0000 0.0000 0.0000 0.0000 0.0000 0.0000 0.0000 0.0000 0.0000 0.0000
424      424   (0)     12  : 0.0000 0.0000 0.0000 0.0000 0.7852 0.0000 0.0000 0.0361 0.0946 0.0000 0.0000 0.0841 0.0000 0.0000 0.0000 0.0000 0.0000 0.0000
425      425   (0)     12  : 0.2706 0.0000 0.0000 0.0000 0.0000 0.0000 0.0000 0.0000 0.0000 0.0000 0.0000 0.0000 0.0000 0.0000 0.0000 0.7294 0.0000 0.0000
426      426   (0)     12  : 0.0000 0.0000 0.0000 0.0000 0.4940 0.0000 0.0000 0.0000 0.4336 0.0000 0.0000 0.0000 0.0725 0.0000 0.0000 0.0000 0.0000 0.0000
427      427   (0)     12  : 0.3431 0.0000 0.0000 0.3717 0.0000 0.0000 0.0000 0.0000 0.0000 0.0000 0.0000 0.0000 0.0000 0.0000 0.0014 0.2632 0.0000 0.0206
428      428   (0)     12  : 0.2853 0.0000 0.0000 0.3776 0.0162 0.0000 0.0299 0.0000 0.0000 0.0479 0.0000 0.0000 0.0000 0.0000 0.0000 0.2431 0.0000 0.0000
429      429   (0)     12  : 0.0000 0.0000 0.0000 0.0000 0.0000 0.0000 0.0000 0.0000 1.0000 0.0000 0.0000 0.0000 0.0000 0.0000 0.0000 0.0000 0.0000 0.0000
430      430   (0)     12  : 0.5408 0.0155 0.0000 0.0000 0.0000 0.0000 0.0000 0.0000 0.0000 0.0101 0.0000 0.0000 0.0000 0.0000 0.0000 0.4336 0.0000 0.0000
431      431   (0)     12  : 0.6529 0.0000 0.0000 0.0000 0.0000 0.0000 0.0181 0.0000 0.0000 0.0000 0.0000 0.0000 0.0000 0.0000 0.0000 0.3130 0.0000 0.0160
432      432   (0)     12  : 0.0000 0.0000 0.0000 0.0000 0.8874 0.0000 0.0000 0.0695 0.0431 0.0000 0.0000 0.0000 0.0000 0.0000 0.0000 0.0000 0.0000 0.0000
433      433   (0)     12  : 0.1823 0.0000 0.0000 0.0000 0.0000 0.0000 0.0000 0.0000 0.0040 0.0000 0.0000 0.0000 0.0000 0.0000 0.0000 0.8137 0.0000 0.0000
434      434   (0)     12  : 0.4471 0.0000 0.0000 0.0000 0.0000 0.0000 0.0000 0.0000 0.0000 0.0000 0.0000 0.0000 0.0000 0.0000 0.0000 0.5529 0.0000 0.0000
435      435   (0)     12  : 0.6991 0.0071 0.0025 0.1260 0.0000 0.0000 0.0000 0.0000 0.0063 0.0388 0.0000 0.0000 0.0000 0.0000 0.0000 0.0940 0.0262 0.0000
436      436   (0)     12  : 0.3996 0.0000 0.0000 0.0000 0.0000 0.0000 0.0000 0.0000 0.0000 0.0003 0.0043 0.0000 0.0000 0.0000 0.0125 0.5834 0.0000 0.0000
437      437   (0)     12  : 0.3238 0.0000 0.0000 0.0000 0.0000 0.0000 0.0000 0.0000 0.0096 0.0000 0.0000 0.0000 0.0000 0.0000 0.0000 0.6666 0.0000 0.0000
438      438   (0)     12  : 0.7231 0.0000 0.0000 0.2386 0.0000 0.0000 0.0000 0.0000 0.0000 0.0000 0.0000 0.0000 0.0000 0.0000 0.0000 0.0383 0.0000 0.0000
439      439   (0)     12  : 0.0000 0.0000 0.0000 0.0000 1.0000 0.0000 0.0000 0.0000 0.0000 0.0000 0.0000 0.0000 0.0000 0.0000 0.0000 0.0000 0.0000 0.0000
440      440   (0)     12  : 0.0000 0.0000 0.0000 0.0000 0.9760 0.0000 0.0000 0.0000 0.0240 0.0000 0.0000 0.0000 0.0000 0.0000 0.0000 0.0000 0.0000 0.0000
441      441   (0)     12  : 0.7250 0.0000 0.0000 0.0000 0.0000 0.0000 0.0000 0.0000 0.0000 0.0000 0.0000 0.0000 0.0000 0.0000 0.0000 0.2750 0.0000 0.0000
442      442   (0)     12  : 0.0000 0.0000 0.0000 0.0000 0.4632 0.0000 0.0000 0.0000 0.5368 0.0000 0.0000 0.0000 0.0000 0.0000 0.0000 0.0000 0.0000 0.0000
443      443   (0)     12  : 0.0000 0.0000 0.0000 0.2915 0.0000 0.0000 0.0000 0.0000 0.0000 0.0000 0.0000 0.0000 0.0000 0.0000 0.0000 0.6977 0.0000 0.0107
444      444   (0)     12  : 1.0000 0.0000 0.0000 0.0000 0.0000 0.0000 0.0000 0.0000 0.0000 0.0000 0.0000 0.0000 0.0000 0.0000 0.0000 0.0000 0.0000 0.0000
445      445   (0)     12  : 0.1885 0.0000 0.0000 0.5652 0.0000 0.0000 0.0205 0.0000 0.0000 0.0000 0.0000 0.0000 0.0000 0.0000 0.0000 0.2258 0.0000 0.0000
446      446   (0)     12  : 0.0000 0.0000 0.0000 0.1320 0.0000 0.0000 0.0000 0.0000 0.0000 0.0000 0.0000 0.0000 0.0000 0.0000 0.0000 0.8680 0.0000 0.0000
447      447   (0)     12  : 1.0000 0.0000 0.0000 0.0000 0.0000 0.0000 0.0000 0.0000 0.0000 0.0000 0.0000 0.0000 0.0000 0.0000 0.0000 0.0000 0.0000 0.0000
448      448   (0)     12  : 0.9118 0.0000 0.0000 0.0000 0.0000 0.0000 0.0000 0.0000 0.0000 0.0000 0.0000 0.0000 0.0000 0.0000 0.0000 0.0882 0.0000 0.0000
449      449   (0)     12  : 0.6332 0.0000 0.0000 0.0000 0.0000 0.0000 0.0000 0.0000 0.0000 0.0000 0.0000 0.0000 0.0000 0.0000 0.0000 0.3668 0.0000 0.0000
450      450   (0)     12  : 0.4475 0.0000 0.0000 0.0000 0.0000 0.0000 0.0000 0.0000 0.0000 0.0000 0.0000 0.0000 0.0000 0.0000 0.0000 0.5525 0.0000 0.0000
451      451   (0)     12  : 0.4753 0.0000 0.0000 0.3355 0.0000 0.0000 0.0001 0.0000 0.0000 0.0678 0.0012 0.0000 0.0000 0.0000 0.0000 0.1201 0.0000 0.0000
452      452   (0)     12  : 0.2778 0.0265 0.0000 0.4908 0.0000 0.0000 0.0000 0.0000 0.0000 0.0093 0.0000 0.0000 0.0000 0.0000 0.0000 0.1956 0.0000 0.0000
453      453   (0)     13  : 0.6184 0.0000 0.0000 0.3104 0.0000 0.0000 0.0000 0.0000 0.0000 0.0000 0.0000 0.0000 0.0000 0.0000 0.0000 0.0712 0.0000 0.0000
454      454   (0)     13  : 0.8567 0.0077 0.0000 0.1285 0.0000 0.0000 0.0000 0.0000 0.0000 0.0000 0.0071 0.0000 0.0000 0.0000 0.0000 0.0000 0.0000 0.0000
455      455   (0)     13  : 0.8549 0.0000 0.0000 0.0002 0.0000 0.0000 0.0000 0.0000 0.0000 0.0000 0.0000 0.0000 0.0000 0.0000 0.0000 0.1449 0.0000 0.0000
456      456   (0)     13  : 0.0000 0.0000 0.0000 0.0000 0.9452 0.0000 0.0000 0.0000 0.0547 0.0000 0.0000 0.0001 0.0000 0.0000 0.0000 0.0000 0.0000 0.0000
457      457   (0)     13  : 0.5898 0.0000 0.0000 0.0005 0.0000 0.0000 0.0000 0.0000 0.0000 0.0253 0.0000 0.0000 0.0000 0.0000 0.0000 0.3423 0.0000 0.0421
458      458   (0)     13  : 1.0000 0.0000 0.0000 0.0000 0.0000 0.0000 0.0000 0.0000 0.0000 0.0000 0.0000 0.0000 0.0000 0.0000 0.0000 0.0000 0.0000 0.0000
459      459   (0)     13  : 1.0000 0.0000 0.0000 0.0000 0.0000 0.0000 0.0000 0.0000 0.0000 0.0000 0.0000 0.0000 0.0000 0.0000 0.0000 0.0000 0.0000 0.0000
460      460   (0)     13  : 0.1807 0.0000 0.0000 0.0744 0.0000 0.0000 0.0000 0.0000 0.0000 0.0000 0.0000 0.0000 0.0000 0.0000 0.0000 0.7449 0.0000 0.0000
461      461   (0)     13  : 0.6275 0.0000 0.0000 0.2135 0.0000 0.0000 0.0000 0.0000 0.0000 0.0000 0.0000 0.0000 0.0000 0.0000 0.0000 0.1590 0.0000 0.0000
462      462   (0)     13  : 0.1024 0.0000 0.0000 0.8837 0.0000 0.0000 0.0140 0.0000 0.0000 0.0000 0.0000 0.0000 0.0000 0.0000 0.0000 0.0000 0.0000 0.0000
463      463   (0)     13  : 0.4490 0.0000 0.0000 0.0000 0.0000 0.0000 0.0000 0.0000 0.0000 0.0000 0.0000 0.0000 0.0000 0.0000 0.0000 0.5426 0.0000 0.0085
464      464   (0)     13  : 0.0000 0.1527 0.0000 0.0000 0.0000 0.0000 0.0000 0.0000 0.0000 0.0000 0.0000 0.0000 0.0000 0.0000 0.6667 0.0000 0.1806 0.0000
465      465   (0)     13  : 0.8372 0.0000 0.0000 0.0000 0.0000 0.0000 0.0000 0.0000 0.0000 0.0000 0.0000 0.0000 0.0000 0.0000 0.0000 0.1628 0.0000 0.0000
466      466   (0)     13  : 0.6556 0.0000 0.0000 0.2825 0.0000 0.0000 0.0000 0.0000 0.0000 0.0000 0.0000 0.0000 0.0000 0.0000 0.0000 0.0539 0.0081 0.0000
467      467   (0)     13  : 0.7698 0.0000 0.0000 0.0936 0.0000 0.0000 0.0000 0.0000 0.0000 0.0000 0.0151 0.0000 0.0000 0.0000 0.0000 0.1214 0.0000 0.0000
468      468   (0)     13  : 0.0004 0.0009 0.0000 0.0000 0.0000 0.0000 0.3719 0.0000 0.0000 0.1216 0.0000 0.0000 0.0000 0.0000 0.2942 0.0280 0.1829 0.0000
469      469   (0)     13  : 0.0000 0.2315 0.0000 0.0000 0.0000 0.0000 0.7685 0.0000 0.0000 0.0000 0.0000 0.0000 0.0000 0.0000 0.0000 0.0000 0.0000 0.0000
470      470   (0)     13  : 0.7061 0.0000 0.0000 0.0691 0.0000 0.0000 0.0172 0.0000 0.0000 0.0000 0.0000 0.0000 0.0000 0.0000 0.0000 0.1993 0.0000 0.0083
471      471   (0)     13  : 0.4440 0.0000 0.0000 0.3662 0.0000 0.0000 0.0000 0.0000 0.0111 0.0000 0.0000 0.0000 0.0000 0.0291 0.0030 0.1466 0.0000 0.0000
472      472   (0)     13  : 0.8958 0.0000 0.0000 0.0949 0.0000 0.0000 0.0000 0.0000 0.0000 0.0000 0.0000 0.0000 0.0000 0.0000 0.0000 0.0000 0.0000 0.0093
473      473   (0)     13  : 0.0532 0.0000 0.0000 0.0000 0.8272 0.0365 0.0000 0.0000 0.0167 0.0000 0.0000 0.0000 0.0000 0.0663 0.0000 0.0000 0.0000 0.0000
474      474   (0)     13  : 0.2211 0.0000 0.0000 0.3194 0.0000 0.0000 0.0071 0.0000 0.0000 0.0000 0.0000 0.0000 0.0000 0.0000 0.0000 0.4524 0.0000 0.0000
475      475   (0)     13  : 1.0000 0.0000 0.0000 0.0000 0.0000 0.0000 0.0000 0.0000 0.0000 0.0000 0.0000 0.0000 0.0000 0.0000 0.0000 0.0000 0.0000 0.0000
476      476   (0)     13  : 0.0000 0.0000 0.0000 0.0000 0.9473 0.0000 0.0000 0.0000 0.0527 0.0000 0.0000 0.0000 0.0000 0.0000 0.0000 0.0000 0.0000 0.0000
477      477   (0)     13  : 0.7415 0.0000 0.0000 0.0469 0.0000 0.0000 0.0000 0.0000 0.0146 0.0154 0.0000 0.0000 0.0000 0.0000 0.0136 0.1679 0.0000 0.0002
478      478   (0)     13  : 0.4214 0.0000 0.0105 0.5571 0.0000 0.0000 0.0000 0.0000 0.0041 0.0000 0.0000 0.0000 0.0000 0.0000 0.0000 0.0000 0.0070 0.0000
479      479   (0)     13  : 0.0000 0.0000 0.0000 0.0000 0.0000 0.0000 0.0000 0.0000 0.0000 0.0000 0.0000 0.0000 0.0000 0.0000 0.0000 1.0000 0.0000 0.0000
480      480   (0)     13  : 0.0000 0.0000 0.0000 0.0000 0.8606 0.0189 0.0000 0.0000 0.1205 0.0000 0.0000 0.0000 0.0000 0.0000 0.0000 0.0000 0.0000 0.0000
481      481   (0)     13  : 0.0000 0.3519 0.0112 0.0285 0.0000 0.0000 0.0755 0.0000 0.0007 0.1316 0.0161 0.0000 0.0000 0.0000 0.0000 0.0713 0.2500 0.0632
482      482   (0)     13  : 0.3976 0.0000 0.0000 0.2005 0.0000 0.0000 0.0000 0.0000 0.0000 0.0243 0.0000 0.0000 0.0000 0.0000 0.0000 0.3616 0.0000 0.0160
483      483   (0)     14  : 0.6417 0.0000 0.0000 0.1040 0.0000 0.0000 0.0000 0.0000 0.0000 0.0000 0.0000 0.0000 0.0000 0.0000 0.0000 0.2543 0.0000 0.0000
484      484   (0)     14  : 0.3987 0.0002 0.0000 0.0815 0.0000 0.0000 0.0000 0.0000 0.0000 0.0000 0.0000 0.0000 0.0000 0.0000 0.0000 0.5196 0.0000 0.0000
485      485   (0)     15  : 0.4962 0.0059 0.0000 0.0000 0.0000 0.0000 0.0000 0.0000 0.0000 0.0000 0.0000 0.0000 0.0000 0.0000 0.0000 0.4979 0.0000 0.0000
486      486   (0)     15  : 0.6929 0.0000 0.0000 0.0000 0.0000 0.0000 0.0000 0.0000 0.0000 0.0000 0.0000 0.0000 0.0000 0.0000 0.0000 0.3071 0.0000 0.0000
487      487   (0)     15  : 1.0000 0.0000 0.0000 0.0000 0.0000 0.0000 0.0000 0.0000 0.0000 0.0000 0.0000 0.0000 0.0000 0.0000 0.0000 0.0000 0.0000 0.0000
488      488   (0)     15  : 1.0000 0.0000 0.0000 0.0000 0.0000 0.0000 0.0000 0.0000 0.0000 0.0000 0.0000 0.0000 0.0000 0.0000 0.0000 0.0000 0.0000 0.0000
489      489   (0)     15  : 0.0000 0.0000 0.0000 0.0000 0.9890 0.0000 0.0000 0.0000 0.0000 0.0000 0.0000 0.0104 0.0006 0.0000 0.0000 0.0000 0.0000 0.0000
490      490   (0)     15  : 0.0000 0.0000 0.0000 0.0000 0.9604 0.0000 0.0000 0.0000 0.0396 0.0000 0.0000 0.0000 0.0000 0.0000 0.0000 0.0000 0.0000 0.0000
491      491   (0)     15  : 0.3935 0.0000 0.0000 0.3026 0.0000 0.0000 0.0000 0.0000 0.0000 0.0000 0.0000 0.0000 0.0000 0.0000 0.0000 0.3038 0.0000 0.0000
492      492   (0)     15  : 0.0000 0.0000 0.0000 0.0000 1.0000 0.0000 0.0000 0.0000 0.0000 0.0000 0.0000 0.0000 0.0000 0.0000 0.0000 0.0000 0.0000 0.0000
493      493   (0)     15  : 0.7382 0.0000 0.0042 0.1321 0.0000 0.0000 0.0035 0.0000 0.0000 0.0000 0.0000 0.0000 0.0000 0.0000 0.0000 0.1103 0.0118 0.0000
494      494   (0)     15  : 0.6505 0.0000 0.0000 0.3327 0.0000 0.0000 0.0000 0.0000 0.0000 0.0000 0.0000 0.0000 0.0000 0.0000 0.0000 0.0000 0.0000 0.0168
495      495   (0)     15  : 0.0000 0.0000 0.0000 0.0000 0.0000 0.0000 0.0000 0.0000 0.0000 0.0000 0.0000 0.0000 0.0000 0.0000 0.0000 1.0000 0.0000 0.0000
496      496   (0)     15  : 0.2183 0.0000 0.0000 0.7816 0.0000 0.0000 0.0000 0.0000 0.0000 0.0000 0.0000 0.0000 0.0000 0.0000 0.0000 0.0000 0.0001 0.0000
497      497   (0)     15  : 0.8739 0.0000 0.0000 0.1253 0.0000 0.0000 0.0007 0.0000 0.0000 0.0001 0.0000 0.0000 0.0000 0.0000 0.0000 0.0000 0.0000 0.0000
498      498   (0)     15  : 0.5017 0.0000 0.0000 0.4429 0.0000 0.0000 0.0000 0.0000 0.0000 0.0000 0.0001 0.0000 0.0000 0.0000 0.0553 0.0000 0.0000 0.0000
499      499   (0)     15  : 0.4824 0.0057 0.0000 0.1383 0.0000 0.0000 0.0145 0.0000 0.0000 0.0000 0.0000 0.0000 0.0000 0.0000 0.0000 0.3591 0.0000 0.0000
500      500   (0)     15  : 1.0000 0.0000 0.0000 0.0000 0.0000 0.0000 0.0000 0.0000 0.0000 0.0000 0.0000 0.0000 0.0000 0.0000 0.0000 0.0000 0.0000 0.0000
501      501   (0)     15  : 0.8072 0.0000 0.0000 0.0682 0.0000 0.0000 0.0000 0.0000 0.0148 0.0000 0.0000 0.0000 0.0000 0.0000 0.0131 0.0827 0.0139 0.0000
502      502   (0)     15  : 1.0000 0.0000 0.0000 0.0000 0.0000 0.0000 0.0000 0.0000 0.0000 0.0000 0.0000 0.0000 0.0000 0.0000 0.0000 0.0000 0.0000 0.0000
503      503   (0)     15  : 0.5774 0.0013 0.0000 0.4213 0.0000 0.0000 0.0000 0.0000 0.0000 0.0000 0.0000 0.0000 0.0000 0.0000 0.0000 0.0000 0.0000 0.0000
504      504   (0)     15  : 0.9024 0.0000 0.0000 0.0000 0.0000 0.0000 0.0000 0.0000 0.0000 0.0000 0.0000 0.0000 0.0000 0.0000 0.0000 0.0976 0.0000 0.0000
505      505   (0)     15  : 0.7953 0.0215 0.0000 0.1650 0.0000 0.0000 0.0000 0.0000 0.0000 0.0005 0.0000 0.0000 0.0000 0.0000 0.0000 0.0000 0.0176 0.0000
506      506   (0)     15  : 0.4915 0.0000 0.0000 0.5068 0.0000 0.0000 0.0006 0.0000 0.0000 0.0000 0.0000 0.0000 0.0000 0.0000 0.0000 0.0011 0.0000 0.0000
507      507   (0)     15  : 0.7053 0.0000 0.0000 0.2884 0.0000 0.0000 0.0000 0.0000 0.0000 0.0000 0.0000 0.0000 0.0000 0.0000 0.0000 0.0000 0.0063 0.0000
508      508   (0)     15  : 0.5751 0.0000 0.0000 0.1653 0.0000 0.0000 0.0000 0.0000 0.0000 0.0071 0.0000 0.0000 0.0000 0.0000 0.0000 0.2246 0.0000 0.0279
509      509   (0)     15  : 0.0000 0.0000 0.0000 0.0000 1.0000 0.0000 0.0000 0.0000 0.0000 0.0000 0.0000 0.0000 0.0000 0.0000 0.0000 0.0000 0.0000 0.0000
510      510   (0)     15  : 0.0000 0.0000 0.0000 0.0000 1.0000 0.0000 0.0000 0.0000 0.0000 0.0000 0.0000 0.0000 0.0000 0.0000 0.0000 0.0000 0.0000 0.0000
511      511   (0)     15  : 0.6300 0.0000 0.0029 0.0000 0.0018 0.0000 0.0000 0.0056 0.0000 0.0000 0.0000 0.0164 0.0000 0.0000 0.0250 0.2784 0.0398 0.0000
512      512   (0)     15  : 0.1160 0.0000 0.0000 0.8840 0.0000 0.0000 0.0000 0.0000 0.0000 0.0000 0.0000 0.0000 0.0000 0.0000 0.0000 0.0000 0.0000 0.0000
513      513   (0)     15  : 0.5487 0.0000 0.0000 0.1134 0.0000 0.0000 0.0053 0.0000 0.0000 0.0000 0.0000 0.0000 0.0000 0.0000 0.0000 0.3220 0.0106 0.0000
514      514   (0)     15  : 0.6123 0.0232 0.0000 0.3238 0.0000 0.0000 0.0087 0.0000 0.0000 0.0000 0.0001 0.0000 0.0000 0.0000 0.0000 0.0319 0.0000 0.0000
515      515   (0)     16  : 0.0000 0.0000 0.0000 0.0000 0.0000 0.0000 0.0000 0.0000 0.0000 0.6667 0.0000 0.0000 0.0000 0.0000 0.0000 0.0000 0.3333 0.0000
516      516   (0)     16  : 0.5837 0.0000 0.0000 0.3919 0.0000 0.0000 0.0093 0.0000 0.0000 0.0000 0.0000 0.0000 0.0000 0.0000 0.0150 0.0000 0.0000 0.0000
517      517   (0)     16  : 0.0000 0.0000 0.0000 0.0000 0.8290 0.0000 0.0000 0.0000 0.1031 0.0000 0.0000 0.0440 0.0000 0.0239 0.0000 0.0000 0.0000 0.0000
518      518   (0)     16  : 0.3880 0.0000 0.0155 0.2660 0.0000 0.0000 0.0000 0.0000 0.0000 0.0000 0.0000 0.0000 0.0000 0.0000 0.0096 0.3012 0.0180 0.0018
519      519   (0)     16  : 0.0000 0.0000 0.0000 1.0000 0.0000 0.0000 0.0000 0.0000 0.0000 0.0000 0.0000 0.0000 0.0000 0.0000 0.0000 0.0000 0.0000 0.0000
520      520   (0)     16  : 0.1129 0.0347 0.0000 0.5366 0.0000 0.0000 0.0000 0.0000 0.0000 0.0000 0.0000 0.0000 0.0000 0.0000 0.0000 0.3158 0.0000 0.0000
521      521   (0)     16  : 0.0623 0.0002 0.0000 0.7733 0.0000 0.0000 0.0027 0.0000 0.0000 0.0000 0.0000 0.0000 0.0000 0.0000 0.0000 0.1614 0.0000 0.0001
522      522   (0)     16  : 0.0000 0.0000 0.0000 0.0000 0.0000 0.0000 0.0000 0.0000 1.0000 0.0000 0.0000 0.0000 0.0000 0.0000 0.0000 0.0000 0.0000 0.0000
523      523   (0)     16  : 0.3921 0.0125 0.0000 0.5408 0.0000 0.0000 0.0000 0.0000 0.0000 0.0000 0.0000 0.0000 0.0000 0.0000 0.0000 0.0546 0.0000 0.0000
524      524   (0)     16  : 0.0000 0.0000 0.0000 0.0000 0.8395 0.0178 0.0000 0.0000 0.0970 0.0000 0.0000 0.0456 0.0000 0.0000 0.0000 0.0000 0.0000 0.0000
525      525   (0)     16  : 0.5120 0.0000 0.0000 0.1355 0.0000 0.0000 0.0000 0.0000 0.0000 0.0000 0.0000 0.0000 0.0000 0.0000 0.0095 0.3425 0.0004 0.0000
526      526   (0)     16  : 0.0000 0.0000 0.0000 1.0000 0.0000 0.0000 0.0000 0.0000 0.0000 0.0000 0.0000 0.0000 0.0000 0.0000 0.0000 0.0000 0.0000 0.0000
527      527   (0)     16  : 0.0000 0.0000 0.0000 0.0000 0.8763 0.0000 0.0000 0.0148 0.1090 0.0000 0.0000 0.0000 0.0000 0.0000 0.0000 0.0000 0.0000 0.0000
528      528   (0)     16  : 0.3673 0.0000 0.0000 0.2011 0.0000 0.0000 0.0000 0.0000 0.0000 0.0000 0.0000 0.0000 0.0000 0.0000 0.0000 0.3649 0.0000 0.0667
529      529   (0)     16  : 0.0000 0.0000 0.0000 0.1059 0.0000 0.0000 0.0000 0.0000 0.0000 0.0000 0.0000 0.0000 0.0000 0.0000 0.0000 0.8941 0.0000 0.0000
530      530   (0)     16  : 0.0000 0.0000 0.0000 0.3333 0.0000 0.0000 0.0000 0.0000 0.0000 0.0000 0.0000 0.0000 0.0000 0.0000 0.0000 0.6667 0.0000 0.0000
531      531   (0)     16  : 0.3669 0.0000 0.0000 0.3333 0.0000 0.0000 0.0000 0.0000 0.0000 0.0000 0.0000 0.0000 0.0000 0.0000 0.0000 0.2998 0.0000 0.0000
532      532   (0)     16  : 0.0000 0.0000 0.0000 0.0000 0.0000 0.0000 0.0000 0.0000 1.0000 0.0000 0.0000 0.0000 0.0000 0.0000 0.0000 0.0000 0.0000 0.0000
533      533   (0)     16  : 0.0000 0.0000 0.0000 0.0000 0.0000 0.0000 0.0000 0.0000 1.0000 0.0000 0.0000 0.0000 0.0000 0.0000 0.0000 0.0000 0.0000 0.0000
534      534   (0)     16  : 0.3907 0.0000 0.0000 0.6085 0.0000 0.0000 0.0000 0.0000 0.0000 0.0001 0.0000 0.0000 0.0000 0.0000 0.0007 0.0000 0.0000 0.0000
535      535   (0)     16  : 0.0000 0.0000 0.0000 0.3333 0.0000 0.0000 0.0000 0.0000 0.0000 0.0000 0.0000 0.0000 0.0000 0.0000 0.0000 0.6667 0.0000 0.0000
536      536   (0)     16  : 0.0013 0.0000 0.0000 0.2315 0.0000 0.0000 0.0056 0.0000 0.0000 0.0000 0.0000 0.0000 0.0000 0.0000 0.0000 0.7615 0.0000 0.0000
537      537   (0)     16  : 0.0000 0.0000 0.0000 0.8159 0.0000 0.0000 0.0000 0.0000 0.0000 0.0000 0.0000 0.0000 0.0000 0.0000 0.0000 0.1841 0.0000 0.0000
538      538   (0)     16  : 0.0371 0.0000 0.0000 0.9629 0.0000 0.0000 0.0000 0.0000 0.0000 0.0000 0.0000 0.0000 0.0000 0.0000 0.0000 0.0000 0.0000 0.0000
539      539   (0)     16  : 0.0000 0.0000 0.0000 1.0000 0.0000 0.0000 0.0000 0.0000 0.0000 0.0000 0.0000 0.0000 0.0000 0.0000 0.0000 0.0000 0.0000 0.0000
540      540   (0)     16  : 0.3711 0.0272 0.0000 0.5767 0.0000 0.0000 0.0000 0.0000 0.0000 0.0000 0.0094 0.0000 0.0000 0.0000 0.0000 0.0157 0.0000 0.0000
541      541   (0)     16  : 0.0000 0.0000 1.0000 0.0000 0.0000 0.0000 0.0000 0.0000 0.0000 0.0000 0.0000 0.0000 0.0000 0.0000 0.0000 0.0000 0.0000 0.0000
542      542   (0)     16  : 0.5416 0.0000 0.0000 0.4390 0.0000 0.0000 0.0000 0.0000 0.0000 0.0000 0.0000 0.0000 0.0000 0.0000 0.0100 0.0000 0.0000 0.0094
543      543   (0)     16  : 0.3973 0.0000 0.0000 0.5858 0.0000 0.0000 0.0000 0.0000 0.0000 0.0000 0.0000 0.0000 0.0000 0.0000 0.0000 0.0169 0.0000 0.0000
544      544   (0)     16  : 0.1960 0.0000 0.0000 0.0000 0.0000 0.0000 0.0000 0.0000 0.0000 0.0000 0.0000 0.0000 0.0000 0.0000 0.0000 0.8040 0.0000 0.0000
