1        1   (0)      1  : 0.1528 0.0276 0.0051 0.0000 0.0099 0.0000 0.4491 0.3555 0.0000
2        2   (0)      1  : 0.3366 0.0000 0.0000 0.1080 0.0000 0.0000 0.0344 0.3397 0.1814
3        3   (0)      1  : 0.0002 0.0851 0.0000 0.0498 0.4885 0.0193 0.1155 0.2127 0.0290
4        4   (0)      1  : 0.0737 0.0000 0.0000 0.0000 0.0000 0.0000 0.2309 0.5051 0.1902
5        5   (0)      1  : 0.0093 0.0000 0.0000 0.1252 0.0000 0.0000 0.0000 0.7095 0.1559
6        6   (0)      1  : 0.3691 0.0446 0.0000 0.0089 0.0879 0.0000 0.3979 0.0915 0.0000
7        7   (0)      1  : 0.0000 0.0950 0.0000 0.1564 0.5576 0.0000 0.0000 0.0793 0.1117
8        8   (0)      2  : 0.1214 0.0000 0.0000 0.0000 0.0000 0.0000 0.0000 0.7240 0.1546
9        9   (0)      1  : 0.3085 0.0000 0.0000 0.0000 0.0113 0.0000 0.0000 0.5383 0.1418
10       10   (0)      3  : 0.0703 0.0000 0.0000 0.4774 0.0000 0.0000 0.4344 0.0000 0.0179
11       11   (0)      4  : 0.0000 0.0254 0.0308 0.4563 0.0000 0.0077 0.0000 0.2345 0.2454
12       12   (0)      4  : 0.4954 0.0000 0.0287 0.2971 0.0000 0.0000 0.1064 0.0212 0.0511
13       13   (0)      4  : 0.0000 0.0000 0.0016 0.3434 0.0295 0.0000 0.4084 0.1373 0.0798
14       14   (0)      4  : 0.0000 0.0000 0.0000 0.3770 0.0000 0.0000 0.0000 0.3730 0.2500
15       15   (0)      4  : 0.3105 0.0000 0.0022 0.4903 0.0000 0.0000 0.0000 0.1970 0.0000
16       16   (0)      4  : 0.2054 0.0000 0.0000 0.0000 0.3900 0.0000 0.4046 0.0000 0.0000
17       17   (0)      5  : 0.3631 0.0000 0.0007 0.2070 0.0000 0.0000 0.2344 0.1697 0.0251
18       18   (0)      4  : 0.0827 0.0000 0.0000 0.3872 0.0000 0.0000 0.4668 0.0493 0.0140
19       19   (0)      5  : 0.3309 0.0000 0.0000 0.3844 0.0000 0.0000 0.0410 0.2437 0.0000
20       20   (0)      5  : 0.3223 0.0000 0.0000 0.6064 0.0000 0.0000 0.0000 0.0057 0.0655
21       21   (0)      5  : 0.0000 0.0000 0.0000 0.6413 0.0000 0.0000 0.3587 0.0000 0.0000
22       22   (0)      5  : 0.3766 0.0000 0.0000 0.6121 0.0000 0.0000 0.0000 0.0000 0.0112
23       23   (0)      5  : 0.0000 0.0000 0.0000 0.3277 0.0000 0.0000 0.6449 0.0000 0.0275
24       24   (0)      5  : 0.0000 0.0000 0.0000 0.6124 0.0000 0.0000 0.3876 0.0000 0.0000
25       25   (0)      5  : 0.3152 0.0000 0.0000 0.4348 0.0078 0.0000 0.1719 0.0019 0.0684
26       26   (0)      5  : 0.0000 0.0000 0.0000 0.5715 0.0140 0.0000 0.4094 0.0000 0.0051
27       27   (0)      5  : 0.1953 0.0000 0.0291 0.6256 0.0000 0.0000 0.0000 0.1501 0.0000
28       28   (0)      5  : 0.0000 0.0000 0.0000 0.4210 0.0000 0.0000 0.5513 0.0000 0.0276
29       29   (0)      5  : 0.1339 0.0000 0.0000 0.8239 0.0000 0.0000 0.0000 0.0000 0.0422
30       30   (0)      5  : 0.6609 0.0000 0.0000 0.2866 0.0000 0.0000 0.0000 0.0000 0.0525
31       31   (0)      5  : 0.3361 0.0000 0.0000 0.3286 0.0000 0.0000 0.2335 0.0879 0.0139
32       32   (0)      5  : 0.1580 0.0000 0.0000 0.6012 0.0000 0.0000 0.1877 0.0000 0.0531
33       33   (0)      5  : 0.3994 0.0000 0.0000 0.1004 0.0000 0.0000 0.4963 0.0000 0.0039
34       34   (0)      5  : 0.2687 0.0000 0.0000 0.2987 0.0000 0.0000 0.4325 0.0000 0.0000
35       35   (0)      5  : 0.6201 0.0000 0.0000 0.2531 0.0000 0.0000 0.0747 0.0008 0.0513
36       36   (0)      5  : 0.3002 0.0000 0.0040 0.6789 0.0000 0.0000 0.0000 0.0000 0.0170
37       37   (0)      5  : 0.3516 0.0000 0.0000 0.5600 0.0000 0.0000 0.0885 0.0000 0.0000
38       38   (0)      5  : 0.0737 0.0000 0.0000 0.6262 0.0000 0.0000 0.3001 0.0000 0.0000
39       39   (0)      5  : 0.2605 0.0000 0.0000 0.5958 0.0000 0.0000 0.0818 0.0000 0.0620
40       40   (0)      5  : 0.4603 0.0000 0.0000 0.4779 0.0000 0.0000 0.0233 0.0000 0.0385
41       41   (0)      5  : 0.0000 0.0000 0.0000 0.4773 0.0000 0.0000 0.4991 0.0000 0.0236
42       42   (0)      5  : 0.6043 0.0000 0.0000 0.3364 0.0000 0.0000 0.0000 0.0000 0.0592
43       43   (0)      5  : 0.1054 0.0000 0.0000 0.0000 0.5148 0.1470 0.2328 0.0000 0.0000
44       44   (0)      5  : 0.1014 0.0000 0.0000 0.4263 0.0000 0.0000 0.4220 0.0000 0.0503
45       45   (0)      4  : 0.0000 0.0000 0.0000 0.7193 0.0000 0.0000 0.0000 0.1262 0.1545
46       46   (0)      4  : 0.3199 0.0000 0.0000 0.2833 0.0232 0.0000 0.1559 0.1270 0.0907
47       47   (0)      4  : 0.0129 0.0000 0.0000 0.2663 0.0000 0.0000 0.7208 0.0000 0.0000
48       48   (0)      4  : 0.5133 0.0000 0.0000 0.3131 0.0000 0.0000 0.0000 0.0728 0.1009
49       49   (0)      5  : 0.3197 0.0000 0.0295 0.3137 0.0030 0.0000 0.2538 0.0369 0.0433
50       50   (0)      4  : 0.0000 0.0000 0.0000 0.3087 0.0000 0.0000 0.6173 0.0453 0.0286
51       51   (0)      4  : 0.2388 0.0000 0.0000 0.0049 0.3146 0.0035 0.2741 0.1636 0.0004
52       52   (0)      4  : 0.4594 0.0371 0.0225 0.3836 0.0205 0.0000 0.0090 0.0680 0.0000
53       53   (0)      4  : 0.0336 0.0000 0.0000 0.0108 0.4887 0.0155 0.2755 0.1760 0.0000
54       54   (0)      4  : 0.3222 0.0000 0.0137 0.5351 0.0000 0.0000 0.0000 0.0983 0.0307
55       55   (0)      4  : 0.2985 0.0000 0.0000 0.0024 0.3988 0.0439 0.1776 0.0787 0.0000
56       56   (0)      4  : 0.2979 0.0000 0.0201 0.0414 0.3616 0.0000 0.0963 0.1827 0.0000
57       57   (0)      4  : 0.1969 0.0000 0.0000 0.6290 0.0000 0.0000 0.0000 0.1349 0.0392
58       58   (0)      5  : 0.3754 0.0000 0.0000 0.3578 0.0294 0.0000 0.1035 0.0768 0.0571
59       59   (0)      4  : 0.2788 0.0199 0.0000 0.0022 0.3004 0.0288 0.3454 0.0244 0.0000
60       60   (0)      4  : 0.0365 0.0349 0.0000 0.0716 0.4105 0.0494 0.2897 0.0819 0.0255
61       61   (0)      4  : 0.4024 0.0000 0.0000 0.2366 0.0000 0.0000 0.1679 0.1931 0.0000
62       62   (0)      5  : 0.1459 0.0000 0.0000 0.3260 0.0000 0.0000 0.3405 0.1787 0.0090
63       63   (0)      6  : 0.1705 0.0000 0.0000 0.1304 0.2094 0.0839 0.2124 0.1935 0.0000
64       64   (0)      6  : 0.1417 0.0432 0.0000 0.0030 0.4859 0.0099 0.2254 0.0909 0.0000
65       65   (0)      6  : 0.0388 0.0000 0.0643 0.0056 0.0000 0.0000 0.0000 0.8109 0.0804
66       66   (0)      6  : 0.2281 0.0000 0.0000 0.2961 0.0000 0.0000 0.2876 0.1804 0.0077
67       67   (0)      6  : 0.0000 0.0000 0.0000 0.3712 0.0000 0.0000 0.0000 0.4256 0.2032
68       68   (0)      6  : 0.0000 0.0000 0.0197 0.0000 0.0000 0.0000 0.4008 0.5795 0.0000
69       69   (0)      6  : 0.2003 0.0000 0.0000 0.0183 0.0000 0.0000 0.3804 0.3607 0.0404
70       70   (0)      6  : 0.2460 0.0270 0.0000 0.0496 0.0287 0.0000 0.4057 0.2430 0.0000
71       71   (0)      6  : 0.0000 0.0000 0.0342 0.0952 0.0000 0.0000 0.8706 0.0000 0.0000
72       72   (0)      6  : 0.1670 0.0000 0.0000 0.1347 0.0000 0.0000 0.3901 0.3082 0.0000
73       73   (0)      7  : 0.5734 0.0000 0.0077 0.3967 0.0000 0.0117 0.0000 0.0105 0.0000
74       74   (0)      7  : 0.5400 0.0000 0.0632 0.2042 0.0000 0.0012 0.0082 0.1587 0.0245
75       75   (0)      7  : 0.2025 0.0000 0.0000 0.2792 0.0000 0.0000 0.1645 0.3078 0.0459
76       76   (0)      7  : 0.4212 0.0126 0.0000 0.3288 0.0112 0.0000 0.0000 0.1800 0.0464
77       77   (0)      7  : 0.1280 0.0000 0.0000 0.7236 0.0000 0.0000 0.0000 0.0111 0.1373
78       78   (0)      7  : 0.1487 0.0072 0.0119 0.4217 0.0000 0.0000 0.0859 0.2722 0.0524
79       79   (0)      7  : 0.3958 0.0003 0.0120 0.4482 0.0000 0.0223 0.0000 0.0506 0.0708
80       80   (0)      7  : 0.5423 0.0000 0.0249 0.1258 0.0000 0.0000 0.0000 0.1439 0.1631
81       81   (0)      7  : 0.3523 0.0000 0.0000 0.4508 0.0000 0.0000 0.0389 0.1580 0.0000
82       82   (0)      7  : 0.1855 0.0000 0.0000 0.7347 0.0000 0.0000 0.0000 0.0753 0.0045
83       83   (0)      7  : 0.5568 0.0139 0.0000 0.1783 0.0674 0.0000 0.0435 0.0512 0.0891
84       84   (0)      7  : 0.3598 0.0000 0.0000 0.0000 0.4152 0.0287 0.0413 0.1549 0.0000
85       85   (0)      7  : 0.5371 0.0000 0.0298 0.3537 0.0000 0.0000 0.0000 0.0794 0.0000
86       86   (0)      7  : 0.1558 0.0000 0.0000 0.6230 0.0000 0.0000 0.0000 0.2005 0.0207
87       87   (0)      7  : 0.3862 0.0005 0.0000 0.0000 0.3715 0.0222 0.1892 0.0304 0.0000
88       88   (0)      7  : 0.1760 0.0000 0.0000 0.2168 0.0000 0.0000 0.5566 0.0506 0.0000
89       89   (0)      7  : 0.0654 0.0031 0.0000 0.0000 0.4142 0.0559 0.2497 0.2117 0.0000
90       90   (0)      7  : 0.4190 0.0000 0.0000 0.5281 0.0002 0.0000 0.0000 0.0137 0.0390
91       91   (0)      7  : 0.4536 0.0000 0.0150 0.1784 0.0000 0.0122 0.2886 0.0522 0.0000
92       92   (0)      7  : 0.4479 0.0000 0.0405 0.4029 0.0000 0.0000 0.0000 0.0415 0.0672
93       93   (0)      7  : 0.1947 0.0000 0.0215 0.5509 0.0267 0.0000 0.0000 0.1069 0.0993
94       94   (0)      7  : 0.4007 0.0000 0.0000 0.2691 0.0000 0.0000 0.1973 0.1329 0.0000
95       95   (0)      7  : 0.1702 0.0000 0.0000 0.6074 0.0000 0.0000 0.0000 0.1972 0.0253
96       96   (0)      7  : 0.1530 0.0061 0.0000 0.4789 0.0423 0.0000 0.2028 0.0544 0.0624
97       97   (0)      7  : 0.0993 0.0000 0.0000 0.7903 0.0000 0.0000 0.0000 0.0768 0.0336
98       98   (0)      7  : 0.0000 0.0000 0.0000 0.7937 0.0000 0.0000 0.0000 0.1173 0.0890
99       99   (0)      7  : 0.0000 0.0000 0.0000 0.8410 0.0118 0.0000 0.0087 0.0731 0.0654
100      100   (0)      7  : 0.1233 0.0000 0.0000 0.0057 0.4283 0.0000 0.0000 0.4427 0.0000
101      101   (0)      6  : 0.3881 0.0000 0.0000 0.0562 0.0000 0.0000 0.0000 0.5353 0.0204
102      102   (0)      6  : 0.0613 0.0000 0.0837 0.1431 0.0000 0.0000 0.1708 0.5384 0.0027
103      103   (0)      6  : 0.0754 0.0000 0.0000 0.0058 0.0000 0.0000 0.6374 0.2814 0.0000
104      104   (0)      6  : 0.4686 0.0000 0.0000 0.0098 0.0000 0.0000 0.0000 0.4592 0.0624
105      105   (0)      6  : 0.0000 0.0000 0.0000 0.0000 0.0000 0.0000 0.6818 0.3182 0.0000
106      106   (0)      6  : 0.0787 0.0000 0.0000 0.1512 0.0000 0.0000 0.1610 0.5728 0.0363
107      107   (0)      6  : 0.2964 0.0000 0.0216 0.0105 0.0000 0.0000 0.2416 0.4298 0.0000
108      108   (0)      6  : 0.1600 0.0000 0.0000 0.0507 0.0157 0.0000 0.3472 0.4065 0.0198
109      109   (0)      6  : 0.1950 0.0000 0.0000 0.0000 0.4610 0.0133 0.1579 0.1728 0.0000
110      110   (0)      7  : 0.3249 0.0000 0.0000 0.2105 0.0005 0.0000 0.3084 0.1557 0.0000
111      111   (0)      7  : 0.0000 0.0412 0.0000 0.3339 0.0317 0.0000 0.0000 0.4230 0.1703
112      112   (0)      6  : 0.1152 0.0000 0.0000 0.0361 0.0000 0.0000 0.0003 0.8283 0.0201
113      113   (0)      6  : 0.0000 0.0000 0.0966 0.0000 0.0000 0.0000 0.0000 0.9034 0.0000
114      114   (0)      6  : 0.0246 0.0000 0.0000 0.0000 0.4443 0.0769 0.0006 0.4536 0.0000
115      115   (0)      6  : 0.1078 0.0000 0.0500 0.2350 0.0000 0.0000 0.0000 0.5365 0.0706
116      116   (0)      6  : 0.0000 0.0528 0.0000 0.0522 0.3999 0.0326 0.0000 0.4294 0.0331
117      117   (0)      6  : 0.0984 0.0031 0.0000 0.1834 0.0182 0.0161 0.1314 0.4873 0.0621
118      118   (0)      6  : 0.0000 0.0000 0.0000 0.0000 0.0000 0.0000 0.2749 0.7203 0.0048
119      119   (0)      6  : 0.0920 0.0000 0.0000 0.0000 0.0000 0.0000 0.1687 0.7353 0.0040
120      120   (0)      6  : 0.0785 0.0000 0.0000 0.0836 0.0000 0.0000 0.0000 0.8028 0.0351
121      121   (0)      6  : 0.1308 0.0000 0.0000 0.0000 0.0000 0.0000 0.0000 0.8692 0.0000
122      122   (0)      6  : 0.0000 0.0000 0.0000 0.0000 0.4700 0.0500 0.0000 0.4801 0.0000
123      123   (0)      8  : 0.0318 0.0000 0.0000 0.2861 0.0434 0.0000 0.4384 0.1316 0.0686
124      124   (0)      8  : 0.3751 0.0000 0.0000 0.1741 0.0142 0.0000 0.4050 0.0239 0.0078
125      125   (0)      8  : 0.0000 0.0000 0.0000 0.1869 0.0322 0.0000 0.7101 0.0000 0.0709
126      126   (0)      8  : 0.6523 0.0000 0.0000 0.3166 0.0000 0.0000 0.0271 0.0000 0.0039
127      127   (0)      8  : 0.4918 0.0000 0.0000 0.4229 0.0000 0.0223 0.0000 0.0000 0.0630
128      128   (0)      8  : 0.0000 0.0000 0.0000 0.4581 0.0000 0.0000 0.5157 0.0000 0.0263
129      129   (0)      8  : 0.2339 0.0000 0.0008 0.2401 0.0082 0.0000 0.4796 0.0000 0.0374
130      130   (0)      8  : 0.0000 0.0000 0.0000 0.1358 0.0307 0.0000 0.6672 0.0929 0.0734
131      131   (0)      8  : 0.2829 0.0027 0.0000 0.3278 0.0000 0.0000 0.1069 0.1463 0.1333
132      132   (0)      8  : 0.2934 0.0000 0.0000 0.3102 0.0000 0.0000 0.3964 0.0000 0.0000
133      133   (0)      8  : 0.3754 0.0000 0.0000 0.1785 0.0003 0.0000 0.3556 0.0000 0.0902
134      134   (0)      8  : 0.2448 0.0000 0.0000 0.4536 0.0087 0.0235 0.2493 0.0201 0.0000
135      135   (0)      8  : 0.1099 0.0000 0.0000 0.5205 0.0000 0.0241 0.0000 0.1479 0.1976
136      136   (0)      8  : 0.0618 0.0000 0.0000 0.0173 0.0000 0.0000 0.9209 0.0000 0.0000
137      137   (0)      8  : 0.3560 0.0000 0.0000 0.3314 0.0220 0.0000 0.0000 0.1097 0.1809
138      138   (0)      8  : 0.6142 0.0000 0.0000 0.2748 0.0000 0.0000 0.0324 0.0000 0.0786
139      139   (0)      8  : 0.6289 0.0000 0.0000 0.2332 0.0093 0.0000 0.0330 0.0000 0.0955
140      140   (0)      8  : 0.7551 0.0000 0.0000 0.2153 0.0000 0.0000 0.0000 0.0005 0.0291
141      141   (0)      8  : 0.4032 0.0000 0.0008 0.2216 0.0000 0.0000 0.3407 0.0000 0.0337
142      142   (0)      8  : 0.0000 0.0000 0.0000 0.5135 0.0000 0.0000 0.4036 0.0042 0.0786
143      143   (0)      8  : 0.6043 0.0000 0.0000 0.2045 0.0000 0.0000 0.0915 0.0071 0.0926
144      144   (0)      8  : 0.0935 0.0000 0.0000 0.3131 0.0063 0.0000 0.0000 0.3556 0.2314
145      145   (0)      8  : 0.4042 0.0000 0.0028 0.2768 0.0000 0.0153 0.0751 0.0684 0.1574
146      146   (0)      3  : 0.1148 0.0000 0.0000 0.3344 0.0000 0.0000 0.5143 0.0000 0.0365
147      147   (0)      3  : 0.2813 0.0000 0.0000 0.0132 0.3836 0.0000 0.3220 0.0000 0.0000
148      148   (0)      3  : 0.0594 0.0000 0.0000 0.0066 0.0000 0.0000 0.8931 0.0000 0.0409
149      149   (0)      3  : 0.6099 0.0000 0.0000 0.3189 0.0034 0.0000 0.0677 0.0000 0.0000
150      150   (0)      3  : 0.2266 0.0000 0.0032 0.2498 0.0000 0.0000 0.4338 0.0000 0.0867
151      151   (0)      3  : 0.0342 0.0000 0.0214 0.2207 0.0104 0.0000 0.6314 0.0358 0.0461
152      152   (0)      3  : 0.6067 0.0000 0.0000 0.3619 0.0000 0.0000 0.0000 0.0000 0.0314
153      153   (0)      3  : 0.4437 0.0000 0.0000 0.3827 0.0000 0.0000 0.1685 0.0000 0.0051
154      154   (0)      3  : 0.2560 0.0000 0.0000 0.4595 0.0000 0.0000 0.2603 0.0000 0.0242
155      155   (0)      3  : 0.4086 0.0000 0.0000 0.4876 0.0000 0.0000 0.0788 0.0000 0.0249
156      156   (0)      3  : 0.3885 0.0000 0.0000 0.5236 0.0354 0.0028 0.0000 0.0000 0.0498
157      157   (0)      3  : 0.5127 0.0000 0.0000 0.3691 0.0842 0.0000 0.0000 0.0000 0.0339
158      158   (0)      3  : 0.5821 0.0000 0.0000 0.2936 0.0000 0.0000 0.0250 0.0000 0.0993
159      159   (0)      3  : 0.5672 0.0000 0.0000 0.3636 0.0000 0.0000 0.0251 0.0213 0.0227
160      160   (0)      3  : 0.5267 0.0000 0.0000 0.0178 0.4472 0.0084 0.0000 0.0000 0.0000
161      161   (0)      3  : 0.2531 0.0000 0.0145 0.1963 0.0000 0.0000 0.2277 0.1367 0.1718
162      162   (0)      3  : 0.1504 0.0000 0.0000 0.2050 0.0000 0.0000 0.6446 0.0000 0.0000
163      163   (0)      3  : 0.5656 0.0000 0.0000 0.2895 0.0000 0.0000 0.0000 0.0000 0.1449
164      164   (0)      3  : 0.2950 0.0000 0.0033 0.3771 0.0000 0.0000 0.2462 0.0000 0.0784
165      165   (0)      3  : 0.5405 0.0000 0.0000 0.4142 0.0000 0.0000 0.0000 0.0000 0.0454
166      166   (0)      3  : 0.0000 0.0000 0.0000 0.2316 0.0084 0.0000 0.7379 0.0000 0.0220
167      167   (0)      3  : 0.3895 0.0000 0.0000 0.4768 0.0000 0.0000 0.0579 0.0000 0.0758
168      168   (0)      3  : 0.5408 0.0000 0.0000 0.1261 0.0000 0.0000 0.2809 0.0093 0.0429
169      169   (0)      3  : 0.4715 0.0000 0.0000 0.4108 0.0000 0.0000 0.0096 0.0118 0.0962
170      170   (0)      3  : 0.4540 0.0000 0.0000 0.4132 0.0000 0.0000 0.0000 0.0078 0.1250
171      171   (0)      3  : 0.7228 0.0000 0.0000 0.1908 0.0000 0.0000 0.0000 0.0000 0.0864
172      172   (0)      3  : 0.4228 0.0000 0.0000 0.4088 0.0000 0.0000 0.0187 0.0000 0.1497
173      173   (0)      3  : 0.5171 0.0000 0.0000 0.3484 0.0000 0.0000 0.0006 0.0370 0.0969
174      174   (0)      3  : 0.2126 0.0000 0.0000 0.3400 0.0000 0.0000 0.3340 0.0000 0.1134
175      175   (0)      8  : 0.0617 0.0000 0.0000 0.4194 0.0000 0.0000 0.4698 0.0000 0.0490
176      176   (0)      8  : 0.0000 0.0125 0.0000 0.4284 0.0042 0.0175 0.0000 0.2874 0.2500
177      177   (0)      8  : 0.4862 0.0000 0.0000 0.1797 0.0000 0.0000 0.3232 0.0000 0.0109
178      178   (0)      8  : 0.3338 0.0000 0.0000 0.2151 0.0000 0.0000 0.0000 0.2494 0.2017
179      179   (0)      8  : 0.3202 0.0000 0.0000 0.2187 0.0000 0.0000 0.4204 0.0059 0.0347
180      180   (0)      8  : 0.2731 0.0000 0.0000 0.3089 0.0299 0.0000 0.3633 0.0000 0.0248
181      181   (0)      8  : 0.3407 0.0000 0.0000 0.3439 0.0000 0.0179 0.2740 0.0000 0.0234
182      182   (0)      1  : 0.6775 0.0000 0.0000 0.0126 0.0000 0.0000 0.0000 0.1034 0.2064
183      183   (0)      1  : 0.1815 0.0000 0.0000 0.0000 0.0000 0.0000 0.3605 0.2900 0.1679
184      184   (0)      1  : 0.3516 0.0000 0.0000 0.0000 0.0000 0.0000 0.0000 0.3457 0.3026
185      185   (0)      1  : 0.1805 0.0000 0.0000 0.0000 0.0197 0.0000 0.3819 0.3006 0.1173
186      186   (0)      1  : 0.4063 0.0000 0.0000 0.0000 0.0000 0.0000 0.0163 0.2762 0.3012
187      187   (0)      1  : 0.1997 0.0228 0.0000 0.2011 0.0306 0.0000 0.1982 0.2564 0.0912
188      188   (0)      1  : 0.5559 0.0000 0.0000 0.0000 0.0000 0.0000 0.0100 0.1811 0.2529
189      189   (0)      1  : 0.5741 0.0000 0.0000 0.0000 0.0000 0.0000 0.0796 0.0734 0.2729
190      190   (0)      2  : 0.0000 0.0000 0.0000 0.0000 0.0000 0.0000 0.7086 0.1589 0.1324
191      191   (0)      2  : 0.6447 0.0000 0.0000 0.2523 0.0000 0.0000 0.0000 0.0410 0.0619
192      192   (0)      2  : 0.5578 0.0000 0.0000 0.1361 0.0000 0.0000 0.0924 0.0780 0.1357
193      193   (0)      2  : 0.0000 0.0000 0.0000 0.3024 0.0000 0.0387 0.6589 0.0000 0.0000
194      194   (0)      2  : 0.7720 0.0000 0.0000 0.0306 0.0000 0.0000 0.1382 0.0432 0.0160
195      195   (0)      2  : 0.0000 0.0000 0.0000 0.1153 0.0000 0.0000 0.8847 0.0000 0.0000
196      196   (0)      2  : 0.1879 0.0000 0.0000 0.0000 0.0000 0.0000 0.2126 0.4233 0.1762
197      197   (0)      2  : 0.0069 0.0000 0.0000 0.2223 0.0000 0.0000 0.3263 0.2496 0.1950
198      198   (0)      1  : 0.1189 0.0000 0.0020 0.0580 0.0000 0.0000 0.5388 0.1030 0.1793
199      199   (0)      1  : 0.3801 0.0000 0.0000 0.0088 0.0000 0.0000 0.0000 0.4504 0.1606
200      200   (0)      1  : 0.0000 0.0000 0.0028 0.0991 0.0000 0.0000 0.4453 0.3491 0.1037
201      201   (0)      1  : 0.0134 0.0000 0.0270 0.0000 0.0198 0.0000 0.1842 0.6832 0.0724
202      202   (0)      1  : 0.0000 0.0000 0.0000 0.0000 0.0000 0.0000 0.3767 0.5896 0.0338
203      203   (0)      1  : 0.0000 0.0000 0.0000 0.0000 0.0000 0.0000 0.0000 0.8159 0.1841
204      204   (0)      2  : 0.0589 0.0000 0.0000 0.0960 0.2197 0.0000 0.4139 0.2011 0.0104
205      205   (0)      2  : 0.0724 0.0000 0.0000 0.0015 0.0000 0.0000 0.4860 0.3536 0.0865
206      206   (0)      2  : 0.1443 0.0000 0.0000 0.0476 0.4911 0.0000 0.2819 0.0352 0.0000
207      207   (0)      2  : 0.5776 0.0000 0.0014 0.1002 0.0000 0.0000 0.0000 0.1218 0.1989
208      208   (0)      2  : 0.0000 0.0000 0.0000 0.0000 0.0000 0.0000 1.0000 0.0000 0.0000
209      209   (0)      2  : 0.7550 0.0000 0.0000 0.0366 0.0000 0.0000 0.0000 0.0000 0.2084
210      210   (0)      2  : 0.0000 0.0000 0.0034 0.1165 0.0000 0.0000 0.7181 0.0574 0.1046
211      211   (0)      1  : 0.0000 0.0000 0.0168 0.0000 0.0000 0.0000 0.6732 0.1590 0.1511
212      212   (0)      1  : 0.0795 0.0000 0.0000 0.1507 0.0000 0.0000 0.0000 0.4988 0.2710
213      213   (0)      1  : 0.1154 0.0000 0.0000 0.1108 0.0000 0.0156 0.2326 0.2878 0.2379
214      214   (0)      1  : 0.3108 0.0000 0.0000 0.0023 0.0000 0.0000 0.0000 0.4288 0.2581
215      215   (0)      1  : 0.0005 0.0000 0.0000 0.0000 0.0000 0.0000 0.7870 0.1231 0.0895
216      216   (0)      1  : 0.3112 0.0000 0.0000 0.0000 0.0000 0.0000 0.0000 0.4940 0.1948
217      217   (0)      1  : 0.2195 0.0000 0.0228 0.0000 0.0000 0.0000 0.0163 0.4992 0.2421
218      218   (0)      1  : 0.0000 0.0000 0.0123 0.0348 0.0000 0.0000 0.4559 0.4564 0.0406
219      219   (0)      2  : 0.3477 0.0000 0.0000 0.0000 0.0000 0.0000 0.4198 0.1390 0.0935
220      220   (0)      2  : 0.0000 0.0000 0.0000 0.1814 0.0000 0.0000 0.5972 0.1584 0.0630
221      221   (0)      2  : 0.4777 0.0091 0.0000 0.0372 0.0000 0.0000 0.0000 0.2482 0.2277
222      222   (0)      2  : 0.3883 0.0000 0.0000 0.1883 0.0000 0.0000 0.1413 0.1712 0.1109
223      223   (0)      2  : 0.4608 0.0000 0.0000 0.0039 0.0000 0.0000 0.0000 0.4574 0.0779
224      224   (0)      2  : 0.0985 0.0000 0.0000 0.0070 0.0000 0.0000 0.8788 0.0000 0.0157
225      225   (0)      2  : 0.0258 0.0000 0.0000 0.0679 0.0000 0.0000 0.5667 0.1548 0.1849
226      226   (0)      2  : 0.5483 0.0000 0.0028 0.0474 0.0000 0.0051 0.0000 0.1341 0.2623
227      227   (0)      2  : 0.5586 0.0000 0.0000 0.0000 0.0000 0.0000 0.1247 0.0175 0.2992
228      228   (0)      2  : 0.6395 0.0042 0.0000 0.0220 0.0000 0.0000 0.1188 0.0095 0.2059
229      229   (0)      2  : 0.8800 0.0000 0.0000 0.0000 0.0000 0.0000 0.0419 0.0000 0.0781
230      230   (0)      2  : 0.2780 0.0000 0.0000 0.0000 0.3206 0.0629 0.3385 0.0000 0.0000
231      231   (0)      2  : 0.4133 0.0000 0.0000 0.2486 0.0000 0.0000 0.1515 0.0337 0.1528
232      232   (0)      2  : 0.4069 0.0000 0.0000 0.0509 0.0000 0.0000 0.3764 0.0710 0.0948
233      233   (0)      9  : 0.0419 0.0000 0.9581 0.0000 0.0000 0.0000 0.0000 0.0000 0.0000
234      234   (0)      9  : 0.0000 0.0974 0.0000 0.0000 0.0488 0.8538 0.0000 0.0000 0.0000
235      235   (0)      9  : 0.0000 0.0000 1.0000 0.0000 0.0000 0.0000 0.0000 0.0000 0.0000
236      236   (0)      9  : 0.0000 0.1458 0.0000 0.0856 0.0500 0.7186 0.0000 0.0000 0.0000
237      237   (0)      9  : 0.0398 0.0000 0.9602 0.0000 0.0000 0.0000 0.0000 0.0000 0.0000
238      238   (0)      9  : 0.0000 0.0000 0.9697 0.0000 0.0000 0.0000 0.0000 0.0000 0.0303
239      239   (0)      9  : 0.0000 0.1106 0.0000 0.0000 0.0008 0.8747 0.0140 0.0000 0.0000
240      240   (0)      9  : 0.0000 0.0289 0.0000 0.0000 0.0120 0.9591 0.0000 0.0000 0.0000
241      241   (0)     10  : 0.0000 0.0000 0.0000 0.0000 0.0000 1.0000 0.0000 0.0000 0.0000
242      242   (0)     10  : 0.0000 0.0000 0.0000 0.0000 0.0000 1.0000 0.0000 0.0000 0.0000
243      243   (0)     10  : 0.0000 0.0000 0.0000 0.0456 0.0000 0.9334 0.0000 0.0000 0.0209
244      244   (0)     11  : 0.0000 0.0329 0.9506 0.0000 0.0165 0.0000 0.0000 0.0000 0.0000
245      245   (0)     11  : 0.0000 0.0631 0.9368 0.0000 0.0000 0.0000 0.0000 0.0000 0.0001
246      246   (0)     11  : 0.0025 0.0000 0.9486 0.0000 0.0000 0.0000 0.0000 0.0098 0.0391
247      247   (0)     11  : 0.0019 0.0000 0.9981 0.0000 0.0000 0.0000 0.0000 0.0000 0.0000
248      248   (0)     11  : 0.0000 0.0000 0.9706 0.0000 0.0000 0.0000 0.0000 0.0294 0.0000
249      249   (0)     11  : 0.0000 0.3293 0.0000 0.0000 0.0000 0.6512 0.0000 0.0194 0.0000
250      250   (0)     11  : 0.0000 0.4689 0.0000 0.0296 0.0000 0.4808 0.0000 0.0000 0.0207
251      251   (0)     10  : 0.0275 0.0000 0.0966 0.0019 0.0000 0.8082 0.0000 0.0658 0.0000
252      252   (0)     10  : 0.0000 0.0000 0.0000 0.0000 0.0353 0.9647 0.0000 0.0000 0.0000
253      253   (0)     10  : 0.0000 0.0000 0.0000 0.0000 0.0000 1.0000 0.0000 0.0000 0.0000
254      254   (0)     10  : 0.0000 0.0000 0.0000 0.0000 0.0000 0.9472 0.0000 0.0528 0.0000
255      255   (0)     10  : 0.0000 0.0453 0.0000 0.0000 0.0000 0.8109 0.1438 0.0000 0.0000
256      256   (0)     10  : 0.0000 0.0812 0.0204 0.0168 0.0218 0.7997 0.0000 0.0303 0.0298
257      257   (0)     10  : 0.0000 0.0000 0.0212 0.0000 0.0381 0.9407 0.0000 0.0000 0.0000
258      258   (0)     10  : 0.0000 0.0000 0.0000 0.0000 0.0000 1.0000 0.0000 0.0000 0.0000
259      259   (0)     10  : 0.0000 0.0000 0.0470 0.0000 0.0289 0.9241 0.0000 0.0000 0.0000
260      260   (0)     10  : 0.0000 0.1512 0.0000 0.0291 0.0000 0.8197 0.0000 0.0000 0.0000
261      261   (0)     10  : 0.0046 0.0222 0.3457 0.0000 0.0000 0.6072 0.0000 0.0000 0.0203
262      262   (0)     10  : 0.0000 0.1240 0.0513 0.1058 0.0147 0.6972 0.0000 0.0000 0.0069
263      263   (0)     10  : 0.0000 0.0000 0.0000 0.0000 0.0305 0.9695 0.0000 0.0000 0.0000
264      264   (0)     10  : 0.0000 0.0000 0.0000 0.0000 0.0000 1.0000 0.0000 0.0000 0.0000
265      265   (0)     10  : 0.0000 0.0094 0.0000 0.0000 0.0000 0.9906 0.0000 0.0000 0.0000
266      266   (0)     10  : 0.0028 0.0000 0.0000 0.0000 0.0152 0.9806 0.0000 0.0000 0.0014
267      267   (0)     10  : 0.0000 0.0000 0.8920 0.0000 0.0000 0.0355 0.0725 0.0000 0.0000
268      268   (0)     10  : 0.0000 0.0462 0.0000 0.0587 0.0000 0.8950 0.0000 0.0000 0.0000
269      269   (0)     10  : 0.0000 0.0000 0.0272 0.0341 0.0000 0.9387 0.0000 0.0000 0.0000
270      270   (0)     10  : 0.0000 0.0000 0.0000 0.0000 0.0000 0.9382 0.0000 0.0618 0.0000
271      271   (0)     10  : 0.0002 0.0000 0.0166 0.0000 0.0000 0.9745 0.0000 0.0027 0.0060
272      272   (0)     10  : 0.0000 0.0000 0.0000 0.0000 0.0000 1.0000 0.0000 0.0000 0.0000
273      273   (0)     12  : 0.0000 0.9691 0.0000 0.0000 0.0000 0.0309 0.0000 0.0000 0.0000
274      274   (0)     12  : 0.0000 0.9390 0.0610 0.0000 0.0000 0.0000 0.0000 0.0000 0.0000
275      275   (0)     12  : 0.0000 0.9994 0.0000 0.0000 0.0000 0.0006 0.0000 0.0000 0.0000
276      276   (0)     12  : 0.0000 0.9951 0.0000 0.0000 0.0049 0.0000 0.0000 0.0000 0.0000
277      277   (0)     12  : 0.0000 0.7698 0.0827 0.0531 0.0000 0.0943 0.0000 0.0000 0.0000
278      278   (0)     12  : 0.0000 0.3060 0.6940 0.0000 0.0000 0.0000 0.0000 0.0000 0.0000
279      279   (0)     12  : 0.0000 0.1493 0.8507 0.0000 0.0000 0.0000 0.0000 0.0000 0.0000
280      280   (0)     12  : 0.0000 1.0000 0.0000 0.0000 0.0000 0.0000 0.0000 0.0000 0.0000
281      281   (0)     12  : 0.0000 0.9477 0.0000 0.0000 0.0162 0.0361 0.0000 0.0000 0.0000
282      282   (0)     12  : 0.0000 0.8334 0.0584 0.0380 0.0000 0.0654 0.0000 0.0000 0.0049
283      283   (0)     12  : 0.0044 0.8791 0.0608 0.0369 0.0000 0.0188 0.0000 0.0000 0.0000
284      284   (0)     12  : 0.0000 0.1389 0.8611 0.0000 0.0000 0.0000 0.0000 0.0000 0.0000
285      285   (0)     12  : 0.0000 0.1086 0.8800 0.0000 0.0000 0.0000 0.0000 0.0113 0.0000
286      286   (0)     12  : 0.0000 0.2499 0.7275 0.0131 0.0000 0.0000 0.0000 0.0000 0.0096
287      287   (0)     12  : 0.0000 0.9542 0.0000 0.0000 0.0000 0.0458 0.0000 0.0000 0.0000
288      288   (0)     12  : 0.0000 1.0000 0.0000 0.0000 0.0000 0.0000 0.0000 0.0000 0.0000
289      289   (0)     12  : 0.0000 1.0000 0.0000 0.0000 0.0000 0.0000 0.0000 0.0000 0.0000
290      290   (0)     12  : 0.0000 0.9898 0.0000 0.0000 0.0102 0.0000 0.0000 0.0000 0.0000
291      291   (0)     12  : 0.0000 0.9618 0.0000 0.0000 0.0000 0.0382 0.0000 0.0000 0.0000
292      292   (0)     12  : 0.0000 0.9108 0.0217 0.0000 0.0000 0.0675 0.0000 0.0000 0.0000
293      293   (0)     12  : 0.0000 1.0000 0.0000 0.0000 0.0000 0.0000 0.0000 0.0000 0.0000
294      294   (0)     12  : 0.0000 0.9738 0.0000 0.0000 0.0262 0.0000 0.0000 0.0000 0.0000
295      295   (0)     12  : 0.0000 0.0510 0.9490 0.0000 0.0000 0.0000 0.0000 0.0000 0.0000
296      296   (0)     12  : 0.0000 1.0000 0.0000 0.0000 0.0000 0.0000 0.0000 0.0000 0.0000
297      297   (0)     12  : 0.0000 1.0000 0.0000 0.0000 0.0000 0.0000 0.0000 0.0000 0.0000
298      298   (0)     12  : 0.0000 0.1784 0.8152 0.0064 0.0000 0.0000 0.0000 0.0000 0.0000
299      299   (0)     12  : 0.0000 0.8686 0.0000 0.0162 0.0000 0.1152 0.0000 0.0000 0.0000
300      300   (0)     12  : 0.0000 0.0828 0.8560 0.0000 0.0000 0.0000 0.0000 0.0612 0.0000
301      301   (0)     13  : 0.0000 0.7860 0.0333 0.0000 0.0000 0.1807 0.0000 0.0000 0.0000
302      302   (0)     13  : 0.0000 0.9136 0.0000 0.0000 0.0242 0.0622 0.0000 0.0000 0.0000
303      303   (0)     13  : 0.0000 0.8059 0.0000 0.0000 0.0000 0.1869 0.0000 0.0000 0.0072
304      304   (0)     13  : 0.0000 0.7201 0.0083 0.0000 0.0000 0.2715 0.0000 0.0000 0.0000
305      305   (0)     13  : 0.0000 0.9339 0.0000 0.0000 0.0000 0.0661 0.0000 0.0000 0.0000
306      306   (0)     13  : 0.0000 0.8663 0.0000 0.0000 0.0000 0.0916 0.0000 0.0421 0.0000
307      307   (0)     13  : 0.0000 0.7107 0.0000 0.0000 0.0689 0.2204 0.0000 0.0000 0.0000
308      308   (0)     13  : 0.0000 0.1920 0.7302 0.0000 0.0000 0.0000 0.0000 0.0778 0.0000
309      309   (0)     13  : 0.0000 0.4981 0.3853 0.0000 0.0000 0.1086 0.0000 0.0000 0.0080
310      310   (0)     13  : 0.0000 0.9475 0.0000 0.0000 0.0000 0.0525 0.0000 0.0000 0.0000
311      311   (0)     13  : 0.0000 0.8800 0.0000 0.0000 0.0000 0.1200 0.0000 0.0000 0.0000
312      312   (0)     13  : 0.0000 0.7664 0.0000 0.0115 0.0743 0.1250 0.0000 0.0000 0.0227
313      313   (0)     13  : 0.0000 0.9294 0.0000 0.0000 0.0000 0.0706 0.0000 0.0000 0.0000
314      314   (0)     13  : 0.0000 0.8280 0.0000 0.0000 0.0000 0.1720 0.0000 0.0000 0.0000
315      315   (0)     13  : 0.0000 0.8412 0.0000 0.0000 0.0000 0.1588 0.0000 0.0000 0.0000
316      316   (0)     13  : 0.0000 0.6786 0.0000 0.0000 0.0125 0.3088 0.0000 0.0000 0.0000
317      317   (0)     13  : 0.0000 0.8332 0.0000 0.0000 0.0000 0.1654 0.0013 0.0000 0.0000
318      318   (0)     13  : 0.0000 0.9029 0.0000 0.0000 0.0971 0.0000 0.0000 0.0000 0.0000
319      319   (0)     13  : 0.0000 0.7798 0.0000 0.0000 0.0000 0.2202 0.0000 0.0000 0.0000
320      320   (0)     13  : 0.0000 0.2699 0.7301 0.0000 0.0000 0.0000 0.0000 0.0000 0.0000
321      321   (0)     13  : 0.0000 0.8535 0.0000 0.0000 0.0000 0.1465 0.0000 0.0000 0.0000
322      322   (0)     13  : 0.0000 0.8400 0.0000 0.0000 0.0000 0.1600 0.0000 0.0000 0.0000
323      323   (0)     13  : 0.0000 1.0000 0.0000 0.0000 0.0000 0.0000 0.0000 0.0000 0.0000
324      324   (0)     13  : 0.0000 0.9378 0.0000 0.0000 0.0000 0.0622 0.0000 0.0000 0.0000
325      325   (0)     14  : 0.0000 0.5595 0.0000 0.0000 0.0000 0.4405 0.0000 0.0000 0.0000
326      326   (0)     14  : 0.0000 0.0000 0.0000 0.0000 0.0000 1.0000 0.0000 0.0000 0.0000
327      327   (0)     14  : 0.0000 0.0000 1.0000 0.0000 0.0000 0.0000 0.0000 0.0000 0.0000
328      328   (0)     14  : 0.0000 0.3898 0.0000 0.0000 0.0000 0.6102 0.0000 0.0000 0.0000
329      329   (0)     14  : 0.0000 0.0000 1.0000 0.0000 0.0000 0.0000 0.0000 0.0000 0.0000
330      330   (0)     14  : 0.0394 0.0000 0.9262 0.0000 0.0000 0.0345 0.0000 0.0000 0.0000
331      331   (0)     14  : 0.0000 0.0000 0.9720 0.0000 0.0000 0.0000 0.0000 0.0000 0.0280
332      332   (0)     14  : 0.0000 0.3693 0.1098 0.0000 0.0000 0.5209 0.0000 0.0000 0.0000
333      333   (0)     14  : 0.0000 0.0000 1.0000 0.0000 0.0000 0.0000 0.0000 0.0000 0.0000
334      334   (0)     14  : 0.0000 0.1891 0.0000 0.0000 0.0000 0.8108 0.0000 0.0000 0.0001
335      335   (0)     14  : 0.0000 0.2886 0.0530 0.0000 0.0000 0.6336 0.0000 0.0248 0.0000
336      336   (0)     11  : 0.0000 0.0000 0.9663 0.0000 0.0000 0.0315 0.0000 0.0022 0.0000
337      337   (0)     11  : 0.0000 0.3587 0.0000 0.0000 0.0209 0.6126 0.0000 0.0000 0.0078
338      338   (0)     11  : 0.0000 0.0352 0.8791 0.0000 0.0000 0.0000 0.0000 0.0857 0.0000
339      339   (0)     10  : 0.0000 0.0000 0.0000 0.0000 0.0000 1.0000 0.0000 0.0000 0.0000
340      340   (0)     10  : 0.0000 0.0000 0.7205 0.2772 0.0000 0.0000 0.0023 0.0000 0.0000
341      341   (0)     11  : 0.0075 0.0049 0.8847 0.0000 0.0000 0.0645 0.0000 0.0000 0.0384
342      342   (0)     11  : 0.0000 0.0000 1.0000 0.0000 0.0000 0.0000 0.0000 0.0000 0.0000
343      343   (0)     11  : 0.0000 0.0000 1.0000 0.0000 0.0000 0.0000 0.0000 0.0000 0.0000
344      344   (0)     11  : 0.0019 0.0000 0.8610 0.0085 0.0000 0.0833 0.0000 0.0000 0.0453
345      345   (0)     11  : 0.0000 0.0049 0.9552 0.0000 0.0000 0.0145 0.0000 0.0216 0.0039
346      346   (0)     11  : 0.0000 0.0000 1.0000 0.0000 0.0000 0.0000 0.0000 0.0000 0.0000
347      347   (0)     11  : 0.0000 0.3937 0.0000 0.0000 0.0000 0.6063 0.0000 0.0000 0.0000
348      348   (0)     11  : 0.0000 0.0000 1.0000 0.0000 0.0000 0.0000 0.0000 0.0000 0.0000
349      349   (0)     11  : 0.0000 0.0000 0.9696 0.0000 0.0000 0.0304 0.0000 0.0000 0.0000
350      350   (0)     11  : 0.0000 0.0115 0.8754 0.0000 0.0000 0.1131 0.0000 0.0000 0.0000
351      351   (0)     11  : 0.0000 0.0000 1.0000 0.0000 0.0000 0.0000 0.0000 0.0000 0.0000
352      352   (0)     11  : 0.0000 0.2150 0.0264 0.0000 0.0000 0.7586 0.0000 0.0000 0.0000
353      353   (0)     11  : 0.0000 0.0000 1.0000 0.0000 0.0000 0.0000 0.0000 0.0000 0.0000
354      354   (0)     11  : 0.0000 0.1428 0.0000 0.0000 0.0000 0.8572 0.0000 0.0000 0.0000
355      355   (0)     11  : 0.0000 0.0000 1.0000 0.0000 0.0000 0.0000 0.0000 0.0000 0.0000
356      356   (0)     14  : 0.0000 0.0166 0.9493 0.0001 0.0000 0.0000 0.0175 0.0000 0.0165
357      357   (0)     14  : 0.0000 0.3359 0.0000 0.0000 0.0000 0.6641 0.0000 0.0000 0.0000
358      358   (0)     14  : 0.0000 0.0000 1.0000 0.0000 0.0000 0.0000 0.0000 0.0000 0.0000
359      359   (0)     14  : 0.0000 0.3059 0.0000 0.0000 0.0000 0.6941 0.0000 0.0000 0.0000
360      360   (0)     14  : 0.0000 0.0000 1.0000 0.0000 0.0000 0.0000 0.0000 0.0000 0.0000
361      361   (0)     14  : 0.0000 0.0000 0.9452 0.0000 0.0000 0.0548 0.0000 0.0000 0.0000
362      362   (0)     14  : 0.0000 0.0000 1.0000 0.0000 0.0000 0.0000 0.0000 0.0000 0.0000
363      363   (0)     14  : 0.0056 0.0000 0.9443 0.0000 0.0000 0.0000 0.0000 0.0000 0.0501
364      364   (0)     14  : 0.0000 0.0000 1.0000 0.0000 0.0000 0.0000 0.0000 0.0000 0.0000
365      365   (0)     14  : 0.0000 0.0762 0.9019 0.0000 0.0000 0.0219 0.0000 0.0000 0.0000
366      366   (0)     14  : 0.0000 0.2765 0.0372 0.0000 0.0000 0.6863 0.0000 0.0000 0.0000
367      367   (0)      9  : 0.0000 0.0769 0.0000 0.0000 0.0000 0.9231 0.0000 0.0000 0.0000
368      368   (0)      9  : 0.0000 0.0000 0.8512 0.0472 0.0000 0.1015 0.0000 0.0000 0.0001
369      369   (0)      9  : 0.0000 0.0241 0.0254 0.0000 0.0000 0.9505 0.0000 0.0000 0.0000
370      370   (0)      9  : 0.0000 0.0000 0.0718 0.0000 0.0000 0.9282 0.0000 0.0000 0.0000
371      371   (0)      9  : 0.0000 0.0000 0.0000 0.0000 0.0000 1.0000 0.0000 0.0000 0.0000
372      372   (0)      9  : 0.0000 0.0000 1.0000 0.0000 0.0000 0.0000 0.0000 0.0000 0.0000
373      373   (0)     14  : 0.0000 0.0000 1.0000 0.0000 0.0000 0.0000 0.0000 0.0000 0.0000
374      374   (0)     14  : 0.0000 0.0000 0.0170 0.0000 0.0000 0.9830 0.0000 0.0000 0.0000
375      375   (0)     14  : 0.0000 0.0000 0.9615 0.0000 0.0000 0.0385 0.0000 0.0000 0.0000
376      376   (0)     14  : 0.0000 0.0000 1.0000 0.0000 0.0000 0.0000 0.0000 0.0000 0.0000
377      377   (0)     14  : 0.0000 0.0707 0.0000 0.0000 0.0108 0.9185 0.0000 0.0000 0.0000
378      378   (0)      9  : 0.0000 0.0000 0.0000 0.0000 0.0000 1.0000 0.0000 0.0000 0.0000
379      379   (0)      9  : 0.0624 0.0000 0.9376 0.0000 0.0000 0.0000 0.0000 0.0000 0.0000
380      380   (0)      9  : 0.0310 0.0000 0.8988 0.0000 0.0000 0.0000 0.0000 0.0000 0.0702
381      381   (0)      9  : 0.0000 0.0000 0.8701 0.0000 0.0000 0.0000 0.1299 0.0000 0.0000
382      382   (0)      9  : 0.0000 0.0000 0.0000 0.0000 0.0000 1.0000 0.0000 0.0000 0.0000
383      383   (0)      9  : 0.0000 0.0000 0.0000 0.0000 0.0000 1.0000 0.0000 0.0000 0.0000
384      384   (0)      9  : 0.0000 0.0000 0.0000 0.0000 0.0000 1.0000 0.0000 0.0000 0.0000
385      385   (0)      9  : 0.0000 0.0000 0.8386 0.0000 0.0000 0.0000 0.1614 0.0000 0.0000
386      386   (0)      9  : 0.0000 0.0000 0.0000 0.0000 0.0000 1.0000 0.0000 0.0000 0.0000
387      387   (0)      9  : 0.0000 0.0000 0.0098 0.0000 0.0329 0.9573 0.0000 0.0000 0.0000
388      388   (0)      9  : 0.0000 0.0000 0.9953 0.0000 0.0000 0.0000 0.0047 0.0000 0.0000
389      389   (0)      9  : 0.0282 0.0000 0.9643 0.0000 0.0000 0.0000 0.0000 0.0000 0.0075
390      390   (0)      9  : 0.0000 0.0000 0.0000 0.0748 0.0728 0.8021 0.0000 0.0000 0.0503
391      391   (0)      9  : 0.0000 0.0000 0.7978 0.0000 0.0000 0.0000 0.2022 0.0000 0.0000
392      392   (0)     15  : 0.0000 0.6964 0.0088 0.0000 0.0000 0.2948 0.0000 0.0000 0.0000
393      393   (0)     15  : 0.0000 1.0000 0.0000 0.0000 0.0000 0.0000 0.0000 0.0000 0.0000
394      394   (0)     15  : 0.0012 0.7922 0.2066 0.0000 0.0000 0.0000 0.0000 0.0000 0.0000
395      395   (0)     15  : 0.0000 0.7528 0.1291 0.0000 0.0000 0.0000 0.1181 0.0000 0.0000
396      396   (0)     15  : 0.0000 0.9364 0.0636 0.0000 0.0000 0.0000 0.0000 0.0000 0.0000
397      397   (0)     15  : 0.0000 0.9372 0.0628 0.0000 0.0000 0.0000 0.0000 0.0000 0.0000
398      398   (0)     15  : 0.0000 0.9752 0.0248 0.0000 0.0000 0.0000 0.0000 0.0000 0.0000
399      399   (0)     15  : 0.0000 0.1047 0.8953 0.0000 0.0000 0.0000 0.0000 0.0000 0.0000
400      400   (0)     15  : 0.0000 0.9571 0.0000 0.0000 0.0000 0.0000 0.0429 0.0000 0.0000
401      401   (0)     15  : 0.0000 0.9450 0.0299 0.0000 0.0252 0.0000 0.0000 0.0000 0.0000
402      402   (0)     15  : 0.0000 0.1424 0.8563 0.0000 0.0000 0.0000 0.0000 0.0013 0.0000
403      403   (0)     15  : 0.0000 0.0000 1.0000 0.0000 0.0000 0.0000 0.0000 0.0000 0.0000
404      404   (0)     15  : 0.0000 0.9078 0.0922 0.0000 0.0000 0.0000 0.0000 0.0000 0.0000
405      405   (0)     15  : 0.0000 0.8958 0.0489 0.0000 0.0000 0.0553 0.0000 0.0000 0.0000
406      406   (0)     15  : 0.0000 0.9714 0.0083 0.0000 0.0000 0.0203 0.0000 0.0000 0.0000
407      407   (0)     15  : 0.0000 0.7147 0.2806 0.0000 0.0000 0.0047 0.0000 0.0000 0.0000
408      408   (0)     15  : 0.0000 0.1087 0.8913 0.0000 0.0000 0.0000 0.0000 0.0000 0.0000
409      409   (0)     15  : 0.0000 0.8886 0.1114 0.0000 0.0000 0.0000 0.0000 0.0000 0.0000
410      410   (0)     15  : 0.0000 0.1675 0.8325 0.0000 0.0000 0.0000 0.0000 0.0000 0.0000
411      411   (0)     15  : 0.0000 0.9583 0.0417 0.0000 0.0000 0.0000 0.0000 0.0000 0.0000
412      412   (0)     15  : 0.0000 0.7490 0.2349 0.0000 0.0000 0.0000 0.0115 0.0046 0.0000
413      413   (0)     15  : 0.0000 0.9795 0.0205 0.0000 0.0000 0.0000 0.0000 0.0000 0.0000
414      414   (0)     15  : 0.0000 0.9119 0.0000 0.0143 0.0000 0.0581 0.0000 0.0000 0.0157
415      415   (0)     15  : 0.0000 0.7132 0.1955 0.0000 0.0000 0.0110 0.0000 0.0803 0.0000
416      416   (0)     15  : 0.0000 1.0000 0.0000 0.0000 0.0000 0.0000 0.0000 0.0000 0.0000
417      417   (0)     15  : 0.0000 0.1013 0.8987 0.0000 0.0000 0.0000 0.0000 0.0000 0.0000
418      418   (0)     15  : 0.0000 1.0000 0.0000 0.0000 0.0000 0.0000 0.0000 0.0000 0.0000
419      419   (0)     15  : 0.0000 0.0986 0.8712 0.0000 0.0000 0.0000 0.0000 0.0302 0.0000
420      420   (0)     15  : 0.0000 0.1011 0.8989 0.0000 0.0000 0.0000 0.0000 0.0000 0.0000
421      421   (0)     16  : 0.2662 0.0000 0.0000 0.0000 0.0115 0.0000 0.4646 0.0000 0.2577
422      422   (0)     16  : 0.0376 0.0000 0.0000 0.1011 0.0000 0.0000 0.6667 0.0000 0.1946
423      423   (0)     16  : 0.3811 0.0000 0.0471 0.0565 0.0000 0.0000 0.0000 0.1429 0.3723
424      424   (0)     16  : 0.1035 0.0000 0.0702 0.0651 0.0000 0.0008 0.3933 0.0071 0.3600
425      425   (0)     16  : 0.0000 0.0000 0.0017 0.0710 0.0000 0.0000 0.5698 0.0929 0.2647
426      426   (0)     16  : 0.3823 0.0000 0.0000 0.0669 0.0000 0.0000 0.0000 0.1842 0.3666
427      427   (0)     16  : 0.0893 0.0000 0.0000 0.0000 0.0000 0.0018 0.5916 0.0000 0.3173
428      428   (0)     16  : 0.4130 0.0000 0.0000 0.0000 0.0000 0.0000 0.0000 0.0000 0.5870
429      429   (0)     16  : 0.0458 0.0000 0.0026 0.0917 0.0000 0.0076 0.3334 0.0319 0.4870
430      430   (0)     16  : 0.6681 0.0000 0.0000 0.0190 0.0003 0.0000 0.0000 0.0042 0.3084
431      431   (0)     16  : 0.0000 0.0000 0.0000 0.3456 0.0000 0.0000 0.4071 0.0000 0.2473
432      432   (0)     16  : 0.5625 0.0000 0.0065 0.0000 0.0000 0.0000 0.0067 0.0233 0.4010
433      433   (0)     16  : 0.0426 0.0000 0.0000 0.0000 0.0000 0.0000 0.7791 0.0000 0.1783
434      434   (0)     16  : 0.4993 0.0000 0.0138 0.0138 0.0000 0.0000 0.2515 0.0021 0.2194
435      435   (0)     16  : 0.3088 0.0000 0.0000 0.0000 0.0000 0.0000 0.4436 0.0000 0.2476
436      436   (0)     16  : 0.0126 0.0000 0.0000 0.0662 0.0000 0.0000 0.7443 0.0000 0.1769
437      437   (0)     16  : 0.5734 0.0000 0.0000 0.0643 0.0000 0.0000 0.0000 0.0000 0.3624
438      438   (0)     16  : 0.7392 0.0000 0.0000 0.0121 0.0000 0.0000 0.0000 0.0000 0.2487
439      439   (0)     16  : 0.5208 0.0000 0.0216 0.0457 0.0000 0.0000 0.0000 0.0003 0.4116
440      440   (0)     16  : 0.1590 0.0000 0.0137 0.0000 0.0000 0.0000 0.0000 0.2310 0.5963
441      441   (0)     16  : 0.4037 0.0298 0.0002 0.0000 0.0000 0.0000 0.3202 0.0000 0.2460
442      442   (0)     16  : 0.6470 0.0000 0.0000 0.0295 0.0000 0.0000 0.0042 0.0000 0.3193
443      443   (0)     16  : 0.2627 0.0000 0.0465 0.0000 0.0000 0.0000 0.0059 0.1760 0.5088
444      444   (0)     16  : 0.5656 0.0000 0.0053 0.0000 0.0000 0.0000 0.0000 0.0013 0.4278
445      445   (0)     16  : 0.1202 0.0000 0.0000 0.0000 0.5311 0.0187 0.3300 0.0000 0.0000
446      446   (0)     16  : 0.2821 0.0000 0.0011 0.0000 0.0000 0.0000 0.4110 0.0000 0.3059
447      447   (0)     16  : 0.2433 0.0000 0.0102 0.0000 0.0000 0.0000 0.1479 0.0536 0.5450
448      448   (0)     16  : 0.4830 0.0000 0.0000 0.0000 0.0000 0.0000 0.0199 0.0000 0.4971
449      449   (0)     16  : 0.4220 0.0000 0.0080 0.0000 0.0000 0.0000 0.2690 0.0000 0.3010
450      450   (0)     16  : 0.6200 0.0000 0.0000 0.0263 0.0000 0.0000 0.0064 0.0106 0.3367
451      451   (0)     17  : 0.3057 0.0000 0.0362 0.1829 0.0000 0.0303 0.1026 0.0535 0.2889
452      452   (0)     17  : 0.5601 0.0000 0.0128 0.0000 0.0000 0.0000 0.0311 0.0162 0.3798
453      453   (0)     17  : 0.6752 0.0000 0.0000 0.0000 0.0000 0.0000 0.0000 0.0000 0.3248
454      454   (0)     17  : 0.1234 0.0073 0.0000 0.0000 0.4000 0.1476 0.0000 0.2257 0.0960
455      455   (0)     17  : 0.0172 0.0000 0.0000 0.0000 0.0000 0.0000 0.7631 0.0000 0.2197
456      456   (0)     17  : 0.1318 0.0000 0.0000 0.0000 0.5433 0.1259 0.0070 0.0547 0.1373
457      457   (0)     17  : 0.0304 0.0000 0.0000 0.0000 0.0000 0.0000 0.7811 0.0000 0.1885
458      458   (0)     17  : 0.6169 0.0000 0.0025 0.0099 0.0000 0.0000 0.0248 0.0000 0.3459
459      459   (0)     17  : 0.5525 0.0000 0.0000 0.0000 0.0000 0.0000 0.0000 0.0000 0.4475
460      460   (0)     17  : 0.0000 0.0000 0.0000 0.0000 0.0000 0.0000 0.3702 0.3230 0.3068
461      461   (0)     17  : 0.1837 0.0000 0.0178 0.0000 0.0000 0.0000 0.2794 0.0432 0.4759
462      462   (0)     17  : 0.0675 0.0792 0.0000 0.4120 0.0663 0.0000 0.0000 0.0000 0.3751
463      463   (0)     17  : 0.0000 0.0377 0.0000 0.0000 0.3888 0.1194 0.3477 0.0372 0.0691
464      464   (0)     17  : 0.3806 0.0000 0.0453 0.0409 0.0060 0.0000 0.0556 0.0159 0.4557
465      465   (0)     17  : 0.4583 0.0000 0.0000 0.1919 0.1192 0.0000 0.0088 0.0000 0.2217
466      466   (0)     17  : 0.3958 0.0000 0.0201 0.0327 0.0247 0.0000 0.0000 0.1889 0.3377
467      467   (0)     17  : 0.3123 0.0000 0.0202 0.1444 0.0141 0.0000 0.2040 0.1727 0.1322
468      468   (0)     17  : 0.0476 0.0000 0.0147 0.0000 0.0000 0.0000 0.0030 0.6608 0.2740
469      469   (0)     17  : 0.1658 0.0000 0.0313 0.0788 0.0211 0.0000 0.3027 0.0727 0.3275
470      470   (0)     17  : 0.4733 0.0000 0.0533 0.0000 0.0000 0.0543 0.0000 0.0074 0.4117
471      471   (0)     17  : 0.1058 0.0000 0.0300 0.0000 0.0000 0.0000 0.3947 0.0928 0.3767
472      472   (0)     17  : 0.0576 0.0000 0.0000 0.2464 0.0000 0.0021 0.0000 0.4316 0.2623
473      473   (0)     17  : 0.1777 0.0000 0.0163 0.0809 0.0000 0.0000 0.0000 0.4452 0.2799
474      474   (0)     17  : 0.0132 0.0000 0.0018 0.0288 0.0000 0.0000 0.7558 0.0000 0.2003
475      475   (0)     17  : 0.2096 0.0000 0.0045 0.0995 0.0000 0.0000 0.1208 0.1314 0.4342
476      476   (0)     17  : 0.0562 0.0000 0.0000 0.0474 0.0216 0.0120 0.5745 0.0000 0.2883
477      477   (0)     17  : 0.5464 0.0000 0.0000 0.0179 0.0000 0.0000 0.0000 0.0058 0.4298
478      478   (0)     17  : 0.0000 0.0000 0.0000 0.0000 0.0000 0.0000 0.7936 0.0245 0.1819
479      479   (0)     17  : 0.6581 0.0000 0.0000 0.0061 0.0130 0.0000 0.0051 0.0685 0.2492
480      480   (0)     17  : 0.1268 0.0000 0.0346 0.1349 0.0079 0.0000 0.0008 0.4468 0.2482
481      481   (0)     18  : 0.0000 0.0000 0.0014 0.6770 0.0279 0.0000 0.0000 0.0000 0.2937
482      482   (0)     18  : 0.0000 0.0000 0.0000 0.0000 1.0000 0.0000 0.0000 0.0000 0.0000
483      483   (0)     18  : 0.0000 0.0000 0.0000 0.0238 0.9516 0.0000 0.0000 0.0000 0.0246
484      484   (0)     18  : 0.0000 0.0000 0.0000 0.0000 0.9914 0.0000 0.0000 0.0000 0.0086
485      485   (0)     18  : 0.0718 0.0000 0.0000 0.0000 0.8895 0.0000 0.0000 0.0000 0.0388
486      486   (0)     18  : 0.0000 0.0000 0.0000 0.1285 0.8091 0.0000 0.0000 0.0000 0.0624
487      487   (0)     18  : 0.0000 0.0000 0.0000 0.0000 1.0000 0.0000 0.0000 0.0000 0.0000
488      488   (0)     18  : 0.1891 0.0000 0.0000 0.1783 0.0480 0.0000 0.0000 0.0116 0.5730
489      489   (0)     18  : 0.0000 0.0000 0.0000 0.8179 0.0000 0.0000 0.0000 0.0000 0.1821
490      490   (0)     18  : 0.0000 0.0000 0.0000 0.0000 0.9947 0.0000 0.0000 0.0000 0.0053
491      491   (0)     18  : 0.0059 0.0000 0.0150 0.0000 0.8603 0.0000 0.0000 0.0000 0.1188
492      492   (0)     18  : 0.5748 0.0000 0.0000 0.0082 0.3144 0.0000 0.0000 0.0721 0.0305
493      493   (0)     18  : 0.0000 0.0000 0.0000 0.4113 0.0000 0.0000 0.4508 0.0000 0.1379
494      494   (0)     18  : 0.0000 0.0000 0.0000 0.1026 0.8590 0.0000 0.0000 0.0000 0.0384
495      495   (0)     18  : 0.0000 0.0000 0.0000 0.0000 0.9999 0.0000 0.0000 0.0000 0.0001
496      496   (0)     18  : 0.1857 0.0000 0.0000 0.0000 0.7863 0.0000 0.0000 0.0000 0.0280
497      497   (0)     18  : 0.0000 0.0000 0.0000 0.4448 0.0000 0.0000 0.1922 0.0082 0.3547
498      498   (0)     18  : 0.1002 0.0000 0.0000 0.0368 0.8424 0.0000 0.0000 0.0000 0.0205
499      499   (0)     18  : 0.2058 0.0000 0.0000 0.0355 0.6049 0.0000 0.1538 0.0000 0.0000
500      500   (0)     18  : 0.0000 0.0000 0.0000 0.5259 0.0275 0.0000 0.0000 0.0230 0.4237
501      501   (0)     18  : 0.1934 0.0000 0.0033 0.5339 0.0092 0.0000 0.0000 0.0000 0.2602
502      502   (0)     18  : 0.3660 0.0000 0.0000 0.0000 0.5265 0.0198 0.0878 0.0000 0.0000
503      503   (0)     18  : 0.0000 0.0000 0.0000 0.0476 0.9172 0.0000 0.0000 0.0000 0.0352
504      504   (0)     18  : 0.1643 0.0000 0.0000 0.0000 0.6616 0.0000 0.0428 0.0000 0.1313
505      505   (0)     18  : 0.1480 0.0000 0.0785 0.0000 0.6661 0.0000 0.0000 0.0000 0.1074
506      506   (0)     18  : 0.0000 0.0000 0.0105 0.3072 0.0000 0.0000 0.3110 0.0000 0.3713
507      507   (0)     18  : 0.2157 0.0000 0.0000 0.0633 0.6681 0.0000 0.0248 0.0000 0.0282
508      508   (0)     18  : 0.0287 0.0000 0.0000 0.4170 0.0161 0.0000 0.2409 0.0000 0.2973
509      509   (0)     18  : 0.2215 0.0000 0.0476 0.0000 0.6773 0.0000 0.0000 0.0088 0.0447
510      510   (0)     19  : 0.4865 0.0000 0.0000 0.0746 0.0000 0.0000 0.1822 0.0000 0.2568
511      511   (0)     19  : 0.0329 0.0000 0.0000 0.1143 0.0000 0.0000 0.5713 0.0000 0.2815
512      512   (0)     19  : 0.2637 0.0000 0.0000 0.0000 0.0000 0.0000 0.4616 0.0000 0.2747
513      513   (0)     19  : 0.0000 0.0000 0.0000 0.0000 0.0000 0.0000 0.9303 0.0000 0.0697
514      514   (0)     19  : 0.2381 0.0000 0.0192 0.0000 0.0000 0.0000 0.0000 0.2480 0.4947
515      515   (0)     19  : 0.2550 0.0000 0.0012 0.0195 0.0000 0.0000 0.5060 0.0000 0.2183
516      516   (0)     19  : 0.1700 0.0000 0.0000 0.0000 0.0000 0.0000 0.7043 0.0000 0.1257
517      517   (0)     19  : 0.6322 0.0000 0.0000 0.0293 0.0000 0.0000 0.0000 0.0000 0.3385
518      518   (0)     19  : 0.2203 0.0000 0.0000 0.0000 0.0000 0.0000 0.4615 0.0104 0.3078
519      519   (0)     19  : 0.0000 0.0000 0.0000 0.3584 0.0000 0.0000 0.0000 0.3342 0.3075
520      520   (0)     19  : 0.6435 0.0000 0.0000 0.0222 0.0000 0.0000 0.0713 0.0000 0.2630
521      521   (0)     19  : 0.0000 0.0000 0.0000 0.1844 0.0000 0.0000 0.8045 0.0000 0.0110
522      522   (0)     19  : 0.0191 0.0000 0.0000 0.0000 0.0000 0.0000 0.8026 0.0000 0.1784
523      523   (0)     19  : 0.0000 0.0000 0.0000 0.0238 0.0000 0.0000 0.6081 0.0421 0.3260
524      524   (0)     19  : 0.4351 0.0000 0.0000 0.0000 0.0000 0.0000 0.2569 0.0000 0.3080
525      525   (0)     19  : 0.2659 0.0000 0.0000 0.0000 0.0037 0.0111 0.3376 0.0000 0.3816
526      526   (0)     19  : 0.5461 0.0000 0.0000 0.0000 0.0000 0.0000 0.0307 0.0337 0.3895
527      527   (0)     19  : 0.0921 0.0000 0.0148 0.2209 0.0000 0.0000 0.2567 0.0646 0.3511
528      528   (0)     19  : 0.4524 0.0000 0.0000 0.1409 0.0000 0.0000 0.0592 0.0044 0.3432
529      529   (0)     19  : 0.5490 0.0000 0.0000 0.0000 0.0000 0.0000 0.0000 0.0212 0.4299
530      530   (0)     19  : 0.0884 0.0000 0.0037 0.0000 0.0000 0.0000 0.4667 0.0112 0.4300
531      531   (0)     19  : 0.0782 0.0000 0.0388 0.0000 0.0000 0.0000 0.4239 0.0831 0.3758
532      532   (0)     19  : 0.0824 0.0376 0.0066 0.0000 0.0000 0.0000 0.5513 0.0046 0.3174
533      533   (0)     19  : 0.4156 0.0181 0.0000 0.0000 0.3359 0.0532 0.0195 0.0575 0.1002
534      534   (0)     19  : 0.4748 0.0000 0.0000 0.1366 0.0000 0.0000 0.0281 0.0000 0.3605
535      535   (0)     19  : 0.1618 0.0000 0.0000 0.0121 0.0000 0.0000 0.6149 0.0000 0.2112
536      536   (0)     19  : 0.0553 0.0177 0.0000 0.0000 0.0000 0.0000 0.6724 0.0000 0.2547
537      537   (0)     19  : 0.3222 0.0000 0.0642 0.1622 0.0000 0.0000 0.2782 0.0000 0.1733
538      538   (0)     19  : 0.2752 0.0000 0.0000 0.0001 0.6487 0.0000 0.0000 0.0000 0.0760
539      539   (0)     19  : 0.0000 0.0000 0.0000 0.0000 0.0183 0.0000 0.9014 0.0010 0.0793
