1        1   (0)      1  : 0.1830 0.0299 0.0054 0.0000 0.0056 0.0000 0.4475 0.0025 0.3260
2        2   (0)      1  : 0.4552 0.0000 0.0057 0.1439 0.0000 0.0000 0.0435 0.0000 0.3516
3        3   (0)      1  : 0.0000 0.0087 0.0000 0.0761 0.4791 0.0175 0.0904 0.0850 0.2433
4        4   (0)      1  : 0.2497 0.0000 0.0085 0.0000 0.0000 0.0000 0.2493 0.0000 0.4925
5        5   (0)      1  : 0.1211 0.0000 0.0158 0.1622 0.0031 0.0000 0.0000 0.0010 0.6968
6        6   (0)      1  : 0.3328 0.0372 0.0000 0.0155 0.0904 0.0000 0.3989 0.0057 0.1196
7        7   (0)      1  : 0.0000 0.0638 0.0080 0.1732 0.6148 0.0000 0.0000 0.0487 0.0914
8        8   (0)      2  : 0.2871 0.0000 0.0123 0.0000 0.0000 0.0000 0.0000 0.0036 0.6971
9        9   (0)      1  : 0.4754 0.0077 0.0094 0.0000 0.0120 0.0000 0.0000 0.0000 0.4954
10       10   (0)      3  : 0.0611 0.0000 0.0000 0.4939 0.0000 0.0000 0.4449 0.0000 0.0000
11       11   (0)      4  : 0.0000 0.0428 0.0360 0.5788 0.0000 0.0167 0.0000 0.0000 0.3257
12       12   (0)      4  : 0.5062 0.0000 0.0234 0.3213 0.0005 0.0000 0.1136 0.0035 0.0316
13       13   (0)      4  : 0.0000 0.0000 0.0079 0.4022 0.0328 0.0000 0.4008 0.0000 0.1564
14       14   (0)      4  : 0.0000 0.0000 0.0136 0.5014 0.0000 0.0000 0.0000 0.0000 0.4849
15       15   (0)      4  : 0.2985 0.0017 0.0123 0.5293 0.0000 0.0000 0.0000 0.0001 0.1581
16       16   (0)      4  : 0.0969 0.0000 0.0000 0.0000 0.4074 0.0000 0.4417 0.0000 0.0540
17       17   (0)      5  : 0.3994 0.0000 0.0057 0.2137 0.0000 0.0000 0.2384 0.0000 0.1427
18       18   (0)      4  : 0.0000 0.0000 0.0000 0.4433 0.0000 0.0000 0.4930 0.0000 0.0637
19       19   (0)      5  : 0.3031 0.0000 0.0036 0.4207 0.0000 0.0000 0.0470 0.0000 0.2257
20       20   (0)      5  : 0.3730 0.0000 0.0000 0.6270 0.0000 0.0000 0.0000 0.0000 0.0000
21       21   (0)      5  : 0.0000 0.0000 0.0000 0.6500 0.0000 0.0000 0.3500 0.0000 0.0000
22       22   (0)      5  : 0.3699 0.0000 0.0000 0.6301 0.0000 0.0000 0.0000 0.0000 0.0000
23       23   (0)      5  : 0.0000 0.0000 0.0000 0.3742 0.0000 0.0000 0.6258 0.0000 0.0000
24       24   (0)      5  : 0.0000 0.0000 0.0000 0.6374 0.0000 0.0000 0.3626 0.0000 0.0000
25       25   (0)      5  : 0.2895 0.0000 0.0000 0.4938 0.0138 0.0000 0.1845 0.0000 0.0184
26       26   (0)      5  : 0.0000 0.0000 0.0000 0.5796 0.0131 0.0000 0.4063 0.0000 0.0011
27       27   (0)      5  : 0.1316 0.0000 0.0358 0.6672 0.0000 0.0033 0.0000 0.0000 0.1621
28       28   (0)      5  : 0.0000 0.0000 0.0000 0.4831 0.0000 0.0000 0.5169 0.0000 0.0000
29       29   (0)      5  : 0.0742 0.0000 0.0000 0.9258 0.0000 0.0000 0.0000 0.0000 0.0000
30       30   (0)      5  : 0.6944 0.0000 0.0000 0.3056 0.0000 0.0000 0.0000 0.0000 0.0000
31       31   (0)      5  : 0.2639 0.0000 0.0016 0.3823 0.0000 0.0000 0.2600 0.0000 0.0922
32       32   (0)      5  : 0.0999 0.0000 0.0000 0.6858 0.0017 0.0000 0.2126 0.0000 0.0000
33       33   (0)      5  : 0.2909 0.0000 0.0000 0.1434 0.0000 0.0000 0.5657 0.0000 0.0000
34       34   (0)      5  : 0.2215 0.0000 0.0000 0.3234 0.0000 0.0000 0.4551 0.0000 0.0000
35       35   (0)      5  : 0.6426 0.0000 0.0000 0.2735 0.0000 0.0000 0.0838 0.0000 0.0000
36       36   (0)      5  : 0.2379 0.0000 0.0111 0.7510 0.0000 0.0000 0.0000 0.0000 0.0000
37       37   (0)      5  : 0.3205 0.0000 0.0000 0.5854 0.0000 0.0000 0.0941 0.0000 0.0000
38       38   (0)      5  : 0.0000 0.0000 0.0000 0.6605 0.0000 0.0000 0.3395 0.0000 0.0000
39       39   (0)      5  : 0.1633 0.0000 0.0140 0.7067 0.0000 0.0000 0.1159 0.0000 0.0000
40       40   (0)      5  : 0.4085 0.0000 0.0000 0.5597 0.0009 0.0000 0.0309 0.0000 0.0000
41       41   (0)      5  : 0.0000 0.0000 0.0000 0.5208 0.0000 0.0000 0.4792 0.0000 0.0000
42       42   (0)      5  : 0.6459 0.0000 0.0000 0.3541 0.0000 0.0000 0.0000 0.0000 0.0000
43       43   (0)      5  : 0.0216 0.0000 0.0000 0.0000 0.5047 0.1411 0.2557 0.0000 0.0769
44       44   (0)      5  : 0.0276 0.0000 0.0000 0.5054 0.0003 0.0000 0.4584 0.0000 0.0082
45       45   (0)      4  : 0.0000 0.0000 0.0127 0.8455 0.0000 0.0000 0.0000 0.0000 0.1418
46       46   (0)      4  : 0.3316 0.0000 0.0000 0.3428 0.0305 0.0000 0.1541 0.0035 0.1375
47       47   (0)      4  : 0.0000 0.0000 0.0000 0.2881 0.0000 0.0000 0.7119 0.0000 0.0000
48       48   (0)      4  : 0.5449 0.0000 0.0003 0.3602 0.0000 0.0000 0.0000 0.0000 0.0947
49       49   (0)      5  : 0.2534 0.0000 0.0345 0.3878 0.0098 0.0000 0.2722 0.0000 0.0422
50       50   (0)      4  : 0.0000 0.0000 0.0000 0.3162 0.0000 0.0000 0.6174 0.0000 0.0664
51       51   (0)      4  : 0.1556 0.0000 0.0000 0.0000 0.3174 0.0000 0.2869 0.0000 0.2401
52       52   (0)      4  : 0.4266 0.0248 0.0046 0.4164 0.0224 0.0000 0.0184 0.0220 0.0648
53       53   (0)      4  : 0.0000 0.0000 0.0000 0.0147 0.4743 0.0178 0.2613 0.0000 0.2319
54       54   (0)      4  : 0.3069 0.0000 0.0127 0.5781 0.0000 0.0000 0.0000 0.0000 0.1023
55       55   (0)      4  : 0.1561 0.0000 0.0000 0.0000 0.4138 0.0404 0.2166 0.0000 0.1731
56       56   (0)      4  : 0.1948 0.0000 0.0177 0.0609 0.3593 0.0000 0.1196 0.0000 0.2476
57       57   (0)      4  : 0.1113 0.0000 0.0020 0.7236 0.0000 0.0000 0.0000 0.0000 0.1631
58       58   (0)      5  : 0.3254 0.0000 0.0000 0.4363 0.0370 0.0000 0.1106 0.0001 0.0906
59       59   (0)      4  : 0.2290 0.0000 0.0000 0.0000 0.3103 0.0000 0.3622 0.0600 0.0385
60       60   (0)      4  : 0.0000 0.0012 0.0000 0.1018 0.3998 0.0454 0.2658 0.0329 0.1532
61       61   (0)      4  : 0.3357 0.0000 0.0000 0.2954 0.0000 0.0000 0.1879 0.0012 0.1798
62       62   (0)      5  : 0.0498 0.0000 0.0011 0.3776 0.0000 0.0000 0.3823 0.0010 0.1883
63       63   (0)      6  : 0.0169 0.0000 0.0000 0.1690 0.2160 0.0817 0.2606 0.0000 0.2558
64       64   (0)      6  : 0.0000 0.0398 0.0000 0.0000 0.5042 0.0057 0.2758 0.0106 0.1638
65       65   (0)      6  : 0.1531 0.0000 0.0984 0.0196 0.0000 0.0000 0.0000 0.0000 0.7290
66       66   (0)      6  : 0.2489 0.0000 0.0000 0.3055 0.0000 0.0000 0.2917 0.0003 0.1536
67       67   (0)      6  : 0.0055 0.0000 0.0141 0.5019 0.0000 0.0000 0.0000 0.0000 0.4786
68       68   (0)      6  : 0.0233 0.0000 0.0381 0.0000 0.0000 0.0000 0.3976 0.0000 0.5411
69       69   (0)      6  : 0.2324 0.0012 0.0058 0.0263 0.0000 0.0000 0.4008 0.0000 0.3335
70       70   (0)      6  : 0.1675 0.0012 0.0015 0.0810 0.0370 0.0000 0.4411 0.0246 0.2460
71       71   (0)      6  : 0.0000 0.0000 0.0327 0.1094 0.0000 0.0000 0.8579 0.0000 0.0000
72       72   (0)      6  : 0.1947 0.0000 0.0013 0.1558 0.0000 0.0000 0.3831 0.0000 0.2651
73       73   (0)      7  : 0.5355 0.0000 0.0002 0.4432 0.0000 0.0211 0.0000 0.0000 0.0000
74       74   (0)      7  : 0.5567 0.0000 0.0612 0.2263 0.0000 0.0027 0.0076 0.0000 0.1456
75       75   (0)      7  : 0.1594 0.0005 0.0063 0.3440 0.0008 0.0000 0.1726 0.0000 0.3163
76       76   (0)      7  : 0.4625 0.0000 0.0003 0.3418 0.0134 0.0000 0.0000 0.0188 0.1632
77       77   (0)      7  : 0.1994 0.0000 0.0000 0.7610 0.0000 0.0000 0.0000 0.0000 0.0396
78       78   (0)      7  : 0.1310 0.0117 0.0111 0.4748 0.0020 0.0000 0.0932 0.0027 0.2735
79       79   (0)      7  : 0.4500 0.0039 0.0076 0.4619 0.0000 0.0222 0.0000 0.0002 0.0542
80       80   (0)      7  : 0.6924 0.0000 0.0308 0.1314 0.0000 0.0000 0.0000 0.0000 0.1454
81       81   (0)      7  : 0.3664 0.0000 0.0004 0.4656 0.0000 0.0000 0.0414 0.0000 0.1262
82       82   (0)      7  : 0.1790 0.0000 0.0000 0.7556 0.0000 0.0000 0.0000 0.0000 0.0654
83       83   (0)      7  : 0.6137 0.0200 0.0000 0.2201 0.0751 0.0000 0.0415 0.0000 0.0296
84       84   (0)      7  : 0.2883 0.0000 0.0000 0.0000 0.4198 0.0267 0.0493 0.0000 0.2159
85       85   (0)      7  : 0.4747 0.0000 0.0314 0.4076 0.0000 0.0000 0.0000 0.0000 0.0862
86       86   (0)      7  : 0.1568 0.0000 0.0025 0.6640 0.0000 0.0000 0.0000 0.0000 0.1767
87       87   (0)      7  : 0.2927 0.0000 0.0000 0.0000 0.3709 0.0190 0.2112 0.0158 0.0903
88       88   (0)      7  : 0.1093 0.0000 0.0000 0.2431 0.0000 0.0000 0.5923 0.0000 0.0553
89       89   (0)      7  : 0.0000 0.0054 0.0000 0.0000 0.4149 0.0537 0.2461 0.0000 0.2798
90       90   (0)      7  : 0.3634 0.0045 0.0000 0.6067 0.0000 0.0000 0.0000 0.0000 0.0254
91       91   (0)      7  : 0.4525 0.0000 0.0106 0.2000 0.0000 0.0169 0.2797 0.0000 0.0404
92       92   (0)      7  : 0.4612 0.0000 0.0441 0.4442 0.0000 0.0000 0.0081 0.0000 0.0424
93       93   (0)      7  : 0.1765 0.0000 0.0320 0.6453 0.0342 0.0000 0.0000 0.0000 0.1120
94       94   (0)      7  : 0.3423 0.0000 0.0003 0.3190 0.0000 0.0000 0.2150 0.0000 0.1234
95       95   (0)      7  : 0.1076 0.0000 0.0000 0.6847 0.0000 0.0000 0.0000 0.0019 0.2058
96       96   (0)      7  : 0.0262 0.0000 0.0000 0.5853 0.0520 0.0000 0.2432 0.0198 0.0735
97       97   (0)      7  : 0.0050 0.0000 0.0000 0.8725 0.0000 0.0008 0.0000 0.0000 0.1218
98       98   (0)      7  : 0.0000 0.0000 0.0000 0.8717 0.0006 0.0000 0.0000 0.0078 0.1199
99       99   (0)      7  : 0.0000 0.0000 0.0000 0.8898 0.0158 0.0000 0.0118 0.0000 0.0826
100      100   (0)      7  : 0.0670 0.0000 0.0000 0.0060 0.4308 0.0000 0.0000 0.0000 0.4962
101      101   (0)      6  : 0.4546 0.0000 0.0093 0.0613 0.0000 0.0000 0.0000 0.0000 0.4748
102      102   (0)      6  : 0.0453 0.0000 0.0886 0.1584 0.0000 0.0000 0.1662 0.0039 0.5377
103      103   (0)      6  : 0.0180 0.0000 0.0054 0.0183 0.0000 0.0000 0.6714 0.0019 0.2850
104      104   (0)      6  : 0.5664 0.0000 0.0080 0.0018 0.0000 0.0000 0.0000 0.0000 0.4237
105      105   (0)      6  : 0.0146 0.0000 0.0055 0.0033 0.0000 0.0000 0.6857 0.0000 0.2909
106      106   (0)      6  : 0.1221 0.0000 0.0127 0.1872 0.0000 0.0000 0.1410 0.0000 0.5370
107      107   (0)      6  : 0.3131 0.0037 0.0336 0.0221 0.0000 0.0000 0.2403 0.0000 0.3873
108      108   (0)      6  : 0.2149 0.0000 0.0052 0.0457 0.0179 0.0000 0.3469 0.0015 0.3679
109      109   (0)      6  : 0.1250 0.0000 0.0000 0.0000 0.4546 0.0148 0.1648 0.0000 0.2408
110      110   (0)      7  : 0.2631 0.0000 0.0000 0.2431 0.0036 0.0000 0.3391 0.0000 0.1511
111      111   (0)      7  : 0.0042 0.0170 0.0030 0.4404 0.0426 0.0000 0.0000 0.0384 0.4544
112      112   (0)      6  : 0.1357 0.0006 0.0147 0.0717 0.0000 0.0000 0.0001 0.0011 0.7760
113      113   (0)      6  : 0.0415 0.0000 0.1095 0.0000 0.0000 0.0000 0.0000 0.0049 0.8441
114      114   (0)      6  : 0.0000 0.0015 0.0037 0.0000 0.4266 0.0703 0.0000 0.0000 0.4979
115      115   (0)      6  : 0.1787 0.0000 0.0537 0.2360 0.0000 0.0000 0.0000 0.0067 0.5249
116      116   (0)      6  : 0.0000 0.0281 0.0028 0.0751 0.3920 0.0322 0.0000 0.0358 0.4340
117      117   (0)      6  : 0.1731 0.0359 0.0077 0.1938 0.0118 0.0000 0.1259 0.0000 0.4518
118      118   (0)      6  : 0.0250 0.0000 0.0199 0.0031 0.0002 0.0000 0.2775 0.0000 0.6742
119      119   (0)      6  : 0.1598 0.0000 0.0158 0.0008 0.0000 0.0000 0.1564 0.0000 0.6672
120      120   (0)      6  : 0.1483 0.0012 0.0130 0.0968 0.0000 0.0000 0.0000 0.0000 0.7407
121      121   (0)      6  : 0.1867 0.0000 0.0187 0.0030 0.0000 0.0000 0.0000 0.0027 0.7888
122      122   (0)      6  : 0.0000 0.0010 0.0059 0.0000 0.4507 0.0504 0.0000 0.0024 0.4895
123      123   (0)      8  : 0.0043 0.0000 0.0011 0.3490 0.0610 0.0000 0.4374 0.0000 0.1471
124      124   (0)      8  : 0.3384 0.0000 0.0000 0.2141 0.0182 0.0000 0.4041 0.0000 0.0251
125      125   (0)      8  : 0.0000 0.0000 0.0000 0.2432 0.0521 0.0000 0.7047 0.0000 0.0000
126      126   (0)      8  : 0.6269 0.0000 0.0000 0.3503 0.0000 0.0000 0.0204 0.0000 0.0024
127      127   (0)      8  : 0.5048 0.0000 0.0000 0.4736 0.0000 0.0216 0.0000 0.0000 0.0000
128      128   (0)      8  : 0.0000 0.0000 0.0000 0.4914 0.0000 0.0000 0.5086 0.0000 0.0000
129      129   (0)      8  : 0.2079 0.0000 0.0000 0.2957 0.0173 0.0000 0.4791 0.0000 0.0000
130      130   (0)      8  : 0.0000 0.0000 0.0000 0.2036 0.0488 0.0000 0.6306 0.0000 0.1170
131      131   (0)      8  : 0.2516 0.0000 0.0045 0.4388 0.0000 0.0000 0.1019 0.0086 0.1946
132      132   (0)      8  : 0.2715 0.0000 0.0000 0.3321 0.0000 0.0000 0.3964 0.0000 0.0000
133      133   (0)      8  : 0.4248 0.0000 0.0000 0.2119 0.0108 0.0000 0.3524 0.0000 0.0000
134      134   (0)      8  : 0.1834 0.0000 0.0000 0.4961 0.0127 0.0017 0.2744 0.0236 0.0081
135      135   (0)      8  : 0.0949 0.0000 0.0016 0.6704 0.0000 0.0372 0.0000 0.0000 0.1959
136      136   (0)      8  : 0.0207 0.0000 0.0000 0.0453 0.0000 0.0000 0.9340 0.0000 0.0000
137      137   (0)      8  : 0.4217 0.0000 0.0027 0.3945 0.0368 0.0000 0.0000 0.0000 0.1443
138      138   (0)      8  : 0.6623 0.0000 0.0000 0.3032 0.0000 0.0000 0.0345 0.0000 0.0000
139      139   (0)      8  : 0.6955 0.0000 0.0000 0.2512 0.0091 0.0000 0.0423 0.0000 0.0018
140      140   (0)      8  : 0.7646 0.0000 0.0000 0.2354 0.0000 0.0000 0.0000 0.0000 0.0000
141      141   (0)      8  : 0.4299 0.0000 0.0000 0.2368 0.0000 0.0000 0.3333 0.0000 0.0000
142      142   (0)      8  : 0.0397 0.0000 0.0000 0.5220 0.0000 0.0000 0.4383 0.0000 0.0000
143      143   (0)      8  : 0.6906 0.0000 0.0000 0.2180 0.0000 0.0000 0.0899 0.0000 0.0015
144      144   (0)      8  : 0.0845 0.0000 0.0088 0.4243 0.0117 0.0000 0.0000 0.0002 0.4705
145      145   (0)      8  : 0.4839 0.0000 0.0016 0.3029 0.0000 0.0161 0.0986 0.0000 0.0970
146      146   (0)      3  : 0.0801 0.0000 0.0000 0.3913 0.0000 0.0000 0.5285 0.0000 0.0000
147      147   (0)      3  : 0.2228 0.0000 0.0000 0.0051 0.3914 0.0000 0.3363 0.0000 0.0444
148      148   (0)      3  : 0.0889 0.0000 0.0000 0.0000 0.0000 0.0000 0.9111 0.0000 0.0000
149      149   (0)      3  : 0.5829 0.0000 0.0000 0.3410 0.0096 0.0000 0.0645 0.0000 0.0019
150      150   (0)      3  : 0.3142 0.0000 0.0004 0.2523 0.0005 0.0000 0.4327 0.0000 0.0000
151      151   (0)      3  : 0.0002 0.0000 0.0259 0.2689 0.0097 0.0000 0.6420 0.0000 0.0533
152      152   (0)      3  : 0.6033 0.0000 0.0000 0.3967 0.0000 0.0000 0.0000 0.0000 0.0000
153      153   (0)      3  : 0.4074 0.0000 0.0000 0.4247 0.0000 0.0000 0.1679 0.0000 0.0000
154      154   (0)      3  : 0.2382 0.0000 0.0000 0.4821 0.0000 0.0000 0.2797 0.0000 0.0000
155      155   (0)      3  : 0.3874 0.0000 0.0000 0.5226 0.0000 0.0000 0.0900 0.0000 0.0000
156      156   (0)      3  : 0.3366 0.0000 0.0000 0.6137 0.0390 0.0073 0.0000 0.0000 0.0035
157      157   (0)      3  : 0.4726 0.0000 0.0000 0.4284 0.0977 0.0000 0.0014 0.0000 0.0000
158      158   (0)      3  : 0.6212 0.0000 0.0000 0.3594 0.0004 0.0000 0.0189 0.0000 0.0000
159      159   (0)      3  : 0.5846 0.0000 0.0000 0.3841 0.0004 0.0000 0.0171 0.0000 0.0138
160      160   (0)      3  : 0.4727 0.0000 0.0000 0.0000 0.4569 0.0001 0.0000 0.0206 0.0496
161      161   (0)      3  : 0.3272 0.0000 0.0257 0.2297 0.0000 0.0000 0.2461 0.0000 0.1712
162      162   (0)      3  : 0.1235 0.0000 0.0000 0.2320 0.0000 0.0000 0.6445 0.0000 0.0000
163      163   (0)      3  : 0.6899 0.0000 0.0000 0.3087 0.0000 0.0000 0.0014 0.0000 0.0000
164      164   (0)      3  : 0.3480 0.0000 0.0000 0.3962 0.0000 0.0000 0.2559 0.0000 0.0000
165      165   (0)      3  : 0.5643 0.0000 0.0000 0.4343 0.0004 0.0000 0.0011 0.0000 0.0000
166      166   (0)      3  : 0.0000 0.0000 0.0000 0.2718 0.0131 0.0000 0.7151 0.0000 0.0000
167      167   (0)      3  : 0.4305 0.0000 0.0000 0.5021 0.0000 0.0000 0.0672 0.0000 0.0003
168      168   (0)      3  : 0.5641 0.0000 0.0000 0.1464 0.0000 0.0000 0.2790 0.0105 0.0000
169      169   (0)      3  : 0.5020 0.0000 0.0000 0.4839 0.0014 0.0000 0.0061 0.0000 0.0065
170      170   (0)      3  : 0.5502 0.0000 0.0000 0.4498 0.0000 0.0000 0.0000 0.0000 0.0000
171      171   (0)      3  : 0.7848 0.0000 0.0000 0.2119 0.0005 0.0000 0.0000 0.0000 0.0029
172      172   (0)      3  : 0.5496 0.0000 0.0000 0.4247 0.0000 0.0000 0.0257 0.0000 0.0000
173      173   (0)      3  : 0.5682 0.0000 0.0000 0.3832 0.0000 0.0000 0.0001 0.0000 0.0486
174      174   (0)      3  : 0.2868 0.0000 0.0000 0.3594 0.0000 0.0000 0.3537 0.0000 0.0001
175      175   (0)      8  : 0.0548 0.0000 0.0000 0.4339 0.0000 0.0000 0.5113 0.0000 0.0000
176      176   (0)      8  : 0.0064 0.0130 0.0087 0.5621 0.0076 0.0005 0.0000 0.0358 0.3658
177      177   (0)      8  : 0.4666 0.0000 0.0000 0.2149 0.0000 0.0000 0.3185 0.0000 0.0000
178      178   (0)      8  : 0.4608 0.0000 0.0047 0.2504 0.0000 0.0000 0.0000 0.0000 0.2841
179      179   (0)      8  : 0.3340 0.0000 0.0000 0.2410 0.0000 0.0000 0.4250 0.0000 0.0000
180      180   (0)      8  : 0.2723 0.0000 0.0000 0.3301 0.0382 0.0000 0.3593 0.0000 0.0000
181      181   (0)      8  : 0.3372 0.0000 0.0000 0.3672 0.0000 0.0129 0.2827 0.0000 0.0000
182      182   (0)      1  : 0.8708 0.0000 0.0002 0.0210 0.0000 0.0000 0.0000 0.0000 0.1080
183      183   (0)      1  : 0.3189 0.0000 0.0066 0.0000 0.0000 0.0000 0.3782 0.0000 0.2963
184      184   (0)      1  : 0.6230 0.0000 0.0082 0.0000 0.0000 0.0000 0.0000 0.0000 0.3688
185      185   (0)      1  : 0.2889 0.0008 0.0025 0.0000 0.0191 0.0000 0.3964 0.0000 0.2923
186      186   (0)      1  : 0.7022 0.0000 0.0031 0.0000 0.0000 0.0000 0.0218 0.0000 0.2729
187      187   (0)      1  : 0.2652 0.0321 0.0047 0.2155 0.0340 0.0000 0.1993 0.0004 0.2490
188      188   (0)      1  : 0.8004 0.0000 0.0000 0.0000 0.0000 0.0000 0.0098 0.0000 0.1897
189      189   (0)      1  : 0.8177 0.0000 0.0000 0.0000 0.0000 0.0000 0.0976 0.0000 0.0847
190      190   (0)      2  : 0.0088 0.0000 0.0028 0.0000 0.0000 0.0000 0.8010 0.0000 0.1874
191      191   (0)      2  : 0.6958 0.0000 0.0000 0.2803 0.0000 0.0000 0.0000 0.0000 0.0238
192      192   (0)      2  : 0.6671 0.0000 0.0000 0.1522 0.0000 0.0000 0.1018 0.0000 0.0789
193      193   (0)      2  : 0.0000 0.0000 0.0000 0.3144 0.0000 0.0342 0.6514 0.0000 0.0000
194      194   (0)      2  : 0.7903 0.0000 0.0000 0.0659 0.0000 0.0000 0.1241 0.0000 0.0197
195      195   (0)      2  : 0.0000 0.0000 0.0000 0.1363 0.0000 0.0000 0.8637 0.0000 0.0000
196      196   (0)      2  : 0.3359 0.0000 0.0099 0.0004 0.0000 0.0000 0.2323 0.0000 0.4215
197      197   (0)      2  : 0.1078 0.0000 0.0041 0.2277 0.0000 0.0000 0.3796 0.0000 0.2808
198      198   (0)      1  : 0.2798 0.0000 0.0190 0.0534 0.0000 0.0000 0.5584 0.0000 0.0894
199      199   (0)      1  : 0.5549 0.0000 0.0074 0.0101 0.0000 0.0000 0.0000 0.0000 0.4277
200      200   (0)      1  : 0.0207 0.0000 0.0097 0.1041 0.0000 0.0000 0.4945 0.0000 0.3710
201      201   (0)      1  : 0.1144 0.0000 0.0506 0.0000 0.0218 0.0000 0.1806 0.0019 0.6307
202      202   (0)      1  : 0.0225 0.0000 0.0111 0.0000 0.0000 0.0000 0.3936 0.0000 0.5728
203      203   (0)      1  : 0.0583 0.0022 0.0145 0.0000 0.0000 0.0000 0.0000 0.0000 0.9250
204      204   (0)      2  : 0.0000 0.0000 0.0002 0.1257 0.2163 0.0000 0.4085 0.0000 0.2493
205      205   (0)      2  : 0.1312 0.0000 0.0083 0.0000 0.0000 0.0000 0.5126 0.0000 0.3478
206      206   (0)      2  : 0.0000 0.0000 0.0000 0.0831 0.4954 0.0000 0.3083 0.0000 0.1132
207      207   (0)      2  : 0.7572 0.0000 0.0042 0.1118 0.0000 0.0000 0.0008 0.0000 0.1261
208      208   (0)      2  : 0.0000 0.0000 0.0000 0.0000 0.0000 0.0000 1.0000 0.0000 0.0000
209      209   (0)      2  : 0.9381 0.0000 0.0000 0.0565 0.0000 0.0000 0.0014 0.0000 0.0040
210      210   (0)      2  : 0.0000 0.0000 0.0056 0.1152 0.0000 0.0000 0.7943 0.0000 0.0850
211      211   (0)      1  : 0.0010 0.0000 0.0248 0.0000 0.0000 0.0000 0.7849 0.0000 0.1892
212      212   (0)      1  : 0.2484 0.0000 0.0125 0.1971 0.0019 0.0000 0.0000 0.0000 0.5401
213      213   (0)      1  : 0.3147 0.0000 0.0027 0.1060 0.0000 0.0223 0.2585 0.0003 0.2955
214      214   (0)      1  : 0.5637 0.0041 0.0098 0.0017 0.0006 0.0000 0.0000 0.0000 0.4201
215      215   (0)      1  : 0.0159 0.0000 0.0023 0.0000 0.0000 0.0000 0.8377 0.0000 0.1442
216      216   (0)      1  : 0.5059 0.0000 0.0123 0.0000 0.0003 0.0000 0.0000 0.0000 0.4815
217      217   (0)      1  : 0.4280 0.0000 0.0486 0.0000 0.0000 0.0000 0.0291 0.0000 0.4942
218      218   (0)      1  : 0.0397 0.0010 0.0249 0.0443 0.0006 0.0000 0.4561 0.0000 0.4334
219      219   (0)      2  : 0.4269 0.0000 0.0000 0.0000 0.0000 0.0000 0.4319 0.0000 0.1412
220      220   (0)      2  : 0.0000 0.0000 0.0036 0.2112 0.0000 0.0000 0.6178 0.0000 0.1674
221      221   (0)      2  : 0.6893 0.0000 0.0028 0.0352 0.0000 0.0000 0.0000 0.0138 0.2589
222      222   (0)      2  : 0.5184 0.0000 0.0000 0.2006 0.0000 0.0000 0.1299 0.0005 0.1507
223      223   (0)      2  : 0.5470 0.0000 0.0083 0.0018 0.0000 0.0000 0.0000 0.0002 0.4427
224      224   (0)      2  : 0.1150 0.0000 0.0000 0.0000 0.0000 0.0000 0.8826 0.0000 0.0024
225      225   (0)      2  : 0.1151 0.0000 0.0042 0.0742 0.0000 0.0000 0.6243 0.0000 0.1823
226      226   (0)      2  : 0.7873 0.0145 0.0078 0.0411 0.0000 0.0000 0.0000 0.0000 0.1494
227      227   (0)      2  : 0.7828 0.0000 0.0000 0.0000 0.0000 0.0000 0.1491 0.0000 0.0681
228      228   (0)      2  : 0.8548 0.0117 0.0000 0.0000 0.0000 0.0000 0.1252 0.0000 0.0083
229      229   (0)      2  : 0.9582 0.0000 0.0000 0.0000 0.0000 0.0000 0.0418 0.0000 0.0000
230      230   (0)      2  : 0.1980 0.0000 0.0000 0.0000 0.3240 0.0239 0.3575 0.0392 0.0574
231      231   (0)      2  : 0.5046 0.0004 0.0000 0.3022 0.0001 0.0000 0.1530 0.0000 0.0397
232      232   (0)      2  : 0.4901 0.0000 0.0000 0.0642 0.0000 0.0000 0.3715 0.0000 0.0742
233      233   (0)      9  : 0.0350 0.0000 0.9650 0.0000 0.0000 0.0000 0.0000 0.0000 0.0000
234      234   (0)      9  : 0.0000 0.0000 0.0000 0.0000 0.0503 0.8512 0.0000 0.0985 0.0000
235      235   (0)      9  : 0.0000 0.0000 1.0000 0.0000 0.0000 0.0000 0.0000 0.0000 0.0000
236      236   (0)      9  : 0.0000 0.0000 0.0000 0.0809 0.0524 0.7121 0.0000 0.1546 0.0000
237      237   (0)      9  : 0.0213 0.0000 0.9787 0.0000 0.0000 0.0000 0.0000 0.0000 0.0000
238      238   (0)      9  : 0.0000 0.0000 1.0000 0.0000 0.0000 0.0000 0.0000 0.0000 0.0000
239      239   (0)      9  : 0.0000 0.1131 0.0000 0.0000 0.0007 0.8717 0.0144 0.0001 0.0000
240      240   (0)      9  : 0.0000 0.0000 0.0000 0.0000 0.0048 0.9424 0.0000 0.0528 0.0000
241      241   (0)     10  : 0.0000 0.0000 0.0000 0.0000 0.0000 1.0000 0.0000 0.0000 0.0000
242      242   (0)     10  : 0.0000 0.0000 0.0000 0.0000 0.0000 1.0000 0.0000 0.0000 0.0000
243      243   (0)     10  : 0.0003 0.0000 0.0000 0.0533 0.0000 0.9464 0.0000 0.0000 0.0000
244      244   (0)     11  : 0.0000 0.0316 0.9212 0.0000 0.0120 0.0000 0.0000 0.0353 0.0000
245      245   (0)     11  : 0.0000 0.0530 0.9093 0.0000 0.0000 0.0000 0.0000 0.0377 0.0000
246      246   (0)     11  : 0.0024 0.0000 0.9471 0.0000 0.0000 0.0000 0.0000 0.0000 0.0505
247      247   (0)     11  : 0.0004 0.0000 0.9996 0.0000 0.0000 0.0000 0.0000 0.0000 0.0000
248      248   (0)     11  : 0.0000 0.0000 0.9684 0.0000 0.0000 0.0000 0.0000 0.0000 0.0316
249      249   (0)     11  : 0.0000 0.0969 0.0000 0.0000 0.0000 0.6456 0.0000 0.2395 0.0180
250      250   (0)     11  : 0.0000 0.2411 0.0000 0.0240 0.0092 0.4828 0.0000 0.2429 0.0000
251      251   (0)     10  : 0.0045 0.0000 0.1004 0.0008 0.0000 0.8072 0.0000 0.0000 0.0871
252      252   (0)     10  : 0.0000 0.0000 0.0000 0.0000 0.0370 0.9622 0.0000 0.0000 0.0007
253      253   (0)     10  : 0.0000 0.0000 0.0000 0.0000 0.0000 1.0000 0.0000 0.0000 0.0000
254      254   (0)     10  : 0.0000 0.0000 0.0000 0.0000 0.0000 0.9225 0.0000 0.0255 0.0519
255      255   (0)     10  : 0.0000 0.0000 0.0000 0.0000 0.0000 0.8075 0.1429 0.0496 0.0000
256      256   (0)     10  : 0.0000 0.0089 0.0241 0.0080 0.0376 0.8026 0.0000 0.0780 0.0408
257      257   (0)     10  : 0.0000 0.0004 0.0218 0.0000 0.0244 0.9490 0.0000 0.0000 0.0044
258      258   (0)     10  : 0.0000 0.0000 0.0000 0.0000 0.0000 0.9771 0.0000 0.0229 0.0000
259      259   (0)     10  : 0.0000 0.0000 0.0551 0.0000 0.0279 0.9170 0.0000 0.0000 0.0000
260      260   (0)     10  : 0.0000 0.0000 0.0000 0.0324 0.0000 0.8179 0.0000 0.1497 0.0000
261      261   (0)     10  : 0.0097 0.0000 0.3507 0.0000 0.0000 0.5828 0.0000 0.0568 0.0000
262      262   (0)     10  : 0.0000 0.1026 0.0493 0.1141 0.0145 0.6855 0.0000 0.0340 0.0000
263      263   (0)     10  : 0.0000 0.0000 0.0000 0.0000 0.0310 0.9689 0.0000 0.0000 0.0000
264      264   (0)     10  : 0.0000 0.0011 0.0000 0.0000 0.0000 0.9989 0.0000 0.0000 0.0000
265      265   (0)     10  : 0.0000 0.0000 0.0000 0.0000 0.0000 0.9645 0.0000 0.0355 0.0000
266      266   (0)     10  : 0.0000 0.0000 0.0000 0.0000 0.0147 0.9171 0.0000 0.0682 0.0000
267      267   (0)     10  : 0.0000 0.0000 0.8887 0.0000 0.0000 0.0388 0.0725 0.0000 0.0000
268      268   (0)     10  : 0.0000 0.0116 0.0000 0.0619 0.0000 0.8748 0.0000 0.0517 0.0000
269      269   (0)     10  : 0.0000 0.0004 0.0301 0.0379 0.0000 0.9316 0.0000 0.0000 0.0000
270      270   (0)     10  : 0.0022 0.0000 0.0012 0.0000 0.0000 0.9377 0.0000 0.0000 0.0590
271      271   (0)     10  : 0.0000 0.0000 0.0251 0.0038 0.0000 0.9710 0.0000 0.0000 0.0001
272      272   (0)     10  : 0.0000 0.0000 0.0000 0.0000 0.0000 1.0000 0.0000 0.0000 0.0000
273      273   (0)     12  : 0.0000 0.9994 0.0000 0.0000 0.0000 0.0000 0.0000 0.0006 0.0000
274      274   (0)     12  : 0.0000 0.9999 0.0001 0.0000 0.0000 0.0000 0.0000 0.0000 0.0000
275      275   (0)     12  : 0.0000 1.0000 0.0000 0.0000 0.0000 0.0000 0.0000 0.0000 0.0000
276      276   (0)     12  : 0.0000 0.8607 0.0000 0.0000 0.0000 0.0000 0.0000 0.1393 0.0000
277      277   (0)     12  : 0.0000 0.9517 0.0481 0.0002 0.0000 0.0000 0.0000 0.0000 0.0000
278      278   (0)     12  : 0.0000 0.3649 0.6351 0.0000 0.0000 0.0000 0.0000 0.0000 0.0000
279      279   (0)     12  : 0.0000 0.1999 0.8001 0.0000 0.0000 0.0000 0.0000 0.0000 0.0000
280      280   (0)     12  : 0.0000 1.0000 0.0000 0.0000 0.0000 0.0000 0.0000 0.0000 0.0000
281      281   (0)     12  : 0.0000 1.0000 0.0000 0.0000 0.0000 0.0000 0.0000 0.0000 0.0000
282      282   (0)     12  : 0.0000 0.8229 0.0819 0.0000 0.0000 0.0722 0.0000 0.0230 0.0000
283      283   (0)     12  : 0.0000 1.0000 0.0000 0.0000 0.0000 0.0000 0.0000 0.0000 0.0000
284      284   (0)     12  : 0.0000 0.1870 0.8130 0.0000 0.0000 0.0000 0.0000 0.0000 0.0000
285      285   (0)     12  : 0.0000 0.1877 0.8123 0.0000 0.0000 0.0000 0.0000 0.0000 0.0000
286      286   (0)     12  : 0.0000 0.3273 0.6727 0.0000 0.0000 0.0000 0.0000 0.0000 0.0000
287      287   (0)     12  : 0.0000 1.0000 0.0000 0.0000 0.0000 0.0000 0.0000 0.0000 0.0000
288      288   (0)     12  : 0.0000 1.0000 0.0000 0.0000 0.0000 0.0000 0.0000 0.0000 0.0000
289      289   (0)     12  : 0.0000 1.0000 0.0000 0.0000 0.0000 0.0000 0.0000 0.0000 0.0000
290      290   (0)     12  : 0.0000 1.0000 0.0000 0.0000 0.0000 0.0000 0.0000 0.0000 0.0000
291      291   (0)     12  : 0.0000 1.0000 0.0000 0.0000 0.0000 0.0000 0.0000 0.0000 0.0000
292      292   (0)     12  : 0.0000 1.0000 0.0000 0.0000 0.0000 0.0000 0.0000 0.0000 0.0000
293      293   (0)     12  : 0.0000 1.0000 0.0000 0.0000 0.0000 0.0000 0.0000 0.0000 0.0000
294      294   (0)     12  : 0.0000 1.0000 0.0000 0.0000 0.0000 0.0000 0.0000 0.0000 0.0000
295      295   (0)     12  : 0.0000 0.1049 0.8951 0.0000 0.0000 0.0000 0.0000 0.0000 0.0000
296      296   (0)     12  : 0.0000 0.9953 0.0000 0.0000 0.0000 0.0000 0.0000 0.0047 0.0000
297      297   (0)     12  : 0.0000 0.9124 0.0000 0.0000 0.0000 0.0000 0.0000 0.0876 0.0000
298      298   (0)     12  : 0.0000 0.2040 0.7771 0.0035 0.0000 0.0000 0.0000 0.0154 0.0000
299      299   (0)     12  : 0.0000 1.0000 0.0000 0.0000 0.0000 0.0000 0.0000 0.0000 0.0000
300      300   (0)     12  : 0.0000 0.1550 0.8083 0.0000 0.0000 0.0000 0.0000 0.0000 0.0367
301      301   (0)     13  : 0.0000 0.1917 0.0215 0.0000 0.0000 0.1830 0.0000 0.6039 0.0000
302      302   (0)     13  : 0.0000 0.2844 0.0000 0.0000 0.0194 0.1057 0.0000 0.5906 0.0000
303      303   (0)     13  : 0.0000 0.1218 0.0000 0.0000 0.0025 0.2291 0.0000 0.6466 0.0000
304      304   (0)     13  : 0.0000 0.1853 0.0000 0.0000 0.0000 0.2798 0.0000 0.5349 0.0000
305      305   (0)     13  : 0.0000 0.1848 0.0000 0.0000 0.0000 0.1364 0.0000 0.6788 0.0000
306      306   (0)     13  : 0.0000 0.3377 0.0000 0.0000 0.0006 0.1221 0.0000 0.5382 0.0014
307      307   (0)     13  : 0.0000 0.1216 0.0000 0.0000 0.0590 0.2963 0.0000 0.5231 0.0000
308      308   (0)     13  : 0.0000 0.0004 0.7065 0.0008 0.0000 0.0000 0.0000 0.2312 0.0611
309      309   (0)     13  : 0.0000 0.1841 0.3644 0.0000 0.0000 0.1073 0.0000 0.3442 0.0000
310      310   (0)     13  : 0.0000 0.3894 0.0000 0.0000 0.0008 0.0775 0.0000 0.5323 0.0000
311      311   (0)     13  : 0.0000 0.0101 0.0000 0.0000 0.0000 0.1521 0.0000 0.8378 0.0000
312      312   (0)     13  : 0.0000 0.0688 0.0000 0.0000 0.1175 0.1748 0.0000 0.6389 0.0000
313      313   (0)     13  : 0.0000 0.2093 0.0000 0.0000 0.0000 0.0935 0.0000 0.6973 0.0000
314      314   (0)     13  : 0.0000 0.2184 0.0000 0.0000 0.0000 0.2296 0.0000 0.5520 0.0000
315      315   (0)     13  : 0.0000 0.2893 0.0000 0.0000 0.0000 0.2066 0.0000 0.5040 0.0000
316      316   (0)     13  : 0.0000 0.0925 0.0000 0.0000 0.0060 0.3414 0.0000 0.5602 0.0000
317      317   (0)     13  : 0.0000 0.1895 0.0000 0.0000 0.0000 0.1947 0.0000 0.6158 0.0000
318      318   (0)     13  : 0.0000 0.2180 0.0000 0.0000 0.0928 0.0849 0.0000 0.6042 0.0000
319      319   (0)     13  : 0.0000 0.0185 0.0000 0.0000 0.0000 0.2602 0.0000 0.7213 0.0000
320      320   (0)     13  : 0.0000 0.2010 0.7223 0.0000 0.0003 0.0000 0.0000 0.0765 0.0000
321      321   (0)     13  : 0.0000 0.2180 0.0000 0.0000 0.0000 0.1557 0.0000 0.6264 0.0000
322      322   (0)     13  : 0.0000 0.3157 0.0000 0.0000 0.0000 0.1898 0.0000 0.4946 0.0000
323      323   (0)     13  : 0.0000 0.1867 0.0000 0.0000 0.0000 0.0340 0.0000 0.7793 0.0000
324      324   (0)     13  : 0.0000 0.2027 0.0000 0.0000 0.0000 0.0969 0.0000 0.7004 0.0000
325      325   (0)     14  : 0.0000 0.1110 0.0000 0.0000 0.0000 0.4856 0.0000 0.4034 0.0000
326      326   (0)     14  : 0.0000 0.0000 0.0000 0.0000 0.0000 1.0000 0.0000 0.0000 0.0000
327      327   (0)     14  : 0.0000 0.0000 1.0000 0.0000 0.0000 0.0000 0.0000 0.0000 0.0000
328      328   (0)     14  : 0.0000 0.2930 0.0000 0.0000 0.0000 0.6134 0.0000 0.0936 0.0000
329      329   (0)     14  : 0.0000 0.0000 1.0000 0.0000 0.0000 0.0000 0.0000 0.0000 0.0000
330      330   (0)     14  : 0.0357 0.0000 0.9250 0.0000 0.0000 0.0393 0.0000 0.0000 0.0000
331      331   (0)     14  : 0.0000 0.0002 0.9797 0.0000 0.0000 0.0000 0.0000 0.0201 0.0000
332      332   (0)     14  : 0.0000 0.1890 0.1014 0.0000 0.0000 0.5285 0.0000 0.1811 0.0000
333      333   (0)     14  : 0.0000 0.0000 1.0000 0.0000 0.0000 0.0000 0.0000 0.0000 0.0000
334      334   (0)     14  : 0.0000 0.0847 0.0000 0.0000 0.0000 0.8110 0.0000 0.1043 0.0000
335      335   (0)     14  : 0.0000 0.1052 0.0534 0.0000 0.0000 0.6402 0.0000 0.1860 0.0151
336      336   (0)     11  : 0.0000 0.0000 0.9680 0.0000 0.0000 0.0320 0.0000 0.0000 0.0000
337      337   (0)     11  : 0.0000 0.2189 0.0000 0.0000 0.0203 0.6500 0.0000 0.1108 0.0000
338      338   (0)     11  : 0.0000 0.0433 0.8699 0.0000 0.0000 0.0000 0.0000 0.0017 0.0851
339      339   (0)     10  : 0.0000 0.0000 0.0000 0.0000 0.0000 1.0000 0.0000 0.0000 0.0000
340      340   (0)     10  : 0.0000 0.0000 0.7283 0.2645 0.0064 0.0000 0.0009 0.0000 0.0000
341      341   (0)     11  : 0.0260 0.0835 0.8888 0.0000 0.0003 0.0015 0.0000 0.0000 0.0000
342      342   (0)     11  : 0.0000 0.0000 1.0000 0.0000 0.0000 0.0000 0.0000 0.0000 0.0000
343      343   (0)     11  : 0.0000 0.0000 1.0000 0.0000 0.0000 0.0000 0.0000 0.0000 0.0000
344      344   (0)     11  : 0.0343 0.0000 0.8732 0.0000 0.0000 0.0925 0.0000 0.0000 0.0000
345      345   (0)     11  : 0.0000 0.0000 0.9574 0.0000 0.0000 0.0066 0.0000 0.0322 0.0038
346      346   (0)     11  : 0.0000 0.0000 1.0000 0.0000 0.0000 0.0000 0.0000 0.0000 0.0000
347      347   (0)     11  : 0.0000 0.0963 0.0000 0.0000 0.0000 0.6366 0.0000 0.2671 0.0000
348      348   (0)     11  : 0.0000 0.0000 1.0000 0.0000 0.0000 0.0000 0.0000 0.0000 0.0000
349      349   (0)     11  : 0.0000 0.0000 0.9681 0.0000 0.0000 0.0319 0.0000 0.0000 0.0000
350      350   (0)     11  : 0.0000 0.0000 0.8379 0.0000 0.0000 0.0873 0.0000 0.0748 0.0000
351      351   (0)     11  : 0.0000 0.0183 0.9817 0.0000 0.0000 0.0000 0.0000 0.0000 0.0000
352      352   (0)     11  : 0.0000 0.1717 0.0270 0.0000 0.0000 0.7442 0.0000 0.0570 0.0000
353      353   (0)     11  : 0.0000 0.0000 1.0000 0.0000 0.0000 0.0000 0.0000 0.0000 0.0000
354      354   (0)     11  : 0.0000 0.1481 0.0000 0.0000 0.0000 0.8519 0.0000 0.0000 0.0000
355      355   (0)     11  : 0.0000 0.0000 1.0000 0.0000 0.0000 0.0000 0.0000 0.0000 0.0000
356      356   (0)     14  : 0.0000 0.0000 0.9039 0.0000 0.0000 0.0000 0.0022 0.0939 0.0000
357      357   (0)     14  : 0.0000 0.1795 0.0000 0.0000 0.0000 0.6819 0.0000 0.1386 0.0000
358      358   (0)     14  : 0.0000 0.0000 1.0000 0.0000 0.0000 0.0000 0.0000 0.0000 0.0000
359      359   (0)     14  : 0.0000 0.0305 0.0000 0.0000 0.0000 0.6867 0.0000 0.2827 0.0000
360      360   (0)     14  : 0.0000 0.0000 1.0000 0.0000 0.0000 0.0000 0.0000 0.0000 0.0000
361      361   (0)     14  : 0.0000 0.0000 0.9407 0.0000 0.0000 0.0593 0.0000 0.0000 0.0000
362      362   (0)     14  : 0.0000 0.0000 1.0000 0.0000 0.0000 0.0000 0.0000 0.0000 0.0000
363      363   (0)     14  : 0.0135 0.0000 0.9865 0.0000 0.0000 0.0000 0.0000 0.0000 0.0000
364      364   (0)     14  : 0.0000 0.0000 1.0000 0.0000 0.0000 0.0000 0.0000 0.0000 0.0000
365      365   (0)     14  : 0.0000 0.0000 0.8742 0.0000 0.0000 0.0203 0.0000 0.1054 0.0000
366      366   (0)     14  : 0.0000 0.0600 0.0286 0.0000 0.0000 0.6926 0.0000 0.2188 0.0000
367      367   (0)      9  : 0.0000 0.0124 0.0000 0.0000 0.0000 0.9201 0.0000 0.0676 0.0000
368      368   (0)      9  : 0.0000 0.0000 0.8550 0.0419 0.0000 0.1031 0.0000 0.0000 0.0000
369      369   (0)      9  : 0.0000 0.0195 0.0224 0.0000 0.0000 0.9581 0.0000 0.0000 0.0000
370      370   (0)      9  : 0.0000 0.0000 0.0624 0.0000 0.0000 0.9052 0.0000 0.0324 0.0000
371      371   (0)      9  : 0.0000 0.0000 0.0000 0.0000 0.0000 1.0000 0.0000 0.0000 0.0000
372      372   (0)      9  : 0.0000 0.0000 1.0000 0.0000 0.0000 0.0000 0.0000 0.0000 0.0000
373      373   (0)     14  : 0.0000 0.0000 0.9999 0.0000 0.0001 0.0000 0.0000 0.0000 0.0000
374      374   (0)     14  : 0.0000 0.0000 0.0257 0.0000 0.0000 0.9743 0.0000 0.0000 0.0000
375      375   (0)     14  : 0.0000 0.0000 0.9566 0.0000 0.0000 0.0434 0.0000 0.0000 0.0000
376      376   (0)     14  : 0.0000 0.0000 1.0000 0.0000 0.0000 0.0000 0.0000 0.0000 0.0000
377      377   (0)     14  : 0.0000 0.0837 0.0000 0.0000 0.0003 0.9161 0.0000 0.0000 0.0000
378      378   (0)      9  : 0.0000 0.0174 0.0000 0.0000 0.0000 0.9826 0.0000 0.0000 0.0000
379      379   (0)      9  : 0.0615 0.0000 0.9385 0.0000 0.0000 0.0000 0.0000 0.0000 0.0000
380      380   (0)      9  : 0.0890 0.0000 0.9110 0.0000 0.0000 0.0000 0.0000 0.0000 0.0000
381      381   (0)      9  : 0.0000 0.0000 0.8749 0.0000 0.0000 0.0000 0.1251 0.0000 0.0000
382      382   (0)      9  : 0.0000 0.0000 0.0000 0.0000 0.0000 1.0000 0.0000 0.0000 0.0000
383      383   (0)      9  : 0.0000 0.0000 0.0000 0.0000 0.0000 1.0000 0.0000 0.0000 0.0000
384      384   (0)      9  : 0.0000 0.0000 0.0000 0.0000 0.0000 1.0000 0.0000 0.0000 0.0000
385      385   (0)      9  : 0.0000 0.0000 0.8380 0.0000 0.0000 0.0000 0.1620 0.0000 0.0000
386      386   (0)      9  : 0.0000 0.0257 0.0000 0.0000 0.0000 0.9743 0.0000 0.0000 0.0000
387      387   (0)      9  : 0.0000 0.0000 0.0131 0.0000 0.0328 0.9541 0.0000 0.0000 0.0000
388      388   (0)      9  : 0.0000 0.0000 0.9981 0.0000 0.0000 0.0000 0.0019 0.0000 0.0000
389      389   (0)      9  : 0.0001 0.0000 0.9753 0.0010 0.0000 0.0000 0.0000 0.0000 0.0236
390      390   (0)      9  : 0.0000 0.0000 0.0000 0.0534 0.1259 0.8207 0.0000 0.0000 0.0000
391      391   (0)      9  : 0.0000 0.0000 0.7956 0.0000 0.0000 0.0000 0.2044 0.0000 0.0000
392      392   (0)     15  : 0.0000 0.0000 0.0000 0.0000 0.0000 0.3541 0.0000 0.6459 0.0000
393      393   (0)     15  : 0.0000 0.0000 0.0000 0.0000 0.0000 0.0000 0.0000 1.0000 0.0000
394      394   (0)     15  : 0.0000 0.0000 0.0930 0.0000 0.0000 0.0000 0.0000 0.9070 0.0000
395      395   (0)     15  : 0.0000 0.0000 0.0625 0.0000 0.0000 0.0000 0.1016 0.8359 0.0000
396      396   (0)     15  : 0.0000 0.0000 0.0000 0.0000 0.0000 0.0000 0.0000 1.0000 0.0000
397      397   (0)     15  : 0.0000 0.0000 0.0000 0.0000 0.0000 0.0000 0.0000 1.0000 0.0000
398      398   (0)     15  : 0.0000 0.0000 0.0000 0.0000 0.0000 0.0000 0.0000 1.0000 0.0000
399      399   (0)     15  : 0.0000 0.0000 0.8014 0.0000 0.0000 0.0000 0.0000 0.1986 0.0000
400      400   (0)     15  : 0.0000 0.0000 0.0000 0.0000 0.0000 0.0000 0.0089 0.9911 0.0000
401      401   (0)     15  : 0.0000 0.0000 0.0000 0.0000 0.0134 0.0000 0.0000 0.9866 0.0000
402      402   (0)     15  : 0.0000 0.0000 0.7343 0.0000 0.0000 0.0000 0.0000 0.2657 0.0000
403      403   (0)     15  : 0.0000 0.0000 1.0000 0.0000 0.0000 0.0000 0.0000 0.0000 0.0000
404      404   (0)     15  : 0.0000 0.0000 0.0387 0.0000 0.0000 0.0000 0.0000 0.9613 0.0000
405      405   (0)     15  : 0.0000 0.0000 0.0000 0.0000 0.0000 0.0000 0.0000 1.0000 0.0000
406      406   (0)     15  : 0.0000 0.0000 0.0000 0.0000 0.0000 0.0000 0.0000 1.0000 0.0000
407      407   (0)     15  : 0.0000 0.0000 0.1954 0.0000 0.0000 0.0072 0.0000 0.7974 0.0000
408      408   (0)     15  : 0.0000 0.0000 0.8090 0.0000 0.0000 0.0000 0.0000 0.1910 0.0000
409      409   (0)     15  : 0.0000 0.0000 0.0364 0.0000 0.0000 0.0000 0.0000 0.9636 0.0000
410      410   (0)     15  : 0.0000 0.0000 0.7227 0.0000 0.0000 0.0000 0.0000 0.2773 0.0000
411      411   (0)     15  : 0.0000 0.0000 0.0000 0.0000 0.0000 0.0000 0.0000 1.0000 0.0000
412      412   (0)     15  : 0.0000 0.0000 0.1347 0.0000 0.0000 0.0000 0.0000 0.8653 0.0000
413      413   (0)     15  : 0.0000 0.0000 0.0000 0.0000 0.0000 0.0000 0.0000 1.0000 0.0000
414      414   (0)     15  : 0.0000 0.1476 0.0000 0.0101 0.0033 0.0376 0.0000 0.8014 0.0000
415      415   (0)     15  : 0.0000 0.0806 0.1483 0.0017 0.0000 0.0001 0.0000 0.7035 0.0657
416      416   (0)     15  : 0.0000 0.0000 0.0000 0.0000 0.0000 0.0000 0.0000 1.0000 0.0000
417      417   (0)     15  : 0.0000 0.0000 0.8244 0.0000 0.0000 0.0000 0.0000 0.1756 0.0000
418      418   (0)     15  : 0.0000 0.0000 0.0000 0.0000 0.0000 0.0000 0.0000 1.0000 0.0000
419      419   (0)     15  : 0.0000 0.0000 0.7981 0.0000 0.0000 0.0000 0.0000 0.1889 0.0130
420      420   (0)     15  : 0.0000 0.0000 0.8363 0.0000 0.0000 0.0000 0.0000 0.1637 0.0000
421      421   (0)     16  : 0.4692 0.0000 0.0000 0.0000 0.0128 0.0000 0.5152 0.0000 0.0028
422      422   (0)     16  : 0.1201 0.0000 0.0010 0.1296 0.0000 0.0000 0.7492 0.0000 0.0000
423      423   (0)     16  : 0.6389 0.0000 0.0608 0.0862 0.0000 0.0000 0.0000 0.0000 0.2141
424      424   (0)     16  : 0.3118 0.0000 0.0881 0.0908 0.0000 0.0059 0.4382 0.0000 0.0653
425      425   (0)     16  : 0.0000 0.0000 0.0048 0.0927 0.0000 0.0000 0.6913 0.0000 0.2112
426      426   (0)     16  : 0.6706 0.0000 0.0020 0.0868 0.0000 0.0000 0.0000 0.0000 0.2405
427      427   (0)     16  : 0.3225 0.0000 0.0052 0.0111 0.0000 0.0159 0.6450 0.0001 0.0000
428      428   (0)     16  : 1.0000 0.0000 0.0000 0.0000 0.0000 0.0000 0.0000 0.0000 0.0000
429      429   (0)     16  : 0.1413 0.0002 0.0092 0.1070 0.0000 0.0247 0.5830 0.0000 0.1346
430      430   (0)     16  : 0.9146 0.0000 0.0000 0.0336 0.0035 0.0000 0.0000 0.0000 0.0483
431      431   (0)     16  : 0.0000 0.0000 0.0000 0.4283 0.0000 0.0000 0.5717 0.0000 0.0000
432      432   (0)     16  : 0.8797 0.0000 0.0360 0.0000 0.0000 0.0000 0.0313 0.0000 0.0530
433      433   (0)     16  : 0.1360 0.0000 0.0000 0.0000 0.0000 0.0000 0.8640 0.0000 0.0000
434      434   (0)     16  : 0.6947 0.0000 0.0153 0.0106 0.0000 0.0000 0.2756 0.0038 0.0000
435      435   (0)     16  : 0.5160 0.0000 0.0061 0.0000 0.0000 0.0000 0.4779 0.0000 0.0000
436      436   (0)     16  : 0.0238 0.0000 0.0000 0.0870 0.0051 0.0000 0.8841 0.0000 0.0000
437      437   (0)     16  : 0.9232 0.0000 0.0000 0.0768 0.0000 0.0000 0.0000 0.0000 0.0000
438      438   (0)     16  : 0.9733 0.0000 0.0000 0.0267 0.0000 0.0000 0.0000 0.0000 0.0000
439      439   (0)     16  : 0.9078 0.0000 0.0432 0.0475 0.0000 0.0002 0.0000 0.0000 0.0013
440      440   (0)     16  : 0.5885 0.0000 0.0512 0.0000 0.0000 0.0000 0.0000 0.0000 0.3603
441      441   (0)     16  : 0.5688 0.0250 0.0195 0.0000 0.0000 0.0000 0.3828 0.0039 0.0000
442      442   (0)     16  : 0.9566 0.0000 0.0000 0.0308 0.0000 0.0000 0.0127 0.0000 0.0000
443      443   (0)     16  : 0.6348 0.0000 0.0752 0.0000 0.0000 0.0000 0.0236 0.0000 0.2665
444      444   (0)     16  : 0.9574 0.0000 0.0426 0.0000 0.0000 0.0000 0.0000 0.0000 0.0000
445      445   (0)     16  : 0.0274 0.0000 0.0000 0.0000 0.5219 0.0222 0.3516 0.0000 0.0769
446      446   (0)     16  : 0.5341 0.0000 0.0123 0.0000 0.0000 0.0000 0.4536 0.0000 0.0000
447      447   (0)     16  : 0.6078 0.0000 0.0367 0.0000 0.0000 0.0000 0.2460 0.0000 0.1095
448      448   (0)     16  : 0.9301 0.0000 0.0004 0.0000 0.0000 0.0000 0.0621 0.0000 0.0073
449      449   (0)     16  : 0.6586 0.0000 0.0336 0.0000 0.0008 0.0000 0.3070 0.0000 0.0000
450      450   (0)     16  : 0.9201 0.0000 0.0000 0.0292 0.0000 0.0000 0.0261 0.0000 0.0246
451      451   (0)     17  : 0.5482 0.0407 0.0421 0.2008 0.0020 0.0039 0.1074 0.0000 0.0548
452      452   (0)     17  : 0.8602 0.0000 0.0540 0.0000 0.0000 0.0000 0.0593 0.0000 0.0265
453      453   (0)     17  : 1.0000 0.0000 0.0000 0.0000 0.0000 0.0000 0.0000 0.0000 0.0000
454      454   (0)     17  : 0.1421 0.0000 0.0006 0.0000 0.3825 0.1242 0.0000 0.0303 0.3203
455      455   (0)     17  : 0.0448 0.0000 0.0000 0.0000 0.0000 0.0000 0.9494 0.0000 0.0059
456      456   (0)     17  : 0.1722 0.0000 0.0000 0.0000 0.5144 0.1234 0.0278 0.0000 0.1623
457      457   (0)     17  : 0.0973 0.0000 0.0000 0.0000 0.0000 0.0000 0.9027 0.0000 0.0000
458      458   (0)     17  : 0.9059 0.0000 0.0224 0.0126 0.0000 0.0000 0.0592 0.0000 0.0000
459      459   (0)     17  : 0.9986 0.0000 0.0000 0.0000 0.0000 0.0000 0.0014 0.0000 0.0000
460      460   (0)     17  : 0.0000 0.0000 0.0138 0.0000 0.0000 0.0000 0.5693 0.0000 0.4169
461      461   (0)     17  : 0.4865 0.0000 0.0423 0.0000 0.0000 0.0000 0.3654 0.0000 0.1058
462      462   (0)     17  : 0.3242 0.1142 0.0000 0.4946 0.0666 0.0004 0.0000 0.0000 0.0000
463      463   (0)     17  : 0.0000 0.0043 0.0000 0.0000 0.3766 0.1190 0.3770 0.0335 0.0895
464      464   (0)     17  : 0.7107 0.0084 0.0587 0.0346 0.0068 0.0000 0.1016 0.0000 0.0793
465      465   (0)     17  : 0.5858 0.0118 0.0000 0.2488 0.1399 0.0000 0.0136 0.0000 0.0000
466      466   (0)     17  : 0.6700 0.0000 0.0617 0.0374 0.0321 0.0000 0.0000 0.0000 0.1987
467      467   (0)     17  : 0.4561 0.0000 0.0295 0.1518 0.0147 0.0000 0.1933 0.0017 0.1529
468      468   (0)     17  : 0.2411 0.0000 0.0565 0.0000 0.0000 0.0000 0.0113 0.0000 0.6911
469      469   (0)     17  : 0.3926 0.0000 0.0533 0.1024 0.0239 0.0000 0.3202 0.0000 0.1076
470      470   (0)     17  : 0.8322 0.0000 0.1085 0.0000 0.0000 0.0592 0.0000 0.0000 0.0000
471      471   (0)     17  : 0.3628 0.0000 0.0531 0.0000 0.0002 0.0000 0.4667 0.0058 0.1113
472      472   (0)     17  : 0.2748 0.0000 0.0094 0.2348 0.0000 0.0001 0.0000 0.0003 0.4806
473      473   (0)     17  : 0.3803 0.0000 0.0324 0.0912 0.0000 0.0000 0.0000 0.0122 0.4839
474      474   (0)     17  : 0.0027 0.0000 0.0028 0.0618 0.0015 0.0000 0.8763 0.0053 0.0496
475      475   (0)     17  : 0.5725 0.0054 0.0180 0.0857 0.0027 0.0000 0.1591 0.0000 0.1567
476      476   (0)     17  : 0.2175 0.0158 0.0012 0.0583 0.0320 0.0019 0.6431 0.0000 0.0302
477      477   (0)     17  : 0.9139 0.0000 0.0000 0.0311 0.0030 0.0000 0.0000 0.0000 0.0520
478      478   (0)     17  : 0.0038 0.0000 0.0007 0.0000 0.0000 0.0000 0.9173 0.0000 0.0782
479      479   (0)     17  : 0.8546 0.0000 0.0000 0.0000 0.0195 0.0000 0.0156 0.0001 0.1103
480      480   (0)     17  : 0.2479 0.0000 0.0620 0.1800 0.0114 0.0000 0.0029 0.0000 0.4958
481      481   (0)     18  : 0.0000 0.0153 0.0674 0.8058 0.0846 0.0000 0.0000 0.0000 0.0270
482      482   (0)     18  : 0.0000 0.0000 0.0000 0.0000 1.0000 0.0000 0.0000 0.0000 0.0000
483      483   (0)     18  : 0.0000 0.0000 0.0000 0.0000 1.0000 0.0000 0.0000 0.0000 0.0000
484      484   (0)     18  : 0.0000 0.0000 0.0000 0.0000 1.0000 0.0000 0.0000 0.0000 0.0000
485      485   (0)     18  : 0.0714 0.0000 0.0000 0.0000 0.9083 0.0000 0.0000 0.0000 0.0203
486      486   (0)     18  : 0.0000 0.0000 0.0000 0.1205 0.8795 0.0000 0.0000 0.0000 0.0000
487      487   (0)     18  : 0.0000 0.0000 0.0000 0.0000 1.0000 0.0000 0.0000 0.0000 0.0000
488      488   (0)     18  : 0.5545 0.0000 0.0390 0.2130 0.0639 0.0000 0.0000 0.0000 0.1296
489      489   (0)     18  : 0.0000 0.0000 0.0000 0.9634 0.0049 0.0000 0.0000 0.0232 0.0085
490      490   (0)     18  : 0.0000 0.0000 0.0000 0.0000 1.0000 0.0000 0.0000 0.0000 0.0000
491      491   (0)     18  : 0.0126 0.0000 0.0677 0.0000 0.9161 0.0000 0.0000 0.0000 0.0036
492      492   (0)     18  : 0.5655 0.0000 0.0000 0.0015 0.3121 0.0000 0.0000 0.0000 0.1209
493      493   (0)     18  : 0.0000 0.0000 0.0000 0.4934 0.0113 0.0000 0.4954 0.0000 0.0000
494      494   (0)     18  : 0.0000 0.0000 0.0000 0.0974 0.9026 0.0000 0.0000 0.0000 0.0000
495      495   (0)     18  : 0.0000 0.0000 0.0000 0.0000 1.0000 0.0000 0.0000 0.0000 0.0000
496      496   (0)     18  : 0.1637 0.0000 0.0000 0.0000 0.8010 0.0000 0.0000 0.0000 0.0353
497      497   (0)     18  : 0.0000 0.0000 0.0538 0.5257 0.0143 0.0000 0.3206 0.0000 0.0856
498      498   (0)     18  : 0.1040 0.0000 0.0000 0.0173 0.8628 0.0000 0.0000 0.0000 0.0159
499      499   (0)     18  : 0.1345 0.0000 0.0000 0.0469 0.6223 0.0000 0.1696 0.0000 0.0266
500      500   (0)     18  : 0.0000 0.0000 0.0431 0.7120 0.0458 0.0000 0.0000 0.0000 0.1991
501      501   (0)     18  : 0.3653 0.0064 0.0276 0.5820 0.0187 0.0000 0.0000 0.0000 0.0000
502      502   (0)     18  : 0.2854 0.0000 0.0000 0.0000 0.5483 0.0167 0.1152 0.0000 0.0345
503      503   (0)     18  : 0.0000 0.0000 0.0000 0.0160 0.9840 0.0000 0.0000 0.0000 0.0000
504      504   (0)     18  : 0.2328 0.0000 0.0000 0.0000 0.6669 0.0000 0.0579 0.0000 0.0424
505      505   (0)     18  : 0.1857 0.0000 0.1009 0.0000 0.6657 0.0000 0.0000 0.0000 0.0477
506      506   (0)     18  : 0.0000 0.0000 0.0883 0.3854 0.0062 0.0000 0.4845 0.0000 0.0356
507      507   (0)     18  : 0.2109 0.0000 0.0000 0.0592 0.6826 0.0000 0.0310 0.0000 0.0163
508      508   (0)     18  : 0.0862 0.0000 0.0006 0.4588 0.0299 0.0000 0.3719 0.0000 0.0527
509      509   (0)     18  : 0.1716 0.0000 0.0459 0.0000 0.6794 0.0000 0.0000 0.0000 0.1032
510      510   (0)     19  : 0.6858 0.0000 0.0000 0.0890 0.0006 0.0000 0.2245 0.0000 0.0000
511      511   (0)     19  : 0.1807 0.0000 0.0000 0.1194 0.0028 0.0000 0.6971 0.0000 0.0000
512      512   (0)     19  : 0.4822 0.0000 0.0000 0.0000 0.0000 0.0000 0.5178 0.0000 0.0000
513      513   (0)     19  : 0.0000 0.0000 0.0000 0.0000 0.0000 0.0000 1.0000 0.0000 0.0000
514      514   (0)     19  : 0.6368 0.0000 0.0754 0.0000 0.0000 0.0000 0.0000 0.0000 0.2878
515      515   (0)     19  : 0.4128 0.0000 0.0119 0.0280 0.0000 0.0000 0.5472 0.0000 0.0000
516      516   (0)     19  : 0.2607 0.0000 0.0000 0.0000 0.0000 0.0000 0.7393 0.0000 0.0000
517      517   (0)     19  : 0.9407 0.0000 0.0110 0.0479 0.0000 0.0000 0.0003 0.0000 0.0000
518      518   (0)     19  : 0.4402 0.0000 0.0022 0.0000 0.0000 0.0000 0.5094 0.0000 0.0483
519      519   (0)     19  : 0.0057 0.0000 0.0163 0.4586 0.0000 0.0000 0.0000 0.0000 0.5194
520      520   (0)     19  : 0.8726 0.0000 0.0000 0.0329 0.0000 0.0000 0.0920 0.0000 0.0025
521      521   (0)     19  : 0.0000 0.0000 0.0000 0.2146 0.0000 0.0000 0.7854 0.0000 0.0000
522      522   (0)     19  : 0.0624 0.0000 0.0000 0.0000 0.0000 0.0000 0.9376 0.0000 0.0000
523      523   (0)     19  : 0.0000 0.0000 0.0000 0.0261 0.0000 0.0000 0.8483 0.0000 0.1256
524      524   (0)     19  : 0.6997 0.0000 0.0000 0.0000 0.0000 0.0000 0.3003 0.0000 0.0000
525      525   (0)     19  : 0.5486 0.0000 0.0000 0.0000 0.0000 0.0250 0.4226 0.0031 0.0007
526      526   (0)     19  : 0.8073 0.0000 0.0000 0.0000 0.0000 0.0000 0.1024 0.0044 0.0859
527      527   (0)     19  : 0.3046 0.0000 0.0286 0.2184 0.0007 0.0000 0.3204 0.0000 0.1273
528      528   (0)     19  : 0.7482 0.0000 0.0000 0.1500 0.0009 0.0000 0.0965 0.0000 0.0045
529      529   (0)     19  : 0.8926 0.0000 0.0000 0.0000 0.0000 0.0000 0.0000 0.0000 0.1074
530      530   (0)     19  : 0.2409 0.0000 0.0139 0.0000 0.0000 0.0000 0.6471 0.0000 0.0981
531      531   (0)     19  : 0.2633 0.0000 0.0769 0.0000 0.0000 0.0000 0.5098 0.0000 0.1501
532      532   (0)     19  : 0.2715 0.0350 0.0366 0.0000 0.0000 0.0008 0.6366 0.0000 0.0195
533      533   (0)     19  : 0.4519 0.0193 0.0000 0.0000 0.3278 0.0514 0.0305 0.0000 0.1191
534      534   (0)     19  : 0.7823 0.0000 0.0001 0.1544 0.0000 0.0001 0.0632 0.0000 0.0000
535      535   (0)     19  : 0.2839 0.0000 0.0000 0.0186 0.0000 0.0000 0.6975 0.0000 0.0000
536      536   (0)     19  : 0.1701 0.0315 0.0000 0.0000 0.0017 0.0000 0.7905 0.0000 0.0062
537      537   (0)     19  : 0.4189 0.0000 0.0777 0.1930 0.0000 0.0000 0.3105 0.0000 0.0000
538      538   (0)     19  : 0.2815 0.0000 0.0000 0.0000 0.6468 0.0000 0.0241 0.0000 0.0476
539      539   (0)     19  : 0.0000 0.0000 0.0000 0.0000 0.0232 0.0000 0.9732 0.0000 0.0036
