1        1   (0)      1  : 0.1337 0.0000 0.0052 0.8611
2        2   (0)      1  : 0.9884 0.0000 0.0000 0.0116
3        3   (0)      1  : 0.9832 0.0000 0.0000 0.0168
4        4   (0)      1  : 0.1201 0.0000 0.0188 0.8611
5        5   (0)      1  : 0.1160 0.0000 0.0137 0.8703
6        6   (0)      1  : 0.1127 0.0000 0.0038 0.8834
7        7   (0)      1  : 1.0000 0.0000 0.0000 0.0000
8        8   (0)      1  : 0.9994 0.0000 0.0000 0.0006
9        9   (0)      1  : 0.1144 0.0019 0.0031 0.8806
10       10   (0)      1  : 0.9909 0.0000 0.0000 0.0091
11       11   (0)      1  : 0.1040 0.0000 0.0078 0.8882
12       12   (0)      1  : 0.1067 0.0000 0.0008 0.8925
13       13   (0)      1  : 0.0954 0.0000 0.0034 0.9013
14       14   (0)      1  : 0.0930 0.0000 0.0171 0.8898
15       15   (0)      1  : 0.0923 0.0002 0.0103 0.8972
16       16   (0)      1  : 0.1541 0.0000 0.0099 0.8360
17       17   (0)      1  : 0.0940 0.0002 0.0056 0.9001
18       18   (0)      1  : 0.0936 0.0000 0.0044 0.9020
19       19   (0)      1  : 0.0917 0.0000 0.0079 0.9004
20       20   (0)      1  : 0.0962 0.0001 0.0029 0.9008
21       21   (0)      1  : 0.0951 0.0000 0.0071 0.8978
22       22   (0)      1  : 0.9800 0.0000 0.0000 0.0200
23       23   (0)      1  : 0.0940 0.0000 0.0062 0.8998
24       24   (0)      1  : 0.1180 0.0000 0.0044 0.8776
25       25   (0)      1  : 0.1143 0.0000 0.0050 0.8807
26       26   (0)      1  : 0.0941 0.0000 0.0044 0.9015
27       27   (0)      1  : 0.0000 0.7918 0.0911 0.1172
28       28   (0)      1  : 0.0000 0.7510 0.1056 0.1434
29       29   (0)      1  : 0.1089 0.0000 0.0155 0.8756
30       30   (0)      1  : 0.0926 0.0013 0.0087 0.8974
31       31   (0)      1  : 0.1352 0.0000 0.0050 0.8599
32       32   (0)      1  : 0.9608 0.0000 0.0000 0.0392
33       33   (0)      1  : 0.2690 0.3282 0.0003 0.4026
34       34   (0)      1  : 0.1102 0.0000 0.0029 0.8869
35       35   (0)      1  : 0.0000 0.0000 1.0000 0.0000
36       36   (0)      1  : 0.0000 0.0000 1.0000 0.0000
37       37   (0)      1  : 0.0000 0.0000 1.0000 0.0000
38       38   (0)      1  : 0.0000 0.7420 0.1039 0.1540
39       39   (0)      1  : 0.0000 0.7737 0.0982 0.1281
40       40   (0)      1  : 0.0928 0.0012 0.0060 0.9000
41       41   (0)      1  : 0.9870 0.0000 0.0000 0.0130
42       42   (0)      1  : 0.0000 0.7676 0.0975 0.1350
43       43   (0)      1  : 0.1190 0.0007 0.0226 0.8577
44       44   (0)      1  : 1.0000 0.0000 0.0000 0.0000
45       45   (0)      1  : 0.0204 0.7526 0.1044 0.1226
46       46   (0)      1  : 0.0911 0.0195 0.0046 0.8849
47       47   (0)      1  : 0.0000 0.7889 0.0879 0.1233
48       48   (0)      1  : 0.9946 0.0000 0.0000 0.0054
49       49   (0)      1  : 1.0000 0.0000 0.0000 0.0000
50       50   (0)      1  : 0.0060 0.7403 0.1248 0.1289
51       51   (0)      1  : 0.0017 0.7660 0.1066 0.1256
52       52   (0)      1  : 0.9447 0.0000 0.0000 0.0553
53       53   (0)      1  : 0.9718 0.0000 0.0000 0.0282
54       54   (0)      1  : 0.9797 0.0000 0.0001 0.0202
55       55   (0)      1  : 0.0126 0.7673 0.1006 0.1195
56       56   (0)      2  : 0.1161 0.0000 0.0052 0.8787
57       57   (0)      2  : 0.0903 0.0020 0.0330 0.8747
58       58   (0)      2  : 0.1088 0.0000 0.0055 0.8858
59       59   (0)      2  : 0.0992 0.0000 0.0031 0.8977
60       60   (0)      2  : 0.9801 0.0000 0.0000 0.0199
61       61   (0)      2  : 0.0917 0.0000 0.0118 0.8964
62       62   (0)      2  : 0.0000 0.0000 1.0000 0.0000
63       63   (0)      2  : 0.1194 0.0000 0.0061 0.8745
64       64   (0)      2  : 0.0000 0.0000 1.0000 0.0000
65       65   (0)      2  : 0.1415 0.0000 0.0040 0.8545
66       66   (0)      2  : 0.0000 0.0000 1.0000 0.0000
67       67   (0)      2  : 0.0918 0.0013 0.0151 0.8918
68       68   (0)      2  : 0.1211 0.0010 0.0102 0.8677
69       69   (0)      2  : 0.9999 0.0000 0.0000 0.0000
70       70   (0)      2  : 0.0951 0.0017 0.0046 0.8986
71       71   (0)      2  : 0.0000 0.0000 1.0000 0.0000
72       72   (0)      2  : 0.0000 0.0000 1.0000 0.0000
73       73   (0)      2  : 0.1782 0.0051 0.0086 0.8081
74       74   (0)      2  : 0.9908 0.0000 0.0076 0.0016
75       75   (0)      2  : 0.0089 0.7707 0.0953 0.1251
76       76   (0)      2  : 1.0000 0.0000 0.0000 0.0000
77       77   (0)      2  : 0.1464 0.0000 0.0048 0.8487
78       78   (0)      2  : 0.0000 0.0000 1.0000 0.0000
79       79   (0)      2  : 0.0024 0.7556 0.1079 0.1341
80       80   (0)      2  : 0.0000 0.0000 1.0000 0.0000
81       81   (0)      2  : 0.1094 0.0000 0.0217 0.8689
82       82   (0)      2  : 0.9929 0.0000 0.0071 0.0000
83       83   (0)      2  : 1.0000 0.0000 0.0000 0.0000
84       84   (0)      2  : 0.2969 0.0000 0.0023 0.7008
85       85   (0)      2  : 0.1167 0.0000 0.0047 0.8786
86       86   (0)      2  : 0.1215 0.0000 0.0036 0.8749
87       87   (0)      2  : 0.1262 0.0000 0.0060 0.8678
88       88   (0)      2  : 0.0964 0.0000 0.0037 0.8998
89       89   (0)      2  : 0.0928 0.0002 0.0057 0.9012
90       90   (0)      2  : 0.1281 0.0001 0.0202 0.8516
91       91   (0)      2  : 0.1071 0.0000 0.0047 0.8883
92       92   (0)      2  : 0.1249 0.0009 0.0049 0.8693
93       93   (0)      2  : 1.0000 0.0000 0.0000 0.0000
94       94   (0)      2  : 0.9932 0.0000 0.0056 0.0012
95       95   (0)      2  : 0.0000 0.0000 1.0000 0.0000
96       96   (0)      2  : 0.9857 0.0000 0.0000 0.0143
97       97   (0)      2  : 0.9867 0.0000 0.0000 0.0133
98       98   (0)      2  : 0.1397 0.0013 0.0028 0.8562
99       99   (0)      2  : 0.0000 0.0000 1.0000 0.0000
100      100   (0)      2  : 0.0943 0.0000 0.0052 0.9005
101      101   (0)      3  : 0.1115 0.0000 0.0054 0.8831
102      102   (0)      3  : 0.1040 0.0000 0.0192 0.8768
103      103   (0)      3  : 0.1133 0.0000 0.0051 0.8815
104      104   (0)      3  : 0.1174 0.0012 0.0111 0.8703
105      105   (0)      3  : 0.1319 0.0000 0.0251 0.8431
106      106   (0)      3  : 0.1263 0.0000 0.0176 0.8561
107      107   (0)      3  : 0.0934 0.0000 0.0033 0.9033
108      108   (0)      3  : 0.1067 0.0100 0.0040 0.8793
109      109   (0)      3  : 0.0938 0.0000 0.0044 0.9018
110      110   (0)      3  : 0.0960 0.0006 0.0062 0.8972
111      111   (0)      3  : 0.1266 0.0017 0.0214 0.8503
112      112   (0)      3  : 0.0927 0.0010 0.0074 0.8990
113      113   (0)      3  : 0.0978 0.0001 0.0102 0.8919
114      114   (0)      3  : 0.1243 0.0000 0.0132 0.8625
115      115   (0)      3  : 0.1517 0.0004 0.0029 0.8450
116      116   (0)      3  : 0.1015 0.0000 0.0108 0.8877
117      117   (0)      3  : 0.1382 0.0000 0.0051 0.8567
118      118   (0)      3  : 0.1005 0.0000 0.0039 0.8956
119      119   (0)      3  : 0.1302 0.0000 0.0049 0.8649
120      120   (0)      3  : 0.1354 0.0000 0.0894 0.7751
121      121   (0)      3  : 0.0986 0.0000 0.0078 0.8936
122      122   (0)      3  : 0.1158 0.0010 0.0116 0.8716
123      123   (0)      3  : 0.0952 0.0000 0.0040 0.9008
124      124   (0)      3  : 0.0936 0.0000 0.0047 0.9016
125      125   (0)      3  : 0.0924 0.0000 0.0169 0.8907
126      126   (0)      3  : 0.1297 0.0000 0.0067 0.8636
127      127   (0)      3  : 0.1528 0.0000 0.0045 0.8427
128      128   (0)      3  : 0.0940 0.0024 0.0035 0.9001
129      129   (0)      3  : 0.1510 0.0000 0.0033 0.8457
130      130   (0)      3  : 0.9959 0.0000 0.0000 0.0041
131      131   (0)      3  : 0.9490 0.0000 0.0012 0.0498
132      132   (0)      3  : 0.0000 0.0000 1.0000 0.0000
133      133   (0)      3  : 0.0079 0.7713 0.1156 0.1052
134      134   (0)      3  : 0.8826 0.0236 0.0066 0.0872
135      135   (0)      3  : 0.1005 0.0000 0.0296 0.8699
136      136   (0)      3  : 0.1248 0.0000 0.0032 0.8720
137      137   (0)      3  : 0.9933 0.0000 0.0057 0.0010
138      138   (0)      3  : 0.1143 0.0001 0.0039 0.8817
139      139   (0)      3  : 0.0928 0.0017 0.0026 0.9028
140      140   (0)      3  : 0.1069 0.0000 0.0054 0.8877
141      141   (0)      3  : 0.0000 0.0000 1.0000 0.0000
142      142   (0)      3  : 0.0000 0.0000 1.0000 0.0000
143      143   (0)      3  : 0.0000 0.0000 1.0000 0.0000
144      144   (0)      3  : 0.0000 0.0000 1.0000 0.0000
145      145   (0)      3  : 0.0000 0.0000 1.0000 0.0000
146      146   (0)      3  : 0.9748 0.0000 0.0000 0.0252
147      147   (0)      3  : 0.0929 0.0000 0.0061 0.9010
148      148   (0)      3  : 0.0000 0.0000 1.0000 0.0000
149      149   (0)      3  : 0.0000 0.0000 1.0000 0.0000
150      150   (0)      3  : 0.0000 0.7305 0.1559 0.1136
151      151   (0)      3  : 0.0063 0.7669 0.1067 0.1201
152      152   (0)      3  : 0.1130 0.0000 0.0024 0.8846
153      153   (0)      3  : 0.0000 0.0000 1.0000 0.0000
154      154   (0)      3  : 0.0929 0.0000 0.0184 0.8886
155      155   (0)      3  : 0.0935 0.0001 0.0063 0.9000
156      156   (0)      3  : 0.9472 0.0000 0.0000 0.0528
157      157   (0)      3  : 0.1051 0.0000 0.0028 0.8921
158      158   (0)      3  : 1.0000 0.0000 0.0000 0.0000
159      159   (0)      3  : 0.1106 0.0000 0.0025 0.8869
160      160   (0)      3  : 0.9995 0.0000 0.0000 0.0005
161      161   (0)      4  : 0.1174 0.0000 0.0035 0.8791
162      162   (0)      4  : 0.0929 0.0000 0.0048 0.9023
163      163   (0)      4  : 0.0000 0.0000 1.0000 0.0000
164      164   (0)      4  : 1.0000 0.0000 0.0000 0.0000
165      165   (0)      4  : 0.0000 0.0000 1.0000 0.0000
166      166   (0)      4  : 0.0000 0.0000 1.0000 0.0000
167      167   (0)      4  : 0.1133 0.0000 0.0048 0.8819
168      168   (0)      4  : 0.1186 0.0000 0.0049 0.8765
169      169   (0)      4  : 0.1235 0.0009 0.0044 0.8712
170      170   (0)      4  : 0.0945 0.0000 0.0051 0.9004
171      171   (0)      4  : 0.1133 0.0000 0.0018 0.8849
172      172   (0)      4  : 0.1080 0.0000 0.0033 0.8887
173      173   (0)      4  : 0.0979 0.0000 0.0041 0.8979
174      174   (0)      4  : 0.9920 0.0000 0.0003 0.0078
175      175   (0)      4  : 0.0931 0.0000 0.0049 0.9020
176      176   (0)      4  : 0.0000 0.0000 1.0000 0.0000
177      177   (0)      4  : 0.1307 0.0000 0.0060 0.8633
178      178   (0)      4  : 0.0000 0.0000 1.0000 0.0000
179      179   (0)      4  : 0.0000 0.0000 1.0000 0.0000
180      180   (0)      4  : 0.0936 0.0000 0.0230 0.8834
181      181   (0)      4  : 0.0945 0.0002 0.0049 0.9004
182      182   (0)      4  : 0.0962 0.0000 0.0038 0.9000
183      183   (0)      4  : 1.0000 0.0000 0.0000 0.0000
184      184   (0)      4  : 0.9991 0.0000 0.0000 0.0009
185      185   (0)      4  : 0.0000 0.0000 1.0000 0.0000
186      186   (0)      4  : 0.0977 0.0000 0.0057 0.8966
187      187   (0)      4  : 0.1454 0.0000 0.0041 0.8505
188      188   (0)      4  : 0.0000 0.0000 1.0000 0.0000
189      189   (0)      4  : 0.1044 0.0000 0.0035 0.8921
190      190   (0)      4  : 1.0000 0.0000 0.0000 0.0000
191      191   (0)      4  : 0.2458 0.0423 0.1547 0.5572
192      192   (0)      4  : 0.0962 0.0000 0.0055 0.8983
193      193   (0)      4  : 0.1339 0.0000 0.0200 0.8461
194      194   (0)      4  : 0.1156 0.0014 0.0189 0.8641
195      195   (0)      4  : 0.0943 0.0000 0.0035 0.9022
196      196   (0)      4  : 0.0930 0.0000 0.0038 0.9032
197      197   (0)      4  : 0.0984 0.0000 0.0065 0.8951
198      198   (0)      4  : 0.0948 0.0008 0.0033 0.9011
199      199   (0)      4  : 0.1096 0.0000 0.0107 0.8798
200      200   (0)      4  : 0.9653 0.0000 0.0003 0.0344
201      201   (0)      4  : 0.0941 0.0075 0.0016 0.8967
202      202   (0)      4  : 0.0926 0.0008 0.0143 0.8923
203      203   (0)      4  : 0.1197 0.0000 0.0168 0.8635
204      204   (0)      4  : 0.0981 0.0011 0.0282 0.8726
205      205   (0)      4  : 0.1159 0.0000 0.0047 0.8794
206      206   (0)      4  : 0.0923 0.0012 0.0057 0.9008
207      207   (0)      4  : 0.0946 0.0000 0.0039 0.9015
208      208   (0)      4  : 0.9461 0.0000 0.0000 0.0539
209      209   (0)      4  : 0.1048 0.0000 0.0029 0.8924
210      210   (0)      4  : 0.0920 0.0022 0.0051 0.9008
211      211   (0)      4  : 0.1069 0.0000 0.0085 0.8846
212      212   (0)      4  : 0.9989 0.0000 0.0000 0.0011
213      213   (0)      4  : 0.1080 0.0046 0.0050 0.8824
214      214   (0)      4  : 0.0908 0.0000 0.0242 0.8851
215      215   (0)      4  : 0.5488 0.0000 0.0118 0.4394
216      216   (0)      4  : 0.1051 0.0000 0.0049 0.8900
217      217   (0)      4  : 0.0000 0.0000 1.0000 0.0000
218      218   (0)      4  : 0.1303 0.0000 0.0161 0.8536
219      219   (0)      4  : 0.1256 0.0000 0.0045 0.8699
220      220   (0)      5  : 0.0000 0.9907 0.0073 0.0020
221      221   (0)      5  : 0.0000 1.0000 0.0000 0.0000
222      222   (0)      6  : 0.0000 1.0000 0.0000 0.0000
223      223   (0)      6  : 0.0000 1.0000 0.0000 0.0000
224      224   (0)      6  : 0.0000 0.9999 0.0000 0.0001
225      225   (0)      6  : 0.0000 0.9966 0.0000 0.0034
226      226   (0)      6  : 0.0000 0.9968 0.0000 0.0032
227      227   (0)      6  : 0.0000 1.0000 0.0000 0.0000
228      228   (0)      6  : 0.0000 0.9934 0.0000 0.0066
229      229   (0)      6  : 0.0000 1.0000 0.0000 0.0000
230      230   (0)      6  : 0.0000 0.9998 0.0000 0.0002
231      231   (0)      6  : 0.0000 0.9963 0.0000 0.0037
232      232   (0)      6  : 0.0000 0.9975 0.0001 0.0024
233      233   (0)      6  : 0.0000 0.9968 0.0000 0.0032
234      234   (0)      6  : 0.0000 0.9989 0.0000 0.0011
235      235   (0)      6  : 0.0000 0.9828 0.0133 0.0039
236      236   (0)      6  : 0.0000 0.9996 0.0000 0.0004
237      237   (0)      6  : 0.0000 0.9991 0.0000 0.0009
238      238   (0)      6  : 0.0000 0.9931 0.0069 0.0000
239      239   (0)      6  : 0.0000 0.9913 0.0076 0.0011
240      240   (0)      6  : 0.0000 0.9970 0.0007 0.0023
241      241   (0)      6  : 0.0000 1.0000 0.0000 0.0000
242      242   (0)      6  : 0.0000 0.9992 0.0000 0.0008
243      243   (0)      6  : 0.0000 0.9923 0.0000 0.0077
244      244   (0)      6  : 0.0000 0.9999 0.0000 0.0001
245      245   (0)      6  : 0.0000 0.9974 0.0000 0.0026
246      246   (0)      6  : 0.0000 1.0000 0.0000 0.0000
247      247   (0)      6  : 0.0000 1.0000 0.0000 0.0000
248      248   (0)      6  : 0.0000 0.9993 0.0000 0.0007
249      249   (0)      7  : 0.0000 1.0000 0.0000 0.0000
250      250   (0)      7  : 0.0000 1.0000 0.0000 0.0000
251      251   (0)      7  : 0.0000 1.0000 0.0000 0.0000
252      252   (0)      7  : 0.0000 1.0000 0.0000 0.0000
253      253   (0)      7  : 0.0000 1.0000 0.0000 0.0000
254      254   (0)      7  : 0.0000 0.9983 0.0000 0.0017
255      255   (0)      7  : 0.0000 0.9993 0.0000 0.0007
256      256   (0)      7  : 0.0000 1.0000 0.0000 0.0000
257      257   (0)      7  : 0.0000 1.0000 0.0000 0.0000
258      258   (0)      7  : 0.0000 0.9970 0.0029 0.0001
259      259   (0)      7  : 0.0000 0.9999 0.0000 0.0001
260      260   (0)      7  : 0.0000 1.0000 0.0000 0.0000
261      261   (0)      7  : 0.0000 0.9991 0.0000 0.0009
262      262   (0)      7  : 0.0000 1.0000 0.0000 0.0000
263      263   (0)      7  : 0.0000 0.9984 0.0000 0.0016
264      264   (0)      7  : 0.0000 0.9999 0.0000 0.0001
265      265   (0)      7  : 0.0000 0.9995 0.0005 0.0000
266      266   (0)      7  : 0.0000 0.9963 0.0000 0.0037
267      267   (0)      7  : 0.0000 0.9866 0.0104 0.0030
268      268   (0)      7  : 0.0000 1.0000 0.0000 0.0000
269      269   (0)      7  : 0.0000 0.9974 0.0000 0.0026
270      270   (0)      7  : 0.0000 0.9916 0.0061 0.0023
271      271   (0)      7  : 0.0000 1.0000 0.0000 0.0000
272      272   (0)      7  : 0.0000 1.0000 0.0000 0.0000
273      273   (0)      7  : 0.0000 0.9992 0.0000 0.0008
274      274   (0)      7  : 0.0000 0.9961 0.0000 0.0039
275      275   (0)      7  : 0.0000 0.9800 0.0104 0.0096
276      276   (0)      7  : 0.0000 1.0000 0.0000 0.0000
277      277   (0)      7  : 0.0000 1.0000 0.0000 0.0000
278      278   (0)      7  : 0.0000 0.9999 0.0000 0.0001
279      279   (0)      8  : 0.0000 1.0000 0.0000 0.0000
280      280   (0)      8  : 0.0000 0.9996 0.0000 0.0004
281      281   (0)      8  : 0.0000 1.0000 0.0000 0.0000
282      282   (0)      8  : 0.0000 0.9981 0.0019 0.0000
283      283   (0)      8  : 0.0000 0.9851 0.0123 0.0026
284      284   (0)      8  : 0.0000 1.0000 0.0000 0.0000
285      285   (0)      8  : 0.0000 1.0000 0.0000 0.0000
286      286   (0)      8  : 0.0000 0.9996 0.0000 0.0004
287      287   (0)      8  : 0.0000 1.0000 0.0000 0.0000
288      288   (0)      8  : 0.0000 0.9956 0.0000 0.0044
289      289   (0)      8  : 0.0000 0.9831 0.0150 0.0019
290      290   (0)      5  : 0.0000 0.9950 0.0047 0.0004
291      291   (0)      5  : 0.0000 1.0000 0.0000 0.0000
292      292   (0)      5  : 0.0000 0.9986 0.0000 0.0014
293      293   (0)      5  : 0.0000 0.9972 0.0000 0.0028
294      294   (0)      5  : 0.0000 0.9993 0.0000 0.0007
295      295   (0)      5  : 0.0000 0.9991 0.0009 0.0000
296      296   (0)      5  : 0.0000 0.9812 0.0150 0.0038
297      297   (0)      5  : 0.0000 0.9723 0.0235 0.0042
298      298   (0)      5  : 0.0000 1.0000 0.0000 0.0000
299      299   (0)      5  : 0.0000 0.9998 0.0000 0.0002
300      300   (0)      5  : 0.0000 1.0000 0.0000 0.0000
301      301   (0)      5  : 0.0000 0.9995 0.0000 0.0005
302      302   (0)      5  : 0.0000 1.0000 0.0000 0.0000
303      303   (0)      5  : 0.0000 1.0000 0.0000 0.0000
304      304   (0)      5  : 0.0000 0.9999 0.0000 0.0001
305      305   (0)      5  : 0.0000 0.9923 0.0069 0.0009
306      306   (0)      5  : 0.0000 1.0000 0.0000 0.0000
307      307   (0)      5  : 0.0000 0.9944 0.0000 0.0056
308      308   (0)      5  : 0.0000 0.9952 0.0006 0.0042
309      309   (0)      5  : 0.0000 0.9990 0.0000 0.0010
310      310   (0)      5  : 0.0000 0.9981 0.0000 0.0019
311      311   (0)      5  : 0.0000 0.9980 0.0000 0.0020
312      312   (0)      5  : 0.0000 0.9936 0.0021 0.0043
313      313   (0)      5  : 0.0000 0.9986 0.0002 0.0013
314      314   (0)      5  : 0.0000 0.9986 0.0000 0.0014
315      315   (0)      5  : 0.0000 0.9989 0.0000 0.0011
316      316   (0)      5  : 0.0000 0.9990 0.0000 0.0010
317      317   (0)      5  : 0.0000 1.0000 0.0000 0.0000
318      318   (0)      8  : 0.0000 0.9973 0.0027 0.0000
319      319   (0)      8  : 0.0000 1.0000 0.0000 0.0000
320      320   (0)      9  : 0.0000 0.9999 0.0000 0.0001
321      321   (0)      9  : 0.0000 0.9804 0.0196 0.0000
322      322   (0)      9  : 0.0000 1.0000 0.0000 0.0000
323      323   (0)      9  : 0.0000 0.9999 0.0000 0.0001
324      324   (0)      9  : 0.0000 1.0000 0.0000 0.0000
325      325   (0)      8  : 0.0000 1.0000 0.0000 0.0000
326      326   (0)      8  : 0.0000 1.0000 0.0000 0.0000
327      327   (0)      8  : 0.0000 1.0000 0.0000 0.0000
328      328   (0)      8  : 0.0000 1.0000 0.0000 0.0000
329      329   (0)      8  : 0.0000 1.0000 0.0000 0.0000
330      330   (0)      9  : 0.0000 0.9976 0.0000 0.0024
331      331   (0)      9  : 0.0000 1.0000 0.0000 0.0000
332      332   (0)      9  : 0.0000 0.9999 0.0000 0.0001
333      333   (0)      9  : 0.0000 1.0000 0.0000 0.0000
334      334   (0)      9  : 0.0000 1.0000 0.0000 0.0000
335      335   (0)      9  : 0.0000 1.0000 0.0000 0.0000
336      336   (0)      8  : 0.0000 1.0000 0.0000 0.0000
337      337   (0)      8  : 0.0000 0.9990 0.0000 0.0010
338      338   (0)      8  : 0.0000 0.9999 0.0001 0.0000
339      339   (0)      8  : 0.0000 1.0000 0.0000 0.0000
340      340   (0)      8  : 0.0000 1.0000 0.0000 0.0000
341      341   (0)      8  : 0.0000 0.9866 0.0069 0.0065
342      342   (0)      8  : 0.0000 1.0000 0.0000 0.0000
343      343   (0)      9  : 0.0000 1.0000 0.0000 0.0000
344      344   (0)      9  : 0.0000 1.0000 0.0000 0.0000
345      345   (0)      9  : 0.0000 1.0000 0.0000 0.0000
346      346   (0)      9  : 0.0000 0.9996 0.0000 0.0004
347      347   (0)      9  : 0.0000 0.9986 0.0000 0.0014
348      348   (0)      9  : 0.0000 0.9963 0.0000 0.0037
349      349   (0)      9  : 0.0000 0.9806 0.0000 0.0194
350      350   (0)      9  : 0.0000 0.9996 0.0000 0.0004
351      351   (0)      9  : 0.0000 0.9970 0.0000 0.0030
352      352   (0)      9  : 0.0000 0.9976 0.0000 0.0024
353      353   (0)      9  : 0.0000 0.9976 0.0000 0.0024
354      354   (0)      9  : 0.0000 1.0000 0.0000 0.0000
355      355   (0)      9  : 0.0000 0.9999 0.0000 0.0001
356      356   (0)      9  : 0.0000 0.9980 0.0000 0.0020
357      357   (0)      9  : 0.0000 0.9999 0.0001 0.0000
358      358   (0)      9  : 0.0000 0.9967 0.0001 0.0032
359      359   (0)      9  : 0.0000 0.9994 0.0000 0.0006
360      360   (0)      9  : 0.0000 1.0000 0.0000 0.0000
361      361   (0)      9  : 0.0000 1.0000 0.0000 0.0000
362      362   (0)     10  : 0.0000 1.0000 0.0000 0.0000
363      363   (0)     10  : 0.0000 1.0000 0.0000 0.0000
364      364   (0)     10  : 0.0000 0.9992 0.0008 0.0000
365      365   (0)     10  : 0.0000 0.9886 0.0114 0.0000
366      366   (0)     10  : 0.0000 0.9931 0.0069 0.0000
367      367   (0)     10  : 0.0000 0.9981 0.0000 0.0019
368      368   (0)     10  : 0.0000 1.0000 0.0000 0.0000
369      369   (0)     10  : 0.0000 1.0000 0.0000 0.0000
370      370   (0)     10  : 0.0000 0.9876 0.0079 0.0045
371      371   (0)     10  : 0.0000 0.9989 0.0000 0.0011
372      372   (0)     10  : 0.0000 1.0000 0.0000 0.0000
373      373   (0)     10  : 0.0000 1.0000 0.0000 0.0000
374      374   (0)     10  : 0.0000 0.9999 0.0000 0.0001
375      375   (0)     10  : 0.0000 1.0000 0.0000 0.0000
376      376   (0)     10  : 0.0000 0.9999 0.0000 0.0001
377      377   (0)     10  : 0.0000 0.9969 0.0000 0.0031
378      378   (0)     10  : 0.0002 0.9924 0.0000 0.0074
379      379   (0)     10  : 0.0000 0.9901 0.0054 0.0045
380      380   (0)     10  : 0.0000 0.9996 0.0000 0.0004
381      381   (0)     10  : 0.0000 0.9998 0.0000 0.0002
382      382   (0)     10  : 0.0000 1.0000 0.0000 0.0000
383      383   (0)     10  : 0.0000 0.9812 0.0129 0.0059
384      384   (0)     10  : 0.0000 0.9957 0.0043 0.0000
385      385   (0)     10  : 0.0000 1.0000 0.0000 0.0000
386      386   (0)     10  : 0.0000 0.9976 0.0000 0.0024
387      387   (0)     10  : 0.0000 0.9864 0.0136 0.0000
388      388   (0)     10  : 0.0000 0.9997 0.0000 0.0003
389      389   (0)     10  : 0.0000 1.0000 0.0000 0.0000
390      390   (0)      8  : 0.0000 0.9965 0.0000 0.0035
391      391   (0)      8  : 0.0000 0.9910 0.0090 0.0000
392      392   (0)      8  : 0.0000 0.9965 0.0000 0.0035
393      393   (0)     11  : 0.0000 0.9992 0.0000 0.0008
394      394   (0)     11  : 0.0000 1.0000 0.0000 0.0000
395      395   (0)     11  : 0.0264 0.9704 0.0003 0.0030
396      396   (0)     11  : 0.0469 0.9493 0.0000 0.0038
397      397   (0)     11  : 0.0000 0.9893 0.0107 0.0000
398      398   (0)     11  : 0.0000 1.0000 0.0000 0.0000
399      399   (0)     11  : 0.0024 0.9976 0.0000 0.0000
400      400   (0)     11  : 0.0000 0.9921 0.0079 0.0000
401      401   (0)     11  : 0.0179 0.9821 0.0000 0.0000
402      402   (0)     11  : 0.0000 1.0000 0.0000 0.0000
403      403   (0)     11  : 0.0000 1.0000 0.0000 0.0000
404      404   (0)     11  : 0.0000 0.9978 0.0000 0.0022
405      405   (0)     11  : 0.0129 0.9719 0.0058 0.0093
406      406   (0)     11  : 0.0049 0.9951 0.0000 0.0000
407      407   (0)     11  : 0.0000 1.0000 0.0000 0.0000
408      408   (0)     11  : 0.0000 1.0000 0.0000 0.0000
409      409   (0)     11  : 0.0048 0.9771 0.0109 0.0072
410      410   (0)     11  : 0.0000 1.0000 0.0000 0.0000
411      411   (0)     11  : 0.0000 1.0000 0.0000 0.0000
412      412   (0)     11  : 0.0000 1.0000 0.0000 0.0000
413      413   (0)     11  : 0.0000 0.9915 0.0051 0.0034
414      414   (0)     11  : 0.0000 1.0000 0.0000 0.0000
415      415   (0)     11  : 0.0000 1.0000 0.0000 0.0000
416      416   (0)     11  : 0.0000 0.9967 0.0000 0.0033
417      417   (0)     11  : 0.0000 1.0000 0.0000 0.0000
418      418   (0)     11  : 0.0184 0.9786 0.0000 0.0030
419      419   (0)     11  : 0.0000 0.9985 0.0000 0.0015
420      420   (0)     11  : 0.0000 1.0000 0.0000 0.0000
421      421   (0)     11  : 0.0000 0.9902 0.0077 0.0021
422      422   (0)     11  : 0.0000 0.9995 0.0000 0.0005
423      423   (0)     12  : 1.0000 0.0000 0.0000 0.0000
424      424   (0)     12  : 0.0383 0.7646 0.1115 0.0856
425      425   (0)     12  : 1.0000 0.0000 0.0000 0.0000
426      426   (0)     12  : 0.0619 0.6978 0.1433 0.0970
427      427   (0)     12  : 0.9984 0.0000 0.0000 0.0016
428      428   (0)     12  : 0.9279 0.0164 0.0005 0.0552
429      429   (0)     12  : 0.0108 0.5227 0.3353 0.1312
430      430   (0)     12  : 0.9859 0.0000 0.0000 0.0141
431      431   (0)     12  : 0.9708 0.0000 0.0083 0.0209
432      432   (0)     12  : 0.0063 0.7457 0.1390 0.1089
433      433   (0)     12  : 0.9984 0.0000 0.0000 0.0016
434      434   (0)     12  : 1.0000 0.0000 0.0000 0.0000
435      435   (0)     12  : 0.9470 0.0000 0.0161 0.0369
436      436   (0)     12  : 0.9814 0.0000 0.0073 0.0113
437      437   (0)     12  : 0.9769 0.0060 0.0136 0.0034
438      438   (0)     12  : 1.0000 0.0000 0.0000 0.0000
439      439   (0)     12  : 0.0000 0.7687 0.1022 0.1291
440      440   (0)     12  : 0.0110 0.7402 0.1336 0.1151
441      441   (0)     12  : 1.0000 0.0000 0.0000 0.0000
442      442   (0)     12  : 0.0000 0.6293 0.2427 0.1280
443      443   (0)     12  : 0.9975 0.0000 0.0000 0.0025
444      444   (0)     12  : 0.9996 0.0000 0.0000 0.0004
445      445   (0)     12  : 0.9900 0.0000 0.0000 0.0100
446      446   (0)     12  : 1.0000 0.0000 0.0000 0.0000
447      447   (0)     12  : 0.9978 0.0000 0.0000 0.0022
448      448   (0)     12  : 1.0000 0.0000 0.0000 0.0000
449      449   (0)     12  : 1.0000 0.0000 0.0000 0.0000
450      450   (0)     12  : 1.0000 0.0000 0.0000 0.0000
451      451   (0)     12  : 0.9698 0.0003 0.0000 0.0299
452      452   (0)     12  : 0.9939 0.0000 0.0000 0.0061
453      453   (0)     13  : 1.0000 0.0000 0.0000 0.0000
454      454   (0)     13  : 0.9912 0.0000 0.0088 0.0000
455      455   (0)     13  : 1.0000 0.0000 0.0000 0.0000
456      456   (0)     13  : 0.0000 0.7708 0.1055 0.1237
457      457   (0)     13  : 0.9643 0.0000 0.0000 0.0357
458      458   (0)     13  : 1.0000 0.0000 0.0000 0.0000
459      459   (0)     13  : 1.0000 0.0000 0.0000 0.0000
460      460   (0)     13  : 1.0000 0.0000 0.0000 0.0000
461      461   (0)     13  : 1.0000 0.0000 0.0000 0.0000
462      462   (0)     13  : 0.9742 0.0000 0.0000 0.0258
463      463   (0)     13  : 0.9887 0.0000 0.0040 0.0073
464      464   (0)     13  : 0.1045 0.0000 0.0204 0.8751
465      465   (0)     13  : 0.9830 0.0117 0.0053 0.0000
466      466   (0)     13  : 0.9980 0.0000 0.0020 0.0000
467      467   (0)     13  : 0.9805 0.0000 0.0018 0.0177
468      468   (0)     13  : 0.1518 0.0072 0.0034 0.8376
469      469   (0)     13  : 0.0928 0.0000 0.0037 0.9035
470      470   (0)     13  : 0.9988 0.0000 0.0000 0.0012
471      471   (0)     13  : 0.9676 0.0323 0.0000 0.0000
472      472   (0)     13  : 0.9990 0.0000 0.0004 0.0006
473      473   (0)     13  : 0.0826 0.7483 0.0734 0.0958
474      474   (0)     13  : 1.0000 0.0000 0.0000 0.0000
475      475   (0)     13  : 1.0000 0.0000 0.0000 0.0000
476      476   (0)     13  : 0.0001 0.7373 0.1230 0.1396
477      477   (0)     13  : 0.9600 0.0067 0.0000 0.0332
478      478   (0)     13  : 0.9808 0.0000 0.0184 0.0008
479      479   (0)     13  : 1.0000 0.0000 0.0000 0.0000
480      480   (0)     13  : 0.0000 0.7332 0.1288 0.1380
481      481   (0)     13  : 0.1870 0.0000 0.0295 0.7835
482      482   (0)     13  : 0.9812 0.0000 0.0000 0.0188
483      483   (0)     14  : 1.0000 0.0000 0.0000 0.0000
484      484   (0)     14  : 1.0000 0.0000 0.0000 0.0000
485      485   (0)     15  : 0.9993 0.0000 0.0000 0.0007
486      486   (0)     15  : 1.0000 0.0000 0.0000 0.0000
487      487   (0)     15  : 0.9933 0.0000 0.0062 0.0005
488      488   (0)     15  : 0.9953 0.0000 0.0043 0.0004
489      489   (0)     15  : 0.0190 0.7743 0.1035 0.1032
490      490   (0)     15  : 0.0405 0.7186 0.1457 0.0953
491      491   (0)     15  : 1.0000 0.0000 0.0000 0.0000
492      492   (0)     15  : 0.0355 0.7156 0.1173 0.1317
493      493   (0)     15  : 0.9793 0.0000 0.0167 0.0040
494      494   (0)     15  : 0.9998 0.0000 0.0000 0.0002
495      495   (0)     15  : 0.9980 0.0000 0.0020 0.0000
496      496   (0)     15  : 0.9974 0.0000 0.0026 0.0000
497      497   (0)     15  : 0.9937 0.0000 0.0000 0.0063
498      498   (0)     15  : 0.9646 0.0000 0.0000 0.0354
499      499   (0)     15  : 0.9897 0.0000 0.0000 0.0103
500      500   (0)     15  : 0.9994 0.0000 0.0000 0.0006
501      501   (0)     15  : 0.9794 0.0000 0.0179 0.0027
502      502   (0)     15  : 0.9961 0.0000 0.0000 0.0039
503      503   (0)     15  : 1.0000 0.0000 0.0000 0.0000
504      504   (0)     15  : 1.0000 0.0000 0.0000 0.0000
505      505   (0)     15  : 0.9828 0.0000 0.0010 0.0162
506      506   (0)     15  : 0.9994 0.0000 0.0000 0.0006
507      507   (0)     15  : 0.9945 0.0000 0.0000 0.0055
508      508   (0)     15  : 0.9849 0.0000 0.0000 0.0151
509      509   (0)     15  : 0.0272 0.7318 0.1297 0.1112
510      510   (0)     15  : 0.0088 0.7296 0.1423 0.1193
511      511   (0)     15  : 0.9576 0.0268 0.0111 0.0046
512      512   (0)     15  : 1.0000 0.0000 0.0000 0.0000
513      513   (0)     15  : 0.9920 0.0000 0.0000 0.0080
514      514   (0)     15  : 0.9796 0.0000 0.0000 0.0204
515      515   (0)     16  : 0.1337 0.0000 0.0086 0.8577
516      516   (0)     16  : 0.9901 0.0000 0.0080 0.0019
517      517   (0)     16  : 0.0095 0.7445 0.1459 0.1001
518      518   (0)     16  : 0.9713 0.0001 0.0163 0.0123
519      519   (0)     16  : 0.9927 0.0000 0.0000 0.0073
520      520   (0)     16  : 0.9775 0.0000 0.0000 0.0225
521      521   (0)     16  : 0.9915 0.0000 0.0000 0.0085
522      522   (0)     16  : 0.0056 0.5433 0.3096 0.1415
523      523   (0)     16  : 0.9970 0.0000 0.0000 0.0030
524      524   (0)     16  : 0.0000 0.7482 0.1234 0.1284
525      525   (0)     16  : 0.9994 0.0000 0.0000 0.0006
526      526   (0)     16  : 0.9944 0.0000 0.0024 0.0033
527      527   (0)     16  : 0.0167 0.7439 0.1251 0.1143
528      528   (0)     16  : 0.9583 0.0000 0.0000 0.0417
529      529   (0)     16  : 0.9868 0.0000 0.0000 0.0132
530      530   (0)     16  : 0.9503 0.0000 0.0000 0.0497
531      531   (0)     16  : 1.0000 0.0000 0.0000 0.0000
532      532   (0)     16  : 0.0416 0.5331 0.3068 0.1184
533      533   (0)     16  : 0.0000 0.5533 0.3064 0.1404
534      534   (0)     16  : 1.0000 0.0000 0.0000 0.0000
535      535   (0)     16  : 0.9999 0.0000 0.0000 0.0001
536      536   (0)     16  : 0.9924 0.0000 0.0000 0.0076
537      537   (0)     16  : 0.9991 0.0000 0.0000 0.0009
538      538   (0)     16  : 1.0000 0.0000 0.0000 0.0000
539      539   (0)     16  : 0.9978 0.0000 0.0000 0.0022
540      540   (0)     16  : 0.9979 0.0000 0.0000 0.0021
541      541   (0)     16  : 0.0000 0.0000 1.0000 0.0000
542      542   (0)     16  : 0.9874 0.0000 0.0000 0.0126
543      543   (0)     16  : 1.0000 0.0000 0.0000 0.0000
544      544   (0)     16  : 1.0000 0.0000 0.0000 0.0000
