1        1   (0)      1  : 0.4367 0.0120 0.0702 0.0000 0.0000 0.0000 0.4106 0.0170 0.0060 0.0474
2        2   (0)      1  : 0.7251 0.0000 0.0725 0.1596 0.0000 0.0000 0.0429 0.0000 0.0000 0.0000
3        3   (0)      1  : 0.0000 0.0006 0.0000 0.0844 0.1558 0.0000 0.0000 0.0000 0.0879 0.6713
4        4   (0)      1  : 0.6504 0.0000 0.1106 0.0000 0.0000 0.0000 0.2390 0.0000 0.0000 0.0000
5        5   (0)      1  : 0.5883 0.0000 0.2004 0.1535 0.0403 0.0000 0.0000 0.0174 0.0000 0.0000
6        6   (0)      1  : 0.2914 0.0148 0.0000 0.0149 0.0000 0.0000 0.3336 0.0220 0.0000 0.3233
7        7   (0)      1  : 0.0000 0.0000 0.0831 0.0608 0.7741 0.0000 0.0000 0.0000 0.0820 0.0000
8        8   (0)      2  : 0.7980 0.0000 0.1544 0.0000 0.0000 0.0000 0.0000 0.0230 0.0245 0.0000
9        9   (0)      1  : 0.8375 0.0184 0.1132 0.0000 0.0137 0.0000 0.0000 0.0173 0.0000 0.0000
10       10   (0)      3  : 0.0000 0.0000 0.0000 0.5464 0.0000 0.0000 0.4536 0.0000 0.0000 0.0000
11       11   (0)      4  : 0.0000 0.0210 0.1762 0.7439 0.0000 0.0235 0.0000 0.0000 0.0216 0.0138
12       12   (0)      4  : 0.4947 0.0000 0.0259 0.3477 0.0059 0.0000 0.1242 0.0000 0.0016 0.0000
13       13   (0)      4  : 0.0000 0.0000 0.0420 0.4504 0.0174 0.0000 0.4461 0.0000 0.0000 0.0441
14       14   (0)      4  : 0.0000 0.0000 0.1785 0.7115 0.0000 0.0000 0.0000 0.0000 0.0000 0.1100
15       15   (0)      4  : 0.3573 0.0000 0.0536 0.5809 0.0000 0.0000 0.0000 0.0000 0.0081 0.0000
16       16   (0)      4  : 0.0000 0.0000 0.0000 0.0000 0.0585 0.0000 0.2346 0.0000 0.0000 0.7069
17       17   (0)      5  : 0.4807 0.0000 0.0312 0.2331 0.0000 0.0000 0.2550 0.0000 0.0000 0.0000
18       18   (0)      4  : 0.0000 0.0000 0.0000 0.4913 0.0000 0.0000 0.4855 0.0000 0.0000 0.0233
19       19   (0)      5  : 0.4263 0.0000 0.0491 0.4711 0.0000 0.0000 0.0535 0.0000 0.0000 0.0000
20       20   (0)      5  : 0.3215 0.0000 0.0000 0.6785 0.0000 0.0000 0.0000 0.0000 0.0000 0.0000
21       21   (0)      5  : 0.0000 0.0000 0.0000 0.6737 0.0000 0.0000 0.3263 0.0000 0.0000 0.0000
22       22   (0)      5  : 0.3025 0.0000 0.0000 0.6975 0.0000 0.0000 0.0000 0.0000 0.0000 0.0000
23       23   (0)      5  : 0.0000 0.0000 0.0000 0.3901 0.0000 0.0000 0.6099 0.0000 0.0000 0.0000
24       24   (0)      5  : 0.0000 0.0000 0.0000 0.6646 0.0000 0.0000 0.3354 0.0000 0.0000 0.0000
25       25   (0)      5  : 0.2745 0.0000 0.0000 0.5108 0.0300 0.0000 0.1847 0.0000 0.0000 0.0000
26       26   (0)      5  : 0.0000 0.0000 0.0000 0.5923 0.0039 0.0001 0.3892 0.0000 0.0000 0.0146
27       27   (0)      5  : 0.1860 0.0000 0.0761 0.7238 0.0000 0.0000 0.0000 0.0000 0.0000 0.0140
28       28   (0)      5  : 0.0000 0.0000 0.0000 0.5108 0.0000 0.0000 0.4892 0.0000 0.0000 0.0000
29       29   (0)      5  : 0.0000 0.0000 0.0000 1.0000 0.0000 0.0000 0.0000 0.0000 0.0000 0.0000
30       30   (0)      5  : 0.6495 0.0000 0.0000 0.3505 0.0000 0.0000 0.0000 0.0000 0.0000 0.0000
31       31   (0)      5  : 0.2776 0.0000 0.0210 0.4333 0.0000 0.0000 0.2670 0.0000 0.0000 0.0011
32       32   (0)      5  : 0.0000 0.0000 0.0000 0.7190 0.0220 0.0000 0.2590 0.0000 0.0000 0.0000
33       33   (0)      5  : 0.1214 0.0000 0.0000 0.2069 0.0000 0.0000 0.6717 0.0000 0.0000 0.0000
34       34   (0)      5  : 0.1140 0.0000 0.0000 0.3687 0.0000 0.0000 0.5173 0.0000 0.0000 0.0000
35       35   (0)      5  : 0.5737 0.0000 0.0000 0.3071 0.0000 0.0000 0.1192 0.0000 0.0000 0.0000
36       36   (0)      5  : 0.1567 0.0000 0.0136 0.8298 0.0000 0.0000 0.0000 0.0000 0.0000 0.0000
37       37   (0)      5  : 0.2785 0.0000 0.0000 0.6258 0.0000 0.0000 0.0957 0.0000 0.0000 0.0000
38       38   (0)      5  : 0.0000 0.0000 0.0000 0.7030 0.0000 0.0000 0.2970 0.0000 0.0000 0.0000
39       39   (0)      5  : 0.0673 0.0000 0.0236 0.7721 0.0000 0.0000 0.1370 0.0000 0.0000 0.0000
40       40   (0)      5  : 0.3019 0.0000 0.0000 0.6096 0.0113 0.0000 0.0772 0.0000 0.0000 0.0000
41       41   (0)      5  : 0.0000 0.0000 0.0000 0.5396 0.0000 0.0000 0.4604 0.0000 0.0000 0.0000
42       42   (0)      5  : 0.5861 0.0000 0.0000 0.4139 0.0000 0.0000 0.0000 0.0000 0.0000 0.0000
43       43   (0)      5  : 0.0000 0.0000 0.0000 0.0000 0.0000 0.0000 0.0000 0.0000 0.0000 1.0000
44       44   (0)      5  : 0.0000 0.0000 0.0000 0.5225 0.0033 0.0000 0.4742 0.0000 0.0000 0.0000
45       45   (0)      4  : 0.0000 0.0000 0.0712 0.9178 0.0000 0.0000 0.0000 0.0000 0.0000 0.0110
46       46   (0)      4  : 0.4248 0.0000 0.0000 0.3456 0.0549 0.0000 0.1550 0.0197 0.0000 0.0000
47       47   (0)      4  : 0.0000 0.0000 0.0000 0.3071 0.0000 0.0000 0.6929 0.0000 0.0000 0.0000
48       48   (0)      4  : 0.5814 0.0000 0.0044 0.4143 0.0000 0.0000 0.0000 0.0000 0.0000 0.0000
49       49   (0)      5  : 0.2552 0.0000 0.0369 0.4146 0.0221 0.0000 0.2649 0.0000 0.0040 0.0024
50       50   (0)      4  : 0.0000 0.0000 0.0000 0.3376 0.0000 0.0000 0.6624 0.0000 0.0000 0.0000
51       51   (0)      4  : 0.0064 0.0000 0.0000 0.0000 0.0000 0.0000 0.1960 0.0000 0.0000 0.7977
52       52   (0)      4  : 0.4495 0.0216 0.0070 0.4348 0.0351 0.0000 0.0271 0.0248 0.0000 0.0000
53       53   (0)      4  : 0.0000 0.0000 0.0000 0.0031 0.0904 0.0000 0.1036 0.0000 0.0000 0.8030
54       54   (0)      4  : 0.3249 0.0000 0.0354 0.6398 0.0000 0.0000 0.0000 0.0000 0.0000 0.0000
55       55   (0)      4  : 0.0000 0.0000 0.0000 0.0000 0.0000 0.0000 0.0000 0.0000 0.0000 1.0000
56       56   (0)      4  : 0.0221 0.0000 0.0000 0.0947 0.0000 0.0000 0.0000 0.0000 0.0000 0.8832
57       57   (0)      4  : 0.1633 0.0000 0.0279 0.8089 0.0000 0.0000 0.0000 0.0000 0.0000 0.0000
58       58   (0)      5  : 0.3724 0.0000 0.0000 0.4530 0.0621 0.0000 0.1103 0.0023 0.0000 0.0000
59       59   (0)      4  : 0.0966 0.0000 0.0000 0.0000 0.0908 0.0000 0.2807 0.0380 0.0000 0.4939
60       60   (0)      4  : 0.0000 0.0000 0.0000 0.1042 0.0000 0.0000 0.0702 0.0000 0.0081 0.8175
61       61   (0)      4  : 0.4553 0.0000 0.0000 0.3511 0.0000 0.0000 0.1756 0.0180 0.0000 0.0000
62       62   (0)      5  : 0.1574 0.0000 0.0041 0.4288 0.0000 0.0000 0.3716 0.0266 0.0000 0.0115
63       63   (0)      6  : 0.0000 0.0000 0.0000 0.1963 0.0000 0.0300 0.1220 0.0097 0.0000 0.6419
64       64   (0)      6  : 0.0000 0.0078 0.0000 0.0000 0.1440 0.0000 0.0781 0.0129 0.0000 0.7572
65       65   (0)      6  : 0.6274 0.0000 0.3160 0.0565 0.0000 0.0000 0.0000 0.0000 0.0000 0.0000
66       66   (0)      6  : 0.3763 0.0000 0.0000 0.3235 0.0000 0.0000 0.2938 0.0065 0.0000 0.0000
67       67   (0)      6  : 0.0732 0.0000 0.1823 0.6384 0.0000 0.0000 0.0000 0.0000 0.0000 0.1060
68       68   (0)      6  : 0.3010 0.0000 0.2450 0.0000 0.0000 0.0000 0.4541 0.0000 0.0000 0.0000
69       69   (0)      6  : 0.5038 0.0000 0.0736 0.0378 0.0000 0.0000 0.3682 0.0000 0.0165 0.0000
70       70   (0)      6  : 0.3152 0.0013 0.0194 0.1122 0.0000 0.0000 0.3946 0.0474 0.0000 0.1099
71       71   (0)      6  : 0.0000 0.0000 0.0283 0.1133 0.0000 0.0000 0.8585 0.0000 0.0000 0.0000
72       72   (0)      6  : 0.4482 0.0000 0.0174 0.1828 0.0000 0.0000 0.3516 0.0000 0.0000 0.0000
73       73   (0)      7  : 0.4873 0.0000 0.0000 0.4918 0.0000 0.0208 0.0000 0.0000 0.0000 0.0000
74       74   (0)      7  : 0.6180 0.0000 0.0851 0.2556 0.0000 0.0000 0.0000 0.0000 0.0000 0.0412
75       75   (0)      7  : 0.3469 0.0020 0.0881 0.3806 0.0116 0.0000 0.1705 0.0000 0.0000 0.0003
76       76   (0)      7  : 0.5727 0.0000 0.0019 0.3761 0.0173 0.0000 0.0000 0.0320 0.0000 0.0000
77       77   (0)      7  : 0.2005 0.0000 0.0000 0.7995 0.0000 0.0000 0.0000 0.0000 0.0000 0.0000
78       78   (0)      7  : 0.3066 0.0029 0.0684 0.4928 0.0236 0.0000 0.0861 0.0000 0.0195 0.0000
79       79   (0)      7  : 0.4376 0.0000 0.0037 0.4974 0.0000 0.0067 0.0000 0.0196 0.0000 0.0350
80       80   (0)      7  : 0.7951 0.0000 0.0527 0.1509 0.0000 0.0000 0.0000 0.0012 0.0000 0.0000
81       81   (0)      7  : 0.4479 0.0000 0.0087 0.4983 0.0000 0.0000 0.0451 0.0000 0.0000 0.0000
82       82   (0)      7  : 0.1901 0.0000 0.0000 0.8099 0.0000 0.0000 0.0000 0.0000 0.0000 0.0000
83       83   (0)      7  : 0.6220 0.0123 0.0000 0.2098 0.0768 0.0000 0.0352 0.0000 0.0000 0.0439
84       84   (0)      7  : 0.1429 0.0000 0.0000 0.0000 0.0655 0.0000 0.0000 0.0000 0.0000 0.7916
85       85   (0)      7  : 0.4878 0.0000 0.0468 0.4653 0.0000 0.0000 0.0000 0.0000 0.0000 0.0000
86       86   (0)      7  : 0.2672 0.0000 0.0303 0.7025 0.0000 0.0000 0.0000 0.0000 0.0000 0.0000
87       87   (0)      7  : 0.0909 0.0000 0.0000 0.0000 0.0000 0.0000 0.0736 0.0000 0.0000 0.8355
88       88   (0)      7  : 0.1514 0.0000 0.0000 0.2662 0.0000 0.0000 0.5824 0.0000 0.0000 0.0000
89       89   (0)      7  : 0.0000 0.0000 0.0000 0.0000 0.0000 0.0000 0.0304 0.0000 0.0000 0.9696
90       90   (0)      7  : 0.3279 0.0000 0.0000 0.6608 0.0000 0.0000 0.0000 0.0000 0.0000 0.0113
91       91   (0)      7  : 0.4247 0.0000 0.0104 0.2261 0.0000 0.0184 0.2889 0.0000 0.0000 0.0316
92       92   (0)      7  : 0.4357 0.0000 0.0491 0.4937 0.0000 0.0000 0.0102 0.0000 0.0000 0.0113
93       93   (0)      7  : 0.2379 0.0000 0.0556 0.6461 0.0604 0.0000 0.0000 0.0000 0.0000 0.0000
94       94   (0)      7  : 0.4207 0.0000 0.0043 0.3494 0.0000 0.0000 0.2013 0.0000 0.0000 0.0243
95       95   (0)      7  : 0.2413 0.0000 0.0000 0.7219 0.0000 0.0000 0.0000 0.0368 0.0000 0.0000
96       96   (0)      7  : 0.0349 0.0000 0.0000 0.6288 0.0663 0.0000 0.2344 0.0355 0.0000 0.0001
97       97   (0)      7  : 0.0632 0.0000 0.0000 0.9268 0.0000 0.0016 0.0000 0.0000 0.0084 0.0000
98       98   (0)      7  : 0.0000 0.0000 0.0000 0.9500 0.0075 0.0000 0.0000 0.0425 0.0000 0.0000
99       99   (0)      7  : 0.0000 0.0000 0.0000 0.9417 0.0000 0.0000 0.0028 0.0000 0.0000 0.0556
100      100   (0)      7  : 0.1389 0.0000 0.0000 0.0406 0.0000 0.0000 0.0000 0.0000 0.0000 0.8206
101      101   (0)      6  : 0.7876 0.0000 0.1196 0.0928 0.0000 0.0000 0.0000 0.0000 0.0000 0.0000
102      102   (0)      6  : 0.3835 0.0000 0.2150 0.1905 0.0000 0.0000 0.1688 0.0419 0.0000 0.0002
103      103   (0)      6  : 0.2351 0.0000 0.0680 0.0314 0.0000 0.0000 0.6388 0.0267 0.0000 0.0000
104      104   (0)      6  : 0.8748 0.0000 0.1023 0.0229 0.0000 0.0000 0.0000 0.0000 0.0000 0.0000
105      105   (0)      6  : 0.1876 0.0000 0.0677 0.0406 0.0000 0.0000 0.6973 0.0000 0.0069 0.0000
106      106   (0)      6  : 0.4688 0.0000 0.1641 0.2224 0.0000 0.0000 0.1332 0.0000 0.0000 0.0115
107      107   (0)      6  : 0.5137 0.0000 0.1530 0.0348 0.0000 0.0000 0.2295 0.0000 0.0000 0.0691
108      108   (0)      6  : 0.5043 0.0000 0.0606 0.0327 0.0247 0.0000 0.3503 0.0273 0.0000 0.0000
109      109   (0)      6  : 0.0000 0.0000 0.0000 0.0000 0.0000 0.0000 0.0000 0.0000 0.0000 1.0000
110      110   (0)      7  : 0.3533 0.0000 0.0000 0.2728 0.0000 0.0000 0.3170 0.0000 0.0000 0.0568
111      111   (0)      7  : 0.0709 0.0000 0.0426 0.5739 0.0000 0.0000 0.0000 0.0000 0.0628 0.2498
112      112   (0)      6  : 0.5506 0.0000 0.1852 0.1232 0.0000 0.0000 0.0000 0.0000 0.0292 0.1119
113      113   (0)      6  : 0.5402 0.0000 0.3649 0.0000 0.0000 0.0000 0.0000 0.0546 0.0042 0.0360
114      114   (0)      6  : 0.0000 0.0000 0.0411 0.0000 0.0000 0.0000 0.0000 0.0000 0.0286 0.9303
115      115   (0)      6  : 0.5090 0.0000 0.1982 0.2629 0.0000 0.0000 0.0000 0.0023 0.0275 0.0000
116      116   (0)      6  : 0.0000 0.0207 0.0298 0.1524 0.1271 0.0000 0.0000 0.0000 0.1137 0.5563
117      117   (0)      6  : 0.4366 0.0000 0.0996 0.2389 0.0000 0.0000 0.1065 0.0000 0.0590 0.0594
118      118   (0)      6  : 0.3291 0.0009 0.2569 0.0394 0.0032 0.0000 0.3705 0.0000 0.0000 0.0000
119      119   (0)      6  : 0.6419 0.0000 0.1958 0.0085 0.0000 0.0000 0.1449 0.0090 0.0000 0.0000
120      120   (0)      6  : 0.6708 0.0178 0.1678 0.1436 0.0000 0.0000 0.0000 0.0000 0.0000 0.0000
121      121   (0)      6  : 0.6270 0.0000 0.2411 0.0381 0.0000 0.0000 0.0000 0.0376 0.0006 0.0556
122      122   (0)      6  : 0.0000 0.0022 0.0826 0.0000 0.0713 0.0000 0.0000 0.0000 0.0450 0.7989
123      123   (0)      8  : 0.0545 0.0000 0.0177 0.3581 0.0997 0.0000 0.4700 0.0000 0.0000 0.0000
124      124   (0)      8  : 0.2933 0.0000 0.0000 0.2411 0.0000 0.0000 0.4064 0.0000 0.0000 0.0591
125      125   (0)      8  : 0.0000 0.0000 0.0000 0.2017 0.0826 0.0000 0.7157 0.0000 0.0000 0.0000
126      126   (0)      8  : 0.5330 0.0000 0.0000 0.4087 0.0000 0.0000 0.0255 0.0001 0.0000 0.0326
127      127   (0)      8  : 0.4502 0.0000 0.0000 0.5208 0.0000 0.0290 0.0000 0.0000 0.0000 0.0000
128      128   (0)      8  : 0.0000 0.0000 0.0000 0.5110 0.0000 0.0000 0.4890 0.0000 0.0000 0.0000
129      129   (0)      8  : 0.1656 0.0000 0.0000 0.3104 0.0330 0.0000 0.4910 0.0000 0.0000 0.0000
130      130   (0)      8  : 0.0000 0.0000 0.0000 0.2357 0.0555 0.0000 0.6875 0.0212 0.0000 0.0000
131      131   (0)      8  : 0.3161 0.0000 0.0571 0.4911 0.0000 0.0000 0.1205 0.0153 0.0000 0.0000
132      132   (0)      8  : 0.2299 0.0000 0.0000 0.3619 0.0000 0.0000 0.4082 0.0000 0.0000 0.0000
133      133   (0)      8  : 0.3505 0.0000 0.0000 0.2077 0.0349 0.0000 0.4069 0.0000 0.0000 0.0000
134      134   (0)      8  : 0.1435 0.0000 0.0000 0.5373 0.0000 0.0000 0.2483 0.0136 0.0000 0.0573
135      135   (0)      8  : 0.1452 0.0000 0.0159 0.7818 0.0000 0.0321 0.0000 0.0000 0.0250 0.0000
136      136   (0)      8  : 0.0000 0.0000 0.0000 0.0568 0.0000 0.0000 0.9432 0.0000 0.0000 0.0000
137      137   (0)      8  : 0.4747 0.0000 0.0369 0.4181 0.0703 0.0000 0.0000 0.0000 0.0000 0.0000
138      138   (0)      8  : 0.6237 0.0000 0.0000 0.3367 0.0000 0.0000 0.0397 0.0000 0.0000 0.0000
139      139   (0)      8  : 0.6423 0.0000 0.0000 0.2766 0.0000 0.0000 0.0573 0.0000 0.0000 0.0238
140      140   (0)      8  : 0.7289 0.0000 0.0000 0.2711 0.0000 0.0000 0.0000 0.0000 0.0000 0.0000
141      141   (0)      8  : 0.3689 0.0000 0.0000 0.2673 0.0000 0.0000 0.3638 0.0000 0.0000 0.0000
142      142   (0)      8  : 0.0000 0.0000 0.0000 0.5529 0.0000 0.0000 0.4471 0.0000 0.0000 0.0000
143      143   (0)      8  : 0.6592 0.0000 0.0000 0.2311 0.0000 0.0000 0.1097 0.0000 0.0000 0.0000
144      144   (0)      8  : 0.2156 0.0000 0.0860 0.5352 0.0000 0.0000 0.0000 0.0359 0.0000 0.1273
145      145   (0)      8  : 0.4876 0.0000 0.0185 0.3474 0.0000 0.0157 0.1253 0.0055 0.0000 0.0000
146      146   (0)      3  : 0.0000 0.0000 0.0000 0.4239 0.0000 0.0000 0.5761 0.0000 0.0000 0.0000
147      147   (0)      3  : 0.0154 0.0000 0.0000 0.0221 0.1122 0.0000 0.2653 0.0000 0.0000 0.5849
148      148   (0)      3  : 0.0570 0.0000 0.0000 0.0000 0.0000 0.0000 0.9430 0.0000 0.0000 0.0000
149      149   (0)      3  : 0.5048 0.0000 0.0000 0.3876 0.0000 0.0000 0.0821 0.0000 0.0000 0.0255
150      150   (0)      3  : 0.1841 0.0000 0.0073 0.2700 0.0064 0.0000 0.5322 0.0000 0.0000 0.0000
151      151   (0)      3  : 0.0000 0.0000 0.0252 0.2987 0.0000 0.0000 0.5819 0.0000 0.0000 0.0943
152      152   (0)      3  : 0.5521 0.0000 0.0000 0.4479 0.0000 0.0000 0.0000 0.0000 0.0000 0.0000
153      153   (0)      3  : 0.3326 0.0000 0.0000 0.4731 0.0000 0.0000 0.1943 0.0000 0.0000 0.0000
154      154   (0)      3  : 0.0968 0.0000 0.0000 0.5445 0.0000 0.0000 0.3587 0.0000 0.0000 0.0000
155      155   (0)      3  : 0.3033 0.0000 0.0000 0.5782 0.0000 0.0000 0.1185 0.0000 0.0000 0.0000
156      156   (0)      3  : 0.2308 0.0000 0.0000 0.6943 0.0183 0.0100 0.0000 0.0000 0.0000 0.0467
157      157   (0)      3  : 0.4215 0.0000 0.0000 0.4419 0.1190 0.0000 0.0176 0.0000 0.0000 0.0000
158      158   (0)      3  : 0.5710 0.0000 0.0000 0.3900 0.0059 0.0000 0.0332 0.0000 0.0000 0.0000
159      159   (0)      3  : 0.5582 0.0000 0.0000 0.4088 0.0058 0.0000 0.0255 0.0016 0.0000 0.0000
160      160   (0)      3  : 0.1981 0.0000 0.0000 0.0000 0.1532 0.0000 0.0000 0.0000 0.0000 0.6487
161      161   (0)      3  : 0.3524 0.0000 0.0824 0.2666 0.0000 0.0000 0.2985 0.0000 0.0000 0.0000
162      162   (0)      3  : 0.0681 0.0000 0.0000 0.2597 0.0000 0.0000 0.6722 0.0000 0.0000 0.0000
163      163   (0)      3  : 0.6300 0.0000 0.0000 0.3517 0.0000 0.0000 0.0183 0.0000 0.0000 0.0000
164      164   (0)      3  : 0.2576 0.0000 0.0000 0.4399 0.0000 0.0000 0.3025 0.0000 0.0000 0.0000
165      165   (0)      3  : 0.4965 0.0000 0.0000 0.4848 0.0049 0.0000 0.0139 0.0000 0.0000 0.0000
166      166   (0)      3  : 0.0000 0.0000 0.0000 0.2888 0.0131 0.0000 0.6981 0.0000 0.0000 0.0000
167      167   (0)      3  : 0.3472 0.0000 0.0000 0.5527 0.0009 0.0000 0.0970 0.0000 0.0000 0.0021
168      168   (0)      3  : 0.5253 0.0000 0.0000 0.1760 0.0000 0.0000 0.2897 0.0090 0.0000 0.0000
169      169   (0)      3  : 0.4574 0.0000 0.0000 0.5140 0.0182 0.0000 0.0104 0.0000 0.0000 0.0000
170      170   (0)      3  : 0.5054 0.0000 0.0000 0.4946 0.0000 0.0000 0.0000 0.0000 0.0000 0.0000
171      171   (0)      3  : 0.7289 0.0000 0.0000 0.2336 0.0000 0.0000 0.0000 0.0000 0.0000 0.0375
172      172   (0)      3  : 0.4769 0.0000 0.0000 0.4785 0.0000 0.0000 0.0446 0.0000 0.0000 0.0000
173      173   (0)      3  : 0.5757 0.0000 0.0000 0.4234 0.0000 0.0000 0.0009 0.0000 0.0000 0.0000
174      174   (0)      3  : 0.2030 0.0000 0.0000 0.3911 0.0000 0.0000 0.4039 0.0000 0.0000 0.0021
175      175   (0)      8  : 0.0011 0.0000 0.0000 0.4665 0.0000 0.0000 0.5324 0.0000 0.0000 0.0000
176      176   (0)      8  : 0.0795 0.0335 0.0915 0.6997 0.0261 0.0000 0.0000 0.0698 0.0000 0.0000
177      177   (0)      8  : 0.4184 0.0000 0.0000 0.2434 0.0000 0.0000 0.3382 0.0000 0.0000 0.0000
178      178   (0)      8  : 0.6224 0.0000 0.0623 0.3153 0.0000 0.0000 0.0000 0.0000 0.0000 0.0000
179      179   (0)      8  : 0.3069 0.0000 0.0000 0.2641 0.0000 0.0000 0.4290 0.0000 0.0000 0.0000
180      180   (0)      8  : 0.2181 0.0000 0.0000 0.3600 0.0444 0.0000 0.3775 0.0000 0.0000 0.0000
181      181   (0)      8  : 0.2693 0.0000 0.0000 0.4081 0.0000 0.0181 0.3044 0.0000 0.0000 0.0000
182      182   (0)      1  : 0.9720 0.0000 0.0033 0.0247 0.0000 0.0000 0.0000 0.0000 0.0000 0.0000
183      183   (0)      1  : 0.5521 0.0000 0.0823 0.0000 0.0000 0.0000 0.3656 0.0000 0.0000 0.0000
184      184   (0)      1  : 0.8925 0.0000 0.1075 0.0000 0.0000 0.0000 0.0000 0.0000 0.0000 0.0000
185      185   (0)      1  : 0.5373 0.0000 0.0309 0.0000 0.0000 0.0000 0.3577 0.0000 0.0136 0.0605
186      186   (0)      1  : 0.9396 0.0000 0.0418 0.0000 0.0000 0.0000 0.0185 0.0000 0.0000 0.0000
187      187   (0)      1  : 0.4208 0.0205 0.0556 0.2189 0.0649 0.0000 0.1984 0.0209 0.0000 0.0000
188      188   (0)      1  : 0.9898 0.0000 0.0000 0.0000 0.0000 0.0000 0.0102 0.0000 0.0000 0.0000
189      189   (0)      1  : 0.8853 0.0000 0.0000 0.0000 0.0000 0.0000 0.1147 0.0000 0.0000 0.0000
190      190   (0)      2  : 0.1137 0.0000 0.0380 0.0000 0.0000 0.0000 0.8484 0.0000 0.0000 0.0000
191      191   (0)      2  : 0.6843 0.0000 0.0000 0.3157 0.0000 0.0000 0.0000 0.0000 0.0000 0.0000
192      192   (0)      2  : 0.7037 0.0000 0.0000 0.1776 0.0000 0.0000 0.1023 0.0000 0.0000 0.0163
193      193   (0)      2  : 0.0000 0.0000 0.0000 0.3349 0.0000 0.0388 0.6262 0.0000 0.0000 0.0000
194      194   (0)      2  : 0.7875 0.0000 0.0000 0.0698 0.0000 0.0000 0.1427 0.0000 0.0000 0.0000
195      195   (0)      2  : 0.0000 0.0000 0.0000 0.1476 0.0000 0.0000 0.8524 0.0000 0.0000 0.0000
196      196   (0)      2  : 0.6251 0.0000 0.1292 0.0048 0.0000 0.0000 0.2410 0.0000 0.0000 0.0000
197      197   (0)      2  : 0.2861 0.0000 0.0562 0.2677 0.0000 0.0000 0.3899 0.0000 0.0000 0.0000
198      198   (0)      1  : 0.3322 0.0000 0.0381 0.0520 0.0000 0.0000 0.5777 0.0000 0.0000 0.0000
199      199   (0)      1  : 0.8802 0.0000 0.0957 0.0241 0.0000 0.0000 0.0000 0.0000 0.0000 0.0000
200      200   (0)      1  : 0.2698 0.0000 0.1141 0.1332 0.0000 0.0000 0.4829 0.0000 0.0000 0.0000
201      201   (0)      1  : 0.5464 0.0000 0.2133 0.0000 0.0424 0.0000 0.1637 0.0341 0.0000 0.0000
202      202   (0)      1  : 0.2924 0.0000 0.1459 0.0000 0.0000 0.0000 0.4987 0.0000 0.0000 0.0630
203      203   (0)      1  : 0.7586 0.0349 0.1826 0.0000 0.0000 0.0000 0.0000 0.0000 0.0000 0.0239
204      204   (0)      2  : 0.0000 0.0000 0.0027 0.1503 0.0000 0.0000 0.3014 0.0000 0.0000 0.5455
205      205   (0)      2  : 0.3562 0.0000 0.1113 0.0007 0.0000 0.0000 0.5283 0.0000 0.0000 0.0035
206      206   (0)      2  : 0.0000 0.0000 0.0000 0.0946 0.0516 0.0000 0.0387 0.0000 0.0000 0.8152
207      207   (0)      2  : 0.8254 0.0000 0.0289 0.1353 0.0000 0.0000 0.0105 0.0000 0.0000 0.0000
208      208   (0)      2  : 0.0000 0.0000 0.0000 0.0000 0.0000 0.0000 1.0000 0.0000 0.0000 0.0000
209      209   (0)      2  : 0.8602 0.0000 0.0000 0.0691 0.0000 0.0000 0.0185 0.0000 0.0000 0.0522
210      210   (0)      2  : 0.0000 0.0000 0.0276 0.1318 0.0000 0.0000 0.8406 0.0000 0.0000 0.0000
211      211   (0)      1  : 0.0127 0.0000 0.0925 0.0000 0.0000 0.0000 0.8947 0.0000 0.0000 0.0000
212      212   (0)      1  : 0.5966 0.0000 0.1631 0.2159 0.0245 0.0000 0.0000 0.0000 0.0000 0.0000
213      213   (0)      1  : 0.5768 0.0000 0.0350 0.1191 0.0000 0.0181 0.2376 0.0000 0.0134 0.0000
214      214   (0)      1  : 0.8511 0.0000 0.1215 0.0002 0.0086 0.0000 0.0000 0.0000 0.0186 0.0000
215      215   (0)      1  : 0.1487 0.0000 0.0303 0.0000 0.0000 0.0000 0.8210 0.0000 0.0000 0.0000
216      216   (0)      1  : 0.8376 0.0000 0.1594 0.0000 0.0030 0.0000 0.0000 0.0000 0.0000 0.0000
217      217   (0)      1  : 0.7989 0.0000 0.1742 0.0000 0.0000 0.0000 0.0269 0.0000 0.0000 0.0000
218      218   (0)      1  : 0.3734 0.0125 0.1341 0.0470 0.0077 0.0000 0.4191 0.0062 0.0000 0.0000
219      219   (0)      2  : 0.5696 0.0000 0.0000 0.0000 0.0000 0.0000 0.4304 0.0000 0.0000 0.0000
220      220   (0)      2  : 0.0000 0.0000 0.0479 0.2501 0.0000 0.0000 0.7021 0.0000 0.0000 0.0000
221      221   (0)      2  : 0.8885 0.0000 0.0335 0.0554 0.0000 0.0000 0.0000 0.0226 0.0000 0.0000
222      222   (0)      2  : 0.6561 0.0000 0.0000 0.2089 0.0000 0.0000 0.1239 0.0000 0.0111 0.0000
223      223   (0)      2  : 0.8292 0.0000 0.0919 0.0230 0.0000 0.0000 0.0000 0.0201 0.0000 0.0359
224      224   (0)      2  : 0.0776 0.0000 0.0000 0.0000 0.0000 0.0000 0.8905 0.0000 0.0000 0.0319
225      225   (0)      2  : 0.2005 0.0000 0.0570 0.0822 0.0000 0.0000 0.6603 0.0000 0.0000 0.0000
226      226   (0)      2  : 0.8898 0.0191 0.0424 0.0487 0.0000 0.0000 0.0000 0.0000 0.0000 0.0000
227      227   (0)      2  : 0.8455 0.0000 0.0000 0.0000 0.0000 0.0000 0.1545 0.0000 0.0000 0.0000
228      228   (0)      2  : 0.8436 0.0003 0.0000 0.0000 0.0000 0.0000 0.1561 0.0000 0.0000 0.0000
229      229   (0)      2  : 0.9420 0.0000 0.0000 0.0000 0.0000 0.0000 0.0580 0.0000 0.0000 0.0000
230      230   (0)      2  : 0.0000 0.0000 0.0000 0.0000 0.0000 0.0000 0.2499 0.0000 0.0000 0.7501
231      231   (0)      2  : 0.5037 0.0001 0.0000 0.3301 0.0020 0.0040 0.1601 0.0000 0.0000 0.0000
232      232   (0)      2  : 0.5358 0.0000 0.0000 0.0648 0.0000 0.0000 0.3922 0.0000 0.0000 0.0072
233      233   (0)      9  : 0.0267 0.0000 0.9733 0.0000 0.0000 0.0000 0.0000 0.0000 0.0000 0.0000
234      234   (0)      9  : 0.0000 0.0000 0.0000 0.0000 0.0637 0.8344 0.0000 0.0586 0.0433 0.0000
235      235   (0)      9  : 0.0000 0.0000 1.0000 0.0000 0.0000 0.0000 0.0000 0.0000 0.0000 0.0000
236      236   (0)      9  : 0.0000 0.0000 0.0000 0.0588 0.0800 0.6970 0.0000 0.0699 0.0944 0.0000
237      237   (0)      9  : 0.0001 0.0000 0.9999 0.0000 0.0000 0.0000 0.0000 0.0000 0.0000 0.0000
238      238   (0)      9  : 0.0000 0.0000 1.0000 0.0000 0.0000 0.0000 0.0000 0.0000 0.0000 0.0000
239      239   (0)      9  : 0.0000 0.0969 0.0000 0.0000 0.0077 0.8476 0.0060 0.0000 0.0418 0.0000
240      240   (0)      9  : 0.0000 0.0000 0.0000 0.0000 0.0069 0.9050 0.0000 0.0000 0.0882 0.0000
241      241   (0)     10  : 0.0000 0.0028 0.0000 0.0000 0.0000 0.9972 0.0000 0.0000 0.0000 0.0000
242      242   (0)     10  : 0.0000 0.0000 0.0000 0.0000 0.0000 0.9849 0.0000 0.0151 0.0000 0.0000
243      243   (0)     10  : 0.0000 0.0000 0.0000 0.0436 0.0000 0.9564 0.0000 0.0000 0.0000 0.0000
244      244   (0)     11  : 0.0000 0.0000 0.8903 0.0000 0.0165 0.0000 0.0000 0.0000 0.0932 0.0000
245      245   (0)     11  : 0.0000 0.0000 0.8965 0.0000 0.0000 0.0000 0.0000 0.0140 0.0896 0.0000
246      246   (0)     11  : 0.0248 0.0000 0.9752 0.0000 0.0000 0.0000 0.0000 0.0000 0.0000 0.0000
247      247   (0)     11  : 0.0000 0.0000 0.9925 0.0000 0.0000 0.0000 0.0000 0.0000 0.0075 0.0000
248      248   (0)     11  : 0.0000 0.0000 1.0000 0.0000 0.0000 0.0000 0.0000 0.0000 0.0000 0.0000
249      249   (0)     11  : 0.0000 0.0111 0.0175 0.0000 0.0000 0.5512 0.0000 0.0396 0.3807 0.0000
250      250   (0)     11  : 0.0000 0.1878 0.0006 0.0000 0.0353 0.4309 0.0000 0.0491 0.2963 0.0000
251      251   (0)     10  : 0.0533 0.0000 0.1122 0.0000 0.0000 0.8345 0.0000 0.0000 0.0000 0.0000
252      252   (0)     10  : 0.0000 0.0000 0.0000 0.0000 0.0294 0.9706 0.0000 0.0000 0.0000 0.0000
253      253   (0)     10  : 0.0000 0.0000 0.0000 0.0000 0.0000 1.0000 0.0000 0.0000 0.0000 0.0000
254      254   (0)     10  : 0.0000 0.0000 0.0000 0.0000 0.0000 0.9503 0.0000 0.0454 0.0000 0.0042
255      255   (0)     10  : 0.0000 0.0000 0.0000 0.0000 0.0000 0.7659 0.1368 0.0000 0.0973 0.0000
256      256   (0)     10  : 0.0000 0.0000 0.0501 0.0000 0.0613 0.7795 0.0000 0.0200 0.0892 0.0000
257      257   (0)     10  : 0.0000 0.0000 0.0000 0.0000 0.0060 0.8573 0.0000 0.0000 0.1082 0.0284
258      258   (0)     10  : 0.0000 0.0000 0.0000 0.0000 0.0000 0.9483 0.0000 0.0000 0.0517 0.0000
259      259   (0)     10  : 0.0000 0.0000 0.0267 0.0000 0.0608 0.9125 0.0000 0.0000 0.0000 0.0000
260      260   (0)     10  : 0.0000 0.0000 0.0000 0.0192 0.0000 0.8270 0.0000 0.1205 0.0334 0.0000
261      261   (0)     10  : 0.0001 0.0000 0.3441 0.0000 0.0000 0.6006 0.0000 0.0348 0.0203 0.0000
262      262   (0)     10  : 0.0000 0.0731 0.0320 0.0909 0.0336 0.6848 0.0000 0.0481 0.0376 0.0000
263      263   (0)     10  : 0.0000 0.0000 0.0000 0.0000 0.0342 0.9570 0.0000 0.0088 0.0000 0.0000
264      264   (0)     10  : 0.0000 0.0008 0.0000 0.0000 0.0000 0.9992 0.0000 0.0000 0.0000 0.0000
265      265   (0)     10  : 0.0000 0.0000 0.0000 0.0000 0.0000 0.8797 0.0000 0.0000 0.1203 0.0000
266      266   (0)     10  : 0.0000 0.0000 0.0000 0.0000 0.0094 0.9236 0.0000 0.0670 0.0000 0.0000
267      267   (0)     10  : 0.0000 0.0000 0.8680 0.0000 0.0000 0.0561 0.0696 0.0063 0.0000 0.0000
268      268   (0)     10  : 0.0000 0.0031 0.0000 0.0474 0.0000 0.8726 0.0000 0.0768 0.0000 0.0000
269      269   (0)     10  : 0.0000 0.0104 0.0000 0.0268 0.0000 0.9628 0.0000 0.0000 0.0000 0.0000
270      270   (0)     10  : 0.0015 0.0000 0.0000 0.0000 0.0000 0.9748 0.0000 0.0237 0.0000 0.0000
271      271   (0)     10  : 0.0000 0.0000 0.0000 0.0000 0.0000 1.0000 0.0000 0.0000 0.0000 0.0000
272      272   (0)     10  : 0.0000 0.0000 0.0000 0.0000 0.0000 1.0000 0.0000 0.0000 0.0000 0.0000
273      273   (0)     12  : 0.0000 0.8815 0.0000 0.0000 0.0000 0.0000 0.0000 0.0000 0.1185 0.0000
274      274   (0)     12  : 0.0000 1.0000 0.0000 0.0000 0.0000 0.0000 0.0000 0.0000 0.0000 0.0000
275      275   (0)     12  : 0.0000 1.0000 0.0000 0.0000 0.0000 0.0000 0.0000 0.0000 0.0000 0.0000
276      276   (0)     12  : 0.0000 0.8525 0.0000 0.0000 0.0000 0.0000 0.0000 0.1084 0.0391 0.0000
277      277   (0)     12  : 0.0000 0.9758 0.0225 0.0000 0.0000 0.0017 0.0000 0.0000 0.0000 0.0000
278      278   (0)     12  : 0.0000 0.3652 0.5998 0.0000 0.0000 0.0000 0.0000 0.0350 0.0000 0.0000
279      279   (0)     12  : 0.0000 0.2033 0.7721 0.0000 0.0000 0.0000 0.0000 0.0246 0.0000 0.0000
280      280   (0)     12  : 0.0000 1.0000 0.0000 0.0000 0.0000 0.0000 0.0000 0.0000 0.0000 0.0000
281      281   (0)     12  : 0.0000 0.8580 0.0000 0.0000 0.0000 0.0000 0.0000 0.0000 0.1420 0.0000
282      282   (0)     12  : 0.0000 0.8059 0.0489 0.0000 0.0000 0.0841 0.0000 0.0610 0.0000 0.0000
283      283   (0)     12  : 0.0000 1.0000 0.0000 0.0000 0.0000 0.0000 0.0000 0.0000 0.0000 0.0000
284      284   (0)     12  : 0.0000 0.1695 0.7862 0.0000 0.0000 0.0000 0.0000 0.0442 0.0000 0.0000
285      285   (0)     12  : 0.0000 0.1945 0.8055 0.0000 0.0000 0.0000 0.0000 0.0000 0.0000 0.0000
286      286   (0)     12  : 0.0000 0.3446 0.6554 0.0000 0.0000 0.0000 0.0000 0.0000 0.0000 0.0000
287      287   (0)     12  : 0.0000 1.0000 0.0000 0.0000 0.0000 0.0000 0.0000 0.0000 0.0000 0.0000
288      288   (0)     12  : 0.0000 1.0000 0.0000 0.0000 0.0000 0.0000 0.0000 0.0000 0.0000 0.0000
289      289   (0)     12  : 0.0000 1.0000 0.0000 0.0000 0.0000 0.0000 0.0000 0.0000 0.0000 0.0000
290      290   (0)     12  : 0.0000 1.0000 0.0000 0.0000 0.0000 0.0000 0.0000 0.0000 0.0000 0.0000
291      291   (0)     12  : 0.0000 1.0000 0.0000 0.0000 0.0000 0.0000 0.0000 0.0000 0.0000 0.0000
292      292   (0)     12  : 0.0000 1.0000 0.0000 0.0000 0.0000 0.0000 0.0000 0.0000 0.0000 0.0000
293      293   (0)     12  : 0.0000 1.0000 0.0000 0.0000 0.0000 0.0000 0.0000 0.0000 0.0000 0.0000
294      294   (0)     12  : 0.0000 0.9785 0.0000 0.0000 0.0000 0.0000 0.0000 0.0215 0.0000 0.0000
295      295   (0)     12  : 0.0000 0.1154 0.8846 0.0000 0.0000 0.0000 0.0000 0.0000 0.0000 0.0000
296      296   (0)     12  : 0.0000 0.9800 0.0000 0.0000 0.0000 0.0000 0.0000 0.0000 0.0200 0.0000
297      297   (0)     12  : 0.0000 0.8721 0.0000 0.0000 0.0000 0.0000 0.0000 0.0504 0.0775 0.0000
298      298   (0)     12  : 0.0000 0.1755 0.7089 0.0000 0.0000 0.0000 0.0000 0.1156 0.0000 0.0000
299      299   (0)     12  : 0.0000 1.0000 0.0000 0.0000 0.0000 0.0000 0.0000 0.0000 0.0000 0.0000
300      300   (0)     12  : 0.0000 0.1462 0.7930 0.0000 0.0000 0.0000 0.0000 0.0609 0.0000 0.0000
301      301   (0)     13  : 0.0000 0.0000 0.0559 0.0000 0.0000 0.0000 0.0000 0.0000 0.9441 0.0000
302      302   (0)     13  : 0.0000 0.0000 0.0000 0.0000 0.0000 0.0000 0.0000 0.0000 1.0000 0.0000
303      303   (0)     13  : 0.0000 0.0000 0.0000 0.0000 0.0000 0.0000 0.0000 0.0000 1.0000 0.0000
304      304   (0)     13  : 0.0000 0.0873 0.0267 0.0000 0.0000 0.1710 0.0000 0.1862 0.5289 0.0000
305      305   (0)     13  : 0.0000 0.0000 0.0000 0.0000 0.0000 0.0000 0.0000 0.0000 1.0000 0.0000
306      306   (0)     13  : 0.0000 0.0000 0.0000 0.0000 0.0000 0.0000 0.0000 0.0000 1.0000 0.0000
307      307   (0)     13  : 0.0000 0.0000 0.0000 0.0000 0.0372 0.0660 0.0000 0.0000 0.8968 0.0000
308      308   (0)     13  : 0.0000 0.0000 0.7223 0.0000 0.0000 0.0000 0.0000 0.0000 0.2777 0.0000
309      309   (0)     13  : 0.0000 0.0120 0.3626 0.0000 0.0000 0.0000 0.0000 0.0000 0.6254 0.0000
310      310   (0)     13  : 0.0000 0.1554 0.0000 0.0000 0.0000 0.0000 0.0000 0.0000 0.8446 0.0000
311      311   (0)     13  : 0.0000 0.0000 0.0000 0.0000 0.0000 0.0000 0.0000 0.0000 1.0000 0.0000
312      312   (0)     13  : 0.0000 0.0000 0.0000 0.0000 0.0321 0.0000 0.0000 0.0000 0.9679 0.0000
313      313   (0)     13  : 0.0000 0.0000 0.0000 0.0000 0.0000 0.0000 0.0000 0.0000 1.0000 0.0000
314      314   (0)     13  : 0.0000 0.0000 0.0000 0.0000 0.0000 0.0000 0.0000 0.0000 1.0000 0.0000
315      315   (0)     13  : 0.0000 0.0000 0.0000 0.0000 0.0000 0.0000 0.0000 0.0000 1.0000 0.0000
316      316   (0)     13  : 0.0000 0.0000 0.0000 0.0000 0.0000 0.1080 0.0000 0.0000 0.8920 0.0000
317      317   (0)     13  : 0.0000 0.0000 0.0000 0.0000 0.0000 0.0000 0.0000 0.0000 1.0000 0.0000
318      318   (0)     13  : 0.0000 0.0000 0.0000 0.0000 0.0000 0.0000 0.0000 0.0000 1.0000 0.0000
319      319   (0)     13  : 0.0000 0.0000 0.0000 0.0000 0.0000 0.0000 0.0000 0.0000 1.0000 0.0000
320      320   (0)     13  : 0.0000 0.0451 0.6907 0.0000 0.0000 0.0000 0.0000 0.0000 0.2642 0.0000
321      321   (0)     13  : 0.0000 0.0000 0.0000 0.0000 0.0000 0.0000 0.0000 0.0000 1.0000 0.0000
322      322   (0)     13  : 0.0000 0.0000 0.0000 0.0000 0.0000 0.0000 0.0000 0.0000 1.0000 0.0000
323      323   (0)     13  : 0.0000 0.0000 0.0000 0.0000 0.0000 0.0000 0.0000 0.0771 0.9229 0.0000
324      324   (0)     13  : 0.0000 0.0000 0.0000 0.0000 0.0000 0.0000 0.0000 0.2084 0.7916 0.0000
325      325   (0)     14  : 0.0000 0.0000 0.0000 0.0000 0.0000 0.3156 0.0000 0.0000 0.6844 0.0000
326      326   (0)     14  : 0.0000 0.0000 0.0000 0.0000 0.0000 0.9148 0.0000 0.0000 0.0852 0.0000
327      327   (0)     14  : 0.0000 0.0000 1.0000 0.0000 0.0000 0.0000 0.0000 0.0000 0.0000 0.0000
328      328   (0)     14  : 0.0000 0.2180 0.0000 0.0000 0.0000 0.5338 0.0000 0.0000 0.2482 0.0000
329      329   (0)     14  : 0.0000 0.0000 0.9817 0.0000 0.0000 0.0000 0.0000 0.0183 0.0000 0.0000
330      330   (0)     14  : 0.0331 0.0000 0.9154 0.0000 0.0000 0.0515 0.0000 0.0000 0.0000 0.0000
331      331   (0)     14  : 0.0000 0.0000 0.9654 0.0000 0.0000 0.0000 0.0000 0.0000 0.0346 0.0000
332      332   (0)     14  : 0.0000 0.1124 0.1101 0.0000 0.0000 0.4320 0.0000 0.0627 0.2828 0.0000
333      333   (0)     14  : 0.0000 0.0000 1.0000 0.0000 0.0000 0.0000 0.0000 0.0000 0.0000 0.0000
334      334   (0)     14  : 0.0000 0.0074 0.0000 0.0000 0.0000 0.7263 0.0000 0.0000 0.2663 0.0000
335      335   (0)     14  : 0.0000 0.0007 0.0869 0.0000 0.0000 0.5146 0.0000 0.0381 0.3597 0.0000
336      336   (0)     11  : 0.0000 0.0000 0.9585 0.0000 0.0000 0.0000 0.0000 0.0000 0.0415 0.0000
337      337   (0)     11  : 0.0000 0.0720 0.0000 0.0000 0.0411 0.4339 0.0000 0.0000 0.4530 0.0000
338      338   (0)     11  : 0.0000 0.0000 0.9456 0.0000 0.0000 0.0000 0.0000 0.0000 0.0544 0.0000
339      339   (0)     10  : 0.0000 0.0000 0.0000 0.0000 0.0000 1.0000 0.0000 0.0000 0.0000 0.0000
340      340   (0)     10  : 0.0000 0.0000 0.7407 0.1617 0.0858 0.0000 0.0118 0.0000 0.0000 0.0000
341      341   (0)     11  : 0.0177 0.0605 0.8771 0.0000 0.0031 0.0213 0.0000 0.0000 0.0203 0.0000
342      342   (0)     11  : 0.0000 0.0000 1.0000 0.0000 0.0000 0.0000 0.0000 0.0000 0.0000 0.0000
343      343   (0)     11  : 0.0000 0.0000 1.0000 0.0000 0.0000 0.0000 0.0000 0.0000 0.0000 0.0000
344      344   (0)     11  : 0.0234 0.0001 0.8677 0.0000 0.0000 0.1088 0.0000 0.0000 0.0000 0.0000
345      345   (0)     11  : 0.0000 0.0000 0.9252 0.0000 0.0000 0.0000 0.0000 0.0000 0.0748 0.0000
346      346   (0)     11  : 0.0000 0.0000 1.0000 0.0000 0.0000 0.0000 0.0000 0.0000 0.0000 0.0000
347      347   (0)     11  : 0.0000 0.0212 0.0000 0.0000 0.0000 0.4512 0.0000 0.0000 0.5276 0.0000
348      348   (0)     11  : 0.0000 0.0000 1.0000 0.0000 0.0000 0.0000 0.0000 0.0000 0.0000 0.0000
349      349   (0)     11  : 0.0000 0.0000 0.9637 0.0000 0.0000 0.0363 0.0000 0.0000 0.0000 0.0000
350      350   (0)     11  : 0.0000 0.0000 0.7916 0.0000 0.0000 0.0993 0.0000 0.1091 0.0000 0.0000
351      351   (0)     11  : 0.0000 0.0163 0.9837 0.0000 0.0000 0.0000 0.0000 0.0000 0.0000 0.0000
352      352   (0)     11  : 0.0000 0.1378 0.0177 0.0000 0.0000 0.6824 0.0000 0.0403 0.1218 0.0000
353      353   (0)     11  : 0.0000 0.0000 1.0000 0.0000 0.0000 0.0000 0.0000 0.0000 0.0000 0.0000
354      354   (0)     11  : 0.0000 0.0000 0.0000 0.0000 0.0000 0.6990 0.0000 0.0000 0.3010 0.0000
355      355   (0)     11  : 0.0000 0.0000 1.0000 0.0000 0.0000 0.0000 0.0000 0.0000 0.0000 0.0000
356      356   (0)     14  : 0.0000 0.0000 0.8678 0.0000 0.0001 0.0000 0.0100 0.1220 0.0000 0.0000
357      357   (0)     14  : 0.0000 0.0713 0.0000 0.0000 0.0000 0.5841 0.0000 0.0000 0.3446 0.0000
358      358   (0)     14  : 0.0000 0.0000 1.0000 0.0000 0.0000 0.0000 0.0000 0.0000 0.0000 0.0000
359      359   (0)     14  : 0.0000 0.0142 0.0000 0.0000 0.0000 0.6453 0.0000 0.0721 0.2684 0.0000
360      360   (0)     14  : 0.0000 0.0000 1.0000 0.0000 0.0000 0.0000 0.0000 0.0000 0.0000 0.0000
361      361   (0)     14  : 0.0000 0.0000 0.9316 0.0000 0.0000 0.0353 0.0000 0.0000 0.0331 0.0000
362      362   (0)     14  : 0.0000 0.0000 0.9788 0.0000 0.0000 0.0000 0.0000 0.0000 0.0212 0.0000
363      363   (0)     14  : 0.0182 0.0000 0.9818 0.0000 0.0000 0.0000 0.0000 0.0000 0.0000 0.0000
364      364   (0)     14  : 0.0000 0.0000 1.0000 0.0000 0.0000 0.0000 0.0000 0.0000 0.0000 0.0000
365      365   (0)     14  : 0.0000 0.0000 0.8295 0.0000 0.0000 0.0000 0.0000 0.0000 0.1705 0.0000
366      366   (0)     14  : 0.0000 0.0000 0.0253 0.0000 0.0000 0.6407 0.0000 0.1017 0.2324 0.0000
367      367   (0)      9  : 0.0000 0.0000 0.0000 0.0000 0.0000 0.8865 0.0000 0.0372 0.0763 0.0000
368      368   (0)      9  : 0.0000 0.0000 0.8530 0.0397 0.0000 0.1073 0.0000 0.0000 0.0000 0.0000
369      369   (0)      9  : 0.0000 0.0000 0.0000 0.0000 0.0000 0.8940 0.0000 0.0000 0.1060 0.0000
370      370   (0)      9  : 0.0000 0.0000 0.0421 0.0000 0.0000 0.9211 0.0000 0.0368 0.0000 0.0000
371      371   (0)      9  : 0.0000 0.0000 0.0000 0.0000 0.0000 0.9564 0.0000 0.0000 0.0436 0.0000
372      372   (0)      9  : 0.0000 0.0000 1.0000 0.0000 0.0000 0.0000 0.0000 0.0000 0.0000 0.0000
373      373   (0)     14  : 0.0000 0.0000 0.9993 0.0000 0.0007 0.0000 0.0000 0.0000 0.0000 0.0000
374      374   (0)     14  : 0.0000 0.0000 0.0033 0.0000 0.0000 0.7709 0.0000 0.0000 0.2258 0.0000
375      375   (0)     14  : 0.0000 0.0000 0.9394 0.0000 0.0000 0.0548 0.0000 0.0059 0.0000 0.0000
376      376   (0)     14  : 0.0000 0.0000 1.0000 0.0000 0.0000 0.0000 0.0000 0.0000 0.0000 0.0000
377      377   (0)     14  : 0.0000 0.0000 0.0000 0.0000 0.0089 0.5705 0.0000 0.0000 0.4207 0.0000
378      378   (0)      9  : 0.0000 0.0100 0.0000 0.0000 0.0000 0.9899 0.0000 0.0001 0.0000 0.0000
379      379   (0)      9  : 0.0547 0.0000 0.9453 0.0000 0.0000 0.0000 0.0000 0.0000 0.0000 0.0000
380      380   (0)      9  : 0.0886 0.0000 0.9111 0.0000 0.0000 0.0002 0.0000 0.0000 0.0000 0.0000
381      381   (0)      9  : 0.0000 0.0000 0.8776 0.0000 0.0000 0.0000 0.1224 0.0000 0.0000 0.0000
382      382   (0)      9  : 0.0000 0.0000 0.0000 0.0000 0.0000 0.9612 0.0000 0.0000 0.0388 0.0000
383      383   (0)      9  : 0.0000 0.0000 0.0000 0.0000 0.0000 1.0000 0.0000 0.0000 0.0000 0.0000
384      384   (0)      9  : 0.0000 0.0000 0.0000 0.0000 0.0000 1.0000 0.0000 0.0000 0.0000 0.0000
385      385   (0)      9  : 0.0000 0.0000 0.8392 0.0000 0.0000 0.0000 0.1608 0.0000 0.0000 0.0000
386      386   (0)      9  : 0.0000 0.0056 0.0000 0.0000 0.0000 0.9489 0.0000 0.0000 0.0455 0.0000
387      387   (0)      9  : 0.0000 0.0000 0.0000 0.0000 0.0352 0.9541 0.0000 0.0107 0.0000 0.0000
388      388   (0)      9  : 0.0000 0.0000 1.0000 0.0000 0.0000 0.0000 0.0000 0.0000 0.0000 0.0000
389      389   (0)      9  : 0.0000 0.0000 0.9930 0.0070 0.0000 0.0000 0.0000 0.0000 0.0000 0.0000
390      390   (0)      9  : 0.0000 0.0000 0.0000 0.0000 0.1985 0.8015 0.0000 0.0000 0.0000 0.0000
391      391   (0)      9  : 0.0000 0.0000 0.7981 0.0000 0.0000 0.0000 0.2019 0.0000 0.0000 0.0000
392      392   (0)     15  : 0.0000 0.0000 0.0000 0.0000 0.0000 0.2648 0.0000 0.5547 0.1805 0.0000
393      393   (0)     15  : 0.0000 0.0000 0.0000 0.0000 0.0000 0.0000 0.0000 0.7780 0.2220 0.0000
394      394   (0)     15  : 0.0000 0.0000 0.0000 0.0000 0.0000 0.0000 0.0000 1.0000 0.0000 0.0000
395      395   (0)     15  : 0.0000 0.0000 0.0000 0.0000 0.0000 0.0000 0.0959 0.8280 0.0761 0.0000
396      396   (0)     15  : 0.0000 0.0000 0.0000 0.0000 0.0000 0.0000 0.0000 0.8891 0.1109 0.0000
397      397   (0)     15  : 0.0000 0.0000 0.0000 0.0000 0.0000 0.0000 0.0000 0.9547 0.0453 0.0000
398      398   (0)     15  : 0.0000 0.0000 0.0000 0.0000 0.0000 0.0000 0.0000 0.9568 0.0432 0.0000
399      399   (0)     15  : 0.0000 0.0000 0.6774 0.0000 0.0000 0.0000 0.0000 0.3226 0.0000 0.0000
400      400   (0)     15  : 0.0000 0.0000 0.0000 0.0000 0.0000 0.0000 0.0000 1.0000 0.0000 0.0000
401      401   (0)     15  : 0.0000 0.0000 0.0000 0.0000 0.0000 0.0000 0.0000 0.9950 0.0050 0.0000
402      402   (0)     15  : 0.0000 0.0000 0.6246 0.0000 0.0000 0.0000 0.0000 0.3754 0.0000 0.0000
403      403   (0)     15  : 0.0000 0.0000 0.9698 0.0000 0.0000 0.0000 0.0000 0.0302 0.0000 0.0000
404      404   (0)     15  : 0.0000 0.0000 0.0000 0.0000 0.0000 0.0000 0.0000 1.0000 0.0000 0.0000
405      405   (0)     15  : 0.0000 0.0000 0.0000 0.0000 0.0000 0.0000 0.0000 0.9179 0.0821 0.0000
406      406   (0)     15  : 0.0000 0.0000 0.0000 0.0000 0.0000 0.0000 0.0000 0.7256 0.2744 0.0000
407      407   (0)     15  : 0.0000 0.0000 0.0237 0.0000 0.0000 0.0412 0.0000 0.9352 0.0000 0.0000
408      408   (0)     15  : 0.0000 0.0000 0.6990 0.0000 0.0000 0.0000 0.0000 0.3010 0.0000 0.0000
409      409   (0)     15  : 0.0000 0.0000 0.0000 0.0000 0.0000 0.0000 0.0000 1.0000 0.0000 0.0000
410      410   (0)     15  : 0.0000 0.0000 0.6017 0.0000 0.0000 0.0000 0.0000 0.3983 0.0000 0.0000
411      411   (0)     15  : 0.0000 0.0000 0.0000 0.0000 0.0000 0.0000 0.0000 0.8196 0.1804 0.0000
412      412   (0)     15  : 0.0000 0.0000 0.0000 0.0000 0.0000 0.0000 0.0000 1.0000 0.0000 0.0000
413      413   (0)     15  : 0.0000 0.0000 0.0000 0.0000 0.0000 0.0000 0.0000 0.8256 0.1744 0.0000
414      414   (0)     15  : 0.0000 0.1253 0.0000 0.0000 0.0400 0.0126 0.0000 0.7139 0.1081 0.0000
415      415   (0)     15  : 0.0000 0.0916 0.0348 0.0000 0.0000 0.0485 0.0000 0.8251 0.0000 0.0000
416      416   (0)     15  : 0.0000 0.0000 0.0000 0.0000 0.0000 0.0000 0.0000 1.0000 0.0000 0.0000
417      417   (0)     15  : 0.0000 0.0000 0.7346 0.0000 0.0000 0.0000 0.0000 0.2654 0.0000 0.0000
418      418   (0)     15  : 0.0000 0.0000 0.0000 0.0000 0.0000 0.0000 0.0000 0.8588 0.1412 0.0000
419      419   (0)     15  : 0.0000 0.0000 0.7320 0.0000 0.0000 0.0000 0.0000 0.2680 0.0000 0.0000
420      420   (0)     15  : 0.0000 0.0000 0.7378 0.0000 0.0000 0.0000 0.0000 0.2622 0.0000 0.0000
421      421   (0)     16  : 0.3778 0.0000 0.0000 0.0000 0.0000 0.0000 0.5841 0.0000 0.0000 0.0381
422      422   (0)     16  : 0.0637 0.0000 0.0012 0.1425 0.0000 0.0000 0.7926 0.0000 0.0000 0.0000
423      423   (0)     16  : 0.7823 0.0000 0.1057 0.1031 0.0000 0.0000 0.0000 0.0089 0.0000 0.0000
424      424   (0)     16  : 0.3029 0.0000 0.0952 0.0980 0.0000 0.0086 0.4953 0.0000 0.0000 0.0000
425      425   (0)     16  : 0.0000 0.0000 0.0646 0.1305 0.0000 0.0000 0.7785 0.0000 0.0000 0.0264
426      426   (0)     16  : 0.8688 0.0000 0.0255 0.1057 0.0000 0.0000 0.0000 0.0000 0.0000 0.0000
427      427   (0)     16  : 0.2721 0.0000 0.0000 0.0167 0.0000 0.0117 0.6906 0.0000 0.0089 0.0000
428      428   (0)     16  : 1.0000 0.0000 0.0000 0.0000 0.0000 0.0000 0.0000 0.0000 0.0000 0.0000
429      429   (0)     16  : 0.2222 0.0055 0.0193 0.1139 0.0000 0.0383 0.6008 0.0000 0.0000 0.0000
430      430   (0)     16  : 0.9588 0.0000 0.0000 0.0043 0.0369 0.0000 0.0000 0.0000 0.0000 0.0000
431      431   (0)     16  : 0.0000 0.0000 0.0000 0.4373 0.0000 0.0000 0.5627 0.0000 0.0000 0.0000
432      432   (0)     16  : 0.9191 0.0000 0.0416 0.0000 0.0000 0.0000 0.0392 0.0000 0.0000 0.0000
433      433   (0)     16  : 0.1173 0.0000 0.0000 0.0000 0.0000 0.0000 0.8827 0.0000 0.0000 0.0000
434      434   (0)     16  : 0.6593 0.0000 0.0006 0.0128 0.0000 0.0000 0.3219 0.0053 0.0000 0.0000
435      435   (0)     16  : 0.4600 0.0000 0.0022 0.0000 0.0000 0.0000 0.5378 0.0000 0.0000 0.0000
436      436   (0)     16  : 0.0000 0.0000 0.0000 0.0000 0.0669 0.0000 0.9331 0.0000 0.0000 0.0000
437      437   (0)     16  : 0.9108 0.0000 0.0000 0.0885 0.0007 0.0000 0.0000 0.0000 0.0000 0.0000
438      438   (0)     16  : 0.9688 0.0000 0.0000 0.0312 0.0000 0.0000 0.0000 0.0000 0.0000 0.0000
439      439   (0)     16  : 0.9223 0.0000 0.0266 0.0444 0.0000 0.0067 0.0000 0.0000 0.0000 0.0000
440      440   (0)     16  : 0.8569 0.0000 0.1366 0.0000 0.0000 0.0000 0.0001 0.0064 0.0000 0.0000
441      441   (0)     16  : 0.5354 0.0263 0.0089 0.0000 0.0000 0.0000 0.4224 0.0000 0.0070 0.0000
442      442   (0)     16  : 0.9379 0.0000 0.0000 0.0372 0.0000 0.0000 0.0250 0.0000 0.0000 0.0000
443      443   (0)     16  : 0.8300 0.0000 0.1358 0.0000 0.0000 0.0000 0.0342 0.0000 0.0000 0.0000
444      444   (0)     16  : 0.9637 0.0000 0.0363 0.0000 0.0000 0.0000 0.0000 0.0000 0.0000 0.0000
445      445   (0)     16  : 0.0000 0.0000 0.0000 0.0000 0.0000 0.0000 0.0000 0.0000 0.0000 1.0000
446      446   (0)     16  : 0.4550 0.0000 0.0000 0.0000 0.0000 0.0000 0.5450 0.0000 0.0000 0.0000
447      447   (0)     16  : 0.6125 0.0000 0.0535 0.0000 0.0000 0.0000 0.3140 0.0000 0.0000 0.0200
448      448   (0)     16  : 0.9069 0.0000 0.0000 0.0000 0.0000 0.0000 0.0931 0.0000 0.0000 0.0000
449      449   (0)     16  : 0.6006 0.0000 0.0191 0.0000 0.0106 0.0000 0.3697 0.0000 0.0000 0.0000
450      450   (0)     16  : 0.9314 0.0000 0.0000 0.0359 0.0000 0.0000 0.0327 0.0000 0.0000 0.0000
451      451   (0)     17  : 0.6097 0.0282 0.0368 0.1820 0.0252 0.0189 0.0992 0.0000 0.0000 0.0000
452      452   (0)     17  : 0.8840 0.0000 0.0446 0.0000 0.0000 0.0000 0.0714 0.0000 0.0000 0.0000
453      453   (0)     17  : 1.0000 0.0000 0.0000 0.0000 0.0000 0.0000 0.0000 0.0000 0.0000 0.0000
454      454   (0)     17  : 0.0000 0.0000 0.0000 0.0000 0.0000 0.0000 0.0000 0.0000 0.0696 0.9304
455      455   (0)     17  : 0.0499 0.0000 0.0000 0.0000 0.0000 0.0000 0.9488 0.0000 0.0000 0.0013
456      456   (0)     17  : 0.0000 0.0000 0.0000 0.0000 0.0000 0.0000 0.0000 0.0000 0.0000 1.0000
457      457   (0)     17  : 0.0675 0.0000 0.0000 0.0000 0.0000 0.0000 0.9325 0.0000 0.0000 0.0000
458      458   (0)     17  : 0.8755 0.0000 0.0057 0.0086 0.0000 0.0000 0.1103 0.0000 0.0000 0.0000
459      459   (0)     17  : 0.9821 0.0000 0.0000 0.0000 0.0000 0.0000 0.0179 0.0000 0.0000 0.0000
460      460   (0)     17  : 0.0000 0.0000 0.1806 0.0000 0.0000 0.0000 0.8194 0.0000 0.0000 0.0000
461      461   (0)     17  : 0.5523 0.0000 0.0567 0.0000 0.0000 0.0000 0.3910 0.0000 0.0000 0.0000
462      462   (0)     17  : 0.3415 0.0861 0.0000 0.4364 0.1304 0.0000 0.0000 0.0000 0.0056 0.0000
463      463   (0)     17  : 0.0000 0.0214 0.0000 0.0000 0.1118 0.0568 0.1920 0.0101 0.0084 0.5996
464      464   (0)     17  : 0.7470 0.0004 0.0743 0.0354 0.0120 0.0000 0.1228 0.0000 0.0000 0.0081
465      465   (0)     17  : 0.6214 0.0000 0.0000 0.1304 0.2482 0.0000 0.0000 0.0000 0.0000 0.0000
466      466   (0)     17  : 0.8003 0.0000 0.1221 0.0256 0.0519 0.0000 0.0000 0.0000 0.0000 0.0000
467      467   (0)     17  : 0.5640 0.0000 0.0440 0.1562 0.0257 0.0000 0.1926 0.0174 0.0000 0.0000
468      468   (0)     17  : 0.6961 0.0000 0.2510 0.0000 0.0000 0.0000 0.0240 0.0000 0.0000 0.0289
469      469   (0)     17  : 0.3625 0.0000 0.0700 0.0987 0.0340 0.0000 0.4306 0.0000 0.0000 0.0042
470      470   (0)     17  : 0.8541 0.0000 0.0869 0.0000 0.0000 0.0590 0.0000 0.0000 0.0000 0.0000
471      471   (0)     17  : 0.4410 0.0000 0.0538 0.0000 0.0031 0.0000 0.4738 0.0284 0.0000 0.0000
472      472   (0)     17  : 0.6096 0.0000 0.1143 0.2652 0.0000 0.0000 0.0000 0.0109 0.0000 0.0000
473      473   (0)     17  : 0.6987 0.0000 0.1411 0.1237 0.0000 0.0000 0.0000 0.0364 0.0000 0.0000
474      474   (0)     17  : 0.0192 0.0000 0.0022 0.0587 0.0192 0.0000 0.8953 0.0054 0.0000 0.0000
475      475   (0)     17  : 0.7230 0.0000 0.0422 0.0426 0.0359 0.0000 0.1564 0.0000 0.0000 0.0000
476      476   (0)     17  : 0.2405 0.0125 0.0004 0.0000 0.0654 0.0002 0.6810 0.0000 0.0000 0.0000
477      477   (0)     17  : 0.9799 0.0000 0.0000 0.0000 0.0201 0.0000 0.0000 0.0000 0.0000 0.0000
478      478   (0)     17  : 0.0510 0.0000 0.0065 0.0000 0.0000 0.0000 0.9425 0.0000 0.0000 0.0000
479      479   (0)     17  : 0.9299 0.0000 0.0000 0.0000 0.0000 0.0000 0.0000 0.0000 0.0000 0.0701
480      480   (0)     17  : 0.5339 0.0000 0.1849 0.2154 0.0215 0.0000 0.0000 0.0000 0.0000 0.0443
481      481   (0)     18  : 0.0000 0.0000 0.0448 0.7346 0.2206 0.0000 0.0000 0.0000 0.0000 0.0000
482      482   (0)     18  : 0.0000 0.0000 0.0000 0.0000 1.0000 0.0000 0.0000 0.0000 0.0000 0.0000
483      483   (0)     18  : 0.0000 0.0000 0.0000 0.0000 1.0000 0.0000 0.0000 0.0000 0.0000 0.0000
484      484   (0)     18  : 0.0000 0.0000 0.0000 0.0000 1.0000 0.0000 0.0000 0.0000 0.0000 0.0000
485      485   (0)     18  : 0.0000 0.0000 0.0000 0.0000 0.7401 0.0000 0.0000 0.0000 0.0000 0.2599
486      486   (0)     18  : 0.0000 0.0000 0.0000 0.0000 1.0000 0.0000 0.0000 0.0000 0.0000 0.0000
487      487   (0)     18  : 0.0000 0.0000 0.0000 0.0000 1.0000 0.0000 0.0000 0.0000 0.0000 0.0000
488      488   (0)     18  : 0.6466 0.0000 0.0571 0.2056 0.0907 0.0000 0.0000 0.0000 0.0000 0.0000
489      489   (0)     18  : 0.0000 0.0000 0.0000 0.9252 0.0606 0.0000 0.0000 0.0000 0.0142 0.0000
490      490   (0)     18  : 0.0000 0.0000 0.0000 0.0000 1.0000 0.0000 0.0000 0.0000 0.0000 0.0000
491      491   (0)     18  : 0.0419 0.0000 0.0250 0.0000 0.8949 0.0000 0.0000 0.0000 0.0000 0.0382
492      492   (0)     18  : 0.3781 0.0000 0.0000 0.0191 0.0625 0.0000 0.0000 0.0000 0.0000 0.5403
493      493   (0)     18  : 0.0000 0.0000 0.0000 0.4479 0.0638 0.0000 0.4883 0.0000 0.0000 0.0000
494      494   (0)     18  : 0.0000 0.0000 0.0000 0.0736 0.9264 0.0000 0.0000 0.0000 0.0000 0.0000
495      495   (0)     18  : 0.0000 0.0000 0.0000 0.0000 1.0000 0.0000 0.0000 0.0000 0.0000 0.0000
496      496   (0)     18  : 0.0000 0.0000 0.0000 0.0000 0.5424 0.0000 0.0000 0.0000 0.0000 0.4576
497      497   (0)     18  : 0.0000 0.0000 0.0717 0.5293 0.0526 0.0000 0.3464 0.0000 0.0000 0.0000
498      498   (0)     18  : 0.0082 0.0000 0.0000 0.0000 0.7716 0.0000 0.0000 0.0000 0.0000 0.2201
499      499   (0)     18  : 0.0000 0.0000 0.0000 0.0391 0.4496 0.0000 0.1623 0.0000 0.0000 0.3490
500      500   (0)     18  : 0.0000 0.0000 0.1162 0.7098 0.1740 0.0000 0.0000 0.0000 0.0000 0.0000
501      501   (0)     18  : 0.3022 0.0000 0.0202 0.5908 0.0868 0.0000 0.0000 0.0000 0.0000 0.0000
502      502   (0)     18  : 0.1166 0.0000 0.0000 0.0000 0.3329 0.0050 0.0954 0.0000 0.0000 0.4501
503      503   (0)     18  : 0.0000 0.0000 0.0000 0.0000 1.0000 0.0000 0.0000 0.0000 0.0000 0.0000
504      504   (0)     18  : 0.0335 0.0000 0.0000 0.0000 0.4021 0.0000 0.0098 0.0000 0.0000 0.5545
505      505   (0)     18  : 0.0000 0.0000 0.0515 0.0000 0.3340 0.0000 0.0000 0.0000 0.0000 0.6145
506      506   (0)     18  : 0.0000 0.0000 0.0755 0.3508 0.0544 0.0000 0.5193 0.0000 0.0000 0.0000
507      507   (0)     18  : 0.1493 0.0000 0.0000 0.0623 0.5790 0.0000 0.0000 0.0000 0.0000 0.2094
508      508   (0)     18  : 0.0474 0.0000 0.0085 0.4741 0.0515 0.0000 0.4185 0.0000 0.0000 0.0000
509      509   (0)     18  : 0.0000 0.0000 0.0000 0.0000 0.2361 0.0000 0.0000 0.0000 0.0000 0.7639
510      510   (0)     19  : 0.6199 0.0000 0.0000 0.0911 0.0080 0.0000 0.2810 0.0000 0.0000 0.0000
511      511   (0)     19  : 0.0000 0.0000 0.0000 0.0271 0.0374 0.0000 0.9355 0.0000 0.0000 0.0000
512      512   (0)     19  : 0.4437 0.0000 0.0000 0.0000 0.0000 0.0000 0.5563 0.0000 0.0000 0.0000
513      513   (0)     19  : 0.0000 0.0000 0.0000 0.0000 0.0000 0.0000 1.0000 0.0000 0.0000 0.0000
514      514   (0)     19  : 0.8537 0.0000 0.1463 0.0000 0.0000 0.0000 0.0000 0.0000 0.0000 0.0000
515      515   (0)     19  : 0.3517 0.0000 0.0116 0.0348 0.0000 0.0000 0.6019 0.0000 0.0000 0.0000
516      516   (0)     19  : 0.0991 0.0000 0.0000 0.0000 0.0000 0.0000 0.9009 0.0000 0.0000 0.0000
517      517   (0)     19  : 0.9018 0.0000 0.0305 0.0621 0.0000 0.0000 0.0056 0.0000 0.0000 0.0000
518      518   (0)     19  : 0.4672 0.0000 0.0000 0.0000 0.0000 0.0000 0.5314 0.0014 0.0000 0.0000
519      519   (0)     19  : 0.0766 0.0000 0.2139 0.6442 0.0000 0.0000 0.0000 0.0000 0.0000 0.0653
520      520   (0)     19  : 0.8500 0.0000 0.0000 0.0262 0.0000 0.0000 0.1237 0.0000 0.0000 0.0000
521      521   (0)     19  : 0.0000 0.0000 0.0000 0.2286 0.0000 0.0000 0.7714 0.0000 0.0000 0.0000
522      522   (0)     19  : 0.0397 0.0000 0.0000 0.0000 0.0000 0.0000 0.9603 0.0000 0.0000 0.0000
523      523   (0)     19  : 0.0000 0.0000 0.0032 0.0327 0.0000 0.0000 0.9641 0.0000 0.0000 0.0000
524      524   (0)     19  : 0.6778 0.0000 0.0000 0.0000 0.0000 0.0000 0.3222 0.0000 0.0000 0.0000
525      525   (0)     19  : 0.5080 0.0000 0.0000 0.0000 0.0000 0.0120 0.4561 0.0127 0.0000 0.0111
526      526   (0)     19  : 0.8436 0.0000 0.0000 0.0000 0.0000 0.0000 0.1372 0.0192 0.0000 0.0000
527      527   (0)     19  : 0.3656 0.0000 0.0540 0.2236 0.0092 0.0000 0.3476 0.0000 0.0000 0.0000
528      528   (0)     19  : 0.7315 0.0000 0.0000 0.1480 0.0114 0.0000 0.1092 0.0000 0.0000 0.0000
529      529   (0)     19  : 1.0000 0.0000 0.0000 0.0000 0.0000 0.0000 0.0000 0.0000 0.0000 0.0000
530      530   (0)     19  : 0.3029 0.0000 0.0309 0.0000 0.0000 0.0000 0.6663 0.0000 0.0000 0.0000
531      531   (0)     19  : 0.4027 0.0000 0.0954 0.0000 0.0000 0.0000 0.5019 0.0000 0.0000 0.0000
532      532   (0)     19  : 0.2956 0.0142 0.0311 0.0000 0.0000 0.0217 0.6374 0.0000 0.0000 0.0000
533      533   (0)     19  : 0.2903 0.0149 0.0000 0.0000 0.0215 0.0193 0.0000 0.0000 0.0011 0.6530
534      534   (0)     19  : 0.7472 0.0000 0.0002 0.1628 0.0000 0.0053 0.0845 0.0000 0.0000 0.0000
535      535   (0)     19  : 0.2207 0.0000 0.0002 0.0355 0.0000 0.0000 0.7436 0.0000 0.0000 0.0000
536      536   (0)     19  : 0.1480 0.0280 0.0000 0.0000 0.0224 0.0000 0.8016 0.0000 0.0000 0.0000
537      537   (0)     19  : 0.3500 0.0000 0.0693 0.2084 0.0000 0.0000 0.3723 0.0000 0.0000 0.0000
538      538   (0)     19  : 0.0001 0.0000 0.0000 0.0000 0.3512 0.0000 0.0250 0.0000 0.0000 0.6237
539      539   (0)     19  : 0.0000 0.0000 0.0000 0.0000 0.0249 0.0000 0.9751 0.0000 0.0000 0.0000
