1        1   (0)      1  : 0.0000 0.0256 0.0000 0.0506 0.0000 0.0000 0.4388 0.0000 0.3753 0.0003 0.0000 0.0000 0.0000 0.0056 0.0000 0.0000 0.0796 0.0242 0.0000
2        2   (0)      1  : 0.0066 0.0000 0.0000 0.3134 0.0000 0.0000 0.0324 0.0000 0.2899 0.0000 0.0000 0.1187 0.0009 0.0000 0.0047 0.0000 0.0358 0.0374 0.1602
3        3   (0)      1  : 0.0000 0.0000 0.0000 0.0020 0.1611 0.0000 0.0016 0.0000 0.0000 0.5176 0.0722 0.0000 0.0000 0.0423 0.1998 0.0000 0.0000 0.0007 0.0028
4        4   (0)      1  : 0.0290 0.0000 0.0000 0.1549 0.0000 0.0000 0.1059 0.0000 0.5357 0.0000 0.0000 0.1083 0.0000 0.0000 0.0000 0.0111 0.0000 0.0466 0.0086
5        5   (0)      1  : 0.0000 0.0000 0.0000 0.0303 0.0000 0.0000 0.0000 0.0000 0.6295 0.0000 0.0000 0.0887 0.0000 0.0083 0.0815 0.0000 0.0000 0.0000 0.1616
6        6   (0)      1  : 0.0740 0.0264 0.0000 0.1306 0.0000 0.0000 0.3338 0.0108 0.0032 0.2413 0.0000 0.0047 0.0000 0.0055 0.0473 0.0000 0.0982 0.0103 0.0141
7        7   (0)      1  : 0.0000 0.0000 0.0000 0.0000 0.6092 0.0000 0.0000 0.0000 0.0626 0.0000 0.0693 0.0000 0.0000 0.0000 0.0088 0.0000 0.0000 0.0000 0.2501
8        8   (0)      2  : 0.1395 0.0000 0.0000 0.0000 0.0000 0.0000 0.0000 0.0000 0.7931 0.0000 0.0000 0.0000 0.0000 0.0244 0.0000 0.0000 0.0127 0.0304 0.0000
9        9   (0)      1  : 0.2138 0.0000 0.0000 0.0588 0.0023 0.0000 0.0000 0.0000 0.6594 0.0000 0.0000 0.0000 0.0000 0.0000 0.0000 0.0000 0.0657 0.0000 0.0000
10       10   (0)      3  : 0.0050 0.0000 0.0000 0.0223 0.0000 0.0000 0.0755 0.0000 0.0000 0.0000 0.0000 0.1978 0.0000 0.0000 0.0441 0.5379 0.0000 0.0708 0.0466
11       11   (0)      4  : 0.0181 0.0000 0.0000 0.0000 0.0000 0.0000 0.0000 0.0000 0.0000 0.0000 0.0000 0.0000 0.0000 0.1548 0.7572 0.0268 0.0000 0.0430 0.0000
12       12   (0)      4  : 0.0862 0.0000 0.0036 0.0444 0.0000 0.0000 0.0411 0.0000 0.0000 0.0000 0.0000 0.0448 0.0000 0.0000 0.0000 0.1083 0.5856 0.0575 0.0286
13       13   (0)      4  : 0.0256 0.0000 0.0020 0.0000 0.0000 0.0000 0.1349 0.0000 0.0304 0.0544 0.0000 0.2795 0.0000 0.0000 0.0731 0.0914 0.0000 0.0670 0.2418
14       14   (0)      4  : 0.0000 0.0000 0.0000 0.0000 0.0000 0.0000 0.0000 0.0000 0.0000 0.0000 0.0000 0.0000 0.0000 0.1667 0.8333 0.0000 0.0000 0.0000 0.0000
15       15   (0)      4  : 0.0000 0.0000 0.0000 0.1531 0.0000 0.0000 0.0000 0.0000 0.1931 0.0000 0.0048 0.0000 0.0066 0.0000 0.0937 0.4916 0.0073 0.0000 0.0498
16       16   (0)      4  : 0.0000 0.0000 0.0000 0.0000 0.0624 0.0000 0.2706 0.0000 0.0000 0.6272 0.0000 0.0000 0.0000 0.0000 0.0000 0.0000 0.0397 0.0000 0.0000
17       17   (0)      5  : 0.0000 0.0000 0.0000 0.0051 0.0000 0.0000 0.0270 0.0000 0.0000 0.0000 0.0000 0.2267 0.0000 0.0000 0.0000 0.0367 0.6556 0.0388 0.0101
18       18   (0)      4  : 0.0120 0.0000 0.0000 0.0000 0.0000 0.0000 0.2652 0.0000 0.0000 0.0006 0.0000 0.0663 0.0000 0.0120 0.0487 0.2497 0.1618 0.1159 0.0677
19       19   (0)      5  : 0.0070 0.0000 0.0000 0.1539 0.0000 0.0000 0.0114 0.0000 0.1201 0.0000 0.0000 0.1575 0.0000 0.0000 0.0355 0.2758 0.1422 0.0516 0.0450
20       20   (0)      5  : 0.0348 0.0000 0.0000 0.1574 0.0000 0.0000 0.0000 0.0000 0.0051 0.0000 0.0000 0.0373 0.0000 0.0000 0.0799 0.4590 0.0729 0.0651 0.0885
21       21   (0)      5  : 0.0235 0.0000 0.0000 0.0000 0.0000 0.0000 0.0181 0.0000 0.0000 0.0000 0.0000 0.1513 0.0000 0.0117 0.0727 0.5596 0.0000 0.1274 0.0357
22       22   (0)      5  : 0.0536 0.0000 0.0000 0.0523 0.0000 0.0000 0.0000 0.0000 0.0000 0.0000 0.0000 0.0643 0.0000 0.0000 0.1197 0.6598 0.0347 0.0156 0.0000
23       23   (0)      5  : 0.0026 0.0000 0.0000 0.0000 0.0000 0.0000 0.5580 0.0000 0.0000 0.0000 0.0000 0.0089 0.0000 0.0000 0.0663 0.2217 0.0000 0.0531 0.0893
24       24   (0)      5  : 0.0000 0.0000 0.0000 0.0000 0.0000 0.0000 0.0987 0.0000 0.0000 0.0000 0.0000 0.1092 0.0000 0.0000 0.0829 0.6051 0.0000 0.0700 0.0340
25       25   (0)      5  : 0.0249 0.0000 0.0000 0.0000 0.0033 0.0000 0.0994 0.0000 0.0000 0.0000 0.0000 0.0237 0.0000 0.0004 0.0682 0.1448 0.4154 0.0000 0.2200
26       26   (0)      5  : 0.0000 0.0000 0.0000 0.0000 0.0044 0.0000 0.1443 0.0000 0.0000 0.0000 0.0000 0.0809 0.0000 0.0000 0.0596 0.4530 0.0000 0.1832 0.0745
27       27   (0)      5  : 0.0321 0.0000 0.0012 0.0000 0.0000 0.0094 0.0000 0.0000 0.0000 0.0000 0.0000 0.1639 0.0000 0.0000 0.0523 0.3717 0.2412 0.0926 0.0356
28       28   (0)      5  : 0.0000 0.0000 0.0000 0.0000 0.0000 0.0000 0.4168 0.0000 0.0000 0.0000 0.0000 0.0085 0.0000 0.0000 0.0809 0.2464 0.0235 0.0989 0.1250
29       29   (0)      5  : 0.0184 0.0000 0.0000 0.0000 0.0000 0.0000 0.0000 0.0000 0.0000 0.0000 0.0000 0.0000 0.0000 0.0000 0.1854 0.6801 0.0381 0.0397 0.0385
30       30   (0)      5  : 0.1496 0.0000 0.0000 0.0410 0.0000 0.0000 0.0000 0.0000 0.0000 0.0000 0.0000 0.0000 0.0000 0.0000 0.0301 0.2104 0.5654 0.0031 0.0004
31       31   (0)      5  : 0.0012 0.0000 0.0000 0.0000 0.0000 0.0000 0.0861 0.0000 0.0000 0.0000 0.0000 0.1523 0.0000 0.0039 0.0645 0.2230 0.4577 0.0003 0.0109
32       32   (0)      5  : 0.0000 0.0000 0.0000 0.0000 0.0000 0.0000 0.0485 0.0000 0.0000 0.0000 0.0000 0.0647 0.0000 0.0000 0.1192 0.2988 0.1425 0.0081 0.3182
33       33   (0)      5  : 0.0196 0.0000 0.0000 0.0000 0.0000 0.0000 0.4654 0.0000 0.0000 0.0000 0.0000 0.0000 0.0000 0.0000 0.0114 0.1001 0.3882 0.0000 0.0153
34       34   (0)      5  : 0.0000 0.0000 0.0000 0.1027 0.0000 0.0000 0.1969 0.0000 0.0000 0.0000 0.0000 0.0449 0.0000 0.0000 0.0000 0.2252 0.2798 0.0931 0.0573
35       35   (0)      5  : 0.0501 0.0000 0.0000 0.0577 0.0000 0.0000 0.0342 0.0000 0.0000 0.0000 0.0000 0.0466 0.0000 0.0000 0.0192 0.2111 0.5812 0.0000 0.0000
36       36   (0)      5  : 0.0153 0.0000 0.0269 0.0172 0.0000 0.0000 0.0000 0.0000 0.0000 0.0000 0.0000 0.0090 0.0000 0.0175 0.1118 0.7129 0.0672 0.0222 0.0000
37       37   (0)      5  : 0.0087 0.0000 0.0000 0.2218 0.0000 0.0000 0.0586 0.0000 0.0000 0.0000 0.0000 0.0000 0.0000 0.0003 0.0729 0.3716 0.0485 0.0380 0.1798
38       38   (0)      5  : 0.0220 0.0000 0.0000 0.0090 0.0000 0.0000 0.1365 0.0000 0.0000 0.0000 0.0000 0.0000 0.0000 0.0000 0.0617 0.4905 0.0609 0.1431 0.0762
39       39   (0)      5  : 0.0000 0.0000 0.0000 0.0000 0.0000 0.0000 0.0324 0.0000 0.0000 0.0000 0.0000 0.0000 0.0000 0.0283 0.2849 0.3299 0.2285 0.0563 0.0397
40       40   (0)      5  : 0.0000 0.0000 0.0000 0.2735 0.0000 0.0000 0.0382 0.0000 0.0000 0.0000 0.0000 0.0000 0.0000 0.0000 0.0967 0.3186 0.0815 0.0122 0.1793
41       41   (0)      5  : 0.0143 0.0000 0.0000 0.0000 0.0000 0.0000 0.3261 0.0000 0.0000 0.0000 0.0000 0.0162 0.0000 0.0000 0.0766 0.2800 0.0147 0.1268 0.1453
42       42   (0)      5  : 0.0258 0.0000 0.0000 0.2023 0.0000 0.0000 0.0000 0.0000 0.0000 0.0000 0.0000 0.0366 0.0000 0.0000 0.0269 0.3747 0.3216 0.0120 0.0000
43       43   (0)      5  : 0.0000 0.0000 0.0000 0.0000 0.0000 0.0000 0.0060 0.0000 0.0000 0.9940 0.0000 0.0000 0.0000 0.0000 0.0000 0.0000 0.0000 0.0000 0.0000
44       44   (0)      5  : 0.0098 0.0000 0.0000 0.0629 0.0000 0.0000 0.3116 0.0000 0.0008 0.0000 0.0000 0.0000 0.0000 0.0022 0.0741 0.1930 0.0135 0.0899 0.2423
45       45   (0)      4  : 0.0000 0.0000 0.0000 0.0000 0.0000 0.0000 0.0000 0.0000 0.0000 0.0000 0.0000 0.0000 0.0000 0.0962 0.5513 0.3525 0.0000 0.0000 0.0000
46       46   (0)      4  : 0.0029 0.0000 0.0000 0.0436 0.0079 0.0000 0.1471 0.0009 0.0134 0.0000 0.0000 0.0897 0.0000 0.0162 0.0536 0.0000 0.3508 0.0036 0.2703
47       47   (0)      4  : 0.0081 0.0000 0.0000 0.0000 0.0000 0.0000 0.4943 0.0000 0.0000 0.0000 0.0000 0.0270 0.0000 0.0019 0.0496 0.1418 0.1990 0.0636 0.0147
48       48   (0)      4  : 0.1207 0.0000 0.0000 0.1111 0.0000 0.0000 0.0000 0.0000 0.0000 0.0000 0.0000 0.0634 0.0000 0.0287 0.1663 0.1798 0.3277 0.0000 0.0023
49       49   (0)      5  : 0.0017 0.0000 0.0000 0.0222 0.0016 0.0000 0.2358 0.0000 0.0000 0.0000 0.0000 0.0110 0.0071 0.0032 0.0830 0.0199 0.4297 0.0026 0.1822
50       50   (0)      4  : 0.0000 0.0000 0.0000 0.0000 0.0000 0.0000 0.1005 0.0000 0.0000 0.0000 0.0000 0.4665 0.0000 0.0000 0.0000 0.2938 0.0000 0.1041 0.0351
51       51   (0)      4  : 0.0000 0.0000 0.0000 0.0000 0.0000 0.0000 0.0522 0.0000 0.0000 0.6654 0.0000 0.1533 0.0000 0.0000 0.0000 0.0227 0.1064 0.0000 0.0000
52       52   (0)      4  : 0.0354 0.0037 0.0000 0.0762 0.0046 0.0000 0.0062 0.0000 0.0089 0.0000 0.0000 0.0000 0.0149 0.0000 0.0000 0.0391 0.6185 0.0674 0.1251
53       53   (0)      4  : 0.0119 0.0000 0.0000 0.0000 0.0844 0.0000 0.0324 0.0000 0.0000 0.7012 0.0000 0.1347 0.0000 0.0000 0.0000 0.0298 0.0000 0.0052 0.0004
54       54   (0)      4  : 0.0363 0.0000 0.0206 0.0407 0.0000 0.0000 0.0000 0.0000 0.0000 0.0000 0.0000 0.0245 0.0000 0.0212 0.1631 0.3383 0.2839 0.0448 0.0266
55       55   (0)      4  : 0.0000 0.0000 0.0000 0.0000 0.0000 0.0000 0.0060 0.0000 0.0000 0.9131 0.0000 0.0000 0.0000 0.0000 0.0000 0.0000 0.0810 0.0000 0.0000
56       56   (0)      4  : 0.0000 0.0000 0.0000 0.0899 0.0000 0.0000 0.0000 0.0000 0.0000 0.7695 0.0000 0.0000 0.0000 0.0000 0.0000 0.0901 0.0000 0.0246 0.0259
57       57   (0)      4  : 0.0000 0.0000 0.0000 0.0000 0.0000 0.0000 0.0000 0.0000 0.0177 0.0000 0.0000 0.0000 0.0000 0.0363 0.2513 0.5305 0.1263 0.0153 0.0226
58       58   (0)      5  : 0.0000 0.0000 0.0000 0.0036 0.0062 0.0000 0.0807 0.0000 0.0000 0.0000 0.0000 0.0333 0.0000 0.0000 0.0507 0.0000 0.5175 0.0000 0.3079
59       59   (0)      4  : 0.0066 0.0000 0.0000 0.0000 0.1055 0.0000 0.2217 0.0256 0.0000 0.3436 0.0000 0.0037 0.0000 0.0000 0.0000 0.0077 0.2857 0.0000 0.0000
60       60   (0)      4  : 0.0061 0.0000 0.0000 0.0000 0.0000 0.0000 0.0191 0.0000 0.0000 0.7463 0.0000 0.0621 0.0000 0.0135 0.0896 0.0142 0.0000 0.0229 0.0263
61       61   (0)      4  : 0.0000 0.0000 0.0000 0.0000 0.0000 0.0000 0.0806 0.0000 0.0024 0.0000 0.0000 0.0025 0.0000 0.0027 0.0977 0.0045 0.7614 0.0167 0.0315
62       62   (0)      5  : 0.0000 0.0000 0.0000 0.0000 0.0000 0.0000 0.0787 0.0000 0.0000 0.0000 0.0000 0.2079 0.0000 0.0000 0.0503 0.1181 0.4303 0.0621 0.0526
63       63   (0)      6  : 0.0000 0.0000 0.0000 0.0000 0.0000 0.0035 0.0995 0.0000 0.0309 0.4846 0.0000 0.0006 0.0000 0.0543 0.0793 0.0721 0.1144 0.0274 0.0334
64       64   (0)      6  : 0.0000 0.0020 0.0000 0.0000 0.1508 0.0000 0.0837 0.0000 0.0000 0.6107 0.0000 0.0000 0.0000 0.0315 0.0000 0.0000 0.0961 0.0160 0.0092
65       65   (0)      6  : 0.0072 0.0000 0.0474 0.0000 0.0000 0.0000 0.0000 0.0000 0.6453 0.0000 0.0000 0.0790 0.0065 0.0000 0.0000 0.0000 0.1915 0.0231 0.0000
66       66   (0)      6  : 0.0370 0.0000 0.0000 0.1065 0.0000 0.0000 0.1660 0.0000 0.0918 0.0000 0.0000 0.0900 0.0000 0.0000 0.0044 0.0207 0.3165 0.0700 0.0972
67       67   (0)      6  : 0.0000 0.0000 0.0000 0.0000 0.0000 0.0000 0.0000 0.0000 0.0000 0.0000 0.0000 0.0000 0.0000 0.1667 0.8333 0.0000 0.0000 0.0000 0.0000
68       68   (0)      6  : 0.0000 0.0000 0.0022 0.0000 0.0000 0.0000 0.0903 0.0000 0.4375 0.0000 0.0000 0.3910 0.0000 0.0000 0.0000 0.0729 0.0063 0.0000 0.0000
69       69   (0)      6  : 0.0105 0.0000 0.0000 0.0000 0.0000 0.0000 0.3108 0.0000 0.2881 0.0000 0.0000 0.0000 0.0000 0.0000 0.0000 0.0000 0.3906 0.0000 0.0000
70       70   (0)      6  : 0.0000 0.0069 0.0000 0.0004 0.0007 0.0000 0.3486 0.0043 0.1576 0.0266 0.0000 0.0000 0.0152 0.0000 0.0000 0.0097 0.4133 0.0000 0.0167
71       71   (0)      6  : 0.0000 0.0000 0.0231 0.0000 0.0000 0.0000 0.6385 0.0000 0.0086 0.0000 0.0000 0.0521 0.0062 0.0070 0.0000 0.1003 0.0000 0.1078 0.0564
72       72   (0)      6  : 0.0000 0.0000 0.0000 0.0366 0.0000 0.0000 0.3239 0.0000 0.2971 0.0000 0.0000 0.0000 0.0000 0.0000 0.0227 0.1211 0.1715 0.0271 0.0000
73       73   (0)      7  : 0.0000 0.0000 0.0000 0.1424 0.0000 0.0000 0.0000 0.0000 0.0000 0.0000 0.0000 0.0000 0.0000 0.0000 0.0588 0.2589 0.5199 0.0045 0.0155
74       74   (0)      7  : 0.0094 0.0000 0.0022 0.1793 0.0000 0.0000 0.0000 0.0000 0.0000 0.0000 0.0000 0.0242 0.0558 0.0076 0.0001 0.0186 0.6964 0.0064 0.0000
75       75   (0)      7  : 0.0002 0.0000 0.0000 0.0000 0.0000 0.0000 0.0161 0.0000 0.0481 0.0000 0.0000 0.1799 0.0000 0.0000 0.0167 0.0109 0.5572 0.0153 0.1555
76       76   (0)      7  : 0.0526 0.0000 0.0000 0.0104 0.0000 0.0000 0.0000 0.0000 0.0618 0.0000 0.0000 0.0000 0.0000 0.0246 0.0373 0.0453 0.6395 0.0510 0.0775
77       77   (0)      7  : 0.1089 0.0000 0.0000 0.0002 0.0000 0.0000 0.0000 0.0000 0.0000 0.0000 0.0000 0.0000 0.0000 0.0000 0.0869 0.3351 0.1039 0.1397 0.2254
78       78   (0)      7  : 0.0294 0.0000 0.0000 0.0000 0.0000 0.0000 0.0429 0.0000 0.1188 0.0000 0.0000 0.0000 0.0000 0.0049 0.0987 0.0000 0.3943 0.0527 0.2584
79       79   (0)      7  : 0.0728 0.0000 0.0005 0.0645 0.0000 0.0000 0.0000 0.0000 0.0006 0.0000 0.0000 0.0009 0.0000 0.0600 0.0370 0.2040 0.4522 0.0303 0.0773
80       80   (0)      7  : 0.1564 0.0000 0.0009 0.1551 0.0000 0.0000 0.0000 0.0000 0.0287 0.0000 0.0000 0.0631 0.0012 0.0000 0.0000 0.0007 0.5817 0.0058 0.0064
81       81   (0)      7  : 0.0119 0.0000 0.0000 0.0000 0.0000 0.0000 0.0000 0.0000 0.0439 0.0000 0.0000 0.0052 0.0000 0.0000 0.0478 0.2625 0.5995 0.0257 0.0035
82       82   (0)      7  : 0.0228 0.0000 0.0000 0.0000 0.0000 0.0000 0.0000 0.0000 0.0300 0.0000 0.0000 0.0000 0.0000 0.0000 0.1676 0.5286 0.1697 0.0364 0.0448
83       83   (0)      7  : 0.0080 0.0000 0.0000 0.3373 0.0256 0.0000 0.0283 0.0000 0.0090 0.0300 0.0000 0.0000 0.0000 0.0089 0.0254 0.0000 0.3564 0.0000 0.1711
84       84   (0)      7  : 0.0000 0.0000 0.0000 0.0608 0.0553 0.0000 0.0000 0.0000 0.0000 0.6957 0.0000 0.0000 0.0000 0.0000 0.0000 0.0000 0.1817 0.0000 0.0066
85       85   (0)      7  : 0.0279 0.0000 0.0000 0.0067 0.0000 0.0000 0.0000 0.0000 0.0000 0.0000 0.0000 0.0000 0.0187 0.0000 0.0926 0.1824 0.6717 0.0000 0.0000
86       86   (0)      7  : 0.0334 0.0000 0.0006 0.0000 0.0000 0.0000 0.0000 0.0000 0.1763 0.0000 0.0000 0.0000 0.0000 0.0000 0.1412 0.4148 0.1070 0.0519 0.0748
87       87   (0)      7  : 0.0000 0.0000 0.0000 0.0548 0.0000 0.0000 0.0956 0.0000 0.0000 0.7097 0.0000 0.0000 0.0000 0.0000 0.0000 0.0000 0.1399 0.0000 0.0000
88       88   (0)      7  : 0.0000 0.0000 0.0000 0.0000 0.0000 0.0000 0.4183 0.0000 0.0000 0.0000 0.0000 0.0000 0.0000 0.0000 0.0000 0.0169 0.4990 0.0349 0.0310
89       89   (0)      7  : 0.0000 0.0000 0.0000 0.0000 0.0000 0.0000 0.0844 0.0000 0.0000 0.8214 0.0000 0.0000 0.0000 0.0150 0.0756 0.0000 0.0036 0.0000 0.0000
90       90   (0)      7  : 0.0185 0.0000 0.0000 0.0000 0.0000 0.0000 0.0000 0.0000 0.0000 0.0000 0.0000 0.0000 0.0000 0.0076 0.1355 0.1518 0.5398 0.0404 0.1064
91       91   (0)      7  : 0.0075 0.0000 0.0001 0.0000 0.0000 0.0000 0.0857 0.0000 0.0021 0.0000 0.0000 0.1042 0.0000 0.0009 0.0000 0.0865 0.7129 0.0000 0.0000
92       92   (0)      7  : 0.0826 0.0000 0.0467 0.0000 0.0000 0.0000 0.0000 0.0000 0.0000 0.0000 0.0000 0.0000 0.0000 0.0000 0.0401 0.2705 0.5429 0.0172 0.0000
93       93   (0)      7  : 0.0126 0.0000 0.0073 0.0240 0.0090 0.0000 0.0000 0.0000 0.1288 0.0101 0.0000 0.0000 0.0000 0.0000 0.1234 0.2101 0.0723 0.0000 0.4023
94       94   (0)      7  : 0.0000 0.0000 0.0000 0.1707 0.0000 0.0000 0.1330 0.0000 0.1064 0.0000 0.0000 0.0000 0.0000 0.0000 0.0000 0.1980 0.2528 0.0524 0.0866
95       95   (0)      7  : 0.0199 0.0000 0.0000 0.0000 0.0000 0.0000 0.0000 0.0000 0.0925 0.0000 0.0000 0.0000 0.0000 0.0108 0.2172 0.3046 0.2515 0.0372 0.0663
96       96   (0)      7  : 0.0000 0.0000 0.0000 0.0000 0.0119 0.0000 0.0945 0.0036 0.0017 0.0056 0.0000 0.0186 0.0000 0.0000 0.0789 0.1746 0.3070 0.0000 0.3036
97       97   (0)      7  : 0.0264 0.0000 0.0000 0.0000 0.0000 0.0000 0.0000 0.0000 0.0170 0.0000 0.0000 0.0000 0.0000 0.0280 0.1426 0.4666 0.0274 0.0440 0.2480
98       98   (0)      7  : 0.0793 0.0000 0.0000 0.0000 0.0000 0.0000 0.0000 0.0000 0.0395 0.0000 0.0000 0.0000 0.0000 0.0000 0.1149 0.2371 0.0001 0.0956 0.4336
99       99   (0)      7  : 0.0421 0.0000 0.0000 0.0000 0.0000 0.0000 0.0000 0.0000 0.0034 0.0084 0.0000 0.0000 0.0000 0.0191 0.2749 0.5059 0.0000 0.0317 0.1146
100      100   (0)      7  : 0.0000 0.0000 0.0000 0.0000 0.0000 0.0000 0.0000 0.0000 0.1743 0.7373 0.0000 0.0474 0.0000 0.0000 0.0056 0.0298 0.0000 0.0000 0.0057
101      101   (0)      6  : 0.0000 0.0000 0.0000 0.1519 0.0000 0.0000 0.0000 0.0000 0.4494 0.0000 0.0000 0.1069 0.0000 0.0000 0.0000 0.0762 0.2108 0.0048 0.0000
102      102   (0)      6  : 0.0000 0.0000 0.0114 0.0209 0.0000 0.0000 0.0201 0.0099 0.2481 0.0000 0.0000 0.4007 0.0807 0.0000 0.0043 0.1012 0.0439 0.0274 0.0314
103      103   (0)      6  : 0.0000 0.0000 0.0006 0.0000 0.0000 0.0000 0.5470 0.0000 0.1621 0.0000 0.0000 0.0000 0.0039 0.0000 0.0006 0.0000 0.2859 0.0000 0.0000
104      104   (0)      6  : 0.0000 0.0000 0.0000 0.3554 0.0000 0.0000 0.0000 0.0000 0.3999 0.0000 0.0000 0.0609 0.0000 0.0000 0.0000 0.0000 0.1838 0.0000 0.0000
105      105   (0)      6  : 0.0000 0.0000 0.0000 0.0000 0.0000 0.0000 0.6178 0.0000 0.2926 0.0000 0.0000 0.0000 0.0000 0.0019 0.0074 0.0000 0.0675 0.0127 0.0000
106      106   (0)      6  : 0.0130 0.0000 0.0000 0.1225 0.0000 0.0000 0.0240 0.0000 0.3951 0.0000 0.0000 0.1931 0.0000 0.0023 0.0718 0.0139 0.0001 0.0618 0.1023
107      107   (0)      6  : 0.0000 0.0000 0.0147 0.2227 0.0000 0.0000 0.1303 0.0000 0.3222 0.0087 0.0000 0.1293 0.0127 0.0000 0.0021 0.0189 0.1179 0.0127 0.0080
108      108   (0)      6  : 0.0063 0.0000 0.0000 0.2301 0.0017 0.0000 0.1823 0.0000 0.2964 0.0000 0.0000 0.1922 0.0000 0.0000 0.0000 0.0195 0.0000 0.0100 0.0614
109      109   (0)      6  : 0.0338 0.0000 0.0000 0.0031 0.0000 0.0000 0.0099 0.0000 0.0090 0.9342 0.0000 0.0000 0.0000 0.0000 0.0000 0.0000 0.0000 0.0101 0.0000
110      110   (0)      7  : 0.0000 0.0000 0.0000 0.0000 0.0000 0.0000 0.1367 0.0000 0.0516 0.0000 0.0000 0.1279 0.0000 0.0000 0.0000 0.1471 0.5073 0.0128 0.0166
111      111   (0)      7  : 0.0000 0.0000 0.0000 0.0000 0.0000 0.0000 0.0000 0.0000 0.0000 0.0000 0.0000 0.0000 0.0000 0.1496 0.7437 0.0000 0.1067 0.0000 0.0000
112      112   (0)      6  : 0.0000 0.0000 0.0000 0.0000 0.0000 0.0000 0.0056 0.0000 0.5747 0.0000 0.0011 0.0727 0.0000 0.0299 0.1494 0.0000 0.1665 0.0000 0.0000
113      113   (0)      6  : 0.0000 0.0000 0.0000 0.0000 0.0000 0.0000 0.0000 0.0000 0.8371 0.0000 0.0000 0.0566 0.1064 0.0000 0.0000 0.0000 0.0000 0.0000 0.0000
114      114   (0)      6  : 0.0000 0.0000 0.0000 0.0000 0.0000 0.0007 0.0000 0.0000 0.0779 0.7956 0.0092 0.0000 0.0000 0.0183 0.0883 0.0000 0.0000 0.0100 0.0000
115      115   (0)      6  : 0.0811 0.0000 0.0000 0.0000 0.0000 0.0000 0.0000 0.0000 0.5408 0.0000 0.0000 0.0000 0.0459 0.0000 0.0453 0.2800 0.0054 0.0000 0.0015
116      116   (0)      6  : 0.0000 0.0000 0.0000 0.0000 0.1390 0.0000 0.0000 0.0000 0.1603 0.3633 0.0763 0.0085 0.0000 0.0351 0.1709 0.0000 0.0000 0.0180 0.0286
117      117   (0)      6  : 0.0743 0.0000 0.0000 0.0198 0.0000 0.0000 0.0642 0.0000 0.4057 0.0550 0.0174 0.0407 0.0000 0.0137 0.0458 0.1037 0.0329 0.0602 0.0666
118      118   (0)      6  : 0.0000 0.0000 0.0000 0.0000 0.0000 0.0000 0.1060 0.0000 0.5051 0.0000 0.0000 0.3472 0.0170 0.0000 0.0000 0.0199 0.0000 0.0047 0.0000
119      119   (0)      6  : 0.0198 0.0000 0.0018 0.0033 0.0000 0.0000 0.1599 0.0000 0.6444 0.0000 0.0000 0.0941 0.0000 0.0000 0.0000 0.0000 0.0767 0.0000 0.0000
120      120   (0)      6  : 0.0144 0.0000 0.0000 0.0035 0.0000 0.0000 0.0000 0.0000 0.7166 0.0000 0.0000 0.0778 0.0000 0.0000 0.0000 0.0378 0.0891 0.0425 0.0183
121      121   (0)      6  : 0.0000 0.0000 0.0000 0.0000 0.0000 0.0000 0.0000 0.0000 0.6739 0.0000 0.0000 0.0532 0.0074 0.0042 0.0000 0.0000 0.2614 0.0000 0.0000
122      122   (0)      6  : 0.0000 0.0000 0.0000 0.0000 0.0752 0.0059 0.0000 0.0000 0.1965 0.6633 0.0120 0.0198 0.0079 0.0026 0.0045 0.0000 0.0000 0.0122 0.0000
123      123   (0)      8  : 0.0000 0.0000 0.0000 0.0399 0.0121 0.0000 0.3809 0.0000 0.0544 0.0018 0.0000 0.0371 0.0000 0.0000 0.0634 0.0032 0.0000 0.0112 0.3961
124      124   (0)      8  : 0.0000 0.0000 0.0000 0.2854 0.0000 0.0000 0.2702 0.0000 0.0000 0.0247 0.0017 0.0113 0.0000 0.0000 0.0353 0.1443 0.0496 0.0830 0.0946
125      125   (0)      8  : 0.0000 0.0000 0.0000 0.0000 0.0070 0.0000 0.6179 0.0000 0.0000 0.0000 0.0000 0.0020 0.0000 0.0000 0.0191 0.0073 0.0000 0.0189 0.3278
126      126   (0)      8  : 0.0000 0.0000 0.0000 0.4040 0.0000 0.0000 0.0127 0.0000 0.0000 0.0137 0.0000 0.0046 0.0000 0.0078 0.0435 0.3302 0.1405 0.0088 0.0340
127      127   (0)      8  : 0.0057 0.0000 0.0000 0.3513 0.0000 0.0132 0.0000 0.0000 0.0000 0.0000 0.0000 0.0038 0.0000 0.0255 0.1785 0.3803 0.0044 0.0000 0.0374
128      128   (0)      8  : 0.0108 0.0000 0.0000 0.0000 0.0000 0.0000 0.1355 0.0000 0.0000 0.0000 0.0000 0.2084 0.0000 0.0046 0.0668 0.3940 0.0000 0.1079 0.0720
129      129   (0)      8  : 0.0070 0.0000 0.0000 0.1455 0.0020 0.0000 0.4166 0.0000 0.0000 0.0000 0.0000 0.0106 0.0039 0.0000 0.0380 0.1626 0.0057 0.0352 0.1728
130      130   (0)      8  : 0.0000 0.0000 0.0000 0.0000 0.0084 0.0000 0.3917 0.0000 0.0365 0.0000 0.0000 0.1729 0.0000 0.0000 0.0089 0.0819 0.0000 0.0712 0.2286
131      131   (0)      8  : 0.0000 0.0000 0.0000 0.2192 0.0000 0.0000 0.0109 0.0000 0.0000 0.0000 0.0000 0.2764 0.0000 0.0054 0.1720 0.0098 0.0000 0.0124 0.2940
132      132   (0)      8  : 0.0023 0.0000 0.0000 0.2833 0.0000 0.0000 0.2392 0.0000 0.0000 0.0000 0.0000 0.0000 0.0000 0.0005 0.0000 0.2246 0.0154 0.0713 0.1633
133      133   (0)      8  : 0.0441 0.0000 0.0000 0.3115 0.0010 0.0000 0.3327 0.0000 0.0000 0.0000 0.0000 0.0000 0.0000 0.0000 0.0278 0.0482 0.0050 0.0209 0.2088
134      134   (0)      8  : 0.0091 0.0000 0.0000 0.0000 0.0000 0.0000 0.0889 0.0000 0.0000 0.0000 0.0000 0.0249 0.0000 0.0460 0.0132 0.2642 0.3995 0.0804 0.0738
135      135   (0)      8  : 0.0000 0.0000 0.0000 0.0000 0.0000 0.0000 0.0000 0.0000 0.0000 0.0000 0.0000 0.0000 0.0000 0.1667 0.7728 0.0605 0.0000 0.0000 0.0000
136      136   (0)      8  : 0.0000 0.0000 0.0000 0.0429 0.0000 0.0000 0.7321 0.0000 0.0000 0.0000 0.0000 0.0495 0.0000 0.0000 0.0000 0.0480 0.0169 0.0634 0.0473
137      137   (0)      8  : 0.1270 0.0000 0.0000 0.1617 0.0094 0.0000 0.0000 0.0000 0.0568 0.0000 0.0000 0.0633 0.0055 0.0035 0.0678 0.2113 0.0974 0.0097 0.1865
138      138   (0)      8  : 0.0418 0.0000 0.0000 0.5114 0.0000 0.0000 0.0093 0.0000 0.0000 0.0000 0.0000 0.0055 0.0000 0.0034 0.0187 0.2790 0.0062 0.0569 0.0679
139      139   (0)      8  : 0.0339 0.0000 0.0000 0.5485 0.0000 0.0000 0.0006 0.0000 0.0000 0.0137 0.0000 0.0194 0.0000 0.0000 0.0000 0.1982 0.0987 0.0450 0.0418
140      140   (0)      8  : 0.0000 0.0000 0.0000 0.6428 0.0000 0.0000 0.0000 0.0000 0.0040 0.0000 0.0000 0.0000 0.0000 0.0000 0.0251 0.2601 0.0190 0.0203 0.0286
141      141   (0)      8  : 0.0267 0.0000 0.0089 0.3429 0.0000 0.0000 0.2149 0.0000 0.0000 0.0000 0.0000 0.0004 0.0000 0.0021 0.0225 0.2000 0.0169 0.0857 0.0791
142      142   (0)      8  : 0.0342 0.0000 0.0000 0.0618 0.0000 0.0000 0.0459 0.0000 0.0000 0.0000 0.0000 0.2284 0.0000 0.0000 0.0313 0.4046 0.0000 0.1035 0.0904
143      143   (0)      8  : 0.0190 0.0000 0.0005 0.5470 0.0000 0.0000 0.0401 0.0000 0.0000 0.0000 0.0000 0.0281 0.0000 0.0000 0.0074 0.1668 0.1391 0.0000 0.0519
144      144   (0)      8  : 0.0000 0.0000 0.0000 0.0000 0.0000 0.0000 0.0000 0.0000 0.0000 0.0000 0.0000 0.0000 0.0000 0.1667 0.8333 0.0000 0.0000 0.0000 0.0000
145      145   (0)      8  : 0.1204 0.0000 0.0000 0.1786 0.0000 0.0000 0.0171 0.0000 0.0000 0.0000 0.0000 0.1514 0.0000 0.0295 0.0412 0.1020 0.2677 0.0183 0.0737
146      146   (0)      3  : 0.0093 0.0000 0.0000 0.1607 0.0000 0.0000 0.3383 0.0000 0.0000 0.0000 0.0000 0.0370 0.0000 0.0000 0.0437 0.1756 0.0080 0.0803 0.1471
147      147   (0)      3  : 0.0056 0.0000 0.0000 0.1160 0.1079 0.0000 0.2255 0.0000 0.0000 0.4867 0.0000 0.0000 0.0000 0.0000 0.0000 0.0471 0.0014 0.0017 0.0081
148      148   (0)      3  : 0.0053 0.0000 0.0000 0.1257 0.0000 0.0000 0.6215 0.0000 0.0000 0.0000 0.0000 0.1189 0.0000 0.0000 0.0000 0.0482 0.0260 0.0544 0.0000
149      149   (0)      3  : 0.0070 0.0000 0.0000 0.4597 0.0000 0.0000 0.0454 0.0000 0.0000 0.0112 0.0000 0.0000 0.0000 0.0000 0.0071 0.2489 0.0826 0.0570 0.0812
150      150   (0)      3  : 0.0218 0.0000 0.0031 0.4274 0.0000 0.0000 0.0745 0.0000 0.0000 0.0000 0.0000 0.1633 0.0000 0.0000 0.0000 0.1070 0.0188 0.0821 0.1021
151      151   (0)      3  : 0.0000 0.0000 0.0000 0.0777 0.0000 0.0000 0.2112 0.0000 0.0000 0.0493 0.0000 0.2865 0.0000 0.0000 0.0226 0.1696 0.0000 0.0841 0.0991
152      152   (0)      3  : 0.0000 0.0000 0.0000 0.4546 0.0000 0.0000 0.0000 0.0000 0.0000 0.0000 0.0000 0.0027 0.0000 0.0000 0.0269 0.4227 0.0000 0.0277 0.0655
153      153   (0)      3  : 0.0000 0.0000 0.0000 0.3458 0.0000 0.0000 0.0910 0.0000 0.0000 0.0000 0.0000 0.0022 0.0000 0.0002 0.0392 0.3852 0.0098 0.0602 0.0663
154      154   (0)      3  : 0.0069 0.0000 0.0000 0.2369 0.0014 0.0000 0.0715 0.0000 0.0000 0.0000 0.0000 0.0328 0.0000 0.0000 0.0612 0.4348 0.0004 0.0999 0.0542
155      155   (0)      3  : 0.0397 0.0000 0.0000 0.2151 0.0000 0.0000 0.0537 0.0000 0.0000 0.0000 0.0000 0.0000 0.0000 0.0000 0.0803 0.4260 0.0719 0.0579 0.0553
156      156   (0)      3  : 0.0000 0.0000 0.0000 0.2531 0.0303 0.0001 0.0000 0.0000 0.0000 0.0019 0.0000 0.0000 0.0000 0.0339 0.2110 0.4400 0.0000 0.0066 0.0231
157      157   (0)      3  : 0.0000 0.0000 0.0000 0.3617 0.0570 0.0000 0.0168 0.0000 0.0000 0.0000 0.0000 0.0000 0.0000 0.0000 0.0415 0.2178 0.0717 0.0070 0.2265
158      158   (0)      3  : 0.0010 0.0000 0.0000 0.4908 0.0000 0.0000 0.0156 0.0000 0.0000 0.0000 0.0000 0.0438 0.0000 0.0000 0.0449 0.2328 0.0015 0.0123 0.1572
159      159   (0)      3  : 0.0000 0.0000 0.0000 0.4821 0.0000 0.0000 0.0094 0.0000 0.0166 0.0000 0.0000 0.0000 0.0000 0.0000 0.0220 0.2941 0.0151 0.0106 0.1500
160      160   (0)      3  : 0.0000 0.0000 0.0000 0.2321 0.1510 0.0000 0.0000 0.0000 0.0000 0.5384 0.0000 0.0000 0.0000 0.0000 0.0000 0.0011 0.0774 0.0000 0.0000
161      161   (0)      3  : 0.0000 0.0000 0.0035 0.2637 0.0000 0.0000 0.0210 0.0000 0.0000 0.0000 0.0000 0.4494 0.0000 0.0000 0.0137 0.1355 0.0000 0.0520 0.0612
162      162   (0)      3  : 0.0263 0.0000 0.0000 0.1233 0.0000 0.0000 0.5211 0.0000 0.0000 0.0000 0.0000 0.0000 0.0000 0.0020 0.0000 0.1744 0.0000 0.0756 0.0774
163      163   (0)      3  : 0.0403 0.0000 0.0000 0.5525 0.0000 0.0000 0.0000 0.0000 0.0000 0.0000 0.0000 0.0127 0.0000 0.0000 0.0494 0.3311 0.0000 0.0137 0.0003
164      164   (0)      3  : 0.0260 0.0000 0.0000 0.1888 0.0000 0.0000 0.0659 0.0000 0.0000 0.0000 0.0000 0.1634 0.0000 0.0000 0.0583 0.4028 0.0657 0.0259 0.0033
165      165   (0)      3  : 0.0000 0.0000 0.0000 0.4650 0.0000 0.0000 0.0000 0.0000 0.0000 0.0000 0.0000 0.0000 0.0000 0.0000 0.0378 0.3666 0.0000 0.0139 0.1167
166      166   (0)      3  : 0.0000 0.0000 0.0000 0.0000 0.0039 0.0000 0.4696 0.0000 0.0000 0.0000 0.0000 0.0684 0.0000 0.0000 0.0309 0.1781 0.0000 0.1171 0.1321
167      167   (0)      3  : 0.0361 0.0000 0.0000 0.3233 0.0000 0.0000 0.0060 0.0000 0.0000 0.0000 0.0000 0.0497 0.0000 0.0000 0.0563 0.3837 0.0000 0.0506 0.0943
168      168   (0)      3  : 0.0263 0.0000 0.0000 0.3718 0.0000 0.0000 0.2013 0.0016 0.0063 0.0000 0.0000 0.0000 0.0000 0.0035 0.0000 0.1445 0.1581 0.0432 0.0434
169      169   (0)      3  : 0.0000 0.0000 0.0000 0.4052 0.0000 0.0000 0.0000 0.0000 0.0000 0.0000 0.0000 0.0085 0.0000 0.0082 0.1063 0.2645 0.0001 0.0000 0.2072
170      170   (0)      3  : 0.0845 0.0000 0.0000 0.2373 0.0000 0.0000 0.0000 0.0000 0.0000 0.0000 0.0000 0.0339 0.0000 0.0122 0.0898 0.4341 0.0970 0.0111 0.0000
171      171   (0)      3  : 0.0000 0.0000 0.0000 0.6257 0.0000 0.0000 0.0000 0.0000 0.0000 0.0000 0.0000 0.0081 0.0000 0.0000 0.0388 0.1617 0.1075 0.0015 0.0567
172      172   (0)      3  : 0.0807 0.0000 0.0000 0.3771 0.0000 0.0000 0.0000 0.0000 0.0000 0.0000 0.0000 0.0000 0.0000 0.0137 0.0574 0.3832 0.0000 0.0561 0.0318
173      173   (0)      3  : 0.0000 0.0000 0.0000 0.4407 0.0000 0.0000 0.0000 0.0000 0.0181 0.0000 0.0000 0.0431 0.0000 0.0166 0.0911 0.3478 0.0030 0.0130 0.0267
174      174   (0)      3  : 0.0000 0.0000 0.0000 0.2906 0.0000 0.0000 0.0451 0.0000 0.0000 0.0000 0.0000 0.1885 0.0000 0.0000 0.0423 0.3704 0.0000 0.0523 0.0108
175      175   (0)      8  : 0.0121 0.0000 0.0000 0.1089 0.0000 0.0000 0.1360 0.0000 0.0000 0.0000 0.0000 0.1434 0.0000 0.0000 0.0376 0.3977 0.0000 0.0914 0.0729
176      176   (0)      8  : 0.0000 0.0000 0.0000 0.0000 0.0000 0.0000 0.0000 0.0000 0.0000 0.0000 0.0000 0.0000 0.0000 0.1468 0.7057 0.0000 0.0000 0.0000 0.1476
177      177   (0)      8  : 0.0000 0.0000 0.0000 0.3543 0.0000 0.0000 0.2443 0.0000 0.0000 0.0000 0.0000 0.0000 0.0000 0.0000 0.0099 0.1310 0.1153 0.0491 0.0962
178      178   (0)      8  : 0.0134 0.0000 0.0000 0.2609 0.0000 0.0000 0.0000 0.0000 0.0337 0.0000 0.0000 0.3819 0.0000 0.0260 0.1153 0.1650 0.0039 0.0000 0.0000
179      179   (0)      8  : 0.0202 0.0000 0.0000 0.1965 0.0000 0.0000 0.2704 0.0000 0.0015 0.0000 0.0000 0.0008 0.0000 0.0065 0.0000 0.1934 0.1678 0.0851 0.0578
180      180   (0)      8  : 0.0068 0.0000 0.0000 0.2252 0.0130 0.0000 0.2196 0.0000 0.0241 0.0000 0.0000 0.0143 0.0000 0.0000 0.0197 0.3520 0.0000 0.0311 0.0942
181      181   (0)      8  : 0.0292 0.0000 0.0000 0.2053 0.0000 0.0011 0.1564 0.0000 0.0000 0.0000 0.0000 0.0000 0.0000 0.0308 0.0228 0.2663 0.1467 0.0735 0.0678
182      182   (0)      1  : 0.1365 0.0000 0.0000 0.5242 0.0000 0.0000 0.0000 0.0000 0.0890 0.0000 0.0000 0.1157 0.0000 0.0000 0.0000 0.0251 0.1095 0.0000 0.0000
183      183   (0)      1  : 0.1459 0.0000 0.0000 0.0495 0.0000 0.0000 0.3200 0.0000 0.2651 0.0000 0.0000 0.0677 0.0000 0.0064 0.0000 0.0017 0.0994 0.0443 0.0000
184      184   (0)      1  : 0.0534 0.0000 0.0130 0.3152 0.0000 0.0000 0.0000 0.0000 0.1340 0.0000 0.0000 0.4729 0.0000 0.0000 0.0025 0.0000 0.0000 0.0090 0.0000
185      185   (0)      1  : 0.1430 0.0000 0.0000 0.0437 0.0000 0.0000 0.3723 0.0000 0.3302 0.0515 0.0000 0.0000 0.0000 0.0000 0.0000 0.0011 0.0349 0.0217 0.0017
186      186   (0)      1  : 0.0298 0.0000 0.0000 0.5473 0.0000 0.0000 0.0062 0.0000 0.3051 0.0000 0.0000 0.1024 0.0000 0.0000 0.0000 0.0000 0.0000 0.0000 0.0092
187      187   (0)      1  : 0.0047 0.0059 0.0000 0.2275 0.0221 0.0000 0.1587 0.0000 0.2356 0.0000 0.0000 0.0405 0.0012 0.0000 0.0195 0.0826 0.0000 0.0138 0.1882
188      188   (0)      1  : 0.1181 0.0000 0.0000 0.5264 0.0000 0.0000 0.0000 0.0000 0.1407 0.0000 0.0000 0.1907 0.0000 0.0000 0.0000 0.0000 0.0202 0.0040 0.0000
189      189   (0)      1  : 0.0863 0.0000 0.0000 0.6268 0.0000 0.0000 0.0821 0.0000 0.1050 0.0000 0.0000 0.0354 0.0000 0.0000 0.0000 0.0005 0.0278 0.0319 0.0042
190      190   (0)      2  : 0.0109 0.0000 0.0000 0.0754 0.0000 0.0000 0.3835 0.0000 0.0232 0.0000 0.0000 0.4620 0.0000 0.0000 0.0000 0.0361 0.0000 0.0035 0.0055
191      191   (0)      2  : 0.0080 0.0000 0.0000 0.3897 0.0000 0.0000 0.0000 0.0000 0.0407 0.0000 0.0000 0.0206 0.0000 0.0000 0.0378 0.1893 0.2731 0.0000 0.0408
192      192   (0)      2  : 0.1923 0.0000 0.0000 0.3106 0.0000 0.0000 0.0938 0.0000 0.1003 0.0043 0.0000 0.0010 0.0000 0.0000 0.0025 0.1925 0.0423 0.0238 0.0367
193      193   (0)      2  : 0.0000 0.0000 0.0000 0.0000 0.0000 0.0047 0.4591 0.0000 0.0000 0.0000 0.0000 0.0325 0.0000 0.0571 0.0455 0.2949 0.0000 0.0913 0.0148
194      194   (0)      2  : 0.0000 0.0000 0.0000 0.2741 0.0000 0.0000 0.1000 0.0000 0.0000 0.0000 0.0000 0.0690 0.0000 0.0000 0.0000 0.0000 0.5562 0.0006 0.0000
195      195   (0)      2  : 0.0000 0.0000 0.0000 0.0000 0.0000 0.0000 0.7541 0.0000 0.0000 0.0000 0.0000 0.0000 0.0000 0.0000 0.0000 0.1023 0.0000 0.0741 0.0695
196      196   (0)      2  : 0.0121 0.0000 0.0000 0.0648 0.0000 0.0000 0.0493 0.0000 0.2185 0.0000 0.0000 0.5158 0.0000 0.0000 0.0000 0.0403 0.0991 0.0000 0.0000
197      197   (0)      2  : 0.0084 0.0000 0.0000 0.0000 0.0000 0.0000 0.0640 0.0000 0.0582 0.0000 0.0000 0.5338 0.0000 0.0000 0.0000 0.2166 0.0935 0.0254 0.0000
198      198   (0)      1  : 0.0117 0.0000 0.0038 0.2454 0.0000 0.0000 0.4020 0.0000 0.1461 0.0000 0.0000 0.1082 0.0000 0.0000 0.0080 0.0139 0.0000 0.0286 0.0322
199      199   (0)      1  : 0.0958 0.0000 0.0000 0.2743 0.0000 0.0000 0.0000 0.0000 0.5040 0.0000 0.0000 0.0000 0.0000 0.0160 0.0000 0.0184 0.0634 0.0253 0.0028
200      200   (0)      1  : 0.0640 0.0000 0.0023 0.0000 0.0000 0.0000 0.2159 0.0000 0.4020 0.0000 0.0000 0.0342 0.0000 0.0000 0.0000 0.1347 0.0000 0.0917 0.0553
201      201   (0)      1  : 0.0000 0.0000 0.0000 0.0672 0.0128 0.0000 0.0515 0.0000 0.6369 0.0000 0.0000 0.1756 0.0241 0.0000 0.0000 0.0093 0.0000 0.0003 0.0223
202      202   (0)      1  : 0.0000 0.0000 0.0000 0.0000 0.0000 0.0000 0.1537 0.0000 0.5105 0.0087 0.0000 0.2581 0.0000 0.0000 0.0000 0.0689 0.0000 0.0001 0.0000
203      203   (0)      1  : 0.1349 0.0000 0.0000 0.0000 0.0000 0.0000 0.0000 0.0000 0.7998 0.0000 0.0000 0.0652 0.0000 0.0000 0.0000 0.0000 0.0000 0.0000 0.0000
204      204   (0)      2  : 0.0000 0.0000 0.0000 0.0000 0.0000 0.0000 0.0677 0.0000 0.0000 0.4469 0.0000 0.2580 0.0000 0.0000 0.0488 0.0785 0.0128 0.0472 0.0401
205      205   (0)      2  : 0.0005 0.0000 0.0003 0.0221 0.0000 0.0000 0.2637 0.0000 0.2594 0.0000 0.0000 0.3419 0.0000 0.0000 0.0000 0.0566 0.0470 0.0084 0.0000
206      206   (0)      2  : 0.0000 0.0000 0.0000 0.0000 0.0421 0.0000 0.0576 0.0000 0.0000 0.7325 0.0000 0.0000 0.0000 0.0000 0.0000 0.0918 0.0000 0.0361 0.0398
207      207   (0)      2  : 0.2414 0.0000 0.0000 0.1473 0.0000 0.0000 0.0030 0.0000 0.0265 0.0000 0.0000 0.1313 0.0061 0.0000 0.0072 0.0811 0.3562 0.0000 0.0000
208      208   (0)      2  : 0.0000 0.0000 0.0000 0.0000 0.0000 0.0000 0.7905 0.0000 0.0000 0.0000 0.0000 0.0935 0.0000 0.0028 0.0000 0.0343 0.0000 0.0789 0.0000
209      209   (0)      2  : 0.0599 0.0000 0.0000 0.3714 0.0000 0.0000 0.0012 0.0000 0.0000 0.0062 0.0000 0.1467 0.0000 0.0000 0.0000 0.0000 0.4027 0.0119 0.0000
210      210   (0)      2  : 0.0000 0.0000 0.0000 0.0000 0.0000 0.0000 0.1843 0.0000 0.0000 0.0000 0.0000 0.4846 0.0000 0.0180 0.0000 0.2111 0.0544 0.0446 0.0030
211      211   (0)      1  : 0.0629 0.0000 0.0055 0.0000 0.0000 0.0000 0.4310 0.0000 0.1258 0.0000 0.0000 0.2324 0.0000 0.0043 0.0000 0.0586 0.0000 0.0794 0.0000
212      212   (0)      1  : 0.0990 0.0000 0.0000 0.0584 0.0000 0.0000 0.0000 0.0000 0.4461 0.0000 0.0000 0.1228 0.0000 0.0051 0.0630 0.1109 0.0000 0.0110 0.0838
213      213   (0)      1  : 0.2220 0.0000 0.0000 0.0577 0.0000 0.0000 0.1029 0.0000 0.3211 0.0000 0.0000 0.0000 0.0000 0.0468 0.0000 0.1018 0.0044 0.0961 0.0473
214      214   (0)      1  : 0.2115 0.0000 0.0000 0.0253 0.0000 0.0000 0.0000 0.0000 0.4290 0.0000 0.0000 0.0000 0.0204 0.0000 0.0000 0.0000 0.2725 0.0407 0.0007
215      215   (0)      1  : 0.0545 0.0000 0.0000 0.0000 0.0000 0.0000 0.6690 0.0000 0.1553 0.0000 0.0000 0.0363 0.0000 0.0000 0.0000 0.0256 0.0000 0.0443 0.0149
216      216   (0)      1  : 0.0201 0.0000 0.0000 0.3038 0.0000 0.0000 0.0000 0.0000 0.4469 0.0000 0.0000 0.2292 0.0000 0.0000 0.0000 0.0000 0.0000 0.0000 0.0000
217      217   (0)      1  : 0.0773 0.0000 0.0000 0.2178 0.0000 0.0000 0.0119 0.0000 0.4361 0.0000 0.0000 0.2483 0.0071 0.0000 0.0000 0.0000 0.0014 0.0000 0.0000
218      218   (0)      1  : 0.0000 0.0000 0.0000 0.0000 0.0000 0.0000 0.3650 0.0000 0.5344 0.0000 0.0000 0.0000 0.0000 0.0000 0.0000 0.0421 0.0000 0.0361 0.0224
219      219   (0)      2  : 0.0574 0.0000 0.0000 0.2753 0.0000 0.0000 0.3650 0.0000 0.1285 0.0000 0.0000 0.0857 0.0000 0.0000 0.0000 0.0136 0.0745 0.0000 0.0000
220      220   (0)      2  : 0.0023 0.0000 0.0000 0.0000 0.0000 0.0000 0.2864 0.0000 0.0746 0.0000 0.0000 0.2715 0.0000 0.0000 0.0442 0.1300 0.0000 0.1004 0.0905
221      221   (0)      2  : 0.0473 0.0000 0.0000 0.3063 0.0000 0.0000 0.0000 0.0000 0.0749 0.0000 0.0000 0.4074 0.0000 0.0000 0.0070 0.0104 0.1331 0.0000 0.0136
222      222   (0)      2  : 0.0239 0.0000 0.0000 0.4305 0.0000 0.0000 0.0896 0.0000 0.2289 0.0000 0.0000 0.0000 0.0000 0.0000 0.0060 0.0576 0.0019 0.0685 0.0933
223      223   (0)      2  : 0.0000 0.0000 0.0000 0.2645 0.0000 0.0000 0.0000 0.0000 0.2235 0.0000 0.0000 0.4213 0.0000 0.0000 0.0349 0.0008 0.0550 0.0000 0.0000
224      224   (0)      2  : 0.0000 0.0000 0.0000 0.1151 0.0000 0.0000 0.6988 0.0000 0.0000 0.0152 0.0000 0.0730 0.0000 0.0000 0.0005 0.0141 0.0293 0.0540 0.0000
225      225   (0)      2  : 0.0073 0.0000 0.0000 0.1488 0.0000 0.0000 0.1815 0.0000 0.0106 0.0000 0.0000 0.5747 0.0000 0.0000 0.0000 0.0770 0.0000 0.0000 0.0000
226      226   (0)      2  : 0.0379 0.0000 0.0000 0.6507 0.0000 0.0000 0.0000 0.0000 0.0371 0.0000 0.0000 0.1867 0.0303 0.0000 0.0104 0.0000 0.0000 0.0000 0.0470
227      227   (0)      2  : 0.0523 0.0000 0.0000 0.6770 0.0000 0.0000 0.0777 0.0000 0.0530 0.0000 0.0000 0.0877 0.0000 0.0000 0.0000 0.0000 0.0151 0.0371 0.0000
228      228   (0)      2  : 0.0130 0.0000 0.0000 0.7407 0.0000 0.0000 0.0519 0.0000 0.0449 0.0000 0.0000 0.0492 0.0000 0.0000 0.0000 0.0031 0.0608 0.0255 0.0107
229      229   (0)      2  : 0.0000 0.0000 0.0000 0.9012 0.0000 0.0000 0.0040 0.0000 0.0063 0.0000 0.0000 0.0000 0.0000 0.0000 0.0000 0.0000 0.0885 0.0000 0.0000
230      230   (0)      2  : 0.0000 0.0000 0.0000 0.1456 0.0000 0.0000 0.2176 0.0000 0.0000 0.6302 0.0000 0.0000 0.0000 0.0000 0.0000 0.0000 0.0000 0.0066 0.0000
231      231   (0)      2  : 0.0243 0.0000 0.0000 0.3412 0.0000 0.0000 0.1119 0.0000 0.0661 0.0000 0.0000 0.0360 0.0000 0.0038 0.0746 0.0944 0.0114 0.0559 0.1804
232      232   (0)      2  : 0.0249 0.0000 0.0000 0.1551 0.0000 0.0000 0.3332 0.0000 0.0231 0.0000 0.0000 0.0401 0.0006 0.0000 0.0021 0.0058 0.3556 0.0343 0.0253
233      233   (0)      9  : 0.0000 0.0000 1.0000 0.0000 0.0000 0.0000 0.0000 0.0000 0.0000 0.0000 0.0000 0.0000 0.0000 0.0000 0.0000 0.0000 0.0000 0.0000 0.0000
234      234   (0)      9  : 0.0000 0.0000 0.0000 0.0000 0.0262 0.3036 0.0000 0.0342 0.0000 0.0000 0.0317 0.0000 0.0000 0.3768 0.0000 0.0000 0.0000 0.2171 0.0103
235      235   (0)      9  : 0.0000 0.0000 1.0000 0.0000 0.0000 0.0000 0.0000 0.0000 0.0000 0.0000 0.0000 0.0000 0.0000 0.0000 0.0000 0.0000 0.0000 0.0000 0.0000
236      236   (0)      9  : 0.0209 0.0000 0.0000 0.0000 0.0046 0.4344 0.0000 0.0316 0.0000 0.0000 0.1072 0.0000 0.0000 0.1958 0.0000 0.0000 0.0000 0.1086 0.0970
237      237   (0)      9  : 0.0000 0.0000 1.0000 0.0000 0.0000 0.0000 0.0000 0.0000 0.0000 0.0000 0.0000 0.0000 0.0000 0.0000 0.0000 0.0000 0.0000 0.0000 0.0000
238      238   (0)      9  : 0.0000 0.0000 0.8984 0.0000 0.0000 0.0000 0.0000 0.0000 0.0000 0.0000 0.0000 0.0000 0.1016 0.0000 0.0000 0.0000 0.0000 0.0000 0.0000
239      239   (0)      9  : 0.0000 0.0840 0.0000 0.0000 0.0004 0.5804 0.0041 0.0000 0.0000 0.0000 0.0226 0.0076 0.0000 0.2312 0.0000 0.0049 0.0000 0.0647 0.0000
240      240   (0)      9  : 0.0000 0.0000 0.0000 0.0000 0.0014 0.7053 0.0000 0.0000 0.0000 0.0000 0.0800 0.0000 0.0000 0.1427 0.0000 0.0000 0.0000 0.0706 0.0000
241      241   (0)     10  : 0.0000 0.0000 0.0000 0.0000 0.0000 0.4131 0.0000 0.0000 0.0000 0.0000 0.0000 0.0000 0.0000 0.5869 0.0000 0.0000 0.0000 0.0000 0.0000
242      242   (0)     10  : 0.0000 0.0000 0.0000 0.0000 0.0000 0.9829 0.0000 0.0007 0.0000 0.0000 0.0000 0.0000 0.0028 0.0136 0.0000 0.0000 0.0000 0.0000 0.0000
243      243   (0)     10  : 0.0040 0.0000 0.0000 0.0000 0.0000 0.2530 0.0000 0.0000 0.0000 0.0000 0.0000 0.0000 0.0000 0.6228 0.0000 0.0000 0.0000 0.1119 0.0082
244      244   (0)     11  : 0.0000 0.0000 0.0795 0.0000 0.0000 0.0000 0.0000 0.0000 0.0000 0.0000 0.0000 0.0000 0.9205 0.0000 0.0000 0.0000 0.0000 0.0000 0.0000
245      245   (0)     11  : 0.0000 0.0000 0.1919 0.0000 0.0000 0.0000 0.0000 0.0000 0.0000 0.0000 0.0000 0.0000 0.7334 0.0747 0.0000 0.0000 0.0000 0.0000 0.0000
246      246   (0)     11  : 0.0000 0.0000 0.1822 0.0000 0.0000 0.0000 0.0000 0.0000 0.0000 0.0000 0.0000 0.0368 0.7675 0.0000 0.0000 0.0000 0.0049 0.0085 0.0000
247      247   (0)     11  : 0.0000 0.0000 0.5182 0.0000 0.0000 0.0000 0.0000 0.0000 0.0000 0.0000 0.0000 0.0000 0.4588 0.0230 0.0000 0.0000 0.0000 0.0000 0.0000
248      248   (0)     11  : 0.0000 0.0000 0.0995 0.0000 0.0000 0.0000 0.0000 0.0000 0.0000 0.0000 0.0000 0.0000 0.9005 0.0000 0.0000 0.0000 0.0000 0.0000 0.0000
249      249   (0)     11  : 0.0000 0.0019 0.0000 0.0000 0.0000 0.2432 0.0000 0.0213 0.0000 0.0000 0.3161 0.0000 0.0251 0.2425 0.0000 0.0000 0.0000 0.1500 0.0000
250      250   (0)     11  : 0.0000 0.1577 0.0070 0.0000 0.0040 0.1077 0.0000 0.0486 0.0000 0.0000 0.2438 0.0000 0.0000 0.2685 0.0017 0.0000 0.0000 0.1245 0.0365
251      251   (0)     10  : 0.0000 0.0000 0.0597 0.0000 0.0000 0.3749 0.0000 0.0000 0.0129 0.0000 0.0000 0.0268 0.0000 0.5219 0.0000 0.0000 0.0038 0.0000 0.0000
252      252   (0)     10  : 0.0000 0.0000 0.0000 0.0000 0.0101 0.6040 0.0000 0.0000 0.0000 0.0071 0.0000 0.0000 0.0000 0.3302 0.0000 0.0000 0.0000 0.0485 0.0000
253      253   (0)     10  : 0.0000 0.0000 0.0000 0.0000 0.0000 0.9212 0.0000 0.0000 0.0000 0.0000 0.0000 0.0000 0.0000 0.0000 0.0000 0.0000 0.0000 0.0788 0.0000
254      254   (0)     10  : 0.0000 0.0000 0.0000 0.0000 0.0000 0.8379 0.0000 0.0241 0.0000 0.0000 0.0000 0.0115 0.0000 0.1197 0.0000 0.0000 0.0068 0.0000 0.0000
255      255   (0)     10  : 0.0000 0.0000 0.0000 0.0000 0.0000 0.3996 0.1019 0.0000 0.0000 0.0000 0.0845 0.0000 0.0000 0.3971 0.0000 0.0170 0.0000 0.0000 0.0000
256      256   (0)     10  : 0.0000 0.0000 0.0000 0.0000 0.0093 0.4154 0.0000 0.0000 0.0035 0.0000 0.0857 0.0000 0.0210 0.4256 0.0000 0.0000 0.0000 0.0000 0.0395
257      257   (0)     10  : 0.0000 0.0000 0.0045 0.0000 0.0003 0.3644 0.0000 0.0000 0.0000 0.0265 0.0587 0.0000 0.0000 0.3622 0.0000 0.0000 0.0000 0.1835 0.0000
258      258   (0)     10  : 0.0000 0.0000 0.0000 0.0000 0.0000 0.6879 0.0000 0.0000 0.0000 0.0000 0.0402 0.0000 0.0000 0.2223 0.0000 0.0000 0.0000 0.0495 0.0000
259      259   (0)     10  : 0.0000 0.0000 0.0073 0.0000 0.0296 0.3431 0.0000 0.0000 0.0000 0.0000 0.0000 0.0000 0.0000 0.5449 0.0000 0.0000 0.0000 0.0751 0.0000
260      260   (0)     10  : 0.0000 0.0004 0.0000 0.0000 0.0000 0.3907 0.0000 0.1094 0.0000 0.0000 0.0417 0.0000 0.0000 0.4155 0.0000 0.0000 0.0000 0.0371 0.0052
261      261   (0)     10  : 0.0000 0.0000 0.1998 0.0000 0.0000 0.0919 0.0000 0.0110 0.0000 0.0000 0.0020 0.0000 0.0000 0.6954 0.0000 0.0000 0.0000 0.0000 0.0000
262      262   (0)     10  : 0.0000 0.0085 0.0000 0.0000 0.0035 0.1118 0.0000 0.0026 0.0000 0.0000 0.0080 0.0000 0.0140 0.8333 0.0183 0.0000 0.0000 0.0000 0.0000
263      263   (0)     10  : 0.0000 0.0000 0.0000 0.0000 0.0120 0.5706 0.0000 0.0000 0.0000 0.0000 0.0000 0.0000 0.0000 0.4174 0.0000 0.0000 0.0000 0.0000 0.0000
264      264   (0)     10  : 0.0000 0.0001 0.0000 0.0000 0.0000 0.3278 0.0000 0.0000 0.0000 0.0000 0.0000 0.0000 0.0000 0.6721 0.0000 0.0000 0.0000 0.0000 0.0000
265      265   (0)     10  : 0.0000 0.0000 0.0000 0.0000 0.0000 0.2549 0.0000 0.0000 0.0000 0.0000 0.0938 0.0000 0.0000 0.5323 0.0000 0.0000 0.0000 0.1191 0.0000
266      266   (0)     10  : 0.0000 0.0000 0.0000 0.0000 0.0072 0.9377 0.0000 0.0539 0.0000 0.0000 0.0000 0.0013 0.0000 0.0000 0.0000 0.0000 0.0000 0.0000 0.0000
267      267   (0)     10  : 0.0000 0.0000 0.6447 0.0000 0.0000 0.0602 0.0170 0.0011 0.0000 0.0000 0.0000 0.0400 0.2296 0.0000 0.0000 0.0075 0.0000 0.0000 0.0000
268      268   (0)     10  : 0.0000 0.0014 0.0000 0.0000 0.0000 0.4769 0.0000 0.0366 0.0000 0.0000 0.0000 0.0000 0.0000 0.4763 0.0070 0.0000 0.0000 0.0000 0.0018
269      269   (0)     10  : 0.0000 0.0021 0.0053 0.0000 0.0000 0.1548 0.0000 0.0000 0.0000 0.0000 0.0000 0.0000 0.0000 0.8333 0.0044 0.0000 0.0000 0.0000 0.0000
270      270   (0)     10  : 0.0000 0.0000 0.0000 0.0000 0.0000 0.6436 0.0000 0.0000 0.0150 0.0000 0.0000 0.0048 0.0014 0.3352 0.0000 0.0000 0.0000 0.0000 0.0000
271      271   (0)     10  : 0.0000 0.0000 0.0000 0.0000 0.0000 0.5801 0.0000 0.0000 0.0000 0.0000 0.0039 0.0000 0.0000 0.3837 0.0125 0.0000 0.0000 0.0198 0.0000
272      272   (0)     10  : 0.0000 0.0000 0.0000 0.0000 0.0000 1.0000 0.0000 0.0000 0.0000 0.0000 0.0000 0.0000 0.0000 0.0000 0.0000 0.0000 0.0000 0.0000 0.0000
273      273   (0)     12  : 0.0000 0.8941 0.0000 0.0000 0.0000 0.0000 0.0000 0.0000 0.0000 0.0000 0.1059 0.0000 0.0000 0.0000 0.0000 0.0000 0.0000 0.0000 0.0000
274      274   (0)     12  : 0.0000 1.0000 0.0000 0.0000 0.0000 0.0000 0.0000 0.0000 0.0000 0.0000 0.0000 0.0000 0.0000 0.0000 0.0000 0.0000 0.0000 0.0000 0.0000
275      275   (0)     12  : 0.0000 1.0000 0.0000 0.0000 0.0000 0.0000 0.0000 0.0000 0.0000 0.0000 0.0000 0.0000 0.0000 0.0000 0.0000 0.0000 0.0000 0.0000 0.0000
276      276   (0)     12  : 0.0000 0.8576 0.0000 0.0000 0.0000 0.0000 0.0000 0.1254 0.0000 0.0000 0.0116 0.0000 0.0000 0.0000 0.0000 0.0000 0.0000 0.0053 0.0000
277      277   (0)     12  : 0.0000 0.9645 0.0184 0.0000 0.0000 0.0000 0.0000 0.0000 0.0000 0.0000 0.0000 0.0000 0.0000 0.0140 0.0000 0.0015 0.0000 0.0016 0.0000
278      278   (0)     12  : 0.0000 0.2054 0.0000 0.0000 0.0000 0.0000 0.0000 0.0000 0.0000 0.0000 0.0000 0.0000 0.7369 0.0578 0.0000 0.0000 0.0000 0.0000 0.0000
279      279   (0)     12  : 0.0000 0.0405 0.0000 0.0000 0.0000 0.0000 0.0000 0.0000 0.0000 0.0000 0.0000 0.0000 0.9051 0.0544 0.0000 0.0000 0.0000 0.0000 0.0000
280      280   (0)     12  : 0.0000 1.0000 0.0000 0.0000 0.0000 0.0000 0.0000 0.0000 0.0000 0.0000 0.0000 0.0000 0.0000 0.0000 0.0000 0.0000 0.0000 0.0000 0.0000
281      281   (0)     12  : 0.0000 0.8493 0.0000 0.0000 0.0000 0.0000 0.0000 0.0000 0.0000 0.0000 0.1022 0.0000 0.0000 0.0000 0.0000 0.0000 0.0000 0.0484 0.0000
282      282   (0)     12  : 0.0000 0.7878 0.0000 0.0000 0.0000 0.0120 0.0000 0.0285 0.0000 0.0000 0.0000 0.0000 0.0719 0.0988 0.0000 0.0000 0.0000 0.0000 0.0010
283      283   (0)     12  : 0.0000 0.9903 0.0000 0.0000 0.0000 0.0000 0.0000 0.0000 0.0000 0.0000 0.0000 0.0000 0.0000 0.0097 0.0000 0.0000 0.0000 0.0000 0.0000
284      284   (0)     12  : 0.0000 0.0211 0.0000 0.0000 0.0000 0.0000 0.0000 0.0000 0.0000 0.0000 0.0000 0.0000 0.9789 0.0000 0.0000 0.0000 0.0000 0.0000 0.0000
285      285   (0)     12  : 0.0000 0.0962 0.0000 0.0000 0.0000 0.0000 0.0000 0.0000 0.0000 0.0000 0.0000 0.0000 0.9038 0.0000 0.0000 0.0000 0.0000 0.0000 0.0000
286      286   (0)     12  : 0.0000 0.1965 0.0000 0.0000 0.0000 0.0000 0.0000 0.0000 0.0000 0.0000 0.0000 0.0000 0.7925 0.0000 0.0000 0.0000 0.0000 0.0000 0.0111
287      287   (0)     12  : 0.0000 1.0000 0.0000 0.0000 0.0000 0.0000 0.0000 0.0000 0.0000 0.0000 0.0000 0.0000 0.0000 0.0000 0.0000 0.0000 0.0000 0.0000 0.0000
288      288   (0)     12  : 0.0000 1.0000 0.0000 0.0000 0.0000 0.0000 0.0000 0.0000 0.0000 0.0000 0.0000 0.0000 0.0000 0.0000 0.0000 0.0000 0.0000 0.0000 0.0000
289      289   (0)     12  : 0.0000 1.0000 0.0000 0.0000 0.0000 0.0000 0.0000 0.0000 0.0000 0.0000 0.0000 0.0000 0.0000 0.0000 0.0000 0.0000 0.0000 0.0000 0.0000
290      290   (0)     12  : 0.0000 0.9649 0.0000 0.0000 0.0000 0.0000 0.0000 0.0000 0.0000 0.0000 0.0000 0.0000 0.0000 0.0000 0.0000 0.0000 0.0000 0.0351 0.0000
291      291   (0)     12  : 0.0000 0.9843 0.0000 0.0000 0.0000 0.0000 0.0000 0.0000 0.0000 0.0000 0.0000 0.0000 0.0000 0.0000 0.0000 0.0000 0.0000 0.0157 0.0000
292      292   (0)     12  : 0.0000 1.0000 0.0000 0.0000 0.0000 0.0000 0.0000 0.0000 0.0000 0.0000 0.0000 0.0000 0.0000 0.0000 0.0000 0.0000 0.0000 0.0000 0.0000
293      293   (0)     12  : 0.0000 1.0000 0.0000 0.0000 0.0000 0.0000 0.0000 0.0000 0.0000 0.0000 0.0000 0.0000 0.0000 0.0000 0.0000 0.0000 0.0000 0.0000 0.0000
294      294   (0)     12  : 0.0000 0.9868 0.0000 0.0000 0.0000 0.0000 0.0000 0.0132 0.0000 0.0000 0.0000 0.0000 0.0000 0.0000 0.0000 0.0000 0.0000 0.0000 0.0000
295      295   (0)     12  : 0.0000 0.0000 0.0000 0.0000 0.0000 0.0000 0.0000 0.0000 0.0000 0.0000 0.0000 0.0000 1.0000 0.0000 0.0000 0.0000 0.0000 0.0000 0.0000
296      296   (0)     12  : 0.0000 0.9882 0.0000 0.0000 0.0000 0.0000 0.0000 0.0000 0.0000 0.0000 0.0118 0.0000 0.0000 0.0000 0.0000 0.0000 0.0000 0.0000 0.0000
297      297   (0)     12  : 0.0000 0.8827 0.0000 0.0000 0.0000 0.0000 0.0000 0.0652 0.0000 0.0000 0.0487 0.0000 0.0000 0.0000 0.0000 0.0000 0.0000 0.0034 0.0000
298      298   (0)     12  : 0.0000 0.0808 0.0000 0.0000 0.0000 0.0000 0.0000 0.0000 0.0000 0.0000 0.0000 0.0000 0.8197 0.0992 0.0003 0.0000 0.0000 0.0000 0.0000
299      299   (0)     12  : 0.0000 1.0000 0.0000 0.0000 0.0000 0.0000 0.0000 0.0000 0.0000 0.0000 0.0000 0.0000 0.0000 0.0000 0.0000 0.0000 0.0000 0.0000 0.0000
300      300   (0)     12  : 0.0000 0.0539 0.0000 0.0000 0.0000 0.0000 0.0000 0.0000 0.0000 0.0000 0.0000 0.0000 0.9461 0.0000 0.0000 0.0000 0.0000 0.0000 0.0000
301      301   (0)     13  : 0.0000 0.0000 0.0000 0.0000 0.0000 0.0000 0.0000 0.0000 0.0000 0.0000 0.9196 0.0000 0.0694 0.0110 0.0000 0.0000 0.0000 0.0000 0.0000
302      302   (0)     13  : 0.0000 0.0000 0.0000 0.0000 0.0000 0.0000 0.0000 0.0000 0.0000 0.0000 1.0000 0.0000 0.0000 0.0000 0.0000 0.0000 0.0000 0.0000 0.0000
303      303   (0)     13  : 0.0000 0.0000 0.0000 0.0000 0.0000 0.0000 0.0000 0.0000 0.0000 0.0000 0.9791 0.0000 0.0000 0.0000 0.0000 0.0000 0.0000 0.0209 0.0000
304      304   (0)     13  : 0.0000 0.0888 0.0605 0.0000 0.0000 0.1148 0.0000 0.2056 0.0000 0.0000 0.5091 0.0000 0.0000 0.0212 0.0000 0.0000 0.0000 0.0000 0.0000
305      305   (0)     13  : 0.0000 0.0000 0.0000 0.0000 0.0000 0.0000 0.0000 0.0000 0.0000 0.0000 1.0000 0.0000 0.0000 0.0000 0.0000 0.0000 0.0000 0.0000 0.0000
306      306   (0)     13  : 0.0000 0.0000 0.0000 0.0000 0.0000 0.0000 0.0000 0.0000 0.0000 0.0000 1.0000 0.0000 0.0000 0.0000 0.0000 0.0000 0.0000 0.0000 0.0000
307      307   (0)     13  : 0.0000 0.0000 0.0000 0.0000 0.0064 0.0611 0.0000 0.0000 0.0000 0.0000 0.8790 0.0000 0.0000 0.0000 0.0000 0.0000 0.0000 0.0535 0.0000
308      308   (0)     13  : 0.0000 0.0000 0.4412 0.0000 0.0000 0.0000 0.0000 0.0000 0.0209 0.0000 0.2706 0.0000 0.2673 0.0000 0.0000 0.0000 0.0000 0.0000 0.0000
309      309   (0)     13  : 0.0000 0.0000 0.0758 0.0000 0.0000 0.0000 0.0000 0.0000 0.0000 0.0000 0.5535 0.0000 0.2821 0.0886 0.0000 0.0000 0.0000 0.0000 0.0000
310      310   (0)     13  : 0.0000 0.1504 0.0000 0.0000 0.0000 0.0000 0.0000 0.0000 0.0000 0.0000 0.8361 0.0000 0.0000 0.0000 0.0000 0.0000 0.0000 0.0134 0.0000
311      311   (0)     13  : 0.0000 0.0000 0.0000 0.0000 0.0000 0.0000 0.0000 0.0000 0.0000 0.0000 1.0000 0.0000 0.0000 0.0000 0.0000 0.0000 0.0000 0.0000 0.0000
312      312   (0)     13  : 0.0000 0.0000 0.0000 0.0000 0.0000 0.0000 0.0000 0.0000 0.0000 0.0000 0.9875 0.0000 0.0000 0.0000 0.0000 0.0000 0.0000 0.0000 0.0125
313      313   (0)     13  : 0.0000 0.0000 0.0000 0.0000 0.0000 0.0000 0.0000 0.0000 0.0000 0.0000 1.0000 0.0000 0.0000 0.0000 0.0000 0.0000 0.0000 0.0000 0.0000
314      314   (0)     13  : 0.0000 0.0000 0.0000 0.0000 0.0000 0.0000 0.0000 0.0000 0.0000 0.0000 1.0000 0.0000 0.0000 0.0000 0.0000 0.0000 0.0000 0.0000 0.0000
315      315   (0)     13  : 0.0000 0.0000 0.0000 0.0000 0.0000 0.0000 0.0000 0.0000 0.0000 0.0000 1.0000 0.0000 0.0000 0.0000 0.0000 0.0000 0.0000 0.0000 0.0000
316      316   (0)     13  : 0.0000 0.0000 0.0000 0.0000 0.0000 0.0912 0.0000 0.0000 0.0000 0.0000 0.7759 0.0000 0.0424 0.0000 0.0000 0.0000 0.0000 0.0905 0.0000
317      317   (0)     13  : 0.0000 0.0000 0.0000 0.0000 0.0000 0.0000 0.0000 0.0000 0.0000 0.0000 0.9059 0.0000 0.0000 0.0941 0.0000 0.0000 0.0000 0.0000 0.0000
318      318   (0)     13  : 0.0000 0.0000 0.0000 0.0000 0.0000 0.0000 0.0000 0.0000 0.0000 0.0000 1.0000 0.0000 0.0000 0.0000 0.0000 0.0000 0.0000 0.0000 0.0000
319      319   (0)     13  : 0.0000 0.0000 0.0000 0.0000 0.0000 0.0000 0.0000 0.0000 0.0000 0.0000 1.0000 0.0000 0.0000 0.0000 0.0000 0.0000 0.0000 0.0000 0.0000
320      320   (0)     13  : 0.0000 0.0007 0.1910 0.0000 0.0000 0.0000 0.0000 0.0000 0.0000 0.0000 0.2124 0.0000 0.5191 0.0769 0.0000 0.0000 0.0000 0.0000 0.0000
321      321   (0)     13  : 0.0000 0.0000 0.0000 0.0000 0.0000 0.0000 0.0000 0.0000 0.0000 0.0000 1.0000 0.0000 0.0000 0.0000 0.0000 0.0000 0.0000 0.0000 0.0000
322      322   (0)     13  : 0.0000 0.0000 0.0000 0.0000 0.0000 0.0000 0.0000 0.0000 0.0000 0.0000 0.9568 0.0000 0.0432 0.0000 0.0000 0.0000 0.0000 0.0000 0.0000
323      323   (0)     13  : 0.0000 0.0000 0.0000 0.0000 0.0000 0.0000 0.0000 0.0678 0.0000 0.0000 0.9322 0.0000 0.0000 0.0000 0.0000 0.0000 0.0000 0.0000 0.0000
324      324   (0)     13  : 0.0000 0.0000 0.0000 0.0000 0.0000 0.0000 0.0000 0.2364 0.0000 0.0000 0.7636 0.0000 0.0000 0.0000 0.0000 0.0000 0.0000 0.0000 0.0000
325      325   (0)     14  : 0.0000 0.0000 0.0000 0.0000 0.0000 0.2452 0.0000 0.0000 0.0000 0.0000 0.6581 0.0000 0.0000 0.0247 0.0000 0.0000 0.0000 0.0720 0.0000
326      326   (0)     14  : 0.0000 0.0000 0.0000 0.0000 0.0000 0.9035 0.0000 0.0000 0.0000 0.0000 0.0109 0.0000 0.0000 0.0000 0.0000 0.0000 0.0000 0.0856 0.0000
327      327   (0)     14  : 0.0000 0.0000 1.0000 0.0000 0.0000 0.0000 0.0000 0.0000 0.0000 0.0000 0.0000 0.0000 0.0000 0.0000 0.0000 0.0000 0.0000 0.0000 0.0000
328      328   (0)     14  : 0.0000 0.2408 0.0000 0.0000 0.0000 0.3650 0.0000 0.0032 0.0000 0.0000 0.1697 0.0000 0.0000 0.0273 0.0000 0.0000 0.0000 0.1940 0.0000
329      329   (0)     14  : 0.0000 0.0000 0.3592 0.0000 0.0000 0.0000 0.0000 0.0000 0.0000 0.0000 0.0000 0.0000 0.6408 0.0000 0.0000 0.0000 0.0000 0.0000 0.0000
330      330   (0)     14  : 0.0000 0.0000 0.9417 0.0000 0.0000 0.0000 0.0000 0.0000 0.0144 0.0000 0.0000 0.0000 0.0000 0.0439 0.0000 0.0000 0.0000 0.0000 0.0000
331      331   (0)     14  : 0.0000 0.0000 0.5801 0.0000 0.0000 0.0000 0.0000 0.0000 0.0000 0.0000 0.0039 0.0000 0.3754 0.0132 0.0275 0.0000 0.0000 0.0000 0.0000
332      332   (0)     14  : 0.0000 0.0892 0.0625 0.0000 0.0000 0.0628 0.0000 0.0555 0.0000 0.0000 0.2250 0.0000 0.0000 0.4071 0.0000 0.0000 0.0000 0.0979 0.0000
333      333   (0)     14  : 0.0000 0.0000 0.8210 0.0000 0.0000 0.0000 0.0000 0.0000 0.0000 0.0000 0.0000 0.0000 0.1790 0.0000 0.0000 0.0000 0.0000 0.0000 0.0000
334      334   (0)     14  : 0.0000 0.0000 0.0000 0.0000 0.0000 0.5469 0.0000 0.0000 0.0000 0.0000 0.1120 0.0000 0.0250 0.0000 0.0000 0.0000 0.0000 0.3160 0.0000
335      335   (0)     14  : 0.0000 0.0075 0.0430 0.0000 0.0000 0.0904 0.0000 0.0330 0.0011 0.0000 0.2695 0.0000 0.0091 0.4195 0.0000 0.0000 0.0000 0.1269 0.0000
336      336   (0)     11  : 0.0000 0.0000 0.5619 0.0000 0.0000 0.0000 0.0000 0.0000 0.0057 0.0000 0.0278 0.0000 0.3967 0.0000 0.0000 0.0000 0.0000 0.0079 0.0000
337      337   (0)     11  : 0.0000 0.0619 0.0000 0.0000 0.0101 0.3090 0.0000 0.0000 0.0000 0.0000 0.3341 0.0000 0.0000 0.0000 0.0000 0.0000 0.0000 0.2704 0.0145
338      338   (0)     11  : 0.0000 0.0000 0.2599 0.0000 0.0000 0.0053 0.0000 0.0000 0.0211 0.0000 0.0000 0.0000 0.7138 0.0000 0.0000 0.0000 0.0000 0.0000 0.0000
339      339   (0)     10  : 0.0000 0.0000 0.0000 0.0000 0.0000 0.7948 0.0000 0.0000 0.0000 0.0000 0.0000 0.0000 0.0000 0.0000 0.0000 0.0000 0.0000 0.2052 0.0000
340      340   (0)     10  : 0.0527 0.0000 0.6377 0.0000 0.0000 0.0000 0.0000 0.0000 0.0000 0.0000 0.0000 0.0000 0.0324 0.0000 0.0000 0.0000 0.0000 0.0553 0.2220
341      341   (0)     11  : 0.0116 0.0000 0.3397 0.0009 0.0000 0.0044 0.0000 0.0000 0.0027 0.0000 0.0040 0.0000 0.4742 0.1523 0.0000 0.0000 0.0000 0.0029 0.0072
342      342   (0)     11  : 0.0000 0.0000 0.1973 0.0000 0.0000 0.0000 0.0000 0.0000 0.0000 0.0000 0.0000 0.0000 0.8027 0.0000 0.0000 0.0000 0.0000 0.0000 0.0000
343      343   (0)     11  : 0.0000 0.0000 0.8200 0.0000 0.0000 0.0000 0.0000 0.0000 0.0000 0.0000 0.0000 0.0000 0.1800 0.0000 0.0000 0.0000 0.0000 0.0000 0.0000
344      344   (0)     11  : 0.0080 0.0000 0.2094 0.0276 0.0000 0.0110 0.0000 0.0000 0.0000 0.0000 0.0000 0.0041 0.6198 0.1114 0.0000 0.0000 0.0000 0.0000 0.0087
345      345   (0)     11  : 0.0000 0.0000 0.1624 0.0000 0.0000 0.0156 0.0000 0.0000 0.0000 0.0000 0.0002 0.0000 0.8219 0.0000 0.0000 0.0000 0.0000 0.0000 0.0000
346      346   (0)     11  : 0.0000 0.0000 0.3785 0.0000 0.0000 0.0000 0.0000 0.0000 0.0000 0.0000 0.0000 0.0000 0.6215 0.0000 0.0000 0.0000 0.0000 0.0000 0.0000
347      347   (0)     11  : 0.0000 0.0315 0.0000 0.0000 0.0000 0.3255 0.0000 0.0000 0.0000 0.0000 0.4644 0.0000 0.0088 0.0278 0.0000 0.0000 0.0000 0.1420 0.0000
348      348   (0)     11  : 0.0000 0.0000 0.3878 0.0000 0.0000 0.0000 0.0000 0.0000 0.0000 0.0000 0.0000 0.0000 0.5866 0.0255 0.0000 0.0000 0.0000 0.0000 0.0000
349      349   (0)     11  : 0.0000 0.0000 0.3947 0.0000 0.0000 0.0035 0.0000 0.0000 0.0000 0.0000 0.0000 0.0000 0.5703 0.0315 0.0000 0.0000 0.0000 0.0000 0.0000
350      350   (0)     11  : 0.0000 0.0000 0.1370 0.0000 0.0000 0.0168 0.0000 0.0000 0.0000 0.0000 0.0016 0.0000 0.6134 0.2312 0.0000 0.0000 0.0000 0.0000 0.0000
351      351   (0)     11  : 0.0000 0.0000 0.1406 0.0000 0.0000 0.0000 0.0000 0.0000 0.0000 0.0000 0.0000 0.0000 0.8594 0.0000 0.0000 0.0000 0.0000 0.0000 0.0000
352      352   (0)     11  : 0.0000 0.1294 0.0084 0.0000 0.0000 0.3950 0.0000 0.0420 0.0000 0.0000 0.0680 0.0000 0.0263 0.1364 0.0000 0.0000 0.0000 0.1945 0.0000
353      353   (0)     11  : 0.0000 0.0000 0.2498 0.0000 0.0000 0.0000 0.0000 0.0000 0.0000 0.0000 0.0000 0.0000 0.7502 0.0000 0.0000 0.0000 0.0000 0.0000 0.0000
354      354   (0)     11  : 0.0000 0.0156 0.0000 0.0000 0.0000 0.4439 0.0000 0.0000 0.0000 0.0000 0.1582 0.0000 0.0000 0.0489 0.0000 0.0000 0.0000 0.3333 0.0000
355      355   (0)     11  : 0.0000 0.0000 0.2188 0.0000 0.0000 0.0000 0.0000 0.0000 0.0000 0.0000 0.0000 0.0000 0.7812 0.0000 0.0000 0.0000 0.0000 0.0000 0.0000
356      356   (0)     14  : 0.0089 0.0000 0.7573 0.0000 0.0000 0.0000 0.0000 0.1095 0.0000 0.0000 0.0000 0.0000 0.0954 0.0000 0.0000 0.0000 0.0000 0.0062 0.0227
357      357   (0)     14  : 0.0000 0.0620 0.0000 0.0000 0.0000 0.4113 0.0000 0.0092 0.0000 0.0000 0.1930 0.0000 0.0153 0.0000 0.0000 0.0000 0.0000 0.3092 0.0000
358      358   (0)     14  : 0.0000 0.0000 0.5278 0.0000 0.0000 0.0000 0.0000 0.0000 0.0000 0.0000 0.0000 0.0000 0.4722 0.0000 0.0000 0.0000 0.0000 0.0000 0.0000
359      359   (0)     14  : 0.0000 0.0061 0.0175 0.0000 0.0000 0.6132 0.0000 0.1343 0.0000 0.0000 0.2289 0.0000 0.0000 0.0000 0.0000 0.0000 0.0000 0.0000 0.0000
360      360   (0)     14  : 0.0000 0.0000 1.0000 0.0000 0.0000 0.0000 0.0000 0.0000 0.0000 0.0000 0.0000 0.0000 0.0000 0.0000 0.0000 0.0000 0.0000 0.0000 0.0000
361      361   (0)     14  : 0.0000 0.0000 0.8542 0.0000 0.0000 0.0000 0.0000 0.0000 0.0000 0.0000 0.0339 0.0000 0.0634 0.0485 0.0000 0.0000 0.0000 0.0000 0.0000
362      362   (0)     14  : 0.0000 0.0000 0.7604 0.0000 0.0000 0.0000 0.0000 0.0000 0.0000 0.0000 0.0000 0.0000 0.2066 0.0331 0.0000 0.0000 0.0000 0.0000 0.0000
363      363   (0)     14  : 0.0056 0.0000 0.6604 0.0000 0.0000 0.0000 0.0000 0.0000 0.0000 0.0000 0.0000 0.0085 0.3254 0.0000 0.0000 0.0000 0.0000 0.0000 0.0000
364      364   (0)     14  : 0.0053 0.0000 0.6494 0.0000 0.0000 0.0000 0.0000 0.0000 0.0000 0.0000 0.0000 0.0000 0.3208 0.0000 0.0000 0.0000 0.0000 0.0057 0.0188
365      365   (0)     14  : 0.0000 0.0000 0.6205 0.0000 0.0000 0.0000 0.0000 0.0000 0.0000 0.0000 0.1251 0.0000 0.1881 0.0662 0.0000 0.0000 0.0000 0.0000 0.0000
366      366   (0)     14  : 0.0000 0.0006 0.0221 0.0000 0.0000 0.5244 0.0000 0.1129 0.0000 0.0000 0.2037 0.0000 0.0165 0.0837 0.0000 0.0000 0.0000 0.0361 0.0000
367      367   (0)      9  : 0.0000 0.0000 0.0090 0.0000 0.0000 0.7345 0.0000 0.0670 0.0000 0.0000 0.0109 0.0000 0.0000 0.0000 0.0000 0.0000 0.0000 0.1786 0.0000
368      368   (0)      9  : 0.0000 0.0000 0.8169 0.0000 0.0000 0.0758 0.0000 0.0000 0.0090 0.0000 0.0000 0.0000 0.0000 0.0000 0.0070 0.0061 0.0000 0.0503 0.0348
369      369   (0)      9  : 0.0000 0.0000 0.0000 0.0000 0.0000 0.9157 0.0000 0.0000 0.0000 0.0000 0.0843 0.0000 0.0000 0.0000 0.0000 0.0000 0.0000 0.0000 0.0000
370      370   (0)      9  : 0.0000 0.0000 0.0000 0.0000 0.0000 0.7920 0.0000 0.0006 0.0000 0.0000 0.0000 0.0000 0.0930 0.1143 0.0000 0.0000 0.0000 0.0000 0.0000
371      371   (0)      9  : 0.0000 0.0000 0.0000 0.0000 0.0000 0.7437 0.0000 0.0000 0.0000 0.0000 0.0129 0.0000 0.0000 0.1174 0.0000 0.0000 0.0000 0.1260 0.0000
372      372   (0)      9  : 0.0000 0.0000 1.0000 0.0000 0.0000 0.0000 0.0000 0.0000 0.0000 0.0000 0.0000 0.0000 0.0000 0.0000 0.0000 0.0000 0.0000 0.0000 0.0000
373      373   (0)     14  : 0.0000 0.0000 0.6010 0.0000 0.0000 0.0000 0.0000 0.0000 0.0000 0.0000 0.0000 0.0000 0.3951 0.0000 0.0000 0.0000 0.0000 0.0038 0.0000
374      374   (0)     14  : 0.0000 0.0000 0.0001 0.0000 0.0000 0.5512 0.0000 0.0000 0.0000 0.0000 0.0847 0.0000 0.0437 0.0000 0.0000 0.0000 0.0000 0.3204 0.0000
375      375   (0)     14  : 0.0000 0.0126 0.9222 0.0000 0.0000 0.0000 0.0000 0.0000 0.0000 0.0000 0.0000 0.0000 0.0000 0.0652 0.0000 0.0000 0.0000 0.0000 0.0000
376      376   (0)     14  : 0.0000 0.0000 1.0000 0.0000 0.0000 0.0000 0.0000 0.0000 0.0000 0.0000 0.0000 0.0000 0.0000 0.0000 0.0000 0.0000 0.0000 0.0000 0.0000
377      377   (0)     14  : 0.0000 0.0000 0.0000 0.0000 0.0016 0.5382 0.0000 0.0000 0.0000 0.0000 0.1268 0.0000 0.0000 0.0000 0.0000 0.0000 0.0000 0.3333 0.0000
378      378   (0)      9  : 0.0000 0.0010 0.0000 0.0000 0.0000 0.9026 0.0000 0.0000 0.0000 0.0000 0.0000 0.0000 0.0000 0.0000 0.0000 0.0000 0.0000 0.0964 0.0000
379      379   (0)      9  : 0.0000 0.0000 0.9843 0.0142 0.0000 0.0000 0.0000 0.0000 0.0000 0.0000 0.0000 0.0015 0.0000 0.0000 0.0000 0.0000 0.0000 0.0000 0.0000
380      380   (0)      9  : 0.0000 0.0000 1.0000 0.0000 0.0000 0.0000 0.0000 0.0000 0.0000 0.0000 0.0000 0.0000 0.0000 0.0000 0.0000 0.0000 0.0000 0.0000 0.0000
381      381   (0)      9  : 0.0000 0.0000 0.9257 0.0000 0.0000 0.0000 0.0743 0.0000 0.0000 0.0000 0.0000 0.0000 0.0000 0.0000 0.0000 0.0000 0.0000 0.0000 0.0000
382      382   (0)      9  : 0.0000 0.0000 0.0323 0.0000 0.0000 0.6778 0.0000 0.0000 0.0000 0.0000 0.0155 0.0000 0.0000 0.2042 0.0000 0.0000 0.0000 0.0702 0.0000
383      383   (0)      9  : 0.0000 0.0000 0.0000 0.0000 0.0000 0.8622 0.0000 0.0000 0.0000 0.0000 0.0000 0.0000 0.0000 0.0000 0.0000 0.0000 0.0000 0.1378 0.0000
384      384   (0)      9  : 0.0000 0.0000 0.0000 0.0000 0.0000 0.8267 0.0000 0.0000 0.0000 0.0000 0.0000 0.0000 0.0000 0.1733 0.0000 0.0000 0.0000 0.0000 0.0000
385      385   (0)      9  : 0.0000 0.0000 0.8749 0.0000 0.0000 0.0000 0.0205 0.0000 0.0000 0.0000 0.0000 0.0637 0.0000 0.0000 0.0000 0.0202 0.0000 0.0207 0.0000
386      386   (0)      9  : 0.0000 0.0042 0.0000 0.0000 0.0000 0.5912 0.0000 0.0000 0.0000 0.0000 0.0206 0.0000 0.0000 0.2577 0.0000 0.0000 0.0000 0.1263 0.0000
387      387   (0)      9  : 0.0000 0.0000 0.0046 0.0000 0.0191 0.8864 0.0000 0.0000 0.0000 0.0000 0.0000 0.0000 0.0000 0.0899 0.0000 0.0000 0.0000 0.0000 0.0000
388      388   (0)      9  : 0.0000 0.0000 1.0000 0.0000 0.0000 0.0000 0.0000 0.0000 0.0000 0.0000 0.0000 0.0000 0.0000 0.0000 0.0000 0.0000 0.0000 0.0000 0.0000
389      389   (0)      9  : 0.0000 0.0000 1.0000 0.0000 0.0000 0.0000 0.0000 0.0000 0.0000 0.0000 0.0000 0.0000 0.0000 0.0000 0.0000 0.0000 0.0000 0.0000 0.0000
390      390   (0)      9  : 0.0000 0.0000 0.0000 0.0000 0.0713 0.1993 0.0000 0.0000 0.0000 0.0000 0.0019 0.0000 0.0000 0.3406 0.0000 0.0000 0.0000 0.2824 0.1046
391      391   (0)      9  : 0.0000 0.0000 0.8513 0.0000 0.0000 0.0000 0.0489 0.0000 0.0000 0.0000 0.0000 0.0755 0.0000 0.0000 0.0000 0.0244 0.0000 0.0000 0.0000
392      392   (0)     15  : 0.0000 0.0000 0.0000 0.0000 0.0000 0.2011 0.0000 0.6459 0.0000 0.0000 0.0474 0.0000 0.0000 0.0000 0.0000 0.0000 0.0000 0.1055 0.0000
393      393   (0)     15  : 0.0000 0.0000 0.0000 0.0000 0.0000 0.0000 0.0000 0.8259 0.0000 0.0000 0.1741 0.0000 0.0000 0.0000 0.0000 0.0000 0.0000 0.0000 0.0000
394      394   (0)     15  : 0.0000 0.0000 0.0012 0.0000 0.0000 0.0000 0.0000 0.9988 0.0000 0.0000 0.0000 0.0000 0.0000 0.0000 0.0000 0.0000 0.0000 0.0000 0.0000
395      395   (0)     15  : 0.0000 0.0000 0.0000 0.0000 0.0000 0.0000 0.0925 0.8178 0.0000 0.0000 0.0289 0.0000 0.0608 0.0000 0.0000 0.0000 0.0000 0.0000 0.0000
396      396   (0)     15  : 0.0000 0.0000 0.0000 0.0000 0.0000 0.0000 0.0000 0.9710 0.0000 0.0000 0.0290 0.0000 0.0000 0.0000 0.0000 0.0000 0.0000 0.0000 0.0000
397      397   (0)     15  : 0.0000 0.0000 0.0000 0.0000 0.0000 0.0000 0.0000 1.0000 0.0000 0.0000 0.0000 0.0000 0.0000 0.0000 0.0000 0.0000 0.0000 0.0000 0.0000
398      398   (0)     15  : 0.0000 0.0000 0.0000 0.0000 0.0000 0.0000 0.0000 1.0000 0.0000 0.0000 0.0000 0.0000 0.0000 0.0000 0.0000 0.0000 0.0000 0.0000 0.0000
399      399   (0)     15  : 0.0000 0.0000 0.0627 0.0000 0.0000 0.0000 0.0000 0.1322 0.0000 0.0000 0.0000 0.0000 0.7901 0.0151 0.0000 0.0000 0.0000 0.0000 0.0000
400      400   (0)     15  : 0.0000 0.0000 0.0000 0.0000 0.0000 0.0000 0.0000 1.0000 0.0000 0.0000 0.0000 0.0000 0.0000 0.0000 0.0000 0.0000 0.0000 0.0000 0.0000
401      401   (0)     15  : 0.0000 0.0000 0.0000 0.0000 0.0000 0.0000 0.0000 1.0000 0.0000 0.0000 0.0000 0.0000 0.0000 0.0000 0.0000 0.0000 0.0000 0.0000 0.0000
402      402   (0)     15  : 0.0000 0.0000 0.0000 0.0000 0.0000 0.0000 0.0000 0.1643 0.0000 0.0000 0.0000 0.0000 0.8357 0.0000 0.0000 0.0000 0.0000 0.0000 0.0000
403      403   (0)     15  : 0.0000 0.0000 0.2239 0.0000 0.0000 0.0000 0.0000 0.0000 0.0000 0.0000 0.0000 0.0000 0.7761 0.0000 0.0000 0.0000 0.0000 0.0000 0.0000
404      404   (0)     15  : 0.0000 0.0000 0.0000 0.0000 0.0000 0.0000 0.0000 0.9922 0.0000 0.0000 0.0000 0.0000 0.0078 0.0000 0.0000 0.0000 0.0000 0.0000 0.0000
405      405   (0)     15  : 0.0000 0.0000 0.0000 0.0000 0.0000 0.0017 0.0000 0.9983 0.0000 0.0000 0.0000 0.0000 0.0000 0.0000 0.0000 0.0000 0.0000 0.0000 0.0000
406      406   (0)     15  : 0.0000 0.0000 0.0000 0.0000 0.0000 0.0000 0.0000 0.7707 0.0000 0.0000 0.2293 0.0000 0.0000 0.0000 0.0000 0.0000 0.0000 0.0000 0.0000
407      407   (0)     15  : 0.0000 0.0000 0.0000 0.0000 0.0000 0.0039 0.0000 0.8353 0.0000 0.0000 0.0000 0.0000 0.1440 0.0001 0.0000 0.0000 0.0000 0.0167 0.0000
408      408   (0)     15  : 0.0000 0.0000 0.0000 0.0000 0.0000 0.0000 0.0000 0.0668 0.0000 0.0000 0.0000 0.0000 0.9332 0.0000 0.0000 0.0000 0.0000 0.0000 0.0000
409      409   (0)     15  : 0.0000 0.0000 0.0000 0.0000 0.0000 0.0000 0.0000 0.9939 0.0000 0.0000 0.0000 0.0000 0.0061 0.0000 0.0000 0.0000 0.0000 0.0000 0.0000
410      410   (0)     15  : 0.0000 0.0000 0.0000 0.0000 0.0000 0.0000 0.0000 0.1580 0.0000 0.0000 0.0000 0.0000 0.8420 0.0000 0.0000 0.0000 0.0000 0.0000 0.0000
411      411   (0)     15  : 0.0000 0.0000 0.0000 0.0000 0.0000 0.0000 0.0000 0.8906 0.0000 0.0000 0.1094 0.0000 0.0000 0.0000 0.0000 0.0000 0.0000 0.0000 0.0000
412      412   (0)     15  : 0.0000 0.0000 0.0000 0.0000 0.0000 0.0000 0.0000 0.8439 0.0000 0.0000 0.0000 0.0000 0.1561 0.0000 0.0000 0.0000 0.0000 0.0000 0.0000
413      413   (0)     15  : 0.0000 0.0000 0.0000 0.0000 0.0000 0.0000 0.0000 0.8722 0.0000 0.0000 0.1278 0.0000 0.0000 0.0000 0.0000 0.0000 0.0000 0.0000 0.0000
414      414   (0)     15  : 0.0000 0.1000 0.0000 0.0000 0.0054 0.0087 0.0000 0.7506 0.0000 0.0000 0.0830 0.0000 0.0000 0.0020 0.0012 0.0000 0.0000 0.0000 0.0492
415      415   (0)     15  : 0.0000 0.0672 0.0000 0.0000 0.0000 0.0154 0.0000 0.7436 0.0152 0.0000 0.0000 0.0052 0.1322 0.0022 0.0000 0.0032 0.0000 0.0159 0.0000
416      416   (0)     15  : 0.0000 0.0000 0.0000 0.0000 0.0000 0.0000 0.0000 1.0000 0.0000 0.0000 0.0000 0.0000 0.0000 0.0000 0.0000 0.0000 0.0000 0.0000 0.0000
417      417   (0)     15  : 0.0000 0.0000 0.0000 0.0000 0.0000 0.0000 0.0000 0.0510 0.0000 0.0000 0.0000 0.0000 0.9490 0.0000 0.0000 0.0000 0.0000 0.0000 0.0000
418      418   (0)     15  : 0.0000 0.0000 0.0000 0.0000 0.0000 0.0000 0.0000 0.9081 0.0000 0.0000 0.0685 0.0000 0.0000 0.0000 0.0000 0.0000 0.0000 0.0234 0.0000
419      419   (0)     15  : 0.0000 0.0000 0.0000 0.0000 0.0000 0.0000 0.0000 0.0631 0.0000 0.0000 0.0000 0.0000 0.9369 0.0000 0.0000 0.0000 0.0000 0.0000 0.0000
420      420   (0)     15  : 0.0000 0.0000 0.0000 0.0000 0.0000 0.0000 0.0000 0.0264 0.0000 0.0000 0.0000 0.0000 0.9736 0.0000 0.0000 0.0000 0.0000 0.0000 0.0000
421      421   (0)     16  : 0.2412 0.0000 0.0000 0.2972 0.0000 0.0000 0.3644 0.0000 0.0000 0.0198 0.0000 0.0650 0.0000 0.0000 0.0000 0.0124 0.0000 0.0000 0.0000
422      422   (0)     16  : 0.1841 0.0000 0.0000 0.0358 0.0000 0.0000 0.5063 0.0000 0.0000 0.0000 0.0000 0.0000 0.0000 0.0000 0.0518 0.0686 0.0000 0.0994 0.0540
423      423   (0)     16  : 0.3629 0.0000 0.0012 0.2619 0.0000 0.0000 0.0000 0.0000 0.0646 0.0000 0.0000 0.1190 0.0327 0.0326 0.0873 0.0190 0.0000 0.0113 0.0074
424      424   (0)     16  : 0.2369 0.0000 0.0579 0.2052 0.0000 0.0000 0.1375 0.0000 0.0000 0.0000 0.0000 0.1366 0.0000 0.0095 0.0460 0.0648 0.0000 0.0827 0.0229
425      425   (0)     16  : 0.0654 0.0000 0.0000 0.0000 0.0000 0.0000 0.3900 0.0000 0.0000 0.0000 0.0000 0.3201 0.0000 0.0302 0.1523 0.0190 0.0000 0.0206 0.0024
426      426   (0)     16  : 0.2339 0.0000 0.0000 0.2668 0.0000 0.0000 0.0000 0.0000 0.0645 0.0000 0.0000 0.2992 0.0000 0.0105 0.0491 0.0671 0.0000 0.0000 0.0089
427      427   (0)     16  : 0.3916 0.0000 0.0000 0.0404 0.0000 0.0000 0.4779 0.0000 0.0000 0.0000 0.0016 0.0000 0.0000 0.0000 0.0000 0.0216 0.0000 0.0650 0.0020
428      428   (0)     16  : 0.5983 0.0000 0.0000 0.3368 0.0000 0.0000 0.0000 0.0000 0.0000 0.0000 0.0000 0.0000 0.0000 0.0000 0.0000 0.0000 0.0000 0.0648 0.0000
429      429   (0)     16  : 0.3400 0.0000 0.0000 0.0050 0.0000 0.0000 0.0996 0.0000 0.0079 0.0000 0.0000 0.2603 0.0000 0.0247 0.0000 0.1486 0.0000 0.1140 0.0000
430      430   (0)     16  : 0.4194 0.0000 0.0000 0.4538 0.0006 0.0000 0.0000 0.0000 0.0260 0.0000 0.0000 0.0000 0.0000 0.0000 0.0060 0.0036 0.0473 0.0000 0.0433
431      431   (0)     16  : 0.1638 0.0000 0.0000 0.0000 0.0000 0.0000 0.1837 0.0000 0.0000 0.0000 0.0000 0.0813 0.0000 0.0000 0.0607 0.2497 0.0000 0.0936 0.1672
432      432   (0)     16  : 0.4603 0.0000 0.0105 0.3897 0.0000 0.0000 0.0074 0.0000 0.0343 0.0000 0.0000 0.0775 0.0000 0.0000 0.0000 0.0026 0.0177 0.0000 0.0000
433      433   (0)     16  : 0.1883 0.0000 0.0000 0.0141 0.0000 0.0000 0.7121 0.0000 0.0000 0.0000 0.0000 0.0000 0.0000 0.0000 0.0000 0.0000 0.0168 0.0688 0.0000
434      434   (0)     16  : 0.3019 0.0000 0.0000 0.2744 0.0000 0.0000 0.2501 0.0037 0.0181 0.0000 0.0000 0.0064 0.0002 0.0000 0.0000 0.0608 0.0844 0.0000 0.0000
435      435   (0)     16  : 0.2081 0.0000 0.0000 0.3176 0.0000 0.0000 0.4250 0.0000 0.0000 0.0000 0.0000 0.0142 0.0000 0.0000 0.0000 0.0000 0.0000 0.0351 0.0000
436      436   (0)     16  : 0.0498 0.0000 0.0000 0.0169 0.0000 0.0000 0.7401 0.0000 0.0000 0.0000 0.0000 0.0154 0.0000 0.0000 0.0000 0.0000 0.0000 0.0882 0.0896
437      437   (0)     16  : 0.5409 0.0000 0.0000 0.2291 0.0000 0.0000 0.0000 0.0000 0.0000 0.0000 0.0000 0.0000 0.0000 0.0000 0.0108 0.0555 0.1637 0.0000 0.0000
438      438   (0)     16  : 0.2507 0.0000 0.0000 0.6846 0.0000 0.0000 0.0000 0.0000 0.0000 0.0000 0.0000 0.0000 0.0000 0.0020 0.0000 0.0358 0.0269 0.0000 0.0000
439      439   (0)     16  : 0.4838 0.0000 0.0159 0.3289 0.0000 0.0000 0.0000 0.0000 0.0064 0.0000 0.0000 0.0000 0.0000 0.0000 0.0000 0.0001 0.1307 0.0323 0.0020
440      440   (0)     16  : 0.4616 0.0000 0.0000 0.0725 0.0000 0.0000 0.0000 0.0000 0.0262 0.0000 0.0000 0.4220 0.0101 0.0000 0.0000 0.0000 0.0000 0.0077 0.0000
441      441   (0)     16  : 0.3238 0.0152 0.0000 0.2099 0.0000 0.0000 0.3845 0.0000 0.0000 0.0000 0.0005 0.0127 0.0162 0.0000 0.0000 0.0000 0.0371 0.0000 0.0000
442      442   (0)     16  : 0.4210 0.0000 0.0000 0.4784 0.0000 0.0000 0.0113 0.0000 0.0000 0.0000 0.0000 0.0000 0.0000 0.0000 0.0000 0.0352 0.0348 0.0110 0.0083
443      443   (0)     16  : 0.4312 0.0000 0.0003 0.1862 0.0000 0.0000 0.0000 0.0000 0.0899 0.0000 0.0000 0.2276 0.0471 0.0000 0.0000 0.0037 0.0000 0.0140 0.0000
444      444   (0)     16  : 0.6503 0.0000 0.0000 0.2029 0.0000 0.0000 0.0000 0.0000 0.0027 0.0000 0.0000 0.0000 0.0028 0.0000 0.0000 0.0000 0.1216 0.0198 0.0000
445      445   (0)     16  : 0.0000 0.0000 0.0000 0.0000 0.0000 0.0000 0.0158 0.0000 0.0000 0.9842 0.0000 0.0000 0.0000 0.0000 0.0000 0.0000 0.0000 0.0000 0.0000
446      446   (0)     16  : 0.3964 0.0000 0.0000 0.1361 0.0000 0.0000 0.4196 0.0000 0.0033 0.0000 0.0000 0.0000 0.0000 0.0000 0.0000 0.0000 0.0000 0.0445 0.0000
447      447   (0)     16  : 0.4783 0.0000 0.0000 0.0912 0.0000 0.0000 0.0199 0.0000 0.0000 0.0003 0.0000 0.3726 0.0000 0.0000 0.0000 0.0221 0.0000 0.0156 0.0000
448      448   (0)     16  : 0.7109 0.0000 0.0000 0.1765 0.0000 0.0000 0.0199 0.0000 0.0000 0.0000 0.0000 0.0564 0.0000 0.0000 0.0000 0.0110 0.0009 0.0243 0.0000
449      449   (0)     16  : 0.2334 0.0000 0.0038 0.3909 0.0000 0.0000 0.2676 0.0000 0.0091 0.0000 0.0000 0.0000 0.0000 0.0089 0.0000 0.0000 0.0123 0.0659 0.0083
450      450   (0)     16  : 0.5805 0.0000 0.0000 0.1194 0.0000 0.0000 0.0023 0.0000 0.0136 0.0000 0.0000 0.0000 0.0000 0.0000 0.0000 0.0126 0.2715 0.0000 0.0000
451      451   (0)     17  : 0.1476 0.0015 0.0000 0.3362 0.0000 0.0000 0.0942 0.0000 0.0689 0.0000 0.0000 0.0000 0.0307 0.0597 0.0515 0.0031 0.0000 0.0719 0.1347
452      452   (0)     17  : 0.1931 0.0000 0.0009 0.5438 0.0000 0.0000 0.0697 0.0000 0.0449 0.0000 0.0000 0.0133 0.0142 0.0000 0.0000 0.0000 0.0490 0.0710 0.0000
453      453   (0)     17  : 0.2265 0.0000 0.0000 0.6553 0.0000 0.0000 0.0000 0.0000 0.0000 0.0000 0.0000 0.0000 0.0000 0.0000 0.0000 0.0000 0.0878 0.0304 0.0000
454      454   (0)     17  : 0.0730 0.0000 0.0000 0.0000 0.0000 0.0000 0.0000 0.0000 0.0000 0.8657 0.0525 0.0000 0.0087 0.0000 0.0000 0.0000 0.0000 0.0000 0.0000
455      455   (0)     17  : 0.1445 0.0000 0.0000 0.0069 0.0000 0.0000 0.6681 0.0000 0.0000 0.0000 0.0000 0.0139 0.0000 0.0000 0.0000 0.0000 0.0000 0.1667 0.0000
456      456   (0)     17  : 0.0061 0.0000 0.0000 0.0000 0.0000 0.0000 0.0000 0.0000 0.0000 0.9893 0.0000 0.0000 0.0000 0.0000 0.0000 0.0000 0.0000 0.0046 0.0000
457      457   (0)     17  : 0.1458 0.0000 0.0000 0.0171 0.0000 0.0000 0.6709 0.0000 0.0000 0.0000 0.0000 0.0000 0.0000 0.0000 0.0000 0.0000 0.0000 0.1662 0.0000
458      458   (0)     17  : 0.3402 0.0000 0.0000 0.3559 0.0000 0.0000 0.0642 0.0000 0.0000 0.0000 0.0000 0.0000 0.0000 0.0000 0.0000 0.0000 0.1902 0.0496 0.0000
459      459   (0)     17  : 0.2378 0.0000 0.0000 0.6573 0.0000 0.0000 0.0001 0.0000 0.0232 0.0000 0.0000 0.0000 0.0000 0.0000 0.0000 0.0000 0.0001 0.0815 0.0000
460      460   (0)     17  : 0.0366 0.0000 0.0000 0.0000 0.0000 0.0000 0.0902 0.0000 0.2244 0.0000 0.0000 0.4927 0.0000 0.0000 0.0000 0.0693 0.0000 0.0868 0.0000
461      461   (0)     17  : 0.3716 0.0000 0.0036 0.1342 0.0000 0.0000 0.1491 0.0000 0.0000 0.0000 0.0000 0.1914 0.0111 0.0005 0.0000 0.0135 0.0100 0.1151 0.0000
462      462   (0)     17  : 0.2440 0.0090 0.0000 0.0000 0.0135 0.0000 0.0000 0.0000 0.0000 0.0000 0.0000 0.0000 0.0000 0.0878 0.0692 0.0000 0.0431 0.0000 0.5332
463      463   (0)     17  : 0.0786 0.0246 0.0000 0.0000 0.0780 0.0158 0.1300 0.0010 0.0000 0.5742 0.0113 0.0000 0.0000 0.0026 0.0000 0.0000 0.0000 0.0799 0.0041
464      464   (0)     17  : 0.6742 0.0000 0.0042 0.1444 0.0000 0.0000 0.0378 0.0000 0.0000 0.0010 0.0000 0.0041 0.0065 0.0005 0.0471 0.0163 0.0227 0.0248 0.0164
465      465   (0)     17  : 0.0169 0.0000 0.0000 0.4738 0.0731 0.0000 0.0000 0.0000 0.0000 0.0000 0.0000 0.0000 0.0000 0.0000 0.0000 0.0000 0.0000 0.0535 0.3827
466      466   (0)     17  : 0.2498 0.0000 0.0026 0.2710 0.0088 0.0000 0.0000 0.0000 0.1517 0.0000 0.0000 0.0982 0.0265 0.0000 0.0000 0.0000 0.0786 0.0735 0.0394
467      467   (0)     17  : 0.1215 0.0000 0.0287 0.2129 0.0000 0.0000 0.2100 0.0010 0.1712 0.0022 0.0000 0.0000 0.0000 0.0004 0.0128 0.0308 0.0516 0.0629 0.0939
468      468   (0)     17  : 0.0677 0.0000 0.0000 0.0096 0.0000 0.0000 0.0000 0.0000 0.5210 0.0000 0.0000 0.3739 0.0255 0.0000 0.0000 0.0000 0.0000 0.0022 0.0000
469      469   (0)     17  : 0.0287 0.0000 0.0662 0.2863 0.0000 0.0000 0.2914 0.0000 0.0000 0.0069 0.0000 0.0605 0.0000 0.0038 0.0994 0.0000 0.0000 0.0834 0.0733
470      470   (0)     17  : 0.2919 0.0000 0.0000 0.3557 0.0000 0.0032 0.0000 0.0000 0.0062 0.0000 0.0000 0.0020 0.0251 0.1024 0.0000 0.0000 0.1477 0.0649 0.0008
471      471   (0)     17  : 0.4213 0.0000 0.0000 0.0403 0.0000 0.0000 0.2890 0.0047 0.1217 0.0000 0.0000 0.0000 0.0000 0.0000 0.0000 0.0000 0.0000 0.1231 0.0000
472      472   (0)     17  : 0.2266 0.0000 0.0000 0.0000 0.0000 0.0000 0.0000 0.0000 0.4305 0.0000 0.0000 0.0000 0.0000 0.0000 0.0372 0.2547 0.0068 0.0441 0.0000
473      473   (0)     17  : 0.2407 0.0000 0.0000 0.0174 0.0000 0.0000 0.0000 0.0000 0.2480 0.0000 0.0000 0.1515 0.0174 0.0225 0.0489 0.0000 0.2147 0.0368 0.0020
474      474   (0)     17  : 0.1684 0.0000 0.0000 0.0141 0.0000 0.0000 0.5589 0.0000 0.0370 0.0000 0.0000 0.0165 0.0090 0.0000 0.0000 0.0370 0.0000 0.1095 0.0495
475      475   (0)     17  : 0.4909 0.0000 0.0000 0.0612 0.0000 0.0000 0.1004 0.0000 0.1086 0.0000 0.0000 0.0000 0.0000 0.0000 0.0000 0.0000 0.0261 0.0950 0.1178
476      476   (0)     17  : 0.2458 0.0000 0.0000 0.0164 0.0049 0.0000 0.4440 0.0000 0.0115 0.0000 0.0000 0.0000 0.0000 0.0365 0.0134 0.0000 0.0210 0.1323 0.0742
477      477   (0)     17  : 0.3939 0.0000 0.0000 0.4613 0.0000 0.0000 0.0000 0.0000 0.0000 0.0000 0.0000 0.0342 0.0000 0.0020 0.0040 0.0061 0.0203 0.0496 0.0286
478      478   (0)     17  : 0.0955 0.0000 0.0000 0.0000 0.0000 0.0000 0.5529 0.0000 0.0117 0.0000 0.0000 0.1176 0.0000 0.0182 0.0000 0.0375 0.0000 0.1667 0.0000
479      479   (0)     17  : 0.2235 0.0000 0.0000 0.1460 0.0000 0.0000 0.0062 0.0000 0.0204 0.0000 0.0000 0.0000 0.0000 0.0344 0.0000 0.0000 0.5233 0.0451 0.0012
480      480   (0)     17  : 0.0758 0.0000 0.0000 0.0000 0.0000 0.0000 0.0000 0.0000 0.1279 0.0093 0.0000 0.3307 0.0770 0.0304 0.1579 0.0000 0.1186 0.0509 0.0213
481      481   (0)     18  : 0.1667 0.0000 0.0000 0.0000 0.0000 0.0000 0.0000 0.0000 0.0000 0.0000 0.0000 0.0000 0.0000 0.0000 0.0000 0.0000 0.0000 0.2758 0.5575
482      482   (0)     18  : 0.0000 0.0000 0.0000 0.0000 1.0000 0.0000 0.0000 0.0000 0.0000 0.0000 0.0000 0.0000 0.0000 0.0000 0.0000 0.0000 0.0000 0.0000 0.0000
483      483   (0)     18  : 0.0000 0.0000 0.0000 0.0000 1.0000 0.0000 0.0000 0.0000 0.0000 0.0000 0.0000 0.0000 0.0000 0.0000 0.0000 0.0000 0.0000 0.0000 0.0000
484      484   (0)     18  : 0.0000 0.0000 0.0000 0.0000 1.0000 0.0000 0.0000 0.0000 0.0000 0.0000 0.0000 0.0000 0.0000 0.0000 0.0000 0.0000 0.0000 0.0000 0.0000
485      485   (0)     18  : 0.0023 0.0000 0.0000 0.0253 0.7993 0.0000 0.0000 0.0000 0.0000 0.1642 0.0000 0.0000 0.0000 0.0000 0.0000 0.0000 0.0000 0.0089 0.0000
486      486   (0)     18  : 0.0000 0.0000 0.0000 0.0000 0.9170 0.0000 0.0000 0.0000 0.0000 0.0000 0.0000 0.0000 0.0000 0.0000 0.0000 0.0000 0.0000 0.0000 0.0830
487      487   (0)     18  : 0.0000 0.0000 0.0000 0.0000 1.0000 0.0000 0.0000 0.0000 0.0000 0.0000 0.0000 0.0000 0.0000 0.0000 0.0000 0.0000 0.0000 0.0000 0.0000
488      488   (0)     18  : 0.1390 0.0000 0.0000 0.1133 0.0081 0.0000 0.0000 0.0000 0.0000 0.0000 0.0000 0.3310 0.0000 0.0000 0.0000 0.0000 0.0405 0.2324 0.1358
489      489   (0)     18  : 0.1667 0.0000 0.0000 0.0000 0.0000 0.0000 0.0000 0.0000 0.0000 0.0000 0.0000 0.0000 0.0000 0.0000 0.0000 0.0000 0.0000 0.3333 0.5000
490      490   (0)     18  : 0.0000 0.0000 0.0000 0.0000 1.0000 0.0000 0.0000 0.0000 0.0000 0.0000 0.0000 0.0000 0.0000 0.0000 0.0000 0.0000 0.0000 0.0000 0.0000
491      491   (0)     18  : 0.0904 0.0000 0.0000 0.0000 0.8950 0.0000 0.0000 0.0000 0.0000 0.0000 0.0000 0.0000 0.0035 0.0000 0.0000 0.0000 0.0112 0.0000 0.0000
492      492   (0)     18  : 0.0182 0.0000 0.0000 0.2560 0.0532 0.0000 0.0000 0.0000 0.0000 0.4366 0.0000 0.0471 0.0000 0.0000 0.0000 0.0000 0.1639 0.0249 0.0000
493      493   (0)     18  : 0.0699 0.0000 0.0000 0.0000 0.0000 0.0000 0.2616 0.0000 0.0000 0.0000 0.0000 0.0000 0.0000 0.0000 0.0000 0.0100 0.0000 0.3080 0.3505
494      494   (0)     18  : 0.0176 0.0000 0.0000 0.0000 0.9263 0.0000 0.0000 0.0000 0.0000 0.0000 0.0000 0.0000 0.0000 0.0000 0.0000 0.0256 0.0000 0.0306 0.0000
495      495   (0)     18  : 0.0000 0.0000 0.0000 0.0000 1.0000 0.0000 0.0000 0.0000 0.0000 0.0000 0.0000 0.0000 0.0000 0.0000 0.0000 0.0000 0.0000 0.0000 0.0000
496      496   (0)     18  : 0.0240 0.0000 0.0000 0.0000 0.5583 0.0000 0.0000 0.0000 0.0000 0.3700 0.0000 0.0000 0.0000 0.0000 0.0000 0.0000 0.0322 0.0155 0.0000
497      497   (0)     18  : 0.1664 0.0000 0.0000 0.0000 0.0000 0.0000 0.0473 0.0000 0.0000 0.0000 0.0000 0.1533 0.0000 0.0000 0.0000 0.0967 0.0000 0.2914 0.2448
498      498   (0)     18  : 0.0324 0.0000 0.0000 0.0708 0.8324 0.0000 0.0000 0.0000 0.0000 0.0401 0.0000 0.0000 0.0000 0.0000 0.0000 0.0107 0.0136 0.0000 0.0000
499      499   (0)     18  : 0.0000 0.0000 0.0000 0.0858 0.4698 0.0000 0.1436 0.0000 0.0000 0.2272 0.0000 0.0000 0.0000 0.0000 0.0051 0.0274 0.0258 0.0153 0.0000
500      500   (0)     18  : 0.1667 0.0000 0.0000 0.0000 0.0000 0.0000 0.0000 0.0000 0.0000 0.0000 0.0000 0.0000 0.0000 0.0000 0.0000 0.0000 0.0000 0.3003 0.5331
501      501   (0)     18  : 0.2284 0.0000 0.0000 0.1069 0.0000 0.0000 0.0000 0.0000 0.0000 0.0000 0.0000 0.0000 0.0000 0.0000 0.0345 0.1996 0.0268 0.1890 0.2148
502      502   (0)     18  : 0.0000 0.0000 0.0000 0.0422 0.3633 0.0000 0.1116 0.0000 0.0000 0.2770 0.0000 0.0000 0.0000 0.0049 0.0000 0.0000 0.2010 0.0000 0.0000
503      503   (0)     18  : 0.0000 0.0000 0.0000 0.0000 1.0000 0.0000 0.0000 0.0000 0.0000 0.0000 0.0000 0.0000 0.0000 0.0000 0.0000 0.0000 0.0000 0.0000 0.0000
504      504   (0)     18  : 0.0971 0.0000 0.0000 0.0073 0.3839 0.0000 0.0000 0.0000 0.0000 0.4533 0.0000 0.0000 0.0000 0.0000 0.0000 0.0000 0.0000 0.0580 0.0004
505      505   (0)     18  : 0.0498 0.0000 0.0575 0.0137 0.3413 0.0000 0.0000 0.0000 0.0000 0.5237 0.0000 0.0139 0.0000 0.0000 0.0000 0.0000 0.0000 0.0000 0.0000
506      506   (0)     18  : 0.1105 0.0000 0.0000 0.0000 0.0000 0.0000 0.0561 0.0000 0.0000 0.0000 0.0000 0.2719 0.0000 0.0000 0.0000 0.0609 0.0000 0.2745 0.2260
507      507   (0)     18  : 0.0000 0.0000 0.0000 0.1295 0.6269 0.0000 0.0043 0.0000 0.0000 0.0730 0.0000 0.0156 0.0000 0.0000 0.0000 0.0964 0.0388 0.0155 0.0000
508      508   (0)     18  : 0.1179 0.0000 0.0000 0.0000 0.0000 0.0000 0.0508 0.0000 0.0000 0.0000 0.0000 0.2570 0.0000 0.0000 0.0000 0.1947 0.0000 0.2275 0.1521
509      509   (0)     18  : 0.0024 0.0000 0.0000 0.0000 0.2279 0.0000 0.0000 0.0000 0.0000 0.7448 0.0000 0.0143 0.0000 0.0000 0.0000 0.0000 0.0000 0.0107 0.0000
510      510   (0)     19  : 0.2495 0.0000 0.0000 0.4261 0.0000 0.0000 0.1908 0.0000 0.0000 0.0000 0.0000 0.0000 0.0000 0.0000 0.0000 0.0000 0.0031 0.0486 0.0821
511      511   (0)     19  : 0.0314 0.0000 0.0000 0.5005 0.0000 0.0000 0.1115 0.0000 0.0000 0.0000 0.0000 0.1605 0.0000 0.0000 0.0000 0.0478 0.0000 0.0923 0.0560
512      512   (0)     19  : 0.3997 0.0000 0.0000 0.0910 0.0000 0.0000 0.4680 0.0000 0.0000 0.0000 0.0000 0.0000 0.0000 0.0000 0.0000 0.0000 0.0413 0.0000 0.0000
513      513   (0)     19  : 0.0000 0.0000 0.0000 0.0000 0.0000 0.0000 0.8030 0.0000 0.0000 0.0000 0.0000 0.0825 0.0000 0.0000 0.0000 0.0215 0.0000 0.0930 0.0000
514      514   (0)     19  : 0.2605 0.0000 0.0164 0.1376 0.0000 0.0000 0.0000 0.0000 0.0620 0.0000 0.0000 0.5236 0.0000 0.0000 0.0000 0.0000 0.0000 0.0000 0.0000
515      515   (0)     19  : 0.1624 0.0000 0.0139 0.2669 0.0000 0.0000 0.4351 0.0000 0.0000 0.0000 0.0000 0.0380 0.0000 0.0000 0.0000 0.0064 0.0000 0.0432 0.0342
516      516   (0)     19  : 0.0360 0.0000 0.0000 0.1068 0.0000 0.0000 0.7436 0.0000 0.0000 0.0000 0.0000 0.0000 0.0000 0.0000 0.0000 0.0000 0.0051 0.1023 0.0063
517      517   (0)     19  : 0.4881 0.0000 0.0000 0.4424 0.0000 0.0000 0.0000 0.0000 0.0000 0.0000 0.0000 0.0000 0.0000 0.0000 0.0000 0.0432 0.0000 0.0099 0.0164
518      518   (0)     19  : 0.3157 0.0000 0.0000 0.1036 0.0000 0.0000 0.4557 0.0000 0.0644 0.0000 0.0000 0.0000 0.0000 0.0000 0.0023 0.0000 0.0000 0.0582 0.0001
519      519   (0)     19  : 0.0000 0.0000 0.0000 0.0000 0.0000 0.0000 0.0000 0.0000 0.0000 0.0000 0.0000 0.0000 0.0000 0.1667 0.8333 0.0000 0.0000 0.0000 0.0000
520      520   (0)     19  : 0.2380 0.0000 0.0000 0.4626 0.0000 0.0000 0.1208 0.0000 0.0000 0.0000 0.0000 0.0000 0.0000 0.0038 0.0026 0.0000 0.1595 0.0000 0.0127
521      521   (0)     19  : 0.0000 0.0000 0.0000 0.0000 0.0000 0.0000 0.6567 0.0000 0.0000 0.0000 0.0000 0.0000 0.0000 0.0000 0.0000 0.1478 0.0000 0.1124 0.0832
522      522   (0)     19  : 0.0874 0.0000 0.0000 0.0843 0.0000 0.0000 0.5281 0.0000 0.0000 0.0000 0.0000 0.1815 0.0000 0.0000 0.0000 0.0503 0.0000 0.0684 0.0000
523      523   (0)     19  : 0.0000 0.0000 0.0000 0.0000 0.0000 0.0000 0.1342 0.0000 0.0000 0.0000 0.0000 0.6204 0.0000 0.0000 0.0000 0.1951 0.0000 0.0503 0.0000
524      524   (0)     19  : 0.4662 0.0000 0.0000 0.2260 0.0000 0.0000 0.2839 0.0000 0.0122 0.0000 0.0000 0.0000 0.0000 0.0000 0.0000 0.0117 0.0000 0.0000 0.0000
525      525   (0)     19  : 0.3837 0.0000 0.0000 0.2427 0.0000 0.0000 0.2613 0.0014 0.0000 0.0180 0.0000 0.0261 0.0000 0.0030 0.0037 0.0000 0.0000 0.0602 0.0000
526      526   (0)     19  : 0.5879 0.0000 0.0000 0.1751 0.0000 0.0000 0.0499 0.0011 0.0074 0.0000 0.0000 0.0298 0.0000 0.0000 0.0004 0.0001 0.1484 0.0000 0.0000
527      527   (0)     19  : 0.1955 0.0000 0.0017 0.1432 0.0000 0.0000 0.0708 0.0000 0.0000 0.0000 0.0000 0.3782 0.0000 0.0000 0.0000 0.1102 0.0000 0.0221 0.0782
528      528   (0)     19  : 0.4094 0.0000 0.0000 0.2954 0.0000 0.0000 0.0422 0.0000 0.0062 0.0000 0.0000 0.0106 0.0000 0.0000 0.0000 0.0888 0.0222 0.0892 0.0359
529      529   (0)     19  : 0.5226 0.0000 0.0000 0.2686 0.0000 0.0000 0.0000 0.0000 0.0193 0.0000 0.0000 0.0998 0.0000 0.0000 0.0000 0.0000 0.0897 0.0000 0.0000
530      530   (0)     19  : 0.2709 0.0000 0.0000 0.0346 0.0000 0.0000 0.2757 0.0000 0.0000 0.0000 0.0000 0.3484 0.0000 0.0000 0.0000 0.0243 0.0000 0.0461 0.0000
531      531   (0)     19  : 0.4163 0.0000 0.0000 0.0246 0.0000 0.0000 0.2834 0.0000 0.0945 0.0000 0.0000 0.0700 0.0209 0.0000 0.0000 0.0217 0.0037 0.0648 0.0000
532      532   (0)     19  : 0.3594 0.0179 0.0000 0.0411 0.0000 0.0000 0.4750 0.0005 0.0188 0.0000 0.0000 0.0024 0.0074 0.0023 0.0000 0.0017 0.0000 0.0735 0.0000
533      533   (0)     19  : 0.2037 0.0000 0.0000 0.1287 0.0000 0.0000 0.0000 0.0000 0.0056 0.6370 0.0023 0.0000 0.0000 0.0227 0.0000 0.0000 0.0000 0.0000 0.0000
534      534   (0)     19  : 0.3910 0.0000 0.0000 0.1215 0.0000 0.0000 0.0156 0.0000 0.0027 0.0000 0.0000 0.1077 0.0000 0.0000 0.0000 0.1738 0.1700 0.0176 0.0000
535      535   (0)     19  : 0.2500 0.0000 0.0000 0.0148 0.0000 0.0000 0.5512 0.0000 0.0000 0.0000 0.0000 0.0000 0.0000 0.0000 0.0000 0.0209 0.0851 0.0682 0.0098
536      536   (0)     19  : 0.2120 0.0000 0.0000 0.0090 0.0055 0.0000 0.5774 0.0000 0.0002 0.0000 0.0000 0.0307 0.0000 0.0125 0.0460 0.0185 0.0193 0.0689 0.0000
537      537   (0)     19  : 0.2625 0.0000 0.0207 0.0496 0.0000 0.0000 0.3299 0.0000 0.0001 0.0000 0.0000 0.0000 0.0189 0.0045 0.0531 0.0602 0.1217 0.0113 0.0675
538      538   (0)     19  : 0.0356 0.0000 0.0000 0.0786 0.3969 0.0000 0.0334 0.0000 0.0000 0.3930 0.0000 0.0000 0.0000 0.0000 0.0000 0.0366 0.0000 0.0146 0.0113
539      539   (0)     19  : 0.0319 0.0000 0.0000 0.0000 0.0123 0.0000 0.8336 0.0000 0.0079 0.0000 0.0000 0.0269 0.0000 0.0000 0.0000 0.0000 0.0000 0.0820 0.0055
