  1        1   (0)      1 :  0.0189 0.1118 0.0000 0.0006 0.0003 0.0011 0.0036 0.4426 0.3875 0.0000 0.0309 0.0028 0.0000 0.0000 
  2        2   (0)      1 :  0.0131 0.3122 0.0012 0.0986 0.0000 0.1095 0.0118 0.0373 0.3954 0.0000 0.0000 0.0209 0.0000 0.0000 
  3        3   (0)      1 :  0.5222 0.0114 0.0002 0.0214 0.2018 0.0000 0.0000 0.0098 0.0236 0.0000 0.0007 0.1245 0.0000 0.0844 
  4        4   (0)      1 :  0.0005 0.0877 0.0000 0.0034 0.0000 0.1033 0.0126 0.2243 0.5682 0.0000 0.0000 0.0000 0.0000 0.0000 
  5        5   (0)      1 :  0.0047 0.0097 0.0000 0.0718 0.0186 0.0510 0.0057 0.0000 0.7580 0.0000 0.0000 0.0806 0.0000 0.0000 
  6        6   (0)      1 :  0.2585 0.2587 0.0122 0.0019 0.0098 0.0214 0.0028 0.3434 0.0343 0.0000 0.0283 0.0287 0.0000 0.0000 
  7        7   (0)      1 :  0.0000 0.0000 0.0000 0.0387 0.6807 0.0471 0.0101 0.0000 0.1153 0.0000 0.0000 0.0407 0.0000 0.0674 
  8        8   (0)      2 :  0.0080 0.0847 0.0000 0.0000 0.0000 0.0780 0.0155 0.0000 0.7888 0.0000 0.0000 0.0250 0.0000 0.0000 
  9        9   (0)      1 :  0.0016 0.3055 0.0004 0.0000 0.0158 0.0572 0.0271 0.0000 0.5904 0.0000 0.0002 0.0018 0.0000 0.0000 
 10       10   (0)      3 :  0.0033 0.0438 0.0000 0.4034 0.0000 0.0844 0.0086 0.3807 0.0000 0.0000 0.0000 0.0758 0.0000 0.0000 
 11       11   (0)      4 :  0.0500 0.0000 0.0000 0.1859 0.0000 0.0290 0.0061 0.0000 0.0832 0.0037 0.0064 0.6079 0.0161 0.0117 
 12       12   (0)      4 :  0.0157 0.4349 0.0000 0.3051 0.0003 0.0700 0.0311 0.0927 0.0298 0.0000 0.0000 0.0060 0.0090 0.0054 
 13       13   (0)      4 :  0.0399 0.0000 0.0000 0.2976 0.0086 0.0917 0.0112 0.3528 0.1140 0.0000 0.0000 0.0754 0.0087 0.0000 
 14       14   (0)      4 :  0.0500 0.0000 0.0000 0.1605 0.0000 0.0000 0.0000 0.0000 0.1594 0.0000 0.0000 0.6301 0.0000 0.0000 
 15       15   (0)      4 :  0.0064 0.2432 0.0006 0.4477 0.0000 0.0505 0.0014 0.0000 0.1868 0.0000 0.0006 0.0540 0.0058 0.0029 
 16       16   (0)      4 :  0.5916 0.0354 0.0000 0.0000 0.0997 0.0000 0.0000 0.2733 0.0000 0.0000 0.0000 0.0000 0.0000 0.0000 
 17       17   (0)      5 :  0.0185 0.2771 0.0000 0.2304 0.0000 0.0299 0.0097 0.2257 0.2034 0.0000 0.0000 0.0000 0.0052 0.0000 
 18       18   (0)      4 :  0.0243 0.0360 0.0000 0.3404 0.0000 0.0370 0.0038 0.4396 0.0350 0.0000 0.0000 0.0838 0.0000 0.0000 
 19       19   (0)      5 :  0.0148 0.2530 0.0000 0.3357 0.0000 0.0407 0.0038 0.0422 0.2480 0.0000 0.0000 0.0617 0.0000 0.0000 
 20       20   (0)      5 :  0.0028 0.2773 0.0000 0.5728 0.0000 0.1193 0.0092 0.0000 0.0025 0.0000 0.0000 0.0161 0.0000 0.0000 
 21       21   (0)      5 :  0.0000 0.0000 0.0000 0.5757 0.0000 0.0676 0.0066 0.3076 0.0000 0.0000 0.0000 0.0425 0.0000 0.0000 
 22       22   (0)      5 :  0.0003 0.3306 0.0000 0.5418 0.0000 0.0546 0.0029 0.0000 0.0000 0.0000 0.0000 0.0699 0.0000 0.0000 
 23       23   (0)      5 :  0.0014 0.0030 0.0000 0.3001 0.0000 0.0424 0.0006 0.6211 0.0000 0.0000 0.0000 0.0314 0.0000 0.0000 
 24       24   (0)      5 :  0.0027 0.0000 0.0000 0.5319 0.0000 0.0430 0.0019 0.3499 0.0000 0.0000 0.0000 0.0706 0.0000 0.0000 
 25       25   (0)      5 :  0.0252 0.2335 0.0003 0.4230 0.0083 0.0955 0.0057 0.1646 0.0109 0.0000 0.0000 0.0329 0.0000 0.0000 
 26       26   (0)      5 :  0.0119 0.0000 0.0000 0.4692 0.0052 0.0440 0.0000 0.3886 0.0000 0.0003 0.0000 0.0807 0.0000 0.0000 
 27       27   (0)      5 :  0.0123 0.0952 0.0000 0.5912 0.0000 0.0951 0.0203 0.0000 0.1227 0.0095 0.0000 0.0247 0.0289 0.0000 
 28       28   (0)      5 :  0.0016 0.0118 0.0000 0.3858 0.0000 0.0594 0.0000 0.5068 0.0000 0.0000 0.0000 0.0346 0.0000 0.0000 
 29       29   (0)      5 :  0.0091 0.0627 0.0000 0.7125 0.0000 0.0728 0.0000 0.0000 0.0000 0.0000 0.0000 0.1429 0.0000 0.0000 
 30       30   (0)      5 :  0.0155 0.6111 0.0000 0.2916 0.0000 0.0616 0.0053 0.0000 0.0000 0.0000 0.0000 0.0148 0.0000 0.0000 
 31       31   (0)      5 :  0.0254 0.2551 0.0000 0.3135 0.0000 0.0357 0.0089 0.2274 0.0651 0.0000 0.0000 0.0567 0.0121 0.0000 
 32       32   (0)      5 :  0.0090 0.0838 0.0000 0.5907 0.0041 0.1104 0.0075 0.1693 0.0000 0.0000 0.0000 0.0252 0.0000 0.0000 
 33       33   (0)      5 :  0.0154 0.2986 0.0000 0.1161 0.0000 0.0212 0.0006 0.5375 0.0000 0.0000 0.0000 0.0039 0.0068 0.0000 
 34       34   (0)      5 :  0.0122 0.2077 0.0000 0.3017 0.0000 0.0335 0.0014 0.4295 0.0000 0.0000 0.0000 0.0141 0.0000 0.0000 
 35       35   (0)      5 :  0.0166 0.5685 0.0000 0.2727 0.0000 0.0494 0.0072 0.0700 0.0022 0.0000 0.0000 0.0134 0.0000 0.0000 
 36       36   (0)      5 :  0.0084 0.2068 0.0000 0.5688 0.0000 0.0444 0.0000 0.0000 0.0000 0.0000 0.0000 0.1548 0.0169 0.0000 
 37       37   (0)      5 :  0.0079 0.2924 0.0000 0.4908 0.0000 0.0815 0.0000 0.0894 0.0000 0.0000 0.0000 0.0348 0.0032 0.0000 
 38       38   (0)      5 :  0.0097 0.0425 0.0000 0.5519 0.0000 0.0632 0.0000 0.2737 0.0006 0.0000 0.0000 0.0583 0.0000 0.0000 
 39       39   (0)      5 :  0.0276 0.1428 0.0000 0.4394 0.0000 0.0535 0.0000 0.0872 0.0000 0.0000 0.0000 0.2451 0.0043 0.0000 
 40       40   (0)      5 :  0.0138 0.3927 0.0000 0.4442 0.0020 0.0775 0.0000 0.0261 0.0000 0.0000 0.0000 0.0437 0.0000 0.0000 
 41       41   (0)      5 :  0.0000 0.0000 0.0000 0.4341 0.0000 0.0619 0.0000 0.4686 0.0000 0.0000 0.0000 0.0353 0.0000 0.0000 
 42       42   (0)      5 :  0.0088 0.5670 0.0000 0.3495 0.0000 0.0472 0.0090 0.0000 0.0000 0.0000 0.0000 0.0186 0.0000 0.0000 
 43       43   (0)      5 :  0.8778 0.0189 0.0000 0.0000 0.0663 0.0000 0.0000 0.0173 0.0000 0.0183 0.0000 0.0015 0.0000 0.0000 
 44       44   (0)      5 :  0.0099 0.0417 0.0000 0.3739 0.0002 0.0703 0.0000 0.4313 0.0050 0.0000 0.0000 0.0677 0.0000 0.0000 
 45       45   (0)      4 :  0.0350 0.0000 0.0000 0.4290 0.0000 0.0154 0.0055 0.0000 0.0318 0.0000 0.0000 0.4833 0.0000 0.0000 
 46       46   (0)      4 :  0.0303 0.2589 0.0007 0.2493 0.0310 0.0754 0.0066 0.1526 0.1432 0.0000 0.0000 0.0520 0.0000 0.0000 
 47       47   (0)      4 :  0.0109 0.0177 0.0000 0.2661 0.0000 0.0287 0.0002 0.6681 0.0000 0.0000 0.0000 0.0082 0.0000 0.0000 
 48       48   (0)      4 :  0.0206 0.4701 0.0000 0.2443 0.0000 0.0793 0.0072 0.0000 0.0185 0.0000 0.0000 0.1488 0.0112 0.0000 
 49       49   (0)      5 :  0.0256 0.2543 0.0008 0.3016 0.0073 0.0539 0.0295 0.2557 0.0283 0.0000 0.0000 0.0336 0.0079 0.0013 
 50       50   (0)      4 :  0.0018 0.0000 0.0000 0.2796 0.0000 0.1135 0.0192 0.5301 0.0174 0.0000 0.0000 0.0383 0.0000 0.0000 
 51       51   (0)      4 :  0.6759 0.0701 0.0000 0.0082 0.0395 0.0078 0.0068 0.1821 0.0082 0.0004 0.0000 0.0005 0.0005 0.0000 
 52       52   (0)      4 :  0.0265 0.3531 0.0055 0.3856 0.0175 0.0619 0.0329 0.0121 0.0792 0.0000 0.0232 0.0000 0.0025 0.0000 
 53       53   (0)      4 :  0.6852 0.0189 0.0000 0.0232 0.1325 0.0200 0.0134 0.0971 0.0030 0.0034 0.0000 0.0032 0.0000 0.0000 
 54       54   (0)      4 :  0.0132 0.2583 0.0000 0.4653 0.0000 0.0639 0.0112 0.0000 0.0568 0.0000 0.0000 0.1139 0.0175 0.0000 
 55       55   (0)      4 :  0.8457 0.0793 0.0007 0.0000 0.0499 0.0000 0.0000 0.0186 0.0002 0.0007 0.0000 0.0049 0.0000 0.0000 
 56       56   (0)      4 :  0.7174 0.1294 0.0001 0.0497 0.0477 0.0082 0.0007 0.0093 0.0076 0.0000 0.0000 0.0269 0.0030 0.0000 
 57       57   (0)      4 :  0.0223 0.1247 0.0000 0.5034 0.0000 0.0431 0.0000 0.0004 0.0651 0.0000 0.0000 0.2409 0.0000 0.0000 
 58       58   (0)      5 :  0.0297 0.2964 0.0000 0.3253 0.0404 0.0807 0.0009 0.1001 0.0867 0.0000 0.0000 0.0397 0.0000 0.0000 
 59       59   (0)      4 :  0.3909 0.1637 0.0384 0.0043 0.1229 0.0000 0.0000 0.2774 0.0003 0.0006 0.0000 0.0000 0.0000 0.0014 
 60       60   (0)      4 :  0.7053 0.0189 0.0002 0.0357 0.0539 0.0033 0.0034 0.0918 0.0000 0.0000 0.0000 0.0804 0.0000 0.0071 
 61       61   (0)      4 :  0.0290 0.3169 0.0000 0.2387 0.0000 0.0205 0.0035 0.1676 0.1869 0.0000 0.0000 0.0368 0.0000 0.0000 
 62       62   (0)      5 :  0.0236 0.0823 0.0007 0.3034 0.0000 0.0312 0.0050 0.3284 0.1576 0.0000 0.0000 0.0678 0.0000 0.0000 
 63       63   (0)      6 :  0.5077 0.0380 0.0008 0.1017 0.0257 0.0185 0.0047 0.1322 0.0735 0.0120 0.0000 0.0852 0.0000 0.0000 
 64       64   (0)      6 :  0.6195 0.0278 0.0008 0.0037 0.1868 0.0050 0.0045 0.1190 0.0037 0.0000 0.0102 0.0189 0.0000 0.0000 
 65       65   (0)      6 :  0.0007 0.0251 0.0000 0.0080 0.0000 0.0156 0.0146 0.0000 0.8956 0.0000 0.0000 0.0004 0.0400 0.0000 
 66       66   (0)      6 :  0.0098 0.1746 0.0000 0.2795 0.0000 0.0504 0.0058 0.2802 0.1997 0.0000 0.0000 0.0000 0.0000 0.0000 
 67       67   (0)      6 :  0.0522 0.0000 0.0000 0.1569 0.0005 0.0024 0.0025 0.0000 0.1711 0.0000 0.0005 0.6137 0.0001 0.0000 
 68       68   (0)      6 :  0.0000 0.0000 0.0000 0.0078 0.0000 0.0078 0.0055 0.3541 0.5995 0.0000 0.0000 0.0000 0.0253 0.0000 
 69       69   (0)      6 :  0.0171 0.1466 0.0000 0.0387 0.0000 0.0066 0.0042 0.3814 0.4054 0.0000 0.0000 0.0000 0.0000 0.0000 
 70       70   (0)      6 :  0.0727 0.1569 0.0046 0.0710 0.0089 0.0102 0.0145 0.4085 0.2334 0.0000 0.0155 0.0038 0.0000 0.0000 
 71       71   (0)      6 :  0.0039 0.0000 0.0022 0.0761 0.0000 0.0189 0.0039 0.8440 0.0000 0.0000 0.0000 0.0256 0.0254 0.0000 
 72       72   (0)      6 :  0.0063 0.1055 0.0000 0.1384 0.0000 0.0149 0.0000 0.3827 0.3414 0.0000 0.0000 0.0108 0.0000 0.0000 
 73       73   (0)      7 :  0.0203 0.4903 0.0000 0.3797 0.0000 0.0468 0.0020 0.0000 0.0007 0.0114 0.0000 0.0342 0.0145 0.0000 
 74       74   (0)      7 :  0.0501 0.4676 0.0008 0.2112 0.0000 0.0326 0.0592 0.0102 0.1383 0.0000 0.0000 0.0181 0.0119 0.0000 
 75       75   (0)      7 :  0.0212 0.1262 0.0000 0.2780 0.0017 0.0601 0.0116 0.1495 0.3282 0.0000 0.0000 0.0231 0.0003 0.0000 
 76       76   (0)      7 :  0.0193 0.3457 0.0074 0.3202 0.0065 0.0669 0.0139 0.0000 0.1962 0.0000 0.0000 0.0236 0.0000 0.0003 
 77       77   (0)      7 :  0.0000 0.0723 0.0000 0.6783 0.0000 0.1806 0.0137 0.0000 0.0266 0.0000 0.0000 0.0213 0.0073 0.0000 
 78       78   (0)      7 :  0.0174 0.0730 0.0009 0.3805 0.0097 0.0804 0.0191 0.0789 0.2937 0.0000 0.0000 0.0447 0.0017 0.0000 
 79       79   (0)      7 :  0.0381 0.3372 0.0054 0.4337 0.0000 0.0771 0.0232 0.0003 0.0401 0.0003 0.0000 0.0445 0.0000 0.0000 
 80       80   (0)      7 :  0.0188 0.5107 0.0000 0.1459 0.0000 0.1114 0.0316 0.0000 0.1730 0.0000 0.0000 0.0048 0.0037 0.0000 
 81       81   (0)      7 :  0.0168 0.2575 0.0000 0.4561 0.0000 0.0440 0.0045 0.0281 0.1770 0.0000 0.0000 0.0161 0.0000 0.0000 
 82       82   (0)      7 :  0.0004 0.0903 0.0000 0.6902 0.0000 0.0763 0.0050 0.0000 0.0856 0.0000 0.0000 0.0522 0.0000 0.0000 
 83       83   (0)      7 :  0.0545 0.5027 0.0001 0.1679 0.0563 0.0744 0.0090 0.0353 0.0701 0.0000 0.0070 0.0223 0.0005 0.0000 
 84       84   (0)      7 :  0.6634 0.1884 0.0000 0.0001 0.1090 0.0000 0.0000 0.0050 0.0277 0.0005 0.0000 0.0059 0.0000 0.0000 
 85       85   (0)      7 :  0.0268 0.4344 0.0035 0.3542 0.0000 0.0450 0.0398 0.0000 0.0582 0.0000 0.0005 0.0318 0.0058 0.0000 
 86       86   (0)      7 :  0.0068 0.0704 0.0000 0.5770 0.0000 0.0770 0.0045 0.0000 0.2147 0.0000 0.0000 0.0496 0.0000 0.0000 
 87       87   (0)      7 :  0.6814 0.2008 0.0009 0.0000 0.0495 0.0012 0.0000 0.0636 0.0000 0.0021 0.0000 0.0003 0.0000 0.0003 
 88       88   (0)      7 :  0.0183 0.0791 0.0000 0.2234 0.0000 0.0289 0.0000 0.5651 0.0782 0.0000 0.0000 0.0037 0.0032 0.0000 
 89       89   (0)      7 :  0.8017 0.0220 0.0000 0.0000 0.0488 0.0000 0.0000 0.0800 0.0098 0.0065 0.0008 0.0241 0.0000 0.0062 
 90       90   (0)      7 :  0.0273 0.3119 0.0000 0.4789 0.0000 0.0652 0.0025 0.0000 0.0261 0.0000 0.0020 0.0860 0.0000 0.0000 
 91       91   (0)      7 :  0.0371 0.3932 0.0000 0.2051 0.0000 0.0086 0.0107 0.2626 0.0510 0.0076 0.0000 0.0112 0.0129 0.0000 
 92       92   (0)      7 :  0.0176 0.3681 0.0000 0.4104 0.0000 0.0747 0.0085 0.0000 0.0397 0.0000 0.0000 0.0267 0.0544 0.0000 
 93       93   (0)      7 :  0.0072 0.0873 0.0000 0.5092 0.0368 0.1080 0.0034 0.0000 0.1561 0.0000 0.0000 0.0625 0.0294 0.0000 
 94       94   (0)      7 :  0.0218 0.3094 0.0000 0.2485 0.0000 0.0422 0.0000 0.1996 0.1442 0.0000 0.0000 0.0344 0.0000 0.0000 
 95       95   (0)      7 :  0.0144 0.0741 0.0003 0.5350 0.0000 0.0598 0.0000 0.0000 0.1972 0.0000 0.0000 0.1191 0.0000 0.0000 
 96       96   (0)      7 :  0.0226 0.0741 0.0226 0.4719 0.0419 0.0748 0.0006 0.1918 0.0570 0.0000 0.0000 0.0423 0.0000 0.0002 
 97       97   (0)      7 :  0.0078 0.0316 0.0000 0.6987 0.0000 0.1001 0.0035 0.0000 0.0592 0.0000 0.0000 0.0993 0.0000 0.0000 
 98       98   (0)      7 :  0.0004 0.0000 0.0065 0.6935 0.0000 0.1235 0.0019 0.0000 0.0849 0.0000 0.0000 0.0894 0.0000 0.0000 
 99       99   (0)      7 :  0.0323 0.0000 0.0000 0.7013 0.0018 0.0725 0.0016 0.0002 0.0234 0.0000 0.0000 0.1669 0.0000 0.0000 
100      100   (0)      7 :  0.6524 0.0203 0.0000 0.0133 0.0578 0.0021 0.0000 0.0000 0.2417 0.0018 0.0000 0.0105 0.0000 0.0000 
101      101   (0)      6 :  0.0126 0.3265 0.0000 0.0781 0.0000 0.0087 0.0028 0.0000 0.5675 0.0000 0.0000 0.0037 0.0000 0.0000 
102      102   (0)      6 :  0.0185 0.0400 0.0224 0.1271 0.0000 0.0232 0.0247 0.1446 0.5122 0.0000 0.0000 0.0342 0.0531 0.0000 
103      103   (0)      6 :  0.0164 0.0371 0.0003 0.0031 0.0000 0.0053 0.0097 0.6335 0.2788 0.0000 0.0000 0.0155 0.0003 0.0000 
104      104   (0)      6 :  0.0123 0.4359 0.0000 0.0187 0.0000 0.0226 0.0045 0.0000 0.5060 0.0000 0.0000 0.0000 0.0000 0.0000 
105      105   (0)      6 :  0.0045 0.0029 0.0000 0.0041 0.0000 0.0000 0.0000 0.6553 0.3322 0.0000 0.0000 0.0010 0.0000 0.0000 
106      106   (0)      6 :  0.0088 0.0347 0.0000 0.1108 0.0000 0.0296 0.0030 0.1555 0.5867 0.0000 0.0000 0.0710 0.0000 0.0000 
107      107   (0)      6 :  0.0326 0.2451 0.0029 0.0183 0.0000 0.0115 0.0039 0.2271 0.4338 0.0000 0.0007 0.0022 0.0220 0.0000 
108      108   (0)      6 :  0.0079 0.1343 0.0000 0.0391 0.0188 0.0263 0.0022 0.3383 0.4332 0.0000 0.0000 0.0000 0.0000 0.0000 
109      109   (0)      6 :  0.8583 0.0328 0.0000 0.0000 0.0580 0.0054 0.0028 0.0257 0.0111 0.0000 0.0000 0.0014 0.0000 0.0044 
110      110   (0)      7 :  0.0495 0.2203 0.0000 0.2280 0.0002 0.0162 0.0049 0.3048 0.1632 0.0000 0.0000 0.0129 0.0000 0.0000 
111      111   (0)      7 :  0.0934 0.0000 0.0000 0.1348 0.0021 0.0000 0.0000 0.0000 0.1967 0.0000 0.0000 0.5526 0.0000 0.0203 
112      112   (0)      6 :  0.0383 0.0480 0.0000 0.0143 0.0000 0.0002 0.0000 0.0139 0.7759 0.0000 0.0000 0.1070 0.0000 0.0024 
113      113   (0)      6 :  0.0038 0.0000 0.0055 0.0000 0.0000 0.0046 0.0861 0.0000 0.8840 0.0000 0.0000 0.0000 0.0161 0.0000 
114      114   (0)      6 :  0.7353 0.0137 0.0000 0.0000 0.0542 0.0000 0.0013 0.0009 0.1312 0.0125 0.0000 0.0292 0.0000 0.0217 
115      115   (0)      6 :  0.0024 0.0532 0.0025 0.2345 0.0000 0.0588 0.0555 0.0000 0.5627 0.0000 0.0000 0.0219 0.0076 0.0010 
116      116   (0)      6 :  0.3436 0.0054 0.0000 0.0234 0.1777 0.0000 0.0027 0.0000 0.2398 0.0026 0.0000 0.1092 0.0000 0.0955 
117      117   (0)      6 :  0.0622 0.0527 0.0000 0.1527 0.0004 0.0351 0.0066 0.1314 0.4763 0.0000 0.0007 0.0562 0.0000 0.0255 
118      118   (0)      6 :  0.0003 0.0000 0.0000 0.0101 0.0000 0.0259 0.0111 0.2355 0.7153 0.0000 0.0000 0.0019 0.0000 0.0000 
119      119   (0)      6 :  0.0067 0.0378 0.0000 0.0000 0.0000 0.0008 0.0000 0.1668 0.7805 0.0000 0.0000 0.0000 0.0075 0.0000 
120      120   (0)      6 :  0.0057 0.0380 0.0000 0.0845 0.0000 0.0134 0.0009 0.0000 0.8573 0.0000 0.0000 0.0000 0.0000 0.0000 
121      121   (0)      6 :  0.0144 0.0630 0.0000 0.0000 0.0000 0.0020 0.0063 0.0000 0.9047 0.0000 0.0000 0.0096 0.0000 0.0000 
122      122   (0)      6 :  0.5941 0.0078 0.0003 0.0000 0.1205 0.0014 0.0082 0.0000 0.2236 0.0143 0.0002 0.0013 0.0000 0.0283 
123      123   (0)      8 :  0.0111 0.0176 0.0000 0.2107 0.0719 0.0609 0.0000 0.4252 0.1254 0.0000 0.0000 0.0772 0.0000 0.0000 
124      124   (0)      8 :  0.0465 0.3082 0.0000 0.1317 0.0011 0.0323 0.0000 0.4011 0.0016 0.0012 0.0000 0.0756 0.0000 0.0008 
125      125   (0)      8 :  0.0016 0.0000 0.0000 0.1394 0.0537 0.0571 0.0000 0.7033 0.0000 0.0000 0.0000 0.0449 0.0000 0.0000 
126      126   (0)      8 :  0.0291 0.5609 0.0000 0.2660 0.0000 0.0443 0.0016 0.0199 0.0000 0.0000 0.0000 0.0760 0.0023 0.0000 
127      127   (0)      8 :  0.0163 0.4276 0.0000 0.3102 0.0000 0.0554 0.0019 0.0000 0.0000 0.0124 0.0000 0.1763 0.0000 0.0000 
128      128   (0)      8 :  0.0035 0.0000 0.0000 0.3718 0.0000 0.0608 0.0045 0.4698 0.0000 0.0000 0.0000 0.0898 0.0000 0.0000 
129      129   (0)      8 :  0.0123 0.1959 0.0008 0.2047 0.0211 0.0485 0.0038 0.4677 0.0000 0.0000 0.0000 0.0453 0.0000 0.0000 
130      130   (0)      8 :  0.0106 0.0000 0.0000 0.0811 0.0450 0.0213 0.0008 0.6433 0.0704 0.0000 0.0000 0.1276 0.0000 0.0000 
131      131   (0)      8 :  0.0174 0.2606 0.0041 0.2499 0.0000 0.0830 0.0085 0.0839 0.1117 0.0000 0.0000 0.1789 0.0018 0.0000 
132      132   (0)      8 :  0.0102 0.2527 0.0000 0.2765 0.0000 0.0548 0.0015 0.3866 0.0000 0.0000 0.0000 0.0177 0.0000 0.0000 
133      133   (0)      8 :  0.0096 0.3601 0.0000 0.1449 0.0184 0.0733 0.0072 0.3647 0.0000 0.0000 0.0000 0.0217 0.0000 0.0000 
134      134   (0)      8 :  0.0491 0.1586 0.0087 0.3940 0.0000 0.0490 0.0076 0.2412 0.0000 0.0001 0.0000 0.0910 0.0000 0.0008 
135      135   (0)      8 :  0.0500 0.0374 0.0000 0.2063 0.0000 0.0114 0.0000 0.0000 0.0484 0.0104 0.0000 0.6328 0.0000 0.0033 
136      136   (0)      8 :  0.0060 0.0482 0.0000 0.0197 0.0000 0.0151 0.0000 0.9010 0.0000 0.0000 0.0000 0.0099 0.0000 0.0000 
137      137   (0)      8 :  0.0112 0.3424 0.0005 0.2763 0.0423 0.1273 0.0173 0.0000 0.0844 0.0000 0.0000 0.0982 0.0000 0.0000 
138      138   (0)      8 :  0.0158 0.5660 0.0000 0.2265 0.0000 0.0812 0.0077 0.0309 0.0000 0.0000 0.0000 0.0718 0.0000 0.0000 
139      139   (0)      8 :  0.0273 0.6034 0.0000 0.2193 0.0010 0.0943 0.0096 0.0273 0.0000 0.0000 0.0000 0.0178 0.0000 0.0000 
140      140   (0)      8 :  0.0079 0.7032 0.0000 0.2028 0.0000 0.0633 0.0052 0.0000 0.0001 0.0000 0.0000 0.0175 0.0002 0.0000 
141      141   (0)      8 :  0.0098 0.3606 0.0000 0.1559 0.0000 0.0452 0.0022 0.3268 0.0000 0.0000 0.0000 0.0878 0.0117 0.0000 
142      142   (0)      8 :  0.0006 0.0016 0.0000 0.4448 0.0000 0.1581 0.0107 0.3537 0.0000 0.0000 0.0000 0.0291 0.0014 0.0000 
143      143   (0)      8 :  0.0142 0.5939 0.0001 0.1900 0.0000 0.0789 0.0096 0.0883 0.0091 0.0000 0.0000 0.0040 0.0119 0.0000 
144      144   (0)      8 :  0.0644 0.0186 0.0015 0.1386 0.0021 0.0206 0.0000 0.0000 0.1318 0.0000 0.0000 0.6225 0.0000 0.0000 
145      145   (0)      8 :  0.0183 0.4055 0.0029 0.2392 0.0000 0.1549 0.0254 0.0567 0.0195 0.0062 0.0000 0.0714 0.0001 0.0000 
146      146   (0)      3 :  0.0017 0.0842 0.0000 0.2891 0.0000 0.0577 0.0006 0.5171 0.0000 0.0000 0.0000 0.0497 0.0000 0.0000 
147      147   (0)      3 :  0.4504 0.1571 0.0000 0.0112 0.1467 0.0049 0.0000 0.2291 0.0000 0.0000 0.0000 0.0007 0.0000 0.0000 
148      148   (0)      3 :  0.0054 0.0699 0.0000 0.0116 0.0000 0.0416 0.0044 0.8671 0.0000 0.0000 0.0000 0.0000 0.0000 0.0000 
149      149   (0)      3 :  0.0293 0.5346 0.0000 0.2765 0.0015 0.0523 0.0013 0.0667 0.0000 0.0000 0.0000 0.0379 0.0000 0.0000 
150      150   (0)      3 :  0.0025 0.2357 0.0000 0.2260 0.0010 0.0779 0.0098 0.4314 0.0000 0.0000 0.0000 0.0000 0.0158 0.0000 
151      151   (0)      3 :  0.0636 0.0194 0.0000 0.1290 0.0009 0.0388 0.0047 0.5663 0.0021 0.0000 0.0000 0.1535 0.0216 0.0000 
152      152   (0)      3 :  0.0120 0.5401 0.0000 0.2747 0.0000 0.0675 0.0000 0.0000 0.0000 0.0000 0.0000 0.1047 0.0011 0.0000 
153      153   (0)      3 :  0.0141 0.3901 0.0000 0.2870 0.0000 0.0467 0.0000 0.1480 0.0000 0.0000 0.0000 0.1141 0.0000 0.0000 
154      154   (0)      3 :  0.0004 0.2315 0.0000 0.4195 0.0001 0.0709 0.0026 0.2419 0.0000 0.0000 0.0000 0.0330 0.0000 0.0000 
155      155   (0)      3 :  0.0116 0.3601 0.0000 0.3945 0.0000 0.0508 0.0010 0.0744 0.0000 0.0000 0.0000 0.1076 0.0000 0.0000 
156      156   (0)      3 :  0.0229 0.3020 0.0000 0.4056 0.0311 0.0490 0.0010 0.0000 0.0000 0.0032 0.0000 0.1853 0.0000 0.0000 
157      157   (0)      3 :  0.0157 0.4460 0.0000 0.3222 0.1046 0.0721 0.0001 0.0082 0.0000 0.0000 0.0000 0.0311 0.0000 0.0000 
158      158   (0)      3 :  0.0121 0.5604 0.0000 0.2562 0.0012 0.0793 0.0041 0.0228 0.0000 0.0000 0.0000 0.0634 0.0007 0.0000 
159      159   (0)      3 :  0.0088 0.5124 0.0012 0.3148 0.0004 0.0763 0.0033 0.0214 0.0318 0.0000 0.0000 0.0296 0.0000 0.0000 
160      160   (0)      3 :  0.4966 0.2979 0.0000 0.0065 0.1896 0.0069 0.0000 0.0000 0.0000 0.0015 0.0000 0.0000 0.0000 0.0010 
161      161   (0)      3 :  0.0091 0.2926 0.0000 0.1389 0.0000 0.1248 0.0144 0.1883 0.0903 0.0000 0.0000 0.1042 0.0374 0.0000 
162      162   (0)      3 :  0.0070 0.1202 0.0000 0.1387 0.0000 0.0248 0.0000 0.6335 0.0000 0.0000 0.0000 0.0759 0.0000 0.0000 
163      163   (0)      3 :  0.0001 0.5973 0.0000 0.2629 0.0000 0.0997 0.0121 0.0006 0.0000 0.0000 0.0000 0.0273 0.0000 0.0000 
164      164   (0)      3 :  0.0034 0.2855 0.0000 0.3585 0.0000 0.1043 0.0102 0.2172 0.0000 0.0000 0.0000 0.0184 0.0025 0.0000 
165      165   (0)      3 :  0.0078 0.4986 0.0000 0.3372 0.0000 0.0832 0.0055 0.0000 0.0000 0.0000 0.0000 0.0677 0.0000 0.0000 
166      166   (0)      3 :  0.0118 0.0000 0.0000 0.1155 0.0095 0.0225 0.0000 0.6954 0.0000 0.0000 0.0000 0.1454 0.0000 0.0000 
167      167   (0)      3 :  0.0059 0.3781 0.0000 0.4376 0.0000 0.1117 0.0118 0.0373 0.0000 0.0000 0.0000 0.0177 0.0000 0.0000 
168      168   (0)      3 :  0.0124 0.5015 0.0055 0.1055 0.0000 0.0365 0.0020 0.2854 0.0068 0.0000 0.0000 0.0445 0.0000 0.0000 
169      169   (0)      3 :  0.0107 0.4416 0.0000 0.3384 0.0106 0.0804 0.0023 0.0069 0.0061 0.0000 0.0000 0.1030 0.0000 0.0000 
170      170   (0)      3 :  0.0061 0.4245 0.0000 0.3675 0.0000 0.1072 0.0120 0.0000 0.0012 0.0000 0.0000 0.0815 0.0000 0.0000 
171      171   (0)      3 :  0.0247 0.6854 0.0000 0.1912 0.0000 0.0759 0.0079 0.0000 0.0000 0.0000 0.0000 0.0149 0.0000 0.0000 
172      172   (0)      3 :  0.0020 0.4346 0.0000 0.3568 0.0000 0.1294 0.0142 0.0129 0.0000 0.0000 0.0000 0.0501 0.0000 0.0000 
173      173   (0)      3 :  0.0104 0.5064 0.0000 0.2753 0.0000 0.0702 0.0062 0.0000 0.0228 0.0000 0.0000 0.1086 0.0000 0.0000 
174      174   (0)      3 :  0.0003 0.2339 0.0000 0.3132 0.0004 0.1143 0.0121 0.3047 0.0000 0.0000 0.0000 0.0211 0.0000 0.0000 
175      175   (0)      8 :  0.0009 0.0459 0.0000 0.3813 0.0000 0.1081 0.0043 0.4353 0.0000 0.0000 0.0000 0.0243 0.0000 0.0000 
176      176   (0)      8 :  0.0500 0.0000 0.0197 0.1752 0.0062 0.0199 0.0006 0.0000 0.1247 0.0000 0.0020 0.6017 0.0000 0.0000 
177      177   (0)      8 :  0.0121 0.4354 0.0000 0.1695 0.0000 0.0416 0.0000 0.3156 0.0000 0.0000 0.0000 0.0258 0.0000 0.0000 
178      178   (0)      8 :  0.0102 0.3466 0.0000 0.1610 0.0000 0.1396 0.0146 0.0000 0.2017 0.0000 0.0000 0.1265 0.0000 0.0000 
179      179   (0)      8 :  0.0116 0.2920 0.0004 0.1874 0.0000 0.0469 0.0055 0.4095 0.0035 0.0000 0.0000 0.0431 0.0000 0.0000 
180      180   (0)      8 :  0.0011 0.2544 0.0000 0.2661 0.0395 0.0368 0.0022 0.3462 0.0000 0.0000 0.0000 0.0538 0.0000 0.0000 
181      181   (0)      8 :  0.0147 0.2960 0.0000 0.2853 0.0000 0.0471 0.0074 0.2675 0.0000 0.0097 0.0000 0.0723 0.0000 0.0000 
182      182   (0)      1 :  0.0091 0.7045 0.0000 0.0156 0.0000 0.1181 0.0189 0.0000 0.1256 0.0000 0.0000 0.0033 0.0050 0.0000 
183      183   (0)      1 :  0.0069 0.1851 0.0000 0.0000 0.0000 0.1098 0.0152 0.3564 0.3129 0.0000 0.0000 0.0083 0.0053 0.0000 
184      184   (0)      1 :  0.0021 0.4099 0.0000 0.0052 0.0000 0.1851 0.0252 0.0000 0.3385 0.0000 0.0000 0.0149 0.0191 0.0000 
185      185   (0)      1 :  0.0526 0.1657 0.0000 0.0000 0.0021 0.0643 0.0122 0.3816 0.3203 0.0013 0.0000 0.0000 0.0000 0.0000 
186      186   (0)      1 :  0.0000 0.4783 0.0000 0.0031 0.0000 0.1402 0.0263 0.0161 0.3361 0.0000 0.0000 0.0000 0.0000 0.0000 
187      187   (0)      1 :  0.0066 0.1980 0.0008 0.1291 0.0533 0.0600 0.0154 0.1941 0.2547 0.0000 0.0196 0.0684 0.0000 0.0000 
188      188   (0)      1 :  0.0040 0.5995 0.0000 0.0019 0.0000 0.1437 0.0239 0.0070 0.2200 0.0000 0.0000 0.0000 0.0000 0.0000 
189      189   (0)      1 :  0.0057 0.6230 0.0000 0.0001 0.0000 0.1470 0.0217 0.0879 0.1145 0.0000 0.0000 0.0000 0.0000 0.0000 
190      190   (0)      2 :  0.0000 0.0000 0.0000 0.0206 0.0000 0.1344 0.0164 0.6792 0.1493 0.0000 0.0000 0.0000 0.0000 0.0000 
191      191   (0)      2 :  0.0160 0.5839 0.0000 0.2490 0.0000 0.0624 0.0084 0.0000 0.0662 0.0000 0.0000 0.0140 0.0000 0.0000 
192      192   (0)      2 :  0.0174 0.5428 0.0000 0.1199 0.0000 0.0898 0.0124 0.0939 0.0859 0.0000 0.0000 0.0380 0.0000 0.0000 
193      193   (0)      2 :  0.0011 0.0024 0.0000 0.2817 0.0000 0.0300 0.0073 0.6186 0.0000 0.0201 0.0000 0.0388 0.0000 0.0000 
194      194   (0)      2 :  0.0226 0.7122 0.0000 0.0521 0.0000 0.0275 0.0000 0.1347 0.0461 0.0000 0.0000 0.0037 0.0011 0.0000 
195      195   (0)      2 :  0.0028 0.0036 0.0000 0.1040 0.0000 0.0194 0.0000 0.8563 0.0000 0.0000 0.0000 0.0139 0.0000 0.0000 
196      196   (0)      2 :  0.0108 0.1972 0.0000 0.0189 0.0000 0.1398 0.0148 0.1628 0.4530 0.0000 0.0000 0.0000 0.0025 0.0000 
197      197   (0)      2 :  0.0000 0.0215 0.0000 0.2240 0.0000 0.2330 0.0331 0.2508 0.2363 0.0000 0.0000 0.0013 0.0000 0.0000 
198      198   (0)      1 :  0.0000 0.1638 0.0000 0.0499 0.0000 0.0960 0.0140 0.5235 0.1284 0.0000 0.0000 0.0000 0.0245 0.0000 
199      199   (0)      1 :  0.0097 0.3803 0.0000 0.0098 0.0000 0.0636 0.0187 0.0000 0.4960 0.0000 0.0000 0.0219 0.0000 0.0000 
200      200   (0)      1 :  0.0071 0.0000 0.0000 0.0387 0.0000 0.0641 0.0053 0.4379 0.3541 0.0000 0.0000 0.0776 0.0153 0.0000 
201      201   (0)      1 :  0.0000 0.0212 0.0000 0.0010 0.0283 0.0091 0.0490 0.1766 0.7128 0.0000 0.0000 0.0000 0.0020 0.0000 
202      202   (0)      1 :  0.0112 0.0000 0.0000 0.0077 0.0000 0.0488 0.0050 0.3431 0.5834 0.0000 0.0000 0.0009 0.0000 0.0000 
203      203   (0)      1 :  0.0000 0.0000 0.0000 0.0016 0.0000 0.1182 0.0048 0.0000 0.8753 0.0000 0.0000 0.0000 0.0000 0.0000 
204      204   (0)      2 :  0.4400 0.0196 0.0000 0.0501 0.0269 0.0090 0.0048 0.2966 0.0441 0.0040 0.0000 0.1049 0.0001 0.0000 
205      205   (0)      2 :  0.0058 0.0509 0.0000 0.0154 0.0000 0.0814 0.0120 0.4592 0.3628 0.0000 0.0000 0.0075 0.0051 0.0000 
206      206   (0)      2 :  0.6770 0.0225 0.0000 0.0588 0.1065 0.0132 0.0000 0.0955 0.0000 0.0000 0.0000 0.0266 0.0000 0.0000 
207      207   (0)      2 :  0.0137 0.5833 0.0014 0.1179 0.0000 0.1359 0.0196 0.0000 0.1167 0.0000 0.0000 0.0115 0.0001 0.0000 
208      208   (0)      2 :  0.0022 0.0008 0.0000 0.0020 0.0000 0.0164 0.0000 0.9779 0.0000 0.0000 0.0000 0.0004 0.0003 0.0000 
209      209   (0)      2 :  0.0458 0.7387 0.0000 0.0717 0.0000 0.1279 0.0159 0.0000 0.0000 0.0000 0.0000 0.0000 0.0000 0.0000 
210      210   (0)      2 :  0.0000 0.0000 0.0000 0.1140 0.0000 0.1682 0.0247 0.6530 0.0286 0.0000 0.0000 0.0040 0.0074 0.0000 
211      211   (0)      1 :  0.0000 0.0000 0.0004 0.0092 0.0000 0.1365 0.0068 0.6556 0.1700 0.0000 0.0000 0.0012 0.0202 0.0000 
212      212   (0)      1 :  0.0111 0.1267 0.0000 0.0702 0.0013 0.1213 0.0115 0.0000 0.4971 0.0000 0.0000 0.1608 0.0000 0.0000 
213      213   (0)      1 :  0.0046 0.1341 0.0000 0.0708 0.0000 0.1574 0.0258 0.2257 0.3084 0.0089 0.0000 0.0643 0.0000 0.0000 
214      214   (0)      1 :  0.0083 0.3111 0.0000 0.0072 0.0011 0.1554 0.0470 0.0000 0.4681 0.0000 0.0000 0.0015 0.0000 0.0004 
215      215   (0)      1 :  0.0000 0.0001 0.0000 0.0000 0.0000 0.0558 0.0044 0.7866 0.1532 0.0000 0.0000 0.0000 0.0000 0.0000 
216      216   (0)      1 :  0.0000 0.3356 0.0000 0.0014 0.0000 0.1114 0.0112 0.0000 0.5392 0.0000 0.0000 0.0000 0.0012 0.0000 
217      217   (0)      1 :  0.0002 0.2659 0.0000 0.0010 0.0000 0.1247 0.0374 0.0164 0.5497 0.0000 0.0000 0.0000 0.0047 0.0000 
218      218   (0)      1 :  0.0000 0.0000 0.0000 0.0281 0.0000 0.0080 0.0126 0.4375 0.5041 0.0000 0.0000 0.0097 0.0000 0.0000 
219      219   (0)      2 :  0.0116 0.3494 0.0000 0.0014 0.0000 0.0597 0.0059 0.4162 0.1559 0.0000 0.0000 0.0000 0.0000 0.0000 
220      220   (0)      2 :  0.0061 0.0000 0.0000 0.1246 0.0000 0.0742 0.0038 0.5677 0.1392 0.0000 0.0000 0.0842 0.0001 0.0000 
221      221   (0)      2 :  0.0084 0.5056 0.0144 0.0399 0.0000 0.1407 0.0173 0.0000 0.2680 0.0000 0.0000 0.0052 0.0000 0.0005 
222      222   (0)      2 :  0.0037 0.3803 0.0000 0.1705 0.0000 0.0753 0.0132 0.1367 0.2134 0.0000 0.0000 0.0000 0.0000 0.0069 
223      223   (0)      2 :  0.0122 0.4542 0.0000 0.0037 0.0000 0.0456 0.0001 0.0000 0.4446 0.0000 0.0000 0.0395 0.0000 0.0000 
224      224   (0)      2 :  0.0341 0.0846 0.0000 0.0053 0.0000 0.0102 0.0039 0.8619 0.0000 0.0000 0.0000 0.0000 0.0000 0.0000 
225      225   (0)      2 :  0.0000 0.0379 0.0000 0.0700 0.0000 0.1881 0.0230 0.5356 0.1421 0.0000 0.0000 0.0000 0.0033 0.0000 
226      226   (0)      2 :  0.0021 0.6215 0.0000 0.0242 0.0000 0.1535 0.0344 0.0000 0.1411 0.0002 0.0083 0.0138 0.0010 0.0000 
227      227   (0)      2 :  0.0034 0.6162 0.0000 0.0000 0.0000 0.1674 0.0264 0.1189 0.0652 0.0000 0.0000 0.0000 0.0025 0.0000 
228      228   (0)      2 :  0.0057 0.6882 0.0000 0.0214 0.0000 0.1046 0.0211 0.1209 0.0364 0.0000 0.0017 0.0000 0.0000 0.0000 
229      229   (0)      2 :  0.0115 0.8782 0.0000 0.0000 0.0000 0.0546 0.0123 0.0423 0.0000 0.0000 0.0000 0.0000 0.0011 0.0000 
230      230   (0)      2 :  0.5939 0.1117 0.0014 0.0000 0.0420 0.0000 0.0009 0.2408 0.0000 0.0062 0.0000 0.0000 0.0000 0.0031 
231      231   (0)      2 :  0.0112 0.3899 0.0000 0.2223 0.0001 0.1008 0.0155 0.1454 0.0584 0.0000 0.0000 0.0563 0.0000 0.0000 
232      232   (0)      2 :  0.0178 0.3852 0.0000 0.0617 0.0000 0.0628 0.0067 0.3655 0.0985 0.0000 0.0000 0.0019 0.0000 0.0000 
233      233   (0)      9 :  0.0000 0.0085 0.0000 0.0000 0.0000 0.0000 0.0000 0.0000 0.0000 0.0000 0.0000 0.0000 0.9915 0.0000 
234      234   (0)      9 :  0.0000 0.0000 0.0508 0.0000 0.0503 0.0251 0.0859 0.0000 0.0000 0.5681 0.0000 0.1744 0.0000 0.0454 
235      235   (0)      9 :  0.0000 0.0000 0.0000 0.0000 0.0000 0.0000 0.0000 0.0000 0.0000 0.0000 0.0000 0.0000 1.0000 0.0000 
236      236   (0)      9 :  0.0000 0.0000 0.0570 0.0602 0.0482 0.0375 0.0456 0.0000 0.0000 0.5472 0.0000 0.0949 0.0000 0.1093 
237      237   (0)      9 :  0.0000 0.0069 0.0000 0.0000 0.0000 0.0000 0.0000 0.0000 0.0000 0.0000 0.0000 0.0000 0.9931 0.0000 
238      238   (0)      9 :  0.0000 0.0000 0.0011 0.0000 0.0000 0.0066 0.0848 0.0000 0.0000 0.0000 0.0000 0.0000 0.9076 0.0000 
239      239   (0)      9 :  0.0000 0.0000 0.0000 0.0006 0.0038 0.0141 0.0388 0.0058 0.0000 0.7110 0.0951 0.1000 0.0000 0.0309 
240      240   (0)      9 :  0.0000 0.0000 0.0007 0.0000 0.0037 0.0101 0.0305 0.0000 0.0000 0.8024 0.0000 0.0675 0.0000 0.0852 
241      241   (0)     10 :  0.0000 0.0000 0.0000 0.0000 0.0000 0.0342 0.0714 0.0000 0.0000 0.6528 0.0010 0.2406 0.0000 0.0000 
242      242   (0)     10 :  0.0013 0.0000 0.0045 0.0000 0.0000 0.0016 0.0003 0.0000 0.0000 0.9923 0.0000 0.0000 0.0000 0.0000 
243      243   (0)     10 :  0.0000 0.0000 0.0000 0.0014 0.0000 0.0411 0.0950 0.0000 0.0000 0.5751 0.0000 0.2874 0.0000 0.0000 
244      244   (0)     11 :  0.0000 0.0000 0.0135 0.0000 0.0050 0.0000 0.7247 0.0000 0.0000 0.0000 0.0000 0.0000 0.2374 0.0195 
245      245   (0)     11 :  0.0000 0.0000 0.0095 0.0005 0.0000 0.0054 0.6260 0.0000 0.0000 0.0000 0.0010 0.0306 0.3092 0.0178 
246      246   (0)     11 :  0.0000 0.0006 0.0023 0.0030 0.0000 0.0268 0.6670 0.0000 0.0014 0.0011 0.0000 0.0000 0.2978 0.0000 
247      247   (0)     11 :  0.0063 0.0011 0.0078 0.0000 0.0000 0.0076 0.3717 0.0000 0.0000 0.0000 0.0000 0.0133 0.5920 0.0001 
248      248   (0)     11 :  0.0000 0.0000 0.0122 0.0000 0.0000 0.0000 0.7183 0.0000 0.0106 0.0000 0.0000 0.0000 0.2589 0.0000 
249      249   (0)     11 :  0.0000 0.0000 0.0276 0.0000 0.0000 0.0136 0.0773 0.0000 0.0027 0.4169 0.0060 0.0966 0.0016 0.3578 
250      250   (0)     11 :  0.0000 0.0000 0.0464 0.0024 0.0101 0.0249 0.0593 0.0000 0.0000 0.2397 0.1723 0.1425 0.0144 0.2879 
251      251   (0)     10 :  0.0021 0.0048 0.0016 0.0022 0.0000 0.0350 0.0617 0.0000 0.0390 0.5567 0.0000 0.2142 0.0826 0.0000 
252      252   (0)     10 :  0.0054 0.0000 0.0006 0.0000 0.0202 0.0204 0.0449 0.0000 0.0000 0.7801 0.0000 0.1283 0.0000 0.0000 
253      253   (0)     10 :  0.0000 0.0000 0.0000 0.0000 0.0000 0.0000 0.0106 0.0000 0.0000 0.9894 0.0000 0.0000 0.0000 0.0000 
254      254   (0)     10 :  0.0016 0.0007 0.0361 0.0000 0.0000 0.0074 0.0155 0.0000 0.0183 0.8733 0.0000 0.0467 0.0000 0.0005 
255      255   (0)     10 :  0.0000 0.0000 0.0007 0.0000 0.0000 0.0233 0.0484 0.1299 0.0000 0.5489 0.0000 0.1601 0.0000 0.0888 
256      256   (0)     10 :  0.0000 0.0000 0.0013 0.0000 0.0304 0.0343 0.0924 0.0000 0.0070 0.5474 0.0000 0.1989 0.0028 0.0855 
257      257   (0)     10 :  0.0217 0.0000 0.0000 0.0000 0.0134 0.0193 0.0683 0.0000 0.0000 0.6415 0.0000 0.1355 0.0129 0.0873 
258      258   (0)     10 :  0.0000 0.0000 0.0000 0.0000 0.0000 0.0145 0.0342 0.0000 0.0000 0.8113 0.0000 0.0945 0.0000 0.0456 
259      259   (0)     10 :  0.0000 0.0000 0.0000 0.0000 0.0390 0.0313 0.0874 0.0000 0.0000 0.5899 0.0000 0.2317 0.0207 0.0000 
260      260   (0)     10 :  0.0000 0.0000 0.1142 0.0085 0.0000 0.0282 0.0587 0.0000 0.0000 0.5791 0.0015 0.1684 0.0000 0.0413 
261      261   (0)     10 :  0.0000 0.0000 0.0295 0.0000 0.0000 0.0438 0.0916 0.0000 0.0000 0.2742 0.0000 0.2953 0.2579 0.0077 
262      262   (0)     10 :  0.0000 0.0000 0.0101 0.0423 0.0108 0.0589 0.1387 0.0000 0.0000 0.3364 0.0337 0.3517 0.0008 0.0165 
263      263   (0)     10 :  0.0000 0.0000 0.0014 0.0000 0.0222 0.0255 0.0546 0.0000 0.0000 0.7177 0.0000 0.1786 0.0000 0.0000 
264      264   (0)     10 :  0.0000 0.0000 0.0000 0.0000 0.0000 0.0375 0.0869 0.0000 0.0000 0.5919 0.0005 0.2831 0.0000 0.0000 
265      265   (0)     10 :  0.0000 0.0000 0.0000 0.0000 0.0000 0.0290 0.0678 0.0000 0.0000 0.5760 0.0000 0.2015 0.0000 0.1258 
266      266   (0)     10 :  0.0000 0.0000 0.0673 0.0004 0.0061 0.0007 0.0000 0.0000 0.0000 0.9227 0.0000 0.0000 0.0000 0.0028 
267      267   (0)     10 :  0.0047 0.0000 0.0125 0.0021 0.0000 0.0062 0.1804 0.0457 0.0000 0.0496 0.0000 0.0000 0.6988 0.0000 
268      268   (0)     10 :  0.0002 0.0000 0.0536 0.0079 0.0000 0.0315 0.0542 0.0000 0.0000 0.6434 0.0056 0.2035 0.0000 0.0000 
269      269   (0)     10 :  0.0000 0.0000 0.0017 0.0120 0.0000 0.0565 0.1073 0.0000 0.0000 0.4626 0.0057 0.3443 0.0099 0.0000 
270      270   (0)     10 :  0.0000 0.0000 0.0000 0.0000 0.0000 0.0223 0.0473 0.0000 0.0335 0.7579 0.0000 0.1390 0.0000 0.0000 
271      271   (0)     10 :  0.0029 0.0000 0.0018 0.0000 0.0000 0.0250 0.0470 0.0000 0.0000 0.7370 0.0000 0.1811 0.0000 0.0051 
272      272   (0)     10 :  0.0000 0.0000 0.0000 0.0000 0.0000 0.0000 0.0000 0.0000 0.0000 1.0000 0.0000 0.0000 0.0000 0.0000 
273      273   (0)     12 :  0.0000 0.0000 0.0000 0.0000 0.0000 0.0000 0.0000 0.0000 0.0000 0.0000 0.8919 0.0000 0.0000 0.1081 
274      274   (0)     12 :  0.0001 0.0000 0.0000 0.0000 0.0000 0.0004 0.0000 0.0000 0.0000 0.0000 0.9995 0.0000 0.0000 0.0000 
275      275   (0)     12 :  0.0000 0.0000 0.0000 0.0000 0.0000 0.0000 0.0000 0.0000 0.0000 0.0000 1.0000 0.0000 0.0000 0.0000 
276      276   (0)     12 :  0.0000 0.0000 0.1172 0.0000 0.0000 0.0000 0.0034 0.0000 0.0000 0.0000 0.8537 0.0000 0.0000 0.0258 
277      277   (0)     12 :  0.0000 0.0000 0.0000 0.0000 0.0000 0.0009 0.0018 0.0000 0.0000 0.0002 0.9687 0.0041 0.0243 0.0000 
278      278   (0)     12 :  0.0216 0.0000 0.0276 0.0000 0.0000 0.0254 0.5172 0.0000 0.0000 0.0000 0.2559 0.0238 0.1285 0.0000 
279      279   (0)     12 :  0.0234 0.0000 0.0275 0.0000 0.0000 0.0275 0.6437 0.0000 0.0000 0.0000 0.0870 0.0227 0.1682 0.0000 
280      280   (0)     12 :  0.0000 0.0000 0.0000 0.0000 0.0000 0.0000 0.0000 0.0000 0.0000 0.0000 1.0000 0.0000 0.0000 0.0000 
281      281   (0)     12 :  0.0000 0.0000 0.0000 0.0000 0.0000 0.0000 0.0072 0.0000 0.0000 0.0000 0.8638 0.0000 0.0000 0.1290 
282      282   (0)     12 :  0.0034 0.0000 0.0412 0.0000 0.0000 0.0095 0.0647 0.0000 0.0000 0.0386 0.7929 0.0441 0.0056 0.0000 
283      283   (0)     12 :  0.0010 0.0000 0.0012 0.0000 0.0000 0.0016 0.0011 0.0000 0.0000 0.0000 0.9914 0.0038 0.0000 0.0000 
284      284   (0)     12 :  0.0292 0.0000 0.0348 0.0000 0.0000 0.0299 0.6733 0.0000 0.0000 0.0000 0.0592 0.0000 0.1737 0.0000 
285      285   (0)     12 :  0.0231 0.0000 0.0191 0.0000 0.0000 0.0236 0.6272 0.0000 0.0000 0.0000 0.1242 0.0000 0.1827 0.0000 
286      286   (0)     12 :  0.0105 0.0000 0.0149 0.0002 0.0000 0.0113 0.5692 0.0000 0.0000 0.0000 0.2437 0.0000 0.1502 0.0000 
287      287   (0)     12 :  0.0000 0.0000 0.0000 0.0000 0.0000 0.0000 0.0000 0.0000 0.0000 0.0000 1.0000 0.0000 0.0000 0.0000 
288      288   (0)     12 :  0.0000 0.0000 0.0000 0.0000 0.0000 0.0000 0.0000 0.0000 0.0000 0.0000 1.0000 0.0000 0.0000 0.0000 
289      289   (0)     12 :  0.0000 0.0000 0.0000 0.0000 0.0000 0.0000 0.0000 0.0000 0.0000 0.0000 1.0000 0.0000 0.0000 0.0000 
290      290   (0)     12 :  0.0000 0.0000 0.0000 0.0000 0.0000 0.0000 0.0057 0.0000 0.0000 0.0000 0.9943 0.0000 0.0000 0.0000 
291      291   (0)     12 :  0.0000 0.0000 0.0000 0.0000 0.0000 0.0000 0.0035 0.0000 0.0000 0.0000 0.9965 0.0000 0.0000 0.0000 
292      292   (0)     12 :  0.0000 0.0000 0.0000 0.0000 0.0000 0.0000 0.0000 0.0000 0.0000 0.0000 1.0000 0.0000 0.0000 0.0000 
293      293   (0)     12 :  0.0000 0.0000 0.0000 0.0000 0.0000 0.0000 0.0000 0.0000 0.0000 0.0000 1.0000 0.0000 0.0000 0.0000 
294      294   (0)     12 :  0.0000 0.0000 0.0166 0.0000 0.0000 0.0000 0.0000 0.0000 0.0000 0.0000 0.9834 0.0000 0.0000 0.0000 
295      295   (0)     12 :  0.0285 0.0000 0.0307 0.0000 0.0000 0.0294 0.6920 0.0000 0.0000 0.0000 0.0248 0.0000 0.1945 0.0000 
296      296   (0)     12 :  0.0000 0.0000 0.0000 0.0000 0.0000 0.0000 0.0000 0.0000 0.0000 0.0000 0.9873 0.0000 0.0000 0.0127 
297      297   (0)     12 :  0.0000 0.0000 0.0566 0.0000 0.0000 0.0000 0.0052 0.0000 0.0000 0.0000 0.8772 0.0000 0.0000 0.0610 
298      298   (0)     12 :  0.0245 0.0000 0.0431 0.0001 0.0000 0.0315 0.5818 0.0000 0.0000 0.0000 0.1259 0.0371 0.1561 0.0000 
299      299   (0)     12 :  0.0000 0.0000 0.0000 0.0000 0.0000 0.0000 0.0000 0.0000 0.0000 0.0002 0.9998 0.0000 0.0000 0.0000 
300      300   (0)     12 :  0.0233 0.0000 0.0347 0.0000 0.0000 0.0242 0.6564 0.0000 0.0115 0.0000 0.0801 0.0000 0.1698 0.0000 
301      301   (0)     13 :  0.0000 0.0000 0.0000 0.0000 0.0000 0.0000 0.0754 0.0000 0.0000 0.0001 0.0050 0.0036 0.0122 0.9038 
302      302   (0)     13 :  0.0000 0.0000 0.0000 0.0000 0.0000 0.0000 0.0000 0.0000 0.0000 0.0000 0.0057 0.0000 0.0000 0.9943 
303      303   (0)     13 :  0.0000 0.0000 0.0000 0.0000 0.0013 0.0000 0.0041 0.0000 0.0000 0.0014 0.0000 0.0000 0.0000 0.9932 
304      304   (0)     13 :  0.0000 0.0000 0.1976 0.0000 0.0000 0.0024 0.0073 0.0000 0.0000 0.1169 0.0938 0.0095 0.0595 0.5130 
305      305   (0)     13 :  0.0000 0.0000 0.0000 0.0000 0.0000 0.0000 0.0000 0.0000 0.0000 0.0000 0.0000 0.0000 0.0000 1.0000 
306      306   (0)     13 :  0.0000 0.0000 0.0000 0.0000 0.0000 0.0000 0.0002 0.0000 0.0030 0.0000 0.0090 0.0000 0.0000 0.9877 
307      307   (0)     13 :  0.0000 0.0000 0.0000 0.0000 0.0209 0.0000 0.0066 0.0000 0.0000 0.0804 0.0000 0.0000 0.0000 0.8920 
308      308   (0)     13 :  0.0051 0.0000 0.0029 0.0000 0.0000 0.0054 0.2251 0.0000 0.0142 0.0000 0.0000 0.0000 0.4829 0.2643 
309      309   (0)     13 :  0.0000 0.0000 0.0000 0.0000 0.0000 0.0072 0.2695 0.0000 0.0000 0.0000 0.0064 0.0528 0.1139 0.5502 
310      310   (0)     13 :  0.0000 0.0000 0.0000 0.0000 0.0000 0.0000 0.0040 0.0000 0.0000 0.0000 0.1573 0.0000 0.0000 0.8386 
311      311   (0)     13 :  0.0000 0.0000 0.0000 0.0000 0.0000 0.0000 0.0000 0.0000 0.0000 0.0000 0.0000 0.0000 0.0000 1.0000 
312      312   (0)     13 :  0.0000 0.0000 0.0000 0.0000 0.0055 0.0000 0.0000 0.0000 0.0000 0.0000 0.0000 0.0049 0.0000 0.9896 
313      313   (0)     13 :  0.0000 0.0000 0.0000 0.0000 0.0000 0.0000 0.0000 0.0000 0.0000 0.0000 0.0000 0.0000 0.0000 1.0000 
314      314   (0)     13 :  0.0000 0.0000 0.0000 0.0000 0.0000 0.0000 0.0000 0.0000 0.0000 0.0000 0.0000 0.0000 0.0000 1.0000 
315      315   (0)     13 :  0.0000 0.0000 0.0000 0.0000 0.0000 0.0000 0.0000 0.0000 0.0000 0.0000 0.0043 0.0000 0.0000 0.9957 
316      316   (0)     13 :  0.0008 0.0000 0.0000 0.0000 0.0000 0.0028 0.0534 0.0000 0.0000 0.1082 0.0000 0.0000 0.0012 0.8337 
317      317   (0)     13 :  0.0000 0.0000 0.0000 0.0000 0.0000 0.0070 0.0116 0.0000 0.0000 0.0000 0.0016 0.0440 0.0000 0.9359 
318      318   (0)     13 :  0.0000 0.0000 0.0000 0.0000 0.0052 0.0000 0.0000 0.0000 0.0000 0.0000 0.0000 0.0000 0.0000 0.9948 
319      319   (0)     13 :  0.0000 0.0000 0.0000 0.0000 0.0000 0.0000 0.0000 0.0000 0.0000 0.0000 0.0000 0.0000 0.0000 1.0000 
320      320   (0)     13 :  0.0045 0.0000 0.0045 0.0000 0.0000 0.0109 0.4329 0.0000 0.0000 0.0000 0.0174 0.0365 0.2760 0.2172 
321      321   (0)     13 :  0.0000 0.0000 0.0000 0.0000 0.0000 0.0000 0.0000 0.0000 0.0000 0.0011 0.0033 0.0000 0.0000 0.9956 
322      322   (0)     13 :  0.0058 0.0000 0.0039 0.0000 0.0000 0.0058 0.0325 0.0000 0.0000 0.0046 0.0089 0.0000 0.0000 0.9383 
323      323   (0)     13 :  0.0000 0.0000 0.0904 0.0000 0.0000 0.0000 0.0000 0.0000 0.0000 0.0000 0.0022 0.0000 0.0000 0.9074 
324      324   (0)     13 :  0.0000 0.0000 0.2301 0.0000 0.0000 0.0000 0.0000 0.0000 0.0000 0.0000 0.0013 0.0000 0.0000 0.7685 
325      325   (0)     14 :  0.0000 0.0000 0.0000 0.0000 0.0000 0.0019 0.0098 0.0000 0.0000 0.3028 0.0000 0.0103 0.0000 0.6752 
326      326   (0)     14 :  0.0000 0.0000 0.0000 0.0000 0.0000 0.0000 0.0110 0.0000 0.0000 0.9565 0.0000 0.0000 0.0000 0.0325 
327      327   (0)     14 :  0.0000 0.0000 0.0000 0.0000 0.0000 0.0000 0.0000 0.0000 0.0000 0.0000 0.0000 0.0000 1.0000 0.0000 
328      328   (0)     14 :  0.0000 0.0000 0.0048 0.0000 0.0000 0.0018 0.0278 0.0000 0.0000 0.5098 0.2359 0.0078 0.0000 0.2121 
329      329   (0)     14 :  0.0000 0.0000 0.0067 0.0000 0.0000 0.0000 0.5607 0.0000 0.0000 0.0001 0.0000 0.0000 0.4325 0.0000 
330      330   (0)     14 :  0.0023 0.0023 0.0000 0.0000 0.0000 0.0059 0.0099 0.0000 0.0000 0.0020 0.0000 0.0140 0.9621 0.0016 
331      331   (0)     14 :  0.0036 0.0000 0.0035 0.0000 0.0000 0.0101 0.3175 0.0000 0.0000 0.0000 0.0000 0.0164 0.6342 0.0147 
332      332   (0)     14 :  0.0000 0.0000 0.0510 0.0000 0.0000 0.0285 0.0716 0.0000 0.0000 0.1974 0.1145 0.1897 0.0828 0.2645 
333      333   (0)     14 :  0.0073 0.0000 0.0048 0.0000 0.0000 0.0072 0.1039 0.0000 0.0000 0.0000 0.0000 0.0000 0.8767 0.0000 
334      334   (0)     14 :  0.0000 0.0000 0.0017 0.0000 0.0000 0.0035 0.0675 0.0000 0.0000 0.7353 0.0027 0.0000 0.0011 0.1882 
335      335   (0)     14 :  0.0000 0.0000 0.0333 0.0000 0.0000 0.0276 0.0728 0.0000 0.0013 0.2590 0.0108 0.1880 0.0701 0.3369 
336      336   (0)     11 :  0.0000 0.0000 0.0000 0.0000 0.0000 0.0000 0.4379 0.0000 0.0000 0.0008 0.0000 0.0000 0.5282 0.0331 
337      337   (0)     11 :  0.0000 0.0000 0.0000 0.0000 0.0298 0.0029 0.0408 0.0000 0.0000 0.4323 0.0822 0.0000 0.0000 0.4120 
338      338   (0)     11 :  0.0000 0.0000 0.0036 0.0000 0.0000 0.0000 0.6312 0.0000 0.0229 0.0009 0.0058 0.0000 0.3277 0.0079 
339      339   (0)     10 :  0.0000 0.0000 0.0000 0.0000 0.0000 0.0000 0.0308 0.0000 0.0000 0.9692 0.0000 0.0000 0.0000 0.0000 
340      340   (0)     10 :  0.0000 0.0000 0.0000 0.1893 0.0210 0.0622 0.0923 0.0008 0.0000 0.0000 0.0000 0.0061 0.6283 0.0000 
341      341   (0)     11 :  0.0000 0.0106 0.0000 0.0014 0.0000 0.0182 0.4718 0.0000 0.0000 0.0120 0.0128 0.0673 0.3996 0.0063 
342      342   (0)     11 :  0.0000 0.0000 0.0000 0.0000 0.0000 0.0000 0.6885 0.0000 0.0000 0.0000 0.0000 0.0000 0.3115 0.0000 
343      343   (0)     11 :  0.0000 0.0000 0.0000 0.0000 0.0000 0.0000 0.2483 0.0000 0.0000 0.0000 0.0000 0.0000 0.7517 0.0000 
344      344   (0)     11 :  0.0000 0.0020 0.0069 0.0063 0.0000 0.0205 0.5673 0.0000 0.0000 0.0348 0.0000 0.0492 0.3128 0.0001 
345      345   (0)     11 :  0.0000 0.0000 0.0005 0.0000 0.0000 0.0000 0.6914 0.0000 0.0000 0.0024 0.0000 0.0021 0.2813 0.0222 
346      346   (0)     11 :  0.0000 0.0000 0.0041 0.0000 0.0000 0.0000 0.5580 0.0000 0.0000 0.0000 0.0000 0.0000 0.4379 0.0000 
347      347   (0)     11 :  0.0009 0.0000 0.0005 0.0000 0.0000 0.0027 0.0306 0.0000 0.0000 0.4197 0.0299 0.0155 0.0000 0.5002 
348      348   (0)     11 :  0.0000 0.0000 0.0019 0.0000 0.0000 0.0010 0.5203 0.0000 0.0000 0.0000 0.0000 0.0132 0.4636 0.0000 
349      349   (0)     11 :  0.0003 0.0000 0.0046 0.0000 0.0000 0.0021 0.4745 0.0000 0.0000 0.0100 0.0000 0.0120 0.4964 0.0000 
350      350   (0)     11 :  0.0047 0.0000 0.0173 0.0000 0.0000 0.0210 0.5609 0.0000 0.0000 0.0449 0.0000 0.1006 0.2471 0.0036 
351      351   (0)     11 :  0.0000 0.0000 0.0000 0.0000 0.0000 0.0000 0.7049 0.0000 0.0000 0.0000 0.0052 0.0000 0.2898 0.0001 
352      352   (0)     11 :  0.0000 0.0000 0.0438 0.0000 0.0000 0.0109 0.0658 0.0000 0.0000 0.5540 0.1419 0.0752 0.0087 0.0997 
353      353   (0)     11 :  0.0000 0.0000 0.0046 0.0000 0.0000 0.0000 0.6712 0.0000 0.0000 0.0000 0.0000 0.0000 0.3242 0.0000 
354      354   (0)     11 :  0.0000 0.0000 0.0000 0.0000 0.0000 0.0037 0.0581 0.0000 0.0000 0.6564 0.0175 0.0253 0.0000 0.2390 
355      355   (0)     11 :  0.0000 0.0000 0.0000 0.0000 0.0000 0.0000 0.6800 0.0000 0.0000 0.0000 0.0000 0.0000 0.3200 0.0000 
356      356   (0)     14 :  0.0000 0.0000 0.0996 0.0046 0.0000 0.0064 0.1334 0.0021 0.0000 0.0000 0.0000 0.0017 0.7494 0.0027 
357      357   (0)     14 :  0.0000 0.0000 0.0064 0.0000 0.0000 0.0000 0.0467 0.0000 0.0000 0.5703 0.0855 0.0000 0.0000 0.2911 
358      358   (0)     14 :  0.0069 0.0000 0.0068 0.0000 0.0000 0.0070 0.3754 0.0000 0.0000 0.0000 0.0000 0.0000 0.6039 0.0000 
359      359   (0)     14 :  0.0000 0.0000 0.1285 0.0000 0.0000 0.0010 0.0040 0.0000 0.0000 0.5985 0.0116 0.0034 0.0217 0.2313 
360      360   (0)     14 :  0.0000 0.0000 0.0000 0.0000 0.0000 0.0000 0.0000 0.0000 0.0000 0.0000 0.0000 0.0000 1.0000 0.0000 
361      361   (0)     14 :  0.0000 0.0000 0.0000 0.0000 0.0000 0.0044 0.1138 0.0000 0.0000 0.0011 0.0000 0.0266 0.8227 0.0314 
362      362   (0)     14 :  0.0000 0.0000 0.0000 0.0000 0.0000 0.0038 0.1995 0.0000 0.0000 0.0000 0.0000 0.0179 0.7780 0.0008 
363      363   (0)     14 :  0.0000 0.0000 0.0013 0.0000 0.0000 0.0158 0.2980 0.0000 0.0000 0.0000 0.0000 0.0000 0.6850 0.0000 
364      364   (0)     14 :  0.0000 0.0000 0.0000 0.0015 0.0000 0.0047 0.2798 0.0000 0.0000 0.0000 0.0000 0.0000 0.7140 0.0000 
365      365   (0)     14 :  0.0000 0.0000 0.0000 0.0000 0.0000 0.0059 0.2052 0.0000 0.0000 0.0000 0.0000 0.0370 0.6313 0.1206 
366      366   (0)     14 :  0.0000 0.0000 0.1071 0.0000 0.0000 0.0065 0.0437 0.0000 0.0000 0.5691 0.0004 0.0458 0.0152 0.2123 
367      367   (0)      9 :  0.0000 0.0000 0.0705 0.0000 0.0000 0.0000 0.0260 0.0000 0.0000 0.8557 0.0001 0.0000 0.0126 0.0351 
368      368   (0)      9 :  0.0000 0.0000 0.0000 0.0325 0.0000 0.0140 0.0338 0.0000 0.0004 0.1045 0.0000 0.0000 0.8148 0.0000 
369      369   (0)      9 :  0.0000 0.0000 0.0000 0.0000 0.0000 0.0000 0.0004 0.0000 0.0000 0.9082 0.0000 0.0000 0.0014 0.0901 
370      370   (0)      9 :  0.0044 0.0000 0.0111 0.0000 0.0000 0.0157 0.0825 0.0000 0.0000 0.7999 0.0000 0.0772 0.0093 0.0000 
371      371   (0)      9 :  0.0000 0.0000 0.0000 0.0000 0.0000 0.0076 0.0330 0.0000 0.0000 0.8823 0.0000 0.0526 0.0000 0.0244 
372      372   (0)      9 :  0.0000 0.0000 0.0021 0.0000 0.0000 0.0000 0.0000 0.0000 0.0000 0.0000 0.0000 0.0000 0.9979 0.0000 
373      373   (0)     14 :  0.0000 0.0000 0.0000 0.0000 0.0000 0.0000 0.3323 0.0000 0.0000 0.0000 0.0000 0.0000 0.6677 0.0000 
374      374   (0)     14 :  0.0000 0.0000 0.0000 0.0000 0.0000 0.0000 0.0730 0.0000 0.0000 0.7660 0.0000 0.0000 0.0070 0.1539 
375      375   (0)     14 :  0.0018 0.0000 0.0017 0.0000 0.0000 0.0051 0.0112 0.0000 0.0000 0.0022 0.0227 0.0309 0.9245 0.0000 
376      376   (0)     14 :  0.0000 0.0004 0.0000 0.0000 0.0000 0.0001 0.0000 0.0000 0.0000 0.0000 0.0000 0.0000 0.9995 0.0000 
377      377   (0)     14 :  0.0000 0.0000 0.0000 0.0000 0.0044 0.0000 0.0500 0.0000 0.0000 0.6891 0.0000 0.0000 0.0000 0.2565 
378      378   (0)      9 :  0.0000 0.0000 0.0027 0.0000 0.0000 0.0023 0.0136 0.0000 0.0000 0.9794 0.0019 0.0000 0.0000 0.0000 
379      379   (0)      9 :  0.0000 0.0207 0.0034 0.0000 0.0000 0.0000 0.0000 0.0000 0.0000 0.0000 0.0000 0.0000 0.9758 0.0000 
380      380   (0)      9 :  0.0000 0.0046 0.0000 0.0000 0.0000 0.0155 0.0113 0.0000 0.0000 0.0000 0.0000 0.0042 0.9644 0.0000 
381      381   (0)      9 :  0.0000 0.0000 0.0000 0.0000 0.0000 0.0000 0.0000 0.0792 0.0000 0.0000 0.0000 0.0000 0.9208 0.0000 
382      382   (0)      9 :  0.0000 0.0000 0.0000 0.0000 0.0000 0.0130 0.0381 0.0000 0.0000 0.8066 0.0000 0.0870 0.0312 0.0240 
383      383   (0)      9 :  0.0000 0.0000 0.0000 0.0000 0.0000 0.0000 0.0190 0.0000 0.0000 0.9810 0.0000 0.0000 0.0000 0.0000 
384      384   (0)      9 :  0.0000 0.0000 0.0000 0.0000 0.0000 0.0120 0.0259 0.0000 0.0000 0.8814 0.0000 0.0807 0.0000 0.0000 
385      385   (0)      9 :  0.0000 0.0000 0.0000 0.0000 0.0000 0.0000 0.0000 0.1126 0.0000 0.0000 0.0000 0.0000 0.8874 0.0000 
386      386   (0)      9 :  0.0000 0.0000 0.0000 0.0000 0.0000 0.0175 0.0554 0.0000 0.0000 0.7681 0.0085 0.1212 0.0000 0.0294 
387      387   (0)      9 :  0.0000 0.0000 0.0007 0.0000 0.0303 0.0064 0.0163 0.0000 0.0000 0.8958 0.0000 0.0450 0.0053 0.0000 
388      388   (0)      9 :  0.0000 0.0000 0.0000 0.0000 0.0000 0.0000 0.0000 0.0002 0.0000 0.0000 0.0000 0.0000 0.9998 0.0000 
389      389   (0)      9 :  0.0000 0.0019 0.0000 0.0000 0.0000 0.0022 0.0018 0.0000 0.0000 0.0000 0.0000 0.0027 0.9914 0.0000 
390      390   (0)      9 :  0.0000 0.0000 0.0000 0.0022 0.1257 0.0574 0.1225 0.0000 0.0000 0.4585 0.0000 0.2330 0.0000 0.0008 
391      391   (0)      9 :  0.0000 0.0000 0.0000 0.0000 0.0000 0.0000 0.0000 0.1431 0.0000 0.0000 0.0000 0.0000 0.8569 0.0000 
392      392   (0)     15 :  0.0000 0.0000 0.5900 0.0000 0.0000 0.0000 0.0159 0.0000 0.0000 0.2691 0.0000 0.0000 0.0000 0.1251 
393      393   (0)     15 :  0.0000 0.0000 0.7854 0.0000 0.0000 0.0000 0.0000 0.0000 0.0000 0.0000 0.0000 0.0000 0.0000 0.2146 
394      394   (0)     15 :  0.0065 0.0000 0.9618 0.0000 0.0000 0.0064 0.0000 0.0000 0.0000 0.0000 0.0000 0.0000 0.0003 0.0250 
395      395   (0)     15 :  0.0071 0.0000 0.7941 0.0000 0.0000 0.0072 0.0374 0.0911 0.0000 0.0000 0.0000 0.0000 0.0000 0.0632 
396      396   (0)     15 :  0.0000 0.0000 0.9217 0.0000 0.0000 0.0000 0.0000 0.0000 0.0000 0.0000 0.0000 0.0000 0.0000 0.0783 
397      397   (0)     15 :  0.0000 0.0000 0.9676 0.0000 0.0000 0.0000 0.0003 0.0000 0.0000 0.0000 0.0000 0.0000 0.0000 0.0321 
398      398   (0)     15 :  0.0000 0.0000 0.9634 0.0000 0.0000 0.0000 0.0000 0.0000 0.0000 0.0000 0.0000 0.0000 0.0000 0.0366 
399      399   (0)     15 :  0.0500 0.0000 0.2198 0.0000 0.0000 0.0524 0.4846 0.0000 0.0000 0.0000 0.0000 0.0026 0.1907 0.0000 
400      400   (0)     15 :  0.0000 0.0000 0.9606 0.0000 0.0000 0.0000 0.0000 0.0014 0.0000 0.0000 0.0000 0.0000 0.0000 0.0380 
401      401   (0)     15 :  0.0000 0.0000 0.9634 0.0000 0.0000 0.0000 0.0000 0.0000 0.0000 0.0000 0.0000 0.0000 0.0000 0.0366 
402      402   (0)     15 :  0.0500 0.0000 0.2556 0.0000 0.0000 0.0500 0.5192 0.0000 0.0000 0.0000 0.0000 0.0000 0.1252 0.0000 
403      403   (0)     15 :  0.0424 0.0000 0.0379 0.0000 0.0000 0.0422 0.4994 0.0000 0.0000 0.0000 0.0000 0.0000 0.3781 0.0000 
404      404   (0)     15 :  0.0000 0.0000 0.9664 0.0000 0.0000 0.0000 0.0008 0.0000 0.0000 0.0000 0.0000 0.0000 0.0000 0.0328 
405      405   (0)     15 :  0.0000 0.0000 0.9496 0.0000 0.0000 0.0000 0.0000 0.0000 0.0000 0.0098 0.0000 0.0000 0.0000 0.0406 
406      406   (0)     15 :  0.0000 0.0000 0.7359 0.0000 0.0000 0.0000 0.0000 0.0000 0.0000 0.0012 0.0000 0.0000 0.0000 0.2629 
407      407   (0)     15 :  0.0171 0.0000 0.8389 0.0000 0.0000 0.0170 0.0860 0.0000 0.0000 0.0137 0.0000 0.0016 0.0091 0.0167 
408      408   (0)     15 :  0.0500 0.0000 0.1723 0.0000 0.0000 0.0500 0.5873 0.0000 0.0000 0.0000 0.0000 0.0000 0.1404 0.0000 
409      409   (0)     15 :  0.0046 0.0000 0.9633 0.0000 0.0000 0.0047 0.0009 0.0000 0.0000 0.0000 0.0000 0.0000 0.0000 0.0265 
410      410   (0)     15 :  0.0500 0.0000 0.2532 0.0000 0.0000 0.0500 0.5248 0.0000 0.0000 0.0000 0.0000 0.0000 0.1220 0.0000 
411      411   (0)     15 :  0.0000 0.0000 0.8511 0.0000 0.0000 0.0000 0.0000 0.0000 0.0000 0.0000 0.0000 0.0000 0.0000 0.1489 
412      412   (0)     15 :  0.0154 0.0000 0.8619 0.0000 0.0000 0.0154 0.0898 0.0000 0.0000 0.0000 0.0000 0.0000 0.0000 0.0176 
413      413   (0)     15 :  0.0000 0.0000 0.8381 0.0000 0.0000 0.0000 0.0000 0.0000 0.0000 0.0000 0.0000 0.0000 0.0000 0.1619 
414      414   (0)     15 :  0.0000 0.0000 0.7082 0.0017 0.0192 0.0074 0.0090 0.0000 0.0000 0.0019 0.1103 0.0241 0.0000 0.1183 
415      415   (0)     15 :  0.0154 0.0000 0.7429 0.0000 0.0000 0.0155 0.0801 0.0000 0.0213 0.0255 0.0770 0.0028 0.0037 0.0158 
416      416   (0)     15 :  0.0000 0.0000 0.9667 0.0000 0.0000 0.0000 0.0000 0.0000 0.0000 0.0000 0.0000 0.0000 0.0000 0.0333 
417      417   (0)     15 :  0.0500 0.0000 0.1527 0.0000 0.0000 0.0500 0.5991 0.0000 0.0000 0.0000 0.0000 0.0000 0.1482 0.0000 
418      418   (0)     15 :  0.0000 0.0000 0.8701 0.0000 0.0000 0.0000 0.0052 0.0000 0.0000 0.0000 0.0000 0.0000 0.0000 0.1247 
419      419   (0)     15 :  0.0500 0.0000 0.1639 0.0000 0.0000 0.0500 0.5881 0.0000 0.0009 0.0000 0.0000 0.0000 0.1471 0.0000 
420      420   (0)     15 :  0.0500 0.0000 0.1264 0.0000 0.0000 0.0500 0.6234 0.0000 0.0000 0.0000 0.0000 0.0000 0.1502 0.0000 
421      421   (0)     16 :  0.0237 0.3318 0.0000 0.0015 0.0019 0.1799 0.0244 0.4364 0.0000 0.0000 0.0000 0.0004 0.0000 0.0000 
422      422   (0)     16 :  0.0077 0.0539 0.0000 0.0408 0.0000 0.1297 0.0125 0.6655 0.0000 0.0000 0.0000 0.0897 0.0002 0.0000 
423      423   (0)     16 :  0.0101 0.4379 0.0030 0.0243 0.0000 0.2490 0.0582 0.0000 0.1181 0.0000 0.0000 0.0936 0.0058 0.0000 
424      424   (0)     16 :  0.0060 0.1969 0.0000 0.0309 0.0000 0.2373 0.0263 0.3461 0.0081 0.0000 0.0000 0.0805 0.0678 0.0000 
425      425   (0)     16 :  0.0102 0.0000 0.0000 0.0429 0.0000 0.2034 0.0168 0.5442 0.0392 0.0000 0.0000 0.1295 0.0139 0.0000 
426      426   (0)     16 :  0.0072 0.4435 0.0000 0.0406 0.0000 0.2523 0.0266 0.0000 0.1494 0.0000 0.0000 0.0804 0.0000 0.0000 
427      427   (0)     16 :  0.0000 0.1633 0.0000 0.0127 0.0000 0.2495 0.0246 0.5402 0.0000 0.0000 0.0000 0.0020 0.0000 0.0077 
428      428   (0)     16 :  0.0000 0.5903 0.0000 0.0000 0.0000 0.3576 0.0504 0.0000 0.0000 0.0000 0.0000 0.0017 0.0000 0.0000 
429      429   (0)     16 :  0.0000 0.0515 0.0000 0.0770 0.0000 0.4839 0.0486 0.2884 0.0141 0.0044 0.0008 0.0293 0.0019 0.0000 
430      430   (0)     16 :  0.0055 0.7146 0.0000 0.0064 0.0170 0.1850 0.0271 0.0000 0.0291 0.0000 0.0000 0.0154 0.0000 0.0000 
431      431   (0)     16 :  0.0000 0.0045 0.0000 0.3210 0.0000 0.2377 0.0150 0.3812 0.0000 0.0000 0.0000 0.0406 0.0000 0.0000 
432      432   (0)     16 :  0.0013 0.6204 0.0000 0.0032 0.0000 0.2964 0.0336 0.0080 0.0168 0.0000 0.0000 0.0000 0.0201 0.0000 
433      433   (0)     16 :  0.0050 0.0636 0.0000 0.0000 0.0000 0.1436 0.0148 0.7713 0.0000 0.0000 0.0000 0.0017 0.0000 0.0000 
434      434   (0)     16 :  0.0018 0.5506 0.0092 0.0176 0.0000 0.1543 0.0205 0.2365 0.0036 0.0000 0.0000 0.0005 0.0054 0.0000 
435      435   (0)     16 :  0.0000 0.3822 0.0000 0.0000 0.0000 0.1581 0.0195 0.4338 0.0000 0.0000 0.0000 0.0000 0.0064 0.0000 
436      436   (0)     16 :  0.0000 0.0039 0.0000 0.0276 0.0365 0.1290 0.0092 0.7938 0.0000 0.0000 0.0000 0.0000 0.0000 0.0000 
437      437   (0)     16 :  0.0041 0.6360 0.0000 0.0619 0.0000 0.2565 0.0327 0.0000 0.0000 0.0000 0.0000 0.0089 0.0000 0.0000 
438      438   (0)     16 :  0.0040 0.8000 0.0000 0.0126 0.0000 0.1524 0.0231 0.0000 0.0000 0.0000 0.0000 0.0079 0.0000 0.0000 
439      439   (0)     16 :  0.0024 0.6046 0.0015 0.0472 0.0000 0.2829 0.0372 0.0000 0.0010 0.0000 0.0000 0.0000 0.0232 0.0000 
440      440   (0)     16 :  0.0030 0.2333 0.0028 0.0144 0.0000 0.5018 0.0582 0.0000 0.1774 0.0000 0.0000 0.0083 0.0008 0.0000 
441      441   (0)     16 :  0.0054 0.4433 0.0005 0.0000 0.0000 0.1815 0.0465 0.3031 0.0000 0.0000 0.0157 0.0000 0.0000 0.0042 
442      442   (0)     16 :  0.0029 0.7142 0.0000 0.0300 0.0000 0.2050 0.0388 0.0048 0.0000 0.0000 0.0000 0.0042 0.0000 0.0000 
443      443   (0)     16 :  0.0000 0.3659 0.0000 0.0083 0.0000 0.3476 0.0855 0.0079 0.1559 0.0000 0.0000 0.0126 0.0164 0.0000 
444      444   (0)     16 :  0.0000 0.6342 0.0000 0.0022 0.0000 0.2999 0.0483 0.0000 0.0138 0.0000 0.0000 0.0000 0.0017 0.0000 
445      445   (0)     16 :  0.8794 0.0251 0.0000 0.0000 0.0687 0.0000 0.0000 0.0251 0.0000 0.0011 0.0000 0.0000 0.0000 0.0007 
446      446   (0)     16 :  0.0000 0.3612 0.0000 0.0000 0.0000 0.2043 0.0303 0.3883 0.0003 0.0000 0.0000 0.0000 0.0155 0.0000 
447      447   (0)     16 :  0.0085 0.3673 0.0000 0.0146 0.0000 0.4237 0.0614 0.0931 0.0272 0.0000 0.0000 0.0027 0.0014 0.0000 
448      448   (0)     16 :  0.0000 0.5659 0.0000 0.0055 0.0000 0.3743 0.0377 0.0166 0.0000 0.0000 0.0000 0.0000 0.0000 0.0000 
449      449   (0)     16 :  0.0038 0.4844 0.0000 0.0018 0.0000 0.1885 0.0286 0.2686 0.0000 0.0000 0.0000 0.0066 0.0176 0.0000 
450      450   (0)     16 :  0.0083 0.6632 0.0000 0.0401 0.0000 0.2231 0.0337 0.0058 0.0237 0.0000 0.0000 0.0022 0.0000 0.0000 
451      451   (0)     17 :  0.0042 0.3579 0.0024 0.1325 0.0065 0.1654 0.0720 0.1087 0.0640 0.0029 0.0100 0.0720 0.0015 0.0000 
452      452   (0)     17 :  0.0069 0.6291 0.0000 0.0012 0.0000 0.2352 0.0531 0.0287 0.0420 0.0000 0.0000 0.0000 0.0038 0.0000 
453      453   (0)     17 :  0.0020 0.7706 0.0000 0.0000 0.0000 0.1998 0.0276 0.0000 0.0000 0.0000 0.0000 0.0000 0.0000 0.0000 
454      454   (0)     17 :  0.7785 0.0252 0.0019 0.0000 0.0522 0.0440 0.0081 0.0000 0.0217 0.0089 0.0000 0.0044 0.0000 0.0549 
455      455   (0)     17 :  0.0011 0.0187 0.0000 0.0000 0.0000 0.1644 0.0174 0.7984 0.0000 0.0000 0.0000 0.0000 0.0000 0.0000 
456      456   (0)     17 :  0.8735 0.0274 0.0000 0.0000 0.0737 0.0047 0.0001 0.0000 0.0000 0.0205 0.0000 0.0000 0.0000 0.0000 
457      457   (0)     17 :  0.0000 0.0563 0.0000 0.0000 0.0000 0.1364 0.0148 0.7925 0.0000 0.0000 0.0000 0.0000 0.0000 0.0000 
458      458   (0)     17 :  0.0024 0.6796 0.0000 0.0141 0.0000 0.2410 0.0390 0.0240 0.0000 0.0000 0.0000 0.0000 0.0000 0.0000 
459      459   (0)     17 :  0.0000 0.6820 0.0000 0.0000 0.0000 0.2663 0.0500 0.0000 0.0002 0.0000 0.0000 0.0000 0.0015 0.0000 
460      460   (0)     17 :  0.0000 0.0000 0.0000 0.0272 0.0000 0.3109 0.0217 0.3066 0.3324 0.0000 0.0000 0.0000 0.0013 0.0000 
461      461   (0)     17 :  0.0000 0.2912 0.0000 0.0159 0.0000 0.3364 0.0619 0.2492 0.0323 0.0000 0.0000 0.0041 0.0089 0.0000 
462      462   (0)     17 :  0.0000 0.1098 0.0000 0.3319 0.0651 0.2926 0.0382 0.0000 0.0036 0.0000 0.0415 0.1142 0.0032 0.0000 
463      463   (0)     17 :  0.5176 0.0095 0.0061 0.0000 0.1367 0.0590 0.0138 0.1687 0.0000 0.0457 0.0297 0.0033 0.0000 0.0100 
464      464   (0)     17 :  0.0117 0.4436 0.0000 0.0215 0.0021 0.3226 0.0590 0.0465 0.0119 0.0000 0.0003 0.0522 0.0285 0.0000 
465      465   (0)     17 :  0.0040 0.4999 0.0000 0.1303 0.1690 0.1551 0.0203 0.0007 0.0000 0.0000 0.0009 0.0155 0.0044 0.0000 
466      466   (0)     17 :  0.0005 0.4329 0.0000 0.0287 0.0332 0.2262 0.0534 0.0000 0.2035 0.0000 0.0000 0.0095 0.0119 0.0000 
467      467   (0)     17 :  0.0082 0.2951 0.0046 0.1337 0.0157 0.0948 0.0163 0.2078 0.1951 0.0000 0.0000 0.0000 0.0288 0.0000 
468      468   (0)     17 :  0.0000 0.0501 0.0000 0.0113 0.0000 0.2058 0.0562 0.0087 0.6587 0.0000 0.0000 0.0002 0.0089 0.0000 
469      469   (0)     17 :  0.0147 0.2556 0.0000 0.0540 0.0119 0.1663 0.0306 0.2812 0.0485 0.0003 0.0000 0.0716 0.0652 0.0000 
470      470   (0)     17 :  0.0031 0.5326 0.0032 0.0021 0.0000 0.2836 0.0901 0.0000 0.0069 0.0216 0.0008 0.0544 0.0018 0.0000 
471      471   (0)     17 :  0.0043 0.1974 0.0173 0.0000 0.0002 0.2650 0.0563 0.3724 0.0867 0.0000 0.0000 0.0000 0.0003 0.0000 
472      472   (0)     17 :  0.0015 0.0615 0.0009 0.2136 0.0000 0.2083 0.0188 0.0000 0.4619 0.0007 0.0000 0.0327 0.0000 0.0000 
473      473   (0)     17 :  0.0104 0.1722 0.0060 0.0764 0.0000 0.2125 0.0394 0.0000 0.4353 0.0000 0.0000 0.0478 0.0000 0.0000 
474      474   (0)     17 :  0.0000 0.0046 0.0002 0.0309 0.0033 0.1570 0.0290 0.7499 0.0129 0.0000 0.0000 0.0121 0.0000 0.0000 
475      475   (0)     17 :  0.0048 0.2846 0.0000 0.0945 0.0049 0.3414 0.0365 0.0821 0.1454 0.0000 0.0000 0.0058 0.0000 0.0000 
476      476   (0)     17 :  0.0001 0.0926 0.0000 0.0189 0.0250 0.1880 0.0290 0.5856 0.0084 0.0073 0.0009 0.0437 0.0005 0.0000 
477      477   (0)     17 :  0.0065 0.6295 0.0000 0.0146 0.0034 0.2889 0.0352 0.0000 0.0083 0.0000 0.0000 0.0136 0.0000 0.0000 
478      478   (0)     17 :  0.0000 0.0000 0.0000 0.0083 0.0000 0.1463 0.0160 0.7907 0.0256 0.0000 0.0000 0.0131 0.0000 0.0000 
479      479   (0)     17 :  0.0706 0.6443 0.0000 0.0053 0.0000 0.1541 0.0331 0.0011 0.0621 0.0000 0.0000 0.0295 0.0000 0.0000 
480      480   (0)     17 :  0.0393 0.1151 0.0029 0.0954 0.0019 0.1530 0.0713 0.0020 0.3671 0.0000 0.0000 0.1444 0.0075 0.0000 
481      481   (0)     18 :  0.0000 0.0000 0.0000 0.5556 0.0933 0.2879 0.0254 0.0000 0.0000 0.0000 0.0000 0.0356 0.0020 0.0000 
482      482   (0)     18 :  0.0000 0.0000 0.0000 0.0000 1.0000 0.0000 0.0000 0.0000 0.0000 0.0000 0.0000 0.0000 0.0000 0.0000 
483      483   (0)     18 :  0.0000 0.0000 0.0000 0.0015 0.9898 0.0087 0.0000 0.0000 0.0000 0.0000 0.0000 0.0000 0.0000 0.0000 
484      484   (0)     18 :  0.0000 0.0000 0.0000 0.0000 0.9947 0.0053 0.0000 0.0000 0.0000 0.0000 0.0000 0.0000 0.0000 0.0000 
485      485   (0)     18 :  0.2033 0.0196 0.0000 0.0000 0.7694 0.0078 0.0000 0.0000 0.0000 0.0000 0.0000 0.0000 0.0000 0.0000 
486      486   (0)     18 :  0.0000 0.0000 0.0000 0.0158 0.9663 0.0179 0.0000 0.0000 0.0000 0.0000 0.0000 0.0000 0.0000 0.0000 
487      487   (0)     18 :  0.0000 0.0000 0.0000 0.0000 1.0000 0.0000 0.0000 0.0000 0.0000 0.0000 0.0000 0.0000 0.0000 0.0000 
488      488   (0)     18 :  0.0000 0.2433 0.0000 0.1611 0.0352 0.4838 0.0479 0.0000 0.0183 0.0000 0.0000 0.0103 0.0000 0.0000 
489      489   (0)     18 :  0.0038 0.0000 0.0000 0.6359 0.0067 0.2505 0.0256 0.0000 0.0000 0.0000 0.0000 0.0733 0.0000 0.0043 
490      490   (0)     18 :  0.0000 0.0000 0.0000 0.0000 0.9942 0.0058 0.0000 0.0000 0.0000 0.0000 0.0000 0.0000 0.0000 0.0000 
491      491   (0)     18 :  0.0000 0.0150 0.0000 0.0000 0.8888 0.0815 0.0130 0.0000 0.0000 0.0000 0.0000 0.0000 0.0017 0.0000 
492      492   (0)     18 :  0.4481 0.4000 0.0000 0.0158 0.0895 0.0342 0.0054 0.0000 0.0000 0.0000 0.0000 0.0016 0.0053 0.0000 
493      493   (0)     18 :  0.0000 0.0000 0.0000 0.3579 0.0256 0.1587 0.0165 0.4233 0.0000 0.0000 0.0000 0.0179 0.0000 0.0000 
494      494   (0)     18 :  0.0000 0.0000 0.0000 0.0531 0.9244 0.0161 0.0000 0.0000 0.0000 0.0000 0.0000 0.0064 0.0000 0.0000 
495      495   (0)     18 :  0.0000 0.0000 0.0000 0.0000 0.9985 0.0015 0.0000 0.0000 0.0000 0.0000 0.0000 0.0000 0.0000 0.0000 
496      496   (0)     18 :  0.3884 0.0334 0.0000 0.0000 0.5776 0.0006 0.0000 0.0000 0.0000 0.0000 0.0000 0.0000 0.0000 0.0000 
497      497   (0)     18 :  0.0022 0.0000 0.0000 0.3995 0.0060 0.3618 0.0448 0.1343 0.0036 0.0000 0.0000 0.0460 0.0019 0.0000 
498      498   (0)     18 :  0.0763 0.1074 0.0000 0.0064 0.8009 0.0090 0.0000 0.0000 0.0000 0.0000 0.0000 0.0000 0.0000 0.0000 
499      499   (0)     18 :  0.2377 0.1361 0.0000 0.0253 0.4710 0.0108 0.0000 0.1191 0.0000 0.0000 0.0000 0.0000 0.0000 0.0000 
500      500   (0)     18 :  0.0000 0.0000 0.0000 0.4392 0.0556 0.3550 0.0452 0.0000 0.0107 0.0000 0.0000 0.0943 0.0000 0.0000 
501      501   (0)     18 :  0.0000 0.1640 0.0000 0.5029 0.0216 0.2779 0.0333 0.0000 0.0000 0.0000 0.0000 0.0003 0.0000 0.0000 
502      502   (0)     18 :  0.3236 0.2456 0.0000 0.0000 0.3658 0.0016 0.0000 0.0570 0.0000 0.0017 0.0000 0.0011 0.0000 0.0035 
503      503   (0)     18 :  0.0000 0.0000 0.0000 0.0071 0.9820 0.0109 0.0000 0.0000 0.0000 0.0000 0.0000 0.0000 0.0000 0.0000 
504      504   (0)     18 :  0.4189 0.0569 0.0000 0.0085 0.4242 0.0827 0.0089 0.0000 0.0000 0.0000 0.0000 0.0000 0.0000 0.0000 
505      505   (0)     18 :  0.4831 0.0287 0.0000 0.0000 0.3701 0.0536 0.0038 0.0000 0.0000 0.0059 0.0000 0.0000 0.0548 0.0000 
506      506   (0)     18 :  0.0014 0.0000 0.0000 0.2810 0.0064 0.4085 0.0596 0.2239 0.0000 0.0000 0.0000 0.0183 0.0009 0.0000 
507      507   (0)     18 :  0.1042 0.2076 0.0000 0.0574 0.6115 0.0154 0.0039 0.0000 0.0000 0.0000 0.0000 0.0000 0.0000 0.0000 
508      508   (0)     18 :  0.0021 0.0132 0.0000 0.4109 0.0086 0.3443 0.0409 0.1732 0.0063 0.0000 0.0000 0.0004 0.0002 0.0000 
509      509   (0)     18 :  0.6730 0.0260 0.0000 0.0000 0.2858 0.0047 0.0011 0.0000 0.0000 0.0000 0.0000 0.0019 0.0075 0.0000 
510      510   (0)     19 :  0.0040 0.5276 0.0000 0.0652 0.0036 0.1961 0.0219 0.1812 0.0000 0.0000 0.0000 0.0004 0.0000 0.0000 
511      511   (0)     19 :  0.0000 0.1323 0.0000 0.1100 0.0041 0.1602 0.0177 0.5758 0.0000 0.0000 0.0000 0.0000 0.0000 0.0000 
512      512   (0)     19 :  0.0013 0.3222 0.0000 0.0000 0.0000 0.2020 0.0246 0.4498 0.0000 0.0000 0.0000 0.0000 0.0000 0.0000 
513      513   (0)     19 :  0.0000 0.0000 0.0000 0.0000 0.0000 0.0594 0.0000 0.9405 0.0000 0.0000 0.0000 0.0000 0.0000 0.0000 
514      514   (0)     19 :  0.0000 0.3062 0.0000 0.0181 0.0000 0.3727 0.0421 0.0000 0.2187 0.0000 0.0000 0.0018 0.0405 0.0000 
515      515   (0)     19 :  0.0000 0.2932 0.0000 0.0159 0.0000 0.1654 0.0169 0.4954 0.0000 0.0000 0.0000 0.0000 0.0133 0.0000 
516      516   (0)     19 :  0.0007 0.2290 0.0000 0.0000 0.0000 0.0625 0.0154 0.6925 0.0000 0.0000 0.0000 0.0000 0.0000 0.0000 
517      517   (0)     19 :  0.0031 0.6866 0.0000 0.0155 0.0000 0.2241 0.0326 0.0000 0.0000 0.0000 0.0000 0.0363 0.0017 0.0000 
518      518   (0)     19 :  0.0007 0.2708 0.0000 0.0000 0.0000 0.2189 0.0255 0.4469 0.0372 0.0000 0.0000 0.0000 0.0000 0.0000 
519      519   (0)     19 :  0.0500 0.0000 0.0000 0.1467 0.0000 0.0337 0.0000 0.0000 0.1442 0.0000 0.0000 0.6246 0.0007 0.0000 
520      520   (0)     19 :  0.0099 0.7048 0.0000 0.0184 0.0000 0.1762 0.0240 0.0638 0.0000 0.0000 0.0000 0.0029 0.0000 0.0000 
521      521   (0)     19 :  0.0013 0.0000 0.0000 0.1320 0.0000 0.0287 0.0000 0.7881 0.0000 0.0000 0.0000 0.0499 0.0000 0.0000 
522      522   (0)     19 :  0.0000 0.0423 0.0000 0.0084 0.0000 0.1499 0.0153 0.7841 0.0000 0.0000 0.0000 0.0000 0.0000 0.0000 
523      523   (0)     19 :  0.0000 0.0000 0.0000 0.0654 0.0000 0.3470 0.0385 0.5141 0.0297 0.0000 0.0000 0.0053 0.0000 0.0000 
524      524   (0)     19 :  0.0000 0.4946 0.0000 0.0000 0.0000 0.2348 0.0299 0.2407 0.0000 0.0000 0.0000 0.0000 0.0000 0.0000 
525      525   (0)     19 :  0.0160 0.3387 0.0106 0.0009 0.0000 0.2811 0.0314 0.3173 0.0000 0.0009 0.0000 0.0031 0.0000 0.0000 
526      526   (0)     19 :  0.0086 0.6062 0.0098 0.0020 0.0000 0.2907 0.0280 0.0269 0.0236 0.0000 0.0000 0.0043 0.0000 0.0000 
527      527   (0)     19 :  0.0000 0.1890 0.0000 0.1870 0.0007 0.3445 0.0363 0.1823 0.0399 0.0000 0.0000 0.0001 0.0203 0.0000 
528      528   (0)     19 :  0.0013 0.4997 0.0000 0.1412 0.0007 0.2711 0.0331 0.0446 0.0066 0.0000 0.0000 0.0018 0.0000 0.0000 
529      529   (0)     19 :  0.0045 0.6130 0.0000 0.0020 0.0000 0.3039 0.0345 0.0000 0.0420 0.0000 0.0000 0.0000 0.0000 0.0000 
530      530   (0)     19 :  0.0000 0.1300 0.0000 0.0132 0.0000 0.3529 0.0314 0.4470 0.0172 0.0000 0.0000 0.0000 0.0083 0.0000 
531      531   (0)     19 :  0.0045 0.1242 0.0027 0.0106 0.0000 0.2948 0.0598 0.3844 0.1137 0.0000 0.0000 0.0014 0.0039 0.0000 
532      532   (0)     19 :  0.0025 0.1483 0.0028 0.0048 0.0000 0.2401 0.0363 0.5320 0.0040 0.0016 0.0211 0.0060 0.0000 0.0004 
533      533   (0)     19 :  0.5642 0.2495 0.0003 0.0000 0.0518 0.0752 0.0230 0.0025 0.0039 0.0004 0.0002 0.0173 0.0000 0.0118 
534      534   (0)     19 :  0.0000 0.5108 0.0000 0.1363 0.0000 0.3040 0.0297 0.0183 0.0000 0.0000 0.0000 0.0000 0.0008 0.0000 
535      535   (0)     19 :  0.0064 0.1724 0.0000 0.0225 0.0000 0.1750 0.0149 0.6088 0.0000 0.0000 0.0000 0.0000 0.0000 0.0000 
536      536   (0)     19 :  0.0012 0.0749 0.0000 0.0063 0.0090 0.1905 0.0138 0.6649 0.0008 0.0000 0.0217 0.0167 0.0000 0.0003 
537      537   (0)     19 :  0.0054 0.3249 0.0000 0.1248 0.0000 0.1103 0.0594 0.2953 0.0000 0.0000 0.0000 0.0577 0.0222 0.0000 
538      538   (0)     19 :  0.3971 0.1233 0.0000 0.0067 0.4131 0.0145 0.0000 0.0316 0.0000 0.0000 0.0000 0.0136 0.0000 0.0000 
539      539   (0)     19 :  0.0006 0.0000 0.0003 0.0000 0.0215 0.0699 0.0032 0.9043 0.0002 0.0000 0.0000 0.0000 0.0000 0.0000 
