1        1   (0)      1  : 0.0171 0.0300 0.0000 0.0125 0.0000 0.0000 0.4784 0.0000 0.3973 0.0024 0.0000 0.0000 0.0003 0.0056 0.0015 0.0549 0.0000
2        2   (0)      1  : 0.2774 0.0000 0.0000 0.0782 0.0000 0.0000 0.0504 0.0000 0.3725 0.0000 0.0000 0.0126 0.0004 0.0036 0.0236 0.0320 0.1492
3        3   (0)      1  : 0.0000 0.0000 0.0000 0.0025 0.1646 0.0000 0.0017 0.0000 0.0000 0.5406 0.0736 0.0000 0.0000 0.0000 0.2170 0.0000 0.0000
4        4   (0)      1  : 0.1444 0.0000 0.0000 0.0267 0.0000 0.0000 0.1508 0.0000 0.5772 0.0000 0.0000 0.0613 0.0000 0.0000 0.0000 0.0000 0.0396
5        5   (0)      1  : 0.0099 0.0000 0.0000 0.0000 0.0025 0.0000 0.0000 0.0000 0.7496 0.0000 0.0000 0.0000 0.0025 0.0000 0.0876 0.0010 0.1469
6        6   (0)      1  : 0.1839 0.0271 0.0000 0.0443 0.0000 0.0000 0.3605 0.0106 0.0086 0.2592 0.0000 0.0028 0.0000 0.0000 0.0573 0.0456 0.0000
7        7   (0)      1  : 0.0000 0.0000 0.0000 0.0000 0.6348 0.0000 0.0000 0.0000 0.0479 0.0000 0.0709 0.0000 0.0158 0.0000 0.0419 0.0000 0.1888
8        8   (0)      2  : 0.0744 0.0000 0.0000 0.0110 0.0000 0.0000 0.0000 0.0000 0.7923 0.0000 0.0000 0.0150 0.0000 0.0542 0.0000 0.0532 0.0000
9        9   (0)      1  : 0.2889 0.0000 0.0000 0.0193 0.0133 0.0000 0.0000 0.0000 0.5761 0.0000 0.0000 0.0189 0.0048 0.0074 0.0001 0.0713 0.0000
10       10   (0)      3  : 0.0032 0.0000 0.0000 0.3704 0.0000 0.0000 0.1440 0.0000 0.0000 0.0000 0.0000 0.2000 0.0000 0.0000 0.0208 0.2014 0.0601
11       11   (0)      4  : 0.0000 0.0000 0.0040 0.0000 0.0000 0.0000 0.0000 0.0000 0.0019 0.0000 0.0018 0.0107 0.0005 0.0000 0.9606 0.0000 0.0205
12       12   (0)      4  : 0.2066 0.0000 0.0005 0.0305 0.0002 0.0000 0.0715 0.0000 0.0135 0.0000 0.0026 0.0355 0.0204 0.0000 0.0000 0.5522 0.0666
13       13   (0)      4  : 0.0005 0.0000 0.0046 0.0692 0.0000 0.0000 0.2415 0.0000 0.0782 0.0539 0.0000 0.1284 0.0021 0.0000 0.0707 0.0494 0.3015
14       14   (0)      4  : 0.0000 0.0000 0.0000 0.0000 0.0000 0.0000 0.0000 0.0000 0.0067 0.0000 0.0000 0.0000 0.0000 0.0000 0.9933 0.0000 0.0000
15       15   (0)      4  : 0.0243 0.0009 0.0000 0.3571 0.0000 0.0000 0.0000 0.0000 0.1950 0.0000 0.0017 0.0112 0.0045 0.0024 0.0391 0.3175 0.0463
16       16   (0)      4  : 0.0000 0.0000 0.0000 0.0000 0.0636 0.0000 0.2720 0.0000 0.0000 0.6466 0.0000 0.0000 0.0000 0.0000 0.0000 0.0177 0.0000
17       17   (0)      5  : 0.0628 0.0000 0.0023 0.0224 0.0000 0.0000 0.1828 0.0000 0.1552 0.0000 0.0000 0.0545 0.0000 0.0000 0.0000 0.4616 0.0584
18       18   (0)      4  : 0.0000 0.0000 0.0000 0.2083 0.0000 0.0000 0.3671 0.0000 0.0121 0.0022 0.0000 0.0528 0.0000 0.0074 0.0659 0.2229 0.0612
19       19   (0)      5  : 0.0665 0.0000 0.0000 0.3125 0.0000 0.0000 0.0334 0.0000 0.2576 0.0000 0.0000 0.0156 0.0000 0.0000 0.0232 0.2583 0.0328
20       20   (0)      5  : 0.0972 0.0000 0.0000 0.2260 0.0000 0.0000 0.0000 0.0000 0.0024 0.0000 0.0000 0.0327 0.0000 0.0000 0.0033 0.4407 0.1977
21       21   (0)      5  : 0.0000 0.0000 0.0000 0.3269 0.0000 0.0000 0.0996 0.0000 0.0000 0.0000 0.0000 0.1486 0.0000 0.0059 0.0115 0.3127 0.0947
22       22   (0)      5  : 0.1293 0.0000 0.0000 0.3762 0.0000 0.0000 0.0000 0.0000 0.0000 0.0000 0.0000 0.0006 0.0000 0.0000 0.0191 0.4388 0.0360
23       23   (0)      5  : 0.0000 0.0000 0.0000 0.1508 0.0000 0.0000 0.5833 0.0000 0.0000 0.0000 0.0000 0.0014 0.0000 0.0000 0.0220 0.1289 0.1136
24       24   (0)      5  : 0.0000 0.0000 0.0000 0.3635 0.0000 0.0000 0.1646 0.0000 0.0000 0.0000 0.0000 0.1115 0.0000 0.0000 0.0251 0.2765 0.0587
25       25   (0)      5  : 0.0581 0.0000 0.0000 0.0314 0.0028 0.0000 0.1712 0.0000 0.0006 0.0010 0.0000 0.0144 0.0000 0.0103 0.0265 0.4678 0.2159
26       26   (0)      5  : 0.0000 0.0000 0.0000 0.3351 0.0068 0.0004 0.2288 0.0000 0.0000 0.0024 0.0000 0.1131 0.0000 0.0009 0.0402 0.2157 0.0567
27       27   (0)      5  : 0.0018 0.0000 0.0191 0.1575 0.0000 0.0156 0.0000 0.0000 0.0595 0.0000 0.0000 0.0744 0.0000 0.0000 0.0090 0.5080 0.1550
28       28   (0)      5  : 0.0000 0.0000 0.0000 0.2207 0.0000 0.0000 0.4612 0.0000 0.0000 0.0000 0.0000 0.0000 0.0000 0.0000 0.0267 0.1605 0.1309
29       29   (0)      5  : 0.0000 0.0000 0.0000 0.4087 0.0000 0.0000 0.0000 0.0000 0.0000 0.0000 0.0000 0.0000 0.0000 0.0000 0.0869 0.3714 0.1330
30       30   (0)      5  : 0.3077 0.0000 0.0000 0.1544 0.0000 0.0000 0.0000 0.0000 0.0000 0.0000 0.0000 0.0037 0.0000 0.0000 0.0019 0.5165 0.0158
31       31   (0)      5  : 0.0370 0.0000 0.0043 0.1272 0.0000 0.0000 0.1848 0.0000 0.0363 0.0000 0.0000 0.0596 0.0000 0.0017 0.0604 0.4570 0.0317
32       32   (0)      5  : 0.0023 0.0000 0.0000 0.1060 0.0005 0.0000 0.1113 0.0000 0.0000 0.0000 0.0000 0.0259 0.0000 0.0000 0.0291 0.3862 0.3387
33       33   (0)      5  : 0.0509 0.0000 0.0106 0.0311 0.0000 0.0000 0.5387 0.0000 0.0000 0.0000 0.0000 0.0000 0.0030 0.0000 0.0040 0.3480 0.0138
34       34   (0)      5  : 0.0354 0.0000 0.0000 0.2164 0.0000 0.0000 0.3885 0.0000 0.0000 0.0000 0.0000 0.0279 0.0000 0.0000 0.0048 0.3095 0.0176
35       35   (0)      5  : 0.1818 0.0000 0.0000 0.0944 0.0000 0.0000 0.0941 0.0000 0.0031 0.0000 0.0000 0.0264 0.0000 0.0000 0.0000 0.5952 0.0050
36       36   (0)      5  : 0.0238 0.0000 0.0203 0.3679 0.0000 0.0000 0.0000 0.0000 0.0000 0.0000 0.0000 0.0027 0.0000 0.0000 0.1210 0.4316 0.0327
37       37   (0)      5  : 0.0824 0.0000 0.0042 0.3651 0.0000 0.0000 0.0949 0.0000 0.0000 0.0000 0.0000 0.0000 0.0000 0.0027 0.0132 0.3150 0.1223
38       38   (0)      5  : 0.0000 0.0000 0.0000 0.4171 0.0000 0.0000 0.1802 0.0000 0.0003 0.0000 0.0000 0.0050 0.0000 0.0000 0.0212 0.3302 0.0460
39       39   (0)      5  : 0.0112 0.0000 0.0000 0.3206 0.0000 0.0000 0.0745 0.0000 0.0000 0.0000 0.0000 0.0000 0.0000 0.0000 0.2885 0.2851 0.0201
40       40   (0)      5  : 0.1663 0.0000 0.0000 0.3111 0.0001 0.0000 0.0712 0.0000 0.0000 0.0000 0.0000 0.0000 0.0000 0.0000 0.0356 0.2516 0.1642
41       41   (0)      5  : 0.0000 0.0000 0.0000 0.2349 0.0000 0.0000 0.4038 0.0000 0.0000 0.0000 0.0000 0.0035 0.0000 0.0000 0.0229 0.1773 0.1577
42       42   (0)      5  : 0.2659 0.0000 0.0000 0.1380 0.0000 0.0000 0.0000 0.0000 0.0000 0.0000 0.0000 0.0192 0.0000 0.0000 0.0000 0.5617 0.0153
43       43   (0)      5  : 0.0000 0.0000 0.0000 0.0004 0.0000 0.0003 0.0000 0.0000 0.0000 0.9949 0.0000 0.0033 0.0000 0.0000 0.0000 0.0000 0.0012
44       44   (0)      5  : 0.0000 0.0000 0.0000 0.2273 0.0000 0.0000 0.3900 0.0000 0.0000 0.0000 0.0000 0.0026 0.0000 0.0000 0.0582 0.1195 0.2024
45       45   (0)      4  : 0.0000 0.0000 0.0000 0.1682 0.0000 0.0000 0.0000 0.0000 0.0000 0.0000 0.0000 0.0000 0.0000 0.0000 0.6661 0.1442 0.0215
46       46   (0)      4  : 0.0962 0.0000 0.0000 0.0531 0.0085 0.0000 0.1896 0.0000 0.0975 0.0063 0.0000 0.0047 0.0000 0.0293 0.0577 0.2463 0.2109
47       47   (0)      4  : 0.0000 0.0000 0.0000 0.1114 0.0000 0.0000 0.5748 0.0000 0.0000 0.0000 0.0000 0.0224 0.0000 0.0030 0.0013 0.2578 0.0294
48       48   (0)      4  : 0.3017 0.0000 0.0097 0.1402 0.0000 0.0000 0.0000 0.0000 0.0019 0.0000 0.0000 0.0091 0.0000 0.0000 0.2009 0.3323 0.0043
49       49   (0)      5  : 0.0562 0.0000 0.0000 0.0380 0.0026 0.0000 0.2873 0.0000 0.0126 0.0024 0.0000 0.0068 0.0173 0.0012 0.0690 0.3598 0.1469
50       50   (0)      4  : 0.0000 0.0000 0.0000 0.1855 0.0000 0.0000 0.2069 0.0000 0.0000 0.0000 0.0000 0.3537 0.0000 0.0000 0.0115 0.1081 0.1342
51       51   (0)      4  : 0.0094 0.0000 0.0000 0.0080 0.0000 0.0000 0.1049 0.0000 0.0008 0.7267 0.0000 0.0701 0.0000 0.0000 0.0000 0.0622 0.0179
52       52   (0)      4  : 0.0852 0.0091 0.0000 0.0444 0.0179 0.0000 0.0348 0.0008 0.0397 0.0010 0.0000 0.0168 0.0228 0.0074 0.0000 0.5682 0.1519
53       53   (0)      4  : 0.0000 0.0000 0.0000 0.0078 0.0814 0.0000 0.0174 0.0000 0.0000 0.7426 0.0000 0.0998 0.0000 0.0000 0.0000 0.0083 0.0428
54       54   (0)      4  : 0.0825 0.0000 0.0237 0.1517 0.0000 0.0000 0.0000 0.0000 0.0146 0.0000 0.0000 0.0125 0.0025 0.0029 0.1582 0.4735 0.0780
55       55   (0)      4  : 0.0035 0.0000 0.0000 0.0028 0.0000 0.0000 0.0062 0.0000 0.0000 0.9535 0.0000 0.0000 0.0000 0.0000 0.0000 0.0340 0.0000
56       56   (0)      4  : 0.0375 0.0000 0.0000 0.1160 0.0000 0.0000 0.0015 0.0000 0.0000 0.8030 0.0000 0.0014 0.0000 0.0000 0.0064 0.0317 0.0024
57       57   (0)      4  : 0.0019 0.0000 0.0000 0.3166 0.0000 0.0000 0.0000 0.0000 0.0255 0.0000 0.0000 0.0000 0.0000 0.0000 0.2615 0.3718 0.0226
58       58   (0)      5  : 0.0807 0.0000 0.0000 0.0669 0.0179 0.0000 0.1571 0.0000 0.0303 0.0000 0.0000 0.0009 0.0002 0.0008 0.0579 0.3584 0.2287
59       59   (0)      4  : 0.0341 0.0000 0.0000 0.0059 0.1054 0.0000 0.2779 0.0338 0.0000 0.3897 0.0000 0.0000 0.0000 0.0000 0.0000 0.1532 0.0000
60       60   (0)      4  : 0.0000 0.0000 0.0000 0.0034 0.0000 0.0000 0.0241 0.0000 0.0000 0.7719 0.0000 0.0580 0.0000 0.0000 0.1102 0.0000 0.0324
61       61   (0)      4  : 0.0599 0.0000 0.0000 0.0440 0.0000 0.0000 0.1854 0.0000 0.1076 0.0000 0.0000 0.0052 0.0000 0.0005 0.0757 0.5217 0.0000
62       62   (0)      5  : 0.0021 0.0000 0.0000 0.1320 0.0000 0.0000 0.2459 0.0024 0.0869 0.0000 0.0000 0.0707 0.0000 0.0015 0.0830 0.3558 0.0199
63       63   (0)      6  : 0.0000 0.0000 0.0000 0.0793 0.0000 0.0034 0.1371 0.0007 0.0429 0.5168 0.0000 0.0000 0.0000 0.0409 0.0935 0.0819 0.0035
64       64   (0)      6  : 0.0000 0.0028 0.0000 0.0029 0.1515 0.0000 0.1172 0.0000 0.0000 0.6534 0.0000 0.0000 0.0000 0.0350 0.0000 0.0373 0.0000
65       65   (0)      6  : 0.0000 0.0000 0.0263 0.0000 0.0000 0.0000 0.0000 0.0000 0.7980 0.0000 0.0000 0.0000 0.0469 0.0000 0.0000 0.1145 0.0143
66       66   (0)      6  : 0.0414 0.0000 0.0000 0.0331 0.0000 0.0000 0.2677 0.0000 0.1662 0.0000 0.0000 0.0217 0.0000 0.0000 0.0000 0.3156 0.1544
67       67   (0)      6  : 0.0000 0.0000 0.0000 0.0000 0.0000 0.0000 0.0000 0.0000 0.0162 0.0000 0.0000 0.0028 0.0000 0.0003 0.9807 0.0000 0.0000
68       68   (0)      6  : 0.0000 0.0000 0.0145 0.0111 0.0000 0.0000 0.2101 0.0000 0.5909 0.0000 0.0000 0.1505 0.0000 0.0000 0.0000 0.0011 0.0218
69       69   (0)      6  : 0.0257 0.0000 0.0000 0.0000 0.0000 0.0000 0.3881 0.0000 0.3608 0.0000 0.0000 0.0000 0.0000 0.0000 0.0000 0.2197 0.0057
70       70   (0)      6  : 0.0083 0.0075 0.0000 0.0146 0.0027 0.0000 0.4185 0.0032 0.1958 0.0447 0.0000 0.0000 0.0290 0.0000 0.0000 0.2756 0.0000
71       71   (0)      6  : 0.0000 0.0000 0.0110 0.0992 0.0000 0.0000 0.7253 0.0000 0.0000 0.0000 0.0000 0.0964 0.0025 0.0092 0.0104 0.0365 0.0094
72       72   (0)      6  : 0.0089 0.0000 0.0000 0.0799 0.0000 0.0000 0.3678 0.0000 0.3307 0.0000 0.0000 0.0000 0.0000 0.0000 0.0021 0.2055 0.0050
73       73   (0)      7  : 0.2008 0.0000 0.0075 0.2503 0.0000 0.0026 0.0000 0.0000 0.0023 0.0000 0.0000 0.0085 0.0000 0.0037 0.0095 0.4999 0.0147
74       74   (0)      7  : 0.2232 0.0000 0.0028 0.0635 0.0000 0.0000 0.0165 0.0000 0.0708 0.0192 0.0000 0.0036 0.0693 0.0061 0.0004 0.5246 0.0000
75       75   (0)      7  : 0.0123 0.0000 0.0000 0.0236 0.0000 0.0000 0.1296 0.0000 0.2230 0.0000 0.0000 0.0191 0.0071 0.0009 0.0290 0.3741 0.1813
76       76   (0)      7  : 0.1790 0.0000 0.0000 0.0327 0.0065 0.0000 0.0000 0.0019 0.1291 0.0000 0.0000 0.0000 0.0000 0.0352 0.0180 0.4844 0.1132
77       77   (0)      7  : 0.0185 0.0000 0.0011 0.1095 0.0000 0.0000 0.0000 0.0000 0.0059 0.0000 0.0000 0.0140 0.0000 0.0000 0.0063 0.4266 0.4181
78       78   (0)      7  : 0.0056 0.0000 0.0000 0.0009 0.0013 0.0000 0.0836 0.0000 0.1913 0.0000 0.0000 0.0062 0.0073 0.0068 0.0893 0.3386 0.2692
79       79   (0)      7  : 0.1467 0.0000 0.0000 0.0991 0.0000 0.0004 0.0000 0.0000 0.0145 0.0000 0.0000 0.0123 0.0000 0.0721 0.0000 0.5588 0.0961
80       80   (0)      7  : 0.3331 0.0000 0.0010 0.0426 0.0000 0.0000 0.0000 0.0000 0.1245 0.0000 0.0000 0.0134 0.0194 0.0041 0.0000 0.4472 0.0148
81       81   (0)      7  : 0.0406 0.0000 0.0000 0.0339 0.0000 0.0000 0.0197 0.0000 0.1048 0.0000 0.0000 0.0149 0.0000 0.0000 0.0000 0.7339 0.0522
82       82   (0)      7  : 0.0040 0.0000 0.0000 0.1807 0.0000 0.0000 0.0000 0.0000 0.0344 0.0000 0.0000 0.0000 0.0000 0.0000 0.0781 0.5579 0.1449
83       83   (0)      7  : 0.2996 0.0032 0.0011 0.0963 0.0308 0.0000 0.0831 0.0000 0.0313 0.0504 0.0000 0.0025 0.0000 0.0107 0.0206 0.2471 0.1235
84       84   (0)      7  : 0.0700 0.0000 0.0000 0.0186 0.0634 0.0000 0.0000 0.0000 0.0155 0.7415 0.0000 0.0000 0.0000 0.0000 0.0018 0.0892 0.0000
85       85   (0)      7  : 0.1573 0.0000 0.0000 0.1398 0.0000 0.0000 0.0000 0.0000 0.0287 0.0000 0.0000 0.0248 0.0212 0.0077 0.0448 0.5648 0.0109
86       86   (0)      7  : 0.0053 0.0000 0.0000 0.1970 0.0000 0.0000 0.0000 0.0000 0.1764 0.0000 0.0000 0.0000 0.0013 0.0000 0.0548 0.3948 0.1705
87       87   (0)      7  : 0.0430 0.0000 0.0000 0.0185 0.0000 0.0000 0.1231 0.0000 0.0000 0.7521 0.0000 0.0000 0.0000 0.0000 0.0000 0.0634 0.0000
88       88   (0)      7  : 0.0028 0.0000 0.0020 0.0098 0.0000 0.0000 0.5458 0.0000 0.0330 0.0000 0.0000 0.0000 0.0000 0.0000 0.0000 0.3803 0.0263
89       89   (0)      7  : 0.0000 0.0000 0.0000 0.0000 0.0000 0.0000 0.0752 0.0000 0.0000 0.8513 0.0000 0.0000 0.0000 0.0000 0.0694 0.0042 0.0000
90       90   (0)      7  : 0.0748 0.0005 0.0000 0.1237 0.0000 0.0000 0.0116 0.0000 0.0074 0.0022 0.0000 0.0000 0.0007 0.0000 0.1213 0.5265 0.1312
91       91   (0)      7  : 0.0922 0.0000 0.0077 0.0171 0.0000 0.0038 0.2631 0.0000 0.0287 0.0054 0.0000 0.0154 0.0000 0.0092 0.0000 0.5541 0.0032
92       92   (0)      7  : 0.1327 0.0000 0.0551 0.0765 0.0000 0.0000 0.0000 0.0000 0.0162 0.0032 0.0000 0.0114 0.0000 0.0000 0.0143 0.6642 0.0265
93       93   (0)      7  : 0.0227 0.0000 0.0172 0.1743 0.0133 0.0000 0.0000 0.0000 0.1265 0.0123 0.0000 0.0000 0.0001 0.0006 0.0621 0.2141 0.3568
94       94   (0)      7  : 0.0824 0.0000 0.0000 0.2969 0.0000 0.0000 0.2185 0.0000 0.1557 0.0000 0.0000 0.0000 0.0000 0.0000 0.0129 0.2175 0.0161
95       95   (0)      7  : 0.0000 0.0000 0.0000 0.2149 0.0000 0.0000 0.0000 0.0000 0.1327 0.0000 0.0000 0.0000 0.0000 0.0000 0.1716 0.3717 0.1091
96       96   (0)      7  : 0.0000 0.0000 0.0000 0.0204 0.0222 0.0000 0.1779 0.0106 0.0083 0.0143 0.0000 0.0022 0.0000 0.0000 0.0496 0.4319 0.2626
97       97   (0)      7  : 0.0000 0.0000 0.0000 0.2533 0.0000 0.0000 0.0000 0.0000 0.0154 0.0000 0.0000 0.0000 0.0000 0.0281 0.0637 0.3731 0.2662
98       98   (0)      7  : 0.0000 0.0000 0.0000 0.0933 0.0000 0.0000 0.0000 0.0005 0.0175 0.0000 0.0000 0.0000 0.0000 0.0000 0.1124 0.2884 0.4879
99       99   (0)      7  : 0.0000 0.0000 0.0000 0.2125 0.0000 0.0000 0.0000 0.0000 0.0008 0.0081 0.0000 0.0016 0.0000 0.0000 0.2102 0.3315 0.2353
100      100   (0)      7  : 0.0000 0.0000 0.0000 0.0223 0.0000 0.0000 0.0000 0.0000 0.2187 0.7462 0.0000 0.0000 0.0000 0.0000 0.0022 0.0085 0.0022
101      101   (0)      6  : 0.1642 0.0000 0.0000 0.0541 0.0000 0.0000 0.0000 0.0000 0.5632 0.0000 0.0000 0.0011 0.0000 0.0000 0.0000 0.2163 0.0011
102      102   (0)      6  : 0.0000 0.0000 0.0113 0.1518 0.0000 0.0000 0.0627 0.0071 0.4877 0.0000 0.0000 0.1339 0.0326 0.0145 0.0134 0.0729 0.0121
103      103   (0)      6  : 0.0000 0.0000 0.0007 0.0000 0.0000 0.0000 0.6208 0.0006 0.2230 0.0000 0.0000 0.0061 0.0056 0.0034 0.0221 0.1177 0.0000
104      104   (0)      6  : 0.2840 0.0000 0.0000 0.0723 0.0000 0.0000 0.0000 0.0000 0.4965 0.0000 0.0000 0.0003 0.0000 0.0000 0.0000 0.1452 0.0018
105      105   (0)      6  : 0.0000 0.0000 0.0000 0.0000 0.0000 0.0000 0.6314 0.0000 0.2934 0.0000 0.0000 0.0000 0.0000 0.0000 0.0064 0.0687 0.0000
106      106   (0)      6  : 0.0142 0.0000 0.0000 0.0876 0.0000 0.0000 0.1127 0.0000 0.5422 0.0026 0.0000 0.0251 0.0000 0.0000 0.0813 0.0137 0.1205
107      107   (0)      6  : 0.1347 0.0000 0.0141 0.0785 0.0000 0.0000 0.2204 0.0000 0.4276 0.0156 0.0000 0.0292 0.0020 0.0057 0.0005 0.0685 0.0031
108      108   (0)      6  : 0.0398 0.0000 0.0000 0.0477 0.0068 0.0000 0.3258 0.0000 0.4299 0.0000 0.0000 0.0300 0.0000 0.0000 0.0000 0.0324 0.0877
109      109   (0)      6  : 0.0227 0.0000 0.0000 0.0007 0.0000 0.0000 0.0101 0.0000 0.0000 0.9665 0.0000 0.0000 0.0000 0.0000 0.0000 0.0000 0.0000
110      110   (0)      7  : 0.0244 0.0000 0.0000 0.0407 0.0000 0.0000 0.2857 0.0000 0.1378 0.0156 0.0000 0.0329 0.0000 0.0000 0.0063 0.4495 0.0072
111      111   (0)      7  : 0.0000 0.0000 0.0000 0.0000 0.0000 0.0000 0.0000 0.0000 0.0256 0.0081 0.0029 0.0000 0.0000 0.0000 0.9297 0.0337 0.0000
112      112   (0)      6  : 0.0014 0.0000 0.0000 0.0000 0.0000 0.0000 0.0296 0.0000 0.6937 0.0054 0.0010 0.0000 0.0000 0.0019 0.1812 0.0858 0.0000
113      113   (0)      6  : 0.0000 0.0000 0.0000 0.0000 0.0000 0.0000 0.0000 0.0000 0.8772 0.0000 0.0000 0.0246 0.0842 0.0140 0.0000 0.0000 0.0000
114      114   (0)      6  : 0.0000 0.0000 0.0000 0.0000 0.0000 0.0098 0.0000 0.0000 0.0814 0.8141 0.0167 0.0000 0.0000 0.0004 0.0776 0.0000 0.0000
115      115   (0)      6  : 0.0111 0.0000 0.0000 0.1110 0.0000 0.0000 0.0000 0.0000 0.5231 0.0000 0.0000 0.0281 0.0555 0.0072 0.0059 0.2404 0.0177
116      116   (0)      6  : 0.0000 0.0000 0.0000 0.0023 0.1469 0.0037 0.0000 0.0000 0.1862 0.3650 0.0911 0.0000 0.0000 0.0000 0.1963 0.0000 0.0085
117      117   (0)      6  : 0.0209 0.0000 0.0000 0.0860 0.0000 0.0000 0.1318 0.0000 0.4554 0.0547 0.0249 0.0064 0.0016 0.0143 0.0653 0.0924 0.0461
118      118   (0)      6  : 0.0000 0.0000 0.0000 0.0109 0.0000 0.0000 0.1242 0.0000 0.6937 0.0000 0.0000 0.1316 0.0033 0.0009 0.0003 0.0000 0.0352
119      119   (0)      6  : 0.0004 0.0000 0.0030 0.0000 0.0000 0.0000 0.1819 0.0000 0.7784 0.0000 0.0000 0.0000 0.0000 0.0000 0.0000 0.0364 0.0000
120      120   (0)      6  : 0.0000 0.0000 0.0000 0.0123 0.0000 0.0000 0.0000 0.0000 0.8236 0.0000 0.0000 0.0000 0.0000 0.0000 0.0000 0.1265 0.0377
121      121   (0)      6  : 0.0000 0.0000 0.0000 0.0000 0.0000 0.0000 0.0000 0.0000 0.8239 0.0000 0.0000 0.0021 0.0083 0.0157 0.0000 0.1500 0.0000
122      122   (0)      6  : 0.0000 0.0000 0.0000 0.0000 0.0754 0.0168 0.0000 0.0000 0.2044 0.6685 0.0221 0.0064 0.0043 0.0007 0.0015 0.0000 0.0000
123      123   (0)      8  : 0.0000 0.0000 0.0000 0.1195 0.0359 0.0000 0.4218 0.0000 0.0976 0.0000 0.0000 0.0000 0.0000 0.0000 0.0658 0.0365 0.2229
124      124   (0)      8  : 0.1377 0.0000 0.0000 0.3094 0.0000 0.0002 0.3959 0.0000 0.0043 0.0312 0.0045 0.0005 0.0003 0.0002 0.0545 0.0573 0.0038
125      125   (0)      8  : 0.0000 0.0000 0.0000 0.0263 0.0194 0.0000 0.6783 0.0000 0.0000 0.0000 0.0000 0.0077 0.0000 0.0000 0.0388 0.0148 0.2147
126      126   (0)      8  : 0.3070 0.0000 0.0001 0.3943 0.0000 0.0000 0.0103 0.0000 0.0000 0.0157 0.0000 0.0010 0.0092 0.0000 0.0366 0.2177 0.0081
127      127   (0)      8  : 0.2715 0.0000 0.0000 0.3781 0.0000 0.0106 0.0000 0.0000 0.0000 0.0000 0.0000 0.0000 0.0000 0.0008 0.1822 0.1400 0.0168
128      128   (0)      8  : 0.0000 0.0000 0.0000 0.2781 0.0000 0.0000 0.2385 0.0000 0.0000 0.0000 0.0000 0.1865 0.0000 0.0000 0.0689 0.1418 0.0862
129      129   (0)      8  : 0.0837 0.0000 0.0000 0.2192 0.0078 0.0000 0.4691 0.0000 0.0000 0.0000 0.0000 0.0086 0.0050 0.0023 0.0291 0.0634 0.1118
130      130   (0)      8  : 0.0000 0.0000 0.0000 0.1676 0.0280 0.0000 0.5089 0.0000 0.0970 0.0000 0.0000 0.0582 0.0011 0.0000 0.0639 0.0155 0.0598
131      131   (0)      8  : 0.1763 0.0000 0.0005 0.1939 0.0000 0.0000 0.0544 0.0002 0.0637 0.0000 0.0000 0.0455 0.0000 0.0000 0.1913 0.0283 0.2457
132      132   (0)      8  : 0.1049 0.0000 0.0000 0.3119 0.0000 0.0000 0.3594 0.0000 0.0000 0.0000 0.0000 0.0189 0.0000 0.0038 0.0075 0.1326 0.0608
133      133   (0)      8  : 0.2490 0.0000 0.0000 0.1704 0.0066 0.0000 0.3915 0.0000 0.0000 0.0000 0.0000 0.0015 0.0000 0.0000 0.0220 0.0346 0.1244
134      134   (0)      8  : 0.0164 0.0000 0.0000 0.2385 0.0008 0.0000 0.1642 0.0008 0.0000 0.0015 0.0000 0.0495 0.0000 0.0519 0.0380 0.4238 0.0146
135      135   (0)      8  : 0.0025 0.0000 0.0000 0.0195 0.0000 0.0000 0.0000 0.0000 0.0000 0.0000 0.0000 0.0000 0.0000 0.0000 0.9780 0.0000 0.0000
136      136   (0)      8  : 0.0038 0.0000 0.0000 0.1062 0.0000 0.0000 0.8135 0.0000 0.0001 0.0000 0.0000 0.0539 0.0000 0.0000 0.0012 0.0137 0.0075
137      137   (0)      8  : 0.2625 0.0000 0.0000 0.1616 0.0232 0.0000 0.0005 0.0000 0.0797 0.0000 0.0000 0.0141 0.0091 0.0000 0.0767 0.2031 0.1696
138      138   (0)      8  : 0.4112 0.0000 0.0000 0.4239 0.0000 0.0000 0.0216 0.0000 0.0000 0.0000 0.0000 0.0075 0.0000 0.0018 0.0247 0.0963 0.0131
139      139   (0)      8  : 0.4249 0.0000 0.0000 0.3085 0.0000 0.0000 0.0284 0.0000 0.0000 0.0191 0.0000 0.0080 0.0000 0.0000 0.0064 0.1568 0.0478
140      140   (0)      8  : 0.4508 0.0000 0.0000 0.4070 0.0000 0.0000 0.0000 0.0000 0.0054 0.0000 0.0000 0.0008 0.0000 0.0000 0.0066 0.1213 0.0081
141      141   (0)      8  : 0.2354 0.0000 0.0139 0.3232 0.0000 0.0000 0.2913 0.0000 0.0000 0.0000 0.0000 0.0146 0.0000 0.0000 0.0513 0.0651 0.0051
142      142   (0)      8  : 0.0000 0.0000 0.0000 0.3485 0.0000 0.0000 0.1235 0.0000 0.0000 0.0000 0.0000 0.2021 0.0000 0.0000 0.0126 0.1769 0.1363
143      143   (0)      8  : 0.3933 0.0000 0.0093 0.2220 0.0000 0.0000 0.0976 0.0000 0.0030 0.0000 0.0000 0.0127 0.0000 0.0002 0.0022 0.1986 0.0611
144      144   (0)      8  : 0.0143 0.0000 0.0000 0.0000 0.0000 0.0000 0.0000 0.0000 0.0021 0.0000 0.0000 0.0000 0.0000 0.0000 0.9836 0.0000 0.0000
145      145   (0)      8  : 0.2650 0.0000 0.0000 0.1445 0.0000 0.0019 0.0238 0.0000 0.0032 0.0010 0.0000 0.0925 0.0033 0.0276 0.0618 0.2799 0.0956
146      146   (0)      3  : 0.0232 0.0000 0.0000 0.1933 0.0000 0.0000 0.4918 0.0000 0.0000 0.0000 0.0000 0.0103 0.0007 0.0000 0.0366 0.0845 0.1596
147      147   (0)      3  : 0.0652 0.0000 0.0000 0.0650 0.1133 0.0000 0.2418 0.0000 0.0000 0.5007 0.0000 0.0000 0.0000 0.0000 0.0000 0.0139 0.0000
148      148   (0)      3  : 0.0356 0.0000 0.0000 0.0326 0.0000 0.0000 0.7634 0.0000 0.0000 0.0000 0.0000 0.1004 0.0000 0.0000 0.0000 0.0245 0.0434
149      149   (0)      3  : 0.3092 0.0000 0.0000 0.3636 0.0032 0.0000 0.0873 0.0000 0.0000 0.0149 0.0000 0.0000 0.0001 0.0000 0.0175 0.1643 0.0398
150      150   (0)      3  : 0.1650 0.0000 0.0073 0.1735 0.0000 0.0000 0.3430 0.0000 0.0000 0.0000 0.0000 0.0570 0.0000 0.0000 0.0000 0.0880 0.1662
151      151   (0)      3  : 0.0000 0.0000 0.0193 0.2628 0.0000 0.0000 0.3617 0.0000 0.0000 0.0619 0.0000 0.1374 0.0000 0.0000 0.0852 0.0487 0.0229
152      152   (0)      3  : 0.3280 0.0000 0.0016 0.4886 0.0000 0.0000 0.0000 0.0000 0.0000 0.0000 0.0000 0.0000 0.0000 0.0000 0.0426 0.1270 0.0122
153      153   (0)      3  : 0.2280 0.0000 0.0000 0.4408 0.0000 0.0000 0.1185 0.0000 0.0000 0.0000 0.0000 0.0070 0.0000 0.0000 0.0556 0.1333 0.0168
154      154   (0)      3  : 0.1410 0.0000 0.0000 0.3865 0.0008 0.0000 0.1384 0.0000 0.0000 0.0000 0.0000 0.0564 0.0000 0.0000 0.0132 0.2026 0.0610
155      155   (0)      3  : 0.1940 0.0000 0.0000 0.3696 0.0000 0.0000 0.0645 0.0000 0.0000 0.0000 0.0000 0.0004 0.0000 0.0000 0.0754 0.2713 0.0248
156      156   (0)      3  : 0.1357 0.0000 0.0000 0.4060 0.0361 0.0031 0.0000 0.0000 0.0000 0.0028 0.0000 0.0000 0.0000 0.0000 0.2058 0.1805 0.0300
157      157   (0)      3  : 0.1986 0.0000 0.0000 0.3145 0.0863 0.0000 0.0692 0.0000 0.0000 0.0000 0.0000 0.0000 0.0000 0.0000 0.0231 0.1685 0.1400
158      158   (0)      3  : 0.3676 0.0000 0.0003 0.3565 0.0005 0.0000 0.0313 0.0000 0.0000 0.0000 0.0000 0.0023 0.0000 0.0000 0.0374 0.1028 0.1013
159      159   (0)      3  : 0.2929 0.0000 0.0000 0.3801 0.0005 0.0000 0.0209 0.0000 0.0372 0.0000 0.0000 0.0011 0.0000 0.0000 0.0118 0.1750 0.0803
160      160   (0)      3  : 0.1312 0.0000 0.0000 0.0901 0.1542 0.0000 0.0000 0.0000 0.0000 0.5649 0.0000 0.0000 0.0000 0.0000 0.0000 0.0597 0.0000
161      161   (0)      3  : 0.2268 0.0000 0.0286 0.3093 0.0000 0.0000 0.0568 0.0000 0.0848 0.0000 0.0000 0.1637 0.0000 0.0000 0.0430 0.0468 0.0402
162      162   (0)      3  : 0.0363 0.0000 0.0000 0.2498 0.0000 0.0000 0.6089 0.0000 0.0000 0.0000 0.0000 0.0047 0.0000 0.0000 0.0409 0.0531 0.0063
163      163   (0)      3  : 0.4734 0.0000 0.0000 0.3362 0.0000 0.0000 0.0006 0.0000 0.0000 0.0000 0.0000 0.0045 0.0000 0.0000 0.0099 0.1473 0.0282
164      164   (0)      3  : 0.1589 0.0000 0.0009 0.2501 0.0000 0.0000 0.0907 0.0000 0.0000 0.0000 0.0000 0.1291 0.0000 0.0000 0.0065 0.3011 0.0627
165      165   (0)      3  : 0.3129 0.0000 0.0000 0.4632 0.0000 0.0000 0.0007 0.0000 0.0000 0.0000 0.0000 0.0000 0.0000 0.0004 0.0313 0.1430 0.0485
166      166   (0)      3  : 0.0000 0.0000 0.0000 0.2305 0.0081 0.0000 0.5552 0.0000 0.0000 0.0000 0.0000 0.0691 0.0000 0.0000 0.0899 0.0431 0.0041
167      167   (0)      3  : 0.2281 0.0000 0.0000 0.2967 0.0000 0.0000 0.0064 0.0000 0.0000 0.0000 0.0000 0.0447 0.0000 0.0000 0.0044 0.2610 0.1587
168      168   (0)      3  : 0.2960 0.0000 0.0000 0.2323 0.0000 0.0000 0.2784 0.0049 0.0070 0.0000 0.0000 0.0001 0.0000 0.0013 0.0178 0.1622 0.0000
169      169   (0)      3  : 0.2629 0.0000 0.0000 0.3521 0.0026 0.0000 0.0158 0.0000 0.0038 0.0000 0.0000 0.0000 0.0000 0.0000 0.0909 0.1261 0.1458
170      170   (0)      3  : 0.2642 0.0000 0.0000 0.2522 0.0000 0.0000 0.0000 0.0000 0.0037 0.0000 0.0000 0.0219 0.0000 0.0002 0.0640 0.3675 0.0263
171      171   (0)      3  : 0.4686 0.0000 0.0000 0.3148 0.0000 0.0000 0.0012 0.0000 0.0000 0.0144 0.0000 0.0000 0.0000 0.0000 0.0126 0.1547 0.0337
172      172   (0)      3  : 0.3412 0.0000 0.0000 0.3644 0.0000 0.0000 0.0034 0.0000 0.0000 0.0000 0.0000 0.0131 0.0004 0.0157 0.0137 0.1976 0.0504
173      173   (0)      3  : 0.3250 0.0000 0.0000 0.3961 0.0000 0.0000 0.0002 0.0000 0.0481 0.0000 0.0000 0.0064 0.0000 0.0000 0.0807 0.1268 0.0167
174      174   (0)      3  : 0.1853 0.0000 0.0000 0.3035 0.0001 0.0000 0.1335 0.0000 0.0000 0.0000 0.0000 0.1459 0.0000 0.0000 0.0076 0.1461 0.0780
175      175   (0)      8  : 0.0007 0.0000 0.0000 0.3329 0.0000 0.0000 0.2374 0.0000 0.0000 0.0000 0.0000 0.1631 0.0000 0.0000 0.0089 0.1855 0.0715
176      176   (0)      8  : 0.0000 0.0000 0.0000 0.0000 0.0000 0.0000 0.0000 0.0023 0.0112 0.0000 0.0000 0.0000 0.0000 0.0000 0.8721 0.0000 0.1145
177      177   (0)      8  : 0.2348 0.0000 0.0000 0.2645 0.0000 0.0000 0.3334 0.0000 0.0001 0.0000 0.0000 0.0000 0.0000 0.0000 0.0147 0.1130 0.0393
178      178   (0)      8  : 0.2348 0.0000 0.0000 0.2183 0.0000 0.0000 0.0000 0.0000 0.1864 0.0000 0.0000 0.1109 0.0000 0.0000 0.1295 0.0845 0.0356
179      179   (0)      8  : 0.1593 0.0000 0.0000 0.2448 0.0000 0.0000 0.3786 0.0000 0.0005 0.0000 0.0000 0.0229 0.0003 0.0092 0.0121 0.1646 0.0076
180      180   (0)      8  : 0.1210 0.0000 0.0000 0.3327 0.0322 0.0000 0.2915 0.0000 0.0131 0.0000 0.0000 0.0273 0.0035 0.0000 0.0165 0.1328 0.0294
181      181   (0)      8  : 0.1474 0.0000 0.0000 0.2959 0.0000 0.0025 0.2381 0.0000 0.0000 0.0000 0.0000 0.0207 0.0000 0.0331 0.0251 0.2223 0.0149
182      182   (0)      1  : 0.6436 0.0000 0.0051 0.1334 0.0000 0.0000 0.0000 0.0000 0.1252 0.0000 0.0000 0.0089 0.0000 0.0000 0.0013 0.0826 0.0000
183      183   (0)      1  : 0.2203 0.0000 0.0026 0.0256 0.0000 0.0000 0.3197 0.0000 0.3006 0.0000 0.0000 0.0585 0.0000 0.0164 0.0000 0.0494 0.0068
184      184   (0)      1  : 0.5112 0.0000 0.0264 0.0584 0.0000 0.0000 0.0000 0.0000 0.3343 0.0000 0.0000 0.0378 0.0000 0.0000 0.0125 0.0005 0.0188
185      185   (0)      1  : 0.1777 0.0000 0.0000 0.0128 0.0000 0.0000 0.3867 0.0000 0.3217 0.0528 0.0000 0.0190 0.0000 0.0000 0.0000 0.0265 0.0027
186      186   (0)      1  : 0.5052 0.0000 0.0000 0.0819 0.0000 0.0000 0.0149 0.0000 0.3529 0.0000 0.0000 0.0073 0.0000 0.0000 0.0000 0.0047 0.0331
187      187   (0)      1  : 0.1302 0.0152 0.0000 0.1878 0.0384 0.0000 0.1942 0.0000 0.2643 0.0000 0.0000 0.0026 0.0104 0.0063 0.0393 0.0430 0.0682
188      188   (0)      1  : 0.6181 0.0000 0.0000 0.0918 0.0000 0.0000 0.0115 0.0000 0.2283 0.0000 0.0000 0.0116 0.0000 0.0000 0.0000 0.0299 0.0087
189      189   (0)      1  : 0.5948 0.0000 0.0000 0.1006 0.0000 0.0000 0.1089 0.0000 0.1237 0.0000 0.0000 0.0097 0.0000 0.0000 0.0000 0.0566 0.0057
190      190   (0)      2  : 0.0019 0.0000 0.0000 0.0289 0.0000 0.0000 0.5311 0.0000 0.1338 0.0000 0.0000 0.2187 0.0000 0.0000 0.0000 0.0000 0.0856
191      191   (0)      2  : 0.3733 0.0000 0.0000 0.2340 0.0000 0.0002 0.0072 0.0000 0.0602 0.0000 0.0000 0.0005 0.0000 0.0000 0.0062 0.2970 0.0213
192      192   (0)      2  : 0.4198 0.0000 0.0000 0.2571 0.0000 0.0000 0.1063 0.0000 0.1013 0.0010 0.0000 0.0114 0.0000 0.0003 0.0090 0.0881 0.0057
193      193   (0)      2  : 0.0000 0.0000 0.0000 0.1818 0.0000 0.0058 0.5102 0.0000 0.0000 0.0000 0.0000 0.0578 0.0000 0.0568 0.0051 0.1609 0.0216
194      194   (0)      2  : 0.3684 0.0000 0.0021 0.0936 0.0000 0.0000 0.1748 0.0000 0.0208 0.0000 0.0000 0.0000 0.0000 0.0005 0.0063 0.3315 0.0020
195      195   (0)      2  : 0.0000 0.0000 0.0000 0.1324 0.0000 0.0000 0.7976 0.0000 0.0000 0.0000 0.0000 0.0134 0.0000 0.0000 0.0078 0.0425 0.0063
196      196   (0)      2  : 0.1853 0.0000 0.0001 0.0446 0.0000 0.0000 0.0567 0.0000 0.4296 0.0000 0.0000 0.1603 0.0000 0.0004 0.0000 0.0771 0.0459
197      197   (0)      2  : 0.0000 0.0000 0.0000 0.0513 0.0000 0.0000 0.0840 0.0000 0.1812 0.0000 0.0000 0.3043 0.0000 0.0000 0.0000 0.2523 0.1270
198      198   (0)      1  : 0.1844 0.0000 0.0209 0.0496 0.0000 0.0000 0.4778 0.0000 0.1364 0.0000 0.0000 0.0444 0.0000 0.0000 0.0000 0.0093 0.0772
199      199   (0)      1  : 0.3431 0.0000 0.0000 0.0737 0.0000 0.0000 0.0000 0.0000 0.4980 0.0000 0.0000 0.0108 0.0000 0.0264 0.0038 0.0443 0.0000
200      200   (0)      1  : 0.0132 0.0000 0.0091 0.1281 0.0000 0.0000 0.3127 0.0000 0.3777 0.0000 0.0000 0.0963 0.0005 0.0000 0.0387 0.0142 0.0096
201      201   (0)      1  : 0.0092 0.0000 0.0000 0.0219 0.0230 0.0000 0.1107 0.0000 0.7463 0.0000 0.0000 0.0377 0.0421 0.0000 0.0000 0.0000 0.0091
202      202   (0)      1  : 0.0000 0.0000 0.0000 0.0199 0.0000 0.0000 0.1801 0.0000 0.5967 0.0112 0.0000 0.1694 0.0000 0.0000 0.0000 0.0000 0.0227
203      203   (0)      1  : 0.0257 0.0000 0.0000 0.0216 0.0000 0.0000 0.0000 0.0000 0.9022 0.0000 0.0000 0.0431 0.0000 0.0000 0.0000 0.0000 0.0074
204      204   (0)      2  : 0.0000 0.0000 0.0007 0.1027 0.0000 0.0000 0.1616 0.0000 0.0141 0.4875 0.0000 0.1212 0.0000 0.0000 0.0793 0.0193 0.0137
205      205   (0)      2  : 0.0170 0.0000 0.0012 0.0269 0.0000 0.0000 0.3341 0.0000 0.3584 0.0000 0.0000 0.1643 0.0024 0.0000 0.0051 0.0522 0.0384
206      206   (0)      2  : 0.0000 0.0000 0.0000 0.0950 0.0494 0.0000 0.0712 0.0000 0.0000 0.7409 0.0000 0.0000 0.0000 0.0000 0.0082 0.0288 0.0065
207      207   (0)      2  : 0.4719 0.0000 0.0000 0.0739 0.0000 0.0000 0.0011 0.0000 0.0581 0.0000 0.0000 0.0312 0.0108 0.0045 0.0014 0.3446 0.0024
208      208   (0)      2  : 0.0000 0.0000 0.0000 0.0160 0.0000 0.0000 0.8501 0.0000 0.0000 0.0000 0.0000 0.1171 0.0000 0.0007 0.0000 0.0000 0.0160
209      209   (0)      2  : 0.5615 0.0000 0.0000 0.0773 0.0000 0.0000 0.0032 0.0000 0.0000 0.0282 0.0000 0.0074 0.0000 0.0000 0.0000 0.3028 0.0196
210      210   (0)      2  : 0.0000 0.0000 0.0007 0.0523 0.0000 0.0000 0.3534 0.0000 0.0107 0.0000 0.0000 0.3683 0.0000 0.0081 0.0000 0.0898 0.1166
211      211   (0)      1  : 0.0140 0.0000 0.0087 0.0422 0.0000 0.0000 0.4988 0.0000 0.1582 0.0000 0.0000 0.2430 0.0013 0.0015 0.0000 0.0000 0.0322
212      212   (0)      1  : 0.1486 0.0000 0.0000 0.1456 0.0000 0.0000 0.0000 0.0000 0.5154 0.0000 0.0000 0.0088 0.0036 0.0000 0.1267 0.0092 0.0422
213      213   (0)      1  : 0.1952 0.0000 0.0000 0.1430 0.0000 0.0021 0.1468 0.0000 0.3128 0.0000 0.0000 0.0855 0.0000 0.0609 0.0104 0.0324 0.0108
214      214   (0)      1  : 0.3098 0.0000 0.0000 0.0235 0.0006 0.0000 0.0000 0.0000 0.4465 0.0000 0.0002 0.0182 0.0384 0.0022 0.0000 0.1519 0.0088
215      215   (0)      1  : 0.0125 0.0000 0.0000 0.0192 0.0000 0.0000 0.7170 0.0000 0.1604 0.0000 0.0000 0.0822 0.0005 0.0000 0.0000 0.0000 0.0082
216      216   (0)      1  : 0.3265 0.0000 0.0012 0.0673 0.0000 0.0000 0.0000 0.0000 0.5687 0.0000 0.0000 0.0315 0.0000 0.0000 0.0000 0.0000 0.0047
217      217   (0)      1  : 0.3390 0.0000 0.0000 0.0381 0.0000 0.0000 0.0066 0.0000 0.5508 0.0000 0.0000 0.0276 0.0229 0.0010 0.0005 0.0065 0.0068
218      218   (0)      1  : 0.0000 0.0000 0.0000 0.0504 0.0000 0.0000 0.4019 0.0000 0.5120 0.0000 0.0000 0.0026 0.0130 0.0000 0.0057 0.0091 0.0053
219      219   (0)      2  : 0.2705 0.0000 0.0000 0.0675 0.0000 0.0000 0.3980 0.0000 0.1620 0.0004 0.0000 0.0421 0.0000 0.0008 0.0000 0.0549 0.0039
220      220   (0)      2  : 0.0000 0.0000 0.0000 0.1605 0.0000 0.0000 0.3949 0.0000 0.1253 0.0000 0.0000 0.1676 0.0000 0.0000 0.0675 0.0334 0.0507
221      221   (0)      2  : 0.4114 0.0000 0.0000 0.0922 0.0000 0.0000 0.0000 0.0108 0.2524 0.0000 0.0000 0.0426 0.0000 0.0000 0.0034 0.1664 0.0209
222      222   (0)      2  : 0.2938 0.0000 0.0000 0.1763 0.0000 0.0000 0.1387 0.0000 0.2316 0.0000 0.0023 0.0000 0.0000 0.0000 0.0000 0.0456 0.1117
223      223   (0)      2  : 0.3251 0.0000 0.0000 0.1140 0.0000 0.0000 0.0000 0.0000 0.4403 0.0000 0.0000 0.0074 0.0000 0.0000 0.0484 0.0648 0.0000
224      224   (0)      2  : 0.0395 0.0000 0.0000 0.0323 0.0000 0.0000 0.7964 0.0000 0.0000 0.0258 0.0000 0.0574 0.0000 0.0000 0.0000 0.0375 0.0110
225      225   (0)      2  : 0.0941 0.0000 0.0009 0.0628 0.0000 0.0000 0.3234 0.0000 0.1214 0.0000 0.0000 0.2573 0.0000 0.0000 0.0000 0.0277 0.1124
226      226   (0)      2  : 0.5738 0.0006 0.0000 0.1581 0.0000 0.0002 0.0000 0.0000 0.1533 0.0000 0.0000 0.0136 0.0158 0.0053 0.0011 0.0147 0.0636
227      227   (0)      2  : 0.6473 0.0000 0.0021 0.0988 0.0000 0.0000 0.1375 0.0000 0.0771 0.0000 0.0000 0.0076 0.0000 0.0000 0.0000 0.0004 0.0292
228      228   (0)      2  : 0.5738 0.0001 0.0000 0.1198 0.0000 0.0000 0.1284 0.0001 0.0571 0.0000 0.0000 0.0118 0.0000 0.0009 0.0000 0.0619 0.0460
229      229   (0)      2  : 0.6810 0.0000 0.0000 0.1561 0.0000 0.0000 0.0636 0.0000 0.0018 0.0000 0.0000 0.0000 0.0000 0.0000 0.0000 0.0975 0.0000
230      230   (0)      2  : 0.0440 0.0000 0.0000 0.0252 0.0000 0.0009 0.2578 0.0006 0.0000 0.6714 0.0000 0.0000 0.0000 0.0000 0.0000 0.0000 0.0000
231      231   (0)      2  : 0.3284 0.0000 0.0000 0.1665 0.0000 0.0000 0.1644 0.0000 0.0597 0.0000 0.0000 0.0000 0.0000 0.0053 0.0576 0.0688 0.1494
232      232   (0)      2  : 0.2471 0.0000 0.0000 0.0335 0.0000 0.0000 0.3784 0.0000 0.0580 0.0009 0.0000 0.0165 0.0010 0.0030 0.0013 0.2327 0.0276
233      233   (0)      9  : 0.0000 0.0000 1.0000 0.0000 0.0000 0.0000 0.0000 0.0000 0.0000 0.0000 0.0000 0.0000 0.0000 0.0000 0.0000 0.0000 0.0000
234      234   (0)      9  : 0.0000 0.0000 0.0000 0.0447 0.0400 0.4089 0.0000 0.0484 0.0000 0.0000 0.0364 0.0000 0.0000 0.4172 0.0000 0.0000 0.0045
235      235   (0)      9  : 0.0000 0.0000 1.0000 0.0000 0.0000 0.0000 0.0000 0.0000 0.0000 0.0000 0.0000 0.0000 0.0000 0.0000 0.0000 0.0000 0.0000
236      236   (0)      9  : 0.0000 0.0000 0.0000 0.0633 0.0223 0.4349 0.0000 0.0475 0.0000 0.0000 0.1011 0.0000 0.0000 0.2264 0.0000 0.0115 0.0930
237      237   (0)      9  : 0.0000 0.0000 0.9938 0.0000 0.0000 0.0000 0.0000 0.0000 0.0000 0.0000 0.0000 0.0000 0.0062 0.0000 0.0000 0.0000 0.0000
238      238   (0)      9  : 0.0000 0.0000 0.8839 0.0000 0.0000 0.0000 0.0000 0.0000 0.0000 0.0000 0.0000 0.0000 0.1118 0.0043 0.0000 0.0000 0.0000
239      239   (0)      9  : 0.0000 0.0916 0.0000 0.0206 0.0008 0.6007 0.0027 0.0000 0.0000 0.0000 0.0260 0.0084 0.0000 0.2483 0.0000 0.0000 0.0010
240      240   (0)      9  : 0.0000 0.0000 0.0000 0.0342 0.0018 0.7094 0.0000 0.0026 0.0000 0.0000 0.0762 0.0000 0.0000 0.1757 0.0000 0.0000 0.0000
241      241   (0)     10  : 0.0000 0.0005 0.0000 0.0392 0.0000 0.3683 0.0000 0.0000 0.0000 0.0000 0.0000 0.0000 0.0000 0.5920 0.0000 0.0000 0.0000
242      242   (0)     10  : 0.0000 0.0000 0.0000 0.0373 0.0000 0.9024 0.0000 0.0000 0.0000 0.0000 0.0000 0.0090 0.0014 0.0499 0.0000 0.0000 0.0000
243      243   (0)     10  : 0.0009 0.0000 0.0000 0.0307 0.0000 0.3269 0.0000 0.0000 0.0000 0.0000 0.0000 0.0015 0.0000 0.6399 0.0000 0.0000 0.0000
244      244   (0)     11  : 0.0000 0.0000 0.0291 0.0000 0.0000 0.0000 0.0000 0.0000 0.0000 0.0000 0.0000 0.0000 0.9709 0.0000 0.0000 0.0000 0.0000
245      245   (0)     11  : 0.0000 0.0000 0.0808 0.0000 0.0000 0.0000 0.0000 0.0000 0.0000 0.0000 0.0000 0.0000 0.8716 0.0476 0.0000 0.0000 0.0000
246      246   (0)     11  : 0.0012 0.0000 0.0642 0.0000 0.0000 0.0000 0.0000 0.0000 0.0000 0.0000 0.0000 0.0051 0.9248 0.0000 0.0000 0.0046 0.0000
247      247   (0)     11  : 0.0000 0.0000 0.4592 0.0000 0.0000 0.0000 0.0000 0.0000 0.0000 0.0000 0.0000 0.0509 0.4568 0.0331 0.0000 0.0000 0.0000
248      248   (0)     11  : 0.0000 0.0000 0.0352 0.0000 0.0000 0.0000 0.0000 0.0000 0.0000 0.0000 0.0000 0.0000 0.9648 0.0000 0.0000 0.0000 0.0000
249      249   (0)     11  : 0.0000 0.0010 0.0000 0.0184 0.0000 0.3355 0.0000 0.0294 0.0000 0.0000 0.3524 0.0000 0.0413 0.2218 0.0000 0.0000 0.0000
250      250   (0)     11  : 0.0000 0.1669 0.0024 0.0119 0.0010 0.1379 0.0000 0.0574 0.0000 0.0000 0.2823 0.0000 0.0010 0.3003 0.0107 0.0000 0.0280
251      251   (0)     10  : 0.0000 0.0000 0.0713 0.0479 0.0000 0.3360 0.0000 0.0000 0.0344 0.0000 0.0000 0.0073 0.0000 0.5031 0.0000 0.0000 0.0000
252      252   (0)     10  : 0.0000 0.0000 0.0000 0.0508 0.0121 0.6018 0.0000 0.0000 0.0000 0.0056 0.0000 0.0017 0.0000 0.3281 0.0000 0.0000 0.0000
253      253   (0)     10  : 0.0000 0.0000 0.0000 0.0193 0.0000 0.9626 0.0000 0.0000 0.0000 0.0000 0.0000 0.0000 0.0000 0.0180 0.0000 0.0000 0.0000
254      254   (0)     10  : 0.0000 0.0000 0.0000 0.0323 0.0000 0.7857 0.0000 0.0368 0.0083 0.0000 0.0000 0.0000 0.0004 0.1344 0.0000 0.0021 0.0000
255      255   (0)     10  : 0.0000 0.0000 0.0000 0.0470 0.0000 0.3282 0.0946 0.0015 0.0000 0.0000 0.0884 0.0224 0.0000 0.4179 0.0000 0.0000 0.0000
256      256   (0)     10  : 0.0000 0.0000 0.0000 0.0525 0.0062 0.3482 0.0000 0.0000 0.0019 0.0000 0.0832 0.0000 0.0248 0.4407 0.0154 0.0000 0.0272
257      257   (0)     10  : 0.0000 0.0000 0.0100 0.0437 0.0079 0.5088 0.0000 0.0000 0.0000 0.0243 0.0790 0.0000 0.0000 0.3264 0.0000 0.0000 0.0000
258      258   (0)     10  : 0.0000 0.0000 0.0000 0.0395 0.0000 0.6736 0.0000 0.0000 0.0000 0.0000 0.0410 0.0001 0.0000 0.2458 0.0000 0.0000 0.0000
259      259   (0)     10  : 0.0000 0.0000 0.0031 0.0464 0.0259 0.3352 0.0000 0.0000 0.0000 0.0000 0.0000 0.0000 0.0067 0.5827 0.0000 0.0000 0.0000
260      260   (0)     10  : 0.0000 0.0000 0.0000 0.0495 0.0000 0.3828 0.0000 0.1220 0.0000 0.0000 0.0344 0.0000 0.0000 0.4113 0.0000 0.0000 0.0000
261      261   (0)     10  : 0.0000 0.0000 0.1939 0.0000 0.0000 0.0879 0.0000 0.0119 0.0000 0.0000 0.0000 0.0000 0.0211 0.6852 0.0000 0.0000 0.0000
262      262   (0)     10  : 0.0000 0.0065 0.0000 0.0037 0.0038 0.1095 0.0000 0.0039 0.0000 0.0000 0.0035 0.0000 0.0126 0.8436 0.0013 0.0048 0.0065
263      263   (0)     10  : 0.0000 0.0000 0.0000 0.0525 0.0143 0.4758 0.0000 0.0017 0.0000 0.0000 0.0000 0.0007 0.0000 0.4549 0.0000 0.0000 0.0000
264      264   (0)     10  : 0.0000 0.0003 0.0000 0.0310 0.0000 0.2347 0.0000 0.0000 0.0000 0.0000 0.0000 0.0000 0.0000 0.7339 0.0000 0.0000 0.0000
265      265   (0)     10  : 0.0000 0.0000 0.0000 0.0555 0.0000 0.3267 0.0000 0.0000 0.0000 0.0000 0.1338 0.0000 0.0000 0.4840 0.0000 0.0000 0.0000
266      266   (0)     10  : 0.0000 0.0000 0.0000 0.0338 0.0060 0.8631 0.0000 0.0730 0.0000 0.0000 0.0000 0.0000 0.0000 0.0235 0.0000 0.0000 0.0006
267      267   (0)     10  : 0.0000 0.0000 0.6290 0.0083 0.0000 0.0399 0.0101 0.0009 0.0000 0.0000 0.0000 0.0718 0.2156 0.0202 0.0000 0.0000 0.0041
268      268   (0)     10  : 0.0000 0.0015 0.0000 0.0659 0.0000 0.4210 0.0000 0.0412 0.0000 0.0000 0.0000 0.0000 0.0000 0.4689 0.0014 0.0000 0.0000
269      269   (0)     10  : 0.0000 0.0003 0.0007 0.0490 0.0000 0.1534 0.0000 0.0000 0.0000 0.0000 0.0000 0.0000 0.0000 0.7966 0.0000 0.0000 0.0000
270      270   (0)     10  : 0.0000 0.0000 0.0000 0.0556 0.0000 0.5584 0.0000 0.0000 0.0202 0.0000 0.0000 0.0000 0.0026 0.3633 0.0000 0.0000 0.0000
271      271   (0)     10  : 0.0000 0.0000 0.0000 0.0556 0.0000 0.5411 0.0000 0.0000 0.0000 0.0000 0.0021 0.0085 0.0000 0.3816 0.0111 0.0000 0.0000
272      272   (0)     10  : 0.0000 0.0000 0.0000 0.0228 0.0000 0.9616 0.0000 0.0000 0.0000 0.0000 0.0000 0.0000 0.0000 0.0156 0.0000 0.0000 0.0000
273      273   (0)     12  : 0.0000 0.8920 0.0000 0.0000 0.0000 0.0000 0.0000 0.0000 0.0000 0.0000 0.1044 0.0000 0.0000 0.0035 0.0000 0.0000 0.0000
274      274   (0)     12  : 0.0000 0.9917 0.0000 0.0000 0.0000 0.0000 0.0000 0.0000 0.0000 0.0000 0.0000 0.0010 0.0000 0.0073 0.0000 0.0000 0.0000
275      275   (0)     12  : 0.0000 0.9969 0.0000 0.0018 0.0000 0.0000 0.0000 0.0000 0.0000 0.0000 0.0000 0.0000 0.0000 0.0013 0.0000 0.0000 0.0000
276      276   (0)     12  : 0.0000 0.8585 0.0000 0.0000 0.0000 0.0000 0.0000 0.1331 0.0000 0.0000 0.0084 0.0000 0.0000 0.0000 0.0000 0.0000 0.0000
277      277   (0)     12  : 0.0000 0.9587 0.0265 0.0000 0.0000 0.0000 0.0000 0.0000 0.0000 0.0000 0.0000 0.0000 0.0001 0.0136 0.0000 0.0012 0.0000
278      278   (0)     12  : 0.0000 0.2041 0.0000 0.0000 0.0000 0.0000 0.0000 0.0000 0.0000 0.0000 0.0000 0.1417 0.5045 0.1497 0.0000 0.0000 0.0000
279      279   (0)     12  : 0.0000 0.0508 0.0000 0.0000 0.0000 0.0000 0.0000 0.0000 0.0000 0.0000 0.0000 0.1533 0.6494 0.1465 0.0000 0.0000 0.0000
280      280   (0)     12  : 0.0000 1.0000 0.0000 0.0000 0.0000 0.0000 0.0000 0.0000 0.0000 0.0000 0.0000 0.0000 0.0000 0.0000 0.0000 0.0000 0.0000
281      281   (0)     12  : 0.0000 0.8661 0.0000 0.0000 0.0000 0.0000 0.0000 0.0000 0.0000 0.0000 0.1339 0.0000 0.0000 0.0000 0.0000 0.0000 0.0000
282      282   (0)     12  : 0.0000 0.7869 0.0000 0.0039 0.0000 0.0125 0.0000 0.0305 0.0000 0.0000 0.0000 0.0221 0.0378 0.1063 0.0000 0.0000 0.0000
283      283   (0)     12  : 0.0000 0.9829 0.0000 0.0000 0.0000 0.0000 0.0000 0.0000 0.0000 0.0000 0.0000 0.0051 0.0000 0.0120 0.0000 0.0000 0.0000
284      284   (0)     12  : 0.0000 0.0138 0.0000 0.0000 0.0000 0.0000 0.0000 0.0000 0.0000 0.0000 0.0000 0.1904 0.6747 0.1211 0.0000 0.0000 0.0000
285      285   (0)     12  : 0.0000 0.0995 0.0000 0.0000 0.0000 0.0000 0.0000 0.0000 0.0000 0.0000 0.0000 0.1511 0.6420 0.1073 0.0000 0.0000 0.0000
286      286   (0)     12  : 0.0000 0.2064 0.0000 0.0000 0.0000 0.0000 0.0000 0.0000 0.0000 0.0000 0.0000 0.0701 0.6389 0.0798 0.0000 0.0000 0.0047
287      287   (0)     12  : 0.0000 1.0000 0.0000 0.0000 0.0000 0.0000 0.0000 0.0000 0.0000 0.0000 0.0000 0.0000 0.0000 0.0000 0.0000 0.0000 0.0000
288      288   (0)     12  : 0.0000 1.0000 0.0000 0.0000 0.0000 0.0000 0.0000 0.0000 0.0000 0.0000 0.0000 0.0000 0.0000 0.0000 0.0000 0.0000 0.0000
289      289   (0)     12  : 0.0000 1.0000 0.0000 0.0000 0.0000 0.0000 0.0000 0.0000 0.0000 0.0000 0.0000 0.0000 0.0000 0.0000 0.0000 0.0000 0.0000
290      290   (0)     12  : 0.0000 0.9992 0.0000 0.0008 0.0000 0.0000 0.0000 0.0000 0.0000 0.0000 0.0000 0.0000 0.0000 0.0000 0.0000 0.0000 0.0000
291      291   (0)     12  : 0.0000 1.0000 0.0000 0.0000 0.0000 0.0000 0.0000 0.0000 0.0000 0.0000 0.0000 0.0000 0.0000 0.0000 0.0000 0.0000 0.0000
292      292   (0)     12  : 0.0000 1.0000 0.0000 0.0000 0.0000 0.0000 0.0000 0.0000 0.0000 0.0000 0.0000 0.0000 0.0000 0.0000 0.0000 0.0000 0.0000
293      293   (0)     12  : 0.0000 1.0000 0.0000 0.0000 0.0000 0.0000 0.0000 0.0000 0.0000 0.0000 0.0000 0.0000 0.0000 0.0000 0.0000 0.0000 0.0000
294      294   (0)     12  : 0.0000 0.9853 0.0000 0.0000 0.0000 0.0000 0.0000 0.0147 0.0000 0.0000 0.0000 0.0000 0.0000 0.0000 0.0000 0.0000 0.0000
295      295   (0)     12  : 0.0000 0.0000 0.0000 0.0000 0.0000 0.0000 0.0000 0.0000 0.0000 0.0000 0.0000 0.1862 0.6932 0.1206 0.0000 0.0000 0.0000
296      296   (0)     12  : 0.0000 0.9871 0.0000 0.0000 0.0000 0.0000 0.0000 0.0000 0.0000 0.0000 0.0125 0.0003 0.0000 0.0000 0.0000 0.0000 0.0000
297      297   (0)     12  : 0.0000 0.8854 0.0000 0.0018 0.0000 0.0000 0.0000 0.0699 0.0000 0.0000 0.0429 0.0000 0.0000 0.0000 0.0000 0.0000 0.0000
298      298   (0)     12  : 0.0000 0.0890 0.0000 0.0000 0.0000 0.0000 0.0000 0.0000 0.0000 0.0000 0.0000 0.1595 0.5619 0.1895 0.0000 0.0002 0.0000
299      299   (0)     12  : 0.0000 1.0000 0.0000 0.0000 0.0000 0.0000 0.0000 0.0000 0.0000 0.0000 0.0000 0.0000 0.0000 0.0000 0.0000 0.0000 0.0000
300      300   (0)     12  : 0.0000 0.0595 0.0000 0.0000 0.0000 0.0000 0.0000 0.0000 0.0000 0.0000 0.0000 0.1532 0.6787 0.1087 0.0000 0.0000 0.0000
301      301   (0)     13  : 0.0000 0.0000 0.0000 0.0000 0.0000 0.0000 0.0000 0.0000 0.0000 0.0000 0.8991 0.0000 0.0864 0.0145 0.0000 0.0000 0.0000
302      302   (0)     13  : 0.0000 0.0000 0.0000 0.0000 0.0000 0.0000 0.0000 0.0000 0.0000 0.0000 1.0000 0.0000 0.0000 0.0000 0.0000 0.0000 0.0000
303      303   (0)     13  : 0.0000 0.0000 0.0000 0.0000 0.0000 0.0000 0.0000 0.0000 0.0000 0.0000 1.0000 0.0000 0.0000 0.0000 0.0000 0.0000 0.0000
304      304   (0)     13  : 0.0000 0.0936 0.0715 0.0076 0.0000 0.0893 0.0000 0.2137 0.0000 0.0000 0.4979 0.0000 0.0000 0.0264 0.0000 0.0000 0.0000
305      305   (0)     13  : 0.0000 0.0000 0.0000 0.0000 0.0000 0.0000 0.0000 0.0000 0.0000 0.0000 1.0000 0.0000 0.0000 0.0000 0.0000 0.0000 0.0000
306      306   (0)     13  : 0.0000 0.0000 0.0000 0.0000 0.0000 0.0000 0.0000 0.0000 0.0000 0.0000 0.9974 0.0000 0.0000 0.0026 0.0000 0.0000 0.0000
307      307   (0)     13  : 0.0000 0.0000 0.0000 0.0084 0.0036 0.0908 0.0000 0.0000 0.0000 0.0000 0.8972 0.0000 0.0000 0.0000 0.0000 0.0000 0.0000
308      308   (0)     13  : 0.0000 0.0000 0.3811 0.0000 0.0000 0.0000 0.0000 0.0000 0.0040 0.0000 0.2640 0.0423 0.2963 0.0118 0.0000 0.0000 0.0006
309      309   (0)     13  : 0.0014 0.0000 0.0225 0.0000 0.0000 0.0000 0.0000 0.0000 0.0000 0.0000 0.5239 0.0000 0.3407 0.1116 0.0000 0.0000 0.0000
310      310   (0)     13  : 0.0000 0.1549 0.0000 0.0045 0.0000 0.0000 0.0000 0.0000 0.0000 0.0000 0.8405 0.0000 0.0000 0.0000 0.0000 0.0000 0.0000
311      311   (0)     13  : 0.0000 0.0000 0.0000 0.0000 0.0000 0.0000 0.0000 0.0000 0.0000 0.0000 1.0000 0.0000 0.0000 0.0000 0.0000 0.0000 0.0000
312      312   (0)     13  : 0.0000 0.0000 0.0000 0.0000 0.0000 0.0000 0.0000 0.0000 0.0000 0.0000 0.9891 0.0000 0.0000 0.0000 0.0051 0.0000 0.0058
313      313   (0)     13  : 0.0000 0.0000 0.0000 0.0000 0.0000 0.0000 0.0000 0.0000 0.0000 0.0000 1.0000 0.0000 0.0000 0.0000 0.0000 0.0000 0.0000
314      314   (0)     13  : 0.0000 0.0000 0.0000 0.0000 0.0000 0.0000 0.0000 0.0000 0.0000 0.0000 1.0000 0.0000 0.0000 0.0000 0.0000 0.0000 0.0000
315      315   (0)     13  : 0.0000 0.0000 0.0000 0.0000 0.0000 0.0000 0.0000 0.0000 0.0000 0.0000 1.0000 0.0000 0.0000 0.0000 0.0000 0.0000 0.0000
316      316   (0)     13  : 0.0000 0.0000 0.0000 0.0000 0.0000 0.1481 0.0000 0.0000 0.0000 0.0000 0.8165 0.0092 0.0199 0.0063 0.0000 0.0000 0.0000
317      317   (0)     13  : 0.0000 0.0000 0.0000 0.0000 0.0000 0.0000 0.0000 0.0000 0.0000 0.0000 0.9053 0.0000 0.0000 0.0947 0.0000 0.0000 0.0000
318      318   (0)     13  : 0.0000 0.0000 0.0000 0.0000 0.0000 0.0000 0.0000 0.0000 0.0000 0.0000 1.0000 0.0000 0.0000 0.0000 0.0000 0.0000 0.0000
319      319   (0)     13  : 0.0000 0.0000 0.0000 0.0000 0.0000 0.0043 0.0000 0.0000 0.0000 0.0000 0.9957 0.0000 0.0000 0.0000 0.0000 0.0000 0.0000
320      320   (0)     13  : 0.0000 0.0134 0.1060 0.0000 0.0000 0.0000 0.0000 0.0000 0.0000 0.0000 0.1939 0.0397 0.5745 0.0725 0.0000 0.0000 0.0000
321      321   (0)     13  : 0.0000 0.0000 0.0000 0.0000 0.0000 0.0000 0.0000 0.0000 0.0000 0.0000 0.9976 0.0000 0.0000 0.0024 0.0000 0.0000 0.0000
322      322   (0)     13  : 0.0000 0.0000 0.0000 0.0000 0.0000 0.0000 0.0000 0.0000 0.0000 0.0000 0.9203 0.0440 0.0228 0.0129 0.0000 0.0000 0.0000
323      323   (0)     13  : 0.0000 0.0000 0.0000 0.0000 0.0000 0.0000 0.0000 0.1071 0.0000 0.0000 0.8929 0.0000 0.0000 0.0000 0.0000 0.0000 0.0000
324      324   (0)     13  : 0.0000 0.0000 0.0000 0.0000 0.0000 0.0000 0.0000 0.2590 0.0000 0.0000 0.7410 0.0000 0.0000 0.0000 0.0000 0.0000 0.0000
325      325   (0)     14  : 0.0000 0.0000 0.0000 0.0118 0.0000 0.2954 0.0000 0.0000 0.0000 0.0000 0.6690 0.0000 0.0000 0.0238 0.0000 0.0000 0.0000
326      326   (0)     14  : 0.0000 0.0000 0.0000 0.0000 0.0000 0.9894 0.0000 0.0000 0.0000 0.0000 0.0106 0.0000 0.0000 0.0000 0.0000 0.0000 0.0000
327      327   (0)     14  : 0.0000 0.0000 1.0000 0.0000 0.0000 0.0000 0.0000 0.0000 0.0000 0.0000 0.0000 0.0000 0.0000 0.0000 0.0000 0.0000 0.0000
328      328   (0)     14  : 0.0000 0.2426 0.0000 0.0308 0.0000 0.5222 0.0000 0.0096 0.0000 0.0000 0.1934 0.0000 0.0000 0.0014 0.0000 0.0000 0.0000
329      329   (0)     14  : 0.0000 0.0000 0.1565 0.0000 0.0000 0.0000 0.0000 0.0000 0.0000 0.0000 0.0000 0.0000 0.8435 0.0000 0.0000 0.0000 0.0000
330      330   (0)     14  : 0.0000 0.0000 0.9765 0.0000 0.0000 0.0000 0.0000 0.0000 0.0000 0.0000 0.0000 0.0000 0.0007 0.0229 0.0000 0.0000 0.0000
331      331   (0)     14  : 0.0006 0.0000 0.5099 0.0000 0.0000 0.0000 0.0000 0.0000 0.0000 0.0000 0.0061 0.0163 0.4229 0.0211 0.0230 0.0000 0.0000
332      332   (0)     14  : 0.0000 0.1039 0.0580 0.0166 0.0000 0.0788 0.0000 0.0482 0.0000 0.0000 0.2537 0.0000 0.0000 0.4409 0.0000 0.0000 0.0000
333      333   (0)     14  : 0.0000 0.0000 0.8459 0.0000 0.0000 0.0000 0.0000 0.0000 0.0000 0.0000 0.0000 0.0508 0.0793 0.0239 0.0000 0.0000 0.0000
334      334   (0)     14  : 0.0000 0.0008 0.0000 0.0103 0.0000 0.8181 0.0000 0.0000 0.0000 0.0000 0.1594 0.0030 0.0031 0.0054 0.0000 0.0000 0.0000
335      335   (0)     14  : 0.0000 0.0087 0.0577 0.0144 0.0000 0.1172 0.0000 0.0314 0.0000 0.0000 0.3377 0.0000 0.0000 0.4328 0.0000 0.0000 0.0000
336      336   (0)     11  : 0.0000 0.0000 0.2453 0.0000 0.0000 0.0021 0.0000 0.0000 0.0000 0.0000 0.0156 0.0000 0.7369 0.0000 0.0000 0.0000 0.0000
337      337   (0)     11  : 0.0000 0.0916 0.0000 0.0335 0.0135 0.4449 0.0000 0.0000 0.0000 0.0000 0.3943 0.0000 0.0000 0.0000 0.0000 0.0000 0.0221
338      338   (0)     11  : 0.0000 0.0000 0.1011 0.0000 0.0000 0.0022 0.0000 0.0000 0.0024 0.0000 0.0000 0.0000 0.8942 0.0000 0.0000 0.0000 0.0000
339      339   (0)     10  : 0.0000 0.0000 0.0000 0.0335 0.0000 0.9665 0.0000 0.0000 0.0000 0.0000 0.0000 0.0000 0.0000 0.0000 0.0000 0.0000 0.0000
340      340   (0)     10  : 0.0000 0.0000 0.5020 0.0000 0.0004 0.0000 0.0000 0.0000 0.0000 0.0000 0.0000 0.0022 0.1818 0.0060 0.0000 0.0274 0.2802
341      341   (0)     11  : 0.0057 0.0000 0.1752 0.0000 0.0000 0.0000 0.0000 0.0000 0.0000 0.0000 0.0000 0.0000 0.6723 0.1367 0.0000 0.0025 0.0076
342      342   (0)     11  : 0.0000 0.0000 0.0689 0.0000 0.0000 0.0000 0.0000 0.0000 0.0000 0.0000 0.0000 0.0000 0.9311 0.0000 0.0000 0.0000 0.0000
343      343   (0)     11  : 0.0000 0.0000 0.5383 0.0000 0.0000 0.0000 0.0000 0.0000 0.0000 0.0000 0.0000 0.0000 0.4617 0.0000 0.0000 0.0000 0.0000
344      344   (0)     11  : 0.0011 0.0000 0.0880 0.0066 0.0000 0.0000 0.0000 0.0000 0.0000 0.0000 0.0000 0.0000 0.8054 0.0905 0.0000 0.0033 0.0051
345      345   (0)     11  : 0.0000 0.0000 0.0561 0.0000 0.0000 0.0081 0.0000 0.0000 0.0000 0.0000 0.0015 0.0000 0.9342 0.0000 0.0001 0.0000 0.0000
346      346   (0)     11  : 0.0000 0.0000 0.2056 0.0000 0.0000 0.0000 0.0000 0.0000 0.0000 0.0000 0.0000 0.0000 0.7944 0.0000 0.0000 0.0000 0.0000
347      347   (0)     11  : 0.0000 0.0349 0.0000 0.0222 0.0000 0.4063 0.0000 0.0000 0.0000 0.0000 0.4888 0.0075 0.0071 0.0332 0.0000 0.0000 0.0000
348      348   (0)     11  : 0.0000 0.0000 0.2339 0.0000 0.0000 0.0000 0.0000 0.0000 0.0000 0.0000 0.0000 0.0000 0.7520 0.0141 0.0000 0.0000 0.0000
349      349   (0)     11  : 0.0000 0.0000 0.3254 0.0000 0.0000 0.0000 0.0000 0.0000 0.0000 0.0000 0.0000 0.0000 0.6545 0.0201 0.0000 0.0000 0.0000
350      350   (0)     11  : 0.0000 0.0000 0.0512 0.0000 0.0000 0.0000 0.0000 0.0014 0.0000 0.0000 0.0000 0.0367 0.6866 0.2241 0.0000 0.0000 0.0000
351      351   (0)     11  : 0.0000 0.0000 0.0486 0.0000 0.0000 0.0000 0.0000 0.0000 0.0000 0.0000 0.0000 0.0000 0.9514 0.0000 0.0000 0.0000 0.0000
352      352   (0)     11  : 0.0000 0.1430 0.0032 0.0447 0.0000 0.4514 0.0000 0.0471 0.0000 0.0000 0.0868 0.0000 0.0224 0.2014 0.0000 0.0000 0.0000
353      353   (0)     11  : 0.0000 0.0000 0.0848 0.0000 0.0000 0.0000 0.0000 0.0000 0.0000 0.0000 0.0000 0.0000 0.9152 0.0000 0.0000 0.0000 0.0000
354      354   (0)     11  : 0.0000 0.0315 0.0000 0.0556 0.0000 0.6548 0.0000 0.0000 0.0000 0.0000 0.1973 0.0000 0.0000 0.0609 0.0000 0.0000 0.0000
355      355   (0)     11  : 0.0000 0.0000 0.0768 0.0000 0.0000 0.0000 0.0000 0.0000 0.0000 0.0000 0.0000 0.0000 0.9232 0.0000 0.0000 0.0000 0.0000
356      356   (0)     14  : 0.0000 0.0000 0.6399 0.0000 0.0000 0.0000 0.0000 0.0924 0.0000 0.0000 0.0000 0.0000 0.2409 0.0000 0.0000 0.0028 0.0239
357      357   (0)     14  : 0.0000 0.0902 0.0000 0.0451 0.0000 0.5921 0.0000 0.0098 0.0000 0.0000 0.2628 0.0000 0.0000 0.0000 0.0000 0.0000 0.0000
358      358   (0)     14  : 0.0000 0.0000 0.4567 0.0000 0.0000 0.0000 0.0000 0.0000 0.0000 0.0000 0.0000 0.0543 0.4711 0.0179 0.0000 0.0000 0.0000
359      359   (0)     14  : 0.0000 0.0061 0.0301 0.0027 0.0000 0.5715 0.0000 0.1788 0.0000 0.0000 0.2013 0.0000 0.0000 0.0096 0.0000 0.0000 0.0000
360      360   (0)     14  : 0.0000 0.0000 1.0000 0.0000 0.0000 0.0000 0.0000 0.0000 0.0000 0.0000 0.0000 0.0000 0.0000 0.0000 0.0000 0.0000 0.0000
361      361   (0)     14  : 0.0000 0.0000 0.7244 0.0011 0.0000 0.0000 0.0000 0.0000 0.0000 0.0000 0.0202 0.0000 0.2104 0.0438 0.0000 0.0000 0.0000
362      362   (0)     14  : 0.0000 0.0000 0.7200 0.0000 0.0000 0.0000 0.0000 0.0000 0.0000 0.0000 0.0000 0.0000 0.2566 0.0234 0.0000 0.0000 0.0000
363      363   (0)     14  : 0.0006 0.0000 0.5618 0.0008 0.0000 0.0000 0.0000 0.0000 0.0000 0.0000 0.0000 0.0000 0.4316 0.0053 0.0000 0.0000 0.0000
364      364   (0)     14  : 0.0000 0.0000 0.5746 0.0000 0.0000 0.0000 0.0000 0.0000 0.0000 0.0000 0.0000 0.0000 0.4088 0.0001 0.0000 0.0000 0.0165
365      365   (0)     14  : 0.0000 0.0000 0.5154 0.0000 0.0000 0.0000 0.0000 0.0000 0.0000 0.0000 0.0952 0.0000 0.3195 0.0700 0.0000 0.0000 0.0000
366      366   (0)     14  : 0.0000 0.0000 0.0074 0.0210 0.0000 0.4930 0.0000 0.1173 0.0000 0.0000 0.1927 0.0000 0.0470 0.1216 0.0000 0.0000 0.0000
367      367   (0)      9  : 0.0000 0.0000 0.0224 0.0284 0.0000 0.8509 0.0000 0.0855 0.0000 0.0000 0.0106 0.0020 0.0000 0.0003 0.0000 0.0000 0.0000
368      368   (0)      9  : 0.0003 0.0000 0.7008 0.0134 0.0000 0.1059 0.0000 0.0000 0.0004 0.0000 0.0000 0.0000 0.1322 0.0000 0.0000 0.0040 0.0430
369      369   (0)      9  : 0.0000 0.0000 0.0000 0.0177 0.0000 0.8857 0.0000 0.0000 0.0000 0.0000 0.0810 0.0000 0.0015 0.0141 0.0000 0.0000 0.0000
370      370   (0)      9  : 0.0000 0.0000 0.0000 0.0138 0.0000 0.7057 0.0000 0.0025 0.0000 0.0000 0.0000 0.0333 0.0469 0.1978 0.0000 0.0000 0.0000
371      371   (0)      9  : 0.0000 0.0000 0.0000 0.0197 0.0000 0.8343 0.0000 0.0000 0.0000 0.0000 0.0145 0.0000 0.0000 0.1316 0.0000 0.0000 0.0000
372      372   (0)      9  : 0.0000 0.0000 1.0000 0.0000 0.0000 0.0000 0.0000 0.0000 0.0000 0.0000 0.0000 0.0000 0.0000 0.0000 0.0000 0.0000 0.0000
373      373   (0)     14  : 0.0000 0.0000 0.5086 0.0001 0.0000 0.0000 0.0000 0.0000 0.0000 0.0000 0.0000 0.0000 0.4913 0.0000 0.0000 0.0000 0.0000
374      374   (0)     14  : 0.0000 0.0000 0.0007 0.0554 0.0000 0.7929 0.0000 0.0000 0.0000 0.0000 0.1020 0.0002 0.0489 0.0000 0.0000 0.0000 0.0000
375      375   (0)     14  : 0.0000 0.0113 0.9104 0.0000 0.0000 0.0000 0.0000 0.0000 0.0000 0.0000 0.0000 0.0117 0.0046 0.0620 0.0000 0.0000 0.0000
376      376   (0)     14  : 0.0000 0.0000 1.0000 0.0000 0.0000 0.0000 0.0000 0.0000 0.0000 0.0000 0.0000 0.0000 0.0000 0.0000 0.0000 0.0000 0.0000
377      377   (0)     14  : 0.0000 0.0000 0.0000 0.0556 0.0016 0.8012 0.0000 0.0000 0.0000 0.0000 0.1416 0.0000 0.0000 0.0000 0.0000 0.0000 0.0000
378      378   (0)      9  : 0.0000 0.0000 0.0000 0.0000 0.0000 0.9921 0.0000 0.0000 0.0000 0.0000 0.0000 0.0026 0.0000 0.0054 0.0000 0.0000 0.0000
379      379   (0)      9  : 0.0064 0.0000 0.9936 0.0000 0.0000 0.0000 0.0000 0.0000 0.0000 0.0000 0.0000 0.0000 0.0000 0.0000 0.0000 0.0000 0.0000
380      380   (0)      9  : 0.0000 0.0000 0.9987 0.0000 0.0000 0.0000 0.0000 0.0000 0.0000 0.0000 0.0000 0.0000 0.0000 0.0013 0.0000 0.0000 0.0000
381      381   (0)      9  : 0.0000 0.0000 0.9382 0.0000 0.0000 0.0000 0.0541 0.0000 0.0000 0.0000 0.0000 0.0077 0.0000 0.0000 0.0000 0.0000 0.0000
382      382   (0)      9  : 0.0000 0.0000 0.0400 0.0262 0.0000 0.7011 0.0000 0.0000 0.0000 0.0000 0.0192 0.0000 0.0000 0.2135 0.0000 0.0000 0.0000
383      383   (0)      9  : 0.0000 0.0000 0.0000 0.0131 0.0000 0.9869 0.0000 0.0000 0.0000 0.0000 0.0000 0.0000 0.0000 0.0000 0.0000 0.0000 0.0000
384      384   (0)      9  : 0.0000 0.0000 0.0000 0.0249 0.0000 0.7709 0.0000 0.0000 0.0000 0.0000 0.0000 0.0000 0.0000 0.2042 0.0000 0.0000 0.0000
385      385   (0)      9  : 0.0000 0.0000 0.8824 0.0074 0.0000 0.0000 0.0374 0.0000 0.0000 0.0000 0.0000 0.0611 0.0000 0.0000 0.0000 0.0000 0.0117
386      386   (0)      9  : 0.0000 0.0061 0.0000 0.0313 0.0000 0.6339 0.0000 0.0000 0.0000 0.0000 0.0241 0.0000 0.0000 0.3046 0.0000 0.0000 0.0000
387      387   (0)      9  : 0.0000 0.0000 0.0113 0.0236 0.0243 0.8112 0.0000 0.0000 0.0000 0.0000 0.0000 0.0000 0.0012 0.1284 0.0000 0.0000 0.0000
388      388   (0)      9  : 0.0000 0.0000 1.0000 0.0000 0.0000 0.0000 0.0000 0.0000 0.0000 0.0000 0.0000 0.0000 0.0000 0.0000 0.0000 0.0000 0.0000
389      389   (0)      9  : 0.0000 0.0000 0.9942 0.0000 0.0000 0.0000 0.0000 0.0000 0.0000 0.0000 0.0000 0.0000 0.0058 0.0000 0.0000 0.0000 0.0000
390      390   (0)      9  : 0.0000 0.0000 0.0000 0.0556 0.0751 0.2872 0.0000 0.0000 0.0000 0.0000 0.0001 0.0000 0.0000 0.4932 0.0137 0.0000 0.0752
391      391   (0)      9  : 0.0000 0.0000 0.8561 0.0090 0.0000 0.0000 0.0644 0.0000 0.0000 0.0000 0.0000 0.0647 0.0000 0.0000 0.0000 0.0000 0.0058
392      392   (0)     15  : 0.0000 0.0000 0.0000 0.0164 0.0000 0.2884 0.0000 0.6428 0.0000 0.0000 0.0524 0.0000 0.0000 0.0000 0.0000 0.0000 0.0000
393      393   (0)     15  : 0.0000 0.0000 0.0000 0.0000 0.0000 0.0000 0.0000 0.8463 0.0000 0.0000 0.1537 0.0000 0.0000 0.0000 0.0000 0.0000 0.0000
394      394   (0)     15  : 0.0000 0.0000 0.0004 0.0000 0.0000 0.0000 0.0000 0.9339 0.0000 0.0000 0.0000 0.0515 0.0000 0.0142 0.0000 0.0000 0.0000
395      395   (0)     15  : 0.0000 0.0000 0.0000 0.0039 0.0000 0.0000 0.0707 0.7895 0.0000 0.0000 0.0237 0.0694 0.0268 0.0160 0.0000 0.0000 0.0000
396      396   (0)     15  : 0.0000 0.0000 0.0000 0.0000 0.0000 0.0000 0.0000 0.9834 0.0000 0.0000 0.0166 0.0000 0.0000 0.0000 0.0000 0.0000 0.0000
397      397   (0)     15  : 0.0000 0.0000 0.0000 0.0000 0.0000 0.0000 0.0000 1.0000 0.0000 0.0000 0.0000 0.0000 0.0000 0.0000 0.0000 0.0000 0.0000
398      398   (0)     15  : 0.0000 0.0000 0.0000 0.0000 0.0000 0.0000 0.0000 1.0000 0.0000 0.0000 0.0000 0.0000 0.0000 0.0000 0.0000 0.0000 0.0000
399      399   (0)     15  : 0.0000 0.0000 0.0388 0.0000 0.0000 0.0000 0.0000 0.0789 0.0000 0.0000 0.0000 0.3853 0.3777 0.1193 0.0000 0.0000 0.0000
400      400   (0)     15  : 0.0000 0.0000 0.0000 0.0000 0.0000 0.0000 0.0000 1.0000 0.0000 0.0000 0.0000 0.0000 0.0000 0.0000 0.0000 0.0000 0.0000
401      401   (0)     15  : 0.0000 0.0000 0.0000 0.0000 0.0000 0.0000 0.0000 1.0000 0.0000 0.0000 0.0000 0.0000 0.0000 0.0000 0.0000 0.0000 0.0000
402      402   (0)     15  : 0.0000 0.0000 0.0000 0.0000 0.0000 0.0000 0.0000 0.0936 0.0000 0.0000 0.0000 0.3889 0.4064 0.1111 0.0000 0.0000 0.0000
403      403   (0)     15  : 0.0000 0.0000 0.1816 0.0000 0.0000 0.0000 0.0000 0.0000 0.0000 0.0000 0.0000 0.3383 0.3862 0.0939 0.0000 0.0000 0.0000
404      404   (0)     15  : 0.0000 0.0000 0.0000 0.0000 0.0000 0.0000 0.0000 0.9955 0.0000 0.0000 0.0000 0.0000 0.0045 0.0000 0.0000 0.0000 0.0000
405      405   (0)     15  : 0.0000 0.0000 0.0000 0.0000 0.0000 0.0046 0.0000 0.9953 0.0000 0.0000 0.0000 0.0000 0.0000 0.0000 0.0000 0.0000 0.0000
406      406   (0)     15  : 0.0000 0.0000 0.0000 0.0000 0.0000 0.0000 0.0000 0.7883 0.0000 0.0000 0.2117 0.0000 0.0000 0.0000 0.0000 0.0000 0.0000
407      407   (0)     15  : 0.0000 0.0000 0.0000 0.0027 0.0000 0.0151 0.0000 0.7406 0.0000 0.0000 0.0000 0.1344 0.0666 0.0406 0.0000 0.0000 0.0000
408      408   (0)     15  : 0.0000 0.0000 0.0000 0.0000 0.0000 0.0000 0.0000 0.0444 0.0000 0.0000 0.0000 0.3889 0.4556 0.1111 0.0000 0.0000 0.0000
409      409   (0)     15  : 0.0000 0.0000 0.0000 0.0000 0.0000 0.0000 0.0000 0.9499 0.0000 0.0000 0.0000 0.0373 0.0021 0.0107 0.0000 0.0000 0.0000
410      410   (0)     15  : 0.0000 0.0000 0.0000 0.0000 0.0000 0.0000 0.0000 0.0907 0.0000 0.0000 0.0000 0.3889 0.4093 0.1111 0.0000 0.0000 0.0000
411      411   (0)     15  : 0.0000 0.0000 0.0000 0.0000 0.0000 0.0000 0.0000 0.9123 0.0000 0.0000 0.0877 0.0000 0.0000 0.0000 0.0000 0.0000 0.0000
412      412   (0)     15  : 0.0000 0.0000 0.0000 0.0000 0.0000 0.0000 0.0000 0.7748 0.0000 0.0000 0.0000 0.1158 0.0726 0.0368 0.0000 0.0000 0.0000
413      413   (0)     15  : 0.0000 0.0000 0.0000 0.0000 0.0000 0.0000 0.0000 0.8967 0.0000 0.0000 0.1033 0.0000 0.0000 0.0000 0.0000 0.0000 0.0000
414      414   (0)     15  : 0.0000 0.1024 0.0000 0.0034 0.0051 0.0028 0.0000 0.7513 0.0000 0.0000 0.0772 0.0000 0.0000 0.0109 0.0124 0.0000 0.0345
415      415   (0)     15  : 0.0000 0.0670 0.0000 0.0007 0.0000 0.0253 0.0000 0.6753 0.0118 0.0000 0.0000 0.1204 0.0600 0.0386 0.0010 0.0000 0.0000
416      416   (0)     15  : 0.0000 0.0000 0.0000 0.0000 0.0000 0.0000 0.0000 1.0000 0.0000 0.0000 0.0000 0.0000 0.0000 0.0000 0.0000 0.0000 0.0000
417      417   (0)     15  : 0.0000 0.0000 0.0000 0.0000 0.0000 0.0000 0.0000 0.0342 0.0000 0.0000 0.0000 0.3889 0.4658 0.1111 0.0000 0.0000 0.0000
418      418   (0)     15  : 0.0000 0.0000 0.0000 0.0042 0.0000 0.0000 0.0000 0.9320 0.0000 0.0000 0.0638 0.0000 0.0000 0.0000 0.0000 0.0000 0.0000
419      419   (0)     15  : 0.0000 0.0000 0.0000 0.0000 0.0000 0.0000 0.0000 0.0425 0.0000 0.0000 0.0000 0.3889 0.4575 0.1111 0.0000 0.0000 0.0000
420      420   (0)     15  : 0.0000 0.0000 0.0000 0.0000 0.0000 0.0000 0.0000 0.0191 0.0000 0.0000 0.0000 0.3889 0.4809 0.1111 0.0000 0.0000 0.0000
421      421   (0)     16  : 0.4389 0.0000 0.0000 0.0484 0.0000 0.0000 0.3961 0.0000 0.0000 0.0243 0.0000 0.0740 0.0000 0.0005 0.0000 0.0000 0.0179
422      422   (0)     16  : 0.1433 0.0000 0.0000 0.0962 0.0000 0.0000 0.5835 0.0000 0.0000 0.0000 0.0000 0.0635 0.0000 0.0000 0.1003 0.0053 0.0079
423      423   (0)     16  : 0.5404 0.0000 0.0006 0.1142 0.0000 0.0000 0.0000 0.0000 0.1098 0.0000 0.0000 0.0909 0.0210 0.0227 0.0903 0.0000 0.0101
424      424   (0)     16  : 0.3739 0.0000 0.0609 0.1216 0.0000 0.0000 0.1716 0.0000 0.0027 0.0000 0.0000 0.1558 0.0005 0.0074 0.0648 0.0024 0.0384
425      425   (0)     16  : 0.0368 0.0000 0.0141 0.0415 0.0000 0.0000 0.4231 0.0000 0.0089 0.0000 0.0000 0.2309 0.0000 0.0000 0.1907 0.0000 0.0540
426      426   (0)     16  : 0.4709 0.0000 0.0000 0.1508 0.0000 0.0000 0.0000 0.0000 0.1544 0.0000 0.0000 0.1198 0.0000 0.0000 0.0709 0.0080 0.0251
427      427   (0)     16  : 0.3255 0.0000 0.0000 0.0440 0.0000 0.0000 0.4421 0.0000 0.0000 0.0000 0.0080 0.1449 0.0000 0.0006 0.0015 0.0017 0.0318
428      428   (0)     16  : 0.9091 0.0000 0.0000 0.0477 0.0000 0.0000 0.0000 0.0000 0.0000 0.0000 0.0000 0.0319 0.0000 0.0057 0.0000 0.0000 0.0055
429      429   (0)     16  : 0.1484 0.0000 0.0000 0.0856 0.0000 0.0000 0.1219 0.0000 0.0000 0.0000 0.0000 0.4181 0.0016 0.0355 0.0000 0.0828 0.1061
430      430   (0)     16  : 0.7481 0.0000 0.0000 0.1023 0.0050 0.0000 0.0000 0.0000 0.0223 0.0000 0.0000 0.0219 0.0000 0.0000 0.0142 0.0619 0.0242
431      431   (0)     16  : 0.0588 0.0000 0.0000 0.1418 0.0000 0.0000 0.2330 0.0000 0.0000 0.0000 0.0000 0.1905 0.0000 0.0016 0.0325 0.0980 0.2439
432      432   (0)     16  : 0.7346 0.0000 0.0141 0.0947 0.0000 0.0000 0.0047 0.0000 0.0299 0.0000 0.0000 0.0909 0.0049 0.0000 0.0000 0.0121 0.0141
433      433   (0)     16  : 0.1596 0.0000 0.0000 0.0294 0.0000 0.0000 0.7097 0.0000 0.0000 0.0000 0.0000 0.0841 0.0000 0.0052 0.0000 0.0000 0.0120
434      434   (0)     16  : 0.5333 0.0000 0.0001 0.0639 0.0000 0.0000 0.2233 0.0068 0.0000 0.0000 0.0000 0.0385 0.0012 0.0031 0.0000 0.1235 0.0063
435      435   (0)     16  : 0.4647 0.0000 0.0062 0.0562 0.0000 0.0000 0.4098 0.0000 0.0000 0.0000 0.0000 0.0552 0.0000 0.0000 0.0000 0.0001 0.0078
436      436   (0)     16  : 0.0171 0.0000 0.0000 0.0223 0.0095 0.0000 0.7284 0.0000 0.0000 0.0000 0.0000 0.0883 0.0000 0.0000 0.0006 0.0001 0.1338
437      437   (0)     16  : 0.7156 0.0000 0.0000 0.0532 0.0000 0.0000 0.0000 0.0000 0.0000 0.0000 0.0000 0.0283 0.0000 0.0000 0.0119 0.1798 0.0112
438      438   (0)     16  : 0.7898 0.0000 0.0000 0.1645 0.0000 0.0000 0.0000 0.0000 0.0000 0.0000 0.0000 0.0118 0.0000 0.0000 0.0035 0.0304 0.0000
439      439   (0)     16  : 0.7107 0.0000 0.0138 0.0506 0.0000 0.0000 0.0000 0.0000 0.0000 0.0000 0.0000 0.0491 0.0009 0.0048 0.0002 0.1332 0.0367
440      440   (0)     16  : 0.4619 0.0000 0.0000 0.0801 0.0000 0.0000 0.0000 0.0000 0.1326 0.0000 0.0000 0.2566 0.0144 0.0054 0.0048 0.0000 0.0442
441      441   (0)     16  : 0.5062 0.0066 0.0000 0.0494 0.0000 0.0000 0.3294 0.0000 0.0000 0.0000 0.0024 0.0488 0.0370 0.0030 0.0000 0.0085 0.0086
442      442   (0)     16  : 0.8132 0.0000 0.0000 0.1050 0.0000 0.0000 0.0174 0.0000 0.0000 0.0000 0.0000 0.0171 0.0000 0.0000 0.0015 0.0438 0.0019
443      443   (0)     16  : 0.5731 0.0000 0.0002 0.0490 0.0000 0.0000 0.0029 0.0000 0.1575 0.0000 0.0000 0.1163 0.0630 0.0000 0.0049 0.0000 0.0331
444      444   (0)     16  : 0.8110 0.0000 0.0005 0.0402 0.0000 0.0000 0.0000 0.0000 0.0070 0.0000 0.0000 0.0300 0.0203 0.0000 0.0000 0.0774 0.0135
445      445   (0)     16  : 0.0000 0.0000 0.0000 0.0000 0.0000 0.0000 0.0033 0.0000 0.0000 0.9967 0.0000 0.0000 0.0000 0.0000 0.0000 0.0000 0.0000
446      446   (0)     16  : 0.5601 0.0000 0.0045 0.0239 0.0000 0.0000 0.3853 0.0000 0.0000 0.0000 0.0000 0.0195 0.0000 0.0000 0.0000 0.0000 0.0066
447      447   (0)     16  : 0.5563 0.0000 0.0000 0.0852 0.0000 0.0000 0.0349 0.0000 0.0117 0.0022 0.0000 0.2529 0.0124 0.0000 0.0003 0.0000 0.0441
448      448   (0)     16  : 0.7427 0.0000 0.0000 0.0762 0.0000 0.0000 0.0091 0.0000 0.0000 0.0000 0.0000 0.1425 0.0005 0.0000 0.0000 0.0066 0.0225
449      449   (0)     16  : 0.5430 0.0000 0.0161 0.0723 0.0000 0.0000 0.2856 0.0000 0.0000 0.0000 0.0000 0.0271 0.0000 0.0143 0.0000 0.0146 0.0270
450      450   (0)     16  : 0.6661 0.0000 0.0000 0.0384 0.0000 0.0000 0.0291 0.0000 0.0085 0.0000 0.0000 0.0266 0.0000 0.0000 0.0086 0.2192 0.0035
451      451   (0)     17  : 0.4080 0.0008 0.0000 0.0761 0.0002 0.0011 0.1299 0.0000 0.0641 0.0000 0.0000 0.0182 0.0147 0.0829 0.0484 0.0206 0.1350
452      452   (0)     17  : 0.6896 0.0000 0.0027 0.0928 0.0000 0.0000 0.0489 0.0000 0.0306 0.0000 0.0000 0.0241 0.0339 0.0000 0.0000 0.0619 0.0157
453      453   (0)     17  : 0.8213 0.0000 0.0000 0.0943 0.0000 0.0000 0.0000 0.0000 0.0000 0.0000 0.0000 0.0128 0.0000 0.0000 0.0000 0.0716 0.0000
454      454   (0)     17  : 0.0186 0.0000 0.0000 0.0058 0.0000 0.0000 0.0000 0.0000 0.0000 0.9007 0.0517 0.0142 0.0049 0.0041 0.0000 0.0000 0.0000
455      455   (0)     17  : 0.1115 0.0000 0.0000 0.0326 0.0000 0.0000 0.7384 0.0000 0.0000 0.0000 0.0000 0.0931 0.0008 0.0000 0.0000 0.0000 0.0235
456      456   (0)     17  : 0.0000 0.0000 0.0000 0.0019 0.0000 0.0013 0.0000 0.0000 0.0000 0.9968 0.0000 0.0000 0.0000 0.0000 0.0000 0.0000 0.0000
457      457   (0)     17  : 0.1474 0.0000 0.0000 0.0287 0.0000 0.0000 0.7387 0.0000 0.0000 0.0000 0.0000 0.0734 0.0000 0.0000 0.0000 0.0000 0.0118
458      458   (0)     17  : 0.6822 0.0000 0.0000 0.0568 0.0000 0.0000 0.0595 0.0000 0.0000 0.0000 0.0000 0.0179 0.0081 0.0000 0.0000 0.1550 0.0204
459      459   (0)     17  : 0.9136 0.0000 0.0011 0.0657 0.0000 0.0000 0.0021 0.0000 0.0001 0.0000 0.0000 0.0112 0.0000 0.0000 0.0000 0.0030 0.0033
460      460   (0)     17  : 0.0036 0.0000 0.0000 0.0673 0.0000 0.0000 0.1420 0.0000 0.3204 0.0000 0.0000 0.3847 0.0015 0.0000 0.0000 0.0000 0.0805
461      461   (0)     17  : 0.5074 0.0000 0.0000 0.0697 0.0000 0.0000 0.1132 0.0000 0.0063 0.0000 0.0000 0.2155 0.0381 0.0004 0.0050 0.0008 0.0436
462      462   (0)     17  : 0.1845 0.0112 0.0000 0.0193 0.0178 0.0000 0.0000 0.0000 0.0000 0.0000 0.0000 0.0219 0.0000 0.1528 0.0461 0.0783 0.4681
463      463   (0)     17  : 0.0193 0.0363 0.0000 0.0247 0.0923 0.0313 0.1295 0.0015 0.0000 0.5937 0.0090 0.0462 0.0000 0.0094 0.0000 0.0000 0.0068
464      464   (0)     17  : 0.6590 0.0002 0.0046 0.0486 0.0026 0.0003 0.0330 0.0000 0.0013 0.0024 0.0000 0.0763 0.0335 0.0036 0.0694 0.0535 0.0116
465      465   (0)     17  : 0.4305 0.0001 0.0006 0.0765 0.1032 0.0000 0.0018 0.0000 0.0000 0.0000 0.0000 0.0021 0.0000 0.0004 0.0208 0.0082 0.3558
466      466   (0)     17  : 0.5602 0.0000 0.0053 0.0312 0.0146 0.0000 0.0000 0.0000 0.1923 0.0000 0.0000 0.0089 0.0471 0.0039 0.0066 0.0335 0.0965
467      467   (0)     17  : 0.2748 0.0000 0.0218 0.0297 0.0052 0.0000 0.2370 0.0042 0.1625 0.0021 0.0000 0.0006 0.0071 0.0001 0.0152 0.1209 0.1188
468      468   (0)     17  : 0.0948 0.0000 0.0013 0.0312 0.0000 0.0000 0.0023 0.0000 0.6344 0.0000 0.0000 0.1472 0.0440 0.0048 0.0003 0.0000 0.0399
469      469   (0)     17  : 0.3327 0.0000 0.0747 0.0317 0.0003 0.0016 0.2993 0.0000 0.0111 0.0135 0.0000 0.0037 0.0000 0.0000 0.0983 0.0014 0.1316
470      470   (0)     17  : 0.6271 0.0000 0.0000 0.0743 0.0000 0.0046 0.0000 0.0000 0.0000 0.0000 0.0000 0.0301 0.0367 0.1203 0.0000 0.0924 0.0145
471      471   (0)     17  : 0.3876 0.0000 0.0000 0.0529 0.0003 0.0000 0.2892 0.0042 0.0754 0.0000 0.0000 0.1550 0.0145 0.0060 0.0000 0.0000 0.0149
472      472   (0)     17  : 0.0821 0.0000 0.0000 0.0384 0.0000 0.0000 0.0000 0.0000 0.3888 0.0000 0.0000 0.0901 0.0003 0.0101 0.0214 0.3197 0.0490
473      473   (0)     17  : 0.1803 0.0000 0.0000 0.0346 0.0000 0.0000 0.0000 0.0003 0.3692 0.0000 0.0000 0.1124 0.0198 0.0283 0.0460 0.1791 0.0300
474      474   (0)     17  : 0.0588 0.0000 0.0000 0.0926 0.0013 0.0000 0.6419 0.0000 0.0074 0.0000 0.0000 0.1250 0.0321 0.0000 0.0025 0.0118 0.0266
475      475   (0)     17  : 0.4256 0.0000 0.0000 0.0447 0.0004 0.0000 0.0524 0.0000 0.1227 0.0000 0.0000 0.1163 0.0030 0.0053 0.0000 0.0771 0.1525
476      476   (0)     17  : 0.1881 0.0000 0.0000 0.0321 0.0030 0.0015 0.5550 0.0000 0.0000 0.0000 0.0000 0.0577 0.0097 0.0611 0.0123 0.0068 0.0727
477      477   (0)     17  : 0.7352 0.0000 0.0000 0.0843 0.0000 0.0000 0.0000 0.0000 0.0019 0.0000 0.0000 0.0655 0.0000 0.0000 0.0097 0.0462 0.0572
478      478   (0)     17  : 0.0294 0.0000 0.0001 0.0356 0.0000 0.0000 0.6589 0.0000 0.0147 0.0000 0.0000 0.1879 0.0000 0.0272 0.0000 0.0132 0.0330
479      479   (0)     17  : 0.5680 0.0000 0.0000 0.0455 0.0000 0.0000 0.0056 0.0000 0.0348 0.0286 0.0000 0.0174 0.0000 0.0556 0.0000 0.2369 0.0076
480      480   (0)     17  : 0.1252 0.0000 0.0000 0.0180 0.0000 0.0000 0.0003 0.0000 0.2899 0.0119 0.0000 0.0797 0.0623 0.0068 0.2122 0.1035 0.0901
481      481   (0)     18  : 0.0000 0.0000 0.0000 0.0069 0.0206 0.0000 0.0000 0.0000 0.0000 0.0000 0.0000 0.0407 0.0000 0.0000 0.0341 0.0483 0.8493
482      482   (0)     18  : 0.0000 0.0000 0.0000 0.0000 1.0000 0.0000 0.0000 0.0000 0.0000 0.0000 0.0000 0.0000 0.0000 0.0000 0.0000 0.0000 0.0000
483      483   (0)     18  : 0.0000 0.0000 0.0000 0.0000 1.0000 0.0000 0.0000 0.0000 0.0000 0.0000 0.0000 0.0000 0.0000 0.0000 0.0000 0.0000 0.0000
484      484   (0)     18  : 0.0000 0.0000 0.0000 0.0000 1.0000 0.0000 0.0000 0.0000 0.0000 0.0000 0.0000 0.0000 0.0000 0.0000 0.0000 0.0000 0.0000
485      485   (0)     18  : 0.0339 0.0000 0.0000 0.0037 0.7931 0.0000 0.0000 0.0000 0.0000 0.1693 0.0000 0.0000 0.0000 0.0000 0.0000 0.0000 0.0000
486      486   (0)     18  : 0.0000 0.0000 0.0000 0.0000 0.9514 0.0000 0.0000 0.0000 0.0000 0.0000 0.0000 0.0000 0.0000 0.0000 0.0000 0.0000 0.0486
487      487   (0)     18  : 0.0000 0.0000 0.0000 0.0000 1.0000 0.0000 0.0000 0.0000 0.0000 0.0000 0.0000 0.0000 0.0000 0.0000 0.0000 0.0000 0.0000
488      488   (0)     18  : 0.3047 0.0000 0.0000 0.0244 0.0142 0.0000 0.0000 0.0000 0.0000 0.0000 0.0000 0.2176 0.0000 0.0000 0.0000 0.0486 0.3904
489      489   (0)     18  : 0.0000 0.0000 0.0000 0.0249 0.0009 0.0000 0.0000 0.0000 0.0000 0.0000 0.0000 0.0431 0.0000 0.0000 0.0344 0.0606 0.8360
490      490   (0)     18  : 0.0000 0.0000 0.0000 0.0000 1.0000 0.0000 0.0000 0.0000 0.0000 0.0000 0.0000 0.0000 0.0000 0.0000 0.0000 0.0000 0.0000
491      491   (0)     18  : 0.0273 0.0000 0.0055 0.0111 0.9072 0.0000 0.0000 0.0000 0.0000 0.0000 0.0000 0.0192 0.0012 0.0030 0.0000 0.0181 0.0075
492      492   (0)     18  : 0.2823 0.0000 0.0010 0.0502 0.0565 0.0000 0.0000 0.0000 0.0000 0.4840 0.0000 0.0081 0.0000 0.0000 0.0000 0.1057 0.0121
493      493   (0)     18  : 0.0063 0.0000 0.0000 0.0470 0.0038 0.0000 0.3981 0.0000 0.0000 0.0000 0.0000 0.0359 0.0000 0.0000 0.0066 0.0436 0.4588
494      494   (0)     18  : 0.0000 0.0000 0.0000 0.0070 0.9448 0.0000 0.0000 0.0000 0.0000 0.0000 0.0000 0.0000 0.0000 0.0000 0.0091 0.0096 0.0296
495      495   (0)     18  : 0.0000 0.0000 0.0000 0.0000 1.0000 0.0000 0.0000 0.0000 0.0000 0.0000 0.0000 0.0000 0.0000 0.0000 0.0000 0.0000 0.0000
496      496   (0)     18  : 0.0150 0.0000 0.0000 0.0000 0.5640 0.0000 0.0000 0.0000 0.0000 0.4024 0.0000 0.0000 0.0000 0.0000 0.0000 0.0186 0.0000
497      497   (0)     18  : 0.0128 0.0000 0.0000 0.0589 0.0000 0.0000 0.0519 0.0000 0.0000 0.0000 0.0000 0.2617 0.0000 0.0000 0.0293 0.0709 0.5144
498      498   (0)     18  : 0.0819 0.0000 0.0000 0.0222 0.8282 0.0000 0.0000 0.0000 0.0000 0.0486 0.0000 0.0000 0.0000 0.0000 0.0000 0.0191 0.0000
499      499   (0)     18  : 0.0347 0.0000 0.0000 0.0649 0.4707 0.0000 0.1659 0.0000 0.0000 0.2377 0.0000 0.0000 0.0000 0.0000 0.0000 0.0249 0.0011
500      500   (0)     18  : 0.0000 0.0000 0.0000 0.0000 0.0055 0.0000 0.0000 0.0000 0.0000 0.0000 0.0000 0.0672 0.0000 0.0000 0.0695 0.0056 0.8522
501      501   (0)     18  : 0.1567 0.0000 0.0000 0.0838 0.0062 0.0000 0.0000 0.0000 0.0000 0.0000 0.0000 0.0519 0.0000 0.0000 0.0000 0.2694 0.4320
502      502   (0)     18  : 0.0683 0.0000 0.0000 0.0231 0.3605 0.0000 0.1479 0.0000 0.0000 0.3240 0.0001 0.0000 0.0000 0.0084 0.0000 0.0677 0.0000
503      503   (0)     18  : 0.0000 0.0000 0.0000 0.0000 1.0000 0.0000 0.0000 0.0000 0.0000 0.0000 0.0000 0.0000 0.0000 0.0000 0.0000 0.0000 0.0000
504      504   (0)     18  : 0.0853 0.0000 0.0000 0.0010 0.3982 0.0000 0.0000 0.0000 0.0000 0.4531 0.0000 0.0235 0.0000 0.0000 0.0000 0.0000 0.0389
505      505   (0)     18  : 0.0421 0.0000 0.0660 0.0041 0.3437 0.0011 0.0000 0.0000 0.0000 0.5377 0.0000 0.0036 0.0000 0.0000 0.0000 0.0000 0.0019
506      506   (0)     18  : 0.0000 0.0000 0.0000 0.0337 0.0000 0.0000 0.0706 0.0000 0.0000 0.0000 0.0000 0.3940 0.0000 0.0000 0.0000 0.0102 0.4915
507      507   (0)     18  : 0.0862 0.0000 0.0000 0.0647 0.6216 0.0000 0.0000 0.0000 0.0000 0.0874 0.0000 0.0114 0.0000 0.0000 0.0000 0.1123 0.0166
508      508   (0)     18  : 0.0127 0.0000 0.0000 0.0808 0.0002 0.0000 0.0601 0.0000 0.0000 0.0000 0.0000 0.2874 0.0000 0.0000 0.0000 0.1642 0.3946
509      509   (0)     18  : 0.0008 0.0000 0.0000 0.0000 0.2359 0.0000 0.0000 0.0000 0.0000 0.7633 0.0000 0.0001 0.0000 0.0000 0.0000 0.0000 0.0000
510      510   (0)     19  : 0.5574 0.0000 0.0000 0.1096 0.0003 0.0000 0.1981 0.0000 0.0000 0.0000 0.0000 0.0120 0.0000 0.0000 0.0000 0.0078 0.1147
511      511   (0)     19  : 0.1690 0.0000 0.0000 0.1138 0.0004 0.0000 0.4025 0.0000 0.0000 0.0000 0.0000 0.1260 0.0000 0.0000 0.0000 0.0167 0.1717
512      512   (0)     19  : 0.4404 0.0000 0.0000 0.0309 0.0000 0.0000 0.4354 0.0000 0.0000 0.0000 0.0000 0.0685 0.0000 0.0000 0.0000 0.0137 0.0111
513      513   (0)     19  : 0.0059 0.0000 0.0000 0.0201 0.0000 0.0000 0.8405 0.0000 0.0000 0.0000 0.0000 0.1122 0.0000 0.0000 0.0000 0.0000 0.0213
514      514   (0)     19  : 0.4415 0.0000 0.0386 0.0553 0.0000 0.0000 0.0000 0.0000 0.1873 0.0000 0.0000 0.2114 0.0000 0.0000 0.0000 0.0000 0.0659
515      515   (0)     19  : 0.3301 0.0000 0.0139 0.0948 0.0000 0.0000 0.4480 0.0000 0.0000 0.0000 0.0000 0.0584 0.0000 0.0000 0.0000 0.0016 0.0532
516      516   (0)     19  : 0.2004 0.0000 0.0000 0.0090 0.0000 0.0000 0.7818 0.0000 0.0000 0.0000 0.0000 0.0074 0.0000 0.0000 0.0000 0.0014 0.0000
517      517   (0)     19  : 0.8187 0.0000 0.0000 0.1392 0.0000 0.0000 0.0000 0.0000 0.0000 0.0000 0.0000 0.0184 0.0018 0.0000 0.0182 0.0036 0.0000
518      518   (0)     19  : 0.4086 0.0000 0.0000 0.0297 0.0000 0.0000 0.4431 0.0000 0.0414 0.0000 0.0000 0.0491 0.0000 0.0000 0.0007 0.0000 0.0274
519      519   (0)     19  : 0.0010 0.0000 0.0000 0.0000 0.0000 0.0000 0.0000 0.0000 0.0084 0.0000 0.0000 0.0000 0.0000 0.0000 0.9905 0.0000 0.0000
520      520   (0)     19  : 0.6104 0.0000 0.0000 0.0916 0.0000 0.0000 0.0993 0.0000 0.0000 0.0000 0.0000 0.0166 0.0000 0.0000 0.0009 0.1346 0.0466
521      521   (0)     19  : 0.0000 0.0000 0.0000 0.1698 0.0000 0.0000 0.7223 0.0000 0.0000 0.0000 0.0000 0.0122 0.0000 0.0000 0.0273 0.0465 0.0220
522      522   (0)     19  : 0.1477 0.0000 0.0000 0.0396 0.0000 0.0000 0.6016 0.0000 0.0000 0.0000 0.0000 0.1742 0.0000 0.0000 0.0000 0.0000 0.0369
523      523   (0)     19  : 0.0000 0.0000 0.0007 0.0740 0.0000 0.0000 0.1967 0.0000 0.0076 0.0000 0.0000 0.5484 0.0000 0.0000 0.0000 0.0000 0.1726
524      524   (0)     19  : 0.6233 0.0000 0.0000 0.0571 0.0000 0.0000 0.2452 0.0000 0.0000 0.0000 0.0000 0.0601 0.0008 0.0000 0.0005 0.0023 0.0107
525      525   (0)     19  : 0.5355 0.0000 0.0000 0.0602 0.0000 0.0002 0.2431 0.0073 0.0000 0.0169 0.0000 0.1119 0.0000 0.0039 0.0022 0.0000 0.0187
526      526   (0)     19  : 0.6971 0.0000 0.0000 0.0694 0.0000 0.0000 0.0318 0.0022 0.0073 0.0000 0.0000 0.0950 0.0000 0.0023 0.0038 0.0805 0.0107
527      527   (0)     19  : 0.2202 0.0000 0.0121 0.1463 0.0000 0.0000 0.0674 0.0000 0.0309 0.0000 0.0000 0.2831 0.0000 0.0000 0.0000 0.0579 0.1820
528      528   (0)     19  : 0.5913 0.0000 0.0000 0.1382 0.0006 0.0000 0.0491 0.0000 0.0095 0.0000 0.0000 0.0508 0.0000 0.0010 0.0009 0.0735 0.0852
529      529   (0)     19  : 0.7427 0.0000 0.0000 0.0652 0.0000 0.0000 0.0000 0.0000 0.0396 0.0000 0.0000 0.0568 0.0000 0.0000 0.0014 0.0824 0.0121
530      530   (0)     19  : 0.3500 0.0000 0.0037 0.0644 0.0000 0.0000 0.2461 0.0000 0.0102 0.0000 0.0000 0.2744 0.0004 0.0000 0.0000 0.0000 0.0510
531      531   (0)     19  : 0.3073 0.0000 0.0000 0.0580 0.0000 0.0000 0.2285 0.0000 0.0863 0.0000 0.0000 0.2297 0.0189 0.0073 0.0000 0.0288 0.0352
532      532   (0)     19  : 0.3141 0.0090 0.0000 0.0442 0.0000 0.0030 0.4203 0.0002 0.0000 0.0000 0.0017 0.1546 0.0075 0.0235 0.0000 0.0000 0.0219
533      533   (0)     19  : 0.2779 0.0000 0.0000 0.0263 0.0047 0.0000 0.0000 0.0000 0.0000 0.6423 0.0057 0.0114 0.0043 0.0275 0.0000 0.0000 0.0000
534      534   (0)     19  : 0.4038 0.0000 0.0000 0.0541 0.0000 0.0000 0.0067 0.0000 0.0000 0.0000 0.0000 0.1758 0.0000 0.0000 0.0000 0.2886 0.0711
535      535   (0)     19  : 0.2108 0.0000 0.0000 0.0355 0.0000 0.0000 0.5506 0.0000 0.0000 0.0000 0.0000 0.0925 0.0017 0.0000 0.0000 0.0949 0.0140
536      536   (0)     19  : 0.1788 0.0079 0.0000 0.0350 0.0088 0.0000 0.5432 0.0000 0.0000 0.0000 0.0004 0.1486 0.0000 0.0000 0.0417 0.0102 0.0255
537      537   (0)     19  : 0.2925 0.0000 0.0227 0.0728 0.0000 0.0000 0.3396 0.0000 0.0000 0.0000 0.0000 0.0139 0.0333 0.0044 0.0720 0.0976 0.0512
538      538   (0)     19  : 0.1166 0.0000 0.0000 0.0531 0.4001 0.0000 0.0103 0.0000 0.0000 0.4084 0.0000 0.0004 0.0000 0.0000 0.0088 0.0022 0.0000
539      539   (0)     19  : 0.0114 0.0000 0.0000 0.0248 0.0215 0.0000 0.8169 0.0000 0.0000 0.0000 0.0000 0.1121 0.0007 0.0000 0.0000 0.0000 0.0126
