1        1   (0)      1  : 0.8372 0.0343 0.0971 0.0081 0.0234 0.0000
2        2   (0)      1  : 0.6383 0.0000 0.1283 0.2334 0.0000 0.0000
3        3   (0)      1  : 0.1780 0.1241 0.0152 0.1202 0.5368 0.0257
4        4   (0)      1  : 0.8021 0.0000 0.1603 0.0377 0.0000 0.0000
5        5   (0)      1  : 0.4047 0.0127 0.2791 0.2825 0.0209 0.0000
6        6   (0)      1  : 0.7885 0.0527 0.0000 0.0556 0.1032 0.0000
7        7   (0)      1  : 0.0000 0.1183 0.0489 0.1852 0.6476 0.0000
8        8   (0)      2  : 0.6562 0.0420 0.2476 0.0520 0.0000 0.0022
9        9   (0)      1  : 0.6865 0.0294 0.1947 0.0694 0.0201 0.0000
10       10   (0)      3  : 0.4319 0.0000 0.0000 0.5681 0.0000 0.0000
11       11   (0)      4  : 0.0000 0.0363 0.1650 0.7739 0.0000 0.0247
12       12   (0)      4  : 0.5023 0.0000 0.0440 0.4537 0.0000 0.0000
13       13   (0)      4  : 0.4448 0.0000 0.0328 0.4816 0.0408 0.0000
14       14   (0)      4  : 0.0000 0.0000 0.1860 0.8131 0.0009 0.0000
15       15   (0)      4  : 0.1639 0.0080 0.0905 0.7375 0.0000 0.0000
16       16   (0)      4  : 0.5683 0.0000 0.0000 0.0000 0.4317 0.0000
17       17   (0)      5  : 0.6371 0.0000 0.0471 0.3158 0.0000 0.0000
18       18   (0)      4  : 0.4857 0.0000 0.0000 0.5143 0.0000 0.0000
19       19   (0)      5  : 0.3502 0.0000 0.0713 0.5785 0.0000 0.0000
20       20   (0)      5  : 0.1919 0.0000 0.0000 0.8081 0.0000 0.0000
21       21   (0)      5  : 0.2751 0.0000 0.0000 0.7249 0.0000 0.0000
22       22   (0)      5  : 0.1423 0.0000 0.0000 0.8577 0.0000 0.0000
23       23   (0)      5  : 0.5827 0.0000 0.0000 0.4173 0.0000 0.0000
24       24   (0)      5  : 0.2927 0.0000 0.0000 0.7073 0.0000 0.0000
25       25   (0)      5  : 0.3726 0.0000 0.0000 0.6090 0.0184 0.0000
26       26   (0)      5  : 0.3211 0.0000 0.0000 0.6594 0.0138 0.0057
27       27   (0)      5  : 0.0737 0.0000 0.0887 0.8336 0.0005 0.0035
28       28   (0)      5  : 0.4389 0.0000 0.0000 0.5611 0.0000 0.0000
29       29   (0)      5  : 0.0000 0.0000 0.0000 1.0000 0.0000 0.0000
30       30   (0)      5  : 0.4994 0.0000 0.0000 0.5006 0.0000 0.0000
31       31   (0)      5  : 0.4770 0.0000 0.0239 0.4991 0.0000 0.0000
32       32   (0)      5  : 0.2141 0.0000 0.0000 0.7859 0.0000 0.0000
33       33   (0)      5  : 0.7781 0.0000 0.0021 0.2199 0.0000 0.0000
34       34   (0)      5  : 0.5968 0.0000 0.0000 0.4032 0.0000 0.0000
35       35   (0)      5  : 0.5964 0.0000 0.0000 0.4036 0.0000 0.0000
36       36   (0)      5  : 0.0554 0.0000 0.0125 0.9322 0.0000 0.0000
37       37   (0)      5  : 0.2533 0.0000 0.0000 0.7467 0.0000 0.0000
38       38   (0)      5  : 0.2385 0.0000 0.0000 0.7615 0.0000 0.0000
39       39   (0)      5  : 0.1423 0.0000 0.0007 0.8570 0.0000 0.0000
40       40   (0)      5  : 0.2989 0.0000 0.0000 0.7011 0.0000 0.0000
41       41   (0)      5  : 0.4134 0.0000 0.0000 0.5866 0.0000 0.0000
42       42   (0)      5  : 0.4250 0.0000 0.0000 0.5750 0.0000 0.0000
43       43   (0)      5  : 0.2970 0.0000 0.0000 0.0000 0.5556 0.1474
44       44   (0)      5  : 0.4277 0.0000 0.0000 0.5723 0.0000 0.0000
45       45   (0)      4  : 0.0000 0.0000 0.0526 0.9474 0.0000 0.0000
46       46   (0)      4  : 0.4862 0.0112 0.0139 0.4452 0.0435 0.0000
47       47   (0)      4  : 0.6588 0.0000 0.0000 0.3412 0.0000 0.0000
48       48   (0)      4  : 0.4298 0.0000 0.0362 0.5341 0.0000 0.0000
49       49   (0)      5  : 0.4537 0.0000 0.0435 0.4883 0.0145 0.0000
50       50   (0)      4  : 0.5789 0.0000 0.0015 0.4195 0.0000 0.0000
51       51   (0)      4  : 0.5564 0.0000 0.0427 0.0198 0.3724 0.0087
52       52   (0)      4  : 0.3212 0.0451 0.0264 0.5821 0.0252 0.0000
53       53   (0)      4  : 0.3571 0.0000 0.0329 0.0394 0.5373 0.0334
54       54   (0)      4  : 0.1791 0.0000 0.0582 0.7627 0.0000 0.0000
55       55   (0)      4  : 0.4530 0.0000 0.0000 0.0000 0.4862 0.0607
56       56   (0)      4  : 0.3812 0.0000 0.0812 0.1124 0.4251 0.0000
57       57   (0)      4  : 0.0101 0.0000 0.0472 0.9427 0.0000 0.0000
58       58   (0)      5  : 0.3761 0.0042 0.0000 0.5767 0.0430 0.0000
59       59   (0)      4  : 0.6006 0.0173 0.0000 0.0000 0.3402 0.0419
60       60   (0)      4  : 0.3263 0.0452 0.0000 0.1262 0.4485 0.0539
61       61   (0)      4  : 0.5351 0.0000 0.0223 0.4426 0.0000 0.0000
62       62   (0)      5  : 0.5045 0.0000 0.0277 0.4678 0.0000 0.0000
63       63   (0)      6  : 0.4056 0.0123 0.0000 0.2326 0.2446 0.1049
64       64   (0)      6  : 0.3754 0.0602 0.0000 0.0000 0.5466 0.0178
65       65   (0)      6  : 0.4119 0.0000 0.3857 0.2024 0.0000 0.0000
66       66   (0)      6  : 0.5847 0.0000 0.0133 0.4020 0.0000 0.0000
67       67   (0)      6  : 0.0000 0.0000 0.2124 0.7551 0.0325 0.0000
68       68   (0)      6  : 0.7402 0.0000 0.2598 0.0000 0.0000 0.0000
69       69   (0)      6  : 0.7939 0.0143 0.1026 0.0892 0.0000 0.0000
70       70   (0)      6  : 0.7309 0.0465 0.0318 0.1453 0.0455 0.0000
71       71   (0)      6  : 0.7768 0.0000 0.0573 0.1659 0.0000 0.0000
72       72   (0)      6  : 0.7204 0.0000 0.0406 0.2390 0.0000 0.0000
73       73   (0)      7  : 0.3503 0.0000 0.0188 0.6081 0.0000 0.0229
74       74   (0)      7  : 0.4958 0.0000 0.1178 0.3750 0.0000 0.0114
75       75   (0)      7  : 0.4135 0.0000 0.1074 0.4754 0.0037 0.0000
76       76   (0)      7  : 0.3253 0.0178 0.0668 0.5591 0.0309 0.0000
77       77   (0)      7  : 0.0586 0.0000 0.0034 0.9381 0.0000 0.0000
78       78   (0)      7  : 0.2565 0.0301 0.0900 0.6234 0.0000 0.0000
79       79   (0)      7  : 0.2753 0.0000 0.0321 0.6515 0.0000 0.0410
80       80   (0)      7  : 0.6393 0.0005 0.0791 0.2811 0.0000 0.0000
81       81   (0)      7  : 0.3241 0.0000 0.0310 0.6449 0.0000 0.0000
82       82   (0)      7  : 0.0000 0.0000 0.0000 1.0000 0.0000 0.0000
83       83   (0)      7  : 0.5516 0.0127 0.0158 0.3238 0.0961 0.0000
84       84   (0)      7  : 0.4426 0.0094 0.0000 0.0000 0.4872 0.0609
85       85   (0)      7  : 0.2700 0.0000 0.1038 0.6262 0.0000 0.0000
86       86   (0)      7  : 0.0692 0.0000 0.0689 0.8619 0.0000 0.0000
87       87   (0)      7  : 0.5316 0.0000 0.0000 0.0000 0.4245 0.0439
88       88   (0)      7  : 0.7094 0.0000 0.0000 0.2906 0.0000 0.0000
89       89   (0)      7  : 0.4042 0.0569 0.0000 0.0001 0.4764 0.0624
90       90   (0)      7  : 0.1795 0.0000 0.0126 0.8061 0.0018 0.0000
91       91   (0)      7  : 0.6552 0.0000 0.0212 0.3009 0.0000 0.0228
92       92   (0)      7  : 0.3115 0.0000 0.0663 0.6222 0.0000 0.0000
93       93   (0)      7  : 0.0026 0.0000 0.0858 0.8693 0.0422 0.0000
94       94   (0)      7  : 0.5395 0.0000 0.0190 0.4415 0.0000 0.0000
95       95   (0)      7  : 0.0000 0.0173 0.0564 0.9263 0.0000 0.0000
96       96   (0)      7  : 0.2531 0.0134 0.0000 0.6680 0.0656 0.0000
97       97   (0)      7  : 0.0000 0.0000 0.0000 0.9959 0.0000 0.0041
98       98   (0)      7  : 0.0000 0.0145 0.0000 0.9855 0.0000 0.0000
99       99   (0)      7  : 0.0000 0.0000 0.0000 0.9854 0.0146 0.0000
100      100   (0)      7  : 0.3147 0.0115 0.0714 0.0665 0.5068 0.0290
101      101   (0)      6  : 0.6412 0.0000 0.1837 0.1751 0.0000 0.0000
102      102   (0)      6  : 0.4864 0.0000 0.2812 0.2324 0.0000 0.0000
103      103   (0)      6  : 0.8634 0.0178 0.0792 0.0395 0.0000 0.0000
104      104   (0)      6  : 0.7285 0.0000 0.1740 0.0975 0.0000 0.0000
105      105   (0)      6  : 0.8524 0.0000 0.0776 0.0700 0.0000 0.0000
106      106   (0)      6  : 0.4911 0.0000 0.2041 0.3048 0.0000 0.0000
107      107   (0)      6  : 0.7186 0.0004 0.1924 0.0850 0.0037 0.0000
108      108   (0)      6  : 0.7531 0.0073 0.1092 0.1120 0.0185 0.0000
109      109   (0)      6  : 0.4148 0.0046 0.0172 0.0000 0.5224 0.0409
110      110   (0)      7  : 0.6329 0.0000 0.0166 0.3456 0.0050 0.0000
111      111   (0)      7  : 0.0017 0.1078 0.0601 0.7395 0.0910 0.0000
112      112   (0)      6  : 0.4626 0.0452 0.2332 0.2349 0.0242 0.0000
113      113   (0)      6  : 0.4250 0.0382 0.4555 0.0579 0.0234 0.0000
114      114   (0)      6  : 0.2142 0.0193 0.1083 0.0000 0.5495 0.1087
115      115   (0)      6  : 0.3375 0.0262 0.2506 0.3857 0.0000 0.0000
116      116   (0)      6  : 0.0113 0.1225 0.1003 0.2537 0.4691 0.0432
117      117   (0)      6  : 0.4630 0.0539 0.1474 0.3132 0.0225 0.0000
118      118   (0)      6  : 0.6474 0.0000 0.2786 0.0739 0.0000 0.0000
119      119   (0)      6  : 0.6959 0.0000 0.2500 0.0541 0.0000 0.0000
120      120   (0)      6  : 0.4710 0.0168 0.2421 0.2702 0.0000 0.0000
121      121   (0)      6  : 0.5201 0.0359 0.3103 0.1336 0.0000 0.0000
122      122   (0)      6  : 0.1595 0.0377 0.1679 0.0000 0.5837 0.0513
123      123   (0)      8  : 0.4969 0.0000 0.0135 0.4124 0.0772 0.0000
124      124   (0)      8  : 0.7008 0.0000 0.0000 0.2769 0.0223 0.0000
125      125   (0)      8  : 0.6832 0.0000 0.0000 0.2470 0.0698 0.0000
126      126   (0)      8  : 0.4538 0.0002 0.0215 0.5245 0.0000 0.0000
127      127   (0)      8  : 0.3076 0.0000 0.0000 0.6529 0.0000 0.0395
128      128   (0)      8  : 0.4357 0.0000 0.0000 0.5643 0.0000 0.0000
129      129   (0)      8  : 0.6393 0.0000 0.0000 0.3459 0.0149 0.0000
130      130   (0)      8  : 0.6278 0.0000 0.0264 0.2728 0.0731 0.0000
131      131   (0)      8  : 0.3378 0.0079 0.0734 0.5809 0.0000 0.0000
132      132   (0)      8  : 0.5861 0.0000 0.0000 0.4139 0.0000 0.0000
133      133   (0)      8  : 0.7050 0.0000 0.0000 0.2841 0.0109 0.0000
134      134   (0)      8  : 0.3777 0.0000 0.0000 0.5959 0.0088 0.0175
135      135   (0)      8  : 0.0000 0.0000 0.0279 0.9172 0.0000 0.0549
136      136   (0)      8  : 0.9431 0.0000 0.0000 0.0569 0.0000 0.0000
137      137   (0)      8  : 0.3524 0.0000 0.0567 0.5425 0.0484 0.0000
138      138   (0)      8  : 0.5831 0.0000 0.0000 0.4169 0.0000 0.0000
139      139   (0)      8  : 0.6160 0.0000 0.0000 0.3685 0.0154 0.0000
140      140   (0)      8  : 0.5748 0.0000 0.0146 0.4107 0.0000 0.0000
141      141   (0)      8  : 0.6745 0.0000 0.0041 0.3214 0.0000 0.0000
142      142   (0)      8  : 0.4249 0.0000 0.0000 0.5751 0.0000 0.0000
143      143   (0)      8  : 0.6707 0.0000 0.0054 0.3239 0.0000 0.0000
144      144   (0)      8  : 0.0833 0.0000 0.1717 0.6946 0.0505 0.0000
145      145   (0)      8  : 0.5178 0.0000 0.0367 0.4260 0.0000 0.0195
146      146   (0)      3  : 0.5270 0.0000 0.0000 0.4730 0.0000 0.0000
147      147   (0)      3  : 0.5502 0.0000 0.0000 0.0144 0.4354 0.0000
148      148   (0)      3  : 1.0000 0.0000 0.0000 0.0000 0.0000 0.0000
149      149   (0)      3  : 0.5079 0.0000 0.0000 0.4811 0.0110 0.0000
150      150   (0)      3  : 0.6565 0.0000 0.0119 0.3311 0.0005 0.0000
151      151   (0)      3  : 0.6137 0.0000 0.0295 0.3514 0.0055 0.0000
152      152   (0)      3  : 0.4518 0.0000 0.0071 0.5411 0.0000 0.0000
153      153   (0)      3  : 0.4609 0.0000 0.0000 0.5391 0.0000 0.0000
154      154   (0)      3  : 0.4097 0.0000 0.0000 0.5903 0.0000 0.0000
155      155   (0)      3  : 0.3315 0.0000 0.0000 0.6685 0.0000 0.0000
156      156   (0)      3  : 0.1040 0.0000 0.0000 0.8355 0.0416 0.0189
157      157   (0)      3  : 0.3284 0.0000 0.0000 0.5637 0.1079 0.0000
158      158   (0)      3  : 0.5177 0.0000 0.0000 0.4823 0.0000 0.0000
159      159   (0)      3  : 0.4490 0.0000 0.0000 0.5510 0.0000 0.0000
160      160   (0)      3  : 0.4090 0.0000 0.0000 0.0207 0.5279 0.0423
161      161   (0)      3  : 0.5844 0.0000 0.0920 0.3235 0.0000 0.0000
162      162   (0)      3  : 0.7340 0.0000 0.0000 0.2660 0.0000 0.0000
163      163   (0)      3  : 0.5298 0.0000 0.0000 0.4702 0.0000 0.0000
164      164   (0)      3  : 0.5001 0.0000 0.0000 0.4999 0.0000 0.0000
165      165   (0)      3  : 0.3766 0.0000 0.0000 0.6234 0.0000 0.0000
166      166   (0)      3  : 0.6495 0.0000 0.0000 0.3321 0.0184 0.0000
167      167   (0)      3  : 0.3622 0.0000 0.0000 0.6378 0.0000 0.0000
168      168   (0)      3  : 0.7635 0.0018 0.0000 0.2347 0.0000 0.0000
169      169   (0)      3  : 0.3530 0.0000 0.0001 0.6470 0.0000 0.0000
170      170   (0)      3  : 0.3571 0.0000 0.0113 0.6316 0.0000 0.0000
171      171   (0)      3  : 0.6164 0.0000 0.0000 0.3665 0.0171 0.0000
172      172   (0)      3  : 0.4111 0.0000 0.0000 0.5889 0.0000 0.0000
173      173   (0)      3  : 0.4828 0.0000 0.0000 0.5172 0.0000 0.0000
174      174   (0)      3  : 0.5727 0.0000 0.0000 0.4273 0.0000 0.0000
175      175   (0)      8  : 0.5228 0.0000 0.0000 0.4772 0.0000 0.0000
176      176   (0)      8  : 0.0000 0.0591 0.1306 0.7761 0.0342 0.0000
177      177   (0)      8  : 0.7049 0.0000 0.0000 0.2951 0.0000 0.0000
178      178   (0)      8  : 0.4985 0.0000 0.0901 0.4114 0.0000 0.0000
179      179   (0)      8  : 0.6898 0.0000 0.0000 0.3102 0.0000 0.0000
180      180   (0)      8  : 0.5425 0.0000 0.0000 0.4149 0.0426 0.0000
181      181   (0)      8  : 0.5171 0.0000 0.0000 0.4650 0.0000 0.0179
182      182   (0)      1  : 0.8398 0.0000 0.0742 0.0860 0.0000 0.0000
183      183   (0)      1  : 0.8820 0.0000 0.1180 0.0000 0.0000 0.0000
184      184   (0)      1  : 0.7870 0.0000 0.1742 0.0388 0.0000 0.0000
185      185   (0)      1  : 0.8932 0.0023 0.0650 0.0000 0.0229 0.0165
186      186   (0)      1  : 0.8331 0.0000 0.1218 0.0435 0.0000 0.0016
187      187   (0)      1  : 0.5149 0.0329 0.0924 0.3133 0.0465 0.0000
188      188   (0)      1  : 0.8929 0.0000 0.0601 0.0470 0.0000 0.0000
189      189   (0)      1  : 0.9778 0.0000 0.0016 0.0206 0.0000 0.0000
190      190   (0)      2  : 0.9604 0.0000 0.0396 0.0000 0.0000 0.0000
191      191   (0)      2  : 0.5619 0.0000 0.0000 0.4377 0.0000 0.0005
192      192   (0)      2  : 0.7316 0.0000 0.0215 0.2469 0.0000 0.0000
193      193   (0)      2  : 0.5969 0.0000 0.0000 0.3701 0.0000 0.0330
194      194   (0)      2  : 0.8082 0.0000 0.0196 0.1722 0.0000 0.0000
195      195   (0)      2  : 0.8128 0.0000 0.0000 0.1872 0.0000 0.0000
196      196   (0)      2  : 0.7974 0.0000 0.1626 0.0400 0.0000 0.0000
197      197   (0)      2  : 0.6332 0.0000 0.0592 0.3076 0.0000 0.0000
198      198   (0)      1  : 0.8846 0.0000 0.0444 0.0710 0.0000 0.0000
199      199   (0)      1  : 0.7648 0.0000 0.1646 0.0705 0.0000 0.0000
200      200   (0)      1  : 0.7232 0.0000 0.1183 0.1585 0.0000 0.0000
201      201   (0)      1  : 0.6484 0.0208 0.2718 0.0117 0.0473 0.0000
202      202   (0)      1  : 0.8194 0.0023 0.1647 0.0000 0.0136 0.0000
203      203   (0)      1  : 0.6614 0.0320 0.2702 0.0268 0.0096 0.0000
204      204   (0)      2  : 0.5217 0.0000 0.0496 0.1791 0.2462 0.0034
205      205   (0)      2  : 0.8531 0.0000 0.1285 0.0184 0.0000 0.0000
206      206   (0)      2  : 0.3667 0.0000 0.0000 0.0898 0.5435 0.0000
207      207   (0)      2  : 0.7008 0.0000 0.0586 0.2406 0.0000 0.0000
208      208   (0)      2  : 1.0000 0.0000 0.0000 0.0000 0.0000 0.0000
209      209   (0)      2  : 0.7874 0.0000 0.0149 0.1793 0.0183 0.0000
210      210   (0)      2  : 0.8100 0.0000 0.0365 0.1535 0.0000 0.0000
211      211   (0)      1  : 0.9168 0.0000 0.0832 0.0000 0.0000 0.0000
212      212   (0)      1  : 0.4620 0.0000 0.2168 0.3115 0.0097 0.0000
213      213   (0)      1  : 0.7282 0.0000 0.0695 0.1682 0.0000 0.0342
214      214   (0)      1  : 0.7305 0.0194 0.1852 0.0649 0.0000 0.0000
215      215   (0)      1  : 0.9634 0.0000 0.0366 0.0000 0.0000 0.0000
216      216   (0)      1  : 0.7848 0.0000 0.2152 0.0000 0.0000 0.0000
217      217   (0)      1  : 0.6901 0.0000 0.2575 0.0524 0.0000 0.0000
218      218   (0)      1  : 0.7381 0.0098 0.1668 0.0853 0.0000 0.0000
219      219   (0)      2  : 0.9855 0.0000 0.0144 0.0001 0.0000 0.0000
220      220   (0)      2  : 0.6853 0.0000 0.0414 0.2733 0.0000 0.0000
221      221   (0)      2  : 0.7451 0.0132 0.0813 0.1605 0.0000 0.0000
222      222   (0)      2  : 0.6762 0.0000 0.0051 0.3046 0.0000 0.0141
223      223   (0)      2  : 0.7181 0.0085 0.1583 0.1151 0.0000 0.0000
224      224   (0)      2  : 0.9885 0.0000 0.0000 0.0115 0.0000 0.0000
225      225   (0)      2  : 0.8445 0.0000 0.0557 0.0998 0.0000 0.0000
226      226   (0)      2  : 0.7362 0.0000 0.0841 0.1612 0.0000 0.0186
227      227   (0)      2  : 0.9517 0.0000 0.0080 0.0403 0.0000 0.0000
228      228   (0)      2  : 0.9006 0.0145 0.0023 0.0825 0.0000 0.0000
229      229   (0)      2  : 0.9619 0.0000 0.0211 0.0000 0.0000 0.0170
230      230   (0)      2  : 0.5780 0.0000 0.0000 0.0000 0.3630 0.0589
231      231   (0)      2  : 0.5729 0.0000 0.0000 0.4195 0.0000 0.0076
232      232   (0)      2  : 0.8856 0.0000 0.0000 0.1144 0.0000 0.0000
233      233   (0)      9  : 0.0001 0.0000 0.9999 0.0000 0.0000 0.0000
234      234   (0)      9  : 0.0000 0.0947 0.0000 0.0000 0.0471 0.8582
235      235   (0)      9  : 0.0000 0.0000 1.0000 0.0000 0.0000 0.0000
236      236   (0)      9  : 0.0000 0.1397 0.0000 0.0730 0.0580 0.7293
237      237   (0)      9  : 0.0015 0.0000 0.9985 0.0000 0.0000 0.0000
238      238   (0)      9  : 0.0000 0.0000 1.0000 0.0000 0.0000 0.0000
239      239   (0)      9  : 0.0000 0.1099 0.0000 0.0000 0.0000 0.8901
240      240   (0)      9  : 0.0000 0.0255 0.0000 0.0000 0.0000 0.9745
241      241   (0)     10  : 0.0000 0.0000 0.0000 0.0000 0.0000 1.0000
242      242   (0)     10  : 0.0000 0.0000 0.0000 0.0000 0.0000 1.0000
243      243   (0)     10  : 0.0000 0.0000 0.0000 0.0492 0.0000 0.9508
244      244   (0)     11  : 0.0000 0.0595 0.9380 0.0000 0.0025 0.0000
245      245   (0)     11  : 0.0000 0.0771 0.9229 0.0000 0.0000 0.0000
246      246   (0)     11  : 0.0000 0.0000 1.0000 0.0000 0.0000 0.0000
247      247   (0)     11  : 0.0000 0.0000 1.0000 0.0000 0.0000 0.0000
248      248   (0)     11  : 0.0000 0.0000 1.0000 0.0000 0.0000 0.0000
249      249   (0)     11  : 0.0000 0.3344 0.0000 0.0000 0.0045 0.6611
250      250   (0)     11  : 0.0000 0.4770 0.0000 0.0000 0.0267 0.4963
251      251   (0)     10  : 0.0121 0.0000 0.1414 0.0274 0.0000 0.8192
252      252   (0)     10  : 0.0000 0.0000 0.0000 0.0000 0.0304 0.9696
253      253   (0)     10  : 0.0000 0.0000 0.0000 0.0000 0.0000 1.0000
254      254   (0)     10  : 0.0000 0.0000 0.0000 0.0000 0.0000 1.0000
255      255   (0)     10  : 0.1129 0.0716 0.0000 0.0000 0.0000 0.8154
256      256   (0)     10  : 0.0000 0.0789 0.0723 0.0000 0.0490 0.7998
257      257   (0)     10  : 0.0000 0.0007 0.0177 0.0000 0.0316 0.9501
258      258   (0)     10  : 0.0000 0.0000 0.0000 0.0000 0.0000 1.0000
259      259   (0)     10  : 0.0000 0.0000 0.0383 0.0000 0.0199 0.9418
260      260   (0)     10  : 0.0000 0.1471 0.0000 0.0223 0.0000 0.8305
261      261   (0)     10  : 0.0000 0.0110 0.3634 0.0000 0.0000 0.6256
262      262   (0)     10  : 0.0000 0.1189 0.0458 0.1088 0.0190 0.7075
263      263   (0)     10  : 0.0000 0.0000 0.0000 0.0000 0.0224 0.9776
264      264   (0)     10  : 0.0000 0.0000 0.0000 0.0000 0.0000 1.0000
265      265   (0)     10  : 0.0000 0.0050 0.0000 0.0000 0.0000 0.9950
266      266   (0)     10  : 0.0000 0.0000 0.0000 0.0000 0.0057 0.9943
267      267   (0)     10  : 0.0705 0.0000 0.8889 0.0000 0.0000 0.0405
268      268   (0)     10  : 0.0000 0.0417 0.0000 0.0550 0.0000 0.9034
269      269   (0)     10  : 0.0000 0.0000 0.0144 0.0289 0.0000 0.9567
270      270   (0)     10  : 0.0000 0.0000 0.0231 0.0000 0.0000 0.9769
271      271   (0)     10  : 0.0000 0.0000 0.0163 0.0000 0.0000 0.9837
272      272   (0)     10  : 0.0000 0.0000 0.0000 0.0000 0.0000 1.0000
273      273   (0)     12  : 0.0000 0.9685 0.0000 0.0000 0.0000 0.0315
274      274   (0)     12  : 0.0000 0.9393 0.0607 0.0000 0.0000 0.0000
275      275   (0)     12  : 0.0000 0.9972 0.0000 0.0000 0.0000 0.0028
276      276   (0)     12  : 0.0000 1.0000 0.0000 0.0000 0.0000 0.0000
277      277   (0)     12  : 0.0000 0.7628 0.0824 0.0553 0.0000 0.0994
278      278   (0)     12  : 0.0000 0.3060 0.6940 0.0000 0.0000 0.0000
279      279   (0)     12  : 0.0000 0.1504 0.8496 0.0000 0.0000 0.0000
280      280   (0)     12  : 0.0000 1.0000 0.0000 0.0000 0.0000 0.0000
281      281   (0)     12  : 0.0000 0.9477 0.0000 0.0000 0.0144 0.0379
282      282   (0)     12  : 0.0000 0.8348 0.0526 0.0439 0.0000 0.0687
283      283   (0)     12  : 0.0000 0.8780 0.0526 0.0417 0.0000 0.0277
284      284   (0)     12  : 0.0000 0.1308 0.8692 0.0000 0.0000 0.0000
285      285   (0)     12  : 0.0000 0.1030 0.8970 0.0000 0.0000 0.0000
286      286   (0)     12  : 0.0000 0.2605 0.7357 0.0038 0.0000 0.0000
287      287   (0)     12  : 0.0000 0.9539 0.0000 0.0000 0.0000 0.0461
288      288   (0)     12  : 0.0000 1.0000 0.0000 0.0000 0.0000 0.0000
289      289   (0)     12  : 0.0000 1.0000 0.0000 0.0000 0.0000 0.0000
290      290   (0)     12  : 0.0000 0.9996 0.0000 0.0000 0.0002 0.0002
291      291   (0)     12  : 0.0000 0.9613 0.0000 0.0000 0.0000 0.0387
292      292   (0)     12  : 0.0000 0.9180 0.0062 0.0000 0.0000 0.0758
293      293   (0)     12  : 0.0000 1.0000 0.0000 0.0000 0.0000 0.0000
294      294   (0)     12  : 0.0000 0.9732 0.0000 0.0000 0.0268 0.0000
295      295   (0)     12  : 0.0000 0.0480 0.9520 0.0000 0.0000 0.0000
296      296   (0)     12  : 0.0000 1.0000 0.0000 0.0000 0.0000 0.0000
297      297   (0)     12  : 0.0000 1.0000 0.0000 0.0000 0.0000 0.0000
298      298   (0)     12  : 0.0000 0.1844 0.8156 0.0000 0.0000 0.0000
299      299   (0)     12  : 0.0000 0.8658 0.0000 0.0139 0.0000 0.1203
300      300   (0)     12  : 0.0000 0.0911 0.9089 0.0000 0.0000 0.0000
301      301   (0)     13  : 0.0000 0.7852 0.0348 0.0000 0.0000 0.1801
302      302   (0)     13  : 0.0000 0.9117 0.0000 0.0000 0.0200 0.0684
303      303   (0)     13  : 0.0000 0.8133 0.0000 0.0000 0.0000 0.1867
304      304   (0)     13  : 0.0000 0.7226 0.0009 0.0000 0.0000 0.2766
305      305   (0)     13  : 0.0000 0.9383 0.0000 0.0000 0.0000 0.0617
306      306   (0)     13  : 0.0000 0.8806 0.0000 0.0004 0.0067 0.1123
307      307   (0)     13  : 0.0000 0.7146 0.0000 0.0000 0.0556 0.2298
308      308   (0)     13  : 0.0000 0.2076 0.7794 0.0130 0.0000 0.0000
309      309   (0)     13  : 0.0000 0.5057 0.3818 0.0000 0.0000 0.1125
310      310   (0)     13  : 0.0000 0.9458 0.0000 0.0000 0.0000 0.0542
311      311   (0)     13  : 0.0000 0.8835 0.0000 0.0000 0.0000 0.1165
312      312   (0)     13  : 0.0000 0.7729 0.0000 0.0000 0.1011 0.1260
313      313   (0)     13  : 0.0000 0.9296 0.0000 0.0000 0.0000 0.0704
314      314   (0)     13  : 0.0000 0.8345 0.0000 0.0000 0.0000 0.1655
315      315   (0)     13  : 0.0000 0.8411 0.0000 0.0000 0.0000 0.1589
316      316   (0)     13  : 0.0000 0.6813 0.0000 0.0000 0.0090 0.3097
317      317   (0)     13  : 0.0000 0.8385 0.0000 0.0000 0.0000 0.1615
318      318   (0)     13  : 0.0000 0.9083 0.0000 0.0000 0.0917 0.0001
319      319   (0)     13  : 0.0000 0.7806 0.0000 0.0000 0.0000 0.2194
320      320   (0)     13  : 0.0000 0.2801 0.7197 0.0000 0.0000 0.0002
321      321   (0)     13  : 0.0000 0.8550 0.0000 0.0000 0.0000 0.1450
322      322   (0)     13  : 0.0000 0.8404 0.0000 0.0000 0.0000 0.1596
323      323   (0)     13  : 0.0000 0.9995 0.0000 0.0000 0.0000 0.0005
324      324   (0)     13  : 0.0000 0.9366 0.0000 0.0000 0.0000 0.0634
325      325   (0)     14  : 0.0000 0.5592 0.0000 0.0000 0.0000 0.4408
326      326   (0)     14  : 0.0000 0.0000 0.0000 0.0000 0.0000 1.0000
327      327   (0)     14  : 0.0000 0.0000 1.0000 0.0000 0.0000 0.0000
328      328   (0)     14  : 0.0000 0.3913 0.0000 0.0000 0.0000 0.6087
329      329   (0)     14  : 0.0000 0.0000 1.0000 0.0000 0.0000 0.0000
330      330   (0)     14  : 0.0097 0.0000 0.9422 0.0000 0.0000 0.0481
331      331   (0)     14  : 0.0000 0.0182 0.9818 0.0000 0.0000 0.0000
332      332   (0)     14  : 0.0000 0.3713 0.0961 0.0000 0.0000 0.5326
333      333   (0)     14  : 0.0000 0.0000 1.0000 0.0000 0.0000 0.0000
334      334   (0)     14  : 0.0000 0.1890 0.0000 0.0000 0.0000 0.8110
335      335   (0)     14  : 0.0000 0.2974 0.0600 0.0000 0.0000 0.6426
336      336   (0)     11  : 0.0000 0.0000 0.9750 0.0000 0.0000 0.0250
337      337   (0)     11  : 0.0000 0.3575 0.0000 0.0000 0.0194 0.6231
338      338   (0)     11  : 0.0000 0.0352 0.9648 0.0000 0.0000 0.0000
339      339   (0)     10  : 0.0000 0.0000 0.0000 0.0000 0.0000 1.0000
340      340   (0)     10  : 0.0000 0.0000 0.7294 0.2706 0.0000 0.0000
341      341   (0)     11  : 0.0000 0.0062 0.9077 0.0000 0.0000 0.0861
342      342   (0)     11  : 0.0000 0.0000 1.0000 0.0000 0.0000 0.0000
343      343   (0)     11  : 0.0000 0.0000 1.0000 0.0000 0.0000 0.0000
344      344   (0)     11  : 0.0000 0.0000 0.8823 0.0170 0.0000 0.1007
345      345   (0)     11  : 0.0000 0.0185 0.9668 0.0000 0.0000 0.0147
346      346   (0)     11  : 0.0000 0.0000 1.0000 0.0000 0.0000 0.0000
347      347   (0)     11  : 0.0000 0.3929 0.0000 0.0000 0.0000 0.6071
348      348   (0)     11  : 0.0000 0.0000 1.0000 0.0000 0.0000 0.0000
349      349   (0)     11  : 0.0000 0.0000 0.9650 0.0000 0.0000 0.0350
350      350   (0)     11  : 0.0000 0.0158 0.8609 0.0000 0.0000 0.1234
351      351   (0)     11  : 0.0000 0.0000 1.0000 0.0000 0.0000 0.0000
352      352   (0)     11  : 0.0000 0.2205 0.0229 0.0000 0.0000 0.7566
353      353   (0)     11  : 0.0000 0.0000 1.0000 0.0000 0.0000 0.0000
354      354   (0)     11  : 0.0000 0.1437 0.0000 0.0000 0.0000 0.8563
355      355   (0)     11  : 0.0000 0.0000 1.0000 0.0000 0.0000 0.0000
356      356   (0)     14  : 0.0011 0.0493 0.9491 0.0005 0.0000 0.0000
357      357   (0)     14  : 0.0000 0.3325 0.0000 0.0000 0.0000 0.6675
358      358   (0)     14  : 0.0000 0.0000 1.0000 0.0000 0.0000 0.0000
359      359   (0)     14  : 0.0000 0.3037 0.0000 0.0000 0.0000 0.6963
360      360   (0)     14  : 0.0000 0.0000 1.0000 0.0000 0.0000 0.0000
361      361   (0)     14  : 0.0000 0.0000 0.9361 0.0000 0.0000 0.0639
362      362   (0)     14  : 0.0000 0.0000 1.0000 0.0000 0.0000 0.0000
363      363   (0)     14  : 0.0000 0.0000 1.0000 0.0000 0.0000 0.0000
364      364   (0)     14  : 0.0000 0.0000 1.0000 0.0000 0.0000 0.0000
365      365   (0)     14  : 0.0000 0.0815 0.8751 0.0000 0.0000 0.0434
366      366   (0)     14  : 0.0000 0.2755 0.0327 0.0000 0.0000 0.6918
367      367   (0)      9  : 0.0000 0.0778 0.0000 0.0000 0.0000 0.9222
368      368   (0)      9  : 0.0000 0.0000 0.8616 0.0402 0.0000 0.0982
369      369   (0)      9  : 0.0000 0.0163 0.0286 0.0000 0.0000 0.9551
370      370   (0)      9  : 0.0000 0.0000 0.0609 0.0000 0.0000 0.9391
371      371   (0)      9  : 0.0000 0.0000 0.0000 0.0000 0.0000 1.0000
372      372   (0)      9  : 0.0000 0.0000 1.0000 0.0000 0.0000 0.0000
373      373   (0)     14  : 0.0000 0.0000 1.0000 0.0000 0.0000 0.0000
374      374   (0)     14  : 0.0000 0.0000 0.0136 0.0000 0.0000 0.9864
375      375   (0)     14  : 0.0000 0.0000 0.9515 0.0000 0.0000 0.0485
376      376   (0)     14  : 0.0000 0.0000 1.0000 0.0000 0.0000 0.0000
377      377   (0)     14  : 0.0000 0.0426 0.0000 0.0000 0.0000 0.9574
378      378   (0)      9  : 0.0000 0.0000 0.0000 0.0000 0.0000 1.0000
379      379   (0)      9  : 0.0310 0.0000 0.9690 0.0000 0.0000 0.0000
380      380   (0)      9  : 0.0610 0.0000 0.9390 0.0000 0.0000 0.0000
381      381   (0)      9  : 0.1203 0.0000 0.8797 0.0000 0.0000 0.0000
382      382   (0)      9  : 0.0000 0.0000 0.0000 0.0000 0.0000 1.0000
383      383   (0)      9  : 0.0000 0.0000 0.0000 0.0000 0.0000 1.0000
384      384   (0)      9  : 0.0000 0.0000 0.0000 0.0000 0.0000 1.0000
385      385   (0)      9  : 0.1442 0.0000 0.8558 0.0000 0.0000 0.0000
386      386   (0)      9  : 0.0000 0.0000 0.0000 0.0000 0.0000 1.0000
387      387   (0)      9  : 0.0000 0.0000 0.0028 0.0000 0.0326 0.9646
388      388   (0)      9  : 0.0000 0.0000 1.0000 0.0000 0.0000 0.0000
389      389   (0)      9  : 0.0000 0.0000 0.9963 0.0037 0.0000 0.0000
390      390   (0)      9  : 0.0000 0.0000 0.0000 0.0000 0.1689 0.8311
391      391   (0)      9  : 0.1865 0.0000 0.8135 0.0000 0.0000 0.0000
392      392   (0)     15  : 0.0000 0.6993 0.0049 0.0000 0.0000 0.2958
393      393   (0)     15  : 0.0000 1.0000 0.0000 0.0000 0.0000 0.0000
394      394   (0)     15  : 0.0000 0.7970 0.2030 0.0000 0.0000 0.0000
395      395   (0)     15  : 0.1131 0.7612 0.1257 0.0000 0.0000 0.0000
396      396   (0)     15  : 0.0000 0.9401 0.0598 0.0000 0.0000 0.0001
397      397   (0)     15  : 0.0000 0.9440 0.0560 0.0000 0.0000 0.0001
398      398   (0)     15  : 0.0000 0.9951 0.0049 0.0000 0.0000 0.0000
399      399   (0)     15  : 0.0000 0.1136 0.8864 0.0000 0.0000 0.0000
400      400   (0)     15  : 0.0337 0.9663 0.0000 0.0000 0.0000 0.0000
401      401   (0)     15  : 0.0000 0.9518 0.0226 0.0000 0.0256 0.0000
402      402   (0)     15  : 0.0000 0.1366 0.8634 0.0000 0.0000 0.0000
403      403   (0)     15  : 0.0000 0.0000 1.0000 0.0000 0.0000 0.0000
404      404   (0)     15  : 0.0000 0.9083 0.0917 0.0000 0.0000 0.0000
405      405   (0)     15  : 0.0000 0.9016 0.0417 0.0000 0.0000 0.0567
406      406   (0)     15  : 0.0000 0.9777 0.0026 0.0000 0.0000 0.0197
407      407   (0)     15  : 0.0000 0.7249 0.2640 0.0000 0.0000 0.0111
408      408   (0)     15  : 0.0000 0.1158 0.8842 0.0000 0.0000 0.0000
409      409   (0)     15  : 0.0000 0.8950 0.1050 0.0000 0.0000 0.0000
410      410   (0)     15  : 0.0000 0.1746 0.8254 0.0000 0.0000 0.0000
411      411   (0)     15  : 0.0000 0.9628 0.0372 0.0000 0.0000 0.0000
412      412   (0)     15  : 0.0020 0.7602 0.2378 0.0000 0.0000 0.0000
413      413   (0)     15  : 0.0000 0.9964 0.0036 0.0000 0.0000 0.0000
414      414   (0)     15  : 0.0000 0.9292 0.0000 0.0000 0.0000 0.0708
415      415   (0)     15  : 0.0000 0.7230 0.2351 0.0331 0.0000 0.0088
416      416   (0)     15  : 0.0000 1.0000 0.0000 0.0000 0.0000 0.0000
417      417   (0)     15  : 0.0000 0.1002 0.8998 0.0000 0.0000 0.0000
418      418   (0)     15  : 0.0000 1.0000 0.0000 0.0000 0.0000 0.0000
419      419   (0)     15  : 0.0000 0.1073 0.8927 0.0000 0.0000 0.0000
420      420   (0)     15  : 0.0000 0.1086 0.8914 0.0000 0.0000 0.0000
421      421   (0)     16  : 0.9787 0.0000 0.0000 0.0000 0.0213 0.0000
422      422   (0)     16  : 0.8249 0.0000 0.0000 0.1751 0.0000 0.0000
423      423   (0)     16  : 0.6905 0.0000 0.1649 0.1446 0.0000 0.0000
424      424   (0)     16  : 0.7563 0.0000 0.1069 0.1347 0.0000 0.0021
425      425   (0)     16  : 0.8020 0.0000 0.0501 0.1479 0.0000 0.0000
426      426   (0)     16  : 0.7484 0.0000 0.0737 0.1779 0.0000 0.0000
427      427   (0)     16  : 0.9303 0.0000 0.0160 0.0341 0.0000 0.0195
428      428   (0)     16  : 1.0000 0.0000 0.0000 0.0000 0.0000 0.0000
429      429   (0)     16  : 0.8051 0.0000 0.0424 0.1277 0.0000 0.0248
430      430   (0)     16  : 0.8134 0.0000 0.0390 0.1476 0.0000 0.0000
431      431   (0)     16  : 0.5147 0.0000 0.0000 0.4853 0.0000 0.0000
432      432   (0)     16  : 0.9240 0.0000 0.0760 0.0000 0.0000 0.0000
433      433   (0)     16  : 1.0000 0.0000 0.0000 0.0000 0.0000 0.0000
434      434   (0)     16  : 0.9263 0.0000 0.0223 0.0514 0.0000 0.0000
435      435   (0)     16  : 0.9773 0.0000 0.0227 0.0000 0.0000 0.0000
436      436   (0)     16  : 0.9127 0.0000 0.0000 0.0873 0.0000 0.0000
437      437   (0)     16  : 0.8110 0.0000 0.0000 0.1728 0.0017 0.0144
438      438   (0)     16  : 0.9566 0.0000 0.0000 0.0434 0.0000 0.0000
439      439   (0)     16  : 0.7829 0.0000 0.0645 0.1526 0.0000 0.0000
440      440   (0)     16  : 0.8200 0.0000 0.1800 0.0000 0.0000 0.0000
441      441   (0)     16  : 0.9376 0.0289 0.0335 0.0000 0.0000 0.0000
442      442   (0)     16  : 0.9256 0.0000 0.0000 0.0744 0.0000 0.0000
443      443   (0)     16  : 0.8037 0.0000 0.1891 0.0072 0.0000 0.0000
444      444   (0)     16  : 0.9027 0.0000 0.0848 0.0125 0.0000 0.0000
445      445   (0)     16  : 0.3987 0.0000 0.0000 0.0000 0.5743 0.0269
446      446   (0)     16  : 0.9841 0.0000 0.0159 0.0000 0.0000 0.0000
447      447   (0)     16  : 0.9148 0.0000 0.0852 0.0000 0.0000 0.0000
448      448   (0)     16  : 0.9703 0.0000 0.0297 0.0000 0.0000 0.0000
449      449   (0)     16  : 0.9424 0.0000 0.0465 0.0000 0.0088 0.0022
450      450   (0)     16  : 0.8748 0.0000 0.0000 0.1252 0.0000 0.0000
451      451   (0)     17  : 0.6018 0.0000 0.0716 0.2822 0.0000 0.0444
452      452   (0)     17  : 0.8952 0.0000 0.1048 0.0000 0.0000 0.0000
453      453   (0)     17  : 0.9741 0.0000 0.0116 0.0143 0.0000 0.0000
454      454   (0)     17  : 0.2734 0.0214 0.0734 0.0000 0.4719 0.1601
455      455   (0)     17  : 0.9902 0.0000 0.0022 0.0000 0.0076 0.0000
456      456   (0)     17  : 0.2545 0.0000 0.0000 0.0000 0.5937 0.1518
457      457   (0)     17  : 1.0000 0.0000 0.0000 0.0000 0.0000 0.0000
458      458   (0)     17  : 0.8576 0.0000 0.0468 0.0957 0.0000 0.0000
459      459   (0)     17  : 0.9132 0.0000 0.0868 0.0000 0.0000 0.0000
460      460   (0)     17  : 0.8120 0.0000 0.1880 0.0000 0.0000 0.0000
461      461   (0)     17  : 0.8940 0.0000 0.0832 0.0228 0.0000 0.0000
462      462   (0)     17  : 0.0313 0.0832 0.0512 0.7285 0.0898 0.0161
463      463   (0)     17  : 0.4426 0.0343 0.0000 0.0000 0.4049 0.1182
464      464   (0)     17  : 0.7915 0.0000 0.1172 0.0747 0.0166 0.0000
465      465   (0)     17  : 0.4442 0.0000 0.0166 0.3725 0.1667 0.0000
466      466   (0)     17  : 0.6333 0.0000 0.1823 0.1405 0.0439 0.0000
467      467   (0)     17  : 0.6497 0.0083 0.0786 0.2463 0.0170 0.0000
468      468   (0)     17  : 0.7073 0.0000 0.2927 0.0000 0.0000 0.0000
469      469   (0)     17  : 0.7309 0.0000 0.0843 0.1525 0.0323 0.0000
470      470   (0)     17  : 0.7783 0.0000 0.1361 0.0176 0.0000 0.0681
471      471   (0)     17  : 0.8963 0.0000 0.0989 0.0000 0.0048 0.0000
472      472   (0)     17  : 0.4387 0.0063 0.1676 0.3873 0.0000 0.0001
473      473   (0)     17  : 0.5585 0.0078 0.2162 0.2174 0.0000 0.0000
474      474   (0)     17  : 0.8776 0.0046 0.0207 0.0971 0.0000 0.0000
475      475   (0)     17  : 0.7432 0.0000 0.0734 0.1833 0.0000 0.0000
476      476   (0)     17  : 0.8733 0.0000 0.0000 0.0704 0.0418 0.0145
477      477   (0)     17  : 0.8933 0.0000 0.0000 0.1067 0.0000 0.0000
478      478   (0)     17  : 1.0000 0.0000 0.0000 0.0000 0.0000 0.0000
479      479   (0)     17  : 0.9097 0.0000 0.0000 0.0273 0.0293 0.0337
480      480   (0)     17  : 0.4216 0.0000 0.2272 0.3139 0.0373 0.0000
481      481   (0)     18  : 0.0000 0.0000 0.0457 0.8740 0.0803 0.0000
482      482   (0)     18  : 0.0000 0.0000 0.0000 0.0000 1.0000 0.0000
483      483   (0)     18  : 0.0000 0.0000 0.0000 0.0000 1.0000 0.0000
484      484   (0)     18  : 0.0000 0.0000 0.0000 0.0000 1.0000 0.0000
485      485   (0)     18  : 0.0290 0.0000 0.0000 0.0000 0.9710 0.0000
486      486   (0)     18  : 0.0000 0.0000 0.0000 0.0793 0.9207 0.0000
487      487   (0)     18  : 0.0000 0.0000 0.0000 0.0000 1.0000 0.0000
488      488   (0)     18  : 0.5341 0.0000 0.0837 0.3152 0.0670 0.0000
489      489   (0)     18  : 0.0000 0.0236 0.0000 0.9764 0.0000 0.0000
490      490   (0)     18  : 0.0000 0.0000 0.0000 0.0000 1.0000 0.0000
491      491   (0)     18  : 0.0000 0.0000 0.0604 0.0000 0.9396 0.0000
492      492   (0)     18  : 0.5680 0.0000 0.0164 0.0346 0.3809 0.0000
493      493   (0)     18  : 0.4697 0.0000 0.0000 0.5057 0.0246 0.0000
494      494   (0)     18  : 0.0000 0.0000 0.0000 0.0470 0.9530 0.0000
495      495   (0)     18  : 0.0000 0.0000 0.0000 0.0000 1.0000 0.0000
496      496   (0)     18  : 0.1072 0.0000 0.0000 0.0000 0.8928 0.0000
497      497   (0)     18  : 0.3217 0.0000 0.0816 0.5834 0.0133 0.0000
498      498   (0)     18  : 0.0773 0.0000 0.0000 0.0129 0.9098 0.0000
499      499   (0)     18  : 0.2757 0.0000 0.0000 0.0526 0.6717 0.0000
500      500   (0)     18  : 0.0000 0.0000 0.1159 0.8228 0.0613 0.0000
501      501   (0)     18  : 0.2112 0.0000 0.0389 0.7213 0.0135 0.0151
502      502   (0)     18  : 0.3814 0.0000 0.0000 0.0000 0.5921 0.0266
503      503   (0)     18  : 0.0000 0.0000 0.0000 0.0000 1.0000 0.0000
504      504   (0)     18  : 0.2738 0.0000 0.0000 0.0000 0.7262 0.0000
505      505   (0)     18  : 0.1542 0.0000 0.1089 0.0000 0.7369 0.0000
506      506   (0)     18  : 0.4532 0.0000 0.1094 0.4315 0.0059 0.0000
507      507   (0)     18  : 0.1773 0.0000 0.0000 0.0922 0.7305 0.0000
508      508   (0)     18  : 0.4601 0.0000 0.0066 0.5073 0.0260 0.0000
509      509   (0)     18  : 0.1175 0.0000 0.0935 0.0000 0.7890 0.0000
510      510   (0)     19  : 0.8327 0.0000 0.0232 0.1441 0.0000 0.0000
511      511   (0)     19  : 0.8328 0.0000 0.0000 0.1672 0.0000 0.0000
512      512   (0)     19  : 1.0000 0.0000 0.0000 0.0000 0.0000 0.0000
513      513   (0)     19  : 1.0000 0.0000 0.0000 0.0000 0.0000 0.0000
514      514   (0)     19  : 0.8253 0.0000 0.1746 0.0000 0.0001 0.0000
515      515   (0)     19  : 0.9178 0.0000 0.0201 0.0621 0.0000 0.0000
516      516   (0)     19  : 0.9912 0.0000 0.0000 0.0088 0.0000 0.0000
517      517   (0)     19  : 0.8482 0.0000 0.0595 0.0923 0.0000 0.0000
518      518   (0)     19  : 0.9846 0.0000 0.0154 0.0000 0.0000 0.0000
519      519   (0)     19  : 0.0000 0.0000 0.2365 0.7635 0.0000 0.0000
520      520   (0)     19  : 0.8393 0.0000 0.0292 0.1315 0.0000 0.0000
521      521   (0)     19  : 0.7144 0.0000 0.0000 0.2856 0.0000 0.0000
522      522   (0)     19  : 0.9877 0.0000 0.0123 0.0000 0.0000 0.0000
523      523   (0)     19  : 0.8628 0.0000 0.0423 0.0949 0.0000 0.0000
524      524   (0)     19  : 0.9934 0.0000 0.0066 0.0000 0.0000 0.0000
525      525   (0)     19  : 0.9577 0.0000 0.0071 0.0000 0.0080 0.0272
526      526   (0)     19  : 0.9402 0.0000 0.0598 0.0000 0.0000 0.0000
527      527   (0)     19  : 0.6376 0.0000 0.0652 0.2972 0.0000 0.0000
528      528   (0)     19  : 0.7792 0.0000 0.0000 0.2208 0.0000 0.0000
529      529   (0)     19  : 0.9684 0.0000 0.0273 0.0043 0.0000 0.0000
530      530   (0)     19  : 0.9757 0.0000 0.0243 0.0000 0.0000 0.0000
531      531   (0)     19  : 0.8879 0.0000 0.1121 0.0000 0.0000 0.0000
532      532   (0)     19  : 0.9256 0.0093 0.0437 0.0000 0.0000 0.0214
533      533   (0)     19  : 0.5067 0.0191 0.0061 0.0000 0.3853 0.0829
534      534   (0)     19  : 0.7400 0.0000 0.0242 0.2357 0.0000 0.0001
535      535   (0)     19  : 0.9448 0.0000 0.0043 0.0509 0.0000 0.0000
536      536   (0)     19  : 0.9670 0.0145 0.0000 0.0185 0.0000 0.0000
537      537   (0)     19  : 0.6602 0.0000 0.0823 0.2575 0.0000 0.0000
538      538   (0)     19  : 0.2808 0.0000 0.0000 0.0000 0.7192 0.0000
539      539   (0)     19  : 0.9796 0.0000 0.0000 0.0000 0.0204 0.0000
