  1        1   (0)      1 :  0.0223 0.0149 0.0101 0.2175 0.4443 0.2830 0.0000 0.0000 0.0079 
  2        2   (0)      1 :  0.0363 0.0145 0.0000 0.4716 0.0415 0.2965 0.1396 0.0000 0.0000 
  3        3   (0)      1 :  0.0128 0.0034 0.0749 0.0004 0.1074 0.2194 0.0774 0.0152 0.4890 
  4        4   (0)      1 :  0.0380 0.0223 0.0000 0.2749 0.2436 0.4212 0.0000 0.0000 0.0000 
  5        5   (0)      1 :  0.0312 0.0399 0.0017 0.1681 0.0000 0.5971 0.1585 0.0000 0.0036 
  6        6   (0)      1 :  0.0296 0.0000 0.0159 0.3519 0.3999 0.0960 0.0148 0.0000 0.0919 
  7        7   (0)      1 :  0.0638 0.0057 0.0507 0.0000 0.0000 0.1029 0.1781 0.0000 0.5988 
  8        8   (0)      2 :  0.0309 0.0310 0.0056 0.3308 0.0000 0.6016 0.0000 0.0000 0.0000 
  9        9   (0)      1 :  0.0357 0.0238 0.0023 0.4960 0.0000 0.4297 0.0000 0.0000 0.0126 
 10       10   (0)      3 :  0.0036 0.0000 0.0000 0.0538 0.4459 0.0000 0.4967 0.0000 0.0000 
 11       11   (0)      4 :  0.0794 0.0566 0.0051 0.0000 0.0000 0.2626 0.5801 0.0163 0.0000 
 12       12   (0)      4 :  0.0102 0.0246 0.0023 0.5032 0.1146 0.0250 0.3198 0.0000 0.0003 
 13       13   (0)      4 :  0.0160 0.0125 0.0000 0.0000 0.4111 0.1291 0.3979 0.0000 0.0334 
 14       14   (0)      4 :  0.0500 0.0389 0.0000 0.0088 0.0000 0.3898 0.5124 0.0000 0.0000 
 15       15   (0)      4 :  0.0011 0.0163 0.0001 0.3122 0.0000 0.1434 0.5270 0.0000 0.0000 
 16       16   (0)      4 :  0.0000 0.0000 0.0000 0.1156 0.4376 0.0351 0.0000 0.0000 0.4117 
 17       17   (0)      5 :  0.0050 0.0085 0.0000 0.4071 0.2392 0.1267 0.2135 0.0000 0.0000 
 18       18   (0)      4 :  0.0028 0.0000 0.0000 0.0165 0.4919 0.0512 0.4375 0.0000 0.0000 
 19       19   (0)      5 :  0.0000 0.0097 0.0000 0.3288 0.0471 0.1955 0.4190 0.0000 0.0000 
 20       20   (0)      5 :  0.0131 0.0000 0.0000 0.3566 0.0000 0.0011 0.6291 0.0000 0.0000 
 21       21   (0)      5 :  0.0000 0.0000 0.0000 0.0000 0.3495 0.0000 0.6505 0.0000 0.0000 
 22       22   (0)      5 :  0.0022 0.0000 0.0000 0.3631 0.0000 0.0000 0.6346 0.0000 0.0000 
 23       23   (0)      5 :  0.0055 0.0000 0.0000 0.0000 0.6277 0.0000 0.3668 0.0000 0.0000 
 24       24   (0)      5 :  0.0000 0.0000 0.0000 0.0000 0.3653 0.0000 0.6347 0.0000 0.0000 
 25       25   (0)      5 :  0.0137 0.0000 0.0000 0.2922 0.1830 0.0124 0.4862 0.0000 0.0125 
 26       26   (0)      5 :  0.0010 0.0000 0.0000 0.0000 0.4058 0.0007 0.5790 0.0000 0.0134 
 27       27   (0)      5 :  0.0000 0.0402 0.0000 0.1559 0.0000 0.1354 0.6659 0.0025 0.0000 
 28       28   (0)      5 :  0.0055 0.0000 0.0000 0.0000 0.5209 0.0000 0.4735 0.0000 0.0000 
 29       29   (0)      5 :  0.0084 0.0000 0.0000 0.0750 0.0000 0.0000 0.9165 0.0000 0.0000 
 30       30   (0)      5 :  0.0105 0.0000 0.0000 0.6826 0.0000 0.0000 0.3069 0.0000 0.0000 
 31       31   (0)      5 :  0.0028 0.0030 0.0000 0.2834 0.2566 0.0775 0.3767 0.0000 0.0000 
 32       32   (0)      5 :  0.0106 0.0000 0.0000 0.0971 0.2154 0.0000 0.6757 0.0000 0.0011 
 33       33   (0)      5 :  0.0008 0.0000 0.0000 0.2898 0.5679 0.0000 0.1415 0.0000 0.0000 
 34       34   (0)      5 :  0.0000 0.0000 0.0000 0.2163 0.4603 0.0000 0.3234 0.0000 0.0000 
 35       35   (0)      5 :  0.0103 0.0000 0.0000 0.6298 0.0876 0.0002 0.2721 0.0000 0.0000 
 36       36   (0)      5 :  0.0034 0.0096 0.0000 0.2418 0.0000 0.0000 0.7452 0.0000 0.0000 
 37       37   (0)      5 :  0.0000 0.0000 0.0000 0.3202 0.0941 0.0000 0.5857 0.0000 0.0000 
 38       38   (0)      5 :  0.0000 0.0000 0.0000 0.0147 0.3280 0.0000 0.6572 0.0000 0.0000 
 39       39   (0)      5 :  0.0124 0.0119 0.0000 0.1697 0.1135 0.0000 0.6926 0.0000 0.0000 
 40       40   (0)      5 :  0.0077 0.0000 0.0000 0.4037 0.0377 0.0000 0.5504 0.0000 0.0006 
 41       41   (0)      5 :  0.0047 0.0000 0.0000 0.0000 0.4807 0.0000 0.5145 0.0000 0.0000 
 42       42   (0)      5 :  0.0118 0.0000 0.0000 0.6310 0.0000 0.0000 0.3572 0.0000 0.0000 
 43       43   (0)      5 :  0.0000 0.0000 0.0000 0.0351 0.2534 0.0500 0.0000 0.1444 0.5170 
 44       44   (0)      5 :  0.0101 0.0000 0.0000 0.0383 0.4532 0.0054 0.4929 0.0000 0.0002 
 45       45   (0)      4 :  0.0309 0.0200 0.0000 0.0000 0.0000 0.1174 0.8316 0.0000 0.0000 
 46       46   (0)      4 :  0.0181 0.0000 0.0063 0.3404 0.1566 0.1148 0.3350 0.0000 0.0287 
 47       47   (0)      4 :  0.0000 0.0000 0.0000 0.0026 0.7122 0.0000 0.2852 0.0000 0.0000 
 48       48   (0)      4 :  0.0202 0.0009 0.0000 0.5463 0.0000 0.0761 0.3565 0.0000 0.0000 
 49       49   (0)      5 :  0.0087 0.0336 0.0000 0.2669 0.2692 0.0358 0.3774 0.0000 0.0085 
 50       50   (0)      4 :  0.0057 0.0000 0.0000 0.0000 0.6247 0.0522 0.3174 0.0000 0.0000 
 51       51   (0)      4 :  0.0001 0.0044 0.0022 0.1884 0.2877 0.1888 0.0024 0.0010 0.3249 
 52       52   (0)      4 :  0.0196 0.0086 0.0260 0.4366 0.0181 0.0557 0.4134 0.0000 0.0220 
 53       53   (0)      4 :  0.0000 0.0030 0.0033 0.0067 0.2755 0.1859 0.0193 0.0195 0.4868 
 54       54   (0)      4 :  0.0061 0.0161 0.0000 0.3157 0.0000 0.0862 0.5759 0.0000 0.0000 
 55       55   (0)      4 :  0.0000 0.0000 0.0048 0.1880 0.2168 0.1283 0.0005 0.0409 0.4207 
 56       56   (0)      4 :  0.0000 0.0226 0.0036 0.2271 0.1196 0.1975 0.0609 0.0000 0.3687 
 57       57   (0)      4 :  0.0078 0.0052 0.0000 0.1401 0.0000 0.1330 0.7139 0.0000 0.0000 
 58       58   (0)      5 :  0.0114 0.0000 0.0001 0.3406 0.1114 0.0750 0.4262 0.0000 0.0353 
 59       59   (0)      4 :  0.0000 0.0000 0.0521 0.2368 0.3607 0.0299 0.0004 0.0059 0.3141 
 60       60   (0)      4 :  0.0080 0.0000 0.0309 0.0073 0.2778 0.1218 0.0992 0.0455 0.4096 
 61       61   (0)      4 :  0.0000 0.0000 0.0034 0.3686 0.1841 0.1555 0.2885 0.0000 0.0000 
 62       62   (0)      5 :  0.0018 0.0011 0.0047 0.0875 0.3745 0.1581 0.3723 0.0000 0.0000 
 63       63   (0)      6 :  0.0000 0.0000 0.0068 0.0700 0.2506 0.2050 0.1653 0.0826 0.2196 
 64       64   (0)      6 :  0.0300 0.0000 0.0241 0.0364 0.2689 0.1246 0.0006 0.0065 0.5088 
 65       65   (0)      6 :  0.0161 0.1240 0.0000 0.2019 0.0000 0.6360 0.0220 0.0000 0.0000 
 66       66   (0)      6 :  0.0015 0.0000 0.0009 0.2630 0.2920 0.1359 0.3067 0.0000 0.0000 
 67       67   (0)      6 :  0.0435 0.0367 0.0000 0.0246 0.0000 0.3962 0.4977 0.0000 0.0012 
 68       68   (0)      6 :  0.0000 0.0652 0.0000 0.0607 0.4065 0.4676 0.0000 0.0000 0.0000 
 69       69   (0)      6 :  0.0088 0.0151 0.0000 0.2653 0.3930 0.2914 0.0264 0.0000 0.0000 
 70       70   (0)      6 :  0.0021 0.0031 0.0289 0.2117 0.4314 0.2085 0.0782 0.0000 0.0360 
 71       71   (0)      6 :  0.0000 0.0320 0.0000 0.0000 0.8617 0.0000 0.1063 0.0000 0.0000 
 72       72   (0)      6 :  0.0000 0.0035 0.0000 0.2287 0.3799 0.2339 0.1539 0.0000 0.0000 
 73       73   (0)      7 :  0.0000 0.0016 0.0000 0.5388 0.0000 0.0021 0.4384 0.0191 0.0000 
 74       74   (0)      7 :  0.0049 0.0644 0.0000 0.5682 0.0080 0.1280 0.2246 0.0020 0.0000 
 75       75   (0)      7 :  0.0100 0.0172 0.0000 0.1990 0.1701 0.2672 0.3361 0.0000 0.0005 
 76       76   (0)      7 :  0.0093 0.0006 0.0196 0.4716 0.0000 0.1421 0.3439 0.0000 0.0129 
 77       77   (0)      7 :  0.0275 0.0000 0.0000 0.1848 0.0000 0.0280 0.7598 0.0000 0.0000 
 78       78   (0)      7 :  0.0194 0.0188 0.0032 0.1603 0.0916 0.2363 0.4690 0.0000 0.0013 
 79       79   (0)      7 :  0.0167 0.0074 0.0037 0.4423 0.0000 0.0453 0.4635 0.0211 0.0000 
 80       80   (0)      7 :  0.0326 0.0328 0.0003 0.6787 0.0000 0.1233 0.1322 0.0000 0.0000 
 81       81   (0)      7 :  0.0000 0.0014 0.0000 0.3777 0.0419 0.1136 0.4654 0.0000 0.0000 
 82       82   (0)      7 :  0.0009 0.0000 0.0000 0.1832 0.0000 0.0576 0.7583 0.0000 0.0000 
 83       83   (0)      7 :  0.0333 0.0000 0.0028 0.6034 0.0430 0.0295 0.2131 0.0000 0.0750 
 84       84   (0)      7 :  0.0014 0.0000 0.0019 0.3211 0.0494 0.1713 0.0000 0.0284 0.4264 
 85       85   (0)      7 :  0.0000 0.0325 0.0000 0.4933 0.0000 0.0719 0.4023 0.0000 0.0000 
 86       86   (0)      7 :  0.0041 0.0057 0.0000 0.1753 0.0000 0.1549 0.6600 0.0000 0.0000 
 87       87   (0)      7 :  0.0000 0.0000 0.0125 0.3124 0.2110 0.0648 0.0000 0.0208 0.3785 
 88       88   (0)      7 :  0.0000 0.0000 0.0000 0.1281 0.5863 0.0461 0.2396 0.0000 0.0000 
 89       89   (0)      7 :  0.0070 0.0000 0.0006 0.0202 0.2604 0.2340 0.0000 0.0530 0.4249 
 90       90   (0)      7 :  0.0107 0.0000 0.0000 0.3719 0.0000 0.0193 0.5979 0.0000 0.0002 
 91       91   (0)      7 :  0.0000 0.0111 0.0000 0.4543 0.2836 0.0367 0.1974 0.0168 0.0000 
 92       92   (0)      7 :  0.0134 0.0440 0.0000 0.4595 0.0069 0.0359 0.4403 0.0000 0.0000 
 93       93   (0)      7 :  0.0199 0.0337 0.0000 0.1886 0.0000 0.0942 0.6307 0.0000 0.0330 
 94       94   (0)      7 :  0.0000 0.0011 0.0000 0.3675 0.2126 0.1068 0.3121 0.0000 0.0000 
 95       95   (0)      7 :  0.0051 0.0000 0.0062 0.1425 0.0000 0.1732 0.6730 0.0000 0.0000 
 96       96   (0)      7 :  0.0125 0.0000 0.0203 0.0502 0.2367 0.0587 0.5713 0.0000 0.0504 
 97       97   (0)      7 :  0.0067 0.0000 0.0000 0.0344 0.0000 0.0945 0.8627 0.0017 0.0000 
 98       98   (0)      7 :  0.0178 0.0000 0.0118 0.0000 0.0000 0.1014 0.8686 0.0000 0.0004 
 99       99   (0)      7 :  0.0131 0.0002 0.0000 0.0000 0.0132 0.0683 0.8894 0.0000 0.0159 
100      100   (0)      7 :  0.0000 0.0024 0.0048 0.1320 0.0000 0.4130 0.0091 0.0002 0.4383 
101      101   (0)      6 :  0.0041 0.0235 0.0000 0.4942 0.0000 0.4157 0.0625 0.0000 0.0000 
102      102   (0)      6 :  0.0005 0.1063 0.0085 0.1007 0.1685 0.4572 0.1583 0.0000 0.0000 
103      103   (0)      6 :  0.0000 0.0139 0.0051 0.0610 0.6610 0.2415 0.0174 0.0000 0.0000 
104      104   (0)      6 :  0.0125 0.0200 0.0000 0.5956 0.0000 0.3673 0.0047 0.0000 0.0000 
105      105   (0)      6 :  0.0000 0.0143 0.0000 0.0373 0.6874 0.2535 0.0075 0.0000 0.0000 
106      106   (0)      6 :  0.0073 0.0328 0.0000 0.1678 0.1432 0.4636 0.1853 0.0000 0.0000 
107      107   (0)      6 :  0.0042 0.0485 0.0000 0.3453 0.2419 0.3377 0.0224 0.0000 0.0000 
108      108   (0)      6 :  0.0040 0.0129 0.0054 0.2450 0.3477 0.3205 0.0473 0.0000 0.0173 
109      109   (0)      6 :  0.0000 0.0000 0.0000 0.1596 0.1659 0.1982 0.0000 0.0123 0.4640 
110      110   (0)      7 :  0.0000 0.0000 0.0023 0.2944 0.3314 0.1293 0.2401 0.0000 0.0024 
111      111   (0)      7 :  0.0451 0.0069 0.0337 0.0352 0.0000 0.3954 0.4416 0.0000 0.0421 
112      112   (0)      6 :  0.0044 0.0360 0.0007 0.2017 0.0040 0.6780 0.0745 0.0000 0.0007 
113      113   (0)      6 :  0.0000 0.1453 0.0110 0.1110 0.0000 0.7306 0.0000 0.0000 0.0021 
114      114   (0)      6 :  0.0020 0.0146 0.0000 0.0441 0.0020 0.4246 0.0000 0.0682 0.4446 
115      115   (0)      6 :  0.0141 0.0745 0.0044 0.2154 0.0000 0.4529 0.2387 0.0000 0.0000 
116      116   (0)      6 :  0.0300 0.0097 0.0339 0.0270 0.0000 0.3884 0.0835 0.0274 0.4001 
117      117   (0)      6 :  0.0358 0.0192 0.0006 0.2033 0.1256 0.4024 0.1984 0.0032 0.0114 
118      118   (0)      6 :  0.0011 0.0518 0.0000 0.0657 0.2903 0.5823 0.0087 0.0000 0.0001 
119      119   (0)      6 :  0.0008 0.0388 0.0008 0.2206 0.1569 0.5816 0.0005 0.0000 0.0000 
120      120   (0)      6 :  0.0105 0.0337 0.0000 0.2131 0.0000 0.6420 0.1007 0.0000 0.0000 
121      121   (0)      6 :  0.0000 0.0478 0.0071 0.2470 0.0022 0.6886 0.0073 0.0000 0.0000 
122      122   (0)      6 :  0.0006 0.0253 0.0016 0.0307 0.0004 0.4275 0.0000 0.0429 0.4710 
123      123   (0)      8 :  0.0137 0.0031 0.0012 0.0121 0.4455 0.1219 0.3435 0.0000 0.0590 
124      124   (0)      8 :  0.0016 0.0000 0.0000 0.3428 0.4078 0.0211 0.2088 0.0000 0.0179 
125      125   (0)      8 :  0.0142 0.0000 0.0000 0.0000 0.7047 0.0000 0.2332 0.0000 0.0479 
126      126   (0)      8 :  0.0008 0.0000 0.0003 0.6240 0.0232 0.0016 0.3502 0.0000 0.0000 
127      127   (0)      8 :  0.0126 0.0000 0.0000 0.4960 0.0000 0.0000 0.4687 0.0227 0.0000 
128      128   (0)      8 :  0.0053 0.0000 0.0000 0.0000 0.5084 0.0000 0.4864 0.0000 0.0000 
129      129   (0)      8 :  0.0075 0.0002 0.0000 0.2054 0.4834 0.0000 0.2885 0.0000 0.0150 
130      130   (0)      8 :  0.0147 0.0000 0.0041 0.0000 0.6465 0.0947 0.1942 0.0000 0.0458 
131      131   (0)      8 :  0.0267 0.0117 0.0084 0.2674 0.1056 0.1557 0.4245 0.0000 0.0000 
132      132   (0)      8 :  0.0000 0.0000 0.0000 0.2686 0.3997 0.0000 0.3316 0.0000 0.0000 
133      133   (0)      8 :  0.0180 0.0000 0.0000 0.4041 0.3604 0.0000 0.2092 0.0000 0.0083 
134      134   (0)      8 :  0.0000 0.0000 0.0171 0.1952 0.2678 0.0093 0.4915 0.0073 0.0118 
135      135   (0)      8 :  0.0395 0.0033 0.0000 0.1073 0.0000 0.1608 0.6558 0.0333 0.0000 
136      136   (0)      8 :  0.0000 0.0000 0.0000 0.0258 0.9338 0.0000 0.0404 0.0000 0.0000 
137      137   (0)      8 :  0.0362 0.0078 0.0005 0.4159 0.0010 0.1158 0.3878 0.0000 0.0350 
138      138   (0)      8 :  0.0157 0.0000 0.0000 0.6480 0.0361 0.0000 0.3002 0.0000 0.0000 
139      139   (0)      8 :  0.0191 0.0000 0.0000 0.6754 0.0443 0.0012 0.2504 0.0000 0.0096 
140      140   (0)      8 :  0.0058 0.0000 0.0000 0.7588 0.0000 0.0001 0.2353 0.0000 0.0000 
141      141   (0)      8 :  0.0067 0.0002 0.0000 0.4167 0.3399 0.0000 0.2365 0.0000 0.0000 
142      142   (0)      8 :  0.0157 0.0000 0.0000 0.0258 0.4326 0.0008 0.5250 0.0000 0.0000 
143      143   (0)      8 :  0.0185 0.0000 0.0000 0.6678 0.0943 0.0024 0.2170 0.0000 0.0000 
144      144   (0)      8 :  0.0463 0.0190 0.0077 0.1173 0.0000 0.3769 0.4193 0.0000 0.0135 
145      145   (0)      8 :  0.0315 0.0045 0.0005 0.4679 0.0996 0.0767 0.3032 0.0161 0.0000 
146      146   (0)      3 :  0.0073 0.0000 0.0000 0.0750 0.5322 0.0000 0.3855 0.0000 0.0000 
147      147   (0)      3 :  0.0000 0.0000 0.0000 0.2247 0.3411 0.0289 0.0079 0.0000 0.3974 
148      148   (0)      3 :  0.0082 0.0000 0.0000 0.0776 0.9129 0.0000 0.0013 0.0000 0.0000 
149      149   (0)      3 :  0.0000 0.0000 0.0000 0.5787 0.0696 0.0013 0.3420 0.0000 0.0084 
150      150   (0)      3 :  0.0173 0.0027 0.0000 0.2783 0.4454 0.0000 0.2559 0.0000 0.0003 
151      151   (0)      3 :  0.0092 0.0262 0.0000 0.0069 0.6416 0.0418 0.2637 0.0000 0.0106 
152      152   (0)      3 :  0.0063 0.0000 0.0000 0.5988 0.0000 0.0000 0.3949 0.0000 0.0000 
153      153   (0)      3 :  0.0010 0.0000 0.0000 0.4035 0.1742 0.0000 0.4213 0.0000 0.0000 
154      154   (0)      3 :  0.0048 0.0000 0.0000 0.2208 0.2893 0.0000 0.4851 0.0000 0.0000 
155      155   (0)      3 :  0.0050 0.0000 0.0000 0.3800 0.0927 0.0000 0.5223 0.0000 0.0000 
156      156   (0)      3 :  0.0100 0.0000 0.0000 0.3358 0.0000 0.0022 0.6062 0.0073 0.0385 
157      157   (0)      3 :  0.0068 0.0000 0.0000 0.4714 0.0042 0.0000 0.4217 0.0000 0.0959 
158      158   (0)      3 :  0.0199 0.0000 0.0000 0.6081 0.0219 0.0000 0.3499 0.0000 0.0003 
159      159   (0)      3 :  0.0045 0.0000 0.0004 0.5767 0.0208 0.0132 0.3841 0.0000 0.0003 
160      160   (0)      3 :  0.0000 0.0000 0.0145 0.4812 0.0000 0.0335 0.0036 0.0038 0.4635 
161      161   (0)      3 :  0.0344 0.0324 0.0000 0.3179 0.2492 0.1386 0.2275 0.0000 0.0000 
162      162   (0)      3 :  0.0000 0.0000 0.0000 0.1205 0.6496 0.0000 0.2300 0.0000 0.0000 
163      163   (0)      3 :  0.0290 0.0000 0.0000 0.6570 0.0033 0.0000 0.3107 0.0000 0.0000 
164      164   (0)      3 :  0.0157 0.0007 0.0000 0.3255 0.2609 0.0000 0.3973 0.0000 0.0000 
165      165   (0)      3 :  0.0091 0.0000 0.0000 0.5494 0.0030 0.0000 0.4383 0.0000 0.0002 
166      166   (0)      3 :  0.0044 0.0000 0.0000 0.0000 0.7185 0.0000 0.2651 0.0000 0.0120 
167      167   (0)      3 :  0.0152 0.0000 0.0000 0.4100 0.0712 0.0002 0.5035 0.0000 0.0000 
168      168   (0)      3 :  0.0086 0.0000 0.0081 0.5563 0.2807 0.0019 0.1445 0.0000 0.0000 
169      169   (0)      3 :  0.0192 0.0000 0.0000 0.4907 0.0075 0.0066 0.4751 0.0000 0.0009 
170      170   (0)      3 :  0.0250 0.0000 0.0000 0.5271 0.0000 0.0016 0.4463 0.0000 0.0000 
171      171   (0)      3 :  0.0173 0.0000 0.0000 0.7685 0.0000 0.0019 0.2098 0.0000 0.0026 
172      172   (0)      3 :  0.0299 0.0000 0.0000 0.5144 0.0274 0.0000 0.4283 0.0000 0.0000 
173      173   (0)      3 :  0.0194 0.0000 0.0000 0.5603 0.0006 0.0390 0.3808 0.0000 0.0000 
174      174   (0)      3 :  0.0227 0.0000 0.0000 0.2619 0.3561 0.0001 0.3592 0.0000 0.0000 
175      175   (0)      8 :  0.0098 0.0000 0.0000 0.0480 0.5072 0.0000 0.4350 0.0000 0.0000 
176      176   (0)      8 :  0.0634 0.0195 0.0360 0.0168 0.0000 0.2953 0.5565 0.0038 0.0086 
177      177   (0)      8 :  0.0022 0.0000 0.0000 0.4626 0.3243 0.0000 0.2109 0.0000 0.0000 
178      178   (0)      8 :  0.0403 0.0122 0.0000 0.4616 0.0000 0.2346 0.2513 0.0000 0.0000 
179      179   (0)      8 :  0.0069 0.0000 0.0000 0.3261 0.4270 0.0012 0.2388 0.0000 0.0000 
180      180   (0)      8 :  0.0050 0.0000 0.0000 0.2638 0.3650 0.0000 0.3298 0.0000 0.0365 
181      181   (0)      8 :  0.0047 0.0000 0.0000 0.3283 0.2858 0.0000 0.3667 0.0146 0.0000 
182      182   (0)      1 :  0.0413 0.0004 0.0000 0.8479 0.0000 0.0909 0.0196 0.0000 0.0000 
183      183   (0)      1 :  0.0336 0.0165 0.0000 0.3264 0.3729 0.2506 0.0000 0.0000 0.0000 
184      184   (0)      1 :  0.0605 0.0213 0.0000 0.6093 0.0000 0.3089 0.0000 0.0000 0.0000 
185      185   (0)      1 :  0.0240 0.0058 0.0000 0.3087 0.3894 0.2532 0.0000 0.0000 0.0190 
186      186   (0)      1 :  0.0602 0.0094 0.0000 0.6773 0.0205 0.2326 0.0000 0.0000 0.0000 
187      187   (0)      1 :  0.0435 0.0111 0.0090 0.2727 0.2004 0.2131 0.2164 0.0000 0.0338 
188      188   (0)      1 :  0.0506 0.0000 0.0000 0.7799 0.0099 0.1595 0.0000 0.0000 0.0000 
189      189   (0)      1 :  0.0546 0.0000 0.0000 0.7798 0.0959 0.0697 0.0000 0.0000 0.0000 
190      190   (0)      2 :  0.0265 0.0077 0.0000 0.0229 0.7894 0.1536 0.0000 0.0000 0.0000 
191      191   (0)      2 :  0.0124 0.0000 0.0000 0.6854 0.0000 0.0237 0.2785 0.0000 0.0000 
192      192   (0)      2 :  0.0271 0.0000 0.0000 0.6527 0.1023 0.0669 0.1510 0.0000 0.0000 
193      193   (0)      2 :  0.0000 0.0000 0.0000 0.0000 0.6507 0.0000 0.3138 0.0355 0.0000 
194      194   (0)      2 :  0.0032 0.0000 0.0000 0.7880 0.1291 0.0214 0.0583 0.0000 0.0000 
195      195   (0)      2 :  0.0000 0.0000 0.0000 0.0000 0.8673 0.0000 0.1327 0.0000 0.0000 
196      196   (0)      2 :  0.0352 0.0258 0.0000 0.3500 0.2300 0.3587 0.0003 0.0000 0.0000 
197      197   (0)      2 :  0.0390 0.0109 0.0000 0.1178 0.3695 0.2324 0.2304 0.0000 0.0000 
198      198   (0)      1 :  0.0359 0.0193 0.0000 0.2535 0.5575 0.0787 0.0551 0.0000 0.0000 
199      199   (0)      1 :  0.0321 0.0191 0.0000 0.5695 0.0000 0.3681 0.0112 0.0000 0.0000 
200      200   (0)      1 :  0.0207 0.0241 0.0000 0.0541 0.4837 0.3109 0.1064 0.0000 0.0000 
201      201   (0)      1 :  0.0145 0.0708 0.0068 0.1566 0.1800 0.5466 0.0005 0.0000 0.0243 
202      202   (0)      1 :  0.0068 0.0280 0.0000 0.0637 0.4076 0.4936 0.0000 0.0000 0.0004 
203      203   (0)      1 :  0.0452 0.0355 0.0000 0.1548 0.0001 0.7644 0.0000 0.0000 0.0000 
204      204   (0)      2 :  0.0021 0.0073 0.0000 0.0194 0.4188 0.2022 0.1245 0.0031 0.2225 
205      205   (0)      2 :  0.0173 0.0221 0.0000 0.1526 0.5109 0.2968 0.0003 0.0000 0.0000 
206      206   (0)      2 :  0.0000 0.0000 0.0000 0.0289 0.3074 0.0806 0.0783 0.0000 0.5048 
207      207   (0)      2 :  0.0398 0.0073 0.0000 0.7326 0.0030 0.1063 0.1110 0.0000 0.0000 
208      208   (0)      2 :  0.0000 0.0000 0.0000 0.0000 1.0000 0.0000 0.0000 0.0000 0.0000 
209      209   (0)      2 :  0.0417 0.0000 0.0000 0.8969 0.0030 0.0026 0.0533 0.0000 0.0025 
210      210   (0)      2 :  0.0209 0.0094 0.0000 0.0000 0.7855 0.0667 0.1175 0.0000 0.0000 
211      211   (0)      1 :  0.0302 0.0339 0.0000 0.0024 0.7787 0.1548 0.0000 0.0000 0.0000 
212      212   (0)      1 :  0.0542 0.0339 0.0000 0.2667 0.0000 0.4508 0.1920 0.0000 0.0023 
213      213   (0)      1 :  0.0476 0.0070 0.0002 0.3148 0.2504 0.2515 0.1082 0.0203 0.0000 
214      214   (0)      1 :  0.0543 0.0245 0.0000 0.5557 0.0000 0.3621 0.0030 0.0000 0.0004 
215      215   (0)      1 :  0.0179 0.0052 0.0000 0.0329 0.8257 0.1183 0.0000 0.0000 0.0000 
216      216   (0)      1 :  0.0390 0.0323 0.0000 0.5168 0.0000 0.4118 0.0000 0.0000 0.0002 
217      217   (0)      1 :  0.0484 0.0626 0.0000 0.4418 0.0261 0.4211 0.0000 0.0000 0.0000 
218      218   (0)      1 :  0.0109 0.0394 0.0006 0.0808 0.4513 0.3730 0.0436 0.0000 0.0004 
219      219   (0)      2 :  0.0187 0.0000 0.0000 0.4324 0.4294 0.1196 0.0000 0.0000 0.0000 
220      220   (0)      2 :  0.0126 0.0098 0.0000 0.0000 0.6267 0.1405 0.2104 0.0000 0.0000 
221      221   (0)      2 :  0.0455 0.0067 0.0142 0.6771 0.0000 0.2179 0.0385 0.0000 0.0000 
222      222   (0)      2 :  0.0222 0.0000 0.0003 0.5125 0.1316 0.1337 0.1997 0.0000 0.0000 
223      223   (0)      2 :  0.0156 0.0180 0.0043 0.5787 0.0000 0.3792 0.0042 0.0000 0.0000 
224      224   (0)      2 :  0.0031 0.0000 0.0000 0.1089 0.8850 0.0016 0.0014 0.0000 0.0000 
225      225   (0)      2 :  0.0370 0.0115 0.0000 0.1114 0.6166 0.1494 0.0740 0.0000 0.0000 
226      226   (0)      2 :  0.0649 0.0119 0.0000 0.7535 0.0000 0.1239 0.0448 0.0010 0.0000 
227      227   (0)      2 :  0.0598 0.0000 0.0000 0.7460 0.1464 0.0478 0.0000 0.0000 0.0000 
228      228   (0)      2 :  0.0490 0.0000 0.0008 0.8102 0.1283 0.0073 0.0044 0.0000 0.0000 
229      229   (0)      2 :  0.0156 0.0000 0.0000 0.9399 0.0445 0.0000 0.0000 0.0000 0.0000 
230      230   (0)      2 :  0.0000 0.0000 0.0270 0.2112 0.3587 0.0441 0.0000 0.0284 0.3306 
231      231   (0)      2 :  0.0309 0.0000 0.0000 0.4865 0.1548 0.0325 0.2949 0.0002 0.0001 
232      232   (0)      2 :  0.0190 0.0000 0.0000 0.4808 0.3758 0.0625 0.0619 0.0000 0.0000 
233      233   (0)      9 :  0.0000 0.9647 0.0000 0.0353 0.0000 0.0000 0.0000 0.0000 0.0000 
234      234   (0)      9 :  0.0000 0.0000 0.0943 0.0000 0.0000 0.0072 0.0000 0.8494 0.0492 
235      235   (0)      9 :  0.0000 1.0000 0.0000 0.0000 0.0000 0.0000 0.0000 0.0000 0.0000 
236      236   (0)      9 :  0.0000 0.0000 0.1412 0.0000 0.0000 0.0156 0.0806 0.7110 0.0516 
237      237   (0)      9 :  0.0000 0.9772 0.0000 0.0228 0.0000 0.0000 0.0000 0.0000 0.0000 
238      238   (0)      9 :  0.0061 0.9939 0.0000 0.0000 0.0000 0.0000 0.0000 0.0000 0.0000 
239      239   (0)      9 :  0.0883 0.0000 0.0222 0.0000 0.0134 0.0062 0.0000 0.8694 0.0006 
240      240   (0)      9 :  0.0000 0.0000 0.0401 0.0000 0.0000 0.0139 0.0000 0.9405 0.0055 
241      241   (0)     10 :  0.0004 0.0000 0.0000 0.0000 0.0000 0.0000 0.0000 0.9996 0.0000 
242      242   (0)     10 :  0.0000 0.0000 0.0019 0.0000 0.0000 0.0000 0.0000 0.9981 0.0000 
243      243   (0)     10 :  0.0042 0.0000 0.0000 0.0002 0.0000 0.0000 0.0501 0.9456 0.0000 
244      244   (0)     11 :  0.0206 0.9234 0.0295 0.0000 0.0000 0.0155 0.0000 0.0000 0.0111 
245      245   (0)     11 :  0.0345 0.9127 0.0388 0.0000 0.0000 0.0139 0.0000 0.0000 0.0000 
246      246   (0)     11 :  0.0078 0.9517 0.0000 0.0057 0.0000 0.0348 0.0000 0.0000 0.0000 
247      247   (0)     11 :  0.0000 0.9985 0.0000 0.0006 0.0000 0.0008 0.0000 0.0000 0.0000 
248      248   (0)     11 :  0.0000 0.9736 0.0000 0.0000 0.0000 0.0264 0.0000 0.0000 0.0000 
249      249   (0)     11 :  0.0642 0.0025 0.2273 0.0000 0.0000 0.0741 0.0000 0.6319 0.0000 
250      250   (0)     11 :  0.1861 0.0010 0.2581 0.0000 0.0000 0.0521 0.0224 0.4743 0.0060 
251      251   (0)     10 :  0.0000 0.1015 0.0000 0.0164 0.0000 0.0698 0.0009 0.8113 0.0000 
252      252   (0)     10 :  0.0000 0.0000 0.0000 0.0000 0.0000 0.0005 0.0000 0.9644 0.0351 
253      253   (0)     10 :  0.0000 0.0000 0.0000 0.0000 0.0000 0.0000 0.0000 1.0000 0.0000 
254      254   (0)     10 :  0.0000 0.0000 0.0242 0.0000 0.0000 0.0443 0.0000 0.9315 0.0000 
255      255   (0)     10 :  0.0000 0.0000 0.0413 0.0000 0.1424 0.0137 0.0000 0.8027 0.0000 
256      256   (0)     10 :  0.0117 0.0262 0.0673 0.0000 0.0000 0.0550 0.0098 0.7973 0.0327 
257      257   (0)     10 :  0.0003 0.0184 0.0000 0.0000 0.0000 0.0204 0.0000 0.9350 0.0259 
258      258   (0)     10 :  0.0000 0.0000 0.0149 0.0000 0.0000 0.0079 0.0000 0.9772 0.0000 
259      259   (0)     10 :  0.0000 0.0492 0.0000 0.0000 0.0000 0.0000 0.0000 0.9252 0.0256 
260      260   (0)     10 :  0.0001 0.0000 0.1458 0.0000 0.0000 0.0048 0.0293 0.8200 0.0000 
261      261   (0)     10 :  0.0041 0.3485 0.0469 0.0072 0.0000 0.0031 0.0000 0.5903 0.0000 
262      262   (0)     10 :  0.0790 0.0459 0.0549 0.0000 0.0000 0.0078 0.1116 0.6871 0.0137 
263      263   (0)     10 :  0.0000 0.0000 0.0017 0.0000 0.0000 0.0000 0.0000 0.9698 0.0285 
264      264   (0)     10 :  0.0007 0.0000 0.0000 0.0000 0.0000 0.0000 0.0000 0.9993 0.0000 
265      265   (0)     10 :  0.0000 0.0000 0.0249 0.0000 0.0000 0.0189 0.0000 0.9562 0.0000 
266      266   (0)     10 :  0.0003 0.0000 0.0544 0.0006 0.0000 0.0000 0.0000 0.9321 0.0126 
267      267   (0)     10 :  0.0000 0.8862 0.0009 0.0000 0.0722 0.0000 0.0000 0.0407 0.0000 
268      268   (0)     10 :  0.0078 0.0000 0.0550 0.0000 0.0000 0.0000 0.0585 0.8787 0.0000 
269      269   (0)     10 :  0.0013 0.0250 0.0000 0.0000 0.0000 0.0000 0.0349 0.9388 0.0000 
270      270   (0)     10 :  0.0000 0.0008 0.0043 0.0015 0.0000 0.0507 0.0000 0.9428 0.0000 
271      271   (0)     10 :  0.0012 0.0199 0.0000 0.0000 0.0000 0.0006 0.0025 0.9758 0.0000 
272      272   (0)     10 :  0.0000 0.0000 0.0000 0.0000 0.0000 0.0000 0.0000 1.0000 0.0000 
273      273   (0)     12 :  0.7824 0.0000 0.1942 0.0000 0.0000 0.0172 0.0000 0.0062 0.0000 
274      274   (0)     12 :  0.7999 0.0123 0.1878 0.0000 0.0000 0.0000 0.0000 0.0000 0.0000 
275      275   (0)     12 :  0.8000 0.0000 0.1999 0.0000 0.0000 0.0000 0.0000 0.0001 0.0000 
276      276   (0)     12 :  0.6873 0.0000 0.3060 0.0000 0.0000 0.0058 0.0000 0.0000 0.0010 
277      277   (0)     12 :  0.7649 0.0513 0.1540 0.0000 0.0000 0.0000 0.0107 0.0191 0.0000 
278      278   (0)     12 :  0.2922 0.6415 0.0662 0.0000 0.0000 0.0000 0.0000 0.0000 0.0000 
279      279   (0)     12 :  0.1604 0.8060 0.0336 0.0000 0.0000 0.0000 0.0000 0.0000 0.0000 
280      280   (0)     12 :  0.8000 0.0000 0.2000 0.0000 0.0000 0.0000 0.0000 0.0000 0.0000 
281      281   (0)     12 :  0.7788 0.0000 0.1895 0.0000 0.0000 0.0212 0.0000 0.0072 0.0032 
282      282   (0)     12 :  0.6567 0.0723 0.1910 0.0000 0.0000 0.0000 0.0076 0.0724 0.0000 
283      283   (0)     12 :  0.8000 0.0122 0.1758 0.0009 0.0000 0.0000 0.0074 0.0038 0.0000 
284      284   (0)     12 :  0.1470 0.8190 0.0341 0.0000 0.0000 0.0000 0.0000 0.0000 0.0000 
285      285   (0)     12 :  0.1511 0.8249 0.0217 0.0000 0.0000 0.0023 0.0000 0.0000 0.0000 
286      286   (0)     12 :  0.2664 0.6810 0.0500 0.0000 0.0000 0.0000 0.0026 0.0000 0.0000 
287      287   (0)     12 :  0.8000 0.0000 0.1908 0.0000 0.0000 0.0000 0.0000 0.0092 0.0000 
288      288   (0)     12 :  0.8000 0.0000 0.2000 0.0000 0.0000 0.0000 0.0000 0.0000 0.0000 
289      289   (0)     12 :  0.8000 0.0000 0.2000 0.0000 0.0000 0.0000 0.0000 0.0000 0.0000 
290      290   (0)     12 :  0.8000 0.0000 0.1980 0.0000 0.0000 0.0000 0.0000 0.0000 0.0020 
291      291   (0)     12 :  0.8000 0.0000 0.1924 0.0000 0.0000 0.0000 0.0000 0.0076 0.0000 
292      292   (0)     12 :  0.8000 0.0043 0.1822 0.0000 0.0000 0.0000 0.0000 0.0135 0.0000 
293      293   (0)     12 :  0.8000 0.0000 0.2000 0.0000 0.0000 0.0000 0.0000 0.0000 0.0000 
294      294   (0)     12 :  0.7964 0.0000 0.1984 0.0000 0.0000 0.0000 0.0000 0.0000 0.0052 
295      295   (0)     12 :  0.0854 0.9044 0.0102 0.0000 0.0000 0.0000 0.0000 0.0000 0.0000 
296      296   (0)     12 :  0.7956 0.0000 0.2031 0.0000 0.0000 0.0014 0.0000 0.0000 0.0000 
297      297   (0)     12 :  0.7212 0.0000 0.2633 0.0000 0.0000 0.0155 0.0000 0.0000 0.0000 
298      298   (0)     12 :  0.1590 0.7744 0.0630 0.0000 0.0000 0.0000 0.0036 0.0000 0.0000 
299      299   (0)     12 :  0.8000 0.0000 0.1737 0.0000 0.0000 0.0000 0.0032 0.0230 0.0000 
300      300   (0)     12 :  0.1227 0.8156 0.0256 0.0000 0.0000 0.0361 0.0000 0.0000 0.0000 
301      301   (0)     13 :  0.1262 0.0316 0.5497 0.0000 0.0000 0.1373 0.0000 0.1551 0.0000 
302      302   (0)     13 :  0.1848 0.0000 0.5666 0.0000 0.0000 0.1500 0.0000 0.0811 0.0175 
303      303   (0)     13 :  0.0806 0.0000 0.5814 0.0000 0.0000 0.1500 0.0000 0.1863 0.0016 
304      304   (0)     13 :  0.1338 0.0049 0.5208 0.0000 0.0000 0.0780 0.0000 0.2625 0.0000 
305      305   (0)     13 :  0.1201 0.0000 0.6280 0.0000 0.0000 0.1500 0.0000 0.1019 0.0000 
306      306   (0)     13 :  0.2195 0.0000 0.5231 0.0000 0.0000 0.1593 0.0000 0.0977 0.0004 
307      307   (0)     13 :  0.0790 0.0000 0.4822 0.0000 0.0000 0.1362 0.0000 0.2483 0.0544 
308      308   (0)     13 :  0.0003 0.7140 0.1887 0.0000 0.0000 0.0965 0.0005 0.0000 0.0000 
309      309   (0)     13 :  0.1228 0.3679 0.3233 0.0000 0.0000 0.0945 0.0000 0.0915 0.0000 
310      310   (0)     13 :  0.2753 0.0000 0.5355 0.0000 0.0000 0.1278 0.0000 0.0609 0.0005 
311      311   (0)     13 :  0.0066 0.0000 0.7205 0.0000 0.0000 0.1500 0.0000 0.1229 0.0000 
312      312   (0)     13 :  0.0493 0.0000 0.5686 0.0000 0.0000 0.1500 0.0023 0.1386 0.0913 
313      313   (0)     13 :  0.1360 0.0000 0.6391 0.0000 0.0000 0.1500 0.0000 0.0749 0.0000 
314      314   (0)     13 :  0.1420 0.0000 0.5244 0.0000 0.0000 0.1500 0.0000 0.1836 0.0000 
315      315   (0)     13 :  0.1915 0.0000 0.4959 0.0000 0.0000 0.1466 0.0000 0.1661 0.0000 
316      316   (0)     13 :  0.0601 0.0000 0.4998 0.0000 0.0000 0.1348 0.0000 0.2988 0.0064 
317      317   (0)     13 :  0.1232 0.0000 0.5669 0.0000 0.0003 0.1500 0.0000 0.1597 0.0000 
318      318   (0)     13 :  0.1417 0.0000 0.5733 0.0000 0.0000 0.1500 0.0000 0.0552 0.0798 
319      319   (0)     13 :  0.0120 0.0000 0.6248 0.0000 0.0000 0.1500 0.0000 0.2132 0.0000 
320      320   (0)     13 :  0.1370 0.7190 0.1037 0.0000 0.0000 0.0400 0.0000 0.0000 0.0002 
321      321   (0)     13 :  0.1417 0.0000 0.5778 0.0000 0.0000 0.1500 0.0000 0.1305 0.0000 
322      322   (0)     13 :  0.2052 0.0000 0.4895 0.0000 0.0000 0.1500 0.0000 0.1554 0.0000 
323      323   (0)     13 :  0.1213 0.0000 0.7196 0.0000 0.0000 0.1369 0.0000 0.0221 0.0000 
324      324   (0)     13 :  0.1318 0.0000 0.6761 0.0000 0.0000 0.1167 0.0000 0.0754 0.0000 
325      325   (0)     14 :  0.0721 0.0000 0.3741 0.0000 0.0000 0.1022 0.0000 0.4516 0.0000 
326      326   (0)     14 :  0.0000 0.0000 0.0000 0.0000 0.0000 0.0128 0.0000 0.9872 0.0000 
327      327   (0)     14 :  0.0000 1.0000 0.0000 0.0000 0.0000 0.0000 0.0000 0.0000 0.0000 
328      328   (0)     14 :  0.2240 0.0000 0.1388 0.0000 0.0000 0.0370 0.0000 0.6003 0.0000 
329      329   (0)     14 :  0.0000 0.9975 0.0025 0.0000 0.0000 0.0000 0.0000 0.0000 0.0000 
330      330   (0)     14 :  0.0000 0.9238 0.0000 0.0361 0.0000 0.0000 0.0000 0.0400 0.0000 
331      331   (0)     14 :  0.0057 0.9761 0.0131 0.0000 0.0000 0.0051 0.0000 0.0000 0.0000 
332      332   (0)     14 :  0.1400 0.1042 0.2015 0.0000 0.0000 0.0415 0.0000 0.5128 0.0000 
333      333   (0)     14 :  0.0000 1.0000 0.0000 0.0000 0.0000 0.0000 0.0000 0.0000 0.0000 
334      334   (0)     14 :  0.0563 0.0000 0.1056 0.0000 0.0000 0.0411 0.0000 0.7970 0.0000 
335      335   (0)     14 :  0.0686 0.0583 0.1842 0.0000 0.0000 0.0696 0.0000 0.6193 0.0000 
336      336   (0)     11 :  0.0000 0.9669 0.0000 0.0000 0.0000 0.0060 0.0000 0.0271 0.0000 
337      337   (0)     11 :  0.1541 0.0000 0.1437 0.0000 0.0000 0.0716 0.0000 0.6132 0.0174 
338      338   (0)     11 :  0.0282 0.8834 0.0081 0.0000 0.0000 0.0803 0.0000 0.0000 0.0000 
339      339   (0)     10 :  0.0000 0.0000 0.0000 0.0000 0.0000 0.0000 0.0000 1.0000 0.0000 
340      340   (0)     10 :  0.0000 0.7264 0.0000 0.0000 0.0010 0.0000 0.2684 0.0000 0.0041 
341      341   (0)     11 :  0.0691 0.8857 0.0010 0.0219 0.0000 0.0047 0.0000 0.0174 0.0002 
342      342   (0)     11 :  0.0000 1.0000 0.0000 0.0000 0.0000 0.0000 0.0000 0.0000 0.0000 
343      343   (0)     11 :  0.0000 1.0000 0.0000 0.0000 0.0000 0.0000 0.0000 0.0000 0.0000 
344      344   (0)     11 :  0.0091 0.8708 0.0000 0.0228 0.0000 0.0000 0.0038 0.0935 0.0000 
345      345   (0)     11 :  0.0008 0.9520 0.0219 0.0000 0.0000 0.0181 0.0000 0.0072 0.0000 
346      346   (0)     11 :  0.0000 1.0000 0.0000 0.0000 0.0000 0.0000 0.0000 0.0000 0.0000 
347      347   (0)     11 :  0.0657 0.0000 0.2523 0.0000 0.0000 0.0796 0.0000 0.6024 0.0000 
348      348   (0)     11 :  0.0000 1.0000 0.0000 0.0000 0.0000 0.0000 0.0000 0.0000 0.0000 
349      349   (0)     11 :  0.0000 0.9676 0.0000 0.0000 0.0000 0.0000 0.0000 0.0324 0.0000 
350      350   (0)     11 :  0.0000 0.8387 0.0672 0.0000 0.0000 0.0000 0.0000 0.0941 0.0000 
351      351   (0)     11 :  0.0143 0.9857 0.0000 0.0000 0.0000 0.0000 0.0000 0.0000 0.0000 
352      352   (0)     11 :  0.1323 0.0256 0.0862 0.0000 0.0000 0.0178 0.0000 0.7381 0.0000 
353      353   (0)     11 :  0.0000 1.0000 0.0000 0.0000 0.0000 0.0000 0.0000 0.0000 0.0000 
354      354   (0)     11 :  0.0962 0.0000 0.0286 0.0000 0.0000 0.0457 0.0000 0.8295 0.0000 
355      355   (0)     11 :  0.0000 1.0000 0.0000 0.0000 0.0000 0.0000 0.0000 0.0000 0.0000 
356      356   (0)     14 :  0.0033 0.9079 0.0826 0.0000 0.0062 0.0000 0.0000 0.0000 0.0000 
357      357   (0)     14 :  0.1268 0.0000 0.1573 0.0000 0.0000 0.0528 0.0000 0.6631 0.0000 
358      358   (0)     14 :  0.0000 1.0000 0.0000 0.0000 0.0000 0.0000 0.0000 0.0000 0.0000 
359      359   (0)     14 :  0.0227 0.0000 0.2571 0.0000 0.0000 0.0387 0.0000 0.6815 0.0000 
360      360   (0)     14 :  0.0000 1.0000 0.0000 0.0000 0.0000 0.0000 0.0000 0.0000 0.0000 
361      361   (0)     14 :  0.0000 0.9405 0.0000 0.0000 0.0000 0.0052 0.0000 0.0544 0.0000 
362      362   (0)     14 :  0.0000 0.9967 0.0000 0.0000 0.0000 0.0033 0.0000 0.0000 0.0000 
363      363   (0)     14 :  0.0100 0.9780 0.0000 0.0120 0.0000 0.0000 0.0000 0.0000 0.0000 
364      364   (0)     14 :  0.0000 1.0000 0.0000 0.0000 0.0000 0.0000 0.0000 0.0000 0.0000 
365      365   (0)     14 :  0.0000 0.8734 0.0838 0.0000 0.0000 0.0252 0.0000 0.0176 0.0000 
366      366   (0)     14 :  0.0390 0.0295 0.2136 0.0000 0.0000 0.0336 0.0000 0.6843 0.0000 
367      367   (0)      9 :  0.0080 0.0000 0.0659 0.0000 0.0000 0.0104 0.0000 0.9157 0.0000 
368      368   (0)      9 :  0.0000 0.8540 0.0000 0.0000 0.0000 0.0000 0.0426 0.1034 0.0000 
369      369   (0)      9 :  0.0127 0.0196 0.0048 0.0000 0.0000 0.0156 0.0000 0.9473 0.0000 
370      370   (0)      9 :  0.0000 0.0615 0.0265 0.0000 0.0000 0.0000 0.0000 0.9121 0.0000 
371      371   (0)      9 :  0.0000 0.0000 0.0000 0.0000 0.0000 0.0067 0.0000 0.9933 0.0000 
372      372   (0)      9 :  0.0000 1.0000 0.0000 0.0000 0.0000 0.0000 0.0000 0.0000 0.0000 
373      373   (0)     14 :  0.0000 0.9999 0.0000 0.0000 0.0000 0.0000 0.0000 0.0000 0.0001 
374      374   (0)     14 :  0.0000 0.0211 0.0000 0.0000 0.0000 0.0343 0.0000 0.9447 0.0000 
375      375   (0)     14 :  0.0000 0.9549 0.0013 0.0000 0.0000 0.0000 0.0000 0.0438 0.0000 
376      376   (0)     14 :  0.0000 1.0000 0.0000 0.0000 0.0000 0.0000 0.0000 0.0000 0.0000 
377      377   (0)     14 :  0.0544 0.0000 0.0141 0.0000 0.0000 0.0640 0.0000 0.8651 0.0024 
378      378   (0)      9 :  0.0133 0.0000 0.0002 0.0000 0.0000 0.0000 0.0000 0.9865 0.0000 
379      379   (0)      9 :  0.0000 0.9390 0.0000 0.0610 0.0000 0.0000 0.0000 0.0000 0.0000 
380      380   (0)      9 :  0.0140 0.9087 0.0000 0.0772 0.0000 0.0000 0.0000 0.0001 0.0000 
381      381   (0)      9 :  0.0000 0.8743 0.0000 0.0000 0.1257 0.0000 0.0000 0.0000 0.0000 
382      382   (0)      9 :  0.0000 0.0000 0.0000 0.0000 0.0000 0.0056 0.0000 0.9944 0.0000 
383      383   (0)      9 :  0.0000 0.0000 0.0000 0.0000 0.0000 0.0000 0.0000 1.0000 0.0000 
384      384   (0)      9 :  0.0000 0.0000 0.0000 0.0000 0.0000 0.0000 0.0000 1.0000 0.0000 
385      385   (0)      9 :  0.0000 0.8386 0.0000 0.0000 0.1614 0.0000 0.0000 0.0000 0.0000 
386      386   (0)      9 :  0.0179 0.0000 0.0000 0.0000 0.0000 0.0071 0.0000 0.9750 0.0000 
387      387   (0)      9 :  0.0000 0.0104 0.0022 0.0000 0.0000 0.0000 0.0000 0.9549 0.0325 
388      388   (0)      9 :  0.0000 0.9978 0.0000 0.0000 0.0022 0.0000 0.0000 0.0000 0.0000 
389      389   (0)      9 :  0.0015 0.9761 0.0000 0.0064 0.0000 0.0154 0.0007 0.0000 0.0000 
390      390   (0)      9 :  0.0101 0.0000 0.0000 0.0000 0.0000 0.0125 0.0555 0.8070 0.1149 
391      391   (0)      9 :  0.0000 0.7967 0.0000 0.0000 0.2033 0.0000 0.0000 0.0000 0.0000 
392      392   (0)     15 :  0.0000 0.0018 0.6429 0.0000 0.0000 0.0258 0.0000 0.3295 0.0000 
393      393   (0)     15 :  0.0000 0.0000 0.9662 0.0000 0.0000 0.0338 0.0000 0.0000 0.0000 
394      394   (0)     15 :  0.0000 0.1018 0.8980 0.0002 0.0000 0.0000 0.0000 0.0000 0.0000 
395      395   (0)     15 :  0.0000 0.0664 0.8182 0.0000 0.1041 0.0113 0.0000 0.0000 0.0000 
396      396   (0)     15 :  0.0000 0.0127 0.9718 0.0000 0.0000 0.0155 0.0000 0.0000 0.0000 
397      397   (0)     15 :  0.0000 0.0126 0.9823 0.0000 0.0000 0.0051 0.0000 0.0000 0.0000 
398      398   (0)     15 :  0.0000 0.0050 0.9915 0.0000 0.0000 0.0035 0.0000 0.0000 0.0000 
399      399   (0)     15 :  0.0000 0.8016 0.1984 0.0000 0.0000 0.0000 0.0000 0.0000 0.0000 
400      400   (0)     15 :  0.0000 0.0000 0.9856 0.0000 0.0144 0.0000 0.0000 0.0000 0.0000 
401      401   (0)     15 :  0.0000 0.0060 0.9802 0.0000 0.0000 0.0001 0.0000 0.0000 0.0137 
402      402   (0)     15 :  0.0000 0.7425 0.2572 0.0000 0.0000 0.0003 0.0000 0.0000 0.0000 
403      403   (0)     15 :  0.0000 0.9955 0.0045 0.0000 0.0000 0.0000 0.0000 0.0000 0.0000 
404      404   (0)     15 :  0.0000 0.0436 0.9564 0.0000 0.0000 0.0000 0.0000 0.0000 0.0000 
405      405   (0)     15 :  0.0000 0.0098 0.9678 0.0000 0.0000 0.0113 0.0000 0.0111 0.0000 
406      406   (0)     15 :  0.0000 0.0017 0.9543 0.0000 0.0000 0.0400 0.0000 0.0041 0.0000 
407      407   (0)     15 :  0.0000 0.1873 0.8007 0.0000 0.0000 0.0000 0.0000 0.0121 0.0000 
408      408   (0)     15 :  0.0000 0.8092 0.1908 0.0000 0.0000 0.0000 0.0000 0.0000 0.0000 
409      409   (0)     15 :  0.0000 0.0460 0.9540 0.0000 0.0000 0.0000 0.0000 0.0000 0.0000 
410      410   (0)     15 :  0.0000 0.7268 0.2732 0.0000 0.0000 0.0000 0.0000 0.0000 0.0000 
411      411   (0)     15 :  0.0000 0.0083 0.9666 0.0000 0.0000 0.0250 0.0000 0.0000 0.0000 
412      412   (0)     15 :  0.0000 0.1345 0.8623 0.0000 0.0023 0.0009 0.0000 0.0000 0.0000 
413      413   (0)     15 :  0.0000 0.0041 0.9711 0.0000 0.0000 0.0248 0.0000 0.0000 0.0000 
414      414   (0)     15 :  0.1178 0.0000 0.8062 0.0000 0.0000 0.0272 0.0094 0.0373 0.0022 
415      415   (0)     15 :  0.0663 0.1411 0.7236 0.0000 0.0000 0.0588 0.0011 0.0091 0.0000 
416      416   (0)     15 :  0.0000 0.0000 1.0000 0.0000 0.0000 0.0000 0.0000 0.0000 0.0000 
417      417   (0)     15 :  0.0000 0.8260 0.1740 0.0000 0.0000 0.0000 0.0000 0.0000 0.0000 
418      418   (0)     15 :  0.0000 0.0000 0.9786 0.0000 0.0000 0.0214 0.0000 0.0000 0.0000 
419      419   (0)     15 :  0.0000 0.8029 0.1826 0.0000 0.0000 0.0145 0.0000 0.0000 0.0000 
420      420   (0)     15 :  0.0000 0.8341 0.1659 0.0000 0.0000 0.0000 0.0000 0.0000 0.0000 
421      421   (0)     16 :  0.0515 0.0000 0.0000 0.4173 0.5162 0.0018 0.0000 0.0000 0.0131 
422      422   (0)     16 :  0.0389 0.0008 0.0000 0.0961 0.7386 0.0000 0.1256 0.0000 0.0000 
423      423   (0)     16 :  0.0745 0.0652 0.0009 0.6093 0.0000 0.1678 0.0824 0.0000 0.0000 
424      424   (0)     16 :  0.0720 0.0859 0.0000 0.2685 0.4374 0.0439 0.0871 0.0051 0.0000 
425      425   (0)     16 :  0.0529 0.0140 0.0000 0.0000 0.6818 0.1559 0.0953 0.0000 0.0000 
426      426   (0)     16 :  0.0733 0.0051 0.0000 0.6434 0.0000 0.1932 0.0850 0.0000 0.0000 
427      427   (0)     16 :  0.0635 0.0034 0.0001 0.2687 0.6405 0.0016 0.0099 0.0123 0.0000 
428      428   (0)     16 :  0.1174 0.0000 0.0000 0.8826 0.0000 0.0000 0.0000 0.0000 0.0000 
429      429   (0)     16 :  0.0977 0.0105 0.0000 0.1354 0.5336 0.0939 0.1056 0.0233 0.0000 
430      430   (0)     16 :  0.0617 0.0000 0.0000 0.8707 0.0000 0.0323 0.0323 0.0000 0.0031 
431      431   (0)     16 :  0.0495 0.0000 0.0000 0.0000 0.5366 0.0000 0.4139 0.0000 0.0000 
432      432   (0)     16 :  0.0802 0.0312 0.0000 0.8221 0.0274 0.0392 0.0000 0.0000 0.0000 
433      433   (0)     16 :  0.0357 0.0000 0.0000 0.1140 0.8503 0.0000 0.0000 0.0000 0.0000 
434      434   (0)     16 :  0.0439 0.0129 0.0032 0.6492 0.2802 0.0004 0.0102 0.0000 0.0000 
435      435   (0)     16 :  0.0495 0.0048 0.0000 0.4655 0.4801 0.0000 0.0000 0.0000 0.0000 
436      436   (0)     16 :  0.0354 0.0000 0.0000 0.0180 0.8588 0.0000 0.0845 0.0000 0.0033 
437      437   (0)     16 :  0.0725 0.0000 0.0000 0.8519 0.0000 0.0000 0.0756 0.0000 0.0000 
438      438   (0)     16 :  0.0497 0.0000 0.0000 0.9260 0.0000 0.0000 0.0243 0.0000 0.0000 
439      439   (0)     16 :  0.0823 0.0369 0.0000 0.8320 0.0000 0.0009 0.0471 0.0008 0.0000 
440      440   (0)     16 :  0.1193 0.0565 0.0005 0.5433 0.0000 0.2804 0.0000 0.0000 0.0000 
441      441   (0)     16 :  0.0694 0.0144 0.0085 0.5299 0.3770 0.0008 0.0000 0.0000 0.0000 
442      442   (0)     16 :  0.0639 0.0000 0.0000 0.8916 0.0131 0.0000 0.0314 0.0000 0.0000 
443      443   (0)     16 :  0.1018 0.0790 0.0000 0.5896 0.0211 0.2084 0.0000 0.0000 0.0000 
444      444   (0)     16 :  0.0856 0.0343 0.0000 0.8798 0.0000 0.0003 0.0000 0.0000 0.0000 
445      445   (0)     16 :  0.0000 0.0000 0.0000 0.0418 0.3512 0.0500 0.0000 0.0221 0.5349 
446      446   (0)     16 :  0.0612 0.0082 0.0000 0.4701 0.4605 0.0000 0.0000 0.0000 0.0000 
447      447   (0)     16 :  0.1090 0.0342 0.0000 0.5413 0.2336 0.0819 0.0000 0.0000 0.0000 
448      448   (0)     16 :  0.0994 0.0003 0.0000 0.8380 0.0576 0.0047 0.0000 0.0000 0.0000 
449      449   (0)     16 :  0.0602 0.0269 0.0000 0.6048 0.3075 0.0000 0.0000 0.0000 0.0005 
450      450   (0)     16 :  0.0673 0.0000 0.0000 0.8616 0.0237 0.0181 0.0293 0.0000 0.0000 
451      451   (0)     17 :  0.0890 0.0396 0.0000 0.5078 0.1057 0.0463 0.1986 0.0117 0.0013 
452      452   (0)     17 :  0.0760 0.0445 0.0000 0.8027 0.0563 0.0205 0.0000 0.0000 0.0000 
453      453   (0)     17 :  0.0650 0.0000 0.0000 0.9350 0.0000 0.0000 0.0000 0.0000 0.0000 
454      454   (0)     17 :  0.0192 0.0028 0.0252 0.1694 0.0000 0.2651 0.0000 0.1242 0.3941 
455      455   (0)     17 :  0.0439 0.0000 0.0000 0.0392 0.9130 0.0038 0.0000 0.0000 0.0000 
456      456   (0)     17 :  0.0275 0.0000 0.0000 0.1751 0.0238 0.1164 0.0000 0.1265 0.5308 
457      457   (0)     17 :  0.0377 0.0000 0.0000 0.0795 0.8828 0.0000 0.0000 0.0000 0.0000 
458      458   (0)     17 :  0.0692 0.0168 0.0000 0.8437 0.0584 0.0000 0.0119 0.0000 0.0000 
459      459   (0)     17 :  0.0895 0.0000 0.0000 0.9068 0.0037 0.0000 0.0000 0.0000 0.0000 
460      460   (0)     17 :  0.0614 0.0360 0.0000 0.0000 0.5671 0.3356 0.0000 0.0000 0.0000 
461      461   (0)     17 :  0.0952 0.0397 0.0000 0.4380 0.3497 0.0774 0.0000 0.0000 0.0000 
462      462   (0)     17 :  0.1609 0.0000 0.0158 0.2702 0.0000 0.0046 0.4820 0.0004 0.0661 
463      463   (0)     17 :  0.0169 0.0000 0.0366 0.0000 0.3750 0.0656 0.0000 0.1198 0.3861 
464      464   (0)     17 :  0.0973 0.0580 0.0000 0.6519 0.0948 0.0547 0.0359 0.0000 0.0075 
465      465   (0)     17 :  0.0543 0.0000 0.0000 0.5489 0.0166 0.0000 0.2438 0.0000 0.1364 
466      466   (0)     17 :  0.0675 0.0625 0.0000 0.6338 0.0000 0.1669 0.0378 0.0000 0.0315 
467      467   (0)     17 :  0.0264 0.0297 0.0040 0.4441 0.1952 0.1339 0.1531 0.0000 0.0136 
468      468   (0)     17 :  0.0560 0.0770 0.0000 0.2738 0.0118 0.5814 0.0000 0.0000 0.0000 
469      469   (0)     17 :  0.0655 0.0519 0.0000 0.3431 0.3306 0.0845 0.1006 0.0000 0.0238 
470      470   (0)     17 :  0.0823 0.0950 0.0000 0.7631 0.0000 0.0015 0.0000 0.0581 0.0000 
471      471   (0)     17 :  0.0753 0.0492 0.0076 0.3239 0.4528 0.0909 0.0000 0.0000 0.0002 
472      472   (0)     17 :  0.0525 0.0236 0.0017 0.2826 0.0000 0.3987 0.2405 0.0005 0.0000 
473      473   (0)     17 :  0.0560 0.0453 0.0133 0.3886 0.0000 0.4036 0.0933 0.0000 0.0000 
474      474   (0)     17 :  0.0401 0.0026 0.0057 0.0060 0.8557 0.0323 0.0568 0.0000 0.0010 
475      475   (0)     17 :  0.0917 0.0188 0.0000 0.5187 0.1515 0.1281 0.0894 0.0000 0.0017 
476      476   (0)     17 :  0.0686 0.0009 0.0000 0.1866 0.6305 0.0196 0.0580 0.0060 0.0298 
477      477   (0)     17 :  0.0860 0.0000 0.0000 0.8485 0.0000 0.0350 0.0267 0.0000 0.0038 
478      478   (0)     17 :  0.0364 0.0019 0.0000 0.0100 0.8960 0.0557 0.0000 0.0000 0.0000 
479      479   (0)     17 :  0.0498 0.0000 0.0013 0.8318 0.0130 0.0854 0.0012 0.0001 0.0173 
480      480   (0)     17 :  0.0496 0.0756 0.0000 0.2703 0.0024 0.4117 0.1762 0.0000 0.0142 
481      481   (0)     18 :  0.0709 0.0544 0.0000 0.0000 0.0000 0.0176 0.7850 0.0000 0.0721 
482      482   (0)     18 :  0.0000 0.0000 0.0000 0.0000 0.0000 0.0000 0.0000 0.0000 1.0000 
483      483   (0)     18 :  0.0049 0.0000 0.0000 0.0000 0.0000 0.0000 0.0048 0.0000 0.9903 
484      484   (0)     18 :  0.0017 0.0000 0.0000 0.0000 0.0000 0.0000 0.0000 0.0000 0.9983 
485      485   (0)     18 :  0.0078 0.0000 0.0000 0.0608 0.0031 0.0132 0.0000 0.0000 0.9152 
486      486   (0)     18 :  0.0125 0.0000 0.0000 0.0000 0.0000 0.0000 0.1199 0.0000 0.8676 
487      487   (0)     18 :  0.0000 0.0000 0.0000 0.0000 0.0000 0.0000 0.0000 0.0000 1.0000 
488      488   (0)     18 :  0.1146 0.0356 0.0000 0.4914 0.0000 0.0866 0.2105 0.0000 0.0613 
489      489   (0)     18 :  0.0364 0.0000 0.0151 0.0000 0.0000 0.0096 0.9358 0.0000 0.0032 
490      490   (0)     18 :  0.0011 0.0000 0.0000 0.0000 0.0000 0.0000 0.0000 0.0000 0.9989 
491      491   (0)     18 :  0.0238 0.0562 0.0000 0.0094 0.0000 0.0023 0.0000 0.0000 0.9083 
492      492   (0)     18 :  0.0061 0.0000 0.0000 0.5771 0.0000 0.0930 0.0026 0.0000 0.3211 
493      493   (0)     18 :  0.0276 0.0000 0.0000 0.0000 0.4853 0.0000 0.4789 0.0000 0.0082 
494      494   (0)     18 :  0.0077 0.0000 0.0000 0.0000 0.0000 0.0000 0.0955 0.0000 0.8968 
495      495   (0)     18 :  0.0000 0.0000 0.0000 0.0000 0.0000 0.0000 0.0000 0.0000 1.0000 
496      496   (0)     18 :  0.0056 0.0000 0.0000 0.1604 0.0000 0.0229 0.0000 0.0000 0.8110 
497      497   (0)     18 :  0.0709 0.0471 0.0000 0.0000 0.2986 0.0573 0.5148 0.0000 0.0113 
498      498   (0)     18 :  0.0041 0.0000 0.0000 0.0876 0.0089 0.0103 0.0234 0.0000 0.8657 
499      499   (0)     18 :  0.0000 0.0000 0.0000 0.1286 0.1800 0.0173 0.0466 0.0000 0.6275 
500      500   (0)     18 :  0.0847 0.0486 0.0000 0.0000 0.0000 0.1340 0.6885 0.0000 0.0441 
501      501   (0)     18 :  0.0570 0.0227 0.0000 0.3226 0.0000 0.0000 0.5803 0.0015 0.0158 
502      502   (0)     18 :  0.0000 0.0000 0.0000 0.2880 0.1202 0.0242 0.0000 0.0167 0.5509 
503      503   (0)     18 :  0.0070 0.0000 0.0000 0.0000 0.0000 0.0000 0.0199 0.0000 0.9731 
504      504   (0)     18 :  0.0263 0.0000 0.0000 0.2079 0.0636 0.0276 0.0000 0.0000 0.6747 
505      505   (0)     18 :  0.0215 0.0963 0.0000 0.1749 0.0000 0.0310 0.0000 0.0000 0.6763 
506      506   (0)     18 :  0.0743 0.0735 0.0000 0.0000 0.4521 0.0231 0.3721 0.0000 0.0049 
507      507   (0)     18 :  0.0056 0.0000 0.0000 0.2007 0.0341 0.0106 0.0623 0.0000 0.6866 
508      508   (0)     18 :  0.0595 0.0025 0.0000 0.0689 0.3524 0.0342 0.4551 0.0000 0.0275 
509      509   (0)     18 :  0.0089 0.0485 0.0000 0.1814 0.0000 0.0689 0.0000 0.0000 0.6923 
510      510   (0)     19 :  0.0514 0.0000 0.0000 0.6364 0.2241 0.0000 0.0878 0.0000 0.0004 
511      511   (0)     19 :  0.0563 0.0000 0.0000 0.1241 0.6985 0.0000 0.1193 0.0000 0.0018 
512      512   (0)     19 :  0.0549 0.0000 0.0000 0.4325 0.5125 0.0000 0.0000 0.0000 0.0000 
513      513   (0)     19 :  0.0139 0.0000 0.0000 0.0000 0.9861 0.0000 0.0000 0.0000 0.0000 
514      514   (0)     19 :  0.0989 0.0749 0.0000 0.5894 0.0000 0.2367 0.0000 0.0000 0.0000 
515      515   (0)     19 :  0.0437 0.0104 0.0000 0.3705 0.5472 0.0000 0.0283 0.0000 0.0000 
516      516   (0)     19 :  0.0251 0.0000 0.0000 0.2114 0.7635 0.0000 0.0000 0.0000 0.0000 
517      517   (0)     19 :  0.0677 0.0119 0.0000 0.8738 0.0008 0.0000 0.0458 0.0000 0.0000 
518      518   (0)     19 :  0.0616 0.0014 0.0001 0.3997 0.5037 0.0335 0.0000 0.0000 0.0000 
519      519   (0)     19 :  0.0616 0.0443 0.0000 0.0211 0.0000 0.4044 0.4685 0.0000 0.0000 
520      520   (0)     19 :  0.0526 0.0000 0.0000 0.8211 0.0927 0.0016 0.0319 0.0000 0.0000 
521      521   (0)     19 :  0.0022 0.0000 0.0000 0.0000 0.7876 0.0000 0.2102 0.0000 0.0000 
522      522   (0)     19 :  0.0357 0.0000 0.0000 0.0491 0.9153 0.0000 0.0000 0.0000 0.0000 
523      523   (0)     19 :  0.0652 0.0013 0.0000 0.0000 0.8159 0.0901 0.0275 0.0000 0.0000 
524      524   (0)     19 :  0.0616 0.0000 0.0000 0.6448 0.2936 0.0000 0.0000 0.0000 0.0000 
525      525   (0)     19 :  0.0763 0.0000 0.0039 0.4861 0.4109 0.0005 0.0000 0.0215 0.0008 
526      526   (0)     19 :  0.0779 0.0000 0.0056 0.7598 0.0941 0.0626 0.0000 0.0000 0.0000 
527      527   (0)     19 :  0.0702 0.0303 0.0000 0.2704 0.3107 0.0957 0.2223 0.0000 0.0005 
528      528   (0)     19 :  0.0686 0.0000 0.0000 0.6879 0.0902 0.0038 0.1489 0.0000 0.0006 
529      529   (0)     19 :  0.0860 0.0000 0.0000 0.8400 0.0000 0.0741 0.0000 0.0000 0.0000 
530      530   (0)     19 :  0.0860 0.0146 0.0000 0.2206 0.6128 0.0660 0.0000 0.0000 0.0000 
531      531   (0)     19 :  0.0752 0.0725 0.0000 0.2468 0.4913 0.1142 0.0000 0.0000 0.0000 
532      532   (0)     19 :  0.0879 0.0309 0.0075 0.2371 0.6192 0.0136 0.0000 0.0037 0.0000 
533      533   (0)     19 :  0.0344 0.0000 0.0036 0.4531 0.0293 0.0917 0.0000 0.0519 0.3360 
534      534   (0)     19 :  0.0721 0.0004 0.0000 0.7161 0.0592 0.0000 0.1518 0.0004 0.0000 
535      535   (0)     19 :  0.0422 0.0000 0.0000 0.2506 0.6882 0.0000 0.0190 0.0000 0.0000 
536      536   (0)     19 :  0.0758 0.0000 0.0035 0.1468 0.7687 0.0040 0.0000 0.0000 0.0011 
537      537   (0)     19 :  0.0347 0.0739 0.0000 0.3919 0.3105 0.0000 0.1891 0.0000 0.0000 
538      538   (0)     19 :  0.0152 0.0000 0.0000 0.2381 0.0563 0.0309 0.0000 0.0000 0.6594 
539      539   (0)     19 :  0.0159 0.0000 0.0000 0.0000 0.9595 0.0025 0.0000 0.0000 0.0221 
