1        1   (0)      1  : 0.4520 0.0191 0.0668 0.0000 0.0144 0.0000 0.4265 0.0213
2        2   (0)      1  : 0.7215 0.0000 0.0728 0.1630 0.0000 0.0000 0.0427 0.0000
3        3   (0)      1  : 0.0002 0.0530 0.0144 0.1188 0.5360 0.0209 0.1677 0.0890
4        4   (0)      1  : 0.6503 0.0000 0.1124 0.0006 0.0000 0.0000 0.2367 0.0000
5        5   (0)      1  : 0.5817 0.0011 0.1982 0.1867 0.0139 0.0000 0.0000 0.0185
6        6   (0)      1  : 0.4199 0.0226 0.0000 0.0205 0.1036 0.0000 0.4063 0.0272
7        7   (0)      1  : 0.0000 0.1208 0.0292 0.2113 0.6149 0.0000 0.0000 0.0238
8        8   (0)      2  : 0.7973 0.0000 0.1575 0.0000 0.0000 0.0000 0.0000 0.0451
9        9   (0)      1  : 0.8372 0.0249 0.1198 0.0000 0.0133 0.0000 0.0000 0.0048
10       10   (0)      3  : 0.0000 0.0000 0.0000 0.5347 0.0000 0.0000 0.4653 0.0000
11       11   (0)      4  : 0.0000 0.0362 0.1842 0.7511 0.0000 0.0284 0.0000 0.0000
12       12   (0)      4  : 0.5029 0.0000 0.0246 0.3427 0.0000 0.0000 0.1298 0.0000
13       13   (0)      4  : 0.0000 0.0000 0.0455 0.4513 0.0415 0.0000 0.4617 0.0000
14       14   (0)      4  : 0.0596 0.0000 0.2003 0.7396 0.0005 0.0000 0.0000 0.0000
15       15   (0)      4  : 0.3761 0.0082 0.0494 0.5651 0.0000 0.0000 0.0000 0.0012
16       16   (0)      4  : 0.0849 0.0000 0.0000 0.0000 0.4532 0.0000 0.4619 0.0000
17       17   (0)      5  : 0.5006 0.0000 0.0300 0.2206 0.0000 0.0000 0.2487 0.0000
18       18   (0)      4  : 0.0000 0.0000 0.0000 0.4788 0.0000 0.0000 0.5212 0.0000
19       19   (0)      5  : 0.4404 0.0000 0.0468 0.4563 0.0000 0.0000 0.0565 0.0000
20       20   (0)      5  : 0.3325 0.0000 0.0000 0.6675 0.0000 0.0000 0.0000 0.0000
21       21   (0)      5  : 0.0000 0.0000 0.0000 0.6643 0.0000 0.0000 0.3357 0.0000
22       22   (0)      5  : 0.3167 0.0000 0.0000 0.6833 0.0000 0.0000 0.0000 0.0000
23       23   (0)      5  : 0.0000 0.0000 0.0000 0.3865 0.0000 0.0000 0.6135 0.0000
24       24   (0)      5  : 0.0000 0.0000 0.0000 0.6519 0.0000 0.0000 0.3481 0.0000
25       25   (0)      5  : 0.2763 0.0000 0.0000 0.5202 0.0135 0.0000 0.1899 0.0000
26       26   (0)      5  : 0.0000 0.0000 0.0000 0.5875 0.0133 0.0000 0.3991 0.0000
27       27   (0)      5  : 0.2113 0.0000 0.0739 0.7120 0.0000 0.0028 0.0000 0.0000
28       28   (0)      5  : 0.0000 0.0000 0.0000 0.5021 0.0000 0.0000 0.4979 0.0000
29       29   (0)      5  : 0.0024 0.0000 0.0000 0.9976 0.0000 0.0000 0.0000 0.0000
30       30   (0)      5  : 0.6626 0.0000 0.0000 0.3374 0.0000 0.0000 0.0000 0.0000
31       31   (0)      5  : 0.3019 0.0000 0.0122 0.4146 0.0000 0.0000 0.2714 0.0000
32       32   (0)      5  : 0.0104 0.0000 0.0000 0.7290 0.0000 0.0000 0.2607 0.0000
33       33   (0)      5  : 0.1410 0.0000 0.0000 0.1872 0.0000 0.0000 0.6717 0.0000
34       34   (0)      5  : 0.1255 0.0000 0.0000 0.3549 0.0000 0.0000 0.5196 0.0000
35       35   (0)      5  : 0.5896 0.0000 0.0000 0.2899 0.0000 0.0000 0.1205 0.0000
36       36   (0)      5  : 0.1842 0.0000 0.0084 0.8075 0.0000 0.0000 0.0000 0.0000
37       37   (0)      5  : 0.2785 0.0000 0.0000 0.6203 0.0000 0.0000 0.1012 0.0000
38       38   (0)      5  : 0.0000 0.0000 0.0000 0.6843 0.0000 0.0000 0.3157 0.0000
39       39   (0)      5  : 0.0805 0.0000 0.0151 0.7594 0.0000 0.0000 0.1449 0.0000
40       40   (0)      5  : 0.3091 0.0000 0.0000 0.6052 0.0000 0.0000 0.0857 0.0000
41       41   (0)      5  : 0.0000 0.0000 0.0000 0.5362 0.0000 0.0000 0.4638 0.0000
42       42   (0)      5  : 0.6035 0.0000 0.0000 0.3965 0.0000 0.0000 0.0000 0.0000
43       43   (0)      5  : 0.0000 0.0000 0.0000 0.0000 0.5674 0.1530 0.2795 0.0000
44       44   (0)      5  : 0.0000 0.0000 0.0000 0.5265 0.0000 0.0000 0.4735 0.0000
45       45   (0)      4  : 0.0000 0.0001 0.0790 0.9210 0.0000 0.0000 0.0000 0.0000
46       46   (0)      4  : 0.4104 0.0000 0.0000 0.3686 0.0298 0.0000 0.1690 0.0222
47       47   (0)      4  : 0.0000 0.0000 0.0000 0.2981 0.0000 0.0000 0.7019 0.0000
48       48   (0)      4  : 0.5982 0.0000 0.0044 0.3973 0.0000 0.0000 0.0000 0.0000
49       49   (0)      5  : 0.2586 0.0000 0.0379 0.4162 0.0120 0.0000 0.2753 0.0000
50       50   (0)      4  : 0.0000 0.0000 0.0000 0.3337 0.0000 0.0000 0.6663 0.0000
51       51   (0)      4  : 0.2718 0.0000 0.0345 0.0080 0.3687 0.0045 0.3101 0.0025
52       52   (0)      4  : 0.4522 0.0103 0.0080 0.4392 0.0236 0.0000 0.0286 0.0381
53       53   (0)      4  : 0.0000 0.0000 0.0257 0.0519 0.5347 0.0377 0.3415 0.0084
54       54   (0)      4  : 0.3469 0.0000 0.0329 0.6202 0.0000 0.0000 0.0000 0.0000
55       55   (0)      4  : 0.1884 0.0000 0.0000 0.0000 0.4770 0.0431 0.2722 0.0193
56       56   (0)      4  : 0.2797 0.0000 0.0576 0.0852 0.4164 0.0000 0.1508 0.0102
57       57   (0)      4  : 0.1922 0.0000 0.0239 0.7839 0.0000 0.0000 0.0000 0.0000
58       58   (0)      5  : 0.3628 0.0000 0.0000 0.4715 0.0375 0.0000 0.1245 0.0036
59       59   (0)      4  : 0.2210 0.0000 0.0000 0.0000 0.3435 0.0000 0.3732 0.0622
60       60   (0)      4  : 0.0000 0.0181 0.0000 0.1253 0.4495 0.0581 0.3135 0.0354
61       61   (0)      4  : 0.4668 0.0000 0.0000 0.3277 0.0000 0.0000 0.1890 0.0165
62       62   (0)      5  : 0.1754 0.0000 0.0054 0.4110 0.0000 0.0000 0.3866 0.0215
63       63   (0)      6  : 0.1771 0.0017 0.0000 0.1956 0.2461 0.0880 0.2590 0.0325
64       64   (0)      6  : 0.0648 0.0408 0.0000 0.0000 0.5545 0.0019 0.2990 0.0391
65       65   (0)      6  : 0.6320 0.0000 0.3141 0.0540 0.0000 0.0000 0.0000 0.0000
66       66   (0)      6  : 0.3725 0.0000 0.0000 0.3256 0.0000 0.0000 0.2992 0.0027
67       67   (0)      6  : 0.1376 0.0028 0.1938 0.6466 0.0167 0.0000 0.0000 0.0025
68       68   (0)      6  : 0.3055 0.0000 0.2427 0.0000 0.0000 0.0000 0.4518 0.0000
69       69   (0)      6  : 0.4963 0.0152 0.0770 0.0388 0.0000 0.0000 0.3727 0.0000
70       70   (0)      6  : 0.3606 0.0004 0.0154 0.1032 0.0411 0.0000 0.4234 0.0558
71       71   (0)      6  : 0.0000 0.0000 0.0268 0.1081 0.0000 0.0000 0.8651 0.0000
72       72   (0)      6  : 0.4605 0.0000 0.0162 0.1712 0.0000 0.0000 0.3521 0.0000
73       73   (0)      7  : 0.5098 0.0000 0.0000 0.4718 0.0000 0.0184 0.0000 0.0000
74       74   (0)      7  : 0.6548 0.0000 0.0846 0.2446 0.0000 0.0071 0.0088 0.0000
75       75   (0)      7  : 0.3689 0.0084 0.0802 0.3759 0.0000 0.0000 0.1666 0.0000
76       76   (0)      7  : 0.5813 0.0000 0.0030 0.3715 0.0128 0.0000 0.0000 0.0314
77       77   (0)      7  : 0.1992 0.0000 0.0000 0.8008 0.0000 0.0000 0.0000 0.0000
78       78   (0)      7  : 0.3059 0.0264 0.0633 0.5060 0.0000 0.0000 0.0919 0.0065
79       79   (0)      7  : 0.4723 0.0001 0.0034 0.4902 0.0000 0.0207 0.0000 0.0134
80       80   (0)      7  : 0.8027 0.0000 0.0520 0.1437 0.0000 0.0000 0.0000 0.0016
81       81   (0)      7  : 0.4633 0.0000 0.0058 0.4831 0.0000 0.0000 0.0477 0.0000
82       82   (0)      7  : 0.2005 0.0000 0.0000 0.7995 0.0000 0.0000 0.0000 0.0000
83       83   (0)      7  : 0.6235 0.0150 0.0000 0.2283 0.0845 0.0000 0.0487 0.0000
84       84   (0)      7  : 0.4202 0.0034 0.0000 0.0000 0.4677 0.0423 0.0603 0.0061
85       85   (0)      7  : 0.5160 0.0000 0.0419 0.4421 0.0000 0.0000 0.0000 0.0000
86       86   (0)      7  : 0.2774 0.0000 0.0312 0.6914 0.0000 0.0000 0.0000 0.0000
87       87   (0)      7  : 0.3046 0.0000 0.0000 0.0000 0.4174 0.0298 0.2394 0.0088
88       88   (0)      7  : 0.1474 0.0000 0.0000 0.2540 0.0000 0.0000 0.5986 0.0000
89       89   (0)      7  : 0.0486 0.0561 0.0000 0.0000 0.4818 0.0699 0.3354 0.0081
90       90   (0)      7  : 0.3479 0.0000 0.0000 0.6514 0.0007 0.0000 0.0000 0.0000
91       91   (0)      7  : 0.4656 0.0000 0.0090 0.2108 0.0000 0.0206 0.2939 0.0000
92       92   (0)      7  : 0.4696 0.0000 0.0465 0.4728 0.0000 0.0000 0.0110 0.0000
93       93   (0)      7  : 0.2361 0.0000 0.0556 0.6721 0.0362 0.0000 0.0000 0.0000
94       94   (0)      7  : 0.4339 0.0000 0.0055 0.3386 0.0000 0.0000 0.2219 0.0000
95       95   (0)      7  : 0.2644 0.0000 0.0000 0.7094 0.0000 0.0000 0.0000 0.0261
96       96   (0)      7  : 0.0320 0.0000 0.0000 0.6282 0.0560 0.0000 0.2510 0.0328
97       97   (0)      7  : 0.0774 0.0000 0.0000 0.9149 0.0000 0.0077 0.0000 0.0000
98       98   (0)      7  : 0.0000 0.0000 0.0000 0.9571 0.0000 0.0000 0.0000 0.0429
99       99   (0)      7  : 0.0000 0.0000 0.0022 0.9508 0.0215 0.0000 0.0255 0.0000
100      100   (0)      7  : 0.4310 0.0000 0.0151 0.0270 0.4776 0.0159 0.0000 0.0333
101      101   (0)      6  : 0.8080 0.0000 0.1165 0.0755 0.0000 0.0000 0.0000 0.0000
102      102   (0)      6  : 0.3947 0.0000 0.2316 0.1773 0.0000 0.0000 0.1774 0.0191
103      103   (0)      6  : 0.2276 0.0000 0.0690 0.0282 0.0000 0.0000 0.6486 0.0266
104      104   (0)      6  : 0.8907 0.0000 0.0998 0.0095 0.0000 0.0000 0.0000 0.0000
105      105   (0)      6  : 0.1893 0.0000 0.0742 0.0367 0.0000 0.0000 0.6998 0.0000
106      106   (0)      6  : 0.4848 0.0000 0.1636 0.2217 0.0000 0.0000 0.1300 0.0000
107      107   (0)      6  : 0.5519 0.0051 0.1544 0.0398 0.0000 0.0000 0.2488 0.0000
108      108   (0)      6  : 0.4896 0.0000 0.0671 0.0504 0.0163 0.0000 0.3516 0.0251
109      109   (0)      6  : 0.2596 0.0109 0.0006 0.0000 0.5102 0.0290 0.1820 0.0077
110      110   (0)      7  : 0.3945 0.0000 0.0000 0.2646 0.0006 0.0000 0.3283 0.0120
111      111   (0)      7  : 0.2089 0.0792 0.0205 0.5855 0.0654 0.0000 0.0000 0.0405
112      112   (0)      6  : 0.5973 0.0464 0.1793 0.1363 0.0089 0.0000 0.0257 0.0061
113      113   (0)      6  : 0.5588 0.0000 0.3678 0.0000 0.0130 0.0000 0.0000 0.0604
114      114   (0)      6  : 0.2610 0.0473 0.0748 0.0000 0.5212 0.0829 0.0128 0.0000
115      115   (0)      6  : 0.5144 0.0000 0.1962 0.2571 0.0000 0.0000 0.0000 0.0324
116      116   (0)      6  : 0.1671 0.0947 0.0561 0.1609 0.4434 0.0281 0.0000 0.0496
117      117   (0)      6  : 0.4761 0.0713 0.0938 0.2310 0.0099 0.0000 0.1177 0.0000
118      118   (0)      6  : 0.3269 0.0000 0.2612 0.0446 0.0000 0.0000 0.3673 0.0000
119      119   (0)      6  : 0.6547 0.0000 0.1976 0.0000 0.0000 0.0000 0.1436 0.0040
120      120   (0)      6  : 0.6748 0.0158 0.1692 0.1402 0.0000 0.0000 0.0000 0.0000
121      121   (0)      6  : 0.6648 0.0000 0.2406 0.0351 0.0000 0.0000 0.0144 0.0451
122      122   (0)      6  : 0.2034 0.0326 0.1389 0.0000 0.5597 0.0474 0.0034 0.0144
123      123   (0)      8  : 0.0212 0.0000 0.0160 0.3952 0.0718 0.0000 0.4897 0.0060
124      124   (0)      8  : 0.3204 0.0000 0.0000 0.2311 0.0211 0.0000 0.4273 0.0000
125      125   (0)      8  : 0.0000 0.0000 0.0000 0.2505 0.0512 0.0000 0.6983 0.0000
126      126   (0)      8  : 0.5753 0.0000 0.0000 0.3926 0.0000 0.0000 0.0302 0.0019
127      127   (0)      8  : 0.4649 0.0000 0.0000 0.5079 0.0000 0.0272 0.0000 0.0000
128      128   (0)      8  : 0.0000 0.0000 0.0000 0.5026 0.0000 0.0000 0.4974 0.0000
129      129   (0)      8  : 0.1567 0.0000 0.0000 0.3212 0.0143 0.0000 0.5077 0.0000
130      130   (0)      8  : 0.0000 0.0000 0.0065 0.2312 0.0578 0.0000 0.6931 0.0115
131      131   (0)      8  : 0.3177 0.0000 0.0587 0.4902 0.0000 0.0000 0.1211 0.0124
132      132   (0)      8  : 0.2237 0.0000 0.0000 0.3577 0.0000 0.0000 0.4186 0.0000
133      133   (0)      8  : 0.3523 0.0000 0.0000 0.2385 0.0078 0.0000 0.4014 0.0000
134      134   (0)      8  : 0.1846 0.0000 0.0000 0.5205 0.0122 0.0018 0.2622 0.0186
135      135   (0)      8  : 0.1547 0.0000 0.0208 0.7750 0.0000 0.0495 0.0000 0.0000
136      136   (0)      8  : 0.0000 0.0000 0.0000 0.0496 0.0000 0.0000 0.9504 0.0000
137      137   (0)      8  : 0.4718 0.0000 0.0426 0.4326 0.0451 0.0000 0.0079 0.0000
138      138   (0)      8  : 0.6323 0.0000 0.0000 0.3202 0.0000 0.0000 0.0475 0.0000
139      139   (0)      8  : 0.6515 0.0000 0.0000 0.2689 0.0119 0.0000 0.0677 0.0000
140      140   (0)      8  : 0.7387 0.0000 0.0000 0.2613 0.0000 0.0000 0.0000 0.0000
141      141   (0)      8  : 0.3768 0.0000 0.0000 0.2551 0.0000 0.0000 0.3681 0.0000
142      142   (0)      8  : 0.0000 0.0000 0.0000 0.5528 0.0000 0.0000 0.4472 0.0000
143      143   (0)      8  : 0.6543 0.0000 0.0000 0.2282 0.0000 0.0000 0.1175 0.0000
144      144   (0)      8  : 0.2935 0.0000 0.1015 0.5372 0.0321 0.0000 0.0000 0.0358
145      145   (0)      8  : 0.4875 0.0000 0.0202 0.3388 0.0000 0.0172 0.1359 0.0004
146      146   (0)      3  : 0.0000 0.0000 0.0000 0.4274 0.0000 0.0000 0.5726 0.0000
147      147   (0)      3  : 0.1639 0.0000 0.0000 0.0094 0.4375 0.0000 0.3892 0.0000
148      148   (0)      3  : 0.0530 0.0000 0.0000 0.0000 0.0000 0.0000 0.9470 0.0000
149      149   (0)      3  : 0.5207 0.0000 0.0000 0.3760 0.0096 0.0000 0.0937 0.0000
150      150   (0)      3  : 0.1957 0.0000 0.0105 0.2790 0.0000 0.0000 0.5148 0.0000
151      151   (0)      3  : 0.0000 0.0000 0.0329 0.2983 0.0135 0.0000 0.6553 0.0000
152      152   (0)      3  : 0.5700 0.0000 0.0000 0.4300 0.0000 0.0000 0.0000 0.0000
153      153   (0)      3  : 0.3343 0.0000 0.0000 0.4566 0.0000 0.0000 0.2090 0.0000
154      154   (0)      3  : 0.1005 0.0000 0.0000 0.5305 0.0000 0.0000 0.3690 0.0000
155      155   (0)      3  : 0.3117 0.0000 0.0000 0.5659 0.0000 0.0000 0.1225 0.0000
156      156   (0)      3  : 0.2632 0.0000 0.0000 0.6828 0.0407 0.0134 0.0000 0.0000
157      157   (0)      3  : 0.4117 0.0000 0.0000 0.4626 0.1028 0.0000 0.0229 0.0000
158      158   (0)      3  : 0.5862 0.0000 0.0000 0.3826 0.0000 0.0000 0.0311 0.0000
159      159   (0)      3  : 0.5582 0.0000 0.0000 0.4106 0.0000 0.0000 0.0311 0.0000
160      160   (0)      3  : 0.4620 0.0000 0.0000 0.0000 0.5077 0.0165 0.0000 0.0138
161      161   (0)      3  : 0.3659 0.0000 0.0824 0.2593 0.0000 0.0000 0.2924 0.0000
162      162   (0)      3  : 0.0676 0.0000 0.0000 0.2544 0.0000 0.0000 0.6781 0.0000
163      163   (0)      3  : 0.6377 0.0000 0.0000 0.3462 0.0000 0.0000 0.0161 0.0000
164      164   (0)      3  : 0.2704 0.0000 0.0000 0.4286 0.0000 0.0000 0.3009 0.0000
165      165   (0)      3  : 0.4982 0.0000 0.0000 0.4863 0.0000 0.0000 0.0155 0.0000
166      166   (0)      3  : 0.0000 0.0000 0.0000 0.2804 0.0117 0.0000 0.7079 0.0000
167      167   (0)      3  : 0.3502 0.0000 0.0000 0.5435 0.0000 0.0000 0.1062 0.0000
168      168   (0)      3  : 0.5457 0.0000 0.0000 0.1591 0.0000 0.0000 0.2871 0.0081
169      169   (0)      3  : 0.4680 0.0000 0.0000 0.5211 0.0000 0.0000 0.0109 0.0000
170      170   (0)      3  : 0.5255 0.0000 0.0000 0.4745 0.0000 0.0000 0.0000 0.0000
171      171   (0)      3  : 0.7619 0.0000 0.0000 0.2241 0.0140 0.0000 0.0000 0.0000
172      172   (0)      3  : 0.4847 0.0000 0.0000 0.4691 0.0000 0.0000 0.0462 0.0000
173      173   (0)      3  : 0.5846 0.0000 0.0000 0.4124 0.0000 0.0000 0.0030 0.0000
174      174   (0)      3  : 0.2205 0.0000 0.0000 0.3834 0.0000 0.0000 0.3961 0.0000
175      175   (0)      8  : 0.0000 0.0000 0.0000 0.4603 0.0000 0.0000 0.5397 0.0000
176      176   (0)      8  : 0.0855 0.0068 0.1083 0.7024 0.0228 0.0000 0.0000 0.0741
177      177   (0)      8  : 0.4152 0.0000 0.0000 0.2338 0.0000 0.0000 0.3509 0.0000
178      178   (0)      8  : 0.6375 0.0000 0.0598 0.3027 0.0000 0.0000 0.0000 0.0000
179      179   (0)      8  : 0.2997 0.0000 0.0000 0.2558 0.0000 0.0000 0.4445 0.0000
180      180   (0)      8  : 0.2151 0.0000 0.0000 0.3557 0.0370 0.0000 0.3921 0.0000
181      181   (0)      8  : 0.2751 0.0000 0.0000 0.3942 0.0000 0.0155 0.3153 0.0000
182      182   (0)      1  : 0.9769 0.0000 0.0007 0.0224 0.0000 0.0000 0.0000 0.0000
183      183   (0)      1  : 0.5515 0.0000 0.0819 0.0000 0.0000 0.0000 0.3666 0.0000
184      184   (0)      1  : 0.8949 0.0000 0.1051 0.0000 0.0000 0.0000 0.0000 0.0000
185      185   (0)      1  : 0.5633 0.0128 0.0272 0.0000 0.0182 0.0086 0.3699 0.0000
186      186   (0)      1  : 0.9314 0.0000 0.0481 0.0000 0.0000 0.0000 0.0205 0.0000
187      187   (0)      1  : 0.4011 0.0164 0.0641 0.2421 0.0414 0.0000 0.2090 0.0258
188      188   (0)      1  : 0.9897 0.0000 0.0000 0.0000 0.0000 0.0000 0.0103 0.0000
189      189   (0)      1  : 0.8901 0.0000 0.0000 0.0000 0.0000 0.0000 0.1099 0.0000
190      190   (0)      2  : 0.1146 0.0000 0.0375 0.0000 0.0000 0.0000 0.8479 0.0000
191      191   (0)      2  : 0.6955 0.0000 0.0000 0.3045 0.0000 0.0000 0.0000 0.0000
192      192   (0)      2  : 0.7170 0.0000 0.0000 0.1652 0.0000 0.0000 0.1178 0.0000
193      193   (0)      2  : 0.0000 0.0000 0.0000 0.3268 0.0000 0.0342 0.6390 0.0000
194      194   (0)      2  : 0.8003 0.0000 0.0000 0.0612 0.0000 0.0000 0.1385 0.0000
195      195   (0)      2  : 0.0000 0.0000 0.0000 0.1409 0.0000 0.0000 0.8591 0.0000
196      196   (0)      2  : 0.6283 0.0000 0.1275 0.0001 0.0000 0.0000 0.2440 0.0000
197      197   (0)      2  : 0.3113 0.0000 0.0524 0.2526 0.0000 0.0000 0.3837 0.0000
198      198   (0)      1  : 0.3216 0.0000 0.0412 0.0585 0.0000 0.0000 0.5786 0.0000
199      199   (0)      1  : 0.8850 0.0000 0.0953 0.0197 0.0000 0.0000 0.0000 0.0000
200      200   (0)      1  : 0.2713 0.0000 0.1143 0.1262 0.0000 0.0000 0.4882 0.0000
201      201   (0)      1  : 0.5297 0.0000 0.2227 0.0027 0.0412 0.0000 0.1737 0.0300
202      202   (0)      1  : 0.3265 0.0129 0.1440 0.0000 0.0077 0.0000 0.5088 0.0000
203      203   (0)      1  : 0.7791 0.0405 0.1783 0.0000 0.0000 0.0000 0.0021 0.0000
204      204   (0)      2  : 0.0553 0.0000 0.0505 0.1578 0.2514 0.0145 0.4705 0.0000
205      205   (0)      2  : 0.3527 0.0000 0.1090 0.0000 0.0000 0.0000 0.5383 0.0000
206      206   (0)      2  : 0.0000 0.0000 0.0000 0.0995 0.5594 0.0000 0.3411 0.0000
207      207   (0)      2  : 0.8322 0.0000 0.0284 0.1222 0.0000 0.0000 0.0171 0.0000
208      208   (0)      2  : 0.0000 0.0000 0.0000 0.0000 0.0000 0.0000 1.0000 0.0000
209      209   (0)      2  : 0.9093 0.0000 0.0000 0.0608 0.0158 0.0000 0.0142 0.0000
210      210   (0)      2  : 0.0000 0.0000 0.0343 0.1287 0.0000 0.0000 0.8370 0.0000
211      211   (0)      1  : 0.0114 0.0000 0.0954 0.0000 0.0000 0.0000 0.8932 0.0000
212      212   (0)      1  : 0.5964 0.0000 0.1713 0.2247 0.0076 0.0000 0.0000 0.0000
213      213   (0)      1  : 0.5807 0.0000 0.0360 0.1143 0.0000 0.0272 0.2391 0.0027
214      214   (0)      1  : 0.8483 0.0219 0.1209 0.0085 0.0000 0.0000 0.0000 0.0005
215      215   (0)      1  : 0.1495 0.0000 0.0251 0.0000 0.0000 0.0000 0.8254 0.0000
216      216   (0)      1  : 0.8371 0.0000 0.1629 0.0000 0.0000 0.0000 0.0000 0.0000
217      217   (0)      1  : 0.7993 0.0000 0.1744 0.0000 0.0000 0.0000 0.0263 0.0000
218      218   (0)      1  : 0.3652 0.0124 0.1438 0.0535 0.0000 0.0000 0.4250 0.0000
219      219   (0)      2  : 0.5691 0.0000 0.0000 0.0000 0.0000 0.0000 0.4309 0.0000
220      220   (0)      2  : 0.0000 0.0000 0.0487 0.2453 0.0000 0.0000 0.7060 0.0000
221      221   (0)      2  : 0.8915 0.0000 0.0349 0.0537 0.0000 0.0000 0.0000 0.0200
222      222   (0)      2  : 0.6581 0.0000 0.0000 0.2130 0.0000 0.0000 0.1276 0.0013
223      223   (0)      2  : 0.8745 0.0000 0.0908 0.0144 0.0000 0.0000 0.0000 0.0203
224      224   (0)      2  : 0.0967 0.0000 0.0000 0.0000 0.0000 0.0000 0.9033 0.0000
225      225   (0)      2  : 0.2112 0.0000 0.0566 0.0813 0.0000 0.0000 0.6509 0.0000
226      226   (0)      2  : 0.8794 0.0085 0.0453 0.0592 0.0000 0.0076 0.0000 0.0000
227      227   (0)      2  : 0.8356 0.0000 0.0000 0.0000 0.0000 0.0000 0.1644 0.0000
228      228   (0)      2  : 0.8459 0.0000 0.0000 0.0000 0.0000 0.0000 0.1540 0.0000
229      229   (0)      2  : 0.9400 0.0000 0.0000 0.0000 0.0000 0.0000 0.0600 0.0000
230      230   (0)      2  : 0.1734 0.0000 0.0000 0.0000 0.3689 0.0385 0.3883 0.0309
231      231   (0)      2  : 0.5070 0.0011 0.0000 0.3242 0.0000 0.0007 0.1669 0.0000
232      232   (0)      2  : 0.5397 0.0000 0.0000 0.0667 0.0000 0.0000 0.3936 0.0000
233      233   (0)      9  : 0.0285 0.0000 0.9715 0.0000 0.0000 0.0000 0.0000 0.0000
234      234   (0)      9  : 0.0000 0.0000 0.0000 0.0000 0.0461 0.8624 0.0000 0.0915
235      235   (0)      9  : 0.0000 0.0000 1.0000 0.0000 0.0000 0.0000 0.0000 0.0000
236      236   (0)      9  : 0.0000 0.0145 0.0000 0.0765 0.0529 0.7239 0.0000 0.1321
237      237   (0)      9  : 0.0118 0.0000 0.9882 0.0000 0.0000 0.0000 0.0000 0.0000
238      238   (0)      9  : 0.0000 0.0000 1.0000 0.0000 0.0000 0.0000 0.0000 0.0000
239      239   (0)      9  : 0.0000 0.1217 0.0000 0.0000 0.0000 0.8648 0.0135 0.0000
240      240   (0)      9  : 0.0000 0.0259 0.0000 0.0000 0.0001 0.9572 0.0000 0.0168
241      241   (0)     10  : 0.0000 0.0000 0.0000 0.0000 0.0000 1.0000 0.0000 0.0000
242      242   (0)     10  : 0.0000 0.0000 0.0000 0.0000 0.0000 1.0000 0.0000 0.0000
243      243   (0)     10  : 0.0000 0.0000 0.0000 0.0505 0.0000 0.9495 0.0000 0.0000
244      244   (0)     11  : 0.0000 0.0623 0.9265 0.0000 0.0001 0.0000 0.0000 0.0111
245      245   (0)     11  : 0.0000 0.0652 0.9032 0.0000 0.0000 0.0000 0.0000 0.0316
246      246   (0)     11  : 0.0247 0.0000 0.9753 0.0000 0.0000 0.0000 0.0000 0.0000
247      247   (0)     11  : 0.0000 0.0000 1.0000 0.0000 0.0000 0.0000 0.0000 0.0000
248      248   (0)     11  : 0.0000 0.0000 1.0000 0.0000 0.0000 0.0000 0.0000 0.0000
249      249   (0)     11  : 0.0000 0.1929 0.0000 0.0000 0.0001 0.6561 0.0000 0.1509
250      250   (0)     11  : 0.0000 0.3589 0.0000 0.0191 0.0037 0.4895 0.0000 0.1288
251      251   (0)     10  : 0.0643 0.0000 0.1226 0.0000 0.0000 0.8131 0.0000 0.0000
252      252   (0)     10  : 0.0000 0.0000 0.0000 0.0000 0.0344 0.9656 0.0000 0.0000
253      253   (0)     10  : 0.0000 0.0000 0.0000 0.0000 0.0000 1.0000 0.0000 0.0000
254      254   (0)     10  : 0.0079 0.0000 0.0000 0.0000 0.0000 0.9490 0.0000 0.0431
255      255   (0)     10  : 0.0000 0.0337 0.0000 0.0000 0.0000 0.8103 0.1413 0.0148
256      256   (0)     10  : 0.0000 0.0750 0.0637 0.0054 0.0421 0.7890 0.0000 0.0249
257      257   (0)     10  : 0.0000 0.0193 0.0163 0.0000 0.0269 0.9375 0.0000 0.0000
258      258   (0)     10  : 0.0000 0.0000 0.0000 0.0000 0.0000 0.9817 0.0000 0.0183
259      259   (0)     10  : 0.0000 0.0000 0.0427 0.0000 0.0199 0.9374 0.0000 0.0000
260      260   (0)     10  : 0.0000 0.0000 0.0000 0.0277 0.0000 0.8292 0.0000 0.1431
261      261   (0)     10  : 0.0015 0.0000 0.3485 0.0000 0.0000 0.5945 0.0000 0.0555
262      262   (0)     10  : 0.0000 0.1002 0.0395 0.1131 0.0129 0.6918 0.0000 0.0425
263      263   (0)     10  : 0.0000 0.0000 0.0000 0.0000 0.0252 0.9745 0.0000 0.0003
264      264   (0)     10  : 0.0000 0.0004 0.0000 0.0000 0.0000 0.9996 0.0000 0.0000
265      265   (0)     10  : 0.0000 0.0285 0.0000 0.0000 0.0000 0.9612 0.0000 0.0103
266      266   (0)     10  : 0.0000 0.0000 0.0000 0.0000 0.0059 0.9277 0.0000 0.0664
267      267   (0)     10  : 0.0000 0.0000 0.8812 0.0000 0.0000 0.0467 0.0721 0.0000
268      268   (0)     10  : 0.0000 0.0029 0.0000 0.0571 0.0000 0.8744 0.0000 0.0657
269      269   (0)     10  : 0.0000 0.0003 0.0221 0.0347 0.0000 0.9429 0.0000 0.0000
270      270   (0)     10  : 0.0265 0.0000 0.0085 0.0000 0.0000 0.9603 0.0000 0.0047
271      271   (0)     10  : 0.0000 0.0000 0.0176 0.0005 0.0000 0.9819 0.0000 0.0000
272      272   (0)     10  : 0.0000 0.0000 0.0000 0.0000 0.0000 1.0000 0.0000 0.0000
273      273   (0)     12  : 0.0000 0.9999 0.0000 0.0000 0.0000 0.0000 0.0000 0.0001
274      274   (0)     12  : 0.0000 0.9689 0.0311 0.0000 0.0000 0.0000 0.0000 0.0000
275      275   (0)     12  : 0.0000 1.0000 0.0000 0.0000 0.0000 0.0000 0.0000 0.0000
276      276   (0)     12  : 0.0000 0.8898 0.0000 0.0000 0.0000 0.0000 0.0000 0.1102
277      277   (0)     12  : 0.0000 0.8891 0.0754 0.0204 0.0000 0.0151 0.0000 0.0000
278      278   (0)     12  : 0.0000 0.3280 0.6490 0.0000 0.0000 0.0000 0.0000 0.0230
279      279   (0)     12  : 0.0000 0.1702 0.8121 0.0000 0.0000 0.0000 0.0000 0.0177
280      280   (0)     12  : 0.0000 1.0000 0.0000 0.0000 0.0000 0.0000 0.0000 0.0000
281      281   (0)     12  : 0.0000 1.0000 0.0000 0.0000 0.0000 0.0000 0.0000 0.0000
282      282   (0)     12  : 0.0000 0.8157 0.0832 0.0154 0.0000 0.0512 0.0000 0.0345
283      283   (0)     12  : 0.0000 0.9558 0.0419 0.0023 0.0000 0.0000 0.0000 0.0000
284      284   (0)     12  : 0.0000 0.1509 0.8302 0.0000 0.0000 0.0000 0.0000 0.0189
285      285   (0)     12  : 0.0000 0.1603 0.8397 0.0000 0.0000 0.0000 0.0000 0.0000
286      286   (0)     12  : 0.0000 0.3037 0.6963 0.0000 0.0000 0.0000 0.0000 0.0000
287      287   (0)     12  : 0.0000 1.0000 0.0000 0.0000 0.0000 0.0000 0.0000 0.0000
288      288   (0)     12  : 0.0000 1.0000 0.0000 0.0000 0.0000 0.0000 0.0000 0.0000
289      289   (0)     12  : 0.0000 1.0000 0.0000 0.0000 0.0000 0.0000 0.0000 0.0000
290      290   (0)     12  : 0.0000 1.0000 0.0000 0.0000 0.0000 0.0000 0.0000 0.0000
291      291   (0)     12  : 0.0000 1.0000 0.0000 0.0000 0.0000 0.0000 0.0000 0.0000
292      292   (0)     12  : 0.0000 1.0000 0.0000 0.0000 0.0000 0.0000 0.0000 0.0000
293      293   (0)     12  : 0.0000 1.0000 0.0000 0.0000 0.0000 0.0000 0.0000 0.0000
294      294   (0)     12  : 0.0000 0.9592 0.0000 0.0000 0.0000 0.0000 0.0000 0.0408
295      295   (0)     12  : 0.0000 0.0848 0.9152 0.0000 0.0000 0.0000 0.0000 0.0000
296      296   (0)     12  : 0.0000 0.9618 0.0000 0.0000 0.0000 0.0000 0.0000 0.0382
297      297   (0)     12  : 0.0000 0.9450 0.0000 0.0000 0.0000 0.0000 0.0000 0.0550
298      298   (0)     12  : 0.0000 0.1386 0.7704 0.0001 0.0000 0.0000 0.0000 0.0910
299      299   (0)     12  : 0.0000 0.9827 0.0000 0.0000 0.0000 0.0173 0.0000 0.0000
300      300   (0)     12  : 0.0000 0.1059 0.8482 0.0000 0.0000 0.0000 0.0000 0.0459
301      301   (0)     13  : 0.0000 0.4232 0.0282 0.0000 0.0000 0.1820 0.0000 0.3666
302      302   (0)     13  : 0.0000 0.6579 0.0000 0.0000 0.0177 0.0624 0.0000 0.2620
303      303   (0)     13  : 0.0000 0.5341 0.0000 0.0000 0.0000 0.1950 0.0000 0.2709
304      304   (0)     13  : 0.0000 0.3614 0.0003 0.0000 0.0000 0.2728 0.0000 0.3655
305      305   (0)     13  : 0.0000 0.5292 0.0000 0.0000 0.0000 0.0791 0.0000 0.3917
306      306   (0)     13  : 0.0000 0.6174 0.0000 0.0000 0.0003 0.1150 0.0000 0.2674
307      307   (0)     13  : 0.0000 0.5161 0.0000 0.0000 0.0553 0.2382 0.0000 0.1904
308      308   (0)     13  : 0.0000 0.0950 0.7517 0.0113 0.0000 0.0000 0.0000 0.1420
309      309   (0)     13  : 0.0000 0.3473 0.3672 0.0000 0.0000 0.0918 0.0000 0.1937
310      310   (0)     13  : 0.0000 0.6697 0.0000 0.0000 0.0000 0.0541 0.0000 0.2762
311      311   (0)     13  : 0.0000 0.3547 0.0000 0.0000 0.0000 0.1170 0.0000 0.5283
312      312   (0)     13  : 0.0000 0.4669 0.0000 0.0000 0.0902 0.1754 0.0000 0.2675
313      313   (0)     13  : 0.0000 0.5676 0.0000 0.0000 0.0000 0.0609 0.0000 0.3714
314      314   (0)     13  : 0.0000 0.6413 0.0000 0.0000 0.0000 0.2129 0.0000 0.1457
315      315   (0)     13  : 0.0000 0.6004 0.0000 0.0000 0.0000 0.1588 0.0000 0.2408
316      316   (0)     13  : 0.0000 0.4071 0.0000 0.0000 0.0005 0.3324 0.0000 0.2600
317      317   (0)     13  : 0.0000 0.5374 0.0000 0.0000 0.0000 0.1564 0.0000 0.3063
318      318   (0)     13  : 0.0000 0.7214 0.0000 0.0000 0.0916 0.0278 0.0000 0.1592
319      319   (0)     13  : 0.0000 0.3533 0.0000 0.0000 0.0000 0.2452 0.0000 0.4016
320      320   (0)     13  : 0.0000 0.2255 0.7269 0.0000 0.0000 0.0000 0.0000 0.0476
321      321   (0)     13  : 0.0000 0.4824 0.0000 0.0000 0.0000 0.1530 0.0000 0.3646
322      322   (0)     13  : 0.0000 0.5680 0.0000 0.0000 0.0000 0.1610 0.0000 0.2710
323      323   (0)     13  : 0.0000 0.5102 0.0000 0.0000 0.0000 0.0102 0.0000 0.4796
324      324   (0)     13  : 0.0000 0.4577 0.0000 0.0000 0.0000 0.0596 0.0000 0.4827
325      325   (0)     14  : 0.0000 0.4219 0.0000 0.0000 0.0000 0.4704 0.0000 0.1077
326      326   (0)     14  : 0.0000 0.0000 0.0000 0.0000 0.0000 1.0000 0.0000 0.0000
327      327   (0)     14  : 0.0000 0.0000 1.0000 0.0000 0.0000 0.0000 0.0000 0.0000
328      328   (0)     14  : 0.0000 0.3570 0.0000 0.0000 0.0000 0.5979 0.0000 0.0451
329      329   (0)     14  : 0.0000 0.0000 0.9923 0.0000 0.0000 0.0000 0.0000 0.0077
330      330   (0)     14  : 0.0337 0.0000 0.9198 0.0000 0.0000 0.0465 0.0000 0.0000
331      331   (0)     14  : 0.0000 0.0186 0.9691 0.0000 0.0000 0.0000 0.0000 0.0123
332      332   (0)     14  : 0.0000 0.2585 0.0967 0.0000 0.0000 0.5178 0.0000 0.1270
333      333   (0)     14  : 0.0000 0.0000 1.0000 0.0000 0.0000 0.0000 0.0000 0.0000
334      334   (0)     14  : 0.0000 0.1663 0.0000 0.0000 0.0000 0.8056 0.0000 0.0282
335      335   (0)     14  : 0.0000 0.2049 0.0575 0.0000 0.0000 0.6322 0.0000 0.1055
336      336   (0)     11  : 0.0000 0.0005 0.9743 0.0000 0.0000 0.0252 0.0000 0.0000
337      337   (0)     11  : 0.0000 0.3487 0.0000 0.0000 0.0080 0.6148 0.0000 0.0285
338      338   (0)     11  : 0.0000 0.0450 0.9537 0.0000 0.0000 0.0000 0.0000 0.0012
339      339   (0)     10  : 0.0000 0.0000 0.0000 0.0000 0.0000 1.0000 0.0000 0.0000
340      340   (0)     10  : 0.0000 0.0000 0.7275 0.2725 0.0000 0.0000 0.0000 0.0000
341      341   (0)     11  : 0.0238 0.0751 0.8829 0.0000 0.0000 0.0183 0.0000 0.0000
342      342   (0)     11  : 0.0000 0.0000 1.0000 0.0000 0.0000 0.0000 0.0000 0.0000
343      343   (0)     11  : 0.0000 0.0000 1.0000 0.0000 0.0000 0.0000 0.0000 0.0000
344      344   (0)     11  : 0.0013 0.0000 0.8779 0.0167 0.0000 0.1042 0.0000 0.0000
345      345   (0)     11  : 0.0000 0.0269 0.9620 0.0000 0.0000 0.0023 0.0000 0.0089
346      346   (0)     11  : 0.0000 0.0000 1.0000 0.0000 0.0000 0.0000 0.0000 0.0000
347      347   (0)     11  : 0.0000 0.2764 0.0000 0.0000 0.0000 0.6112 0.0000 0.1123
348      348   (0)     11  : 0.0000 0.0000 1.0000 0.0000 0.0000 0.0000 0.0000 0.0000
349      349   (0)     11  : 0.0000 0.0000 0.9663 0.0000 0.0000 0.0337 0.0000 0.0000
350      350   (0)     11  : 0.0000 0.0000 0.8138 0.0000 0.0000 0.0955 0.0000 0.0907
351      351   (0)     11  : 0.0000 0.0171 0.9829 0.0000 0.0000 0.0000 0.0000 0.0000
352      352   (0)     11  : 0.0000 0.1886 0.0248 0.0000 0.0000 0.7362 0.0000 0.0504
353      353   (0)     11  : 0.0000 0.0000 1.0000 0.0000 0.0000 0.0000 0.0000 0.0000
354      354   (0)     11  : 0.0000 0.1789 0.0000 0.0000 0.0000 0.8211 0.0000 0.0000
355      355   (0)     11  : 0.0000 0.0000 1.0000 0.0000 0.0000 0.0000 0.0000 0.0000
356      356   (0)     14  : 0.0000 0.0000 0.8840 0.0000 0.0000 0.0000 0.0023 0.1137
357      357   (0)     14  : 0.0000 0.2658 0.0000 0.0000 0.0000 0.6704 0.0000 0.0638
358      358   (0)     14  : 0.0000 0.0000 1.0000 0.0000 0.0000 0.0000 0.0000 0.0000
359      359   (0)     14  : 0.0000 0.0943 0.0000 0.0000 0.0000 0.6902 0.0000 0.2154
360      360   (0)     14  : 0.0000 0.0000 1.0000 0.0000 0.0000 0.0000 0.0000 0.0000
361      361   (0)     14  : 0.0000 0.0000 0.9337 0.0000 0.0000 0.0663 0.0000 0.0000
362      362   (0)     14  : 0.0000 0.0000 1.0000 0.0000 0.0000 0.0000 0.0000 0.0000
363      363   (0)     14  : 0.0080 0.0000 0.9920 0.0000 0.0000 0.0000 0.0000 0.0000
364      364   (0)     14  : 0.0000 0.0000 1.0000 0.0000 0.0000 0.0000 0.0000 0.0000
365      365   (0)     14  : 0.0000 0.0395 0.8557 0.0000 0.0000 0.0431 0.0000 0.0616
366      366   (0)     14  : 0.0000 0.1177 0.0201 0.0000 0.0000 0.6899 0.0000 0.1723
367      367   (0)      9  : 0.0000 0.0285 0.0000 0.0000 0.0000 0.9139 0.0000 0.0577
368      368   (0)      9  : 0.0000 0.0000 0.8557 0.0413 0.0000 0.1031 0.0000 0.0000
369      369   (0)      9  : 0.0000 0.0274 0.0271 0.0000 0.0000 0.9455 0.0000 0.0000
370      370   (0)      9  : 0.0000 0.0000 0.0472 0.0000 0.0000 0.9146 0.0000 0.0382
371      371   (0)      9  : 0.0000 0.0000 0.0000 0.0000 0.0000 1.0000 0.0000 0.0000
372      372   (0)      9  : 0.0000 0.0000 1.0000 0.0000 0.0000 0.0000 0.0000 0.0000
373      373   (0)     14  : 0.0000 0.0000 1.0000 0.0000 0.0000 0.0000 0.0000 0.0000
374      374   (0)     14  : 0.0000 0.0392 0.0180 0.0000 0.0000 0.9428 0.0000 0.0000
375      375   (0)     14  : 0.0000 0.0000 0.9472 0.0000 0.0000 0.0528 0.0000 0.0000
376      376   (0)     14  : 0.0000 0.0000 1.0000 0.0000 0.0000 0.0000 0.0000 0.0000
377      377   (0)     14  : 0.0000 0.1691 0.0000 0.0000 0.0000 0.8309 0.0000 0.0000
378      378   (0)      9  : 0.0000 0.0049 0.0000 0.0000 0.0000 0.9951 0.0000 0.0000
379      379   (0)      9  : 0.0556 0.0000 0.9444 0.0000 0.0000 0.0000 0.0000 0.0000
380      380   (0)      9  : 0.0861 0.0000 0.9139 0.0000 0.0000 0.0000 0.0000 0.0000
381      381   (0)      9  : 0.0000 0.0000 0.8763 0.0000 0.0000 0.0000 0.1237 0.0000
382      382   (0)      9  : 0.0000 0.0018 0.0000 0.0000 0.0000 0.9982 0.0000 0.0000
383      383   (0)      9  : 0.0000 0.0000 0.0000 0.0000 0.0000 1.0000 0.0000 0.0000
384      384   (0)      9  : 0.0000 0.0000 0.0000 0.0000 0.0000 1.0000 0.0000 0.0000
385      385   (0)      9  : 0.0000 0.0000 0.8393 0.0000 0.0000 0.0000 0.1607 0.0000
386      386   (0)      9  : 0.0000 0.0315 0.0000 0.0000 0.0000 0.9685 0.0000 0.0000
387      387   (0)      9  : 0.0000 0.0000 0.0064 0.0000 0.0329 0.9606 0.0000 0.0000
388      388   (0)      9  : 0.0000 0.0000 0.9989 0.0000 0.0000 0.0000 0.0011 0.0000
389      389   (0)      9  : 0.0106 0.0000 0.9883 0.0012 0.0000 0.0000 0.0000 0.0000
390      390   (0)      9  : 0.0000 0.0110 0.0000 0.0462 0.1299 0.8129 0.0000 0.0000
391      391   (0)      9  : 0.0000 0.0000 0.7979 0.0000 0.0000 0.0000 0.2021 0.0000
392      392   (0)     15  : 0.0000 0.0000 0.0000 0.0000 0.0000 0.3745 0.0000 0.6255
393      393   (0)     15  : 0.0000 0.0000 0.0000 0.0000 0.0000 0.0000 0.0000 1.0000
394      394   (0)     15  : 0.0000 0.0000 0.0251 0.0000 0.0000 0.0000 0.0000 0.9749
395      395   (0)     15  : 0.0000 0.0000 0.0281 0.0000 0.0000 0.0000 0.1019 0.8701
396      396   (0)     15  : 0.0000 0.0000 0.0000 0.0000 0.0000 0.0000 0.0000 1.0000
397      397   (0)     15  : 0.0000 0.0000 0.0000 0.0000 0.0000 0.0000 0.0000 1.0000
398      398   (0)     15  : 0.0000 0.0000 0.0000 0.0000 0.0000 0.0000 0.0000 1.0000
399      399   (0)     15  : 0.0000 0.0000 0.7432 0.0000 0.0000 0.0000 0.0000 0.2568
400      400   (0)     15  : 0.0000 0.0000 0.0000 0.0000 0.0000 0.0000 0.0007 0.9993
401      401   (0)     15  : 0.0000 0.0000 0.0000 0.0000 0.0038 0.0000 0.0000 0.9962
402      402   (0)     15  : 0.0000 0.0000 0.6870 0.0000 0.0000 0.0000 0.0000 0.3130
403      403   (0)     15  : 0.0000 0.0000 0.9999 0.0000 0.0000 0.0000 0.0000 0.0001
404      404   (0)     15  : 0.0000 0.0000 0.0122 0.0000 0.0000 0.0000 0.0000 0.9878
405      405   (0)     15  : 0.0000 0.0000 0.0000 0.0000 0.0000 0.0001 0.0000 0.9999
406      406   (0)     15  : 0.0000 0.0408 0.0000 0.0000 0.0000 0.0000 0.0000 0.9592
407      407   (0)     15  : 0.0000 0.0000 0.1191 0.0000 0.0000 0.0290 0.0000 0.8518
408      408   (0)     15  : 0.0000 0.0000 0.7668 0.0000 0.0000 0.0000 0.0000 0.2332
409      409   (0)     15  : 0.0000 0.0000 0.0087 0.0000 0.0000 0.0000 0.0000 0.9913
410      410   (0)     15  : 0.0000 0.0000 0.6709 0.0000 0.0000 0.0000 0.0000 0.3291
411      411   (0)     15  : 0.0000 0.0100 0.0000 0.0000 0.0000 0.0000 0.0000 0.9900
412      412   (0)     15  : 0.0000 0.0000 0.0716 0.0000 0.0000 0.0000 0.0000 0.9284
413      413   (0)     15  : 0.0000 0.0001 0.0000 0.0000 0.0000 0.0000 0.0000 0.9999
414      414   (0)     15  : 0.0000 0.1894 0.0000 0.0069 0.0000 0.0278 0.0000 0.7759
415      415   (0)     15  : 0.0007 0.0360 0.1389 0.0084 0.0000 0.0266 0.0000 0.7895
416      416   (0)     15  : 0.0000 0.0000 0.0000 0.0000 0.0000 0.0000 0.0000 1.0000
417      417   (0)     15  : 0.0000 0.0000 0.7906 0.0000 0.0000 0.0000 0.0000 0.2094
418      418   (0)     15  : 0.0000 0.0000 0.0000 0.0000 0.0000 0.0000 0.0000 1.0000
419      419   (0)     15  : 0.0000 0.0000 0.7769 0.0000 0.0000 0.0000 0.0000 0.2231
420      420   (0)     15  : 0.0000 0.0000 0.8000 0.0000 0.0000 0.0000 0.0000 0.2000
421      421   (0)     16  : 0.3941 0.0000 0.0000 0.0000 0.0158 0.0000 0.5900 0.0000
422      422   (0)     16  : 0.0692 0.0000 0.0007 0.1409 0.0000 0.0000 0.7892 0.0000
423      423   (0)     16  : 0.7850 0.0000 0.1150 0.1000 0.0000 0.0000 0.0000 0.0000
424      424   (0)     16  : 0.2998 0.0000 0.0966 0.1001 0.0000 0.0088 0.4948 0.0000
425      425   (0)     16  : 0.0004 0.0000 0.0685 0.1389 0.0000 0.0000 0.7923 0.0000
426      426   (0)     16  : 0.8734 0.0000 0.0253 0.1013 0.0000 0.0000 0.0000 0.0000
427      427   (0)     16  : 0.2759 0.0000 0.0001 0.0197 0.0000 0.0195 0.6848 0.0000
428      428   (0)     16  : 1.0000 0.0000 0.0000 0.0000 0.0000 0.0000 0.0000 0.0000
429      429   (0)     16  : 0.2312 0.0007 0.0300 0.1176 0.0000 0.0351 0.5855 0.0000
430      430   (0)     16  : 0.9509 0.0000 0.0000 0.0435 0.0057 0.0000 0.0000 0.0000
431      431   (0)     16  : 0.0000 0.0000 0.0000 0.4425 0.0000 0.0000 0.5575 0.0000
432      432   (0)     16  : 0.9202 0.0000 0.0416 0.0000 0.0000 0.0000 0.0382 0.0000
433      433   (0)     16  : 0.1137 0.0000 0.0000 0.0000 0.0000 0.0000 0.8863 0.0000
434      434   (0)     16  : 0.6551 0.0000 0.0020 0.0033 0.0000 0.0000 0.3370 0.0026
435      435   (0)     16  : 0.4550 0.0000 0.0051 0.0000 0.0000 0.0000 0.5398 0.0000
436      436   (0)     16  : 0.0000 0.0000 0.0000 0.0980 0.0000 0.0000 0.9020 0.0000
437      437   (0)     16  : 0.9149 0.0000 0.0000 0.0851 0.0000 0.0000 0.0000 0.0000
438      438   (0)     16  : 0.9699 0.0000 0.0000 0.0301 0.0000 0.0000 0.0000 0.0000
439      439   (0)     16  : 0.9172 0.0000 0.0349 0.0476 0.0000 0.0003 0.0000 0.0000
440      440   (0)     16  : 0.8598 0.0000 0.1402 0.0000 0.0000 0.0000 0.0000 0.0000
441      441   (0)     16  : 0.5298 0.0289 0.0128 0.0000 0.0000 0.0000 0.4276 0.0010
442      442   (0)     16  : 0.9363 0.0000 0.0000 0.0365 0.0000 0.0000 0.0272 0.0000
443      443   (0)     16  : 0.8293 0.0000 0.1393 0.0000 0.0000 0.0000 0.0314 0.0000
444      444   (0)     16  : 0.9639 0.0000 0.0361 0.0000 0.0000 0.0000 0.0000 0.0000
445      445   (0)     16  : 0.0000 0.0000 0.0000 0.0000 0.5884 0.0292 0.3824 0.0000
446      446   (0)     16  : 0.4426 0.0000 0.0000 0.0000 0.0000 0.0000 0.5574 0.0000
447      447   (0)     16  : 0.6498 0.0000 0.0543 0.0000 0.0000 0.0000 0.2959 0.0000
448      448   (0)     16  : 0.9114 0.0000 0.0000 0.0000 0.0000 0.0000 0.0886 0.0000
449      449   (0)     16  : 0.6157 0.0000 0.0235 0.0000 0.0000 0.0000 0.3608 0.0000
450      450   (0)     16  : 0.9302 0.0000 0.0000 0.0334 0.0000 0.0000 0.0363 0.0000
451      451   (0)     17  : 0.6050 0.0140 0.0403 0.2107 0.0000 0.0289 0.1011 0.0000
452      452   (0)     17  : 0.8795 0.0000 0.0448 0.0000 0.0000 0.0000 0.0757 0.0000
453      453   (0)     17  : 1.0000 0.0000 0.0000 0.0000 0.0000 0.0000 0.0000 0.0000
454      454   (0)     17  : 0.3403 0.0000 0.0267 0.0000 0.4402 0.1454 0.0000 0.0474
455      455   (0)     17  : 0.0439 0.0000 0.0000 0.0000 0.0000 0.0000 0.9561 0.0000
456      456   (0)     17  : 0.2528 0.0000 0.0000 0.0000 0.5780 0.1402 0.0289 0.0000
457      457   (0)     17  : 0.0677 0.0000 0.0000 0.0000 0.0000 0.0000 0.9323 0.0000
458      458   (0)     17  : 0.8764 0.0000 0.0114 0.0119 0.0000 0.0000 0.1004 0.0000
459      459   (0)     17  : 0.9813 0.0000 0.0000 0.0000 0.0000 0.0000 0.0187 0.0000
460      460   (0)     17  : 0.0000 0.0000 0.1788 0.0000 0.0000 0.0000 0.8212 0.0000
461      461   (0)     17  : 0.5637 0.0000 0.0579 0.0000 0.0000 0.0000 0.3784 0.0000
462      462   (0)     17  : 0.3113 0.1069 0.0000 0.5182 0.0636 0.0000 0.0000 0.0000
463      463   (0)     17  : 0.0000 0.0009 0.0000 0.0000 0.4182 0.1286 0.4107 0.0416
464      464   (0)     17  : 0.7623 0.0087 0.0660 0.0356 0.0088 0.0000 0.1186 0.0000
465      465   (0)     17  : 0.5131 0.0127 0.0000 0.2874 0.1463 0.0000 0.0406 0.0000
466      466   (0)     17  : 0.7962 0.0000 0.1211 0.0457 0.0371 0.0000 0.0000 0.0000
467      467   (0)     17  : 0.5687 0.0000 0.0444 0.1699 0.0093 0.0000 0.1918 0.0159
468      468   (0)     17  : 0.7171 0.0005 0.2560 0.0000 0.0000 0.0000 0.0264 0.0000
469      469   (0)     17  : 0.3651 0.0000 0.0710 0.1218 0.0272 0.0000 0.4149 0.0000
470      470   (0)     17  : 0.8508 0.0000 0.0937 0.0000 0.0000 0.0555 0.0000 0.0000
471      471   (0)     17  : 0.4472 0.0000 0.0632 0.0000 0.0000 0.0000 0.4705 0.0191
472      472   (0)     17  : 0.6152 0.0001 0.1228 0.2571 0.0000 0.0000 0.0000 0.0048
473      473   (0)     17  : 0.7065 0.0000 0.1455 0.1178 0.0000 0.0000 0.0000 0.0302
474      474   (0)     17  : 0.0115 0.0000 0.0047 0.0724 0.0000 0.0000 0.9008 0.0106
475      475   (0)     17  : 0.6975 0.0026 0.0468 0.0934 0.0000 0.0000 0.1597 0.0000
476      476   (0)     17  : 0.2308 0.0032 0.0007 0.0689 0.0331 0.0136 0.6498 0.0000
477      477   (0)     17  : 0.9689 0.0000 0.0000 0.0187 0.0124 0.0000 0.0000 0.0000
478      478   (0)     17  : 0.0504 0.0000 0.0099 0.0000 0.0000 0.0000 0.9398 0.0000
479      479   (0)     17  : 0.9690 0.0000 0.0000 0.0000 0.0142 0.0006 0.0132 0.0030
480      480   (0)     17  : 0.5591 0.0000 0.1901 0.2144 0.0336 0.0000 0.0028 0.0000
481      481   (0)     18  : 0.0000 0.0129 0.0706 0.8404 0.0761 0.0000 0.0000 0.0000
482      482   (0)     18  : 0.0000 0.0000 0.0000 0.0000 1.0000 0.0000 0.0000 0.0000
483      483   (0)     18  : 0.0000 0.0000 0.0000 0.0000 1.0000 0.0000 0.0000 0.0000
484      484   (0)     18  : 0.0000 0.0000 0.0000 0.0000 1.0000 0.0000 0.0000 0.0000
485      485   (0)     18  : 0.0005 0.0000 0.0000 0.0000 0.9688 0.0000 0.0307 0.0000
486      486   (0)     18  : 0.0000 0.0000 0.0000 0.1070 0.8930 0.0000 0.0000 0.0000
487      487   (0)     18  : 0.0000 0.0000 0.0000 0.0000 1.0000 0.0000 0.0000 0.0000
488      488   (0)     18  : 0.6225 0.0000 0.0690 0.2431 0.0654 0.0000 0.0000 0.0000
489      489   (0)     18  : 0.0000 0.0000 0.0000 0.9760 0.0000 0.0000 0.0000 0.0240
490      490   (0)     18  : 0.0000 0.0000 0.0000 0.0000 1.0000 0.0000 0.0000 0.0000
491      491   (0)     18  : 0.0000 0.0000 0.0638 0.0000 0.9362 0.0000 0.0000 0.0000
492      492   (0)     18  : 0.6367 0.0000 0.0000 0.0000 0.3633 0.0000 0.0000 0.0000
493      493   (0)     18  : 0.0000 0.0000 0.0000 0.5075 0.0038 0.0000 0.4887 0.0000
494      494   (0)     18  : 0.0000 0.0000 0.0000 0.0790 0.9210 0.0000 0.0000 0.0000
495      495   (0)     18  : 0.0000 0.0000 0.0000 0.0000 1.0000 0.0000 0.0000 0.0000
496      496   (0)     18  : 0.1228 0.0000 0.0000 0.0000 0.8772 0.0000 0.0000 0.0000
497      497   (0)     18  : 0.0000 0.0000 0.0805 0.5610 0.0123 0.0000 0.3462 0.0000
498      498   (0)     18  : 0.0000 0.0000 0.0000 0.0319 0.9019 0.0000 0.0662 0.0000
499      499   (0)     18  : 0.0000 0.0000 0.0000 0.0607 0.6736 0.0000 0.2656 0.0000
500      500   (0)     18  : 0.0000 0.0000 0.1384 0.8030 0.0586 0.0000 0.0000 0.0000
501      501   (0)     18  : 0.3108 0.0096 0.0290 0.6348 0.0119 0.0038 0.0000 0.0000
502      502   (0)     18  : 0.2002 0.0000 0.0000 0.0000 0.5910 0.0243 0.1845 0.0000
503      503   (0)     18  : 0.0000 0.0000 0.0000 0.0000 1.0000 0.0000 0.0000 0.0000
504      504   (0)     18  : 0.1635 0.0000 0.0000 0.0000 0.7199 0.0000 0.1166 0.0000
505      505   (0)     18  : 0.1743 0.0000 0.0997 0.0000 0.7261 0.0000 0.0000 0.0000
506      506   (0)     18  : 0.0000 0.0000 0.0927 0.4015 0.0052 0.0000 0.5006 0.0000
507      507   (0)     18  : 0.1426 0.0000 0.0000 0.0742 0.7226 0.0000 0.0605 0.0000
508      508   (0)     18  : 0.0525 0.0000 0.0124 0.4889 0.0310 0.0000 0.4152 0.0000
509      509   (0)     18  : 0.1823 0.0000 0.0598 0.0000 0.7579 0.0000 0.0000 0.0000
510      510   (0)     19  : 0.6223 0.0000 0.0000 0.1003 0.0000 0.0000 0.2774 0.0000
511      511   (0)     19  : 0.0000 0.0000 0.0000 0.1245 0.0000 0.0000 0.8755 0.0000
512      512   (0)     19  : 0.4417 0.0000 0.0000 0.0000 0.0000 0.0000 0.5583 0.0000
513      513   (0)     19  : 0.0000 0.0000 0.0000 0.0000 0.0000 0.0000 1.0000 0.0000
514      514   (0)     19  : 0.8531 0.0000 0.1469 0.0000 0.0000 0.0000 0.0000 0.0000
515      515   (0)     19  : 0.3422 0.0000 0.0149 0.0409 0.0000 0.0000 0.6020 0.0000
516      516   (0)     19  : 0.0545 0.0000 0.0000 0.0000 0.0000 0.0000 0.9455 0.0000
517      517   (0)     19  : 0.9058 0.0000 0.0302 0.0586 0.0000 0.0000 0.0054 0.0000
518      518   (0)     19  : 0.4645 0.0000 0.0003 0.0000 0.0000 0.0000 0.5352 0.0000
519      519   (0)     19  : 0.1166 0.0003 0.2248 0.6584 0.0000 0.0000 0.0000 0.0000
520      520   (0)     19  : 0.8361 0.0000 0.0000 0.0398 0.0000 0.0000 0.1240 0.0000
521      521   (0)     19  : 0.0000 0.0000 0.0000 0.2251 0.0000 0.0000 0.7749 0.0000
522      522   (0)     19  : 0.0310 0.0000 0.0000 0.0000 0.0000 0.0000 0.9690 0.0000
523      523   (0)     19  : 0.0000 0.0000 0.0052 0.0389 0.0000 0.0000 0.9559 0.0000
524      524   (0)     19  : 0.6860 0.0000 0.0000 0.0000 0.0000 0.0000 0.3140 0.0000
525      525   (0)     19  : 0.5133 0.0000 0.0000 0.0000 0.0000 0.0230 0.4570 0.0066
526      526   (0)     19  : 0.8427 0.0000 0.0039 0.0000 0.0000 0.0000 0.1428 0.0106
527      527   (0)     19  : 0.3605 0.0000 0.0565 0.2408 0.0000 0.0000 0.3421 0.0000
528      528   (0)     19  : 0.7400 0.0000 0.0000 0.1554 0.0000 0.0000 0.1046 0.0000
529      529   (0)     19  : 1.0000 0.0000 0.0000 0.0000 0.0000 0.0000 0.0000 0.0000
530      530   (0)     19  : 0.3089 0.0000 0.0295 0.0000 0.0000 0.0000 0.6615 0.0000
531      531   (0)     19  : 0.3990 0.0000 0.0993 0.0000 0.0000 0.0000 0.5018 0.0000
532      532   (0)     19  : 0.2949 0.0207 0.0416 0.0000 0.0000 0.0063 0.6364 0.0000
533      533   (0)     19  : 0.5135 0.0219 0.0000 0.0000 0.3685 0.0584 0.0377 0.0000
534      534   (0)     19  : 0.7553 0.0000 0.0025 0.1600 0.0000 0.0000 0.0823 0.0000
535      535   (0)     19  : 0.2264 0.0000 0.0000 0.0291 0.0000 0.0000 0.7444 0.0000
536      536   (0)     19  : 0.1725 0.0262 0.0000 0.0000 0.0000 0.0000 0.8013 0.0000
537      537   (0)     19  : 0.3683 0.0000 0.0700 0.2077 0.0000 0.0000 0.3540 0.0000
538      538   (0)     19  : 0.0019 0.0000 0.0000 0.0000 0.7172 0.0000 0.2810 0.0000
539      539   (0)     19  : 0.0000 0.0000 0.0000 0.0000 0.0225 0.0000 0.9775 0.0000
