1        1   (0)      1  : 0.8380 0.0279 0.1227 0.0113
2        2   (0)      1  : 0.7276 0.0000 0.1512 0.1212
3        3   (0)      1  : 0.1984 0.3211 0.0043 0.4761
4        4   (0)      1  : 0.8186 0.0000 0.1741 0.0074
5        5   (0)      1  : 0.5141 0.0019 0.3043 0.1796
6        6   (0)      1  : 0.8143 0.0871 0.0001 0.0985
7        7   (0)      1  : 0.0000 0.2764 0.0424 0.6812
8        8   (0)      2  : 0.6773 0.0291 0.2746 0.0190
9        9   (0)      1  : 0.7432 0.0220 0.2180 0.0168
10       10   (0)      3  : 0.7121 0.0000 0.0000 0.2879
11       11   (0)      4  : 0.1721 0.0152 0.2813 0.5314
12       12   (0)      4  : 0.7155 0.0000 0.0599 0.2247
13       13   (0)      4  : 0.6195 0.0000 0.0522 0.3284
14       14   (0)      4  : 0.2212 0.0000 0.2341 0.5447
15       15   (0)      4  : 0.5332 0.0016 0.1053 0.3600
16       16   (0)      4  : 0.5573 0.1519 0.0000 0.2907
17       17   (0)      5  : 0.8144 0.0000 0.0512 0.1344
18       18   (0)      4  : 0.7081 0.0000 0.0113 0.2807
19       19   (0)      5  : 0.6133 0.0000 0.0756 0.3111
20       20   (0)      5  : 0.5735 0.0000 0.0000 0.4265
21       21   (0)      5  : 0.5795 0.0000 0.0000 0.4205
22       22   (0)      5  : 0.5738 0.0000 0.0000 0.4262
23       23   (0)      5  : 0.7672 0.0000 0.0000 0.2328
24       24   (0)      5  : 0.6070 0.0000 0.0000 0.3930
25       25   (0)      5  : 0.6417 0.0000 0.0035 0.3548
26       26   (0)      5  : 0.5860 0.0000 0.0000 0.4140
27       27   (0)      5  : 0.4577 0.0000 0.0957 0.4465
28       28   (0)      5  : 0.6964 0.0000 0.0000 0.3036
29       29   (0)      5  : 0.3281 0.0000 0.0000 0.6719
30       30   (0)      5  : 0.7700 0.0000 0.0000 0.2300
31       31   (0)      5  : 0.7381 0.0000 0.0431 0.2188
32       32   (0)      5  : 0.5412 0.0000 0.0000 0.4588
33       33   (0)      5  : 0.9261 0.0000 0.0051 0.0688
34       34   (0)      5  : 0.7982 0.0000 0.0000 0.2018
35       35   (0)      5  : 0.8284 0.0000 0.0000 0.1716
36       36   (0)      5  : 0.4706 0.0000 0.0365 0.4929
37       37   (0)      5  : 0.5995 0.0000 0.0158 0.3847
38       38   (0)      5  : 0.5551 0.0000 0.0003 0.4446
39       39   (0)      5  : 0.4623 0.0000 0.0376 0.5001
40       40   (0)      5  : 0.5868 0.0000 0.0000 0.4132
41       41   (0)      5  : 0.6675 0.0000 0.0000 0.3325
42       42   (0)      5  : 0.7735 0.0014 0.0000 0.2252
43       43   (0)      5  : 0.2624 0.3346 0.0000 0.4030
44       44   (0)      5  : 0.6935 0.0000 0.0000 0.3065
45       45   (0)      4  : 0.2209 0.0000 0.1256 0.6534
46       46   (0)      4  : 0.6625 0.0000 0.0452 0.2923
47       47   (0)      4  : 0.8379 0.0000 0.0000 0.1621
48       48   (0)      4  : 0.7070 0.0000 0.0558 0.2372
49       49   (0)      5  : 0.6698 0.0000 0.0566 0.2736
50       50   (0)      4  : 0.7745 0.0000 0.0191 0.2063
51       51   (0)      4  : 0.5322 0.1449 0.0167 0.3062
52       52   (0)      4  : 0.5846 0.0147 0.0747 0.3261
53       53   (0)      4  : 0.3298 0.2286 0.0113 0.4303
54       54   (0)      4  : 0.5418 0.0000 0.0963 0.3619
55       55   (0)      4  : 0.4237 0.2155 0.0047 0.3561
56       56   (0)      4  : 0.4425 0.1627 0.0254 0.3694
57       57   (0)      4  : 0.4596 0.0000 0.0515 0.4889
58       58   (0)      5  : 0.6136 0.0000 0.0330 0.3534
59       59   (0)      4  : 0.5889 0.1751 0.0000 0.2360
60       60   (0)      4  : 0.3560 0.2441 0.0000 0.3999
61       61   (0)      4  : 0.7566 0.0000 0.0379 0.2055
62       62   (0)      5  : 0.7267 0.0000 0.0446 0.2287
63       63   (0)      6  : 0.4997 0.1958 0.0000 0.3044
64       64   (0)      6  : 0.3506 0.2479 0.0000 0.4015
65       65   (0)      6  : 0.5334 0.0000 0.3917 0.0749
66       66   (0)      6  : 0.7722 0.0000 0.0325 0.1953
67       67   (0)      6  : 0.2246 0.0000 0.2628 0.5126
68       68   (0)      6  : 0.7382 0.0000 0.2618 0.0000
69       69   (0)      6  : 0.8477 0.0000 0.1249 0.0273
70       70   (0)      6  : 0.7920 0.0279 0.0663 0.1138
71       71   (0)      6  : 0.8583 0.0000 0.0630 0.0786
72       72   (0)      6  : 0.8446 0.0000 0.0526 0.1028
73       73   (0)      7  : 0.6338 0.0052 0.0405 0.3205
74       74   (0)      7  : 0.7137 0.0004 0.1330 0.1529
75       75   (0)      7  : 0.6204 0.0000 0.1176 0.2619
76       76   (0)      7  : 0.5625 0.0101 0.0921 0.3354
77       77   (0)      7  : 0.4501 0.0005 0.0281 0.5213
78       78   (0)      7  : 0.4983 0.0006 0.1378 0.3633
79       79   (0)      7  : 0.5894 0.0107 0.0650 0.3349
80       80   (0)      7  : 0.8087 0.0005 0.0812 0.1096
81       81   (0)      7  : 0.6633 0.0000 0.0468 0.2899
82       82   (0)      7  : 0.4729 0.0000 0.0237 0.5034
83       83   (0)      7  : 0.6956 0.0270 0.0260 0.2514
84       84   (0)      7  : 0.4124 0.2279 0.0000 0.3598
85       85   (0)      7  : 0.5824 0.0000 0.1152 0.3024
86       86   (0)      7  : 0.4211 0.0000 0.0939 0.4850
87       87   (0)      7  : 0.4879 0.2054 0.0000 0.3067
88       88   (0)      7  : 0.8913 0.0000 0.0038 0.1048
89       89   (0)      7  : 0.3756 0.2896 0.0000 0.3348
90       90   (0)      7  : 0.5015 0.0000 0.0577 0.4408
91       91   (0)      7  : 0.8324 0.0011 0.0439 0.1226
92       92   (0)      7  : 0.6228 0.0000 0.0780 0.2992
93       93   (0)      7  : 0.3910 0.0000 0.1025 0.5065
94       94   (0)      7  : 0.7508 0.0000 0.0250 0.2242
95       95   (0)      7  : 0.3761 0.0001 0.1006 0.5233
96       96   (0)      7  : 0.5434 0.0090 0.0002 0.4474
97       97   (0)      7  : 0.3291 0.0012 0.0401 0.6296
98       98   (0)      7  : 0.2173 0.0069 0.0889 0.6870
99       99   (0)      7  : 0.2921 0.0000 0.0351 0.6728
100      100   (0)      7  : 0.3465 0.2697 0.0244 0.3595
101      101   (0)      6  : 0.7449 0.0000 0.1916 0.0634
102      102   (0)      6  : 0.5883 0.0000 0.2956 0.1160
103      103   (0)      6  : 0.8878 0.0000 0.1035 0.0087
104      104   (0)      6  : 0.7918 0.0000 0.1820 0.0262
105      105   (0)      6  : 0.8952 0.0000 0.0893 0.0155
106      106   (0)      6  : 0.5968 0.0000 0.2242 0.1790
107      107   (0)      6  : 0.7613 0.0000 0.2031 0.0356
108      108   (0)      6  : 0.8047 0.0000 0.1296 0.0658
109      109   (0)      6  : 0.3866 0.2247 0.0088 0.3799
110      110   (0)      7  : 0.8083 0.0000 0.0279 0.1638
111      111   (0)      7  : 0.2766 0.1057 0.1159 0.5019
112      112   (0)      6  : 0.5675 0.0362 0.2562 0.1401
113      113   (0)      6  : 0.4487 0.0000 0.4992 0.0521
114      114   (0)      6  : 0.2369 0.3258 0.0282 0.4091
115      115   (0)      6  : 0.5411 0.0016 0.2853 0.1720
116      116   (0)      6  : 0.1326 0.3572 0.0363 0.4739
117      117   (0)      6  : 0.5988 0.0390 0.1750 0.1872
118      118   (0)      6  : 0.6860 0.0000 0.2862 0.0279
119      119   (0)      6  : 0.7364 0.0000 0.2570 0.0067
120      120   (0)      6  : 0.6147 0.0082 0.2543 0.1228
121      121   (0)      6  : 0.6040 0.0000 0.3490 0.0470
122      122   (0)      6  : 0.1886 0.3355 0.0583 0.4177
123      123   (0)      8  : 0.6660 0.0000 0.0251 0.3089
124      124   (0)      8  : 0.8456 0.0000 0.0026 0.1518
125      125   (0)      8  : 0.7741 0.0000 0.0000 0.2259
126      126   (0)      8  : 0.7257 0.0000 0.0293 0.2449
127      127   (0)      8  : 0.6184 0.0077 0.0266 0.3473
128      128   (0)      8  : 0.6867 0.0000 0.0000 0.3133
129      129   (0)      8  : 0.7902 0.0000 0.0016 0.2082
130      130   (0)      8  : 0.7287 0.0000 0.0512 0.2200
131      131   (0)      8  : 0.5615 0.0007 0.1022 0.3357
132      132   (0)      8  : 0.8010 0.0000 0.0000 0.1990
133      133   (0)      8  : 0.8370 0.0000 0.0000 0.1630
134      134   (0)      8  : 0.6506 0.0079 0.0000 0.3416
135      135   (0)      8  : 0.3331 0.0216 0.0949 0.5505
136      136   (0)      8  : 0.9862 0.0000 0.0021 0.0117
137      137   (0)      8  : 0.5817 0.0000 0.0694 0.3489
138      138   (0)      8  : 0.8059 0.0000 0.0000 0.1941
139      139   (0)      8  : 0.8160 0.0000 0.0001 0.1839
140      140   (0)      8  : 0.8090 0.0000 0.0185 0.1725
141      141   (0)      8  : 0.8540 0.0000 0.0045 0.1415
142      142   (0)      8  : 0.7023 0.0011 0.0058 0.2908
143      143   (0)      8  : 0.8317 0.0000 0.0170 0.1513
144      144   (0)      8  : 0.3738 0.0000 0.2004 0.4258
145      145   (0)      8  : 0.7244 0.0126 0.0549 0.2080
146      146   (0)      3  : 0.7535 0.0000 0.0000 0.2465
147      147   (0)      3  : 0.5119 0.1507 0.0000 0.3374
148      148   (0)      3  : 0.9965 0.0000 0.0035 0.0000
149      149   (0)      3  : 0.7296 0.0000 0.0024 0.2679
150      150   (0)      3  : 0.8239 0.0000 0.0167 0.1594
151      151   (0)      3  : 0.7696 0.0000 0.0332 0.1973
152      152   (0)      3  : 0.7136 0.0000 0.0198 0.2666
153      153   (0)      3  : 0.7190 0.0000 0.0000 0.2810
154      154   (0)      3  : 0.6722 0.0000 0.0000 0.3278
155      155   (0)      3  : 0.6460 0.0000 0.0000 0.3540
156      156   (0)      3  : 0.4759 0.0246 0.0000 0.4995
157      157   (0)      3  : 0.5704 0.0000 0.0000 0.4296
158      158   (0)      3  : 0.7449 0.0000 0.0041 0.2510
159      159   (0)      3  : 0.7172 0.0000 0.0131 0.2697
160      160   (0)      3  : 0.3549 0.2181 0.0000 0.4270
161      161   (0)      3  : 0.7613 0.0000 0.0960 0.1428
162      162   (0)      3  : 0.8658 0.0000 0.0000 0.1342
163      163   (0)      3  : 0.7765 0.0000 0.0000 0.2235
164      164   (0)      3  : 0.7587 0.0000 0.0114 0.2299
165      165   (0)      3  : 0.6872 0.0000 0.0005 0.3122
166      166   (0)      3  : 0.8056 0.0000 0.0000 0.1944
167      167   (0)      3  : 0.6476 0.0000 0.0029 0.3495
168      168   (0)      3  : 0.9019 0.0000 0.0071 0.0910
169      169   (0)      3  : 0.6392 0.0000 0.0079 0.3529
170      170   (0)      3  : 0.6696 0.0000 0.0254 0.3050
171      171   (0)      3  : 0.8340 0.0000 0.0000 0.1660
172      172   (0)      3  : 0.7045 0.0000 0.0075 0.2880
173      173   (0)      3  : 0.7601 0.0000 0.0003 0.2396
174      174   (0)      3  : 0.7890 0.0000 0.0000 0.2110
175      175   (0)      8  : 0.7689 0.0000 0.0000 0.2311
176      176   (0)      8  : 0.1869 0.0292 0.2196 0.5642
177      177   (0)      8  : 0.8612 0.0000 0.0000 0.1388
178      178   (0)      8  : 0.7126 0.0000 0.1016 0.1858
179      179   (0)      8  : 0.8505 0.0000 0.0016 0.1479
180      180   (0)      8  : 0.7480 0.0000 0.0000 0.2520
181      181   (0)      8  : 0.7715 0.0004 0.0022 0.2260
182      182   (0)      1  : 0.8923 0.0000 0.0827 0.0250
183      183   (0)      1  : 0.8768 0.0000 0.1232 0.0000
184      184   (0)      1  : 0.8143 0.0000 0.1776 0.0080
185      185   (0)      1  : 0.8968 0.0259 0.0627 0.0146
186      186   (0)      1  : 0.8750 0.0000 0.1250 0.0000
187      187   (0)      1  : 0.6463 0.0221 0.1211 0.2106
188      188   (0)      1  : 0.9317 0.0000 0.0683 0.0000
189      189   (0)      1  : 0.9810 0.0000 0.0190 0.0000
190      190   (0)      2  : 0.9584 0.0000 0.0416 0.0000
191      191   (0)      2  : 0.7828 0.0000 0.0001 0.2170
192      192   (0)      2  : 0.8496 0.0000 0.0312 0.1192
193      193   (0)      2  : 0.7773 0.0245 0.0000 0.1983
194      194   (0)      2  : 0.9328 0.0000 0.0210 0.0462
195      195   (0)      2  : 0.9034 0.0000 0.0000 0.0966
196      196   (0)      2  : 0.8319 0.0000 0.1680 0.0000
197      197   (0)      2  : 0.8008 0.0000 0.0639 0.1352
198      198   (0)      1  : 0.9289 0.0000 0.0418 0.0293
199      199   (0)      1  : 0.7995 0.0000 0.1795 0.0210
200      200   (0)      1  : 0.8018 0.0000 0.1267 0.0716
201      201   (0)      1  : 0.6328 0.0090 0.3080 0.0502
202      202   (0)      1  : 0.8163 0.0119 0.1695 0.0023
203      203   (0)      1  : 0.6628 0.0194 0.3029 0.0149
204      204   (0)      2  : 0.6041 0.1045 0.0180 0.2734
205      205   (0)      2  : 0.8641 0.0000 0.1342 0.0017
206      206   (0)      2  : 0.3804 0.1662 0.0000 0.4534
207      207   (0)      2  : 0.8801 0.0000 0.0609 0.0589
208      208   (0)      2  : 0.9927 0.0000 0.0073 0.0000
209      209   (0)      2  : 0.8843 0.0000 0.0243 0.0914
210      210   (0)      2  : 0.8907 0.0000 0.0486 0.0606
211      211   (0)      1  : 0.9064 0.0000 0.0936 0.0000
212      212   (0)      1  : 0.5862 0.0000 0.2255 0.1883
213      213   (0)      1  : 0.8205 0.0180 0.0900 0.0716
214      214   (0)      1  : 0.7540 0.0000 0.2215 0.0245
215      215   (0)      1  : 0.9402 0.0000 0.0598 0.0000
216      216   (0)      1  : 0.7792 0.0000 0.2208 0.0000
217      217   (0)      1  : 0.7241 0.0000 0.2583 0.0176
218      218   (0)      1  : 0.7777 0.0016 0.1825 0.0382
219      219   (0)      2  : 0.9826 0.0000 0.0174 0.0000
220      220   (0)      2  : 0.8055 0.0000 0.0571 0.1374
221      221   (0)      2  : 0.8588 0.0104 0.0862 0.0446
222      222   (0)      2  : 0.8097 0.0054 0.0317 0.1533
223      223   (0)      2  : 0.7944 0.0056 0.1690 0.0310
224      224   (0)      2  : 0.9950 0.0000 0.0049 0.0001
225      225   (0)      2  : 0.9121 0.0000 0.0606 0.0274
226      226   (0)      2  : 0.8337 0.0133 0.0935 0.0595
227      227   (0)      2  : 0.9777 0.0000 0.0188 0.0035
228      228   (0)      2  : 0.9721 0.0092 0.0127 0.0060
229      229   (0)      2  : 0.9621 0.0039 0.0340 0.0000
230      230   (0)      2  : 0.5781 0.1849 0.0000 0.2370
231      231   (0)      2  : 0.7548 0.0002 0.0141 0.2309
232      232   (0)      2  : 0.9432 0.0000 0.0124 0.0443
233      233   (0)      9  : 0.0109 0.0000 0.9891 0.0000
234      234   (0)      9  : 0.0110 0.9331 0.0000 0.0558
235      235   (0)      9  : 0.0000 0.0000 1.0000 0.0000
236      236   (0)      9  : 0.0138 0.8480 0.0000 0.1382
237      237   (0)      9  : 0.0151 0.0000 0.9849 0.0000
238      238   (0)      9  : 0.0000 0.0000 1.0000 0.0000
239      239   (0)      9  : 0.0000 0.9578 0.0371 0.0050
240      240   (0)      9  : 0.0000 0.9991 0.0000 0.0009
241      241   (0)     10  : 0.0199 0.9396 0.0404 0.0000
242      242   (0)     10  : 0.0000 0.9170 0.0725 0.0105
243      243   (0)     10  : 0.0630 0.8611 0.0000 0.0759
244      244   (0)     11  : 0.0000 0.0000 0.9974 0.0026
245      245   (0)     11  : 0.0000 0.0202 0.9798 0.0000
246      246   (0)     11  : 0.0043 0.0000 0.9957 0.0000
247      247   (0)     11  : 0.0000 0.0000 1.0000 0.0000
248      248   (0)     11  : 0.0000 0.0000 1.0000 0.0000
249      249   (0)     11  : 0.0000 0.9317 0.0525 0.0158
250      250   (0)     11  : 0.0000 0.9217 0.0356 0.0427
251      251   (0)     10  : 0.0733 0.6934 0.2005 0.0327
252      252   (0)     10  : 0.0000 0.8554 0.0597 0.0850
253      253   (0)     10  : 0.0122 0.9798 0.0000 0.0081
254      254   (0)     10  : 0.0553 0.8843 0.0562 0.0041
255      255   (0)     10  : 0.1280 0.8720 0.0000 0.0000
256      256   (0)     10  : 0.0000 0.7976 0.1218 0.0806
257      257   (0)     10  : 0.0185 0.9640 0.0011 0.0164
258      258   (0)     10  : 0.0000 0.9750 0.0250 0.0000
259      259   (0)     10  : 0.0000 0.8384 0.1323 0.0293
260      260   (0)     10  : 0.0115 0.9379 0.0000 0.0506
261      261   (0)     10  : 0.0377 0.5504 0.4119 0.0000
262      262   (0)     10  : 0.0122 0.7413 0.1110 0.1355
263      263   (0)     10  : 0.0000 0.8999 0.0499 0.0502
264      264   (0)     10  : 0.0054 0.8871 0.0985 0.0089
265      265   (0)     10  : 0.0000 0.9763 0.0000 0.0237
266      266   (0)     10  : 0.0375 0.9324 0.0009 0.0292
267      267   (0)     10  : 0.0754 0.0000 0.9246 0.0000
268      268   (0)     10  : 0.0135 0.8975 0.0000 0.0890
269      269   (0)     10  : 0.0126 0.8601 0.0727 0.0545
270      270   (0)     10  : 0.0823 0.8558 0.0619 0.0000
271      271   (0)     10  : 0.0159 0.8441 0.0891 0.0508
272      272   (0)     10  : 0.0000 0.9911 0.0089 0.0000
273      273   (0)     12  : 0.0000 0.9966 0.0034 0.0000
274      274   (0)     12  : 0.0000 0.8431 0.1569 0.0000
275      275   (0)     12  : 0.0000 0.9747 0.0253 0.0000
276      276   (0)     12  : 0.0000 0.9994 0.0000 0.0006
277      277   (0)     12  : 0.0041 0.7966 0.1726 0.0268
278      278   (0)     12  : 0.0000 0.1662 0.8338 0.0000
279      279   (0)     12  : 0.0000 0.0363 0.9637 0.0000
280      280   (0)     12  : 0.0000 0.9642 0.0358 0.0000
281      281   (0)     12  : 0.0000 0.9997 0.0000 0.0003
282      282   (0)     12  : 0.0073 0.8337 0.1369 0.0221
283      283   (0)     12  : 0.0000 0.8293 0.1530 0.0177
284      284   (0)     12  : 0.0000 0.0313 0.9687 0.0000
285      285   (0)     12  : 0.0000 0.0063 0.9937 0.0000
286      286   (0)     12  : 0.0000 0.1121 0.8630 0.0249
287      287   (0)     12  : 0.0000 0.9356 0.0644 0.0000
288      288   (0)     12  : 0.0000 0.9410 0.0590 0.0000
289      289   (0)     12  : 0.0000 1.0000 0.0000 0.0000
290      290   (0)     12  : 0.0000 0.9911 0.0089 0.0000
291      291   (0)     12  : 0.0000 1.0000 0.0000 0.0000
292      292   (0)     12  : 0.0000 0.9152 0.0848 0.0000
293      293   (0)     12  : 0.0000 0.9555 0.0445 0.0000
294      294   (0)     12  : 0.0000 0.9267 0.0664 0.0069
295      295   (0)     12  : 0.0000 0.0000 1.0000 0.0000
296      296   (0)     12  : 0.0000 1.0000 0.0000 0.0000
297      297   (0)     12  : 0.0000 1.0000 0.0000 0.0000
298      298   (0)     12  : 0.0000 0.1025 0.8972 0.0003
299      299   (0)     12  : 0.0000 0.9315 0.0630 0.0055
300      300   (0)     12  : 0.0000 0.0098 0.9902 0.0000
301      301   (0)     13  : 0.0000 0.8922 0.1078 0.0000
302      302   (0)     13  : 0.0000 0.9987 0.0000 0.0013
303      303   (0)     13  : 0.0000 0.9959 0.0000 0.0041
304      304   (0)     13  : 0.0000 0.9530 0.0470 0.0000
305      305   (0)     13  : 0.0000 1.0000 0.0000 0.0000
306      306   (0)     13  : 0.0000 0.9860 0.0103 0.0037
307      307   (0)     13  : 0.0000 0.9904 0.0000 0.0096
308      308   (0)     13  : 0.0000 0.1516 0.8460 0.0025
309      309   (0)     13  : 0.0000 0.5695 0.4305 0.0000
310      310   (0)     13  : 0.0000 1.0000 0.0000 0.0000
311      311   (0)     13  : 0.0000 1.0000 0.0000 0.0000
312      312   (0)     13  : 0.0000 0.9301 0.0000 0.0699
313      313   (0)     13  : 0.0000 1.0000 0.0000 0.0000
314      314   (0)     13  : 0.0000 1.0000 0.0000 0.0000
315      315   (0)     13  : 0.0000 1.0000 0.0000 0.0000
316      316   (0)     13  : 0.0000 0.9742 0.0210 0.0048
317      317   (0)     13  : 0.0000 1.0000 0.0000 0.0000
318      318   (0)     13  : 0.0000 0.9689 0.0096 0.0215
319      319   (0)     13  : 0.0000 1.0000 0.0000 0.0000
320      320   (0)     13  : 0.0000 0.2171 0.7829 0.0000
321      321   (0)     13  : 0.0000 1.0000 0.0000 0.0000
322      322   (0)     13  : 0.0000 0.9883 0.0117 0.0000
323      323   (0)     13  : 0.0000 1.0000 0.0000 0.0000
324      324   (0)     13  : 0.0000 1.0000 0.0000 0.0000
325      325   (0)     14  : 0.0000 1.0000 0.0000 0.0000
326      326   (0)     14  : 0.0000 0.9925 0.0075 0.0000
327      327   (0)     14  : 0.0000 0.0000 1.0000 0.0000
328      328   (0)     14  : 0.0000 0.9887 0.0113 0.0000
329      329   (0)     14  : 0.0000 0.0000 1.0000 0.0000
330      330   (0)     14  : 0.0147 0.0210 0.9643 0.0000
331      331   (0)     14  : 0.0000 0.0000 1.0000 0.0000
332      332   (0)     14  : 0.0000 0.8331 0.1669 0.0000
333      333   (0)     14  : 0.0000 0.0000 1.0000 0.0000
334      334   (0)     14  : 0.0000 0.9649 0.0351 0.0000
335      335   (0)     14  : 0.0085 0.8833 0.1083 0.0000
336      336   (0)     11  : 0.0000 0.0217 0.9783 0.0000
337      337   (0)     11  : 0.0000 0.9876 0.0000 0.0124
338      338   (0)     11  : 0.0000 0.0135 0.9865 0.0000
339      339   (0)     10  : 0.0000 0.9705 0.0000 0.0295
340      340   (0)     10  : 0.0358 0.0000 0.7580 0.2062
341      341   (0)     11  : 0.0000 0.0608 0.9392 0.0000
342      342   (0)     11  : 0.0000 0.0000 1.0000 0.0000
343      343   (0)     11  : 0.0000 0.0000 1.0000 0.0000
344      344   (0)     11  : 0.0240 0.0577 0.9146 0.0037
345      345   (0)     11  : 0.0000 0.0028 0.9972 0.0000
346      346   (0)     11  : 0.0000 0.0000 1.0000 0.0000
347      347   (0)     11  : 0.0000 0.9928 0.0072 0.0000
348      348   (0)     11  : 0.0000 0.0000 1.0000 0.0000
349      349   (0)     11  : 0.0000 0.0066 0.9934 0.0000
350      350   (0)     11  : 0.0000 0.0774 0.9226 0.0000
351      351   (0)     11  : 0.0000 0.0000 1.0000 0.0000
352      352   (0)     11  : 0.0000 0.9257 0.0743 0.0000
353      353   (0)     11  : 0.0000 0.0000 1.0000 0.0000
354      354   (0)     11  : 0.0000 1.0000 0.0000 0.0000
355      355   (0)     11  : 0.0000 0.0000 1.0000 0.0000
356      356   (0)     14  : 0.0139 0.0028 0.9833 0.0000
357      357   (0)     14  : 0.0000 1.0000 0.0000 0.0000
358      358   (0)     14  : 0.0000 0.0000 1.0000 0.0000
359      359   (0)     14  : 0.0000 0.9513 0.0487 0.0000
360      360   (0)     14  : 0.0000 0.0000 1.0000 0.0000
361      361   (0)     14  : 0.0000 0.0348 0.9652 0.0000
362      362   (0)     14  : 0.0000 0.0000 1.0000 0.0000
363      363   (0)     14  : 0.0000 0.0000 1.0000 0.0000
364      364   (0)     14  : 0.0000 0.0000 1.0000 0.0000
365      365   (0)     14  : 0.0000 0.0849 0.9151 0.0000
366      366   (0)     14  : 0.0000 0.9107 0.0893 0.0000
367      367   (0)      9  : 0.0095 0.9877 0.0028 0.0000
368      368   (0)      9  : 0.0114 0.0628 0.8965 0.0293
369      369   (0)      9  : 0.0000 0.9174 0.0825 0.0000
370      370   (0)      9  : 0.0000 0.8032 0.1968 0.0000
371      371   (0)      9  : 0.0000 0.9755 0.0148 0.0097
372      372   (0)      9  : 0.0000 0.0000 1.0000 0.0000
373      373   (0)     14  : 0.0000 0.0000 1.0000 0.0000
374      374   (0)     14  : 0.0000 0.9454 0.0546 0.0000
375      375   (0)     14  : 0.0000 0.0177 0.9823 0.0000
376      376   (0)     14  : 0.0000 0.0000 1.0000 0.0000
377      377   (0)     14  : 0.0000 0.9966 0.0000 0.0034
378      378   (0)      9  : 0.0053 0.9264 0.0656 0.0027
379      379   (0)      9  : 0.0327 0.0000 0.9673 0.0000
380      380   (0)      9  : 0.0564 0.0000 0.9436 0.0000
381      381   (0)      9  : 0.1177 0.0000 0.8823 0.0000
382      382   (0)      9  : 0.0000 0.9500 0.0442 0.0058
383      383   (0)      9  : 0.0000 0.9999 0.0001 0.0000
384      384   (0)      9  : 0.0071 0.9489 0.0078 0.0361
385      385   (0)      9  : 0.1434 0.0000 0.8566 0.0000
386      386   (0)      9  : 0.0016 0.9816 0.0168 0.0000
387      387   (0)      9  : 0.0000 0.8891 0.0951 0.0157
388      388   (0)      9  : 0.0000 0.0000 1.0000 0.0000
389      389   (0)      9  : 0.0143 0.0000 0.9846 0.0011
390      390   (0)      9  : 0.0000 0.8103 0.0000 0.1897
391      391   (0)      9  : 0.1840 0.0000 0.8160 0.0000
392      392   (0)     15  : 0.0000 0.9453 0.0547 0.0000
393      393   (0)     15  : 0.0000 0.9531 0.0469 0.0000
394      394   (0)     15  : 0.0000 0.6711 0.3289 0.0000
395      395   (0)     15  : 0.0958 0.6634 0.2409 0.0000
396      396   (0)     15  : 0.0000 0.8730 0.1270 0.0000
397      397   (0)     15  : 0.0000 0.8636 0.1364 0.0000
398      398   (0)     15  : 0.0000 0.8815 0.1185 0.0000
399      399   (0)     15  : 0.0000 0.0079 0.9921 0.0000
400      400   (0)     15  : 0.0325 0.9277 0.0398 0.0000
401      401   (0)     15  : 0.0000 0.8848 0.1099 0.0053
402      402   (0)     15  : 0.0000 0.0000 1.0000 0.0000
403      403   (0)     15  : 0.0000 0.0000 1.0000 0.0000
404      404   (0)     15  : 0.0000 0.8165 0.1835 0.0000
405      405   (0)     15  : 0.0000 0.8680 0.1320 0.0000
406      406   (0)     15  : 0.0000 0.9129 0.0871 0.0000
407      407   (0)     15  : 0.0000 0.6176 0.3824 0.0000
408      408   (0)     15  : 0.0000 0.0051 0.9949 0.0000
409      409   (0)     15  : 0.0000 0.7307 0.2693 0.0000
410      410   (0)     15  : 0.0000 0.0067 0.9933 0.0000
411      411   (0)     15  : 0.0000 0.8702 0.1298 0.0000
412      412   (0)     15  : 0.0026 0.5792 0.4182 0.0000
413      413   (0)     15  : 0.0000 0.9139 0.0861 0.0000
414      414   (0)     15  : 0.0000 0.9049 0.0807 0.0144
415      415   (0)     15  : 0.0029 0.6365 0.3503 0.0103
416      416   (0)     15  : 0.0000 0.8686 0.1314 0.0000
417      417   (0)     15  : 0.0000 0.0000 1.0000 0.0000
418      418   (0)     15  : 0.0000 0.9345 0.0655 0.0000
419      419   (0)     15  : 0.0000 0.0000 1.0000 0.0000
420      420   (0)     15  : 0.0000 0.0029 0.9971 0.0000
421      421   (0)     16  : 0.9773 0.0110 0.0060 0.0057
422      422   (0)     16  : 0.8989 0.0000 0.0075 0.0936
423      423   (0)     16  : 0.7507 0.0000 0.1839 0.0654
424      424   (0)     16  : 0.8215 0.0000 0.1172 0.0613
425      425   (0)     16  : 0.8507 0.0000 0.0677 0.0816
426      426   (0)     16  : 0.8526 0.0000 0.0827 0.0647
427      427   (0)     16  : 0.9577 0.0052 0.0370 0.0001
428      428   (0)     16  : 0.9839 0.0000 0.0161 0.0000
429      429   (0)     16  : 0.8920 0.0097 0.0615 0.0367
430      430   (0)     16  : 0.8881 0.0000 0.0417 0.0702
431      431   (0)     16  : 0.7354 0.0000 0.0000 0.2646
432      432   (0)     16  : 0.9169 0.0000 0.0831 0.0000
433      433   (0)     16  : 1.0000 0.0000 0.0000 0.0000
434      434   (0)     16  : 0.9745 0.0000 0.0255 0.0000
435      435   (0)     16  : 0.9797 0.0000 0.0203 0.0000
436      436   (0)     16  : 0.9512 0.0000 0.0029 0.0458
437      437   (0)     16  : 0.9187 0.0000 0.0075 0.0738
438      438   (0)     16  : 0.9829 0.0000 0.0136 0.0035
439      439   (0)     16  : 0.8867 0.0000 0.0699 0.0433
440      440   (0)     16  : 0.8095 0.0000 0.1905 0.0000
441      441   (0)     16  : 0.9190 0.0224 0.0586 0.0000
442      442   (0)     16  : 0.9614 0.0000 0.0095 0.0291
443      443   (0)     16  : 0.7971 0.0000 0.2029 0.0000
444      444   (0)     16  : 0.9068 0.0000 0.0932 0.0000
445      445   (0)     16  : 0.3553 0.2327 0.0000 0.4121
446      446   (0)     16  : 0.9695 0.0000 0.0305 0.0000
447      447   (0)     16  : 0.9071 0.0000 0.0913 0.0015
448      448   (0)     16  : 0.9624 0.0000 0.0376 0.0000
449      449   (0)     16  : 0.9387 0.0000 0.0580 0.0033
450      450   (0)     16  : 0.9628 0.0004 0.0045 0.0323
451      451   (0)     17  : 0.7272 0.0258 0.1002 0.1468
452      452   (0)     17  : 0.8876 0.0000 0.1124 0.0000
453      453   (0)     17  : 0.9869 0.0000 0.0131 0.0000
454      454   (0)     17  : 0.3071 0.3630 0.0236 0.3063
455      455   (0)     17  : 0.9824 0.0000 0.0153 0.0023
456      456   (0)     17  : 0.2254 0.3445 0.0000 0.4302
457      457   (0)     17  : 0.9859 0.0000 0.0141 0.0000
458      458   (0)     17  : 0.9431 0.0000 0.0457 0.0112
459      459   (0)     17  : 0.9065 0.0000 0.0935 0.0000
460      460   (0)     17  : 0.7879 0.0000 0.2121 0.0000
461      461   (0)     17  : 0.9132 0.0000 0.0861 0.0007
462      462   (0)     17  : 0.3436 0.1165 0.0485 0.4915
463      463   (0)     17  : 0.4805 0.3163 0.0084 0.1948
464      464   (0)     17  : 0.8409 0.0091 0.1189 0.0311
465      465   (0)     17  : 0.5413 0.0162 0.0408 0.4016
466      466   (0)     17  : 0.6857 0.0000 0.2028 0.1115
467      467   (0)     17  : 0.7565 0.0063 0.0910 0.1463
468      468   (0)     17  : 0.6877 0.0000 0.3123 0.0000
469      469   (0)     17  : 0.7867 0.0000 0.0948 0.1185
470      470   (0)     17  : 0.7932 0.0338 0.1731 0.0000
471      471   (0)     17  : 0.8824 0.0000 0.1176 0.0000
472      472   (0)     17  : 0.6607 0.0003 0.1880 0.1510
473      473   (0)     17  : 0.6794 0.0000 0.2350 0.0855
474      474   (0)     17  : 0.9086 0.0000 0.0413 0.0500
475      475   (0)     17  : 0.8258 0.0000 0.0869 0.0873
476      476   (0)     17  : 0.8976 0.0288 0.0093 0.0644
477      477   (0)     17  : 0.9406 0.0000 0.0056 0.0537
478      478   (0)     17  : 0.9828 0.0000 0.0172 0.0000
479      479   (0)     17  : 0.9318 0.0438 0.0019 0.0225
480      480   (0)     17  : 0.5558 0.0000 0.2407 0.2035
481      481   (0)     18  : 0.1867 0.0000 0.1161 0.6971
482      482   (0)     18  : 0.0000 0.2988 0.0000 0.7012
483      483   (0)     18  : 0.0000 0.2057 0.0000 0.7943
484      484   (0)     18  : 0.0000 0.2013 0.0000 0.7987
485      485   (0)     18  : 0.0000 0.2434 0.0000 0.7566
486      486   (0)     18  : 0.0000 0.1639 0.0000 0.8361
487      487   (0)     18  : 0.0000 0.2503 0.0000 0.7497
488      488   (0)     18  : 0.6361 0.0000 0.1039 0.2600
489      489   (0)     18  : 0.2079 0.0070 0.0636 0.7215
490      490   (0)     18  : 0.0000 0.2292 0.0000 0.7708
491      491   (0)     18  : 0.0000 0.2497 0.0125 0.7378
492      492   (0)     18  : 0.5504 0.1240 0.0120 0.3136
493      493   (0)     18  : 0.6486 0.0000 0.0000 0.3514
494      494   (0)     18  : 0.0000 0.1934 0.0000 0.8066
495      495   (0)     18  : 0.0000 0.2815 0.0000 0.7185
496      496   (0)     18  : 0.0220 0.2427 0.0000 0.7353
497      497   (0)     18  : 0.5124 0.0000 0.1057 0.3820
498      498   (0)     18  : 0.0257 0.2281 0.0000 0.7462
499      499   (0)     18  : 0.2424 0.1909 0.0000 0.5667
500      500   (0)     18  : 0.1753 0.0000 0.1819 0.6428
501      501   (0)     18  : 0.4682 0.0000 0.0722 0.4597
502      502   (0)     18  : 0.3649 0.2003 0.0000 0.4348
503      503   (0)     18  : 0.0000 0.2162 0.0000 0.7838
504      504   (0)     18  : 0.1834 0.2268 0.0000 0.5897
505      505   (0)     18  : 0.1783 0.2728 0.0383 0.5106
506      506   (0)     18  : 0.6143 0.0000 0.1241 0.2616
507      507   (0)     18  : 0.1456 0.1766 0.0000 0.6778
508      508   (0)     18  : 0.6321 0.0000 0.0254 0.3425
509      509   (0)     18  : 0.1157 0.2581 0.0249 0.6013
510      510   (0)     19  : 0.9251 0.0000 0.0178 0.0571
511      511   (0)     19  : 0.9324 0.0000 0.0000 0.0676
512      512   (0)     19  : 0.9926 0.0000 0.0074 0.0000
513      513   (0)     19  : 0.9926 0.0000 0.0074 0.0000
514      514   (0)     19  : 0.8064 0.0000 0.1910 0.0026
515      515   (0)     19  : 0.9557 0.0000 0.0292 0.0151
516      516   (0)     19  : 0.9948 0.0000 0.0052 0.0000
517      517   (0)     19  : 0.8922 0.0000 0.0691 0.0387
518      518   (0)     19  : 0.9728 0.0000 0.0272 0.0000
519      519   (0)     19  : 0.2310 0.0000 0.2732 0.4958
520      520   (0)     19  : 0.9200 0.0000 0.0384 0.0416
521      521   (0)     19  : 0.8268 0.0000 0.0000 0.1732
522      522   (0)     19  : 0.9841 0.0000 0.0159 0.0000
523      523   (0)     19  : 0.9262 0.0000 0.0531 0.0207
524      524   (0)     19  : 0.9771 0.0000 0.0229 0.0000
525      525   (0)     19  : 0.9443 0.0195 0.0338 0.0024
526      526   (0)     19  : 0.9321 0.0000 0.0679 0.0000
527      527   (0)     19  : 0.7986 0.0000 0.0722 0.1291
528      528   (0)     19  : 0.8796 0.0000 0.0106 0.1098
529      529   (0)     19  : 0.9599 0.0000 0.0401 0.0000
530      530   (0)     19  : 0.9558 0.0000 0.0442 0.0000
531      531   (0)     19  : 0.8770 0.0000 0.1230 0.0000
532      532   (0)     19  : 0.9147 0.0235 0.0617 0.0000
533      533   (0)     19  : 0.5093 0.2385 0.0137 0.2385
534      534   (0)     19  : 0.8590 0.0000 0.0336 0.1075
535      535   (0)     19  : 0.9770 0.0000 0.0119 0.0111
536      536   (0)     19  : 0.9764 0.0125 0.0110 0.0000
537      537   (0)     19  : 0.7840 0.0000 0.0944 0.1217
538      538   (0)     19  : 0.3166 0.1651 0.0022 0.5161
539      539   (0)     19  : 0.9809 0.0000 0.0160 0.0030
