1        1   (0)      1  : 0.8353 0.0122 0.1186 0.0037 0.0302
2        2   (0)      1  : 0.6503 0.0000 0.1308 0.2189 0.0000
3        3   (0)      1  : 0.1821 0.1316 0.0199 0.1336 0.5327
4        4   (0)      1  : 0.8056 0.0000 0.1595 0.0349 0.0000
5        5   (0)      1  : 0.4204 0.0025 0.2861 0.2693 0.0216
6        6   (0)      1  : 0.7923 0.0487 0.0000 0.0543 0.1046
7        7   (0)      1  : 0.0000 0.0838 0.0748 0.1950 0.6465
8        8   (0)      2  : 0.6559 0.0329 0.2623 0.0487 0.0000
9        9   (0)      1  : 0.6901 0.0062 0.2174 0.0610 0.0254
10       10   (0)      3  : 0.4688 0.0000 0.0000 0.5311 0.0000
11       11   (0)      4  : 0.0345 0.0427 0.1841 0.7348 0.0039
12       12   (0)      4  : 0.5345 0.0000 0.0443 0.4208 0.0005
13       13   (0)      4  : 0.4741 0.0000 0.0300 0.4552 0.0407
14       14   (0)      4  : 0.0386 0.0000 0.1863 0.7710 0.0040
15       15   (0)      4  : 0.2119 0.0009 0.0983 0.6889 0.0000
16       16   (0)      4  : 0.5653 0.0000 0.0000 0.0084 0.4263
17       17   (0)      5  : 0.6620 0.0000 0.0460 0.2920 0.0000
18       18   (0)      4  : 0.5155 0.0000 0.0012 0.4833 0.0000
19       19   (0)      5  : 0.3914 0.0000 0.0663 0.5423 0.0000
20       20   (0)      5  : 0.2418 0.0000 0.0000 0.7575 0.0007
21       21   (0)      5  : 0.3161 0.0002 0.0000 0.6831 0.0006
22       22   (0)      5  : 0.1989 0.0000 0.0001 0.8010 0.0000
23       23   (0)      5  : 0.6084 0.0000 0.0000 0.3911 0.0006
24       24   (0)      5  : 0.3362 0.0000 0.0000 0.6638 0.0000
25       25   (0)      5  : 0.4064 0.0000 0.0005 0.5735 0.0195
26       26   (0)      5  : 0.3593 0.0008 0.0000 0.6247 0.0153
27       27   (0)      5  : 0.1307 0.0000 0.0868 0.7799 0.0025
28       28   (0)      5  : 0.4751 0.0000 0.0000 0.5249 0.0000
29       29   (0)      5  : 0.0500 0.0000 0.0000 0.9500 0.0000
30       30   (0)      5  : 0.5323 0.0000 0.0000 0.4677 0.0000
31       31   (0)      5  : 0.5100 0.0000 0.0255 0.4645 0.0000
32       32   (0)      5  : 0.2589 0.0000 0.0000 0.7379 0.0032
33       33   (0)      5  : 0.7970 0.0000 0.0021 0.2008 0.0000
34       34   (0)      5  : 0.6225 0.0000 0.0000 0.3775 0.0000
35       35   (0)      5  : 0.6261 0.0000 0.0000 0.3739 0.0000
36       36   (0)      5  : 0.1162 0.0000 0.0105 0.8733 0.0000
37       37   (0)      5  : 0.2971 0.0000 0.0016 0.7011 0.0002
38       38   (0)      5  : 0.2828 0.0000 0.0004 0.7169 0.0000
39       39   (0)      5  : 0.1898 0.0000 0.0031 0.8071 0.0000
40       40   (0)      5  : 0.3394 0.0000 0.0000 0.6587 0.0019
41       41   (0)      5  : 0.4473 0.0000 0.0000 0.5527 0.0000
42       42   (0)      5  : 0.4661 0.0002 0.0000 0.5337 0.0000
43       43   (0)      5  : 0.3097 0.0990 0.0000 0.0228 0.5686
44       44   (0)      5  : 0.4631 0.0000 0.0000 0.5355 0.0015
45       45   (0)      4  : 0.0441 0.0000 0.0559 0.8967 0.0033
46       46   (0)      4  : 0.5066 0.0002 0.0268 0.4224 0.0440
47       47   (0)      4  : 0.6803 0.0000 0.0000 0.3197 0.0000
48       48   (0)      4  : 0.4656 0.0000 0.0363 0.4981 0.0000
49       49   (0)      5  : 0.4828 0.0000 0.0448 0.4576 0.0149
50       50   (0)      4  : 0.6056 0.0000 0.0023 0.3922 0.0000
51       51   (0)      4  : 0.5580 0.0000 0.0444 0.0282 0.3694
52       52   (0)      4  : 0.3543 0.0185 0.0508 0.5421 0.0344
53       53   (0)      4  : 0.3585 0.0135 0.0381 0.0537 0.5363
54       54   (0)      4  : 0.2283 0.0000 0.0617 0.7100 0.0000
55       55   (0)      4  : 0.4583 0.0387 0.0026 0.0165 0.4840
56       56   (0)      4  : 0.3873 0.0000 0.0771 0.1178 0.4179
57       57   (0)      4  : 0.0721 0.0000 0.0439 0.8840 0.0000
58       58   (0)      5  : 0.4068 0.0007 0.0029 0.5454 0.0443
59       59   (0)      4  : 0.6028 0.0476 0.0000 0.0109 0.3387
60       60   (0)      4  : 0.3332 0.0850 0.0000 0.1372 0.4446
61       61   (0)      4  : 0.5634 0.0000 0.0248 0.4117 0.0000
62       62   (0)      5  : 0.5353 0.0000 0.0275 0.4372 0.0000
63       63   (0)      6  : 0.4184 0.1003 0.0000 0.2358 0.2454
64       64   (0)      6  : 0.3756 0.0686 0.0000 0.0151 0.5407
65       65   (0)      6  : 0.4281 0.0000 0.3849 0.1869 0.0000
66       66   (0)      6  : 0.6104 0.0003 0.0148 0.3745 0.0000
67       67   (0)      6  : 0.0361 0.0005 0.2166 0.7160 0.0307
68       68   (0)      6  : 0.7430 0.0000 0.2570 0.0000 0.0000
69       69   (0)      6  : 0.7993 0.0001 0.1172 0.0834 0.0000
70       70   (0)      6  : 0.7373 0.0135 0.0586 0.1358 0.0547
71       71   (0)      6  : 0.7908 0.0000 0.0547 0.1544 0.0000
72       72   (0)      6  : 0.7363 0.0000 0.0414 0.2223 0.0000
73       73   (0)      7  : 0.3884 0.0120 0.0228 0.5768 0.0000
74       74   (0)      7  : 0.5231 0.0001 0.1235 0.3519 0.0014
75       75   (0)      7  : 0.4433 0.0000 0.1056 0.4476 0.0034
76       76   (0)      7  : 0.3565 0.0106 0.0752 0.5248 0.0329
77       77   (0)      7  : 0.1135 0.0006 0.0029 0.8823 0.0007
78       78   (0)      7  : 0.2892 0.0037 0.1129 0.5912 0.0030
79       79   (0)      7  : 0.3194 0.0296 0.0363 0.6139 0.0007
80       80   (0)      7  : 0.6586 0.0003 0.0778 0.2633 0.0000
81       81   (0)      7  : 0.3676 0.0000 0.0309 0.6014 0.0001
82       82   (0)      7  : 0.0576 0.0000 0.0024 0.9400 0.0000
83       83   (0)      7  : 0.5675 0.0045 0.0242 0.3081 0.0956
84       84   (0)      7  : 0.4423 0.0574 0.0000 0.0176 0.4826
85       85   (0)      7  : 0.3107 0.0001 0.1046 0.5846 0.0000
86       86   (0)      7  : 0.1210 0.0000 0.0680 0.8103 0.0007
87       87   (0)      7  : 0.5325 0.0308 0.0000 0.0135 0.4232
88       88   (0)      7  : 0.7306 0.0000 0.0013 0.2681 0.0000
89       89   (0)      7  : 0.4041 0.1032 0.0000 0.0163 0.4764
90       90   (0)      7  : 0.2242 0.0005 0.0176 0.7553 0.0025
91       91   (0)      7  : 0.6779 0.0011 0.0391 0.2820 0.0000
92       92   (0)      7  : 0.3542 0.0000 0.0651 0.5807 0.0001
93       93   (0)      7  : 0.0532 0.0000 0.0830 0.8202 0.0436
94       94   (0)      7  : 0.5665 0.0000 0.0182 0.4153 0.0000
95       95   (0)      7  : 0.0508 0.0020 0.0762 0.8704 0.0006
96       96   (0)      7  : 0.2955 0.0005 0.0000 0.6331 0.0710
97       97   (0)      7  : 0.0475 0.0009 0.0028 0.9468 0.0019
98       98   (0)      7  : 0.0432 0.0057 0.0040 0.9420 0.0051
99       99   (0)      7  : 0.0468 0.0000 0.0020 0.9348 0.0163
100      100   (0)      7  : 0.3172 0.0235 0.0763 0.0752 0.5078
101      101   (0)      6  : 0.6576 0.0000 0.1821 0.1603 0.0000
102      102   (0)      6  : 0.4989 0.0000 0.2841 0.2170 0.0000
103      103   (0)      6  : 0.8635 0.0007 0.0995 0.0362 0.0001
104      104   (0)      6  : 0.7381 0.0000 0.1743 0.0876 0.0000
105      105   (0)      6  : 0.8587 0.0000 0.0784 0.0630 0.0000
106      106   (0)      6  : 0.5101 0.0000 0.2051 0.2845 0.0004
107      107   (0)      6  : 0.7253 0.0002 0.1948 0.0770 0.0027
108      108   (0)      6  : 0.7605 0.0000 0.1172 0.1028 0.0195
109      109   (0)      6  : 0.4169 0.0322 0.0174 0.0153 0.5181
110      110   (0)      7  : 0.6555 0.0000 0.0168 0.3229 0.0049
111      111   (0)      7  : 0.0404 0.0817 0.0847 0.6897 0.1034
112      112   (0)      6  : 0.4769 0.0315 0.2440 0.2194 0.0281
113      113   (0)      6  : 0.4346 0.0020 0.4870 0.0506 0.0259
114      114   (0)      6  : 0.2199 0.0988 0.1079 0.0218 0.5516
115      115   (0)      6  : 0.3595 0.0033 0.2729 0.3640 0.0003
116      116   (0)      6  : 0.0251 0.1429 0.1037 0.2537 0.4746
117      117   (0)      6  : 0.4816 0.0370 0.1619 0.2934 0.0260
118      118   (0)      6  : 0.6527 0.0000 0.2787 0.0685 0.0000
119      119   (0)      6  : 0.7016 0.0000 0.2504 0.0480 0.0000
120      120   (0)      6  : 0.4964 0.0097 0.2437 0.2495 0.0006
121      121   (0)      6  : 0.5291 0.0020 0.3418 0.1266 0.0005
122      122   (0)      6  : 0.1663 0.0716 0.1630 0.0176 0.5815
123      123   (0)      8  : 0.5185 0.0000 0.0140 0.3934 0.0741
124      124   (0)      8  : 0.7190 0.0000 0.0004 0.2596 0.0210
125      125   (0)      8  : 0.6943 0.0000 0.0000 0.2400 0.0658
126      126   (0)      8  : 0.4892 0.0005 0.0214 0.4890 0.0000
127      127   (0)      8  : 0.3574 0.0233 0.0004 0.6186 0.0003
128      128   (0)      8  : 0.4708 0.0000 0.0000 0.5292 0.0000
129      129   (0)      8  : 0.6588 0.0000 0.0006 0.3262 0.0143
130      130   (0)      8  : 0.6407 0.0000 0.0312 0.2598 0.0684
131      131   (0)      8  : 0.3736 0.0003 0.0768 0.5472 0.0021
132      132   (0)      8  : 0.6121 0.0000 0.0000 0.3879 0.0000
133      133   (0)      8  : 0.7208 0.0000 0.0000 0.2685 0.0106
134      134   (0)      8  : 0.4154 0.0109 0.0000 0.5619 0.0118
135      135   (0)      8  : 0.0450 0.0349 0.0418 0.8760 0.0023
136      136   (0)      8  : 0.9468 0.0000 0.0005 0.0527 0.0000
137      137   (0)      8  : 0.3847 0.0000 0.0573 0.5120 0.0460
138      138   (0)      8  : 0.6101 0.0000 0.0000 0.3899 0.0000
139      139   (0)      8  : 0.6392 0.0007 0.0002 0.3451 0.0149
140      140   (0)      8  : 0.6029 0.0000 0.0146 0.3825 0.0000
141      141   (0)      8  : 0.6992 0.0000 0.0018 0.2991 0.0000
142      142   (0)      8  : 0.4606 0.0004 0.0007 0.5384 0.0000
143      143   (0)      8  : 0.6917 0.0000 0.0059 0.3025 0.0000
144      144   (0)      8  : 0.1222 0.0006 0.1723 0.6567 0.0483
145      145   (0)      8  : 0.5461 0.0151 0.0379 0.4009 0.0000
146      146   (0)      3  : 0.5570 0.0000 0.0000 0.4428 0.0002
147      147   (0)      3  : 0.5462 0.0000 0.0000 0.0247 0.4292
148      148   (0)      3  : 0.9989 0.0000 0.0011 0.0000 0.0000
149      149   (0)      3  : 0.5365 0.0000 0.0011 0.4514 0.0110
150      150   (0)      3  : 0.6796 0.0000 0.0096 0.3103 0.0006
151      151   (0)      3  : 0.6379 0.0000 0.0273 0.3292 0.0057
152      152   (0)      3  : 0.4866 0.0000 0.0054 0.5079 0.0000
153      153   (0)      3  : 0.4949 0.0000 0.0000 0.5051 0.0000
154      154   (0)      3  : 0.4453 0.0000 0.0000 0.5545 0.0002
155      155   (0)      3  : 0.3708 0.0000 0.0000 0.6292 0.0000
156      156   (0)      3  : 0.1579 0.0032 0.0000 0.7900 0.0489
157      157   (0)      3  : 0.3599 0.0000 0.0000 0.5365 0.1036
158      158   (0)      3  : 0.5460 0.0000 0.0009 0.4512 0.0018
159      159   (0)      3  : 0.4819 0.0006 0.0010 0.5165 0.0000
160      160   (0)      3  : 0.4103 0.0283 0.0000 0.0378 0.5236
161      161   (0)      3  : 0.6126 0.0000 0.0854 0.3020 0.0000
162      162   (0)      3  : 0.7505 0.0000 0.0000 0.2495 0.0000
163      163   (0)      3  : 0.5615 0.0000 0.0000 0.4385 0.0000
164      164   (0)      3  : 0.5325 0.0000 0.0013 0.4662 0.0000
165      165   (0)      3  : 0.4140 0.0000 0.0005 0.5852 0.0003
166      166   (0)      3  : 0.6709 0.0000 0.0000 0.3120 0.0172
167      167   (0)      3  : 0.4003 0.0000 0.0006 0.5991 0.0000
168      168   (0)      3  : 0.7802 0.0000 0.0027 0.2170 0.0000
169      169   (0)      3  : 0.3883 0.0000 0.0012 0.6078 0.0027
170      170   (0)      3  : 0.4001 0.0000 0.0088 0.5911 0.0000
171      171   (0)      3  : 0.6449 0.0000 0.0000 0.3387 0.0164
172      172   (0)      3  : 0.4479 0.0000 0.0012 0.5509 0.0000
173      173   (0)      3  : 0.5179 0.0000 0.0009 0.4812 0.0000
174      174   (0)      3  : 0.6007 0.0000 0.0000 0.3993 0.0000
175      175   (0)      8  : 0.5532 0.0000 0.0000 0.4468 0.0000
176      176   (0)      8  : 0.0341 0.0369 0.1531 0.7326 0.0433
177      177   (0)      8  : 0.7236 0.0000 0.0000 0.2764 0.0000
178      178   (0)      8  : 0.5289 0.0000 0.0857 0.3854 0.0000
179      179   (0)      8  : 0.7095 0.0000 0.0005 0.2900 0.0000
180      180   (0)      8  : 0.5672 0.0000 0.0000 0.3930 0.0398
181      181   (0)      8  : 0.5561 0.0014 0.0000 0.4425 0.0000
182      182   (0)      1  : 0.8477 0.0000 0.0744 0.0778 0.0000
183      183   (0)      1  : 0.8828 0.0000 0.1172 0.0000 0.0000
184      184   (0)      1  : 0.7945 0.0000 0.1707 0.0348 0.0000
185      185   (0)      1  : 0.8966 0.0137 0.0638 0.0009 0.0250
186      186   (0)      1  : 0.8413 0.0006 0.1192 0.0389 0.0000
187      187   (0)      1  : 0.5288 0.0154 0.1080 0.2983 0.0496
188      188   (0)      1  : 0.8983 0.0000 0.0593 0.0424 0.0000
189      189   (0)      1  : 0.9795 0.0000 0.0043 0.0162 0.0000
190      190   (0)      2  : 0.9629 0.0000 0.0371 0.0000 0.0000
191      191   (0)      2  : 0.5902 0.0001 0.0003 0.4094 0.0000
192      192   (0)      2  : 0.7478 0.0000 0.0219 0.2303 0.0000
193      193   (0)      2  : 0.6254 0.0220 0.0000 0.3526 0.0000
194      194   (0)      2  : 0.8228 0.0000 0.0171 0.1600 0.0000
195      195   (0)      2  : 0.8242 0.0000 0.0000 0.1758 0.0000
196      196   (0)      2  : 0.8050 0.0000 0.1589 0.0361 0.0000
197      197   (0)      2  : 0.6613 0.0000 0.0542 0.2845 0.0000
198      198   (0)      1  : 0.8943 0.0000 0.0394 0.0663 0.0000
199      199   (0)      1  : 0.7685 0.0000 0.1684 0.0631 0.0000
200      200   (0)      1  : 0.7361 0.0000 0.1157 0.1483 0.0000
201      201   (0)      1  : 0.6483 0.0069 0.2868 0.0139 0.0441
202      202   (0)      1  : 0.8202 0.0003 0.1659 0.0000 0.0136
203      203   (0)      1  : 0.6601 0.0106 0.2928 0.0233 0.0133
204      204   (0)      2  : 0.5359 0.0000 0.0438 0.1757 0.2446
205      205   (0)      2  : 0.8609 0.0000 0.1253 0.0139 0.0000
206      206   (0)      2  : 0.3674 0.0000 0.0000 0.1004 0.5322
207      207   (0)      2  : 0.7202 0.0000 0.0580 0.2218 0.0000
208      208   (0)      2  : 0.9984 0.0000 0.0016 0.0000 0.0000
209      209   (0)      2  : 0.8016 0.0000 0.0141 0.1664 0.0179
210      210   (0)      2  : 0.8225 0.0000 0.0364 0.1411 0.0000
211      211   (0)      1  : 0.9180 0.0000 0.0820 0.0000 0.0000
212      212   (0)      1  : 0.4825 0.0000 0.2169 0.2951 0.0055
213      213   (0)      1  : 0.7438 0.0240 0.0718 0.1605 0.0000
214      214   (0)      1  : 0.7286 0.0009 0.2105 0.0600 0.0000
215      215   (0)      1  : 0.9601 0.0000 0.0399 0.0000 0.0000
216      216   (0)      1  : 0.7852 0.0000 0.2148 0.0000 0.0000
217      217   (0)      1  : 0.7003 0.0000 0.2525 0.0472 0.0000
218      218   (0)      1  : 0.7418 0.0031 0.1751 0.0798 0.0003
219      219   (0)      2  : 0.9834 0.0000 0.0163 0.0003 0.0000
220      220   (0)      2  : 0.7028 0.0000 0.0407 0.2565 0.0000
221      221   (0)      2  : 0.7609 0.0108 0.0805 0.1474 0.0004
222      222   (0)      2  : 0.6989 0.0081 0.0077 0.2853 0.0000
223      223   (0)      2  : 0.7280 0.0069 0.1594 0.1055 0.0003
224      224   (0)      2  : 0.9884 0.0000 0.0012 0.0104 0.0000
225      225   (0)      2  : 0.8577 0.0000 0.0528 0.0895 0.0000
226      226   (0)      2  : 0.7501 0.0139 0.0852 0.1508 0.0000
227      227   (0)      2  : 0.9603 0.0000 0.0045 0.0352 0.0000
228      228   (0)      2  : 0.9095 0.0089 0.0059 0.0751 0.0006
229      229   (0)      2  : 0.9641 0.0007 0.0344 0.0008 0.0000
230      230   (0)      2  : 0.5825 0.0441 0.0000 0.0089 0.3645
231      231   (0)      2  : 0.5976 0.0054 0.0008 0.3946 0.0016
232      232   (0)      2  : 0.8910 0.0000 0.0029 0.1059 0.0002
233      233   (0)      9  : 0.0058 0.0000 0.9942 0.0000 0.0000
234      234   (0)      9  : 0.0000 0.8732 0.0000 0.0497 0.0772
235      235   (0)      9  : 0.0000 0.0000 1.0000 0.0000 0.0000
236      236   (0)      9  : 0.0000 0.7874 0.0000 0.1560 0.0565
237      237   (0)      9  : 0.0166 0.0000 0.9834 0.0000 0.0000
238      238   (0)      9  : 0.0000 0.0000 1.0000 0.0000 0.0000
239      239   (0)      9  : 0.0000 0.9287 0.0001 0.0445 0.0267
240      240   (0)      9  : 0.0000 0.9374 0.0000 0.0486 0.0140
241      241   (0)     10  : 0.0260 0.9237 0.0002 0.0500 0.0000
242      242   (0)     10  : 0.0000 0.8743 0.0334 0.0500 0.0423
243      243   (0)     10  : 0.0010 0.8214 0.0000 0.1775 0.0001
244      244   (0)     11  : 0.0000 0.0036 0.9897 0.0000 0.0067
245      245   (0)     11  : 0.0000 0.0333 0.9667 0.0000 0.0000
246      246   (0)     11  : 0.0013 0.0000 0.9987 0.0000 0.0000
247      247   (0)     11  : 0.0000 0.0000 1.0000 0.0000 0.0000
248      248   (0)     11  : 0.0000 0.0000 1.0000 0.0000 0.0000
249      249   (0)     11  : 0.0000 0.8996 0.0222 0.0328 0.0454
250      250   (0)     11  : 0.0000 0.9121 0.0040 0.0354 0.0485
251      251   (0)     10  : 0.0099 0.6932 0.1593 0.1376 0.0000
252      252   (0)     10  : 0.0000 0.8082 0.0281 0.0936 0.0701
253      253   (0)     10  : 0.0000 0.9151 0.0000 0.0500 0.0349
254      254   (0)     10  : 0.0531 0.8583 0.0255 0.0500 0.0131
255      255   (0)     10  : 0.1271 0.8288 0.0000 0.0410 0.0031
256      256   (0)     10  : 0.0000 0.7827 0.0807 0.0866 0.0500
257      257   (0)     10  : 0.0000 0.8725 0.0009 0.0476 0.0790
258      258   (0)     10  : 0.0000 0.9500 0.0000 0.0500 0.0000
259      259   (0)     10  : 0.0000 0.8053 0.0948 0.0467 0.0532
260      260   (0)     10  : 0.0000 0.8800 0.0000 0.1138 0.0062
261      261   (0)     10  : 0.0350 0.5599 0.3739 0.0312 0.0000
262      262   (0)     10  : 0.0000 0.7344 0.0549 0.1875 0.0232
263      263   (0)     10  : 0.0000 0.8488 0.0276 0.0491 0.0745
264      264   (0)     10  : 0.0000 0.8543 0.0579 0.0500 0.0378
265      265   (0)     10  : 0.0000 0.9254 0.0000 0.0539 0.0207
266      266   (0)     10  : 0.0090 0.8773 0.0000 0.0526 0.0611
267      267   (0)     10  : 0.0801 0.0019 0.9155 0.0025 0.0000
268      268   (0)     10  : 0.0000 0.8423 0.0000 0.1575 0.0002
269      269   (0)     10  : 0.0000 0.8362 0.0291 0.1347 0.0000
270      270   (0)     10  : 0.0488 0.8502 0.0213 0.0796 0.0000
271      271   (0)     10  : 0.0000 0.8322 0.0361 0.1317 0.0000
272      272   (0)     10  : 0.0000 0.9500 0.0000 0.0500 0.0000
273      273   (0)     12  : 0.0000 0.9485 0.0045 0.0016 0.0454
274      274   (0)     12  : 0.0000 0.8408 0.1199 0.0000 0.0393
275      275   (0)     12  : 0.0000 0.9527 0.0038 0.0003 0.0432
276      276   (0)     12  : 0.0000 0.9499 0.0037 0.0000 0.0464
277      277   (0)     12  : 0.0012 0.7885 0.1306 0.0489 0.0308
278      278   (0)     12  : 0.0000 0.1922 0.7987 0.0000 0.0091
279      279   (0)     12  : 0.0000 0.0620 0.9351 0.0000 0.0030
280      280   (0)     12  : 0.0000 0.9500 0.0049 0.0000 0.0450
281      281   (0)     12  : 0.0000 0.9412 0.0000 0.0021 0.0567
282      282   (0)     12  : 0.0019 0.8258 0.0986 0.0403 0.0334
283      283   (0)     12  : 0.0011 0.8260 0.1094 0.0290 0.0344
284      284   (0)     12  : 0.0000 0.0372 0.9593 0.0000 0.0036
285      285   (0)     12  : 0.0000 0.0262 0.9714 0.0000 0.0024
286      286   (0)     12  : 0.0000 0.1346 0.8353 0.0202 0.0099
287      287   (0)     12  : 0.0000 0.9293 0.0297 0.0024 0.0386
288      288   (0)     12  : 0.0000 0.9331 0.0238 0.0000 0.0431
289      289   (0)     12  : 0.0000 0.9500 0.0000 0.0000 0.0500
290      290   (0)     12  : 0.0000 0.9500 0.0038 0.0000 0.0462
291      291   (0)     12  : 0.0000 0.9522 0.0000 0.0021 0.0458
292      292   (0)     12  : 0.0000 0.9050 0.0527 0.0041 0.0383
293      293   (0)     12  : 0.0000 0.9459 0.0083 0.0000 0.0458
294      294   (0)     12  : 0.0000 0.8871 0.0393 0.0000 0.0736
295      295   (0)     12  : 0.0000 0.0030 0.9962 0.0000 0.0008
296      296   (0)     12  : 0.0000 0.9538 0.0012 0.0000 0.0450
297      297   (0)     12  : 0.0000 0.9528 0.0000 0.0000 0.0472
298      298   (0)     12  : 0.0000 0.1135 0.8747 0.0064 0.0054
299      299   (0)     12  : 0.0000 0.9252 0.0221 0.0168 0.0359
300      300   (0)     12  : 0.0000 0.0271 0.9708 0.0000 0.0021
301      301   (0)     13  : 0.0000 0.8871 0.0739 0.0090 0.0300
302      302   (0)     13  : 0.0000 0.9380 0.0000 0.0035 0.0585
303      303   (0)     13  : 0.0000 0.9514 0.0000 0.0089 0.0397
304      304   (0)     13  : 0.0000 0.9302 0.0245 0.0139 0.0314
305      305   (0)     13  : 0.0000 0.9521 0.0000 0.0028 0.0451
306      306   (0)     13  : 0.0000 0.9406 0.0021 0.0055 0.0518
307      307   (0)     13  : 0.0000 0.9068 0.0000 0.0116 0.0816
308      308   (0)     13  : 0.0000 0.1659 0.8200 0.0082 0.0059
309      309   (0)     13  : 0.0000 0.5785 0.3993 0.0056 0.0166
310      310   (0)     13  : 0.0000 0.9531 0.0000 0.0025 0.0444
311      311   (0)     13  : 0.0000 0.9549 0.0013 0.0058 0.0380
312      312   (0)     13  : 0.0000 0.8618 0.0000 0.0091 0.1292
313      313   (0)     13  : 0.0000 0.9533 0.0000 0.0035 0.0432
314      314   (0)     13  : 0.0000 0.9511 0.0003 0.0083 0.0403
315      315   (0)     13  : 0.0000 0.9500 0.0000 0.0081 0.0420
316      316   (0)     13  : 0.0000 0.9271 0.0067 0.0153 0.0510
317      317   (0)     13  : 0.0000 0.9559 0.0000 0.0081 0.0360
318      318   (0)     13  : 0.0000 0.8643 0.0001 0.0000 0.1357
319      319   (0)     13  : 0.0000 0.9538 0.0000 0.0108 0.0355
320      320   (0)     13  : 0.0000 0.2152 0.7746 0.0000 0.0102
321      321   (0)     13  : 0.0000 0.9536 0.0000 0.0072 0.0393
322      322   (0)     13  : 0.0000 0.9535 0.0015 0.0080 0.0370
323      323   (0)     13  : 0.0000 0.9558 0.0000 0.0000 0.0442
324      324   (0)     13  : 0.0000 0.9540 0.0000 0.0032 0.0429
325      325   (0)     14  : 0.0000 0.9520 0.0000 0.0219 0.0261
326      326   (0)     14  : 0.0000 0.9500 0.0000 0.0500 0.0000
327      327   (0)     14  : 0.0000 0.0000 1.0000 0.0000 0.0000
328      328   (0)     14  : 0.0000 0.9543 0.0000 0.0305 0.0153
329      329   (0)     14  : 0.0000 0.0000 1.0000 0.0000 0.0000
330      330   (0)     14  : 0.0184 0.0228 0.9565 0.0024 0.0000
331      331   (0)     14  : 0.0000 0.0014 0.9986 0.0000 0.0000
332      332   (0)     14  : 0.0000 0.8214 0.1360 0.0268 0.0158
333      333   (0)     14  : 0.0000 0.0000 1.0000 0.0000 0.0000
334      334   (0)     14  : 0.0000 0.9512 0.0006 0.0402 0.0080
335      335   (0)     14  : 0.0154 0.8676 0.0744 0.0322 0.0105
336      336   (0)     11  : 0.0000 0.0225 0.9762 0.0013 0.0000
337      337   (0)     11  : 0.0000 0.9157 0.0000 0.0303 0.0540
338      338   (0)     11  : 0.0000 0.0143 0.9850 0.0000 0.0008
339      339   (0)     10  : 0.0000 0.8315 0.0000 0.0500 0.1185
340      340   (0)     10  : 0.0068 0.0000 0.7279 0.2609 0.0043
341      341   (0)     11  : 0.0000 0.0675 0.9290 0.0035 0.0000
342      342   (0)     11  : 0.0000 0.0000 1.0000 0.0000 0.0000
343      343   (0)     11  : 0.0000 0.0000 1.0000 0.0000 0.0000
344      344   (0)     11  : 0.0000 0.0615 0.9038 0.0347 0.0000
345      345   (0)     11  : 0.0000 0.0044 0.9949 0.0007 0.0000
346      346   (0)     11  : 0.0000 0.0000 1.0000 0.0000 0.0000
347      347   (0)     11  : 0.0000 0.9479 0.0034 0.0301 0.0186
348      348   (0)     11  : 0.0000 0.0000 1.0000 0.0000 0.0000
349      349   (0)     11  : 0.0000 0.0113 0.9868 0.0019 0.0000
350      350   (0)     11  : 0.0000 0.0975 0.8965 0.0060 0.0000
351      351   (0)     11  : 0.0000 0.0000 1.0000 0.0000 0.0000
352      352   (0)     11  : 0.0000 0.9035 0.0500 0.0378 0.0087
353      353   (0)     11  : 0.0000 0.0000 1.0000 0.0000 0.0000
354      354   (0)     11  : 0.0000 0.9462 0.0000 0.0426 0.0111
355      355   (0)     11  : 0.0000 0.0000 1.0000 0.0000 0.0000
356      356   (0)     14  : 0.0118 0.0053 0.9827 0.0002 0.0000
357      357   (0)     14  : 0.0000 0.9490 0.0000 0.0332 0.0178
358      358   (0)     14  : 0.0000 0.0000 1.0000 0.0000 0.0000
359      359   (0)     14  : 0.0000 0.9321 0.0231 0.0348 0.0099
360      360   (0)     14  : 0.0000 0.0000 1.0000 0.0000 0.0000
361      361   (0)     14  : 0.0000 0.0400 0.9569 0.0032 0.0000
362      362   (0)     14  : 0.0000 0.0000 1.0000 0.0000 0.0000
363      363   (0)     14  : 0.0000 0.0000 1.0000 0.0000 0.0000
364      364   (0)     14  : 0.0000 0.0000 1.0000 0.0000 0.0000
365      365   (0)     14  : 0.0000 0.0847 0.9098 0.0023 0.0033
366      366   (0)     14  : 0.0000 0.8929 0.0621 0.0346 0.0104
367      367   (0)      9  : 0.0081 0.9427 0.0000 0.0461 0.0031
368      368   (0)      9  : 0.0017 0.0663 0.8814 0.0506 0.0000
369      369   (0)      9  : 0.0000 0.8950 0.0512 0.0475 0.0062
370      370   (0)      9  : 0.0000 0.8071 0.1458 0.0471 0.0000
371      371   (0)      9  : 0.0000 0.9326 0.0000 0.0654 0.0019
372      372   (0)      9  : 0.0000 0.0000 1.0000 0.0000 0.0000
373      373   (0)     14  : 0.0000 0.0000 1.0000 0.0000 0.0000
374      374   (0)     14  : 0.0000 0.9043 0.0425 0.0492 0.0040
375      375   (0)     14  : 0.0000 0.0277 0.9698 0.0024 0.0000
376      376   (0)     14  : 0.0000 0.0000 1.0000 0.0000 0.0000
377      377   (0)     14  : 0.0000 0.9157 0.0000 0.0462 0.0381
378      378   (0)      9  : 0.0063 0.9002 0.0316 0.0500 0.0120
379      379   (0)      9  : 0.0356 0.0000 0.9644 0.0000 0.0000
380      380   (0)      9  : 0.0640 0.0000 0.9360 0.0000 0.0000
381      381   (0)      9  : 0.1260 0.0000 0.8740 0.0000 0.0000
382      382   (0)      9  : 0.0000 0.9171 0.0070 0.0500 0.0259
383      383   (0)      9  : 0.0000 0.9494 0.0000 0.0500 0.0006
384      384   (0)      9  : 0.0000 0.8934 0.0000 0.1066 0.0000
385      385   (0)      9  : 0.1495 0.0000 0.8505 0.0000 0.0000
386      386   (0)      9  : 0.0000 0.9500 0.0000 0.0500 0.0000
387      387   (0)      9  : 0.0000 0.8342 0.0611 0.0484 0.0562
388      388   (0)      9  : 0.0000 0.0000 1.0000 0.0000 0.0000
389      389   (0)      9  : 0.0000 0.0000 0.9826 0.0174 0.0000
390      390   (0)      9  : 0.0000 0.7332 0.0000 0.0923 0.1746
391      391   (0)      9  : 0.1932 0.0000 0.8068 0.0000 0.0000
392      392   (0)     15  : 0.0000 0.9153 0.0342 0.0147 0.0359
393      393   (0)     15  : 0.0000 0.9467 0.0125 0.0000 0.0407
394      394   (0)     15  : 0.0000 0.6862 0.2832 0.0000 0.0306
395      395   (0)     15  : 0.1047 0.6803 0.1880 0.0000 0.0270
396      396   (0)     15  : 0.0000 0.8735 0.0904 0.0000 0.0362
397      397   (0)     15  : 0.0000 0.8660 0.0977 0.0000 0.0363
398      398   (0)     15  : 0.0000 0.8856 0.0747 0.0000 0.0397
399      399   (0)     15  : 0.0000 0.0234 0.9750 0.0000 0.0016
400      400   (0)     15  : 0.0380 0.9163 0.0050 0.0000 0.0407
401      401   (0)     15  : 0.0000 0.8640 0.0730 0.0000 0.0630
402      402   (0)     15  : 0.0000 0.0073 0.9921 0.0000 0.0006
403      403   (0)     15  : 0.0000 0.0000 1.0000 0.0000 0.0000
404      404   (0)     15  : 0.0000 0.8189 0.1451 0.0000 0.0360
405      405   (0)     15  : 0.0000 0.8669 0.0945 0.0028 0.0358
406      406   (0)     15  : 0.0000 0.9161 0.0453 0.0010 0.0376
407      407   (0)     15  : 0.0000 0.6276 0.3449 0.0005 0.0271
408      408   (0)     15  : 0.0000 0.0132 0.9849 0.0000 0.0019
409      409   (0)     15  : 0.0000 0.7419 0.2227 0.0000 0.0354
410      410   (0)     15  : 0.0000 0.0290 0.9683 0.0000 0.0027
411      411   (0)     15  : 0.0000 0.8711 0.0898 0.0000 0.0390
412      412   (0)     15  : 0.0057 0.5982 0.3675 0.0000 0.0286
413      413   (0)     15  : 0.0000 0.9015 0.0602 0.0000 0.0383
414      414   (0)     15  : 0.0000 0.9199 0.0416 0.0030 0.0355
415      415   (0)     15  : 0.0013 0.6499 0.3016 0.0230 0.0243
416      416   (0)     15  : 0.0000 0.8686 0.0898 0.0000 0.0416
417      417   (0)     15  : 0.0000 0.0056 0.9923 0.0000 0.0020
418      418   (0)     15  : 0.0000 0.9214 0.0365 0.0000 0.0421
419      419   (0)     15  : 0.0000 0.0059 0.9930 0.0000 0.0011
420      420   (0)     15  : 0.0000 0.0064 0.9911 0.0000 0.0025
421      421   (0)     16  : 0.9766 0.0009 0.0010 0.0013 0.0202
422      422   (0)     16  : 0.8342 0.0000 0.0018 0.1640 0.0000
423      423   (0)     16  : 0.6983 0.0000 0.1674 0.1343 0.0000
424      424   (0)     16  : 0.7682 0.0002 0.1054 0.1262 0.0000
425      425   (0)     16  : 0.8139 0.0000 0.0479 0.1382 0.0000
426      426   (0)     16  : 0.7624 0.0000 0.0732 0.1645 0.0000
427      427   (0)     16  : 0.9343 0.0100 0.0226 0.0331 0.0000
428      428   (0)     16  : 0.9966 0.0000 0.0034 0.0000 0.0000
429      429   (0)     16  : 0.8157 0.0150 0.0474 0.1219 0.0000
430      430   (0)     16  : 0.8236 0.0000 0.0382 0.1382 0.0000
431      431   (0)     16  : 0.5424 0.0003 0.0000 0.4570 0.0003
432      432   (0)     16  : 0.9258 0.0000 0.0742 0.0000 0.0000
433      433   (0)     16  : 0.9998 0.0000 0.0002 0.0000 0.0000
434      434   (0)     16  : 0.9330 0.0001 0.0228 0.0441 0.0000
435      435   (0)     16  : 0.9834 0.0000 0.0166 0.0000 0.0000
436      436   (0)     16  : 0.9180 0.0000 0.0009 0.0811 0.0000
437      437   (0)     16  : 0.8300 0.0006 0.0009 0.1611 0.0074
438      438   (0)     16  : 0.9575 0.0000 0.0032 0.0392 0.0000
439      439   (0)     16  : 0.7969 0.0000 0.0633 0.1398 0.0000
440      440   (0)     16  : 0.8205 0.0000 0.1795 0.0000 0.0000
441      441   (0)     16  : 0.9356 0.0260 0.0382 0.0000 0.0002
442      442   (0)     16  : 0.9286 0.0000 0.0022 0.0692 0.0000
443      443   (0)     16  : 0.8087 0.0000 0.1880 0.0033 0.0000
444      444   (0)     16  : 0.9075 0.0000 0.0849 0.0076 0.0000
445      445   (0)     16  : 0.4054 0.0001 0.0000 0.0141 0.5804
446      446   (0)     16  : 0.9834 0.0000 0.0166 0.0000 0.0000
447      447   (0)     16  : 0.9177 0.0000 0.0820 0.0000 0.0003
448      448   (0)     16  : 0.9738 0.0000 0.0262 0.0000 0.0000
449      449   (0)     16  : 0.9425 0.0005 0.0478 0.0008 0.0085
450      450   (0)     16  : 0.8832 0.0005 0.0003 0.1161 0.0000
451      451   (0)     17  : 0.6186 0.0334 0.0786 0.2688 0.0006
452      452   (0)     17  : 0.8954 0.0000 0.1046 0.0000 0.0000
453      453   (0)     17  : 0.9820 0.0000 0.0094 0.0087 0.0000
454      454   (0)     17  : 0.2825 0.1509 0.0709 0.0179 0.4778
455      455   (0)     17  : 0.9887 0.0000 0.0036 0.0000 0.0077
456      456   (0)     17  : 0.2686 0.0983 0.0000 0.0212 0.6119
457      457   (0)     17  : 0.9969 0.0000 0.0031 0.0000 0.0000
458      458   (0)     17  : 0.8695 0.0000 0.0424 0.0881 0.0000
459      459   (0)     17  : 0.9201 0.0000 0.0799 0.0000 0.0000
460      460   (0)     17  : 0.8137 0.0000 0.1863 0.0000 0.0000
461      461   (0)     17  : 0.8979 0.0000 0.0810 0.0211 0.0000
462      462   (0)     17  : 0.0723 0.1016 0.0452 0.6943 0.0865
463      463   (0)     17  : 0.4490 0.1288 0.0015 0.0081 0.4126
464      464   (0)     17  : 0.7984 0.0000 0.1164 0.0693 0.0159
465      465   (0)     17  : 0.4600 0.0000 0.0182 0.3634 0.1584
466      466   (0)     17  : 0.6450 0.0000 0.1842 0.1303 0.0404
467      467   (0)     17  : 0.6704 0.0005 0.0822 0.2279 0.0190
468      468   (0)     17  : 0.7080 0.0000 0.2920 0.0000 0.0000
469      469   (0)     17  : 0.7437 0.0000 0.0816 0.1435 0.0312
470      470   (0)     17  : 0.7958 0.0468 0.1478 0.0095 0.0000
471      471   (0)     17  : 0.8961 0.0000 0.1018 0.0000 0.0021
472      472   (0)     17  : 0.4641 0.0023 0.1733 0.3604 0.0000
473      473   (0)     17  : 0.5720 0.0004 0.2245 0.2031 0.0000
474      474   (0)     17  : 0.8791 0.0000 0.0300 0.0909 0.0000
475      475   (0)     17  : 0.7544 0.0000 0.0753 0.1703 0.0000
476      476   (0)     17  : 0.8774 0.0096 0.0020 0.0708 0.0402
477      477   (0)     17  : 0.8994 0.0000 0.0013 0.0992 0.0000
478      478   (0)     17  : 0.9960 0.0000 0.0040 0.0000 0.0000
479      479   (0)     17  : 0.9198 0.0229 0.0002 0.0265 0.0307
480      480   (0)     17  : 0.4412 0.0000 0.2287 0.2974 0.0328
481      481   (0)     18  : 0.0371 0.0000 0.0500 0.8322 0.0807
482      482   (0)     18  : 0.0000 0.0000 0.0000 0.0224 0.9776
483      483   (0)     18  : 0.0000 0.0000 0.0000 0.0303 0.9697
484      484   (0)     18  : 0.0000 0.0000 0.0000 0.0314 0.9686
485      485   (0)     18  : 0.0179 0.0000 0.0000 0.0276 0.9545
486      486   (0)     18  : 0.0000 0.0000 0.0000 0.1124 0.8876
487      487   (0)     18  : 0.0000 0.0000 0.0000 0.0240 0.9760
488      488   (0)     18  : 0.5576 0.0000 0.0814 0.2948 0.0662
489      489   (0)     18  : 0.0416 0.0196 0.0028 0.9293 0.0067
490      490   (0)     18  : 0.0000 0.0000 0.0000 0.0293 0.9707
491      491   (0)     18  : 0.0007 0.0000 0.0547 0.0287 0.9159
492      492   (0)     18  : 0.5772 0.0000 0.0080 0.0395 0.3753
493      493   (0)     18  : 0.4979 0.0000 0.0000 0.4780 0.0241
494      494   (0)     18  : 0.0000 0.0000 0.0000 0.0761 0.9239
495      495   (0)     18  : 0.0000 0.0000 0.0000 0.0249 0.9751
496      496   (0)     18  : 0.0992 0.0000 0.0000 0.0290 0.8719
497      497   (0)     18  : 0.3549 0.0002 0.0814 0.5492 0.0144
498      498   (0)     18  : 0.0674 0.0000 0.0000 0.0446 0.8881
499      499   (0)     18  : 0.2718 0.0000 0.0000 0.0727 0.6556
500      500   (0)     18  : 0.0348 0.0000 0.1204 0.7833 0.0615
501      501   (0)     18  : 0.2483 0.0044 0.0476 0.6796 0.0201
502      502   (0)     18  : 0.3887 0.0060 0.0000 0.0181 0.5871
503      503   (0)     18  : 0.0000 0.0000 0.0000 0.0316 0.9684
504      504   (0)     18  : 0.2672 0.0000 0.0002 0.0216 0.7110
505      505   (0)     18  : 0.1592 0.0000 0.0978 0.0147 0.7284
506      506   (0)     18  : 0.4799 0.0000 0.1082 0.4050 0.0069
507      507   (0)     18  : 0.1763 0.0000 0.0000 0.1137 0.7100
508      508   (0)     18  : 0.4894 0.0000 0.0058 0.4775 0.0272
509      509   (0)     18  : 0.1210 0.0000 0.0803 0.0210 0.7777
510      510   (0)     19  : 0.8482 0.0000 0.0199 0.1319 0.0000
511      511   (0)     19  : 0.8460 0.0000 0.0000 0.1540 0.0000
512      512   (0)     19  : 0.9981 0.0000 0.0015 0.0004 0.0000
513      513   (0)     19  : 0.9984 0.0000 0.0016 0.0000 0.0000
514      514   (0)     19  : 0.8262 0.0000 0.1729 0.0000 0.0009
515      515   (0)     19  : 0.9236 0.0000 0.0191 0.0572 0.0000
516      516   (0)     19  : 0.9909 0.0000 0.0012 0.0079 0.0000
517      517   (0)     19  : 0.8569 0.0000 0.0565 0.0865 0.0000
518      518   (0)     19  : 0.9835 0.0000 0.0165 0.0000 0.0000
519      519   (0)     19  : 0.0370 0.0000 0.2366 0.7224 0.0039
520      520   (0)     19  : 0.8500 0.0000 0.0300 0.1201 0.0000
521      521   (0)     19  : 0.7292 0.0000 0.0000 0.2708 0.0000
522      522   (0)     19  : 0.9873 0.0000 0.0127 0.0000 0.0000
523      523   (0)     19  : 0.8768 0.0000 0.0377 0.0855 0.0000
524      524   (0)     19  : 0.9935 0.0000 0.0065 0.0000 0.0000
525      525   (0)     19  : 0.9554 0.0106 0.0173 0.0014 0.0153
526      526   (0)     19  : 0.9393 0.0000 0.0607 0.0000 0.0000
527      527   (0)     19  : 0.6608 0.0000 0.0609 0.2784 0.0000
528      528   (0)     19  : 0.7897 0.0000 0.0026 0.2077 0.0001
529      529   (0)     19  : 0.9705 0.0000 0.0280 0.0015 0.0000
530      530   (0)     19  : 0.9776 0.0000 0.0224 0.0000 0.0000
531      531   (0)     19  : 0.8866 0.0000 0.1134 0.0000 0.0000
532      532   (0)     19  : 0.9261 0.0256 0.0476 0.0008 0.0000
533      533   (0)     19  : 0.5109 0.0750 0.0133 0.0116 0.3892
534      534   (0)     19  : 0.7586 0.0001 0.0217 0.2196 0.0000
535      535   (0)     19  : 0.9498 0.0000 0.0031 0.0471 0.0000
536      536   (0)     19  : 0.9686 0.0118 0.0022 0.0168 0.0006
537      537   (0)     19  : 0.6779 0.0000 0.0816 0.2405 0.0000
538      538   (0)     19  : 0.2771 0.0000 0.0010 0.0165 0.7054
539      539   (0)     19  : 0.9776 0.0000 0.0033 0.0000 0.0191
