  1        1   (0)      1 :  0.0000 0.0246 0.4399 0.1343 0.0000 0.0000 0.0000 0.0016 0.0005 0.0309 0.0018 0.3663 
  2        2   (0)      1 :  0.0000 0.0114 0.0431 0.3523 0.0000 0.0000 0.0139 0.0000 0.1123 0.0000 0.0885 0.3786 
  3        3   (0)      1 :  0.0000 0.4438 0.0288 0.0036 0.0869 0.0000 0.0087 0.2516 0.0558 0.0013 0.0515 0.0679 
  4        4   (0)      1 :  0.0000 0.0000 0.2407 0.1230 0.0000 0.0000 0.0000 0.0000 0.0001 0.0000 0.0834 0.5528 
  5        5   (0)      1 :  0.0000 0.0008 0.0000 0.0263 0.0000 0.0000 0.0123 0.0226 0.1007 0.0000 0.0726 0.7648 
  6        6   (0)      1 :  0.0000 0.2298 0.3530 0.2705 0.0004 0.0000 0.0089 0.0237 0.0059 0.0319 0.0251 0.0507 
  7        7   (0)      1 :  0.0000 0.0041 0.0000 0.0000 0.0659 0.0000 0.0136 0.6794 0.0652 0.0000 0.0432 0.1285 
  8        8   (0)      2 :  0.0000 0.0104 0.0000 0.1473 0.0000 0.0000 0.0025 0.0000 0.0000 0.0000 0.0743 0.7654 
  9        9   (0)      1 :  0.0000 0.0129 0.0000 0.3525 0.0000 0.0000 0.0100 0.0159 0.0000 0.0000 0.0497 0.5590 
 10       10   (0)      3 :  0.0000 0.0032 0.4206 0.0493 0.0000 0.0000 0.0000 0.0000 0.4453 0.0000 0.0817 0.0000 
 11       11   (0)      4 :  0.0022 0.0000 0.0000 0.0000 0.0110 0.0255 0.0500 0.0000 0.4372 0.0199 0.2809 0.1733 
 12       12   (0)      4 :  0.0000 0.0219 0.1095 0.4548 0.0041 0.0181 0.0001 0.0007 0.2993 0.0000 0.0647 0.0267 
 13       13   (0)      4 :  0.0000 0.0256 0.3888 0.0000 0.0000 0.0094 0.0138 0.0174 0.3418 0.0000 0.0721 0.1312 
 14       14   (0)      4 :  0.0000 0.0000 0.0000 0.0000 0.0000 0.0000 0.0500 0.0000 0.3924 0.0000 0.2500 0.3076 
 15       15   (0)      4 :  0.0000 0.0128 0.0000 0.2581 0.0026 0.0052 0.0048 0.0000 0.4702 0.0003 0.0626 0.1835 
 16       16   (0)      4 :  0.0000 0.4999 0.2948 0.0520 0.0000 0.0000 0.0000 0.1533 0.0000 0.0000 0.0000 0.0000 
 17       17   (0)      5 :  0.0000 0.0130 0.2378 0.3117 0.0000 0.0058 0.0000 0.0000 0.2082 0.0000 0.0344 0.1891 
 18       18   (0)      4 :  0.0000 0.0232 0.4601 0.0227 0.0000 0.0000 0.0032 0.0000 0.3763 0.0000 0.0720 0.0425 
 19       19   (0)      5 :  0.0000 0.0137 0.0408 0.2634 0.0000 0.0000 0.0000 0.0000 0.3632 0.0000 0.0666 0.2524 
 20       20   (0)      5 :  0.0000 0.0067 0.0000 0.3121 0.0000 0.0000 0.0000 0.0000 0.5793 0.0000 0.0976 0.0042 
 21       21   (0)      5 :  0.0000 0.0016 0.3362 0.0000 0.0000 0.0000 0.0000 0.0000 0.6026 0.0000 0.0596 0.0000 
 22       22   (0)      5 :  0.0000 0.0103 0.0000 0.3404 0.0000 0.0000 0.0000 0.0000 0.5813 0.0000 0.0680 0.0000 
 23       23   (0)      5 :  0.0000 0.0009 0.6263 0.0001 0.0000 0.0000 0.0049 0.0000 0.3242 0.0000 0.0436 0.0000 
 24       24   (0)      5 :  0.0000 0.0000 0.3606 0.0000 0.0000 0.0000 0.0000 0.0000 0.5771 0.0000 0.0623 0.0000 
 25       25   (0)      5 :  0.0000 0.0190 0.1731 0.2551 0.0000 0.0000 0.0075 0.0156 0.4311 0.0000 0.0873 0.0113 
 26       26   (0)      5 :  0.0004 0.0096 0.3977 0.0000 0.0000 0.0000 0.0034 0.0070 0.5291 0.0000 0.0528 0.0000 
 27       27   (0)      5 :  0.0010 0.0136 0.0000 0.1111 0.0000 0.0356 0.0000 0.0000 0.6060 0.0000 0.0789 0.1539 
 28       28   (0)      5 :  0.0000 0.0011 0.5178 0.0031 0.0000 0.0000 0.0050 0.0000 0.4113 0.0000 0.0617 0.0000 
 29       29   (0)      5 :  0.0000 0.0062 0.0000 0.0793 0.0000 0.0000 0.0050 0.0000 0.7982 0.0000 0.1114 0.0000 
 30       30   (0)      5 :  0.0000 0.0239 0.0000 0.6270 0.0000 0.0000 0.0000 0.0000 0.2848 0.0000 0.0644 0.0000 
 31       31   (0)      5 :  0.0000 0.0209 0.2428 0.2535 0.0000 0.0046 0.0085 0.0000 0.3345 0.0000 0.0620 0.0733 
 32       32   (0)      5 :  0.0000 0.0064 0.1945 0.1007 0.0000 0.0000 0.0087 0.0070 0.6006 0.0000 0.0821 0.0000 
 33       33   (0)      5 :  0.0000 0.0227 0.5410 0.2963 0.0000 0.0034 0.0000 0.0000 0.1052 0.0000 0.0314 0.0000 
 34       34   (0)      5 :  0.0000 0.0126 0.4328 0.2171 0.0000 0.0000 0.0000 0.0000 0.2932 0.0000 0.0444 0.0000 
 35       35   (0)      5 :  0.0000 0.0225 0.0805 0.5762 0.0000 0.0000 0.0000 0.0000 0.2605 0.0000 0.0596 0.0007 
 36       36   (0)      5 :  0.0000 0.0112 0.0000 0.2171 0.0000 0.0109 0.0038 0.0000 0.6548 0.0000 0.1022 0.0000 
 37       37   (0)      5 :  0.0000 0.0169 0.0855 0.3066 0.0000 0.0009 0.0000 0.0000 0.5186 0.0000 0.0715 0.0000 
 38       38   (0)      5 :  0.0000 0.0091 0.3009 0.0210 0.0000 0.0000 0.0000 0.0000 0.5906 0.0000 0.0784 0.0000 
 39       39   (0)      5 :  0.0000 0.0116 0.0871 0.1739 0.0000 0.0076 0.0097 0.0000 0.5653 0.0000 0.1448 0.0000 
 40       40   (0)      5 :  0.0000 0.0186 0.0226 0.3986 0.0000 0.0000 0.0072 0.0042 0.4709 0.0000 0.0780 0.0000 
 41       41   (0)      5 :  0.0000 0.0000 0.4773 0.0000 0.0000 0.0000 0.0040 0.0000 0.4586 0.0000 0.0601 0.0000 
 42       42   (0)      5 :  0.0000 0.0186 0.0000 0.5803 0.0000 0.0000 0.0000 0.0000 0.3359 0.0000 0.0653 0.0000 
 43       43   (0)      5 :  0.0419 0.7209 0.0575 0.0247 0.0000 0.0000 0.0000 0.1495 0.0000 0.0000 0.0056 0.0000 
 44       44   (0)      5 :  0.0000 0.0044 0.4323 0.0548 0.0000 0.0000 0.0082 0.0002 0.4210 0.0000 0.0764 0.0027 
 45       45   (0)      4 :  0.0000 0.0057 0.0000 0.0000 0.0000 0.0106 0.0370 0.0000 0.6779 0.0000 0.1972 0.0716 
 46       46   (0)      4 :  0.0000 0.0224 0.1505 0.2850 0.0000 0.0000 0.0139 0.0367 0.2762 0.0000 0.0807 0.1345 
 47       47   (0)      4 :  0.0000 0.0052 0.6927 0.0066 0.0000 0.0000 0.0000 0.0000 0.2606 0.0000 0.0350 0.0000 
 48       48   (0)      4 :  0.0000 0.0198 0.0000 0.4850 0.0000 0.0051 0.0112 0.0000 0.3033 0.0000 0.1333 0.0422 
 49       49   (0)      5 :  0.0000 0.0323 0.2536 0.2635 0.0003 0.0137 0.0172 0.0099 0.3214 0.0000 0.0646 0.0235 
 50       50   (0)      4 :  0.0000 0.0000 0.5981 0.0000 0.0000 0.0000 0.0030 0.0000 0.2918 0.0000 0.0675 0.0396 
 51       51   (0)      4 :  0.0014 0.5659 0.2130 0.0817 0.0000 0.0009 0.0000 0.0908 0.0007 0.0000 0.0064 0.0391 
 52       52   (0)      4 :  0.0000 0.0317 0.0117 0.3855 0.0017 0.0041 0.0209 0.0227 0.3755 0.0228 0.0576 0.0660 
 53       53   (0)      4 :  0.0049 0.5692 0.1456 0.0160 0.0000 0.0000 0.0003 0.2001 0.0145 0.0000 0.0144 0.0351 
 54       54   (0)      4 :  0.0000 0.0116 0.0000 0.2749 0.0000 0.0143 0.0068 0.0000 0.5172 0.0000 0.0948 0.0804 
 55       55   (0)      4 :  0.0082 0.7152 0.0409 0.1010 0.0000 0.0000 0.0045 0.1152 0.0000 0.0000 0.0033 0.0117 
 56       56   (0)      4 :  0.0000 0.6013 0.0241 0.1436 0.0000 0.0056 0.0024 0.1055 0.0501 0.0000 0.0299 0.0375 
 57       57   (0)      4 :  0.0000 0.0112 0.0000 0.1249 0.0000 0.0000 0.0131 0.0000 0.6084 0.0000 0.1336 0.1088 
 58       58   (0)      5 :  0.0000 0.0211 0.1008 0.3142 0.0000 0.0000 0.0122 0.0456 0.3529 0.0000 0.0743 0.0790 
 59       59   (0)      4 :  0.0004 0.3387 0.2933 0.1700 0.0116 0.0000 0.0308 0.1534 0.0005 0.0000 0.0001 0.0011 
 60       60   (0)      4 :  0.0064 0.5845 0.1273 0.0172 0.0119 0.0000 0.0094 0.1195 0.0699 0.0012 0.0372 0.0153 
 61       61   (0)      4 :  0.0000 0.0262 0.1713 0.3213 0.0000 0.0000 0.0042 0.0000 0.2528 0.0000 0.0435 0.1807 
 62       62   (0)      5 :  0.0000 0.0146 0.3473 0.0755 0.0000 0.0000 0.0023 0.0000 0.3271 0.0000 0.0612 0.1721 
 63       63   (0)      6 :  0.0349 0.4407 0.1459 0.0409 0.0000 0.0000 0.0020 0.0606 0.1233 0.0001 0.0482 0.1035 
 64       64   (0)      6 :  0.0003 0.5369 0.1325 0.0367 0.0000 0.0000 0.0094 0.2418 0.0009 0.0209 0.0048 0.0159 
 65       65   (0)      6 :  0.0000 0.0060 0.0000 0.0478 0.0000 0.0497 0.0000 0.0000 0.0070 0.0000 0.0242 0.8653 
 66       66   (0)      6 :  0.0000 0.0071 0.2842 0.2090 0.0000 0.0000 0.0000 0.0000 0.2766 0.0000 0.0367 0.1863 
 67       67   (0)      6 :  0.0000 0.0000 0.0000 0.0000 0.0000 0.0000 0.0585 0.0000 0.3810 0.0004 0.2455 0.3146 
 68       68   (0)      6 :  0.0000 0.0000 0.3796 0.0000 0.0000 0.0222 0.0000 0.0000 0.0000 0.0000 0.0000 0.5982 
 69       69   (0)      6 :  0.0000 0.0149 0.3883 0.1749 0.0000 0.0000 0.0000 0.0000 0.0236 0.0000 0.0148 0.3835 
 70       70   (0)      6 :  0.0000 0.0773 0.4099 0.1548 0.0009 0.0000 0.0053 0.0128 0.0639 0.0159 0.0208 0.2385 
 71       71   (0)      6 :  0.0000 0.0019 0.8500 0.0000 0.0000 0.0235 0.0160 0.0000 0.0872 0.0000 0.0214 0.0000 
 72       72   (0)      6 :  0.0000 0.0075 0.3833 0.1276 0.0000 0.0000 0.0000 0.0000 0.1364 0.0000 0.0204 0.3247 
 73       73   (0)      7 :  0.0151 0.0271 0.0000 0.4941 0.0000 0.0102 0.0044 0.0000 0.3932 0.0000 0.0541 0.0019 
 74       74   (0)      7 :  0.0000 0.0686 0.0053 0.4853 0.0000 0.0298 0.0097 0.0000 0.2090 0.0000 0.0515 0.1408 
 75       75   (0)      7 :  0.0000 0.0168 0.1647 0.1346 0.0000 0.0002 0.0072 0.0050 0.2905 0.0000 0.0566 0.3245 
 76       76   (0)      7 :  0.0000 0.0208 0.0000 0.3912 0.0035 0.0000 0.0141 0.0110 0.3179 0.0000 0.0545 0.1869 
 77       77   (0)      7 :  0.0000 0.0000 0.0000 0.1321 0.0000 0.0080 0.0035 0.0000 0.7049 0.0000 0.1225 0.0291 
 78       78   (0)      7 :  0.0000 0.0173 0.0847 0.1048 0.0027 0.0062 0.0154 0.0135 0.4117 0.0000 0.0624 0.2813 
 79       79   (0)      7 :  0.0033 0.0572 0.0000 0.3676 0.0004 0.0022 0.0181 0.0000 0.4301 0.0000 0.0924 0.0289 
 80       80   (0)      7 :  0.0000 0.0257 0.0000 0.5617 0.0000 0.0158 0.0000 0.0000 0.1287 0.0000 0.1048 0.1632 
 81       81   (0)      7 :  0.0000 0.0148 0.0347 0.2970 0.0000 0.0000 0.0000 0.0000 0.4505 0.0000 0.0419 0.1610 
 82       82   (0)      7 :  0.0000 0.0026 0.0000 0.1400 0.0000 0.0000 0.0075 0.0000 0.7062 0.0000 0.0662 0.0775 
 83       83   (0)      7 :  0.0000 0.0528 0.0342 0.5385 0.0000 0.0000 0.0049 0.0649 0.1705 0.0140 0.0649 0.0553 
 84       84   (0)      7 :  0.0074 0.5600 0.0097 0.2069 0.0000 0.0000 0.0015 0.1656 0.0000 0.0015 0.0013 0.0462 
 85       85   (0)      7 :  0.0000 0.0381 0.0000 0.4484 0.0000 0.0119 0.0229 0.0000 0.3639 0.0000 0.0571 0.0577 
 86       86   (0)      7 :  0.0000 0.0039 0.0000 0.1156 0.0000 0.0000 0.0049 0.0000 0.5978 0.0000 0.0760 0.2019 
 87       87   (0)      7 :  0.0020 0.5751 0.0796 0.2227 0.0012 0.0000 0.0055 0.1092 0.0000 0.0000 0.0017 0.0030 
 88       88   (0)      7 :  0.0000 0.0137 0.5645 0.1062 0.0000 0.0037 0.0000 0.0000 0.2154 0.0000 0.0332 0.0633 
 89       89   (0)      7 :  0.0056 0.6701 0.1052 0.0226 0.0152 0.0000 0.0021 0.1156 0.0000 0.0020 0.0143 0.0472 
 90       90   (0)      7 :  0.0000 0.0232 0.0000 0.3362 0.0000 0.0000 0.0074 0.0000 0.5251 0.0017 0.0901 0.0162 
 91       91   (0)      7 :  0.0110 0.0414 0.2778 0.3957 0.0000 0.0190 0.0000 0.0000 0.1891 0.0000 0.0247 0.0413 
 92       92   (0)      7 :  0.0000 0.0227 0.0009 0.3963 0.0000 0.0510 0.0000 0.0000 0.4119 0.0000 0.0817 0.0355 
 93       93   (0)      7 :  0.0000 0.0053 0.0000 0.1408 0.0000 0.0323 0.0177 0.0430 0.5443 0.0000 0.0897 0.1269 
 94       94   (0)      7 :  0.0000 0.0275 0.1942 0.3217 0.0000 0.0000 0.0000 0.0000 0.2636 0.0000 0.0550 0.1379 
 95       95   (0)      7 :  0.0000 0.0095 0.0000 0.1016 0.0000 0.0000 0.0133 0.0000 0.5902 0.0000 0.0922 0.1932 
 96       96   (0)      7 :  0.0000 0.0125 0.2044 0.0801 0.0020 0.0000 0.0269 0.0522 0.4943 0.0000 0.0732 0.0543 
 97       97   (0)      7 :  0.0000 0.0079 0.0000 0.0504 0.0000 0.0000 0.0074 0.0000 0.7621 0.0000 0.0990 0.0732 
 98       98   (0)      7 :  0.0000 0.0000 0.0000 0.0000 0.0000 0.0000 0.0269 0.0002 0.7747 0.0000 0.1018 0.0964 
 99       99   (0)      7 :  0.0000 0.0264 0.0021 0.0000 0.0000 0.0000 0.0146 0.0040 0.8049 0.0000 0.1074 0.0405 
100      100   (0)      7 :  0.0007 0.5426 0.0000 0.0268 0.0000 0.0000 0.0013 0.1282 0.0128 0.0000 0.0074 0.2802 
101      101   (0)      6 :  0.0000 0.0161 0.0000 0.3529 0.0000 0.0000 0.0000 0.0000 0.0697 0.0000 0.0129 0.5485 
102      102   (0)      6 :  0.0000 0.0107 0.1592 0.0308 0.0003 0.0468 0.0536 0.0000 0.1351 0.0000 0.0345 0.5289 
103      103   (0)      6 :  0.0000 0.0178 0.6487 0.0223 0.0000 0.0002 0.0047 0.0000 0.0077 0.0000 0.0140 0.2846 
104      104   (0)      6 :  0.0000 0.0171 0.0000 0.4638 0.0000 0.0000 0.0005 0.0000 0.0082 0.0000 0.0215 0.4889 
105      105   (0)      6 :  0.0000 0.0000 0.6721 0.0000 0.0000 0.0000 0.0000 0.0000 0.0012 0.0000 0.0004 0.3263 
106      106   (0)      6 :  0.0000 0.0045 0.1543 0.0556 0.0000 0.0001 0.0038 0.0000 0.1470 0.0000 0.0485 0.5863 
107      107   (0)      6 :  0.0000 0.0331 0.2331 0.2545 0.0000 0.0167 0.0170 0.0000 0.0133 0.0010 0.0097 0.4216 
108      108   (0)      6 :  0.0000 0.0071 0.3459 0.1551 0.0000 0.0000 0.0000 0.0212 0.0326 0.0000 0.0162 0.4218 
109      109   (0)      6 :  0.0000 0.7158 0.0511 0.0531 0.0094 0.0000 0.0000 0.1311 0.0000 0.0000 0.0025 0.0369 
110      110   (0)      7 :  0.0000 0.0481 0.3120 0.2356 0.0000 0.0000 0.0003 0.0004 0.2217 0.0000 0.0280 0.1539 
111      111   (0)      7 :  0.0000 0.0821 0.0000 0.0000 0.0322 0.0000 0.0471 0.0031 0.3254 0.0000 0.2134 0.2968 
112      112   (0)      6 :  0.0000 0.0338 0.0065 0.0664 0.0027 0.0000 0.0089 0.0000 0.0429 0.0000 0.0412 0.7977 
113      113   (0)      6 :  0.0000 0.0255 0.0000 0.0000 0.0000 0.0267 0.0343 0.0000 0.0000 0.0000 0.0186 0.8949 
114      114   (0)      6 :  0.0100 0.6080 0.0000 0.0115 0.0229 0.0000 0.0000 0.1249 0.0000 0.0026 0.0170 0.2031 
115      115   (0)      6 :  0.0000 0.0180 0.0000 0.0902 0.0002 0.0185 0.0157 0.0000 0.2346 0.0000 0.0678 0.5550 
116      116   (0)      6 :  0.0008 0.2893 0.0000 0.0000 0.0920 0.0000 0.0098 0.2157 0.0560 0.0034 0.0453 0.2877 
117      117   (0)      6 :  0.0000 0.0528 0.1240 0.0879 0.0231 0.0000 0.0028 0.0011 0.1746 0.0083 0.0553 0.4701 
118      118   (0)      6 :  0.0000 0.0035 0.2649 0.0000 0.0000 0.0000 0.0000 0.0000 0.0000 0.0000 0.0040 0.7276 
119      119   (0)      6 :  0.0000 0.0069 0.1654 0.0627 0.0000 0.0087 0.0000 0.0000 0.0000 0.0000 0.0004 0.7559 
120      120   (0)      6 :  0.0000 0.0036 0.0000 0.0637 0.0000 0.0000 0.0000 0.0000 0.0846 0.0000 0.0136 0.8345 
121      121   (0)      6 :  0.0000 0.0168 0.0000 0.0987 0.0000 0.0000 0.0004 0.0000 0.0000 0.0000 0.0044 0.8796 
122      122   (0)      6 :  0.0084 0.4861 0.0000 0.0015 0.0334 0.0000 0.0026 0.1836 0.0000 0.0020 0.0060 0.2764 
123      123   (0)      8 :  0.0000 0.0056 0.4246 0.0197 0.0000 0.0000 0.0088 0.0764 0.2607 0.0000 0.0712 0.1330 
124      124   (0)      8 :  0.0000 0.0525 0.3980 0.3122 0.0016 0.0000 0.0000 0.0029 0.1638 0.0000 0.0634 0.0056 
125      125   (0)      8 :  0.0000 0.0000 0.7095 0.0000 0.0000 0.0000 0.0077 0.0596 0.1782 0.0000 0.0451 0.0000 
126      126   (0)      8 :  0.0000 0.0405 0.0191 0.5693 0.0000 0.0031 0.0000 0.0000 0.2976 0.0000 0.0703 0.0000 
127      127   (0)      8 :  0.0182 0.0159 0.0000 0.4545 0.0000 0.0000 0.0076 0.0000 0.3929 0.0000 0.1110 0.0000 
128      128   (0)      8 :  0.0000 0.0000 0.5003 0.0000 0.0000 0.0000 0.0047 0.0000 0.4331 0.0000 0.0619 0.0000 
129      129   (0)      8 :  0.0000 0.0152 0.4677 0.1974 0.0000 0.0000 0.0072 0.0232 0.2331 0.0000 0.0561 0.0000 
130      130   (0)      8 :  0.0000 0.0003 0.6409 0.0000 0.0000 0.0000 0.0019 0.0457 0.1438 0.0000 0.0786 0.0888 
131      131   (0)      8 :  0.0000 0.0097 0.1005 0.2513 0.0007 0.0010 0.0225 0.0000 0.3372 0.0000 0.1288 0.1484 
132      132   (0)      8 :  0.0000 0.0149 0.3839 0.2628 0.0000 0.0000 0.0000 0.0000 0.2883 0.0000 0.0501 0.0000 
133      133   (0)      8 :  0.0000 0.0135 0.3605 0.3835 0.0000 0.0000 0.0034 0.0216 0.1626 0.0000 0.0549 0.0000 
134      134   (0)      8 :  0.0024 0.0604 0.2431 0.1675 0.0064 0.0000 0.0105 0.0014 0.4325 0.0000 0.0756 0.0003 
135      135   (0)      8 :  0.0232 0.0028 0.0000 0.0795 0.0018 0.0009 0.0465 0.0001 0.4874 0.0000 0.2484 0.1094 
136      136   (0)      8 :  0.0000 0.0060 0.9137 0.0434 0.0000 0.0000 0.0000 0.0000 0.0213 0.0000 0.0156 0.0000 
137      137   (0)      8 :  0.0000 0.0151 0.0000 0.3631 0.0000 0.0000 0.0122 0.0449 0.3243 0.0000 0.1391 0.1013 
138      138   (0)      8 :  0.0000 0.0199 0.0297 0.5994 0.0000 0.0000 0.0000 0.0000 0.2559 0.0000 0.0951 0.0000 
139      139   (0)      8 :  0.0000 0.0338 0.0314 0.6248 0.0000 0.0000 0.0000 0.0026 0.2236 0.0000 0.0839 0.0000 
140      140   (0)      8 :  0.0000 0.0226 0.0000 0.7148 0.0000 0.0000 0.0000 0.0000 0.2056 0.0000 0.0570 0.0000 
141      141   (0)      8 :  0.0000 0.0142 0.3320 0.3809 0.0000 0.0103 0.0000 0.0000 0.1922 0.0000 0.0704 0.0000 
142      142   (0)      8 :  0.0000 0.0000 0.4011 0.0092 0.0000 0.0027 0.0030 0.0000 0.4747 0.0000 0.1082 0.0012 
143      143   (0)      8 :  0.0000 0.0206 0.0870 0.6180 0.0000 0.0057 0.0000 0.0000 0.1917 0.0000 0.0706 0.0064 
144      144   (0)      8 :  0.0000 0.0285 0.0000 0.0496 0.0000 0.0000 0.0593 0.0016 0.3359 0.0000 0.2631 0.2621 
145      145   (0)      8 :  0.0131 0.0173 0.0728 0.4267 0.0000 0.0023 0.0123 0.0000 0.2639 0.0000 0.1478 0.0438 
146      146   (0)      3 :  0.0000 0.0009 0.5234 0.0886 0.0000 0.0000 0.0056 0.0000 0.3224 0.0000 0.0591 0.0000 
147      147   (0)      3 :  0.0000 0.3873 0.2411 0.1652 0.0000 0.0000 0.0000 0.1895 0.0086 0.0000 0.0081 0.0000 
148      148   (0)      3 :  0.0000 0.0046 0.8973 0.0723 0.0000 0.0000 0.0000 0.0000 0.0048 0.0000 0.0210 0.0000 
149      149   (0)      3 :  0.0000 0.0384 0.0600 0.5476 0.0000 0.0000 0.0000 0.0022 0.2974 0.0000 0.0544 0.0000 
150      150   (0)      3 :  0.0000 0.0011 0.4408 0.2644 0.0000 0.0118 0.0000 0.0019 0.2233 0.0000 0.0567 0.0000 
151      151   (0)      3 :  0.0000 0.0641 0.5888 0.0087 0.0000 0.0247 0.0020 0.0025 0.1943 0.0000 0.1066 0.0083 
152      152   (0)      3 :  0.0000 0.0210 0.0000 0.5511 0.0000 0.0002 0.0000 0.0000 0.3269 0.0000 0.1009 0.0000 
153      153   (0)      3 :  0.0000 0.0174 0.1546 0.3928 0.0000 0.0000 0.0000 0.0000 0.3471 0.0000 0.0882 0.0000 
154      154   (0)      3 :  0.0000 0.0078 0.2564 0.2339 0.0000 0.0000 0.0000 0.0000 0.4358 0.0000 0.0662 0.0000 
155      155   (0)      3 :  0.0000 0.0138 0.0761 0.3683 0.0000 0.0000 0.0017 0.0000 0.4579 0.0000 0.0823 0.0000 
156      156   (0)      3 :  0.0030 0.0318 0.0000 0.3126 0.0000 0.0000 0.0094 0.0286 0.5025 0.0000 0.1120 0.0000 
157      157   (0)      3 :  0.0000 0.0208 0.0004 0.4565 0.0000 0.0000 0.0014 0.1070 0.3460 0.0000 0.0679 0.0000 
158      158   (0)      3 :  0.0000 0.0193 0.0218 0.5716 0.0000 0.0012 0.0065 0.0031 0.2961 0.0000 0.0804 0.0000 
159      159   (0)      3 :  0.0000 0.0182 0.0178 0.5370 0.0000 0.0000 0.0078 0.0002 0.3344 0.0000 0.0655 0.0191 
160      160   (0)      3 :  0.0005 0.4331 0.0000 0.3183 0.0036 0.0000 0.0000 0.2337 0.0020 0.0000 0.0087 0.0000 
161      161   (0)      3 :  0.0000 0.0051 0.2253 0.2767 0.0000 0.0345 0.0000 0.0000 0.1797 0.0000 0.1481 0.1307 
162      162   (0)      3 :  0.0000 0.0077 0.6381 0.1208 0.0000 0.0000 0.0000 0.0000 0.1792 0.0000 0.0542 0.0000 
163      163   (0)      3 :  0.0000 0.0122 0.0000 0.6145 0.0000 0.0000 0.0000 0.0000 0.2751 0.0000 0.0981 0.0000 
164      164   (0)      3 :  0.0000 0.0081 0.2443 0.2948 0.0000 0.0036 0.0000 0.0000 0.3616 0.0000 0.0877 0.0000 
165      165   (0)      3 :  0.0000 0.0152 0.0000 0.5245 0.0000 0.0000 0.0000 0.0002 0.3732 0.0000 0.0870 0.0000 
166      166   (0)      3 :  0.0000 0.0000 0.7105 0.0000 0.0000 0.0000 0.0000 0.0111 0.1959 0.0000 0.0825 0.0000 
167      167   (0)      3 :  0.0000 0.0109 0.0543 0.3966 0.0000 0.0000 0.0000 0.0000 0.4521 0.0000 0.0861 0.0000 
168      168   (0)      3 :  0.0000 0.0189 0.2856 0.5125 0.0004 0.0000 0.0053 0.0000 0.1194 0.0000 0.0505 0.0075 
169      169   (0)      3 :  0.0000 0.0143 0.0079 0.4516 0.0000 0.0000 0.0100 0.0109 0.3954 0.0000 0.0988 0.0111 
170      170   (0)      3 :  0.0000 0.0128 0.0000 0.4564 0.0000 0.0000 0.0027 0.0000 0.4007 0.0000 0.1254 0.0020 
171      171   (0)      3 :  0.0000 0.0361 0.0000 0.7100 0.0000 0.0000 0.0006 0.0000 0.1898 0.0000 0.0635 0.0000 
172      172   (0)      3 :  0.0000 0.0112 0.0186 0.4628 0.0000 0.0000 0.0000 0.0000 0.3821 0.0000 0.1253 0.0000 
173      173   (0)      3 :  0.0000 0.0160 0.0000 0.5125 0.0000 0.0000 0.0020 0.0000 0.3267 0.0000 0.1049 0.0378 
174      174   (0)      3 :  0.0000 0.0041 0.3391 0.2368 0.0000 0.0000 0.0000 0.0004 0.3233 0.0000 0.0962 0.0000 
175      175   (0)      8 :  0.0000 0.0034 0.4694 0.0519 0.0000 0.0000 0.0000 0.0000 0.3927 0.0000 0.0827 0.0000 
176      176   (0)      8 :  0.0015 0.0000 0.0000 0.0000 0.0000 0.0000 0.0781 0.0098 0.4169 0.0080 0.2568 0.2289 
177      177   (0)      8 :  0.0000 0.0192 0.3124 0.4450 0.0000 0.0000 0.0010 0.0000 0.1795 0.0000 0.0429 0.0000 
178      178   (0)      8 :  0.0000 0.0095 0.0000 0.3633 0.0000 0.0000 0.0060 0.0000 0.2098 0.0000 0.1669 0.2445 
179      179   (0)      8 :  0.0000 0.0133 0.4101 0.3077 0.0000 0.0000 0.0052 0.0000 0.2051 0.0000 0.0577 0.0009 
180      180   (0)      8 :  0.0000 0.0096 0.3504 0.2539 0.0000 0.0000 0.0000 0.0400 0.2922 0.0000 0.0540 0.0000 
181      181   (0)      8 :  0.0186 0.0178 0.2679 0.3118 0.0000 0.0000 0.0000 0.0000 0.3173 0.0000 0.0667 0.0000 
182      182   (0)      1 :  0.0000 0.0177 0.0000 0.7459 0.0000 0.0011 0.0000 0.0000 0.0124 0.0000 0.1028 0.1201 
183      183   (0)      1 :  0.0000 0.0080 0.3670 0.2222 0.0000 0.0056 0.0000 0.0000 0.0000 0.0000 0.0850 0.3122 
184      184   (0)      1 :  0.0000 0.0060 0.0000 0.4662 0.0000 0.0089 0.0003 0.0000 0.0013 0.0000 0.1609 0.3564 
185      185   (0)      1 :  0.0005 0.0466 0.3865 0.1981 0.0000 0.0000 0.0000 0.0054 0.0000 0.0000 0.0484 0.3145 
186      186   (0)      1 :  0.0000 0.0003 0.0180 0.5391 0.0000 0.0000 0.0000 0.0000 0.0022 0.0000 0.1174 0.3230 
187      187   (0)      1 :  0.0000 0.0089 0.1930 0.2165 0.0000 0.0000 0.0008 0.0508 0.1625 0.0264 0.0733 0.2678 
188      188   (0)      1 :  0.0000 0.0100 0.0104 0.6514 0.0000 0.0000 0.0000 0.0000 0.0016 0.0000 0.1154 0.2112 
189      189   (0)      1 :  0.0000 0.0120 0.0890 0.6777 0.0000 0.0000 0.0000 0.0000 0.0000 0.0000 0.1207 0.1006 
190      190   (0)      2 :  0.0000 0.0000 0.7338 0.0012 0.0000 0.0000 0.0000 0.0000 0.0000 0.0000 0.0858 0.1791 
191      191   (0)      2 :  0.0000 0.0225 0.0000 0.6208 0.0000 0.0000 0.0000 0.0000 0.2473 0.0000 0.0576 0.0519 
192      192   (0)      2 :  0.0000 0.0241 0.0931 0.5720 0.0000 0.0000 0.0012 0.0000 0.1299 0.0000 0.0970 0.0827 
193      193   (0)      2 :  0.0387 0.0038 0.6357 0.0000 0.0000 0.0000 0.0000 0.0000 0.2866 0.0000 0.0351 0.0000 
194      194   (0)      2 :  0.0000 0.0292 0.1346 0.7248 0.0000 0.0019 0.0000 0.0000 0.0427 0.0000 0.0279 0.0389 
195      195   (0)      2 :  0.0000 0.0011 0.8635 0.0000 0.0000 0.0000 0.0000 0.0000 0.1129 0.0000 0.0225 0.0000 
196      196   (0)      2 :  0.0000 0.0100 0.2122 0.2138 0.0000 0.0030 0.0000 0.0000 0.0020 0.0000 0.1081 0.4508 
197      197   (0)      2 :  0.0000 0.0000 0.3353 0.0176 0.0000 0.0000 0.0000 0.0000 0.2096 0.0000 0.1683 0.2693 
198      198   (0)      1 :  0.0000 0.0000 0.5388 0.1983 0.0000 0.0233 0.0000 0.0000 0.0507 0.0000 0.0706 0.1183 
199      199   (0)      1 :  0.0000 0.0141 0.0000 0.4289 0.0000 0.0000 0.0000 0.0000 0.0075 0.0000 0.0641 0.4854 
200      200   (0)      1 :  0.0000 0.0000 0.4579 0.0005 0.0000 0.0115 0.0000 0.0000 0.0727 0.0000 0.0880 0.3694 
201      201   (0)      1 :  0.0000 0.0139 0.1792 0.0255 0.0000 0.0027 0.0013 0.0289 0.0000 0.0000 0.0234 0.7252 
202      202   (0)      1 :  0.0000 0.0084 0.3714 0.0000 0.0000 0.0000 0.0000 0.0000 0.0000 0.0000 0.0246 0.5956 
203      203   (0)      1 :  0.0000 0.0000 0.0000 0.0019 0.0000 0.0000 0.0000 0.0000 0.0000 0.0000 0.1038 0.8943 
204      204   (0)      2 :  0.0015 0.3642 0.3168 0.0186 0.0000 0.0000 0.0011 0.0626 0.0864 0.0000 0.0597 0.0891 
205      205   (0)      2 :  0.0000 0.0051 0.4908 0.0646 0.0000 0.0061 0.0000 0.0000 0.0039 0.0000 0.0583 0.3713 
206      206   (0)      2 :  0.0000 0.5723 0.1215 0.0362 0.0000 0.0000 0.0000 0.1774 0.0630 0.0000 0.0262 0.0035 
207      207   (0)      2 :  0.0000 0.0215 0.0000 0.6255 0.0000 0.0000 0.0087 0.0000 0.1100 0.0000 0.1208 0.1134 
208      208   (0)      2 :  0.0000 0.0000 0.9994 0.0000 0.0000 0.0005 0.0000 0.0000 0.0000 0.0000 0.0001 0.0000 
209      209   (0)      2 :  0.0000 0.0515 0.0000 0.7801 0.0000 0.0000 0.0000 0.0000 0.0510 0.0000 0.1175 0.0000 
210      210   (0)      2 :  0.0000 0.0006 0.7239 0.0000 0.0000 0.0124 0.0000 0.0000 0.1056 0.0000 0.1049 0.0527 
211      211   (0)      1 :  0.0000 0.0000 0.7019 0.0000 0.0000 0.0183 0.0004 0.0000 0.0000 0.0000 0.0952 0.1840 
212      212   (0)      1 :  0.0000 0.0000 0.0000 0.1470 0.0000 0.0000 0.0072 0.0021 0.1457 0.0000 0.1710 0.5271 
213      213   (0)      1 :  0.0183 0.0061 0.2369 0.1815 0.0000 0.0000 0.0000 0.0000 0.0909 0.0000 0.1502 0.3162 
214      214   (0)      1 :  0.0000 0.0182 0.0000 0.3874 0.0010 0.0000 0.0018 0.0013 0.0046 0.0000 0.1402 0.4456 
215      215   (0)      1 :  0.0000 0.0003 0.8029 0.0011 0.0000 0.0000 0.0000 0.0000 0.0000 0.0000 0.0429 0.1528 
216      216   (0)      1 :  0.0000 0.0041 0.0000 0.3713 0.0000 0.0010 0.0000 0.0000 0.0000 0.0000 0.0912 0.5323 
217      217   (0)      1 :  0.0000 0.0044 0.0225 0.3029 0.0000 0.0189 0.0000 0.0000 0.0000 0.0000 0.1031 0.5482 
218      218   (0)      1 :  0.0000 0.0063 0.4466 0.0000 0.0000 0.0000 0.0009 0.0001 0.0322 0.0000 0.0207 0.4932 
219      219   (0)      2 :  0.0000 0.0149 0.4234 0.3656 0.0000 0.0000 0.0000 0.0000 0.0000 0.0000 0.0464 0.1497 
220      220   (0)      2 :  0.0000 0.0000 0.5921 0.0000 0.0000 0.0002 0.0033 0.0000 0.1675 0.0000 0.0785 0.1585 
221      221   (0)      2 :  0.0000 0.0128 0.0000 0.5442 0.0037 0.0000 0.0097 0.0000 0.0342 0.0000 0.1214 0.2740 
222      222   (0)      2 :  0.0000 0.0071 0.1348 0.4278 0.0070 0.0000 0.0000 0.0000 0.1719 0.0000 0.0563 0.1951 
223      223   (0)      2 :  0.0000 0.0168 0.0000 0.4602 0.0000 0.0000 0.0029 0.0000 0.0033 0.0000 0.0556 0.4613 
224      224   (0)      2 :  0.0000 0.0280 0.8732 0.0899 0.0000 0.0000 0.0000 0.0000 0.0026 0.0000 0.0063 0.0000 
225      225   (0)      2 :  0.0000 0.0000 0.5903 0.0479 0.0000 0.0052 0.0000 0.0000 0.0640 0.0000 0.1234 0.1693 
226      226   (0)      2 :  0.0004 0.0140 0.0000 0.6594 0.0000 0.0009 0.0000 0.0000 0.0297 0.0123 0.1324 0.1510 
227      227   (0)      2 :  0.0000 0.0108 0.1309 0.6651 0.0000 0.0030 0.0000 0.0000 0.0000 0.0000 0.1296 0.0605 
228      228   (0)      2 :  0.0000 0.0122 0.1211 0.7361 0.0000 0.0000 0.0000 0.0000 0.0205 0.0046 0.0807 0.0247 
229      229   (0)      2 :  0.0000 0.0250 0.0414 0.9067 0.0000 0.0000 0.0000 0.0000 0.0000 0.0000 0.0268 0.0000 
230      230   (0)      2 :  0.0024 0.5042 0.2550 0.1272 0.0111 0.0000 0.0068 0.0933 0.0000 0.0000 0.0000 0.0000 
231      231   (0)      2 :  0.0000 0.0135 0.1471 0.4417 0.0000 0.0000 0.0078 0.0022 0.2505 0.0000 0.0853 0.0518 
232      232   (0)      2 :  0.0000 0.0188 0.3733 0.4116 0.0000 0.0000 0.0007 0.0000 0.0534 0.0000 0.0530 0.0891 
233      233   (0)      9 :  0.0000 0.0021 0.0000 0.0154 0.0000 0.9825 0.0000 0.0000 0.0000 0.0000 0.0000 0.0000 
234      234   (0)      9 :  0.8038 0.0257 0.0000 0.0000 0.0707 0.0000 0.0431 0.0567 0.0000 0.0000 0.0000 0.0000 
235      235   (0)      9 :  0.0000 0.0000 0.0000 0.0000 0.0000 1.0000 0.0000 0.0000 0.0000 0.0000 0.0000 0.0000 
236      236   (0)      9 :  0.6753 0.0144 0.0000 0.0000 0.1263 0.0000 0.0461 0.0600 0.0677 0.0000 0.0102 0.0000 
237      237   (0)      9 :  0.0000 0.0014 0.0000 0.0086 0.0000 0.9900 0.0000 0.0000 0.0000 0.0000 0.0000 0.0000 
238      238   (0)      9 :  0.0000 0.0253 0.0000 0.0000 0.0000 0.9418 0.0070 0.0000 0.0000 0.0000 0.0259 0.0000 
239      239   (0)      9 :  0.8360 0.0140 0.0103 0.0000 0.0363 0.0000 0.0000 0.0052 0.0000 0.0982 0.0000 0.0000 
240      240   (0)      9 :  0.8980 0.0097 0.0000 0.0000 0.0863 0.0000 0.0000 0.0060 0.0000 0.0000 0.0000 0.0000 
241      241   (0)     10 :  0.9649 0.0337 0.0000 0.0000 0.0000 0.0000 0.0000 0.0000 0.0000 0.0013 0.0000 0.0000 
242      242   (0)     10 :  0.9842 0.0003 0.0000 0.0000 0.0000 0.0000 0.0155 0.0000 0.0000 0.0000 0.0000 0.0000 
243      243   (0)     10 :  0.9073 0.0368 0.0000 0.0014 0.0000 0.0000 0.0000 0.0000 0.0272 0.0000 0.0274 0.0000 
244      244   (0)     11 :  0.0000 0.1933 0.0000 0.0000 0.0317 0.5277 0.0797 0.0164 0.0000 0.0013 0.1500 0.0000 
245      245   (0)     11 :  0.0000 0.1685 0.0000 0.0000 0.0421 0.5904 0.0571 0.0000 0.0005 0.0093 0.1321 0.0000 
246      246   (0)     11 :  0.0000 0.1741 0.0000 0.0008 0.0000 0.6246 0.0092 0.0000 0.0020 0.0000 0.1722 0.0172 
247      247   (0)     11 :  0.0000 0.1030 0.0000 0.0035 0.0004 0.7663 0.0469 0.0000 0.0000 0.0000 0.0799 0.0000 
248      248   (0)     11 :  0.0000 0.1901 0.0000 0.0000 0.0003 0.5652 0.0726 0.0000 0.0000 0.0000 0.1500 0.0217 
249      249   (0)     11 :  0.5439 0.0235 0.0000 0.0000 0.3590 0.0122 0.0236 0.0000 0.0000 0.0210 0.0058 0.0110 
250      250   (0)     11 :  0.3896 0.0204 0.0000 0.0000 0.3082 0.0298 0.0357 0.0209 0.0065 0.1810 0.0079 0.0000 
251      251   (0)     10 :  0.7921 0.0331 0.0000 0.0095 0.0000 0.0985 0.0075 0.0000 0.0020 0.0000 0.0068 0.0505 
252      252   (0)     10 :  0.9467 0.0212 0.0000 0.0000 0.0000 0.0000 0.0037 0.0275 0.0000 0.0000 0.0009 0.0000 
253      253   (0)     10 :  1.0000 0.0000 0.0000 0.0000 0.0000 0.0000 0.0000 0.0000 0.0000 0.0000 0.0000 0.0000 
254      254   (0)     10 :  0.9276 0.0060 0.0000 0.0000 0.0046 0.0000 0.0249 0.0000 0.0000 0.0000 0.0000 0.0369 
255      255   (0)     10 :  0.7465 0.0221 0.1391 0.0000 0.0923 0.0000 0.0001 0.0000 0.0000 0.0000 0.0000 0.0000 
256      256   (0)     10 :  0.7529 0.0417 0.0000 0.0000 0.0926 0.0135 0.0142 0.0395 0.0078 0.0000 0.0231 0.0146 
257      257   (0)     10 :  0.8494 0.0433 0.0000 0.0000 0.0800 0.0152 0.0000 0.0121 0.0000 0.0000 0.0000 0.0000 
258      258   (0)     10 :  0.9427 0.0134 0.0000 0.0000 0.0439 0.0000 0.0000 0.0000 0.0000 0.0000 0.0000 0.0000 
259      259   (0)     10 :  0.8744 0.0343 0.0000 0.0000 0.0000 0.0412 0.0000 0.0501 0.0000 0.0000 0.0000 0.0000 
260      260   (0)     10 :  0.7904 0.0239 0.0000 0.0000 0.0790 0.0000 0.0826 0.0000 0.0171 0.0011 0.0058 0.0000 
261      261   (0)     10 :  0.5300 0.0426 0.0000 0.0017 0.0341 0.3574 0.0310 0.0000 0.0000 0.0000 0.0032 0.0000 
262      262   (0)     10 :  0.6501 0.0692 0.0000 0.0000 0.0295 0.0118 0.0420 0.0223 0.0848 0.0719 0.0184 0.0000 
263      263   (0)     10 :  0.9398 0.0262 0.0000 0.0000 0.0000 0.0000 0.0038 0.0302 0.0000 0.0000 0.0000 0.0000 
264      264   (0)     10 :  0.9594 0.0395 0.0000 0.0000 0.0000 0.0000 0.0000 0.0000 0.0000 0.0011 0.0000 0.0000 
265      265   (0)     10 :  0.8729 0.0281 0.0000 0.0000 0.0990 0.0000 0.0000 0.0000 0.0000 0.0000 0.0000 0.0000 
266      266   (0)     10 :  0.9224 0.0000 0.0000 0.0000 0.0203 0.0000 0.0459 0.0115 0.0000 0.0000 0.0000 0.0000 
267      267   (0)     10 :  0.0391 0.0508 0.0581 0.0000 0.0000 0.7585 0.0557 0.0000 0.0000 0.0000 0.0378 0.0000 
268      268   (0)     10 :  0.8545 0.0259 0.0000 0.0000 0.0023 0.0000 0.0531 0.0000 0.0341 0.0140 0.0160 0.0000 
269      269   (0)     10 :  0.8918 0.0500 0.0000 0.0000 0.0000 0.0141 0.0105 0.0000 0.0225 0.0061 0.0050 0.0000 
270      270   (0)     10 :  0.9275 0.0223 0.0000 0.0000 0.0000 0.0000 0.0008 0.0000 0.0000 0.0000 0.0018 0.0476 
271      271   (0)     10 :  0.9461 0.0221 0.0000 0.0000 0.0005 0.0036 0.0158 0.0000 0.0007 0.0000 0.0113 0.0000 
272      272   (0)     10 :  1.0000 0.0000 0.0000 0.0000 0.0000 0.0000 0.0000 0.0000 0.0000 0.0000 0.0000 0.0000 
273      273   (0)     12 :  0.0000 0.0000 0.0000 0.0000 0.1053 0.0000 0.0000 0.0000 0.0000 0.8947 0.0000 0.0000 
274      274   (0)     12 :  0.0000 0.0000 0.0000 0.0000 0.0000 0.0000 0.0000 0.0000 0.0000 1.0000 0.0000 0.0000 
275      275   (0)     12 :  0.0000 0.0000 0.0000 0.0000 0.0000 0.0000 0.0000 0.0000 0.0000 1.0000 0.0000 0.0000 
276      276   (0)     12 :  0.0000 0.0000 0.0000 0.0000 0.0726 0.0000 0.0773 0.0000 0.0000 0.8502 0.0000 0.0000 
277      277   (0)     12 :  0.0010 0.0000 0.0000 0.0000 0.0000 0.0243 0.0000 0.0000 0.0007 0.9741 0.0000 0.0000 
278      278   (0)     12 :  0.0000 0.1559 0.0000 0.0000 0.0000 0.2848 0.1512 0.0000 0.0000 0.2977 0.1104 0.0000 
279      279   (0)     12 :  0.0000 0.1904 0.0000 0.0000 0.0000 0.3836 0.1585 0.0000 0.0000 0.1309 0.1365 0.0000 
280      280   (0)     12 :  0.0000 0.0000 0.0000 0.0000 0.0000 0.0000 0.0000 0.0000 0.0000 1.0000 0.0000 0.0000 
281      281   (0)     12 :  0.0000 0.0000 0.0000 0.0000 0.1099 0.0000 0.0000 0.0000 0.0000 0.8901 0.0000 0.0000 
282      282   (0)     12 :  0.0790 0.0229 0.0000 0.0000 0.0013 0.0190 0.0591 0.0000 0.0000 0.8043 0.0144 0.0000 
283      283   (0)     12 :  0.0000 0.0003 0.0000 0.0000 0.0000 0.0000 0.0076 0.0000 0.0000 0.9920 0.0000 0.0000 
284      284   (0)     12 :  0.0000 0.1950 0.0000 0.0000 0.0000 0.3828 0.1810 0.0000 0.0000 0.0978 0.1435 0.0000 
285      285   (0)     12 :  0.0000 0.1803 0.0000 0.0000 0.0000 0.4193 0.1135 0.0000 0.0000 0.1524 0.1345 0.0000 
286      286   (0)     12 :  0.0000 0.1585 0.0000 0.0000 0.0000 0.3522 0.0871 0.0000 0.0011 0.2811 0.1199 0.0000 
287      287   (0)     12 :  0.0000 0.0000 0.0000 0.0000 0.0000 0.0000 0.0000 0.0000 0.0000 1.0000 0.0000 0.0000 
288      288   (0)     12 :  0.0000 0.0000 0.0000 0.0000 0.0000 0.0000 0.0000 0.0000 0.0000 1.0000 0.0000 0.0000 
289      289   (0)     12 :  0.0000 0.0000 0.0000 0.0000 0.0000 0.0000 0.0000 0.0000 0.0000 1.0000 0.0000 0.0000 
290      290   (0)     12 :  0.0000 0.0000 0.0000 0.0000 0.0000 0.0000 0.0000 0.0000 0.0000 1.0000 0.0000 0.0000 
291      291   (0)     12 :  0.0000 0.0000 0.0000 0.0000 0.0000 0.0000 0.0000 0.0000 0.0000 1.0000 0.0000 0.0000 
292      292   (0)     12 :  0.0000 0.0000 0.0000 0.0000 0.0000 0.0000 0.0000 0.0000 0.0000 1.0000 0.0000 0.0000 
293      293   (0)     12 :  0.0000 0.0000 0.0000 0.0000 0.0000 0.0000 0.0000 0.0000 0.0000 1.0000 0.0000 0.0000 
294      294   (0)     12 :  0.0000 0.0000 0.0000 0.0000 0.0000 0.0000 0.0121 0.0000 0.0000 0.9879 0.0000 0.0000 
295      295   (0)     12 :  0.0000 0.2000 0.0000 0.0000 0.0000 0.4253 0.1830 0.0000 0.0000 0.0417 0.1500 0.0000 
296      296   (0)     12 :  0.0000 0.0000 0.0000 0.0000 0.0072 0.0000 0.0000 0.0000 0.0000 0.9928 0.0000 0.0000 
297      297   (0)     12 :  0.0000 0.0000 0.0000 0.0000 0.0906 0.0000 0.0344 0.0000 0.0000 0.8750 0.0000 0.0000 
298      298   (0)     12 :  0.0000 0.1771 0.0000 0.0000 0.0008 0.3583 0.1799 0.0000 0.0000 0.1585 0.1254 0.0000 
299      299   (0)     12 :  0.0000 0.0000 0.0000 0.0000 0.0000 0.0000 0.0000 0.0000 0.0000 1.0000 0.0000 0.0000 
300      300   (0)     12 :  0.0000 0.1883 0.0000 0.0000 0.0000 0.3878 0.1644 0.0000 0.0000 0.1004 0.1391 0.0200 
301      301   (0)     13 :  0.0095 0.0235 0.0000 0.0000 0.8626 0.0502 0.0000 0.0000 0.0000 0.0392 0.0151 0.0000 
302      302   (0)     13 :  0.0054 0.0000 0.0000 0.0000 0.9457 0.0000 0.0000 0.0009 0.0000 0.0481 0.0000 0.0000 
303      303   (0)     13 :  0.0176 0.0000 0.0000 0.0000 0.9663 0.0000 0.0007 0.0075 0.0019 0.0059 0.0000 0.0000 
304      304   (0)     13 :  0.1502 0.0011 0.0000 0.0000 0.5436 0.0625 0.1328 0.0000 0.0000 0.1098 0.0000 0.0000 
305      305   (0)     13 :  0.0066 0.0000 0.0000 0.0000 0.9841 0.0000 0.0000 0.0000 0.0000 0.0093 0.0000 0.0000 
306      306   (0)     13 :  0.0058 0.0022 0.0000 0.0000 0.9013 0.0000 0.0006 0.0000 0.0000 0.0726 0.0003 0.0172 
307      307   (0)     13 :  0.0888 0.0000 0.0000 0.0000 0.8708 0.0000 0.0000 0.0340 0.0000 0.0064 0.0000 0.0000 
308      308   (0)     13 :  0.0000 0.0611 0.0000 0.0000 0.2508 0.5868 0.0179 0.0000 0.0006 0.0000 0.0490 0.0337 
309      309   (0)     13 :  0.0054 0.0809 0.0000 0.0000 0.5433 0.2645 0.0000 0.0000 0.0000 0.0483 0.0576 0.0000 
310      310   (0)     13 :  0.0037 0.0000 0.0000 0.0000 0.8091 0.0000 0.0000 0.0005 0.0000 0.1867 0.0000 0.0000 
311      311   (0)     13 :  0.0077 0.0000 0.0000 0.0000 0.9916 0.0000 0.0000 0.0000 0.0000 0.0007 0.0000 0.0000 
312      312   (0)     13 :  0.0087 0.0000 0.0000 0.0000 0.9406 0.0000 0.0000 0.0423 0.0025 0.0027 0.0033 0.0000 
313      313   (0)     13 :  0.0047 0.0000 0.0000 0.0000 0.9848 0.0000 0.0000 0.0000 0.0000 0.0105 0.0000 0.0000 
314      314   (0)     13 :  0.0117 0.0000 0.0000 0.0000 0.9777 0.0000 0.0000 0.0000 0.0000 0.0106 0.0000 0.0000 
315      315   (0)     13 :  0.0104 0.0000 0.0000 0.0000 0.9493 0.0000 0.0000 0.0000 0.0000 0.0403 0.0000 0.0000 
316      316   (0)     13 :  0.1090 0.0172 0.0000 0.0000 0.8512 0.0072 0.0000 0.0016 0.0000 0.0042 0.0097 0.0000 
317      317   (0)     13 :  0.0099 0.0060 0.0000 0.0000 0.9662 0.0000 0.0000 0.0000 0.0000 0.0179 0.0000 0.0000 
318      318   (0)     13 :  0.0049 0.0000 0.0000 0.0000 0.9648 0.0000 0.0000 0.0196 0.0000 0.0107 0.0000 0.0000 
319      319   (0)     13 :  0.0131 0.0000 0.0000 0.0000 0.9860 0.0000 0.0000 0.0000 0.0000 0.0009 0.0000 0.0000 
320      320   (0)     13 :  0.0000 0.1206 0.0000 0.0000 0.2130 0.4889 0.0285 0.0000 0.0000 0.0614 0.0876 0.0000 
321      321   (0)     13 :  0.0131 0.0000 0.0000 0.0000 0.9561 0.0000 0.0000 0.0000 0.0000 0.0308 0.0000 0.0000 
322      322   (0)     13 :  0.0369 0.0121 0.0000 0.0000 0.8518 0.0000 0.0237 0.0000 0.0000 0.0691 0.0064 0.0000 
323      323   (0)     13 :  0.0018 0.0000 0.0000 0.0000 0.9129 0.0000 0.0630 0.0000 0.0000 0.0223 0.0000 0.0000 
324      324   (0)     13 :  0.0049 0.0000 0.0000 0.0000 0.8264 0.0000 0.1515 0.0000 0.0000 0.0172 0.0000 0.0000 
325      325   (0)     14 :  0.3236 0.0011 0.0000 0.0000 0.6700 0.0000 0.0000 0.0000 0.0000 0.0054 0.0000 0.0000 
326      326   (0)     14 :  0.9384 0.0000 0.0000 0.0000 0.0616 0.0000 0.0000 0.0000 0.0000 0.0000 0.0000 0.0000 
327      327   (0)     14 :  0.0000 0.0000 0.0000 0.0000 0.0000 1.0000 0.0000 0.0000 0.0000 0.0000 0.0000 0.0000 
328      328   (0)     14 :  0.5426 0.0009 0.0000 0.0000 0.2260 0.0000 0.0006 0.0000 0.0000 0.2299 0.0000 0.0000 
329      329   (0)     14 :  0.0000 0.1398 0.0000 0.0000 0.0000 0.7182 0.0235 0.0000 0.0000 0.0000 0.1185 0.0000 
330      330   (0)     14 :  0.0141 0.0103 0.0000 0.0130 0.0062 0.9564 0.0000 0.0000 0.0000 0.0000 0.0000 0.0000 
331      331   (0)     14 :  0.0000 0.0834 0.0000 0.0012 0.0166 0.7903 0.0221 0.0000 0.0004 0.0000 0.0860 0.0000 
332      332   (0)     14 :  0.3930 0.0287 0.0000 0.0000 0.2766 0.1385 0.0399 0.0000 0.0000 0.1233 0.0000 0.0000 
333      333   (0)     14 :  0.0000 0.0283 0.0000 0.0000 0.0000 0.9188 0.0294 0.0000 0.0000 0.0000 0.0234 0.0000 
334      334   (0)     14 :  0.7332 0.0101 0.0000 0.0000 0.2197 0.0000 0.0097 0.0000 0.0000 0.0202 0.0071 0.0000 
335      335   (0)     14 :  0.4930 0.0270 0.0000 0.0000 0.3301 0.0962 0.0251 0.0000 0.0000 0.0223 0.0000 0.0062 
336      336   (0)     11 :  0.0016 0.1023 0.0000 0.0000 0.0352 0.7648 0.0000 0.0000 0.0000 0.0000 0.0961 0.0000 
337      337   (0)     11 :  0.4682 0.0000 0.0000 0.0000 0.4060 0.0000 0.0000 0.0354 0.0000 0.0904 0.0000 0.0000 
338      338   (0)     11 :  0.0000 0.1625 0.0000 0.0000 0.0161 0.5904 0.0215 0.0000 0.0000 0.0173 0.1364 0.0558 
339      339   (0)     10 :  0.9977 0.0000 0.0000 0.0000 0.0000 0.0000 0.0000 0.0023 0.0000 0.0000 0.0000 0.0000 
340      340   (0)     10 :  0.0000 0.0269 0.0021 0.0000 0.0000 0.6878 0.0000 0.0361 0.1985 0.0000 0.0487 0.0000 
341      341   (0)     11 :  0.0115 0.1225 0.0000 0.0152 0.0095 0.6738 0.0000 0.0008 0.0000 0.0634 0.1033 0.0000 
342      342   (0)     11 :  0.0000 0.1807 0.0000 0.0000 0.0000 0.6693 0.0000 0.0000 0.0000 0.0000 0.1500 0.0000 
343      343   (0)     11 :  0.0000 0.0546 0.0000 0.0000 0.0000 0.8874 0.0000 0.0000 0.0000 0.0000 0.0580 0.0000 
344      344   (0)     11 :  0.0772 0.1483 0.0000 0.0139 0.0014 0.5784 0.0420 0.0000 0.0070 0.0000 0.1318 0.0000 
345      345   (0)     11 :  0.0005 0.1825 0.0000 0.0000 0.0440 0.6164 0.0051 0.0000 0.0000 0.0000 0.1513 0.0001 
346      346   (0)     11 :  0.0000 0.1422 0.0000 0.0000 0.0000 0.7104 0.0240 0.0000 0.0000 0.0000 0.1234 0.0000 
347      347   (0)     11 :  0.4779 0.0025 0.0000 0.0000 0.4856 0.0000 0.0030 0.0000 0.0000 0.0302 0.0007 0.0000 
348      348   (0)     11 :  0.0000 0.1358 0.0000 0.0000 0.0000 0.7397 0.0115 0.0000 0.0000 0.0000 0.1130 0.0000 
349      349   (0)     11 :  0.0240 0.1245 0.0000 0.0000 0.0000 0.7251 0.0282 0.0000 0.0000 0.0000 0.0982 0.0000 
350      350   (0)     11 :  0.0861 0.1641 0.0000 0.0000 0.0156 0.5166 0.1031 0.0000 0.0000 0.0000 0.1146 0.0000 
351      351   (0)     11 :  0.0000 0.1862 0.0000 0.0000 0.0000 0.6534 0.0000 0.0000 0.0000 0.0104 0.1500 0.0000 
352      352   (0)     11 :  0.6820 0.0159 0.0000 0.0000 0.1043 0.0109 0.0371 0.0000 0.0000 0.1464 0.0034 0.0000 
353      353   (0)     11 :  0.0000 0.1747 0.0000 0.0000 0.0000 0.6489 0.0264 0.0000 0.0000 0.0000 0.1500 0.0000 
354      354   (0)     11 :  0.7320 0.0038 0.0000 0.0000 0.2401 0.0000 0.0000 0.0000 0.0000 0.0241 0.0000 0.0000 
355      355   (0)     11 :  0.0000 0.1786 0.0000 0.0000 0.0000 0.6714 0.0000 0.0000 0.0000 0.0000 0.1500 0.0000 
356      356   (0)     14 :  0.0000 0.0308 0.0035 0.0000 0.0206 0.8341 0.0699 0.0000 0.0062 0.0000 0.0349 0.0000 
357      357   (0)     14 :  0.5928 0.0000 0.0000 0.0000 0.3150 0.0000 0.0004 0.0000 0.0000 0.0918 0.0000 0.0000 
358      358   (0)     14 :  0.0000 0.1023 0.0000 0.0000 0.0000 0.7732 0.0419 0.0000 0.0000 0.0000 0.0826 0.0000 
359      359   (0)     14 :  0.6248 0.0004 0.0000 0.0000 0.2744 0.0194 0.0676 0.0000 0.0000 0.0134 0.0000 0.0000 
360      360   (0)     14 :  0.0000 0.0000 0.0000 0.0000 0.0000 1.0000 0.0000 0.0000 0.0000 0.0000 0.0000 0.0000 
361      361   (0)     14 :  0.0091 0.0253 0.0000 0.0000 0.0431 0.8989 0.0000 0.0000 0.0000 0.0000 0.0236 0.0000 
362      362   (0)     14 :  0.0000 0.0558 0.0000 0.0000 0.0047 0.8970 0.0000 0.0000 0.0000 0.0000 0.0425 0.0000 
363      363   (0)     14 :  0.0000 0.0761 0.0000 0.0067 0.0000 0.8322 0.0067 0.0000 0.0000 0.0000 0.0783 0.0000 
364      364   (0)     14 :  0.0000 0.0720 0.0000 0.0000 0.0000 0.8641 0.0000 0.0000 0.0017 0.0000 0.0622 0.0000 
365      365   (0)     14 :  0.0009 0.0538 0.0000 0.0000 0.1403 0.7657 0.0001 0.0000 0.0000 0.0000 0.0392 0.0000 
366      366   (0)     14 :  0.6311 0.0122 0.0000 0.0000 0.2440 0.0339 0.0702 0.0000 0.0000 0.0032 0.0054 0.0000 
367      367   (0)      9 :  0.8913 0.0000 0.0000 0.0000 0.0720 0.0019 0.0339 0.0000 0.0000 0.0008 0.0000 0.0000 
368      368   (0)      9 :  0.1049 0.0000 0.0000 0.0000 0.0000 0.8504 0.0000 0.0000 0.0367 0.0000 0.0080 0.0000 
369      369   (0)      9 :  0.9067 0.0000 0.0000 0.0000 0.0836 0.0087 0.0000 0.0000 0.0000 0.0010 0.0000 0.0000 
370      370   (0)      9 :  0.8995 0.0290 0.0000 0.0000 0.0016 0.0174 0.0398 0.0000 0.0000 0.0000 0.0126 0.0000 
371      371   (0)      9 :  0.9660 0.0071 0.0000 0.0000 0.0270 0.0000 0.0000 0.0000 0.0000 0.0000 0.0000 0.0000 
372      372   (0)      9 :  0.0000 0.0000 0.0000 0.0000 0.0000 0.9858 0.0142 0.0000 0.0000 0.0000 0.0000 0.0000 
373      373   (0)     14 :  0.0000 0.0829 0.0000 0.0000 0.0000 0.8489 0.0000 0.0002 0.0000 0.0000 0.0680 0.0000 
374      374   (0)     14 :  0.8172 0.0000 0.0000 0.0000 0.1667 0.0125 0.0000 0.0000 0.0000 0.0000 0.0035 0.0000 
375      375   (0)     14 :  0.0149 0.0041 0.0000 0.0000 0.0000 0.9461 0.0075 0.0000 0.0000 0.0274 0.0000 0.0000 
376      376   (0)     14 :  0.0000 0.0000 0.0000 0.0003 0.0000 0.9997 0.0000 0.0000 0.0000 0.0000 0.0000 0.0000 
377      377   (0)     14 :  0.6508 0.0000 0.0000 0.0000 0.3353 0.0000 0.0000 0.0097 0.0000 0.0042 0.0000 0.0000 
378      378   (0)      9 :  0.9778 0.0006 0.0000 0.0000 0.0000 0.0000 0.0163 0.0000 0.0000 0.0052 0.0000 0.0000 
379      379   (0)      9 :  0.0000 0.0030 0.0000 0.0419 0.0000 0.9358 0.0193 0.0000 0.0000 0.0000 0.0000 0.0000 
380      380   (0)      9 :  0.0000 0.0000 0.0000 0.0349 0.0000 0.9479 0.0000 0.0000 0.0000 0.0000 0.0171 0.0000 
381      381   (0)      9 :  0.0000 0.0000 0.1010 0.0000 0.0000 0.8990 0.0000 0.0000 0.0000 0.0000 0.0000 0.0000 
382      382   (0)      9 :  0.9418 0.0120 0.0000 0.0000 0.0258 0.0204 0.0000 0.0000 0.0000 0.0000 0.0000 0.0000 
383      383   (0)      9 :  1.0000 0.0000 0.0000 0.0000 0.0000 0.0000 0.0000 0.0000 0.0000 0.0000 0.0000 0.0000 
384      384   (0)      9 :  0.9882 0.0118 0.0000 0.0000 0.0000 0.0000 0.0000 0.0000 0.0000 0.0000 0.0000 0.0000 
385      385   (0)      9 :  0.0000 0.0000 0.1331 0.0000 0.0000 0.8669 0.0000 0.0000 0.0000 0.0000 0.0000 0.0000 
386      386   (0)      9 :  0.9412 0.0175 0.0000 0.0000 0.0265 0.0000 0.0000 0.0000 0.0000 0.0147 0.0000 0.0000 
387      387   (0)      9 :  0.9526 0.0064 0.0000 0.0000 0.0000 0.0021 0.0042 0.0347 0.0000 0.0000 0.0000 0.0000 
388      388   (0)      9 :  0.0000 0.0000 0.0004 0.0000 0.0000 0.9996 0.0000 0.0000 0.0000 0.0000 0.0000 0.0000 
389      389   (0)      9 :  0.0000 0.0018 0.0000 0.0000 0.0000 0.9904 0.0008 0.0000 0.0000 0.0000 0.0069 0.0000 
390      390   (0)      9 :  0.7498 0.0405 0.0000 0.0000 0.0157 0.0000 0.0046 0.1578 0.0199 0.0000 0.0118 0.0000 
391      391   (0)      9 :  0.0000 0.0000 0.1656 0.0000 0.0000 0.8344 0.0000 0.0000 0.0000 0.0000 0.0000 0.0000 
392      392   (0)     15 :  0.2522 0.0000 0.0000 0.0000 0.3239 0.0000 0.4239 0.0000 0.0000 0.0000 0.0000 0.0000 
393      393   (0)     15 :  0.0000 0.0000 0.0000 0.0000 0.4392 0.0000 0.5608 0.0000 0.0000 0.0000 0.0000 0.0000 
394      394   (0)     15 :  0.0000 0.0000 0.0000 0.0000 0.1947 0.0047 0.8006 0.0000 0.0000 0.0000 0.0000 0.0000 
395      395   (0)     15 :  0.0000 0.0125 0.0929 0.0000 0.2257 0.0030 0.6587 0.0000 0.0000 0.0000 0.0072 0.0000 
396      396   (0)     15 :  0.0000 0.0000 0.0000 0.0000 0.3048 0.0000 0.6952 0.0000 0.0000 0.0000 0.0000 0.0000 
397      397   (0)     15 :  0.0000 0.0000 0.0000 0.0000 0.2437 0.0000 0.7563 0.0000 0.0000 0.0000 0.0000 0.0000 
398      398   (0)     15 :  0.0000 0.0000 0.0000 0.0000 0.2553 0.0000 0.7447 0.0000 0.0000 0.0000 0.0000 0.0000 
399      399   (0)     15 :  0.0000 0.1502 0.0000 0.0000 0.0098 0.2823 0.4550 0.0000 0.0000 0.0000 0.1027 0.0000 
400      400   (0)     15 :  0.0000 0.0000 0.0092 0.0000 0.2765 0.0000 0.7143 0.0000 0.0000 0.0000 0.0000 0.0000 
401      401   (0)     15 :  0.0000 0.0000 0.0000 0.0000 0.2654 0.0000 0.7338 0.0008 0.0000 0.0000 0.0000 0.0000 
402      402   (0)     15 :  0.0000 0.1599 0.0000 0.0000 0.0132 0.2237 0.4895 0.0000 0.0000 0.0000 0.1136 0.0000 
403      403   (0)     15 :  0.0000 0.1524 0.0000 0.0000 0.0000 0.5307 0.2032 0.0000 0.0000 0.0000 0.1137 0.0000 
404      404   (0)     15 :  0.0000 0.0004 0.0000 0.0000 0.2443 0.0019 0.7534 0.0000 0.0000 0.0000 0.0000 0.0000 
405      405   (0)     15 :  0.0008 0.0000 0.0000 0.0000 0.2616 0.0000 0.7376 0.0000 0.0000 0.0000 0.0000 0.0000 
406      406   (0)     15 :  0.0000 0.0000 0.0000 0.0000 0.4502 0.0000 0.5498 0.0000 0.0000 0.0000 0.0000 0.0000 
407      407   (0)     15 :  0.0260 0.0264 0.0000 0.0000 0.1397 0.0241 0.7675 0.0000 0.0000 0.0000 0.0163 0.0000 
408      408   (0)     15 :  0.0000 0.1824 0.0000 0.0000 0.0095 0.2517 0.4260 0.0000 0.0000 0.0000 0.1304 0.0000 
409      409   (0)     15 :  0.0000 0.0000 0.0000 0.0000 0.2067 0.0019 0.7914 0.0000 0.0000 0.0000 0.0000 0.0000 
410      410   (0)     15 :  0.0000 0.1621 0.0000 0.0000 0.0138 0.2192 0.4903 0.0000 0.0000 0.0000 0.1145 0.0000 
411      411   (0)     15 :  0.0000 0.0000 0.0000 0.0000 0.3616 0.0000 0.6384 0.0000 0.0000 0.0000 0.0000 0.0000 
412      412   (0)     15 :  0.0000 0.0281 0.0000 0.0000 0.1489 0.0068 0.7990 0.0000 0.0000 0.0000 0.0172 0.0000 
413      413   (0)     15 :  0.0000 0.0000 0.0000 0.0000 0.3660 0.0000 0.6340 0.0000 0.0000 0.0000 0.0000 0.0000 
414      414   (0)     15 :  0.0076 0.0045 0.0000 0.0000 0.2785 0.0000 0.5589 0.0210 0.0050 0.1181 0.0062 0.0000 
415      415   (0)     15 :  0.0388 0.0244 0.0000 0.0000 0.1291 0.0129 0.6764 0.0000 0.0000 0.0782 0.0151 0.0250 
416      416   (0)     15 :  0.0000 0.0000 0.0000 0.0000 0.2493 0.0000 0.7507 0.0000 0.0000 0.0000 0.0000 0.0000 
417      417   (0)     15 :  0.0000 0.1845 0.0000 0.0000 0.0087 0.2626 0.4109 0.0000 0.0000 0.0000 0.1333 0.0000 
418      418   (0)     15 :  0.0000 0.0000 0.0000 0.0000 0.3515 0.0000 0.6485 0.0000 0.0000 0.0000 0.0000 0.0000 
419      419   (0)     15 :  0.0000 0.1818 0.0000 0.0000 0.0095 0.2595 0.4163 0.0000 0.0000 0.0000 0.1302 0.0027 
420      420   (0)     15 :  0.0000 0.1929 0.0000 0.0000 0.0081 0.2659 0.3932 0.0000 0.0000 0.0000 0.1399 0.0000 
421      421   (0)     16 :  0.0000 0.0256 0.4645 0.3730 0.0000 0.0000 0.0000 0.0035 0.0000 0.0000 0.1334 0.0000 
422      422   (0)     16 :  0.0000 0.0000 0.6984 0.0733 0.0000 0.0021 0.0000 0.0000 0.0861 0.0000 0.1401 0.0000 
423      423   (0)     16 :  0.0000 0.0174 0.0000 0.4975 0.0000 0.0167 0.0228 0.0000 0.0578 0.0000 0.2373 0.1505 
424      424   (0)     16 :  0.0015 0.0007 0.3947 0.2219 0.0000 0.0789 0.0030 0.0000 0.0621 0.0000 0.2181 0.0191 
425      425   (0)     16 :  0.0000 0.0008 0.6074 0.0040 0.0000 0.0091 0.0112 0.0000 0.0736 0.0000 0.2104 0.0835 
426      426   (0)     16 :  0.0000 0.0058 0.0000 0.5043 0.0000 0.0000 0.0027 0.0000 0.0656 0.0000 0.2320 0.1895 
427      427   (0)     16 :  0.0022 0.0001 0.6022 0.1954 0.0069 0.0017 0.0000 0.0000 0.0051 0.0000 0.1865 0.0000 
428      428   (0)     16 :  0.0000 0.0012 0.0000 0.7147 0.0000 0.0000 0.0000 0.0000 0.0000 0.0000 0.2841 0.0000 
429      429   (0)     16 :  0.0103 0.0055 0.4174 0.0864 0.0000 0.0052 0.0000 0.0000 0.0690 0.0026 0.3411 0.0623 
430      430   (0)     16 :  0.0000 0.0161 0.0000 0.7692 0.0000 0.0000 0.0026 0.0156 0.0119 0.0000 0.1572 0.0274 
431      431   (0)     16 :  0.0000 0.0014 0.4570 0.0096 0.0000 0.0000 0.0111 0.0000 0.3573 0.0000 0.1636 0.0000 
432      432   (0)     16 :  0.0000 0.0117 0.0134 0.6983 0.0000 0.0266 0.0000 0.0000 0.0000 0.0000 0.2231 0.0271 
433      433   (0)     16 :  0.0000 0.0007 0.8061 0.0901 0.0000 0.0000 0.0000 0.0000 0.0000 0.0000 0.1031 0.0000 
434      434   (0)     16 :  0.0000 0.0130 0.2543 0.5855 0.0004 0.0063 0.0131 0.0000 0.0111 0.0000 0.1162 0.0000 
435      435   (0)     16 :  0.0000 0.0040 0.4561 0.4150 0.0000 0.0047 0.0000 0.0000 0.0000 0.0000 0.1201 0.0000 
436      436   (0)     16 :  0.0000 0.0000 0.8284 0.0192 0.0000 0.0000 0.0000 0.0400 0.0270 0.0000 0.0854 0.0000 
437      437   (0)     16 :  0.0000 0.0125 0.0000 0.7239 0.0000 0.0000 0.0000 0.0000 0.0641 0.0000 0.1996 0.0000 
438      438   (0)     16 :  0.0000 0.0166 0.0000 0.8437 0.0000 0.0000 0.0000 0.0000 0.0109 0.0000 0.1288 0.0000 
439      439   (0)     16 :  0.0000 0.0046 0.0000 0.6920 0.0000 0.0179 0.0099 0.0000 0.0476 0.0000 0.2222 0.0058 
440      440   (0)     16 :  0.0000 0.0041 0.0000 0.3284 0.0000 0.0125 0.0143 0.0000 0.0003 0.0000 0.4145 0.2259 
441      441   (0)     16 :  0.0000 0.0193 0.3285 0.4824 0.0041 0.0001 0.0052 0.0000 0.0000 0.0200 0.1404 0.0000 
442      442   (0)     16 :  0.0000 0.0095 0.0062 0.8008 0.0000 0.0000 0.0000 0.0000 0.0279 0.0000 0.1557 0.0000 
443      443   (0)     16 :  0.0000 0.0094 0.0137 0.4457 0.0000 0.0382 0.0000 0.0000 0.0015 0.0000 0.2879 0.2037 
444      444   (0)     16 :  0.0000 0.0098 0.0000 0.7288 0.0000 0.0107 0.0000 0.0000 0.0015 0.0000 0.2343 0.0148 
445      445   (0)     16 :  0.0054 0.7254 0.0811 0.0325 0.0002 0.0000 0.0000 0.1553 0.0000 0.0000 0.0000 0.0000 
446      446   (0)     16 :  0.0000 0.0006 0.4131 0.4242 0.0000 0.0120 0.0000 0.0000 0.0000 0.0000 0.1500 0.0000 
447      447   (0)     16 :  0.0000 0.0099 0.1640 0.4230 0.0000 0.0148 0.0002 0.0000 0.0000 0.0000 0.3315 0.0566 
448      448   (0)     16 :  0.0000 0.0031 0.0320 0.6841 0.0000 0.0000 0.0000 0.0000 0.0000 0.0000 0.2807 0.0002 
449      449   (0)     16 :  0.0000 0.0092 0.2817 0.5415 0.0000 0.0215 0.0004 0.0004 0.0018 0.0000 0.1436 0.0000 
450      450   (0)     16 :  0.0000 0.0145 0.0125 0.7430 0.0000 0.0000 0.0000 0.0000 0.0300 0.0000 0.1769 0.0232 
451      451   (0)     17 :  0.0070 0.0234 0.1039 0.4274 0.0000 0.0108 0.0177 0.0093 0.1642 0.0285 0.1545 0.0534 
452      452   (0)     17 :  0.0000 0.0173 0.0406 0.6991 0.0000 0.0155 0.0000 0.0000 0.0000 0.0000 0.1923 0.0351 
453      453   (0)     17 :  0.0000 0.0146 0.0000 0.8261 0.0000 0.0000 0.0000 0.0000 0.0000 0.0000 0.1593 0.0000 
454      454   (0)     17 :  0.0245 0.6555 0.0000 0.0373 0.0458 0.0013 0.0123 0.1150 0.0000 0.0000 0.0500 0.0583 
455      455   (0)     17 :  0.0000 0.0001 0.8418 0.0355 0.0000 0.0000 0.0000 0.0000 0.0000 0.0000 0.1205 0.0022 
456      456   (0)     17 :  0.0395 0.7169 0.0030 0.0368 0.0000 0.0000 0.0000 0.1602 0.0000 0.0000 0.0309 0.0127 
457      457   (0)     17 :  0.0000 0.0000 0.8382 0.0659 0.0000 0.0000 0.0000 0.0000 0.0000 0.0000 0.0960 0.0000 
458      458   (0)     17 :  0.0000 0.0101 0.0365 0.7538 0.0000 0.0036 0.0000 0.0000 0.0159 0.0000 0.1800 0.0000 
459      459   (0)     17 :  0.0000 0.0010 0.0000 0.8030 0.0000 0.0005 0.0000 0.0000 0.0000 0.0000 0.1955 0.0000 
460      460   (0)     17 :  0.0000 0.0000 0.4245 0.0000 0.0000 0.0023 0.0000 0.0000 0.0000 0.0000 0.2115 0.3616 
461      461   (0)     17 :  0.0000 0.0061 0.3063 0.3384 0.0000 0.0223 0.0000 0.0000 0.0049 0.0000 0.2663 0.0556 
462      462   (0)     17 :  0.0000 0.0139 0.0000 0.1623 0.0034 0.0069 0.0146 0.0912 0.3820 0.0759 0.2376 0.0121 
463      463   (0)     17 :  0.0650 0.4292 0.2200 0.0001 0.0114 0.0000 0.0145 0.1883 0.0000 0.0208 0.0445 0.0063 
464      464   (0)     17 :  0.0000 0.0133 0.0696 0.5345 0.0000 0.0475 0.0019 0.0045 0.0339 0.0023 0.2625 0.0300 
465      465   (0)     17 :  0.0000 0.0079 0.0041 0.5578 0.0000 0.0004 0.0046 0.1786 0.1398 0.0020 0.1050 0.0000 
466      466   (0)     17 :  0.0000 0.0127 0.0000 0.5072 0.0000 0.0218 0.0007 0.0361 0.0302 0.0000 0.1835 0.2076 
467      467   (0)     17 :  0.0000 0.0083 0.2016 0.3555 0.0000 0.0294 0.0048 0.0201 0.1319 0.0000 0.0673 0.1811 
468      468   (0)     17 :  0.0000 0.0084 0.0122 0.0890 0.0000 0.0160 0.0000 0.0000 0.0000 0.0000 0.1713 0.7031 
469      469   (0)     17 :  0.0000 0.0072 0.3082 0.2978 0.0000 0.0578 0.0059 0.0199 0.0766 0.0000 0.1474 0.0790 
470      470   (0)     17 :  0.0523 0.0281 0.0000 0.6268 0.0000 0.0439 0.0000 0.0000 0.0037 0.0000 0.2264 0.0189 
471      471   (0)     17 :  0.0000 0.0087 0.4197 0.2331 0.0005 0.0056 0.0349 0.0004 0.0000 0.0000 0.2088 0.0883 
472      472   (0)     17 :  0.0021 0.0017 0.0000 0.1212 0.0000 0.0000 0.0046 0.0000 0.2324 0.0000 0.1668 0.4711 
473      473   (0)     17 :  0.0000 0.0149 0.0000 0.2363 0.0009 0.0017 0.0244 0.0000 0.0872 0.0000 0.1832 0.4513 
474      474   (0)     17 :  0.0000 0.0044 0.7950 0.0114 0.0005 0.0000 0.0010 0.0056 0.0361 0.0000 0.1217 0.0242 
475      475   (0)     17 :  0.0000 0.0029 0.1246 0.3694 0.0000 0.0003 0.0011 0.0133 0.0798 0.0000 0.2487 0.1599 
476      476   (0)     17 :  0.0063 0.0054 0.6201 0.1233 0.0000 0.0030 0.0048 0.0382 0.0217 0.0070 0.1549 0.0154 
477      477   (0)     17 :  0.0000 0.0109 0.0000 0.7161 0.0000 0.0000 0.0025 0.0057 0.0131 0.0000 0.2319 0.0199 
478      478   (0)     17 :  0.0000 0.0022 0.8385 0.0031 0.0000 0.0002 0.0000 0.0000 0.0024 0.0000 0.1099 0.0437 
479      479   (0)     17 :  0.0000 0.0885 0.0018 0.7027 0.0000 0.0000 0.0016 0.0020 0.0057 0.0000 0.1343 0.0634 
480      480   (0)     17 :  0.0000 0.0405 0.0026 0.1433 0.0000 0.0126 0.0253 0.0042 0.1466 0.0000 0.1986 0.4262 
481      481   (0)     18 :  0.0000 0.0044 0.0000 0.0024 0.0000 0.0067 0.0098 0.1229 0.6415 0.0000 0.2096 0.0028 
482      482   (0)     18 :  0.0000 0.0000 0.0000 0.0000 0.0000 0.0000 0.0000 1.0000 0.0000 0.0000 0.0000 0.0000 
483      483   (0)     18 :  0.0000 0.0000 0.0000 0.0000 0.0000 0.0000 0.0000 0.9926 0.0043 0.0000 0.0031 0.0000 
484      484   (0)     18 :  0.0000 0.0000 0.0000 0.0000 0.0000 0.0000 0.0000 0.9999 0.0000 0.0000 0.0001 0.0000 
485      485   (0)     18 :  0.0000 0.1851 0.0000 0.0199 0.0000 0.0000 0.0000 0.7853 0.0000 0.0000 0.0097 0.0000 
486      486   (0)     18 :  0.0000 0.0000 0.0000 0.0000 0.0000 0.0000 0.0000 0.9510 0.0391 0.0000 0.0099 0.0000 
487      487   (0)     18 :  0.0000 0.0000 0.0000 0.0000 0.0000 0.0000 0.0000 1.0000 0.0000 0.0000 0.0000 0.0000 
488      488   (0)     18 :  0.0000 0.0032 0.0000 0.3434 0.0000 0.0017 0.0000 0.0601 0.1770 0.0000 0.3573 0.0574 
489      489   (0)     18 :  0.0000 0.0000 0.0000 0.0000 0.0050 0.0000 0.0108 0.0122 0.7810 0.0000 0.1870 0.0040 
490      490   (0)     18 :  0.0000 0.0000 0.0000 0.0000 0.0000 0.0000 0.0000 1.0000 0.0000 0.0000 0.0000 0.0000 
491      491   (0)     18 :  0.0000 0.0032 0.0000 0.0272 0.0000 0.0072 0.0000 0.8899 0.0000 0.0000 0.0595 0.0131 
492      492   (0)     18 :  0.0000 0.3889 0.0000 0.4265 0.0000 0.0067 0.0000 0.1274 0.0069 0.0000 0.0330 0.0107 
493      493   (0)     18 :  0.0000 0.0000 0.4709 0.0000 0.0000 0.0000 0.0023 0.0310 0.4046 0.0000 0.0912 0.0000 
494      494   (0)     18 :  0.0000 0.0000 0.0000 0.0000 0.0000 0.0000 0.0000 0.9129 0.0818 0.0000 0.0053 0.0000 
495      495   (0)     18 :  0.0000 0.0000 0.0000 0.0000 0.0000 0.0000 0.0000 1.0000 0.0000 0.0000 0.0000 0.0000 
496      496   (0)     18 :  0.0000 0.3353 0.0000 0.0468 0.0000 0.0000 0.0000 0.6132 0.0000 0.0000 0.0046 0.0000 
497      497   (0)     18 :  0.0000 0.0026 0.2210 0.0059 0.0000 0.0080 0.0058 0.0144 0.4428 0.0000 0.2762 0.0234 
498      498   (0)     18 :  0.0000 0.0925 0.0000 0.0879 0.0000 0.0000 0.0000 0.8003 0.0123 0.0000 0.0070 0.0000 
499      499   (0)     18 :  0.0000 0.2174 0.1229 0.1316 0.0000 0.0000 0.0000 0.4924 0.0258 0.0000 0.0099 0.0000 
500      500   (0)     18 :  0.0000 0.0133 0.0000 0.0026 0.0000 0.0016 0.0170 0.0696 0.5508 0.0000 0.2953 0.0497 
501      501   (0)     18 :  0.0000 0.0039 0.0000 0.2424 0.0000 0.0021 0.0023 0.0356 0.5158 0.0000 0.1979 0.0000 
502      502   (0)     18 :  0.0037 0.2958 0.0542 0.2517 0.0045 0.0000 0.0000 0.3888 0.0000 0.0000 0.0013 0.0000 
503      503   (0)     18 :  0.0000 0.0000 0.0000 0.0000 0.0000 0.0000 0.0000 0.9814 0.0181 0.0000 0.0005 0.0000 
504      504   (0)     18 :  0.0000 0.3574 0.0114 0.0947 0.0000 0.0000 0.0000 0.4695 0.0000 0.0000 0.0669 0.0000 
505      505   (0)     18 :  0.0017 0.4154 0.0000 0.0506 0.0000 0.0582 0.0000 0.4237 0.0000 0.0000 0.0504 0.0000 
506      506   (0)     18 :  0.0000 0.0109 0.3622 0.0017 0.0000 0.0100 0.0003 0.0129 0.3154 0.0000 0.2819 0.0046 
507      507   (0)     18 :  0.0000 0.1161 0.0048 0.1948 0.0000 0.0000 0.0000 0.6141 0.0545 0.0000 0.0157 0.0000 
508      508   (0)     18 :  0.0000 0.0008 0.2753 0.0352 0.0000 0.0015 0.0000 0.0236 0.4103 0.0000 0.2333 0.0201 
509      509   (0)     18 :  0.0000 0.5548 0.0000 0.0501 0.0000 0.0168 0.0000 0.3577 0.0000 0.0000 0.0186 0.0020 
510      510   (0)     19 :  0.0000 0.0093 0.1967 0.5780 0.0000 0.0005 0.0000 0.0038 0.0674 0.0000 0.1443 0.0000 
511      511   (0)     19 :  0.0000 0.0000 0.6330 0.1404 0.0000 0.0000 0.0000 0.0093 0.0912 0.0000 0.1260 0.0000 
512      512   (0)     19 :  0.0000 0.0046 0.4752 0.3748 0.0000 0.0000 0.0000 0.0000 0.0000 0.0000 0.1454 0.0000 
513      513   (0)     19 :  0.0000 0.0000 0.9662 0.0000 0.0000 0.0000 0.0000 0.0000 0.0000 0.0000 0.0338 0.0000 
514      514   (0)     19 :  0.0000 0.0000 0.0000 0.4115 0.0000 0.0456 0.0000 0.0000 0.0022 0.0000 0.2806 0.2601 
515      515   (0)     19 :  0.0000 0.0040 0.5159 0.3304 0.0000 0.0121 0.0000 0.0000 0.0159 0.0000 0.1217 0.0000 
516      516   (0)     19 :  0.0000 0.0026 0.7022 0.2556 0.0000 0.0000 0.0000 0.0000 0.0000 0.0000 0.0396 0.0000 
517      517   (0)     19 :  0.0000 0.0115 0.0000 0.7647 0.0000 0.0061 0.0000 0.0000 0.0292 0.0000 0.1885 0.0000 
518      518   (0)     19 :  0.0000 0.0015 0.4770 0.3254 0.0000 0.0000 0.0053 0.0000 0.0000 0.0000 0.1587 0.0322 
519      519   (0)     19 :  0.0000 0.0000 0.0000 0.0000 0.0000 0.0012 0.0500 0.0000 0.3641 0.0000 0.3011 0.2836 
520      520   (0)     19 :  0.0000 0.0158 0.0768 0.7443 0.0000 0.0000 0.0006 0.0000 0.0216 0.0000 0.1398 0.0010 
521      521   (0)     19 :  0.0000 0.0000 0.7926 0.0000 0.0000 0.0000 0.0000 0.0000 0.1707 0.0000 0.0367 0.0000 
522      522   (0)     19 :  0.0000 0.0000 0.8453 0.0497 0.0000 0.0000 0.0000 0.0000 0.0000 0.0000 0.1050 0.0000 
523      523   (0)     19 :  0.0000 0.0000 0.6817 0.0000 0.0000 0.0000 0.0000 0.0000 0.0225 0.0000 0.2377 0.0581 
524      524   (0)     19 :  0.0000 0.0068 0.2688 0.5547 0.0000 0.0000 0.0000 0.0000 0.0000 0.0000 0.1694 0.0003 
525      525   (0)     19 :  0.0061 0.0161 0.3540 0.4040 0.0005 0.0000 0.0086 0.0007 0.0000 0.0000 0.2100 0.0000 
526      526   (0)     19 :  0.0000 0.0151 0.0459 0.6652 0.0002 0.0001 0.0180 0.0000 0.0000 0.0000 0.2241 0.0314 
527      527   (0)     19 :  0.0000 0.0000 0.2640 0.1965 0.0000 0.0265 0.0000 0.0020 0.1901 0.0000 0.2408 0.0802 
528      528   (0)     19 :  0.0000 0.0048 0.0691 0.5696 0.0000 0.0000 0.0000 0.0032 0.1359 0.0000 0.2021 0.0154 
529      529   (0)     19 :  0.0000 0.0130 0.0000 0.6993 0.0000 0.0000 0.0000 0.0000 0.0000 0.0000 0.2375 0.0503 
530      530   (0)     19 :  0.0000 0.0000 0.5285 0.1631 0.0000 0.0121 0.0000 0.0000 0.0000 0.0000 0.2568 0.0395 
531      531   (0)     19 :  0.0000 0.0115 0.4514 0.1532 0.0000 0.0139 0.0184 0.0000 0.0002 0.0000 0.2315 0.1198 
532      532   (0)     19 :  0.0041 0.0077 0.5878 0.1655 0.0023 0.0028 0.0146 0.0000 0.0000 0.0214 0.1817 0.0121 
533      533   (0)     19 :  0.0119 0.4789 0.0043 0.3003 0.0156 0.0000 0.0047 0.1041 0.0000 0.0031 0.0662 0.0108 
534      534   (0)     19 :  0.0000 0.0084 0.0306 0.5871 0.0000 0.0027 0.0000 0.0000 0.1286 0.0000 0.2426 0.0000 
535      535   (0)     19 :  0.0000 0.0069 0.6432 0.2035 0.0000 0.0003 0.0000 0.0000 0.0144 0.0000 0.1317 0.0000 
536      536   (0)     19 :  0.0000 0.0000 0.7155 0.1007 0.0001 0.0000 0.0015 0.0093 0.0001 0.0254 0.1453 0.0022 
537      537   (0)     19 :  0.0000 0.0203 0.3010 0.3563 0.0000 0.0435 0.0071 0.0000 0.1541 0.0000 0.1175 0.0000 
538      538   (0)     19 :  0.0000 0.3689 0.0053 0.1491 0.0000 0.0000 0.0000 0.4457 0.0024 0.0000 0.0285 0.0000 
539      539   (0)     19 :  0.0000 0.0014 0.9303 0.0003 0.0000 0.0000 0.0012 0.0217 0.0000 0.0000 0.0447 0.0004 
